Case 2:
Picked up JAVA_TOOL_OPTIONS: -Xmx2g
Opening log file:  /tmp/java.log.22457

                            < M A T L A B (R) >
                  Copyright 1984-2022 The MathWorks, Inc.
                  R2022a (9.12.0.1884302) 64-bit (glnxa64)
                             February 16, 2022

 
To get started, type doc.
For product information, visit www.mathworks.com.
 

config = 

  struct with fields:

                 k_s: 0.0299
                 l_c: 10
            n_moulin: 68
    creep_const_soft: 0
             mesh_nr: 4
                 k_c: 0.1500
               h_bed: 0.5000
               l_bed: 10
               alpha: 1.5000
                beta: 1.5000
               omega: 0

Running model run (ode15s):
Run to steady
Saving model run to
./RUN/output_002_steady.nc
Fields, IC & BC initialised
Initial phi calculated in 1.5s
0.0/36500.0 days/days; walltime: 20.0
---------------------------------------------------------------------------------------------------------------------------------------------------------------------------------------------------------1825.0/36500.0 days/days; walltime: 3536.2
--------------------------------------------------------------------------------------------------------------------------3650.0/36500.0 days/days; walltime: 8.8
-------------------------------------------------5475.0/36500.0 days/days; walltime: 3.6
-----------------7300.0/36500.0 days/days; walltime: 1.4
----------------------------------------------------------------------------------------------------------------------------------------9125.0/36500.0 days/days; walltime: 9.3
------------------------------------------------------------------------------------------------------------------------------------------------------------------------------------------------------------------------------------------------------------------------------------------------------------------------------------------------------------------------------------------------------------------------------------------------------------------------------------------------------------------------------------------------------------------------------------------------------------------------------------------------------------------------------------------------------------------------------------------------------------------------------------------------------------------------------------------------------------------------------------------------------------------------------------------------------------------------------------------------------------------------------------------------------------------------------------------------------------------------------------------------------------------------------------------------------------------------------------------------------------------------------------------------------------------------------------------------------------------------------------------------------------------------------------------------------------------------------------------------------------------------------------------------------------------------------------------------------------------------------------------------------------------------------------------------------------------------------------------------------------------------------------------------------------------------------------------------------------------------------------------------------------------------------------------------------------------------------------------------------------------------------------------------------------------------------------------------------------------------------------------------------------------------------------------------------------------------------------------------------------------------------------------------------------------------------------------------------------------------------------------------------------------------------------------------------------------------------------------------------------------------------------------------------------------------------------------------------------------------------------------------------------------------------------------------------------------------------------------------------------------------------------------------------------------------------------------------------------------------------------------------------------------------------------------------------------------------------------------------------------------------------------------------------------------------------------------------------------------------------------------------------------------------------------------------------------------------------------------------------------------------10950.0/36500.0 days/days; walltime: 736.8
-----------------------------------------------------------------------------------------------------------------------------------------------------------------------------------------------------------------------------------------------------------------------------------------------------------------12775.0/36500.0 days/days; walltime: 929.2
----------------------------------------------------------------------------------------------------------------------------------------------------------------------------------------------------------------------------------------------------------------------------------------------------------------------------------------------------------------------------------------------------------------------------------------------------------------------------------------14600.0/36500.0 days/days; walltime: 1011.1
---------------------------------------------------------------------------------------------------------------------16425.0/36500.0 days/days; walltime: 464.2
-----------------------------------------------------------------------------------------------------18250.0/36500.0 days/days; walltime: 304.7
-----------------------------------------------------------------------------------------------------------------------20075.0/36500.0 days/days; walltime: 219.0
21900.0/36500.0 days/days; walltime: 61.5
23725.0/36500.0 days/days; walltime: 2.2
25550.0/36500.0 days/days; walltime: 0.7
27375.0/36500.0 days/days; walltime: 0.3
29200.0/36500.0 days/days; walltime: 0.1
32850.0/36500.0 days/days; walltime: 0.1
34675.0/36500.0 days/days; walltime: 0.2
Wallclock for model run: 7312.9s
 

fields = 

  struct with fields:

    nodes: [1x1 struct]
    edges: [1x1 struct]
       BC: [1x1 struct]

Running model run (ode15s):
Run seasonal
Saving model run to
./RUN/output_002_seasonal.nc
IC initialised from struct
IC initialised from file/given & rest from parameters and given functions
36500.0/37230.0 days/days; walltime: 14.9
36501.0/37230.0 days/days; walltime: 96.8
36502.0/37230.0 days/days; walltime: 10.5
36503.0/37230.0 days/days; walltime: 14.0
36504.0/37230.0 days/days; walltime: 9.1
36505.0/37230.0 days/days; walltime: 5.7
36506.0/37230.0 days/days; walltime: 4.2
36507.0/37230.0 days/days; walltime: 5.7
36508.0/37230.0 days/days; walltime: 15.6
36509.0/37230.0 days/days; walltime: 2.6
36510.0/37230.0 days/days; walltime: 7.1
36511.0/37230.0 days/days; walltime: 1.9
36512.0/37230.0 days/days; walltime: 4.5
36513.0/37230.0 days/days; walltime: 1.6
36514.0/37230.0 days/days; walltime: 1.1
36515.0/37230.0 days/days; walltime: 1.0
36516.0/37230.0 days/days; walltime: 1.0
36517.0/37230.0 days/days; walltime: 2.7
36518.0/37230.0 days/days; walltime: 0.8
36519.0/37230.0 days/days; walltime: 0.8
36520.0/37230.0 days/days; walltime: 5.9
36521.0/37230.0 days/days; walltime: 0.7
36522.0/37230.0 days/days; walltime: 2.2
36523.0/37230.0 days/days; walltime: 0.5
36524.0/37230.0 days/days; walltime: 0.8
36525.0/37230.0 days/days; walltime: 0.5
36526.0/37230.0 days/days; walltime: 1.8
36527.0/37230.0 days/days; walltime: 0.7
36528.0/37230.0 days/days; walltime: 0.4
36529.0/37230.0 days/days; walltime: 0.5
36530.0/37230.0 days/days; walltime: 2.0
36531.0/37230.0 days/days; walltime: 0.5
36532.0/37230.0 days/days; walltime: 0.4
36533.0/37230.0 days/days; walltime: 0.4
36534.0/37230.0 days/days; walltime: 0.4
36535.0/37230.0 days/days; walltime: 0.5
36536.0/37230.0 days/days; walltime: 2.0
36537.0/37230.0 days/days; walltime: 0.4
36538.0/37230.0 days/days; walltime: 0.3
36539.0/37230.0 days/days; walltime: 0.4
36540.0/37230.0 days/days; walltime: 0.4
36541.0/37230.0 days/days; walltime: 0.1
36542.0/37230.0 days/days; walltime: 1.7
36543.0/37230.0 days/days; walltime: 0.4
36544.0/37230.0 days/days; walltime: 0.4
36545.0/37230.0 days/days; walltime: 0.4
36546.0/37230.0 days/days; walltime: 1.8
36547.0/37230.0 days/days; walltime: 0.4
-36548.0/37230.0 days/days; walltime: 0.3
36549.0/37230.0 days/days; walltime: 0.1
36550.0/37230.0 days/days; walltime: 0.4
36551.0/37230.0 days/days; walltime: 0.3
36552.0/37230.0 days/days; walltime: 0.1
36553.0/37230.0 days/days; walltime: 1.7
36554.0/37230.0 days/days; walltime: 0.2
36555.0/37230.0 days/days; walltime: 0.1
36556.0/37230.0 days/days; walltime: 0.3
36557.0/37230.0 days/days; walltime: 0.2
36558.0/37230.0 days/days; walltime: 0.3
36559.0/37230.0 days/days; walltime: 0.2
36560.0/37230.0 days/days; walltime: 0.2
36561.0/37230.0 days/days; walltime: 0.3
36562.0/37230.0 days/days; walltime: 0.1
36563.0/37230.0 days/days; walltime: 0.2
36564.0/37230.0 days/days; walltime: 1.7
36565.0/37230.0 days/days; walltime: 0.2
36566.0/37230.0 days/days; walltime: 0.1
36567.0/37230.0 days/days; walltime: 0.2
36568.0/37230.0 days/days; walltime: 0.2
36569.0/37230.0 days/days; walltime: 0.3
36570.0/37230.0 days/days; walltime: 0.1
36571.0/37230.0 days/days; walltime: 0.2
36572.0/37230.0 days/days; walltime: 0.2
36573.0/37230.0 days/days; walltime: 0.3
36574.0/37230.0 days/days; walltime: 0.0
36575.0/37230.0 days/days; walltime: 0.1
36576.0/37230.0 days/days; walltime: 0.3
36577.0/37230.0 days/days; walltime: 0.2
36578.0/37230.0 days/days; walltime: 0.2
36579.0/37230.0 days/days; walltime: 0.2
36580.0/37230.0 days/days; walltime: 0.3
36581.0/37230.0 days/days; walltime: 0.1
--36582.0/37230.0 days/days; walltime: 0.2
---------------------------------36583.0/37230.0 days/days; walltime: 1.8
36584.0/37230.0 days/days; walltime: 0.0
---36585.0/37230.0 days/days; walltime: 0.2
36586.0/37230.0 days/days; walltime: 0.0
36587.0/37230.0 days/days; walltime: 0.1
36588.0/37230.0 days/days; walltime: 0.2
36589.0/37230.0 days/days; walltime: 0.1
36590.0/37230.0 days/days; walltime: 0.0
36591.0/37230.0 days/days; walltime: 0.2
36592.0/37230.0 days/days; walltime: 0.0
36593.0/37230.0 days/days; walltime: 0.0
36594.0/37230.0 days/days; walltime: 0.2
36595.0/37230.0 days/days; walltime: 0.0
36596.0/37230.0 days/days; walltime: 0.2
36597.0/37230.0 days/days; walltime: 0.0
36598.0/37230.0 days/days; walltime: 0.0
36599.0/37230.0 days/days; walltime: 0.2
36600.0/37230.0 days/days; walltime: 0.0
36601.0/37230.0 days/days; walltime: 0.0
36602.0/37230.0 days/days; walltime: 0.0
36603.0/37230.0 days/days; walltime: 0.3
36604.0/37230.0 days/days; walltime: 0.1
36605.0/37230.0 days/days; walltime: 0.1
36606.0/37230.0 days/days; walltime: 0.2
36607.0/37230.0 days/days; walltime: 0.1
36608.0/37230.0 days/days; walltime: 0.1
36609.0/37230.0 days/days; walltime: 0.3
36610.0/37230.0 days/days; walltime: 0.1
36611.0/37230.0 days/days; walltime: 0.1
36612.0/37230.0 days/days; walltime: 0.1
36613.0/37230.0 days/days; walltime: 0.2
36614.0/37230.0 days/days; walltime: 0.1
36615.0/37230.0 days/days; walltime: 0.1
36616.0/37230.0 days/days; walltime: 0.1
36617.0/37230.0 days/days; walltime: 0.2
36618.0/37230.0 days/days; walltime: 1.6
36619.0/37230.0 days/days; walltime: 0.0
36620.0/37230.0 days/days; walltime: 0.0
36621.0/37230.0 days/days; walltime: 0.2
36622.0/37230.0 days/days; walltime: 0.1
36623.0/37230.0 days/days; walltime: 0.0
36624.0/37230.0 days/days; walltime: 0.2
36625.0/37230.0 days/days; walltime: 0.0
36626.0/37230.0 days/days; walltime: 0.0
-36628.0/37230.0 days/days; walltime: 3.2
36629.0/37230.0 days/days; walltime: 5.1
36630.0/37230.0 days/days; walltime: 11.8
36631.0/37230.0 days/days; walltime: 9.6
36632.0/37230.0 days/days; walltime: 22.5
36633.0/37230.0 days/days; walltime: 14.9
36634.0/37230.0 days/days; walltime: 18.7
36635.0/37230.0 days/days; walltime: 16.9
36636.0/37230.0 days/days; walltime: 24.0
36637.0/37230.0 days/days; walltime: 26.7
36638.0/37230.0 days/days; walltime: 25.7
36639.0/37230.0 days/days; walltime: 32.4
36640.0/37230.0 days/days; walltime: 36.7
36641.0/37230.0 days/days; walltime: 38.7
36642.0/37230.0 days/days; walltime: 40.6
36643.0/37230.0 days/days; walltime: 45.0
36644.0/37230.0 days/days; walltime: 47.4
36645.0/37230.0 days/days; walltime: 34.5
36646.0/37230.0 days/days; walltime: 32.8
36647.0/37230.0 days/days; walltime: 37.1
36648.0/37230.0 days/days; walltime: 33.6
36649.0/37230.0 days/days; walltime: 35.2
36650.0/37230.0 days/days; walltime: 32.0
36651.0/37230.0 days/days; walltime: 44.2
36652.0/37230.0 days/days; walltime: 30.1
36653.0/37230.0 days/days; walltime: 26.0
36654.0/37230.0 days/days; walltime: 29.0
36655.0/37230.0 days/days; walltime: 34.6
36656.0/37230.0 days/days; walltime: 20.1
36657.0/37230.0 days/days; walltime: 25.2
36658.0/37230.0 days/days; walltime: 23.3
36659.0/37230.0 days/days; walltime: 24.4
36660.0/37230.0 days/days; walltime: 38.3
36661.0/37230.0 days/days; walltime: 21.0
36662.0/37230.0 days/days; walltime: 23.9
36663.0/37230.0 days/days; walltime: 23.3
36664.0/37230.0 days/days; walltime: 25.0
36665.0/37230.0 days/days; walltime: 23.5
36666.0/37230.0 days/days; walltime: 25.1
36667.0/37230.0 days/days; walltime: 37.4
36668.0/37230.0 days/days; walltime: 33.5
36669.0/37230.0 days/days; walltime: 34.9
36670.0/37230.0 days/days; walltime: 24.5
36671.0/37230.0 days/days; walltime: 12.8
--36672.0/37230.0 days/days; walltime: 16.0
36673.0/37230.0 days/days; walltime: 14.0
-36674.0/37230.0 days/days; walltime: 12.8
36675.0/37230.0 days/days; walltime: 12.7
---36676.0/37230.0 days/days; walltime: 13.0
36677.0/37230.0 days/days; walltime: 23.1
36678.0/37230.0 days/days; walltime: 5.3
36679.0/37230.0 days/days; walltime: 28.0
--36680.0/37230.0 days/days; walltime: 15.0
36681.0/37230.0 days/days; walltime: 36.7
36682.0/37230.0 days/days; walltime: 20.7
36683.0/37230.0 days/days; walltime: 13.5
----36684.0/37230.0 days/days; walltime: 18.4
36685.0/37230.0 days/days; walltime: 8.4
--36686.0/37230.0 days/days; walltime: 31.1
36687.0/37230.0 days/days; walltime: 45.0
36688.0/37230.0 days/days; walltime: 12.2
--36689.0/37230.0 days/days; walltime: 8.7
36690.0/37230.0 days/days; walltime: 10.7
--36691.0/37230.0 days/days; walltime: 54.4
36692.0/37230.0 days/days; walltime: 13.7
----36693.0/37230.0 days/days; walltime: 15.3
-36694.0/37230.0 days/days; walltime: 7.5
--36695.0/37230.0 days/days; walltime: 8.5
--36696.0/37230.0 days/days; walltime: 8.5
36697.0/37230.0 days/days; walltime: 10.1
36698.0/37230.0 days/days; walltime: 17.1
36699.0/37230.0 days/days; walltime: 18.3
36700.0/37230.0 days/days; walltime: 18.9
--36701.0/37230.0 days/days; walltime: 16.2
--36702.0/37230.0 days/days; walltime: 16.6
--36703.0/37230.0 days/days; walltime: 14.7
36704.0/37230.0 days/days; walltime: 3.1
36705.0/37230.0 days/days; walltime: 19.2
36706.0/37230.0 days/days; walltime: 10.3
36707.0/37230.0 days/days; walltime: 16.4
36708.0/37230.0 days/days; walltime: 22.1
36709.0/37230.0 days/days; walltime: 8.4
36710.0/37230.0 days/days; walltime: 6.1
36711.0/37230.0 days/days; walltime: 5.2
36712.0/37230.0 days/days; walltime: 7.0
36713.0/37230.0 days/days; walltime: 8.6
36714.0/37230.0 days/days; walltime: 11.0
36715.0/37230.0 days/days; walltime: 10.8
36716.0/37230.0 days/days; walltime: 7.3
36717.0/37230.0 days/days; walltime: 10.3
36718.0/37230.0 days/days; walltime: 11.1
36719.0/37230.0 days/days; walltime: 9.4
36720.0/37230.0 days/days; walltime: 12.3
36721.0/37230.0 days/days; walltime: 10.7
36722.0/37230.0 days/days; walltime: 24.1
36723.0/37230.0 days/days; walltime: 9.5
36724.0/37230.0 days/days; walltime: 13.5
36725.0/37230.0 days/days; walltime: 15.6
36726.0/37230.0 days/days; walltime: 9.8
36727.0/37230.0 days/days; walltime: 10.6
36728.0/37230.0 days/days; walltime: 13.1
36729.0/37230.0 days/days; walltime: 14.3
36730.0/37230.0 days/days; walltime: 9.9
36731.0/37230.0 days/days; walltime: 8.7
36732.0/37230.0 days/days; walltime: 11.0
36733.0/37230.0 days/days; walltime: 14.3
36734.0/37230.0 days/days; walltime: 22.7
36735.0/37230.0 days/days; walltime: 15.0
36736.0/37230.0 days/days; walltime: 9.7
36737.0/37230.0 days/days; walltime: 13.9
36738.0/37230.0 days/days; walltime: 6.4
36739.0/37230.0 days/days; walltime: 1.0
36740.0/37230.0 days/days; walltime: 0.7
36741.0/37230.0 days/days; walltime: 0.8
36742.0/37230.0 days/days; walltime: 0.7
36743.0/37230.0 days/days; walltime: 2.2
36744.0/37230.0 days/days; walltime: 0.6
36745.0/37230.0 days/days; walltime: 0.4
36746.0/37230.0 days/days; walltime: 0.6
36747.0/37230.0 days/days; walltime: 0.4
36748.0/37230.0 days/days; walltime: 0.4
36749.0/37230.0 days/days; walltime: 0.5
36750.0/37230.0 days/days; walltime: 0.4
36751.0/37230.0 days/days; walltime: 0.5
36752.0/37230.0 days/days; walltime: 0.5
36753.0/37230.0 days/days; walltime: 0.5
36754.0/37230.0 days/days; walltime: 2.0
36755.0/37230.0 days/days; walltime: 0.3
36756.0/37230.0 days/days; walltime: 0.3
36757.0/37230.0 days/days; walltime: 0.3
36758.0/37230.0 days/days; walltime: 0.1
36759.0/37230.0 days/days; walltime: 0.3
36760.0/37230.0 days/days; walltime: 0.3
36761.0/37230.0 days/days; walltime: 0.3
36762.0/37230.0 days/days; walltime: 0.1
36763.0/37230.0 days/days; walltime: 0.3
36764.0/37230.0 days/days; walltime: 0.1
36765.0/37230.0 days/days; walltime: 0.3
36766.0/37230.0 days/days; walltime: 0.3
36767.0/37230.0 days/days; walltime: 0.2
36768.0/37230.0 days/days; walltime: 0.3
36769.0/37230.0 days/days; walltime: 0.1
36770.0/37230.0 days/days; walltime: 1.8
36771.0/37230.0 days/days; walltime: 0.1
36772.0/37230.0 days/days; walltime: 0.3
36773.0/37230.0 days/days; walltime: 0.1
36774.0/37230.0 days/days; walltime: 0.3
36775.0/37230.0 days/days; walltime: 0.1
-36776.0/37230.0 days/days; walltime: 0.0
-36777.0/37230.0 days/days; walltime: 0.3
36778.0/37230.0 days/days; walltime: 0.0
-36779.0/37230.0 days/days; walltime: 0.3
--36780.0/37230.0 days/days; walltime: 0.1
-36781.0/37230.0 days/days; walltime: 0.0
---36782.0/37230.0 days/days; walltime: 0.3
-36783.0/37230.0 days/days; walltime: 0.0
-36784.0/37230.0 days/days; walltime: 0.0
---36785.0/37230.0 days/days; walltime: 0.3
-36786.0/37230.0 days/days; walltime: 0.0
-36787.0/37230.0 days/days; walltime: 0.0
----36788.0/37230.0 days/days; walltime: 0.3
--36789.0/37230.0 days/days; walltime: 0.1
--36790.0/37230.0 days/days; walltime: 0.1
----36791.0/37230.0 days/days; walltime: 0.3
--36792.0/37230.0 days/days; walltime: 0.1
-36793.0/37230.0 days/days; walltime: 0.1
36794.0/37230.0 days/days; walltime: 0.2
36795.0/37230.0 days/days; walltime: 0.1
36796.0/37230.0 days/days; walltime: 0.2
36797.0/37230.0 days/days; walltime: 0.2
36798.0/37230.0 days/days; walltime: 0.1
36799.0/37230.0 days/days; walltime: 0.1
36800.0/37230.0 days/days; walltime: 0.1
36801.0/37230.0 days/days; walltime: 0.2
36802.0/37230.0 days/days; walltime: 0.1
36803.0/37230.0 days/days; walltime: 0.1
36804.0/37230.0 days/days; walltime: 0.1
36805.0/37230.0 days/days; walltime: 0.2
36807.0/37230.0 days/days; walltime: 0.1
36808.0/37230.0 days/days; walltime: 0.1
36809.0/37230.0 days/days; walltime: 0.1
36810.0/37230.0 days/days; walltime: 0.2
36811.0/37230.0 days/days; walltime: 0.1
36812.0/37230.0 days/days; walltime: 0.1
-36814.0/37230.0 days/days; walltime: 0.1
-36815.0/37230.0 days/days; walltime: 0.2
36816.0/37230.0 days/days; walltime: 0.1
36818.0/37230.0 days/days; walltime: 0.1
-36819.0/37230.0 days/days; walltime: 0.3
36821.0/37230.0 days/days; walltime: 0.4
36822.0/37230.0 days/days; walltime: 0.1
36824.0/37230.0 days/days; walltime: 0.1
-36825.0/37230.0 days/days; walltime: 0.1
36827.0/37230.0 days/days; walltime: 0.2
36829.0/37230.0 days/days; walltime: 0.1
36830.0/37230.0 days/days; walltime: 1.7
36832.0/37230.0 days/days; walltime: 0.0
36834.0/37230.0 days/days; walltime: 0.2
36836.0/37230.0 days/days; walltime: 0.0
36838.0/37230.0 days/days; walltime: 0.0
36840.0/37230.0 days/days; walltime: 0.0
36842.0/37230.0 days/days; walltime: 0.2
-36844.0/37230.0 days/days; walltime: 0.0
36846.0/37230.0 days/days; walltime: 0.0
-36848.0/37230.0 days/days; walltime: 0.1
-36851.0/37230.0 days/days; walltime: 0.2
36853.0/37230.0 days/days; walltime: 0.0
36856.0/37230.0 days/days; walltime: 0.0
36858.0/37230.0 days/days; walltime: 0.0
36861.0/37230.0 days/days; walltime: 0.2
36863.0/37230.0 days/days; walltime: 0.0
36866.0/37230.0 days/days; walltime: 0.0
36869.0/37230.0 days/days; walltime: 0.0
-36872.0/37230.0 days/days; walltime: 0.2
36875.0/37230.0 days/days; walltime: 0.0
-36878.0/37230.0 days/days; walltime: 0.0
36882.0/37230.0 days/days; walltime: 0.0
36885.0/37230.0 days/days; walltime: 0.2
36889.0/37230.0 days/days; walltime: 0.1
36892.0/37230.0 days/days; walltime: 0.1
36896.0/37230.0 days/days; walltime: 0.0
-36900.0/37230.0 days/days; walltime: 0.2
36904.0/37230.0 days/days; walltime: 0.1
36908.0/37230.0 days/days; walltime: 0.1
-36912.0/37230.0 days/days; walltime: 0.0
36916.0/37230.0 days/days; walltime: 0.2
36920.0/37230.0 days/days; walltime: 0.1
36925.0/37230.0 days/days; walltime: 0.0
36929.0/37230.0 days/days; walltime: 0.0
36933.0/37230.0 days/days; walltime: 0.2
36938.0/37230.0 days/days; walltime: 0.0
36942.0/37230.0 days/days; walltime: 0.0
36947.0/37230.0 days/days; walltime: 0.0
36951.0/37230.0 days/days; walltime: 0.2
36956.0/37230.0 days/days; walltime: 0.0
-36961.0/37230.0 days/days; walltime: 0.0
36966.0/37230.0 days/days; walltime: 0.0
36970.0/37230.0 days/days; walltime: 0.2
36975.0/37230.0 days/days; walltime: 0.0
36981.0/37230.0 days/days; walltime: 0.0
36986.0/37230.0 days/days; walltime: 0.0
--36991.0/37230.0 days/days; walltime: 2.0
36992.0/37230.0 days/days; walltime: 0.4
36993.0/37230.0 days/days; walltime: 6.6
36994.0/37230.0 days/days; walltime: 5.4
36995.0/37230.0 days/days; walltime: 13.2
36996.0/37230.0 days/days; walltime: 9.2
36997.0/37230.0 days/days; walltime: 17.7
36998.0/37230.0 days/days; walltime: 16.3
36999.0/37230.0 days/days; walltime: 23.3
37000.0/37230.0 days/days; walltime: 14.4
37001.0/37230.0 days/days; walltime: 29.2
37002.0/37230.0 days/days; walltime: 32.5
37003.0/37230.0 days/days; walltime: 25.3
37004.0/37230.0 days/days; walltime: 31.6
37005.0/37230.0 days/days; walltime: 33.1
37006.0/37230.0 days/days; walltime: 36.3
37007.0/37230.0 days/days; walltime: 35.2
37008.0/37230.0 days/days; walltime: 32.1
37009.0/37230.0 days/days; walltime: 35.0
37010.0/37230.0 days/days; walltime: 37.0
37011.0/37230.0 days/days; walltime: 35.4
37012.0/37230.0 days/days; walltime: 27.3
37013.0/37230.0 days/days; walltime: 32.4
37014.0/37230.0 days/days; walltime: 30.4
37015.0/37230.0 days/days; walltime: 31.0
37016.0/37230.0 days/days; walltime: 39.5
37017.0/37230.0 days/days; walltime: 29.9
37018.0/37230.0 days/days; walltime: 25.8
37019.0/37230.0 days/days; walltime: 23.3
37020.0/37230.0 days/days; walltime: 31.4
37021.0/37230.0 days/days; walltime: 24.4
37022.0/37230.0 days/days; walltime: 25.2
37023.0/37230.0 days/days; walltime: 26.4
37024.0/37230.0 days/days; walltime: 25.1
37025.0/37230.0 days/days; walltime: 21.8
37026.0/37230.0 days/days; walltime: 23.4
37027.0/37230.0 days/days; walltime: 33.2
37028.0/37230.0 days/days; walltime: 25.7
37029.0/37230.0 days/days; walltime: 29.4
37030.0/37230.0 days/days; walltime: 25.1
37031.0/37230.0 days/days; walltime: 22.9
37032.0/37230.0 days/days; walltime: 19.4
37033.0/37230.0 days/days; walltime: 19.4
37034.0/37230.0 days/days; walltime: 45.4
37035.0/37230.0 days/days; walltime: 44.6
37036.0/37230.0 days/days; walltime: 12.4
37037.0/37230.0 days/days; walltime: 17.0
37038.0/37230.0 days/days; walltime: 11.4
37039.0/37230.0 days/days; walltime: 10.7
37040.0/37230.0 days/days; walltime: 15.3
-37041.0/37230.0 days/days; walltime: 22.0
37042.0/37230.0 days/days; walltime: 37.6
37043.0/37230.0 days/days; walltime: 6.9
--37044.0/37230.0 days/days; walltime: 30.3
--37045.0/37230.0 days/days; walltime: 10.4
37046.0/37230.0 days/days; walltime: 17.3
37047.0/37230.0 days/days; walltime: 27.0
--37048.0/37230.0 days/days; walltime: 71.2
----37049.0/37230.0 days/days; walltime: 21.4
37050.0/37230.0 days/days; walltime: 10.0
37051.0/37230.0 days/days; walltime: 23.7
37052.0/37230.0 days/days; walltime: 15.1
37053.0/37230.0 days/days; walltime: 5.8
--37054.0/37230.0 days/days; walltime: 8.6
37055.0/37230.0 days/days; walltime: 25.5
37056.0/37230.0 days/days; walltime: 30.9
37057.0/37230.0 days/days; walltime: 5.2
---37058.0/37230.0 days/days; walltime: 13.4
37059.0/37230.0 days/days; walltime: 5.3
37060.0/37230.0 days/days; walltime: 9.1
37061.0/37230.0 days/days; walltime: 6.7
37062.0/37230.0 days/days; walltime: 13.1
37063.0/37230.0 days/days; walltime: 30.2
37064.0/37230.0 days/days; walltime: 11.0
37065.0/37230.0 days/days; walltime: 11.4
37066.0/37230.0 days/days; walltime: 14.9
--37067.0/37230.0 days/days; walltime: 43.4
--37068.0/37230.0 days/days; walltime: 10.0
37069.0/37230.0 days/days; walltime: 4.7
37070.0/37230.0 days/days; walltime: 12.5
37071.0/37230.0 days/days; walltime: 9.1
37072.0/37230.0 days/days; walltime: 24.3
37073.0/37230.0 days/days; walltime: 19.0
37074.0/37230.0 days/days; walltime: 13.7
37075.0/37230.0 days/days; walltime: 6.2
37076.0/37230.0 days/days; walltime: 5.4
37077.0/37230.0 days/days; walltime: 6.9
37078.0/37230.0 days/days; walltime: 9.8
37079.0/37230.0 days/days; walltime: 5.9
37080.0/37230.0 days/days; walltime: 11.2
37081.0/37230.0 days/days; walltime: 8.6
37082.0/37230.0 days/days; walltime: 19.9
37083.0/37230.0 days/days; walltime: 10.8
37084.0/37230.0 days/days; walltime: 10.2
37085.0/37230.0 days/days; walltime: 23.5
37086.0/37230.0 days/days; walltime: 10.5
37087.0/37230.0 days/days; walltime: 18.1
37088.0/37230.0 days/days; walltime: 9.9
37089.0/37230.0 days/days; walltime: 13.4
37090.0/37230.0 days/days; walltime: 23.0
37091.0/37230.0 days/days; walltime: 15.6
37092.0/37230.0 days/days; walltime: 11.4
37093.0/37230.0 days/days; walltime: 12.9
37094.0/37230.0 days/days; walltime: 13.2
37095.0/37230.0 days/days; walltime: 9.6
37096.0/37230.0 days/days; walltime: 8.3
37097.0/37230.0 days/days; walltime: 12.8
37098.0/37230.0 days/days; walltime: 13.3
37099.0/37230.0 days/days; walltime: 16.5
37100.0/37230.0 days/days; walltime: 18.3
37101.0/37230.0 days/days; walltime: 10.5
37102.0/37230.0 days/days; walltime: 14.7
37103.0/37230.0 days/days; walltime: 7.4
37104.0/37230.0 days/days; walltime: 1.1
37105.0/37230.0 days/days; walltime: 0.7
37106.0/37230.0 days/days; walltime: 0.8
37107.0/37230.0 days/days; walltime: 0.6
37108.0/37230.0 days/days; walltime: 2.3
37109.0/37230.0 days/days; walltime: 0.6
37110.0/37230.0 days/days; walltime: 0.4
37111.0/37230.0 days/days; walltime: 0.6
37112.0/37230.0 days/days; walltime: 0.4
37113.0/37230.0 days/days; walltime: 0.4
37114.0/37230.0 days/days; walltime: 0.5
37115.0/37230.0 days/days; walltime: 0.5
37116.0/37230.0 days/days; walltime: 0.4
37117.0/37230.0 days/days; walltime: 0.5
37118.0/37230.0 days/days; walltime: 0.6
37119.0/37230.0 days/days; walltime: 1.9
37120.0/37230.0 days/days; walltime: 0.3
37121.0/37230.0 days/days; walltime: 0.3
37122.0/37230.0 days/days; walltime: 0.3
37123.0/37230.0 days/days; walltime: 0.1
37124.0/37230.0 days/days; walltime: 0.3
37125.0/37230.0 days/days; walltime: 0.3
37126.0/37230.0 days/days; walltime: 0.3
37127.0/37230.0 days/days; walltime: 0.1
37128.0/37230.0 days/days; walltime: 0.3
37129.0/37230.0 days/days; walltime: 0.3
37130.0/37230.0 days/days; walltime: 0.1
37131.0/37230.0 days/days; walltime: 0.3
37132.0/37230.0 days/days; walltime: 0.2
37133.0/37230.0 days/days; walltime: 0.4
37134.0/37230.0 days/days; walltime: 0.2
37135.0/37230.0 days/days; walltime: 0.3
37136.0/37230.0 days/days; walltime: 0.2
37137.0/37230.0 days/days; walltime: 0.2
37138.0/37230.0 days/days; walltime: 0.2
37139.0/37230.0 days/days; walltime: 1.8
37140.0/37230.0 days/days; walltime: 0.1
37141.0/37230.0 days/days; walltime: 0.0
-37142.0/37230.0 days/days; walltime: 0.3
37143.0/37230.0 days/days; walltime: 0.1
-37144.0/37230.0 days/days; walltime: 0.2
-37145.0/37230.0 days/days; walltime: 0.1
-37146.0/37230.0 days/days; walltime: 0.0
---37147.0/37230.0 days/days; walltime: 0.3
-37148.0/37230.0 days/days; walltime: 0.0
---37149.0/37230.0 days/days; walltime: 0.3
-37150.0/37230.0 days/days; walltime: 0.0
-37151.0/37230.0 days/days; walltime: 0.0
---37152.0/37230.0 days/days; walltime: 0.3
--37153.0/37230.0 days/days; walltime: 0.1
--37154.0/37230.0 days/days; walltime: 0.1
-37155.0/37230.0 days/days; walltime: 0.3
37156.0/37230.0 days/days; walltime: 0.1
37157.0/37230.0 days/days; walltime: 0.1
37158.0/37230.0 days/days; walltime: 0.1
37159.0/37230.0 days/days; walltime: 0.3
37160.0/37230.0 days/days; walltime: 0.2
37161.0/37230.0 days/days; walltime: 0.1
37162.0/37230.0 days/days; walltime: 0.2
37163.0/37230.0 days/days; walltime: 0.1
37164.0/37230.0 days/days; walltime: 0.1
37165.0/37230.0 days/days; walltime: 0.1
37166.0/37230.0 days/days; walltime: 0.2
37167.0/37230.0 days/days; walltime: 0.1
37168.0/37230.0 days/days; walltime: 0.1
37169.0/37230.0 days/days; walltime: 0.1
37170.0/37230.0 days/days; walltime: 0.2
37171.0/37230.0 days/days; walltime: 0.1
37172.0/37230.0 days/days; walltime: 0.1
37174.0/37230.0 days/days; walltime: 0.1
37175.0/37230.0 days/days; walltime: 0.2
37176.0/37230.0 days/days; walltime: 0.1
37177.0/37230.0 days/days; walltime: 0.1
-37179.0/37230.0 days/days; walltime: 0.1
37180.0/37230.0 days/days; walltime: 0.2
37181.0/37230.0 days/days; walltime: 0.1
37183.0/37230.0 days/days; walltime: 0.1
37184.0/37230.0 days/days; walltime: 0.1
-37185.0/37230.0 days/days; walltime: 0.2
-37187.0/37230.0 days/days; walltime: 0.1
37188.0/37230.0 days/days; walltime: 0.1
37190.0/37230.0 days/days; walltime: 0.1
37192.0/37230.0 days/days; walltime: 0.2
37193.0/37230.0 days/days; walltime: 0.1
37195.0/37230.0 days/days; walltime: 0.1
37197.0/37230.0 days/days; walltime: 0.1
37198.0/37230.0 days/days; walltime: 0.2
37200.0/37230.0 days/days; walltime: 0.1
37202.0/37230.0 days/days; walltime: 0.1
37204.0/37230.0 days/days; walltime: 0.1
37206.0/37230.0 days/days; walltime: 0.2
-37208.0/37230.0 days/days; walltime: 0.1
37211.0/37230.0 days/days; walltime: 0.1
37213.0/37230.0 days/days; walltime: 0.1
-37215.0/37230.0 days/days; walltime: 0.2
37218.0/37230.0 days/days; walltime: 0.1
-37220.0/37230.0 days/days; walltime: 0.1
37223.0/37230.0 days/days; walltime: 0.1
37225.0/37230.0 days/days; walltime: 0.2
37228.0/37230.0 days/days; walltime: 0.2
Wallclock for model run: 4688.5s
 

fields = 

  struct with fields:

    nodes: [1x1 struct]
    edges: [1x1 struct]
       BC: [1x1 struct]

No cases left; exiting.
