Case 1:
Picked up JAVA_TOOL_OPTIONS: -Xmx2g
Opening log file:  /tmp/java.log.22209

                            < M A T L A B (R) >
                  Copyright 1984-2022 The MathWorks, Inc.
                  R2022a (9.12.0.1884302) 64-bit (glnxa64)
                             February 16, 2022

 
To get started, type doc.
For product information, visit www.mathworks.com.
 

config = 

  struct with fields:

                 k_s: 0.0138
                 l_c: 10
            n_moulin: 68
    creep_const_soft: 0
             mesh_nr: 4
                 k_c: 0.1500
               h_bed: 0.5000
               l_bed: 10
               alpha: 1.2500
                beta: 1.5000
               omega: 0

Running model run (ode15s):
Run to steady
Saving model run to
./RUN/output_001_steady.nc
Fields, IC & BC initialised
Initial phi calculated in 1.3s
0.0/36500.0 days/days; walltime: 19.1
----------------------------------------------------------------------------------------------------------------------------------------------------------------------------------------------------------------1825.0/36500.0 days/days; walltime: 3435.7
------------------------------------------------------------------------------------------------------------------------------------------------------------------------------------------------------------------------------------------------------------------------------------------------------------------------------------------------------------------------------------------------------------------------------------------------------------------------------------------------------------------------------------------------------------------------------------------------------------------------------------------------------------------------------------------------------------------------------------------------------------------------------------------------------------------------------------------------------------------------------------------------------------------------------------------------------------------------------------------3650.0/36500.0 days/days; walltime: 89.4
------------5475.0/36500.0 days/days; walltime: 0.9
-------------7300.0/36500.0 days/days; walltime: 0.8
------------------------------------------------------------------------------------------------------------------------------------------------------------------------------------------9125.0/36500.0 days/days; walltime: 12.3
----------------------------------------------------------------------------------------------------------------------------------------------------------------------------------------------------------------------------------------------------------------------------------------------------------------------------------------------------------------------------------------------------------------------------------------------------------------------------------------------------------------------------------------------------------------------------------------------------------------------------------------------------------------------------------------------------------------------------------------------------------------------------------------------------------------------------------------------------------------------------------------------------------------------------------------------------------------------------------------------------------------------------------------------------------------------------------------------------------------------------------------------------------------------------------------------------------------------------------------------------------------------------------------------------------------------------------------------------------------------------------------------------------------------------------------------------------------------------------------------------------------------------------------------------------------------------------------------------------------------------------------------------------------------------------------------------------------------------------------------------------------------------------------------------------------------------------------------------------------------------------------------------------------------------------------------------------------------------------------------------------------------------------------------------------------------------------------------------------------------------------------------------------------------------------------------------------------------------------------------------------------------------------------------------------------------------------------------------------------------------------------------------------------------------------------------------------------------------------------------------------------------------------------------------------------------------------------------------------------------------------------------------------------------------------------------------------------------------------------------------------------------------------------------------------------------------------------------------------------------------------------------------------------------------------------------------------------------------------------------------------------------------------------------------------------------------------------------------------------------------------------------------------------------------------------------------------------------------------------------------------------------------------------------------------------------------------------------------------------------------------------------------------------------------------------------------------------------------------------------------------------------------------------------------------------------------------------------------------------------------------------------------------------------------------10950.0/36500.0 days/days; walltime: 1132.3
-----------------------------------------------------------------------------------------------------------------------------------------------------------------------------------------------------------------------------------------------------------------------------------------------------------------------------------------------------------------------------------------------------------------------------------------------------------------------------------------------------------------------------------------------------------------------------------------------------------------------------------------------------------------------------------------------------------------------------------------------------12775.0/36500.0 days/days; walltime: 845.1
------------------------------------------------------------------------------------------------------------------------------------------------------------------------------------------------14600.0/36500.0 days/days; walltime: 427.2
-------------------------------------------------------------------------------------------------------------------------------------------------------------------------------------------------------------------------------------------------------------------------------------------------------------------------------------------------------------------------------------------------------------------------------------------------------------------------------------------------------16425.0/36500.0 days/days; walltime: 361.1
-------------------------------------------------------------------------------------------------------------------18250.0/36500.0 days/days; walltime: 233.3
-------------------------------------------------------------------------20075.0/36500.0 days/days; walltime: 92.5
21900.0/36500.0 days/days; walltime: 13.2
23725.0/36500.0 days/days; walltime: 5.4
25550.0/36500.0 days/days; walltime: 69.0
27375.0/36500.0 days/days; walltime: 2.1
29200.0/36500.0 days/days; walltime: 0.6
31025.0/36500.0 days/days; walltime: 0.1
34675.0/36500.0 days/days; walltime: 0.1
36500.0/36500.0 days/days; walltime: 0.2
Wallclock for model run: 6744.4s
 

fields = 

  struct with fields:

    nodes: [1x1 struct]
    edges: [1x1 struct]
       BC: [1x1 struct]

Running model run (ode15s):
Run seasonal
Saving model run to
./RUN/output_001_seasonal.nc
IC initialised from struct
IC initialised from file/given & rest from parameters and given functions
36500.0/37230.0 days/days; walltime: 15.2
36501.0/37230.0 days/days; walltime: 121.1
36502.0/37230.0 days/days; walltime: 17.6
36503.0/37230.0 days/days; walltime: 18.2
36504.0/37230.0 days/days; walltime: 9.0
36505.0/37230.0 days/days; walltime: 8.5
36506.0/37230.0 days/days; walltime: 4.6
36507.0/37230.0 days/days; walltime: 12.6
36508.0/37230.0 days/days; walltime: 3.4
36509.0/37230.0 days/days; walltime: 20.3
36510.0/37230.0 days/days; walltime: 2.2
36511.0/37230.0 days/days; walltime: 3.0
36512.0/37230.0 days/days; walltime: 1.5
36513.0/37230.0 days/days; walltime: 1.2
36514.0/37230.0 days/days; walltime: 4.0
36515.0/37230.0 days/days; walltime: 4.2
36516.0/37230.0 days/days; walltime: 4.0
36517.0/37230.0 days/days; walltime: 0.9
36518.0/37230.0 days/days; walltime: 0.8
36519.0/37230.0 days/days; walltime: 2.4
36520.0/37230.0 days/days; walltime: 2.2
36521.0/37230.0 days/days; walltime: 0.6
36522.0/37230.0 days/days; walltime: 2.0
36523.0/37230.0 days/days; walltime: 2.0
36524.0/37230.0 days/days; walltime: 0.5
36525.0/37230.0 days/days; walltime: 0.5
36526.0/37230.0 days/days; walltime: 2.0
36527.0/37230.0 days/days; walltime: 0.4
36528.0/37230.0 days/days; walltime: 0.4
36529.0/37230.0 days/days; walltime: 1.9
-36530.0/37230.0 days/days; walltime: 0.3
36531.0/37230.0 days/days; walltime: 1.7
36532.0/37230.0 days/days; walltime: 0.3
36533.0/37230.0 days/days; walltime: 0.4
36534.0/37230.0 days/days; walltime: 0.3
36535.0/37230.0 days/days; walltime: 0.3
36536.0/37230.0 days/days; walltime: 1.8
36537.0/37230.0 days/days; walltime: 0.2
36538.0/37230.0 days/days; walltime: 0.4
36539.0/37230.0 days/days; walltime: 0.2
36540.0/37230.0 days/days; walltime: 0.3
36541.0/37230.0 days/days; walltime: 0.4
36542.0/37230.0 days/days; walltime: 0.2
36543.0/37230.0 days/days; walltime: 1.8
36544.0/37230.0 days/days; walltime: 0.2
36545.0/37230.0 days/days; walltime: 0.3
36546.0/37230.0 days/days; walltime: 0.1
36547.0/37230.0 days/days; walltime: 0.2
36548.0/37230.0 days/days; walltime: 0.2
36549.0/37230.0 days/days; walltime: 0.3
36550.0/37230.0 days/days; walltime: 0.2
36551.0/37230.0 days/days; walltime: 1.8
36552.0/37230.0 days/days; walltime: 0.1
36553.0/37230.0 days/days; walltime: 0.2
36554.0/37230.0 days/days; walltime: 0.2
36555.0/37230.0 days/days; walltime: 0.0
36556.0/37230.0 days/days; walltime: 0.2
36557.0/37230.0 days/days; walltime: 0.2
36558.0/37230.0 days/days; walltime: 0.1
36559.0/37230.0 days/days; walltime: 0.3
36560.0/37230.0 days/days; walltime: 1.6
--36561.0/37230.0 days/days; walltime: 0.2
--36562.0/37230.0 days/days; walltime: 0.1
--36563.0/37230.0 days/days; walltime: 0.1
36564.0/37230.0 days/days; walltime: 0.3
36565.0/37230.0 days/days; walltime: 0.0
36566.0/37230.0 days/days; walltime: 0.1
36567.0/37230.0 days/days; walltime: 0.2
36568.0/37230.0 days/days; walltime: 0.1
36569.0/37230.0 days/days; walltime: 0.1
36570.0/37230.0 days/days; walltime: 0.3
36571.0/37230.0 days/days; walltime: 0.1
36572.0/37230.0 days/days; walltime: 0.1
36573.0/37230.0 days/days; walltime: 0.3
-36574.0/37230.0 days/days; walltime: 0.1
36575.0/37230.0 days/days; walltime: 1.6
36576.0/37230.0 days/days; walltime: 0.0
36577.0/37230.0 days/days; walltime: 0.2
36578.0/37230.0 days/days; walltime: 0.0
-36579.0/37230.0 days/days; walltime: 0.1
36580.0/37230.0 days/days; walltime: 0.2
36581.0/37230.0 days/days; walltime: 0.0
36582.0/37230.0 days/days; walltime: 0.0
36583.0/37230.0 days/days; walltime: 0.0
36584.0/37230.0 days/days; walltime: 0.2
36585.0/37230.0 days/days; walltime: 0.1
36586.0/37230.0 days/days; walltime: 0.1
36587.0/37230.0 days/days; walltime: 0.1
36588.0/37230.0 days/days; walltime: 0.2
36589.0/37230.0 days/days; walltime: 0.0
36590.0/37230.0 days/days; walltime: 0.0
36591.0/37230.0 days/days; walltime: 0.0
--36592.0/37230.0 days/days; walltime: 1.7
36593.0/37230.0 days/days; walltime: 0.0
-36594.0/37230.0 days/days; walltime: 0.0
-36595.0/37230.0 days/days; walltime: 0.0
36596.0/37230.0 days/days; walltime: 0.2
36597.0/37230.0 days/days; walltime: 0.0
36598.0/37230.0 days/days; walltime: 0.0
-36599.0/37230.0 days/days; walltime: 0.0
36600.0/37230.0 days/days; walltime: 0.2
36602.0/37230.0 days/days; walltime: 0.1
-36603.0/37230.0 days/days; walltime: 0.0
-36604.0/37230.0 days/days; walltime: 0.0
36605.0/37230.0 days/days; walltime: 0.2
36606.0/37230.0 days/days; walltime: 0.1
-36608.0/37230.0 days/days; walltime: 0.1
36609.0/37230.0 days/days; walltime: 0.1
36610.0/37230.0 days/days; walltime: 0.2
36612.0/37230.0 days/days; walltime: 0.1
36613.0/37230.0 days/days; walltime: 0.0
-36614.0/37230.0 days/days; walltime: 0.0
36616.0/37230.0 days/days; walltime: 0.2
36617.0/37230.0 days/days; walltime: 0.1
-36618.0/37230.0 days/days; walltime: 0.1
-36620.0/37230.0 days/days; walltime: 0.1
36621.0/37230.0 days/days; walltime: 1.7
36623.0/37230.0 days/days; walltime: 0.0
36624.0/37230.0 days/days; walltime: 0.0
36626.0/37230.0 days/days; walltime: 0.0
--36627.0/37230.0 days/days; walltime: 0.4
36628.0/37230.0 days/days; walltime: 5.1
36629.0/37230.0 days/days; walltime: 5.0
36630.0/37230.0 days/days; walltime: 8.5
36631.0/37230.0 days/days; walltime: 9.0
36632.0/37230.0 days/days; walltime: 9.1
36633.0/37230.0 days/days; walltime: 12.9
36634.0/37230.0 days/days; walltime: 16.8
36635.0/37230.0 days/days; walltime: 16.0
36636.0/37230.0 days/days; walltime: 24.1
36637.0/37230.0 days/days; walltime: 18.1
36638.0/37230.0 days/days; walltime: 22.3
36639.0/37230.0 days/days; walltime: 25.9
36640.0/37230.0 days/days; walltime: 38.0
36641.0/37230.0 days/days; walltime: 25.4
36642.0/37230.0 days/days; walltime: 27.4
36643.0/37230.0 days/days; walltime: 25.8
36644.0/37230.0 days/days; walltime: 31.5
36645.0/37230.0 days/days; walltime: 32.0
36646.0/37230.0 days/days; walltime: 30.1
36647.0/37230.0 days/days; walltime: 29.5
36648.0/37230.0 days/days; walltime: 24.4
36649.0/37230.0 days/days; walltime: 33.5
36650.0/37230.0 days/days; walltime: 24.1
36651.0/37230.0 days/days; walltime: 35.4
36652.0/37230.0 days/days; walltime: 27.3
36653.0/37230.0 days/days; walltime: 22.8
36654.0/37230.0 days/days; walltime: 31.8
36655.0/37230.0 days/days; walltime: 31.3
36656.0/37230.0 days/days; walltime: 30.2
36657.0/37230.0 days/days; walltime: 23.8
36658.0/37230.0 days/days; walltime: 29.0
36659.0/37230.0 days/days; walltime: 26.8
36660.0/37230.0 days/days; walltime: 32.2
36661.0/37230.0 days/days; walltime: 17.6
36662.0/37230.0 days/days; walltime: 23.5
36663.0/37230.0 days/days; walltime: 44.2
36664.0/37230.0 days/days; walltime: 32.8
36665.0/37230.0 days/days; walltime: 21.9
36666.0/37230.0 days/days; walltime: 24.7
36667.0/37230.0 days/days; walltime: 37.3
36668.0/37230.0 days/days; walltime: 32.7
36669.0/37230.0 days/days; walltime: 31.1
36670.0/37230.0 days/days; walltime: 87.9
36671.0/37230.0 days/days; walltime: 16.0
36672.0/37230.0 days/days; walltime: 37.8
36673.0/37230.0 days/days; walltime: 8.5
36674.0/37230.0 days/days; walltime: 20.2
36675.0/37230.0 days/days; walltime: 25.4
36676.0/37230.0 days/days; walltime: 22.4
36677.0/37230.0 days/days; walltime: 21.0
36678.0/37230.0 days/days; walltime: 13.1
36679.0/37230.0 days/days; walltime: 12.4
36680.0/37230.0 days/days; walltime: 18.3
36681.0/37230.0 days/days; walltime: 22.4
36682.0/37230.0 days/days; walltime: 12.6
36683.0/37230.0 days/days; walltime: 10.1
36684.0/37230.0 days/days; walltime: 24.3
36685.0/37230.0 days/days; walltime: 8.3
36686.0/37230.0 days/days; walltime: 13.4
36687.0/37230.0 days/days; walltime: 25.8
36688.0/37230.0 days/days; walltime: 32.4
36689.0/37230.0 days/days; walltime: 30.9
36690.0/37230.0 days/days; walltime: 40.5
--36691.0/37230.0 days/days; walltime: 65.8
36692.0/37230.0 days/days; walltime: 28.2
36693.0/37230.0 days/days; walltime: 33.4
36694.0/37230.0 days/days; walltime: 10.7
36695.0/37230.0 days/days; walltime: 6.1
36696.0/37230.0 days/days; walltime: 8.8
36697.0/37230.0 days/days; walltime: 13.1
36698.0/37230.0 days/days; walltime: 6.7
36699.0/37230.0 days/days; walltime: 17.0
36700.0/37230.0 days/days; walltime: 13.0
36701.0/37230.0 days/days; walltime: 24.4
36702.0/37230.0 days/days; walltime: 13.6
36703.0/37230.0 days/days; walltime: 3.6
36704.0/37230.0 days/days; walltime: 8.1
36705.0/37230.0 days/days; walltime: 6.8
36706.0/37230.0 days/days; walltime: 10.6
36707.0/37230.0 days/days; walltime: 29.1
36708.0/37230.0 days/days; walltime: 5.5
36709.0/37230.0 days/days; walltime: 7.3
36710.0/37230.0 days/days; walltime: 5.3
36711.0/37230.0 days/days; walltime: 7.4
36712.0/37230.0 days/days; walltime: 10.5
36713.0/37230.0 days/days; walltime: 5.8
36714.0/37230.0 days/days; walltime: 6.1
36715.0/37230.0 days/days; walltime: 8.6
36716.0/37230.0 days/days; walltime: 7.0
36717.0/37230.0 days/days; walltime: 13.9
36718.0/37230.0 days/days; walltime: 11.1
36719.0/37230.0 days/days; walltime: 10.3
36720.0/37230.0 days/days; walltime: 18.8
36721.0/37230.0 days/days; walltime: 16.5
36722.0/37230.0 days/days; walltime: 10.7
36723.0/37230.0 days/days; walltime: 10.8
36724.0/37230.0 days/days; walltime: 11.2
36725.0/37230.0 days/days; walltime: 11.2
36726.0/37230.0 days/days; walltime: 14.6
36727.0/37230.0 days/days; walltime: 12.9
36728.0/37230.0 days/days; walltime: 15.4
36729.0/37230.0 days/days; walltime: 9.2
-36730.0/37230.0 days/days; walltime: 9.6
-36731.0/37230.0 days/days; walltime: 8.6
36732.0/37230.0 days/days; walltime: 9.2
36733.0/37230.0 days/days; walltime: 28.2
36734.0/37230.0 days/days; walltime: 18.3
36735.0/37230.0 days/days; walltime: 22.2
36736.0/37230.0 days/days; walltime: 5.1
36737.0/37230.0 days/days; walltime: 19.0
36738.0/37230.0 days/days; walltime: 5.0
36739.0/37230.0 days/days; walltime: 1.0
36740.0/37230.0 days/days; walltime: 0.8
36741.0/37230.0 days/days; walltime: 2.0
36742.0/37230.0 days/days; walltime: 0.6
36743.0/37230.0 days/days; walltime: 0.4
36744.0/37230.0 days/days; walltime: 0.4
36745.0/37230.0 days/days; walltime: 0.6
36746.0/37230.0 days/days; walltime: 0.4
36747.0/37230.0 days/days; walltime: 0.6
36748.0/37230.0 days/days; walltime: 0.5
36749.0/37230.0 days/days; walltime: 0.5
36750.0/37230.0 days/days; walltime: 1.9
36751.0/37230.0 days/days; walltime: 0.3
36752.0/37230.0 days/days; walltime: 0.3
36753.0/37230.0 days/days; walltime: 0.3
36754.0/37230.0 days/days; walltime: 0.3
36755.0/37230.0 days/days; walltime: 0.1
36756.0/37230.0 days/days; walltime: 0.3
36757.0/37230.0 days/days; walltime: 0.3
36758.0/37230.0 days/days; walltime: 0.3
36759.0/37230.0 days/days; walltime: 0.3
36760.0/37230.0 days/days; walltime: 0.2
36761.0/37230.0 days/days; walltime: 0.4
36762.0/37230.0 days/days; walltime: 0.3
36763.0/37230.0 days/days; walltime: 0.2
36764.0/37230.0 days/days; walltime: 0.3
36765.0/37230.0 days/days; walltime: 0.1
36766.0/37230.0 days/days; walltime: 1.7
36767.0/37230.0 days/days; walltime: 0.3
36768.0/37230.0 days/days; walltime: 0.0
36769.0/37230.0 days/days; walltime: 0.3
36770.0/37230.0 days/days; walltime: 0.1
36771.0/37230.0 days/days; walltime: 0.0
36772.0/37230.0 days/days; walltime: 0.3
-36773.0/37230.0 days/days; walltime: 0.0
36774.0/37230.0 days/days; walltime: 0.0
36775.0/37230.0 days/days; walltime: 0.3
36776.0/37230.0 days/days; walltime: 0.1
36777.0/37230.0 days/days; walltime: 0.1
-36778.0/37230.0 days/days; walltime: 0.3
36779.0/37230.0 days/days; walltime: 0.1
36780.0/37230.0 days/days; walltime: 0.1
36781.0/37230.0 days/days; walltime: 0.2
36782.0/37230.0 days/days; walltime: 0.2
36783.0/37230.0 days/days; walltime: 0.1
36784.0/37230.0 days/days; walltime: 0.2
36785.0/37230.0 days/days; walltime: 0.1
36786.0/37230.0 days/days; walltime: 0.1
36787.0/37230.0 days/days; walltime: 0.1
36788.0/37230.0 days/days; walltime: 0.2
36789.0/37230.0 days/days; walltime: 0.1
36790.0/37230.0 days/days; walltime: 0.1
-36791.0/37230.0 days/days; walltime: 0.3
36793.0/37230.0 days/days; walltime: 0.1
36794.0/37230.0 days/days; walltime: 0.1
-36795.0/37230.0 days/days; walltime: 0.1
36796.0/37230.0 days/days; walltime: 0.2
-36797.0/37230.0 days/days; walltime: 0.1
36799.0/37230.0 days/days; walltime: 0.1
36800.0/37230.0 days/days; walltime: 0.1
-36801.0/37230.0 days/days; walltime: 0.2
36803.0/37230.0 days/days; walltime: 0.1
-36804.0/37230.0 days/days; walltime: 0.1
--36806.0/37230.0 days/days; walltime: 1.6
--36807.0/37230.0 days/days; walltime: 0.2
-36809.0/37230.0 days/days; walltime: 0.1
36811.0/37230.0 days/days; walltime: 0.1
36813.0/37230.0 days/days; walltime: 0.0
--36815.0/37230.0 days/days; walltime: 0.2
-36817.0/37230.0 days/days; walltime: 0.1
-36820.0/37230.0 days/days; walltime: 0.1
36822.0/37230.0 days/days; walltime: 0.1
-36825.0/37230.0 days/days; walltime: 0.2
--36827.0/37230.0 days/days; walltime: 0.3
-36829.0/37230.0 days/days; walltime: 0.1
36831.0/37230.0 days/days; walltime: 0.1
36833.0/37230.0 days/days; walltime: 0.1
-36836.0/37230.0 days/days; walltime: 0.1
-36838.0/37230.0 days/days; walltime: 0.1
36840.0/37230.0 days/days; walltime: 0.1
36842.0/37230.0 days/days; walltime: 0.1
36844.0/37230.0 days/days; walltime: 0.1
36846.0/37230.0 days/days; walltime: 0.3
36848.0/37230.0 days/days; walltime: 0.3
-36850.0/37230.0 days/days; walltime: 0.1
36852.0/37230.0 days/days; walltime: 0.1
-36854.0/37230.0 days/days; walltime: 0.2
36856.0/37230.0 days/days; walltime: 0.1
-36858.0/37230.0 days/days; walltime: 0.1
-36860.0/37230.0 days/days; walltime: 0.1
36862.0/37230.0 days/days; walltime: 0.2
36865.0/37230.0 days/days; walltime: 0.1
-36868.0/37230.0 days/days; walltime: 0.1
-36870.0/37230.0 days/days; walltime: 0.1
-36873.0/37230.0 days/days; walltime: 0.2
-36876.0/37230.0 days/days; walltime: 0.1
-36879.0/37230.0 days/days; walltime: 0.1
--36883.0/37230.0 days/days; walltime: 0.1
--36886.0/37230.0 days/days; walltime: 0.2
-36890.0/37230.0 days/days; walltime: 0.1
-36894.0/37230.0 days/days; walltime: 0.1
36898.0/37230.0 days/days; walltime: 0.1
36902.0/37230.0 days/days; walltime: 0.2
36906.0/37230.0 days/days; walltime: 0.1
--36910.0/37230.0 days/days; walltime: 0.1
-36914.0/37230.0 days/days; walltime: 0.1
36919.0/37230.0 days/days; walltime: 0.2
36923.0/37230.0 days/days; walltime: 0.1
36928.0/37230.0 days/days; walltime: 0.1
36933.0/37230.0 days/days; walltime: 0.1
36937.0/37230.0 days/days; walltime: 0.2
36942.0/37230.0 days/days; walltime: 0.1
--36947.0/37230.0 days/days; walltime: 0.1
36952.0/37230.0 days/days; walltime: 0.1
36957.0/37230.0 days/days; walltime: 0.2
--36963.0/37230.0 days/days; walltime: 0.1
36968.0/37230.0 days/days; walltime: 0.1
36974.0/37230.0 days/days; walltime: 0.1
36979.0/37230.0 days/days; walltime: 0.2
36985.0/37230.0 days/days; walltime: 0.1
--36991.0/37230.0 days/days; walltime: 2.0
36992.0/37230.0 days/days; walltime: 0.6
36993.0/37230.0 days/days; walltime: 4.2
36994.0/37230.0 days/days; walltime: 5.4
36995.0/37230.0 days/days; walltime: 8.6
36996.0/37230.0 days/days; walltime: 12.2
36997.0/37230.0 days/days; walltime: 7.7
36998.0/37230.0 days/days; walltime: 14.6
36999.0/37230.0 days/days; walltime: 22.1
37000.0/37230.0 days/days; walltime: 17.9
37001.0/37230.0 days/days; walltime: 23.3
37002.0/37230.0 days/days; walltime: 19.6
37003.0/37230.0 days/days; walltime: 23.7
37004.0/37230.0 days/days; walltime: 26.5
37005.0/37230.0 days/days; walltime: 31.5
37006.0/37230.0 days/days; walltime: 23.6
37007.0/37230.0 days/days; walltime: 23.8
37008.0/37230.0 days/days; walltime: 36.1
37009.0/37230.0 days/days; walltime: 38.8
37010.0/37230.0 days/days; walltime: 34.7
37011.0/37230.0 days/days; walltime: 39.0
37012.0/37230.0 days/days; walltime: 28.9
37013.0/37230.0 days/days; walltime: 28.4
37014.0/37230.0 days/days; walltime: 29.3
37015.0/37230.0 days/days; walltime: 25.4
37016.0/37230.0 days/days; walltime: 26.5
37017.0/37230.0 days/days; walltime: 28.5
37018.0/37230.0 days/days; walltime: 24.2
37019.0/37230.0 days/days; walltime: 26.6
37020.0/37230.0 days/days; walltime: 35.0
37021.0/37230.0 days/days; walltime: 23.4
37022.0/37230.0 days/days; walltime: 26.7
37023.0/37230.0 days/days; walltime: 25.6
37024.0/37230.0 days/days; walltime: 30.7
37025.0/37230.0 days/days; walltime: 33.5
37026.0/37230.0 days/days; walltime: 19.3
37027.0/37230.0 days/days; walltime: 24.1
37028.0/37230.0 days/days; walltime: 45.0
-----------------------------------37029.0/37230.0 days/days; walltime: 43.6
37030.0/37230.0 days/days; walltime: 27.7
37031.0/37230.0 days/days; walltime: 21.9
37032.0/37230.0 days/days; walltime: 26.5
37033.0/37230.0 days/days; walltime: 26.2
37034.0/37230.0 days/days; walltime: 35.5
---37035.0/37230.0 days/days; walltime: 68.9
37036.0/37230.0 days/days; walltime: 12.6
37037.0/37230.0 days/days; walltime: 28.0
37038.0/37230.0 days/days; walltime: 6.7
37039.0/37230.0 days/days; walltime: 21.4
37040.0/37230.0 days/days; walltime: 25.5
37041.0/37230.0 days/days; walltime: 28.9
37042.0/37230.0 days/days; walltime: 21.2
37043.0/37230.0 days/days; walltime: 9.8
37044.0/37230.0 days/days; walltime: 15.6
37045.0/37230.0 days/days; walltime: 8.5
37046.0/37230.0 days/days; walltime: 29.8
37047.0/37230.0 days/days; walltime: 22.3
--37048.0/37230.0 days/days; walltime: 15.9
---37049.0/37230.0 days/days; walltime: 23.6
37050.0/37230.0 days/days; walltime: 5.8
--37051.0/37230.0 days/days; walltime: 16.7
37052.0/37230.0 days/days; walltime: 27.9
37053.0/37230.0 days/days; walltime: 28.1
37054.0/37230.0 days/days; walltime: 23.6
37055.0/37230.0 days/days; walltime: 29.6
--37056.0/37230.0 days/days; walltime: 26.5
37057.0/37230.0 days/days; walltime: 44.1
37058.0/37230.0 days/days; walltime: 65.5
--37059.0/37230.0 days/days; walltime: 8.7
37060.0/37230.0 days/days; walltime: 5.8
37061.0/37230.0 days/days; walltime: 10.3
37062.0/37230.0 days/days; walltime: 12.5
37063.0/37230.0 days/days; walltime: 9.3
37064.0/37230.0 days/days; walltime: 16.4
37065.0/37230.0 days/days; walltime: 23.9
37066.0/37230.0 days/days; walltime: 23.0
37067.0/37230.0 days/days; walltime: 45.3
37068.0/37230.0 days/days; walltime: 2.9
37069.0/37230.0 days/days; walltime: 7.4
37070.0/37230.0 days/days; walltime: 8.4
37071.0/37230.0 days/days; walltime: 14.3
37072.0/37230.0 days/days; walltime: 12.8
37073.0/37230.0 days/days; walltime: 4.6
37074.0/37230.0 days/days; walltime: 4.6
37075.0/37230.0 days/days; walltime: 5.0
37076.0/37230.0 days/days; walltime: 7.4
37077.0/37230.0 days/days; walltime: 12.4
37078.0/37230.0 days/days; walltime: 5.0
37079.0/37230.0 days/days; walltime: 10.1
37080.0/37230.0 days/days; walltime: 9.9
37081.0/37230.0 days/days; walltime: 6.2
37082.0/37230.0 days/days; walltime: 26.2
37083.0/37230.0 days/days; walltime: 11.6
37084.0/37230.0 days/days; walltime: 8.6
37085.0/37230.0 days/days; walltime: 18.1
37086.0/37230.0 days/days; walltime: 26.3
37087.0/37230.0 days/days; walltime: 10.1
37088.0/37230.0 days/days; walltime: 17.4
37089.0/37230.0 days/days; walltime: 8.5
37090.0/37230.0 days/days; walltime: 10.9
37091.0/37230.0 days/days; walltime: 17.3
37092.0/37230.0 days/days; walltime: 7.0
37093.0/37230.0 days/days; walltime: 16.7
37094.0/37230.0 days/days; walltime: 10.7
-37095.0/37230.0 days/days; walltime: 9.7
37096.0/37230.0 days/days; walltime: 9.1
37097.0/37230.0 days/days; walltime: 10.3
37098.0/37230.0 days/days; walltime: 26.9
37099.0/37230.0 days/days; walltime: 24.1
37100.0/37230.0 days/days; walltime: 13.8
37101.0/37230.0 days/days; walltime: 6.7
37102.0/37230.0 days/days; walltime: 14.4
37103.0/37230.0 days/days; walltime: 4.3
37104.0/37230.0 days/days; walltime: 1.0
37105.0/37230.0 days/days; walltime: 0.8
37106.0/37230.0 days/days; walltime: 2.0
37107.0/37230.0 days/days; walltime: 0.6
37108.0/37230.0 days/days; walltime: 0.4
37109.0/37230.0 days/days; walltime: 0.5
37110.0/37230.0 days/days; walltime: 0.4
37111.0/37230.0 days/days; walltime: 0.5
37112.0/37230.0 days/days; walltime: 0.6
37113.0/37230.0 days/days; walltime: 0.5
37114.0/37230.0 days/days; walltime: 2.1
37115.0/37230.0 days/days; walltime: 0.3
37116.0/37230.0 days/days; walltime: 0.3
37117.0/37230.0 days/days; walltime: 0.3
37118.0/37230.0 days/days; walltime: 0.3
37119.0/37230.0 days/days; walltime: 0.3
37120.0/37230.0 days/days; walltime: 0.3
37121.0/37230.0 days/days; walltime: 0.1
37122.0/37230.0 days/days; walltime: 0.3
37123.0/37230.0 days/days; walltime: 0.4
37124.0/37230.0 days/days; walltime: 0.2
37125.0/37230.0 days/days; walltime: 0.4
37126.0/37230.0 days/days; walltime: 0.2
37127.0/37230.0 days/days; walltime: 0.3
37128.0/37230.0 days/days; walltime: 0.2
37129.0/37230.0 days/days; walltime: 0.3
37130.0/37230.0 days/days; walltime: 1.6
37131.0/37230.0 days/days; walltime: 0.2
37132.0/37230.0 days/days; walltime: 0.1
37133.0/37230.0 days/days; walltime: 0.2
37134.0/37230.0 days/days; walltime: 0.0
37135.0/37230.0 days/days; walltime: 0.1
37136.0/37230.0 days/days; walltime: 0.2
37137.0/37230.0 days/days; walltime: 0.1
-37138.0/37230.0 days/days; walltime: 0.0
-37139.0/37230.0 days/days; walltime: 0.3
37140.0/37230.0 days/days; walltime: 0.1
37141.0/37230.0 days/days; walltime: 0.1
-37142.0/37230.0 days/days; walltime: 0.3
37143.0/37230.0 days/days; walltime: 0.1
37144.0/37230.0 days/days; walltime: 0.1
37145.0/37230.0 days/days; walltime: 0.2
37146.0/37230.0 days/days; walltime: 0.2
37147.0/37230.0 days/days; walltime: 0.1
37148.0/37230.0 days/days; walltime: 0.2
37149.0/37230.0 days/days; walltime: 0.1
37150.0/37230.0 days/days; walltime: 0.1
37151.0/37230.0 days/days; walltime: 0.3
-37152.0/37230.0 days/days; walltime: 0.1
37153.0/37230.0 days/days; walltime: 0.1
37154.0/37230.0 days/days; walltime: 0.1
37155.0/37230.0 days/days; walltime: 0.2
37156.0/37230.0 days/days; walltime: 0.1
37157.0/37230.0 days/days; walltime: 0.1
37158.0/37230.0 days/days; walltime: 0.1
-37160.0/37230.0 days/days; walltime: 0.2
-37161.0/37230.0 days/days; walltime: 0.1
37162.0/37230.0 days/days; walltime: 0.1
37163.0/37230.0 days/days; walltime: 0.1
-37164.0/37230.0 days/days; walltime: 0.2
37166.0/37230.0 days/days; walltime: 0.1
37167.0/37230.0 days/days; walltime: 0.1
--37169.0/37230.0 days/days; walltime: 1.6
--37170.0/37230.0 days/days; walltime: 0.2
-37172.0/37230.0 days/days; walltime: 0.0
37174.0/37230.0 days/days; walltime: 0.0
37175.0/37230.0 days/days; walltime: 0.0
37177.0/37230.0 days/days; walltime: 0.2
-37180.0/37230.0 days/days; walltime: 0.0
-37182.0/37230.0 days/days; walltime: 0.0
-37185.0/37230.0 days/days; walltime: 0.0
--37187.0/37230.0 days/days; walltime: 0.2
---37190.0/37230.0 days/days; walltime: 0.3
-37192.0/37230.0 days/days; walltime: 0.1
-37195.0/37230.0 days/days; walltime: 0.3
37197.0/37230.0 days/days; walltime: 0.1
-37199.0/37230.0 days/days; walltime: 0.1
-37201.0/37230.0 days/days; walltime: 0.1
37202.0/37230.0 days/days; walltime: 0.1
37204.0/37230.0 days/days; walltime: 0.1
37206.0/37230.0 days/days; walltime: 0.1
37208.0/37230.0 days/days; walltime: 0.1
37210.0/37230.0 days/days; walltime: 0.1
37212.0/37230.0 days/days; walltime: 0.1
37214.0/37230.0 days/days; walltime: 0.1
-37216.0/37230.0 days/days; walltime: 0.2
-37218.0/37230.0 days/days; walltime: 0.1
37220.0/37230.0 days/days; walltime: 0.1
-37222.0/37230.0 days/days; walltime: 0.1
-37224.0/37230.0 days/days; walltime: 0.2
37226.0/37230.0 days/days; walltime: 0.1
37228.0/37230.0 days/days; walltime: 0.2
Wallclock for model run: 4812.9s
 

fields = 

  struct with fields:

    nodes: [1x1 struct]
    edges: [1x1 struct]
       BC: [1x1 struct]

No cases left; exiting.
