Case 3:
Picked up JAVA_TOOL_OPTIONS: -Xmx2g
Opening log file:  /tmp/java.log.31458

                            < M A T L A B (R) >
                  Copyright 1984-2022 The MathWorks, Inc.
                  R2022a (9.12.0.1884302) 64-bit (glnxa64)
                             February 16, 2022

 
To get started, type doc.
For product information, visit www.mathworks.com.
 

config = 

  struct with fields:

                 k_s: 0.2500
                 l_c: 10
            n_moulin: 68
    creep_const_soft: 0
             mesh_nr: 4
                 k_c: 0.1500
               h_bed: 0.5000
               l_bed: 10
               alpha: 3
                beta: 2
               omega: 0

Running model run (ode15s):
Run to steady
Creating output dir: ./RUN/
Saving model run to
./RUN/output_003_steady.nc
Fields, IC & BC initialised
Initial phi calculated in 3.5s
0.0/36500.0 days/days; walltime: 17.7
-----------------------------------------------------------------------------------------------------------------------------------------------------------------------------------------------------------------------------------------------------------------------------------------------------------------------------------------------------------------------------------------------------------------------------------1825.0/36500.0 days/days; walltime: 173.5
----------------------------------------3650.0/36500.0 days/days; walltime: 3.1
-----------------------5475.0/36500.0 days/days; walltime: 1.9
--------------7300.0/36500.0 days/days; walltime: 1.2
-----------------------------------------------------------------------------------------------------------------------------------------------9125.0/36500.0 days/days; walltime: 9.6
-----10950.0/36500.0 days/days; walltime: 794.6
12775.0/36500.0 days/days; walltime: 567.7
14600.0/36500.0 days/days; walltime: 381.2
16425.0/36500.0 days/days; walltime: 336.0
18250.0/36500.0 days/days; walltime: 279.4
20075.0/36500.0 days/days; walltime: 117.5
21900.0/36500.0 days/days; walltime: 11.8
23725.0/36500.0 days/days; walltime: 8.3
25550.0/36500.0 days/days; walltime: 4.1
27375.0/36500.0 days/days; walltime: 3.1
29200.0/36500.0 days/days; walltime: 3.2
31025.0/36500.0 days/days; walltime: 2.2
32850.0/36500.0 days/days; walltime: 1.9
34675.0/36500.0 days/days; walltime: 1.4
36500.0/36500.0 days/days; walltime: 1.3
Wallclock for model run: 2725.3s
 

fields = 

  struct with fields:

    nodes: [1x1 struct]
    edges: [1x1 struct]
       BC: [1x1 struct]

Running model run (ode15s):
Run seasonal
Saving model run to
./RUN/output_003_seasonal.nc
IC initialised from struct
IC initialised from file/given & rest from parameters and given functions
36500.0/37230.0 days/days; walltime: 13.0
36501.0/37230.0 days/days; walltime: 80.4
36502.0/37230.0 days/days; walltime: 22.7
36503.0/37230.0 days/days; walltime: 13.9
36504.0/37230.0 days/days; walltime: 19.9
36505.0/37230.0 days/days; walltime: 15.7
36506.0/37230.0 days/days; walltime: 9.5
36507.0/37230.0 days/days; walltime: 19.5
36508.0/37230.0 days/days; walltime: 11.1
36509.0/37230.0 days/days; walltime: 2.1
36510.0/37230.0 days/days; walltime: 3.5
36511.0/37230.0 days/days; walltime: 7.9
36512.0/37230.0 days/days; walltime: 5.2
36513.0/37230.0 days/days; walltime: 1.9
36514.0/37230.0 days/days; walltime: 2.3
--36515.0/37230.0 days/days; walltime: 5.1
36516.0/37230.0 days/days; walltime: 0.8
36517.0/37230.0 days/days; walltime: 5.4
36518.0/37230.0 days/days; walltime: 4.1
--36519.0/37230.0 days/days; walltime: 7.2
--36520.0/37230.0 days/days; walltime: 4.6
36521.0/37230.0 days/days; walltime: 0.8
36522.0/37230.0 days/days; walltime: 2.4
36523.0/37230.0 days/days; walltime: 1.4
36524.0/37230.0 days/days; walltime: 1.4
36525.0/37230.0 days/days; walltime: 1.1
36526.0/37230.0 days/days; walltime: 7.4
36527.0/37230.0 days/days; walltime: 1.0
36528.0/37230.0 days/days; walltime: 1.0
36529.0/37230.0 days/days; walltime: 1.0
36530.0/37230.0 days/days; walltime: 1.0
--36531.0/37230.0 days/days; walltime: 7.9
36532.0/37230.0 days/days; walltime: 1.1
--36533.0/37230.0 days/days; walltime: 4.9
36534.0/37230.0 days/days; walltime: 0.8
36535.0/37230.0 days/days; walltime: 0.8
36536.0/37230.0 days/days; walltime: 4.0
36537.0/37230.0 days/days; walltime: 0.9
36538.0/37230.0 days/days; walltime: 0.8
36539.0/37230.0 days/days; walltime: 2.0
36540.0/37230.0 days/days; walltime: 2.0
36541.0/37230.0 days/days; walltime: 0.8
36542.0/37230.0 days/days; walltime: 0.6
36543.0/37230.0 days/days; walltime: 1.0
36544.0/37230.0 days/days; walltime: 2.2
36545.0/37230.0 days/days; walltime: 2.6
36546.0/37230.0 days/days; walltime: 2.2
36547.0/37230.0 days/days; walltime: 2.2
36548.0/37230.0 days/days; walltime: 0.8
36549.0/37230.0 days/days; walltime: 0.8
36550.0/37230.0 days/days; walltime: 1.4
36551.0/37230.0 days/days; walltime: 1.0
36552.0/37230.0 days/days; walltime: 0.6
36553.0/37230.0 days/days; walltime: 2.0
36554.0/37230.0 days/days; walltime: 0.5
36555.0/37230.0 days/days; walltime: 2.2
36556.0/37230.0 days/days; walltime: 0.8
36557.0/37230.0 days/days; walltime: 0.5
36558.0/37230.0 days/days; walltime: 0.4
36559.0/37230.0 days/days; walltime: 0.4
36560.0/37230.0 days/days; walltime: 2.2
36561.0/37230.0 days/days; walltime: 2.1
36562.0/37230.0 days/days; walltime: 1.9
36563.0/37230.0 days/days; walltime: 0.3
36564.0/37230.0 days/days; walltime: 0.3
36565.0/37230.0 days/days; walltime: 0.5
36566.0/37230.0 days/days; walltime: 0.4
36567.0/37230.0 days/days; walltime: 0.8
36568.0/37230.0 days/days; walltime: 0.5
36569.0/37230.0 days/days; walltime: 0.3
36570.0/37230.0 days/days; walltime: 0.4
36571.0/37230.0 days/days; walltime: 0.4
36572.0/37230.0 days/days; walltime: 0.3
36573.0/37230.0 days/days; walltime: 0.4
36574.0/37230.0 days/days; walltime: 0.4
36575.0/37230.0 days/days; walltime: 2.1
36576.0/37230.0 days/days; walltime: 0.6
36577.0/37230.0 days/days; walltime: 0.7
36578.0/37230.0 days/days; walltime: 0.5
36579.0/37230.0 days/days; walltime: 0.4
36580.0/37230.0 days/days; walltime: 0.4
36581.0/37230.0 days/days; walltime: 0.5
36582.0/37230.0 days/days; walltime: 1.7
36583.0/37230.0 days/days; walltime: 0.3
36584.0/37230.0 days/days; walltime: 0.3
36585.0/37230.0 days/days; walltime: 0.3
36586.0/37230.0 days/days; walltime: 0.3
36587.0/37230.0 days/days; walltime: 0.4
36588.0/37230.0 days/days; walltime: 0.3
36589.0/37230.0 days/days; walltime: 0.2
36590.0/37230.0 days/days; walltime: 0.6
36591.0/37230.0 days/days; walltime: 0.3
36592.0/37230.0 days/days; walltime: 0.4
36593.0/37230.0 days/days; walltime: 0.4
36594.0/37230.0 days/days; walltime: 0.4
36595.0/37230.0 days/days; walltime: 0.4
36596.0/37230.0 days/days; walltime: 0.3
36597.0/37230.0 days/days; walltime: 0.3
36598.0/37230.0 days/days; walltime: 0.3
36599.0/37230.0 days/days; walltime: 0.2
36600.0/37230.0 days/days; walltime: 1.6
36601.0/37230.0 days/days; walltime: 0.1
36602.0/37230.0 days/days; walltime: 0.1
36603.0/37230.0 days/days; walltime: 0.1
36604.0/37230.0 days/days; walltime: 0.1
36605.0/37230.0 days/days; walltime: 0.1
36606.0/37230.0 days/days; walltime: 0.1
36607.0/37230.0 days/days; walltime: 0.1
36608.0/37230.0 days/days; walltime: 0.3
36609.0/37230.0 days/days; walltime: 0.3
36610.0/37230.0 days/days; walltime: 0.2
36611.0/37230.0 days/days; walltime: 0.2
36612.0/37230.0 days/days; walltime: 0.2
36613.0/37230.0 days/days; walltime: 0.1
36614.0/37230.0 days/days; walltime: 0.1
--36615.0/37230.0 days/days; walltime: 1.3
36616.0/37230.0 days/days; walltime: 4.1
36617.0/37230.0 days/days; walltime: 5.4
36618.0/37230.0 days/days; walltime: 10.8
36619.0/37230.0 days/days; walltime: 13.5
36620.0/37230.0 days/days; walltime: 20.0
36621.0/37230.0 days/days; walltime: 15.0
36622.0/37230.0 days/days; walltime: 16.7
36623.0/37230.0 days/days; walltime: 18.0
36624.0/37230.0 days/days; walltime: 19.1
36625.0/37230.0 days/days; walltime: 17.0
36626.0/37230.0 days/days; walltime: 18.4
36627.0/37230.0 days/days; walltime: 22.7
36628.0/37230.0 days/days; walltime: 17.8
36629.0/37230.0 days/days; walltime: 20.5
36630.0/37230.0 days/days; walltime: 20.9
36631.0/37230.0 days/days; walltime: 25.1
36632.0/37230.0 days/days; walltime: 23.5
36633.0/37230.0 days/days; walltime: 29.1
---36634.0/37230.0 days/days; walltime: 21.7
-36635.0/37230.0 days/days; walltime: 22.0
36636.0/37230.0 days/days; walltime: 25.0
36637.0/37230.0 days/days; walltime: 29.3
--36638.0/37230.0 days/days; walltime: 25.9
--36639.0/37230.0 days/days; walltime: 30.8
--36640.0/37230.0 days/days; walltime: 25.6
-----36641.0/37230.0 days/days; walltime: 37.2
-36642.0/37230.0 days/days; walltime: 22.9
----36643.0/37230.0 days/days; walltime: 41.5
--36644.0/37230.0 days/days; walltime: 46.8
------------36645.0/37230.0 days/days; walltime: 52.2
----------36646.0/37230.0 days/days; walltime: 55.2
--36647.0/37230.0 days/days; walltime: 57.9
----36648.0/37230.0 days/days; walltime: 37.1
----------36649.0/37230.0 days/days; walltime: 51.4
------36650.0/37230.0 days/days; walltime: 67.2
--------------36651.0/37230.0 days/days; walltime: 62.4
-----------36652.0/37230.0 days/days; walltime: 74.5
-------------------------------36653.0/37230.0 days/days; walltime: 100.1
------------36654.0/37230.0 days/days; walltime: 78.2
---------------36655.0/37230.0 days/days; walltime: 61.9
-------------------36656.0/37230.0 days/days; walltime: 164.6
-------------36657.0/37230.0 days/days; walltime: 59.0
--------------36658.0/37230.0 days/days; walltime: 96.1
-------------36659.0/37230.0 days/days; walltime: 91.6
------------------------36660.0/37230.0 days/days; walltime: 91.0
------------36661.0/37230.0 days/days; walltime: 184.1
----------------------36662.0/37230.0 days/days; walltime: 73.6
-------------36663.0/37230.0 days/days; walltime: 106.4
--------------------------------36664.0/37230.0 days/days; walltime: 103.7
---------------------36665.0/37230.0 days/days; walltime: 153.9
----36666.0/37230.0 days/days; walltime: 76.2
----36667.0/37230.0 days/days; walltime: 88.9
---------------36668.0/37230.0 days/days; walltime: 92.6
--------36669.0/37230.0 days/days; walltime: 73.0
---------------------------36670.0/37230.0 days/days; walltime: 95.0
-----------------36671.0/37230.0 days/days; walltime: 223.3
-------------------36672.0/37230.0 days/days; walltime: 78.0
---------36673.0/37230.0 days/days; walltime: 52.1
------------------------------------36674.0/37230.0 days/days; walltime: 173.1
----36675.0/37230.0 days/days; walltime: 55.1
-----36676.0/37230.0 days/days; walltime: 38.5
------------------36677.0/37230.0 days/days; walltime: 103.9
---------------------36678.0/37230.0 days/days; walltime: 100.4
----------------36679.0/37230.0 days/days; walltime: 70.2
--36680.0/37230.0 days/days; walltime: 67.9
----36681.0/37230.0 days/days; walltime: 40.8
----------36682.0/37230.0 days/days; walltime: 85.3
-----------------36683.0/37230.0 days/days; walltime: 48.8
--36684.0/37230.0 days/days; walltime: 38.6
-------36685.0/37230.0 days/days; walltime: 93.1
------36686.0/37230.0 days/days; walltime: 54.8
-------------------------36687.0/37230.0 days/days; walltime: 69.7
--------36688.0/37230.0 days/days; walltime: 48.6
------36689.0/37230.0 days/days; walltime: 98.2
------------36690.0/37230.0 days/days; walltime: 58.9
----36691.0/37230.0 days/days; walltime: 92.2
-------------36692.0/37230.0 days/days; walltime: 97.8
36693.0/37230.0 days/days; walltime: 35.5
------36694.0/37230.0 days/days; walltime: 72.1
36695.0/37230.0 days/days; walltime: 63.3
--36696.0/37230.0 days/days; walltime: 47.4
----36697.0/37230.0 days/days; walltime: 102.6
--36698.0/37230.0 days/days; walltime: 93.9
-----36699.0/37230.0 days/days; walltime: 39.9
----36700.0/37230.0 days/days; walltime: 49.5
------36701.0/37230.0 days/days; walltime: 44.4
-----36702.0/37230.0 days/days; walltime: 40.2
----36703.0/37230.0 days/days; walltime: 39.7
--36704.0/37230.0 days/days; walltime: 31.3
36705.0/37230.0 days/days; walltime: 35.3
36706.0/37230.0 days/days; walltime: 20.0
------slurmstepd: error: *** JOB 61283997 ON cdr582 CANCELLED AT 2023-02-27T14:14:52 ***
