Case 2:
Picked up JAVA_TOOL_OPTIONS: -Xmx2g
Opening log file:  /tmp/java.log.29991

                            < M A T L A B (R) >
                  Copyright 1984-2022 The MathWorks, Inc.
                  R2022a (9.12.0.1884302) 64-bit (glnxa64)
                             February 16, 2022

 
To get started, type doc.
For product information, visit www.mathworks.com.
 

config = 

  struct with fields:

                 k_s: 0.0299
                 l_c: 10
            n_moulin: 68
    creep_const_soft: 0
             mesh_nr: 4
                 k_c: 0.1500
               h_bed: 0.5000
               l_bed: 10
               alpha: 1.5000
                beta: 1.5000
               omega: 0

Running model run (ode15s):
Run to steady
Saving model run to
./RUN/output_002_steady.nc
Fields, IC & BC initialised
Initial phi calculated in 1.7s
0.0/36500.0 days/days; walltime: 19.2
-----------------------------------------------------------------------------------------------------------------------------------------------------------------------------------------------------------------------------------------------------------------------------------------------------------------------------------------------------------------------------------------------------------------------------------------------------------------------------------------------------------------------------------------------------------------------------------------------------------------------------------------------------------------------------------------------------------------------------------------------------------------------------------------------------------------------------------------------------------------------------------------------------------------------------------------------------------------------------------------------------------------------------------------------------------------------------------------------------------------------------------------------------------------------------------------------------------------------------------------------------------------------------------------------------------------------------------------------------------------------------------------------------------------------------------------------------------------------------------------------------------------------------------------------------------------------------------------------------------------------------------------------------------------------------------------------------------------------------------------------------------------------------------------------------------------------------------------------------------------------------------------------------------------------------------------------------------------------------------------------------------------------------------------------------------------------------------------------------------------------------------------------------------------------------------------------------------------------------------------------------------------------------------------------------------------------------------------------------------------------------------------------------------1825.0/36500.0 days/days; walltime: 296.3
------------------------------------------------------------------------------------------------------3650.0/36500.0 days/days; walltime: 109.5
----------------5475.0/36500.0 days/days; walltime: 1.1
------------7300.0/36500.0 days/days; walltime: 0.9
----------------------------------------------------------------------------------------------------------------------------------------------------------------------------------------------------------------------------------------------9125.0/36500.0 days/days; walltime: 15.5
--------------------------------------------------------------------------------------------------------------------------------------------------------------------------------------------------------------------------------------------------------------------------------------------------------------------------------------------------------------------------------------------------------------------------------------------------------------------------------------------------------------------------------------------------------------------------------------------------------------------------------------------------------------------------------------------------------------------------------------------------------------------------------------------------------------------------------------------------------------------------------------------------------------------------------------------------------------------------------------------------------------------------------------------------------------------------------------------------------------------------------------------------------------------------------------------------------------------------------------------------------------------------------------------------------------------------------------------------------------------------------------------------------------------------------------------------------------------------------------------------------------------------------------------------------------------------------------------------------------------------------------------------------------------------------------------------------------------------------------------------------------------------------------------------------------------------------------------------------------------------------------------------------------------------------------------------------------------------------------------------------------------------------------------------------------------------------------------------------------------------------------------------------------------------------------------------------------------------------------------------------------------------------------------------------------------------------------------------------------------------------------------------------------------------------------------------------------------------------------------------------------------------------------------------------------------------------------------------------------------------------------------------------------------------------------------------------------------------------------------------------------------------------------------------------------------------------------------------------------------------------------------------------------------------------------------------------------------------------------------------------------------------------------------------------------------------------------------------------------------------------------------------------------------------------------------------------------------------------------------------------------------------------------------------------------------------10950.0/36500.0 days/days; walltime: 196.8
------------------------------------------------------------------------------------------------------------------------------------------------------------------------------------------------------------------------------------------------------------------------------------------------------------------------------------------------------------------------------12775.0/36500.0 days/days; walltime: 111.6
-----------------------------14600.0/36500.0 days/days; walltime: 315.9
-------------------------16425.0/36500.0 days/days; walltime: 177.1
------------------------18250.0/36500.0 days/days; walltime: 150.3
20075.0/36500.0 days/days; walltime: 48.4
21900.0/36500.0 days/days; walltime: 21.6
23725.0/36500.0 days/days; walltime: 13.4
25550.0/36500.0 days/days; walltime: 10.0
27375.0/36500.0 days/days; walltime: 5.8
29200.0/36500.0 days/days; walltime: 2.3
31025.0/36500.0 days/days; walltime: 2.4
32850.0/36500.0 days/days; walltime: 1.9
34675.0/36500.0 days/days; walltime: 1.8
36500.0/36500.0 days/days; walltime: 3.5
Wallclock for model run: 1510.7s
 

fields = 

  struct with fields:

    nodes: [1x1 struct]
    edges: [1x1 struct]
       BC: [1x1 struct]

Running model run (ode15s):
Run seasonal
Saving model run to
./RUN/output_002_seasonal.nc
IC initialised from struct
IC initialised from file/given & rest from parameters and given functions
36500.0/37230.0 days/days; walltime: 15.0
36501.0/37230.0 days/days; walltime: 98.6
36502.0/37230.0 days/days; walltime: 5.3
36503.0/37230.0 days/days; walltime: 6.6
36504.0/37230.0 days/days; walltime: 4.4
36505.0/37230.0 days/days; walltime: 6.7
36506.0/37230.0 days/days; walltime: 4.3
36507.0/37230.0 days/days; walltime: 2.8
36508.0/37230.0 days/days; walltime: 2.3
36509.0/37230.0 days/days; walltime: 2.2
36510.0/37230.0 days/days; walltime: 3.3
36511.0/37230.0 days/days; walltime: 1.3
36512.0/37230.0 days/days; walltime: 1.3
36513.0/37230.0 days/days; walltime: 0.9
36514.0/37230.0 days/days; walltime: 1.5
36515.0/37230.0 days/days; walltime: 1.5
36516.0/37230.0 days/days; walltime: 7.6
36517.0/37230.0 days/days; walltime: 0.9
36518.0/37230.0 days/days; walltime: 1.1
36519.0/37230.0 days/days; walltime: 0.8
36520.0/37230.0 days/days; walltime: 0.8
36521.0/37230.0 days/days; walltime: 0.7
36522.0/37230.0 days/days; walltime: 0.9
36523.0/37230.0 days/days; walltime: 0.6
36524.0/37230.0 days/days; walltime: 2.2
36525.0/37230.0 days/days; walltime: 0.8
36526.0/37230.0 days/days; walltime: 0.6
36527.0/37230.0 days/days; walltime: 0.6
36528.0/37230.0 days/days; walltime: 0.6
36529.0/37230.0 days/days; walltime: 0.4
36530.0/37230.0 days/days; walltime: 0.6
36531.0/37230.0 days/days; walltime: 0.4
36532.0/37230.0 days/days; walltime: 0.5
36533.0/37230.0 days/days; walltime: 0.5
36534.0/37230.0 days/days; walltime: 0.3
36535.0/37230.0 days/days; walltime: 0.5
36536.0/37230.0 days/days; walltime: 1.9
36537.0/37230.0 days/days; walltime: 0.3
36538.0/37230.0 days/days; walltime: 0.3
36539.0/37230.0 days/days; walltime: 0.3
36540.0/37230.0 days/days; walltime: 0.3
36541.0/37230.0 days/days; walltime: 0.3
36542.0/37230.0 days/days; walltime: 0.3
36543.0/37230.0 days/days; walltime: 0.3
36544.0/37230.0 days/days; walltime: 0.3
36545.0/37230.0 days/days; walltime: 0.3
-36546.0/37230.0 days/days; walltime: 0.3
36547.0/37230.0 days/days; walltime: 0.3
-36548.0/37230.0 days/days; walltime: 0.3
-36549.0/37230.0 days/days; walltime: 0.1
-36550.0/37230.0 days/days; walltime: 0.3
36551.0/37230.0 days/days; walltime: 0.3
36552.0/37230.0 days/days; walltime: 0.3
36553.0/37230.0 days/days; walltime: 0.4
36554.0/37230.0 days/days; walltime: 0.2
36555.0/37230.0 days/days; walltime: 0.3
36556.0/37230.0 days/days; walltime: 0.3
36557.0/37230.0 days/days; walltime: 0.1
36558.0/37230.0 days/days; walltime: 0.4
36559.0/37230.0 days/days; walltime: 0.3
36560.0/37230.0 days/days; walltime: 0.1
36561.0/37230.0 days/days; walltime: 1.8
36562.0/37230.0 days/days; walltime: 0.2
36563.0/37230.0 days/days; walltime: 0.1
36564.0/37230.0 days/days; walltime: 0.2
36565.0/37230.0 days/days; walltime: 0.3
36566.0/37230.0 days/days; walltime: 0.1
36567.0/37230.0 days/days; walltime: 0.3
36568.0/37230.0 days/days; walltime: 0.1
36569.0/37230.0 days/days; walltime: 0.2
36570.0/37230.0 days/days; walltime: 0.1
36571.0/37230.0 days/days; walltime: 0.3
36572.0/37230.0 days/days; walltime: 0.2
36573.0/37230.0 days/days; walltime: 0.1
36574.0/37230.0 days/days; walltime: 0.2
36575.0/37230.0 days/days; walltime: 0.1
36576.0/37230.0 days/days; walltime: 0.2
36577.0/37230.0 days/days; walltime: 0.1
36578.0/37230.0 days/days; walltime: 0.3
-36579.0/37230.0 days/days; walltime: 0.0
36580.0/37230.0 days/days; walltime: 0.2
-36581.0/37230.0 days/days; walltime: 0.1
-36582.0/37230.0 days/days; walltime: 0.2
-36583.0/37230.0 days/days; walltime: 0.1
---36584.0/37230.0 days/days; walltime: 0.2
-36585.0/37230.0 days/days; walltime: 0.1
---36586.0/37230.0 days/days; walltime: 0.2
-36587.0/37230.0 days/days; walltime: 0.1
-36588.0/37230.0 days/days; walltime: 0.0
--36589.0/37230.0 days/days; walltime: 0.2
-36590.0/37230.0 days/days; walltime: 0.1
--36591.0/37230.0 days/days; walltime: 0.2
-36592.0/37230.0 days/days; walltime: 0.0
---36593.0/37230.0 days/days; walltime: 0.2
-36594.0/37230.0 days/days; walltime: 0.1
-36595.0/37230.0 days/days; walltime: 0.0
---36596.0/37230.0 days/days; walltime: 0.2
36597.0/37230.0 days/days; walltime: 0.0
---36598.0/37230.0 days/days; walltime: 0.2
--36599.0/37230.0 days/days; walltime: 0.1
-36600.0/37230.0 days/days; walltime: 0.0
---36601.0/37230.0 days/days; walltime: 0.2
-36602.0/37230.0 days/days; walltime: 0.0
---36603.0/37230.0 days/days; walltime: 0.2
-36604.0/37230.0 days/days; walltime: 0.0
--36605.0/37230.0 days/days; walltime: 0.1
--36606.0/37230.0 days/days; walltime: 0.2
--36607.0/37230.0 days/days; walltime: 0.1
-36608.0/37230.0 days/days; walltime: 0.0
--36609.0/37230.0 days/days; walltime: 0.2
--36610.0/37230.0 days/days; walltime: 0.1
-36611.0/37230.0 days/days; walltime: 0.0
---36612.0/37230.0 days/days; walltime: 0.2
-36613.0/37230.0 days/days; walltime: 0.0
-36614.0/37230.0 days/days; walltime: 0.0
-----36615.0/37230.0 days/days; walltime: 0.4
--------------------------------------------------------------------------------------------36616.0/37230.0 days/days; walltime: 4.6
---------------------------------------------------------------------------------------36617.0/37230.0 days/days; walltime: 4.2
----------------------------------------------------------------------------------------------36618.0/37230.0 days/days; walltime: 5.1
-------------------------------------------------------------------------------------------36619.0/37230.0 days/days; walltime: 4.7
------------------------------------------------------------------------------------------------------------------------------------------------------------------------------------------------36620.0/37230.0 days/days; walltime: 10.9
------------------------------------------------------------------------------------------------------------------------------------------------------------------------------------------------------------------------------------------------------36621.0/37230.0 days/days; walltime: 13.3
----------------------------------------------------------------------------------------------------------------------------------------------------------------------------------------------------------------------------------------------------------------------------------------------------------------------------------------------------------------------------------------------------------------------------36622.0/37230.0 days/days; walltime: 22.3
----------------------------------------------------------------------------------------------------------------------------------------------------------------------------------------------------------------------------------------------------------------------------------------------------------------------------------------------------------------------------------------------------------------------------------------------------------------36623.0/37230.0 days/days; walltime: 24.2
---------------------------------------------------------------------------------------------------------------------------------------------------------------------------------------------------------------------------------------------------------------------------------------------------------------------------------------------------------------------------------------------------------------------------------------------------------------------------------------------------------------------------------------------------------------------------------------------------------------------------------------------------------------------------------------------------36624.0/37230.0 days/days; walltime: 36.1
-----------------------------------------------------------------------------------------------------------------------------------------------------------------------------------------------------------------------------------------------------------------------------------------------------------------------------------------------------------------------------------------------------------------------------------------------------------------------------------------------------------------------------------36625.0/37230.0 days/days; walltime: 28.6
----------------------------------------------------------------------------------------------------------------------------------------------------------------------------------------------------------------------------------------------------------------------------------------------------------------------------------------------------------------------------------------------------------------------------------------------------------------------------------------------------------------------------------------------------36626.0/37230.0 days/days; walltime: 28.7
-------------------------------------------------------------------------------------------------------------------------------------------------------------------------------------------------------------------------------------------------------------------------------------------------------------------------------------------------------------------------------------------------------------------------------------------------------------------------------------------------------------------------------------------------------------------------------------------------------------------------------------------------------------------------------------------------------------------------------------------------------------------------------------------36627.0/37230.0 days/days; walltime: 39.8
-------------------------------------------------------------------------------------------------------------------------------------------------------------------------------------------------------------------------------------------------------------------------------------------------------------------------------------------------------------------------------------------------------------------------------------------------------------------------------------------------------------------------------------------------------------------------------------------------------------------------------------------------------------------------------------------------------------------------------------------------------------------------------------------------------------------------------------------------------------------------------------------------------------------------------------------------------------------------------------------------------------36628.0/37230.0 days/days; walltime: 51.8
-----------------------------------------------------------------------------------------------------------------------------------------------------------------------------------------------------------------------------------------------------------------------------------------------------------------------------------------------------------------------------------------------------------------------------------------------------------------------------------------------------------------------------------------------------------------------------------------------------------------------------------------------------------------------------------------------------------------------------------------------------------------------------------------------------------------------------------------------------------------------------------------------------------------------36629.0/37230.0 days/days; walltime: 45.0
----------------------------------------------------------------------------------------------------------------------------------------------------------------------------------------------------------------------------------------------------------------------------------------------------------------------------------------------------------------------------------------------------------------------------------------------------------------------------------------------------------------------------------------------------------------------------------------------------------------------------------------------------------------------------------------------------------------------------------------------------------------------------------------------------------------------------------------------------------------------------------------------------------------------------------------------------------------------------------------------------------36630.0/37230.0 days/days; walltime: 49.9
--------------------------------------------------------------------------------------------------------------------------------------------------------------------------------------------------------------------------------------------------------------------------------------------------------------------------------------------------------------------------------------------------------------------------------------------------------------------------------------------------------------------------------------------------------------------------------------------------------------------------------------------------------------------------------------------------------------------------------------------------------------------------------------------------------------------------------------------------------------------------------------------------------------------------36631.0/37230.0 days/days; walltime: 44.6
---------------------------------------------------------------------------------------------------------------------------------------------------------------------------------------------------------------------------------------------------------------------------------------------------------------------------------------------------------------------------------------------------------------------------------------------------------------------------------------------------------------------------------------------------------------------------------------------------------------------------------------------------------------------------------------------------------------------------------36632.0/37230.0 days/days; walltime: 36.0
-----------------------------------------------------------------------------------------------------------------------------------------------------------------------------------------------------------------------------------------------------------------------------------------------------------------------------------------------------------------------------------------------------------------------------------------------------------------------------------------------------------------------------------------------------------------------------------------------------------------------------------------------------------------------------------------------------------------------------------------------------------------------------------------------------------------------------------------------------------------------------------------------------------------------------------------36633.0/37230.0 days/days; walltime: 45.3
----------------------------------------------------------------------------------------------------------------------------------------------------------------------------------------------------------------------------------------------------------------------------------------------------------------------------------------------------------------------------------------------------------------------------------------------------------------------------------------------------------------------------------------------------------------------------------------------------------------------------------------------------------------------------------------------------------------------------------------------------------------------------------------------------------------------------------------------------------------------36634.0/37230.0 days/days; walltime: 41.2
-----------------------------------------------------------------------------------------------------------------------------------------------------------------------------------------------------------------------------------------------------------------------------------------------------------------------------------------------------------------------------------------------------------------------------------------------------------------------------------------------------------------------------------------------------------------------------------------------------------------------------------------------------------------------------------------------------------------------------------------------------------------------------------------------------------------------------------------------36635.0/37230.0 days/days; walltime: 41.9
------------------------------------------------------------------------------------------------------------------------------------------------------------------------------------------------------------------------------------------------------------------------------------------------------------------------------------------------------------------------------------------------------------------------------------------------------------------------------------------------------------------------------------------------------------------------------------------------------------------------------------------------------------------------------------------------------------------------------------------------------------------------------------------------------------------------------------------------------------------------------------------------36636.0/37230.0 days/days; walltime: 42.5
--------------------------------------------------------------------------------------------------------------------------------------------------------------------------------------------------------------------------------------------------------------------------------------------------------------------------------------------------------------------------------------------------------------------------------------------------------------------------------------------------------------------------------------------------------------------------------------------------------------------------------------------------------------------------------------------------------------------------------------------------------------------------------------------------------------------------------------------------------------------------------------------------------------------------------------------------36637.0/37230.0 days/days; walltime: 47.7
------------------------------------------------------------------------------------------------------------------------------------------------------------------------------------------------------------------------------------------------------------------------------------------------------------------------------------------------------------------------------------------------------------------------------------------------------------------------------------------------------------------------------------------------------------------------------------------------------------------------------------------------------------------------------------------------------------------------------------------------------------------------------------------------------------------------------------36638.0/37230.0 days/days; walltime: 40.0
--------36639.0/37230.0 days/days; walltime: 47.4
36640.0/37230.0 days/days; walltime: 43.3
36641.0/37230.0 days/days; walltime: 40.3
36642.0/37230.0 days/days; walltime: 42.9
36643.0/37230.0 days/days; walltime: 36.2
36644.0/37230.0 days/days; walltime: 30.4
36645.0/37230.0 days/days; walltime: 45.8
36646.0/37230.0 days/days; walltime: 33.3
36647.0/37230.0 days/days; walltime: 29.1
36648.0/37230.0 days/days; walltime: 29.1
36649.0/37230.0 days/days; walltime: 39.5
36650.0/37230.0 days/days; walltime: 31.7
36651.0/37230.0 days/days; walltime: 26.5
36652.0/37230.0 days/days; walltime: 34.0
----36653.0/37230.0 days/days; walltime: 36.1
36654.0/37230.0 days/days; walltime: 32.5
36655.0/37230.0 days/days; walltime: 31.2
36656.0/37230.0 days/days; walltime: 32.7
36657.0/37230.0 days/days; walltime: 32.5
36658.0/37230.0 days/days; walltime: 52.9
36659.0/37230.0 days/days; walltime: 12.2
36660.0/37230.0 days/days; walltime: 8.6
36661.0/37230.0 days/days; walltime: 10.9
36662.0/37230.0 days/days; walltime: 19.7
--36663.0/37230.0 days/days; walltime: 26.8
36664.0/37230.0 days/days; walltime: 10.9
36665.0/37230.0 days/days; walltime: 13.4
36666.0/37230.0 days/days; walltime: 21.2
36667.0/37230.0 days/days; walltime: 14.7
--36668.0/37230.0 days/days; walltime: 30.6
36669.0/37230.0 days/days; walltime: 24.5
-36670.0/37230.0 days/days; walltime: 21.6
36671.0/37230.0 days/days; walltime: 24.1
---36672.0/37230.0 days/days; walltime: 31.3
36673.0/37230.0 days/days; walltime: 18.3
36674.0/37230.0 days/days; walltime: 46.9
36675.0/37230.0 days/days; walltime: 19.5
---36676.0/37230.0 days/days; walltime: 13.7
36677.0/37230.0 days/days; walltime: 29.6
------36678.0/37230.0 days/days; walltime: 22.7
--36679.0/37230.0 days/days; walltime: 25.1
36680.0/37230.0 days/days; walltime: 24.7
--36681.0/37230.0 days/days; walltime: 25.8
--36682.0/37230.0 days/days; walltime: 32.7
----36683.0/37230.0 days/days; walltime: 34.6
--------36684.0/37230.0 days/days; walltime: 32.8
------36685.0/37230.0 days/days; walltime: 22.3
--------------36686.0/37230.0 days/days; walltime: 38.1
-------36687.0/37230.0 days/days; walltime: 22.0
36688.0/37230.0 days/days; walltime: 18.1
--36689.0/37230.0 days/days; walltime: 10.4
--36690.0/37230.0 days/days; walltime: 24.9
--36691.0/37230.0 days/days; walltime: 50.4
---36692.0/37230.0 days/days; walltime: 13.0
----------36693.0/37230.0 days/days; walltime: 35.1
-------36694.0/37230.0 days/days; walltime: 42.2
36695.0/37230.0 days/days; walltime: 17.8
36696.0/37230.0 days/days; walltime: 30.7
36697.0/37230.0 days/days; walltime: 11.2
36698.0/37230.0 days/days; walltime: 23.7
-----36699.0/37230.0 days/days; walltime: 23.4
36700.0/37230.0 days/days; walltime: 21.8
------36701.0/37230.0 days/days; walltime: 22.8
36702.0/37230.0 days/days; walltime: 26.2
36703.0/37230.0 days/days; walltime: 5.2
-------36704.0/37230.0 days/days; walltime: 47.8
--36705.0/37230.0 days/days; walltime: 17.7
36706.0/37230.0 days/days; walltime: 7.0
36707.0/37230.0 days/days; walltime: 12.8
--36708.0/37230.0 days/days; walltime: 11.0
36709.0/37230.0 days/days; walltime: 19.8
36710.0/37230.0 days/days; walltime: 16.3
--36711.0/37230.0 days/days; walltime: 13.7
--36712.0/37230.0 days/days; walltime: 25.4
--36713.0/37230.0 days/days; walltime: 12.4
--36714.0/37230.0 days/days; walltime: 13.8
36715.0/37230.0 days/days; walltime: 17.2
--36716.0/37230.0 days/days; walltime: 10.1
36717.0/37230.0 days/days; walltime: 12.3
36718.0/37230.0 days/days; walltime: 13.7
36719.0/37230.0 days/days; walltime: 17.8
36720.0/37230.0 days/days; walltime: 10.2
36721.0/37230.0 days/days; walltime: 18.8
36722.0/37230.0 days/days; walltime: 24.9
36723.0/37230.0 days/days; walltime: 6.0
36724.0/37230.0 days/days; walltime: 10.4
36725.0/37230.0 days/days; walltime: 9.4
36726.0/37230.0 days/days; walltime: 19.9
36727.0/37230.0 days/days; walltime: 20.2
36728.0/37230.0 days/days; walltime: 15.2
36729.0/37230.0 days/days; walltime: 6.7
36730.0/37230.0 days/days; walltime: 13.7
36731.0/37230.0 days/days; walltime: 10.0
36732.0/37230.0 days/days; walltime: 12.8
36733.0/37230.0 days/days; walltime: 30.8
36734.0/37230.0 days/days; walltime: 9.3
36735.0/37230.0 days/days; walltime: 14.9
36736.0/37230.0 days/days; walltime: 12.5
36737.0/37230.0 days/days; walltime: 38.3
36738.0/37230.0 days/days; walltime: 30.2
36739.0/37230.0 days/days; walltime: 14.5
36740.0/37230.0 days/days; walltime: 10.2
36741.0/37230.0 days/days; walltime: 11.3
36742.0/37230.0 days/days; walltime: 18.2
36743.0/37230.0 days/days; walltime: 9.1
36744.0/37230.0 days/days; walltime: 9.7
36745.0/37230.0 days/days; walltime: 7.2
36746.0/37230.0 days/days; walltime: 7.2
36747.0/37230.0 days/days; walltime: 5.7
36748.0/37230.0 days/days; walltime: 4.3
36749.0/37230.0 days/days; walltime: 7.8
36750.0/37230.0 days/days; walltime: 2.6
36751.0/37230.0 days/days; walltime: 0.8
36752.0/37230.0 days/days; walltime: 0.5
36753.0/37230.0 days/days; walltime: 0.6
36754.0/37230.0 days/days; walltime: 0.4
36755.0/37230.0 days/days; walltime: 0.5
36756.0/37230.0 days/days; walltime: 0.4
36757.0/37230.0 days/days; walltime: 0.3
36758.0/37230.0 days/days; walltime: 0.3
36759.0/37230.0 days/days; walltime: 0.3
36760.0/37230.0 days/days; walltime: 0.3
36761.0/37230.0 days/days; walltime: 0.3
36762.0/37230.0 days/days; walltime: 0.3
36763.0/37230.0 days/days; walltime: 0.3
36764.0/37230.0 days/days; walltime: 0.1
36765.0/37230.0 days/days; walltime: 0.3
--36766.0/37230.0 days/days; walltime: 6.7
36767.0/37230.0 days/days; walltime: 0.8
36768.0/37230.0 days/days; walltime: 0.3
36769.0/37230.0 days/days; walltime: 0.1
36770.0/37230.0 days/days; walltime: 0.3
36771.0/37230.0 days/days; walltime: 0.1
36772.0/37230.0 days/days; walltime: 0.3
36773.0/37230.0 days/days; walltime: 0.2
36774.0/37230.0 days/days; walltime: 0.1
36775.0/37230.0 days/days; walltime: 0.2
36776.0/37230.0 days/days; walltime: 0.1
36777.0/37230.0 days/days; walltime: 0.2
36778.0/37230.0 days/days; walltime: 0.1
36779.0/37230.0 days/days; walltime: 0.2
36780.0/37230.0 days/days; walltime: 0.1
36781.0/37230.0 days/days; walltime: 0.2
36782.0/37230.0 days/days; walltime: 0.3
36783.0/37230.0 days/days; walltime: 0.1
36784.0/37230.0 days/days; walltime: 0.2
36785.0/37230.0 days/days; walltime: 0.1
36786.0/37230.0 days/days; walltime: 0.2
36787.0/37230.0 days/days; walltime: 0.1
36788.0/37230.0 days/days; walltime: 0.2
36789.0/37230.0 days/days; walltime: 0.1
36790.0/37230.0 days/days; walltime: 0.2
36791.0/37230.0 days/days; walltime: 0.1
36792.0/37230.0 days/days; walltime: 0.2
36793.0/37230.0 days/days; walltime: 0.1
36794.0/37230.0 days/days; walltime: 0.2
36795.0/37230.0 days/days; walltime: 0.1
36796.0/37230.0 days/days; walltime: 0.2
36797.0/37230.0 days/days; walltime: 0.1
36798.0/37230.0 days/days; walltime: 0.2
36799.0/37230.0 days/days; walltime: 0.0
36800.0/37230.0 days/days; walltime: 0.1
36801.0/37230.0 days/days; walltime: 0.2
36802.0/37230.0 days/days; walltime: 0.1
36803.0/37230.0 days/days; walltime: 0.2
36804.0/37230.0 days/days; walltime: 0.1
-36805.0/37230.0 days/days; walltime: 0.2
36806.0/37230.0 days/days; walltime: 0.0
--36807.0/37230.0 days/days; walltime: 0.1
-36808.0/37230.0 days/days; walltime: 0.2
-36809.0/37230.0 days/days; walltime: 0.0
---36810.0/37230.0 days/days; walltime: 0.2
----36811.0/37230.0 days/days; walltime: 0.2
--36812.0/37230.0 days/days; walltime: 0.1
----36813.0/37230.0 days/days; walltime: 0.6
--36814.0/37230.0 days/days; walltime: 0.1
--36815.0/37230.0 days/days; walltime: 0.3
36816.0/37230.0 days/days; walltime: 0.1
36817.0/37230.0 days/days; walltime: 0.2
36818.0/37230.0 days/days; walltime: 0.2
36819.0/37230.0 days/days; walltime: 0.2
36820.0/37230.0 days/days; walltime: 0.1
36821.0/37230.0 days/days; walltime: 0.3
36822.0/37230.0 days/days; walltime: 0.1
36823.0/37230.0 days/days; walltime: 0.1
36824.0/37230.0 days/days; walltime: 0.3
36825.0/37230.0 days/days; walltime: 0.1
36826.0/37230.0 days/days; walltime: 0.1
36827.0/37230.0 days/days; walltime: 1.8
36828.0/37230.0 days/days; walltime: 0.1
36829.0/37230.0 days/days; walltime: 0.1
36830.0/37230.0 days/days; walltime: 0.2
36831.0/37230.0 days/days; walltime: 0.0
36832.0/37230.0 days/days; walltime: 0.0
36833.0/37230.0 days/days; walltime: 0.2
36834.0/37230.0 days/days; walltime: 0.1
36835.0/37230.0 days/days; walltime: 0.0
36836.0/37230.0 days/days; walltime: 0.2
36837.0/37230.0 days/days; walltime: 0.0
36838.0/37230.0 days/days; walltime: 0.0
36839.0/37230.0 days/days; walltime: 0.2
36840.0/37230.0 days/days; walltime: 0.0
36841.0/37230.0 days/days; walltime: 0.0
36842.0/37230.0 days/days; walltime: 0.0
36843.0/37230.0 days/days; walltime: 0.2
36844.0/37230.0 days/days; walltime: 0.0
36845.0/37230.0 days/days; walltime: 0.0
36846.0/37230.0 days/days; walltime: 0.2
36847.0/37230.0 days/days; walltime: 0.0
36848.0/37230.0 days/days; walltime: 0.0
36849.0/37230.0 days/days; walltime: 0.0
36850.0/37230.0 days/days; walltime: 0.2
36851.0/37230.0 days/days; walltime: 0.1
36852.0/37230.0 days/days; walltime: 0.1
36853.0/37230.0 days/days; walltime: 0.1
36854.0/37230.0 days/days; walltime: 0.2
36855.0/37230.0 days/days; walltime: 0.0
36856.0/37230.0 days/days; walltime: 0.0
36857.0/37230.0 days/days; walltime: 0.0
36858.0/37230.0 days/days; walltime: 0.2
36859.0/37230.0 days/days; walltime: 0.0
36860.0/37230.0 days/days; walltime: 0.0
36861.0/37230.0 days/days; walltime: 0.0
36862.0/37230.0 days/days; walltime: 0.2
36863.0/37230.0 days/days; walltime: 1.8
36864.0/37230.0 days/days; walltime: 0.4
36866.0/37230.0 days/days; walltime: 0.1
-36867.0/37230.0 days/days; walltime: 0.0
-36868.0/37230.0 days/days; walltime: 0.0
-36869.0/37230.0 days/days; walltime: 0.0
--36870.0/37230.0 days/days; walltime: 0.2
-36871.0/37230.0 days/days; walltime: 0.0
-36872.0/37230.0 days/days; walltime: 0.0
-36873.0/37230.0 days/days; walltime: 0.0
--36875.0/37230.0 days/days; walltime: 0.2
-36876.0/37230.0 days/days; walltime: 0.0
-36877.0/37230.0 days/days; walltime: 0.0
-36878.0/37230.0 days/days; walltime: 0.0
-36879.0/37230.0 days/days; walltime: 0.0
-36880.0/37230.0 days/days; walltime: 0.0
-36882.0/37230.0 days/days; walltime: 0.0
36883.0/37230.0 days/days; walltime: 0.0
36884.0/37230.0 days/days; walltime: 0.0
-36885.0/37230.0 days/days; walltime: 0.0
-36886.0/37230.0 days/days; walltime: 0.0
-36887.0/37230.0 days/days; walltime: 0.0
--36888.0/37230.0 days/days; walltime: 0.2
36890.0/37230.0 days/days; walltime: 0.0
36891.0/37230.0 days/days; walltime: 0.0
36892.0/37230.0 days/days; walltime: 0.0
36893.0/37230.0 days/days; walltime: 0.2
36894.0/37230.0 days/days; walltime: 0.0
36895.0/37230.0 days/days; walltime: 0.0
36897.0/37230.0 days/days; walltime: 0.0
36898.0/37230.0 days/days; walltime: 0.2
36899.0/37230.0 days/days; walltime: 0.0
36900.0/37230.0 days/days; walltime: 0.0
36901.0/37230.0 days/days; walltime: 0.0
36903.0/37230.0 days/days; walltime: 0.2
36904.0/37230.0 days/days; walltime: 0.0
36905.0/37230.0 days/days; walltime: 0.0
36906.0/37230.0 days/days; walltime: 0.0
36908.0/37230.0 days/days; walltime: 0.2
36909.0/37230.0 days/days; walltime: 0.0
36910.0/37230.0 days/days; walltime: 0.0
36911.0/37230.0 days/days; walltime: 0.0
36913.0/37230.0 days/days; walltime: 0.2
36914.0/37230.0 days/days; walltime: 0.0
36915.0/37230.0 days/days; walltime: 0.0
36917.0/37230.0 days/days; walltime: 0.0
36918.0/37230.0 days/days; walltime: 0.2
36919.0/37230.0 days/days; walltime: 0.0
36920.0/37230.0 days/days; walltime: 0.0
36922.0/37230.0 days/days; walltime: 0.0
36923.0/37230.0 days/days; walltime: 0.2
36924.0/37230.0 days/days; walltime: 0.0
36926.0/37230.0 days/days; walltime: 0.0
36927.0/37230.0 days/days; walltime: 0.0
36928.0/37230.0 days/days; walltime: 0.2
36930.0/37230.0 days/days; walltime: 0.0
36931.0/37230.0 days/days; walltime: 0.0
36933.0/37230.0 days/days; walltime: 0.0
36934.0/37230.0 days/days; walltime: 0.2
36935.0/37230.0 days/days; walltime: 0.0
36937.0/37230.0 days/days; walltime: 0.0
36938.0/37230.0 days/days; walltime: 0.0
36940.0/37230.0 days/days; walltime: 0.2
36941.0/37230.0 days/days; walltime: 0.0
36943.0/37230.0 days/days; walltime: 0.0
36944.0/37230.0 days/days; walltime: 0.0
36945.0/37230.0 days/days; walltime: 0.2
36947.0/37230.0 days/days; walltime: 0.0
36948.0/37230.0 days/days; walltime: 0.0
36950.0/37230.0 days/days; walltime: 0.0
36951.0/37230.0 days/days; walltime: 0.2
36953.0/37230.0 days/days; walltime: 0.0
36954.0/37230.0 days/days; walltime: 0.0
36956.0/37230.0 days/days; walltime: 0.0
36957.0/37230.0 days/days; walltime: 0.2
36959.0/37230.0 days/days; walltime: 0.0
36961.0/37230.0 days/days; walltime: 0.0
36962.0/37230.0 days/days; walltime: 0.0
36964.0/37230.0 days/days; walltime: 0.2
36965.0/37230.0 days/days; walltime: 0.0
36967.0/37230.0 days/days; walltime: 0.0
36968.0/37230.0 days/days; walltime: 0.0
36970.0/37230.0 days/days; walltime: 0.2
36972.0/37230.0 days/days; walltime: 0.0
36973.0/37230.0 days/days; walltime: 0.0
36975.0/37230.0 days/days; walltime: 0.0
36977.0/37230.0 days/days; walltime: 0.2
36978.0/37230.0 days/days; walltime: 0.0
-36980.0/37230.0 days/days; walltime: 0.2
-----36981.0/37230.0 days/days; walltime: 3.9
36982.0/37230.0 days/days; walltime: 2.7
36983.0/37230.0 days/days; walltime: 5.3
36984.0/37230.0 days/days; walltime: 6.7
36985.0/37230.0 days/days; walltime: 9.4
36986.0/37230.0 days/days; walltime: 15.0
36987.0/37230.0 days/days; walltime: 23.7
36988.0/37230.0 days/days; walltime: 31.4
36989.0/37230.0 days/days; walltime: 32.8
36990.0/37230.0 days/days; walltime: 30.4
36991.0/37230.0 days/days; walltime: 37.2
36992.0/37230.0 days/days; walltime: 40.5
36993.0/37230.0 days/days; walltime: 43.6
36994.0/37230.0 days/days; walltime: 43.6
36995.0/37230.0 days/days; walltime: 44.1
36996.0/37230.0 days/days; walltime: 50.8
36997.0/37230.0 days/days; walltime: 39.6
36998.0/37230.0 days/days; walltime: 46.8
36999.0/37230.0 days/days; walltime: 39.5
37000.0/37230.0 days/days; walltime: 35.9
37001.0/37230.0 days/days; walltime: 32.7
37002.0/37230.0 days/days; walltime: 35.5
37003.0/37230.0 days/days; walltime: 44.0
37004.0/37230.0 days/days; walltime: 41.5
37005.0/37230.0 days/days; walltime: 50.5
37006.0/37230.0 days/days; walltime: 46.4
37007.0/37230.0 days/days; walltime: 35.3
37008.0/37230.0 days/days; walltime: 45.4
37009.0/37230.0 days/days; walltime: 40.5
37010.0/37230.0 days/days; walltime: 48.9
37011.0/37230.0 days/days; walltime: 35.2
37012.0/37230.0 days/days; walltime: 34.0
37013.0/37230.0 days/days; walltime: 30.9
37014.0/37230.0 days/days; walltime: 39.5
37015.0/37230.0 days/days; walltime: 36.1
37016.0/37230.0 days/days; walltime: 34.8
37017.0/37230.0 days/days; walltime: 36.2
37018.0/37230.0 days/days; walltime: 39.3
37019.0/37230.0 days/days; walltime: 31.3
37020.0/37230.0 days/days; walltime: 32.8
37021.0/37230.0 days/days; walltime: 39.1
37022.0/37230.0 days/days; walltime: 31.7
37023.0/37230.0 days/days; walltime: 56.9
37024.0/37230.0 days/days; walltime: 18.7
37025.0/37230.0 days/days; walltime: 10.6
37026.0/37230.0 days/days; walltime: 13.6
37027.0/37230.0 days/days; walltime: 11.3
--37028.0/37230.0 days/days; walltime: 31.6
37029.0/37230.0 days/days; walltime: 15.3
37030.0/37230.0 days/days; walltime: 15.8
-37031.0/37230.0 days/days; walltime: 24.7
37032.0/37230.0 days/days; walltime: 16.7
--37033.0/37230.0 days/days; walltime: 26.1
---37034.0/37230.0 days/days; walltime: 33.7
37035.0/37230.0 days/days; walltime: 17.0
37036.0/37230.0 days/days; walltime: 24.3
37037.0/37230.0 days/days; walltime: 25.3
37038.0/37230.0 days/days; walltime: 21.2
37039.0/37230.0 days/days; walltime: 34.6
---37040.0/37230.0 days/days; walltime: 32.5
--37041.0/37230.0 days/days; walltime: 13.6
37042.0/37230.0 days/days; walltime: 29.0
------37043.0/37230.0 days/days; walltime: 27.2
--37044.0/37230.0 days/days; walltime: 24.6
37045.0/37230.0 days/days; walltime: 23.3
----37046.0/37230.0 days/days; walltime: 26.8
37047.0/37230.0 days/days; walltime: 27.0
------37048.0/37230.0 days/days; walltime: 38.2
------37049.0/37230.0 days/days; walltime: 22.9
-----37050.0/37230.0 days/days; walltime: 26.1
------37051.0/37230.0 days/days; walltime: 41.9
----37052.0/37230.0 days/days; walltime: 19.5
37053.0/37230.0 days/days; walltime: 11.2
37054.0/37230.0 days/days; walltime: 14.7
----37055.0/37230.0 days/days; walltime: 21.8
--37056.0/37230.0 days/days; walltime: 22.5
--37057.0/37230.0 days/days; walltime: 23.2
--------37058.0/37230.0 days/days; walltime: 29.6
-----------37059.0/37230.0 days/days; walltime: 35.0
37060.0/37230.0 days/days; walltime: 33.0
37061.0/37230.0 days/days; walltime: 22.0
37062.0/37230.0 days/days; walltime: 17.3
37063.0/37230.0 days/days; walltime: 24.3
--37064.0/37230.0 days/days; walltime: 20.8
--37065.0/37230.0 days/days; walltime: 23.5
--37066.0/37230.0 days/days; walltime: 25.2
--37067.0/37230.0 days/days; walltime: 18.3
37068.0/37230.0 days/days; walltime: 7.8
-----37069.0/37230.0 days/days; walltime: 45.6
--37070.0/37230.0 days/days; walltime: 12.6
37071.0/37230.0 days/days; walltime: 10.3
37072.0/37230.0 days/days; walltime: 5.5
----37073.0/37230.0 days/days; walltime: 13.7
37074.0/37230.0 days/days; walltime: 22.6
37075.0/37230.0 days/days; walltime: 18.4
--37076.0/37230.0 days/days; walltime: 24.2
--37077.0/37230.0 days/days; walltime: 13.5
--37078.0/37230.0 days/days; walltime: 17.4
--37079.0/37230.0 days/days; walltime: 8.0
37080.0/37230.0 days/days; walltime: 38.2
37081.0/37230.0 days/days; walltime: 10.1
37082.0/37230.0 days/days; walltime: 9.2
37083.0/37230.0 days/days; walltime: 7.3
37084.0/37230.0 days/days; walltime: 34.2
37085.0/37230.0 days/days; walltime: 6.1
37086.0/37230.0 days/days; walltime: 13.0
37087.0/37230.0 days/days; walltime: 12.4
37088.0/37230.0 days/days; walltime: 11.9
37089.0/37230.0 days/days; walltime: 13.4
37090.0/37230.0 days/days; walltime: 7.0
37091.0/37230.0 days/days; walltime: 16.7
37092.0/37230.0 days/days; walltime: 11.7
37093.0/37230.0 days/days; walltime: 21.5
37094.0/37230.0 days/days; walltime: 8.6
37095.0/37230.0 days/days; walltime: 15.4
37096.0/37230.0 days/days; walltime: 16.0
37097.0/37230.0 days/days; walltime: 13.3
37098.0/37230.0 days/days; walltime: 20.6
37099.0/37230.0 days/days; walltime: 9.6
37100.0/37230.0 days/days; walltime: 13.1
37101.0/37230.0 days/days; walltime: 13.9
37102.0/37230.0 days/days; walltime: 23.8
37103.0/37230.0 days/days; walltime: 37.4
37104.0/37230.0 days/days; walltime: 12.2
37105.0/37230.0 days/days; walltime: 9.5
37106.0/37230.0 days/days; walltime: 11.0
37107.0/37230.0 days/days; walltime: 15.6
37108.0/37230.0 days/days; walltime: 8.0
37109.0/37230.0 days/days; walltime: 8.0
37110.0/37230.0 days/days; walltime: 8.6
37111.0/37230.0 days/days; walltime: 6.0
37112.0/37230.0 days/days; walltime: 5.6
37113.0/37230.0 days/days; walltime: 4.9
37114.0/37230.0 days/days; walltime: 5.8
37115.0/37230.0 days/days; walltime: 2.3
37116.0/37230.0 days/days; walltime: 0.8
37117.0/37230.0 days/days; walltime: 0.5
37118.0/37230.0 days/days; walltime: 0.6
37119.0/37230.0 days/days; walltime: 0.4
37120.0/37230.0 days/days; walltime: 0.6
37121.0/37230.0 days/days; walltime: 0.3
37122.0/37230.0 days/days; walltime: 0.4
37123.0/37230.0 days/days; walltime: 0.3
37124.0/37230.0 days/days; walltime: 0.3
37125.0/37230.0 days/days; walltime: 0.3
37126.0/37230.0 days/days; walltime: 0.3
37127.0/37230.0 days/days; walltime: 0.3
37128.0/37230.0 days/days; walltime: 0.3
37129.0/37230.0 days/days; walltime: 0.3
--------37130.0/37230.0 days/days; walltime: 0.5
------37131.0/37230.0 days/days; walltime: 0.3
----37132.0/37230.0 days/days; walltime: 0.3
------37133.0/37230.0 days/days; walltime: 0.4
-------------------------------------------37134.0/37230.0 days/days; walltime: 1.9
----------------------------------------------37135.0/37230.0 days/days; walltime: 2.4
----37136.0/37230.0 days/days; walltime: 0.2
---37137.0/37230.0 days/days; walltime: 0.2
---37138.0/37230.0 days/days; walltime: 0.1
---37139.0/37230.0 days/days; walltime: 0.2
--37140.0/37230.0 days/days; walltime: 0.1
----37141.0/37230.0 days/days; walltime: 0.3
---37142.0/37230.0 days/days; walltime: 0.2
--37143.0/37230.0 days/days; walltime: 0.1
---37144.0/37230.0 days/days; walltime: 0.2
---37145.0/37230.0 days/days; walltime: 0.1
---37146.0/37230.0 days/days; walltime: 0.2
--37147.0/37230.0 days/days; walltime: 0.1
---37148.0/37230.0 days/days; walltime: 0.2
--37149.0/37230.0 days/days; walltime: 0.1
---37150.0/37230.0 days/days; walltime: 0.2
--37151.0/37230.0 days/days; walltime: 0.1
--37152.0/37230.0 days/days; walltime: 0.2
--37153.0/37230.0 days/days; walltime: 0.1
---37154.0/37230.0 days/days; walltime: 0.2
--37155.0/37230.0 days/days; walltime: 0.1
---37156.0/37230.0 days/days; walltime: 0.2
-37157.0/37230.0 days/days; walltime: 0.0
--37158.0/37230.0 days/days; walltime: 0.1
---37159.0/37230.0 days/days; walltime: 0.2
-37160.0/37230.0 days/days; walltime: 0.0
---37161.0/37230.0 days/days; walltime: 0.2
--37162.0/37230.0 days/days; walltime: 0.1
-37163.0/37230.0 days/days; walltime: 0.0
---37164.0/37230.0 days/days; walltime: 0.2
-37165.0/37230.0 days/days; walltime: 0.0
---37166.0/37230.0 days/days; walltime: 0.2
-37167.0/37230.0 days/days; walltime: 0.0
--37168.0/37230.0 days/days; walltime: 0.1
--37169.0/37230.0 days/days; walltime: 0.2
--37170.0/37230.0 days/days; walltime: 0.1
-37171.0/37230.0 days/days; walltime: 0.0
---37172.0/37230.0 days/days; walltime: 0.2
-37173.0/37230.0 days/days; walltime: 0.0
-37174.0/37230.0 days/days; walltime: 0.0
---37175.0/37230.0 days/days; walltime: 0.2
-37176.0/37230.0 days/days; walltime: 0.0
---37177.0/37230.0 days/days; walltime: 0.2
-37178.0/37230.0 days/days; walltime: 0.0
-37179.0/37230.0 days/days; walltime: 0.0
---37180.0/37230.0 days/days; walltime: 0.2
-37181.0/37230.0 days/days; walltime: 0.0
-37182.0/37230.0 days/days; walltime: 0.0
-37183.0/37230.0 days/days; walltime: 0.0
---37184.0/37230.0 days/days; walltime: 0.2
-37185.0/37230.0 days/days; walltime: 0.0
-37186.0/37230.0 days/days; walltime: 0.0
--37187.0/37230.0 days/days; walltime: 0.2
--37188.0/37230.0 days/days; walltime: 0.1
----37189.0/37230.0 days/days; walltime: 0.2
--37190.0/37230.0 days/days; walltime: 0.2
-37191.0/37230.0 days/days; walltime: 0.0
-37192.0/37230.0 days/days; walltime: 0.0
-37193.0/37230.0 days/days; walltime: 0.0
--37194.0/37230.0 days/days; walltime: 0.2
------------------------------------------------------------------------------------------37195.0/37230.0 days/days; walltime: 4.6
--37196.0/37230.0 days/days; walltime: 0.1
----37197.0/37230.0 days/days; walltime: 0.2
--37198.0/37230.0 days/days; walltime: 0.2
-37199.0/37230.0 days/days; walltime: 0.0
-37200.0/37230.0 days/days; walltime: 0.0
-37201.0/37230.0 days/days; walltime: 0.0
--37202.0/37230.0 days/days; walltime: 0.2
-37203.0/37230.0 days/days; walltime: 0.0
-37204.0/37230.0 days/days; walltime: 0.0
---37205.0/37230.0 days/days; walltime: 0.2
-37206.0/37230.0 days/days; walltime: 0.0
-37207.0/37230.0 days/days; walltime: 0.0
-37208.0/37230.0 days/days; walltime: 0.0
--37209.0/37230.0 days/days; walltime: 0.2
-37210.0/37230.0 days/days; walltime: 0.0
-37211.0/37230.0 days/days; walltime: 0.0
-37212.0/37230.0 days/days; walltime: 0.0
--37213.0/37230.0 days/days; walltime: 0.2
-37214.0/37230.0 days/days; walltime: 0.0
-37216.0/37230.0 days/days; walltime: 0.0
-37217.0/37230.0 days/days; walltime: 0.0
--37218.0/37230.0 days/days; walltime: 0.2
-37219.0/37230.0 days/days; walltime: 0.0
-37220.0/37230.0 days/days; walltime: 0.0
-37221.0/37230.0 days/days; walltime: 0.0
--37222.0/37230.0 days/days; walltime: 0.2
-37223.0/37230.0 days/days; walltime: 0.0
-37224.0/37230.0 days/days; walltime: 0.0
-37225.0/37230.0 days/days; walltime: 0.0
--37226.0/37230.0 days/days; walltime: 0.2
-37228.0/37230.0 days/days; walltime: 0.0
-37229.0/37230.0 days/days; walltime: 0.0
--37230.0/37230.0 days/days; walltime: 0.2
Wallclock for model run: 6648.8s
 

fields = 

  struct with fields:

    nodes: [1x1 struct]
    edges: [1x1 struct]
       BC: [1x1 struct]

No cases left; exiting.
