Case 3:
Picked up JAVA_TOOL_OPTIONS: -Xmx2g
Opening log file:  /tmp/java.log.8996

                            < M A T L A B (R) >
                  Copyright 1984-2022 The MathWorks, Inc.
                  R2022a (9.12.0.1884302) 64-bit (glnxa64)
                             February 16, 2022

 
To get started, type doc.
For product information, visit www.mathworks.com.
 

config = 

  struct with fields:

                 k_s: 0.1000
                 l_c: 10
            n_moulin: 68
    creep_const_soft: 0
             mesh_nr: 4
                 e_v: 1.0000e-04
                 k_c: 0.2000
               h_bed: 0.5000
               l_bed: 10
               alpha: 3
                beta: 2
               omega: 0

Running model run (ode15s):
Run to steady
Creating output dir: ./RUN/
[Warning: Directory already exists.] 
[> In save_model_run (line 85)
In runner_coupled_ode15s (line 41)
In run_model (line 58)
In run_job (line 47)] 
Saving model run to
./RUN/output_003_steady.nc
Fields, IC & BC initialised
Initial phi calculated in 2.2s
0.0/36500.0 days/days; walltime: 18.7
------------------------------------------------------1825.0/36500.0 days/days; walltime: 198.0
3650.0/36500.0 days/days; walltime: 2.6
5475.0/36500.0 days/days; walltime: 1.0
7300.0/36500.0 days/days; walltime: 0.5
-----------------9125.0/36500.0 days/days; walltime: 12.6
--10950.0/36500.0 days/days; walltime: 589.4
12775.0/36500.0 days/days; walltime: 392.0
---14600.0/36500.0 days/days; walltime: 276.9
16425.0/36500.0 days/days; walltime: 165.8
18250.0/36500.0 days/days; walltime: 181.3
20075.0/36500.0 days/days; walltime: 37.8
--21900.0/36500.0 days/days; walltime: 197.5
23725.0/36500.0 days/days; walltime: 7.0
25550.0/36500.0 days/days; walltime: 5.4
27375.0/36500.0 days/days; walltime: 2.3
29200.0/36500.0 days/days; walltime: 1.5
31025.0/36500.0 days/days; walltime: 1.1
32850.0/36500.0 days/days; walltime: 0.7
34675.0/36500.0 days/days; walltime: 0.5
36500.0/36500.0 days/days; walltime: 0.4
Wallclock for model run: 2092.4s
 

fields = 

  struct with fields:

    nodes: [1x1 struct]
    edges: [1x1 struct]
       BC: [1x1 struct]

Running model run (ode15s):
Run seasonal
Saving model run to
./RUN/output_003_seasonal.nc
IC initialised from struct
IC initialised from file/given & rest from parameters and given functions
36500.0/37230.0 days/days; walltime: 14.0
36501.0/37230.0 days/days; walltime: 45.6
36502.0/37230.0 days/days; walltime: 8.5
36503.0/37230.0 days/days; walltime: 4.5
36504.0/37230.0 days/days; walltime: 4.5
36505.0/37230.0 days/days; walltime: 24.4
36506.0/37230.0 days/days; walltime: 6.8
36507.0/37230.0 days/days; walltime: 9.4
36508.0/37230.0 days/days; walltime: 2.8
36509.0/37230.0 days/days; walltime: 6.4
36510.0/37230.0 days/days; walltime: 3.2
36511.0/37230.0 days/days; walltime: 1.4
36512.0/37230.0 days/days; walltime: 3.7
36513.0/37230.0 days/days; walltime: 1.3
36514.0/37230.0 days/days; walltime: 1.2
36515.0/37230.0 days/days; walltime: 1.5
36516.0/37230.0 days/days; walltime: 1.4
36517.0/37230.0 days/days; walltime: 1.2
36518.0/37230.0 days/days; walltime: 1.2
36519.0/37230.0 days/days; walltime: 1.1
36520.0/37230.0 days/days; walltime: 5.1
36521.0/37230.0 days/days; walltime: 1.0
36522.0/37230.0 days/days; walltime: 0.9
36523.0/37230.0 days/days; walltime: 0.8
36524.0/37230.0 days/days; walltime: 0.6
36525.0/37230.0 days/days; walltime: 0.6
36526.0/37230.0 days/days; walltime: 0.5
36527.0/37230.0 days/days; walltime: 0.8
36528.0/37230.0 days/days; walltime: 0.8
36529.0/37230.0 days/days; walltime: 3.1
36530.0/37230.0 days/days; walltime: 0.6
36531.0/37230.0 days/days; walltime: 0.4
36532.0/37230.0 days/days; walltime: 0.6
36533.0/37230.0 days/days; walltime: 0.6
36534.0/37230.0 days/days; walltime: 0.4
36535.0/37230.0 days/days; walltime: 0.5
36536.0/37230.0 days/days; walltime: 0.4
36537.0/37230.0 days/days; walltime: 0.4
36538.0/37230.0 days/days; walltime: 0.4
36539.0/37230.0 days/days; walltime: 0.4
36540.0/37230.0 days/days; walltime: 0.4
36541.0/37230.0 days/days; walltime: 0.6
36542.0/37230.0 days/days; walltime: 0.4
36543.0/37230.0 days/days; walltime: 0.6
36544.0/37230.0 days/days; walltime: 2.0
36545.0/37230.0 days/days; walltime: 0.4
36546.0/37230.0 days/days; walltime: 0.3
36547.0/37230.0 days/days; walltime: 0.4
36548.0/37230.0 days/days; walltime: 0.3
36549.0/37230.0 days/days; walltime: 0.3
36550.0/37230.0 days/days; walltime: 0.3
36551.0/37230.0 days/days; walltime: 0.5
36552.0/37230.0 days/days; walltime: 0.3
36553.0/37230.0 days/days; walltime: 0.1
36554.0/37230.0 days/days; walltime: 0.4
36555.0/37230.0 days/days; walltime: 1.9
36556.0/37230.0 days/days; walltime: 0.3
36557.0/37230.0 days/days; walltime: 0.3
36558.0/37230.0 days/days; walltime: 0.3
36559.0/37230.0 days/days; walltime: 0.3
36560.0/37230.0 days/days; walltime: 0.3
36561.0/37230.0 days/days; walltime: 0.3
36562.0/37230.0 days/days; walltime: 0.3
36563.0/37230.0 days/days; walltime: 0.4
36564.0/37230.0 days/days; walltime: 0.4
36565.0/37230.0 days/days; walltime: 0.4
36566.0/37230.0 days/days; walltime: 0.3
36567.0/37230.0 days/days; walltime: 1.8
36568.0/37230.0 days/days; walltime: 0.3
36569.0/37230.0 days/days; walltime: 0.1
36570.0/37230.0 days/days; walltime: 0.4
36571.0/37230.0 days/days; walltime: 0.4
36572.0/37230.0 days/days; walltime: 0.4
36573.0/37230.0 days/days; walltime: 0.3
36574.0/37230.0 days/days; walltime: 0.3
36575.0/37230.0 days/days; walltime: 0.4
36576.0/37230.0 days/days; walltime: 0.3
36577.0/37230.0 days/days; walltime: 0.4
36578.0/37230.0 days/days; walltime: 0.4
36579.0/37230.0 days/days; walltime: 0.2
36580.0/37230.0 days/days; walltime: 0.4
36581.0/37230.0 days/days; walltime: 0.4
36582.0/37230.0 days/days; walltime: 0.2
36583.0/37230.0 days/days; walltime: 1.7
36584.0/37230.0 days/days; walltime: 0.2
36585.0/37230.0 days/days; walltime: 0.1
36586.0/37230.0 days/days; walltime: 0.2
36587.0/37230.0 days/days; walltime: 0.3
36588.0/37230.0 days/days; walltime: 0.1
36589.0/37230.0 days/days; walltime: 0.2
36590.0/37230.0 days/days; walltime: 0.1
36591.0/37230.0 days/days; walltime: 0.2
36592.0/37230.0 days/days; walltime: 0.1
36593.0/37230.0 days/days; walltime: 0.2
36594.0/37230.0 days/days; walltime: 0.3
36595.0/37230.0 days/days; walltime: 0.1
36596.0/37230.0 days/days; walltime: 0.2
36597.0/37230.0 days/days; walltime: 0.1
36598.0/37230.0 days/days; walltime: 0.2
36599.0/37230.0 days/days; walltime: 0.1
36600.0/37230.0 days/days; walltime: 0.3
36601.0/37230.0 days/days; walltime: 0.1
36602.0/37230.0 days/days; walltime: 0.2
36603.0/37230.0 days/days; walltime: 0.1
36604.0/37230.0 days/days; walltime: 0.2
36605.0/37230.0 days/days; walltime: 0.1
36606.0/37230.0 days/days; walltime: 0.2
36607.0/37230.0 days/days; walltime: 0.1
36608.0/37230.0 days/days; walltime: 0.2
36609.0/37230.0 days/days; walltime: 0.0
36610.0/37230.0 days/days; walltime: 0.2
36611.0/37230.0 days/days; walltime: 0.1
36612.0/37230.0 days/days; walltime: 0.2
36613.0/37230.0 days/days; walltime: 0.1
36614.0/37230.0 days/days; walltime: 0.2
36615.0/37230.0 days/days; walltime: 0.0
36616.0/37230.0 days/days; walltime: 0.1
36617.0/37230.0 days/days; walltime: 0.2
36618.0/37230.0 days/days; walltime: 0.1
36619.0/37230.0 days/days; walltime: 0.2
36620.0/37230.0 days/days; walltime: 0.1
36621.0/37230.0 days/days; walltime: 0.2
36622.0/37230.0 days/days; walltime: 0.0
36623.0/37230.0 days/days; walltime: 0.1
36624.0/37230.0 days/days; walltime: 0.2
36625.0/37230.0 days/days; walltime: 0.0
36626.0/37230.0 days/days; walltime: 0.2
36627.0/37230.0 days/days; walltime: 0.0
36628.0/37230.0 days/days; walltime: 0.1
36629.0/37230.0 days/days; walltime: 0.2
36630.0/37230.0 days/days; walltime: 0.1
36631.0/37230.0 days/days; walltime: 0.0
36632.0/37230.0 days/days; walltime: 0.2
36633.0/37230.0 days/days; walltime: 0.0
36634.0/37230.0 days/days; walltime: 0.2
36635.0/37230.0 days/days; walltime: 0.0
36636.0/37230.0 days/days; walltime: 0.1
36637.0/37230.0 days/days; walltime: 0.2
36638.0/37230.0 days/days; walltime: 0.1
36639.0/37230.0 days/days; walltime: 0.0
36640.0/37230.0 days/days; walltime: 0.2
36641.0/37230.0 days/days; walltime: 0.0
36642.0/37230.0 days/days; walltime: 0.2
36643.0/37230.0 days/days; walltime: 0.0
36644.0/37230.0 days/days; walltime: 0.1
36645.0/37230.0 days/days; walltime: 0.2
36646.0/37230.0 days/days; walltime: 0.8
36647.0/37230.0 days/days; walltime: 2.5
36648.0/37230.0 days/days; walltime: 2.6
36649.0/37230.0 days/days; walltime: 2.3
36650.0/37230.0 days/days; walltime: 3.5
36651.0/37230.0 days/days; walltime: 4.8
36652.0/37230.0 days/days; walltime: 4.7
36653.0/37230.0 days/days; walltime: 3.2
36654.0/37230.0 days/days; walltime: 3.6
36655.0/37230.0 days/days; walltime: 3.9
36656.0/37230.0 days/days; walltime: 4.3
36657.0/37230.0 days/days; walltime: 5.0
36658.0/37230.0 days/days; walltime: 3.5
36659.0/37230.0 days/days; walltime: 5.5
36660.0/37230.0 days/days; walltime: 3.7
36661.0/37230.0 days/days; walltime: 4.1
36662.0/37230.0 days/days; walltime: 3.4
36663.0/37230.0 days/days; walltime: 3.7
36664.0/37230.0 days/days; walltime: 4.2
36665.0/37230.0 days/days; walltime: 2.7
36666.0/37230.0 days/days; walltime: 4.3
36667.0/37230.0 days/days; walltime: 4.2
36668.0/37230.0 days/days; walltime: 2.5
36669.0/37230.0 days/days; walltime: 2.7
36670.0/37230.0 days/days; walltime: 3.6
36671.0/37230.0 days/days; walltime: 2.1
36672.0/37230.0 days/days; walltime: 2.5
36673.0/37230.0 days/days; walltime: 2.9
36674.0/37230.0 days/days; walltime: 1.8
36675.0/37230.0 days/days; walltime: 2.9
36676.0/37230.0 days/days; walltime: 1.5
36677.0/37230.0 days/days; walltime: 1.1
36678.0/37230.0 days/days; walltime: 1.3
36679.0/37230.0 days/days; walltime: 1.1
36680.0/37230.0 days/days; walltime: 2.3
36681.0/37230.0 days/days; walltime: 0.5
36682.0/37230.0 days/days; walltime: 0.3
36683.0/37230.0 days/days; walltime: 0.3
36684.0/37230.0 days/days; walltime: 0.3
36685.0/37230.0 days/days; walltime: 0.9
36686.0/37230.0 days/days; walltime: 0.5
36687.0/37230.0 days/days; walltime: 0.7
36688.0/37230.0 days/days; walltime: 0.8
36689.0/37230.0 days/days; walltime: 0.8
36690.0/37230.0 days/days; walltime: 1.0
36691.0/37230.0 days/days; walltime: 1.0
36692.0/37230.0 days/days; walltime: 1.7
36693.0/37230.0 days/days; walltime: 1.5
36694.0/37230.0 days/days; walltime: 1.9
36695.0/37230.0 days/days; walltime: 2.1
36696.0/37230.0 days/days; walltime: 2.2
36697.0/37230.0 days/days; walltime: 2.2
36698.0/37230.0 days/days; walltime: 2.0
36699.0/37230.0 days/days; walltime: 2.6
36700.0/37230.0 days/days; walltime: 3.0
36701.0/37230.0 days/days; walltime: 2.6
36702.0/37230.0 days/days; walltime: 4.1
36703.0/37230.0 days/days; walltime: 2.5
36704.0/37230.0 days/days; walltime: 2.5
36705.0/37230.0 days/days; walltime: 2.9
36706.0/37230.0 days/days; walltime: 3.2
36707.0/37230.0 days/days; walltime: 4.6
36708.0/37230.0 days/days; walltime: 3.3
36709.0/37230.0 days/days; walltime: 3.0
36710.0/37230.0 days/days; walltime: 4.2
36711.0/37230.0 days/days; walltime: 3.1
36712.0/37230.0 days/days; walltime: 4.5
36713.0/37230.0 days/days; walltime: 3.5
36714.0/37230.0 days/days; walltime: 2.6
36715.0/37230.0 days/days; walltime: 3.0
36716.0/37230.0 days/days; walltime: 2.4
36717.0/37230.0 days/days; walltime: 1.7
36718.0/37230.0 days/days; walltime: 2.9
36719.0/37230.0 days/days; walltime: 1.6
36720.0/37230.0 days/days; walltime: 1.0
36721.0/37230.0 days/days; walltime: 0.4
36722.0/37230.0 days/days; walltime: 0.6
36723.0/37230.0 days/days; walltime: 0.4
36724.0/37230.0 days/days; walltime: 0.5
36725.0/37230.0 days/days; walltime: 0.4
36726.0/37230.0 days/days; walltime: 0.4
36727.0/37230.0 days/days; walltime: 0.5
36728.0/37230.0 days/days; walltime: 0.3
36729.0/37230.0 days/days; walltime: 0.4
36730.0/37230.0 days/days; walltime: 0.4
36731.0/37230.0 days/days; walltime: 0.4
36732.0/37230.0 days/days; walltime: 0.4
36733.0/37230.0 days/days; walltime: 0.4
36734.0/37230.0 days/days; walltime: 0.4
36735.0/37230.0 days/days; walltime: 0.3
36736.0/37230.0 days/days; walltime: 0.4
36737.0/37230.0 days/days; walltime: 0.4
36738.0/37230.0 days/days; walltime: 2.5
36739.0/37230.0 days/days; walltime: 0.1
36740.0/37230.0 days/days; walltime: 0.3
36741.0/37230.0 days/days; walltime: 0.3
36742.0/37230.0 days/days; walltime: 0.3
36743.0/37230.0 days/days; walltime: 0.1
36744.0/37230.0 days/days; walltime: 0.3
36745.0/37230.0 days/days; walltime: 0.3
36746.0/37230.0 days/days; walltime: 0.1
36747.0/37230.0 days/days; walltime: 0.2
36748.0/37230.0 days/days; walltime: 0.1
36749.0/37230.0 days/days; walltime: 0.2
36750.0/37230.0 days/days; walltime: 0.1
36751.0/37230.0 days/days; walltime: 0.2
36752.0/37230.0 days/days; walltime: 0.1
36753.0/37230.0 days/days; walltime: 0.2
36754.0/37230.0 days/days; walltime: 0.1
36755.0/37230.0 days/days; walltime: 0.2
36756.0/37230.0 days/days; walltime: 0.0
36757.0/37230.0 days/days; walltime: 0.2
36758.0/37230.0 days/days; walltime: 0.1
36759.0/37230.0 days/days; walltime: 0.2
36760.0/37230.0 days/days; walltime: 0.0
36761.0/37230.0 days/days; walltime: 0.1
36762.0/37230.0 days/days; walltime: 0.2
36763.0/37230.0 days/days; walltime: 0.1
36764.0/37230.0 days/days; walltime: 0.0
36765.0/37230.0 days/days; walltime: 0.2
36766.0/37230.0 days/days; walltime: 0.1
36767.0/37230.0 days/days; walltime: 0.0
36768.0/37230.0 days/days; walltime: 0.2
36769.0/37230.0 days/days; walltime: 0.0
36770.0/37230.0 days/days; walltime: 0.1
36771.0/37230.0 days/days; walltime: 0.2
36772.0/37230.0 days/days; walltime: 0.0
36773.0/37230.0 days/days; walltime: 0.0
36774.0/37230.0 days/days; walltime: 0.0
36775.0/37230.0 days/days; walltime: 0.2
36776.0/37230.0 days/days; walltime: 0.0
36777.0/37230.0 days/days; walltime: 0.0
36778.0/37230.0 days/days; walltime: 0.0
36779.0/37230.0 days/days; walltime: 0.2
36780.0/37230.0 days/days; walltime: 0.0
36781.0/37230.0 days/days; walltime: 0.0
36782.0/37230.0 days/days; walltime: 0.1
36784.0/37230.0 days/days; walltime: 0.2
36785.0/37230.0 days/days; walltime: 0.0
36786.0/37230.0 days/days; walltime: 0.0
36788.0/37230.0 days/days; walltime: 0.0
36789.0/37230.0 days/days; walltime: 0.2
36790.0/37230.0 days/days; walltime: 0.0
36792.0/37230.0 days/days; walltime: 0.0
36793.0/37230.0 days/days; walltime: 0.0
36795.0/37230.0 days/days; walltime: 0.2
36797.0/37230.0 days/days; walltime: 0.0
36798.0/37230.0 days/days; walltime: 0.0
36800.0/37230.0 days/days; walltime: 0.0
36802.0/37230.0 days/days; walltime: 0.2
36804.0/37230.0 days/days; walltime: 0.0
36805.0/37230.0 days/days; walltime: 0.0
36807.0/37230.0 days/days; walltime: 0.0
36809.0/37230.0 days/days; walltime: 0.2
36811.0/37230.0 days/days; walltime: 0.0
36812.0/37230.0 days/days; walltime: 0.0
36814.0/37230.0 days/days; walltime: 0.0
36816.0/37230.0 days/days; walltime: 0.2
36818.0/37230.0 days/days; walltime: 0.0
36820.0/37230.0 days/days; walltime: 0.0
36822.0/37230.0 days/days; walltime: 0.0
36824.0/37230.0 days/days; walltime: 0.2
36825.0/37230.0 days/days; walltime: 0.0
36827.0/37230.0 days/days; walltime: 0.0
36829.0/37230.0 days/days; walltime: 0.0
36831.0/37230.0 days/days; walltime: 0.2
36833.0/37230.0 days/days; walltime: 0.0
36835.0/37230.0 days/days; walltime: 0.1
36837.0/37230.0 days/days; walltime: 0.1
36839.0/37230.0 days/days; walltime: 0.4
36841.0/37230.0 days/days; walltime: 0.0
36843.0/37230.0 days/days; walltime: 0.0
36845.0/37230.0 days/days; walltime: 0.0
36847.0/37230.0 days/days; walltime: 0.2
36850.0/37230.0 days/days; walltime: 0.0
36852.0/37230.0 days/days; walltime: 0.0
36854.0/37230.0 days/days; walltime: 0.0
36856.0/37230.0 days/days; walltime: 0.2
36858.0/37230.0 days/days; walltime: 0.0
36860.0/37230.0 days/days; walltime: 0.0
36863.0/37230.0 days/days; walltime: 0.0
36865.0/37230.0 days/days; walltime: 0.2
36867.0/37230.0 days/days; walltime: 0.0
36869.0/37230.0 days/days; walltime: 0.0
36872.0/37230.0 days/days; walltime: 0.0
36874.0/37230.0 days/days; walltime: 0.2
36876.0/37230.0 days/days; walltime: 0.0
36879.0/37230.0 days/days; walltime: 0.0
36881.0/37230.0 days/days; walltime: 0.0
36884.0/37230.0 days/days; walltime: 0.2
36886.0/37230.0 days/days; walltime: 0.0
36889.0/37230.0 days/days; walltime: 0.0
36891.0/37230.0 days/days; walltime: 0.0
36894.0/37230.0 days/days; walltime: 0.2
36896.0/37230.0 days/days; walltime: 0.0
36899.0/37230.0 days/days; walltime: 0.0
36901.0/37230.0 days/days; walltime: 0.0
36904.0/37230.0 days/days; walltime: 0.2
36907.0/37230.0 days/days; walltime: 0.0
36910.0/37230.0 days/days; walltime: 0.0
36912.0/37230.0 days/days; walltime: 0.0
36915.0/37230.0 days/days; walltime: 0.2
36918.0/37230.0 days/days; walltime: 0.0
36921.0/37230.0 days/days; walltime: 0.0
36924.0/37230.0 days/days; walltime: 0.0
36926.0/37230.0 days/days; walltime: 0.2
36929.0/37230.0 days/days; walltime: 0.0
36932.0/37230.0 days/days; walltime: 0.0
36935.0/37230.0 days/days; walltime: 0.0
36938.0/37230.0 days/days; walltime: 0.2
36942.0/37230.0 days/days; walltime: 0.0
36945.0/37230.0 days/days; walltime: 0.0
36948.0/37230.0 days/days; walltime: 0.0
36951.0/37230.0 days/days; walltime: 0.2
36954.0/37230.0 days/days; walltime: 0.0
36958.0/37230.0 days/days; walltime: 0.0
36961.0/37230.0 days/days; walltime: 0.0
36964.0/37230.0 days/days; walltime: 0.2
36968.0/37230.0 days/days; walltime: 0.0
36971.0/37230.0 days/days; walltime: 0.0
36975.0/37230.0 days/days; walltime: 0.0
36978.0/37230.0 days/days; walltime: 0.2
36982.0/37230.0 days/days; walltime: 0.0
36986.0/37230.0 days/days; walltime: 0.0
36990.0/37230.0 days/days; walltime: 0.0
36993.0/37230.0 days/days; walltime: 0.2
36997.0/37230.0 days/days; walltime: 0.0
37001.0/37230.0 days/days; walltime: 0.0
37005.0/37230.0 days/days; walltime: 0.0
--37009.0/37230.0 days/days; walltime: 1.8
-37011.0/37230.0 days/days; walltime: 1.2
37012.0/37230.0 days/days; walltime: 2.1
37013.0/37230.0 days/days; walltime: 3.4
37014.0/37230.0 days/days; walltime: 1.9
37015.0/37230.0 days/days; walltime: 2.4
37016.0/37230.0 days/days; walltime: 3.6
37017.0/37230.0 days/days; walltime: 3.7
37018.0/37230.0 days/days; walltime: 3.7
37019.0/37230.0 days/days; walltime: 4.6
37020.0/37230.0 days/days; walltime: 4.8
37021.0/37230.0 days/days; walltime: 6.1
37022.0/37230.0 days/days; walltime: 4.1
37023.0/37230.0 days/days; walltime: 5.1
37024.0/37230.0 days/days; walltime: 3.5
37025.0/37230.0 days/days; walltime: 4.9
37026.0/37230.0 days/days; walltime: 3.4
37027.0/37230.0 days/days; walltime: 3.5
37028.0/37230.0 days/days; walltime: 4.8
37029.0/37230.0 days/days; walltime: 3.0
37030.0/37230.0 days/days; walltime: 4.5
37031.0/37230.0 days/days; walltime: 3.6
37032.0/37230.0 days/days; walltime: 3.4
37033.0/37230.0 days/days; walltime: 4.0
37034.0/37230.0 days/days; walltime: 3.2
37035.0/37230.0 days/days; walltime: 2.3
37036.0/37230.0 days/days; walltime: 3.7
37037.0/37230.0 days/days; walltime: 2.6
37038.0/37230.0 days/days; walltime: 2.1
37039.0/37230.0 days/days; walltime: 2.1
37040.0/37230.0 days/days; walltime: 3.0
37041.0/37230.0 days/days; walltime: 1.7
37042.0/37230.0 days/days; walltime: 1.2
37043.0/37230.0 days/days; walltime: 1.3
37044.0/37230.0 days/days; walltime: 1.1
37045.0/37230.0 days/days; walltime: 2.2
37046.0/37230.0 days/days; walltime: 0.5
37047.0/37230.0 days/days; walltime: 0.3
37048.0/37230.0 days/days; walltime: 0.3
37049.0/37230.0 days/days; walltime: 0.5
37050.0/37230.0 days/days; walltime: 0.4
37051.0/37230.0 days/days; walltime: 1.9
37052.0/37230.0 days/days; walltime: 0.4
37053.0/37230.0 days/days; walltime: 0.8
37054.0/37230.0 days/days; walltime: 0.8
37055.0/37230.0 days/days; walltime: 1.1
37056.0/37230.0 days/days; walltime: 1.2
37057.0/37230.0 days/days; walltime: 1.4
37058.0/37230.0 days/days; walltime: 1.9
37059.0/37230.0 days/days; walltime: 2.2
37060.0/37230.0 days/days; walltime: 1.8
37061.0/37230.0 days/days; walltime: 2.3
37062.0/37230.0 days/days; walltime: 2.5
37063.0/37230.0 days/days; walltime: 2.0
37064.0/37230.0 days/days; walltime: 4.3
37065.0/37230.0 days/days; walltime: 3.1
37066.0/37230.0 days/days; walltime: 2.5
37067.0/37230.0 days/days; walltime: 3.3
37068.0/37230.0 days/days; walltime: 2.8
37069.0/37230.0 days/days; walltime: 3.1
37070.0/37230.0 days/days; walltime: 4.9
37071.0/37230.0 days/days; walltime: 2.4
37072.0/37230.0 days/days; walltime: 2.6
37073.0/37230.0 days/days; walltime: 2.6
37074.0/37230.0 days/days; walltime: 3.3
37075.0/37230.0 days/days; walltime: 5.3
37076.0/37230.0 days/days; walltime: 2.9
37077.0/37230.0 days/days; walltime: 3.5
37078.0/37230.0 days/days; walltime: 3.3
37079.0/37230.0 days/days; walltime: 2.9
37080.0/37230.0 days/days; walltime: 3.4
37081.0/37230.0 days/days; walltime: 3.4
37082.0/37230.0 days/days; walltime: 1.4
37083.0/37230.0 days/days; walltime: 1.7
37084.0/37230.0 days/days; walltime: 2.6
37085.0/37230.0 days/days; walltime: 1.0
37086.0/37230.0 days/days; walltime: 0.5
37087.0/37230.0 days/days; walltime: 0.4
37088.0/37230.0 days/days; walltime: 0.5
37089.0/37230.0 days/days; walltime: 0.4
37090.0/37230.0 days/days; walltime: 0.5
37091.0/37230.0 days/days; walltime: 0.4
37092.0/37230.0 days/days; walltime: 0.4
37093.0/37230.0 days/days; walltime: 0.5
37094.0/37230.0 days/days; walltime: 0.5
37095.0/37230.0 days/days; walltime: 0.4
37096.0/37230.0 days/days; walltime: 0.5
37097.0/37230.0 days/days; walltime: 0.4
37098.0/37230.0 days/days; walltime: 0.4
37099.0/37230.0 days/days; walltime: 0.4
37100.0/37230.0 days/days; walltime: 0.4
37101.0/37230.0 days/days; walltime: 0.4
37102.0/37230.0 days/days; walltime: 2.4
37103.0/37230.0 days/days; walltime: 0.3
37104.0/37230.0 days/days; walltime: 0.1
37105.0/37230.0 days/days; walltime: 0.3
37106.0/37230.0 days/days; walltime: 0.3
37107.0/37230.0 days/days; walltime: 0.1
37108.0/37230.0 days/days; walltime: 0.3
37109.0/37230.0 days/days; walltime: 0.2
37110.0/37230.0 days/days; walltime: 0.1
37111.0/37230.0 days/days; walltime: 0.2
37112.0/37230.0 days/days; walltime: 0.3
37113.0/37230.0 days/days; walltime: 0.1
37114.0/37230.0 days/days; walltime: 0.2
37115.0/37230.0 days/days; walltime: 0.1
37116.0/37230.0 days/days; walltime: 0.2
37117.0/37230.0 days/days; walltime: 0.1
37118.0/37230.0 days/days; walltime: 0.2
37119.0/37230.0 days/days; walltime: 0.1
37120.0/37230.0 days/days; walltime: 0.2
37121.0/37230.0 days/days; walltime: 0.1
37122.0/37230.0 days/days; walltime: 0.2
37123.0/37230.0 days/days; walltime: 0.0
37124.0/37230.0 days/days; walltime: 0.1
37125.0/37230.0 days/days; walltime: 0.2
37126.0/37230.0 days/days; walltime: 0.0
37127.0/37230.0 days/days; walltime: 0.2
37128.0/37230.0 days/days; walltime: 0.0
37129.0/37230.0 days/days; walltime: 0.0
37130.0/37230.0 days/days; walltime: 0.2
37131.0/37230.0 days/days; walltime: 0.0
37132.0/37230.0 days/days; walltime: 0.0
37133.0/37230.0 days/days; walltime: 0.2
37134.0/37230.0 days/days; walltime: 0.0
37135.0/37230.0 days/days; walltime: 0.0
37136.0/37230.0 days/days; walltime: 0.0
37137.0/37230.0 days/days; walltime: 0.2
37138.0/37230.0 days/days; walltime: 0.0
37139.0/37230.0 days/days; walltime: 0.1
37140.0/37230.0 days/days; walltime: 0.2
37141.0/37230.0 days/days; walltime: 0.0
37143.0/37230.0 days/days; walltime: 0.0
37144.0/37230.0 days/days; walltime: 0.0
37145.0/37230.0 days/days; walltime: 0.2
37146.0/37230.0 days/days; walltime: 0.0
37147.0/37230.0 days/days; walltime: 0.0
37148.0/37230.0 days/days; walltime: 0.0
37149.0/37230.0 days/days; walltime: 0.2
37151.0/37230.0 days/days; walltime: 0.0
37152.0/37230.0 days/days; walltime: 0.0
37153.0/37230.0 days/days; walltime: 0.0
37155.0/37230.0 days/days; walltime: 0.2
37156.0/37230.0 days/days; walltime: 0.0
37158.0/37230.0 days/days; walltime: 0.0
37160.0/37230.0 days/days; walltime: 0.0
37161.0/37230.0 days/days; walltime: 0.2
37163.0/37230.0 days/days; walltime: 0.0
37165.0/37230.0 days/days; walltime: 0.0
37167.0/37230.0 days/days; walltime: 0.0
37169.0/37230.0 days/days; walltime: 0.2
37171.0/37230.0 days/days; walltime: 0.0
37174.0/37230.0 days/days; walltime: 0.0
37176.0/37230.0 days/days; walltime: 0.0
37178.0/37230.0 days/days; walltime: 0.2
37182.0/37230.0 days/days; walltime: 0.0
37185.0/37230.0 days/days; walltime: 0.0
37188.0/37230.0 days/days; walltime: 0.0
37191.0/37230.0 days/days; walltime: 0.2
37196.0/37230.0 days/days; walltime: 0.0
37200.0/37230.0 days/days; walltime: 0.0
37205.0/37230.0 days/days; walltime: 0.0
37210.0/37230.0 days/days; walltime: 0.2
37217.0/37230.0 days/days; walltime: 0.0
37225.0/37230.0 days/days; walltime: 0.2
Wallclock for model run: 633.8s
 

fields = 

  struct with fields:

    nodes: [1x1 struct]
    edges: [1x1 struct]
       BC: [1x1 struct]

No cases left; exiting.
