Case 2:
Picked up JAVA_TOOL_OPTIONS: -Xmx2g
Opening log file:  /tmp/java.log.8898

                            < M A T L A B (R) >
                  Copyright 1984-2022 The MathWorks, Inc.
                  R2022a (9.12.0.1884302) 64-bit (glnxa64)
                             February 16, 2022

 
To get started, type doc.
For product information, visit www.mathworks.com.
 

config = 

  struct with fields:

                 k_s: 0.0189
                 l_c: 10
            n_moulin: 68
    creep_const_soft: 0
             mesh_nr: 4
                 e_v: 1.0000e-04
                 k_c: 0.2000
               h_bed: 0.5000
               l_bed: 10
               alpha: 1.5000
                beta: 1.5000
               omega: 0

Running model run (ode15s):
Run to steady
Creating output dir: ./RUN/
Saving model run to
./RUN/output_002_steady.nc
Fields, IC & BC initialised
Initial phi calculated in 3.0s
0.0/36500.0 days/days; walltime: 20.7
-------------------------------------------------------------------------------------------1825.0/36500.0 days/days; walltime: 176.1
-----------------------------------------------------------------------------------3650.0/36500.0 days/days; walltime: 5.7
----------------5475.0/36500.0 days/days; walltime: 1.2
-------------------------------------------------------------------------------------------------------------------------------------------------------------------------------------------------------------------------------------------------------------------------------------------------------------------------------------------7300.0/36500.0 days/days; walltime: 24.1
-----------------------------------------------------------------------------------------------------------------------------------------------------------------------------------------------------------------------9125.0/36500.0 days/days; walltime: 14.6
--------------------------------------------------------------------------------------------------------------------------------------------------------------------------------------------------------------------------------------------------------------------------------------------------------------------------------------------------------------------------------------------------------------------------------------------------------------------------------------------------------------------------------------------------------------------------------------------------------------------------------------------------------------------------------------------------------------------------------------------------------------------------------------------------------------------------------------------------------------------------------------------------------------------------------------------------------------------------------------------------------------------------------------------------------------------------------------------------------------------------------------------------------------------------------------------------------------------------------------------------------------------------------------------------------------------------------------------------------------------------------------------------------------------------------------------------------------------------------------------------------------------------------------------------10950.0/36500.0 days/days; walltime: 101.3
--------------------------------------------------------------------------------------------------------------------------------------------------------------------------------------------------------------------------------------------------------------------------------------------------------------------------------------------------------------------------------------------------------------------------------------------------------------------------------------------------------------------------------------------------------------------------------------------------------------------------------------------------------------------------------------------------------------------------------------------------------------------------------------------------------------------------------------------------------------------------------------------------------------------------------------------------------------------------12775.0/36500.0 days/days; walltime: 66.5
------------------------------------------------------------------------------------------------------------------------------------------------------------------------------------------------------------------------------------------------------------------------------------------------------------------------------------------------------------------------------------------------------------------------------------------------------------------------------------------------------------------------------------------------------------------------------------------------------------------------------------------------------------------------------------------------------------------------------------------------------------------------------------------------------------------------------------------------------------------------------------------------------------------------------------------------------------------------------------------------------------------------------------------------------------------------------------------------------------------------------------------------------------------------------------------------------------------------------------------------------------------------------------------------------------------------------------------------------------------------------------------------------------------------------------------------------------------------------------------------------------------------------------------------------------------------------------------------------------------------------------------------------------------------------------------------------------------------------------------------------------------------------------------------------------------------------------------------------------------------------------------------------------------14600.0/36500.0 days/days; walltime: 126.6
--------------------------------------------------------------------------------------------------------------------------------------------------------------------------------------------------------------------------------------------------------------------------------------------------------------------------------------------------------------------------------------------------------------------------------------------------------------------------------------------------------------------------------------------------------------------------------------------------------------------------------------------------------------------------------------------------------------------------------------------------------------------------------------------------------------------------------------------------------------------------------------------------------------------------------------------------------------------------------------------------------------------------------------------------------------------------------------------------------------------------------------------------------------------------------------------------------------------------------------------------------------------------------------------------------------------------------------------------------------------------------------------------------------------------------------------------------------------------------------------------------------------------------------------------------------------------------------------------------------------------------------------------------------------------------------------------------------------------------------------------------------------------------------------------------------------------------------------------------------------------------------------------------------------------------------------------------------------------------------------------------------------------------------------------------------------------------------------------------------------------------------------------------------------------------------------------------------------------------------------------------------------------------------------------------------------------------------------------------------------------16425.0/36500.0 days/days; walltime: 157.3
------------------------------------------------------------------------------------------------------------------------------------------------------------------------------------------------------------------------------------------------------------------------------------------------------------------------------------------------------------------------------------------------------------------------------------------------------------------------------------------------------------------------------------------------------------------------------------------------------------------------------------------------------------------------------------------------------------------------------------------------------------------------------------------------------------------------------------------------------------------------------------------------------------------------------------------------------------------------------------------------------------------------------------------------------------------------------------------------------------------------------------------------------------------------------------------------------------------------------------------------------------------------------------------------------------------------------------------------------------------------------------------------------------------------------------------------------------------------------------------------------------------------------------------------------------------------------------------------------------------------------------------------------------------------------------------------------------------------------------------------------------------------------------------------------------------------------------------------------------------------------------------------------------------------------------------------------------------------------------------------------------------------------------------------------------------------------------------------18250.0/36500.0 days/days; walltime: 142.4
---------------------------------------------------------------------------------------------------------------------------------------------------------------------------------------------------------------------------------------------------------------------------------------------------------------------------------------------------------------------------------------------------------------------------------------------------------------------------------------------------------------------------------------------------------------------------------20075.0/36500.0 days/days; walltime: 40.3
--------------------------------------------21900.0/36500.0 days/days; walltime: 3.3
------------------------23725.0/36500.0 days/days; walltime: 1.8
----------------25550.0/36500.0 days/days; walltime: 1.2
-----------------------------------------27375.0/36500.0 days/days; walltime: 2.9
-------29200.0/36500.0 days/days; walltime: 0.5
-----31025.0/36500.0 days/days; walltime: 0.4
-----32850.0/36500.0 days/days; walltime: 0.4
-------34675.0/36500.0 days/days; walltime: 0.5
-----36500.0/36500.0 days/days; walltime: 0.5
Wallclock for model run: 891.4s
 

fields = 

  struct with fields:

    nodes: [1x1 struct]
    edges: [1x1 struct]
       BC: [1x1 struct]

Running model run (ode15s):
Run seasonal
Saving model run to
./RUN/output_002_seasonal.nc
IC initialised from struct
IC initialised from file/given & rest from parameters and given functions
Negative channels areas set to zero
---------------------------------------------------------------------------------------------------------------------------------------------------------------------------------------------------------------------------------------------------------------------------------------------------------------------------------------36500.0/37230.0 days/days; walltime: 16.4
-------------------------------------------------------------------------------------------------------------------------------------------------------------------------------------------------------------------------------------------------------------------------------------------------------------------------------------------------------------------------------------------------------------------------------------------------------------------------------------------------------------------------------------------------------------------------------------------------------------------------------------------------------------------------------------------------------------------------------------------------------------------------------------------------------------------------36501.0/37230.0 days/days; walltime: 45.0
-----------------------------------36502.0/37230.0 days/days; walltime: 2.4
--------------------------------36503.0/37230.0 days/days; walltime: 2.1
----------------------------------------------------36504.0/37230.0 days/days; walltime: 3.1
----------------------------------------------------36505.0/37230.0 days/days; walltime: 2.7
-------------------36506.0/37230.0 days/days; walltime: 1.3
-----------------------36507.0/37230.0 days/days; walltime: 1.6
----------------------------------------------------36508.0/37230.0 days/days; walltime: 2.8
-----------------36509.0/37230.0 days/days; walltime: 1.2
-----------36510.0/37230.0 days/days; walltime: 0.7
---------------36511.0/37230.0 days/days; walltime: 1.1
----------------36512.0/37230.0 days/days; walltime: 1.0
------------------------------------------------36513.0/37230.0 days/days; walltime: 2.6
------------36514.0/37230.0 days/days; walltime: 0.7
-----------36515.0/37230.0 days/days; walltime: 0.8
-----------36516.0/37230.0 days/days; walltime: 0.7
-------36517.0/37230.0 days/days; walltime: 0.5
---------36518.0/37230.0 days/days; walltime: 0.5
------------------------------------------36519.0/37230.0 days/days; walltime: 2.2
-------36520.0/37230.0 days/days; walltime: 0.5
-----36521.0/37230.0 days/days; walltime: 0.3
------36522.0/37230.0 days/days; walltime: 0.4
-----36523.0/37230.0 days/days; walltime: 0.3
------36524.0/37230.0 days/days; walltime: 0.4
------36525.0/37230.0 days/days; walltime: 0.4
--------36526.0/37230.0 days/days; walltime: 0.5
-----36527.0/37230.0 days/days; walltime: 0.4
--------------------------------------36528.0/37230.0 days/days; walltime: 1.9
------36529.0/37230.0 days/days; walltime: 0.4
--------36530.0/37230.0 days/days; walltime: 0.5
------36531.0/37230.0 days/days; walltime: 0.4
------36532.0/37230.0 days/days; walltime: 0.4
---36533.0/37230.0 days/days; walltime: 0.1
---36534.0/37230.0 days/days; walltime: 0.3
----36535.0/37230.0 days/days; walltime: 0.3
---36536.0/37230.0 days/days; walltime: 0.1
---36537.0/37230.0 days/days; walltime: 0.3
----36538.0/37230.0 days/days; walltime: 0.3
--36539.0/37230.0 days/days; walltime: 0.1
---36540.0/37230.0 days/days; walltime: 0.3
---36541.0/37230.0 days/days; walltime: 0.2
----36542.0/37230.0 days/days; walltime: 0.3
--36543.0/37230.0 days/days; walltime: 0.1
----36544.0/37230.0 days/days; walltime: 0.3
------36545.0/37230.0 days/days; walltime: 0.4
--36546.0/37230.0 days/days; walltime: 0.1
---36547.0/37230.0 days/days; walltime: 0.3
----36548.0/37230.0 days/days; walltime: 0.2
----36549.0/37230.0 days/days; walltime: 0.3
----36550.0/37230.0 days/days; walltime: 0.2
--36551.0/37230.0 days/days; walltime: 0.1
----36552.0/37230.0 days/days; walltime: 0.3
----36553.0/37230.0 days/days; walltime: 0.2
--------------------------------------36554.0/37230.0 days/days; walltime: 2.0
----36555.0/37230.0 days/days; walltime: 0.2
--36556.0/37230.0 days/days; walltime: 0.2
----36557.0/37230.0 days/days; walltime: 0.2
----36558.0/37230.0 days/days; walltime: 0.3
--36559.0/37230.0 days/days; walltime: 0.1
----36560.0/37230.0 days/days; walltime: 0.2
--36561.0/37230.0 days/days; walltime: 0.2
----36562.0/37230.0 days/days; walltime: 0.2
--36563.0/37230.0 days/days; walltime: 0.1
----36564.0/37230.0 days/days; walltime: 0.3
--36565.0/37230.0 days/days; walltime: 0.1
--36566.0/37230.0 days/days; walltime: 0.1
----36567.0/37230.0 days/days; walltime: 0.3
--36568.0/37230.0 days/days; walltime: 0.1
--36569.0/37230.0 days/days; walltime: 0.1
----36570.0/37230.0 days/days; walltime: 0.3
--36571.0/37230.0 days/days; walltime: 0.1
--36572.0/37230.0 days/days; walltime: 0.1
----36573.0/37230.0 days/days; walltime: 0.3
--36574.0/37230.0 days/days; walltime: 0.1
--36575.0/37230.0 days/days; walltime: 0.1
--36576.0/37230.0 days/days; walltime: 0.2
----36577.0/37230.0 days/days; walltime: 0.2
--36578.0/37230.0 days/days; walltime: 0.1
--36579.0/37230.0 days/days; walltime: 0.2
--36580.0/37230.0 days/days; walltime: 0.1
--36581.0/37230.0 days/days; walltime: 0.1
----36582.0/37230.0 days/days; walltime: 0.3
--36583.0/37230.0 days/days; walltime: 0.1
--36584.0/37230.0 days/days; walltime: 0.1
--36585.0/37230.0 days/days; walltime: 0.1
--36586.0/37230.0 days/days; walltime: 0.2
--36587.0/37230.0 days/days; walltime: 0.1
--36588.0/37230.0 days/days; walltime: 0.1
--36589.0/37230.0 days/days; walltime: 0.1
--36590.0/37230.0 days/days; walltime: 0.2
--36591.0/37230.0 days/days; walltime: 0.1
--36592.0/37230.0 days/days; walltime: 0.1
--36593.0/37230.0 days/days; walltime: 0.1
--36594.0/37230.0 days/days; walltime: 0.2
--36595.0/37230.0 days/days; walltime: 0.1
--36596.0/37230.0 days/days; walltime: 0.1
--36597.0/37230.0 days/days; walltime: 0.1
--36598.0/37230.0 days/days; walltime: 0.2
--36599.0/37230.0 days/days; walltime: 0.1
--36600.0/37230.0 days/days; walltime: 0.1
--36601.0/37230.0 days/days; walltime: 0.1
--36602.0/37230.0 days/days; walltime: 0.2
--36603.0/37230.0 days/days; walltime: 0.1
--36605.0/37230.0 days/days; walltime: 0.1
--36606.0/37230.0 days/days; walltime: 0.1
--36607.0/37230.0 days/days; walltime: 0.2
--36608.0/37230.0 days/days; walltime: 0.1
--36609.0/37230.0 days/days; walltime: 0.1
--36610.0/37230.0 days/days; walltime: 0.1
--36612.0/37230.0 days/days; walltime: 0.2
--36613.0/37230.0 days/days; walltime: 0.1
--36614.0/37230.0 days/days; walltime: 0.1
--36616.0/37230.0 days/days; walltime: 0.1
--36617.0/37230.0 days/days; walltime: 0.2
--36618.0/37230.0 days/days; walltime: 0.1
--36620.0/37230.0 days/days; walltime: 0.1
--36621.0/37230.0 days/days; walltime: 0.1
--36622.0/37230.0 days/days; walltime: 0.2
-----------------------------------36624.0/37230.0 days/days; walltime: 1.8
--36625.0/37230.0 days/days; walltime: 0.1
--36627.0/37230.0 days/days; walltime: 0.1
--36628.0/37230.0 days/days; walltime: 0.2
--36630.0/37230.0 days/days; walltime: 0.1
--36631.0/37230.0 days/days; walltime: 0.1
--36632.0/37230.0 days/days; walltime: 0.1
--36634.0/37230.0 days/days; walltime: 0.2
--36635.0/37230.0 days/days; walltime: 0.1
--36637.0/37230.0 days/days; walltime: 0.1
--36639.0/37230.0 days/days; walltime: 0.1
--36640.0/37230.0 days/days; walltime: 0.2
--36642.0/37230.0 days/days; walltime: 0.1
--36643.0/37230.0 days/days; walltime: 0.1
--36645.0/37230.0 days/days; walltime: 0.1
---------------------------------------36646.0/37230.0 days/days; walltime: 2.2
------36647.0/37230.0 days/days; walltime: 0.4
-------------------------------------------36648.0/37230.0 days/days; walltime: 2.3
-----------------------------------------36649.0/37230.0 days/days; walltime: 2.2
-------------------------36650.0/37230.0 days/days; walltime: 1.5
--------------------36651.0/37230.0 days/days; walltime: 1.3
---------------------------------------------------------------------------------------------36652.0/37230.0 days/days; walltime: 5.1
------------------------------------------------------------------------------------------------------36653.0/37230.0 days/days; walltime: 5.7
------------------------36654.0/37230.0 days/days; walltime: 1.5
------------------------------------------------------------------------------------------------36655.0/37230.0 days/days; walltime: 5.3
------------------------------------------36656.0/37230.0 days/days; walltime: 2.6
--------------------------------------------36657.0/37230.0 days/days; walltime: 2.8
--------------------------------------------------------------------------------36658.0/37230.0 days/days; walltime: 4.5
-----------------------------------------------------------------------------36659.0/37230.0 days/days; walltime: 4.4
-----------------------------------------36660.0/37230.0 days/days; walltime: 2.5
--------------------------------------------------------------------------36661.0/37230.0 days/days; walltime: 4.2
--------------------------------------------------------36662.0/37230.0 days/days; walltime: 3.6
------------------------------------------------------------------------------------36663.0/37230.0 days/days; walltime: 5.0
-------------------------------------------------------------------------------36664.0/37230.0 days/days; walltime: 4.8
-------------------------------------------------36665.0/37230.0 days/days; walltime: 3.1
------------------------------------------------------------------------------------------------------------------------36666.0/37230.0 days/days; walltime: 7.0
--------------------------------------------------------------------------------36667.0/37230.0 days/days; walltime: 4.9
--------------------------------------------------------------------------------------------------------------36668.0/37230.0 days/days; walltime: 6.3
--------------------------------------36669.0/37230.0 days/days; walltime: 2.4
---------------------------------------------------------------------------------------------------------36670.0/37230.0 days/days; walltime: 5.8
-------------------------------------------------------------------------------------------------------36671.0/37230.0 days/days; walltime: 6.0
-----------------------------------------------------------------------36672.0/37230.0 days/days; walltime: 4.2
---------------------------------------36673.0/37230.0 days/days; walltime: 2.7
--------------------------------------------------------------36674.0/37230.0 days/days; walltime: 3.7
-----------------------36675.0/37230.0 days/days; walltime: 1.4
--------------------------36676.0/37230.0 days/days; walltime: 1.7
---------------------------------------------------36677.0/37230.0 days/days; walltime: 2.9
-----------------36678.0/37230.0 days/days; walltime: 1.2
----------------------------------------------36679.0/37230.0 days/days; walltime: 2.4
---------36680.0/37230.0 days/days; walltime: 0.7
---------36681.0/37230.0 days/days; walltime: 0.5
------36682.0/37230.0 days/days; walltime: 0.4
------36683.0/37230.0 days/days; walltime: 0.4
---------------------------------------36684.0/37230.0 days/days; walltime: 2.0
----------------------------------------36685.0/37230.0 days/days; walltime: 2.1
------------------------------------------------------------------------------36686.0/37230.0 days/days; walltime: 4.2
------------36687.0/37230.0 days/days; walltime: 0.8
----------------36688.0/37230.0 days/days; walltime: 0.9
-----------------------------------------------36689.0/37230.0 days/days; walltime: 2.7
----------------------36690.0/37230.0 days/days; walltime: 1.5
----------------------36691.0/37230.0 days/days; walltime: 1.3
--------------------------------------------------------36692.0/37230.0 days/days; walltime: 3.2
--------------------------36693.0/37230.0 days/days; walltime: 1.6
-------------------------36694.0/37230.0 days/days; walltime: 1.5
------------------------------------------------------36695.0/37230.0 days/days; walltime: 2.9
--------------------------------36696.0/37230.0 days/days; walltime: 2.2
------------------------------36697.0/37230.0 days/days; walltime: 1.9
--------------------------------------------------------------------36698.0/37230.0 days/days; walltime: 3.9
--------------------------------36699.0/37230.0 days/days; walltime: 2.1
--------------------------------------------------------------36700.0/37230.0 days/days; walltime: 4.2
------------------------------------------36701.0/37230.0 days/days; walltime: 2.6
------------------------------------36702.0/37230.0 days/days; walltime: 2.3
----------------------------------------------------------------------------36703.0/37230.0 days/days; walltime: 4.6
------------------------------------------36704.0/37230.0 days/days; walltime: 2.9
------------------------------------36705.0/37230.0 days/days; walltime: 2.2
------------------------------------36706.0/37230.0 days/days; walltime: 2.3
--------------------------------------------------------------------36707.0/37230.0 days/days; walltime: 3.8
-----------------------------------36708.0/37230.0 days/days; walltime: 2.2
----------------------------------------36709.0/37230.0 days/days; walltime: 2.6
----------------------------------------------36710.0/37230.0 days/days; walltime: 3.1
--------------------------------------------------------------36711.0/37230.0 days/days; walltime: 3.4
---------------------------------------------------------------------------------------------36712.0/37230.0 days/days; walltime: 5.0
--------------------------36713.0/37230.0 days/days; walltime: 1.6
-------------------------------------------------------------36714.0/37230.0 days/days; walltime: 3.5
----------------------36715.0/37230.0 days/days; walltime: 1.3
--------------------------------------------------------36716.0/37230.0 days/days; walltime: 3.1
--------------------------------------------------------------------------------36717.0/37230.0 days/days; walltime: 4.3
----------------------------------------36718.0/37230.0 days/days; walltime: 2.1
-------------------------------------------36719.0/37230.0 days/days; walltime: 2.3
----36720.0/37230.0 days/days; walltime: 0.2
---36721.0/37230.0 days/days; walltime: 0.3
--36722.0/37230.0 days/days; walltime: 0.1
---36723.0/37230.0 days/days; walltime: 0.3
--36724.0/37230.0 days/days; walltime: 0.1
--36725.0/37230.0 days/days; walltime: 0.2
--36726.0/37230.0 days/days; walltime: 0.1
---36727.0/37230.0 days/days; walltime: 0.3
-36728.0/37230.0 days/days; walltime: 0.0
--36729.0/37230.0 days/days; walltime: 0.1
--36730.0/37230.0 days/days; walltime: 0.2
-36731.0/37230.0 days/days; walltime: 0.0
--36732.0/37230.0 days/days; walltime: 0.1
--36733.0/37230.0 days/days; walltime: 0.2
-36734.0/37230.0 days/days; walltime: 0.1
-36735.0/37230.0 days/days; walltime: 0.0
-36736.0/37230.0 days/days; walltime: 0.0
--36737.0/37230.0 days/days; walltime: 0.2
-36738.0/37230.0 days/days; walltime: 0.1
-36739.0/37230.0 days/days; walltime: 0.1
-36740.0/37230.0 days/days; walltime: 0.1
--36741.0/37230.0 days/days; walltime: 0.2
-36742.0/37230.0 days/days; walltime: 0.0
-36743.0/37230.0 days/days; walltime: 0.0
-36744.0/37230.0 days/days; walltime: 0.0
--36745.0/37230.0 days/days; walltime: 0.2
-36747.0/37230.0 days/days; walltime: 0.0
-36748.0/37230.0 days/days; walltime: 0.0
-36750.0/37230.0 days/days; walltime: 0.0
--36751.0/37230.0 days/days; walltime: 0.2
--36753.0/37230.0 days/days; walltime: 0.1
--36755.0/37230.0 days/days; walltime: 0.1
-36757.0/37230.0 days/days; walltime: 0.1
--36759.0/37230.0 days/days; walltime: 0.2
--36762.0/37230.0 days/days; walltime: 0.1
--36764.0/37230.0 days/days; walltime: 0.1
--36767.0/37230.0 days/days; walltime: 0.1
--36769.0/37230.0 days/days; walltime: 0.2
--36773.0/37230.0 days/days; walltime: 0.1
--36776.0/37230.0 days/days; walltime: 0.1
--36779.0/37230.0 days/days; walltime: 0.1
--36782.0/37230.0 days/days; walltime: 0.2
--36786.0/37230.0 days/days; walltime: 0.1
--36790.0/37230.0 days/days; walltime: 0.1
--36794.0/37230.0 days/days; walltime: 0.1
--36797.0/37230.0 days/days; walltime: 0.2
--36801.0/37230.0 days/days; walltime: 0.1
--36805.0/37230.0 days/days; walltime: 0.1
--36809.0/37230.0 days/days; walltime: 0.1
--36813.0/37230.0 days/days; walltime: 0.2
--36818.0/37230.0 days/days; walltime: 0.1
--36822.0/37230.0 days/days; walltime: 0.1
-36826.0/37230.0 days/days; walltime: 0.0
--36830.0/37230.0 days/days; walltime: 0.2
-36835.0/37230.0 days/days; walltime: 0.1
-36839.0/37230.0 days/days; walltime: 0.1
-36844.0/37230.0 days/days; walltime: 0.1
--36848.0/37230.0 days/days; walltime: 0.2
-36853.0/37230.0 days/days; walltime: 0.0
-36858.0/37230.0 days/days; walltime: 0.1
-36862.0/37230.0 days/days; walltime: 0.0
--36867.0/37230.0 days/days; walltime: 0.2
--36872.0/37230.0 days/days; walltime: 0.1
--36877.0/37230.0 days/days; walltime: 0.1
--36882.0/37230.0 days/days; walltime: 0.1
--36887.0/37230.0 days/days; walltime: 0.2
-36893.0/37230.0 days/days; walltime: 0.1
-36898.0/37230.0 days/days; walltime: 0.1
-36903.0/37230.0 days/days; walltime: 0.1
--36909.0/37230.0 days/days; walltime: 0.2
--36915.0/37230.0 days/days; walltime: 0.1
--36920.0/37230.0 days/days; walltime: 0.1
--36926.0/37230.0 days/days; walltime: 0.1
--36932.0/37230.0 days/days; walltime: 0.2
--36938.0/37230.0 days/days; walltime: 0.1
--36944.0/37230.0 days/days; walltime: 0.1
--36951.0/37230.0 days/days; walltime: 0.1
--36957.0/37230.0 days/days; walltime: 0.2
--36963.0/37230.0 days/days; walltime: 0.1
--36970.0/37230.0 days/days; walltime: 0.1
--36977.0/37230.0 days/days; walltime: 0.1
----------------------------------------36984.0/37230.0 days/days; walltime: 2.1
--36991.0/37230.0 days/days; walltime: 0.1
--36998.0/37230.0 days/days; walltime: 0.1
------------------------------------------37006.0/37230.0 days/days; walltime: 2.2
-37008.0/37230.0 days/days; walltime: 0.0
----37010.0/37230.0 days/days; walltime: 0.3
----------------------------------------37012.0/37230.0 days/days; walltime: 2.1
----------------------------------------------37013.0/37230.0 days/days; walltime: 2.5
---------------------------------------------37014.0/37230.0 days/days; walltime: 2.5
-----------------------------------------------------37015.0/37230.0 days/days; walltime: 3.0
------------------37016.0/37230.0 days/days; walltime: 1.1
----------------------------------------------------------------------------------------37017.0/37230.0 days/days; walltime: 4.7
--------------------------------------------------------------37018.0/37230.0 days/days; walltime: 3.4
---------------------------------------------------------------------------------------37019.0/37230.0 days/days; walltime: 4.7
-----------------------------------37020.0/37230.0 days/days; walltime: 2.2
-------------------------------------------------------------------------37021.0/37230.0 days/days; walltime: 4.4
----------------------------------------------------------------------------37022.0/37230.0 days/days; walltime: 4.4
------------------------------------------------------------------------------------------------------------------------------37023.0/37230.0 days/days; walltime: 7.4
---------------------------------------------------37024.0/37230.0 days/days; walltime: 3.1
-------------------------------------------------------------------------------------------------------37025.0/37230.0 days/days; walltime: 5.8
---------------------------------------------------------------------------------------------------------37026.0/37230.0 days/days; walltime: 5.9
------------------------------------------------------------------------------------------------------------------37027.0/37230.0 days/days; walltime: 6.4
---------------------------------------------------------------------------------37028.0/37230.0 days/days; walltime: 4.8
---------------------------------------------------------------------------------------------------------------------------------------------------------37029.0/37230.0 days/days; walltime: 8.6
-------------------------------------------------------------------------------------------37030.0/37230.0 days/days; walltime: 5.8
-----------------------------------------------------------------------------------37031.0/37230.0 days/days; walltime: 4.9
------------------------------------------------------------------------------------------------------------37032.0/37230.0 days/days; walltime: 6.3
----------------------------------------------------------------------------------------------------------------37033.0/37230.0 days/days; walltime: 6.4
---------------------------------------------------------------------------------------------------------------------------------------------------------------------------37034.0/37230.0 days/days; walltime: 9.3
--------------------------------------------------------------------------------------------------------------------------------------37035.0/37230.0 days/days; walltime: 7.3
-------------------------------------------------------------------------37036.0/37230.0 days/days; walltime: 4.4
--------------------------------------------------------------------------------------------------37037.0/37230.0 days/days; walltime: 5.6
-------------------------------------------------------------------------------------------------------------------------------------------------------------------------37038.0/37230.0 days/days; walltime: 9.3
--------------------------------------------------------------------------------------------------------------------------------------------37039.0/37230.0 days/days; walltime: 7.9
--------------------------37040.0/37230.0 days/days; walltime: 1.7
--------------------------------------------------------37041.0/37230.0 days/days; walltime: 3.2
------------------------37042.0/37230.0 days/days; walltime: 1.6
-------------------------------------------------37043.0/37230.0 days/days; walltime: 2.6
------------------------------------------37044.0/37230.0 days/days; walltime: 2.3
----------------37045.0/37230.0 days/days; walltime: 1.0
-------37046.0/37230.0 days/days; walltime: 0.4
--------------------------------------------------------------------------------------------------------------37047.0/37230.0 days/days; walltime: 5.8
------------------------------------------37048.0/37230.0 days/days; walltime: 2.3
-----------------------------------------------------------------------------------37049.0/37230.0 days/days; walltime: 4.5
----------------------------------------37050.0/37230.0 days/days; walltime: 2.1
----------------------------------------------------------------------------------------------------------------37051.0/37230.0 days/days; walltime: 5.9
--------------------------------------------37052.0/37230.0 days/days; walltime: 2.3
---------------------37053.0/37230.0 days/days; walltime: 1.5
---------------------------------------------------------------------------------------------------------------------------------------------------------------------------------------------------37054.0/37230.0 days/days; walltime: 10.6
----------------------------------------------------37055.0/37230.0 days/days; walltime: 3.0
--------------------------------------------------------------------------------------------------------------------------------------------------------------37056.0/37230.0 days/days; walltime: 8.4
----------------------37057.0/37230.0 days/days; walltime: 1.5
--------------------------37058.0/37230.0 days/days; walltime: 1.6
---------------------------------------------------------37059.0/37230.0 days/days; walltime: 3.2
----------------------------37060.0/37230.0 days/days; walltime: 1.9
--------------------------------37061.0/37230.0 days/days; walltime: 2.0
------------------------------37062.0/37230.0 days/days; walltime: 1.9
----------------------------------37063.0/37230.0 days/days; walltime: 2.1
----------------------------------------------------------------------------------------------------37064.0/37230.0 days/days; walltime: 5.7
------------------------------------------------37065.0/37230.0 days/days; walltime: 3.3
-------------------------------------------37066.0/37230.0 days/days; walltime: 2.8
------------------------------------------37067.0/37230.0 days/days; walltime: 2.5
-----------------------------------------------------------------------------37068.0/37230.0 days/days; walltime: 4.7
------------------------------------37069.0/37230.0 days/days; walltime: 2.3
-----------------------------------------------------37070.0/37230.0 days/days; walltime: 3.6
------------------------------------------37071.0/37230.0 days/days; walltime: 2.7
----------------------------------------------------37072.0/37230.0 days/days; walltime: 3.3
-------------------------------------------------------------------37073.0/37230.0 days/days; walltime: 4.2
----------------------------------37074.0/37230.0 days/days; walltime: 2.1
-------------------------------------------------37075.0/37230.0 days/days; walltime: 3.2
--------------------------------------------------------------37076.0/37230.0 days/days; walltime: 3.8
-------------------------------------------------------------------------------------------37077.0/37230.0 days/days; walltime: 4.9
-------------------------------37078.0/37230.0 days/days; walltime: 2.1
---------------------------------------------------------37079.0/37230.0 days/days; walltime: 3.4
----------------------------------------------------------37080.0/37230.0 days/days; walltime: 3.1
-----------------------------------------------------37081.0/37230.0 days/days; walltime: 2.9
--------------------------------------------------------------------------------------------------------------37082.0/37230.0 days/days; walltime: 5.7
----------------------------------------37083.0/37230.0 days/days; walltime: 2.1
---------------------------------------37084.0/37230.0 days/days; walltime: 2.1
--------37085.0/37230.0 days/days; walltime: 0.5
--37086.0/37230.0 days/days; walltime: 0.1
---37087.0/37230.0 days/days; walltime: 0.3
-37088.0/37230.0 days/days; walltime: 0.0
--37089.0/37230.0 days/days; walltime: 0.1
---37090.0/37230.0 days/days; walltime: 0.3
--37091.0/37230.0 days/days; walltime: 0.1
--37092.0/37230.0 days/days; walltime: 0.2
--37093.0/37230.0 days/days; walltime: 0.1
-37094.0/37230.0 days/days; walltime: 0.0
---37095.0/37230.0 days/days; walltime: 0.3
-37096.0/37230.0 days/days; walltime: 0.0
-37097.0/37230.0 days/days; walltime: 0.0
---37098.0/37230.0 days/days; walltime: 0.3
-37099.0/37230.0 days/days; walltime: 0.0
-37100.0/37230.0 days/days; walltime: 0.0
--37101.0/37230.0 days/days; walltime: 0.2
-37102.0/37230.0 days/days; walltime: 0.0
-37103.0/37230.0 days/days; walltime: 0.0
-37104.0/37230.0 days/days; walltime: 0.0
--37105.0/37230.0 days/days; walltime: 0.2
-37106.0/37230.0 days/days; walltime: 0.0
-37107.0/37230.0 days/days; walltime: 0.0
-37108.0/37230.0 days/days; walltime: 0.1
--37110.0/37230.0 days/days; walltime: 0.2
-37111.0/37230.0 days/days; walltime: 0.1
-37113.0/37230.0 days/days; walltime: 0.0
-37114.0/37230.0 days/days; walltime: 0.1
--37115.0/37230.0 days/days; walltime: 0.2
--37117.0/37230.0 days/days; walltime: 0.1
--37119.0/37230.0 days/days; walltime: 0.1
--37121.0/37230.0 days/days; walltime: 0.1
--37123.0/37230.0 days/days; walltime: 0.2
--37125.0/37230.0 days/days; walltime: 0.1
--37127.0/37230.0 days/days; walltime: 0.1
--37130.0/37230.0 days/days; walltime: 0.1
--37132.0/37230.0 days/days; walltime: 0.2
--37135.0/37230.0 days/days; walltime: 0.1
--37137.0/37230.0 days/days; walltime: 0.1
--37140.0/37230.0 days/days; walltime: 0.1
--37143.0/37230.0 days/days; walltime: 0.2
--37146.0/37230.0 days/days; walltime: 0.1
--37149.0/37230.0 days/days; walltime: 0.1
--37152.0/37230.0 days/days; walltime: 0.1
--37156.0/37230.0 days/days; walltime: 0.2
--37160.0/37230.0 days/days; walltime: 0.1
--37164.0/37230.0 days/days; walltime: 0.1
--37168.0/37230.0 days/days; walltime: 0.1
--37172.0/37230.0 days/days; walltime: 0.2
--37177.0/37230.0 days/days; walltime: 0.1
--37181.0/37230.0 days/days; walltime: 0.1
--37186.0/37230.0 days/days; walltime: 0.1
--37191.0/37230.0 days/days; walltime: 0.2
--37198.0/37230.0 days/days; walltime: 0.1
--37204.0/37230.0 days/days; walltime: 0.1
--37210.0/37230.0 days/days; walltime: 0.1
--37216.0/37230.0 days/days; walltime: 0.2
--37225.0/37230.0 days/days; walltime: 0.2
Wallclock for model run: 642.0s
 

fields = 

  struct with fields:

    nodes: [1x1 struct]
    edges: [1x1 struct]
       BC: [1x1 struct]

No cases left; exiting.
