Case 4:
Picked up JAVA_TOOL_OPTIONS: -Xmx2g
Opening log file:  /tmp/java.log.527

                            < M A T L A B (R) >
                  Copyright 1984-2022 The MathWorks, Inc.
                  R2022a (9.12.0.1884302) 64-bit (glnxa64)
                             February 16, 2022

 
To get started, type doc.
For product information, visit www.mathworks.com.
 

config = 

  struct with fields:

                 k_s: 0.1000
                 l_c: 10
            n_moulin: 68
    creep_const_soft: 0
             mesh_nr: 4
                 e_v: 1.0000e-04
                 k_c: 0.2000
               h_bed: 0.5000
               l_bed: 10
               alpha: 1.2500
                beta: 1.5000
               omega: 5.0000e-04

Running model run (ode15s):
Run to steady
Saving model run to
./RUN/output_004_steady.nc
Fields, IC & BC initialised
Initial phi calculated in 3.2s
0.0/36500.0 days/days; walltime: 27.7
----------------------------------------------1825.0/36500.0 days/days; walltime: 225.9
3650.0/36500.0 days/days; walltime: 4.3
5475.0/36500.0 days/days; walltime: 1.7
7300.0/36500.0 days/days; walltime: 1.2
----------------9125.0/36500.0 days/days; walltime: 15.3
-10950.0/36500.0 days/days; walltime: 872.2
12775.0/36500.0 days/days; walltime: 512.0
14600.0/36500.0 days/days; walltime: 294.8
16425.0/36500.0 days/days; walltime: 187.9
18250.0/36500.0 days/days; walltime: 169.5
20075.0/36500.0 days/days; walltime: 202.3
21900.0/36500.0 days/days; walltime: 7.2
23725.0/36500.0 days/days; walltime: 2.2
25550.0/36500.0 days/days; walltime: 1.0
27375.0/36500.0 days/days; walltime: 0.4
29200.0/36500.0 days/days; walltime: 0.1
31025.0/36500.0 days/days; walltime: 0.3
34675.0/36500.0 days/days; walltime: 0.2
Wallclock for model run: 2533.2s
 

fields = 

  struct with fields:

    nodes: [1x1 struct]
    edges: [1x1 struct]
       BC: [1x1 struct]

Running model run (ode15s):
Run seasonal
Saving model run to
./RUN/output_004_seasonal.nc
IC initialised from struct
IC initialised from file/given & rest from parameters and given functions
36500.0/37230.0 days/days; walltime: 13.1
36501.0/37230.0 days/days; walltime: 43.7
36502.0/37230.0 days/days; walltime: 4.3
36503.0/37230.0 days/days; walltime: 5.1
36504.0/37230.0 days/days; walltime: 4.5
36505.0/37230.0 days/days; walltime: 14.5
36506.0/37230.0 days/days; walltime: 6.6
36507.0/37230.0 days/days; walltime: 8.7
36508.0/37230.0 days/days; walltime: 2.5
36509.0/37230.0 days/days; walltime: 2.6
36510.0/37230.0 days/days; walltime: 5.3
36511.0/37230.0 days/days; walltime: 1.4
36512.0/37230.0 days/days; walltime: 1.4
36513.0/37230.0 days/days; walltime: 1.7
36514.0/37230.0 days/days; walltime: 11.7
36515.0/37230.0 days/days; walltime: 0.8
36516.0/37230.0 days/days; walltime: 1.0
36517.0/37230.0 days/days; walltime: 0.9
36518.0/37230.0 days/days; walltime: 1.2
36519.0/37230.0 days/days; walltime: 1.0
36520.0/37230.0 days/days; walltime: 1.1
36521.0/37230.0 days/days; walltime: 1.0
36522.0/37230.0 days/days; walltime: 1.0
36523.0/37230.0 days/days; walltime: 0.9
36524.0/37230.0 days/days; walltime: 0.8
36525.0/37230.0 days/days; walltime: 0.8
36526.0/37230.0 days/days; walltime: 4.3
36527.0/37230.0 days/days; walltime: 0.6
36528.0/37230.0 days/days; walltime: 0.6
36529.0/37230.0 days/days; walltime: 0.6
36530.0/37230.0 days/days; walltime: 0.6
36531.0/37230.0 days/days; walltime: 0.4
36532.0/37230.0 days/days; walltime: 0.6
36533.0/37230.0 days/days; walltime: 0.4
36534.0/37230.0 days/days; walltime: 0.6
36535.0/37230.0 days/days; walltime: 0.4
36536.0/37230.0 days/days; walltime: 0.6
36537.0/37230.0 days/days; walltime: 0.5
36538.0/37230.0 days/days; walltime: 0.6
36539.0/37230.0 days/days; walltime: 0.6
36540.0/37230.0 days/days; walltime: 0.5
36541.0/37230.0 days/days; walltime: 0.5
36542.0/37230.0 days/days; walltime: 0.5
36543.0/37230.0 days/days; walltime: 2.9
36544.0/37230.0 days/days; walltime: 0.4
36545.0/37230.0 days/days; walltime: 0.5
36546.0/37230.0 days/days; walltime: 0.3
36547.0/37230.0 days/days; walltime: 0.3
36548.0/37230.0 days/days; walltime: 0.3
36549.0/37230.0 days/days; walltime: 0.3
36550.0/37230.0 days/days; walltime: 0.3
36551.0/37230.0 days/days; walltime: 0.3
36552.0/37230.0 days/days; walltime: 0.4
36553.0/37230.0 days/days; walltime: 1.7
36554.0/37230.0 days/days; walltime: 0.3
36555.0/37230.0 days/days; walltime: 0.3
36556.0/37230.0 days/days; walltime: 0.3
36557.0/37230.0 days/days; walltime: 0.3
36558.0/37230.0 days/days; walltime: 0.3
36559.0/37230.0 days/days; walltime: 0.3
36560.0/37230.0 days/days; walltime: 0.1
36561.0/37230.0 days/days; walltime: 0.3
36562.0/37230.0 days/days; walltime: 0.3
36563.0/37230.0 days/days; walltime: 0.4
36564.0/37230.0 days/days; walltime: 0.3
36565.0/37230.0 days/days; walltime: 1.5
36566.0/37230.0 days/days; walltime: 0.3
36567.0/37230.0 days/days; walltime: 0.3
36568.0/37230.0 days/days; walltime: 0.4
36569.0/37230.0 days/days; walltime: 0.2
36570.0/37230.0 days/days; walltime: 0.3
36571.0/37230.0 days/days; walltime: 0.3
36572.0/37230.0 days/days; walltime: 0.2
36573.0/37230.0 days/days; walltime: 0.3
36574.0/37230.0 days/days; walltime: 0.3
36575.0/37230.0 days/days; walltime: 0.2
36576.0/37230.0 days/days; walltime: 0.3
36577.0/37230.0 days/days; walltime: 0.3
36578.0/37230.0 days/days; walltime: 1.5
36579.0/37230.0 days/days; walltime: 0.3
36580.0/37230.0 days/days; walltime: 0.3
36581.0/37230.0 days/days; walltime: 0.1
36582.0/37230.0 days/days; walltime: 0.3
36583.0/37230.0 days/days; walltime: 0.2
36584.0/37230.0 days/days; walltime: 0.1
36585.0/37230.0 days/days; walltime: 0.2
36586.0/37230.0 days/days; walltime: 0.3
36587.0/37230.0 days/days; walltime: 0.1
36588.0/37230.0 days/days; walltime: 0.3
36589.0/37230.0 days/days; walltime: 0.1
36590.0/37230.0 days/days; walltime: 0.2
36591.0/37230.0 days/days; walltime: 0.3
36592.0/37230.0 days/days; walltime: 0.1
36593.0/37230.0 days/days; walltime: 0.2
36594.0/37230.0 days/days; walltime: 0.1
36595.0/37230.0 days/days; walltime: 0.2
36596.0/37230.0 days/days; walltime: 0.1
36597.0/37230.0 days/days; walltime: 0.2
36598.0/37230.0 days/days; walltime: 0.1
36599.0/37230.0 days/days; walltime: 0.3
36600.0/37230.0 days/days; walltime: 0.2
36601.0/37230.0 days/days; walltime: 0.1
36602.0/37230.0 days/days; walltime: 0.2
36603.0/37230.0 days/days; walltime: 0.1
36604.0/37230.0 days/days; walltime: 0.2
36605.0/37230.0 days/days; walltime: 0.1
36606.0/37230.0 days/days; walltime: 0.2
36607.0/37230.0 days/days; walltime: 0.1
36608.0/37230.0 days/days; walltime: 0.2
36609.0/37230.0 days/days; walltime: 0.1
36610.0/37230.0 days/days; walltime: 0.2
36611.0/37230.0 days/days; walltime: 0.1
36612.0/37230.0 days/days; walltime: 0.0
36613.0/37230.0 days/days; walltime: 0.2
36614.0/37230.0 days/days; walltime: 0.1
36615.0/37230.0 days/days; walltime: 0.2
36616.0/37230.0 days/days; walltime: 0.1
36617.0/37230.0 days/days; walltime: 0.2
36618.0/37230.0 days/days; walltime: 0.1
36619.0/37230.0 days/days; walltime: 0.2
36620.0/37230.0 days/days; walltime: 0.1
36621.0/37230.0 days/days; walltime: 0.0
36622.0/37230.0 days/days; walltime: 0.2
36623.0/37230.0 days/days; walltime: 0.1
36624.0/37230.0 days/days; walltime: 0.2
36625.0/37230.0 days/days; walltime: 0.0
36626.0/37230.0 days/days; walltime: 0.2
36627.0/37230.0 days/days; walltime: 0.1
36628.0/37230.0 days/days; walltime: 0.0
36629.0/37230.0 days/days; walltime: 0.2
36630.0/37230.0 days/days; walltime: 0.0
36631.0/37230.0 days/days; walltime: 0.2
36632.0/37230.0 days/days; walltime: 0.1
36633.0/37230.0 days/days; walltime: 0.0
36634.0/37230.0 days/days; walltime: 0.2
36635.0/37230.0 days/days; walltime: 0.0
36636.0/37230.0 days/days; walltime: 0.2
36637.0/37230.0 days/days; walltime: 0.1
36638.0/37230.0 days/days; walltime: 0.1
36639.0/37230.0 days/days; walltime: 0.2
36640.0/37230.0 days/days; walltime: 0.2
36641.0/37230.0 days/days; walltime: 0.1
36642.0/37230.0 days/days; walltime: 0.2
36643.0/37230.0 days/days; walltime: 0.1
36644.0/37230.0 days/days; walltime: 0.2
36645.0/37230.0 days/days; walltime: 0.2
36646.0/37230.0 days/days; walltime: 0.9
36647.0/37230.0 days/days; walltime: 3.1
36648.0/37230.0 days/days; walltime: 3.2
36649.0/37230.0 days/days; walltime: 2.2
36650.0/37230.0 days/days; walltime: 2.4
36651.0/37230.0 days/days; walltime: 2.9
36652.0/37230.0 days/days; walltime: 2.5
36653.0/37230.0 days/days; walltime: 3.0
36654.0/37230.0 days/days; walltime: 3.4
36655.0/37230.0 days/days; walltime: 3.5
36656.0/37230.0 days/days; walltime: 4.3
36657.0/37230.0 days/days; walltime: 5.0
36658.0/37230.0 days/days; walltime: 3.2
36659.0/37230.0 days/days; walltime: 5.3
36660.0/37230.0 days/days; walltime: 3.2
36661.0/37230.0 days/days; walltime: 4.4
36662.0/37230.0 days/days; walltime: 3.2
36663.0/37230.0 days/days; walltime: 3.5
36664.0/37230.0 days/days; walltime: 4.2
36665.0/37230.0 days/days; walltime: 3.0
36666.0/37230.0 days/days; walltime: 5.2
36667.0/37230.0 days/days; walltime: 2.9
36668.0/37230.0 days/days; walltime: 2.8
36669.0/37230.0 days/days; walltime: 2.4
36670.0/37230.0 days/days; walltime: 3.2
36671.0/37230.0 days/days; walltime: 2.1
36672.0/37230.0 days/days; walltime: 1.9
36673.0/37230.0 days/days; walltime: 3.1
36674.0/37230.0 days/days; walltime: 1.9
36675.0/37230.0 days/days; walltime: 2.7
36676.0/37230.0 days/days; walltime: 1.5
36677.0/37230.0 days/days; walltime: 1.3
36678.0/37230.0 days/days; walltime: 1.2
36679.0/37230.0 days/days; walltime: 0.9
36680.0/37230.0 days/days; walltime: 2.0
36681.0/37230.0 days/days; walltime: 0.4
36682.0/37230.0 days/days; walltime: 0.5
36683.0/37230.0 days/days; walltime: 0.4
36684.0/37230.0 days/days; walltime: 0.4
36685.0/37230.0 days/days; walltime: 1.2
36686.0/37230.0 days/days; walltime: 1.0
36687.0/37230.0 days/days; walltime: 1.1
36688.0/37230.0 days/days; walltime: 1.2
36689.0/37230.0 days/days; walltime: 1.0
36690.0/37230.0 days/days; walltime: 1.5
36691.0/37230.0 days/days; walltime: 2.2
36692.0/37230.0 days/days; walltime: 1.4
36693.0/37230.0 days/days; walltime: 1.7
36694.0/37230.0 days/days; walltime: 2.2
36695.0/37230.0 days/days; walltime: 1.9
36696.0/37230.0 days/days; walltime: 2.4
36697.0/37230.0 days/days; walltime: 2.1
36698.0/37230.0 days/days; walltime: 2.1
36699.0/37230.0 days/days; walltime: 3.7
36700.0/37230.0 days/days; walltime: 2.4
36701.0/37230.0 days/days; walltime: 2.5
36702.0/37230.0 days/days; walltime: 2.4
36703.0/37230.0 days/days; walltime: 2.5
36704.0/37230.0 days/days; walltime: 3.0
36705.0/37230.0 days/days; walltime: 4.4
36706.0/37230.0 days/days; walltime: 2.0
36707.0/37230.0 days/days; walltime: 2.8
36708.0/37230.0 days/days; walltime: 2.7
36709.0/37230.0 days/days; walltime: 3.3
36710.0/37230.0 days/days; walltime: 5.8
36711.0/37230.0 days/days; walltime: 2.9
36712.0/37230.0 days/days; walltime: 2.7
36713.0/37230.0 days/days; walltime: 3.6
36714.0/37230.0 days/days; walltime: 2.9
36715.0/37230.0 days/days; walltime: 3.5
36716.0/37230.0 days/days; walltime: 3.4
36717.0/37230.0 days/days; walltime: 1.7
36718.0/37230.0 days/days; walltime: 1.3
36719.0/37230.0 days/days; walltime: 2.9
36720.0/37230.0 days/days; walltime: 0.7
36721.0/37230.0 days/days; walltime: 0.6
36722.0/37230.0 days/days; walltime: 0.5
36723.0/37230.0 days/days; walltime: 0.4
36724.0/37230.0 days/days; walltime: 0.5
36725.0/37230.0 days/days; walltime: 0.4
36726.0/37230.0 days/days; walltime: 0.3
36727.0/37230.0 days/days; walltime: 0.5
36728.0/37230.0 days/days; walltime: 0.4
36729.0/37230.0 days/days; walltime: 0.5
36730.0/37230.0 days/days; walltime: 0.4
36731.0/37230.0 days/days; walltime: 0.5
36732.0/37230.0 days/days; walltime: 0.3
36733.0/37230.0 days/days; walltime: 0.4
36734.0/37230.0 days/days; walltime: 0.3
36735.0/37230.0 days/days; walltime: 0.3
36736.0/37230.0 days/days; walltime: 2.1
36737.0/37230.0 days/days; walltime: 0.6
36738.0/37230.0 days/days; walltime: 0.3
36739.0/37230.0 days/days; walltime: 0.3
36740.0/37230.0 days/days; walltime: 0.1
36741.0/37230.0 days/days; walltime: 0.3
36742.0/37230.0 days/days; walltime: 0.3
36743.0/37230.0 days/days; walltime: 0.1
36744.0/37230.0 days/days; walltime: 0.3
36745.0/37230.0 days/days; walltime: 0.2
36746.0/37230.0 days/days; walltime: 0.1
36747.0/37230.0 days/days; walltime: 0.2
36748.0/37230.0 days/days; walltime: 0.3
36749.0/37230.0 days/days; walltime: 0.1
36750.0/37230.0 days/days; walltime: 0.2
36751.0/37230.0 days/days; walltime: 0.1
36752.0/37230.0 days/days; walltime: 0.2
36753.0/37230.0 days/days; walltime: 0.1
36754.0/37230.0 days/days; walltime: 0.2
36755.0/37230.0 days/days; walltime: 0.1
36756.0/37230.0 days/days; walltime: 0.2
36757.0/37230.0 days/days; walltime: 0.0
36758.0/37230.0 days/days; walltime: 0.1
36759.0/37230.0 days/days; walltime: 0.2
36760.0/37230.0 days/days; walltime: 0.0
36761.0/37230.0 days/days; walltime: 0.2
36762.0/37230.0 days/days; walltime: 0.0
36763.0/37230.0 days/days; walltime: 0.1
36764.0/37230.0 days/days; walltime: 0.2
36765.0/37230.0 days/days; walltime: 0.1
36766.0/37230.0 days/days; walltime: 0.0
36767.0/37230.0 days/days; walltime: 0.2
36768.0/37230.0 days/days; walltime: 0.1
36769.0/37230.0 days/days; walltime: 0.0
36770.0/37230.0 days/days; walltime: 0.2
36771.0/37230.0 days/days; walltime: 0.0
36772.0/37230.0 days/days; walltime: 0.0
36773.0/37230.0 days/days; walltime: 0.2
36774.0/37230.0 days/days; walltime: 0.0
36775.0/37230.0 days/days; walltime: 0.0
36776.0/37230.0 days/days; walltime: 0.0
36777.0/37230.0 days/days; walltime: 0.2
36778.0/37230.0 days/days; walltime: 0.0
36779.0/37230.0 days/days; walltime: 0.0
36781.0/37230.0 days/days; walltime: 0.0
36782.0/37230.0 days/days; walltime: 0.2
36783.0/37230.0 days/days; walltime: 0.0
36784.0/37230.0 days/days; walltime: 0.0
36785.0/37230.0 days/days; walltime: 0.0
36787.0/37230.0 days/days; walltime: 0.2
36788.0/37230.0 days/days; walltime: 0.0
36789.0/37230.0 days/days; walltime: 0.0
36791.0/37230.0 days/days; walltime: 0.0
36792.0/37230.0 days/days; walltime: 0.2
36793.0/37230.0 days/days; walltime: 0.0
36795.0/37230.0 days/days; walltime: 0.0
36796.0/37230.0 days/days; walltime: 0.0
36798.0/37230.0 days/days; walltime: 0.2
36799.0/37230.0 days/days; walltime: 0.0
36800.0/37230.0 days/days; walltime: 0.0
36802.0/37230.0 days/days; walltime: 0.0
36803.0/37230.0 days/days; walltime: 0.2
36805.0/37230.0 days/days; walltime: 0.0
36806.0/37230.0 days/days; walltime: 0.0
36807.0/37230.0 days/days; walltime: 0.0
36809.0/37230.0 days/days; walltime: 0.2
36810.0/37230.0 days/days; walltime: 0.0
36812.0/37230.0 days/days; walltime: 0.0
36813.0/37230.0 days/days; walltime: 0.0
36815.0/37230.0 days/days; walltime: 0.2
36816.0/37230.0 days/days; walltime: 0.0
36818.0/37230.0 days/days; walltime: 0.0
36819.0/37230.0 days/days; walltime: 0.0
36821.0/37230.0 days/days; walltime: 0.2
36822.0/37230.0 days/days; walltime: 0.0
36824.0/37230.0 days/days; walltime: 0.0
36825.0/37230.0 days/days; walltime: 0.0
36827.0/37230.0 days/days; walltime: 0.2
36829.0/37230.0 days/days; walltime: 0.0
36830.0/37230.0 days/days; walltime: 0.1
36832.0/37230.0 days/days; walltime: 0.1
36833.0/37230.0 days/days; walltime: 0.4
36835.0/37230.0 days/days; walltime: 0.0
36836.0/37230.0 days/days; walltime: 0.0
36838.0/37230.0 days/days; walltime: 0.0
36840.0/37230.0 days/days; walltime: 0.2
36841.0/37230.0 days/days; walltime: 0.0
36843.0/37230.0 days/days; walltime: 0.0
36844.0/37230.0 days/days; walltime: 0.0
36846.0/37230.0 days/days; walltime: 0.2
36847.0/37230.0 days/days; walltime: 0.0
36849.0/37230.0 days/days; walltime: 0.0
36851.0/37230.0 days/days; walltime: 0.0
36852.0/37230.0 days/days; walltime: 0.2
36854.0/37230.0 days/days; walltime: 0.0
36855.0/37230.0 days/days; walltime: 0.0
36857.0/37230.0 days/days; walltime: 0.0
36859.0/37230.0 days/days; walltime: 0.2
36860.0/37230.0 days/days; walltime: 0.0
36862.0/37230.0 days/days; walltime: 0.0
36864.0/37230.0 days/days; walltime: 0.0
36865.0/37230.0 days/days; walltime: 0.2
36867.0/37230.0 days/days; walltime: 0.0
36869.0/37230.0 days/days; walltime: 0.0
36870.0/37230.0 days/days; walltime: 0.0
36872.0/37230.0 days/days; walltime: 0.2
36874.0/37230.0 days/days; walltime: 0.0
36875.0/37230.0 days/days; walltime: 0.0
36877.0/37230.0 days/days; walltime: 0.0
36879.0/37230.0 days/days; walltime: 0.2
36881.0/37230.0 days/days; walltime: 0.0
36882.0/37230.0 days/days; walltime: 0.0
36884.0/37230.0 days/days; walltime: 0.0
36886.0/37230.0 days/days; walltime: 0.2
36888.0/37230.0 days/days; walltime: 0.0
36890.0/37230.0 days/days; walltime: 0.0
36891.0/37230.0 days/days; walltime: 0.0
36893.0/37230.0 days/days; walltime: 0.2
36895.0/37230.0 days/days; walltime: 0.0
36897.0/37230.0 days/days; walltime: 0.0
36899.0/37230.0 days/days; walltime: 0.0
36900.0/37230.0 days/days; walltime: 0.2
36902.0/37230.0 days/days; walltime: 0.0
36904.0/37230.0 days/days; walltime: 0.0
36906.0/37230.0 days/days; walltime: 0.0
36908.0/37230.0 days/days; walltime: 0.2
36910.0/37230.0 days/days; walltime: 0.0
36912.0/37230.0 days/days; walltime: 0.0
36914.0/37230.0 days/days; walltime: 0.0
36916.0/37230.0 days/days; walltime: 0.2
36918.0/37230.0 days/days; walltime: 0.0
36920.0/37230.0 days/days; walltime: 0.0
36922.0/37230.0 days/days; walltime: 0.0
36924.0/37230.0 days/days; walltime: 0.2
36926.0/37230.0 days/days; walltime: 0.0
36928.0/37230.0 days/days; walltime: 0.0
36930.0/37230.0 days/days; walltime: 0.0
36932.0/37230.0 days/days; walltime: 0.2
36934.0/37230.0 days/days; walltime: 0.0
36936.0/37230.0 days/days; walltime: 0.0
36938.0/37230.0 days/days; walltime: 0.0
36940.0/37230.0 days/days; walltime: 0.2
36942.0/37230.0 days/days; walltime: 0.0
36944.0/37230.0 days/days; walltime: 0.0
36946.0/37230.0 days/days; walltime: 0.0
36948.0/37230.0 days/days; walltime: 0.2
36951.0/37230.0 days/days; walltime: 0.0
36953.0/37230.0 days/days; walltime: 0.0
36955.0/37230.0 days/days; walltime: 0.0
36957.0/37230.0 days/days; walltime: 0.2
36959.0/37230.0 days/days; walltime: 0.0
36962.0/37230.0 days/days; walltime: 0.0
36964.0/37230.0 days/days; walltime: 0.0
36966.0/37230.0 days/days; walltime: 0.2
36969.0/37230.0 days/days; walltime: 0.0
36971.0/37230.0 days/days; walltime: 0.0
36973.0/37230.0 days/days; walltime: 0.0
36975.0/37230.0 days/days; walltime: 0.2
36978.0/37230.0 days/days; walltime: 0.0
36980.0/37230.0 days/days; walltime: 0.0
36983.0/37230.0 days/days; walltime: 0.0
36985.0/37230.0 days/days; walltime: 0.2
36987.0/37230.0 days/days; walltime: 0.0
36990.0/37230.0 days/days; walltime: 0.0
36992.0/37230.0 days/days; walltime: 0.0
36995.0/37230.0 days/days; walltime: 0.2
36997.0/37230.0 days/days; walltime: 0.0
37000.0/37230.0 days/days; walltime: 0.0
37002.0/37230.0 days/days; walltime: 0.0
37005.0/37230.0 days/days; walltime: 0.2
37008.0/37230.0 days/days; walltime: 0.0
37010.0/37230.0 days/days; walltime: 0.2
--37011.0/37230.0 days/days; walltime: 0.9
37012.0/37230.0 days/days; walltime: 3.1
37013.0/37230.0 days/days; walltime: 2.6
37014.0/37230.0 days/days; walltime: 2.4
37015.0/37230.0 days/days; walltime: 2.4
37016.0/37230.0 days/days; walltime: 3.8
37017.0/37230.0 days/days; walltime: 6.0
37018.0/37230.0 days/days; walltime: 3.0
37019.0/37230.0 days/days; walltime: 3.5
37020.0/37230.0 days/days; walltime: 3.5
37021.0/37230.0 days/days; walltime: 4.4
37022.0/37230.0 days/days; walltime: 5.4
37023.0/37230.0 days/days; walltime: 3.2
37024.0/37230.0 days/days; walltime: 5.1
37025.0/37230.0 days/days; walltime: 3.3
37026.0/37230.0 days/days; walltime: 4.8
37027.0/37230.0 days/days; walltime: 3.0
37028.0/37230.0 days/days; walltime: 3.5
37029.0/37230.0 days/days; walltime: 4.3
37030.0/37230.0 days/days; walltime: 3.1
37031.0/37230.0 days/days; walltime: 5.5
37032.0/37230.0 days/days; walltime: 2.9
37033.0/37230.0 days/days; walltime: 2.6
37034.0/37230.0 days/days; walltime: 2.7
37035.0/37230.0 days/days; walltime: 3.1
37036.0/37230.0 days/days; walltime: 2.3
37037.0/37230.0 days/days; walltime: 3.6
37038.0/37230.0 days/days; walltime: 2.5
37039.0/37230.0 days/days; walltime: 1.8
37040.0/37230.0 days/days; walltime: 1.3
37041.0/37230.0 days/days; walltime: 3.2
37042.0/37230.0 days/days; walltime: 1.0
37043.0/37230.0 days/days; walltime: 1.0
37044.0/37230.0 days/days; walltime: 1.0
37045.0/37230.0 days/days; walltime: 0.8
37046.0/37230.0 days/days; walltime: 0.7
37047.0/37230.0 days/days; walltime: 0.9
37048.0/37230.0 days/days; walltime: 0.9
37049.0/37230.0 days/days; walltime: 0.8
37050.0/37230.0 days/days; walltime: 2.1
37051.0/37230.0 days/days; walltime: 0.6
37052.0/37230.0 days/days; walltime: 0.7
37053.0/37230.0 days/days; walltime: 0.8
37054.0/37230.0 days/days; walltime: 1.0
37055.0/37230.0 days/days; walltime: 1.2
37056.0/37230.0 days/days; walltime: 1.1
37057.0/37230.0 days/days; walltime: 1.6
37058.0/37230.0 days/days; walltime: 1.6
37059.0/37230.0 days/days; walltime: 2.0
37060.0/37230.0 days/days; walltime: 1.6
37061.0/37230.0 days/days; walltime: 2.0
37062.0/37230.0 days/days; walltime: 2.2
37063.0/37230.0 days/days; walltime: 2.6
37064.0/37230.0 days/days; walltime: 3.9
37065.0/37230.0 days/days; walltime: 3.1
37066.0/37230.0 days/days; walltime: 2.8
37067.0/37230.0 days/days; walltime: 3.1
37068.0/37230.0 days/days; walltime: 2.9
37069.0/37230.0 days/days; walltime: 2.7
37070.0/37230.0 days/days; walltime: 3.8
37071.0/37230.0 days/days; walltime: 2.9
37072.0/37230.0 days/days; walltime: 3.1
37073.0/37230.0 days/days; walltime: 3.4
37074.0/37230.0 days/days; walltime: 3.4
37075.0/37230.0 days/days; walltime: 4.9
37076.0/37230.0 days/days; walltime: 2.7
37077.0/37230.0 days/days; walltime: 3.0
37078.0/37230.0 days/days; walltime: 3.3
37079.0/37230.0 days/days; walltime: 2.7
37080.0/37230.0 days/days; walltime: 3.7
37081.0/37230.0 days/days; walltime: 3.8
37082.0/37230.0 days/days; walltime: 1.5
37083.0/37230.0 days/days; walltime: 1.2
37084.0/37230.0 days/days; walltime: 2.7
37085.0/37230.0 days/days; walltime: 0.8
37086.0/37230.0 days/days; walltime: 0.5
37087.0/37230.0 days/days; walltime: 0.4
37088.0/37230.0 days/days; walltime: 0.5
37089.0/37230.0 days/days; walltime: 0.4
37090.0/37230.0 days/days; walltime: 0.5
37091.0/37230.0 days/days; walltime: 0.3
37092.0/37230.0 days/days; walltime: 0.3
37093.0/37230.0 days/days; walltime: 0.3
37094.0/37230.0 days/days; walltime: 0.6
37095.0/37230.0 days/days; walltime: 0.4
37096.0/37230.0 days/days; walltime: 0.4
37097.0/37230.0 days/days; walltime: 0.4
37098.0/37230.0 days/days; walltime: 0.4
37099.0/37230.0 days/days; walltime: 0.4
37100.0/37230.0 days/days; walltime: 0.3
37101.0/37230.0 days/days; walltime: 2.3
37102.0/37230.0 days/days; walltime: 0.4
37103.0/37230.0 days/days; walltime: 0.3
37104.0/37230.0 days/days; walltime: 0.3
37105.0/37230.0 days/days; walltime: 0.1
37106.0/37230.0 days/days; walltime: 0.3
37107.0/37230.0 days/days; walltime: 0.2
37108.0/37230.0 days/days; walltime: 0.1
37109.0/37230.0 days/days; walltime: 0.3
37110.0/37230.0 days/days; walltime: 0.2
37111.0/37230.0 days/days; walltime: 0.1
37112.0/37230.0 days/days; walltime: 0.2
37113.0/37230.0 days/days; walltime: 0.1
37114.0/37230.0 days/days; walltime: 0.2
37115.0/37230.0 days/days; walltime: 0.3
37116.0/37230.0 days/days; walltime: 0.1
37117.0/37230.0 days/days; walltime: 0.2
37118.0/37230.0 days/days; walltime: 0.1
37119.0/37230.0 days/days; walltime: 0.2
37120.0/37230.0 days/days; walltime: 0.1
37121.0/37230.0 days/days; walltime: 0.0
37122.0/37230.0 days/days; walltime: 0.2
37123.0/37230.0 days/days; walltime: 0.1
37124.0/37230.0 days/days; walltime: 0.2
37125.0/37230.0 days/days; walltime: 0.1
37126.0/37230.0 days/days; walltime: 0.2
37127.0/37230.0 days/days; walltime: 0.0
37128.0/37230.0 days/days; walltime: 0.1
37129.0/37230.0 days/days; walltime: 0.2
37130.0/37230.0 days/days; walltime: 0.0
37131.0/37230.0 days/days; walltime: 0.1
37132.0/37230.0 days/days; walltime: 0.2
37133.0/37230.0 days/days; walltime: 0.0
37134.0/37230.0 days/days; walltime: 0.1
37135.0/37230.0 days/days; walltime: 0.2
37136.0/37230.0 days/days; walltime: 0.0
37137.0/37230.0 days/days; walltime: 0.0
37138.0/37230.0 days/days; walltime: 0.0
37139.0/37230.0 days/days; walltime: 0.2
37140.0/37230.0 days/days; walltime: 0.0
37141.0/37230.0 days/days; walltime: 0.0
37142.0/37230.0 days/days; walltime: 0.0
37143.0/37230.0 days/days; walltime: 0.2
37144.0/37230.0 days/days; walltime: 0.0
37145.0/37230.0 days/days; walltime: 0.0
37146.0/37230.0 days/days; walltime: 0.0
37147.0/37230.0 days/days; walltime: 0.2
37148.0/37230.0 days/days; walltime: 0.0
37149.0/37230.0 days/days; walltime: 0.0
37151.0/37230.0 days/days; walltime: 0.0
37152.0/37230.0 days/days; walltime: 0.2
37153.0/37230.0 days/days; walltime: 0.0
37155.0/37230.0 days/days; walltime: 0.0
37156.0/37230.0 days/days; walltime: 0.0
37158.0/37230.0 days/days; walltime: 0.2
37160.0/37230.0 days/days; walltime: 0.0
37161.0/37230.0 days/days; walltime: 0.0
37163.0/37230.0 days/days; walltime: 0.0
37165.0/37230.0 days/days; walltime: 0.2
37167.0/37230.0 days/days; walltime: 0.0
37169.0/37230.0 days/days; walltime: 0.0
37171.0/37230.0 days/days; walltime: 0.0
37173.0/37230.0 days/days; walltime: 0.2
37176.0/37230.0 days/days; walltime: 0.0
37178.0/37230.0 days/days; walltime: 0.0
37181.0/37230.0 days/days; walltime: 0.0
37184.0/37230.0 days/days; walltime: 0.2
37188.0/37230.0 days/days; walltime: 0.0
37191.0/37230.0 days/days; walltime: 0.0
37195.0/37230.0 days/days; walltime: 0.0
37198.0/37230.0 days/days; walltime: 0.2
37203.0/37230.0 days/days; walltime: 0.0
37208.0/37230.0 days/days; walltime: 0.0
37213.0/37230.0 days/days; walltime: 0.0
37218.0/37230.0 days/days; walltime: 0.2
37223.0/37230.0 days/days; walltime: 0.0
37228.0/37230.0 days/days; walltime: 0.2
Wallclock for model run: 611.8s
 

fields = 

  struct with fields:

    nodes: [1x1 struct]
    edges: [1x1 struct]
       BC: [1x1 struct]

No cases left; exiting.
