Case 5:
Picked up JAVA_TOOL_OPTIONS: -Xmx2g
Opening log file:  /tmp/java.log.619

                            < M A T L A B (R) >
                  Copyright 1984-2022 The MathWorks, Inc.
                  R2022a (9.12.0.1884302) 64-bit (glnxa64)
                             February 16, 2022

 
To get started, type doc.
For product information, visit www.mathworks.com.
 

config = 

  struct with fields:

                 k_s: 0.1000
                 l_c: 10
            n_moulin: 68
    creep_const_soft: 0
             mesh_nr: 4
                 e_v: 1.0000e-04
                 k_c: 0.2000
               h_bed: 0.5000
               l_bed: 10
               alpha: 1.5000
                beta: 1.5000
               omega: 5.0000e-04

Running model run (ode15s):
Run to steady
Saving model run to
./RUN/output_005_steady.nc
Fields, IC & BC initialised
Initial phi calculated in 2.8s
0.0/36500.0 days/days; walltime: 29.9
---------------------------------------------------------1825.0/36500.0 days/days; walltime: 291.4
3650.0/36500.0 days/days; walltime: 8.3
5475.0/36500.0 days/days; walltime: 1.9
7300.0/36500.0 days/days; walltime: 0.6
----------------9125.0/36500.0 days/days; walltime: 19.1
10950.0/36500.0 days/days; walltime: 965.7
12775.0/36500.0 days/days; walltime: 481.9
14600.0/36500.0 days/days; walltime: 264.1
16425.0/36500.0 days/days; walltime: 154.8
18250.0/36500.0 days/days; walltime: 163.4
-20075.0/36500.0 days/days; walltime: 146.8
21900.0/36500.0 days/days; walltime: 8.3
23725.0/36500.0 days/days; walltime: 5.4
25550.0/36500.0 days/days; walltime: 0.8
27375.0/36500.0 days/days; walltime: 0.4
29200.0/36500.0 days/days; walltime: 0.0
31025.0/36500.0 days/days; walltime: 0.1
32850.0/36500.0 days/days; walltime: 0.2
36500.0/36500.0 days/days; walltime: 0.2
Wallclock for model run: 2549.4s
 

fields = 

  struct with fields:

    nodes: [1x1 struct]
    edges: [1x1 struct]
       BC: [1x1 struct]

Running model run (ode15s):
Run seasonal
Saving model run to
./RUN/output_005_seasonal.nc
IC initialised from struct
IC initialised from file/given & rest from parameters and given functions
36500.0/37230.0 days/days; walltime: 12.4
36501.0/37230.0 days/days; walltime: 40.4
36502.0/37230.0 days/days; walltime: 5.3
36503.0/37230.0 days/days; walltime: 4.4
36504.0/37230.0 days/days; walltime: 10.1
36505.0/37230.0 days/days; walltime: 15.5
36506.0/37230.0 days/days; walltime: 11.5
36507.0/37230.0 days/days; walltime: 7.1
36508.0/37230.0 days/days; walltime: 5.8
36509.0/37230.0 days/days; walltime: 2.3
36510.0/37230.0 days/days; walltime: 7.1
36511.0/37230.0 days/days; walltime: 1.6
36512.0/37230.0 days/days; walltime: 1.6
36513.0/37230.0 days/days; walltime: 1.6
36514.0/37230.0 days/days; walltime: 2.8
36515.0/37230.0 days/days; walltime: 1.3
36516.0/37230.0 days/days; walltime: 1.3
36517.0/37230.0 days/days; walltime: 1.2
36518.0/37230.0 days/days; walltime: 1.2
36519.0/37230.0 days/days; walltime: 1.0
36520.0/37230.0 days/days; walltime: 1.1
36521.0/37230.0 days/days; walltime: 0.9
36522.0/37230.0 days/days; walltime: 1.0
36523.0/37230.0 days/days; walltime: 0.9
36524.0/37230.0 days/days; walltime: 0.8
36525.0/37230.0 days/days; walltime: 0.7
36526.0/37230.0 days/days; walltime: 4.5
36527.0/37230.0 days/days; walltime: 0.8
36528.0/37230.0 days/days; walltime: 0.8
36529.0/37230.0 days/days; walltime: 0.7
36530.0/37230.0 days/days; walltime: 0.6
36531.0/37230.0 days/days; walltime: 0.6
36532.0/37230.0 days/days; walltime: 0.7
36533.0/37230.0 days/days; walltime: 0.5
36534.0/37230.0 days/days; walltime: 0.7
36535.0/37230.0 days/days; walltime: 0.4
36536.0/37230.0 days/days; walltime: 0.4
36537.0/37230.0 days/days; walltime: 0.6
36538.0/37230.0 days/days; walltime: 0.4
36539.0/37230.0 days/days; walltime: 0.5
36540.0/37230.0 days/days; walltime: 0.5
36541.0/37230.0 days/days; walltime: 0.5
36542.0/37230.0 days/days; walltime: 0.5
36543.0/37230.0 days/days; walltime: 0.4
36544.0/37230.0 days/days; walltime: 6.9
36545.0/37230.0 days/days; walltime: 0.5
36546.0/37230.0 days/days; walltime: 0.3
36547.0/37230.0 days/days; walltime: 0.3
36548.0/37230.0 days/days; walltime: 0.3
36549.0/37230.0 days/days; walltime: 0.3
36550.0/37230.0 days/days; walltime: 0.3
36551.0/37230.0 days/days; walltime: 0.3
36552.0/37230.0 days/days; walltime: 0.3
36553.0/37230.0 days/days; walltime: 0.3
36554.0/37230.0 days/days; walltime: 1.5
36555.0/37230.0 days/days; walltime: 0.3
36556.0/37230.0 days/days; walltime: 0.3
36557.0/37230.0 days/days; walltime: 0.3
36558.0/37230.0 days/days; walltime: 0.2
36559.0/37230.0 days/days; walltime: 0.3
36560.0/37230.0 days/days; walltime: 0.3
36561.0/37230.0 days/days; walltime: 0.1
36562.0/37230.0 days/days; walltime: 0.4
36563.0/37230.0 days/days; walltime: 0.3
36564.0/37230.0 days/days; walltime: 0.3
36565.0/37230.0 days/days; walltime: 0.3
36566.0/37230.0 days/days; walltime: 1.4
36567.0/37230.0 days/days; walltime: 0.3
36568.0/37230.0 days/days; walltime: 0.3
36569.0/37230.0 days/days; walltime: 0.3
36570.0/37230.0 days/days; walltime: 0.2
36571.0/37230.0 days/days; walltime: 0.3
36572.0/37230.0 days/days; walltime: 0.3
36573.0/37230.0 days/days; walltime: 0.2
36574.0/37230.0 days/days; walltime: 0.3
36575.0/37230.0 days/days; walltime: 0.3
36576.0/37230.0 days/days; walltime: 0.3
36577.0/37230.0 days/days; walltime: 0.2
36578.0/37230.0 days/days; walltime: 0.3
36579.0/37230.0 days/days; walltime: 0.3
36580.0/37230.0 days/days; walltime: 0.2
36581.0/37230.0 days/days; walltime: 0.3
36582.0/37230.0 days/days; walltime: 1.5
36583.0/37230.0 days/days; walltime: 0.1
36584.0/37230.0 days/days; walltime: 0.2
36585.0/37230.0 days/days; walltime: 0.3
36586.0/37230.0 days/days; walltime: 0.1
36587.0/37230.0 days/days; walltime: 0.3
36588.0/37230.0 days/days; walltime: 0.1
36589.0/37230.0 days/days; walltime: 0.3
36590.0/37230.0 days/days; walltime: 0.2
36591.0/37230.0 days/days; walltime: 0.1
36592.0/37230.0 days/days; walltime: 0.2
36593.0/37230.0 days/days; walltime: 0.1
36594.0/37230.0 days/days; walltime: 0.2
36595.0/37230.0 days/days; walltime: 0.1
36596.0/37230.0 days/days; walltime: 0.2
36597.0/37230.0 days/days; walltime: 0.3
36598.0/37230.0 days/days; walltime: 0.1
36599.0/37230.0 days/days; walltime: 0.2
36600.0/37230.0 days/days; walltime: 0.1
36601.0/37230.0 days/days; walltime: 0.2
36602.0/37230.0 days/days; walltime: 0.1
36603.0/37230.0 days/days; walltime: 0.2
36604.0/37230.0 days/days; walltime: 0.1
36605.0/37230.0 days/days; walltime: 0.2
36606.0/37230.0 days/days; walltime: 0.1
36607.0/37230.0 days/days; walltime: 0.2
36608.0/37230.0 days/days; walltime: 0.1
36609.0/37230.0 days/days; walltime: 0.2
36610.0/37230.0 days/days; walltime: 0.1
36611.0/37230.0 days/days; walltime: 0.2
36612.0/37230.0 days/days; walltime: 0.1
36613.0/37230.0 days/days; walltime: 0.2
36614.0/37230.0 days/days; walltime: 0.1
36615.0/37230.0 days/days; walltime: 0.2
36616.0/37230.0 days/days; walltime: 0.0
36617.0/37230.0 days/days; walltime: 0.1
36618.0/37230.0 days/days; walltime: 0.2
36619.0/37230.0 days/days; walltime: 0.1
36620.0/37230.0 days/days; walltime: 0.2
36621.0/37230.0 days/days; walltime: 0.1
36622.0/37230.0 days/days; walltime: 0.2
36623.0/37230.0 days/days; walltime: 0.1
36624.0/37230.0 days/days; walltime: 0.0
36625.0/37230.0 days/days; walltime: 0.2
36626.0/37230.0 days/days; walltime: 0.1
36627.0/37230.0 days/days; walltime: 0.2
36628.0/37230.0 days/days; walltime: 0.1
36629.0/37230.0 days/days; walltime: 0.0
36630.0/37230.0 days/days; walltime: 0.2
36631.0/37230.0 days/days; walltime: 0.1
36632.0/37230.0 days/days; walltime: 0.2
36633.0/37230.0 days/days; walltime: 0.1
36634.0/37230.0 days/days; walltime: 0.0
36635.0/37230.0 days/days; walltime: 0.2
36636.0/37230.0 days/days; walltime: 0.0
36637.0/37230.0 days/days; walltime: 0.2
36638.0/37230.0 days/days; walltime: 0.0
36639.0/37230.0 days/days; walltime: 0.1
36640.0/37230.0 days/days; walltime: 0.2
36641.0/37230.0 days/days; walltime: 0.1
36642.0/37230.0 days/days; walltime: 0.0
36643.0/37230.0 days/days; walltime: 0.2
36644.0/37230.0 days/days; walltime: 0.0
36645.0/37230.0 days/days; walltime: 0.1
36646.0/37230.0 days/days; walltime: 1.0
36647.0/37230.0 days/days; walltime: 2.9
36648.0/37230.0 days/days; walltime: 3.3
36649.0/37230.0 days/days; walltime: 4.8
36650.0/37230.0 days/days; walltime: 2.2
36651.0/37230.0 days/days; walltime: 3.3
36652.0/37230.0 days/days; walltime: 3.0
36653.0/37230.0 days/days; walltime: 3.4
36654.0/37230.0 days/days; walltime: 3.9
36655.0/37230.0 days/days; walltime: 2.9
36656.0/37230.0 days/days; walltime: 4.0
36657.0/37230.0 days/days; walltime: 4.8
36658.0/37230.0 days/days; walltime: 3.1
36659.0/37230.0 days/days; walltime: 5.2
36660.0/37230.0 days/days; walltime: 3.2
36661.0/37230.0 days/days; walltime: 2.6
36662.0/37230.0 days/days; walltime: 4.1
36663.0/37230.0 days/days; walltime: 3.0
36664.0/37230.0 days/days; walltime: 4.0
36665.0/37230.0 days/days; walltime: 2.7
36666.0/37230.0 days/days; walltime: 4.9
36667.0/37230.0 days/days; walltime: 3.2
36668.0/37230.0 days/days; walltime: 2.8
36669.0/37230.0 days/days; walltime: 2.6
36670.0/37230.0 days/days; walltime: 3.0
36671.0/37230.0 days/days; walltime: 2.2
36672.0/37230.0 days/days; walltime: 1.8
36673.0/37230.0 days/days; walltime: 2.0
36674.0/37230.0 days/days; walltime: 1.7
36675.0/37230.0 days/days; walltime: 2.5
36676.0/37230.0 days/days; walltime: 1.3
36677.0/37230.0 days/days; walltime: 1.3
36678.0/37230.0 days/days; walltime: 1.0
36679.0/37230.0 days/days; walltime: 1.0
36680.0/37230.0 days/days; walltime: 1.1
36681.0/37230.0 days/days; walltime: 1.2
36682.0/37230.0 days/days; walltime: 2.1
36683.0/37230.0 days/days; walltime: 0.4
36684.0/37230.0 days/days; walltime: 0.5
36685.0/37230.0 days/days; walltime: 0.4
36686.0/37230.0 days/days; walltime: 1.1
36687.0/37230.0 days/days; walltime: 1.0
36688.0/37230.0 days/days; walltime: 1.3
36689.0/37230.0 days/days; walltime: 1.0
36690.0/37230.0 days/days; walltime: 1.3
36691.0/37230.0 days/days; walltime: 2.3
36692.0/37230.0 days/days; walltime: 1.5
36693.0/37230.0 days/days; walltime: 2.1
36694.0/37230.0 days/days; walltime: 1.8
36695.0/37230.0 days/days; walltime: 1.8
36696.0/37230.0 days/days; walltime: 1.9
36697.0/37230.0 days/days; walltime: 1.7
36698.0/37230.0 days/days; walltime: 2.8
36699.0/37230.0 days/days; walltime: 3.2
36700.0/37230.0 days/days; walltime: 2.7
36701.0/37230.0 days/days; walltime: 2.5
36702.0/37230.0 days/days; walltime: 2.0
36703.0/37230.0 days/days; walltime: 2.6
36704.0/37230.0 days/days; walltime: 2.9
36705.0/37230.0 days/days; walltime: 3.0
36706.0/37230.0 days/days; walltime: 3.9
36707.0/37230.0 days/days; walltime: 3.0
36708.0/37230.0 days/days; walltime: 2.4
36709.0/37230.0 days/days; walltime: 2.7
36710.0/37230.0 days/days; walltime: 3.6
36711.0/37230.0 days/days; walltime: 3.6
36712.0/37230.0 days/days; walltime: 4.3
36713.0/37230.0 days/days; walltime: 2.9
36714.0/37230.0 days/days; walltime: 3.1
36715.0/37230.0 days/days; walltime: 2.9
36716.0/37230.0 days/days; walltime: 2.3
36717.0/37230.0 days/days; walltime: 2.6
36718.0/37230.0 days/days; walltime: 1.2
36719.0/37230.0 days/days; walltime: 2.9
36720.0/37230.0 days/days; walltime: 0.8
36721.0/37230.0 days/days; walltime: 0.7
36722.0/37230.0 days/days; walltime: 0.7
36723.0/37230.0 days/days; walltime: 0.5
36724.0/37230.0 days/days; walltime: 0.7
36725.0/37230.0 days/days; walltime: 0.5
36726.0/37230.0 days/days; walltime: 0.5
36727.0/37230.0 days/days; walltime: 0.6
36728.0/37230.0 days/days; walltime: 0.5
36729.0/37230.0 days/days; walltime: 0.5
36730.0/37230.0 days/days; walltime: 0.4
36731.0/37230.0 days/days; walltime: 0.4
36732.0/37230.0 days/days; walltime: 0.5
36733.0/37230.0 days/days; walltime: 0.4
36734.0/37230.0 days/days; walltime: 0.3
36735.0/37230.0 days/days; walltime: 0.4
36736.0/37230.0 days/days; walltime: 0.3
36737.0/37230.0 days/days; walltime: 0.4
36738.0/37230.0 days/days; walltime: 0.3
36739.0/37230.0 days/days; walltime: 0.2
36740.0/37230.0 days/days; walltime: 0.3
36741.0/37230.0 days/days; walltime: 0.3
36742.0/37230.0 days/days; walltime: 0.3
36743.0/37230.0 days/days; walltime: 2.2
36744.0/37230.0 days/days; walltime: 0.2
36745.0/37230.0 days/days; walltime: 0.3
36746.0/37230.0 days/days; walltime: 0.2
36747.0/37230.0 days/days; walltime: 0.3
36748.0/37230.0 days/days; walltime: 0.2
36749.0/37230.0 days/days; walltime: 0.1
36750.0/37230.0 days/days; walltime: 0.2
36751.0/37230.0 days/days; walltime: 0.1
36752.0/37230.0 days/days; walltime: 0.2
36753.0/37230.0 days/days; walltime: 0.1
36754.0/37230.0 days/days; walltime: 0.2
36755.0/37230.0 days/days; walltime: 0.1
36756.0/37230.0 days/days; walltime: 0.2
36757.0/37230.0 days/days; walltime: 0.1
36758.0/37230.0 days/days; walltime: 0.2
36759.0/37230.0 days/days; walltime: 0.0
36760.0/37230.0 days/days; walltime: 0.1
36761.0/37230.0 days/days; walltime: 0.2
36762.0/37230.0 days/days; walltime: 0.0
36763.0/37230.0 days/days; walltime: 0.2
36764.0/37230.0 days/days; walltime: 0.0
36765.0/37230.0 days/days; walltime: 0.0
36766.0/37230.0 days/days; walltime: 0.2
36767.0/37230.0 days/days; walltime: 0.0
36768.0/37230.0 days/days; walltime: 0.0
36769.0/37230.0 days/days; walltime: 0.2
36770.0/37230.0 days/days; walltime: 0.0
36771.0/37230.0 days/days; walltime: 0.0
36772.0/37230.0 days/days; walltime: 0.0
36773.0/37230.0 days/days; walltime: 0.2
36774.0/37230.0 days/days; walltime: 0.0
36775.0/37230.0 days/days; walltime: 0.0
36776.0/37230.0 days/days; walltime: 0.0
36777.0/37230.0 days/days; walltime: 0.2
36778.0/37230.0 days/days; walltime: 0.0
36779.0/37230.0 days/days; walltime: 0.0
36780.0/37230.0 days/days; walltime: 0.0
36781.0/37230.0 days/days; walltime: 0.2
36782.0/37230.0 days/days; walltime: 0.0
36783.0/37230.0 days/days; walltime: 0.0
36784.0/37230.0 days/days; walltime: 0.0
36786.0/37230.0 days/days; walltime: 0.2
36787.0/37230.0 days/days; walltime: 0.0
36788.0/37230.0 days/days; walltime: 0.0
36790.0/37230.0 days/days; walltime: 0.0
36791.0/37230.0 days/days; walltime: 0.2
36792.0/37230.0 days/days; walltime: 0.0
36794.0/37230.0 days/days; walltime: 0.0
36795.0/37230.0 days/days; walltime: 0.0
36796.0/37230.0 days/days; walltime: 0.2
36798.0/37230.0 days/days; walltime: 0.0
36799.0/37230.0 days/days; walltime: 0.0
36801.0/37230.0 days/days; walltime: 0.0
36802.0/37230.0 days/days; walltime: 0.2
36803.0/37230.0 days/days; walltime: 0.0
36805.0/37230.0 days/days; walltime: 0.0
36806.0/37230.0 days/days; walltime: 0.0
36808.0/37230.0 days/days; walltime: 0.2
36809.0/37230.0 days/days; walltime: 0.0
36811.0/37230.0 days/days; walltime: 0.0
36812.0/37230.0 days/days; walltime: 0.0
36814.0/37230.0 days/days; walltime: 0.2
36815.0/37230.0 days/days; walltime: 0.0
36817.0/37230.0 days/days; walltime: 0.0
36818.0/37230.0 days/days; walltime: 0.0
36820.0/37230.0 days/days; walltime: 0.2
36821.0/37230.0 days/days; walltime: 0.0
36823.0/37230.0 days/days; walltime: 0.0
36824.0/37230.0 days/days; walltime: 0.0
36826.0/37230.0 days/days; walltime: 0.2
36827.0/37230.0 days/days; walltime: 0.1
36829.0/37230.0 days/days; walltime: 0.1
36831.0/37230.0 days/days; walltime: 0.1
36832.0/37230.0 days/days; walltime: 0.3
36834.0/37230.0 days/days; walltime: 0.0
36835.0/37230.0 days/days; walltime: 0.0
36837.0/37230.0 days/days; walltime: 0.0
36839.0/37230.0 days/days; walltime: 0.2
36840.0/37230.0 days/days; walltime: 0.0
36842.0/37230.0 days/days; walltime: 0.0
36843.0/37230.0 days/days; walltime: 0.0
36845.0/37230.0 days/days; walltime: 0.2
36846.0/37230.0 days/days; walltime: 0.0
36848.0/37230.0 days/days; walltime: 0.0
36850.0/37230.0 days/days; walltime: 0.0
36851.0/37230.0 days/days; walltime: 0.2
36853.0/37230.0 days/days; walltime: 0.0
36854.0/37230.0 days/days; walltime: 0.0
36856.0/37230.0 days/days; walltime: 0.0
36858.0/37230.0 days/days; walltime: 0.2
36859.0/37230.0 days/days; walltime: 0.0
36861.0/37230.0 days/days; walltime: 0.0
36862.0/37230.0 days/days; walltime: 0.0
36864.0/37230.0 days/days; walltime: 0.2
36866.0/37230.0 days/days; walltime: 0.0
36867.0/37230.0 days/days; walltime: 0.0
36869.0/37230.0 days/days; walltime: 0.0
36870.0/37230.0 days/days; walltime: 0.2
36872.0/37230.0 days/days; walltime: 0.0
36874.0/37230.0 days/days; walltime: 0.0
36875.0/37230.0 days/days; walltime: 0.0
36877.0/37230.0 days/days; walltime: 0.2
36879.0/37230.0 days/days; walltime: 0.0
36881.0/37230.0 days/days; walltime: 0.0
36882.0/37230.0 days/days; walltime: 0.0
36884.0/37230.0 days/days; walltime: 0.2
36886.0/37230.0 days/days; walltime: 0.0
36887.0/37230.0 days/days; walltime: 0.0
36889.0/37230.0 days/days; walltime: 0.0
36891.0/37230.0 days/days; walltime: 0.2
36893.0/37230.0 days/days; walltime: 0.0
36894.0/37230.0 days/days; walltime: 0.0
36896.0/37230.0 days/days; walltime: 0.0
36898.0/37230.0 days/days; walltime: 0.2
36900.0/37230.0 days/days; walltime: 0.0
36902.0/37230.0 days/days; walltime: 0.0
36903.0/37230.0 days/days; walltime: 0.0
36905.0/37230.0 days/days; walltime: 0.2
36907.0/37230.0 days/days; walltime: 0.0
36909.0/37230.0 days/days; walltime: 0.0
36911.0/37230.0 days/days; walltime: 0.0
36913.0/37230.0 days/days; walltime: 0.2
36915.0/37230.0 days/days; walltime: 0.0
36917.0/37230.0 days/days; walltime: 0.0
36918.0/37230.0 days/days; walltime: 0.0
36920.0/37230.0 days/days; walltime: 0.2
36922.0/37230.0 days/days; walltime: 0.0
36924.0/37230.0 days/days; walltime: 0.0
36926.0/37230.0 days/days; walltime: 0.0
36928.0/37230.0 days/days; walltime: 0.2
36930.0/37230.0 days/days; walltime: 0.0
36932.0/37230.0 days/days; walltime: 0.0
36934.0/37230.0 days/days; walltime: 0.0
36936.0/37230.0 days/days; walltime: 0.2
36938.0/37230.0 days/days; walltime: 0.0
36940.0/37230.0 days/days; walltime: 0.0
36942.0/37230.0 days/days; walltime: 0.0
36944.0/37230.0 days/days; walltime: 0.2
36946.0/37230.0 days/days; walltime: 0.0
36949.0/37230.0 days/days; walltime: 0.0
36951.0/37230.0 days/days; walltime: 0.0
36953.0/37230.0 days/days; walltime: 0.2
36955.0/37230.0 days/days; walltime: 0.0
36957.0/37230.0 days/days; walltime: 0.0
36959.0/37230.0 days/days; walltime: 0.0
36961.0/37230.0 days/days; walltime: 0.2
36964.0/37230.0 days/days; walltime: 0.0
36966.0/37230.0 days/days; walltime: 0.0
36968.0/37230.0 days/days; walltime: 0.0
36970.0/37230.0 days/days; walltime: 0.2
36973.0/37230.0 days/days; walltime: 0.0
36975.0/37230.0 days/days; walltime: 0.0
36977.0/37230.0 days/days; walltime: 0.0
36979.0/37230.0 days/days; walltime: 0.2
36982.0/37230.0 days/days; walltime: 0.0
36984.0/37230.0 days/days; walltime: 0.0
36987.0/37230.0 days/days; walltime: 0.0
36989.0/37230.0 days/days; walltime: 0.2
36991.0/37230.0 days/days; walltime: 0.0
36994.0/37230.0 days/days; walltime: 0.0
36996.0/37230.0 days/days; walltime: 0.0
36999.0/37230.0 days/days; walltime: 0.2
37001.0/37230.0 days/days; walltime: 0.0
37004.0/37230.0 days/days; walltime: 0.0
37006.0/37230.0 days/days; walltime: 0.0
37009.0/37230.0 days/days; walltime: 0.2
-37011.0/37230.0 days/days; walltime: 0.7
37012.0/37230.0 days/days; walltime: 2.7
37013.0/37230.0 days/days; walltime: 3.3
37014.0/37230.0 days/days; walltime: 2.7
37015.0/37230.0 days/days; walltime: 3.2
37016.0/37230.0 days/days; walltime: 4.0
37017.0/37230.0 days/days; walltime: 3.6
37018.0/37230.0 days/days; walltime: 6.1
37019.0/37230.0 days/days; walltime: 3.2
37020.0/37230.0 days/days; walltime: 3.3
37021.0/37230.0 days/days; walltime: 3.9
37022.0/37230.0 days/days; walltime: 5.1
37023.0/37230.0 days/days; walltime: 3.5
37024.0/37230.0 days/days; walltime: 5.0
37025.0/37230.0 days/days; walltime: 2.7
37026.0/37230.0 days/days; walltime: 2.7
37027.0/37230.0 days/days; walltime: 3.9
37028.0/37230.0 days/days; walltime: 3.4
37029.0/37230.0 days/days; walltime: 3.7
37030.0/37230.0 days/days; walltime: 3.2
37031.0/37230.0 days/days; walltime: 4.4
37032.0/37230.0 days/days; walltime: 2.4
37033.0/37230.0 days/days; walltime: 2.7
37034.0/37230.0 days/days; walltime: 3.5
37035.0/37230.0 days/days; walltime: 2.4
37036.0/37230.0 days/days; walltime: 2.1
37037.0/37230.0 days/days; walltime: 2.3
37038.0/37230.0 days/days; walltime: 3.5
37039.0/37230.0 days/days; walltime: 1.6
37040.0/37230.0 days/days; walltime: 1.5
37041.0/37230.0 days/days; walltime: 3.1
37042.0/37230.0 days/days; walltime: 1.0
37043.0/37230.0 days/days; walltime: 0.9
37044.0/37230.0 days/days; walltime: 1.0
37045.0/37230.0 days/days; walltime: 1.3
37046.0/37230.0 days/days; walltime: 1.3
37047.0/37230.0 days/days; walltime: 0.9
37048.0/37230.0 days/days; walltime: 0.7
37049.0/37230.0 days/days; walltime: 1.8
37050.0/37230.0 days/days; walltime: 0.5
37051.0/37230.0 days/days; walltime: 0.3
37052.0/37230.0 days/days; walltime: 0.4
37053.0/37230.0 days/days; walltime: 0.9
37054.0/37230.0 days/days; walltime: 0.8
37055.0/37230.0 days/days; walltime: 1.2
37056.0/37230.0 days/days; walltime: 1.3
37057.0/37230.0 days/days; walltime: 1.3
37058.0/37230.0 days/days; walltime: 1.6
37059.0/37230.0 days/days; walltime: 2.0
37060.0/37230.0 days/days; walltime: 1.8
37061.0/37230.0 days/days; walltime: 2.2
37062.0/37230.0 days/days; walltime: 2.3
37063.0/37230.0 days/days; walltime: 2.8
37064.0/37230.0 days/days; walltime: 2.3
37065.0/37230.0 days/days; walltime: 2.3
37066.0/37230.0 days/days; walltime: 2.0
37067.0/37230.0 days/days; walltime: 2.6
37068.0/37230.0 days/days; walltime: 2.1
37069.0/37230.0 days/days; walltime: 3.6
37070.0/37230.0 days/days; walltime: 2.1
37071.0/37230.0 days/days; walltime: 2.2
37072.0/37230.0 days/days; walltime: 3.0
37073.0/37230.0 days/days; walltime: 2.4
37074.0/37230.0 days/days; walltime: 3.0
37075.0/37230.0 days/days; walltime: 4.0
37076.0/37230.0 days/days; walltime: 3.1
37077.0/37230.0 days/days; walltime: 2.9
37078.0/37230.0 days/days; walltime: 4.3
37079.0/37230.0 days/days; walltime: 2.5
37080.0/37230.0 days/days; walltime: 3.0
37081.0/37230.0 days/days; walltime: 2.1
37082.0/37230.0 days/days; walltime: 1.3
37083.0/37230.0 days/days; walltime: 2.6
37084.0/37230.0 days/days; walltime: 1.2
37085.0/37230.0 days/days; walltime: 0.6
37086.0/37230.0 days/days; walltime: 0.5
37087.0/37230.0 days/days; walltime: 0.5
37088.0/37230.0 days/days; walltime: 0.3
37089.0/37230.0 days/days; walltime: 0.5
37090.0/37230.0 days/days; walltime: 0.3
37091.0/37230.0 days/days; walltime: 0.3
37092.0/37230.0 days/days; walltime: 0.4
37093.0/37230.0 days/days; walltime: 0.3
37094.0/37230.0 days/days; walltime: 0.3
37095.0/37230.0 days/days; walltime: 0.3
37096.0/37230.0 days/days; walltime: 0.3
37097.0/37230.0 days/days; walltime: 0.3
37098.0/37230.0 days/days; walltime: 0.3
37099.0/37230.0 days/days; walltime: 0.4
37100.0/37230.0 days/days; walltime: 0.3
37101.0/37230.0 days/days; walltime: 0.4
37102.0/37230.0 days/days; walltime: 0.3
37103.0/37230.0 days/days; walltime: 0.3
37104.0/37230.0 days/days; walltime: 1.8
37105.0/37230.0 days/days; walltime: 0.3
37106.0/37230.0 days/days; walltime: 0.2
37107.0/37230.0 days/days; walltime: 0.1
37108.0/37230.0 days/days; walltime: 0.2
37109.0/37230.0 days/days; walltime: 0.2
37110.0/37230.0 days/days; walltime: 0.1
37111.0/37230.0 days/days; walltime: 0.2
37112.0/37230.0 days/days; walltime: 0.1
37113.0/37230.0 days/days; walltime: 0.2
37114.0/37230.0 days/days; walltime: 0.2
37115.0/37230.0 days/days; walltime: 0.1
37116.0/37230.0 days/days; walltime: 0.2
37117.0/37230.0 days/days; walltime: 0.1
37118.0/37230.0 days/days; walltime: 0.2
37119.0/37230.0 days/days; walltime: 0.1
37120.0/37230.0 days/days; walltime: 0.2
37121.0/37230.0 days/days; walltime: 0.1
37122.0/37230.0 days/days; walltime: 0.0
37123.0/37230.0 days/days; walltime: 0.2
37124.0/37230.0 days/days; walltime: 0.1
37125.0/37230.0 days/days; walltime: 0.2
37126.0/37230.0 days/days; walltime: 0.1
37127.0/37230.0 days/days; walltime: 0.0
37128.0/37230.0 days/days; walltime: 0.2
37129.0/37230.0 days/days; walltime: 0.0
37130.0/37230.0 days/days; walltime: 0.2
37131.0/37230.0 days/days; walltime: 0.0
37132.0/37230.0 days/days; walltime: 0.0
37133.0/37230.0 days/days; walltime: 0.2
37134.0/37230.0 days/days; walltime: 0.0
37135.0/37230.0 days/days; walltime: 0.0
37136.0/37230.0 days/days; walltime: 0.0
37137.0/37230.0 days/days; walltime: 0.2
37138.0/37230.0 days/days; walltime: 0.1
37139.0/37230.0 days/days; walltime: 0.0
37140.0/37230.0 days/days; walltime: 0.2
37141.0/37230.0 days/days; walltime: 0.0
37142.0/37230.0 days/days; walltime: 0.0
37143.0/37230.0 days/days; walltime: 0.0
37144.0/37230.0 days/days; walltime: 0.2
37146.0/37230.0 days/days; walltime: 0.0
37147.0/37230.0 days/days; walltime: 0.0
37148.0/37230.0 days/days; walltime: 0.0
37149.0/37230.0 days/days; walltime: 0.2
37150.0/37230.0 days/days; walltime: 0.0
37152.0/37230.0 days/days; walltime: 0.0
37153.0/37230.0 days/days; walltime: 0.0
37154.0/37230.0 days/days; walltime: 0.2
37156.0/37230.0 days/days; walltime: 0.0
37157.0/37230.0 days/days; walltime: 0.0
37159.0/37230.0 days/days; walltime: 0.0
37160.0/37230.0 days/days; walltime: 0.2
37162.0/37230.0 days/days; walltime: 0.0
37164.0/37230.0 days/days; walltime: 0.0
37166.0/37230.0 days/days; walltime: 0.0
37168.0/37230.0 days/days; walltime: 0.2
37170.0/37230.0 days/days; walltime: 0.0
37172.0/37230.0 days/days; walltime: 0.0
37175.0/37230.0 days/days; walltime: 0.0
37177.0/37230.0 days/days; walltime: 0.2
37180.0/37230.0 days/days; walltime: 0.0
37183.0/37230.0 days/days; walltime: 0.0
37186.0/37230.0 days/days; walltime: 0.0
37189.0/37230.0 days/days; walltime: 0.2
37193.0/37230.0 days/days; walltime: 0.0
37198.0/37230.0 days/days; walltime: 0.0
37202.0/37230.0 days/days; walltime: 0.0
37206.0/37230.0 days/days; walltime: 0.2
37211.0/37230.0 days/days; walltime: 0.0
37216.0/37230.0 days/days; walltime: 0.0
37221.0/37230.0 days/days; walltime: 0.0
37225.0/37230.0 days/days; walltime: 0.2
Wallclock for model run: 600.5s
 

fields = 

  struct with fields:

    nodes: [1x1 struct]
    edges: [1x1 struct]
       BC: [1x1 struct]

No cases left; exiting.
