Case 1:
Picked up JAVA_TOOL_OPTIONS: -Xmx2g
Opening log file:  /tmp/java.log.38302

                            < M A T L A B (R) >
                  Copyright 1984-2022 The MathWorks, Inc.
                  R2022a (9.12.0.1884302) 64-bit (glnxa64)
                             February 16, 2022

 
To get started, type doc.
For product information, visit www.mathworks.com.
 

config = 

  struct with fields:

                 k_s: 0.0094
                 l_c: 10
            n_moulin: 68
    creep_const_soft: 0
             mesh_nr: 4
                 e_v: 1.0000e-04
                 k_c: 0.2000
               h_bed: 0.5000
               l_bed: 10
               alpha: 1.2500
                beta: 1.5000
               omega: 0

Running model run (ode15s):
Run to steady
Saving model run to
./RUN/output_001_steady.nc
Fields, IC & BC initialised
Initial phi calculated in 2.0s
0.0/36500.0 days/days; walltime: 19.6
-----------------------------------------------------------------------------------------------------------------------------------------------------------------------------------------------------------------------------------------------------------------------------------------------------------------------------------------------------------------------------------------------------------------------------------------------------------------------------------------------------------------1825.0/36500.0 days/days; walltime: 183.2
-------------------------------------------------------3650.0/36500.0 days/days; walltime: 4.3
---------------------------5475.0/36500.0 days/days; walltime: 2.0
-----------------------------------------------7300.0/36500.0 days/days; walltime: 3.1
------------------------------------------------------------------------------------------------------------------------------------------------------------------------------------------9125.0/36500.0 days/days; walltime: 13.0
-----------------------------------------------------------------------------------------------------------------------------------------------------------------------------------------------------------------------------------------------------------------------------------------------------------------------------------------------------------------------------------------------------------------------------------------------------------------------------------------------------------------------------------------------------------------------------------------------------------------------------------------------------------------------------------------------------------------------------------------------------------------------------------------------------------------------------------------------------------------------------------------------------------------------------------------------------------------------------------------------------------------------------------------------------------------------------------------------------------------------------------------------------------------------------------------------------------------------------------------------------------------------------------------------------------------------------------------------------------------------------10950.0/36500.0 days/days; walltime: 89.2
--------------------------------------------------------------------------------------------------------------------------------------------------------------------------------------------------------------------------------------------------------------------------------------------------------------------------------------------------------------------------------------------------------------------------------------------------------------------------------------------------------------------------------------------------------------------------------------------------------------------------------------------------------------------------------------------------------------------------------------------------------------------------------------12775.0/36500.0 days/days; walltime: 52.3
--------------------------------------------------------------------------------------------------------------------------------------------------------------------------------------------------------------------------------------------------------------------------------------------------------------------------------------------------------------------------------------------------------------------------------------------------------------------------------------------------------------------------------------------------------------------------------------------------------------------------------------------------------------------------------------------------------------------------------------------------------------------------------------------------------------------------------------------------------------------------------------------------------------------------------------------------------------------------------------------------------------------------------------------------------------------------------------------------------------------------------------------------------------------------------------------------------------------------------------------------------------------------------------------------------------------------------------------------------------------------------------------------------------------------------------------------------------------------------------------------------------------------------------------------------------------------------------------------------------------------------------14600.0/36500.0 days/days; walltime: 108.9
--------------------------------------------------------------------------------------------------------------------------------------------------------------------------------------------------------------------------------------------------------------------------------------------------------------------------------------------------------------------------------------------------------------------------------------------------------------------------------------------------------------------------------------------------------------------------------------------------------------------------------------------------------------------------------------------------------------------------------------------------------------------------------------------------------------------------------------------------------------------------------------------------------------------------------------------------------------------------------------------------------------------------------------------------------------------------------------------------------------------------------------------------------------------------------------------------------------------------------------------------------------------------------------------------------------------------------------------------------------------------------------------------------------------------------------------------------------------------------------------------------------------------------------------------------------------------------------------------------------------------------------------------------------------------------------------------------------------------------------------------------------------------------------------------------------------------------------------------------------------------------------------------------------------------------------------------------------------------------------------------------------------------------------------------------------------------16425.0/36500.0 days/days; walltime: 139.4
--------------------------------------------------------------------------------------------------------------------------------------------------------------------------------------------------------------------------------------------------------------------------------------------------------------------------------------------------------------------------------------------------------------------------------------------------------------------------------------------------------------------------------------------------------------------------------------------------------------------------------------------------------------------------------------------------------------------------------------------------------------------------------------------------------------------------------------------------------------------------------------------------------------------------------------------------------------------------------------------------------------------------------------------------------------------------------------------------------------------------------------------------------------------------------------------------------------------------------------------------------------------------------------------------------------------------------------------------------------------------------------------------------------------------------------------------------------------------------------------------------------------------------------------------------------------------------------------------------------------------------------------------------------18250.0/36500.0 days/days; walltime: 111.1
---------------------------------------------------------------------------------------------------------------------------------------------------------------------------------------------------------------------------------------------------------------------------------------------------------------------------------------------------------------------------------------------------------------------------------------------------------20075.0/36500.0 days/days; walltime: 31.0
------------------------------------------------------------------------------------------------------------------------------------------------------------------------------------21900.0/36500.0 days/days; walltime: 13.2
------------------------------------------------------------------------23725.0/36500.0 days/days; walltime: 5.6
---------------------------------------------------------25550.0/36500.0 days/days; walltime: 4.0
--------27375.0/36500.0 days/days; walltime: 0.6
-----29200.0/36500.0 days/days; walltime: 0.4
-----31025.0/36500.0 days/days; walltime: 0.4
----32850.0/36500.0 days/days; walltime: 0.4
---34675.0/36500.0 days/days; walltime: 0.3
----36500.0/36500.0 days/days; walltime: 0.4
Wallclock for model run: 784.7s
 

fields = 

  struct with fields:

    nodes: [1x1 struct]
    edges: [1x1 struct]
       BC: [1x1 struct]

Running model run (ode15s):
Run seasonal
Saving model run to
./RUN/output_001_seasonal.nc
IC initialised from struct
IC initialised from file/given & rest from parameters and given functions
Negative channels areas set to zero
---------------------------------------------------------------------------------------------------------------------------------------------------------------------------------------------------------------------------------------------------------------------------------------------------------------------------------------36500.0/37230.0 days/days; walltime: 16.3
------------------------------------------------------------------------------------------------------------------------------------------------------------------------------------------------------------------------------------------------------------------------------------------------------------------------------------------------------------------------------------------------------------------------------------------------------------------------------------------------------------------------------------------------------------------------------------------------------------------------------------------------------------------------------------------------------------------------------------------------------------------------------------------------------------------------------------------------------------------------------36501.0/37230.0 days/days; walltime: 48.4
----------------------------------------36502.0/37230.0 days/days; walltime: 2.6
--------------------------------------------------------------36503.0/37230.0 days/days; walltime: 3.5
-------------------36504.0/37230.0 days/days; walltime: 1.1
----------------------36505.0/37230.0 days/days; walltime: 1.2
------------------------------------------------------36506.0/37230.0 days/days; walltime: 3.1
------------36507.0/37230.0 days/days; walltime: 0.8
----------------36508.0/37230.0 days/days; walltime: 1.0
------------------36509.0/37230.0 days/days; walltime: 1.1
----------------36510.0/37230.0 days/days; walltime: 1.0
-------------------------------------------36511.0/37230.0 days/days; walltime: 2.2
-----------36512.0/37230.0 days/days; walltime: 0.7
--------36513.0/37230.0 days/days; walltime: 0.6
-------36514.0/37230.0 days/days; walltime: 0.4
----------36515.0/37230.0 days/days; walltime: 0.6
----------36516.0/37230.0 days/days; walltime: 0.7
--------36517.0/37230.0 days/days; walltime: 0.5
----------36518.0/37230.0 days/days; walltime: 0.6
--------36519.0/37230.0 days/days; walltime: 0.5
---------------------------------------36520.0/37230.0 days/days; walltime: 2.1
------36521.0/37230.0 days/days; walltime: 0.4
-----36522.0/37230.0 days/days; walltime: 0.4
---36523.0/37230.0 days/days; walltime: 0.2
----36524.0/37230.0 days/days; walltime: 0.3
----36525.0/37230.0 days/days; walltime: 0.3
----36526.0/37230.0 days/days; walltime: 0.3
---36527.0/37230.0 days/days; walltime: 0.1
----36528.0/37230.0 days/days; walltime: 0.3
-----36529.0/37230.0 days/days; walltime: 0.3
----36530.0/37230.0 days/days; walltime: 0.2
----36531.0/37230.0 days/days; walltime: 0.3
---36532.0/37230.0 days/days; walltime: 0.3
------36533.0/37230.0 days/days; walltime: 0.3
----36534.0/37230.0 days/days; walltime: 0.3
----36535.0/37230.0 days/days; walltime: 0.2
------------------------------------36536.0/37230.0 days/days; walltime: 1.9
--36537.0/37230.0 days/days; walltime: 0.1
---36538.0/37230.0 days/days; walltime: 0.3
--36539.0/37230.0 days/days; walltime: 0.1
---36540.0/37230.0 days/days; walltime: 0.3
--36541.0/37230.0 days/days; walltime: 0.1
---36542.0/37230.0 days/days; walltime: 0.3
--36543.0/37230.0 days/days; walltime: 0.1
---36544.0/37230.0 days/days; walltime: 0.3
--36545.0/37230.0 days/days; walltime: 0.1
--36546.0/37230.0 days/days; walltime: 0.2
--36547.0/37230.0 days/days; walltime: 0.1
---36548.0/37230.0 days/days; walltime: 0.2
-36549.0/37230.0 days/days; walltime: 0.0
--36550.0/37230.0 days/days; walltime: 0.1
--36551.0/37230.0 days/days; walltime: 0.2
--36552.0/37230.0 days/days; walltime: 0.1
-36553.0/37230.0 days/days; walltime: 0.0
---36554.0/37230.0 days/days; walltime: 0.2
-36555.0/37230.0 days/days; walltime: 0.0
---36556.0/37230.0 days/days; walltime: 0.2
--36557.0/37230.0 days/days; walltime: 0.1
--36558.0/37230.0 days/days; walltime: 0.1
----36559.0/37230.0 days/days; walltime: 0.3
-36560.0/37230.0 days/days; walltime: 0.0
-36561.0/37230.0 days/days; walltime: 0.0
-36562.0/37230.0 days/days; walltime: 0.0
--36563.0/37230.0 days/days; walltime: 0.2
-----36564.0/37230.0 days/days; walltime: 0.2
--36565.0/37230.0 days/days; walltime: 0.1
--36566.0/37230.0 days/days; walltime: 0.2
--36567.0/37230.0 days/days; walltime: 0.1
--36568.0/37230.0 days/days; walltime: 0.1
--36569.0/37230.0 days/days; walltime: 0.1
---36570.0/37230.0 days/days; walltime: 0.3
-36571.0/37230.0 days/days; walltime: 0.0
-36572.0/37230.0 days/days; walltime: 0.0
----------------------------------36573.0/37230.0 days/days; walltime: 1.8
---36574.0/37230.0 days/days; walltime: 0.1
--36575.0/37230.0 days/days; walltime: 0.1
------------------------------------36576.0/37230.0 days/days; walltime: 1.8
--36577.0/37230.0 days/days; walltime: 0.2
--36578.0/37230.0 days/days; walltime: 0.1
--36579.0/37230.0 days/days; walltime: 0.1
--36580.0/37230.0 days/days; walltime: 0.1
--36581.0/37230.0 days/days; walltime: 0.2
--36582.0/37230.0 days/days; walltime: 0.1
--36583.0/37230.0 days/days; walltime: 0.1
--36584.0/37230.0 days/days; walltime: 0.1
--36585.0/37230.0 days/days; walltime: 0.2
--36586.0/37230.0 days/days; walltime: 0.1
--36588.0/37230.0 days/days; walltime: 0.1
--36589.0/37230.0 days/days; walltime: 0.1
--36590.0/37230.0 days/days; walltime: 0.2
--36591.0/37230.0 days/days; walltime: 0.1
--36592.0/37230.0 days/days; walltime: 0.1
--36593.0/37230.0 days/days; walltime: 0.1
--36595.0/37230.0 days/days; walltime: 0.2
--36596.0/37230.0 days/days; walltime: 0.1
--36597.0/37230.0 days/days; walltime: 0.1
--36598.0/37230.0 days/days; walltime: 0.1
-------------------------------------------------------------------------------------------------------------------------------------------------------------------------36600.0/37230.0 days/days; walltime: 11.0
----36601.0/37230.0 days/days; walltime: 0.3
--36602.0/37230.0 days/days; walltime: 0.1
--36603.0/37230.0 days/days; walltime: 0.1
--36604.0/37230.0 days/days; walltime: 0.1
--36605.0/37230.0 days/days; walltime: 0.2
--36606.0/37230.0 days/days; walltime: 0.1
--36608.0/37230.0 days/days; walltime: 0.1
--36609.0/37230.0 days/days; walltime: 0.1
--36611.0/37230.0 days/days; walltime: 0.2
--36612.0/37230.0 days/days; walltime: 0.1
--36614.0/37230.0 days/days; walltime: 0.1
--36615.0/37230.0 days/days; walltime: 0.1
--36617.0/37230.0 days/days; walltime: 0.2
-36618.0/37230.0 days/days; walltime: 0.1
-36620.0/37230.0 days/days; walltime: 0.1
-36621.0/37230.0 days/days; walltime: 0.1
--36623.0/37230.0 days/days; walltime: 0.2
--36624.0/37230.0 days/days; walltime: 0.1
--36626.0/37230.0 days/days; walltime: 0.1
--36628.0/37230.0 days/days; walltime: 0.1
--36629.0/37230.0 days/days; walltime: 0.2
--36631.0/37230.0 days/days; walltime: 0.1
--36633.0/37230.0 days/days; walltime: 0.1
--36634.0/37230.0 days/days; walltime: 0.1
--36636.0/37230.0 days/days; walltime: 0.2
--36638.0/37230.0 days/days; walltime: 0.1
--36640.0/37230.0 days/days; walltime: 0.1
--36642.0/37230.0 days/days; walltime: 0.1
--36643.0/37230.0 days/days; walltime: 0.2
----36645.0/37230.0 days/days; walltime: 0.3
----------------------------------------36647.0/37230.0 days/days; walltime: 2.2
------------------------------------------36648.0/37230.0 days/days; walltime: 2.4
---------------------------------------------36649.0/37230.0 days/days; walltime: 2.6
--------------36650.0/37230.0 days/days; walltime: 0.8
--------------36651.0/37230.0 days/days; walltime: 0.9
-------------------------------------------------------------------------------36652.0/37230.0 days/days; walltime: 4.4
---------------------------------------------------------------------------------------36653.0/37230.0 days/days; walltime: 4.7
------------------36654.0/37230.0 days/days; walltime: 1.2
----------------------------------------------------------------------------------------36655.0/37230.0 days/days; walltime: 4.9
---------------------------------------36656.0/37230.0 days/days; walltime: 2.7
-----------------------------36657.0/37230.0 days/days; walltime: 1.8
---------------------------------------------------------------------36658.0/37230.0 days/days; walltime: 4.1
-------------------------------------36659.0/37230.0 days/days; walltime: 2.4
-------------------------------------------------------------------36660.0/37230.0 days/days; walltime: 3.6
-----------------------------------------------------------------36661.0/37230.0 days/days; walltime: 3.4
----------------------------------------------36662.0/37230.0 days/days; walltime: 3.0
--------------------------------------------------------------------36663.0/37230.0 days/days; walltime: 3.6
---------------------------------36664.0/37230.0 days/days; walltime: 2.1
--------------------------------------------------------------------------36665.0/37230.0 days/days; walltime: 4.2
-------------------------------------------------------------------------36666.0/37230.0 days/days; walltime: 4.1
-------------------------------------36667.0/37230.0 days/days; walltime: 2.4
-------------------------------------------------------------------36668.0/37230.0 days/days; walltime: 3.9
-----------------------------------------------------------------------------------------------------------------------------------------------------------------------36669.0/37230.0 days/days; walltime: 8.7
------------------------------------------------------------------36670.0/37230.0 days/days; walltime: 3.5
----------------------------------------------------------36671.0/37230.0 days/days; walltime: 3.2
------------------------------------------------------------36672.0/37230.0 days/days; walltime: 3.3
-------------------------36673.0/37230.0 days/days; walltime: 1.6
--------------------------------------------------------36674.0/37230.0 days/days; walltime: 3.0
------------------36675.0/37230.0 days/days; walltime: 1.1
------------------36676.0/37230.0 days/days; walltime: 1.0
--------------36677.0/37230.0 days/days; walltime: 0.7
----------------36678.0/37230.0 days/days; walltime: 1.0
------------------------------------------36679.0/37230.0 days/days; walltime: 2.3
--------36680.0/37230.0 days/days; walltime: 0.5
------36681.0/37230.0 days/days; walltime: 0.4
--------36682.0/37230.0 days/days; walltime: 0.5
------36683.0/37230.0 days/days; walltime: 0.4
---------------------------------------36684.0/37230.0 days/days; walltime: 1.9
--------------------------------------36685.0/37230.0 days/days; walltime: 1.9
--------36686.0/37230.0 days/days; walltime: 0.5
----------36687.0/37230.0 days/days; walltime: 0.6
--------------------------------------------------------------------------------------------------------------------36688.0/37230.0 days/days; walltime: 5.9
------------36689.0/37230.0 days/days; walltime: 0.8
--------------36690.0/37230.0 days/days; walltime: 0.9
--------------------------36691.0/37230.0 days/days; walltime: 1.5
-----------------------------------------------------------36692.0/37230.0 days/days; walltime: 3.7
---------------------36693.0/37230.0 days/days; walltime: 1.3
------------------36694.0/37230.0 days/days; walltime: 1.0
-----------------------------------------------------36695.0/37230.0 days/days; walltime: 2.9
--------------------------36696.0/37230.0 days/days; walltime: 1.7
---------------------------36697.0/37230.0 days/days; walltime: 1.8
---------------------------------------------------------------------------------------------------36698.0/37230.0 days/days; walltime: 5.4
-------------------------------36699.0/37230.0 days/days; walltime: 2.1
--------------------------------------------------36700.0/37230.0 days/days; walltime: 3.3
-----------------------------------------------------------------36701.0/37230.0 days/days; walltime: 3.9
----------------------------36702.0/37230.0 days/days; walltime: 1.7
--------------------------------36703.0/37230.0 days/days; walltime: 2.1
----------------------------------------------------------------------36704.0/37230.0 days/days; walltime: 3.9
------------------------36705.0/37230.0 days/days; walltime: 1.4
-------------------------36706.0/37230.0 days/days; walltime: 1.5
-----------------------------------------------------------------36707.0/37230.0 days/days; walltime: 3.7
--------------------------------------------------------------36708.0/37230.0 days/days; walltime: 3.5
--------------------------36709.0/37230.0 days/days; walltime: 1.6
----------------------------------------------------------------36710.0/37230.0 days/days; walltime: 3.7
--------------------------------------------------------36711.0/37230.0 days/days; walltime: 3.0
-----------------------------------------------------36712.0/37230.0 days/days; walltime: 2.9
--------------------------36713.0/37230.0 days/days; walltime: 1.7
------------------------------------------------------36714.0/37230.0 days/days; walltime: 3.0
--------------36715.0/37230.0 days/days; walltime: 0.8
--------------------------------------------------------------------------------36716.0/37230.0 days/days; walltime: 4.4
-----------------------------------------------------------------------------36717.0/37230.0 days/days; walltime: 4.2
---------36718.0/37230.0 days/days; walltime: 0.5
----------------------------------------36719.0/37230.0 days/days; walltime: 2.1
-----36720.0/37230.0 days/days; walltime: 0.2
---36721.0/37230.0 days/days; walltime: 0.3
-36722.0/37230.0 days/days; walltime: 0.0
---36723.0/37230.0 days/days; walltime: 0.3
-36724.0/37230.0 days/days; walltime: 0.0
--36725.0/37230.0 days/days; walltime: 0.1
--36726.0/37230.0 days/days; walltime: 0.2
--36727.0/37230.0 days/days; walltime: 0.1
-36728.0/37230.0 days/days; walltime: 0.1
--36729.0/37230.0 days/days; walltime: 0.2
-36730.0/37230.0 days/days; walltime: 0.1
-36731.0/37230.0 days/days; walltime: 0.1
-36732.0/37230.0 days/days; walltime: 0.1
--36733.0/37230.0 days/days; walltime: 0.2
-36734.0/37230.0 days/days; walltime: 0.1
-36735.0/37230.0 days/days; walltime: 0.1
-36736.0/37230.0 days/days; walltime: 0.1
--36737.0/37230.0 days/days; walltime: 0.2
-36739.0/37230.0 days/days; walltime: 0.1
-36740.0/37230.0 days/days; walltime: 0.0
-36741.0/37230.0 days/days; walltime: 0.1
--36743.0/37230.0 days/days; walltime: 0.2
--36744.0/37230.0 days/days; walltime: 0.1
--36746.0/37230.0 days/days; walltime: 0.1
-36748.0/37230.0 days/days; walltime: 0.1
--36750.0/37230.0 days/days; walltime: 0.2
--36752.0/37230.0 days/days; walltime: 0.1
--36754.0/37230.0 days/days; walltime: 0.1
--36756.0/37230.0 days/days; walltime: 0.1
--36758.0/37230.0 days/days; walltime: 0.2
--36761.0/37230.0 days/days; walltime: 0.1
--36764.0/37230.0 days/days; walltime: 0.1
--36766.0/37230.0 days/days; walltime: 0.1
--36769.0/37230.0 days/days; walltime: 0.2
--36772.0/37230.0 days/days; walltime: 0.1
--36775.0/37230.0 days/days; walltime: 0.1
--36778.0/37230.0 days/days; walltime: 0.1
--36782.0/37230.0 days/days; walltime: 0.2
--36785.0/37230.0 days/days; walltime: 0.1
--36789.0/37230.0 days/days; walltime: 0.1
--36793.0/37230.0 days/days; walltime: 0.1
--36797.0/37230.0 days/days; walltime: 0.2
--36801.0/37230.0 days/days; walltime: 0.1
--36805.0/37230.0 days/days; walltime: 0.1
--36809.0/37230.0 days/days; walltime: 0.1
--36812.0/37230.0 days/days; walltime: 0.2
--36817.0/37230.0 days/days; walltime: 0.1
-36821.0/37230.0 days/days; walltime: 0.1
-36825.0/37230.0 days/days; walltime: 0.0
--36829.0/37230.0 days/days; walltime: 0.2
-36834.0/37230.0 days/days; walltime: 0.0
-36838.0/37230.0 days/days; walltime: 0.0
-36842.0/37230.0 days/days; walltime: 0.0
--36847.0/37230.0 days/days; walltime: 0.2
-36851.0/37230.0 days/days; walltime: 0.0
-36856.0/37230.0 days/days; walltime: 0.0
-36861.0/37230.0 days/days; walltime: 0.0
--36865.0/37230.0 days/days; walltime: 0.2
-36870.0/37230.0 days/days; walltime: 0.0
-36875.0/37230.0 days/days; walltime: 0.0
-36880.0/37230.0 days/days; walltime: 0.0
--36885.0/37230.0 days/days; walltime: 0.2
--36891.0/37230.0 days/days; walltime: 0.1
--36896.0/37230.0 days/days; walltime: 0.1
--36901.0/37230.0 days/days; walltime: 0.1
--36906.0/37230.0 days/days; walltime: 0.2
--36912.0/37230.0 days/days; walltime: 0.1
--36918.0/37230.0 days/days; walltime: 0.1
--36923.0/37230.0 days/days; walltime: 0.1
--36929.0/37230.0 days/days; walltime: 0.2
--36935.0/37230.0 days/days; walltime: 0.1
--36941.0/37230.0 days/days; walltime: 0.1
--36947.0/37230.0 days/days; walltime: 0.1
--36953.0/37230.0 days/days; walltime: 0.2
--36960.0/37230.0 days/days; walltime: 0.1
--36967.0/37230.0 days/days; walltime: 0.1
--36973.0/37230.0 days/days; walltime: 0.1
--36980.0/37230.0 days/days; walltime: 0.2
--36987.0/37230.0 days/days; walltime: 0.1
--36994.0/37230.0 days/days; walltime: 0.1
--37001.0/37230.0 days/days; walltime: 0.1
-------------------------------------------37008.0/37230.0 days/days; walltime: 2.4
---------------------------------------------37011.0/37230.0 days/days; walltime: 2.4
-37012.0/37230.0 days/days; walltime: 0.1
-------------------------------------------37013.0/37230.0 days/days; walltime: 2.2
------------------------------------------37014.0/37230.0 days/days; walltime: 2.1
--------------------------------------37015.0/37230.0 days/days; walltime: 1.9
---------------37016.0/37230.0 days/days; walltime: 1.0
-----------------------------------------------37017.0/37230.0 days/days; walltime: 2.5
-------------------------------------------------------------37018.0/37230.0 days/days; walltime: 3.5
------------------------------------------------37019.0/37230.0 days/days; walltime: 2.6
---------------37020.0/37230.0 days/days; walltime: 0.9
-------------------------------------------------------------37021.0/37230.0 days/days; walltime: 3.3
------------------------------37022.0/37230.0 days/days; walltime: 1.8
-------------------------------------------------------------------------37023.0/37230.0 days/days; walltime: 4.2
-----------------------------------------------------------------------------------------------------37024.0/37230.0 days/days; walltime: 5.7
-----------------------------------37025.0/37230.0 days/days; walltime: 2.2
----------------------------------------------------------------------------------------------------------------------------------------------------------------------------37026.0/37230.0 days/days; walltime: 9.2
---------------------------------------------------------------------37027.0/37230.0 days/days; walltime: 4.1
-------------------------------------------------------------------------------------------------------------------------------------------------------------------------------------------------------------------------37028.0/37230.0 days/days; walltime: 12.0
--------------------------------------------------------------------------------------------------------------------------------------37029.0/37230.0 days/days; walltime: 7.3
-----------------------------------------------------------------37030.0/37230.0 days/days; walltime: 3.8
--------------------------------------------------------------------------------37031.0/37230.0 days/days; walltime: 5.1
------------------------------------------------------------------37032.0/37230.0 days/days; walltime: 3.8
----------------------------------------------------------------------------------------------------------------------------------------37033.0/37230.0 days/days; walltime: 7.3
--------------------------------------------------------------------------------------------37034.0/37230.0 days/days; walltime: 4.9
-----------------------------------------------------------------------------------------------------------------------------------------------------------------------37035.0/37230.0 days/days; walltime: 9.3
------------------------------------------------------------------------------------------------37036.0/37230.0 days/days; walltime: 5.4
---------------------------------------------------------------------------------------------37037.0/37230.0 days/days; walltime: 5.3
------------------------------------------------------------------------------------------------37038.0/37230.0 days/days; walltime: 5.5
-------------------37039.0/37230.0 days/days; walltime: 1.3
-------------------------------------------------------------------------------------37040.0/37230.0 days/days; walltime: 4.8
---------------------------------------------------37041.0/37230.0 days/days; walltime: 3.2
---------------37042.0/37230.0 days/days; walltime: 1.1
---------------------------------------------------------37043.0/37230.0 days/days; walltime: 3.4
---------37044.0/37230.0 days/days; walltime: 0.7
-------------------------------------------37045.0/37230.0 days/days; walltime: 2.4
-------37046.0/37230.0 days/days; walltime: 0.4
---------------------------------------37047.0/37230.0 days/days; walltime: 2.0
----------------------------------------------------------------------------------------------------------37048.0/37230.0 days/days; walltime: 5.5
--------------------------------------------37049.0/37230.0 days/days; walltime: 2.2
-----------------------------------------------------------------------------------------------------------37050.0/37230.0 days/days; walltime: 5.4
------------------------------------------------------------------------------------------------------------37051.0/37230.0 days/days; walltime: 5.3
----------37052.0/37230.0 days/days; walltime: 0.7
----------------37053.0/37230.0 days/days; walltime: 0.9
--------------------------------------------37054.0/37230.0 days/days; walltime: 2.3
----------------37055.0/37230.0 days/days; walltime: 0.9
--------------------37056.0/37230.0 days/days; walltime: 1.2
----------------------37057.0/37230.0 days/days; walltime: 1.3
------------------------------------------------------------------37058.0/37230.0 days/days; walltime: 3.5
------------------------37059.0/37230.0 days/days; walltime: 1.4
-------------------------37060.0/37230.0 days/days; walltime: 1.4
------------------------------------------------------37061.0/37230.0 days/days; walltime: 2.9
--------------------------37062.0/37230.0 days/days; walltime: 1.5
-------------------------------------------37063.0/37230.0 days/days; walltime: 2.8
-----------------------------------------------------------------------------------------------37064.0/37230.0 days/days; walltime: 5.1
----------------------------------37065.0/37230.0 days/days; walltime: 2.1
----------------------------------------------------------------37066.0/37230.0 days/days; walltime: 3.7
----------------------------37067.0/37230.0 days/days; walltime: 1.6
--------------------------------37068.0/37230.0 days/days; walltime: 1.9
---------------------------------------------------------------------37069.0/37230.0 days/days; walltime: 3.8
---------------------37070.0/37230.0 days/days; walltime: 1.2
--------------------------------------37071.0/37230.0 days/days; walltime: 2.5
--------------------------------------------------------------------37072.0/37230.0 days/days; walltime: 3.6
-------------------------------------------------------------37073.0/37230.0 days/days; walltime: 3.3
--------------------------37074.0/37230.0 days/days; walltime: 1.4
-------------------------------------------------------------37075.0/37230.0 days/days; walltime: 3.3
----------------------------------------------------------37076.0/37230.0 days/days; walltime: 3.1
-----------------------------------------------------------------------------37077.0/37230.0 days/days; walltime: 4.1
-----------------------------37078.0/37230.0 days/days; walltime: 2.0
---------------------------------------------------37079.0/37230.0 days/days; walltime: 2.7
--------------37080.0/37230.0 days/days; walltime: 0.8
------------------------------------------------------------------------------37081.0/37230.0 days/days; walltime: 4.3
----------------------------------------------------------------------------37082.0/37230.0 days/days; walltime: 4.0
----------------------------------------------37083.0/37230.0 days/days; walltime: 2.5
--------------------------------------37084.0/37230.0 days/days; walltime: 2.1
----37085.0/37230.0 days/days; walltime: 0.3
----37086.0/37230.0 days/days; walltime: 0.2
----37087.0/37230.0 days/days; walltime: 0.3
--37088.0/37230.0 days/days; walltime: 0.1
-37089.0/37230.0 days/days; walltime: 0.0
----37090.0/37230.0 days/days; walltime: 0.3
--37091.0/37230.0 days/days; walltime: 0.1
--37092.0/37230.0 days/days; walltime: 0.1
--37093.0/37230.0 days/days; walltime: 0.2
--37094.0/37230.0 days/days; walltime: 0.1
-37095.0/37230.0 days/days; walltime: 0.0
--37096.0/37230.0 days/days; walltime: 0.2
--37097.0/37230.0 days/days; walltime: 0.1
--37098.0/37230.0 days/days; walltime: 0.1
--37099.0/37230.0 days/days; walltime: 0.1
--37100.0/37230.0 days/days; walltime: 0.2
--37102.0/37230.0 days/days; walltime: 0.1
-37103.0/37230.0 days/days; walltime: 0.0
-37104.0/37230.0 days/days; walltime: 0.0
--37105.0/37230.0 days/days; walltime: 0.2
--37107.0/37230.0 days/days; walltime: 0.1
--37108.0/37230.0 days/days; walltime: 0.1
-37110.0/37230.0 days/days; walltime: 0.0
--37112.0/37230.0 days/days; walltime: 0.2
--37113.0/37230.0 days/days; walltime: 0.1
--37115.0/37230.0 days/days; walltime: 0.1
--37117.0/37230.0 days/days; walltime: 0.1
--37119.0/37230.0 days/days; walltime: 0.2
--37121.0/37230.0 days/days; walltime: 0.1
--37123.0/37230.0 days/days; walltime: 0.1
--37125.0/37230.0 days/days; walltime: 0.1
--37128.0/37230.0 days/days; walltime: 0.2
--37130.0/37230.0 days/days; walltime: 0.1
--37133.0/37230.0 days/days; walltime: 0.1
--37135.0/37230.0 days/days; walltime: 0.1
--37138.0/37230.0 days/days; walltime: 0.2
--37141.0/37230.0 days/days; walltime: 0.1
--37144.0/37230.0 days/days; walltime: 0.1
--37147.0/37230.0 days/days; walltime: 0.1
--37150.0/37230.0 days/days; walltime: 0.2
--37154.0/37230.0 days/days; walltime: 0.1
--37158.0/37230.0 days/days; walltime: 0.1
--37162.0/37230.0 days/days; walltime: 0.1
--37166.0/37230.0 days/days; walltime: 0.2
--37170.0/37230.0 days/days; walltime: 0.1
--37175.0/37230.0 days/days; walltime: 0.1
--37180.0/37230.0 days/days; walltime: 0.1
--37184.0/37230.0 days/days; walltime: 0.2
--37190.0/37230.0 days/days; walltime: 0.1
--37196.0/37230.0 days/days; walltime: 0.1
--37202.0/37230.0 days/days; walltime: 0.1
--37208.0/37230.0 days/days; walltime: 0.2
--37215.0/37230.0 days/days; walltime: 0.1
--37223.0/37230.0 days/days; walltime: 0.2
Wallclock for model run: 564.2s
 

fields = 

  struct with fields:

    nodes: [1x1 struct]
    edges: [1x1 struct]
       BC: [1x1 struct]

No cases left; exiting.
