Case 3:
Picked up JAVA_TOOL_OPTIONS: -Xmx2g
Opening log file:  /tmp/java.log.5789

                            < M A T L A B (R) >
                  Copyright 1984-2022 The MathWorks, Inc.
                  R2022a (9.12.0.1884302) 64-bit (glnxa64)
                             February 16, 2022

 
To get started, type doc.
For product information, visit www.mathworks.com.
 

config = 

  struct with fields:

                 k_s: 0.2500
                 l_c: 10
            n_moulin: 68
    creep_const_soft: 0
             mesh_nr: 4
                 k_c: 0.2000
               h_bed: 0.5000
               l_bed: 10
               alpha: 3
                beta: 2
               omega: 0
                 e_v: 1.0000e-04

Running model run (ode15s):
Run to steady
Creating output dir: ./RUN/
Saving model run to
./RUN/output_003_steady.nc
Fields, IC & BC initialised
Initial phi calculated in 1.3s
0.0/36500.0 days/days; walltime: 17.3
--------------------------------------------------------------------------------------------------------------------------------------------------------------------------------------------------------------------------------------------------1825.0/36500.0 days/days; walltime: 177.0
3650.0/36500.0 days/days; walltime: 3.0
5475.0/36500.0 days/days; walltime: 2.2
7300.0/36500.0 days/days; walltime: 1.1
--------9125.0/36500.0 days/days; walltime: 6.8
10950.0/36500.0 days/days; walltime: 557.3
12775.0/36500.0 days/days; walltime: 527.0
14600.0/36500.0 days/days; walltime: 389.6
16425.0/36500.0 days/days; walltime: 277.7
-18250.0/36500.0 days/days; walltime: 286.1
20075.0/36500.0 days/days; walltime: 52.6
21900.0/36500.0 days/days; walltime: 3.5
23725.0/36500.0 days/days; walltime: 2.6
25550.0/36500.0 days/days; walltime: 3.6
27375.0/36500.0 days/days; walltime: 5.8
29200.0/36500.0 days/days; walltime: 11.3
31025.0/36500.0 days/days; walltime: 5.9
32850.0/36500.0 days/days; walltime: 2.7
34675.0/36500.0 days/days; walltime: 0.8
36500.0/36500.0 days/days; walltime: 0.8
Wallclock for model run: 2338.6s
 

fields = 

  struct with fields:

    nodes: [1x1 struct]
    edges: [1x1 struct]
       BC: [1x1 struct]


ans =

   366


mean_melt =

    0.9566

No cases left; exiting.
