Case 4:
Picked up JAVA_TOOL_OPTIONS: -Xmx2g
Opening log file:  /tmp/java.log.5790

                            < M A T L A B (R) >
                  Copyright 1984-2022 The MathWorks, Inc.
                  R2022a (9.12.0.1884302) 64-bit (glnxa64)
                             February 16, 2022

 
To get started, type doc.
For product information, visit www.mathworks.com.
 

config = 

  struct with fields:

                 k_s: 0.2500
                 l_c: 10
            n_moulin: 68
    creep_const_soft: 0
             mesh_nr: 4
                 k_c: 0.2000
               h_bed: 0.5000
               l_bed: 10
               alpha: 1.2500
                beta: 1.5000
               omega: 5.0000e-04
                 e_v: 1.0000e-04

Running model run (ode15s):
Run to steady
Creating output dir: ./RUN/
[Warning: Directory already exists.] 
[> In save_model_run (line 85)
In runner_coupled_ode15s (line 41)
In run_model (line 58)
In run_job (line 44)] 
Saving model run to
./RUN/output_004_steady.nc
Fields, IC & BC initialised
Initial phi calculated in 1.7s
0.0/36500.0 days/days; walltime: 17.7
-------------------------------------------------------------------------------------------------------------------------------------------------------------------------------------------------------------------------------------1825.0/36500.0 days/days; walltime: 139.9
3650.0/36500.0 days/days; walltime: 3.7
5475.0/36500.0 days/days; walltime: 2.1
7300.0/36500.0 days/days; walltime: 1.4
-----------9125.0/36500.0 days/days; walltime: 6.8
-10950.0/36500.0 days/days; walltime: 568.6
12775.0/36500.0 days/days; walltime: 510.4
14600.0/36500.0 days/days; walltime: 382.8
16425.0/36500.0 days/days; walltime: 306.3
-18250.0/36500.0 days/days; walltime: 270.6
20075.0/36500.0 days/days; walltime: 71.2
21900.0/36500.0 days/days; walltime: 6.2
23725.0/36500.0 days/days; walltime: 6.5
25550.0/36500.0 days/days; walltime: 5.4
27375.0/36500.0 days/days; walltime: 3.2
29200.0/36500.0 days/days; walltime: 4.1
31025.0/36500.0 days/days; walltime: 1.6
-32850.0/36500.0 days/days; walltime: 1.6
34675.0/36500.0 days/days; walltime: 1.4
36500.0/36500.0 days/days; walltime: 1.1
Wallclock for model run: 2317.3s
 

fields = 

  struct with fields:

    nodes: [1x1 struct]
    edges: [1x1 struct]
       BC: [1x1 struct]


ans =

   366


mean_melt =

    0.9566

No cases left; exiting.
