Case 3:
Picked up JAVA_TOOL_OPTIONS: -Xmx2g
Opening log file:  /tmp/java.log.18468

                            < M A T L A B (R) >
                  Copyright 1984-2022 The MathWorks, Inc.
                  R2022a (9.12.0.1884302) 64-bit (glnxa64)
                             February 16, 2022

 
To get started, type doc.
For product information, visit www.mathworks.com.
 

config = 

  struct with fields:

                 k_s: 0.1000
                 l_c: 10
            n_moulin: 68
    creep_const_soft: 0
             mesh_nr: 4
                 e_v: 1.0000e-04
                 k_c: 0.2000
               h_bed: 0.5000
               l_bed: 10
               alpha: 3
                beta: 2
               omega: 0

Running model run (ode15s):
Run to steady
Saving model run to
./RUN/output_303_steady.nc
Fields, IC & BC initialised
Initial phi calculated in 1.6s
0.0/36500.0 days/days; walltime: 22.7
----------------------1825.0/36500.0 days/days; walltime: 380.1
---------------3650.0/36500.0 days/days; walltime: 10.5
-----------5475.0/36500.0 days/days; walltime: 3.4
-------7300.0/36500.0 days/days; walltime: 0.6
---------------------------------------------------------------------------------------------------------------------------------------------------------------------------------------------------------------------------9125.0/36500.0 days/days; walltime: 17.1
--------------------------------------------------------------------------------------------------------------------------------------------------------------------------------------------10950.0/36500.0 days/days; walltime: 1086.3
12775.0/36500.0 days/days; walltime: 575.3
14600.0/36500.0 days/days; walltime: 515.8
16425.0/36500.0 days/days; walltime: 201.6
18250.0/36500.0 days/days; walltime: 183.2
-------------------------------------------20075.0/36500.0 days/days; walltime: 52.5
21900.0/36500.0 days/days; walltime: 27.5
23725.0/36500.0 days/days; walltime: 11.2
25550.0/36500.0 days/days; walltime: 3.5
27375.0/36500.0 days/days; walltime: 1.7
29200.0/36500.0 days/days; walltime: 0.9
31025.0/36500.0 days/days; walltime: 0.6
32850.0/36500.0 days/days; walltime: 0.8
34675.0/36500.0 days/days; walltime: 0.5
36500.0/36500.0 days/days; walltime: 0.4
Wallclock for model run: 3100.8s
 

fields = 

  struct with fields:

    nodes: [1x1 struct]
    edges: [1x1 struct]
       BC: [1x1 struct]

Running model run (ode15s):
Run seasonal
Saving model run to
./RUN/output_303_seasonal.nc
IC initialised from struct
IC initialised from file/given & rest from parameters and given functions
36500.0/37230.0 days/days; walltime: 17.2
36501.0/37230.0 days/days; walltime: 69.9
36502.0/37230.0 days/days; walltime: 14.7
36503.0/37230.0 days/days; walltime: 24.0
36504.0/37230.0 days/days; walltime: 8.8
36505.0/37230.0 days/days; walltime: 14.1
36506.0/37230.0 days/days; walltime: 10.6
36507.0/37230.0 days/days; walltime: 22.0
36508.0/37230.0 days/days; walltime: 5.6
36509.0/37230.0 days/days; walltime: 4.1
36510.0/37230.0 days/days; walltime: 6.7
36511.0/37230.0 days/days; walltime: 3.3
36512.0/37230.0 days/days; walltime: 33.4
36513.0/37230.0 days/days; walltime: 2.2
36514.0/37230.0 days/days; walltime: 1.9
36515.0/37230.0 days/days; walltime: 2.0
36516.0/37230.0 days/days; walltime: 5.7
36517.0/37230.0 days/days; walltime: 1.4
36518.0/37230.0 days/days; walltime: 1.5
36519.0/37230.0 days/days; walltime: 1.5
36520.0/37230.0 days/days; walltime: 1.2
36521.0/37230.0 days/days; walltime: 1.1
36522.0/37230.0 days/days; walltime: 1.0
36523.0/37230.0 days/days; walltime: 1.2
36524.0/37230.0 days/days; walltime: 1.6
36525.0/37230.0 days/days; walltime: 9.1
36526.0/37230.0 days/days; walltime: 1.1
36527.0/37230.0 days/days; walltime: 1.1
36528.0/37230.0 days/days; walltime: 0.9
36529.0/37230.0 days/days; walltime: 1.0
36530.0/37230.0 days/days; walltime: 0.8
36531.0/37230.0 days/days; walltime: 0.8
36532.0/37230.0 days/days; walltime: 0.8
36533.0/37230.0 days/days; walltime: 0.6
36534.0/37230.0 days/days; walltime: 0.7
36535.0/37230.0 days/days; walltime: 0.6
36536.0/37230.0 days/days; walltime: 2.1
36537.0/37230.0 days/days; walltime: 0.4
36538.0/37230.0 days/days; walltime: 0.8
36539.0/37230.0 days/days; walltime: 0.8
36540.0/37230.0 days/days; walltime: 0.7
36541.0/37230.0 days/days; walltime: 0.5
36542.0/37230.0 days/days; walltime: 0.7
36543.0/37230.0 days/days; walltime: 0.7
36544.0/37230.0 days/days; walltime: 0.5
36545.0/37230.0 days/days; walltime: 0.7
36546.0/37230.0 days/days; walltime: 0.5
36547.0/37230.0 days/days; walltime: 0.5
36548.0/37230.0 days/days; walltime: 0.6
36549.0/37230.0 days/days; walltime: 0.4
36550.0/37230.0 days/days; walltime: 0.6
36551.0/37230.0 days/days; walltime: 0.7
36552.0/37230.0 days/days; walltime: 0.5
36553.0/37230.0 days/days; walltime: 0.7
36554.0/37230.0 days/days; walltime: 0.6
36555.0/37230.0 days/days; walltime: 6.5
36556.0/37230.0 days/days; walltime: 0.8
36557.0/37230.0 days/days; walltime: 0.3
36558.0/37230.0 days/days; walltime: 0.4
36559.0/37230.0 days/days; walltime: 0.4
36560.0/37230.0 days/days; walltime: 0.4
36561.0/37230.0 days/days; walltime: 0.4
36562.0/37230.0 days/days; walltime: 0.4
36563.0/37230.0 days/days; walltime: 0.5
36564.0/37230.0 days/days; walltime: 0.6
36565.0/37230.0 days/days; walltime: 0.5
36566.0/37230.0 days/days; walltime: 0.5
36567.0/37230.0 days/days; walltime: 0.8
36568.0/37230.0 days/days; walltime: 0.5
36569.0/37230.0 days/days; walltime: 0.6
36570.0/37230.0 days/days; walltime: 3.7
36571.0/37230.0 days/days; walltime: 0.5
36572.0/37230.0 days/days; walltime: 0.4
36573.0/37230.0 days/days; walltime: 0.2
36574.0/37230.0 days/days; walltime: 0.4
36575.0/37230.0 days/days; walltime: 0.3
36576.0/37230.0 days/days; walltime: 0.4
36577.0/37230.0 days/days; walltime: 0.3
36578.0/37230.0 days/days; walltime: 0.3
36579.0/37230.0 days/days; walltime: 0.4
36580.0/37230.0 days/days; walltime: 0.2
36581.0/37230.0 days/days; walltime: 0.3
36582.0/37230.0 days/days; walltime: 0.3
36583.0/37230.0 days/days; walltime: 0.3
36584.0/37230.0 days/days; walltime: 0.2
36585.0/37230.0 days/days; walltime: 0.4
36586.0/37230.0 days/days; walltime: 0.4
36587.0/37230.0 days/days; walltime: 0.3
36588.0/37230.0 days/days; walltime: 0.3
36589.0/37230.0 days/days; walltime: 2.1
36590.0/37230.0 days/days; walltime: 0.2
36591.0/37230.0 days/days; walltime: 0.1
36592.0/37230.0 days/days; walltime: 0.2
36593.0/37230.0 days/days; walltime: 0.2
36594.0/37230.0 days/days; walltime: 0.2
36595.0/37230.0 days/days; walltime: 0.2
36596.0/37230.0 days/days; walltime: 0.2
36597.0/37230.0 days/days; walltime: 0.2
36598.0/37230.0 days/days; walltime: 0.1
36599.0/37230.0 days/days; walltime: 0.2
36600.0/37230.0 days/days; walltime: 0.2
36601.0/37230.0 days/days; walltime: 0.2
36602.0/37230.0 days/days; walltime: 2.1
36603.0/37230.0 days/days; walltime: 0.4
36604.0/37230.0 days/days; walltime: 0.1
36605.0/37230.0 days/days; walltime: 0.3
36606.0/37230.0 days/days; walltime: 0.3
36607.0/37230.0 days/days; walltime: 0.2
36608.0/37230.0 days/days; walltime: 0.3
36609.0/37230.0 days/days; walltime: 0.3
36610.0/37230.0 days/days; walltime: 0.2
36611.0/37230.0 days/days; walltime: 0.4
36612.0/37230.0 days/days; walltime: 0.3
36613.0/37230.0 days/days; walltime: 0.2
36614.0/37230.0 days/days; walltime: 0.3
-36615.0/37230.0 days/days; walltime: 2.4
36616.0/37230.0 days/days; walltime: 6.5
36617.0/37230.0 days/days; walltime: 9.4
36618.0/37230.0 days/days; walltime: 8.4
36619.0/37230.0 days/days; walltime: 11.4
36620.0/37230.0 days/days; walltime: 10.3
36621.0/37230.0 days/days; walltime: 12.9
36622.0/37230.0 days/days; walltime: 11.0
36623.0/37230.0 days/days; walltime: 11.7
36624.0/37230.0 days/days; walltime: 13.3
36625.0/37230.0 days/days; walltime: 11.7
36626.0/37230.0 days/days; walltime: 11.6
36627.0/37230.0 days/days; walltime: 10.8
36628.0/37230.0 days/days; walltime: 13.2
36629.0/37230.0 days/days; walltime: 21.4
36630.0/37230.0 days/days; walltime: 19.7
36631.0/37230.0 days/days; walltime: 31.3
36632.0/37230.0 days/days; walltime: 44.7
36633.0/37230.0 days/days; walltime: 46.3
36634.0/37230.0 days/days; walltime: 26.2
36635.0/37230.0 days/days; walltime: 46.7
36636.0/37230.0 days/days; walltime: 42.0
36637.0/37230.0 days/days; walltime: 19.6
36638.0/37230.0 days/days; walltime: 14.4
36639.0/37230.0 days/days; walltime: 10.0
36640.0/37230.0 days/days; walltime: 25.7
36641.0/37230.0 days/days; walltime: 12.3
36642.0/37230.0 days/days; walltime: 18.8
36643.0/37230.0 days/days; walltime: 21.4
36644.0/37230.0 days/days; walltime: 18.0
36645.0/37230.0 days/days; walltime: 15.8
36646.0/37230.0 days/days; walltime: 22.6
36647.0/37230.0 days/days; walltime: 13.4
36648.0/37230.0 days/days; walltime: 46.9
36649.0/37230.0 days/days; walltime: 20.4
36650.0/37230.0 days/days; walltime: 26.7
36651.0/37230.0 days/days; walltime: 38.5
36652.0/37230.0 days/days; walltime: 36.7
36653.0/37230.0 days/days; walltime: 23.0
36654.0/37230.0 days/days; walltime: 37.2
36655.0/37230.0 days/days; walltime: 42.5
36656.0/37230.0 days/days; walltime: 49.2
36657.0/37230.0 days/days; walltime: 30.4
36658.0/37230.0 days/days; walltime: 25.7
36659.0/37230.0 days/days; walltime: 41.2
36660.0/37230.0 days/days; walltime: 56.3
36661.0/37230.0 days/days; walltime: 31.4
36662.0/37230.0 days/days; walltime: 36.9
36663.0/37230.0 days/days; walltime: 45.2
36664.0/37230.0 days/days; walltime: 26.8
36665.0/37230.0 days/days; walltime: 32.8
36666.0/37230.0 days/days; walltime: 42.6
36667.0/37230.0 days/days; walltime: 29.7
36668.0/37230.0 days/days; walltime: 84.9
36669.0/37230.0 days/days; walltime: 71.1
36670.0/37230.0 days/days; walltime: 23.5
36671.0/37230.0 days/days; walltime: 16.1
36672.0/37230.0 days/days; walltime: 27.7
36673.0/37230.0 days/days; walltime: 20.5
36674.0/37230.0 days/days; walltime: 53.2
36675.0/37230.0 days/days; walltime: 51.9
36676.0/37230.0 days/days; walltime: 47.6
36677.0/37230.0 days/days; walltime: 21.4
36678.0/37230.0 days/days; walltime: 32.8
36679.0/37230.0 days/days; walltime: 31.2
36680.0/37230.0 days/days; walltime: 15.1
36681.0/37230.0 days/days; walltime: 34.4
36682.0/37230.0 days/days; walltime: 43.4
36683.0/37230.0 days/days; walltime: 31.1
36684.0/37230.0 days/days; walltime: 21.3
36685.0/37230.0 days/days; walltime: 55.6
36686.0/37230.0 days/days; walltime: 28.9
36687.0/37230.0 days/days; walltime: 43.4
36688.0/37230.0 days/days; walltime: 53.9
36689.0/37230.0 days/days; walltime: 31.4
36690.0/37230.0 days/days; walltime: 51.4
36691.0/37230.0 days/days; walltime: 56.9
36692.0/37230.0 days/days; walltime: 52.1
36693.0/37230.0 days/days; walltime: 23.6
36694.0/37230.0 days/days; walltime: 52.6
36695.0/37230.0 days/days; walltime: 20.6
36696.0/37230.0 days/days; walltime: 15.7
36697.0/37230.0 days/days; walltime: 23.4
36698.0/37230.0 days/days; walltime: 13.3
36699.0/37230.0 days/days; walltime: 11.7
36700.0/37230.0 days/days; walltime: 25.4
36701.0/37230.0 days/days; walltime: 24.1
36702.0/37230.0 days/days; walltime: 22.3
36703.0/37230.0 days/days; walltime: 32.7
36704.0/37230.0 days/days; walltime: 5.2
36705.0/37230.0 days/days; walltime: 25.9
36706.0/37230.0 days/days; walltime: 26.7
36707.0/37230.0 days/days; walltime: 15.3
36708.0/37230.0 days/days; walltime: 8.9
36709.0/37230.0 days/days; walltime: 26.9
36710.0/37230.0 days/days; walltime: 14.3
36711.0/37230.0 days/days; walltime: 33.6
36712.0/37230.0 days/days; walltime: 15.3
36713.0/37230.0 days/days; walltime: 7.5
36714.0/37230.0 days/days; walltime: 7.4
36715.0/37230.0 days/days; walltime: 12.1
36716.0/37230.0 days/days; walltime: 14.4
36717.0/37230.0 days/days; walltime: 30.2
36718.0/37230.0 days/days; walltime: 8.0
36719.0/37230.0 days/days; walltime: 15.0
36720.0/37230.0 days/days; walltime: 10.6
36721.0/37230.0 days/days; walltime: 15.0
36722.0/37230.0 days/days; walltime: 8.7
36723.0/37230.0 days/days; walltime: 9.3
36724.0/37230.0 days/days; walltime: 8.5
36725.0/37230.0 days/days; walltime: 12.2
36726.0/37230.0 days/days; walltime: 10.0
36727.0/37230.0 days/days; walltime: 16.1
36728.0/37230.0 days/days; walltime: 20.1
36729.0/37230.0 days/days; walltime: 11.2
36730.0/37230.0 days/days; walltime: 8.4
36731.0/37230.0 days/days; walltime: 8.0
36732.0/37230.0 days/days; walltime: 10.6
36733.0/37230.0 days/days; walltime: 10.5
36734.0/37230.0 days/days; walltime: 12.5
36735.0/37230.0 days/days; walltime: 10.9
36736.0/37230.0 days/days; walltime: 10.9
36737.0/37230.0 days/days; walltime: 11.0
36738.0/37230.0 days/days; walltime: 12.6
36739.0/37230.0 days/days; walltime: 9.4
36740.0/37230.0 days/days; walltime: 10.2
36741.0/37230.0 days/days; walltime: 10.6
36742.0/37230.0 days/days; walltime: 18.2
36743.0/37230.0 days/days; walltime: 12.0
36744.0/37230.0 days/days; walltime: 10.0
36745.0/37230.0 days/days; walltime: 20.6
36746.0/37230.0 days/days; walltime: 13.1
36747.0/37230.0 days/days; walltime: 19.0
36748.0/37230.0 days/days; walltime: 25.6
36749.0/37230.0 days/days; walltime: 7.3
36750.0/37230.0 days/days; walltime: 9.0
36751.0/37230.0 days/days; walltime: 2.1
36752.0/37230.0 days/days; walltime: 1.7
36753.0/37230.0 days/days; walltime: 1.7
36754.0/37230.0 days/days; walltime: 1.5
36755.0/37230.0 days/days; walltime: 1.4
36756.0/37230.0 days/days; walltime: 1.3
36757.0/37230.0 days/days; walltime: 3.6
36758.0/37230.0 days/days; walltime: 0.7
36759.0/37230.0 days/days; walltime: 0.8
36760.0/37230.0 days/days; walltime: 0.7
36761.0/37230.0 days/days; walltime: 0.8
36762.0/37230.0 days/days; walltime: 0.9
36763.0/37230.0 days/days; walltime: 1.0
36764.0/37230.0 days/days; walltime: 1.0
36765.0/37230.0 days/days; walltime: 0.8
36766.0/37230.0 days/days; walltime: 1.6
36767.0/37230.0 days/days; walltime: 9.2
36768.0/37230.0 days/days; walltime: 0.5
36769.0/37230.0 days/days; walltime: 0.5
36770.0/37230.0 days/days; walltime: 0.7
36771.0/37230.0 days/days; walltime: 0.4
36772.0/37230.0 days/days; walltime: 0.4
36773.0/37230.0 days/days; walltime: 0.4
36774.0/37230.0 days/days; walltime: 0.5
36775.0/37230.0 days/days; walltime: 0.4
36776.0/37230.0 days/days; walltime: 0.6
36777.0/37230.0 days/days; walltime: 0.3
36778.0/37230.0 days/days; walltime: 0.3
36779.0/37230.0 days/days; walltime: 2.1
36780.0/37230.0 days/days; walltime: 0.4
36781.0/37230.0 days/days; walltime: 0.4
36782.0/37230.0 days/days; walltime: 0.6
36783.0/37230.0 days/days; walltime: 0.4
36784.0/37230.0 days/days; walltime: 0.4
36785.0/37230.0 days/days; walltime: 0.4
36786.0/37230.0 days/days; walltime: 0.4
36787.0/37230.0 days/days; walltime: 0.4
36788.0/37230.0 days/days; walltime: 0.4
36789.0/37230.0 days/days; walltime: 0.4
36790.0/37230.0 days/days; walltime: 0.4
36791.0/37230.0 days/days; walltime: 0.3
36792.0/37230.0 days/days; walltime: 0.4
36793.0/37230.0 days/days; walltime: 0.3
36794.0/37230.0 days/days; walltime: 2.1
36795.0/37230.0 days/days; walltime: 0.3
36796.0/37230.0 days/days; walltime: 0.4
36797.0/37230.0 days/days; walltime: 0.3
36798.0/37230.0 days/days; walltime: 0.3
36799.0/37230.0 days/days; walltime: 0.4
36800.0/37230.0 days/days; walltime: 0.2
36801.0/37230.0 days/days; walltime: 0.4
36802.0/37230.0 days/days; walltime: 0.3
36803.0/37230.0 days/days; walltime: 0.3
36804.0/37230.0 days/days; walltime: 0.3
36805.0/37230.0 days/days; walltime: 0.2
36806.0/37230.0 days/days; walltime: 0.4
36807.0/37230.0 days/days; walltime: 0.4
36808.0/37230.0 days/days; walltime: 0.4
36809.0/37230.0 days/days; walltime: 0.3
36810.0/37230.0 days/days; walltime: 2.1
36811.0/37230.0 days/days; walltime: 0.2
36812.0/37230.0 days/days; walltime: 0.2
36813.0/37230.0 days/days; walltime: 0.4
36814.0/37230.0 days/days; walltime: 0.2
36815.0/37230.0 days/days; walltime: 0.2
36816.0/37230.0 days/days; walltime: 0.2
36817.0/37230.0 days/days; walltime: 0.3
36818.0/37230.0 days/days; walltime: 0.3
36819.0/37230.0 days/days; walltime: 0.3
36820.0/37230.0 days/days; walltime: 0.2
36821.0/37230.0 days/days; walltime: 0.1
36822.0/37230.0 days/days; walltime: 0.3
36823.0/37230.0 days/days; walltime: 0.3
36824.0/37230.0 days/days; walltime: 0.4
36825.0/37230.0 days/days; walltime: 0.4
36826.0/37230.0 days/days; walltime: 2.1
36827.0/37230.0 days/days; walltime: 0.1
36828.0/37230.0 days/days; walltime: 0.3
36829.0/37230.0 days/days; walltime: 0.3
36830.0/37230.0 days/days; walltime: 0.1
36831.0/37230.0 days/days; walltime: 0.3
36832.0/37230.0 days/days; walltime: 0.3
36833.0/37230.0 days/days; walltime: 0.1
36834.0/37230.0 days/days; walltime: 0.3
36835.0/37230.0 days/days; walltime: 0.1
36836.0/37230.0 days/days; walltime: 0.3
36837.0/37230.0 days/days; walltime: 0.4
36838.0/37230.0 days/days; walltime: 0.2
36839.0/37230.0 days/days; walltime: 0.4
36840.0/37230.0 days/days; walltime: 0.2
36841.0/37230.0 days/days; walltime: 0.3
36842.0/37230.0 days/days; walltime: 0.2
36843.0/37230.0 days/days; walltime: 0.3
36844.0/37230.0 days/days; walltime: 2.1
36845.0/37230.0 days/days; walltime: 0.1
36846.0/37230.0 days/days; walltime: 0.3
36847.0/37230.0 days/days; walltime: 0.1
36848.0/37230.0 days/days; walltime: 0.3
36849.0/37230.0 days/days; walltime: 0.2
36850.0/37230.0 days/days; walltime: 0.3
36851.0/37230.0 days/days; walltime: 0.2
36852.0/37230.0 days/days; walltime: 0.3
36853.0/37230.0 days/days; walltime: 0.2
36854.0/37230.0 days/days; walltime: 0.3
36855.0/37230.0 days/days; walltime: 0.2
36856.0/37230.0 days/days; walltime: 0.3
36857.0/37230.0 days/days; walltime: 0.2
36858.0/37230.0 days/days; walltime: 0.3
36859.0/37230.0 days/days; walltime: 0.2
36860.0/37230.0 days/days; walltime: 0.1
36861.0/37230.0 days/days; walltime: 0.3
36862.0/37230.0 days/days; walltime: 0.2
36863.0/37230.0 days/days; walltime: 0.3
36864.0/37230.0 days/days; walltime: 0.2
36865.0/37230.0 days/days; walltime: 2.0
36866.0/37230.0 days/days; walltime: 0.1
36867.0/37230.0 days/days; walltime: 0.3
36868.0/37230.0 days/days; walltime: 0.1
36869.0/37230.0 days/days; walltime: 0.3
36870.0/37230.0 days/days; walltime: 0.1
36871.0/37230.0 days/days; walltime: 0.1
36872.0/37230.0 days/days; walltime: 0.1
36873.0/37230.0 days/days; walltime: 0.1
36874.0/37230.0 days/days; walltime: 0.1
36875.0/37230.0 days/days; walltime: 0.1
36876.0/37230.0 days/days; walltime: 0.1
36877.0/37230.0 days/days; walltime: 0.1
36878.0/37230.0 days/days; walltime: 0.1
36879.0/37230.0 days/days; walltime: 0.1
36880.0/37230.0 days/days; walltime: 0.1
36881.0/37230.0 days/days; walltime: 0.1
36882.0/37230.0 days/days; walltime: 0.1
36883.0/37230.0 days/days; walltime: 0.1
36884.0/37230.0 days/days; walltime: 0.1
36885.0/37230.0 days/days; walltime: 0.1
36886.0/37230.0 days/days; walltime: 0.1
36887.0/37230.0 days/days; walltime: 0.1
36888.0/37230.0 days/days; walltime: 0.1
36889.0/37230.0 days/days; walltime: 0.1
36890.0/37230.0 days/days; walltime: 0.3
36891.0/37230.0 days/days; walltime: 0.1
36892.0/37230.0 days/days; walltime: 0.3
36893.0/37230.0 days/days; walltime: 0.1
36894.0/37230.0 days/days; walltime: 0.1
36895.0/37230.0 days/days; walltime: 0.3
36896.0/37230.0 days/days; walltime: 0.1
36897.0/37230.0 days/days; walltime: 0.2
36898.0/37230.0 days/days; walltime: 0.1
36899.0/37230.0 days/days; walltime: 0.3
36900.0/37230.0 days/days; walltime: 0.1
36901.0/37230.0 days/days; walltime: 0.1
36902.0/37230.0 days/days; walltime: 0.2
36903.0/37230.0 days/days; walltime: 0.1
36904.0/37230.0 days/days; walltime: 0.1
36905.0/37230.0 days/days; walltime: 0.3
36906.0/37230.0 days/days; walltime: 0.1
36907.0/37230.0 days/days; walltime: 0.3
36908.0/37230.0 days/days; walltime: 0.1
36909.0/37230.0 days/days; walltime: 0.1
36910.0/37230.0 days/days; walltime: 0.2
36911.0/37230.0 days/days; walltime: 0.1
36912.0/37230.0 days/days; walltime: 0.1
36913.0/37230.0 days/days; walltime: 0.1
36914.0/37230.0 days/days; walltime: 0.1
36915.0/37230.0 days/days; walltime: 0.3
36916.0/37230.0 days/days; walltime: 0.1
36917.0/37230.0 days/days; walltime: 0.1
36918.0/37230.0 days/days; walltime: 0.1
36919.0/37230.0 days/days; walltime: 0.1
36920.0/37230.0 days/days; walltime: 0.1
36921.0/37230.0 days/days; walltime: 0.1
36922.0/37230.0 days/days; walltime: 0.2
36923.0/37230.0 days/days; walltime: 0.1
36924.0/37230.0 days/days; walltime: 0.1
36925.0/37230.0 days/days; walltime: 0.1
36926.0/37230.0 days/days; walltime: 0.1
36927.0/37230.0 days/days; walltime: 0.1
36928.0/37230.0 days/days; walltime: 0.1
36929.0/37230.0 days/days; walltime: 0.3
36930.0/37230.0 days/days; walltime: 0.1
36931.0/37230.0 days/days; walltime: 0.2
36932.0/37230.0 days/days; walltime: 0.1
36933.0/37230.0 days/days; walltime: 0.2
36934.0/37230.0 days/days; walltime: 0.1
36935.0/37230.0 days/days; walltime: 0.3
36936.0/37230.0 days/days; walltime: 0.1
36937.0/37230.0 days/days; walltime: 0.1
36938.0/37230.0 days/days; walltime: 0.6
36939.0/37230.0 days/days; walltime: 0.3
36940.0/37230.0 days/days; walltime: 0.2
36941.0/37230.0 days/days; walltime: 2.5
36942.0/37230.0 days/days; walltime: 0.4
36943.0/37230.0 days/days; walltime: 0.2
36944.0/37230.0 days/days; walltime: 0.3
36945.0/37230.0 days/days; walltime: 0.1
36946.0/37230.0 days/days; walltime: 0.1
36947.0/37230.0 days/days; walltime: 0.3
36948.0/37230.0 days/days; walltime: 0.1
36949.0/37230.0 days/days; walltime: 0.1
36950.0/37230.0 days/days; walltime: 0.3
36951.0/37230.0 days/days; walltime: 0.1
36952.0/37230.0 days/days; walltime: 0.1
36953.0/37230.0 days/days; walltime: 0.3
36954.0/37230.0 days/days; walltime: 0.1
36955.0/37230.0 days/days; walltime: 0.1
36956.0/37230.0 days/days; walltime: 0.2
36957.0/37230.0 days/days; walltime: 0.1
36958.0/37230.0 days/days; walltime: 0.1
36959.0/37230.0 days/days; walltime: 0.2
36960.0/37230.0 days/days; walltime: 0.1
36961.0/37230.0 days/days; walltime: 0.1
36962.0/37230.0 days/days; walltime: 0.2
36963.0/37230.0 days/days; walltime: 0.1
36964.0/37230.0 days/days; walltime: 0.1
36965.0/37230.0 days/days; walltime: 0.1
36966.0/37230.0 days/days; walltime: 0.3
36967.0/37230.0 days/days; walltime: 0.1
36968.0/37230.0 days/days; walltime: 0.1
36969.0/37230.0 days/days; walltime: 0.2
36970.0/37230.0 days/days; walltime: 0.1
36971.0/37230.0 days/days; walltime: 0.1
36972.0/37230.0 days/days; walltime: 0.1
36973.0/37230.0 days/days; walltime: 0.2
36974.0/37230.0 days/days; walltime: 0.1
36975.0/37230.0 days/days; walltime: 0.1
36976.0/37230.0 days/days; walltime: 0.2
36977.0/37230.0 days/days; walltime: 0.1
36978.0/37230.0 days/days; walltime: 0.1
36979.0/37230.0 days/days; walltime: 0.1
36980.0/37230.0 days/days; walltime: 1.6
36981.0/37230.0 days/days; walltime: 6.5
36982.0/37230.0 days/days; walltime: 5.0
36983.0/37230.0 days/days; walltime: 12.1
36984.0/37230.0 days/days; walltime: 8.6
36985.0/37230.0 days/days; walltime: 9.7
36986.0/37230.0 days/days; walltime: 13.8
36987.0/37230.0 days/days; walltime: 9.2
36988.0/37230.0 days/days; walltime: 11.3
36989.0/37230.0 days/days; walltime: 11.9
36990.0/37230.0 days/days; walltime: 10.8
36991.0/37230.0 days/days; walltime: 9.5
36992.0/37230.0 days/days; walltime: 12.6
36993.0/37230.0 days/days; walltime: 12.9
36994.0/37230.0 days/days; walltime: 10.3
36995.0/37230.0 days/days; walltime: 12.7
36996.0/37230.0 days/days; walltime: 15.6
36997.0/37230.0 days/days; walltime: 17.4
36998.0/37230.0 days/days; walltime: 13.0
36999.0/37230.0 days/days; walltime: 15.4
37000.0/37230.0 days/days; walltime: 24.2
37001.0/37230.0 days/days; walltime: 34.1
37002.0/37230.0 days/days; walltime: 24.6
37003.0/37230.0 days/days; walltime: 9.3
37004.0/37230.0 days/days; walltime: 13.4
37005.0/37230.0 days/days; walltime: 11.7
37006.0/37230.0 days/days; walltime: 15.8
37007.0/37230.0 days/days; walltime: 18.2
37008.0/37230.0 days/days; walltime: 9.7
37009.0/37230.0 days/days; walltime: 15.6
37010.0/37230.0 days/days; walltime: 10.7
37011.0/37230.0 days/days; walltime: 14.5
37012.0/37230.0 days/days; walltime: 22.2
37013.0/37230.0 days/days; walltime: 24.3
37014.0/37230.0 days/days; walltime: 26.0
37015.0/37230.0 days/days; walltime: 22.9
37016.0/37230.0 days/days; walltime: 29.3
37017.0/37230.0 days/days; walltime: 14.5
37018.0/37230.0 days/days; walltime: 28.0
37019.0/37230.0 days/days; walltime: 40.2
37020.0/37230.0 days/days; walltime: 53.0
37021.0/37230.0 days/days; walltime: 43.4
37022.0/37230.0 days/days; walltime: 35.0
37023.0/37230.0 days/days; walltime: 36.0
37024.0/37230.0 days/days; walltime: 43.8
37025.0/37230.0 days/days; walltime: 32.6
37026.0/37230.0 days/days; walltime: 38.8
37027.0/37230.0 days/days; walltime: 36.8
37028.0/37230.0 days/days; walltime: 91.7
37029.0/37230.0 days/days; walltime: 22.2
37030.0/37230.0 days/days; walltime: 26.7
37031.0/37230.0 days/days; walltime: 30.5
37032.0/37230.0 days/days; walltime: 26.4
37033.0/37230.0 days/days; walltime: 47.0
37034.0/37230.0 days/days; walltime: 37.8
37035.0/37230.0 days/days; walltime: 45.6
37036.0/37230.0 days/days; walltime: 23.4
37037.0/37230.0 days/days; walltime: 51.9
37038.0/37230.0 days/days; walltime: 24.4
37039.0/37230.0 days/days; walltime: 26.1
37040.0/37230.0 days/days; walltime: 57.9
37041.0/37230.0 days/days; walltime: 21.1
37042.0/37230.0 days/days; walltime: 28.7
37043.0/37230.0 days/days; walltime: 44.3
37044.0/37230.0 days/days; walltime: 25.4
37045.0/37230.0 days/days; walltime: 19.7
37046.0/37230.0 days/days; walltime: 20.4
37047.0/37230.0 days/days; walltime: 19.7
37048.0/37230.0 days/days; walltime: 34.0
37049.0/37230.0 days/days; walltime: 33.3
37050.0/37230.0 days/days; walltime: 34.9
37051.0/37230.0 days/days; walltime: 22.2
37052.0/37230.0 days/days; walltime: 37.6
37053.0/37230.0 days/days; walltime: 29.4
37054.0/37230.0 days/days; walltime: 18.3
37055.0/37230.0 days/days; walltime: 54.2
37056.0/37230.0 days/days; walltime: 39.0
37057.0/37230.0 days/days; walltime: 34.7
37058.0/37230.0 days/days; walltime: 56.0
37059.0/37230.0 days/days; walltime: 14.0
37060.0/37230.0 days/days; walltime: 51.1
37061.0/37230.0 days/days; walltime: 15.0
37062.0/37230.0 days/days; walltime: 11.9
37063.0/37230.0 days/days; walltime: 20.1
37064.0/37230.0 days/days; walltime: 16.8
37065.0/37230.0 days/days; walltime: 31.9
37066.0/37230.0 days/days; walltime: 19.0
37067.0/37230.0 days/days; walltime: 6.1
37068.0/37230.0 days/days; walltime: 33.0
37069.0/37230.0 days/days; walltime: 12.5
37070.0/37230.0 days/days; walltime: 28.9
37071.0/37230.0 days/days; walltime: 16.9
37072.0/37230.0 days/days; walltime: 8.5
37073.0/37230.0 days/days; walltime: 6.2
37074.0/37230.0 days/days; walltime: 16.7
37075.0/37230.0 days/days; walltime: 12.4
37076.0/37230.0 days/days; walltime: 16.4
37077.0/37230.0 days/days; walltime: 7.6
37078.0/37230.0 days/days; walltime: 5.7
37079.0/37230.0 days/days; walltime: 5.3
37080.0/37230.0 days/days; walltime: 9.1
37081.0/37230.0 days/days; walltime: 28.4
37082.0/37230.0 days/days; walltime: 11.5
37083.0/37230.0 days/days; walltime: 17.4
37084.0/37230.0 days/days; walltime: 8.7
37085.0/37230.0 days/days; walltime: 11.5
37086.0/37230.0 days/days; walltime: 11.1
37087.0/37230.0 days/days; walltime: 12.5
37088.0/37230.0 days/days; walltime: 12.3
37089.0/37230.0 days/days; walltime: 8.6
37090.0/37230.0 days/days; walltime: 10.0
37091.0/37230.0 days/days; walltime: 9.2
37092.0/37230.0 days/days; walltime: 9.6
37093.0/37230.0 days/days; walltime: 17.8
37094.0/37230.0 days/days; walltime: 13.1
37095.0/37230.0 days/days; walltime: 8.5
37096.0/37230.0 days/days; walltime: 8.9
37097.0/37230.0 days/days; walltime: 12.1
37098.0/37230.0 days/days; walltime: 9.5
37099.0/37230.0 days/days; walltime: 12.7
37100.0/37230.0 days/days; walltime: 12.1
37101.0/37230.0 days/days; walltime: 9.2
37102.0/37230.0 days/days; walltime: 11.1
37103.0/37230.0 days/days; walltime: 19.9
37104.0/37230.0 days/days; walltime: 10.6
37105.0/37230.0 days/days; walltime: 11.0
37106.0/37230.0 days/days; walltime: 9.6
37107.0/37230.0 days/days; walltime: 11.6
37108.0/37230.0 days/days; walltime: 11.3
37109.0/37230.0 days/days; walltime: 15.7
37110.0/37230.0 days/days; walltime: 12.6
37111.0/37230.0 days/days; walltime: 20.7
37112.0/37230.0 days/days; walltime: 25.2
37113.0/37230.0 days/days; walltime: 10.2
37114.0/37230.0 days/days; walltime: 7.1
37115.0/37230.0 days/days; walltime: 7.6
37116.0/37230.0 days/days; walltime: 2.2
37117.0/37230.0 days/days; walltime: 1.6
37118.0/37230.0 days/days; walltime: 1.7
37119.0/37230.0 days/days; walltime: 1.2
37120.0/37230.0 days/days; walltime: 1.3
37121.0/37230.0 days/days; walltime: 1.1
37122.0/37230.0 days/days; walltime: 1.1
37123.0/37230.0 days/days; walltime: 4.8
37124.0/37230.0 days/days; walltime: 0.8
37125.0/37230.0 days/days; walltime: 0.8
37126.0/37230.0 days/days; walltime: 0.8
37127.0/37230.0 days/days; walltime: 0.9
37128.0/37230.0 days/days; walltime: 0.7
37129.0/37230.0 days/days; walltime: 1.0
37130.0/37230.0 days/days; walltime: 1.0
37131.0/37230.0 days/days; walltime: 0.7
37132.0/37230.0 days/days; walltime: 0.9
37133.0/37230.0 days/days; walltime: 0.8
37134.0/37230.0 days/days; walltime: 0.6
37135.0/37230.0 days/days; walltime: 0.7
37136.0/37230.0 days/days; walltime: 0.8
37137.0/37230.0 days/days; walltime: 0.6
37138.0/37230.0 days/days; walltime: 7.8
37139.0/37230.0 days/days; walltime: 0.9
37140.0/37230.0 days/days; walltime: 0.4
37141.0/37230.0 days/days; walltime: 0.5
37142.0/37230.0 days/days; walltime: 0.5
37143.0/37230.0 days/days; walltime: 0.5
37144.0/37230.0 days/days; walltime: 0.6
37145.0/37230.0 days/days; walltime: 0.4
37146.0/37230.0 days/days; walltime: 0.5
37147.0/37230.0 days/days; walltime: 0.5
37148.0/37230.0 days/days; walltime: 0.6
37149.0/37230.0 days/days; walltime: 0.4
37150.0/37230.0 days/days; walltime: 5.7
37151.0/37230.0 days/days; walltime: 0.4
37152.0/37230.0 days/days; walltime: 0.4
37153.0/37230.0 days/days; walltime: 0.4
37154.0/37230.0 days/days; walltime: 0.4
37155.0/37230.0 days/days; walltime: 0.4
37156.0/37230.0 days/days; walltime: 0.2
37157.0/37230.0 days/days; walltime: 0.5
37158.0/37230.0 days/days; walltime: 0.4
37159.0/37230.0 days/days; walltime: 0.4
37160.0/37230.0 days/days; walltime: 0.3
37161.0/37230.0 days/days; walltime: 0.3
37162.0/37230.0 days/days; walltime: 0.2
37163.0/37230.0 days/days; walltime: 0.5
37164.0/37230.0 days/days; walltime: 0.4
37165.0/37230.0 days/days; walltime: 0.3
37166.0/37230.0 days/days; walltime: 1.9
37167.0/37230.0 days/days; walltime: 0.3
37168.0/37230.0 days/days; walltime: 0.2
37169.0/37230.0 days/days; walltime: 0.2
37170.0/37230.0 days/days; walltime: 0.2
37171.0/37230.0 days/days; walltime: 0.2
37172.0/37230.0 days/days; walltime: 0.2
37173.0/37230.0 days/days; walltime: 0.2
37174.0/37230.0 days/days; walltime: 0.1
37175.0/37230.0 days/days; walltime: 0.2
37176.0/37230.0 days/days; walltime: 2.1
37177.0/37230.0 days/days; walltime: 0.4
37178.0/37230.0 days/days; walltime: 0.2
37179.0/37230.0 days/days; walltime: 0.2
37180.0/37230.0 days/days; walltime: 0.1
37181.0/37230.0 days/days; walltime: 0.3
37182.0/37230.0 days/days; walltime: 0.3
37183.0/37230.0 days/days; walltime: 0.3
37184.0/37230.0 days/days; walltime: 0.2
37185.0/37230.0 days/days; walltime: 0.3
37186.0/37230.0 days/days; walltime: 0.3
37187.0/37230.0 days/days; walltime: 0.2
37188.0/37230.0 days/days; walltime: 0.3
37189.0/37230.0 days/days; walltime: 0.3
37190.0/37230.0 days/days; walltime: 0.2
37191.0/37230.0 days/days; walltime: 2.1
37192.0/37230.0 days/days; walltime: 0.1
37193.0/37230.0 days/days; walltime: 0.3
37194.0/37230.0 days/days; walltime: 0.3
37195.0/37230.0 days/days; walltime: 0.1
37196.0/37230.0 days/days; walltime: 0.4
37197.0/37230.0 days/days; walltime: 0.1
37198.0/37230.0 days/days; walltime: 0.3
37199.0/37230.0 days/days; walltime: 0.1
37200.0/37230.0 days/days; walltime: 0.5
37201.0/37230.0 days/days; walltime: 0.3
37202.0/37230.0 days/days; walltime: 0.2
37203.0/37230.0 days/days; walltime: 0.3
37204.0/37230.0 days/days; walltime: 0.2
37205.0/37230.0 days/days; walltime: 0.4
37206.0/37230.0 days/days; walltime: 0.2
37207.0/37230.0 days/days; walltime: 0.5
37208.0/37230.0 days/days; walltime: 0.2
37209.0/37230.0 days/days; walltime: 0.3
37210.0/37230.0 days/days; walltime: 1.9
37211.0/37230.0 days/days; walltime: 0.3
37212.0/37230.0 days/days; walltime: 0.1
37213.0/37230.0 days/days; walltime: 0.3
37214.0/37230.0 days/days; walltime: 0.2
37215.0/37230.0 days/days; walltime: 0.3
37216.0/37230.0 days/days; walltime: 0.2
37217.0/37230.0 days/days; walltime: 0.4
37218.0/37230.0 days/days; walltime: 0.2
37219.0/37230.0 days/days; walltime: 0.1
37220.0/37230.0 days/days; walltime: 0.3
37221.0/37230.0 days/days; walltime: 0.2
37222.0/37230.0 days/days; walltime: 0.3
37223.0/37230.0 days/days; walltime: 0.2
37224.0/37230.0 days/days; walltime: 0.2
37225.0/37230.0 days/days; walltime: 0.2
37226.0/37230.0 days/days; walltime: 0.3
37227.0/37230.0 days/days; walltime: 0.1
37228.0/37230.0 days/days; walltime: 0.2
37229.0/37230.0 days/days; walltime: 0.3
37230.0/37230.0 days/days; walltime: 0.3
Wallclock for model run: 6576.2s
 

fields = 

  struct with fields:

    nodes: [1x1 struct]
    edges: [1x1 struct]
       BC: [1x1 struct]

No cases left; exiting.
