Case 1:
Picked up JAVA_TOOL_OPTIONS: -Xmx2g
Opening log file:  /tmp/java.log.8243

                            < M A T L A B (R) >
                  Copyright 1984-2022 The MathWorks, Inc.
                  R2022a (9.12.0.1884302) 64-bit (glnxa64)
                             February 16, 2022

 
To get started, type doc.
For product information, visit www.mathworks.com.
 

config = 

  struct with fields:

                 k_s: 0.0094
                 l_c: 10
            n_moulin: 68
    creep_const_soft: 0
             mesh_nr: 4
                 e_v: 1.0000e-04
                 k_c: 0.2000
               h_bed: 0.5000
               l_bed: 10
               alpha: 1.2500
                beta: 1.5000
               omega: 0

Running model run (ode15s):
Run to steady
Saving model run to
./RUN/output_301_steady.nc
Fields, IC & BC initialised
Initial phi calculated in 2.6s
0.0/36500.0 days/days; walltime: 26.7
----------------------------------------------------------------------------------------------------------------------------------------------------------------------------------------------------------------------------------------------------------------------------------------------------------------------------------------------------------------------------------------------------------------------------------------------------------------------------------------------------------------------------------------------------------------1825.0/36500.0 days/days; walltime: 202.1
--------------------------------------------------------3650.0/36500.0 days/days; walltime: 5.2
------------------------5475.0/36500.0 days/days; walltime: 2.3
------------7300.0/36500.0 days/days; walltime: 1.2
--------------------------------------------------------------------------------------------------------------------9125.0/36500.0 days/days; walltime: 10.8
------------------------------------------------------------------------------------------------------------------------------------------------------------------------------------------------------------------------------------------------------------------------------------------------------------------------------------------------------------------------------------------------------------------------------------------------------------------------------------------------------------------------------------------------------------------------------------------------------------------------------------------------------------------------------------------------------------------------------------------------------------------------------------------------------------------------------------------------------------------------------------------------------------------------------------------------------------------------------------------------------------------------------------------------------------------------------------------------------------------------------------------------------------------------------------------------------------------------------------------------------------------------------------------------------------------------------------------------------------------------------------------------------------------------------------------------------------------------------------------------------------------------------------------------------------------------------------------------------------------------------------------------------------------------------------------------------------------------------------------------------------------------------------------------------------------------------------------------------------------------------------------------------------------------------------------------------------------------------------------------------------------------------------------------------------------------------------------------------------------------------------------------------------------------------------------------------------------------------------------------------------------------------------------------------------------------------------------------------------------------------------------------------------------------------------------------------------------------------------------------------------------------------------------------------------------------------------------------------------------------------------------------------------------------------------------------------------------------------------------------------------------------------------------------------------------------------------------------------------------------------------------------------------------------------------------------------------------------------------------------------------------------------------------------------------------------------------------------------------------------------------------------------------------------------------------------------------------------------------------------------------------------------------------------------------------------------------------------------------------------------------------------------------------------------------------------------------------------------------------------------------------------------------------------------------------------------------------------------------------------------------------------------------------------------------------------------------------------------------------------------------------------------------------------------------------------------------------------------------------------------------------------------------------------------------------------------------------------------------------------------------------------------------------------------------------------------------------------------------------------------------------------------------------------------------------------------------------------------------------------------------------------------------------------------------------------------------------------------------------------------------------------------------------------------------------------------------------------------------------------------------------------------------------------------------------------------------------------------------------------------------------------------------------------------------------------------------------------------------------------------------------------------------------------------------------------------------------------------------------------------------------------------------------------------------------------------------------------------------------------------------------------------------------------------------------------------------------------------------------------------------------------------------------------------------------------------------------------------------------------------------------------------------------------------------------------------------------------------------------------------------------------------------------------------------------------------------------------------------------------------------------------------------------------------------------------------------------------------------------------------------------------------------------------------------------------------------------------------------------------------------------------------------------------------------------------------------------------------------------------------------------------------------------------------------------------------------------------------------------------------------------------------------------------------------------------------------------------------------------------------------------------------------------------------------------------------------------------------------------------------------------------------------------------------------------------------------------------------------------------------------------------------------------------------------------------------------------------------------------------------------------------------------------------------------------------------------------------------------------------------------------------------------------------------------------------------------------------------------------------------------------------------------------------------------------------------------------------------------------------------------------------------------------------------------------------------------------------------------------------------------------------------------------------------------------------------------------------------------------------------------------------------------------------------------------------------------------------------------------------------------------------------------------------------------------------------------------------------------------------------------------------------------------------------------------------------------------------------------------------------------------------------------------------------------------------------------------------------------------------------------------------------------------------------------------------------------------------------------------------------------------------------------------------------------------------------------------------------------------------------------------------------------------------------------------------------------------------------------------------------------------------------------------------------------------------------------------------------------------------------------------------------------------------------------------------------------------------------------------------------------------------------------------------------------------------------------------------------------------------------------------------------------------------------------------------------------------------------------------------------------------------------------------------------------------------------------------------------------------------------------------------------------------------------------------------------------------------------------------------------------------------------------------------------------------------------------------------------------------------------------------------------------------------------------------------------------------------------------------------------------------------------------------------------------------------------------------------------------------------------------------------------------------------------------------------------------------------------------------------------------------------------------------------------------------------------------------------------------------------------------------------------------------------------------------------------------------------------------------------------------------------------------------------------------------------------------------------------------------------------------------------------------------------------------------------------------------------------------------------------------------------------------------------------------------------------------------------------------------------------------------------------------------------------------------------------------------------------------------------------------------------------------------------------------------------------------------------------------------------------------------------------------------------------------------------------------------------------------------------------------------------------------------------------------------------------------------------------------------------------------------------------------------------------------------------------------------------------------------------------------------------------------------------------------------------------------------------------------------------------------------------------------------------------------------------------------------------------------------------------------------------------------------------------------------------------------------------------------------------------------------------------------------------------------------------------------------------------------------------------------------------------------------------------------------------------------------------------------------------------------------------------------------------------------------------------------------------------------------------------------------------------------------------------------------------------------------------------------------------------------------------------------------------------------------------------------------------------------------------------------------------------------------------------------------------------------------------------------------------------------------------------------------------------------------------------------------------------------------------------------------------------------------------------------------------------------------------------------------------------------------------------------------------------------------------------------------------------------------------------------------------------------------------------------------------------------------------------------------------------------------------------------------------------------------------------------------------------------------------------------------------------------------------------------------------------------------------------------------------------------------------------------------------------------------------------------------------------------------------------------------------------------------------------------------------------------------------------------------------------------------------------------------------------------------------------------------------------------------------------------------------------------------------------------------------------------------------------------------------------------------------------------------------------------------------------------------------------------------------------------------------------------------------------------------------------------------------------------------------------------------------------------------------------------------------------------------------------------------------------------------------------------------------------------------------------------------------------------------------------------------------------------------------------------------------------------------------------------------------------------------------------------------------------------------------------------------------------------------------------------------------------------------------------------------------------------------------------------------------------------------------------------------------------------------------------------------------------------------------------------------------------------------------------------------------------------------------------------------------------------------------------------------------------------------------------------------------------------------------------------------------------------------------------------------------------------------------------------------------------------------------------------------------------------------------------------------------------------------------------------------------------------------------------------------------------------------------------------------------------------------------------------------------------------------------------------------------------------------------------------------------------------------------------------------------------------------------------------------------------------10950.0/36500.0 days/days; walltime: 1117.6
------------------------------------------------------------------------------------------------------------------------------------------------------------------------------------------------------------------------------------------------------------------------------------------------------------------------------------------------------------------------------------------------------------------------------------------------------------------------------------------------------------------------------------------------------------------------------------------------------------------------------------------------------------------------------------------------------------------------------------------------------------------------------------------------------------------------------------------------------------------------------------------------------------------------------------------------------------------------------------------------------------------------------------------------------------------------------------------------------------------------------------------------------------------------------------------------------------------------------------------------------------------------------------------------------------------------------------------------------------------------------------------------------------------------------------------------------------------------------------------------------------------------------------------------------------------------------------------------------------------------------------------------------------------------------------------------------------------------------------------------------------------------------------------------------------------------------------------------------------------------------------------------------------------------------------------------------------------------------------------------------------------------------------------------------------------------------------------------------------------------------------------------------------------------------------------------------------------------------------------------------------------------------------------------------------------------------------------------------------------------------------------------------------------------------------------------------------------------------------------------------------------------------------------------------------------------------------------------------------------------------------------------------------------------------------------------------------------------------------------------------------------------------------------------------------------------------------------------------------------------------------------------------------------------------------------------------------------------------------------------------------------------------------------------------------------------------------------------------------------------------------------------------------------------------------------------------------------------------------------------------------------------------------------------------------------------------------------------------------------------------------------------------------------------------------------------------------------------------------------------------------------------------------------------------------------------------------------------------------------------------------------------------------------------------------------------------------------------------------------------------------------------------------------------------------------------------------------------------------------------------------------------------------------------------------------------------------------------------------------------------------------------------------------------------------12775.0/36500.0 days/days; walltime: 340.0
----------------------------------------------------------------------------------------------------------------------------------------------------------------------------------------------------------------------------------------------------------------------------------------------------------------------------------------------------------------------------------------------------------------------------------------------------------------------------------------------------------------------------------------------------------------------------------------------------------------------------------------------------------------------------------------------------------------------------------------------------------------------------------------------------------------------------------------------------------------------------------------------------------------------------------------------------------------------------------------------------------------------------------------------------------------------------------------------------------------------------------------------------------------------------------------------------------------------------------------------------------------------------------------------------------------------------------------------------------------------------------------------------------------------------------------------------------------------------------------------------------------------------------------------------------------------------------------------------------------------------------------------------------------------------------------------------------------------------------------------------------------------------------------------------------------------------------------------------------------------------------------------------------------------------------------------------------------------------------------------------------------------------------------------------------------------------------------------------------------------------------------------------------------------------------------------------------------------------------------------------------------------------------------------------------------------------------------------------------------------14600.0/36500.0 days/days; walltime: 207.5
------------------------------------------------------------------------------------------------------------------------------------------------------------------------------------------------------------------------------------------------------------------------------------------------------------------------------------------------------------------------------------------------------------------------------------------------------------------------------------------------------------------------------------------------------------------------------------------------------------------------------------------------------------------------------------------------------------------------------------------------------------------------------------------------------------------------------------------------------------------------------------------------------------------------------------------------------------------------------------------------------------------------------------------------------------------------------------------------------------------------------------------------------------------------------------------------------------------------------------------------------------------------------------------------------------------------------------------------------------------------------------------------------------------------------------------------------------------------------------------------------------------------------------------------------------------------------------------------------------------------------------------------------------------------------------------------------------------------------------------------------------------------------------------------------------------------------------------------------------------------------------------------------------------------------------------------------------------------------------------------------------------------------------------------------------------------------------------------------------------------------------------------------------------------------------------------------------------------------------------------------------------------------------------------------------------------------------------------------------------------------------------16425.0/36500.0 days/days; walltime: 200.7
------------------------------------------------------------------------------------------------------------------------------------------------------------------------------------------------------------------------------------------------------------------------------------------------------------------------------------------------------------------------------------------------------------------------------------------------------------------------------------------------------------------------------------------------------------------------------------------------------------------------------------------------------------------------------18250.0/36500.0 days/days; walltime: 220.4
-------------20075.0/36500.0 days/days; walltime: 70.0
21900.0/36500.0 days/days; walltime: 9.0
23725.0/36500.0 days/days; walltime: 15.1
----------------------25550.0/36500.0 days/days; walltime: 3.5
------------------------27375.0/36500.0 days/days; walltime: 2.8
29200.0/36500.0 days/days; walltime: 4.7
----------------------------------------------------------------31025.0/36500.0 days/days; walltime: 6.9
-------32850.0/36500.0 days/days; walltime: 3.1
34675.0/36500.0 days/days; walltime: 3.5
36500.0/36500.0 days/days; walltime: 0.8
Wallclock for model run: 2459.4s
 

fields = 

  struct with fields:

    nodes: [1x1 struct]
    edges: [1x1 struct]
       BC: [1x1 struct]

Running model run (ode15s):
Run seasonal
Saving model run to
./RUN/output_301_seasonal.nc
IC initialised from struct
IC initialised from file/given & rest from parameters and given functions
36500.0/37230.0 days/days; walltime: 20.4
36501.0/37230.0 days/days; walltime: 109.1
36502.0/37230.0 days/days; walltime: 24.8
36503.0/37230.0 days/days; walltime: 7.3
36504.0/37230.0 days/days; walltime: 3.4
36505.0/37230.0 days/days; walltime: 5.3
36506.0/37230.0 days/days; walltime: 2.6
36507.0/37230.0 days/days; walltime: 4.9
36508.0/37230.0 days/days; walltime: 2.2
36509.0/37230.0 days/days; walltime: 2.4
36510.0/37230.0 days/days; walltime: 3.8
36511.0/37230.0 days/days; walltime: 1.5
36512.0/37230.0 days/days; walltime: 1.6
36513.0/37230.0 days/days; walltime: 1.5
36514.0/37230.0 days/days; walltime: 3.1
36515.0/37230.0 days/days; walltime: 0.9
36516.0/37230.0 days/days; walltime: 0.8
36517.0/37230.0 days/days; walltime: 1.0
36518.0/37230.0 days/days; walltime: 1.2
36519.0/37230.0 days/days; walltime: 0.9
36520.0/37230.0 days/days; walltime: 1.0
36521.0/37230.0 days/days; walltime: 0.8
36522.0/37230.0 days/days; walltime: 0.8
36523.0/37230.0 days/days; walltime: 0.8
36524.0/37230.0 days/days; walltime: 0.9
36525.0/37230.0 days/days; walltime: 0.7
36526.0/37230.0 days/days; walltime: 0.6
36527.0/37230.0 days/days; walltime: 2.8
36528.0/37230.0 days/days; walltime: 0.5
36529.0/37230.0 days/days; walltime: 0.6
36530.0/37230.0 days/days; walltime: 0.6
36531.0/37230.0 days/days; walltime: 0.5
36532.0/37230.0 days/days; walltime: 0.6
36533.0/37230.0 days/days; walltime: 0.5
36534.0/37230.0 days/days; walltime: 0.6
36535.0/37230.0 days/days; walltime: 0.4
36536.0/37230.0 days/days; walltime: 0.5
36537.0/37230.0 days/days; walltime: 0.6
36538.0/37230.0 days/days; walltime: 0.5
36539.0/37230.0 days/days; walltime: 0.4
36540.0/37230.0 days/days; walltime: 0.4
36541.0/37230.0 days/days; walltime: 2.4
36542.0/37230.0 days/days; walltime: 0.5
36543.0/37230.0 days/days; walltime: 0.5
36544.0/37230.0 days/days; walltime: 0.5
36545.0/37230.0 days/days; walltime: 0.1
36546.0/37230.0 days/days; walltime: 0.4
36547.0/37230.0 days/days; walltime: 0.1
36548.0/37230.0 days/days; walltime: 0.4
36549.0/37230.0 days/days; walltime: 0.3
36550.0/37230.0 days/days; walltime: 0.1
36551.0/37230.0 days/days; walltime: 0.4
36552.0/37230.0 days/days; walltime: 0.1
36553.0/37230.0 days/days; walltime: 0.3
36554.0/37230.0 days/days; walltime: 0.1
36555.0/37230.0 days/days; walltime: 0.3
36556.0/37230.0 days/days; walltime: 0.1
-36557.0/37230.0 days/days; walltime: 0.3
36558.0/37230.0 days/days; walltime: 0.1
-36559.0/37230.0 days/days; walltime: 0.3
36560.0/37230.0 days/days; walltime: 0.1
36561.0/37230.0 days/days; walltime: 0.3
36562.0/37230.0 days/days; walltime: 0.1
36563.0/37230.0 days/days; walltime: 0.4
36564.0/37230.0 days/days; walltime: 0.2
36565.0/37230.0 days/days; walltime: 0.4
36566.0/37230.0 days/days; walltime: 0.1
36567.0/37230.0 days/days; walltime: 0.4
36568.0/37230.0 days/days; walltime: 0.2
36569.0/37230.0 days/days; walltime: 0.4
36570.0/37230.0 days/days; walltime: 0.1
--36571.0/37230.0 days/days; walltime: 0.2
----36572.0/37230.0 days/days; walltime: 0.4
-36573.0/37230.0 days/days; walltime: 0.2
36574.0/37230.0 days/days; walltime: 0.4
36575.0/37230.0 days/days; walltime: 0.1
36576.0/37230.0 days/days; walltime: 0.2
36577.0/37230.0 days/days; walltime: 0.5
36578.0/37230.0 days/days; walltime: 0.1
36579.0/37230.0 days/days; walltime: 0.4
36580.0/37230.0 days/days; walltime: 0.1
36581.0/37230.0 days/days; walltime: 0.2
36582.0/37230.0 days/days; walltime: 0.3
36583.0/37230.0 days/days; walltime: 0.1
36584.0/37230.0 days/days; walltime: 0.2
36585.0/37230.0 days/days; walltime: 0.3
36586.0/37230.0 days/days; walltime: 0.2
36587.0/37230.0 days/days; walltime: 0.1
36588.0/37230.0 days/days; walltime: 0.3
36589.0/37230.0 days/days; walltime: 0.2
36590.0/37230.0 days/days; walltime: 2.2
36591.0/37230.0 days/days; walltime: 0.3
36592.0/37230.0 days/days; walltime: 0.1
36593.0/37230.0 days/days; walltime: 0.2
36594.0/37230.0 days/days; walltime: 0.3
36595.0/37230.0 days/days; walltime: 0.1
36596.0/37230.0 days/days; walltime: 0.1
36597.0/37230.0 days/days; walltime: 0.1
36598.0/37230.0 days/days; walltime: 0.4
36599.0/37230.0 days/days; walltime: 0.1
36600.0/37230.0 days/days; walltime: 0.1
36601.0/37230.0 days/days; walltime: 0.3
36602.0/37230.0 days/days; walltime: 0.1
36603.0/37230.0 days/days; walltime: 0.1
36604.0/37230.0 days/days; walltime: 0.3
36605.0/37230.0 days/days; walltime: 0.1
36606.0/37230.0 days/days; walltime: 0.1
36607.0/37230.0 days/days; walltime: 0.1
36608.0/37230.0 days/days; walltime: 0.3
36609.0/37230.0 days/days; walltime: 0.1
36610.0/37230.0 days/days; walltime: 0.1
36611.0/37230.0 days/days; walltime: 0.1
36612.0/37230.0 days/days; walltime: 0.3
36613.0/37230.0 days/days; walltime: 0.1
36614.0/37230.0 days/days; walltime: 0.1
36615.0/37230.0 days/days; walltime: 2.9
36616.0/37230.0 days/days; walltime: 3.7
36617.0/37230.0 days/days; walltime: 6.0
36618.0/37230.0 days/days; walltime: 8.5
36619.0/37230.0 days/days; walltime: 9.0
36620.0/37230.0 days/days; walltime: 11.3
36621.0/37230.0 days/days; walltime: 11.5
36622.0/37230.0 days/days; walltime: 14.9
36623.0/37230.0 days/days; walltime: 17.7
36624.0/37230.0 days/days; walltime: 26.3
36625.0/37230.0 days/days; walltime: 31.8
36626.0/37230.0 days/days; walltime: 30.6
36627.0/37230.0 days/days; walltime: 35.6
36628.0/37230.0 days/days; walltime: 31.3
36629.0/37230.0 days/days; walltime: 31.0
36630.0/37230.0 days/days; walltime: 53.3
36631.0/37230.0 days/days; walltime: 58.9
36632.0/37230.0 days/days; walltime: 74.5
36633.0/37230.0 days/days; walltime: 45.8
36634.0/37230.0 days/days; walltime: 51.0
36635.0/37230.0 days/days; walltime: 49.6
36636.0/37230.0 days/days; walltime: 33.7
36637.0/37230.0 days/days; walltime: 38.4
36638.0/37230.0 days/days; walltime: 41.9
36639.0/37230.0 days/days; walltime: 58.4
36640.0/37230.0 days/days; walltime: 50.2
36641.0/37230.0 days/days; walltime: 45.4
36642.0/37230.0 days/days; walltime: 55.1
36643.0/37230.0 days/days; walltime: 32.5
36644.0/37230.0 days/days; walltime: 71.1
36645.0/37230.0 days/days; walltime: 47.9
36646.0/37230.0 days/days; walltime: 46.0
36647.0/37230.0 days/days; walltime: 63.0
36648.0/37230.0 days/days; walltime: 58.5
36649.0/37230.0 days/days; walltime: 45.4
36650.0/37230.0 days/days; walltime: 41.8
36651.0/37230.0 days/days; walltime: 49.2
36652.0/37230.0 days/days; walltime: 29.6
36653.0/37230.0 days/days; walltime: 38.4
36654.0/37230.0 days/days; walltime: 35.6
36655.0/37230.0 days/days; walltime: 35.8
36656.0/37230.0 days/days; walltime: 32.6
36657.0/37230.0 days/days; walltime: 49.1
36658.0/37230.0 days/days; walltime: 30.6
36659.0/37230.0 days/days; walltime: 21.0
36660.0/37230.0 days/days; walltime: 19.7
36661.0/37230.0 days/days; walltime: 30.3
36662.0/37230.0 days/days; walltime: 19.5
36663.0/37230.0 days/days; walltime: 29.6
36664.0/37230.0 days/days; walltime: 23.5
36665.0/37230.0 days/days; walltime: 24.1
36666.0/37230.0 days/days; walltime: 24.5
36667.0/37230.0 days/days; walltime: 29.9
36668.0/37230.0 days/days; walltime: 24.4
36669.0/37230.0 days/days; walltime: 30.4
36670.0/37230.0 days/days; walltime: 16.5
36671.0/37230.0 days/days; walltime: 21.2
36672.0/37230.0 days/days; walltime: 18.0
36673.0/37230.0 days/days; walltime: 26.1
36674.0/37230.0 days/days; walltime: 10.4
36675.0/37230.0 days/days; walltime: 8.4
36676.0/37230.0 days/days; walltime: 25.8
36677.0/37230.0 days/days; walltime: 18.4
36678.0/37230.0 days/days; walltime: 20.4
36679.0/37230.0 days/days; walltime: 18.6
36680.0/37230.0 days/days; walltime: 11.4
36681.0/37230.0 days/days; walltime: 9.3
36682.0/37230.0 days/days; walltime: 20.7
36683.0/37230.0 days/days; walltime: 14.7
36684.0/37230.0 days/days; walltime: 6.4
36685.0/37230.0 days/days; walltime: 3.9
36686.0/37230.0 days/days; walltime: 7.2
36687.0/37230.0 days/days; walltime: 14.5
36688.0/37230.0 days/days; walltime: 8.2
36689.0/37230.0 days/days; walltime: 3.4
36690.0/37230.0 days/days; walltime: 1.7
36691.0/37230.0 days/days; walltime: 2.3
36692.0/37230.0 days/days; walltime: 4.0
36693.0/37230.0 days/days; walltime: 4.4
36694.0/37230.0 days/days; walltime: 15.4
36695.0/37230.0 days/days; walltime: 7.7
36696.0/37230.0 days/days; walltime: 17.0
36697.0/37230.0 days/days; walltime: 7.5
36698.0/37230.0 days/days; walltime: 6.1
36699.0/37230.0 days/days; walltime: 18.4
36700.0/37230.0 days/days; walltime: 22.2
36701.0/37230.0 days/days; walltime: 13.1
36702.0/37230.0 days/days; walltime: 18.4
36703.0/37230.0 days/days; walltime: 18.0
36704.0/37230.0 days/days; walltime: 6.8
36705.0/37230.0 days/days; walltime: 5.5
36706.0/37230.0 days/days; walltime: 6.3
36707.0/37230.0 days/days; walltime: 4.5
36708.0/37230.0 days/days; walltime: 8.9
36709.0/37230.0 days/days; walltime: 14.5
36710.0/37230.0 days/days; walltime: 5.6
36711.0/37230.0 days/days; walltime: 15.7
36712.0/37230.0 days/days; walltime: 5.5
36713.0/37230.0 days/days; walltime: 5.5
36714.0/37230.0 days/days; walltime: 4.3
36715.0/37230.0 days/days; walltime: 6.1
36716.0/37230.0 days/days; walltime: 3.3
36717.0/37230.0 days/days; walltime: 4.2
36718.0/37230.0 days/days; walltime: 4.1
36719.0/37230.0 days/days; walltime: 11.9
36720.0/37230.0 days/days; walltime: 4.1
36721.0/37230.0 days/days; walltime: 5.8
36722.0/37230.0 days/days; walltime: 5.4
36723.0/37230.0 days/days; walltime: 7.3
36724.0/37230.0 days/days; walltime: 3.8
36725.0/37230.0 days/days; walltime: 4.6
36726.0/37230.0 days/days; walltime: 7.6
36727.0/37230.0 days/days; walltime: 3.7
36728.0/37230.0 days/days; walltime: 5.2
36729.0/37230.0 days/days; walltime: 5.7
36730.0/37230.0 days/days; walltime: 7.3
36731.0/37230.0 days/days; walltime: 7.6
36732.0/37230.0 days/days; walltime: 5.5
36733.0/37230.0 days/days; walltime: 7.3
36734.0/37230.0 days/days; walltime: 10.7
36735.0/37230.0 days/days; walltime: 6.0
36736.0/37230.0 days/days; walltime: 6.9
36737.0/37230.0 days/days; walltime: 8.5
36738.0/37230.0 days/days; walltime: 9.1
36739.0/37230.0 days/days; walltime: 7.5
36740.0/37230.0 days/days; walltime: 7.9
36741.0/37230.0 days/days; walltime: 9.0
36742.0/37230.0 days/days; walltime: 6.9
36743.0/37230.0 days/days; walltime: 8.2
36744.0/37230.0 days/days; walltime: 8.4
36745.0/37230.0 days/days; walltime: 5.7
36746.0/37230.0 days/days; walltime: 7.6
36747.0/37230.0 days/days; walltime: 5.5
36748.0/37230.0 days/days; walltime: 6.5
36749.0/37230.0 days/days; walltime: 5.0
36750.0/37230.0 days/days; walltime: 3.4
36751.0/37230.0 days/days; walltime: 0.8
36752.0/37230.0 days/days; walltime: 0.8
36753.0/37230.0 days/days; walltime: 0.5
36754.0/37230.0 days/days; walltime: 0.5
36755.0/37230.0 days/days; walltime: 0.5
36756.0/37230.0 days/days; walltime: 0.4
36757.0/37230.0 days/days; walltime: 0.4
36758.0/37230.0 days/days; walltime: 0.5
36759.0/37230.0 days/days; walltime: 0.2
36760.0/37230.0 days/days; walltime: 0.5
36761.0/37230.0 days/days; walltime: 0.4
36762.0/37230.0 days/days; walltime: 0.4
36763.0/37230.0 days/days; walltime: 0.4
36764.0/37230.0 days/days; walltime: 0.2
36765.0/37230.0 days/days; walltime: 0.3
---36766.0/37230.0 days/days; walltime: 0.4
36767.0/37230.0 days/days; walltime: 0.2
---36768.0/37230.0 days/days; walltime: 0.4
36769.0/37230.0 days/days; walltime: 0.3
36770.0/37230.0 days/days; walltime: 0.2
36771.0/37230.0 days/days; walltime: 0.3
36772.0/37230.0 days/days; walltime: 0.4
36773.0/37230.0 days/days; walltime: 0.1
36774.0/37230.0 days/days; walltime: 0.3
36775.0/37230.0 days/days; walltime: 0.2
36776.0/37230.0 days/days; walltime: 0.4
36777.0/37230.0 days/days; walltime: 0.2
36778.0/37230.0 days/days; walltime: 0.4
36779.0/37230.0 days/days; walltime: 0.2
---36780.0/37230.0 days/days; walltime: 0.4
--36781.0/37230.0 days/days; walltime: 0.2
36782.0/37230.0 days/days; walltime: 0.4
36783.0/37230.0 days/days; walltime: 0.2
36784.0/37230.0 days/days; walltime: 0.4
36785.0/37230.0 days/days; walltime: 0.2
36786.0/37230.0 days/days; walltime: 0.4
36787.0/37230.0 days/days; walltime: 0.3
36788.0/37230.0 days/days; walltime: 0.4
36789.0/37230.0 days/days; walltime: 0.2
36790.0/37230.0 days/days; walltime: 0.4
36791.0/37230.0 days/days; walltime: 0.2
36792.0/37230.0 days/days; walltime: 0.3
36793.0/37230.0 days/days; walltime: 0.2
36794.0/37230.0 days/days; walltime: 3.3
36795.0/37230.0 days/days; walltime: 0.3
36796.0/37230.0 days/days; walltime: 0.1
36797.0/37230.0 days/days; walltime: 0.3
36798.0/37230.0 days/days; walltime: 0.1
36799.0/37230.0 days/days; walltime: 0.3
36800.0/37230.0 days/days; walltime: 0.1
36801.0/37230.0 days/days; walltime: 0.1
36802.0/37230.0 days/days; walltime: 0.3
36803.0/37230.0 days/days; walltime: 0.1
36804.0/37230.0 days/days; walltime: 0.3
36805.0/37230.0 days/days; walltime: 0.1
36806.0/37230.0 days/days; walltime: 0.1
36807.0/37230.0 days/days; walltime: 0.3
36808.0/37230.0 days/days; walltime: 0.1
36809.0/37230.0 days/days; walltime: 0.1
36810.0/37230.0 days/days; walltime: 0.3
36811.0/37230.0 days/days; walltime: 0.1
36812.0/37230.0 days/days; walltime: 0.1
36813.0/37230.0 days/days; walltime: 0.8
36814.0/37230.0 days/days; walltime: 0.1
36815.0/37230.0 days/days; walltime: 0.3
36816.0/37230.0 days/days; walltime: 0.1
36817.0/37230.0 days/days; walltime: 0.1
36818.0/37230.0 days/days; walltime: 0.3
36819.0/37230.0 days/days; walltime: 0.1
36820.0/37230.0 days/days; walltime: 0.1
36821.0/37230.0 days/days; walltime: 0.1
36822.0/37230.0 days/days; walltime: 0.3
36823.0/37230.0 days/days; walltime: 0.1
36824.0/37230.0 days/days; walltime: 0.1
36825.0/37230.0 days/days; walltime: 0.3
36826.0/37230.0 days/days; walltime: 0.1
36827.0/37230.0 days/days; walltime: 0.1
36828.0/37230.0 days/days; walltime: 0.3
36829.0/37230.0 days/days; walltime: 0.1
36830.0/37230.0 days/days; walltime: 0.1
36831.0/37230.0 days/days; walltime: 0.3
36832.0/37230.0 days/days; walltime: 0.1
36833.0/37230.0 days/days; walltime: 0.1
36834.0/37230.0 days/days; walltime: 0.1
36835.0/37230.0 days/days; walltime: 0.4
36836.0/37230.0 days/days; walltime: 0.1
36837.0/37230.0 days/days; walltime: 0.1
36838.0/37230.0 days/days; walltime: 0.3
36839.0/37230.0 days/days; walltime: 0.1
-36840.0/37230.0 days/days; walltime: 0.1
-36841.0/37230.0 days/days; walltime: 0.1
---36842.0/37230.0 days/days; walltime: 0.3
36843.0/37230.0 days/days; walltime: 0.1
36844.0/37230.0 days/days; walltime: 0.1
36845.0/37230.0 days/days; walltime: 0.3
36846.0/37230.0 days/days; walltime: 0.1
36847.0/37230.0 days/days; walltime: 0.1
36848.0/37230.0 days/days; walltime: 0.1
36849.0/37230.0 days/days; walltime: 0.3
36850.0/37230.0 days/days; walltime: 0.1
36851.0/37230.0 days/days; walltime: 0.1
36852.0/37230.0 days/days; walltime: 0.1
36853.0/37230.0 days/days; walltime: 0.3
36854.0/37230.0 days/days; walltime: 0.1
36855.0/37230.0 days/days; walltime: 0.1
36856.0/37230.0 days/days; walltime: 0.1
36857.0/37230.0 days/days; walltime: 0.3
-36858.0/37230.0 days/days; walltime: 0.1
-36859.0/37230.0 days/days; walltime: 0.1
-36860.0/37230.0 days/days; walltime: 0.1
--36861.0/37230.0 days/days; walltime: 0.3
-36862.0/37230.0 days/days; walltime: 0.1
-36863.0/37230.0 days/days; walltime: 0.1
-36864.0/37230.0 days/days; walltime: 0.1
-36865.0/37230.0 days/days; walltime: 0.3
--36866.0/37230.0 days/days; walltime: 0.1
--36867.0/37230.0 days/days; walltime: 0.1
--36868.0/37230.0 days/days; walltime: 0.1
--36869.0/37230.0 days/days; walltime: 0.3
--36870.0/37230.0 days/days; walltime: 0.1
--36871.0/37230.0 days/days; walltime: 0.1
--36872.0/37230.0 days/days; walltime: 0.1
--36873.0/37230.0 days/days; walltime: 0.1
--36875.0/37230.0 days/days; walltime: 0.3
--36876.0/37230.0 days/days; walltime: 0.1
--36877.0/37230.0 days/days; walltime: 0.1
-36878.0/37230.0 days/days; walltime: 0.1
-36879.0/37230.0 days/days; walltime: 0.3
--36880.0/37230.0 days/days; walltime: 0.1
36881.0/37230.0 days/days; walltime: 0.1
36883.0/37230.0 days/days; walltime: 0.1
36884.0/37230.0 days/days; walltime: 0.1
36885.0/37230.0 days/days; walltime: 0.3
36886.0/37230.0 days/days; walltime: 0.1
-36887.0/37230.0 days/days; walltime: 0.1
-36889.0/37230.0 days/days; walltime: 0.1
--36890.0/37230.0 days/days; walltime: 0.1
36891.0/37230.0 days/days; walltime: 0.1
36893.0/37230.0 days/days; walltime: 0.1
36894.0/37230.0 days/days; walltime: 0.1
36895.0/37230.0 days/days; walltime: 0.3
36897.0/37230.0 days/days; walltime: 0.1
36898.0/37230.0 days/days; walltime: 0.1
36900.0/37230.0 days/days; walltime: 0.1
36901.0/37230.0 days/days; walltime: 0.1
36902.0/37230.0 days/days; walltime: 0.1
36904.0/37230.0 days/days; walltime: 0.4
36905.0/37230.0 days/days; walltime: 2.6
36906.0/37230.0 days/days; walltime: 0.5
36907.0/37230.0 days/days; walltime: 0.1
36908.0/37230.0 days/days; walltime: 0.2
36909.0/37230.0 days/days; walltime: 0.3
36910.0/37230.0 days/days; walltime: 0.1
36912.0/37230.0 days/days; walltime: 0.1
36913.0/37230.0 days/days; walltime: 0.1
36915.0/37230.0 days/days; walltime: 0.3
36916.0/37230.0 days/days; walltime: 0.1
36918.0/37230.0 days/days; walltime: 0.1
36919.0/37230.0 days/days; walltime: 0.1
36921.0/37230.0 days/days; walltime: 0.3
36922.0/37230.0 days/days; walltime: 0.1
36924.0/37230.0 days/days; walltime: 0.1
36925.0/37230.0 days/days; walltime: 0.1
36927.0/37230.0 days/days; walltime: 0.3
36928.0/37230.0 days/days; walltime: 0.1
36930.0/37230.0 days/days; walltime: 0.1
36931.0/37230.0 days/days; walltime: 0.1
36933.0/37230.0 days/days; walltime: 0.3
36934.0/37230.0 days/days; walltime: 0.1
36936.0/37230.0 days/days; walltime: 0.1
-36937.0/37230.0 days/days; walltime: 0.1
--36939.0/37230.0 days/days; walltime: 0.3
-36941.0/37230.0 days/days; walltime: 0.1
-36942.0/37230.0 days/days; walltime: 0.1
-36944.0/37230.0 days/days; walltime: 0.1
--36945.0/37230.0 days/days; walltime: 0.3
36947.0/37230.0 days/days; walltime: 0.1
36949.0/37230.0 days/days; walltime: 0.1
-36950.0/37230.0 days/days; walltime: 0.1
--36952.0/37230.0 days/days; walltime: 0.3
-36953.0/37230.0 days/days; walltime: 0.1
-36955.0/37230.0 days/days; walltime: 0.1
36957.0/37230.0 days/days; walltime: 0.1
36958.0/37230.0 days/days; walltime: 0.3
36960.0/37230.0 days/days; walltime: 0.1
36962.0/37230.0 days/days; walltime: 0.1
36963.0/37230.0 days/days; walltime: 0.1
36965.0/37230.0 days/days; walltime: 0.3
36967.0/37230.0 days/days; walltime: 0.1
36968.0/37230.0 days/days; walltime: 0.1
36970.0/37230.0 days/days; walltime: 0.1
36972.0/37230.0 days/days; walltime: 0.3
36974.0/37230.0 days/days; walltime: 0.1
36975.0/37230.0 days/days; walltime: 0.1
36977.0/37230.0 days/days; walltime: 0.1
36979.0/37230.0 days/days; walltime: 0.3
--36981.0/37230.0 days/days; walltime: 8.5
36982.0/37230.0 days/days; walltime: 9.5
36983.0/37230.0 days/days; walltime: 10.6
36984.0/37230.0 days/days; walltime: 10.6
36985.0/37230.0 days/days; walltime: 11.6
36986.0/37230.0 days/days; walltime: 14.2
36987.0/37230.0 days/days; walltime: 23.2
36988.0/37230.0 days/days; walltime: 24.6
36989.0/37230.0 days/days; walltime: 37.3
36990.0/37230.0 days/days; walltime: 32.3
36991.0/37230.0 days/days; walltime: 24.2
36992.0/37230.0 days/days; walltime: 53.2
36993.0/37230.0 days/days; walltime: 57.7
36994.0/37230.0 days/days; walltime: 37.3
36995.0/37230.0 days/days; walltime: 50.9
36996.0/37230.0 days/days; walltime: 45.2
36997.0/37230.0 days/days; walltime: 43.1
36998.0/37230.0 days/days; walltime: 46.6
36999.0/37230.0 days/days; walltime: 29.9
37000.0/37230.0 days/days; walltime: 46.9
37001.0/37230.0 days/days; walltime: 40.7
37002.0/37230.0 days/days; walltime: 33.0
37003.0/37230.0 days/days; walltime: 32.7
37004.0/37230.0 days/days; walltime: 39.8
37005.0/37230.0 days/days; walltime: 48.8
37006.0/37230.0 days/days; walltime: 45.6
37007.0/37230.0 days/days; walltime: 41.8
37008.0/37230.0 days/days; walltime: 53.0
37009.0/37230.0 days/days; walltime: 29.2
37010.0/37230.0 days/days; walltime: 52.7
37011.0/37230.0 days/days; walltime: 45.7
37012.0/37230.0 days/days; walltime: 48.6
37013.0/37230.0 days/days; walltime: 28.9
37014.0/37230.0 days/days; walltime: 44.0
37015.0/37230.0 days/days; walltime: 26.8
37016.0/37230.0 days/days; walltime: 37.3
37017.0/37230.0 days/days; walltime: 46.3
37018.0/37230.0 days/days; walltime: 30.1
37019.0/37230.0 days/days; walltime: 27.7
37020.0/37230.0 days/days; walltime: 34.7
37021.0/37230.0 days/days; walltime: 23.4
37022.0/37230.0 days/days; walltime: 24.9
37023.0/37230.0 days/days; walltime: 22.6
37024.0/37230.0 days/days; walltime: 15.7
37025.0/37230.0 days/days; walltime: 11.8
37026.0/37230.0 days/days; walltime: 34.9
37027.0/37230.0 days/days; walltime: 21.1
37028.0/37230.0 days/days; walltime: 21.9
37029.0/37230.0 days/days; walltime: 20.6
37030.0/37230.0 days/days; walltime: 24.9
37031.0/37230.0 days/days; walltime: 17.6
37032.0/37230.0 days/days; walltime: 29.7
37033.0/37230.0 days/days; walltime: 26.0
37034.0/37230.0 days/days; walltime: 11.8
37035.0/37230.0 days/days; walltime: 11.8
37036.0/37230.0 days/days; walltime: 10.4
37037.0/37230.0 days/days; walltime: 16.9
37038.0/37230.0 days/days; walltime: 17.1
37039.0/37230.0 days/days; walltime: 14.0
37040.0/37230.0 days/days; walltime: 15.2
37041.0/37230.0 days/days; walltime: 12.5
37042.0/37230.0 days/days; walltime: 18.4
37043.0/37230.0 days/days; walltime: 17.8
---37044.0/37230.0 days/days; walltime: 19.5
37045.0/37230.0 days/days; walltime: 10.5
37046.0/37230.0 days/days; walltime: 18.1
37047.0/37230.0 days/days; walltime: 8.0
37048.0/37230.0 days/days; walltime: 8.4
37049.0/37230.0 days/days; walltime: 9.3
37050.0/37230.0 days/days; walltime: 5.4
37051.0/37230.0 days/days; walltime: 10.9
37052.0/37230.0 days/days; walltime: 2.8
37053.0/37230.0 days/days; walltime: 4.4
37054.0/37230.0 days/days; walltime: 7.4
37055.0/37230.0 days/days; walltime: 2.4
37056.0/37230.0 days/days; walltime: 4.2
37057.0/37230.0 days/days; walltime: 8.9
37058.0/37230.0 days/days; walltime: 2.4
37059.0/37230.0 days/days; walltime: 2.7
37060.0/37230.0 days/days; walltime: 3.9
37061.0/37230.0 days/days; walltime: 6.5
37062.0/37230.0 days/days; walltime: 8.3
37063.0/37230.0 days/days; walltime: 8.1
37064.0/37230.0 days/days; walltime: 18.0
37065.0/37230.0 days/days; walltime: 12.5
37066.0/37230.0 days/days; walltime: 5.5
37067.0/37230.0 days/days; walltime: 5.9
37068.0/37230.0 days/days; walltime: 17.3
37069.0/37230.0 days/days; walltime: 6.5
37070.0/37230.0 days/days; walltime: 8.2
37071.0/37230.0 days/days; walltime: 4.1
37072.0/37230.0 days/days; walltime: 8.4
37073.0/37230.0 days/days; walltime: 4.3
37074.0/37230.0 days/days; walltime: 9.4
37075.0/37230.0 days/days; walltime: 6.7
37076.0/37230.0 days/days; walltime: 20.9
37077.0/37230.0 days/days; walltime: 15.8
37078.0/37230.0 days/days; walltime: 7.7
37079.0/37230.0 days/days; walltime: 7.3
37080.0/37230.0 days/days; walltime: 8.0
37081.0/37230.0 days/days; walltime: 7.5
37082.0/37230.0 days/days; walltime: 14.2
37083.0/37230.0 days/days; walltime: 12.7
37084.0/37230.0 days/days; walltime: 14.1
37085.0/37230.0 days/days; walltime: 9.5
37086.0/37230.0 days/days; walltime: 5.2
37087.0/37230.0 days/days; walltime: 8.1
37088.0/37230.0 days/days; walltime: 3.9
37089.0/37230.0 days/days; walltime: 6.2
37090.0/37230.0 days/days; walltime: 4.0
37091.0/37230.0 days/days; walltime: 6.5
37092.0/37230.0 days/days; walltime: 4.7
37093.0/37230.0 days/days; walltime: 8.1
37094.0/37230.0 days/days; walltime: 5.0
37095.0/37230.0 days/days; walltime: 5.5
37096.0/37230.0 days/days; walltime: 7.0
37097.0/37230.0 days/days; walltime: 9.0
37098.0/37230.0 days/days; walltime: 7.9
37099.0/37230.0 days/days; walltime: 6.7
37100.0/37230.0 days/days; walltime: 10.8
37101.0/37230.0 days/days; walltime: 7.0
37102.0/37230.0 days/days; walltime: 6.4
37103.0/37230.0 days/days; walltime: 7.5
37104.0/37230.0 days/days; walltime: 8.9
37105.0/37230.0 days/days; walltime: 7.5
37106.0/37230.0 days/days; walltime: 9.0
37107.0/37230.0 days/days; walltime: 10.2
37108.0/37230.0 days/days; walltime: 7.9
37109.0/37230.0 days/days; walltime: 6.8
37110.0/37230.0 days/days; walltime: 8.6
37111.0/37230.0 days/days; walltime: 5.9
37112.0/37230.0 days/days; walltime: 7.0
37113.0/37230.0 days/days; walltime: 6.6
37114.0/37230.0 days/days; walltime: 4.2
37115.0/37230.0 days/days; walltime: 1.5
37116.0/37230.0 days/days; walltime: 1.0
37117.0/37230.0 days/days; walltime: 0.9
37118.0/37230.0 days/days; walltime: 0.5
37119.0/37230.0 days/days; walltime: 0.4
37120.0/37230.0 days/days; walltime: 0.4
37121.0/37230.0 days/days; walltime: 0.5
-37122.0/37230.0 days/days; walltime: 0.6
-37123.0/37230.0 days/days; walltime: 0.4
-37124.0/37230.0 days/days; walltime: 0.4
37125.0/37230.0 days/days; walltime: 0.4
37126.0/37230.0 days/days; walltime: 0.5
37127.0/37230.0 days/days; walltime: 0.4
37128.0/37230.0 days/days; walltime: 0.4
37129.0/37230.0 days/days; walltime: 0.2
37130.0/37230.0 days/days; walltime: 0.4
37131.0/37230.0 days/days; walltime: 0.4
37132.0/37230.0 days/days; walltime: 0.4
37133.0/37230.0 days/days; walltime: 0.4
37134.0/37230.0 days/days; walltime: 0.5
37135.0/37230.0 days/days; walltime: 0.2
37136.0/37230.0 days/days; walltime: 0.5
37137.0/37230.0 days/days; walltime: 0.2
--37138.0/37230.0 days/days; walltime: 0.4
--37139.0/37230.0 days/days; walltime: 0.5
37140.0/37230.0 days/days; walltime: 0.2
37141.0/37230.0 days/days; walltime: 0.4
37142.0/37230.0 days/days; walltime: 0.2
37143.0/37230.0 days/days; walltime: 0.4
37144.0/37230.0 days/days; walltime: 0.2
37145.0/37230.0 days/days; walltime: 0.4
37146.0/37230.0 days/days; walltime: 0.2
37147.0/37230.0 days/days; walltime: 0.4
37148.0/37230.0 days/days; walltime: 0.2
37149.0/37230.0 days/days; walltime: 0.4
37150.0/37230.0 days/days; walltime: 0.2
37151.0/37230.0 days/days; walltime: 0.4
37152.0/37230.0 days/days; walltime: 0.1
37153.0/37230.0 days/days; walltime: 0.2
37154.0/37230.0 days/days; walltime: 0.4
37155.0/37230.0 days/days; walltime: 0.2
37156.0/37230.0 days/days; walltime: 0.4
37157.0/37230.0 days/days; walltime: 0.1
37158.0/37230.0 days/days; walltime: 0.4
37159.0/37230.0 days/days; walltime: 0.2
37160.0/37230.0 days/days; walltime: 0.1
37161.0/37230.0 days/days; walltime: 0.4
37162.0/37230.0 days/days; walltime: 0.1
37163.0/37230.0 days/days; walltime: 0.4
37164.0/37230.0 days/days; walltime: 0.2
37165.0/37230.0 days/days; walltime: 0.1
37166.0/37230.0 days/days; walltime: 0.4
37167.0/37230.0 days/days; walltime: 0.1
37168.0/37230.0 days/days; walltime: 0.4
-37169.0/37230.0 days/days; walltime: 0.1
--37170.0/37230.0 days/days; walltime: 0.2
-37171.0/37230.0 days/days; walltime: 0.3
37172.0/37230.0 days/days; walltime: 0.1
37173.0/37230.0 days/days; walltime: 0.2
37174.0/37230.0 days/days; walltime: 0.1
37175.0/37230.0 days/days; walltime: 0.2
37176.0/37230.0 days/days; walltime: 0.3
37177.0/37230.0 days/days; walltime: 0.1
37178.0/37230.0 days/days; walltime: 0.2
37179.0/37230.0 days/days; walltime: 0.3
37180.0/37230.0 days/days; walltime: 0.1
37181.0/37230.0 days/days; walltime: 0.1
37182.0/37230.0 days/days; walltime: 17.9
37183.0/37230.0 days/days; walltime: 0.6
37184.0/37230.0 days/days; walltime: 0.4
37185.0/37230.0 days/days; walltime: 0.1
37186.0/37230.0 days/days; walltime: 0.2
37187.0/37230.0 days/days; walltime: 0.1
37188.0/37230.0 days/days; walltime: 0.3
-37189.0/37230.0 days/days; walltime: 0.1
37190.0/37230.0 days/days; walltime: 0.1
37191.0/37230.0 days/days; walltime: 0.4
37192.0/37230.0 days/days; walltime: 0.1
37193.0/37230.0 days/days; walltime: 0.1
37194.0/37230.0 days/days; walltime: 0.1
37195.0/37230.0 days/days; walltime: 0.3
-37196.0/37230.0 days/days; walltime: 0.1
----37197.0/37230.0 days/days; walltime: 0.2
-37198.0/37230.0 days/days; walltime: 0.3
37199.0/37230.0 days/days; walltime: 0.1
37200.0/37230.0 days/days; walltime: 0.1
37201.0/37230.0 days/days; walltime: 0.1
37202.0/37230.0 days/days; walltime: 0.3
37203.0/37230.0 days/days; walltime: 0.1
37204.0/37230.0 days/days; walltime: 0.1
37205.0/37230.0 days/days; walltime: 0.4
37206.0/37230.0 days/days; walltime: 0.1
37207.0/37230.0 days/days; walltime: 0.1
37208.0/37230.0 days/days; walltime: 0.1
37209.0/37230.0 days/days; walltime: 0.3
--37210.0/37230.0 days/days; walltime: 0.1
--37211.0/37230.0 days/days; walltime: 0.1
--37212.0/37230.0 days/days; walltime: 0.1
--37213.0/37230.0 days/days; walltime: 0.3
--37214.0/37230.0 days/days; walltime: 0.1
-37215.0/37230.0 days/days; walltime: 0.1
37216.0/37230.0 days/days; walltime: 0.1
--37217.0/37230.0 days/days; walltime: 0.3
--37218.0/37230.0 days/days; walltime: 0.1
--37219.0/37230.0 days/days; walltime: 0.1
--37220.0/37230.0 days/days; walltime: 0.1
--37221.0/37230.0 days/days; walltime: 0.3
--37222.0/37230.0 days/days; walltime: 0.1
--37223.0/37230.0 days/days; walltime: 0.1
--37224.0/37230.0 days/days; walltime: 0.1
-37225.0/37230.0 days/days; walltime: 0.3
37226.0/37230.0 days/days; walltime: 0.1
--37227.0/37230.0 days/days; walltime: 0.1
37228.0/37230.0 days/days; walltime: 0.1
37229.0/37230.0 days/days; walltime: 0.3
Wallclock for model run: 5425.8s
 

fields = 

  struct with fields:

    nodes: [1x1 struct]
    edges: [1x1 struct]
       BC: [1x1 struct]

No cases left; exiting.
