Case 5:
Picked up JAVA_TOOL_OPTIONS: -Xmx2g
Opening log file:  /tmp/java.log.13954

                            < M A T L A B (R) >
                  Copyright 1984-2022 The MathWorks, Inc.
                  R2022a (9.12.0.1884302) 64-bit (glnxa64)
                             February 16, 2022

 
To get started, type doc.
For product information, visit www.mathworks.com.
 

config = 

  struct with fields:

                 k_s: 0.1000
                 l_c: 10
            n_moulin: 68
    creep_const_soft: 0
             mesh_nr: 4
                 e_v: 1.0000e-04
                 k_c: 0.2000
               h_bed: 0.5000
               l_bed: 10
               alpha: 1.5000
                beta: 1.5000
               omega: 5.0000e-04

Running model run (ode15s):
Run to steady
Creating output dir: ./RUN/
Saving model run to
./RUN/output_305_steady.nc
Fields, IC & BC initialised
Initial phi calculated in 2.2s
0.0/36500.0 days/days; walltime: 23.7
-----------------------------------------------------------------1825.0/36500.0 days/days; walltime: 345.4
------------------------3650.0/36500.0 days/days; walltime: 25.9
--------------5475.0/36500.0 days/days; walltime: 3.8
------7300.0/36500.0 days/days; walltime: 0.8
-------------9125.0/36500.0 days/days; walltime: 11.5
10950.0/36500.0 days/days; walltime: 1147.3
----12775.0/36500.0 days/days; walltime: 606.5
14600.0/36500.0 days/days; walltime: 562.0
16425.0/36500.0 days/days; walltime: 196.9
18250.0/36500.0 days/days; walltime: 325.9
20075.0/36500.0 days/days; walltime: 87.9
21900.0/36500.0 days/days; walltime: 7.4
23725.0/36500.0 days/days; walltime: 2.2
25550.0/36500.0 days/days; walltime: 1.4
27375.0/36500.0 days/days; walltime: 1.0
29200.0/36500.0 days/days; walltime: 0.8
31025.0/36500.0 days/days; walltime: 0.4
32850.0/36500.0 days/days; walltime: 0.5
34675.0/36500.0 days/days; walltime: 2.9
Wallclock for model run: 3360.4s
 

fields = 

  struct with fields:

    nodes: [1x1 struct]
    edges: [1x1 struct]
       BC: [1x1 struct]

Running model run (ode15s):
Run seasonal
Saving model run to
./RUN/output_305_seasonal.nc
IC initialised from struct
IC initialised from file/given & rest from parameters and given functions
36500.0/37230.0 days/days; walltime: 18.2
36501.0/37230.0 days/days; walltime: 73.4
36502.0/37230.0 days/days; walltime: 18.0
36503.0/37230.0 days/days; walltime: 21.9
36504.0/37230.0 days/days; walltime: 10.7
36505.0/37230.0 days/days; walltime: 21.0
36506.0/37230.0 days/days; walltime: 26.7
36507.0/37230.0 days/days; walltime: 25.3
36508.0/37230.0 days/days; walltime: 7.7
36509.0/37230.0 days/days; walltime: 22.7
36510.0/37230.0 days/days; walltime: 6.3
36511.0/37230.0 days/days; walltime: 2.7
36512.0/37230.0 days/days; walltime: 5.8
36513.0/37230.0 days/days; walltime: 2.9
36514.0/37230.0 days/days; walltime: 2.9
36515.0/37230.0 days/days; walltime: 2.4
36516.0/37230.0 days/days; walltime: 2.0
36517.0/37230.0 days/days; walltime: 2.1
36518.0/37230.0 days/days; walltime: 2.3
36519.0/37230.0 days/days; walltime: 5.6
36520.0/37230.0 days/days; walltime: 2.0
36521.0/37230.0 days/days; walltime: 1.6
36522.0/37230.0 days/days; walltime: 1.7
36523.0/37230.0 days/days; walltime: 1.6
36524.0/37230.0 days/days; walltime: 1.7
36525.0/37230.0 days/days; walltime: 1.6
36526.0/37230.0 days/days; walltime: 1.5
36527.0/37230.0 days/days; walltime: 1.5
36528.0/37230.0 days/days; walltime: 1.3
36529.0/37230.0 days/days; walltime: 1.4
36530.0/37230.0 days/days; walltime: 1.1
36531.0/37230.0 days/days; walltime: 1.1
36532.0/37230.0 days/days; walltime: 1.0
36533.0/37230.0 days/days; walltime: 0.8
36534.0/37230.0 days/days; walltime: 18.3
36535.0/37230.0 days/days; walltime: 1.1
36536.0/37230.0 days/days; walltime: 0.8
36537.0/37230.0 days/days; walltime: 0.4
36538.0/37230.0 days/days; walltime: 0.8
36539.0/37230.0 days/days; walltime: 0.8
36540.0/37230.0 days/days; walltime: 0.6
36541.0/37230.0 days/days; walltime: 0.9
36542.0/37230.0 days/days; walltime: 1.0
36543.0/37230.0 days/days; walltime: 0.8
36544.0/37230.0 days/days; walltime: 0.9
36545.0/37230.0 days/days; walltime: 0.8
36546.0/37230.0 days/days; walltime: 5.2
36547.0/37230.0 days/days; walltime: 0.8
36548.0/37230.0 days/days; walltime: 0.5
36549.0/37230.0 days/days; walltime: 0.5
36550.0/37230.0 days/days; walltime: 0.6
36551.0/37230.0 days/days; walltime: 0.5
36552.0/37230.0 days/days; walltime: 0.3
36553.0/37230.0 days/days; walltime: 0.3
36554.0/37230.0 days/days; walltime: 0.3
36555.0/37230.0 days/days; walltime: 0.2
36556.0/37230.0 days/days; walltime: 0.3
36557.0/37230.0 days/days; walltime: 0.3
36558.0/37230.0 days/days; walltime: 0.3
36559.0/37230.0 days/days; walltime: 2.5
36560.0/37230.0 days/days; walltime: 0.3
36561.0/37230.0 days/days; walltime: 0.5
36562.0/37230.0 days/days; walltime: 0.4
36563.0/37230.0 days/days; walltime: 0.5
36564.0/37230.0 days/days; walltime: 0.6
36565.0/37230.0 days/days; walltime: 0.4
36566.0/37230.0 days/days; walltime: 0.4
36567.0/37230.0 days/days; walltime: 0.5
36568.0/37230.0 days/days; walltime: 0.4
36569.0/37230.0 days/days; walltime: 0.4
36570.0/37230.0 days/days; walltime: 0.4
36571.0/37230.0 days/days; walltime: 0.4
36572.0/37230.0 days/days; walltime: 0.3
36573.0/37230.0 days/days; walltime: 0.4
36574.0/37230.0 days/days; walltime: 0.4
36575.0/37230.0 days/days; walltime: 0.3
36576.0/37230.0 days/days; walltime: 0.6
36577.0/37230.0 days/days; walltime: 0.5
36578.0/37230.0 days/days; walltime: 0.5
36579.0/37230.0 days/days; walltime: 2.3
36580.0/37230.0 days/days; walltime: 0.4
36581.0/37230.0 days/days; walltime: 0.2
36582.0/37230.0 days/days; walltime: 0.3
36583.0/37230.0 days/days; walltime: 0.4
36584.0/37230.0 days/days; walltime: 0.2
36585.0/37230.0 days/days; walltime: 0.2
36586.0/37230.0 days/days; walltime: 0.2
36587.0/37230.0 days/days; walltime: 0.2
36588.0/37230.0 days/days; walltime: 0.2
36589.0/37230.0 days/days; walltime: 0.2
36590.0/37230.0 days/days; walltime: 0.1
36591.0/37230.0 days/days; walltime: 0.2
36592.0/37230.0 days/days; walltime: 0.2
36593.0/37230.0 days/days; walltime: 2.2
36594.0/37230.0 days/days; walltime: 0.3
36595.0/37230.0 days/days; walltime: 0.2
36596.0/37230.0 days/days; walltime: 0.2
36597.0/37230.0 days/days; walltime: 0.1
36598.0/37230.0 days/days; walltime: 0.2
36599.0/37230.0 days/days; walltime: 0.2
36600.0/37230.0 days/days; walltime: 0.2
36601.0/37230.0 days/days; walltime: 0.2
36602.0/37230.0 days/days; walltime: 0.2
36603.0/37230.0 days/days; walltime: 0.2
36604.0/37230.0 days/days; walltime: 0.1
36605.0/37230.0 days/days; walltime: 0.3
36606.0/37230.0 days/days; walltime: 0.3
36607.0/37230.0 days/days; walltime: 0.4
36608.0/37230.0 days/days; walltime: 2.2
36609.0/37230.0 days/days; walltime: 0.1
36610.0/37230.0 days/days; walltime: 0.3
36611.0/37230.0 days/days; walltime: 0.3
36612.0/37230.0 days/days; walltime: 0.1
36613.0/37230.0 days/days; walltime: 0.3
36614.0/37230.0 days/days; walltime: 0.4
-36615.0/37230.0 days/days; walltime: 1.5
36616.0/37230.0 days/days; walltime: 8.0
36617.0/37230.0 days/days; walltime: 9.3
36618.0/37230.0 days/days; walltime: 9.4
36619.0/37230.0 days/days; walltime: 9.5
36620.0/37230.0 days/days; walltime: 13.9
36621.0/37230.0 days/days; walltime: 11.4
36622.0/37230.0 days/days; walltime: 10.9
36623.0/37230.0 days/days; walltime: 14.3
36624.0/37230.0 days/days; walltime: 11.2
36625.0/37230.0 days/days; walltime: 12.4
36626.0/37230.0 days/days; walltime: 11.8
36627.0/37230.0 days/days; walltime: 12.1
36628.0/37230.0 days/days; walltime: 13.0
36629.0/37230.0 days/days; walltime: 16.4
36630.0/37230.0 days/days; walltime: 29.0
36631.0/37230.0 days/days; walltime: 37.5
36632.0/37230.0 days/days; walltime: 51.6
36633.0/37230.0 days/days; walltime: 45.8
36634.0/37230.0 days/days; walltime: 32.5
36635.0/37230.0 days/days; walltime: 55.4
36636.0/37230.0 days/days; walltime: 46.5
36637.0/37230.0 days/days; walltime: 33.3
36638.0/37230.0 days/days; walltime: 49.7
36639.0/37230.0 days/days; walltime: 45.2
36640.0/37230.0 days/days; walltime: 33.1
36641.0/37230.0 days/days; walltime: 16.1
36642.0/37230.0 days/days; walltime: 39.9
36643.0/37230.0 days/days; walltime: 33.5
36644.0/37230.0 days/days; walltime: 27.8
36645.0/37230.0 days/days; walltime: 54.7
36646.0/37230.0 days/days; walltime: 48.2
36647.0/37230.0 days/days; walltime: 53.9
36648.0/37230.0 days/days; walltime: 56.9
36649.0/37230.0 days/days; walltime: 49.2
36650.0/37230.0 days/days; walltime: 65.4
36651.0/37230.0 days/days; walltime: 25.2
36652.0/37230.0 days/days; walltime: 20.8
36653.0/37230.0 days/days; walltime: 65.7
36654.0/37230.0 days/days; walltime: 35.4
36655.0/37230.0 days/days; walltime: 26.2
36656.0/37230.0 days/days; walltime: 55.2
36657.0/37230.0 days/days; walltime: 56.3
36658.0/37230.0 days/days; walltime: 53.6
36659.0/37230.0 days/days; walltime: 31.0
36660.0/37230.0 days/days; walltime: 19.1
36661.0/37230.0 days/days; walltime: 78.6
36662.0/37230.0 days/days; walltime: 87.7
36663.0/37230.0 days/days; walltime: 55.8
36664.0/37230.0 days/days; walltime: 39.6
36665.0/37230.0 days/days; walltime: 67.3
36666.0/37230.0 days/days; walltime: 37.2
36667.0/37230.0 days/days; walltime: 37.5
36668.0/37230.0 days/days; walltime: 47.1
36669.0/37230.0 days/days; walltime: 40.1
36670.0/37230.0 days/days; walltime: 48.8
36671.0/37230.0 days/days; walltime: 61.3
36672.0/37230.0 days/days; walltime: 32.5
36673.0/37230.0 days/days; walltime: 37.8
36674.0/37230.0 days/days; walltime: 50.7
36675.0/37230.0 days/days; walltime: 25.1
36676.0/37230.0 days/days; walltime: 46.0
36677.0/37230.0 days/days; walltime: 40.3
36678.0/37230.0 days/days; walltime: 24.4
36679.0/37230.0 days/days; walltime: 16.6
36680.0/37230.0 days/days; walltime: 59.1
36681.0/37230.0 days/days; walltime: 28.9
36682.0/37230.0 days/days; walltime: 80.0
36683.0/37230.0 days/days; walltime: 20.8
36684.0/37230.0 days/days; walltime: 49.3
36685.0/37230.0 days/days; walltime: 53.8
36686.0/37230.0 days/days; walltime: 24.5
36687.0/37230.0 days/days; walltime: 16.8
36688.0/37230.0 days/days; walltime: 40.6
36689.0/37230.0 days/days; walltime: 27.5
36690.0/37230.0 days/days; walltime: 22.4
36691.0/37230.0 days/days; walltime: 39.4
36692.0/37230.0 days/days; walltime: 30.2
36693.0/37230.0 days/days; walltime: 23.4
36694.0/37230.0 days/days; walltime: 27.8
36695.0/37230.0 days/days; walltime: 33.7
36696.0/37230.0 days/days; walltime: 24.1
36697.0/37230.0 days/days; walltime: 45.3
36698.0/37230.0 days/days; walltime: 21.0
36699.0/37230.0 days/days; walltime: 24.8
36700.0/37230.0 days/days; walltime: 33.9
36701.0/37230.0 days/days; walltime: 24.0
36702.0/37230.0 days/days; walltime: 22.6
36703.0/37230.0 days/days; walltime: 17.7
36704.0/37230.0 days/days; walltime: 6.2
36705.0/37230.0 days/days; walltime: 10.4
36706.0/37230.0 days/days; walltime: 10.1
36707.0/37230.0 days/days; walltime: 9.0
36708.0/37230.0 days/days; walltime: 17.8
36709.0/37230.0 days/days; walltime: 20.7
36710.0/37230.0 days/days; walltime: 26.5
36711.0/37230.0 days/days; walltime: 14.1
36712.0/37230.0 days/days; walltime: 7.0
36713.0/37230.0 days/days; walltime: 2.6
36714.0/37230.0 days/days; walltime: 10.8
36715.0/37230.0 days/days; walltime: 8.5
36716.0/37230.0 days/days; walltime: 44.7
36717.0/37230.0 days/days; walltime: 9.5
36718.0/37230.0 days/days; walltime: 11.5
36719.0/37230.0 days/days; walltime: 13.5
36720.0/37230.0 days/days; walltime: 15.9
36721.0/37230.0 days/days; walltime: 21.4
36722.0/37230.0 days/days; walltime: 10.3
36723.0/37230.0 days/days; walltime: 7.5
36724.0/37230.0 days/days; walltime: 14.5
36725.0/37230.0 days/days; walltime: 10.8
36726.0/37230.0 days/days; walltime: 8.3
36727.0/37230.0 days/days; walltime: 9.7
36728.0/37230.0 days/days; walltime: 11.3
36729.0/37230.0 days/days; walltime: 9.1
36730.0/37230.0 days/days; walltime: 10.5
36731.0/37230.0 days/days; walltime: 9.4
36732.0/37230.0 days/days; walltime: 12.0
36733.0/37230.0 days/days; walltime: 10.7
36734.0/37230.0 days/days; walltime: 11.5
36735.0/37230.0 days/days; walltime: 14.6
36736.0/37230.0 days/days; walltime: 9.4
36737.0/37230.0 days/days; walltime: 10.6
36738.0/37230.0 days/days; walltime: 13.0
36739.0/37230.0 days/days; walltime: 12.7
36740.0/37230.0 days/days; walltime: 9.8
36741.0/37230.0 days/days; walltime: 13.8
36742.0/37230.0 days/days; walltime: 9.5
36743.0/37230.0 days/days; walltime: 12.2
36744.0/37230.0 days/days; walltime: 40.4
36745.0/37230.0 days/days; walltime: 10.7
36746.0/37230.0 days/days; walltime: 22.6
36747.0/37230.0 days/days; walltime: 9.2
36748.0/37230.0 days/days; walltime: 8.7
36749.0/37230.0 days/days; walltime: 7.9
36750.0/37230.0 days/days; walltime: 6.2
36751.0/37230.0 days/days; walltime: 28.6
36752.0/37230.0 days/days; walltime: 1.4
36753.0/37230.0 days/days; walltime: 1.2
36754.0/37230.0 days/days; walltime: 1.6
36755.0/37230.0 days/days; walltime: 1.5
36756.0/37230.0 days/days; walltime: 1.3
36757.0/37230.0 days/days; walltime: 1.2
36758.0/37230.0 days/days; walltime: 1.4
36759.0/37230.0 days/days; walltime: 1.2
36760.0/37230.0 days/days; walltime: 1.1
36761.0/37230.0 days/days; walltime: 5.2
36762.0/37230.0 days/days; walltime: 1.0
36763.0/37230.0 days/days; walltime: 0.9
36764.0/37230.0 days/days; walltime: 0.7
36765.0/37230.0 days/days; walltime: 0.9
36766.0/37230.0 days/days; walltime: 0.9
36767.0/37230.0 days/days; walltime: 0.5
36768.0/37230.0 days/days; walltime: 0.9
36769.0/37230.0 days/days; walltime: 0.5
36770.0/37230.0 days/days; walltime: 0.5
36771.0/37230.0 days/days; walltime: 0.7
36772.0/37230.0 days/days; walltime: 0.7
36773.0/37230.0 days/days; walltime: 0.7
36774.0/37230.0 days/days; walltime: 0.8
36775.0/37230.0 days/days; walltime: 0.5
36776.0/37230.0 days/days; walltime: 6.8
36777.0/37230.0 days/days; walltime: 0.5
36778.0/37230.0 days/days; walltime: 0.5
36779.0/37230.0 days/days; walltime: 0.5
36780.0/37230.0 days/days; walltime: 0.4
36781.0/37230.0 days/days; walltime: 0.5
36782.0/37230.0 days/days; walltime: 0.6
36783.0/37230.0 days/days; walltime: 0.5
36784.0/37230.0 days/days; walltime: 0.4
36785.0/37230.0 days/days; walltime: 0.5
36786.0/37230.0 days/days; walltime: 0.4
36787.0/37230.0 days/days; walltime: 0.4
36788.0/37230.0 days/days; walltime: 0.4
36789.0/37230.0 days/days; walltime: 0.4
36790.0/37230.0 days/days; walltime: 0.4
36791.0/37230.0 days/days; walltime: 0.4
36792.0/37230.0 days/days; walltime: 0.5
36793.0/37230.0 days/days; walltime: 0.5
36794.0/37230.0 days/days; walltime: 0.6
36795.0/37230.0 days/days; walltime: 0.5
36796.0/37230.0 days/days; walltime: 0.6
36797.0/37230.0 days/days; walltime: 0.3
36798.0/37230.0 days/days; walltime: 2.3
36799.0/37230.0 days/days; walltime: 0.2
36800.0/37230.0 days/days; walltime: 0.2
36801.0/37230.0 days/days; walltime: 0.2
36802.0/37230.0 days/days; walltime: 0.2
36803.0/37230.0 days/days; walltime: 0.2
36804.0/37230.0 days/days; walltime: 0.2
36805.0/37230.0 days/days; walltime: 0.3
36806.0/37230.0 days/days; walltime: 0.4
36807.0/37230.0 days/days; walltime: 0.2
36808.0/37230.0 days/days; walltime: 0.3
36809.0/37230.0 days/days; walltime: 0.4
36810.0/37230.0 days/days; walltime: 0.3
36811.0/37230.0 days/days; walltime: 0.3
36812.0/37230.0 days/days; walltime: 0.2
36813.0/37230.0 days/days; walltime: 0.5
36814.0/37230.0 days/days; walltime: 0.9
36815.0/37230.0 days/days; walltime: 0.5
36816.0/37230.0 days/days; walltime: 0.3
36817.0/37230.0 days/days; walltime: 2.3
36818.0/37230.0 days/days; walltime: 0.1
36819.0/37230.0 days/days; walltime: 0.2
36820.0/37230.0 days/days; walltime: 0.2
36821.0/37230.0 days/days; walltime: 0.2
36822.0/37230.0 days/days; walltime: 0.2
36823.0/37230.0 days/days; walltime: 0.2
36824.0/37230.0 days/days; walltime: 0.2
36825.0/37230.0 days/days; walltime: 0.3
36826.0/37230.0 days/days; walltime: 0.3
36827.0/37230.0 days/days; walltime: 0.2
36828.0/37230.0 days/days; walltime: 0.3
36829.0/37230.0 days/days; walltime: 0.4
36830.0/37230.0 days/days; walltime: 0.1
36831.0/37230.0 days/days; walltime: 0.4
36832.0/37230.0 days/days; walltime: 0.3
36833.0/37230.0 days/days; walltime: 0.3
36834.0/37230.0 days/days; walltime: 0.5
36835.0/37230.0 days/days; walltime: 0.3
36836.0/37230.0 days/days; walltime: 0.3
36837.0/37230.0 days/days; walltime: 0.3
36838.0/37230.0 days/days; walltime: 2.0
36839.0/37230.0 days/days; walltime: 0.3
36840.0/37230.0 days/days; walltime: 0.3
36841.0/37230.0 days/days; walltime: 0.2
36842.0/37230.0 days/days; walltime: 0.3
36843.0/37230.0 days/days; walltime: 0.1
36844.0/37230.0 days/days; walltime: 0.4
36845.0/37230.0 days/days; walltime: 0.3
36846.0/37230.0 days/days; walltime: 0.2
36847.0/37230.0 days/days; walltime: 0.3
36848.0/37230.0 days/days; walltime: 0.1
36849.0/37230.0 days/days; walltime: 0.3
36850.0/37230.0 days/days; walltime: 0.3
36851.0/37230.0 days/days; walltime: 0.1
36852.0/37230.0 days/days; walltime: 0.3
36853.0/37230.0 days/days; walltime: 0.2
36854.0/37230.0 days/days; walltime: 0.5
36855.0/37230.0 days/days; walltime: 0.2
36856.0/37230.0 days/days; walltime: 0.4
36857.0/37230.0 days/days; walltime: 2.1
36858.0/37230.0 days/days; walltime: 0.3
36859.0/37230.0 days/days; walltime: 0.1
36860.0/37230.0 days/days; walltime: 0.3
36861.0/37230.0 days/days; walltime: 0.1
36862.0/37230.0 days/days; walltime: 0.3
36863.0/37230.0 days/days; walltime: 0.1
36864.0/37230.0 days/days; walltime: 0.3
36865.0/37230.0 days/days; walltime: 0.1
36866.0/37230.0 days/days; walltime: 0.3
36867.0/37230.0 days/days; walltime: 0.2
36868.0/37230.0 days/days; walltime: 0.3
36869.0/37230.0 days/days; walltime: 0.2
36870.0/37230.0 days/days; walltime: 0.3
36871.0/37230.0 days/days; walltime: 0.2
36872.0/37230.0 days/days; walltime: 0.4
36873.0/37230.0 days/days; walltime: 0.2
36874.0/37230.0 days/days; walltime: 0.3
36875.0/37230.0 days/days; walltime: 0.1
36876.0/37230.0 days/days; walltime: 0.4
36877.0/37230.0 days/days; walltime: 0.2
36878.0/37230.0 days/days; walltime: 0.3
36879.0/37230.0 days/days; walltime: 0.2
36880.0/37230.0 days/days; walltime: 0.1
36881.0/37230.0 days/days; walltime: 0.3
36882.0/37230.0 days/days; walltime: 0.2
36883.0/37230.0 days/days; walltime: 0.3
36884.0/37230.0 days/days; walltime: 0.2
36885.0/37230.0 days/days; walltime: 2.2
36886.0/37230.0 days/days; walltime: 0.1
36887.0/37230.0 days/days; walltime: 0.1
36888.0/37230.0 days/days; walltime: 0.3
36889.0/37230.0 days/days; walltime: 0.1
36890.0/37230.0 days/days; walltime: 0.3
36891.0/37230.0 days/days; walltime: 0.1
36892.0/37230.0 days/days; walltime: 0.1
36893.0/37230.0 days/days; walltime: 0.2
36894.0/37230.0 days/days; walltime: 0.1
36895.0/37230.0 days/days; walltime: 0.3
36896.0/37230.0 days/days; walltime: 0.1
36897.0/37230.0 days/days; walltime: 0.1
36898.0/37230.0 days/days; walltime: 0.1
36899.0/37230.0 days/days; walltime: 0.1
36900.0/37230.0 days/days; walltime: 0.1
36901.0/37230.0 days/days; walltime: 0.1
36902.0/37230.0 days/days; walltime: 0.1
36903.0/37230.0 days/days; walltime: 0.1
36904.0/37230.0 days/days; walltime: 0.1
36905.0/37230.0 days/days; walltime: 0.1
36906.0/37230.0 days/days; walltime: 0.1
36907.0/37230.0 days/days; walltime: 0.1
36908.0/37230.0 days/days; walltime: 0.1
36909.0/37230.0 days/days; walltime: 0.1
36910.0/37230.0 days/days; walltime: 0.1
36911.0/37230.0 days/days; walltime: 0.1
36912.0/37230.0 days/days; walltime: 0.1
36913.0/37230.0 days/days; walltime: 0.1
36914.0/37230.0 days/days; walltime: 0.1
36915.0/37230.0 days/days; walltime: 0.1
36916.0/37230.0 days/days; walltime: 0.1
36917.0/37230.0 days/days; walltime: 0.1
36918.0/37230.0 days/days; walltime: 0.1
36919.0/37230.0 days/days; walltime: 0.1
36920.0/37230.0 days/days; walltime: 0.1
36921.0/37230.0 days/days; walltime: 0.1
36922.0/37230.0 days/days; walltime: 0.1
36923.0/37230.0 days/days; walltime: 0.1
36924.0/37230.0 days/days; walltime: 0.1
36925.0/37230.0 days/days; walltime: 0.1
36926.0/37230.0 days/days; walltime: 0.1
36927.0/37230.0 days/days; walltime: 0.1
36928.0/37230.0 days/days; walltime: 0.1
36929.0/37230.0 days/days; walltime: 0.1
36930.0/37230.0 days/days; walltime: 0.1
36931.0/37230.0 days/days; walltime: 0.1
36932.0/37230.0 days/days; walltime: 0.1
36933.0/37230.0 days/days; walltime: 0.1
36934.0/37230.0 days/days; walltime: 0.3
36935.0/37230.0 days/days; walltime: 0.1
36936.0/37230.0 days/days; walltime: 0.3
36937.0/37230.0 days/days; walltime: 0.1
36938.0/37230.0 days/days; walltime: 0.1
36939.0/37230.0 days/days; walltime: 0.2
36940.0/37230.0 days/days; walltime: 0.1
36941.0/37230.0 days/days; walltime: 0.1
36942.0/37230.0 days/days; walltime: 0.2
36943.0/37230.0 days/days; walltime: 0.1
36944.0/37230.0 days/days; walltime: 0.1
36945.0/37230.0 days/days; walltime: 0.3
36946.0/37230.0 days/days; walltime: 0.1
36947.0/37230.0 days/days; walltime: 0.1
36948.0/37230.0 days/days; walltime: 0.3
36949.0/37230.0 days/days; walltime: 0.1
36950.0/37230.0 days/days; walltime: 0.1
36951.0/37230.0 days/days; walltime: 0.3
36952.0/37230.0 days/days; walltime: 0.1
36953.0/37230.0 days/days; walltime: 0.1
36954.0/37230.0 days/days; walltime: 0.3
36955.0/37230.0 days/days; walltime: 0.1
36956.0/37230.0 days/days; walltime: 0.1
36957.0/37230.0 days/days; walltime: 0.2
36958.0/37230.0 days/days; walltime: 0.2
36959.0/37230.0 days/days; walltime: 0.1
36960.0/37230.0 days/days; walltime: 0.2
36961.0/37230.0 days/days; walltime: 0.1
36962.0/37230.0 days/days; walltime: 0.1
36963.0/37230.0 days/days; walltime: 0.2
36964.0/37230.0 days/days; walltime: 0.1
36965.0/37230.0 days/days; walltime: 0.1
36966.0/37230.0 days/days; walltime: 0.2
36967.0/37230.0 days/days; walltime: 0.1
36968.0/37230.0 days/days; walltime: 0.1
36969.0/37230.0 days/days; walltime: 0.2
36970.0/37230.0 days/days; walltime: 0.1
36971.0/37230.0 days/days; walltime: 0.1
36972.0/37230.0 days/days; walltime: 0.2
36973.0/37230.0 days/days; walltime: 0.1
36974.0/37230.0 days/days; walltime: 0.1
36975.0/37230.0 days/days; walltime: 0.1
36976.0/37230.0 days/days; walltime: 0.3
36977.0/37230.0 days/days; walltime: 0.2
36978.0/37230.0 days/days; walltime: 1.9
36979.0/37230.0 days/days; walltime: 0.3
36980.0/37230.0 days/days; walltime: 1.6
36981.0/37230.0 days/days; walltime: 6.1
36982.0/37230.0 days/days; walltime: 8.0
36983.0/37230.0 days/days; walltime: 9.9
36984.0/37230.0 days/days; walltime: 9.9
36985.0/37230.0 days/days; walltime: 31.0
36986.0/37230.0 days/days; walltime: 11.5
36987.0/37230.0 days/days; walltime: 11.5
36988.0/37230.0 days/days; walltime: 12.1
36989.0/37230.0 days/days; walltime: 13.5
36990.0/37230.0 days/days; walltime: 11.3
36991.0/37230.0 days/days; walltime: 10.4
36992.0/37230.0 days/days; walltime: 11.6
36993.0/37230.0 days/days; walltime: 12.7
36994.0/37230.0 days/days; walltime: 12.6
36995.0/37230.0 days/days; walltime: 16.4
36996.0/37230.0 days/days; walltime: 29.4
36997.0/37230.0 days/days; walltime: 25.7
36998.0/37230.0 days/days; walltime: 13.5
36999.0/37230.0 days/days; walltime: 41.1
37000.0/37230.0 days/days; walltime: 33.9
37001.0/37230.0 days/days; walltime: 15.6
37002.0/37230.0 days/days; walltime: 52.5
37003.0/37230.0 days/days; walltime: 13.3
37004.0/37230.0 days/days; walltime: 32.8
37005.0/37230.0 days/days; walltime: 19.5
37006.0/37230.0 days/days; walltime: 17.5
37007.0/37230.0 days/days; walltime: 23.0
37008.0/37230.0 days/days; walltime: 26.1
37009.0/37230.0 days/days; walltime: 24.9
37010.0/37230.0 days/days; walltime: 28.6
37011.0/37230.0 days/days; walltime: 36.7
37012.0/37230.0 days/days; walltime: 50.4
37013.0/37230.0 days/days; walltime: 65.5
37014.0/37230.0 days/days; walltime: 47.4
37015.0/37230.0 days/days; walltime: 68.9
37016.0/37230.0 days/days; walltime: 38.4
37017.0/37230.0 days/days; walltime: 41.3
37018.0/37230.0 days/days; walltime: 56.2
37019.0/37230.0 days/days; walltime: 58.7
37020.0/37230.0 days/days; walltime: 70.8
37021.0/37230.0 days/days; walltime: 47.1
37022.0/37230.0 days/days; walltime: 44.0
37023.0/37230.0 days/days; walltime: 25.2
37024.0/37230.0 days/days; walltime: 29.6
37025.0/37230.0 days/days; walltime: 24.8
37026.0/37230.0 days/days; walltime: 73.7
37027.0/37230.0 days/days; walltime: 66.3
37028.0/37230.0 days/days; walltime: 16.6
37029.0/37230.0 days/days; walltime: 36.5
37030.0/37230.0 days/days; walltime: 64.2
37031.0/37230.0 days/days; walltime: 34.8
37032.0/37230.0 days/days; walltime: 42.3
37033.0/37230.0 days/days; walltime: 32.8
37034.0/37230.0 days/days; walltime: 52.1
37035.0/37230.0 days/days; walltime: 38.9
37036.0/37230.0 days/days; walltime: 30.3
37037.0/37230.0 days/days; walltime: 48.8
37038.0/37230.0 days/days; walltime: 62.1
37039.0/37230.0 days/days; walltime: 21.3
37040.0/37230.0 days/days; walltime: 43.7
37041.0/37230.0 days/days; walltime: 61.4
37042.0/37230.0 days/days; walltime: 36.9
37043.0/37230.0 days/days; walltime: 28.9
37044.0/37230.0 days/days; walltime: 39.6
37045.0/37230.0 days/days; walltime: 9.6
37046.0/37230.0 days/days; walltime: 62.1
37047.0/37230.0 days/days; walltime: 57.9
37048.0/37230.0 days/days; walltime: 54.4
37049.0/37230.0 days/days; walltime: 42.1
37050.0/37230.0 days/days; walltime: 24.0
37051.0/37230.0 days/days; walltime: 34.5
37052.0/37230.0 days/days; walltime: 15.2
37053.0/37230.0 days/days; walltime: 16.1
37054.0/37230.0 days/days; walltime: 32.6
37055.0/37230.0 days/days; walltime: 28.7
37056.0/37230.0 days/days; walltime: 33.2
37057.0/37230.0 days/days; walltime: 14.0
37058.0/37230.0 days/days; walltime: 12.8
37059.0/37230.0 days/days; walltime: 11.6
37060.0/37230.0 days/days; walltime: 34.3
37061.0/37230.0 days/days; walltime: 24.1
37062.0/37230.0 days/days; walltime: 26.4
37063.0/37230.0 days/days; walltime: 12.6
37064.0/37230.0 days/days; walltime: 5.6
37065.0/37230.0 days/days; walltime: 20.2
37066.0/37230.0 days/days; walltime: 33.8
37067.0/37230.0 days/days; walltime: 17.0
37068.0/37230.0 days/days; walltime: 6.6
37069.0/37230.0 days/days; walltime: 8.6
37070.0/37230.0 days/days; walltime: 16.2
37071.0/37230.0 days/days; walltime: 4.0
37072.0/37230.0 days/days; walltime: 15.8
37073.0/37230.0 days/days; walltime: 14.5
37074.0/37230.0 days/days; walltime: 26.0
37075.0/37230.0 days/days; walltime: 43.8
37076.0/37230.0 days/days; walltime: 7.2
37077.0/37230.0 days/days; walltime: 10.2
37078.0/37230.0 days/days; walltime: 8.2
37079.0/37230.0 days/days; walltime: 7.0
37080.0/37230.0 days/days; walltime: 43.5
37081.0/37230.0 days/days; walltime: 42.7
37082.0/37230.0 days/days; walltime: 6.3
37083.0/37230.0 days/days; walltime: 8.2
37084.0/37230.0 days/days; walltime: 8.5
37085.0/37230.0 days/days; walltime: 22.2
37086.0/37230.0 days/days; walltime: 11.1
37087.0/37230.0 days/days; walltime: 15.8
37088.0/37230.0 days/days; walltime: 6.7
37089.0/37230.0 days/days; walltime: 13.8
37090.0/37230.0 days/days; walltime: 8.4
37091.0/37230.0 days/days; walltime: 8.7
37092.0/37230.0 days/days; walltime: 11.0
37093.0/37230.0 days/days; walltime: 23.9
37094.0/37230.0 days/days; walltime: 12.5
37095.0/37230.0 days/days; walltime: 8.7
37096.0/37230.0 days/days; walltime: 10.0
37097.0/37230.0 days/days; walltime: 11.1
37098.0/37230.0 days/days; walltime: 12.3
37099.0/37230.0 days/days; walltime: 11.3
37100.0/37230.0 days/days; walltime: 13.4
37101.0/37230.0 days/days; walltime: 9.6
37102.0/37230.0 days/days; walltime: 10.8
37103.0/37230.0 days/days; walltime: 12.0
37104.0/37230.0 days/days; walltime: 10.9
37105.0/37230.0 days/days; walltime: 10.9
37106.0/37230.0 days/days; walltime: 9.9
37107.0/37230.0 days/days; walltime: 19.5
37108.0/37230.0 days/days; walltime: 11.5
37109.0/37230.0 days/days; walltime: 10.7
37110.0/37230.0 days/days; walltime: 15.5
37111.0/37230.0 days/days; walltime: 11.0
37112.0/37230.0 days/days; walltime: 26.5
37113.0/37230.0 days/days; walltime: 10.8
37114.0/37230.0 days/days; walltime: 5.7
37115.0/37230.0 days/days; walltime: 11.8
37116.0/37230.0 days/days; walltime: 2.0
37117.0/37230.0 days/days; walltime: 2.0
37118.0/37230.0 days/days; walltime: 3.7
37119.0/37230.0 days/days; walltime: 1.6
37120.0/37230.0 days/days; walltime: 1.3
37121.0/37230.0 days/days; walltime: 1.5
37122.0/37230.0 days/days; walltime: 1.3
37123.0/37230.0 days/days; walltime: 1.1
37124.0/37230.0 days/days; walltime: 1.4
37125.0/37230.0 days/days; walltime: 1.1
37126.0/37230.0 days/days; walltime: 1.1
37127.0/37230.0 days/days; walltime: 3.7
37128.0/37230.0 days/days; walltime: 0.9
37129.0/37230.0 days/days; walltime: 1.0
37130.0/37230.0 days/days; walltime: 1.0
37131.0/37230.0 days/days; walltime: 0.8
37132.0/37230.0 days/days; walltime: 0.9
37133.0/37230.0 days/days; walltime: 0.8
37134.0/37230.0 days/days; walltime: 19.8
37135.0/37230.0 days/days; walltime: 20.1
37136.0/37230.0 days/days; walltime: 7.1
37137.0/37230.0 days/days; walltime: 0.7
37138.0/37230.0 days/days; walltime: 0.7
37139.0/37230.0 days/days; walltime: 0.7
37140.0/37230.0 days/days; walltime: 0.8
37141.0/37230.0 days/days; walltime: 0.7
37142.0/37230.0 days/days; walltime: 0.7
37143.0/37230.0 days/days; walltime: 0.6
37144.0/37230.0 days/days; walltime: 0.5
37145.0/37230.0 days/days; walltime: 0.8
37146.0/37230.0 days/days; walltime: 0.7
37147.0/37230.0 days/days; walltime: 0.6
37148.0/37230.0 days/days; walltime: 0.7
37149.0/37230.0 days/days; walltime: 0.6
37150.0/37230.0 days/days; walltime: 0.6
37151.0/37230.0 days/days; walltime: 0.6
37152.0/37230.0 days/days; walltime: 0.5
37153.0/37230.0 days/days; walltime: 0.5
37154.0/37230.0 days/days; walltime: 0.6
37155.0/37230.0 days/days; walltime: 0.6
37156.0/37230.0 days/days; walltime: 0.6
37157.0/37230.0 days/days; walltime: 0.5
37158.0/37230.0 days/days; walltime: 0.6
37159.0/37230.0 days/days; walltime: 0.5
37160.0/37230.0 days/days; walltime: 0.4
37161.0/37230.0 days/days; walltime: 7.6
37162.0/37230.0 days/days; walltime: 0.6
37163.0/37230.0 days/days; walltime: 0.2
37164.0/37230.0 days/days; walltime: 0.2
37165.0/37230.0 days/days; walltime: 0.6
37166.0/37230.0 days/days; walltime: 0.2
37167.0/37230.0 days/days; walltime: 0.2
37168.0/37230.0 days/days; walltime: 0.4
37169.0/37230.0 days/days; walltime: 0.4
37170.0/37230.0 days/days; walltime: 0.4
37171.0/37230.0 days/days; walltime: 0.2
37172.0/37230.0 days/days; walltime: 0.4
37173.0/37230.0 days/days; walltime: 0.4
37174.0/37230.0 days/days; walltime: 0.4
37175.0/37230.0 days/days; walltime: 0.3
37176.0/37230.0 days/days; walltime: 0.4
37177.0/37230.0 days/days; walltime: 0.4
37178.0/37230.0 days/days; walltime: 0.4
37179.0/37230.0 days/days; walltime: 0.3
37180.0/37230.0 days/days; walltime: 0.5
37181.0/37230.0 days/days; walltime: 2.2
37182.0/37230.0 days/days; walltime: 0.4
37183.0/37230.0 days/days; walltime: 0.2
37184.0/37230.0 days/days; walltime: 0.1
37185.0/37230.0 days/days; walltime: 0.2
37186.0/37230.0 days/days; walltime: 0.4
37187.0/37230.0 days/days; walltime: 0.4
37188.0/37230.0 days/days; walltime: 0.4
37189.0/37230.0 days/days; walltime: 0.2
37190.0/37230.0 days/days; walltime: 0.3
37191.0/37230.0 days/days; walltime: 0.4
37192.0/37230.0 days/days; walltime: 0.2
37193.0/37230.0 days/days; walltime: 0.3
37194.0/37230.0 days/days; walltime: 0.4
37195.0/37230.0 days/days; walltime: 0.1
37196.0/37230.0 days/days; walltime: 0.4
37197.0/37230.0 days/days; walltime: 0.1
37198.0/37230.0 days/days; walltime: 0.5
37199.0/37230.0 days/days; walltime: 2.2
37200.0/37230.0 days/days; walltime: 0.1
37201.0/37230.0 days/days; walltime: 0.4
37202.0/37230.0 days/days; walltime: 0.1
37203.0/37230.0 days/days; walltime: 0.4
37204.0/37230.0 days/days; walltime: 0.1
37205.0/37230.0 days/days; walltime: 0.1
37206.0/37230.0 days/days; walltime: 0.2
37207.0/37230.0 days/days; walltime: 0.1
37208.0/37230.0 days/days; walltime: 0.4
37209.0/37230.0 days/days; walltime: 0.1
37210.0/37230.0 days/days; walltime: 0.3
37211.0/37230.0 days/days; walltime: 0.4
37212.0/37230.0 days/days; walltime: 0.1
37213.0/37230.0 days/days; walltime: 0.3
37214.0/37230.0 days/days; walltime: 0.1
37215.0/37230.0 days/days; walltime: 0.4
37216.0/37230.0 days/days; walltime: 0.2
37217.0/37230.0 days/days; walltime: 0.4
37218.0/37230.0 days/days; walltime: 0.2
37219.0/37230.0 days/days; walltime: 0.4
37220.0/37230.0 days/days; walltime: 2.1
37221.0/37230.0 days/days; walltime: 0.3
37222.0/37230.0 days/days; walltime: 0.1
37223.0/37230.0 days/days; walltime: 0.3
37224.0/37230.0 days/days; walltime: 0.1
37225.0/37230.0 days/days; walltime: 0.3
37226.0/37230.0 days/days; walltime: 0.1
37227.0/37230.0 days/days; walltime: 0.3
37228.0/37230.0 days/days; walltime: 0.1
37229.0/37230.0 days/days; walltime: 0.4
37230.0/37230.0 days/days; walltime: 0.4
Wallclock for model run: 7752.8s
 

fields = 

  struct with fields:

    nodes: [1x1 struct]
    edges: [1x1 struct]
       BC: [1x1 struct]

No cases left; exiting.
