Case 2:
Picked up JAVA_TOOL_OPTIONS: -Xmx2g
Opening log file:  /tmp/java.log.26992

                            < M A T L A B (R) >
                  Copyright 1984-2022 The MathWorks, Inc.
                  R2022a (9.12.0.1884302) 64-bit (glnxa64)
                             February 16, 2022

 
To get started, type doc.
For product information, visit www.mathworks.com.
 

config = 

  struct with fields:

                 k_s: 0.0189
                 l_c: 10
            n_moulin: 68
    creep_const_soft: 0
             mesh_nr: 4
                 e_v: 1.0000e-04
                 k_c: 0.2000
               h_bed: 0.5000
               l_bed: 10
               alpha: 1.5000
                beta: 1.5000
               omega: 0

Running model run (ode15s):
Run to steady
Saving model run to
./RUN/output_302_steady.nc
Fields, IC & BC initialised
Initial phi calculated in 2.4s
0.0/36500.0 days/days; walltime: 25.7
------------------------------------------------------------------------------------------------------------------------------------------------------------------------------------------------------------------------------------------------------------------------------------------------------------------------------------------------------------------------------------------------------------------------------------------------------------------------------------------------------------------------------------------------------------------------------------------------------------------------------------------------------------------------------------------------------------------------------------------------------------------------------------------------------------------------------------------------------------------------------------------------------------------------------------------------------------------------------------------------------------------------------------------------------------------------------------------------------------------------------------------------------------------------------------------------------------------------------------------------------------------------------------------------------------------------------------------------------------------------------------------------------------------------------------------------------------------------------------------------------------------------------------------------------------------------------------------------------------------------------------------------------------------------------------------------------------------------------------------------------------------------------------------------------------------------------------------------------------------------------------------------------------------------------------------------------------------------------------------------------------------------------------------------------------------------------------------------------------------------------------------------------------------------------------------------------------------------------------------------------------------------------------------------------------------------------------------------------------------------------------------------------------1825.0/36500.0 days/days; walltime: 247.9
------------------------------------------3650.0/36500.0 days/days; walltime: 3.8
----------5475.0/36500.0 days/days; walltime: 1.0
---7300.0/36500.0 days/days; walltime: 0.2
--------------------------------------------------------------------------------------------------------9125.0/36500.0 days/days; walltime: 9.0
--------------------------------------------------------------------------------------------------------------------------------------------------------------------------------------------------------------------------------------------------------------------------------------------------------------------------------------------------------------------------------------------------------------------------------------------------------------------------------------------------------------------------------------------------------------------------------------------------------------------------------------------------------------------------------------------------------------------------------------------------------------------------------------------------------------------------------------------------------------------------------------------------------------------------------------------------------------------------------------------------------------------------------------------------------------------------------------------------------------------------------------------------------------------------------------------------------------------------------------------------------------------------------------------------------------------------------------------------------------------------------------------------------------------------------------------------------------------------------------------------------------------------------------------------------------------------------------------------------------------------------------------------------------------------------------------------------------------------------------------------------------------------------------------------------------------------------------------------------------------------------------------------------------------------------------------------------------------------------------------------------------------------------------------------------------------------------------------------------------------------------------------------------------------------------------------------------------------------------------------------------------------------------------------------------------------------------------------------------------------------------------------------------------------------------------------------------------------------------------------------------------------------------------------------------------------------------------------------------------------------------------------------------------------------------------------------------------------------------------------------------------------------------------------------------------------------------------------------------------------------------------------------------------------------------------------------------------------------------------------------------------------------------------------------------------------------------------------------------------------------------------------------------------------------------------------------------------------------------------------------------------------------------------------------------------------------------------------------------------------------------------------------------------------------------------------------------------------------------------------------------------------------------------------------------------------------------------------------------------------------------------------------------------------------------------------------------------------------------------------------------------------------------------------------------------------------------------------------------------------------------------------------------------------------------------------------------------------------------------------------------------------------------------------------------------------------------------------------------------------------------------------------------------------------------------------------------------------------------------------------------------------------------------------------------------------------------------------------------------------------------------------------------------------------------------------------------------------------------------------------------------------------------------------------------------------------------------------------------------------------------------------------------------------------------------------------------------------------------------------------------------------------------------------------------------------------------------------------------------------------------------------------------------------------------------------------------------------------------------------------------------------------------------10950.0/36500.0 days/days; walltime: 387.8
----------------------------------------------------------------------------------------------------------------------------------------------------------------------------------------------------------------------------------------------------------------------------------------------------------------------------------------------------------------------------------------------------------------------------------------------------------------------------------------------------------------------------------------------------------------------------------------------------------------------------------------------------------------------------------------------------------------------------------------------------------------------------------------------------------------------------------------------------------------------------------------------------------------------------------------------------------------------------------------------------------------------------------------------------------------------------------------------------------------------------------------------------------------------------------------------------------------------------------------------------------------------------------------------------------------------------------------------------------------------------------------------------------------------------------------------------------------------------------------------------------------------------------------------------------------------------------------------------------------------------------------------------------------------------------------------------------------------------------------------------------------------------------------------------------------------------------------------------------------------------------------------------------------------------------------------------------------------------------------------------------------------------------------------------------------------------------------------------------------------------------------------------------------------------------------------------------------------------------------------------------------------------------------------------------------------------------------------------------------------------------------------------------------------------------------------------------------------------------------------------------------------------------------------------------------------------------------------------------------------------------------------------------------------------------------------------------------------------------------------------------------------------------------------------------------------------------------------------------------------------------------------------------------------------------------------------------------------------------------------------------------------------------------------------------------------------------------------------------------------------------------------------------------------------------------------------------------------------------------------------------------------------------------------------------------------------------------------------------------------------------------------------------------------------------------------------------------------------------------------------------------------------------------------------------------------------------------------------------------------------------------------------------------------------------------------------------------------------------------------------------------------------------------------------------------------------------------------------------------------------------------------------------------------------------------------------------------------------------------------------------------------------------------------------------------------------------------------------------------------------------------------------------------------------------------------------------------------------------------------------------------------------------------------------------------------------------------------------------------------------------------------------------------------------------------------------------------------------------------------------------------------------------------------------------------------------------------------------------------------------------------------------------------------------12775.0/36500.0 days/days; walltime: 375.3
----------------------------------------------------------------------------------------------------------------------------------------------------------------------------------------------------------------------------------------------------------------------------------------------------------------------------------------------------------------------------------------------------------------------------------------------------------------------------------------------------------------------------------------------------------------------------------------------------------------------------------------------------------------------------------------------------------------------------------------------------------------------------------------------------------------------------------------------------------------------------------------------------------------------------------------------------------------------------------------------------------------------------------------------------------------------------------------------------------------------------------------------------------------------------------------------------------------------------------------------------------------------------------------------------------------------------------------------------------------------------------------------------------------------------------------------------------------------------------------------------------------------------------------------------------------------------------------------------------------------------------------------------------------------------------------------------------------------------------------------------------------------------------------------------------------------------------------------------------------------------------------------------------------------------------------------------------------------------------------------------------------------------------------------------------------------------------------------------------------------------------------------------------------------------------------------------------------------------------------------------------------------------------------------------------------------------------------------------------------------------------------------------------------------------------------------------------------------------------------------------------------------------------------------------------------------------------------------------------------------------------------------------------------------------------14600.0/36500.0 days/days; walltime: 216.5
-------------------------------------------------------------------------------------------------------------------------------------------------------------------------------------------------------------------------------------------------------------------------------------------------------------------------------------------------------------------------------------------------------------------------------------------------------------------------------------------------------------------------------------------------------------------------------------------------------------------------------------------------------------------------------------------------------------------------------------------------------------------------------------------------------------------------------------------------------------------------------------------------------------------------------------------------------------------------------------------------------------------------------------------------------------------------------------------------------------------------------------------------------------------------------------------------------------------------------------------------------------------------------------------------------------------------------------------------------------------------------------------------------------------------------------------------------------------------------------------------------------------------------------------------------------------------------------------------------------------------------------------------------------------------------------------------------------------------------------------------------------------------------------------------------------------------------------------------------------------------------------------------------------------------------------------------------------------------------------------------------------------------------------------------------------------------------------------------------------------------------------------------------------------------------------------------------------------------------------------------------------------------------------------------------------------------------------------------------------------------------------------------------------------------16425.0/36500.0 days/days; walltime: 219.5
-----------------------------------------------------------------------------------------------------------------------------------------------------------------------------------------------------------------------------------------------------------------------------------------------------------------------------------------------------------------------------------------------------------------------------------18250.0/36500.0 days/days; walltime: 228.1
-----------------20075.0/36500.0 days/days; walltime: 120.8
--------------------------------21900.0/36500.0 days/days; walltime: 25.3
23725.0/36500.0 days/days; walltime: 4.8
25550.0/36500.0 days/days; walltime: 1.7
27375.0/36500.0 days/days; walltime: 2.8
29200.0/36500.0 days/days; walltime: 4.1
31025.0/36500.0 days/days; walltime: 0.4
34675.0/36500.0 days/days; walltime: 0.3
Wallclock for model run: 1880.8s
 

fields = 

  struct with fields:

    nodes: [1x1 struct]
    edges: [1x1 struct]
       BC: [1x1 struct]

Running model run (ode15s):
Run seasonal
Saving model run to
./RUN/output_302_seasonal.nc
IC initialised from struct
IC initialised from file/given & rest from parameters and given functions
36500.0/37230.0 days/days; walltime: 19.4
36501.0/37230.0 days/days; walltime: 86.0
36502.0/37230.0 days/days; walltime: 16.8
36503.0/37230.0 days/days; walltime: 17.3
36504.0/37230.0 days/days; walltime: 5.4
36505.0/37230.0 days/days; walltime: 3.5
36506.0/37230.0 days/days; walltime: 4.9
36507.0/37230.0 days/days; walltime: 2.6
36508.0/37230.0 days/days; walltime: 2.7
36509.0/37230.0 days/days; walltime: 4.2
36510.0/37230.0 days/days; walltime: 1.8
36511.0/37230.0 days/days; walltime: 2.1
36512.0/37230.0 days/days; walltime: 1.9
36513.0/37230.0 days/days; walltime: 1.8
36514.0/37230.0 days/days; walltime: 1.6
-36515.0/37230.0 days/days; walltime: 3.3
36516.0/37230.0 days/days; walltime: 0.9
36517.0/37230.0 days/days; walltime: 1.1
36518.0/37230.0 days/days; walltime: 1.0
--36519.0/37230.0 days/days; walltime: 1.2
36520.0/37230.0 days/days; walltime: 2.6
36521.0/37230.0 days/days; walltime: 0.7
36522.0/37230.0 days/days; walltime: 0.8
36523.0/37230.0 days/days; walltime: 2.5
36524.0/37230.0 days/days; walltime: 0.9
36525.0/37230.0 days/days; walltime: 0.5
36526.0/37230.0 days/days; walltime: 0.7
36527.0/37230.0 days/days; walltime: 0.5
36528.0/37230.0 days/days; walltime: 0.5
36529.0/37230.0 days/days; walltime: 0.5
36530.0/37230.0 days/days; walltime: 2.6
36531.0/37230.0 days/days; walltime: 0.4
36532.0/37230.0 days/days; walltime: 0.5
36533.0/37230.0 days/days; walltime: 0.4
36534.0/37230.0 days/days; walltime: 0.4
36535.0/37230.0 days/days; walltime: 0.5
36536.0/37230.0 days/days; walltime: 0.4
36537.0/37230.0 days/days; walltime: 0.4
36538.0/37230.0 days/days; walltime: 0.4
36539.0/37230.0 days/days; walltime: 0.4
36540.0/37230.0 days/days; walltime: 0.4
36541.0/37230.0 days/days; walltime: 0.4
36542.0/37230.0 days/days; walltime: 0.4
36543.0/37230.0 days/days; walltime: 0.2
36544.0/37230.0 days/days; walltime: 0.4
36545.0/37230.0 days/days; walltime: 0.4
36546.0/37230.0 days/days; walltime: 0.4
36547.0/37230.0 days/days; walltime: 0.4
36548.0/37230.0 days/days; walltime: 0.2
36549.0/37230.0 days/days; walltime: 0.5
36550.0/37230.0 days/days; walltime: 0.4
---36551.0/37230.0 days/days; walltime: 0.4
----36552.0/37230.0 days/days; walltime: 0.2
------36553.0/37230.0 days/days; walltime: 0.5
------36554.0/37230.0 days/days; walltime: 0.5
----36555.0/37230.0 days/days; walltime: 0.2
------36556.0/37230.0 days/days; walltime: 0.5
----36557.0/37230.0 days/days; walltime: 0.2
--36558.0/37230.0 days/days; walltime: 0.5
36559.0/37230.0 days/days; walltime: 0.4
36560.0/37230.0 days/days; walltime: 0.3
-36561.0/37230.0 days/days; walltime: 2.3
36562.0/37230.0 days/days; walltime: 0.5
36563.0/37230.0 days/days; walltime: 0.2
36564.0/37230.0 days/days; walltime: 0.4
36565.0/37230.0 days/days; walltime: 0.2
36566.0/37230.0 days/days; walltime: 0.5
36567.0/37230.0 days/days; walltime: 0.2
36568.0/37230.0 days/days; walltime: 0.4
36569.0/37230.0 days/days; walltime: 0.2
36570.0/37230.0 days/days; walltime: 0.4
36571.0/37230.0 days/days; walltime: 0.2
36572.0/37230.0 days/days; walltime: 0.4
36573.0/37230.0 days/days; walltime: 0.2
36574.0/37230.0 days/days; walltime: 0.4
36575.0/37230.0 days/days; walltime: 0.2
36576.0/37230.0 days/days; walltime: 0.4
36577.0/37230.0 days/days; walltime: 0.2
36578.0/37230.0 days/days; walltime: 0.4
36579.0/37230.0 days/days; walltime: 0.2
36580.0/37230.0 days/days; walltime: 0.4
36581.0/37230.0 days/days; walltime: 0.2
36582.0/37230.0 days/days; walltime: 0.2
36583.0/37230.0 days/days; walltime: 0.2
36584.0/37230.0 days/days; walltime: 0.5
36585.0/37230.0 days/days; walltime: 0.3
36586.0/37230.0 days/days; walltime: 0.1
36587.0/37230.0 days/days; walltime: 0.4
36588.0/37230.0 days/days; walltime: 0.2
36589.0/37230.0 days/days; walltime: 0.3
36590.0/37230.0 days/days; walltime: 0.2
36591.0/37230.0 days/days; walltime: 0.1
36592.0/37230.0 days/days; walltime: 0.4
36593.0/37230.0 days/days; walltime: 0.1
36594.0/37230.0 days/days; walltime: 0.4
36595.0/37230.0 days/days; walltime: 0.1
36596.0/37230.0 days/days; walltime: 0.2
36597.0/37230.0 days/days; walltime: 0.2
36598.0/37230.0 days/days; walltime: 0.2
36599.0/37230.0 days/days; walltime: 0.1
36600.0/37230.0 days/days; walltime: 0.4
36601.0/37230.0 days/days; walltime: 0.1
36602.0/37230.0 days/days; walltime: 0.4
36603.0/37230.0 days/days; walltime: 0.1
36604.0/37230.0 days/days; walltime: 0.1
36605.0/37230.0 days/days; walltime: 0.4
36606.0/37230.0 days/days; walltime: 0.1
36607.0/37230.0 days/days; walltime: 0.2
36608.0/37230.0 days/days; walltime: 0.2
36609.0/37230.0 days/days; walltime: 0.1
36610.0/37230.0 days/days; walltime: 0.2
36611.0/37230.0 days/days; walltime: 0.3
36612.0/37230.0 days/days; walltime: 0.1
36613.0/37230.0 days/days; walltime: 0.2
36614.0/37230.0 days/days; walltime: 0.2
36615.0/37230.0 days/days; walltime: 3.0
36616.0/37230.0 days/days; walltime: 3.3
36617.0/37230.0 days/days; walltime: 8.0
36618.0/37230.0 days/days; walltime: 12.0
36619.0/37230.0 days/days; walltime: 12.0
36620.0/37230.0 days/days; walltime: 11.7
36621.0/37230.0 days/days; walltime: 17.2
36622.0/37230.0 days/days; walltime: 13.0
36623.0/37230.0 days/days; walltime: 27.5
36624.0/37230.0 days/days; walltime: 17.7
36625.0/37230.0 days/days; walltime: 26.1
36626.0/37230.0 days/days; walltime: 32.6
36627.0/37230.0 days/days; walltime: 25.4
36628.0/37230.0 days/days; walltime: 31.4
36629.0/37230.0 days/days; walltime: 35.1
36630.0/37230.0 days/days; walltime: 36.1
36631.0/37230.0 days/days; walltime: 49.5
36632.0/37230.0 days/days; walltime: 39.8
36633.0/37230.0 days/days; walltime: 42.5
36634.0/37230.0 days/days; walltime: 41.8
36635.0/37230.0 days/days; walltime: 30.3
36636.0/37230.0 days/days; walltime: 33.3
36637.0/37230.0 days/days; walltime: 34.8
36638.0/37230.0 days/days; walltime: 37.4
36639.0/37230.0 days/days; walltime: 43.5
36640.0/37230.0 days/days; walltime: 49.5
36641.0/37230.0 days/days; walltime: 57.0
36642.0/37230.0 days/days; walltime: 51.7
36643.0/37230.0 days/days; walltime: 37.8
36644.0/37230.0 days/days; walltime: 28.8
36645.0/37230.0 days/days; walltime: 46.6
36646.0/37230.0 days/days; walltime: 62.6
36647.0/37230.0 days/days; walltime: 35.0
36648.0/37230.0 days/days; walltime: 31.3
36649.0/37230.0 days/days; walltime: 47.8
36650.0/37230.0 days/days; walltime: 36.8
36651.0/37230.0 days/days; walltime: 31.9
36652.0/37230.0 days/days; walltime: 25.8
36653.0/37230.0 days/days; walltime: 28.2
36654.0/37230.0 days/days; walltime: 20.3
36655.0/37230.0 days/days; walltime: 45.0
36656.0/37230.0 days/days; walltime: 29.2
36657.0/37230.0 days/days; walltime: 20.0
36658.0/37230.0 days/days; walltime: 16.7
36659.0/37230.0 days/days; walltime: 24.8
36660.0/37230.0 days/days; walltime: 24.0
36661.0/37230.0 days/days; walltime: 27.5
36662.0/37230.0 days/days; walltime: 20.9
36663.0/37230.0 days/days; walltime: 26.2
36664.0/37230.0 days/days; walltime: 15.4
36665.0/37230.0 days/days; walltime: 19.4
36666.0/37230.0 days/days; walltime: 13.0
36667.0/37230.0 days/days; walltime: 21.4
36668.0/37230.0 days/days; walltime: 14.1
36669.0/37230.0 days/days; walltime: 13.7
36670.0/37230.0 days/days; walltime: 10.1
36671.0/37230.0 days/days; walltime: 9.6
36672.0/37230.0 days/days; walltime: 12.2
36673.0/37230.0 days/days; walltime: 31.8
36674.0/37230.0 days/days; walltime: 13.0
36675.0/37230.0 days/days; walltime: 11.6
36676.0/37230.0 days/days; walltime: 23.0
36677.0/37230.0 days/days; walltime: 13.5
36678.0/37230.0 days/days; walltime: 12.8
36679.0/37230.0 days/days; walltime: 8.8
36680.0/37230.0 days/days; walltime: 10.0
36681.0/37230.0 days/days; walltime: 16.8
36682.0/37230.0 days/days; walltime: 4.2
36683.0/37230.0 days/days; walltime: 18.0
36684.0/37230.0 days/days; walltime: 1.9
36685.0/37230.0 days/days; walltime: 14.1
36686.0/37230.0 days/days; walltime: 13.8
36687.0/37230.0 days/days; walltime: 2.6
36688.0/37230.0 days/days; walltime: 12.8
36689.0/37230.0 days/days; walltime: 5.4
36690.0/37230.0 days/days; walltime: 4.3
36691.0/37230.0 days/days; walltime: 15.6
36692.0/37230.0 days/days; walltime: 18.6
36693.0/37230.0 days/days; walltime: 6.5
36694.0/37230.0 days/days; walltime: 20.3
36695.0/37230.0 days/days; walltime: 3.5
36696.0/37230.0 days/days; walltime: 3.9
36697.0/37230.0 days/days; walltime: 16.5
36698.0/37230.0 days/days; walltime: 9.6
36699.0/37230.0 days/days; walltime: 11.0
36700.0/37230.0 days/days; walltime: 4.3
36701.0/37230.0 days/days; walltime: 13.7
36702.0/37230.0 days/days; walltime: 7.2
36703.0/37230.0 days/days; walltime: 3.4
36704.0/37230.0 days/days; walltime: 4.7
36705.0/37230.0 days/days; walltime: 3.9
36706.0/37230.0 days/days; walltime: 4.5
36707.0/37230.0 days/days; walltime: 3.9
36708.0/37230.0 days/days; walltime: 10.4
36709.0/37230.0 days/days; walltime: 6.0
36710.0/37230.0 days/days; walltime: 10.2
36711.0/37230.0 days/days; walltime: 22.3
36712.0/37230.0 days/days; walltime: 5.1
36713.0/37230.0 days/days; walltime: 6.5
36714.0/37230.0 days/days; walltime: 4.6
36715.0/37230.0 days/days; walltime: 3.6
36716.0/37230.0 days/days; walltime: 7.2
36717.0/37230.0 days/days; walltime: 8.3
36718.0/37230.0 days/days; walltime: 15.7
36719.0/37230.0 days/days; walltime: 6.2
36720.0/37230.0 days/days; walltime: 5.1
36721.0/37230.0 days/days; walltime: 5.2
36722.0/37230.0 days/days; walltime: 6.8
36723.0/37230.0 days/days; walltime: 6.6
36724.0/37230.0 days/days; walltime: 4.5
36725.0/37230.0 days/days; walltime: 4.4
36726.0/37230.0 days/days; walltime: 5.4
36727.0/37230.0 days/days; walltime: 6.2
36728.0/37230.0 days/days; walltime: 5.2
36729.0/37230.0 days/days; walltime: 5.7
36730.0/37230.0 days/days; walltime: 10.1
36731.0/37230.0 days/days; walltime: 12.0
36732.0/37230.0 days/days; walltime: 7.1
36733.0/37230.0 days/days; walltime: 6.7
36734.0/37230.0 days/days; walltime: 8.4
36735.0/37230.0 days/days; walltime: 10.2
36736.0/37230.0 days/days; walltime: 6.1
36737.0/37230.0 days/days; walltime: 7.9
36738.0/37230.0 days/days; walltime: 8.3
36739.0/37230.0 days/days; walltime: 7.0
36740.0/37230.0 days/days; walltime: 8.1
36741.0/37230.0 days/days; walltime: 9.6
36742.0/37230.0 days/days; walltime: 8.7
36743.0/37230.0 days/days; walltime: 9.7
36744.0/37230.0 days/days; walltime: 6.0
36745.0/37230.0 days/days; walltime: 6.8
36746.0/37230.0 days/days; walltime: 8.2
36747.0/37230.0 days/days; walltime: 7.3
36748.0/37230.0 days/days; walltime: 6.0
36749.0/37230.0 days/days; walltime: 4.8
36750.0/37230.0 days/days; walltime: 3.2
36751.0/37230.0 days/days; walltime: 0.9
36752.0/37230.0 days/days; walltime: 0.8
36753.0/37230.0 days/days; walltime: 0.5
36754.0/37230.0 days/days; walltime: 0.6
36755.0/37230.0 days/days; walltime: 0.5
36756.0/37230.0 days/days; walltime: 0.5
36757.0/37230.0 days/days; walltime: 0.5
36758.0/37230.0 days/days; walltime: 0.4
36759.0/37230.0 days/days; walltime: 0.4
36760.0/37230.0 days/days; walltime: 0.4
36761.0/37230.0 days/days; walltime: 0.4
36762.0/37230.0 days/days; walltime: 0.4
36763.0/37230.0 days/days; walltime: 0.4
36764.0/37230.0 days/days; walltime: 0.4
36765.0/37230.0 days/days; walltime: 0.4
36766.0/37230.0 days/days; walltime: 0.4
36767.0/37230.0 days/days; walltime: 0.4
36768.0/37230.0 days/days; walltime: 0.2
36769.0/37230.0 days/days; walltime: 0.4
36770.0/37230.0 days/days; walltime: 0.4
36771.0/37230.0 days/days; walltime: 0.6
36772.0/37230.0 days/days; walltime: 0.5
36773.0/37230.0 days/days; walltime: 0.2
36774.0/37230.0 days/days; walltime: 0.5
36775.0/37230.0 days/days; walltime: 0.5
36776.0/37230.0 days/days; walltime: 0.3
36777.0/37230.0 days/days; walltime: 0.4
36778.0/37230.0 days/days; walltime: 0.5
36779.0/37230.0 days/days; walltime: 0.4
36780.0/37230.0 days/days; walltime: 0.4
36781.0/37230.0 days/days; walltime: 0.5
36782.0/37230.0 days/days; walltime: 0.2
36783.0/37230.0 days/days; walltime: 6.3
36784.0/37230.0 days/days; walltime: 0.4
36785.0/37230.0 days/days; walltime: 0.1
36786.0/37230.0 days/days; walltime: 0.3
36787.0/37230.0 days/days; walltime: 0.2
36788.0/37230.0 days/days; walltime: 0.3
36789.0/37230.0 days/days; walltime: 0.1
36790.0/37230.0 days/days; walltime: 0.3
36791.0/37230.0 days/days; walltime: 0.4
36792.0/37230.0 days/days; walltime: 0.1
36793.0/37230.0 days/days; walltime: 0.3
36794.0/37230.0 days/days; walltime: 0.1
36795.0/37230.0 days/days; walltime: 0.3
36796.0/37230.0 days/days; walltime: 0.1
36797.0/37230.0 days/days; walltime: 0.3
36798.0/37230.0 days/days; walltime: 0.1
36799.0/37230.0 days/days; walltime: 0.3
36800.0/37230.0 days/days; walltime: 0.1
36801.0/37230.0 days/days; walltime: 0.3
36802.0/37230.0 days/days; walltime: 0.1
36803.0/37230.0 days/days; walltime: 0.3
36804.0/37230.0 days/days; walltime: 0.1
36805.0/37230.0 days/days; walltime: 0.1
36806.0/37230.0 days/days; walltime: 0.3
36807.0/37230.0 days/days; walltime: 0.1
36808.0/37230.0 days/days; walltime: 0.3
36809.0/37230.0 days/days; walltime: 0.1
36810.0/37230.0 days/days; walltime: 0.3
36811.0/37230.0 days/days; walltime: 0.1
36812.0/37230.0 days/days; walltime: 0.3
36813.0/37230.0 days/days; walltime: 0.1
36814.0/37230.0 days/days; walltime: 0.1
36815.0/37230.0 days/days; walltime: 0.7
36816.0/37230.0 days/days; walltime: 0.1
36817.0/37230.0 days/days; walltime: 0.3
36818.0/37230.0 days/days; walltime: 0.1
36819.0/37230.0 days/days; walltime: 0.1
36820.0/37230.0 days/days; walltime: 0.2
36821.0/37230.0 days/days; walltime: 0.1
36822.0/37230.0 days/days; walltime: 0.1
36823.0/37230.0 days/days; walltime: 0.3
36824.0/37230.0 days/days; walltime: 0.1
36825.0/37230.0 days/days; walltime: 0.1
36826.0/37230.0 days/days; walltime: 0.3
36827.0/37230.0 days/days; walltime: 0.1
36828.0/37230.0 days/days; walltime: 0.3
36829.0/37230.0 days/days; walltime: 0.1
36830.0/37230.0 days/days; walltime: 0.1
36831.0/37230.0 days/days; walltime: 0.3
36832.0/37230.0 days/days; walltime: 0.1
36833.0/37230.0 days/days; walltime: 0.1
36834.0/37230.0 days/days; walltime: 0.2
36835.0/37230.0 days/days; walltime: 0.1
36836.0/37230.0 days/days; walltime: 0.1
36837.0/37230.0 days/days; walltime: 0.2
36838.0/37230.0 days/days; walltime: 0.1
36839.0/37230.0 days/days; walltime: 0.1
36840.0/37230.0 days/days; walltime: 0.2
36841.0/37230.0 days/days; walltime: 0.1
36842.0/37230.0 days/days; walltime: 0.1
36843.0/37230.0 days/days; walltime: 0.2
-36844.0/37230.0 days/days; walltime: 0.1
-36845.0/37230.0 days/days; walltime: 0.1
--36846.0/37230.0 days/days; walltime: 0.2
-36847.0/37230.0 days/days; walltime: 0.1
36848.0/37230.0 days/days; walltime: 0.1
-36849.0/37230.0 days/days; walltime: 0.2
-36850.0/37230.0 days/days; walltime: 0.2
36851.0/37230.0 days/days; walltime: 0.1
36852.0/37230.0 days/days; walltime: 0.2
36853.0/37230.0 days/days; walltime: 0.1
36854.0/37230.0 days/days; walltime: 0.1
36855.0/37230.0 days/days; walltime: 0.2
36856.0/37230.0 days/days; walltime: 0.1
36857.0/37230.0 days/days; walltime: 0.1
36858.0/37230.0 days/days; walltime: 0.1
36859.0/37230.0 days/days; walltime: 0.4
36860.0/37230.0 days/days; walltime: 0.1
36861.0/37230.0 days/days; walltime: 0.1
36862.0/37230.0 days/days; walltime: 0.2
36863.0/37230.0 days/days; walltime: 0.1
36864.0/37230.0 days/days; walltime: 0.1
36865.0/37230.0 days/days; walltime: 0.4
36866.0/37230.0 days/days; walltime: 0.1
36867.0/37230.0 days/days; walltime: 0.1
36868.0/37230.0 days/days; walltime: 0.1
36869.0/37230.0 days/days; walltime: 2.2
36870.0/37230.0 days/days; walltime: 0.1
36871.0/37230.0 days/days; walltime: 0.1
36872.0/37230.0 days/days; walltime: 0.1
36873.0/37230.0 days/days; walltime: 0.3
36874.0/37230.0 days/days; walltime: 0.1
36875.0/37230.0 days/days; walltime: 0.1
36876.0/37230.0 days/days; walltime: 0.2
-36877.0/37230.0 days/days; walltime: 0.1
-36878.0/37230.0 days/days; walltime: 0.1
-36879.0/37230.0 days/days; walltime: 0.1
--36880.0/37230.0 days/days; walltime: 0.2
36881.0/37230.0 days/days; walltime: 0.1
36882.0/37230.0 days/days; walltime: 0.1
-36883.0/37230.0 days/days; walltime: 0.1
--36884.0/37230.0 days/days; walltime: 0.2
-36885.0/37230.0 days/days; walltime: 0.1
36886.0/37230.0 days/days; walltime: 0.1
36887.0/37230.0 days/days; walltime: 0.1
36888.0/37230.0 days/days; walltime: 0.3
36889.0/37230.0 days/days; walltime: 0.1
36890.0/37230.0 days/days; walltime: 0.1
36891.0/37230.0 days/days; walltime: 0.1
36892.0/37230.0 days/days; walltime: 0.2
36893.0/37230.0 days/days; walltime: 0.1
36894.0/37230.0 days/days; walltime: 0.1
36895.0/37230.0 days/days; walltime: 0.1
36896.0/37230.0 days/days; walltime: 0.2
36898.0/37230.0 days/days; walltime: 0.1
36899.0/37230.0 days/days; walltime: 0.1
36900.0/37230.0 days/days; walltime: 0.1
36901.0/37230.0 days/days; walltime: 0.2
36902.0/37230.0 days/days; walltime: 0.1
36903.0/37230.0 days/days; walltime: 0.1
36904.0/37230.0 days/days; walltime: 0.1
36905.0/37230.0 days/days; walltime: 0.2
36907.0/37230.0 days/days; walltime: 0.1
36908.0/37230.0 days/days; walltime: 0.1
36909.0/37230.0 days/days; walltime: 0.1
36910.0/37230.0 days/days; walltime: 0.2
36911.0/37230.0 days/days; walltime: 0.1
36913.0/37230.0 days/days; walltime: 0.1
36914.0/37230.0 days/days; walltime: 0.1
36915.0/37230.0 days/days; walltime: 0.2
36916.0/37230.0 days/days; walltime: 0.1
36917.0/37230.0 days/days; walltime: 0.1
36919.0/37230.0 days/days; walltime: 0.1
36920.0/37230.0 days/days; walltime: 0.2
36921.0/37230.0 days/days; walltime: 0.1
36923.0/37230.0 days/days; walltime: 0.1
36924.0/37230.0 days/days; walltime: 0.1
36925.0/37230.0 days/days; walltime: 0.2
36927.0/37230.0 days/days; walltime: 0.1
36928.0/37230.0 days/days; walltime: 0.1
36929.0/37230.0 days/days; walltime: 0.1
36931.0/37230.0 days/days; walltime: 0.2
36932.0/37230.0 days/days; walltime: 0.1
36933.0/37230.0 days/days; walltime: 0.1
36935.0/37230.0 days/days; walltime: 0.1
36936.0/37230.0 days/days; walltime: 0.2
36938.0/37230.0 days/days; walltime: 0.1
36939.0/37230.0 days/days; walltime: 0.1
36941.0/37230.0 days/days; walltime: 0.1
36942.0/37230.0 days/days; walltime: 0.2
36943.0/37230.0 days/days; walltime: 0.1
36945.0/37230.0 days/days; walltime: 0.1
36946.0/37230.0 days/days; walltime: 0.1
36948.0/37230.0 days/days; walltime: 0.2
36949.0/37230.0 days/days; walltime: 0.1
36951.0/37230.0 days/days; walltime: 0.1
36952.0/37230.0 days/days; walltime: 0.1
36954.0/37230.0 days/days; walltime: 0.2
36955.0/37230.0 days/days; walltime: 0.1
36957.0/37230.0 days/days; walltime: 0.1
36959.0/37230.0 days/days; walltime: 0.1
36960.0/37230.0 days/days; walltime: 0.2
36962.0/37230.0 days/days; walltime: 0.1
-36963.0/37230.0 days/days; walltime: 0.1
-36965.0/37230.0 days/days; walltime: 0.1
--36966.0/37230.0 days/days; walltime: 0.2
-36968.0/37230.0 days/days; walltime: 0.1
-36969.0/37230.0 days/days; walltime: 0.1
-36971.0/37230.0 days/days; walltime: 0.1
36972.0/37230.0 days/days; walltime: 0.1
36974.0/37230.0 days/days; walltime: 0.1
-36975.0/37230.0 days/days; walltime: 0.1
-36977.0/37230.0 days/days; walltime: 0.1
-36978.0/37230.0 days/days; walltime: 0.1
-------------36980.0/37230.0 days/days; walltime: 1.2
--------------------------------------36981.0/37230.0 days/days; walltime: 6.3
36982.0/37230.0 days/days; walltime: 7.3
36983.0/37230.0 days/days; walltime: 10.9
36984.0/37230.0 days/days; walltime: 13.5
36985.0/37230.0 days/days; walltime: 10.8
36986.0/37230.0 days/days; walltime: 19.0
36987.0/37230.0 days/days; walltime: 23.0
36988.0/37230.0 days/days; walltime: 15.9
36989.0/37230.0 days/days; walltime: 25.6
36990.0/37230.0 days/days; walltime: 24.1
36991.0/37230.0 days/days; walltime: 32.5
36992.0/37230.0 days/days; walltime: 37.5
36993.0/37230.0 days/days; walltime: 33.3
36994.0/37230.0 days/days; walltime: 23.1
36995.0/37230.0 days/days; walltime: 39.4
36996.0/37230.0 days/days; walltime: 43.9
36997.0/37230.0 days/days; walltime: 40.4
36998.0/37230.0 days/days; walltime: 45.7
36999.0/37230.0 days/days; walltime: 30.4
37000.0/37230.0 days/days; walltime: 36.6
37001.0/37230.0 days/days; walltime: 28.2
37002.0/37230.0 days/days; walltime: 36.9
37003.0/37230.0 days/days; walltime: 32.9
37004.0/37230.0 days/days; walltime: 44.1
37005.0/37230.0 days/days; walltime: 55.2
37006.0/37230.0 days/days; walltime: 35.7
37007.0/37230.0 days/days; walltime: 28.8
37008.0/37230.0 days/days; walltime: 50.2
37009.0/37230.0 days/days; walltime: 27.2
37010.0/37230.0 days/days; walltime: 39.5
37011.0/37230.0 days/days; walltime: 42.6
37012.0/37230.0 days/days; walltime: 39.7
37013.0/37230.0 days/days; walltime: 23.9
37014.0/37230.0 days/days; walltime: 47.6
37015.0/37230.0 days/days; walltime: 40.0
37016.0/37230.0 days/days; walltime: 29.2
37017.0/37230.0 days/days; walltime: 24.6
37018.0/37230.0 days/days; walltime: 29.2
37019.0/37230.0 days/days; walltime: 19.7
37020.0/37230.0 days/days; walltime: 30.6
37021.0/37230.0 days/days; walltime: 27.7
37022.0/37230.0 days/days; walltime: 20.5
37023.0/37230.0 days/days; walltime: 19.2
37024.0/37230.0 days/days; walltime: 14.2
37025.0/37230.0 days/days; walltime: 16.1
37026.0/37230.0 days/days; walltime: 11.5
37027.0/37230.0 days/days; walltime: 22.4
37028.0/37230.0 days/days; walltime: 18.3
37029.0/37230.0 days/days; walltime: 26.7
37030.0/37230.0 days/days; walltime: 14.2
37031.0/37230.0 days/days; walltime: 24.1
37032.0/37230.0 days/days; walltime: 16.0
37033.0/37230.0 days/days; walltime: 14.4
37034.0/37230.0 days/days; walltime: 15.1
37035.0/37230.0 days/days; walltime: 11.6
37036.0/37230.0 days/days; walltime: 9.8
37037.0/37230.0 days/days; walltime: 13.0
37038.0/37230.0 days/days; walltime: 11.7
37039.0/37230.0 days/days; walltime: 32.2
37040.0/37230.0 days/days; walltime: 14.8
37041.0/37230.0 days/days; walltime: 19.5
37042.0/37230.0 days/days; walltime: 19.1
37043.0/37230.0 days/days; walltime: 10.1
37044.0/37230.0 days/days; walltime: 26.0
37045.0/37230.0 days/days; walltime: 7.6
37046.0/37230.0 days/days; walltime: 8.9
37047.0/37230.0 days/days; walltime: 9.7
37048.0/37230.0 days/days; walltime: 5.2
37049.0/37230.0 days/days; walltime: 4.3
37050.0/37230.0 days/days; walltime: 11.8
37051.0/37230.0 days/days; walltime: 12.8
37052.0/37230.0 days/days; walltime: 14.1
37053.0/37230.0 days/days; walltime: 23.2
37054.0/37230.0 days/days; walltime: 8.1
37055.0/37230.0 days/days; walltime: 4.3
37056.0/37230.0 days/days; walltime: 3.8
37057.0/37230.0 days/days; walltime: 4.8
37058.0/37230.0 days/days; walltime: 4.1
37059.0/37230.0 days/days; walltime: 2.8
37060.0/37230.0 days/days; walltime: 12.4
37061.0/37230.0 days/days; walltime: 6.7
37062.0/37230.0 days/days; walltime: 5.2
37063.0/37230.0 days/days; walltime: 3.3
37064.0/37230.0 days/days; walltime: 12.0
37065.0/37230.0 days/days; walltime: 8.9
37066.0/37230.0 days/days; walltime: 7.8
37067.0/37230.0 days/days; walltime: 5.3
37068.0/37230.0 days/days; walltime: 5.7
37069.0/37230.0 days/days; walltime: 5.5
37070.0/37230.0 days/days; walltime: 5.5
37071.0/37230.0 days/days; walltime: 7.8
37072.0/37230.0 days/days; walltime: 1.7
37073.0/37230.0 days/days; walltime: 11.9
37074.0/37230.0 days/days; walltime: 4.5
37075.0/37230.0 days/days; walltime: 7.0
37076.0/37230.0 days/days; walltime: 12.8
37077.0/37230.0 days/days; walltime: 9.3
37078.0/37230.0 days/days; walltime: 5.3
37079.0/37230.0 days/days; walltime: 4.0
37080.0/37230.0 days/days; walltime: 5.8
37081.0/37230.0 days/days; walltime: 5.2
37082.0/37230.0 days/days; walltime: 4.2
37083.0/37230.0 days/days; walltime: 20.5
37084.0/37230.0 days/days; walltime: 7.8
37085.0/37230.0 days/days; walltime: 5.6
37086.0/37230.0 days/days; walltime: 10.8
37087.0/37230.0 days/days; walltime: 6.1
37088.0/37230.0 days/days; walltime: 5.9
37089.0/37230.0 days/days; walltime: 5.7
37090.0/37230.0 days/days; walltime: 4.3
37091.0/37230.0 days/days; walltime: 6.4
37092.0/37230.0 days/days; walltime: 6.2
37093.0/37230.0 days/days; walltime: 7.1
37094.0/37230.0 days/days; walltime: 4.8
37095.0/37230.0 days/days; walltime: 6.6
37096.0/37230.0 days/days; walltime: 7.5
37097.0/37230.0 days/days; walltime: 8.0
37098.0/37230.0 days/days; walltime: 10.1
37099.0/37230.0 days/days; walltime: 8.1
37100.0/37230.0 days/days; walltime: 6.8
37101.0/37230.0 days/days; walltime: 6.5
37102.0/37230.0 days/days; walltime: 9.1
37103.0/37230.0 days/days; walltime: 7.2
37104.0/37230.0 days/days; walltime: 7.4
37105.0/37230.0 days/days; walltime: 9.7
37106.0/37230.0 days/days; walltime: 7.5
37107.0/37230.0 days/days; walltime: 8.4
37108.0/37230.0 days/days; walltime: 10.0
37109.0/37230.0 days/days; walltime: 6.2
37110.0/37230.0 days/days; walltime: 8.5
37111.0/37230.0 days/days; walltime: 7.5
37112.0/37230.0 days/days; walltime: 7.5
37113.0/37230.0 days/days; walltime: 6.7
37114.0/37230.0 days/days; walltime: 4.9
37115.0/37230.0 days/days; walltime: 3.2
37116.0/37230.0 days/days; walltime: 1.1
37117.0/37230.0 days/days; walltime: 0.6
37118.0/37230.0 days/days; walltime: 0.8
37119.0/37230.0 days/days; walltime: 0.8
37120.0/37230.0 days/days; walltime: 0.8
-37121.0/37230.0 days/days; walltime: 0.6
37122.0/37230.0 days/days; walltime: 2.5
37123.0/37230.0 days/days; walltime: 0.4
37124.0/37230.0 days/days; walltime: 0.4
37125.0/37230.0 days/days; walltime: 0.4
37126.0/37230.0 days/days; walltime: 2.4
37127.0/37230.0 days/days; walltime: 0.4
37128.0/37230.0 days/days; walltime: 0.6
37129.0/37230.0 days/days; walltime: 0.2
37130.0/37230.0 days/days; walltime: 0.4
37131.0/37230.0 days/days; walltime: 0.4
37132.0/37230.0 days/days; walltime: 0.4
37133.0/37230.0 days/days; walltime: 0.4
37134.0/37230.0 days/days; walltime: 0.2
37135.0/37230.0 days/days; walltime: 0.5
37136.0/37230.0 days/days; walltime: 0.5
37137.0/37230.0 days/days; walltime: 0.5
37138.0/37230.0 days/days; walltime: 0.3
-37139.0/37230.0 days/days; walltime: 0.4
-------------------------------37140.0/37230.0 days/days; walltime: 2.5
37141.0/37230.0 days/days; walltime: 0.2
-37142.0/37230.0 days/days; walltime: 0.3
37143.0/37230.0 days/days; walltime: 0.4
-37144.0/37230.0 days/days; walltime: 0.1
37145.0/37230.0 days/days; walltime: 0.3
-37146.0/37230.0 days/days; walltime: 0.2
37147.0/37230.0 days/days; walltime: 0.3
37148.0/37230.0 days/days; walltime: 0.1
37149.0/37230.0 days/days; walltime: 0.4
-37150.0/37230.0 days/days; walltime: 0.3
-37151.0/37230.0 days/days; walltime: 0.1
---37152.0/37230.0 days/days; walltime: 0.3
-37153.0/37230.0 days/days; walltime: 0.1
-37154.0/37230.0 days/days; walltime: 0.3
37155.0/37230.0 days/days; walltime: 0.1
37156.0/37230.0 days/days; walltime: 0.4
-37157.0/37230.0 days/days; walltime: 0.1
--37158.0/37230.0 days/days; walltime: 0.3
37159.0/37230.0 days/days; walltime: 0.1
37160.0/37230.0 days/days; walltime: 0.2
-37161.0/37230.0 days/days; walltime: 0.1
---37162.0/37230.0 days/days; walltime: 0.3
37163.0/37230.0 days/days; walltime: 0.1
37164.0/37230.0 days/days; walltime: 0.3
--37165.0/37230.0 days/days; walltime: 0.1
--37166.0/37230.0 days/days; walltime: 0.3
37167.0/37230.0 days/days; walltime: 0.1
-37168.0/37230.0 days/days; walltime: 0.1
37169.0/37230.0 days/days; walltime: 0.3
37170.0/37230.0 days/days; walltime: 0.1
37171.0/37230.0 days/days; walltime: 0.2
37172.0/37230.0 days/days; walltime: 0.1
37173.0/37230.0 days/days; walltime: 0.3
37174.0/37230.0 days/days; walltime: 0.1
37175.0/37230.0 days/days; walltime: 0.1
37176.0/37230.0 days/days; walltime: 0.3
37177.0/37230.0 days/days; walltime: 0.1
37178.0/37230.0 days/days; walltime: 0.3
37179.0/37230.0 days/days; walltime: 0.1
37180.0/37230.0 days/days; walltime: 0.1
37181.0/37230.0 days/days; walltime: 0.2
37182.0/37230.0 days/days; walltime: 0.1
37183.0/37230.0 days/days; walltime: 0.1
37184.0/37230.0 days/days; walltime: 0.3
37185.0/37230.0 days/days; walltime: 0.1
37186.0/37230.0 days/days; walltime: 0.1
37187.0/37230.0 days/days; walltime: 0.3
37188.0/37230.0 days/days; walltime: 0.1
37189.0/37230.0 days/days; walltime: 0.3
37190.0/37230.0 days/days; walltime: 0.1
37191.0/37230.0 days/days; walltime: 0.1
37192.0/37230.0 days/days; walltime: 0.3
37193.0/37230.0 days/days; walltime: 0.1
37194.0/37230.0 days/days; walltime: 0.1
37195.0/37230.0 days/days; walltime: 0.2
37196.0/37230.0 days/days; walltime: 0.1
37197.0/37230.0 days/days; walltime: 0.1
37198.0/37230.0 days/days; walltime: 0.2
37199.0/37230.0 days/days; walltime: 0.1
37200.0/37230.0 days/days; walltime: 0.2
37201.0/37230.0 days/days; walltime: 0.2
37202.0/37230.0 days/days; walltime: 0.1
-37203.0/37230.0 days/days; walltime: 0.1
--37204.0/37230.0 days/days; walltime: 0.2
--37205.0/37230.0 days/days; walltime: 0.1
--37206.0/37230.0 days/days; walltime: 0.1
--37207.0/37230.0 days/days; walltime: 0.4
37208.0/37230.0 days/days; walltime: 0.1
-37209.0/37230.0 days/days; walltime: 0.1
37210.0/37230.0 days/days; walltime: 0.1
37211.0/37230.0 days/days; walltime: 0.4
37212.0/37230.0 days/days; walltime: 0.1
37213.0/37230.0 days/days; walltime: 0.1
37214.0/37230.0 days/days; walltime: 0.2
37215.0/37230.0 days/days; walltime: 2.1
37216.0/37230.0 days/days; walltime: 0.1
37217.0/37230.0 days/days; walltime: 0.2
37218.0/37230.0 days/days; walltime: 0.1
37219.0/37230.0 days/days; walltime: 0.1
37220.0/37230.0 days/days; walltime: 0.1
37221.0/37230.0 days/days; walltime: 0.2
37222.0/37230.0 days/days; walltime: 0.1
37223.0/37230.0 days/days; walltime: 0.1
37224.0/37230.0 days/days; walltime: 0.2
37225.0/37230.0 days/days; walltime: 0.1
37226.0/37230.0 days/days; walltime: 0.1
-37227.0/37230.0 days/days; walltime: 0.1
--37228.0/37230.0 days/days; walltime: 0.2
-37229.0/37230.0 days/days; walltime: 0.1
--37230.0/37230.0 days/days; walltime: 0.3
Wallclock for model run: 4806.8s
 

fields = 

  struct with fields:

    nodes: [1x1 struct]
    edges: [1x1 struct]
       BC: [1x1 struct]

No cases left; exiting.
