Case 4:
Picked up JAVA_TOOL_OPTIONS: -Xmx2g
Opening log file:  /tmp/java.log.13839

                            < M A T L A B (R) >
                  Copyright 1984-2022 The MathWorks, Inc.
                  R2022a (9.12.0.1884302) 64-bit (glnxa64)
                             February 16, 2022

 
To get started, type doc.
For product information, visit www.mathworks.com.
 

config = 

  struct with fields:

                 k_s: 0.1000
                 l_c: 10
            n_moulin: 68
    creep_const_soft: 0
             mesh_nr: 4
                 e_v: 1.0000e-04
                 k_c: 0.2000
               h_bed: 0.5000
               l_bed: 10
               alpha: 1.2500
                beta: 1.5000
               omega: 5.0000e-04

Running model run (ode15s):
Run to steady
Creating output dir: ./RUN/
[Warning: Directory already exists.] 
[> In save_model_run (line 85)
In runner_coupled_ode15s (line 41)
In run_model (line 58)
In run_job (line 48)] 
Saving model run to
./RUN/output_304_steady.nc
Fields, IC & BC initialised
Initial phi calculated in 2.2s
0.0/36500.0 days/days; walltime: 23.7
------------1825.0/36500.0 days/days; walltime: 304.7
------------------3650.0/36500.0 days/days; walltime: 21.4
-------------------------------------------------------------------------------------------------------------------5475.0/36500.0 days/days; walltime: 19.4
7300.0/36500.0 days/days; walltime: 33.8
------------9125.0/36500.0 days/days; walltime: 14.4
10950.0/36500.0 days/days; walltime: 1153.9
12775.0/36500.0 days/days; walltime: 611.5
--14600.0/36500.0 days/days; walltime: 573.6
16425.0/36500.0 days/days; walltime: 240.8
---18250.0/36500.0 days/days; walltime: 218.8
20075.0/36500.0 days/days; walltime: 84.3
21900.0/36500.0 days/days; walltime: 6.9
23725.0/36500.0 days/days; walltime: 28.6
25550.0/36500.0 days/days; walltime: 17.7
27375.0/36500.0 days/days; walltime: 24.8
29200.0/36500.0 days/days; walltime: 13.6
31025.0/36500.0 days/days; walltime: 15.2
32850.0/36500.0 days/days; walltime: 12.3
34675.0/36500.0 days/days; walltime: 7.3
36500.0/36500.0 days/days; walltime: 14.5
Wallclock for model run: 3447.1s
 

fields = 

  struct with fields:

    nodes: [1x1 struct]
    edges: [1x1 struct]
       BC: [1x1 struct]

Running model run (ode15s):
Run seasonal
Saving model run to
./RUN/output_304_seasonal.nc
IC initialised from struct
IC initialised from file/given & rest from parameters and given functions
36500.0/37230.0 days/days; walltime: 18.3
36501.0/37230.0 days/days; walltime: 74.6
36502.0/37230.0 days/days; walltime: 20.7
36503.0/37230.0 days/days; walltime: 17.6
36504.0/37230.0 days/days; walltime: 16.2
36505.0/37230.0 days/days; walltime: 30.6
36506.0/37230.0 days/days; walltime: 12.9
36507.0/37230.0 days/days; walltime: 10.7
36508.0/37230.0 days/days; walltime: 8.2
36509.0/37230.0 days/days; walltime: 7.2
36510.0/37230.0 days/days; walltime: 2.9
36511.0/37230.0 days/days; walltime: 3.1
36512.0/37230.0 days/days; walltime: 65.1
36513.0/37230.0 days/days; walltime: 2.3
36514.0/37230.0 days/days; walltime: 2.0
36515.0/37230.0 days/days; walltime: 1.9
36516.0/37230.0 days/days; walltime: 1.3
36517.0/37230.0 days/days; walltime: 2.3
36518.0/37230.0 days/days; walltime: 5.8
36519.0/37230.0 days/days; walltime: 1.7
36520.0/37230.0 days/days; walltime: 1.5
36521.0/37230.0 days/days; walltime: 1.0
36522.0/37230.0 days/days; walltime: 1.0
36523.0/37230.0 days/days; walltime: 0.8
36524.0/37230.0 days/days; walltime: 1.2
36525.0/37230.0 days/days; walltime: 1.6
36526.0/37230.0 days/days; walltime: 1.7
36527.0/37230.0 days/days; walltime: 184.4
36528.0/37230.0 days/days; walltime: 1.2
36529.0/37230.0 days/days; walltime: 1.2
36530.0/37230.0 days/days; walltime: 1.2
36531.0/37230.0 days/days; walltime: 1.1
36532.0/37230.0 days/days; walltime: 1.0
36533.0/37230.0 days/days; walltime: 1.0
36534.0/37230.0 days/days; walltime: 1.1
36535.0/37230.0 days/days; walltime: 1.1
36536.0/37230.0 days/days; walltime: 1.0
36537.0/37230.0 days/days; walltime: 0.9
36538.0/37230.0 days/days; walltime: 1.1
36539.0/37230.0 days/days; walltime: 0.9
36540.0/37230.0 days/days; walltime: 1.0
36541.0/37230.0 days/days; walltime: 5.6
36542.0/37230.0 days/days; walltime: 0.8
36543.0/37230.0 days/days; walltime: 0.8
36544.0/37230.0 days/days; walltime: 1.2
36545.0/37230.0 days/days; walltime: 167.1
36546.0/37230.0 days/days; walltime: 1.0
36547.0/37230.0 days/days; walltime: 1.0
36548.0/37230.0 days/days; walltime: 1.3
36549.0/37230.0 days/days; walltime: 72.9
36550.0/37230.0 days/days; walltime: 1.1
36551.0/37230.0 days/days; walltime: 0.7
36552.0/37230.0 days/days; walltime: 0.8
36553.0/37230.0 days/days; walltime: 0.4
36554.0/37230.0 days/days; walltime: 0.5
36555.0/37230.0 days/days; walltime: 1.0
36556.0/37230.0 days/days; walltime: 1.5
36557.0/37230.0 days/days; walltime: 148.9
36558.0/37230.0 days/days; walltime: 0.5
36559.0/37230.0 days/days; walltime: 0.3
36560.0/37230.0 days/days; walltime: 0.3
36561.0/37230.0 days/days; walltime: 0.4
36562.0/37230.0 days/days; walltime: 0.5
36563.0/37230.0 days/days; walltime: 0.5
36564.0/37230.0 days/days; walltime: 0.4
36565.0/37230.0 days/days; walltime: 0.7
36566.0/37230.0 days/days; walltime: 0.4
36567.0/37230.0 days/days; walltime: 0.5
36568.0/37230.0 days/days; walltime: 0.4
36569.0/37230.0 days/days; walltime: 0.5
36570.0/37230.0 days/days; walltime: 0.4
36571.0/37230.0 days/days; walltime: 0.4
36572.0/37230.0 days/days; walltime: 0.6
36573.0/37230.0 days/days; walltime: 0.6
36574.0/37230.0 days/days; walltime: 0.3
36575.0/37230.0 days/days; walltime: 0.6
36576.0/37230.0 days/days; walltime: 3.0
36577.0/37230.0 days/days; walltime: 0.7
36578.0/37230.0 days/days; walltime: 0.3
36579.0/37230.0 days/days; walltime: 0.4
36580.0/37230.0 days/days; walltime: 0.3
36581.0/37230.0 days/days; walltime: 0.4
36582.0/37230.0 days/days; walltime: 0.2
36583.0/37230.0 days/days; walltime: 0.3
36584.0/37230.0 days/days; walltime: 0.2
36585.0/37230.0 days/days; walltime: 0.4
36586.0/37230.0 days/days; walltime: 0.3
36587.0/37230.0 days/days; walltime: 0.2
36588.0/37230.0 days/days; walltime: 0.2
36589.0/37230.0 days/days; walltime: 0.2
36590.0/37230.0 days/days; walltime: 0.1
36591.0/37230.0 days/days; walltime: 2.5
36592.0/37230.0 days/days; walltime: 0.1
36593.0/37230.0 days/days; walltime: 0.2
36594.0/37230.0 days/days; walltime: 0.2
36595.0/37230.0 days/days; walltime: 0.2
36596.0/37230.0 days/days; walltime: 0.2
36597.0/37230.0 days/days; walltime: 0.2
36598.0/37230.0 days/days; walltime: 0.2
36599.0/37230.0 days/days; walltime: 0.1
36600.0/37230.0 days/days; walltime: 0.2
36601.0/37230.0 days/days; walltime: 0.2
36602.0/37230.0 days/days; walltime: 2.2
36603.0/37230.0 days/days; walltime: 0.4
36604.0/37230.0 days/days; walltime: 0.2
36605.0/37230.0 days/days; walltime: 0.4
36606.0/37230.0 days/days; walltime: 0.2
36607.0/37230.0 days/days; walltime: 0.3
36608.0/37230.0 days/days; walltime: 0.3
36609.0/37230.0 days/days; walltime: 0.2
36610.0/37230.0 days/days; walltime: 0.3
36611.0/37230.0 days/days; walltime: 0.3
36612.0/37230.0 days/days; walltime: 0.2
36613.0/37230.0 days/days; walltime: 0.4
36614.0/37230.0 days/days; walltime: 0.3
--36615.0/37230.0 days/days; walltime: 1.6
36616.0/37230.0 days/days; walltime: 6.5
36617.0/37230.0 days/days; walltime: 11.3
36618.0/37230.0 days/days; walltime: 7.9
36619.0/37230.0 days/days; walltime: 9.8
36620.0/37230.0 days/days; walltime: 33.8
36621.0/37230.0 days/days; walltime: 12.6
36622.0/37230.0 days/days; walltime: 13.4
36623.0/37230.0 days/days; walltime: 12.8
36624.0/37230.0 days/days; walltime: 13.1
36625.0/37230.0 days/days; walltime: 12.9
36626.0/37230.0 days/days; walltime: 12.5
36627.0/37230.0 days/days; walltime: 13.4
36628.0/37230.0 days/days; walltime: 12.5
36629.0/37230.0 days/days; walltime: 20.8
36630.0/37230.0 days/days; walltime: 29.1
36631.0/37230.0 days/days; walltime: 36.1
36632.0/37230.0 days/days; walltime: 27.2
36633.0/37230.0 days/days; walltime: 61.5
36634.0/37230.0 days/days; walltime: 51.9
36635.0/37230.0 days/days; walltime: 50.6
36636.0/37230.0 days/days; walltime: 48.2
36637.0/37230.0 days/days; walltime: 15.0
36638.0/37230.0 days/days; walltime: 21.7
36639.0/37230.0 days/days; walltime: 23.3
36640.0/37230.0 days/days; walltime: 27.0
36641.0/37230.0 days/days; walltime: 26.7
36642.0/37230.0 days/days; walltime: 24.7
36643.0/37230.0 days/days; walltime: 27.9
36644.0/37230.0 days/days; walltime: 13.9
36645.0/37230.0 days/days; walltime: 14.1
36646.0/37230.0 days/days; walltime: 31.2
36647.0/37230.0 days/days; walltime: 28.6
36648.0/37230.0 days/days; walltime: 65.7
36649.0/37230.0 days/days; walltime: 62.2
36650.0/37230.0 days/days; walltime: 35.9
36651.0/37230.0 days/days; walltime: 48.7
36652.0/37230.0 days/days; walltime: 35.7
36653.0/37230.0 days/days; walltime: 30.6
36654.0/37230.0 days/days; walltime: 49.2
36655.0/37230.0 days/days; walltime: 44.8
36656.0/37230.0 days/days; walltime: 29.9
36657.0/37230.0 days/days; walltime: 44.5
36658.0/37230.0 days/days; walltime: 63.8
36659.0/37230.0 days/days; walltime: 52.4
36660.0/37230.0 days/days; walltime: 26.1
36661.0/37230.0 days/days; walltime: 37.3
36662.0/37230.0 days/days; walltime: 39.0
36663.0/37230.0 days/days; walltime: 21.9
36664.0/37230.0 days/days; walltime: 55.7
36665.0/37230.0 days/days; walltime: 56.6
36666.0/37230.0 days/days; walltime: 43.5
36667.0/37230.0 days/days; walltime: 79.2
36668.0/37230.0 days/days; walltime: 35.5
36669.0/37230.0 days/days; walltime: 25.9
36670.0/37230.0 days/days; walltime: 41.6
36671.0/37230.0 days/days; walltime: 40.4
36672.0/37230.0 days/days; walltime: 17.1
36673.0/37230.0 days/days; walltime: 42.4
36674.0/37230.0 days/days; walltime: 53.4
36675.0/37230.0 days/days; walltime: 57.5
36676.0/37230.0 days/days; walltime: 41.1
36677.0/37230.0 days/days; walltime: 23.4
36678.0/37230.0 days/days; walltime: 16.2
36679.0/37230.0 days/days; walltime: 16.9
36680.0/37230.0 days/days; walltime: 29.7
36681.0/37230.0 days/days; walltime: 48.8
36682.0/37230.0 days/days; walltime: 23.7
36683.0/37230.0 days/days; walltime: 15.2
36684.0/37230.0 days/days; walltime: 34.7
36685.0/37230.0 days/days; walltime: 47.0
36686.0/37230.0 days/days; walltime: 62.0
36687.0/37230.0 days/days; walltime: 24.4
36688.0/37230.0 days/days; walltime: 41.8
36689.0/37230.0 days/days; walltime: 35.5
36690.0/37230.0 days/days; walltime: 30.4
36691.0/37230.0 days/days; walltime: 37.9
36692.0/37230.0 days/days; walltime: 38.9
36693.0/37230.0 days/days; walltime: 29.0
36694.0/37230.0 days/days; walltime: 19.0
36695.0/37230.0 days/days; walltime: 26.5
36696.0/37230.0 days/days; walltime: 19.3
36697.0/37230.0 days/days; walltime: 24.8
36698.0/37230.0 days/days; walltime: 36.6
36699.0/37230.0 days/days; walltime: 20.6
36700.0/37230.0 days/days; walltime: 6.7
36701.0/37230.0 days/days; walltime: 7.5
36702.0/37230.0 days/days; walltime: 19.1
36703.0/37230.0 days/days; walltime: 40.1
36704.0/37230.0 days/days; walltime: 7.3
36705.0/37230.0 days/days; walltime: 18.5
36706.0/37230.0 days/days; walltime: 47.9
36707.0/37230.0 days/days; walltime: 15.2
36708.0/37230.0 days/days; walltime: 25.2
36709.0/37230.0 days/days; walltime: 31.0
36710.0/37230.0 days/days; walltime: 16.9
36711.0/37230.0 days/days; walltime: 11.4
36712.0/37230.0 days/days; walltime: 7.1
36713.0/37230.0 days/days; walltime: 17.8
36714.0/37230.0 days/days; walltime: 12.8
36715.0/37230.0 days/days; walltime: 4.6
36716.0/37230.0 days/days; walltime: 16.8
36717.0/37230.0 days/days; walltime: 38.0
36718.0/37230.0 days/days; walltime: 9.2
36719.0/37230.0 days/days; walltime: 7.6
36720.0/37230.0 days/days; walltime: 9.3
36721.0/37230.0 days/days; walltime: 10.1
36722.0/37230.0 days/days; walltime: 6.7
36723.0/37230.0 days/days; walltime: 9.1
36724.0/37230.0 days/days; walltime: 12.4
36725.0/37230.0 days/days; walltime: 12.1
36726.0/37230.0 days/days; walltime: 8.9
36727.0/37230.0 days/days; walltime: 13.8
36728.0/37230.0 days/days; walltime: 11.6
36729.0/37230.0 days/days; walltime: 8.1
36730.0/37230.0 days/days; walltime: 9.0
36731.0/37230.0 days/days; walltime: 11.6
36732.0/37230.0 days/days; walltime: 10.8
36733.0/37230.0 days/days; walltime: 13.1
36734.0/37230.0 days/days; walltime: 10.7
36735.0/37230.0 days/days; walltime: 12.2
36736.0/37230.0 days/days; walltime: 14.0
36737.0/37230.0 days/days; walltime: 10.7
36738.0/37230.0 days/days; walltime: 11.1
36739.0/37230.0 days/days; walltime: 13.9
36740.0/37230.0 days/days; walltime: 10.5
36741.0/37230.0 days/days; walltime: 12.0
36742.0/37230.0 days/days; walltime: 12.4
36743.0/37230.0 days/days; walltime: 11.7
36744.0/37230.0 days/days; walltime: 9.4
36745.0/37230.0 days/days; walltime: 10.2
36746.0/37230.0 days/days; walltime: 18.0
36747.0/37230.0 days/days; walltime: 51.0
36748.0/37230.0 days/days; walltime: 16.3
36749.0/37230.0 days/days; walltime: 6.5
36750.0/37230.0 days/days; walltime: 8.0
36751.0/37230.0 days/days; walltime: 4.1
36752.0/37230.0 days/days; walltime: 1.8
36753.0/37230.0 days/days; walltime: 1.3
36754.0/37230.0 days/days; walltime: 1.3
36755.0/37230.0 days/days; walltime: 1.3
36756.0/37230.0 days/days; walltime: 1.4
36757.0/37230.0 days/days; walltime: 1.5
36758.0/37230.0 days/days; walltime: 4.4
36759.0/37230.0 days/days; walltime: 0.9
36760.0/37230.0 days/days; walltime: 0.8
36761.0/37230.0 days/days; walltime: 0.8
36762.0/37230.0 days/days; walltime: 0.8
36763.0/37230.0 days/days; walltime: 0.8
36764.0/37230.0 days/days; walltime: 0.7
36765.0/37230.0 days/days; walltime: 0.6
36766.0/37230.0 days/days; walltime: 0.8
36767.0/37230.0 days/days; walltime: 0.9
36768.0/37230.0 days/days; walltime: 0.6
36769.0/37230.0 days/days; walltime: 0.9
36770.0/37230.0 days/days; walltime: 0.6
36771.0/37230.0 days/days; walltime: 0.7
36772.0/37230.0 days/days; walltime: 0.9
36773.0/37230.0 days/days; walltime: 0.7
36774.0/37230.0 days/days; walltime: 0.6
36775.0/37230.0 days/days; walltime: 71.2
36776.0/37230.0 days/days; walltime: 0.7
36777.0/37230.0 days/days; walltime: 0.5
36778.0/37230.0 days/days; walltime: 0.6
36779.0/37230.0 days/days; walltime: 0.8
36780.0/37230.0 days/days; walltime: 0.8
36781.0/37230.0 days/days; walltime: 0.8
36782.0/37230.0 days/days; walltime: 0.6
36783.0/37230.0 days/days; walltime: 0.8
36784.0/37230.0 days/days; walltime: 1.0
36785.0/37230.0 days/days; walltime: 1.5
36786.0/37230.0 days/days; walltime: 194.8
36787.0/37230.0 days/days; walltime: 0.9
36788.0/37230.0 days/days; walltime: 0.5
36789.0/37230.0 days/days; walltime: 0.4
36790.0/37230.0 days/days; walltime: 0.5
36791.0/37230.0 days/days; walltime: 0.6
36792.0/37230.0 days/days; walltime: 0.3
36793.0/37230.0 days/days; walltime: 0.4
36794.0/37230.0 days/days; walltime: 0.2
36795.0/37230.0 days/days; walltime: 0.4
36796.0/37230.0 days/days; walltime: 0.5
36797.0/37230.0 days/days; walltime: 0.4
36798.0/37230.0 days/days; walltime: 0.5
36799.0/37230.0 days/days; walltime: 0.5
36800.0/37230.0 days/days; walltime: 0.6
36801.0/37230.0 days/days; walltime: 0.3
36802.0/37230.0 days/days; walltime: 0.5
36803.0/37230.0 days/days; walltime: 0.6
36804.0/37230.0 days/days; walltime: 0.5
36805.0/37230.0 days/days; walltime: 0.4
36806.0/37230.0 days/days; walltime: 1.0
36807.0/37230.0 days/days; walltime: 49.5
36808.0/37230.0 days/days; walltime: 0.6
36809.0/37230.0 days/days; walltime: 0.3
36810.0/37230.0 days/days; walltime: 0.5
36811.0/37230.0 days/days; walltime: 0.3
36812.0/37230.0 days/days; walltime: 0.3
36813.0/37230.0 days/days; walltime: 34.3
36814.0/37230.0 days/days; walltime: 0.3
36815.0/37230.0 days/days; walltime: 0.3
36816.0/37230.0 days/days; walltime: 0.5
36817.0/37230.0 days/days; walltime: 0.3
36818.0/37230.0 days/days; walltime: 0.5
36819.0/37230.0 days/days; walltime: 0.5
36820.0/37230.0 days/days; walltime: 0.3
36821.0/37230.0 days/days; walltime: 0.3
36822.0/37230.0 days/days; walltime: 0.2
36823.0/37230.0 days/days; walltime: 0.3
36824.0/37230.0 days/days; walltime: 0.5
36825.0/37230.0 days/days; walltime: 0.5
36826.0/37230.0 days/days; walltime: 0.3
36827.0/37230.0 days/days; walltime: 0.5
36828.0/37230.0 days/days; walltime: 0.4
36829.0/37230.0 days/days; walltime: 0.3
36830.0/37230.0 days/days; walltime: 0.5
36831.0/37230.0 days/days; walltime: 0.3
36832.0/37230.0 days/days; walltime: 0.3
36833.0/37230.0 days/days; walltime: 0.3
36834.0/37230.0 days/days; walltime: 4.3
36835.0/37230.0 days/days; walltime: 0.4
36836.0/37230.0 days/days; walltime: 0.1
36837.0/37230.0 days/days; walltime: 0.4
36838.0/37230.0 days/days; walltime: 0.3
36839.0/37230.0 days/days; walltime: 0.2
36840.0/37230.0 days/days; walltime: 0.3
36841.0/37230.0 days/days; walltime: 0.1
36842.0/37230.0 days/days; walltime: 0.3
36843.0/37230.0 days/days; walltime: 0.4
36844.0/37230.0 days/days; walltime: 0.2
36845.0/37230.0 days/days; walltime: 0.4
36846.0/37230.0 days/days; walltime: 0.2
36847.0/37230.0 days/days; walltime: 0.4
36848.0/37230.0 days/days; walltime: 0.2
36849.0/37230.0 days/days; walltime: 0.4
36850.0/37230.0 days/days; walltime: 0.2
36851.0/37230.0 days/days; walltime: 0.2
36852.0/37230.0 days/days; walltime: 0.4
36853.0/37230.0 days/days; walltime: 0.2
36854.0/37230.0 days/days; walltime: 2.2
36855.0/37230.0 days/days; walltime: 0.1
36856.0/37230.0 days/days; walltime: 0.3
36857.0/37230.0 days/days; walltime: 0.1
36858.0/37230.0 days/days; walltime: 0.3
36859.0/37230.0 days/days; walltime: 0.1
36860.0/37230.0 days/days; walltime: 0.3
36861.0/37230.0 days/days; walltime: 0.2
36862.0/37230.0 days/days; walltime: 0.4
36863.0/37230.0 days/days; walltime: 0.2
36864.0/37230.0 days/days; walltime: 0.3
36865.0/37230.0 days/days; walltime: 0.2
36866.0/37230.0 days/days; walltime: 0.4
36867.0/37230.0 days/days; walltime: 0.2
36868.0/37230.0 days/days; walltime: 0.4
36869.0/37230.0 days/days; walltime: 0.2
36870.0/37230.0 days/days; walltime: 0.3
36871.0/37230.0 days/days; walltime: 0.2
36872.0/37230.0 days/days; walltime: 0.4
36873.0/37230.0 days/days; walltime: 0.1
36874.0/37230.0 days/days; walltime: 0.2
36875.0/37230.0 days/days; walltime: 0.3
36876.0/37230.0 days/days; walltime: 0.2
36877.0/37230.0 days/days; walltime: 0.4
36878.0/37230.0 days/days; walltime: 0.1
36879.0/37230.0 days/days; walltime: 0.4
36880.0/37230.0 days/days; walltime: 0.2
36881.0/37230.0 days/days; walltime: 0.4
36882.0/37230.0 days/days; walltime: 0.1
36883.0/37230.0 days/days; walltime: 2.0
36884.0/37230.0 days/days; walltime: 0.1
36885.0/37230.0 days/days; walltime: 0.1
36886.0/37230.0 days/days; walltime: 0.1
36887.0/37230.0 days/days; walltime: 0.1
36888.0/37230.0 days/days; walltime: 0.1
36889.0/37230.0 days/days; walltime: 0.1
36890.0/37230.0 days/days; walltime: 0.1
36891.0/37230.0 days/days; walltime: 0.1
36892.0/37230.0 days/days; walltime: 0.1
36893.0/37230.0 days/days; walltime: 0.1
36894.0/37230.0 days/days; walltime: 0.1
36895.0/37230.0 days/days; walltime: 0.1
36896.0/37230.0 days/days; walltime: 0.2
36897.0/37230.0 days/days; walltime: 0.1
36898.0/37230.0 days/days; walltime: 0.3
36899.0/37230.0 days/days; walltime: 0.1
36900.0/37230.0 days/days; walltime: 0.1
36901.0/37230.0 days/days; walltime: 0.3
36902.0/37230.0 days/days; walltime: 0.1
36903.0/37230.0 days/days; walltime: 0.2
36904.0/37230.0 days/days; walltime: 0.1
36905.0/37230.0 days/days; walltime: 0.1
36906.0/37230.0 days/days; walltime: 0.3
36907.0/37230.0 days/days; walltime: 0.1
36908.0/37230.0 days/days; walltime: 0.2
36909.0/37230.0 days/days; walltime: 0.1
36910.0/37230.0 days/days; walltime: 0.1
36911.0/37230.0 days/days; walltime: 0.3
36912.0/37230.0 days/days; walltime: 0.1
36913.0/37230.0 days/days; walltime: 0.3
36914.0/37230.0 days/days; walltime: 0.1
36915.0/37230.0 days/days; walltime: 0.1
36916.0/37230.0 days/days; walltime: 0.1
36917.0/37230.0 days/days; walltime: 0.1
36918.0/37230.0 days/days; walltime: 0.1
36919.0/37230.0 days/days; walltime: 0.1
36920.0/37230.0 days/days; walltime: 0.1
36921.0/37230.0 days/days; walltime: 0.1
36922.0/37230.0 days/days; walltime: 0.1
36923.0/37230.0 days/days; walltime: 0.1
36924.0/37230.0 days/days; walltime: 0.1
36925.0/37230.0 days/days; walltime: 0.1
36926.0/37230.0 days/days; walltime: 0.1
36927.0/37230.0 days/days; walltime: 0.1
36928.0/37230.0 days/days; walltime: 0.1
36929.0/37230.0 days/days; walltime: 0.1
36930.0/37230.0 days/days; walltime: 0.1
36931.0/37230.0 days/days; walltime: 0.1
36932.0/37230.0 days/days; walltime: 0.1
36933.0/37230.0 days/days; walltime: 0.3
36934.0/37230.0 days/days; walltime: 0.1
36935.0/37230.0 days/days; walltime: 0.3
36936.0/37230.0 days/days; walltime: 0.1
36937.0/37230.0 days/days; walltime: 0.1
36938.0/37230.0 days/days; walltime: 0.2
36939.0/37230.0 days/days; walltime: 0.1
36940.0/37230.0 days/days; walltime: 0.1
36941.0/37230.0 days/days; walltime: 0.2
36942.0/37230.0 days/days; walltime: 0.1
36943.0/37230.0 days/days; walltime: 0.1
36944.0/37230.0 days/days; walltime: 0.3
36945.0/37230.0 days/days; walltime: 0.1
36946.0/37230.0 days/days; walltime: 0.1
36947.0/37230.0 days/days; walltime: 0.3
36948.0/37230.0 days/days; walltime: 0.1
36949.0/37230.0 days/days; walltime: 0.1
36950.0/37230.0 days/days; walltime: 0.4
36951.0/37230.0 days/days; walltime: 0.1
36952.0/37230.0 days/days; walltime: 0.1
36953.0/37230.0 days/days; walltime: 0.4
36954.0/37230.0 days/days; walltime: 0.1
36955.0/37230.0 days/days; walltime: 0.1
36956.0/37230.0 days/days; walltime: 0.3
36957.0/37230.0 days/days; walltime: 0.2
36958.0/37230.0 days/days; walltime: 0.1
36959.0/37230.0 days/days; walltime: 0.2
36960.0/37230.0 days/days; walltime: 0.1
36961.0/37230.0 days/days; walltime: 0.2
36962.0/37230.0 days/days; walltime: 0.1
36963.0/37230.0 days/days; walltime: 0.1
36964.0/37230.0 days/days; walltime: 0.1
36965.0/37230.0 days/days; walltime: 0.2
36966.0/37230.0 days/days; walltime: 0.1
36967.0/37230.0 days/days; walltime: 0.2
36968.0/37230.0 days/days; walltime: 0.4
36969.0/37230.0 days/days; walltime: 0.1
36970.0/37230.0 days/days; walltime: 0.1
36971.0/37230.0 days/days; walltime: 2.2
36972.0/37230.0 days/days; walltime: 0.1
36973.0/37230.0 days/days; walltime: 0.1
36974.0/37230.0 days/days; walltime: 0.3
36975.0/37230.0 days/days; walltime: 0.1
36976.0/37230.0 days/days; walltime: 0.1
36977.0/37230.0 days/days; walltime: 0.1
36978.0/37230.0 days/days; walltime: 0.2
36979.0/37230.0 days/days; walltime: 0.1
36980.0/37230.0 days/days; walltime: 1.8
36981.0/37230.0 days/days; walltime: 5.5
36982.0/37230.0 days/days; walltime: 5.5
36983.0/37230.0 days/days; walltime: 7.9
36984.0/37230.0 days/days; walltime: 23.3
36985.0/37230.0 days/days; walltime: 10.9
36986.0/37230.0 days/days; walltime: 13.8
36987.0/37230.0 days/days; walltime: 9.9
36988.0/37230.0 days/days; walltime: 13.3
36989.0/37230.0 days/days; walltime: 10.6
36990.0/37230.0 days/days; walltime: 11.3
36991.0/37230.0 days/days; walltime: 12.0
36992.0/37230.0 days/days; walltime: 10.8
36993.0/37230.0 days/days; walltime: 12.7
36994.0/37230.0 days/days; walltime: 13.0
36995.0/37230.0 days/days; walltime: 12.5
36996.0/37230.0 days/days; walltime: 14.1
36997.0/37230.0 days/days; walltime: 33.3
36998.0/37230.0 days/days; walltime: 22.7
36999.0/37230.0 days/days; walltime: 22.2
37000.0/37230.0 days/days; walltime: 25.9
37001.0/37230.0 days/days; walltime: 27.8
37002.0/37230.0 days/days; walltime: 21.1
37003.0/37230.0 days/days; walltime: 23.1
37004.0/37230.0 days/days; walltime: 12.0
37005.0/37230.0 days/days; walltime: 21.3
37006.0/37230.0 days/days; walltime: 9.8
37007.0/37230.0 days/days; walltime: 32.0
37008.0/37230.0 days/days; walltime: 10.1
37009.0/37230.0 days/days; walltime: 17.8
37010.0/37230.0 days/days; walltime: 11.6
37011.0/37230.0 days/days; walltime: 17.4
37012.0/37230.0 days/days; walltime: 26.9
37013.0/37230.0 days/days; walltime: 68.2
37014.0/37230.0 days/days; walltime: 40.4
37015.0/37230.0 days/days; walltime: 34.6
37016.0/37230.0 days/days; walltime: 52.2
37017.0/37230.0 days/days; walltime: 41.9
37018.0/37230.0 days/days; walltime: 49.6
37019.0/37230.0 days/days; walltime: 38.2
37020.0/37230.0 days/days; walltime: 63.2
37021.0/37230.0 days/days; walltime: 51.9
37022.0/37230.0 days/days; walltime: 35.6
37023.0/37230.0 days/days; walltime: 26.2
37024.0/37230.0 days/days; walltime: 57.8
37025.0/37230.0 days/days; walltime: 62.8
37026.0/37230.0 days/days; walltime: 20.1
37027.0/37230.0 days/days; walltime: 58.3
37028.0/37230.0 days/days; walltime: 41.0
37029.0/37230.0 days/days; walltime: 18.8
37030.0/37230.0 days/days; walltime: 109.3
37031.0/37230.0 days/days; walltime: 36.6
37032.0/37230.0 days/days; walltime: 29.0
37033.0/37230.0 days/days; walltime: 42.9
37034.0/37230.0 days/days; walltime: 39.1
37035.0/37230.0 days/days; walltime: 27.8
37036.0/37230.0 days/days; walltime: 72.6
37037.0/37230.0 days/days; walltime: 30.8
37038.0/37230.0 days/days; walltime: 41.4
37039.0/37230.0 days/days; walltime: 39.8
37040.0/37230.0 days/days; walltime: 42.5
37041.0/37230.0 days/days; walltime: 33.7
37042.0/37230.0 days/days; walltime: 54.7
37043.0/37230.0 days/days; walltime: 24.6
37044.0/37230.0 days/days; walltime: 14.6
37045.0/37230.0 days/days; walltime: 48.6
37046.0/37230.0 days/days; walltime: 30.8
37047.0/37230.0 days/days; walltime: 22.6
37048.0/37230.0 days/days; walltime: 41.1
37049.0/37230.0 days/days; walltime: 86.2
37050.0/37230.0 days/days; walltime: 52.6
37051.0/37230.0 days/days; walltime: 49.6
37052.0/37230.0 days/days; walltime: 40.5
37053.0/37230.0 days/days; walltime: 41.1
37054.0/37230.0 days/days; walltime: 36.3
37055.0/37230.0 days/days; walltime: 26.1
37056.0/37230.0 days/days; walltime: 28.9
37057.0/37230.0 days/days; walltime: 36.7
37058.0/37230.0 days/days; walltime: 13.8
37059.0/37230.0 days/days; walltime: 28.6
37060.0/37230.0 days/days; walltime: 22.1
37061.0/37230.0 days/days; walltime: 51.8
37062.0/37230.0 days/days; walltime: 20.4
37063.0/37230.0 days/days; walltime: 25.9
37064.0/37230.0 days/days; walltime: 6.5
37065.0/37230.0 days/days; walltime: 18.7
37066.0/37230.0 days/days; walltime: 7.4
37067.0/37230.0 days/days; walltime: 38.9
37068.0/37230.0 days/days; walltime: 22.3
37069.0/37230.0 days/days; walltime: 12.4
37070.0/37230.0 days/days; walltime: 38.9
37071.0/37230.0 days/days; walltime: 11.4
37072.0/37230.0 days/days; walltime: 16.1
37073.0/37230.0 days/days; walltime: 18.8
37074.0/37230.0 days/days; walltime: 16.3
37075.0/37230.0 days/days; walltime: 12.4
37076.0/37230.0 days/days; walltime: 24.0
37077.0/37230.0 days/days; walltime: 3.2
37078.0/37230.0 days/days; walltime: 6.5
37079.0/37230.0 days/days; walltime: 4.9
37080.0/37230.0 days/days; walltime: 4.9
37081.0/37230.0 days/days; walltime: 25.8
37082.0/37230.0 days/days; walltime: 13.8
37083.0/37230.0 days/days; walltime: 6.6
37084.0/37230.0 days/days; walltime: 6.4
37085.0/37230.0 days/days; walltime: 13.2
37086.0/37230.0 days/days; walltime: 14.6
37087.0/37230.0 days/days; walltime: 7.2
37088.0/37230.0 days/days; walltime: 16.4
37089.0/37230.0 days/days; walltime: 8.1
37090.0/37230.0 days/days; walltime: 20.2
37091.0/37230.0 days/days; walltime: 7.6
37092.0/37230.0 days/days; walltime: 13.7
37093.0/37230.0 days/days; walltime: 10.4
37094.0/37230.0 days/days; walltime: 8.3
37095.0/37230.0 days/days; walltime: 11.3
37096.0/37230.0 days/days; walltime: 9.6
37097.0/37230.0 days/days; walltime: 12.1
37098.0/37230.0 days/days; walltime: 13.2
37099.0/37230.0 days/days; walltime: 11.1
37100.0/37230.0 days/days; walltime: 15.4
37101.0/37230.0 days/days; walltime: 9.8
37102.0/37230.0 days/days; walltime: 11.6
37103.0/37230.0 days/days; walltime: 12.9
37104.0/37230.0 days/days; walltime: 12.7
37105.0/37230.0 days/days; walltime: 10.2
37106.0/37230.0 days/days; walltime: 10.1
37107.0/37230.0 days/days; walltime: 12.1
37108.0/37230.0 days/days; walltime: 16.3
37109.0/37230.0 days/days; walltime: 13.2
37110.0/37230.0 days/days; walltime: 10.9
37111.0/37230.0 days/days; walltime: 26.1
37112.0/37230.0 days/days; walltime: 15.2
37113.0/37230.0 days/days; walltime: 12.7
37114.0/37230.0 days/days; walltime: 47.0
37115.0/37230.0 days/days; walltime: 24.1
37116.0/37230.0 days/days; walltime: 2.3
37117.0/37230.0 days/days; walltime: 2.0
37118.0/37230.0 days/days; walltime: 1.7
37119.0/37230.0 days/days; walltime: 1.6
37120.0/37230.0 days/days; walltime: 1.6
37121.0/37230.0 days/days; walltime: 1.3
37122.0/37230.0 days/days; walltime: 4.2
37123.0/37230.0 days/days; walltime: 1.3
37124.0/37230.0 days/days; walltime: 1.2
37125.0/37230.0 days/days; walltime: 1.2
37126.0/37230.0 days/days; walltime: 1.2
37127.0/37230.0 days/days; walltime: 1.1
37128.0/37230.0 days/days; walltime: 1.0
37129.0/37230.0 days/days; walltime: 0.9
37130.0/37230.0 days/days; walltime: 1.0
37131.0/37230.0 days/days; walltime: 0.9
37132.0/37230.0 days/days; walltime: 0.8
37133.0/37230.0 days/days; walltime: 0.9
37134.0/37230.0 days/days; walltime: 0.8
37135.0/37230.0 days/days; walltime: 0.9
37136.0/37230.0 days/days; walltime: 0.7
37137.0/37230.0 days/days; walltime: 8.3
37138.0/37230.0 days/days; walltime: 1.2
37139.0/37230.0 days/days; walltime: 0.4
37140.0/37230.0 days/days; walltime: 0.6
37141.0/37230.0 days/days; walltime: 0.7
37142.0/37230.0 days/days; walltime: 0.7
37143.0/37230.0 days/days; walltime: 0.7
37144.0/37230.0 days/days; walltime: 0.7
37145.0/37230.0 days/days; walltime: 0.7
37146.0/37230.0 days/days; walltime: 0.6
37147.0/37230.0 days/days; walltime: 0.7
37148.0/37230.0 days/days; walltime: 3.1
37149.0/37230.0 days/days; walltime: 0.4
37150.0/37230.0 days/days; walltime: 0.5
37151.0/37230.0 days/days; walltime: 0.4
37152.0/37230.0 days/days; walltime: 0.4
37153.0/37230.0 days/days; walltime: 0.4
37154.0/37230.0 days/days; walltime: 0.4
37155.0/37230.0 days/days; walltime: 0.4
37156.0/37230.0 days/days; walltime: 0.4
37157.0/37230.0 days/days; walltime: 0.4
37158.0/37230.0 days/days; walltime: 0.2
37159.0/37230.0 days/days; walltime: 0.4
37160.0/37230.0 days/days; walltime: 0.4
37161.0/37230.0 days/days; walltime: 0.4
37162.0/37230.0 days/days; walltime: 0.4
37163.0/37230.0 days/days; walltime: 0.5
37164.0/37230.0 days/days; walltime: 0.4
37165.0/37230.0 days/days; walltime: 0.5
37166.0/37230.0 days/days; walltime: 2.3
37167.0/37230.0 days/days; walltime: 0.4
37168.0/37230.0 days/days; walltime: 0.2
37169.0/37230.0 days/days; walltime: 0.4
37170.0/37230.0 days/days; walltime: 0.4
37171.0/37230.0 days/days; walltime: 0.4
37172.0/37230.0 days/days; walltime: 0.4
37173.0/37230.0 days/days; walltime: 0.2
37174.0/37230.0 days/days; walltime: 0.4
37175.0/37230.0 days/days; walltime: 0.4
37176.0/37230.0 days/days; walltime: 0.4
37177.0/37230.0 days/days; walltime: 0.2
37178.0/37230.0 days/days; walltime: 0.4
37179.0/37230.0 days/days; walltime: 0.4
37180.0/37230.0 days/days; walltime: 0.4
37181.0/37230.0 days/days; walltime: 0.3
37182.0/37230.0 days/days; walltime: 0.5
37183.0/37230.0 days/days; walltime: 2.4
37184.0/37230.0 days/days; walltime: 0.1
37185.0/37230.0 days/days; walltime: 0.4
37186.0/37230.0 days/days; walltime: 0.4
37187.0/37230.0 days/days; walltime: 0.2
37188.0/37230.0 days/days; walltime: 0.4
37189.0/37230.0 days/days; walltime: 0.4
37190.0/37230.0 days/days; walltime: 0.1
37191.0/37230.0 days/days; walltime: 0.4
37192.0/37230.0 days/days; walltime: 0.4
37193.0/37230.0 days/days; walltime: 0.1
37194.0/37230.0 days/days; walltime: 0.4
37195.0/37230.0 days/days; walltime: 0.3
37196.0/37230.0 days/days; walltime: 0.2
37197.0/37230.0 days/days; walltime: 0.4
37198.0/37230.0 days/days; walltime: 0.5
37199.0/37230.0 days/days; walltime: 0.2
37200.0/37230.0 days/days; walltime: 0.5
37201.0/37230.0 days/days; walltime: 2.1
37202.0/37230.0 days/days; walltime: 0.3
37203.0/37230.0 days/days; walltime: 0.4
37204.0/37230.0 days/days; walltime: 0.1
37205.0/37230.0 days/days; walltime: 0.3
37206.0/37230.0 days/days; walltime: 0.1
37207.0/37230.0 days/days; walltime: 0.3
37208.0/37230.0 days/days; walltime: 0.1
37209.0/37230.0 days/days; walltime: 0.3
37210.0/37230.0 days/days; walltime: 0.3
37211.0/37230.0 days/days; walltime: 0.4
37212.0/37230.0 days/days; walltime: 0.2
37213.0/37230.0 days/days; walltime: 0.4
37214.0/37230.0 days/days; walltime: 0.2
37215.0/37230.0 days/days; walltime: 0.4
37216.0/37230.0 days/days; walltime: 0.2
37217.0/37230.0 days/days; walltime: 0.4
37218.0/37230.0 days/days; walltime: 0.2
37219.0/37230.0 days/days; walltime: 0.4
37220.0/37230.0 days/days; walltime: 0.2
37221.0/37230.0 days/days; walltime: 0.4
37222.0/37230.0 days/days; walltime: 2.0
37223.0/37230.0 days/days; walltime: 0.3
37224.0/37230.0 days/days; walltime: 0.1
37225.0/37230.0 days/days; walltime: 0.3
37226.0/37230.0 days/days; walltime: 0.1
37227.0/37230.0 days/days; walltime: 0.2
37228.0/37230.0 days/days; walltime: 0.2
37229.0/37230.0 days/days; walltime: 0.4
37230.0/37230.0 days/days; walltime: 0.4
Wallclock for model run: 8332.7s
 

fields = 

  struct with fields:

    nodes: [1x1 struct]
    edges: [1x1 struct]
       BC: [1x1 struct]

No cases left; exiting.
