Case 5:
Picked up JAVA_TOOL_OPTIONS: -Xmx2g
Opening log file:  /tmp/java.log.17684

                            < M A T L A B (R) >
                  Copyright 1984-2022 The MathWorks, Inc.
                  R2022a (9.12.0.1884302) 64-bit (glnxa64)
                             February 16, 2022

 
To get started, type doc.
For product information, visit www.mathworks.com.
 

config = 

  struct with fields:

                 k_s: 0.1000
                 l_c: 10
            n_moulin: 68
    creep_const_soft: 0
             mesh_nr: 4
                 k_c: 0.2000
               h_bed: 0.5000
               l_bed: 10
               alpha: 1.5000
                beta: 1.5000
               omega: 5.0000e-04
                 e_v: 1.0000e-04

Running model run (ode15s):
Run to steady
Saving model run to
./RUN/output_005_steady.nc
Fields, IC & BC initialised
Initial phi calculated in 1.9s
0.0/36500.0 days/days; walltime: 14.0
-----------------------------------------------------------1825.0/36500.0 days/days; walltime: 117.4
3650.0/36500.0 days/days; walltime: 3.6
5475.0/36500.0 days/days; walltime: 2.1
7300.0/36500.0 days/days; walltime: 1.4
---------9125.0/36500.0 days/days; walltime: 8.0
10950.0/36500.0 days/days; walltime: 480.5
12775.0/36500.0 days/days; walltime: 314.8
----------------------------------------------------------------------------------------------------------------------------------------------------------------------------------14600.0/36500.0 days/days; walltime: 230.4
16425.0/36500.0 days/days; walltime: 148.9
18250.0/36500.0 days/days; walltime: 171.9
20075.0/36500.0 days/days; walltime: 121.6
---------------------------------21900.0/36500.0 days/days; walltime: 20.7
23725.0/36500.0 days/days; walltime: 8.2
25550.0/36500.0 days/days; walltime: 5.2
27375.0/36500.0 days/days; walltime: 2.4
29200.0/36500.0 days/days; walltime: 2.3
31025.0/36500.0 days/days; walltime: 3.2
32850.0/36500.0 days/days; walltime: 1.0
34675.0/36500.0 days/days; walltime: 2.1
36500.0/36500.0 days/days; walltime: 1.9
Wallclock for model run: 1666.3s
 

fields = 

  struct with fields:

    nodes: [1x1 struct]
    edges: [1x1 struct]
       BC: [1x1 struct]

Running model run (ode15s):
Run seasonal
Saving model run to
./RUN/output_005_seasonal.nc
IC initialised from struct
IC initialised from file/given & rest from parameters and given functions
36500.0/37230.0 days/days; walltime: 17.7
36501.0/37230.0 days/days; walltime: 71.3
36502.0/37230.0 days/days; walltime: 9.2
36503.0/37230.0 days/days; walltime: 9.2
36504.0/37230.0 days/days; walltime: 32.6
36505.0/37230.0 days/days; walltime: 10.0
36506.0/37230.0 days/days; walltime: 3.4
36507.0/37230.0 days/days; walltime: 9.2
36508.0/37230.0 days/days; walltime: 32.9
36509.0/37230.0 days/days; walltime: 12.9
36510.0/37230.0 days/days; walltime: 34.9
36511.0/37230.0 days/days; walltime: 2.0
36512.0/37230.0 days/days; walltime: 1.8
36513.0/37230.0 days/days; walltime: 3.9
36514.0/37230.0 days/days; walltime: 1.6
36515.0/37230.0 days/days; walltime: 1.7
36516.0/37230.0 days/days; walltime: 1.7
36517.0/37230.0 days/days; walltime: 1.6
36518.0/37230.0 days/days; walltime: 1.6
36519.0/37230.0 days/days; walltime: 1.5
36520.0/37230.0 days/days; walltime: 1.4
36521.0/37230.0 days/days; walltime: 19.7
36522.0/37230.0 days/days; walltime: 37.1
36523.0/37230.0 days/days; walltime: 1.1
36524.0/37230.0 days/days; walltime: 1.0
36525.0/37230.0 days/days; walltime: 1.0
36526.0/37230.0 days/days; walltime: 1.1
36527.0/37230.0 days/days; walltime: 1.1
36528.0/37230.0 days/days; walltime: 52.5
36529.0/37230.0 days/days; walltime: 0.9
36530.0/37230.0 days/days; walltime: 1.1
36531.0/37230.0 days/days; walltime: 0.9
36532.0/37230.0 days/days; walltime: 1.0
36533.0/37230.0 days/days; walltime: 0.9
36534.0/37230.0 days/days; walltime: 39.7
36535.0/37230.0 days/days; walltime: 0.8
36536.0/37230.0 days/days; walltime: 0.5
36537.0/37230.0 days/days; walltime: 0.6
36538.0/37230.0 days/days; walltime: 0.5
36539.0/37230.0 days/days; walltime: 0.7
36540.0/37230.0 days/days; walltime: 0.4
36541.0/37230.0 days/days; walltime: 0.4
36542.0/37230.0 days/days; walltime: 0.4
36543.0/37230.0 days/days; walltime: 0.6
36544.0/37230.0 days/days; walltime: 2.3
36545.0/37230.0 days/days; walltime: 0.4
36546.0/37230.0 days/days; walltime: 0.4
36547.0/37230.0 days/days; walltime: 0.4
36548.0/37230.0 days/days; walltime: 0.4
36549.0/37230.0 days/days; walltime: 0.4
36550.0/37230.0 days/days; walltime: 0.4
36551.0/37230.0 days/days; walltime: 0.2
36552.0/37230.0 days/days; walltime: 0.2
36553.0/37230.0 days/days; walltime: 0.2
36554.0/37230.0 days/days; walltime: 0.8
36555.0/37230.0 days/days; walltime: 0.5
36556.0/37230.0 days/days; walltime: 0.5
36557.0/37230.0 days/days; walltime: 0.5
36558.0/37230.0 days/days; walltime: 0.5
36559.0/37230.0 days/days; walltime: 0.4
36560.0/37230.0 days/days; walltime: 0.5
36561.0/37230.0 days/days; walltime: 0.3
36562.0/37230.0 days/days; walltime: 0.5
36563.0/37230.0 days/days; walltime: 0.5
36564.0/37230.0 days/days; walltime: 0.3
36565.0/37230.0 days/days; walltime: 0.5
36566.0/37230.0 days/days; walltime: 0.4
36567.0/37230.0 days/days; walltime: 0.3
36568.0/37230.0 days/days; walltime: 0.3
36569.0/37230.0 days/days; walltime: 0.5
36570.0/37230.0 days/days; walltime: 0.4
36571.0/37230.0 days/days; walltime: 0.4
36572.0/37230.0 days/days; walltime: 0.4
36573.0/37230.0 days/days; walltime: 0.3
36574.0/37230.0 days/days; walltime: 0.3
36575.0/37230.0 days/days; walltime: 3.5
36576.0/37230.0 days/days; walltime: 0.4
36577.0/37230.0 days/days; walltime: 0.2
36578.0/37230.0 days/days; walltime: 0.3
36579.0/37230.0 days/days; walltime: 0.3
36580.0/37230.0 days/days; walltime: 0.2
36581.0/37230.0 days/days; walltime: 0.3
36582.0/37230.0 days/days; walltime: 0.3
36583.0/37230.0 days/days; walltime: 0.1
36584.0/37230.0 days/days; walltime: 0.3
36585.0/37230.0 days/days; walltime: 0.2
36586.0/37230.0 days/days; walltime: 0.3
36587.0/37230.0 days/days; walltime: 0.1
36588.0/37230.0 days/days; walltime: 0.3
36589.0/37230.0 days/days; walltime: 0.2
36590.0/37230.0 days/days; walltime: 0.3
36591.0/37230.0 days/days; walltime: 0.1
36592.0/37230.0 days/days; walltime: 0.3
36593.0/37230.0 days/days; walltime: 0.2
36594.0/37230.0 days/days; walltime: 0.1
36595.0/37230.0 days/days; walltime: 0.3
36596.0/37230.0 days/days; walltime: 0.1
36597.0/37230.0 days/days; walltime: 0.3
36598.0/37230.0 days/days; walltime: 0.3
36599.0/37230.0 days/days; walltime: 0.1
36600.0/37230.0 days/days; walltime: 0.3
36601.0/37230.0 days/days; walltime: 0.2
36602.0/37230.0 days/days; walltime: 0.3
36603.0/37230.0 days/days; walltime: 0.1
36604.0/37230.0 days/days; walltime: 0.3
36605.0/37230.0 days/days; walltime: 0.3
36606.0/37230.0 days/days; walltime: 0.1
36607.0/37230.0 days/days; walltime: 0.3
36608.0/37230.0 days/days; walltime: 0.1
36609.0/37230.0 days/days; walltime: 0.3
36610.0/37230.0 days/days; walltime: 0.1
36611.0/37230.0 days/days; walltime: 0.3
36612.0/37230.0 days/days; walltime: 0.1
36613.0/37230.0 days/days; walltime: 0.3
36614.0/37230.0 days/days; walltime: 0.1
36615.0/37230.0 days/days; walltime: 0.3
36616.0/37230.0 days/days; walltime: 0.1
36617.0/37230.0 days/days; walltime: 0.3
36618.0/37230.0 days/days; walltime: 0.1
36619.0/37230.0 days/days; walltime: 0.3
36620.0/37230.0 days/days; walltime: 0.1
36621.0/37230.0 days/days; walltime: 0.3
36622.0/37230.0 days/days; walltime: 0.4
-36623.0/37230.0 days/days; walltime: 70.7
36624.0/37230.0 days/days; walltime: 59.7
36625.0/37230.0 days/days; walltime: 30.1
36626.0/37230.0 days/days; walltime: 0.3
36627.0/37230.0 days/days; walltime: 0.3
36628.0/37230.0 days/days; walltime: 0.3
36629.0/37230.0 days/days; walltime: 0.1
36630.0/37230.0 days/days; walltime: 0.3
36631.0/37230.0 days/days; walltime: 0.3
36632.0/37230.0 days/days; walltime: 0.1
36633.0/37230.0 days/days; walltime: 0.3
36634.0/37230.0 days/days; walltime: 0.1
36635.0/37230.0 days/days; walltime: 0.3
36636.0/37230.0 days/days; walltime: 0.2
36637.0/37230.0 days/days; walltime: 0.1
--36638.0/37230.0 days/days; walltime: 21.7
36639.0/37230.0 days/days; walltime: 91.9
36640.0/37230.0 days/days; walltime: 82.3
36641.0/37230.0 days/days; walltime: 70.1
36642.0/37230.0 days/days; walltime: 1.6
36643.0/37230.0 days/days; walltime: 1.4
36644.0/37230.0 days/days; walltime: 1.4
36645.0/37230.0 days/days; walltime: 1.3
36646.0/37230.0 days/days; walltime: 1.2
36647.0/37230.0 days/days; walltime: 1.3
36648.0/37230.0 days/days; walltime: 1.0
36649.0/37230.0 days/days; walltime: 1.1
36650.0/37230.0 days/days; walltime: 1.1
36651.0/37230.0 days/days; walltime: 0.8
36652.0/37230.0 days/days; walltime: 1.6
36653.0/37230.0 days/days; walltime: 75.5
36654.0/37230.0 days/days; walltime: 107.5
36655.0/37230.0 days/days; walltime: 465.1
36656.0/37230.0 days/days; walltime: 340.3
36657.0/37230.0 days/days; walltime: 488.5
36658.0/37230.0 days/days; walltime: 570.2
36659.0/37230.0 days/days; walltime: 166.5
36660.0/37230.0 days/days; walltime: 643.5
36661.0/37230.0 days/days; walltime: 292.4
36662.0/37230.0 days/days; walltime: 506.1
36663.0/37230.0 days/days; walltime: 253.2
36664.0/37230.0 days/days; walltime: 51.0
36665.0/37230.0 days/days; walltime: 50.8
36666.0/37230.0 days/days; walltime: 170.3
36667.0/37230.0 days/days; walltime: 219.8
36668.0/37230.0 days/days; walltime: 1020.8
36669.0/37230.0 days/days; walltime: 796.7
36670.0/37230.0 days/days; walltime: 89.5
36671.0/37230.0 days/days; walltime: 75.4
36672.0/37230.0 days/days; walltime: 142.3
36673.0/37230.0 days/days; walltime: 496.0
36674.0/37230.0 days/days; walltime: 478.1
36675.0/37230.0 days/days; walltime: 111.9
36676.0/37230.0 days/days; walltime: 591.7
36677.0/37230.0 days/days; walltime: 762.2
36678.0/37230.0 days/days; walltime: 147.4
36679.0/37230.0 days/days; walltime: 321.8
36680.0/37230.0 days/days; walltime: 298.1
36681.0/37230.0 days/days; walltime: 164.4
36682.0/37230.0 days/days; walltime: 116.5
36683.0/37230.0 days/days; walltime: 625.0
36684.0/37230.0 days/days; walltime: 821.3
36685.0/37230.0 days/days; walltime: 1963.3
36686.0/37230.0 days/days; walltime: 1389.0
36687.0/37230.0 days/days; walltime: 839.1
36688.0/37230.0 days/days; walltime: 243.0
36689.0/37230.0 days/days; walltime: 813.7
36690.0/37230.0 days/days; walltime: 945.9
36691.0/37230.0 days/days; walltime: 423.7
36692.0/37230.0 days/days; walltime: 418.9
36693.0/37230.0 days/days; walltime: 221.7
36694.0/37230.0 days/days; walltime: 85.0
36695.0/37230.0 days/days; walltime: 103.6
36696.0/37230.0 days/days; walltime: 98.4
36697.0/37230.0 days/days; walltime: 348.5
36698.0/37230.0 days/days; walltime: 604.7
36699.0/37230.0 days/days; walltime: 606.5
36700.0/37230.0 days/days; walltime: 468.5
36701.0/37230.0 days/days; walltime: 387.3
36702.0/37230.0 days/days; walltime: 96.9
36703.0/37230.0 days/days; walltime: 195.9
36704.0/37230.0 days/days; walltime: 278.9
36705.0/37230.0 days/days; walltime: 316.7
36706.0/37230.0 days/days; walltime: 380.5
36707.0/37230.0 days/days; walltime: 332.4
36708.0/37230.0 days/days; walltime: 481.8
36709.0/37230.0 days/days; walltime: 356.7
36710.0/37230.0 days/days; walltime: 119.5
36711.0/37230.0 days/days; walltime: 443.5
36712.0/37230.0 days/days; walltime: 197.7
36713.0/37230.0 days/days; walltime: 616.8
36714.0/37230.0 days/days; walltime: 155.1
36715.0/37230.0 days/days; walltime: 158.3
36716.0/37230.0 days/days; walltime: 129.7
36717.0/37230.0 days/days; walltime: 96.2
36718.0/37230.0 days/days; walltime: 92.5
36719.0/37230.0 days/days; walltime: 57.0
36720.0/37230.0 days/days; walltime: 697.1
36721.0/37230.0 days/days; walltime: 733.4
36722.0/37230.0 days/days; walltime: 827.2
36723.0/37230.0 days/days; walltime: 410.1
36724.0/37230.0 days/days; walltime: 483.9
36725.0/37230.0 days/days; walltime: 630.9
36726.0/37230.0 days/days; walltime: 159.1
36727.0/37230.0 days/days; walltime: 130.0
36728.0/37230.0 days/days; walltime: 1031.6
36729.0/37230.0 days/days; walltime: 792.7
36730.0/37230.0 days/days; walltime: 1319.4
36731.0/37230.0 days/days; walltime: 806.0
36732.0/37230.0 days/days; walltime: 160.2
36733.0/37230.0 days/days; walltime: 576.0
36734.0/37230.0 days/days; walltime: 304.1
36735.0/37230.0 days/days; walltime: 80.1
36736.0/37230.0 days/days; walltime: 217.8
36737.0/37230.0 days/days; walltime: 71.0
36738.0/37230.0 days/days; walltime: 60.0
36739.0/37230.0 days/days; walltime: 169.7
36740.0/37230.0 days/days; walltime: 165.2
36741.0/37230.0 days/days; walltime: 900.7
36742.0/37230.0 days/days; walltime: 1988.2
36743.0/37230.0 days/days; walltime: 2796.2
36744.0/37230.0 days/days; walltime: 1035.3
36745.0/37230.0 days/days; walltime: 296.7
36746.0/37230.0 days/days; walltime: 314.9
36747.0/37230.0 days/days; walltime: 683.5
36748.0/37230.0 days/days; walltime: 898.0
36749.0/37230.0 days/days; walltime: 1905.7
36750.0/37230.0 days/days; walltime: 408.9
36751.0/37230.0 days/days; walltime: 230.2
36752.0/37230.0 days/days; walltime: 500.7
36753.0/37230.0 days/days; walltime: 118.6
36754.0/37230.0 days/days; walltime: 99.0
36755.0/37230.0 days/days; walltime: 63.4
36756.0/37230.0 days/days; walltime: 33.7
36757.0/37230.0 days/days; walltime: 12.4
36758.0/37230.0 days/days; walltime: 4.6
36759.0/37230.0 days/days; walltime: 5.5
36760.0/37230.0 days/days; walltime: 57.6
36761.0/37230.0 days/days; walltime: 305.6
36762.0/37230.0 days/days; walltime: 270.0
36763.0/37230.0 days/days; walltime: 13.8
36764.0/37230.0 days/days; walltime: 207.2
36765.0/37230.0 days/days; walltime: 166.9
36766.0/37230.0 days/days; walltime: 2.7
36767.0/37230.0 days/days; walltime: 3.7
36768.0/37230.0 days/days; walltime: 1.9
36769.0/37230.0 days/days; walltime: 1.7
36770.0/37230.0 days/days; walltime: 1.4
36771.0/37230.0 days/days; walltime: 1.4
36772.0/37230.0 days/days; walltime: 3.7
36773.0/37230.0 days/days; walltime: 1.6
36774.0/37230.0 days/days; walltime: 0.7
36775.0/37230.0 days/days; walltime: 0.8
36776.0/37230.0 days/days; walltime: 0.8
36777.0/37230.0 days/days; walltime: 0.8
36778.0/37230.0 days/days; walltime: 0.8
36779.0/37230.0 days/days; walltime: 0.8
36780.0/37230.0 days/days; walltime: 0.7
36781.0/37230.0 days/days; walltime: 4.8
36782.0/37230.0 days/days; walltime: 74.2
36783.0/37230.0 days/days; walltime: 216.4
36784.0/37230.0 days/days; walltime: 654.7
36785.0/37230.0 days/days; walltime: 655.1
36786.0/37230.0 days/days; walltime: 75.2
36787.0/37230.0 days/days; walltime: 56.3
36788.0/37230.0 days/days; walltime: 27.8
36789.0/37230.0 days/days; walltime: 46.1
36790.0/37230.0 days/days; walltime: 77.3
36791.0/37230.0 days/days; walltime: 15.3
36792.0/37230.0 days/days; walltime: 42.8
36793.0/37230.0 days/days; walltime: 13.4
36794.0/37230.0 days/days; walltime: 36.5
36795.0/37230.0 days/days; walltime: 23.2
36796.0/37230.0 days/days; walltime: 24.5
36797.0/37230.0 days/days; walltime: 7.9
36798.0/37230.0 days/days; walltime: 4.3
36799.0/37230.0 days/days; walltime: 1.0
36800.0/37230.0 days/days; walltime: 1.2
36801.0/37230.0 days/days; walltime: 1.5
36802.0/37230.0 days/days; walltime: 1.3
36803.0/37230.0 days/days; walltime: 4.0
36804.0/37230.0 days/days; walltime: 1.6
36805.0/37230.0 days/days; walltime: 0.9
36806.0/37230.0 days/days; walltime: 0.8
36807.0/37230.0 days/days; walltime: 0.8
36808.0/37230.0 days/days; walltime: 0.6
36809.0/37230.0 days/days; walltime: 0.7
36810.0/37230.0 days/days; walltime: 0.6
36811.0/37230.0 days/days; walltime: 0.5
36812.0/37230.0 days/days; walltime: 0.9
36813.0/37230.0 days/days; walltime: 0.9
36814.0/37230.0 days/days; walltime: 0.6
36815.0/37230.0 days/days; walltime: 0.5
36816.0/37230.0 days/days; walltime: 4.1
36817.0/37230.0 days/days; walltime: 0.5
36818.0/37230.0 days/days; walltime: 0.5
36819.0/37230.0 days/days; walltime: 0.4
36820.0/37230.0 days/days; walltime: 0.4
36821.0/37230.0 days/days; walltime: 0.4
36822.0/37230.0 days/days; walltime: 0.4
36823.0/37230.0 days/days; walltime: 0.4
36824.0/37230.0 days/days; walltime: 0.4
36825.0/37230.0 days/days; walltime: 0.4
36826.0/37230.0 days/days; walltime: 0.4
36827.0/37230.0 days/days; walltime: 0.4
36828.0/37230.0 days/days; walltime: 0.2
36829.0/37230.0 days/days; walltime: 0.4
36830.0/37230.0 days/days; walltime: 0.4
36831.0/37230.0 days/days; walltime: 0.4
36832.0/37230.0 days/days; walltime: 0.2
36833.0/37230.0 days/days; walltime: 0.4
36834.0/37230.0 days/days; walltime: 0.3
36835.0/37230.0 days/days; walltime: 0.2
36836.0/37230.0 days/days; walltime: 0.4
36837.0/37230.0 days/days; walltime: 0.3
36838.0/37230.0 days/days; walltime: 0.2
36839.0/37230.0 days/days; walltime: 0.4
36840.0/37230.0 days/days; walltime: 0.3
36841.0/37230.0 days/days; walltime: 0.1
36842.0/37230.0 days/days; walltime: 0.3
36843.0/37230.0 days/days; walltime: 0.1
36844.0/37230.0 days/days; walltime: 0.3
36845.0/37230.0 days/days; walltime: 0.4
36846.0/37230.0 days/days; walltime: 0.1
36847.0/37230.0 days/days; walltime: 0.3
36848.0/37230.0 days/days; walltime: 0.1
36849.0/37230.0 days/days; walltime: 0.4
36850.0/37230.0 days/days; walltime: 0.1
36851.0/37230.0 days/days; walltime: 0.3
36852.0/37230.0 days/days; walltime: 0.1
36853.0/37230.0 days/days; walltime: 0.3
36854.0/37230.0 days/days; walltime: 0.1
36855.0/37230.0 days/days; walltime: 0.3
36856.0/37230.0 days/days; walltime: 0.3
36857.0/37230.0 days/days; walltime: 0.2
36858.0/37230.0 days/days; walltime: 0.2
36859.0/37230.0 days/days; walltime: 0.2
36860.0/37230.0 days/days; walltime: 0.2
36861.0/37230.0 days/days; walltime: 0.2
36862.0/37230.0 days/days; walltime: 0.2
36863.0/37230.0 days/days; walltime: 0.5
36864.0/37230.0 days/days; walltime: 0.3
36865.0/37230.0 days/days; walltime: 3.4
36866.0/37230.0 days/days; walltime: 0.5
36867.0/37230.0 days/days; walltime: 0.4
36868.0/37230.0 days/days; walltime: 0.1
36869.0/37230.0 days/days; walltime: 0.3
36870.0/37230.0 days/days; walltime: 0.1
36871.0/37230.0 days/days; walltime: 0.3
36872.0/37230.0 days/days; walltime: 0.1
36873.0/37230.0 days/days; walltime: 0.3
36874.0/37230.0 days/days; walltime: 0.1
36875.0/37230.0 days/days; walltime: 0.2
36876.0/37230.0 days/days; walltime: 0.1
36877.0/37230.0 days/days; walltime: 0.3
36878.0/37230.0 days/days; walltime: 0.1
36879.0/37230.0 days/days; walltime: 0.3
36880.0/37230.0 days/days; walltime: 0.1
36881.0/37230.0 days/days; walltime: 0.1
36882.0/37230.0 days/days; walltime: 0.3
36883.0/37230.0 days/days; walltime: 0.1
36884.0/37230.0 days/days; walltime: 0.3
36885.0/37230.0 days/days; walltime: 0.1
36886.0/37230.0 days/days; walltime: 0.3
36887.0/37230.0 days/days; walltime: 0.1
36888.0/37230.0 days/days; walltime: 0.1
36889.0/37230.0 days/days; walltime: 0.3
36890.0/37230.0 days/days; walltime: 0.1
36891.0/37230.0 days/days; walltime: 0.3
36892.0/37230.0 days/days; walltime: 0.1
36893.0/37230.0 days/days; walltime: 0.1
36894.0/37230.0 days/days; walltime: 0.3
36895.0/37230.0 days/days; walltime: 0.1
36896.0/37230.0 days/days; walltime: 0.3
36897.0/37230.0 days/days; walltime: 0.1
36898.0/37230.0 days/days; walltime: 0.1
36899.0/37230.0 days/days; walltime: 0.3
36900.0/37230.0 days/days; walltime: 0.1
36901.0/37230.0 days/days; walltime: 0.1
36902.0/37230.0 days/days; walltime: 0.3
36903.0/37230.0 days/days; walltime: 0.1
36904.0/37230.0 days/days; walltime: 0.1
36905.0/37230.0 days/days; walltime: 0.3
36906.0/37230.0 days/days; walltime: 0.1
36907.0/37230.0 days/days; walltime: 0.1
36908.0/37230.0 days/days; walltime: 0.1
36909.0/37230.0 days/days; walltime: 0.3
36910.0/37230.0 days/days; walltime: 0.1
36911.0/37230.0 days/days; walltime: 0.1
36912.0/37230.0 days/days; walltime: 0.3
36913.0/37230.0 days/days; walltime: 0.1
36914.0/37230.0 days/days; walltime: 0.1
36915.0/37230.0 days/days; walltime: 0.3
36916.0/37230.0 days/days; walltime: 0.1
36917.0/37230.0 days/days; walltime: 0.1
36918.0/37230.0 days/days; walltime: 0.3
36919.0/37230.0 days/days; walltime: 0.1
36920.0/37230.0 days/days; walltime: 0.1
36921.0/37230.0 days/days; walltime: 0.3
36922.0/37230.0 days/days; walltime: 0.1
36923.0/37230.0 days/days; walltime: 0.1
36924.0/37230.0 days/days; walltime: 0.3
36925.0/37230.0 days/days; walltime: 0.1
36926.0/37230.0 days/days; walltime: 0.1
36927.0/37230.0 days/days; walltime: 0.3
36928.0/37230.0 days/days; walltime: 0.1
36929.0/37230.0 days/days; walltime: 0.1
36930.0/37230.0 days/days; walltime: 0.2
36931.0/37230.0 days/days; walltime: 0.1
36932.0/37230.0 days/days; walltime: 0.1
36933.0/37230.0 days/days; walltime: 0.3
36934.0/37230.0 days/days; walltime: 0.1
36935.0/37230.0 days/days; walltime: 0.1
36936.0/37230.0 days/days; walltime: 0.3
36937.0/37230.0 days/days; walltime: 0.1
36938.0/37230.0 days/days; walltime: 0.1
36939.0/37230.0 days/days; walltime: 0.1
36940.0/37230.0 days/days; walltime: 0.3
36941.0/37230.0 days/days; walltime: 0.1
36942.0/37230.0 days/days; walltime: 0.1
36943.0/37230.0 days/days; walltime: 0.1
36944.0/37230.0 days/days; walltime: 0.3
36945.0/37230.0 days/days; walltime: 0.1
36946.0/37230.0 days/days; walltime: 0.1
36947.0/37230.0 days/days; walltime: 0.1
36948.0/37230.0 days/days; walltime: 0.2
36949.0/37230.0 days/days; walltime: 0.1
36950.0/37230.0 days/days; walltime: 0.1
36951.0/37230.0 days/days; walltime: 0.3
36952.0/37230.0 days/days; walltime: 0.1
36953.0/37230.0 days/days; walltime: 0.1
36954.0/37230.0 days/days; walltime: 0.1
36955.0/37230.0 days/days; walltime: 0.4
36956.0/37230.0 days/days; walltime: 0.1
36957.0/37230.0 days/days; walltime: 0.1
36958.0/37230.0 days/days; walltime: 0.1
36959.0/37230.0 days/days; walltime: 0.1
36960.0/37230.0 days/days; walltime: 0.3
36961.0/37230.0 days/days; walltime: 0.2
36962.0/37230.0 days/days; walltime: 0.1
36963.0/37230.0 days/days; walltime: 0.3
36964.0/37230.0 days/days; walltime: 0.1
36965.0/37230.0 days/days; walltime: 0.1
36966.0/37230.0 days/days; walltime: 0.1
36967.0/37230.0 days/days; walltime: 0.2
36968.0/37230.0 days/days; walltime: 0.3
36969.0/37230.0 days/days; walltime: 0.1
36970.0/37230.0 days/days; walltime: 0.1
36971.0/37230.0 days/days; walltime: 0.1
36972.0/37230.0 days/days; walltime: 0.3
36973.0/37230.0 days/days; walltime: 0.1
36974.0/37230.0 days/days; walltime: 0.2
36975.0/37230.0 days/days; walltime: 0.3
36976.0/37230.0 days/days; walltime: 0.1
36977.0/37230.0 days/days; walltime: 0.1
36978.0/37230.0 days/days; walltime: 0.1
36979.0/37230.0 days/days; walltime: 0.3
36980.0/37230.0 days/days; walltime: 0.1
36981.0/37230.0 days/days; walltime: 0.1
36982.0/37230.0 days/days; walltime: 0.4
36983.0/37230.0 days/days; walltime: 0.1
36984.0/37230.0 days/days; walltime: 0.1
36985.0/37230.0 days/days; walltime: 0.3
36986.0/37230.0 days/days; walltime: 0.1
--36987.0/37230.0 days/days; walltime: 3.2
36988.0/37230.0 days/days; walltime: 86.0
36989.0/37230.0 days/days; walltime: 82.4
36990.0/37230.0 days/days; walltime: 3.7
36991.0/37230.0 days/days; walltime: 0.6
36992.0/37230.0 days/days; walltime: 0.4
36993.0/37230.0 days/days; walltime: 0.4
36994.0/37230.0 days/days; walltime: 0.5
36995.0/37230.0 days/days; walltime: 0.1
36996.0/37230.0 days/days; walltime: 0.3
36997.0/37230.0 days/days; walltime: 0.4
36998.0/37230.0 days/days; walltime: 0.4
36999.0/37230.0 days/days; walltime: 0.2
37000.0/37230.0 days/days; walltime: 31.5
37001.0/37230.0 days/days; walltime: 34.6
37002.0/37230.0 days/days; walltime: 0.4
--37003.0/37230.0 days/days; walltime: 21.6
37004.0/37230.0 days/days; walltime: 111.2
37005.0/37230.0 days/days; walltime: 102.8
37006.0/37230.0 days/days; walltime: 66.8
37007.0/37230.0 days/days; walltime: 1.8
37008.0/37230.0 days/days; walltime: 1.8
37009.0/37230.0 days/days; walltime: 1.4
37010.0/37230.0 days/days; walltime: 1.7
37011.0/37230.0 days/days; walltime: 1.4
37012.0/37230.0 days/days; walltime: 1.6
37013.0/37230.0 days/days; walltime: 3.3
37014.0/37230.0 days/days; walltime: 1.1
37015.0/37230.0 days/days; walltime: 1.2
37016.0/37230.0 days/days; walltime: 1.0
37017.0/37230.0 days/days; walltime: 1.0
37018.0/37230.0 days/days; walltime: 106.8
37019.0/37230.0 days/days; walltime: 131.8
37020.0/37230.0 days/days; walltime: 553.0
37021.0/37230.0 days/days; walltime: 434.6
37022.0/37230.0 days/days; walltime: 648.0
37023.0/37230.0 days/days; walltime: 612.8
37024.0/37230.0 days/days; walltime: 228.7
slurmstepd: error: *** JOB 60926113 ON cdr616 CANCELLED AT 2023-02-25T00:25:10 DUE TO TIME LIMIT ***
