Case 3:
Picked up JAVA_TOOL_OPTIONS: -Xmx2g
Opening log file:  /tmp/java.log.19024

                            < M A T L A B (R) >
                  Copyright 1984-2022 The MathWorks, Inc.
                  R2022a (9.12.0.1884302) 64-bit (glnxa64)
                             February 16, 2022

 
To get started, type doc.
For product information, visit www.mathworks.com.
 

config = 

  struct with fields:

                 k_s: 0.1000
                 l_c: 10
            n_moulin: 68
    creep_const_soft: 0
             mesh_nr: 4
                 k_c: 0.2000
               h_bed: 0.5000
               l_bed: 10
               alpha: 3
                beta: 2
               omega: 0
                 e_v: 1.0000e-04

Running model run (ode15s):
Run to steady
Saving model run to
./RUN/output_003_steady.nc
Fields, IC & BC initialised
Initial phi calculated in 1.4s
0.0/36500.0 days/days; walltime: 17.9
--------------------------------------------------------------------------------------------------------------------------------------------------------------------------------------------1825.0/36500.0 days/days; walltime: 156.3
--------------------------------------------------------------------------3650.0/36500.0 days/days; walltime: 5.9
-------------------5475.0/36500.0 days/days; walltime: 1.5
------------7300.0/36500.0 days/days; walltime: 0.9
----------------------------------------------------------------------------------------------------------------------------------------9125.0/36500.0 days/days; walltime: 8.4
---------------------------------------------------------------------------------------------------------------------------------------------------------------------------------------------------------------------------------------------------------------------------slurmstepd: error: *** JOB 61198639 ON cdr526 CANCELLED AT 2023-02-26T19:50:39 ***
