Case 1:
Picked up JAVA_TOOL_OPTIONS: -Xmx2g
Opening log file:  /tmp/java.log.4534

                            < M A T L A B (R) >
                  Copyright 1984-2022 The MathWorks, Inc.
                  R2022a (9.12.0.1884302) 64-bit (glnxa64)
                             February 16, 2022

 
To get started, type doc.
For product information, visit www.mathworks.com.
 

config = 

  struct with fields:

                 k_s: 0.0094
                 l_c: 10
            n_moulin: 68
    creep_const_soft: 0
             mesh_nr: 4
                 k_c: 0.2000
               h_bed: 0.5000
               l_bed: 10
               alpha: 1.2500
                beta: 1.5000
               omega: 0
                 e_v: 1.0000e-04

Running model run (ode15s):
Run to steady
Saving model run to
./RUN/output_101_steady.nc
Fields, IC & BC initialised
Initial phi calculated in 1.6s
0.0/36500.0 days/days; walltime: 24.3
-----------------------------------------------------------------------------------------------------------------------------------1825.0/36500.0 days/days; walltime: 235.5
----------------------------------------------------------3650.0/36500.0 days/days; walltime: 4.9
------------------------5475.0/36500.0 days/days; walltime: 2.0
------------7300.0/36500.0 days/days; walltime: 1.1
--------------------------------------------------------------------------------------------------------------------------------------------------------------------9125.0/36500.0 days/days; walltime: 13.3
---------------------------------------------------------------------------------------------------------------------------------------------------------------------------------------------------------------------------------------------------------------------------------------------------------------------------------------------------------------------------------------------------------------------------------------------------------------------------------------------------------------------------------------------------------------------------------------------------------------------------------------------------------------------------------------------------------------------------------------------------------------------------------------------------------------------------------------------------------------------------------------------------------------------------------------------------------------------------------------------------------------------------------------------------------------------------------------------------------------------------------------------------------------------------------------------------------------------------------------------------------------------------------------------------------------------------------------------------------------------------------------------------------------------------------------------------------------------------------------------------------------------------------------------------------------------------------------------------------------------------------------------------------------------------------------------------------------------------------------------------------------------------------------------------------------------------------------------------------------------------------------------------------------------------------------------------------------------------------------------------------------------------------------------------------------------------------------------------------------------------------------------------------------------------------------------------------------------------------------------------------------------------------------------------------------------------------------------------------------------------------------------------------------------------------------------------------------------------------------------------------------------------------------------------------------------------------------------------------------------------------------------------------------------------------------------------------------------------------------------------------------------------------------------------------------------------------------------------------------------------------------------------------------------------------------------------------------------------------------------------------------------------------------------------------------------------------------------------------------------------------------------------------------------------------------------------------------------------------------------------------------------------------------------------------------------------------------------------------------------------------------------------------------------------------------------------------------------------------------------------------------------------------10950.0/36500.0 days/days; walltime: 245.3
-------------------------------------------------------------------------------------------------------------------------------------------------------------------------------------------------------------------------------------------------------------------------------------------------------------------------------------------------------------------------------------------------------------------------------------------------------------------------------------------------------------------------------------------------------------------------------------------------------------------------------------------------------------------------------------------------------------------------------------------------------------------------------------------------------------------------------------------------------------------------------------------------------------------------------------------------------------------------------------------------------------------------------------------------------------------------12775.0/36500.0 days/days; walltime: 83.9
-------------------------------------------------------------------------------------------------------------------------------------------------------------------------------------------------------------------------------------14600.0/36500.0 days/days; walltime: 144.2
---------------------------------------------------------------------------16425.0/36500.0 days/days; walltime: 136.4
------------------------------------------------------18250.0/36500.0 days/days; walltime: 198.1
-------------20075.0/36500.0 days/days; walltime: 32.8
21900.0/36500.0 days/days; walltime: 14.8
23725.0/36500.0 days/days; walltime: 6.3
25550.0/36500.0 days/days; walltime: 11.0
27375.0/36500.0 days/days; walltime: 12.3
29200.0/36500.0 days/days; walltime: 6.9
31025.0/36500.0 days/days; walltime: 3.4
32850.0/36500.0 days/days; walltime: 3.0
34675.0/36500.0 days/days; walltime: 4.1
36500.0/36500.0 days/days; walltime: 1.6
Wallclock for model run: 1191.5s
 

fields = 

  struct with fields:

    nodes: [1x1 struct]
    edges: [1x1 struct]
       BC: [1x1 struct]

Running model run (ode15s):
Run seasonal
Saving model run to
./RUN/output_101_seasonal.nc
IC initialised from struct
IC initialised from file/given & rest from parameters and given functions
-36500.0/36682.0 days/days; walltime: 21.6
36501.0/36682.0 days/days; walltime: 87.9
36502.0/36682.0 days/days; walltime: 37.4
36503.0/36682.0 days/days; walltime: 11.1
--36504.0/36682.0 days/days; walltime: 4.0
36505.0/36682.0 days/days; walltime: 2.3
36506.0/36682.0 days/days; walltime: 4.1
36507.0/36682.0 days/days; walltime: 1.1
36508.0/36682.0 days/days; walltime: 1.5
36509.0/36682.0 days/days; walltime: 1.4
36510.0/36682.0 days/days; walltime: 1.3
36511.0/36682.0 days/days; walltime: 1.3
36512.0/36682.0 days/days; walltime: 3.3
36513.0/36682.0 days/days; walltime: 0.7
36514.0/36682.0 days/days; walltime: 0.8
36515.0/36682.0 days/days; walltime: 0.6
36516.0/36682.0 days/days; walltime: 0.9
36517.0/36682.0 days/days; walltime: 0.6
36518.0/36682.0 days/days; walltime: 0.8
36519.0/36682.0 days/days; walltime: 0.6
36520.0/36682.0 days/days; walltime: 0.6
---36521.0/36682.0 days/days; walltime: 0.6
----------------------------------------36522.0/36682.0 days/days; walltime: 2.7
--------36523.0/36682.0 days/days; walltime: 0.6
36524.0/36682.0 days/days; walltime: 0.2
36525.0/36682.0 days/days; walltime: 0.4
36526.0/36682.0 days/days; walltime: 0.4
36527.0/36682.0 days/days; walltime: 0.4
36528.0/36682.0 days/days; walltime: 0.4
36529.0/36682.0 days/days; walltime: 0.4
-36530.0/36682.0 days/days; walltime: 0.5
36531.0/36682.0 days/days; walltime: 0.3
36532.0/36682.0 days/days; walltime: 0.3
-----------------------------------36533.0/36682.0 days/days; walltime: 2.6
-36534.0/36682.0 days/days; walltime: 0.3
36535.0/36682.0 days/days; walltime: 0.5
36536.0/36682.0 days/days; walltime: 0.1
36537.0/36682.0 days/days; walltime: 0.3
36538.0/36682.0 days/days; walltime: 0.4
36539.0/36682.0 days/days; walltime: 0.1
36540.0/36682.0 days/days; walltime: 0.3
36541.0/36682.0 days/days; walltime: 0.1
-36542.0/36682.0 days/days; walltime: 0.3
-36543.0/36682.0 days/days; walltime: 0.1
-36544.0/36682.0 days/days; walltime: 0.3
36545.0/36682.0 days/days; walltime: 0.1
36546.0/36682.0 days/days; walltime: 0.3
36547.0/36682.0 days/days; walltime: 0.1
36548.0/36682.0 days/days; walltime: 0.1
36549.0/36682.0 days/days; walltime: 0.3
36550.0/36682.0 days/days; walltime: 0.1
36551.0/36682.0 days/days; walltime: 0.3
36552.0/36682.0 days/days; walltime: 0.1
36553.0/36682.0 days/days; walltime: 0.3
36554.0/36682.0 days/days; walltime: 0.1
-36555.0/36682.0 days/days; walltime: 0.3
36556.0/36682.0 days/days; walltime: 0.3
36557.0/36682.0 days/days; walltime: 0.1
36558.0/36682.0 days/days; walltime: 0.1
36559.0/36682.0 days/days; walltime: 0.4
36560.0/36682.0 days/days; walltime: 0.1
36561.0/36682.0 days/days; walltime: 0.1
36562.0/36682.0 days/days; walltime: 0.3
36563.0/36682.0 days/days; walltime: 0.1
36564.0/36682.0 days/days; walltime: 0.1
36565.0/36682.0 days/days; walltime: 0.4
36566.0/36682.0 days/days; walltime: 0.1
36567.0/36682.0 days/days; walltime: 0.1
36568.0/36682.0 days/days; walltime: 2.5
36569.0/36682.0 days/days; walltime: 0.1
36570.0/36682.0 days/days; walltime: 0.1
36571.0/36682.0 days/days; walltime: 0.3
36572.0/36682.0 days/days; walltime: 0.3
36573.0/36682.0 days/days; walltime: 0.1
36574.0/36682.0 days/days; walltime: 0.3
36575.0/36682.0 days/days; walltime: 0.1
36576.0/36682.0 days/days; walltime: 0.1
36577.0/36682.0 days/days; walltime: 0.1
36578.0/36682.0 days/days; walltime: 0.3
36579.0/36682.0 days/days; walltime: 0.1
36580.0/36682.0 days/days; walltime: 0.1
36581.0/36682.0 days/days; walltime: 0.3
36582.0/36682.0 days/days; walltime: 0.1
36583.0/36682.0 days/days; walltime: 0.1
36584.0/36682.0 days/days; walltime: 0.1
36585.0/36682.0 days/days; walltime: 0.3
36586.0/36682.0 days/days; walltime: 0.1
36587.0/36682.0 days/days; walltime: 0.1
36588.0/36682.0 days/days; walltime: 0.1
36590.0/36682.0 days/days; walltime: 0.3
36591.0/36682.0 days/days; walltime: 0.1
36592.0/36682.0 days/days; walltime: 0.1
36593.0/36682.0 days/days; walltime: 0.1
36594.0/36682.0 days/days; walltime: 0.3
36595.0/36682.0 days/days; walltime: 0.1
36596.0/36682.0 days/days; walltime: 0.1
36598.0/36682.0 days/days; walltime: 0.1
36599.0/36682.0 days/days; walltime: 0.3
36600.0/36682.0 days/days; walltime: 0.1
36601.0/36682.0 days/days; walltime: 0.1
36602.0/36682.0 days/days; walltime: 0.1
36604.0/36682.0 days/days; walltime: 0.3
36605.0/36682.0 days/days; walltime: 0.1
36606.0/36682.0 days/days; walltime: 0.1
36607.0/36682.0 days/days; walltime: 0.1
36609.0/36682.0 days/days; walltime: 0.3
36610.0/36682.0 days/days; walltime: 0.1
36611.0/36682.0 days/days; walltime: 0.1
36612.0/36682.0 days/days; walltime: 0.1
36614.0/36682.0 days/days; walltime: 0.3
36615.0/36682.0 days/days; walltime: 0.1
36616.0/36682.0 days/days; walltime: 0.1
36618.0/36682.0 days/days; walltime: 0.1
36619.0/36682.0 days/days; walltime: 0.3
36621.0/36682.0 days/days; walltime: 0.1
--36622.0/36682.0 days/days; walltime: 2.6
--36623.0/36682.0 days/days; walltime: 47.0
36624.0/36682.0 days/days; walltime: 63.1
36625.0/36682.0 days/days; walltime: 1.3
36626.0/36682.0 days/days; walltime: 0.6
36627.0/36682.0 days/days; walltime: 0.5
36628.0/36682.0 days/days; walltime: 0.5
36629.0/36682.0 days/days; walltime: 0.3
36630.0/36682.0 days/days; walltime: 0.1
36631.0/36682.0 days/days; walltime: 0.3
36632.0/36682.0 days/days; walltime: 0.3
36633.0/36682.0 days/days; walltime: 0.1
36634.0/36682.0 days/days; walltime: 0.1
36635.0/36682.0 days/days; walltime: 0.1
36636.0/36682.0 days/days; walltime: 0.3
--36637.0/36682.0 days/days; walltime: 2.5
36638.0/36682.0 days/days; walltime: 10.4
36639.0/36682.0 days/days; walltime: 69.3
36640.0/36682.0 days/days; walltime: 68.1
36641.0/36682.0 days/days; walltime: 28.7
36642.0/36682.0 days/days; walltime: 2.0
36643.0/36682.0 days/days; walltime: 3.0
36644.0/36682.0 days/days; walltime: 0.5
36645.0/36682.0 days/days; walltime: 0.5
36646.0/36682.0 days/days; walltime: 0.5
36647.0/36682.0 days/days; walltime: 0.5
36648.0/36682.0 days/days; walltime: 0.3
36649.0/36682.0 days/days; walltime: 0.4
36650.0/36682.0 days/days; walltime: 0.3
36651.0/36682.0 days/days; walltime: 0.1
-36652.0/36682.0 days/days; walltime: 2.7
36653.0/36682.0 days/days; walltime: 64.2
36654.0/36682.0 days/days; walltime: 97.0
36655.0/36682.0 days/days; walltime: 156.0
36656.0/36682.0 days/days; walltime: 114.7
36657.0/36682.0 days/days; walltime: 146.8
36658.0/36682.0 days/days; walltime: 522.2
36659.0/36682.0 days/days; walltime: 193.9
36660.0/36682.0 days/days; walltime: 377.8
36661.0/36682.0 days/days; walltime: 122.7
36662.0/36682.0 days/days; walltime: 169.5
36663.0/36682.0 days/days; walltime: 99.7
36664.0/36682.0 days/days; walltime: 77.7
36665.0/36682.0 days/days; walltime: 79.6
36666.0/36682.0 days/days; walltime: 169.1
36667.0/36682.0 days/days; walltime: 176.2
36668.0/36682.0 days/days; walltime: 606.9
36669.0/36682.0 days/days; walltime: 249.2
36670.0/36682.0 days/days; walltime: 236.4
36671.0/36682.0 days/days; walltime: 95.3
36672.0/36682.0 days/days; walltime: 87.3
36673.0/36682.0 days/days; walltime: 118.2
36674.0/36682.0 days/days; walltime: 55.3
36675.0/36682.0 days/days; walltime: 126.2
36676.0/36682.0 days/days; walltime: 193.5
36677.0/36682.0 days/days; walltime: 353.5
36678.0/36682.0 days/days; walltime: 120.4
36679.0/36682.0 days/days; walltime: 95.1
36680.0/36682.0 days/days; walltime: 52.5
36681.0/36682.0 days/days; walltime: 38.7
36682.0/36682.0 days/days; walltime: 30.9
Wallclock for model run: 5549.3s
 

fields = 

  struct with fields:

    nodes: [1x1 struct]
    edges: [1x1 struct]
       BC: [1x1 struct]

No cases left; exiting.
