Case 5:
Picked up JAVA_TOOL_OPTIONS: -Xmx2g
Opening log file:  /tmp/java.log.55510

                            < M A T L A B (R) >
                  Copyright 1984-2022 The MathWorks, Inc.
                  R2022a (9.12.0.1884302) 64-bit (glnxa64)
                             February 16, 2022

 
To get started, type doc.
For product information, visit www.mathworks.com.
 

config = 

  struct with fields:

                 k_s: 0.1000
                 l_c: 10
            n_moulin: 68
    creep_const_soft: 0
             mesh_nr: 4
                 k_c: 0.2000
               h_bed: 0.5000
               l_bed: 10
               alpha: 1.5000
                beta: 1.5000
               omega: 5.0000e-04
                 e_v: 1.0000e-04

Running model run (ode15s):
Run to steady
Saving model run to
./RUN/output_205_steady.nc
Fields, IC & BC initialised
Initial phi calculated in 2.8s
0.0/36500.0 days/days; walltime: 22.7
---------------------------------------------------------1825.0/36500.0 days/days; walltime: 214.5
3650.0/36500.0 days/days; walltime: 6.2
5475.0/36500.0 days/days; walltime: 1.3
7300.0/36500.0 days/days; walltime: 0.5
-------------9125.0/36500.0 days/days; walltime: 13.2
10950.0/36500.0 days/days; walltime: 825.8
12775.0/36500.0 days/days; walltime: 477.0
14600.0/36500.0 days/days; walltime: 302.8
16425.0/36500.0 days/days; walltime: 287.5
18250.0/36500.0 days/days; walltime: 234.4
------20075.0/36500.0 days/days; walltime: 62.2
21900.0/36500.0 days/days; walltime: 2.8
23725.0/36500.0 days/days; walltime: 0.9
25550.0/36500.0 days/days; walltime: 0.4
27375.0/36500.0 days/days; walltime: 0.3
31025.0/36500.0 days/days; walltime: 0.1
34675.0/36500.0 days/days; walltime: 0.3
Wallclock for model run: 2452.8s
 

fields = 

  struct with fields:

    nodes: [1x1 struct]
    edges: [1x1 struct]
       BC: [1x1 struct]

Running model run (ode15s):
Run seasonal
Saving model run to
./RUN/output_205_seasonal.nc
IC initialised from struct
IC initialised from file/given & rest from parameters and given functions
36500.0/37230.0 days/days; walltime: 21.1
36501.0/37230.0 days/days; walltime: 74.1
36502.0/37230.0 days/days; walltime: 12.1
36503.0/37230.0 days/days; walltime: 9.9
36504.0/37230.0 days/days; walltime: 9.7
36505.0/37230.0 days/days; walltime: 12.0
36506.0/37230.0 days/days; walltime: 19.6
36507.0/37230.0 days/days; walltime: 4.9
36508.0/37230.0 days/days; walltime: 9.1
36509.0/37230.0 days/days; walltime: 2.7
36510.0/37230.0 days/days; walltime: 7.5
36511.0/37230.0 days/days; walltime: 5.0
36512.0/37230.0 days/days; walltime: 2.2
36513.0/37230.0 days/days; walltime: 1.8
36514.0/37230.0 days/days; walltime: 18.6
36515.0/37230.0 days/days; walltime: 2.0
36516.0/37230.0 days/days; walltime: 1.8
36517.0/37230.0 days/days; walltime: 1.8
36518.0/37230.0 days/days; walltime: 1.8
36519.0/37230.0 days/days; walltime: 1.6
36520.0/37230.0 days/days; walltime: 1.4
36521.0/37230.0 days/days; walltime: 1.6
36522.0/37230.0 days/days; walltime: 1.3
36523.0/37230.0 days/days; walltime: 1.6
36524.0/37230.0 days/days; walltime: 5.9
36525.0/37230.0 days/days; walltime: 1.4
36526.0/37230.0 days/days; walltime: 1.2
36527.0/37230.0 days/days; walltime: 1.1
36528.0/37230.0 days/days; walltime: 1.3
36529.0/37230.0 days/days; walltime: 1.2
36530.0/37230.0 days/days; walltime: 1.0
36531.0/37230.0 days/days; walltime: 1.1
36532.0/37230.0 days/days; walltime: 1.1
36533.0/37230.0 days/days; walltime: 1.1
36534.0/37230.0 days/days; walltime: 0.9
36535.0/37230.0 days/days; walltime: 1.0
36536.0/37230.0 days/days; walltime: 0.8
36537.0/37230.0 days/days; walltime: 0.8
36538.0/37230.0 days/days; walltime: 2.6
36539.0/37230.0 days/days; walltime: 0.7
36540.0/37230.0 days/days; walltime: 0.8
36541.0/37230.0 days/days; walltime: 0.7
36542.0/37230.0 days/days; walltime: 0.7
36543.0/37230.0 days/days; walltime: 0.7
36544.0/37230.0 days/days; walltime: 0.9
36545.0/37230.0 days/days; walltime: 0.7
36546.0/37230.0 days/days; walltime: 0.7
36547.0/37230.0 days/days; walltime: 0.6
36548.0/37230.0 days/days; walltime: 0.7
36549.0/37230.0 days/days; walltime: 0.9
36550.0/37230.0 days/days; walltime: 2.6
36551.0/37230.0 days/days; walltime: 0.5
36552.0/37230.0 days/days; walltime: 0.4
36553.0/37230.0 days/days; walltime: 0.4
36554.0/37230.0 days/days; walltime: 0.5
36555.0/37230.0 days/days; walltime: 0.4
36556.0/37230.0 days/days; walltime: 0.4
36557.0/37230.0 days/days; walltime: 0.5
36558.0/37230.0 days/days; walltime: 2.6
36559.0/37230.0 days/days; walltime: 0.4
36560.0/37230.0 days/days; walltime: 0.4
36561.0/37230.0 days/days; walltime: 0.5
36562.0/37230.0 days/days; walltime: 0.6
36563.0/37230.0 days/days; walltime: 0.5
36564.0/37230.0 days/days; walltime: 0.5
36565.0/37230.0 days/days; walltime: 0.4
36566.0/37230.0 days/days; walltime: 0.4
36567.0/37230.0 days/days; walltime: 2.4
36568.0/37230.0 days/days; walltime: 0.2
36569.0/37230.0 days/days; walltime: 0.3
36570.0/37230.0 days/days; walltime: 0.2
36571.0/37230.0 days/days; walltime: 2.7
36572.0/37230.0 days/days; walltime: 0.6
36573.0/37230.0 days/days; walltime: 0.6
36574.0/37230.0 days/days; walltime: 0.5
36575.0/37230.0 days/days; walltime: 0.6
36576.0/37230.0 days/days; walltime: 0.6
36577.0/37230.0 days/days; walltime: 0.4
36578.0/37230.0 days/days; walltime: 0.5
36579.0/37230.0 days/days; walltime: 2.6
36580.0/37230.0 days/days; walltime: 0.4
36581.0/37230.0 days/days; walltime: 0.4
36582.0/37230.0 days/days; walltime: 0.5
36583.0/37230.0 days/days; walltime: 0.5
36584.0/37230.0 days/days; walltime: 0.5
36585.0/37230.0 days/days; walltime: 0.2
36586.0/37230.0 days/days; walltime: 0.5
36587.0/37230.0 days/days; walltime: 0.5
36588.0/37230.0 days/days; walltime: 0.2
36589.0/37230.0 days/days; walltime: 0.5
36590.0/37230.0 days/days; walltime: 0.5
36591.0/37230.0 days/days; walltime: 0.3
36592.0/37230.0 days/days; walltime: 0.5
36593.0/37230.0 days/days; walltime: 0.2
36594.0/37230.0 days/days; walltime: 0.4
36595.0/37230.0 days/days; walltime: 0.5
36596.0/37230.0 days/days; walltime: 0.3
36597.0/37230.0 days/days; walltime: 0.4
36598.0/37230.0 days/days; walltime: 0.4
36599.0/37230.0 days/days; walltime: 0.4
36600.0/37230.0 days/days; walltime: 0.2
36601.0/37230.0 days/days; walltime: 0.3
36602.0/37230.0 days/days; walltime: 0.4
36603.0/37230.0 days/days; walltime: 0.1
36604.0/37230.0 days/days; walltime: 0.3
36605.0/37230.0 days/days; walltime: 0.1
36606.0/37230.0 days/days; walltime: 0.4
36607.0/37230.0 days/days; walltime: 0.1
36608.0/37230.0 days/days; walltime: 0.3
36609.0/37230.0 days/days; walltime: 0.1
36610.0/37230.0 days/days; walltime: 0.3
36611.0/37230.0 days/days; walltime: 0.4
36612.0/37230.0 days/days; walltime: 0.1
36613.0/37230.0 days/days; walltime: 0.3
36614.0/37230.0 days/days; walltime: 0.1
36615.0/37230.0 days/days; walltime: 0.3
36616.0/37230.0 days/days; walltime: 0.1
36617.0/37230.0 days/days; walltime: 0.3
36618.0/37230.0 days/days; walltime: 0.1
36619.0/37230.0 days/days; walltime: 0.3
36620.0/37230.0 days/days; walltime: 0.1
36621.0/37230.0 days/days; walltime: 0.1
36622.0/37230.0 days/days; walltime: 0.3
----36623.0/37230.0 days/days; walltime: 33.3
36624.0/37230.0 days/days; walltime: 32.0
36625.0/37230.0 days/days; walltime: 5.2
36626.0/37230.0 days/days; walltime: 1.6
36627.0/37230.0 days/days; walltime: 1.0
36628.0/37230.0 days/days; walltime: 0.6
36629.0/37230.0 days/days; walltime: 0.6
36630.0/37230.0 days/days; walltime: 0.4
36631.0/37230.0 days/days; walltime: 0.2
36632.0/37230.0 days/days; walltime: 0.4
36633.0/37230.0 days/days; walltime: 0.2
36634.0/37230.0 days/days; walltime: 0.2
36635.0/37230.0 days/days; walltime: 0.2
36636.0/37230.0 days/days; walltime: 0.4
36637.0/37230.0 days/days; walltime: 0.1
36638.0/37230.0 days/days; walltime: 12.5
36639.0/37230.0 days/days; walltime: 43.8
36640.0/37230.0 days/days; walltime: 90.4
36641.0/37230.0 days/days; walltime: 29.7
36642.0/37230.0 days/days; walltime: 7.7
36643.0/37230.0 days/days; walltime: 1.7
36644.0/37230.0 days/days; walltime: 0.6
36645.0/37230.0 days/days; walltime: 0.6
36646.0/37230.0 days/days; walltime: 0.7
36647.0/37230.0 days/days; walltime: 1.2
36648.0/37230.0 days/days; walltime: 3.7
36649.0/37230.0 days/days; walltime: 1.2
36650.0/37230.0 days/days; walltime: 0.8
36651.0/37230.0 days/days; walltime: 0.9
36652.0/37230.0 days/days; walltime: 1.0
36653.0/37230.0 days/days; walltime: 41.5
36654.0/37230.0 days/days; walltime: 59.0
36655.0/37230.0 days/days; walltime: 222.0
36656.0/37230.0 days/days; walltime: 157.2
36657.0/37230.0 days/days; walltime: 276.7
36658.0/37230.0 days/days; walltime: 553.5
36659.0/37230.0 days/days; walltime: 196.3
36660.0/37230.0 days/days; walltime: 413.1
36661.0/37230.0 days/days; walltime: 107.4
36662.0/37230.0 days/days; walltime: 295.7
36663.0/37230.0 days/days; walltime: 87.3
36664.0/37230.0 days/days; walltime: 64.2
36665.0/37230.0 days/days; walltime: 49.8
36666.0/37230.0 days/days; walltime: 103.0
36667.0/37230.0 days/days; walltime: 104.8
36668.0/37230.0 days/days; walltime: 669.4
36669.0/37230.0 days/days; walltime: 249.7
36670.0/37230.0 days/days; walltime: 300.4
36671.0/37230.0 days/days; walltime: 187.7
36672.0/37230.0 days/days; walltime: 101.8
36673.0/37230.0 days/days; walltime: 275.2
36674.0/37230.0 days/days; walltime: 231.6
36675.0/37230.0 days/days; walltime: 62.6
36676.0/37230.0 days/days; walltime: 275.6
36677.0/37230.0 days/days; walltime: 501.7
36678.0/37230.0 days/days; walltime: 111.2
36679.0/37230.0 days/days; walltime: 138.5
36680.0/37230.0 days/days; walltime: 104.2
36681.0/37230.0 days/days; walltime: 96.7
36682.0/37230.0 days/days; walltime: 47.6
36683.0/37230.0 days/days; walltime: 175.1
36684.0/37230.0 days/days; walltime: 200.1
36685.0/37230.0 days/days; walltime: 575.1
36686.0/37230.0 days/days; walltime: 531.0
36687.0/37230.0 days/days; walltime: 337.2
36688.0/37230.0 days/days; walltime: 145.7
36689.0/37230.0 days/days; walltime: 351.1
36690.0/37230.0 days/days; walltime: 509.5
36691.0/37230.0 days/days; walltime: 189.2
36692.0/37230.0 days/days; walltime: 191.6
36693.0/37230.0 days/days; walltime: 83.5
36694.0/37230.0 days/days; walltime: 69.1
36695.0/37230.0 days/days; walltime: 55.6
36696.0/37230.0 days/days; walltime: 70.6
36697.0/37230.0 days/days; walltime: 127.9
36698.0/37230.0 days/days; walltime: 298.2
36699.0/37230.0 days/days; walltime: 217.9
36700.0/37230.0 days/days; walltime: 257.8
36701.0/37230.0 days/days; walltime: 195.4
36702.0/37230.0 days/days; walltime: 92.5
36703.0/37230.0 days/days; walltime: 60.1
36704.0/37230.0 days/days; walltime: 225.4
36705.0/37230.0 days/days; walltime: 409.6
36706.0/37230.0 days/days; walltime: 352.1
36707.0/37230.0 days/days; walltime: 185.8
36708.0/37230.0 days/days; walltime: 217.5
36709.0/37230.0 days/days; walltime: 169.2
36710.0/37230.0 days/days; walltime: 101.0
36711.0/37230.0 days/days; walltime: 277.6
36712.0/37230.0 days/days; walltime: 109.1
36713.0/37230.0 days/days; walltime: 354.3
36714.0/37230.0 days/days; walltime: 118.4
36715.0/37230.0 days/days; walltime: 92.3
36716.0/37230.0 days/days; walltime: 48.0
36717.0/37230.0 days/days; walltime: 39.9
36718.0/37230.0 days/days; walltime: 31.9
36719.0/37230.0 days/days; walltime: 14.6
36720.0/37230.0 days/days; walltime: 260.4
36721.0/37230.0 days/days; walltime: 333.7
36722.0/37230.0 days/days; walltime: 409.1
36723.0/37230.0 days/days; walltime: 388.7
36724.0/37230.0 days/days; walltime: 231.8
36725.0/37230.0 days/days; walltime: 312.4
36726.0/37230.0 days/days; walltime: 187.7
36727.0/37230.0 days/days; walltime: 88.8
36728.0/37230.0 days/days; walltime: 542.8
36729.0/37230.0 days/days; walltime: 498.6
36730.0/37230.0 days/days; walltime: 400.6
36731.0/37230.0 days/days; walltime: 170.1
36732.0/37230.0 days/days; walltime: 120.3
36733.0/37230.0 days/days; walltime: 433.0
36734.0/37230.0 days/days; walltime: 130.7
36735.0/37230.0 days/days; walltime: 84.4
36736.0/37230.0 days/days; walltime: 166.8
36737.0/37230.0 days/days; walltime: 53.2
36738.0/37230.0 days/days; walltime: 55.7
36739.0/37230.0 days/days; walltime: 76.5
36740.0/37230.0 days/days; walltime: 65.7
36741.0/37230.0 days/days; walltime: 472.9
36742.0/37230.0 days/days; walltime: 767.5
36743.0/37230.0 days/days; walltime: 1053.8
36744.0/37230.0 days/days; walltime: 526.1
36745.0/37230.0 days/days; walltime: 261.2
36746.0/37230.0 days/days; walltime: 210.8
36747.0/37230.0 days/days; walltime: 553.1
36748.0/37230.0 days/days; walltime: 272.7
36749.0/37230.0 days/days; walltime: 621.4
36750.0/37230.0 days/days; walltime: 144.9
36751.0/37230.0 days/days; walltime: 66.6
36752.0/37230.0 days/days; walltime: 207.0
36753.0/37230.0 days/days; walltime: 62.5
36754.0/37230.0 days/days; walltime: 61.7
36755.0/37230.0 days/days; walltime: 41.5
36756.0/37230.0 days/days; walltime: 29.0
36757.0/37230.0 days/days; walltime: 17.9
36758.0/37230.0 days/days; walltime: 19.6
36759.0/37230.0 days/days; walltime: 10.9
36760.0/37230.0 days/days; walltime: 18.5
36761.0/37230.0 days/days; walltime: 181.1
36762.0/37230.0 days/days; walltime: 169.8
36763.0/37230.0 days/days; walltime: 9.2
36764.0/37230.0 days/days; walltime: 101.3
36765.0/37230.0 days/days; walltime: 122.3
36766.0/37230.0 days/days; walltime: 6.0
36767.0/37230.0 days/days; walltime: 3.0
36768.0/37230.0 days/days; walltime: 2.4
36769.0/37230.0 days/days; walltime: 2.4
36770.0/37230.0 days/days; walltime: 4.0
36771.0/37230.0 days/days; walltime: 3.8
36772.0/37230.0 days/days; walltime: 1.6
36773.0/37230.0 days/days; walltime: 1.5
36774.0/37230.0 days/days; walltime: 5.1
36775.0/37230.0 days/days; walltime: 1.8
36776.0/37230.0 days/days; walltime: 0.9
36777.0/37230.0 days/days; walltime: 0.8
36778.0/37230.0 days/days; walltime: 0.8
36779.0/37230.0 days/days; walltime: 0.5
36780.0/37230.0 days/days; walltime: 0.8
36781.0/37230.0 days/days; walltime: 0.8
-36782.0/37230.0 days/days; walltime: 39.1
36783.0/37230.0 days/days; walltime: 147.5
36784.0/37230.0 days/days; walltime: 255.2
36785.0/37230.0 days/days; walltime: 649.0
36786.0/37230.0 days/days; walltime: 128.4
36787.0/37230.0 days/days; walltime: 30.7
36788.0/37230.0 days/days; walltime: 7.8
36789.0/37230.0 days/days; walltime: 43.5
36790.0/37230.0 days/days; walltime: 35.1
36791.0/37230.0 days/days; walltime: 15.3
36792.0/37230.0 days/days; walltime: 45.9
36793.0/37230.0 days/days; walltime: 31.8
36794.0/37230.0 days/days; walltime: 18.1
36795.0/37230.0 days/days; walltime: 28.1
36796.0/37230.0 days/days; walltime: 9.4
36797.0/37230.0 days/days; walltime: 1.8
36798.0/37230.0 days/days; walltime: 28.7
36799.0/37230.0 days/days; walltime: 6.7
36800.0/37230.0 days/days; walltime: 1.1
36801.0/37230.0 days/days; walltime: 7.8
36802.0/37230.0 days/days; walltime: 4.3
36803.0/37230.0 days/days; walltime: 0.9
36804.0/37230.0 days/days; walltime: 0.8
36805.0/37230.0 days/days; walltime: 0.6
36806.0/37230.0 days/days; walltime: 0.8
36807.0/37230.0 days/days; walltime: 0.9
36808.0/37230.0 days/days; walltime: 0.7
36809.0/37230.0 days/days; walltime: 0.9
36810.0/37230.0 days/days; walltime: 0.6
36811.0/37230.0 days/days; walltime: 0.6
36812.0/37230.0 days/days; walltime: 0.9
36813.0/37230.0 days/days; walltime: 0.6
36814.0/37230.0 days/days; walltime: 0.7
36815.0/37230.0 days/days; walltime: 0.7
36816.0/37230.0 days/days; walltime: 1.0
36817.0/37230.0 days/days; walltime: 0.6
36818.0/37230.0 days/days; walltime: 0.7
36819.0/37230.0 days/days; walltime: 0.6
36820.0/37230.0 days/days; walltime: 0.5
36821.0/37230.0 days/days; walltime: 0.6
36822.0/37230.0 days/days; walltime: 0.6
36823.0/37230.0 days/days; walltime: 0.5
36824.0/37230.0 days/days; walltime: 0.6
36825.0/37230.0 days/days; walltime: 0.5
36826.0/37230.0 days/days; walltime: 0.4
36827.0/37230.0 days/days; walltime: 0.5
36828.0/37230.0 days/days; walltime: 3.8
36829.0/37230.0 days/days; walltime: 2.6
36830.0/37230.0 days/days; walltime: 0.1
36831.0/37230.0 days/days; walltime: 0.2
36832.0/37230.0 days/days; walltime: 0.2
36833.0/37230.0 days/days; walltime: 0.4
36834.0/37230.0 days/days; walltime: 0.4
36835.0/37230.0 days/days; walltime: 0.2
36836.0/37230.0 days/days; walltime: 0.4
36837.0/37230.0 days/days; walltime: 0.3
36838.0/37230.0 days/days; walltime: 0.2
36839.0/37230.0 days/days; walltime: 0.4
36840.0/37230.0 days/days; walltime: 0.3
36841.0/37230.0 days/days; walltime: 0.2
36842.0/37230.0 days/days; walltime: 0.3
36843.0/37230.0 days/days; walltime: 0.4
36844.0/37230.0 days/days; walltime: 0.1
36845.0/37230.0 days/days; walltime: 0.4
36846.0/37230.0 days/days; walltime: 0.1
36847.0/37230.0 days/days; walltime: 0.4
36848.0/37230.0 days/days; walltime: 0.3
36849.0/37230.0 days/days; walltime: 0.1
36850.0/37230.0 days/days; walltime: 0.4
36851.0/37230.0 days/days; walltime: 0.1
36852.0/37230.0 days/days; walltime: 0.3
36853.0/37230.0 days/days; walltime: 0.1
36854.0/37230.0 days/days; walltime: 0.4
36855.0/37230.0 days/days; walltime: 0.3
36856.0/37230.0 days/days; walltime: 0.1
36857.0/37230.0 days/days; walltime: 0.3
36858.0/37230.0 days/days; walltime: 0.2
36859.0/37230.0 days/days; walltime: 0.3
36860.0/37230.0 days/days; walltime: 0.1
36861.0/37230.0 days/days; walltime: 0.3
36862.0/37230.0 days/days; walltime: 0.1
36863.0/37230.0 days/days; walltime: 0.3
36864.0/37230.0 days/days; walltime: 0.1
36865.0/37230.0 days/days; walltime: 0.3
36866.0/37230.0 days/days; walltime: 0.4
36867.0/37230.0 days/days; walltime: 0.1
36868.0/37230.0 days/days; walltime: 0.3
36869.0/37230.0 days/days; walltime: 0.1
36870.0/37230.0 days/days; walltime: 0.1
36871.0/37230.0 days/days; walltime: 0.3
36872.0/37230.0 days/days; walltime: 0.1
36873.0/37230.0 days/days; walltime: 0.3
36874.0/37230.0 days/days; walltime: 0.1
36875.0/37230.0 days/days; walltime: 0.3
36876.0/37230.0 days/days; walltime: 0.1
36877.0/37230.0 days/days; walltime: 0.2
36878.0/37230.0 days/days; walltime: 0.1
36879.0/37230.0 days/days; walltime: 0.3
36880.0/37230.0 days/days; walltime: 0.1
36881.0/37230.0 days/days; walltime: 0.1
36882.0/37230.0 days/days; walltime: 0.3
36883.0/37230.0 days/days; walltime: 0.1
36884.0/37230.0 days/days; walltime: 0.2
36885.0/37230.0 days/days; walltime: 0.1
36886.0/37230.0 days/days; walltime: 0.3
36887.0/37230.0 days/days; walltime: 0.1
36888.0/37230.0 days/days; walltime: 0.2
36889.0/37230.0 days/days; walltime: 0.3
36890.0/37230.0 days/days; walltime: 0.1
36891.0/37230.0 days/days; walltime: 0.3
36892.0/37230.0 days/days; walltime: 0.1
36893.0/37230.0 days/days; walltime: 0.2
36894.0/37230.0 days/days; walltime: 0.3
36895.0/37230.0 days/days; walltime: 0.1
36896.0/37230.0 days/days; walltime: 0.1
36897.0/37230.0 days/days; walltime: 0.4
36898.0/37230.0 days/days; walltime: 0.1
36899.0/37230.0 days/days; walltime: 0.4
36900.0/37230.0 days/days; walltime: 0.1
36901.0/37230.0 days/days; walltime: 3.7
36902.0/37230.0 days/days; walltime: 0.2
36903.0/37230.0 days/days; walltime: 0.3
36904.0/37230.0 days/days; walltime: 0.1
36905.0/37230.0 days/days; walltime: 0.1
36906.0/37230.0 days/days; walltime: 0.1
36907.0/37230.0 days/days; walltime: 0.1
36908.0/37230.0 days/days; walltime: 0.1
36909.0/37230.0 days/days; walltime: 0.1
36910.0/37230.0 days/days; walltime: 0.1
36911.0/37230.0 days/days; walltime: 0.1
36912.0/37230.0 days/days; walltime: 0.1
36913.0/37230.0 days/days; walltime: 0.1
36914.0/37230.0 days/days; walltime: 0.1
36915.0/37230.0 days/days; walltime: 0.1
36916.0/37230.0 days/days; walltime: 0.1
36917.0/37230.0 days/days; walltime: 0.1
36918.0/37230.0 days/days; walltime: 0.1
36919.0/37230.0 days/days; walltime: 0.1
36920.0/37230.0 days/days; walltime: 0.1
36921.0/37230.0 days/days; walltime: 0.1
36922.0/37230.0 days/days; walltime: 0.1
36923.0/37230.0 days/days; walltime: 0.1
36924.0/37230.0 days/days; walltime: 0.3
36925.0/37230.0 days/days; walltime: 0.1
36926.0/37230.0 days/days; walltime: 0.3
36927.0/37230.0 days/days; walltime: 0.1
36928.0/37230.0 days/days; walltime: 0.1
36929.0/37230.0 days/days; walltime: 0.3
36930.0/37230.0 days/days; walltime: 0.1
36931.0/37230.0 days/days; walltime: 0.1
36932.0/37230.0 days/days; walltime: 0.3
36933.0/37230.0 days/days; walltime: 0.1
36934.0/37230.0 days/days; walltime: 0.1
36935.0/37230.0 days/days; walltime: 0.3
36936.0/37230.0 days/days; walltime: 0.1
36937.0/37230.0 days/days; walltime: 0.1
36938.0/37230.0 days/days; walltime: 0.3
36939.0/37230.0 days/days; walltime: 0.1
36940.0/37230.0 days/days; walltime: 0.1
36941.0/37230.0 days/days; walltime: 0.3
36942.0/37230.0 days/days; walltime: 0.1
36943.0/37230.0 days/days; walltime: 0.1
36944.0/37230.0 days/days; walltime: 0.3
36945.0/37230.0 days/days; walltime: 0.1
36946.0/37230.0 days/days; walltime: 0.1
36947.0/37230.0 days/days; walltime: 0.3
36948.0/37230.0 days/days; walltime: 0.1
36949.0/37230.0 days/days; walltime: 0.1
36950.0/37230.0 days/days; walltime: 0.2
36951.0/37230.0 days/days; walltime: 0.1
36952.0/37230.0 days/days; walltime: 0.1
36953.0/37230.0 days/days; walltime: 0.3
36954.0/37230.0 days/days; walltime: 0.1
36955.0/37230.0 days/days; walltime: 0.1
36956.0/37230.0 days/days; walltime: 0.1
36957.0/37230.0 days/days; walltime: 0.3
36958.0/37230.0 days/days; walltime: 0.1
36959.0/37230.0 days/days; walltime: 0.1
36960.0/37230.0 days/days; walltime: 0.2
36961.0/37230.0 days/days; walltime: 0.1
36962.0/37230.0 days/days; walltime: 0.1
36963.0/37230.0 days/days; walltime: 0.3
36964.0/37230.0 days/days; walltime: 0.1
36965.0/37230.0 days/days; walltime: 0.1
36966.0/37230.0 days/days; walltime: 0.1
36967.0/37230.0 days/days; walltime: 0.2
36968.0/37230.0 days/days; walltime: 0.1
36969.0/37230.0 days/days; walltime: 0.1
36970.0/37230.0 days/days; walltime: 0.1
36971.0/37230.0 days/days; walltime: 0.3
36972.0/37230.0 days/days; walltime: 0.1
36973.0/37230.0 days/days; walltime: 0.1
36974.0/37230.0 days/days; walltime: 0.1
36975.0/37230.0 days/days; walltime: 0.3
36976.0/37230.0 days/days; walltime: 0.1
36977.0/37230.0 days/days; walltime: 0.1
36978.0/37230.0 days/days; walltime: 0.2
36979.0/37230.0 days/days; walltime: 0.1
36980.0/37230.0 days/days; walltime: 0.1
36981.0/37230.0 days/days; walltime: 0.1
36982.0/37230.0 days/days; walltime: 0.3
36983.0/37230.0 days/days; walltime: 0.1
36985.0/37230.0 days/days; walltime: 0.1
36986.0/37230.0 days/days; walltime: 0.1
36987.0/37230.0 days/days; walltime: 0.3
36988.0/37230.0 days/days; walltime: 0.1
36989.0/37230.0 days/days; walltime: 0.1
36990.0/37230.0 days/days; walltime: 0.1
36991.0/37230.0 days/days; walltime: 0.3
36992.0/37230.0 days/days; walltime: 0.1
36993.0/37230.0 days/days; walltime: 0.1
36994.0/37230.0 days/days; walltime: 0.1
36995.0/37230.0 days/days; walltime: 0.3
36996.0/37230.0 days/days; walltime: 0.1
36998.0/37230.0 days/days; walltime: 0.1
36999.0/37230.0 days/days; walltime: 0.1
37000.0/37230.0 days/days; walltime: 0.2
37001.0/37230.0 days/days; walltime: 0.1
37002.0/37230.0 days/days; walltime: 0.1
----37003.0/37230.0 days/days; walltime: 9.1
37004.0/37230.0 days/days; walltime: 42.3
37005.0/37230.0 days/days; walltime: 96.3
37006.0/37230.0 days/days; walltime: 31.0
37007.0/37230.0 days/days; walltime: 8.9
37008.0/37230.0 days/days; walltime: 1.7
37009.0/37230.0 days/days; walltime: 1.3
37010.0/37230.0 days/days; walltime: 4.9
37011.0/37230.0 days/days; walltime: 2.2
37012.0/37230.0 days/days; walltime: 0.9
37013.0/37230.0 days/days; walltime: 5.7
37014.0/37230.0 days/days; walltime: 3.5
37015.0/37230.0 days/days; walltime: 1.0
37016.0/37230.0 days/days; walltime: 1.0
37017.0/37230.0 days/days; walltime: 0.8
37018.0/37230.0 days/days; walltime: 40.6
37019.0/37230.0 days/days; walltime: 69.7
37020.0/37230.0 days/days; walltime: 205.3
37021.0/37230.0 days/days; walltime: 190.3
37022.0/37230.0 days/days; walltime: 298.9
37023.0/37230.0 days/days; walltime: 616.9
37024.0/37230.0 days/days; walltime: 222.8
37025.0/37230.0 days/days; walltime: 476.4
37026.0/37230.0 days/days; walltime: 133.4
37027.0/37230.0 days/days; walltime: 284.1
37028.0/37230.0 days/days; walltime: 84.3
37029.0/37230.0 days/days; walltime: 50.6
37030.0/37230.0 days/days; walltime: 72.7
37031.0/37230.0 days/days; walltime: 114.9
37032.0/37230.0 days/days; walltime: 112.1
37033.0/37230.0 days/days; walltime: 656.6
37034.0/37230.0 days/days; walltime: 217.5
37035.0/37230.0 days/days; walltime: 347.0
37036.0/37230.0 days/days; walltime: 212.6
37037.0/37230.0 days/days; walltime: 111.9
37038.0/37230.0 days/days; walltime: 288.9
37039.0/37230.0 days/days; walltime: 267.1
37040.0/37230.0 days/days; walltime: 66.2
37041.0/37230.0 days/days; walltime: 366.9
37042.0/37230.0 days/days; walltime: 493.0
37043.0/37230.0 days/days; walltime: 131.3
37044.0/37230.0 days/days; walltime: 130.3
37045.0/37230.0 days/days; walltime: 122.1
37046.0/37230.0 days/days; walltime: 62.9
37047.0/37230.0 days/days; walltime: 66.5
37048.0/37230.0 days/days; walltime: 173.1
37049.0/37230.0 days/days; walltime: 200.5
37050.0/37230.0 days/days; walltime: 643.0
37051.0/37230.0 days/days; walltime: 511.0
37052.0/37230.0 days/days; walltime: 412.7
37053.0/37230.0 days/days; walltime: 144.4
37054.0/37230.0 days/days; walltime: 393.3
37055.0/37230.0 days/days; walltime: 551.4
37056.0/37230.0 days/days; walltime: 226.1
37057.0/37230.0 days/days; walltime: 202.1
37058.0/37230.0 days/days; walltime: 67.2
37059.0/37230.0 days/days; walltime: 74.7
37060.0/37230.0 days/days; walltime: 63.0
37061.0/37230.0 days/days; walltime: 44.9
37062.0/37230.0 days/days; walltime: 129.9
37063.0/37230.0 days/days; walltime: 352.9
37064.0/37230.0 days/days; walltime: 218.5
37065.0/37230.0 days/days; walltime: 263.6
37066.0/37230.0 days/days; walltime: 190.3
37067.0/37230.0 days/days; walltime: 129.3
37068.0/37230.0 days/days; walltime: 53.8
37069.0/37230.0 days/days; walltime: 226.2
37070.0/37230.0 days/days; walltime: 385.7
37071.0/37230.0 days/days; walltime: 340.5
37072.0/37230.0 days/days; walltime: 190.5
37073.0/37230.0 days/days; walltime: 225.5
37074.0/37230.0 days/days; walltime: 123.3
37075.0/37230.0 days/days; walltime: 101.4
37076.0/37230.0 days/days; walltime: 262.9
37077.0/37230.0 days/days; walltime: 132.2
37078.0/37230.0 days/days; walltime: 392.5
37079.0/37230.0 days/days; walltime: 139.5
37080.0/37230.0 days/days; walltime: 61.3
37081.0/37230.0 days/days; walltime: 50.7
37082.0/37230.0 days/days; walltime: 32.6
37083.0/37230.0 days/days; walltime: 39.9
37084.0/37230.0 days/days; walltime: 25.3
37085.0/37230.0 days/days; walltime: 273.8
37086.0/37230.0 days/days; walltime: 354.2
37087.0/37230.0 days/days; walltime: 439.6
37088.0/37230.0 days/days; walltime: 423.2
37089.0/37230.0 days/days; walltime: 256.7
37090.0/37230.0 days/days; walltime: 366.1
37091.0/37230.0 days/days; walltime: 138.7
37092.0/37230.0 days/days; walltime: 57.7
37093.0/37230.0 days/days; walltime: 584.2
37094.0/37230.0 days/days; walltime: 505.9
37095.0/37230.0 days/days; walltime: 446.4
37096.0/37230.0 days/days; walltime: 183.0
37097.0/37230.0 days/days; walltime: 126.9
37098.0/37230.0 days/days; walltime: 419.6
37099.0/37230.0 days/days; walltime: 126.8
37100.0/37230.0 days/days; walltime: 91.4
37101.0/37230.0 days/days; walltime: 164.2
37102.0/37230.0 days/days; walltime: 66.7
37103.0/37230.0 days/days; walltime: 38.2
37104.0/37230.0 days/days; walltime: 123.6
37105.0/37230.0 days/days; walltime: 116.5
37106.0/37230.0 days/days; walltime: 351.0
37107.0/37230.0 days/days; walltime: 737.4
37108.0/37230.0 days/days; walltime: 1080.3
37109.0/37230.0 days/days; walltime: 619.2
37110.0/37230.0 days/days; walltime: 386.7
37111.0/37230.0 days/days; walltime: 191.6
37112.0/37230.0 days/days; walltime: 548.9
37113.0/37230.0 days/days; walltime: 312.2
37114.0/37230.0 days/days; walltime: 690.5
37115.0/37230.0 days/days; walltime: 191.1
37116.0/37230.0 days/days; walltime: 73.8
37117.0/37230.0 days/days; walltime: 250.6
37118.0/37230.0 days/days; walltime: 52.3
37119.0/37230.0 days/days; walltime: 59.0
37120.0/37230.0 days/days; walltime: 51.4
37121.0/37230.0 days/days; walltime: 32.1
37122.0/37230.0 days/days; walltime: 19.6
37123.0/37230.0 days/days; walltime: 11.1
37124.0/37230.0 days/days; walltime: 10.5
37125.0/37230.0 days/days; walltime: 31.1
37126.0/37230.0 days/days; walltime: 155.9
37127.0/37230.0 days/days; walltime: 173.0
37128.0/37230.0 days/days; walltime: 7.2
