Case 5:
Picked up JAVA_TOOL_OPTIONS: -Xmx2g
Opening log file:  /tmp/java.log.8004

                            < M A T L A B (R) >
                  Copyright 1984-2022 The MathWorks, Inc.
                  R2022a (9.12.0.1884302) 64-bit (glnxa64)
                             February 16, 2022

 
To get started, type doc.
For product information, visit www.mathworks.com.
 

config = 

  struct with fields:

                 k_s: 0.1000
                 l_c: 10
            n_moulin: 68
    creep_const_soft: 0
             mesh_nr: 4
                 k_c: 0.2000
               h_bed: 0.5000
               l_bed: 10
               alpha: 1.5000
                beta: 1.5000
               omega: 5.0000e-04
                 e_v: 1.0000e-04

Running model run (ode15s):
Run to steady
Saving model run to
./RUN/output_105_steady.nc
Fields, IC & BC initialised
Initial phi calculated in 1.3s
0.0/36500.0 days/days; walltime: 20.3
----------------------------------------------------------------------------1825.0/36500.0 days/days; walltime: 162.6
3650.0/36500.0 days/days; walltime: 5.6
5475.0/36500.0 days/days; walltime: 2.0
7300.0/36500.0 days/days; walltime: 1.4
-------9125.0/36500.0 days/days; walltime: 8.3
-10950.0/36500.0 days/days; walltime: 811.1
12775.0/36500.0 days/days; walltime: 493.6
14600.0/36500.0 days/days; walltime: 348.6
16425.0/36500.0 days/days; walltime: 307.3
18250.0/36500.0 days/days; walltime: 320.7
-------20075.0/36500.0 days/days; walltime: 67.6
21900.0/36500.0 days/days; walltime: 13.0
23725.0/36500.0 days/days; walltime: 9.4
25550.0/36500.0 days/days; walltime: 5.6
27375.0/36500.0 days/days; walltime: 4.5
29200.0/36500.0 days/days; walltime: 1.3
31025.0/36500.0 days/days; walltime: 4.7
32850.0/36500.0 days/days; walltime: 2.3
34675.0/36500.0 days/days; walltime: 1.6
36500.0/36500.0 days/days; walltime: 4.0
Wallclock for model run: 2601.4s
 

fields = 

  struct with fields:

    nodes: [1x1 struct]
    edges: [1x1 struct]
       BC: [1x1 struct]

Running model run (ode15s):
Run seasonal
Saving model run to
./RUN/output_105_seasonal.nc
IC initialised from struct
IC initialised from file/given & rest from parameters and given functions
36500.0/36682.0 days/days; walltime: 21.3
36501.0/36682.0 days/days; walltime: 72.4
36502.0/36682.0 days/days; walltime: 9.1
36503.0/36682.0 days/days; walltime: 10.8
36504.0/36682.0 days/days; walltime: 22.8
36505.0/36682.0 days/days; walltime: 27.4
36506.0/36682.0 days/days; walltime: 7.6
36507.0/36682.0 days/days; walltime: 11.7
36508.0/36682.0 days/days; walltime: 3.9
36509.0/36682.0 days/days; walltime: 12.9
36510.0/36682.0 days/days; walltime: 3.6
36511.0/36682.0 days/days; walltime: 2.9
36512.0/36682.0 days/days; walltime: 4.9
36513.0/36682.0 days/days; walltime: 2.0
36514.0/36682.0 days/days; walltime: 4.2
36515.0/36682.0 days/days; walltime: 2.2
36516.0/36682.0 days/days; walltime: 2.2
36517.0/36682.0 days/days; walltime: 2.2
36518.0/36682.0 days/days; walltime: 2.1
36519.0/36682.0 days/days; walltime: 1.8
36520.0/36682.0 days/days; walltime: 1.7
36521.0/36682.0 days/days; walltime: 1.8
36522.0/36682.0 days/days; walltime: 1.6
36523.0/36682.0 days/days; walltime: 1.7
36524.0/36682.0 days/days; walltime: 36.6
36525.0/36682.0 days/days; walltime: 1.2
36526.0/36682.0 days/days; walltime: 1.0
36527.0/36682.0 days/days; walltime: 59.9
36528.0/36682.0 days/days; walltime: 1.3
36529.0/36682.0 days/days; walltime: 1.2
36530.0/36682.0 days/days; walltime: 1.0
36531.0/36682.0 days/days; walltime: 1.2
36532.0/36682.0 days/days; walltime: 1.2
36533.0/36682.0 days/days; walltime: 1.0
36534.0/36682.0 days/days; walltime: 1.2
36535.0/36682.0 days/days; walltime: 1.2
36536.0/36682.0 days/days; walltime: 0.9
36537.0/36682.0 days/days; walltime: 1.0
36538.0/36682.0 days/days; walltime: 0.9
36539.0/36682.0 days/days; walltime: 0.9
36540.0/36682.0 days/days; walltime: 3.0
36541.0/36682.0 days/days; walltime: 0.8
36542.0/36682.0 days/days; walltime: 0.9
36543.0/36682.0 days/days; walltime: 0.8
36544.0/36682.0 days/days; walltime: 0.8
36545.0/36682.0 days/days; walltime: 0.8
36546.0/36682.0 days/days; walltime: 0.6
36547.0/36682.0 days/days; walltime: 0.6
36548.0/36682.0 days/days; walltime: 0.9
36549.0/36682.0 days/days; walltime: 0.5
36550.0/36682.0 days/days; walltime: 0.6
36551.0/36682.0 days/days; walltime: 0.6
36552.0/36682.0 days/days; walltime: 2.7
36553.0/36682.0 days/days; walltime: 0.6
36554.0/36682.0 days/days; walltime: 0.6
36555.0/36682.0 days/days; walltime: 0.6
36556.0/36682.0 days/days; walltime: 0.6
36557.0/36682.0 days/days; walltime: 0.7
36558.0/36682.0 days/days; walltime: 0.6
36559.0/36682.0 days/days; walltime: 0.6
36560.0/36682.0 days/days; walltime: 0.7
36561.0/36682.0 days/days; walltime: 0.6
36562.0/36682.0 days/days; walltime: 2.6
36563.0/36682.0 days/days; walltime: 0.6
36564.0/36682.0 days/days; walltime: 0.6
36565.0/36682.0 days/days; walltime: 0.5
36566.0/36682.0 days/days; walltime: 0.6
36567.0/36682.0 days/days; walltime: 0.4
36568.0/36682.0 days/days; walltime: 0.5
36569.0/36682.0 days/days; walltime: 0.6
36570.0/36682.0 days/days; walltime: 0.4
36571.0/36682.0 days/days; walltime: 2.5
36572.0/36682.0 days/days; walltime: 0.4
36573.0/36682.0 days/days; walltime: 0.5
36574.0/36682.0 days/days; walltime: 0.4
36575.0/36682.0 days/days; walltime: 0.4
36576.0/36682.0 days/days; walltime: 0.6
36577.0/36682.0 days/days; walltime: 0.5
36578.0/36682.0 days/days; walltime: 0.5
36579.0/36682.0 days/days; walltime: 0.4
36580.0/36682.0 days/days; walltime: 0.4
36581.0/36682.0 days/days; walltime: 2.4
36582.0/36682.0 days/days; walltime: 0.5
36583.0/36682.0 days/days; walltime: 0.2
36584.0/36682.0 days/days; walltime: 0.5
36585.0/36682.0 days/days; walltime: 0.4
36586.0/36682.0 days/days; walltime: 0.4
36587.0/36682.0 days/days; walltime: 0.4
36588.0/36682.0 days/days; walltime: 0.2
36589.0/36682.0 days/days; walltime: 0.4
36590.0/36682.0 days/days; walltime: 0.5
36591.0/36682.0 days/days; walltime: 0.2
36592.0/36682.0 days/days; walltime: 0.4
36593.0/36682.0 days/days; walltime: 0.2
36594.0/36682.0 days/days; walltime: 0.5
36595.0/36682.0 days/days; walltime: 0.2
36596.0/36682.0 days/days; walltime: 0.4
36597.0/36682.0 days/days; walltime: 0.2
36598.0/36682.0 days/days; walltime: 0.5
36599.0/36682.0 days/days; walltime: 0.4
36600.0/36682.0 days/days; walltime: 0.2
36601.0/36682.0 days/days; walltime: 0.4
36602.0/36682.0 days/days; walltime: 0.4
36603.0/36682.0 days/days; walltime: 0.4
36604.0/36682.0 days/days; walltime: 0.2
36605.0/36682.0 days/days; walltime: 0.4
36606.0/36682.0 days/days; walltime: 0.5
36607.0/36682.0 days/days; walltime: 0.2
36608.0/36682.0 days/days; walltime: 0.4
36609.0/36682.0 days/days; walltime: 0.2
36610.0/36682.0 days/days; walltime: 0.5
36611.0/36682.0 days/days; walltime: 0.2
36612.0/36682.0 days/days; walltime: 0.4
36613.0/36682.0 days/days; walltime: 0.3
36614.0/36682.0 days/days; walltime: 0.4
36615.0/36682.0 days/days; walltime: 0.3
36616.0/36682.0 days/days; walltime: 0.4
36617.0/36682.0 days/days; walltime: 0.3
36618.0/36682.0 days/days; walltime: 0.4
36619.0/36682.0 days/days; walltime: 0.3
36620.0/36682.0 days/days; walltime: 0.4
36621.0/36682.0 days/days; walltime: 0.3
36622.0/36682.0 days/days; walltime: 32.2
36623.0/36682.0 days/days; walltime: 43.4
36624.0/36682.0 days/days; walltime: 37.9
36625.0/36682.0 days/days; walltime: 6.0
36626.0/36682.0 days/days; walltime: 1.7
36627.0/36682.0 days/days; walltime: 1.0
36628.0/36682.0 days/days; walltime: 0.7
36629.0/36682.0 days/days; walltime: 0.6
36630.0/36682.0 days/days; walltime: 0.6
36631.0/36682.0 days/days; walltime: 0.3
36632.0/36682.0 days/days; walltime: 0.4
36633.0/36682.0 days/days; walltime: 0.1
36634.0/36682.0 days/days; walltime: 0.3
36635.0/36682.0 days/days; walltime: 12.0
36636.0/36682.0 days/days; walltime: 13.7
36637.0/36682.0 days/days; walltime: 0.9
36638.0/36682.0 days/days; walltime: 22.9
36639.0/36682.0 days/days; walltime: 63.5
36640.0/36682.0 days/days; walltime: 59.5
36641.0/36682.0 days/days; walltime: 45.9
36642.0/36682.0 days/days; walltime: 21.1
36643.0/36682.0 days/days; walltime: 1.8
36644.0/36682.0 days/days; walltime: 1.5
36645.0/36682.0 days/days; walltime: 3.6
36646.0/36682.0 days/days; walltime: 1.6
36647.0/36682.0 days/days; walltime: 1.4
36648.0/36682.0 days/days; walltime: 1.3
36649.0/36682.0 days/days; walltime: 1.3
36650.0/36682.0 days/days; walltime: 1.2
36651.0/36682.0 days/days; walltime: 1.4
36652.0/36682.0 days/days; walltime: 20.9
36653.0/36682.0 days/days; walltime: 59.5
36654.0/36682.0 days/days; walltime: 55.7
36655.0/36682.0 days/days; walltime: 159.4
36656.0/36682.0 days/days; walltime: 103.2
36657.0/36682.0 days/days; walltime: 188.1
36658.0/36682.0 days/days; walltime: 498.1
36659.0/36682.0 days/days; walltime: 205.3
36660.0/36682.0 days/days; walltime: 371.9
36661.0/36682.0 days/days; walltime: 111.9
36662.0/36682.0 days/days; walltime: 244.4
36663.0/36682.0 days/days; walltime: 105.6
36664.0/36682.0 days/days; walltime: 41.3
36665.0/36682.0 days/days; walltime: 33.2
36666.0/36682.0 days/days; walltime: 119.8
36667.0/36682.0 days/days; walltime: 108.6
36668.0/36682.0 days/days; walltime: 573.4
36669.0/36682.0 days/days; walltime: 292.6
36670.0/36682.0 days/days; walltime: 317.7
36671.0/36682.0 days/days; walltime: 197.0
36672.0/36682.0 days/days; walltime: 119.9
36673.0/36682.0 days/days; walltime: 286.1
36674.0/36682.0 days/days; walltime: 270.8
36675.0/36682.0 days/days; walltime: 56.4
36676.0/36682.0 days/days; walltime: 341.5
36677.0/36682.0 days/days; walltime: 546.3
36678.0/36682.0 days/days; walltime: 111.0
36679.0/36682.0 days/days; walltime: 125.8
