Case 2:
Picked up JAVA_TOOL_OPTIONS: -Xmx2g
Opening log file:  /tmp/java.log.6008

                            < M A T L A B (R) >
                  Copyright 1984-2022 The MathWorks, Inc.
                  R2022a (9.12.0.1884302) 64-bit (glnxa64)
                             February 16, 2022

 
To get started, type doc.
For product information, visit www.mathworks.com.
 

config = 

  struct with fields:

                 k_s: 0.0189
                 l_c: 10
            n_moulin: 68
    creep_const_soft: 0
             mesh_nr: 4
                 k_c: 0.2000
               h_bed: 0.5000
               l_bed: 10
               alpha: 1.5000
                beta: 1.5000
               omega: 0
                 e_v: 1.0000e-04

Running model run (ode15s):
Run to steady
Saving model run to
./RUN/output_002_steady.nc
Fields, IC & BC initialised
Initial phi calculated in 4.4s
0.0/36500.0 days/days; walltime: 22.5
------------------------------------------------------------------------------------------------------------------------------------------------------------------------------------------------------------------------------------------------------------------------------------------------------------------------------------------------------------------------------------------------------------------------------------------------------------------------------1825.0/36500.0 days/days; walltime: 188.7
--------------------------------------------------------------------------------------------------------------------------------------------------------------------------------------------------------------------------------------------------------------------------------------------------------------------------------------------------------------------------------------------------------------------------------------------------------------------------------------------------------------------------------------------------------------------------------------------------------------------------------------------------3650.0/36500.0 days/days; walltime: 46.9
------------5475.0/36500.0 days/days; walltime: 0.9
----------7300.0/36500.0 days/days; walltime: 0.9
-----------------------------------------------------------------------------------------------------------------------------------------------------------------------------------------------------------------9125.0/36500.0 days/days; walltime: 15.5
------------------------------------------------------------------------------------------------------------------------------------------------------------------------------------------------------------------------------------------------------------------------------------------------------------------------------------------------------------------------------------------------------------------------------------------------------------------------------------------------------------------------------------------------------------------------------------------------------------------------------------------------------------------------------------------------------------------------------------------------------------------------------------------------------------------------------------------------------------------------------------------------------------------------------------------------------------------------------------------------------------------------------------------------------------------------------------------------------------------------------------------------------------------------------------------------------------------------------------------------------------------------------------------------------------------------------------------------------------------------------------------------------------------------------------------------------------------------------------------------------------------------------------------------------------------------------------------------------------------------------------------------------------------------------------------------------------------------------------------------------------------------------------------------------------------------------------------------------------------------------------------------------------------------------------------------------------------------------------------------------------------------------------------------------------------------------------------------------------------------------------------------------------------------------------------------------------------------------------------------------------------------------------------------------------------------------------------------------------------------------------------------------------------------------------------------------------------------------------------------------------------------------------------------------------------------------------------------------------------------------------------------------------------------------------------------------------------------------------------------------------------------------------------------------------------------------10950.0/36500.0 days/days; walltime: 198.1
---------------------------------------------------------------------------------------------------------------------------------------------------------------------------------------------------------------------------------------------------------------------------------------------------------------------------------------------------------------------------------------------------------------------------------------------------------------------------------------------------------------------------------------------------12775.0/36500.0 days/days; walltime: 69.0
-------------------------------------------------------------------------------------------------------------------------------------------------14600.0/36500.0 days/days; walltime: 179.7
------------------------------------------16425.0/36500.0 days/days; walltime: 214.6
----------------------------------------------------18250.0/36500.0 days/days; walltime: 127.1
---20075.0/36500.0 days/days; walltime: 41.6
21900.0/36500.0 days/days; walltime: 5.9
23725.0/36500.0 days/days; walltime: 1.1
25550.0/36500.0 days/days; walltime: 1.2
27375.0/36500.0 days/days; walltime: 1.0
29200.0/36500.0 days/days; walltime: 1.5
31025.0/36500.0 days/days; walltime: 1.4
32850.0/36500.0 days/days; walltime: 2.2
34675.0/36500.0 days/days; walltime: 2.2
36500.0/36500.0 days/days; walltime: 4.6
Wallclock for model run: 1132.6s
 

fields = 

  struct with fields:

    nodes: [1x1 struct]
    edges: [1x1 struct]
       BC: [1x1 struct]

Running model run (ode15s):
Run seasonal
Saving model run to
./RUN/output_002_seasonal.nc
IC initialised from struct
IC initialised from file/given & rest from parameters and given functions
-36500.0/37230.0 days/days; walltime: 21.0
-36501.0/37230.0 days/days; walltime: 109.2
36502.0/37230.0 days/days; walltime: 6.7
36503.0/37230.0 days/days; walltime: 2.0
36504.0/37230.0 days/days; walltime: 4.7
36505.0/37230.0 days/days; walltime: 2.0
36506.0/37230.0 days/days; walltime: 2.5
36507.0/37230.0 days/days; walltime: 2.3
36508.0/37230.0 days/days; walltime: 3.8
36509.0/37230.0 days/days; walltime: 1.4
36510.0/37230.0 days/days; walltime: 1.3
36511.0/37230.0 days/days; walltime: 1.5
36512.0/37230.0 days/days; walltime: 3.5
36513.0/37230.0 days/days; walltime: 1.0
36514.0/37230.0 days/days; walltime: 0.8
36515.0/37230.0 days/days; walltime: 0.8
36516.0/37230.0 days/days; walltime: 1.2
36517.0/37230.0 days/days; walltime: 1.0
--36518.0/37230.0 days/days; walltime: 2.8
36519.0/37230.0 days/days; walltime: 0.5
36520.0/37230.0 days/days; walltime: 0.7
36521.0/37230.0 days/days; walltime: 0.5
36522.0/37230.0 days/days; walltime: 0.6
36523.0/37230.0 days/days; walltime: 0.6
36524.0/37230.0 days/days; walltime: 0.6
36525.0/37230.0 days/days; walltime: 0.7
36526.0/37230.0 days/days; walltime: 0.5
36527.0/37230.0 days/days; walltime: 0.7
36528.0/37230.0 days/days; walltime: 2.8
36529.0/37230.0 days/days; walltime: 0.5
36530.0/37230.0 days/days; walltime: 0.5
36531.0/37230.0 days/days; walltime: 0.4
36532.0/37230.0 days/days; walltime: 0.7
36533.0/37230.0 days/days; walltime: 0.2
36534.0/37230.0 days/days; walltime: 0.4
36535.0/37230.0 days/days; walltime: 0.5
36536.0/37230.0 days/days; walltime: 0.5
36537.0/37230.0 days/days; walltime: 0.3
36538.0/37230.0 days/days; walltime: 0.5
36539.0/37230.0 days/days; walltime: 0.5
36540.0/37230.0 days/days; walltime: 0.3
36541.0/37230.0 days/days; walltime: 0.5
36542.0/37230.0 days/days; walltime: 0.3
36543.0/37230.0 days/days; walltime: 0.5
36544.0/37230.0 days/days; walltime: 2.7
36545.0/37230.0 days/days; walltime: 0.3
36546.0/37230.0 days/days; walltime: 0.5
36547.0/37230.0 days/days; walltime: 0.3
36548.0/37230.0 days/days; walltime: 0.4
36549.0/37230.0 days/days; walltime: 0.3
36550.0/37230.0 days/days; walltime: 0.4
36551.0/37230.0 days/days; walltime: 0.3
36552.0/37230.0 days/days; walltime: 0.4
36553.0/37230.0 days/days; walltime: 0.3
36554.0/37230.0 days/days; walltime: 0.4
36555.0/37230.0 days/days; walltime: 0.3
36556.0/37230.0 days/days; walltime: 0.4
36557.0/37230.0 days/days; walltime: 0.3
36558.0/37230.0 days/days; walltime: 0.4
36559.0/37230.0 days/days; walltime: 0.1
36560.0/37230.0 days/days; walltime: 0.4
36561.0/37230.0 days/days; walltime: 0.3
36562.0/37230.0 days/days; walltime: 0.4
36563.0/37230.0 days/days; walltime: 0.1
36564.0/37230.0 days/days; walltime: 0.3
36565.0/37230.0 days/days; walltime: 0.3
36566.0/37230.0 days/days; walltime: 0.3
36567.0/37230.0 days/days; walltime: 0.4
36568.0/37230.0 days/days; walltime: 0.1
36569.0/37230.0 days/days; walltime: 0.3
36570.0/37230.0 days/days; walltime: 0.3
36571.0/37230.0 days/days; walltime: 0.1
36572.0/37230.0 days/days; walltime: 0.3
36573.0/37230.0 days/days; walltime: 0.3
36574.0/37230.0 days/days; walltime: 0.3
36575.0/37230.0 days/days; walltime: 0.1
36576.0/37230.0 days/days; walltime: 0.3
36577.0/37230.0 days/days; walltime: 0.3
36578.0/37230.0 days/days; walltime: 0.1
36579.0/37230.0 days/days; walltime: 0.3
36580.0/37230.0 days/days; walltime: 0.3
36581.0/37230.0 days/days; walltime: 0.1
36582.0/37230.0 days/days; walltime: 0.3
36583.0/37230.0 days/days; walltime: 0.1
36584.0/37230.0 days/days; walltime: 0.1
36585.0/37230.0 days/days; walltime: 0.4
36586.0/37230.0 days/days; walltime: 0.1
36587.0/37230.0 days/days; walltime: 0.1
36588.0/37230.0 days/days; walltime: 0.1
36589.0/37230.0 days/days; walltime: 0.3
36590.0/37230.0 days/days; walltime: 0.3
36591.0/37230.0 days/days; walltime: 0.1
36592.0/37230.0 days/days; walltime: 0.3
36593.0/37230.0 days/days; walltime: 0.1
36594.0/37230.0 days/days; walltime: 0.1
36595.0/37230.0 days/days; walltime: 0.1
36596.0/37230.0 days/days; walltime: 0.3
36597.0/37230.0 days/days; walltime: 0.1
36598.0/37230.0 days/days; walltime: 0.1
36599.0/37230.0 days/days; walltime: 0.1
36600.0/37230.0 days/days; walltime: 0.4
36601.0/37230.0 days/days; walltime: 2.4
36602.0/37230.0 days/days; walltime: 0.2
36603.0/37230.0 days/days; walltime: 0.3
36604.0/37230.0 days/days; walltime: 0.1
36605.0/37230.0 days/days; walltime: 0.1
36606.0/37230.0 days/days; walltime: 0.1
36607.0/37230.0 days/days; walltime: 0.3
36608.0/37230.0 days/days; walltime: 0.1
36610.0/37230.0 days/days; walltime: 0.1
36611.0/37230.0 days/days; walltime: 0.1
36612.0/37230.0 days/days; walltime: 0.3
36613.0/37230.0 days/days; walltime: 0.1
36614.0/37230.0 days/days; walltime: 0.1
36615.0/37230.0 days/days; walltime: 0.1
36616.0/37230.0 days/days; walltime: 0.3
36617.0/37230.0 days/days; walltime: 0.1
36618.0/37230.0 days/days; walltime: 0.1
36619.0/37230.0 days/days; walltime: 2.4
36621.0/37230.0 days/days; walltime: 0.3
36622.0/37230.0 days/days; walltime: 62.0
36623.0/37230.0 days/days; walltime: 144.7
36624.0/37230.0 days/days; walltime: 91.7
36625.0/37230.0 days/days; walltime: 1.0
36626.0/37230.0 days/days; walltime: 0.6
36627.0/37230.0 days/days; walltime: 0.5
36628.0/37230.0 days/days; walltime: 0.4
36629.0/37230.0 days/days; walltime: 0.2
36630.0/37230.0 days/days; walltime: 0.4
36631.0/37230.0 days/days; walltime: 0.3
36632.0/37230.0 days/days; walltime: 0.1
36633.0/37230.0 days/days; walltime: 0.3
36634.0/37230.0 days/days; walltime: 0.1
36635.0/37230.0 days/days; walltime: 14.6
36636.0/37230.0 days/days; walltime: 20.2
36637.0/37230.0 days/days; walltime: 0.4
---36638.0/37230.0 days/days; walltime: 12.8
36639.0/37230.0 days/days; walltime: 128.7
36640.0/37230.0 days/days; walltime: 171.5
36641.0/37230.0 days/days; walltime: 37.5
36642.0/37230.0 days/days; walltime: 1.1
36643.0/37230.0 days/days; walltime: 0.9
36644.0/37230.0 days/days; walltime: 0.6
36645.0/37230.0 days/days; walltime: 0.7
36646.0/37230.0 days/days; walltime: 0.6
36647.0/37230.0 days/days; walltime: 2.7
36648.0/37230.0 days/days; walltime: 0.1
36649.0/37230.0 days/days; walltime: 0.4
36650.0/37230.0 days/days; walltime: 0.3
36651.0/37230.0 days/days; walltime: 0.1
36652.0/37230.0 days/days; walltime: 3.0
36653.0/37230.0 days/days; walltime: 124.3
36654.0/37230.0 days/days; walltime: 249.4
36655.0/37230.0 days/days; walltime: 551.7
36656.0/37230.0 days/days; walltime: 489.5
36657.0/37230.0 days/days; walltime: 631.6
36658.0/37230.0 days/days; walltime: 574.5
36659.0/37230.0 days/days; walltime: 467.7
36660.0/37230.0 days/days; walltime: 588.5
