Case 4:
Picked up JAVA_TOOL_OPTIONS: -Xmx2g
Opening log file:  /tmp/java.log.19723

                            < M A T L A B (R) >
                  Copyright 1984-2022 The MathWorks, Inc.
                  R2022a (9.12.0.1884302) 64-bit (glnxa64)
                             February 16, 2022

 
To get started, type doc.
For product information, visit www.mathworks.com.
 

config = 

  struct with fields:

                 k_s: 0.1000
                 l_c: 10
            n_moulin: 68
    creep_const_soft: 0
             mesh_nr: 4
                 k_c: 0.2000
               h_bed: 0.5000
               l_bed: 10
               alpha: 1.2500
                beta: 1.5000
               omega: 5.0000e-04
                 e_v: 1.0000e-04

Running model run (ode15s):
Run to steady
Saving model run to
./RUN/output_004_steady.nc
Fields, IC & BC initialised
Initial phi calculated in 4.3s
0.0/36500.0 days/days; walltime: 22.3
------------------------------------------1825.0/36500.0 days/days; walltime: 171.8
3650.0/36500.0 days/days; walltime: 4.8
5475.0/36500.0 days/days; walltime: 4.5
7300.0/36500.0 days/days; walltime: 1.4
--------9125.0/36500.0 days/days; walltime: 8.3
10950.0/36500.0 days/days; walltime: 741.1
12775.0/36500.0 days/days; walltime: 429.0
14600.0/36500.0 days/days; walltime: 308.1
16425.0/36500.0 days/days; walltime: 278.4
18250.0/36500.0 days/days; walltime: 326.4
-20075.0/36500.0 days/days; walltime: 81.6
21900.0/36500.0 days/days; walltime: 11.7
23725.0/36500.0 days/days; walltime: 9.4
25550.0/36500.0 days/days; walltime: 6.9
27375.0/36500.0 days/days; walltime: 2.6
29200.0/36500.0 days/days; walltime: 2.0
31025.0/36500.0 days/days; walltime: 3.7
32850.0/36500.0 days/days; walltime: 1.9
34675.0/36500.0 days/days; walltime: 1.5
36500.0/36500.0 days/days; walltime: 1.9
Wallclock for model run: 2425.5s
 

fields = 

  struct with fields:

    nodes: [1x1 struct]
    edges: [1x1 struct]
       BC: [1x1 struct]

Running model run (ode15s):
Run seasonal
Saving model run to
./RUN/output_004_seasonal.nc
IC initialised from struct
IC initialised from file/given & rest from parameters and given functions
36500.0/37230.0 days/days; walltime: 23.7
36501.0/37230.0 days/days; walltime: 80.4
36502.0/37230.0 days/days; walltime: 9.9
36503.0/37230.0 days/days; walltime: 14.8
36504.0/37230.0 days/days; walltime: 36.6
36505.0/37230.0 days/days; walltime: 9.0
36506.0/37230.0 days/days; walltime: 11.0
36507.0/37230.0 days/days; walltime: 3.4
36508.0/37230.0 days/days; walltime: 5.5
36509.0/37230.0 days/days; walltime: 3.8
36510.0/37230.0 days/days; walltime: 36.9
36511.0/37230.0 days/days; walltime: 48.7
36512.0/37230.0 days/days; walltime: 2.1
36513.0/37230.0 days/days; walltime: 4.1
36514.0/37230.0 days/days; walltime: 2.3
36515.0/37230.0 days/days; walltime: 31.1
36516.0/37230.0 days/days; walltime: 2.2
36517.0/37230.0 days/days; walltime: 1.9
36518.0/37230.0 days/days; walltime: 1.9
36519.0/37230.0 days/days; walltime: 1.7
36520.0/37230.0 days/days; walltime: 1.6
36521.0/37230.0 days/days; walltime: 1.6
36522.0/37230.0 days/days; walltime: 1.6
36523.0/37230.0 days/days; walltime: 1.4
36524.0/37230.0 days/days; walltime: 1.5
36525.0/37230.0 days/days; walltime: 6.5
36526.0/37230.0 days/days; walltime: 1.6
36527.0/37230.0 days/days; walltime: 1.2
36528.0/37230.0 days/days; walltime: 1.1
36529.0/37230.0 days/days; walltime: 1.0
36530.0/37230.0 days/days; walltime: 1.1
36531.0/37230.0 days/days; walltime: 1.1
36532.0/37230.0 days/days; walltime: 1.0
36533.0/37230.0 days/days; walltime: 1.1
36534.0/37230.0 days/days; walltime: 1.1
36535.0/37230.0 days/days; walltime: 0.8
36536.0/37230.0 days/days; walltime: 1.1
36537.0/37230.0 days/days; walltime: 1.0
36538.0/37230.0 days/days; walltime: 2.7
36539.0/37230.0 days/days; walltime: 0.8
36540.0/37230.0 days/days; walltime: 1.0
36541.0/37230.0 days/days; walltime: 0.7
36542.0/37230.0 days/days; walltime: 0.7
36543.0/37230.0 days/days; walltime: 0.9
36544.0/37230.0 days/days; walltime: 0.7
36545.0/37230.0 days/days; walltime: 0.6
36546.0/37230.0 days/days; walltime: 0.7
36547.0/37230.0 days/days; walltime: 0.6
36548.0/37230.0 days/days; walltime: 0.6
36549.0/37230.0 days/days; walltime: 0.6
36550.0/37230.0 days/days; walltime: 2.5
36551.0/37230.0 days/days; walltime: 0.5
36552.0/37230.0 days/days; walltime: 0.5
36553.0/37230.0 days/days; walltime: 0.5
36554.0/37230.0 days/days; walltime: 0.5
36555.0/37230.0 days/days; walltime: 0.5
36556.0/37230.0 days/days; walltime: 0.5
36557.0/37230.0 days/days; walltime: 0.5
36558.0/37230.0 days/days; walltime: 0.6
36559.0/37230.0 days/days; walltime: 0.6
36560.0/37230.0 days/days; walltime: 0.6
36561.0/37230.0 days/days; walltime: 0.6
36562.0/37230.0 days/days; walltime: 0.6
36563.0/37230.0 days/days; walltime: 0.5
36564.0/37230.0 days/days; walltime: 0.6
36565.0/37230.0 days/days; walltime: 0.5
36566.0/37230.0 days/days; walltime: 0.6
36567.0/37230.0 days/days; walltime: 0.4
36568.0/37230.0 days/days; walltime: 0.5
36569.0/37230.0 days/days; walltime: 0.6
36570.0/37230.0 days/days; walltime: 0.5
36571.0/37230.0 days/days; walltime: 0.5
36572.0/37230.0 days/days; walltime: 0.6
36573.0/37230.0 days/days; walltime: 44.5
36574.0/37230.0 days/days; walltime: 0.6
36575.0/37230.0 days/days; walltime: 0.5
36576.0/37230.0 days/days; walltime: 0.5
36577.0/37230.0 days/days; walltime: 0.4
36578.0/37230.0 days/days; walltime: 0.5
36579.0/37230.0 days/days; walltime: 0.4
36580.0/37230.0 days/days; walltime: 0.4
36581.0/37230.0 days/days; walltime: 0.4
36582.0/37230.0 days/days; walltime: 0.5
36583.0/37230.0 days/days; walltime: 0.2
36584.0/37230.0 days/days; walltime: 0.5
36585.0/37230.0 days/days; walltime: 0.2
36586.0/37230.0 days/days; walltime: 0.5
36587.0/37230.0 days/days; walltime: 0.4
36588.0/37230.0 days/days; walltime: 0.2
36589.0/37230.0 days/days; walltime: 0.2
36590.0/37230.0 days/days; walltime: 0.5
36591.0/37230.0 days/days; walltime: 0.4
36592.0/37230.0 days/days; walltime: 0.2
36593.0/37230.0 days/days; walltime: 0.4
36594.0/37230.0 days/days; walltime: 0.4
36595.0/37230.0 days/days; walltime: 0.4
36596.0/37230.0 days/days; walltime: 0.2
36597.0/37230.0 days/days; walltime: 0.4
36598.0/37230.0 days/days; walltime: 0.2
36599.0/37230.0 days/days; walltime: 0.5
36600.0/37230.0 days/days; walltime: 0.4
36601.0/37230.0 days/days; walltime: 0.2
36602.0/37230.0 days/days; walltime: 0.4
36603.0/37230.0 days/days; walltime: 0.4
36604.0/37230.0 days/days; walltime: 0.4
36605.0/37230.0 days/days; walltime: 0.2
36606.0/37230.0 days/days; walltime: 0.4
36607.0/37230.0 days/days; walltime: 0.5
36608.0/37230.0 days/days; walltime: 0.2
36609.0/37230.0 days/days; walltime: 0.4
36610.0/37230.0 days/days; walltime: 0.2
36611.0/37230.0 days/days; walltime: 0.4
36612.0/37230.0 days/days; walltime: 0.2
36613.0/37230.0 days/days; walltime: 0.4
36614.0/37230.0 days/days; walltime: 0.2
36615.0/37230.0 days/days; walltime: 0.4
36616.0/37230.0 days/days; walltime: 0.2
36617.0/37230.0 days/days; walltime: 0.4
36618.0/37230.0 days/days; walltime: 0.2
36619.0/37230.0 days/days; walltime: 0.4
36620.0/37230.0 days/days; walltime: 0.2
36621.0/37230.0 days/days; walltime: 0.4
36622.0/37230.0 days/days; walltime: 0.2
--36623.0/37230.0 days/days; walltime: 70.6
36624.0/37230.0 days/days; walltime: 80.1
36625.0/37230.0 days/days; walltime: 1.6
36626.0/37230.0 days/days; walltime: 0.6
36627.0/37230.0 days/days; walltime: 0.5
36628.0/37230.0 days/days; walltime: 0.4
36629.0/37230.0 days/days; walltime: 0.2
36630.0/37230.0 days/days; walltime: 0.4
36631.0/37230.0 days/days; walltime: 0.2
36632.0/37230.0 days/days; walltime: 0.4
36633.0/37230.0 days/days; walltime: 0.2
36634.0/37230.0 days/days; walltime: 0.4
36635.0/37230.0 days/days; walltime: 0.1
36636.0/37230.0 days/days; walltime: 0.2
36637.0/37230.0 days/days; walltime: 0.3
--36638.0/37230.0 days/days; walltime: 48.5
36639.0/37230.0 days/days; walltime: 92.1
36640.0/37230.0 days/days; walltime: 72.1
36641.0/37230.0 days/days; walltime: 63.2
36642.0/37230.0 days/days; walltime: 1.8
36643.0/37230.0 days/days; walltime: 1.6
36644.0/37230.0 days/days; walltime: 1.4
36645.0/37230.0 days/days; walltime: 1.3
36646.0/37230.0 days/days; walltime: 1.5
36647.0/37230.0 days/days; walltime: 1.2
36648.0/37230.0 days/days; walltime: 1.0
36649.0/37230.0 days/days; walltime: 3.2
36650.0/37230.0 days/days; walltime: 1.0
36651.0/37230.0 days/days; walltime: 1.3
36652.0/37230.0 days/days; walltime: 0.7
36653.0/37230.0 days/days; walltime: 108.7
36654.0/37230.0 days/days; walltime: 110.6
36655.0/37230.0 days/days; walltime: 459.8
36656.0/37230.0 days/days; walltime: 324.0
36657.0/37230.0 days/days; walltime: 542.2
36658.0/37230.0 days/days; walltime: 571.7
36659.0/37230.0 days/days; walltime: 105.6
