Case 4:
Picked up JAVA_TOOL_OPTIONS: -Xmx2g
Opening log file:  /tmp/java.log.7828

                            < M A T L A B (R) >
                  Copyright 1984-2022 The MathWorks, Inc.
                  R2022a (9.12.0.1884302) 64-bit (glnxa64)
                             February 16, 2022

 
To get started, type doc.
For product information, visit www.mathworks.com.
 

config = 

  struct with fields:

                 k_s: 0.1000
                 l_c: 10
            n_moulin: 68
    creep_const_soft: 0
             mesh_nr: 4
                 k_c: 0.2000
               h_bed: 0.5000
               l_bed: 10
               alpha: 1.2500
                beta: 1.5000
               omega: 5.0000e-04
                 e_v: 1.0000e-04

Running model run (ode15s):
Run to steady
Saving model run to
./RUN/output_104_steady.nc
Fields, IC & BC initialised
Initial phi calculated in 1.8s
0.0/36500.0 days/days; walltime: 20.9
--------------------------------------------------------------1825.0/36500.0 days/days; walltime: 162.3
3650.0/36500.0 days/days; walltime: 5.6
5475.0/36500.0 days/days; walltime: 2.0
7300.0/36500.0 days/days; walltime: 1.4
------9125.0/36500.0 days/days; walltime: 5.9
-10950.0/36500.0 days/days; walltime: 730.4
12775.0/36500.0 days/days; walltime: 419.9
14600.0/36500.0 days/days; walltime: 306.6
16425.0/36500.0 days/days; walltime: 280.0
18250.0/36500.0 days/days; walltime: 310.4
-20075.0/36500.0 days/days; walltime: 69.8
21900.0/36500.0 days/days; walltime: 10.8
23725.0/36500.0 days/days; walltime: 8.0
25550.0/36500.0 days/days; walltime: 6.7
27375.0/36500.0 days/days; walltime: 2.7
29200.0/36500.0 days/days; walltime: 2.2
31025.0/36500.0 days/days; walltime: 2.1
32850.0/36500.0 days/days; walltime: 4.1
34675.0/36500.0 days/days; walltime: 1.6
36500.0/36500.0 days/days; walltime: 1.3
Wallclock for model run: 2359.4s
 

fields = 

  struct with fields:

    nodes: [1x1 struct]
    edges: [1x1 struct]
       BC: [1x1 struct]

Running model run (ode15s):
Run seasonal
Saving model run to
./RUN/output_104_seasonal.nc
IC initialised from struct
IC initialised from file/given & rest from parameters and given functions
36500.0/36682.0 days/days; walltime: 19.6
36501.0/36682.0 days/days; walltime: 67.4
36502.0/36682.0 days/days; walltime: 8.7
36503.0/36682.0 days/days; walltime: 9.8
36504.0/36682.0 days/days; walltime: 20.3
36505.0/36682.0 days/days; walltime: 23.2
36506.0/36682.0 days/days; walltime: 5.9
36507.0/36682.0 days/days; walltime: 7.8
36508.0/36682.0 days/days; walltime: 3.8
36509.0/36682.0 days/days; walltime: 9.2
36510.0/36682.0 days/days; walltime: 3.1
36511.0/36682.0 days/days; walltime: 5.0
36512.0/36682.0 days/days; walltime: 2.9
36513.0/36682.0 days/days; walltime: 2.5
36514.0/36682.0 days/days; walltime: 2.4
36515.0/36682.0 days/days; walltime: 51.4
36516.0/36682.0 days/days; walltime: 1.7
36517.0/36682.0 days/days; walltime: 42.1
36518.0/36682.0 days/days; walltime: 1.7
36519.0/36682.0 days/days; walltime: 1.6
36520.0/36682.0 days/days; walltime: 1.6
36521.0/36682.0 days/days; walltime: 1.5
36522.0/36682.0 days/days; walltime: 1.7
36523.0/36682.0 days/days; walltime: 1.3
36524.0/36682.0 days/days; walltime: 1.6
36525.0/36682.0 days/days; walltime: 1.3
36526.0/36682.0 days/days; walltime: 1.2
36527.0/36682.0 days/days; walltime: 1.2
36528.0/36682.0 days/days; walltime: 1.2
36529.0/36682.0 days/days; walltime: 5.0
36530.0/36682.0 days/days; walltime: 0.8
36531.0/36682.0 days/days; walltime: 0.8
36532.0/36682.0 days/days; walltime: 0.8
36533.0/36682.0 days/days; walltime: 0.6
36534.0/36682.0 days/days; walltime: 0.8
36535.0/36682.0 days/days; walltime: 0.7
36536.0/36682.0 days/days; walltime: 0.6
36537.0/36682.0 days/days; walltime: 0.7
36538.0/36682.0 days/days; walltime: 0.5
36539.0/36682.0 days/days; walltime: 2.9
36540.0/36682.0 days/days; walltime: 0.5
36541.0/36682.0 days/days; walltime: 0.5
36542.0/36682.0 days/days; walltime: 0.7
36543.0/36682.0 days/days; walltime: 0.5
36544.0/36682.0 days/days; walltime: 0.5
36545.0/36682.0 days/days; walltime: 0.4
36546.0/36682.0 days/days; walltime: 0.5
36547.0/36682.0 days/days; walltime: 0.4
36548.0/36682.0 days/days; walltime: 0.4
36549.0/36682.0 days/days; walltime: 0.6
36550.0/36682.0 days/days; walltime: 0.6
36551.0/36682.0 days/days; walltime: 2.6
36552.0/36682.0 days/days; walltime: 0.4
36553.0/36682.0 days/days; walltime: 0.4
36554.0/36682.0 days/days; walltime: 0.4
36555.0/36682.0 days/days; walltime: 0.4
36556.0/36682.0 days/days; walltime: 0.4
36557.0/36682.0 days/days; walltime: 0.4
36558.0/36682.0 days/days; walltime: 0.5
36559.0/36682.0 days/days; walltime: 0.4
36560.0/36682.0 days/days; walltime: 0.6
36561.0/36682.0 days/days; walltime: 2.5
36562.0/36682.0 days/days; walltime: 0.4
36563.0/36682.0 days/days; walltime: 0.4
36564.0/36682.0 days/days; walltime: 0.4
36565.0/36682.0 days/days; walltime: 0.4
36566.0/36682.0 days/days; walltime: 0.4
36567.0/36682.0 days/days; walltime: 0.6
36568.0/36682.0 days/days; walltime: 0.5
36569.0/36682.0 days/days; walltime: 0.5
36570.0/36682.0 days/days; walltime: 2.4
36571.0/36682.0 days/days; walltime: 0.2
36572.0/36682.0 days/days; walltime: 0.2
36573.0/36682.0 days/days; walltime: 0.2
36574.0/36682.0 days/days; walltime: 0.2
36575.0/36682.0 days/days; walltime: 0.2
36576.0/36682.0 days/days; walltime: 2.3
36577.0/36682.0 days/days; walltime: 0.5
36578.0/36682.0 days/days; walltime: 0.5
36579.0/36682.0 days/days; walltime: 0.5
36580.0/36682.0 days/days; walltime: 0.4
36581.0/36682.0 days/days; walltime: 0.4
36582.0/36682.0 days/days; walltime: 0.5
36583.0/36682.0 days/days; walltime: 0.2
36584.0/36682.0 days/days; walltime: 0.5
36585.0/36682.0 days/days; walltime: 0.2
36586.0/36682.0 days/days; walltime: 0.5
36587.0/36682.0 days/days; walltime: 0.4
36588.0/36682.0 days/days; walltime: 0.2
36589.0/36682.0 days/days; walltime: 0.2
36590.0/36682.0 days/days; walltime: 0.5
36591.0/36682.0 days/days; walltime: 0.4
36592.0/36682.0 days/days; walltime: 0.2
36593.0/36682.0 days/days; walltime: 0.4
36594.0/36682.0 days/days; walltime: 0.4
36595.0/36682.0 days/days; walltime: 0.4
36596.0/36682.0 days/days; walltime: 0.2
36597.0/36682.0 days/days; walltime: 0.4
36598.0/36682.0 days/days; walltime: 0.5
36599.0/36682.0 days/days; walltime: 0.2
36600.0/36682.0 days/days; walltime: 0.4
36601.0/36682.0 days/days; walltime: 0.2
36602.0/36682.0 days/days; walltime: 0.5
36603.0/36682.0 days/days; walltime: 0.2
36604.0/36682.0 days/days; walltime: 0.4
36605.0/36682.0 days/days; walltime: 0.2
36606.0/36682.0 days/days; walltime: 0.5
36607.0/36682.0 days/days; walltime: 0.4
36608.0/36682.0 days/days; walltime: 0.1
36609.0/36682.0 days/days; walltime: 2.3
36610.0/36682.0 days/days; walltime: 0.1
36611.0/36682.0 days/days; walltime: 0.4
36612.0/36682.0 days/days; walltime: 0.1
36613.0/36682.0 days/days; walltime: 0.3
36614.0/36682.0 days/days; walltime: 0.1
36615.0/36682.0 days/days; walltime: 0.3
36616.0/36682.0 days/days; walltime: 0.1
36617.0/36682.0 days/days; walltime: 0.3
36618.0/36682.0 days/days; walltime: 0.1
36619.0/36682.0 days/days; walltime: 0.3
36620.0/36682.0 days/days; walltime: 0.1
36621.0/36682.0 days/days; walltime: 0.3
36622.0/36682.0 days/days; walltime: 0.5
--36623.0/36682.0 days/days; walltime: 46.6
36624.0/36682.0 days/days; walltime: 31.9
36625.0/36682.0 days/days; walltime: 2.8
36626.0/36682.0 days/days; walltime: 1.6
36627.0/36682.0 days/days; walltime: 0.8
36628.0/36682.0 days/days; walltime: 0.6
36629.0/36682.0 days/days; walltime: 0.5
36630.0/36682.0 days/days; walltime: 0.4
36631.0/36682.0 days/days; walltime: 0.2
36632.0/36682.0 days/days; walltime: 0.4
36633.0/36682.0 days/days; walltime: 0.1
36634.0/36682.0 days/days; walltime: 0.2
36635.0/36682.0 days/days; walltime: 59.4
36636.0/36682.0 days/days; walltime: 8.1
36637.0/36682.0 days/days; walltime: 0.5
36638.0/36682.0 days/days; walltime: 11.7
36639.0/36682.0 days/days; walltime: 40.3
36640.0/36682.0 days/days; walltime: 36.9
36641.0/36682.0 days/days; walltime: 33.0
36642.0/36682.0 days/days; walltime: 2.0
36643.0/36682.0 days/days; walltime: 1.2
36644.0/36682.0 days/days; walltime: 1.1
36645.0/36682.0 days/days; walltime: 1.0
36646.0/36682.0 days/days; walltime: 1.0
36647.0/36682.0 days/days; walltime: 1.0
36648.0/36682.0 days/days; walltime: 1.0
36649.0/36682.0 days/days; walltime: 0.9
36650.0/36682.0 days/days; walltime: 1.3
36651.0/36682.0 days/days; walltime: 4.6
36652.0/36682.0 days/days; walltime: 1.2
36653.0/36682.0 days/days; walltime: 45.4
36654.0/36682.0 days/days; walltime: 66.5
36655.0/36682.0 days/days; walltime: 139.3
36656.0/36682.0 days/days; walltime: 94.4
36657.0/36682.0 days/days; walltime: 180.4
36658.0/36682.0 days/days; walltime: 485.2
36659.0/36682.0 days/days; walltime: 215.4
36660.0/36682.0 days/days; walltime: 342.2
36661.0/36682.0 days/days; walltime: 67.8
36662.0/36682.0 days/days; walltime: 210.7
36663.0/36682.0 days/days; walltime: 55.4
36664.0/36682.0 days/days; walltime: 22.7
36665.0/36682.0 days/days; walltime: 30.4
36666.0/36682.0 days/days; walltime: 81.5
36667.0/36682.0 days/days; walltime: 106.4
36668.0/36682.0 days/days; walltime: 601.0
36669.0/36682.0 days/days; walltime: 312.1
36670.0/36682.0 days/days; walltime: 355.4
36671.0/36682.0 days/days; walltime: 106.6
36672.0/36682.0 days/days; walltime: 124.8
36673.0/36682.0 days/days; walltime: 338.9
36674.0/36682.0 days/days; walltime: 300.3
36675.0/36682.0 days/days; walltime: 73.6
36676.0/36682.0 days/days; walltime: 367.8
36677.0/36682.0 days/days; walltime: 528.2
36678.0/36682.0 days/days; walltime: 124.6
36679.0/36682.0 days/days; walltime: 122.3
36680.0/36682.0 days/days; walltime: 129.1
36681.0/36682.0 days/days; walltime: 81.6
36682.0/36682.0 days/days; walltime: 67.5
Wallclock for model run: 6430.6s
 

fields = 

  struct with fields:

    nodes: [1x1 struct]
    edges: [1x1 struct]
       BC: [1x1 struct]

No cases left; exiting.
