Case 3:
Picked up JAVA_TOOL_OPTIONS: -Xmx2g
Opening log file:  /tmp/java.log.55291

                            < M A T L A B (R) >
                  Copyright 1984-2022 The MathWorks, Inc.
                  R2022a (9.12.0.1884302) 64-bit (glnxa64)
                             February 16, 2022

 
To get started, type doc.
For product information, visit www.mathworks.com.
 

config = 

  struct with fields:

                 k_s: 0.1000
                 l_c: 10
            n_moulin: 68
    creep_const_soft: 0
             mesh_nr: 4
                 k_c: 0.2000
               h_bed: 0.5000
               l_bed: 10
               alpha: 3
                beta: 2
               omega: 0
                 e_v: 1.0000e-04

Running model run (ode15s):
Run to steady
Saving model run to
./RUN/output_203_steady.nc
Fields, IC & BC initialised
Initial phi calculated in 2.0s
0.0/36500.0 days/days; walltime: 22.3
------------------------------------------------------1825.0/36500.0 days/days; walltime: 233.8
3650.0/36500.0 days/days; walltime: 3.0
5475.0/36500.0 days/days; walltime: 1.2
7300.0/36500.0 days/days; walltime: 0.6
----------------9125.0/36500.0 days/days; walltime: 15.0
10950.0/36500.0 days/days; walltime: 820.3
12775.0/36500.0 days/days; walltime: 497.5
14600.0/36500.0 days/days; walltime: 318.9
16425.0/36500.0 days/days; walltime: 292.3
----18250.0/36500.0 days/days; walltime: 263.1
-----------------20075.0/36500.0 days/days; walltime: 49.6
21900.0/36500.0 days/days; walltime: 4.0
23725.0/36500.0 days/days; walltime: 2.2
25550.0/36500.0 days/days; walltime: 1.3
27375.0/36500.0 days/days; walltime: 0.6
29200.0/36500.0 days/days; walltime: 0.5
31025.0/36500.0 days/days; walltime: 0.3
32850.0/36500.0 days/days; walltime: 0.1
34675.0/36500.0 days/days; walltime: 0.3
Wallclock for model run: 2524.6s
 

fields = 

  struct with fields:

    nodes: [1x1 struct]
    edges: [1x1 struct]
       BC: [1x1 struct]

Running model run (ode15s):
Run seasonal
Saving model run to
./RUN/output_203_seasonal.nc
IC initialised from struct
IC initialised from file/given & rest from parameters and given functions
-36500.0/37230.0 days/days; walltime: 20.3
36501.0/37230.0 days/days; walltime: 68.9
36502.0/37230.0 days/days; walltime: 6.9
36503.0/37230.0 days/days; walltime: 8.4
36504.0/37230.0 days/days; walltime: 15.5
36505.0/37230.0 days/days; walltime: 13.0
36506.0/37230.0 days/days; walltime: 12.1
36507.0/37230.0 days/days; walltime: 15.9
36508.0/37230.0 days/days; walltime: 7.1
36509.0/37230.0 days/days; walltime: 7.9
36510.0/37230.0 days/days; walltime: 2.6
36511.0/37230.0 days/days; walltime: 4.4
36512.0/37230.0 days/days; walltime: 6.8
36513.0/37230.0 days/days; walltime: 2.4
36514.0/37230.0 days/days; walltime: 4.3
36515.0/37230.0 days/days; walltime: 2.2
36516.0/37230.0 days/days; walltime: 2.0
36517.0/37230.0 days/days; walltime: 1.8
36518.0/37230.0 days/days; walltime: 1.8
36519.0/37230.0 days/days; walltime: 1.8
36520.0/37230.0 days/days; walltime: 1.6
36521.0/37230.0 days/days; walltime: 1.7
36522.0/37230.0 days/days; walltime: 1.3
36523.0/37230.0 days/days; walltime: 1.6
36524.0/37230.0 days/days; walltime: 1.2
36525.0/37230.0 days/days; walltime: 1.3
36526.0/37230.0 days/days; walltime: 3.0
36527.0/37230.0 days/days; walltime: 1.0
36528.0/37230.0 days/days; walltime: 1.0
36529.0/37230.0 days/days; walltime: 1.2
36530.0/37230.0 days/days; walltime: 1.1
36531.0/37230.0 days/days; walltime: 1.0
36532.0/37230.0 days/days; walltime: 1.1
36533.0/37230.0 days/days; walltime: 1.0
36534.0/37230.0 days/days; walltime: 1.0
36535.0/37230.0 days/days; walltime: 0.8
36536.0/37230.0 days/days; walltime: 1.0
36537.0/37230.0 days/days; walltime: 0.7
36538.0/37230.0 days/days; walltime: 0.8
36539.0/37230.0 days/days; walltime: 0.8
36540.0/37230.0 days/days; walltime: 2.7
36541.0/37230.0 days/days; walltime: 0.7
36542.0/37230.0 days/days; walltime: 0.7
36543.0/37230.0 days/days; walltime: 0.5
36544.0/37230.0 days/days; walltime: 0.7
36545.0/37230.0 days/days; walltime: 0.6
36546.0/37230.0 days/days; walltime: 0.5
36547.0/37230.0 days/days; walltime: 0.6
36548.0/37230.0 days/days; walltime: 0.6
36549.0/37230.0 days/days; walltime: 0.4
36550.0/37230.0 days/days; walltime: 2.6
36551.0/37230.0 days/days; walltime: 0.4
36552.0/37230.0 days/days; walltime: 0.4
36553.0/37230.0 days/days; walltime: 0.5
36554.0/37230.0 days/days; walltime: 0.4
36555.0/37230.0 days/days; walltime: 0.4
36556.0/37230.0 days/days; walltime: 0.5
36557.0/37230.0 days/days; walltime: 0.6
36558.0/37230.0 days/days; walltime: 2.5
36559.0/37230.0 days/days; walltime: 0.4
36560.0/37230.0 days/days; walltime: 0.4
36561.0/37230.0 days/days; walltime: 0.4
36562.0/37230.0 days/days; walltime: 0.6
36563.0/37230.0 days/days; walltime: 0.4
36564.0/37230.0 days/days; walltime: 0.6
36565.0/37230.0 days/days; walltime: 0.4
36566.0/37230.0 days/days; walltime: 2.4
36567.0/37230.0 days/days; walltime: 0.2
36568.0/37230.0 days/days; walltime: 0.2
36569.0/37230.0 days/days; walltime: 0.2
36570.0/37230.0 days/days; walltime: 0.2
36571.0/37230.0 days/days; walltime: 2.7
36572.0/37230.0 days/days; walltime: 0.6
36573.0/37230.0 days/days; walltime: 0.6
36574.0/37230.0 days/days; walltime: 0.6
36575.0/37230.0 days/days; walltime: 0.6
36576.0/37230.0 days/days; walltime: 0.6
36577.0/37230.0 days/days; walltime: 0.4
36578.0/37230.0 days/days; walltime: 2.5
36579.0/37230.0 days/days; walltime: 0.5
36580.0/37230.0 days/days; walltime: 0.5
36581.0/37230.0 days/days; walltime: 0.5
36582.0/37230.0 days/days; walltime: 0.4
36583.0/37230.0 days/days; walltime: 0.4
36584.0/37230.0 days/days; walltime: 0.5
36585.0/37230.0 days/days; walltime: 0.4
36586.0/37230.0 days/days; walltime: 0.5
36587.0/37230.0 days/days; walltime: 0.4
36588.0/37230.0 days/days; walltime: 0.4
36589.0/37230.0 days/days; walltime: 0.4
36590.0/37230.0 days/days; walltime: 0.5
36591.0/37230.0 days/days; walltime: 0.2
36592.0/37230.0 days/days; walltime: 0.5
36593.0/37230.0 days/days; walltime: 0.2
36594.0/37230.0 days/days; walltime: 0.5
36595.0/37230.0 days/days; walltime: 0.4
36596.0/37230.0 days/days; walltime: 0.2
36597.0/37230.0 days/days; walltime: 0.5
36598.0/37230.0 days/days; walltime: 0.2
36599.0/37230.0 days/days; walltime: 0.4
36600.0/37230.0 days/days; walltime: 0.2
36601.0/37230.0 days/days; walltime: 0.5
36602.0/37230.0 days/days; walltime: 0.4
36603.0/37230.0 days/days; walltime: 0.1
36604.0/37230.0 days/days; walltime: 0.3
36605.0/37230.0 days/days; walltime: 0.2
36606.0/37230.0 days/days; walltime: 0.4
36607.0/37230.0 days/days; walltime: 0.2
36608.0/37230.0 days/days; walltime: 0.4
36609.0/37230.0 days/days; walltime: 0.2
36610.0/37230.0 days/days; walltime: 0.3
36611.0/37230.0 days/days; walltime: 0.1
36612.0/37230.0 days/days; walltime: 0.4
36613.0/37230.0 days/days; walltime: 0.5
36614.0/37230.0 days/days; walltime: 0.1
36615.0/37230.0 days/days; walltime: 0.3
36616.0/37230.0 days/days; walltime: 0.1
36617.0/37230.0 days/days; walltime: 0.2
36618.0/37230.0 days/days; walltime: 0.3
36619.0/37230.0 days/days; walltime: 0.1
36620.0/37230.0 days/days; walltime: 0.4
36621.0/37230.0 days/days; walltime: 0.2
36622.0/37230.0 days/days; walltime: 0.3
---36623.0/37230.0 days/days; walltime: 23.7
36624.0/37230.0 days/days; walltime: 26.4
36625.0/37230.0 days/days; walltime: 2.3
36626.0/37230.0 days/days; walltime: 1.0
36627.0/37230.0 days/days; walltime: 0.7
36628.0/37230.0 days/days; walltime: 0.5
36629.0/37230.0 days/days; walltime: 0.4
36630.0/37230.0 days/days; walltime: 0.1
36631.0/37230.0 days/days; walltime: 0.3
36632.0/37230.0 days/days; walltime: 0.2
36633.0/37230.0 days/days; walltime: 0.3
36634.0/37230.0 days/days; walltime: 0.1
36635.0/37230.0 days/days; walltime: 0.1
36636.0/37230.0 days/days; walltime: 0.2
36637.0/37230.0 days/days; walltime: 0.1
36638.0/37230.0 days/days; walltime: 10.3
36639.0/37230.0 days/days; walltime: 27.9
36640.0/37230.0 days/days; walltime: 55.4
36641.0/37230.0 days/days; walltime: 22.6
36642.0/37230.0 days/days; walltime: 2.2
36643.0/37230.0 days/days; walltime: 5.5
36644.0/37230.0 days/days; walltime: 0.8
36645.0/37230.0 days/days; walltime: 0.9
36646.0/37230.0 days/days; walltime: 1.1
36647.0/37230.0 days/days; walltime: 8.8
36648.0/37230.0 days/days; walltime: 1.3
36649.0/37230.0 days/days; walltime: 1.1
36650.0/37230.0 days/days; walltime: 1.1
36651.0/37230.0 days/days; walltime: 0.8
36652.0/37230.0 days/days; walltime: 1.0
36653.0/37230.0 days/days; walltime: 31.0
36654.0/37230.0 days/days; walltime: 50.7
36655.0/37230.0 days/days; walltime: 138.5
36656.0/37230.0 days/days; walltime: 152.0
36657.0/37230.0 days/days; walltime: 219.6
36658.0/37230.0 days/days; walltime: 438.2
36659.0/37230.0 days/days; walltime: 150.9
36660.0/37230.0 days/days; walltime: 376.1
36661.0/37230.0 days/days; walltime: 85.7
36662.0/37230.0 days/days; walltime: 237.3
36663.0/37230.0 days/days; walltime: 54.3
36664.0/37230.0 days/days; walltime: 48.6
36665.0/37230.0 days/days; walltime: 26.3
36666.0/37230.0 days/days; walltime: 92.2
36667.0/37230.0 days/days; walltime: 77.1
36668.0/37230.0 days/days; walltime: 575.7
36669.0/37230.0 days/days; walltime: 365.5
36670.0/37230.0 days/days; walltime: 258.3
36671.0/37230.0 days/days; walltime: 135.4
36672.0/37230.0 days/days; walltime: 104.8
36673.0/37230.0 days/days; walltime: 270.9
36674.0/37230.0 days/days; walltime: 196.1
36675.0/37230.0 days/days; walltime: 69.7
36676.0/37230.0 days/days; walltime: 233.0
36677.0/37230.0 days/days; walltime: 411.4
36678.0/37230.0 days/days; walltime: 86.3
36679.0/37230.0 days/days; walltime: 121.3
36680.0/37230.0 days/days; walltime: 108.1
36681.0/37230.0 days/days; walltime: 63.8
36682.0/37230.0 days/days; walltime: 35.1
36683.0/37230.0 days/days; walltime: 177.4
36684.0/37230.0 days/days; walltime: 185.2
36685.0/37230.0 days/days; walltime: 434.3
36686.0/37230.0 days/days; walltime: 474.4
36687.0/37230.0 days/days; walltime: 313.5
36688.0/37230.0 days/days; walltime: 142.9
36689.0/37230.0 days/days; walltime: 240.4
36690.0/37230.0 days/days; walltime: 414.6
36691.0/37230.0 days/days; walltime: 121.7
36692.0/37230.0 days/days; walltime: 123.4
36693.0/37230.0 days/days; walltime: 45.0
36694.0/37230.0 days/days; walltime: 41.4
36695.0/37230.0 days/days; walltime: 35.0
36696.0/37230.0 days/days; walltime: 55.2
36697.0/37230.0 days/days; walltime: 82.8
36698.0/37230.0 days/days; walltime: 263.0
36699.0/37230.0 days/days; walltime: 233.9
36700.0/37230.0 days/days; walltime: 184.6
36701.0/37230.0 days/days; walltime: 115.1
36702.0/37230.0 days/days; walltime: 62.9
36703.0/37230.0 days/days; walltime: 41.3
36704.0/37230.0 days/days; walltime: 183.1
36705.0/37230.0 days/days; walltime: 369.5
36706.0/37230.0 days/days; walltime: 219.3
36707.0/37230.0 days/days; walltime: 168.8
36708.0/37230.0 days/days; walltime: 246.4
36709.0/37230.0 days/days; walltime: 135.4
36710.0/37230.0 days/days; walltime: 83.0
36711.0/37230.0 days/days; walltime: 243.1
36712.0/37230.0 days/days; walltime: 114.4
36713.0/37230.0 days/days; walltime: 319.4
36714.0/37230.0 days/days; walltime: 68.4
36715.0/37230.0 days/days; walltime: 115.3
36716.0/37230.0 days/days; walltime: 76.1
36717.0/37230.0 days/days; walltime: 59.9
36718.0/37230.0 days/days; walltime: 57.9
36719.0/37230.0 days/days; walltime: 21.0
36720.0/37230.0 days/days; walltime: 306.4
36721.0/37230.0 days/days; walltime: 271.9
36722.0/37230.0 days/days; walltime: 457.6
36723.0/37230.0 days/days; walltime: 324.9
36724.0/37230.0 days/days; walltime: 234.0
36725.0/37230.0 days/days; walltime: 299.7
36726.0/37230.0 days/days; walltime: 143.5
36727.0/37230.0 days/days; walltime: 60.2
36728.0/37230.0 days/days; walltime: 513.8
36729.0/37230.0 days/days; walltime: 383.7
36730.0/37230.0 days/days; walltime: 429.8
36731.0/37230.0 days/days; walltime: 180.9
36732.0/37230.0 days/days; walltime: 152.4
36733.0/37230.0 days/days; walltime: 284.2
36734.0/37230.0 days/days; walltime: 144.7
36735.0/37230.0 days/days; walltime: 110.7
36736.0/37230.0 days/days; walltime: 152.1
36737.0/37230.0 days/days; walltime: 62.1
36738.0/37230.0 days/days; walltime: 67.9
36739.0/37230.0 days/days; walltime: 95.4
36740.0/37230.0 days/days; walltime: 95.2
36741.0/37230.0 days/days; walltime: 469.6
36742.0/37230.0 days/days; walltime: 715.1
36743.0/37230.0 days/days; walltime: 1082.6
36744.0/37230.0 days/days; walltime: 529.7
36745.0/37230.0 days/days; walltime: 269.5
36746.0/37230.0 days/days; walltime: 198.7
36747.0/37230.0 days/days; walltime: 548.1
36748.0/37230.0 days/days; walltime: 278.2
36749.0/37230.0 days/days; walltime: 630.7
36750.0/37230.0 days/days; walltime: 155.8
36751.0/37230.0 days/days; walltime: 91.1
36752.0/37230.0 days/days; walltime: 229.3
36753.0/37230.0 days/days; walltime: 86.0
36754.0/37230.0 days/days; walltime: 52.5
36755.0/37230.0 days/days; walltime: 49.3
36756.0/37230.0 days/days; walltime: 21.7
36757.0/37230.0 days/days; walltime: 27.1
36758.0/37230.0 days/days; walltime: 8.8
36759.0/37230.0 days/days; walltime: 5.1
36760.0/37230.0 days/days; walltime: 41.2
36761.0/37230.0 days/days; walltime: 198.1
36762.0/37230.0 days/days; walltime: 179.2
36763.0/37230.0 days/days; walltime: 9.1
36764.0/37230.0 days/days; walltime: 102.2
36765.0/37230.0 days/days; walltime: 103.5
36766.0/37230.0 days/days; walltime: 5.7
36767.0/37230.0 days/days; walltime: 3.1
36768.0/37230.0 days/days; walltime: 5.1
36769.0/37230.0 days/days; walltime: 2.5
36770.0/37230.0 days/days; walltime: 2.2
36771.0/37230.0 days/days; walltime: 2.0
36772.0/37230.0 days/days; walltime: 1.9
36773.0/37230.0 days/days; walltime: 1.6
36774.0/37230.0 days/days; walltime: 1.4
36775.0/37230.0 days/days; walltime: 5.1
36776.0/37230.0 days/days; walltime: 1.1
36777.0/37230.0 days/days; walltime: 1.2
36778.0/37230.0 days/days; walltime: 1.1
36779.0/37230.0 days/days; walltime: 1.0
36780.0/37230.0 days/days; walltime: 1.0
36781.0/37230.0 days/days; walltime: 1.0
--36782.0/37230.0 days/days; walltime: 37.9
36783.0/37230.0 days/days; walltime: 127.4
36784.0/37230.0 days/days; walltime: 243.1
36785.0/37230.0 days/days; walltime: 624.3
36786.0/37230.0 days/days; walltime: 145.8
36787.0/37230.0 days/days; walltime: 38.5
36788.0/37230.0 days/days; walltime: 8.0
36789.0/37230.0 days/days; walltime: 9.6
36790.0/37230.0 days/days; walltime: 24.6
36791.0/37230.0 days/days; walltime: 49.1
36792.0/37230.0 days/days; walltime: 16.8
36793.0/37230.0 days/days; walltime: 23.8
36794.0/37230.0 days/days; walltime: 19.3
36795.0/37230.0 days/days; walltime: 9.4
36796.0/37230.0 days/days; walltime: 15.2
36797.0/37230.0 days/days; walltime: 1.9
36798.0/37230.0 days/days; walltime: 19.1
36799.0/37230.0 days/days; walltime: 3.8
36800.0/37230.0 days/days; walltime: 0.9
36801.0/37230.0 days/days; walltime: 1.0
36802.0/37230.0 days/days; walltime: 7.3
36803.0/37230.0 days/days; walltime: 1.0
36804.0/37230.0 days/days; walltime: 0.6
36805.0/37230.0 days/days; walltime: 0.7
36806.0/37230.0 days/days; walltime: 0.8
36807.0/37230.0 days/days; walltime: 0.8
36808.0/37230.0 days/days; walltime: 1.0
36809.0/37230.0 days/days; walltime: 0.7
36810.0/37230.0 days/days; walltime: 0.6
36811.0/37230.0 days/days; walltime: 0.9
36812.0/37230.0 days/days; walltime: 0.6
36813.0/37230.0 days/days; walltime: 0.7
36814.0/37230.0 days/days; walltime: 1.2
36815.0/37230.0 days/days; walltime: 0.6
36816.0/37230.0 days/days; walltime: 0.7
36817.0/37230.0 days/days; walltime: 0.6
36818.0/37230.0 days/days; walltime: 3.1
36819.0/37230.0 days/days; walltime: 0.5
36820.0/37230.0 days/days; walltime: 0.4
36821.0/37230.0 days/days; walltime: 0.4
36822.0/37230.0 days/days; walltime: 0.4
36823.0/37230.0 days/days; walltime: 0.4
36824.0/37230.0 days/days; walltime: 0.4
36825.0/37230.0 days/days; walltime: 0.2
36826.0/37230.0 days/days; walltime: 0.4
36827.0/37230.0 days/days; walltime: 0.4
36828.0/37230.0 days/days; walltime: 0.4
36829.0/37230.0 days/days; walltime: 0.2
36830.0/37230.0 days/days; walltime: 0.4
36831.0/37230.0 days/days; walltime: 0.3
36832.0/37230.0 days/days; walltime: 0.2
36833.0/37230.0 days/days; walltime: 0.3
36834.0/37230.0 days/days; walltime: 0.4
36835.0/37230.0 days/days; walltime: 0.2
36836.0/37230.0 days/days; walltime: 0.3
36837.0/37230.0 days/days; walltime: 0.4
36838.0/37230.0 days/days; walltime: 0.1
36839.0/37230.0 days/days; walltime: 0.3
36840.0/37230.0 days/days; walltime: 0.2
36841.0/37230.0 days/days; walltime: 0.3
36842.0/37230.0 days/days; walltime: 0.1
36843.0/37230.0 days/days; walltime: 0.4
36844.0/37230.0 days/days; walltime: 0.1
36845.0/37230.0 days/days; walltime: 0.1
36846.0/37230.0 days/days; walltime: 0.3
36847.0/37230.0 days/days; walltime: 0.4
36848.0/37230.0 days/days; walltime: 0.1
36849.0/37230.0 days/days; walltime: 0.3
36850.0/37230.0 days/days; walltime: 0.1
36851.0/37230.0 days/days; walltime: 0.4
36852.0/37230.0 days/days; walltime: 0.1
36853.0/37230.0 days/days; walltime: 0.3
36854.0/37230.0 days/days; walltime: 0.1
36855.0/37230.0 days/days; walltime: 0.3
36856.0/37230.0 days/days; walltime: 0.1
36857.0/37230.0 days/days; walltime: 0.3
36858.0/37230.0 days/days; walltime: 0.1
36859.0/37230.0 days/days; walltime: 0.3
36860.0/37230.0 days/days; walltime: 0.1
36861.0/37230.0 days/days; walltime: 0.3
36862.0/37230.0 days/days; walltime: 0.1
36863.0/37230.0 days/days; walltime: 0.3
36864.0/37230.0 days/days; walltime: 0.1
36865.0/37230.0 days/days; walltime: 0.3
36866.0/37230.0 days/days; walltime: 0.1
36867.0/37230.0 days/days; walltime: 0.3
36868.0/37230.0 days/days; walltime: 0.1
36869.0/37230.0 days/days; walltime: 0.3
36870.0/37230.0 days/days; walltime: 0.1
36871.0/37230.0 days/days; walltime: 0.3
36872.0/37230.0 days/days; walltime: 0.1
36873.0/37230.0 days/days; walltime: 0.3
36874.0/37230.0 days/days; walltime: 0.1
36875.0/37230.0 days/days; walltime: 0.1
36876.0/37230.0 days/days; walltime: 0.4
36877.0/37230.0 days/days; walltime: 0.1
---36878.0/37230.0 days/days; walltime: 0.3
----36879.0/37230.0 days/days; walltime: 0.2
--36880.0/37230.0 days/days; walltime: 0.1
----36881.0/37230.0 days/days; walltime: 0.4
--36882.0/37230.0 days/days; walltime: 0.1
----36883.0/37230.0 days/days; walltime: 0.4
--36884.0/37230.0 days/days; walltime: 0.1
----36885.0/37230.0 days/days; walltime: 0.3
----36886.0/37230.0 days/days; walltime: 0.4
--36887.0/37230.0 days/days; walltime: 0.1
----36888.0/37230.0 days/days; walltime: 0.4
--36889.0/37230.0 days/days; walltime: 0.1
----36890.0/37230.0 days/days; walltime: 0.2
--36891.0/37230.0 days/days; walltime: 0.1
--36892.0/37230.0 days/days; walltime: 0.1
----36893.0/37230.0 days/days; walltime: 0.4
--36894.0/37230.0 days/days; walltime: 0.1
----------------------------------------------36895.0/37230.0 days/days; walltime: 3.3
---36896.0/37230.0 days/days; walltime: 0.3
-36897.0/37230.0 days/days; walltime: 0.1
--36898.0/37230.0 days/days; walltime: 0.1
-36899.0/37230.0 days/days; walltime: 0.1
---36900.0/37230.0 days/days; walltime: 0.3
-36901.0/37230.0 days/days; walltime: 0.1
--36902.0/37230.0 days/days; walltime: 0.1
--36903.0/37230.0 days/days; walltime: 0.3
--36904.0/37230.0 days/days; walltime: 0.1
-36905.0/37230.0 days/days; walltime: 0.1
--36906.0/37230.0 days/days; walltime: 0.3
--36907.0/37230.0 days/days; walltime: 0.1
-36908.0/37230.0 days/days; walltime: 0.1
---36909.0/37230.0 days/days; walltime: 0.3
-36910.0/37230.0 days/days; walltime: 0.1
---36911.0/37230.0 days/days; walltime: 0.3
-36912.0/37230.0 days/days; walltime: 0.1
-36913.0/37230.0 days/days; walltime: 0.1
---36914.0/37230.0 days/days; walltime: 0.3
-36915.0/37230.0 days/days; walltime: 0.1
-36916.0/37230.0 days/days; walltime: 0.1
---36917.0/37230.0 days/days; walltime: 0.3
-36918.0/37230.0 days/days; walltime: 0.1
-36919.0/37230.0 days/days; walltime: 0.1
-36920.0/37230.0 days/days; walltime: 0.3
36921.0/37230.0 days/days; walltime: 0.1
36922.0/37230.0 days/days; walltime: 0.1
36923.0/37230.0 days/days; walltime: 0.1
36924.0/37230.0 days/days; walltime: 0.3
36925.0/37230.0 days/days; walltime: 0.1
36926.0/37230.0 days/days; walltime: 0.1
36927.0/37230.0 days/days; walltime: 0.2
36928.0/37230.0 days/days; walltime: 0.1
36929.0/37230.0 days/days; walltime: 0.1
36930.0/37230.0 days/days; walltime: 0.3
36931.0/37230.0 days/days; walltime: 0.1
36932.0/37230.0 days/days; walltime: 0.1
36933.0/37230.0 days/days; walltime: 0.1
36934.0/37230.0 days/days; walltime: 0.3
36935.0/37230.0 days/days; walltime: 0.1
36936.0/37230.0 days/days; walltime: 0.1
36937.0/37230.0 days/days; walltime: 0.2
36938.0/37230.0 days/days; walltime: 0.1
36939.0/37230.0 days/days; walltime: 0.1
36940.0/37230.0 days/days; walltime: 0.1
36941.0/37230.0 days/days; walltime: 0.3
36942.0/37230.0 days/days; walltime: 0.1
36943.0/37230.0 days/days; walltime: 0.1
36944.0/37230.0 days/days; walltime: 0.2
36945.0/37230.0 days/days; walltime: 0.1
36946.0/37230.0 days/days; walltime: 0.1
36947.0/37230.0 days/days; walltime: 0.1
36948.0/37230.0 days/days; walltime: 0.2
36949.0/37230.0 days/days; walltime: 0.1
36950.0/37230.0 days/days; walltime: 0.1
36951.0/37230.0 days/days; walltime: 0.1
36952.0/37230.0 days/days; walltime: 0.2
36953.0/37230.0 days/days; walltime: 0.1
36954.0/37230.0 days/days; walltime: 0.1
36955.0/37230.0 days/days; walltime: 0.1
36956.0/37230.0 days/days; walltime: 0.2
36957.0/37230.0 days/days; walltime: 0.1
36958.0/37230.0 days/days; walltime: 0.1
36959.0/37230.0 days/days; walltime: 0.1
36960.0/37230.0 days/days; walltime: 0.2
36961.0/37230.0 days/days; walltime: 0.1
36962.0/37230.0 days/days; walltime: 0.1
36963.0/37230.0 days/days; walltime: 0.1
36964.0/37230.0 days/days; walltime: 0.2
36965.0/37230.0 days/days; walltime: 0.1
36966.0/37230.0 days/days; walltime: 0.1
36967.0/37230.0 days/days; walltime: 0.1
36968.0/37230.0 days/days; walltime: 0.3
36970.0/37230.0 days/days; walltime: 0.1
36971.0/37230.0 days/days; walltime: 0.1
36972.0/37230.0 days/days; walltime: 0.1
36973.0/37230.0 days/days; walltime: 0.2
36974.0/37230.0 days/days; walltime: 0.1
36975.0/37230.0 days/days; walltime: 0.1
36976.0/37230.0 days/days; walltime: 0.1
36978.0/37230.0 days/days; walltime: 0.2
36979.0/37230.0 days/days; walltime: 0.1
36980.0/37230.0 days/days; walltime: 0.1
36981.0/37230.0 days/days; walltime: 0.1
36982.0/37230.0 days/days; walltime: 0.3
36984.0/37230.0 days/days; walltime: 0.1
36985.0/37230.0 days/days; walltime: 0.1
36986.0/37230.0 days/days; walltime: 0.1
36987.0/37230.0 days/days; walltime: 0.4
36989.0/37230.0 days/days; walltime: 0.1
36990.0/37230.0 days/days; walltime: 0.1
36991.0/37230.0 days/days; walltime: 0.1
36993.0/37230.0 days/days; walltime: 0.3
36994.0/37230.0 days/days; walltime: 0.1
36995.0/37230.0 days/days; walltime: 0.1
36997.0/37230.0 days/days; walltime: 0.1
36998.0/37230.0 days/days; walltime: 0.2
36999.0/37230.0 days/days; walltime: 0.1
37001.0/37230.0 days/days; walltime: 0.1
---37002.0/37230.0 days/days; walltime: 2.5
----37003.0/37230.0 days/days; walltime: 10.7
37004.0/37230.0 days/days; walltime: 30.9
37005.0/37230.0 days/days; walltime: 76.7
37006.0/37230.0 days/days; walltime: 36.7
37007.0/37230.0 days/days; walltime: 2.5
37008.0/37230.0 days/days; walltime: 1.5
37009.0/37230.0 days/days; walltime: 0.7
37010.0/37230.0 days/days; walltime: 0.8
37011.0/37230.0 days/days; walltime: 1.4
37012.0/37230.0 days/days; walltime: 1.3
37013.0/37230.0 days/days; walltime: 5.9
37014.0/37230.0 days/days; walltime: 1.9
37015.0/37230.0 days/days; walltime: 0.9
37016.0/37230.0 days/days; walltime: 1.0
37017.0/37230.0 days/days; walltime: 0.5
37018.0/37230.0 days/days; walltime: 38.2
37019.0/37230.0 days/days; walltime: 57.5
37020.0/37230.0 days/days; walltime: 160.7
37021.0/37230.0 days/days; walltime: 146.8
37022.0/37230.0 days/days; walltime: 252.7
37023.0/37230.0 days/days; walltime: 483.3
37024.0/37230.0 days/days; walltime: 171.2
37025.0/37230.0 days/days; walltime: 410.6
37026.0/37230.0 days/days; walltime: 127.1
37027.0/37230.0 days/days; walltime: 315.0
37028.0/37230.0 days/days; walltime: 60.3
37029.0/37230.0 days/days; walltime: 52.0
37030.0/37230.0 days/days; walltime: 28.2
37031.0/37230.0 days/days; walltime: 86.9
37032.0/37230.0 days/days; walltime: 81.3
37033.0/37230.0 days/days; walltime: 566.9
37034.0/37230.0 days/days; walltime: 318.5
37035.0/37230.0 days/days; walltime: 275.1
37036.0/37230.0 days/days; walltime: 118.5
37037.0/37230.0 days/days; walltime: 122.1
37038.0/37230.0 days/days; walltime: 296.1
37039.0/37230.0 days/days; walltime: 222.0
37040.0/37230.0 days/days; walltime: 58.7
37041.0/37230.0 days/days; walltime: 302.1
37042.0/37230.0 days/days; walltime: 479.5
37043.0/37230.0 days/days; walltime: 105.4
37044.0/37230.0 days/days; walltime: 138.1
37045.0/37230.0 days/days; walltime: 117.7
37046.0/37230.0 days/days; walltime: 70.1
37047.0/37230.0 days/days; walltime: 74.5
37048.0/37230.0 days/days; walltime: 176.4
37049.0/37230.0 days/days; walltime: 181.9
37050.0/37230.0 days/days; walltime: 515.1
37051.0/37230.0 days/days; walltime: 479.0
37052.0/37230.0 days/days; walltime: 392.6
37053.0/37230.0 days/days; walltime: 128.2
37054.0/37230.0 days/days; walltime: 305.1
37055.0/37230.0 days/days; walltime: 421.5
37056.0/37230.0 days/days; walltime: 145.5
37057.0/37230.0 days/days; walltime: 125.5
37058.0/37230.0 days/days; walltime: 58.0
37059.0/37230.0 days/days; walltime: 51.3
37060.0/37230.0 days/days; walltime: 35.5
37061.0/37230.0 days/days; walltime: 47.7
37062.0/37230.0 days/days; walltime: 101.2
37063.0/37230.0 days/days; walltime: 294.5
37064.0/37230.0 days/days; walltime: 233.4
37065.0/37230.0 days/days; walltime: 192.8
37066.0/37230.0 days/days; walltime: 142.0
37067.0/37230.0 days/days; walltime: 67.6
37068.0/37230.0 days/days; walltime: 60.7
37069.0/37230.0 days/days; walltime: 205.5
37070.0/37230.0 days/days; walltime: 390.3
37071.0/37230.0 days/days; walltime: 234.5
37072.0/37230.0 days/days; walltime: 159.8
37073.0/37230.0 days/days; walltime: 200.0
37074.0/37230.0 days/days; walltime: 125.1
37075.0/37230.0 days/days; walltime: 96.1
37076.0/37230.0 days/days; walltime: 233.1
37077.0/37230.0 days/days; walltime: 125.2
37078.0/37230.0 days/days; walltime: 324.6
37079.0/37230.0 days/days; walltime: 82.1
37080.0/37230.0 days/days; walltime: 105.8
37081.0/37230.0 days/days; walltime: 83.8
37082.0/37230.0 days/days; walltime: 66.3
37083.0/37230.0 days/days; walltime: 61.9
37084.0/37230.0 days/days; walltime: 41.2
37085.0/37230.0 days/days; walltime: 297.0
37086.0/37230.0 days/days; walltime: 258.9
37087.0/37230.0 days/days; walltime: 425.4
37088.0/37230.0 days/days; walltime: 316.8
37089.0/37230.0 days/days; walltime: 211.3
37090.0/37230.0 days/days; walltime: 301.5
37091.0/37230.0 days/days; walltime: 158.1
37092.0/37230.0 days/days; walltime: 76.2
37093.0/37230.0 days/days; walltime: 505.9
37094.0/37230.0 days/days; walltime: 446.5
37095.0/37230.0 days/days; walltime: 392.5
37096.0/37230.0 days/days; walltime: 182.0
37097.0/37230.0 days/days; walltime: 141.0
37098.0/37230.0 days/days; walltime: 294.5
37099.0/37230.0 days/days; walltime: 163.1
37100.0/37230.0 days/days; walltime: 110.6
37101.0/37230.0 days/days; walltime: 163.3
37102.0/37230.0 days/days; walltime: 60.9
37103.0/37230.0 days/days; walltime: 83.4
37104.0/37230.0 days/days; walltime: 117.9
37105.0/37230.0 days/days; walltime: 107.4
37106.0/37230.0 days/days; walltime: 407.8
37107.0/37230.0 days/days; walltime: 637.3
37108.0/37230.0 days/days; walltime: 1033.6
37109.0/37230.0 days/days; walltime: 519.7
37110.0/37230.0 days/days; walltime: 245.5
37111.0/37230.0 days/days; walltime: 230.4
37112.0/37230.0 days/days; walltime: 507.7
37113.0/37230.0 days/days; walltime: 304.0
37114.0/37230.0 days/days; walltime: 661.9
37115.0/37230.0 days/days; walltime: 182.0
37116.0/37230.0 days/days; walltime: 79.5
37117.0/37230.0 days/days; walltime: 215.7
37118.0/37230.0 days/days; walltime: 72.5
37119.0/37230.0 days/days; walltime: 55.1
37120.0/37230.0 days/days; walltime: 40.5
37121.0/37230.0 days/days; walltime: 27.2
37122.0/37230.0 days/days; walltime: 8.2
37123.0/37230.0 days/days; walltime: 7.7
37124.0/37230.0 days/days; walltime: 2.8
37125.0/37230.0 days/days; walltime: 29.5
37126.0/37230.0 days/days; walltime: 152.6
37127.0/37230.0 days/days; walltime: 164.8
37128.0/37230.0 days/days; walltime: 8.8
37129.0/37230.0 days/days; walltime: 98.9
37130.0/37230.0 days/days; walltime: 104.3
37131.0/37230.0 days/days; walltime: 3.8
37132.0/37230.0 days/days; walltime: 3.0
37133.0/37230.0 days/days; walltime: 9.0
37134.0/37230.0 days/days; walltime: 2.2
37135.0/37230.0 days/days; walltime: 1.9
37136.0/37230.0 days/days; walltime: 1.7
37137.0/37230.0 days/days; walltime: 1.9
37138.0/37230.0 days/days; walltime: 5.5
37139.0/37230.0 days/days; walltime: 0.9
37140.0/37230.0 days/days; walltime: 0.9
37141.0/37230.0 days/days; walltime: 0.8
37142.0/37230.0 days/days; walltime: 0.8
37143.0/37230.0 days/days; walltime: 0.8
37144.0/37230.0 days/days; walltime: 0.6
37145.0/37230.0 days/days; walltime: 0.8
37146.0/37230.0 days/days; walltime: 0.7
37147.0/37230.0 days/days; walltime: 39.3
37148.0/37230.0 days/days; walltime: 128.0
37149.0/37230.0 days/days; walltime: 242.5
37150.0/37230.0 days/days; walltime: 595.8
37151.0/37230.0 days/days; walltime: 128.4
37152.0/37230.0 days/days; walltime: 40.2
37153.0/37230.0 days/days; walltime: 15.5
37154.0/37230.0 days/days; walltime: 12.8
37155.0/37230.0 days/days; walltime: 23.6
37156.0/37230.0 days/days; walltime: 19.0
37157.0/37230.0 days/days; walltime: 16.0
37158.0/37230.0 days/days; walltime: 21.6
37159.0/37230.0 days/days; walltime: 19.2
37160.0/37230.0 days/days; walltime: 26.6
37161.0/37230.0 days/days; walltime: 12.0
37162.0/37230.0 days/days; walltime: 1.6
37163.0/37230.0 days/days; walltime: 23.6
37164.0/37230.0 days/days; walltime: 6.5
37165.0/37230.0 days/days; walltime: 1.2
37166.0/37230.0 days/days; walltime: 9.9
37167.0/37230.0 days/days; walltime: 5.6
37168.0/37230.0 days/days; walltime: 0.8
37169.0/37230.0 days/days; walltime: 0.8
37170.0/37230.0 days/days; walltime: 0.7
37171.0/37230.0 days/days; walltime: 0.5
37172.0/37230.0 days/days; walltime: 0.9
37173.0/37230.0 days/days; walltime: 0.7
37174.0/37230.0 days/days; walltime: 0.7
37175.0/37230.0 days/days; walltime: 0.7
37176.0/37230.0 days/days; walltime: 0.5
37177.0/37230.0 days/days; walltime: 0.5
37178.0/37230.0 days/days; walltime: 0.7
37179.0/37230.0 days/days; walltime: 0.4
37180.0/37230.0 days/days; walltime: 0.5
37181.0/37230.0 days/days; walltime: 0.6
37182.0/37230.0 days/days; walltime: 0.5
37183.0/37230.0 days/days; walltime: 0.5
37184.0/37230.0 days/days; walltime: 0.6
37185.0/37230.0 days/days; walltime: 0.6
37186.0/37230.0 days/days; walltime: 3.4
37187.0/37230.0 days/days; walltime: 0.4
37188.0/37230.0 days/days; walltime: 0.4
37189.0/37230.0 days/days; walltime: 0.2
37190.0/37230.0 days/days; walltime: 0.4
37191.0/37230.0 days/days; walltime: 0.4
37192.0/37230.0 days/days; walltime: 0.4
37193.0/37230.0 days/days; walltime: 0.2
37194.0/37230.0 days/days; walltime: 0.4
37195.0/37230.0 days/days; walltime: 0.3
37196.0/37230.0 days/days; walltime: 0.2
37197.0/37230.0 days/days; walltime: 0.3
37198.0/37230.0 days/days; walltime: 0.4
37199.0/37230.0 days/days; walltime: 0.1
37200.0/37230.0 days/days; walltime: 0.3
37201.0/37230.0 days/days; walltime: 0.2
37202.0/37230.0 days/days; walltime: 0.3
37203.0/37230.0 days/days; walltime: 0.1
37204.0/37230.0 days/days; walltime: 0.3
37205.0/37230.0 days/days; walltime: 0.4
37206.0/37230.0 days/days; walltime: 0.1
37207.0/37230.0 days/days; walltime: 0.3
37208.0/37230.0 days/days; walltime: 0.1
37209.0/37230.0 days/days; walltime: 0.4
37210.0/37230.0 days/days; walltime: 0.1
37211.0/37230.0 days/days; walltime: 0.3
37212.0/37230.0 days/days; walltime: 0.1
37213.0/37230.0 days/days; walltime: 0.4
37214.0/37230.0 days/days; walltime: 0.1
37215.0/37230.0 days/days; walltime: 0.3
37216.0/37230.0 days/days; walltime: 0.1
37217.0/37230.0 days/days; walltime: 0.3
37218.0/37230.0 days/days; walltime: 0.1
37219.0/37230.0 days/days; walltime: 0.3
37220.0/37230.0 days/days; walltime: 0.1
37221.0/37230.0 days/days; walltime: 0.3
37222.0/37230.0 days/days; walltime: 0.1
37223.0/37230.0 days/days; walltime: 0.3
37224.0/37230.0 days/days; walltime: 0.1
37225.0/37230.0 days/days; walltime: 0.3
37226.0/37230.0 days/days; walltime: 0.1
37227.0/37230.0 days/days; walltime: 0.3
37228.0/37230.0 days/days; walltime: 0.1
37229.0/37230.0 days/days; walltime: 0.3
37230.0/37230.0 days/days; walltime: 0.3
Wallclock for model run: 48873.8s
 

fields = 

  struct with fields:

    nodes: [1x1 struct]
    edges: [1x1 struct]
       BC: [1x1 struct]

No cases left; exiting.
