Case 5:
Picked up JAVA_TOOL_OPTIONS: -Xmx2g
Opening log file:  /tmp/java.log.20969

                            < M A T L A B (R) >
                  Copyright 1984-2022 The MathWorks, Inc.
                  R2022a (9.12.0.1884302) 64-bit (glnxa64)
                             February 16, 2022

 
To get started, type doc.
For product information, visit www.mathworks.com.
 

config = 

  struct with fields:

                 k_s: 0.1000
                 l_c: 10
            n_moulin: 68
    creep_const_soft: 0
             mesh_nr: 4
                 k_c: 0.2000
               h_bed: 0.5000
               l_bed: 10
               alpha: 1.5000
                beta: 1.5000
               omega: 5.0000e-04
                 e_v: 1.0000e-04

Running model run (ode15s):
Run to steady
Saving model run to
./RUN/output_105_steady.nc
Fields, IC & BC initialised
Initial phi calculated in 4.2s
0.0/36500.0 days/days; walltime: 23.6
----------------------------------------------------------------------------1825.0/36500.0 days/days; walltime: 174.2
3650.0/36500.0 days/days; walltime: 6.0
5475.0/36500.0 days/days; walltime: 2.1
7300.0/36500.0 days/days; walltime: 1.4
-------9125.0/36500.0 days/days; walltime: 8.9
-10950.0/36500.0 days/days; walltime: 704.9
12775.0/36500.0 days/days; walltime: 414.7
14600.0/36500.0 days/days; walltime: 286.0
16425.0/36500.0 days/days; walltime: 275.3
18250.0/36500.0 days/days; walltime: 298.3
-------20075.0/36500.0 days/days; walltime: 64.0
21900.0/36500.0 days/days; walltime: 12.1
23725.0/36500.0 days/days; walltime: 8.7
25550.0/36500.0 days/days; walltime: 5.2
27375.0/36500.0 days/days; walltime: 4.2
29200.0/36500.0 days/days; walltime: 1.2
31025.0/36500.0 days/days; walltime: 4.5
32850.0/36500.0 days/days; walltime: 2.1
34675.0/36500.0 days/days; walltime: 1.5
36500.0/36500.0 days/days; walltime: 3.7
Wallclock for model run: 2308.7s
 

fields = 

  struct with fields:

    nodes: [1x1 struct]
    edges: [1x1 struct]
       BC: [1x1 struct]

Running model run (ode15s):
Run seasonal
Saving model run to
./RUN/output_105_seasonal.nc
IC initialised from struct
IC initialised from file/given & rest from parameters and given functions
36500.0/37230.0 days/days; walltime: 20.9
36501.0/37230.0 days/days; walltime: 63.6
36502.0/37230.0 days/days; walltime: 8.0
36503.0/37230.0 days/days; walltime: 9.6
36504.0/37230.0 days/days; walltime: 20.3
36505.0/37230.0 days/days; walltime: 24.2
36506.0/37230.0 days/days; walltime: 6.7
36507.0/37230.0 days/days; walltime: 10.3
36508.0/37230.0 days/days; walltime: 3.4
36509.0/37230.0 days/days; walltime: 11.3
36510.0/37230.0 days/days; walltime: 3.1
36511.0/37230.0 days/days; walltime: 2.5
36512.0/37230.0 days/days; walltime: 4.3
36513.0/37230.0 days/days; walltime: 1.7
36514.0/37230.0 days/days; walltime: 3.7
36515.0/37230.0 days/days; walltime: 1.9
36516.0/37230.0 days/days; walltime: 2.0
36517.0/37230.0 days/days; walltime: 1.9
36518.0/37230.0 days/days; walltime: 1.8
36519.0/37230.0 days/days; walltime: 1.6
36520.0/37230.0 days/days; walltime: 1.5
36521.0/37230.0 days/days; walltime: 1.6
36522.0/37230.0 days/days; walltime: 1.4
36523.0/37230.0 days/days; walltime: 1.5
36524.0/37230.0 days/days; walltime: 32.1
36525.0/37230.0 days/days; walltime: 1.1
36526.0/37230.0 days/days; walltime: 0.9
36527.0/37230.0 days/days; walltime: 52.7
36528.0/37230.0 days/days; walltime: 1.1
36529.0/37230.0 days/days; walltime: 1.0
36530.0/37230.0 days/days; walltime: 0.9
36531.0/37230.0 days/days; walltime: 1.0
36532.0/37230.0 days/days; walltime: 1.0
36533.0/37230.0 days/days; walltime: 0.9
36534.0/37230.0 days/days; walltime: 1.0
36535.0/37230.0 days/days; walltime: 1.0
36536.0/37230.0 days/days; walltime: 0.8
36537.0/37230.0 days/days; walltime: 0.9
36538.0/37230.0 days/days; walltime: 0.8
36539.0/37230.0 days/days; walltime: 0.8
36540.0/37230.0 days/days; walltime: 2.6
36541.0/37230.0 days/days; walltime: 0.7
36542.0/37230.0 days/days; walltime: 0.8
36543.0/37230.0 days/days; walltime: 0.7
36544.0/37230.0 days/days; walltime: 0.7
36545.0/37230.0 days/days; walltime: 0.7
36546.0/37230.0 days/days; walltime: 0.6
36547.0/37230.0 days/days; walltime: 0.6
36548.0/37230.0 days/days; walltime: 0.8
36549.0/37230.0 days/days; walltime: 0.4
36550.0/37230.0 days/days; walltime: 0.6
36551.0/37230.0 days/days; walltime: 0.6
36552.0/37230.0 days/days; walltime: 2.5
36553.0/37230.0 days/days; walltime: 0.6
36554.0/37230.0 days/days; walltime: 0.6
36555.0/37230.0 days/days; walltime: 0.6
36556.0/37230.0 days/days; walltime: 0.6
36557.0/37230.0 days/days; walltime: 0.6
36558.0/37230.0 days/days; walltime: 0.6
36559.0/37230.0 days/days; walltime: 0.6
36560.0/37230.0 days/days; walltime: 0.6
36561.0/37230.0 days/days; walltime: 0.6
36562.0/37230.0 days/days; walltime: 2.3
36563.0/37230.0 days/days; walltime: 0.6
36564.0/37230.0 days/days; walltime: 0.6
36565.0/37230.0 days/days; walltime: 0.5
36566.0/37230.0 days/days; walltime: 0.6
36567.0/37230.0 days/days; walltime: 0.3
36568.0/37230.0 days/days; walltime: 0.5
36569.0/37230.0 days/days; walltime: 0.6
36570.0/37230.0 days/days; walltime: 0.3
36571.0/37230.0 days/days; walltime: 2.2
36572.0/37230.0 days/days; walltime: 0.3
36573.0/37230.0 days/days; walltime: 0.4
36574.0/37230.0 days/days; walltime: 0.3
36575.0/37230.0 days/days; walltime: 0.3
36576.0/37230.0 days/days; walltime: 0.6
36577.0/37230.0 days/days; walltime: 0.5
36578.0/37230.0 days/days; walltime: 0.5
36579.0/37230.0 days/days; walltime: 0.3
36580.0/37230.0 days/days; walltime: 0.4
36581.0/37230.0 days/days; walltime: 2.1
36582.0/37230.0 days/days; walltime: 0.5
36583.0/37230.0 days/days; walltime: 0.2
36584.0/37230.0 days/days; walltime: 0.5
36585.0/37230.0 days/days; walltime: 0.3
36586.0/37230.0 days/days; walltime: 0.3
36587.0/37230.0 days/days; walltime: 0.3
36588.0/37230.0 days/days; walltime: 0.2
36589.0/37230.0 days/days; walltime: 0.3
36590.0/37230.0 days/days; walltime: 0.5
36591.0/37230.0 days/days; walltime: 0.2
36592.0/37230.0 days/days; walltime: 0.3
36593.0/37230.0 days/days; walltime: 0.2
36594.0/37230.0 days/days; walltime: 0.5
36595.0/37230.0 days/days; walltime: 0.2
36596.0/37230.0 days/days; walltime: 0.3
36597.0/37230.0 days/days; walltime: 0.2
36598.0/37230.0 days/days; walltime: 0.5
36599.0/37230.0 days/days; walltime: 0.3
36600.0/37230.0 days/days; walltime: 0.2
36601.0/37230.0 days/days; walltime: 0.4
36602.0/37230.0 days/days; walltime: 0.3
36603.0/37230.0 days/days; walltime: 0.3
36604.0/37230.0 days/days; walltime: 0.2
36605.0/37230.0 days/days; walltime: 0.4
36606.0/37230.0 days/days; walltime: 0.5
36607.0/37230.0 days/days; walltime: 0.2
36608.0/37230.0 days/days; walltime: 0.4
36609.0/37230.0 days/days; walltime: 0.2
36610.0/37230.0 days/days; walltime: 0.5
36611.0/37230.0 days/days; walltime: 0.2
36612.0/37230.0 days/days; walltime: 0.3
36613.0/37230.0 days/days; walltime: 0.2
36614.0/37230.0 days/days; walltime: 0.3
36615.0/37230.0 days/days; walltime: 0.2
36616.0/37230.0 days/days; walltime: 0.3
36617.0/37230.0 days/days; walltime: 0.2
36618.0/37230.0 days/days; walltime: 0.3
36619.0/37230.0 days/days; walltime: 0.2
36620.0/37230.0 days/days; walltime: 0.4
36621.0/37230.0 days/days; walltime: 0.2
36622.0/37230.0 days/days; walltime: 27.9
36623.0/37230.0 days/days; walltime: 35.7
36624.0/37230.0 days/days; walltime: 30.5
36625.0/37230.0 days/days; walltime: 4.8
36626.0/37230.0 days/days; walltime: 1.4
36627.0/37230.0 days/days; walltime: 0.8
36628.0/37230.0 days/days; walltime: 0.6
36629.0/37230.0 days/days; walltime: 0.5
36630.0/37230.0 days/days; walltime: 0.5
36631.0/37230.0 days/days; walltime: 0.2
36632.0/37230.0 days/days; walltime: 0.4
36633.0/37230.0 days/days; walltime: 0.1
36634.0/37230.0 days/days; walltime: 0.2
36635.0/37230.0 days/days; walltime: 9.4
36636.0/37230.0 days/days; walltime: 10.8
36637.0/37230.0 days/days; walltime: 0.7
36638.0/37230.0 days/days; walltime: 18.0
36639.0/37230.0 days/days; walltime: 50.2
36640.0/37230.0 days/days; walltime: 47.5
36641.0/37230.0 days/days; walltime: 37.0
36642.0/37230.0 days/days; walltime: 16.8
36643.0/37230.0 days/days; walltime: 1.4
36644.0/37230.0 days/days; walltime: 1.2
36645.0/37230.0 days/days; walltime: 2.9
36646.0/37230.0 days/days; walltime: 1.4
36647.0/37230.0 days/days; walltime: 1.3
36648.0/37230.0 days/days; walltime: 1.2
36649.0/37230.0 days/days; walltime: 1.1
36650.0/37230.0 days/days; walltime: 1.0
36651.0/37230.0 days/days; walltime: 1.1
36652.0/37230.0 days/days; walltime: 17.0
36653.0/37230.0 days/days; walltime: 48.3
36654.0/37230.0 days/days; walltime: 50.6
36655.0/37230.0 days/days; walltime: 148.4
36656.0/37230.0 days/days; walltime: 96.6
36657.0/37230.0 days/days; walltime: 176.6
36658.0/37230.0 days/days; walltime: 507.9
36659.0/37230.0 days/days; walltime: 215.5
36660.0/37230.0 days/days; walltime: 401.1
36661.0/37230.0 days/days; walltime: 110.9
36662.0/37230.0 days/days; walltime: 244.8
36663.0/37230.0 days/days; walltime: 106.0
36664.0/37230.0 days/days; walltime: 41.6
36665.0/37230.0 days/days; walltime: 33.2
36666.0/37230.0 days/days; walltime: 119.8
36667.0/37230.0 days/days; walltime: 108.2
36668.0/37230.0 days/days; walltime: 567.8
36669.0/37230.0 days/days; walltime: 290.4
36670.0/37230.0 days/days; walltime: 317.0
36671.0/37230.0 days/days; walltime: 194.1
36672.0/37230.0 days/days; walltime: 117.9
36673.0/37230.0 days/days; walltime: 282.7
36674.0/37230.0 days/days; walltime: 268.0
36675.0/37230.0 days/days; walltime: 55.1
36676.0/37230.0 days/days; walltime: 339.0
36677.0/37230.0 days/days; walltime: 546.8
36678.0/37230.0 days/days; walltime: 112.0
36679.0/37230.0 days/days; walltime: 126.8
36680.0/37230.0 days/days; walltime: 128.6
36681.0/37230.0 days/days; walltime: 67.3
36682.0/37230.0 days/days; walltime: 64.1
36683.0/37230.0 days/days; walltime: 188.1
36684.0/37230.0 days/days; walltime: 176.4
36685.0/37230.0 days/days; walltime: 586.3
36686.0/37230.0 days/days; walltime: 473.2
36687.0/37230.0 days/days; walltime: 372.0
36688.0/37230.0 days/days; walltime: 170.6
36689.0/37230.0 days/days; walltime: 402.3
36690.0/37230.0 days/days; walltime: 538.5
36691.0/37230.0 days/days; walltime: 217.1
36692.0/37230.0 days/days; walltime: 195.0
36693.0/37230.0 days/days; walltime: 70.5
36694.0/37230.0 days/days; walltime: 59.8
36695.0/37230.0 days/days; walltime: 51.0
36696.0/37230.0 days/days; walltime: 35.2
36697.0/37230.0 days/days; walltime: 125.8
36698.0/37230.0 days/days; walltime: 306.7
36699.0/37230.0 days/days; walltime: 231.7
36700.0/37230.0 days/days; walltime: 254.9
36701.0/37230.0 days/days; walltime: 170.0
36702.0/37230.0 days/days; walltime: 88.9
36703.0/37230.0 days/days; walltime: 66.5
36704.0/37230.0 days/days; walltime: 222.5
36705.0/37230.0 days/days; walltime: 417.6
36706.0/37230.0 days/days; walltime: 381.2
36707.0/37230.0 days/days; walltime: 207.4
36708.0/37230.0 days/days; walltime: 224.0
36709.0/37230.0 days/days; walltime: 127.9
36710.0/37230.0 days/days; walltime: 75.0
36711.0/37230.0 days/days; walltime: 295.0
36712.0/37230.0 days/days; walltime: 134.9
36713.0/37230.0 days/days; walltime: 362.3
36714.0/37230.0 days/days; walltime: 113.0
36715.0/37230.0 days/days; walltime: 65.5
36716.0/37230.0 days/days; walltime: 44.4
36717.0/37230.0 days/days; walltime: 35.6
36718.0/37230.0 days/days; walltime: 47.4
36719.0/37230.0 days/days; walltime: 26.4
36720.0/37230.0 days/days; walltime: 287.2
36721.0/37230.0 days/days; walltime: 348.7
36722.0/37230.0 days/days; walltime: 417.7
36723.0/37230.0 days/days; walltime: 373.7
36724.0/37230.0 days/days; walltime: 229.8
36725.0/37230.0 days/days; walltime: 339.6
36726.0/37230.0 days/days; walltime: 167.5
36727.0/37230.0 days/days; walltime: 96.7
36728.0/37230.0 days/days; walltime: 583.9
36729.0/37230.0 days/days; walltime: 488.4
36730.0/37230.0 days/days; walltime: 488.5
36731.0/37230.0 days/days; walltime: 188.1
36732.0/37230.0 days/days; walltime: 172.2
36733.0/37230.0 days/days; walltime: 412.2
36734.0/37230.0 days/days; walltime: 155.3
36735.0/37230.0 days/days; walltime: 113.8
36736.0/37230.0 days/days; walltime: 181.9
36737.0/37230.0 days/days; walltime: 83.2
36738.0/37230.0 days/days; walltime: 43.3
36739.0/37230.0 days/days; walltime: 101.8
36740.0/37230.0 days/days; walltime: 95.8
36741.0/37230.0 days/days; walltime: 390.9
36742.0/37230.0 days/days; walltime: 761.8
36743.0/37230.0 days/days; walltime: 1117.6
36744.0/37230.0 days/days; walltime: 625.0
36745.0/37230.0 days/days; walltime: 309.5
36746.0/37230.0 days/days; walltime: 189.4
36747.0/37230.0 days/days; walltime: 500.0
36748.0/37230.0 days/days; walltime: 304.0
36749.0/37230.0 days/days; walltime: 692.9
36750.0/37230.0 days/days; walltime: 166.5
36751.0/37230.0 days/days; walltime: 98.8
36752.0/37230.0 days/days; walltime: 209.0
36753.0/37230.0 days/days; walltime: 63.1
36754.0/37230.0 days/days; walltime: 60.7
36755.0/37230.0 days/days; walltime: 40.3
36756.0/37230.0 days/days; walltime: 25.9
36757.0/37230.0 days/days; walltime: 16.1
36758.0/37230.0 days/days; walltime: 15.1
36759.0/37230.0 days/days; walltime: 10.5
36760.0/37230.0 days/days; walltime: 27.3
36761.0/37230.0 days/days; walltime: 217.4
36762.0/37230.0 days/days; walltime: 236.7
36763.0/37230.0 days/days; walltime: 14.3
36764.0/37230.0 days/days; walltime: 158.6
36765.0/37230.0 days/days; walltime: 138.8
36766.0/37230.0 days/days; walltime: 5.6
36767.0/37230.0 days/days; walltime: 2.5
36768.0/37230.0 days/days; walltime: 2.3
36769.0/37230.0 days/days; walltime: 2.2
36770.0/37230.0 days/days; walltime: 2.1
36771.0/37230.0 days/days; walltime: 1.8
36772.0/37230.0 days/days; walltime: 1.7
36773.0/37230.0 days/days; walltime: 1.7
36774.0/37230.0 days/days; walltime: 5.2
36775.0/37230.0 days/days; walltime: 1.4
36776.0/37230.0 days/days; walltime: 1.3
36777.0/37230.0 days/days; walltime: 1.3
36778.0/37230.0 days/days; walltime: 1.2
36779.0/37230.0 days/days; walltime: 32.3
36780.0/37230.0 days/days; walltime: 1.3
36781.0/37230.0 days/days; walltime: 1.2
36782.0/37230.0 days/days; walltime: 60.3
36783.0/37230.0 days/days; walltime: 164.6
36784.0/37230.0 days/days; walltime: 262.4
36785.0/37230.0 days/days; walltime: 664.7
36786.0/37230.0 days/days; walltime: 139.5
36787.0/37230.0 days/days; walltime: 48.6
36788.0/37230.0 days/days; walltime: 8.2
36789.0/37230.0 days/days; walltime: 16.6
36790.0/37230.0 days/days; walltime: 6.3
36791.0/37230.0 days/days; walltime: 27.8
36792.0/37230.0 days/days; walltime: 17.1
36793.0/37230.0 days/days; walltime: 8.0
36794.0/37230.0 days/days; walltime: 39.7
36795.0/37230.0 days/days; walltime: 32.9
36796.0/37230.0 days/days; walltime: 14.1
36797.0/37230.0 days/days; walltime: 8.3
36798.0/37230.0 days/days; walltime: 4.1
36799.0/37230.0 days/days; walltime: 4.2
36800.0/37230.0 days/days; walltime: 6.1
36801.0/37230.0 days/days; walltime: 12.7
36802.0/37230.0 days/days; walltime: 4.2
36803.0/37230.0 days/days; walltime: 1.4
36804.0/37230.0 days/days; walltime: 0.8
36805.0/37230.0 days/days; walltime: 1.0
36806.0/37230.0 days/days; walltime: 0.6
36807.0/37230.0 days/days; walltime: 0.9
36808.0/37230.0 days/days; walltime: 0.6
36809.0/37230.0 days/days; walltime: 1.1
36810.0/37230.0 days/days; walltime: 0.6
36811.0/37230.0 days/days; walltime: 0.6
36812.0/37230.0 days/days; walltime: 1.0
36813.0/37230.0 days/days; walltime: 1.3
36814.0/37230.0 days/days; walltime: 0.7
36815.0/37230.0 days/days; walltime: 0.8
36816.0/37230.0 days/days; walltime: 0.7
36817.0/37230.0 days/days; walltime: 1.0
36818.0/37230.0 days/days; walltime: 0.7
36819.0/37230.0 days/days; walltime: 0.7
36820.0/37230.0 days/days; walltime: 0.7
36821.0/37230.0 days/days; walltime: 0.7
36822.0/37230.0 days/days; walltime: 0.7
36823.0/37230.0 days/days; walltime: 0.4
36824.0/37230.0 days/days; walltime: 0.7
36825.0/37230.0 days/days; walltime: 0.6
36826.0/37230.0 days/days; walltime: 0.6
36827.0/37230.0 days/days; walltime: 0.6
36828.0/37230.0 days/days; walltime: 0.7
36829.0/37230.0 days/days; walltime: 0.4
36830.0/37230.0 days/days; walltime: 0.4
36831.0/37230.0 days/days; walltime: 0.6
36832.0/37230.0 days/days; walltime: 0.4
36833.0/37230.0 days/days; walltime: 0.6
36834.0/37230.0 days/days; walltime: 0.4
36835.0/37230.0 days/days; walltime: 0.4
36836.0/37230.0 days/days; walltime: 5.1
36837.0/37230.0 days/days; walltime: 3.8
36838.0/37230.0 days/days; walltime: 0.6
36839.0/37230.0 days/days; walltime: 0.3
36840.0/37230.0 days/days; walltime: 0.4
36841.0/37230.0 days/days; walltime: 0.3
36842.0/37230.0 days/days; walltime: 0.4
36843.0/37230.0 days/days; walltime: 0.1
36844.0/37230.0 days/days; walltime: 0.4
36845.0/37230.0 days/days; walltime: 0.3
36846.0/37230.0 days/days; walltime: 0.3
36847.0/37230.0 days/days; walltime: 0.3
36848.0/37230.0 days/days; walltime: 0.4
36849.0/37230.0 days/days; walltime: 0.3
36850.0/37230.0 days/days; walltime: 0.3
36851.0/37230.0 days/days; walltime: 0.3
36852.0/37230.0 days/days; walltime: 0.4
36853.0/37230.0 days/days; walltime: 0.3
36854.0/37230.0 days/days; walltime: 0.3
36855.0/37230.0 days/days; walltime: 0.3
36856.0/37230.0 days/days; walltime: 0.7
36857.0/37230.0 days/days; walltime: 56.3
36858.0/37230.0 days/days; walltime: 3.6
36859.0/37230.0 days/days; walltime: 0.4
36860.0/37230.0 days/days; walltime: 0.6
36861.0/37230.0 days/days; walltime: 0.3
36862.0/37230.0 days/days; walltime: 0.3
36863.0/37230.0 days/days; walltime: 0.3
36864.0/37230.0 days/days; walltime: 0.4
36865.0/37230.0 days/days; walltime: 0.3
36866.0/37230.0 days/days; walltime: 0.4
36867.0/37230.0 days/days; walltime: 0.3
36868.0/37230.0 days/days; walltime: 0.5
36869.0/37230.0 days/days; walltime: 0.4
36870.0/37230.0 days/days; walltime: 0.3
36871.0/37230.0 days/days; walltime: 0.4
36872.0/37230.0 days/days; walltime: 0.3
36873.0/37230.0 days/days; walltime: 0.4
36874.0/37230.0 days/days; walltime: 0.3
36875.0/37230.0 days/days; walltime: 0.4
36876.0/37230.0 days/days; walltime: 0.3
36877.0/37230.0 days/days; walltime: 0.4
36878.0/37230.0 days/days; walltime: 0.3
36879.0/37230.0 days/days; walltime: 0.4
36880.0/37230.0 days/days; walltime: 0.3
36881.0/37230.0 days/days; walltime: 0.4
36882.0/37230.0 days/days; walltime: 0.3
36883.0/37230.0 days/days; walltime: 0.4
36884.0/37230.0 days/days; walltime: 0.3
36885.0/37230.0 days/days; walltime: 0.4
36886.0/37230.0 days/days; walltime: 0.1
36887.0/37230.0 days/days; walltime: 0.3
36888.0/37230.0 days/days; walltime: 0.4
36889.0/37230.0 days/days; walltime: 0.3
36890.0/37230.0 days/days; walltime: 0.3
36891.0/37230.0 days/days; walltime: 0.3
36892.0/37230.0 days/days; walltime: 0.4
36893.0/37230.0 days/days; walltime: 0.3
36894.0/37230.0 days/days; walltime: 0.1
36895.0/37230.0 days/days; walltime: 0.4
36896.0/37230.0 days/days; walltime: 0.1
36897.0/37230.0 days/days; walltime: 0.4
36898.0/37230.0 days/days; walltime: 0.3
36899.0/37230.0 days/days; walltime: 0.1
36900.0/37230.0 days/days; walltime: 0.4
36901.0/37230.0 days/days; walltime: 0.1
36902.0/37230.0 days/days; walltime: 0.6
36903.0/37230.0 days/days; walltime: 0.1
36904.0/37230.0 days/days; walltime: 0.3
36905.0/37230.0 days/days; walltime: 0.3
36906.0/37230.0 days/days; walltime: 0.3
36907.0/37230.0 days/days; walltime: 0.1
36908.0/37230.0 days/days; walltime: 0.4
36909.0/37230.0 days/days; walltime: 0.1
36910.0/37230.0 days/days; walltime: 0.1
36911.0/37230.0 days/days; walltime: 0.4
36912.0/37230.0 days/days; walltime: 0.1
36913.0/37230.0 days/days; walltime: 0.1
36914.0/37230.0 days/days; walltime: 0.4
36915.0/37230.0 days/days; walltime: 0.1
36916.0/37230.0 days/days; walltime: 0.1
36917.0/37230.0 days/days; walltime: 0.4
36918.0/37230.0 days/days; walltime: 0.1
36919.0/37230.0 days/days; walltime: 0.1
36920.0/37230.0 days/days; walltime: 0.4
36921.0/37230.0 days/days; walltime: 0.1
36922.0/37230.0 days/days; walltime: 0.1
36923.0/37230.0 days/days; walltime: 0.4
36924.0/37230.0 days/days; walltime: 0.1
36925.0/37230.0 days/days; walltime: 0.1
36926.0/37230.0 days/days; walltime: 0.3
36927.0/37230.0 days/days; walltime: 0.2
36928.0/37230.0 days/days; walltime: 0.1
36929.0/37230.0 days/days; walltime: 0.3
36930.0/37230.0 days/days; walltime: 0.1
36931.0/37230.0 days/days; walltime: 0.1
36932.0/37230.0 days/days; walltime: 0.4
36933.0/37230.0 days/days; walltime: 0.1
36934.0/37230.0 days/days; walltime: 0.1
36935.0/37230.0 days/days; walltime: 0.1
36936.0/37230.0 days/days; walltime: 0.3
36937.0/37230.0 days/days; walltime: 0.1
36938.0/37230.0 days/days; walltime: 0.3
36939.0/37230.0 days/days; walltime: 0.3
36940.0/37230.0 days/days; walltime: 0.1
36941.0/37230.0 days/days; walltime: 0.1
36942.0/37230.0 days/days; walltime: 0.1
36943.0/37230.0 days/days; walltime: 0.3
36944.0/37230.0 days/days; walltime: 0.1
36945.0/37230.0 days/days; walltime: 0.1
36946.0/37230.0 days/days; walltime: 0.4
36947.0/37230.0 days/days; walltime: 0.1
36948.0/37230.0 days/days; walltime: 0.1
36949.0/37230.0 days/days; walltime: 0.1
36950.0/37230.0 days/days; walltime: 0.3
36951.0/37230.0 days/days; walltime: 0.1
36952.0/37230.0 days/days; walltime: 0.1
36953.0/37230.0 days/days; walltime: 0.1
36954.0/37230.0 days/days; walltime: 0.3
36955.0/37230.0 days/days; walltime: 0.3
36956.0/37230.0 days/days; walltime: 0.1
36957.0/37230.0 days/days; walltime: 0.1
36958.0/37230.0 days/days; walltime: 0.1
36959.0/37230.0 days/days; walltime: 0.1
36960.0/37230.0 days/days; walltime: 0.3
36961.0/37230.0 days/days; walltime: 0.1
36962.0/37230.0 days/days; walltime: 0.1
36963.0/37230.0 days/days; walltime: 0.1
36964.0/37230.0 days/days; walltime: 0.3
36965.0/37230.0 days/days; walltime: 0.3
36966.0/37230.0 days/days; walltime: 0.1
36967.0/37230.0 days/days; walltime: 0.1
36968.0/37230.0 days/days; walltime: 0.1
36969.0/37230.0 days/days; walltime: 0.1
36970.0/37230.0 days/days; walltime: 0.3
36971.0/37230.0 days/days; walltime: 0.1
36972.0/37230.0 days/days; walltime: 0.1
36973.0/37230.0 days/days; walltime: 0.1
36974.0/37230.0 days/days; walltime: 0.3
36975.0/37230.0 days/days; walltime: 0.1
36976.0/37230.0 days/days; walltime: 0.3
36977.0/37230.0 days/days; walltime: 0.1
36978.0/37230.0 days/days; walltime: 0.1
36979.0/37230.0 days/days; walltime: 0.2
36980.0/37230.0 days/days; walltime: 0.3
36981.0/37230.0 days/days; walltime: 0.1
36982.0/37230.0 days/days; walltime: 0.1
36983.0/37230.0 days/days; walltime: 0.1
36984.0/37230.0 days/days; walltime: 0.1
36985.0/37230.0 days/days; walltime: 0.3
36986.0/37230.0 days/days; walltime: 0.2
--36987.0/37230.0 days/days; walltime: 21.7
36988.0/37230.0 days/days; walltime: 43.2
36989.0/37230.0 days/days; walltime: 37.8
36990.0/37230.0 days/days; walltime: 3.3
36991.0/37230.0 days/days; walltime: 1.8
36992.0/37230.0 days/days; walltime: 1.1
36993.0/37230.0 days/days; walltime: 0.7
36994.0/37230.0 days/days; walltime: 0.6
36995.0/37230.0 days/days; walltime: 0.6
36996.0/37230.0 days/days; walltime: 0.3
36997.0/37230.0 days/days; walltime: 0.4
36998.0/37230.0 days/days; walltime: 0.3
36999.0/37230.0 days/days; walltime: 0.3
37000.0/37230.0 days/days; walltime: 0.3
37001.0/37230.0 days/days; walltime: 0.4
37002.0/37230.0 days/days; walltime: 0.1
37003.0/37230.0 days/days; walltime: 21.2
37004.0/37230.0 days/days; walltime: 52.2
37005.0/37230.0 days/days; walltime: 60.6
37006.0/37230.0 days/days; walltime: 53.0
37007.0/37230.0 days/days; walltime: 2.9
37008.0/37230.0 days/days; walltime: 1.3
37009.0/37230.0 days/days; walltime: 1.6
37010.0/37230.0 days/days; walltime: 1.7
37011.0/37230.0 days/days; walltime: 1.4
37012.0/37230.0 days/days; walltime: 1.5
37013.0/37230.0 days/days; walltime: 1.7
37014.0/37230.0 days/days; walltime: 1.1
37015.0/37230.0 days/days; walltime: 1.4
37016.0/37230.0 days/days; walltime: 1.3
37017.0/37230.0 days/days; walltime: 1.1
37018.0/37230.0 days/days; walltime: 137.0
37019.0/37230.0 days/days; walltime: 78.7
37020.0/37230.0 days/days; walltime: 164.5
37021.0/37230.0 days/days; walltime: 145.1
37022.0/37230.0 days/days; walltime: 220.2
37023.0/37230.0 days/days; walltime: 571.7
37024.0/37230.0 days/days; walltime: 222.1
37025.0/37230.0 days/days; walltime: 447.1
37026.0/37230.0 days/days; walltime: 89.5
37027.0/37230.0 days/days; walltime: 355.0
37028.0/37230.0 days/days; walltime: 135.0
37029.0/37230.0 days/days; walltime: 78.6
37030.0/37230.0 days/days; walltime: 53.7
37031.0/37230.0 days/days; walltime: 128.1
37032.0/37230.0 days/days; walltime: 137.5
37033.0/37230.0 days/days; walltime: 684.1
37034.0/37230.0 days/days; walltime: 344.7
37035.0/37230.0 days/days; walltime: 293.1
37036.0/37230.0 days/days; walltime: 308.6
37037.0/37230.0 days/days; walltime: 127.2
37038.0/37230.0 days/days; walltime: 271.5
37039.0/37230.0 days/days; walltime: 307.5
37040.0/37230.0 days/days; walltime: 65.3
37041.0/37230.0 days/days; walltime: 377.1
37042.0/37230.0 days/days; walltime: 527.4
37043.0/37230.0 days/days; walltime: 108.6
37044.0/37230.0 days/days; walltime: 128.6
37045.0/37230.0 days/days; walltime: 111.7
37046.0/37230.0 days/days; walltime: 66.6
37047.0/37230.0 days/days; walltime: 47.3
37048.0/37230.0 days/days; walltime: 192.3
37049.0/37230.0 days/days; walltime: 224.2
37050.0/37230.0 days/days; walltime: 705.2
37051.0/37230.0 days/days; walltime: 609.1
37052.0/37230.0 days/days; walltime: 445.0
37053.0/37230.0 days/days; walltime: 137.9
37054.0/37230.0 days/days; walltime: 417.5
37055.0/37230.0 days/days; walltime: 553.8
37056.0/37230.0 days/days; walltime: 240.2
37057.0/37230.0 days/days; walltime: 206.8
37058.0/37230.0 days/days; walltime: 94.4
37059.0/37230.0 days/days; walltime: 72.5
37060.0/37230.0 days/days; walltime: 45.0
37061.0/37230.0 days/days; walltime: 71.8
37062.0/37230.0 days/days; walltime: 111.7
37063.0/37230.0 days/days; walltime: 327.4
37064.0/37230.0 days/days; walltime: 216.9
37065.0/37230.0 days/days; walltime: 221.4
37066.0/37230.0 days/days; walltime: 185.3
37067.0/37230.0 days/days; walltime: 108.3
37068.0/37230.0 days/days; walltime: 88.5
37069.0/37230.0 days/days; walltime: 237.9
37070.0/37230.0 days/days; walltime: 411.2
37071.0/37230.0 days/days; walltime: 311.4
37072.0/37230.0 days/days; walltime: 175.9
37073.0/37230.0 days/days; walltime: 184.8
37074.0/37230.0 days/days; walltime: 99.3
37075.0/37230.0 days/days; walltime: 79.3
37076.0/37230.0 days/days; walltime: 281.1
37077.0/37230.0 days/days; walltime: 159.0
37078.0/37230.0 days/days; walltime: 383.9
37079.0/37230.0 days/days; walltime: 108.9
37080.0/37230.0 days/days; walltime: 115.1
37081.0/37230.0 days/days; walltime: 69.8
37082.0/37230.0 days/days; walltime: 52.4
37083.0/37230.0 days/days; walltime: 45.3
37084.0/37230.0 days/days; walltime: 23.0
37085.0/37230.0 days/days; walltime: 293.3
37086.0/37230.0 days/days; walltime: 366.2
37087.0/37230.0 days/days; walltime: 430.9
37088.0/37230.0 days/days; walltime: 460.1
37089.0/37230.0 days/days; walltime: 279.1
37090.0/37230.0 days/days; walltime: 384.2
37091.0/37230.0 days/days; walltime: 199.4
37092.0/37230.0 days/days; walltime: 124.8
37093.0/37230.0 days/days; walltime: 634.6
37094.0/37230.0 days/days; walltime: 448.1
37095.0/37230.0 days/days; walltime: 480.6
37096.0/37230.0 days/days; walltime: 194.1
37097.0/37230.0 days/days; walltime: 217.8
37098.0/37230.0 days/days; walltime: 449.8
37099.0/37230.0 days/days; walltime: 188.0
37100.0/37230.0 days/days; walltime: 102.8
37101.0/37230.0 days/days; walltime: 154.4
37102.0/37230.0 days/days; walltime: 100.1
37103.0/37230.0 days/days; walltime: 35.6
37104.0/37230.0 days/days; walltime: 133.8
37105.0/37230.0 days/days; walltime: 135.2
37106.0/37230.0 days/days; walltime: 388.9
37107.0/37230.0 days/days; walltime: 705.9
37108.0/37230.0 days/days; walltime: 1063.1
37109.0/37230.0 days/days; walltime: 615.2
37110.0/37230.0 days/days; walltime: 295.3
37111.0/37230.0 days/days; walltime: 208.7
37112.0/37230.0 days/days; walltime: 551.4
37113.0/37230.0 days/days; walltime: 325.9
37114.0/37230.0 days/days; walltime: 723.5
37115.0/37230.0 days/days; walltime: 193.5
37116.0/37230.0 days/days; walltime: 142.6
37117.0/37230.0 days/days; walltime: 270.1
37118.0/37230.0 days/days; walltime: 91.3
37119.0/37230.0 days/days; walltime: 59.9
37120.0/37230.0 days/days; walltime: 31.5
37121.0/37230.0 days/days; walltime: 32.9
37122.0/37230.0 days/days; walltime: 17.3
37123.0/37230.0 days/days; walltime: 12.3
37124.0/37230.0 days/days; walltime: 7.3
37125.0/37230.0 days/days; walltime: 34.0
37126.0/37230.0 days/days; walltime: 181.0
37127.0/37230.0 days/days; walltime: 164.4
37128.0/37230.0 days/days; walltime: 16.0
37129.0/37230.0 days/days; walltime: 113.0
37130.0/37230.0 days/days; walltime: 132.1
37131.0/37230.0 days/days; walltime: 3.8
37132.0/37230.0 days/days; walltime: 2.4
37133.0/37230.0 days/days; walltime: 2.0
37134.0/37230.0 days/days; walltime: 15.4
37135.0/37230.0 days/days; walltime: 1.7
37136.0/37230.0 days/days; walltime: 1.7
37137.0/37230.0 days/days; walltime: 66.7
37138.0/37230.0 days/days; walltime: 1.5
37139.0/37230.0 days/days; walltime: 0.9
37140.0/37230.0 days/days; walltime: 1.1
37141.0/37230.0 days/days; walltime: 1.0
37142.0/37230.0 days/days; walltime: 0.9
37143.0/37230.0 days/days; walltime: 1.2
37144.0/37230.0 days/days; walltime: 1.1
37145.0/37230.0 days/days; walltime: 0.8
37146.0/37230.0 days/days; walltime: 1.0
37147.0/37230.0 days/days; walltime: 62.1
37148.0/37230.0 days/days; walltime: 117.9
37149.0/37230.0 days/days; walltime: 231.4
37150.0/37230.0 days/days; walltime: 580.6
37151.0/37230.0 days/days; walltime: 153.3
37152.0/37230.0 days/days; walltime: 26.5
37153.0/37230.0 days/days; walltime: 5.2
37154.0/37230.0 days/days; walltime: 10.2
37155.0/37230.0 days/days; walltime: 8.7
37156.0/37230.0 days/days; walltime: 27.3
37157.0/37230.0 days/days; walltime: 29.8
37158.0/37230.0 days/days; walltime: 11.2
37159.0/37230.0 days/days; walltime: 27.7
37160.0/37230.0 days/days; walltime: 29.2
37161.0/37230.0 days/days; walltime: 9.2
37162.0/37230.0 days/days; walltime: 4.0
37163.0/37230.0 days/days; walltime: 4.6
37164.0/37230.0 days/days; walltime: 13.2
37165.0/37230.0 days/days; walltime: 0.9
37166.0/37230.0 days/days; walltime: 3.8
37167.0/37230.0 days/days; walltime: 1.8
37168.0/37230.0 days/days; walltime: 1.0
37169.0/37230.0 days/days; walltime: 0.6
37170.0/37230.0 days/days; walltime: 0.9
37171.0/37230.0 days/days; walltime: 0.8
37172.0/37230.0 days/days; walltime: 0.5
37173.0/37230.0 days/days; walltime: 0.8
37174.0/37230.0 days/days; walltime: 1.0
37175.0/37230.0 days/days; walltime: 0.7
37176.0/37230.0 days/days; walltime: 0.7
37177.0/37230.0 days/days; walltime: 3.7
37178.0/37230.0 days/days; walltime: 0.8
37179.0/37230.0 days/days; walltime: 0.5
37180.0/37230.0 days/days; walltime: 0.4
37181.0/37230.0 days/days; walltime: 0.5
37182.0/37230.0 days/days; walltime: 0.4
37183.0/37230.0 days/days; walltime: 0.4
37184.0/37230.0 days/days; walltime: 0.7
37185.0/37230.0 days/days; walltime: 0.2
37186.0/37230.0 days/days; walltime: 0.4
37187.0/37230.0 days/days; walltime: 0.4
37188.0/37230.0 days/days; walltime: 0.4
37189.0/37230.0 days/days; walltime: 0.4
37190.0/37230.0 days/days; walltime: 0.4
37191.0/37230.0 days/days; walltime: 0.4
37192.0/37230.0 days/days; walltime: 0.4
37193.0/37230.0 days/days; walltime: 0.2
37194.0/37230.0 days/days; walltime: 0.4
37195.0/37230.0 days/days; walltime: 0.3
37196.0/37230.0 days/days; walltime: 0.2
37197.0/37230.0 days/days; walltime: 0.4
37198.0/37230.0 days/days; walltime: 0.3
37199.0/37230.0 days/days; walltime: 0.2
37200.0/37230.0 days/days; walltime: 0.3
37201.0/37230.0 days/days; walltime: 0.4
37202.0/37230.0 days/days; walltime: 0.1
37203.0/37230.0 days/days; walltime: 0.4
37204.0/37230.0 days/days; walltime: 0.1
37205.0/37230.0 days/days; walltime: 0.3
37206.0/37230.0 days/days; walltime: 0.1
37207.0/37230.0 days/days; walltime: 0.4
37208.0/37230.0 days/days; walltime: 0.3
37209.0/37230.0 days/days; walltime: 0.1
37210.0/37230.0 days/days; walltime: 0.1
37211.0/37230.0 days/days; walltime: 0.4
37212.0/37230.0 days/days; walltime: 0.1
37213.0/37230.0 days/days; walltime: 0.1
37214.0/37230.0 days/days; walltime: 0.1
37215.0/37230.0 days/days; walltime: 0.4
37216.0/37230.0 days/days; walltime: 0.1
37217.0/37230.0 days/days; walltime: 0.1
37218.0/37230.0 days/days; walltime: 0.1
37219.0/37230.0 days/days; walltime: 0.4
37220.0/37230.0 days/days; walltime: 0.2
37221.0/37230.0 days/days; walltime: 0.4
37222.0/37230.0 days/days; walltime: 0.2
37223.0/37230.0 days/days; walltime: 0.4
37224.0/37230.0 days/days; walltime: 0.3
37225.0/37230.0 days/days; walltime: 0.4
37226.0/37230.0 days/days; walltime: 0.2
37227.0/37230.0 days/days; walltime: 0.4
37228.0/37230.0 days/days; walltime: 0.2
-37229.0/37230.0 days/days; walltime: 3.8
37230.0/37230.0 days/days; walltime: 0.9
Wallclock for model run: 56374.9s
 

fields = 

  struct with fields:

    nodes: [1x1 struct]
    edges: [1x1 struct]
       BC: [1x1 struct]

No cases left; exiting.
