Case 4:
Picked up JAVA_TOOL_OPTIONS: -Xmx2g
Opening log file:  /tmp/java.log.17550

                            < M A T L A B (R) >
                  Copyright 1984-2022 The MathWorks, Inc.
                  R2022a (9.12.0.1884302) 64-bit (glnxa64)
                             February 16, 2022

 
To get started, type doc.
For product information, visit www.mathworks.com.
 

config = 

  struct with fields:

                 k_s: 0.1000
                 l_c: 10
            n_moulin: 68
    creep_const_soft: 0
             mesh_nr: 4
                 k_c: 0.2000
               h_bed: 0.5000
               l_bed: 10
               alpha: 1.2500
                beta: 1.5000
               omega: 5.0000e-04
                 e_v: 1.0000e-04

Running model run (ode15s):
Run to steady
Saving model run to
./RUN/output_004_steady.nc
Fields, IC & BC initialised
Initial phi calculated in 1.8s
0.0/36500.0 days/days; walltime: 13.9
------------------------------------------1825.0/36500.0 days/days; walltime: 110.2
3650.0/36500.0 days/days; walltime: 3.5
5475.0/36500.0 days/days; walltime: 3.2
7300.0/36500.0 days/days; walltime: 1.1
--------9125.0/36500.0 days/days; walltime: 6.5
-10950.0/36500.0 days/days; walltime: 474.1
12775.0/36500.0 days/days; walltime: 326.2
14600.0/36500.0 days/days; walltime: 241.4
16425.0/36500.0 days/days; walltime: 157.9
--18250.0/36500.0 days/days; walltime: 165.2
20075.0/36500.0 days/days; walltime: 123.1
--------21900.0/36500.0 days/days; walltime: 10.4
23725.0/36500.0 days/days; walltime: 5.5
25550.0/36500.0 days/days; walltime: 4.0
27375.0/36500.0 days/days; walltime: 5.2
29200.0/36500.0 days/days; walltime: 3.1
31025.0/36500.0 days/days; walltime: 1.9
32850.0/36500.0 days/days; walltime: 1.6
34675.0/36500.0 days/days; walltime: 1.5
36500.0/36500.0 days/days; walltime: 1.2
Wallclock for model run: 1664.9s
 

fields = 

  struct with fields:

    nodes: [1x1 struct]
    edges: [1x1 struct]
       BC: [1x1 struct]

Running model run (ode15s):
Run seasonal
Saving model run to
./RUN/output_004_seasonal.nc
IC initialised from struct
IC initialised from file/given & rest from parameters and given functions
36500.0/37230.0 days/days; walltime: 17.6
36501.0/37230.0 days/days; walltime: 70.8
36502.0/37230.0 days/days; walltime: 12.7
36503.0/37230.0 days/days; walltime: 5.8
36504.0/37230.0 days/days; walltime: 18.1
36505.0/37230.0 days/days; walltime: 10.4
36506.0/37230.0 days/days; walltime: 4.0
36507.0/37230.0 days/days; walltime: 8.0
36508.0/37230.0 days/days; walltime: 2.7
36509.0/37230.0 days/days; walltime: 8.4
36510.0/37230.0 days/days; walltime: 46.9
36511.0/37230.0 days/days; walltime: 1.9
36512.0/37230.0 days/days; walltime: 1.8
36513.0/37230.0 days/days; walltime: 3.9
36514.0/37230.0 days/days; walltime: 2.1
36515.0/37230.0 days/days; walltime: 1.8
36516.0/37230.0 days/days; walltime: 1.7
36517.0/37230.0 days/days; walltime: 1.8
36518.0/37230.0 days/days; walltime: 1.6
36519.0/37230.0 days/days; walltime: 1.4
36520.0/37230.0 days/days; walltime: 30.0
36521.0/37230.0 days/days; walltime: 1.4
36522.0/37230.0 days/days; walltime: 1.3
36523.0/37230.0 days/days; walltime: 1.4
36524.0/37230.0 days/days; walltime: 15.0
36525.0/37230.0 days/days; walltime: 1.0
36526.0/37230.0 days/days; walltime: 0.8
36527.0/37230.0 days/days; walltime: 0.9
36528.0/37230.0 days/days; walltime: 0.5
36529.0/37230.0 days/days; walltime: 0.8
36530.0/37230.0 days/days; walltime: 0.8
36531.0/37230.0 days/days; walltime: 1.0
36532.0/37230.0 days/days; walltime: 0.9
36533.0/37230.0 days/days; walltime: 0.8
36534.0/37230.0 days/days; walltime: 6.5
36535.0/37230.0 days/days; walltime: 0.5
36536.0/37230.0 days/days; walltime: 0.7
36537.0/37230.0 days/days; walltime: 0.4
36538.0/37230.0 days/days; walltime: 0.7
36539.0/37230.0 days/days; walltime: 0.4
36540.0/37230.0 days/days; walltime: 0.4
36541.0/37230.0 days/days; walltime: 0.4
36542.0/37230.0 days/days; walltime: 0.7
36543.0/37230.0 days/days; walltime: 0.5
36544.0/37230.0 days/days; walltime: 0.6
36545.0/37230.0 days/days; walltime: 2.3
36546.0/37230.0 days/days; walltime: 0.3
36547.0/37230.0 days/days; walltime: 0.3
36548.0/37230.0 days/days; walltime: 0.2
36549.0/37230.0 days/days; walltime: 0.4
36550.0/37230.0 days/days; walltime: 0.4
36551.0/37230.0 days/days; walltime: 0.4
36552.0/37230.0 days/days; walltime: 0.4
36553.0/37230.0 days/days; walltime: 0.4
36554.0/37230.0 days/days; walltime: 0.6
36555.0/37230.0 days/days; walltime: 0.4
36556.0/37230.0 days/days; walltime: 0.4
36557.0/37230.0 days/days; walltime: 0.2
36558.0/37230.0 days/days; walltime: 0.4
36559.0/37230.0 days/days; walltime: 0.4
36560.0/37230.0 days/days; walltime: 0.4
36561.0/37230.0 days/days; walltime: 0.3
36562.0/37230.0 days/days; walltime: 0.4
36563.0/37230.0 days/days; walltime: 0.3
36564.0/37230.0 days/days; walltime: 0.3
36565.0/37230.0 days/days; walltime: 0.4
36566.0/37230.0 days/days; walltime: 0.2
36567.0/37230.0 days/days; walltime: 0.4
36568.0/37230.0 days/days; walltime: 0.4
36569.0/37230.0 days/days; walltime: 0.4
36570.0/37230.0 days/days; walltime: 0.3
36571.0/37230.0 days/days; walltime: 0.3
36572.0/37230.0 days/days; walltime: 0.4
36573.0/37230.0 days/days; walltime: 0.3
36574.0/37230.0 days/days; walltime: 0.4
36575.0/37230.0 days/days; walltime: 0.3
36576.0/37230.0 days/days; walltime: 0.3
36577.0/37230.0 days/days; walltime: 0.3
36578.0/37230.0 days/days; walltime: 8.5
36579.0/37230.0 days/days; walltime: 0.3
36580.0/37230.0 days/days; walltime: 0.3
36581.0/37230.0 days/days; walltime: 0.1
36582.0/37230.0 days/days; walltime: 0.2
36583.0/37230.0 days/days; walltime: 0.1
36584.0/37230.0 days/days; walltime: 0.1
36585.0/37230.0 days/days; walltime: 0.2
36586.0/37230.0 days/days; walltime: 0.1
36587.0/37230.0 days/days; walltime: 0.2
36588.0/37230.0 days/days; walltime: 0.1
36589.0/37230.0 days/days; walltime: 0.2
36590.0/37230.0 days/days; walltime: 0.1
36591.0/37230.0 days/days; walltime: 0.1
36592.0/37230.0 days/days; walltime: 0.2
36593.0/37230.0 days/days; walltime: 0.1
36594.0/37230.0 days/days; walltime: 0.2
36595.0/37230.0 days/days; walltime: 0.3
36596.0/37230.0 days/days; walltime: 0.2
36597.0/37230.0 days/days; walltime: 0.3
36598.0/37230.0 days/days; walltime: 0.1
36599.0/37230.0 days/days; walltime: 0.3
36600.0/37230.0 days/days; walltime: 0.3
36601.0/37230.0 days/days; walltime: 0.1
36602.0/37230.0 days/days; walltime: 0.3
36603.0/37230.0 days/days; walltime: 0.1
36604.0/37230.0 days/days; walltime: 0.3
36605.0/37230.0 days/days; walltime: 0.1
36606.0/37230.0 days/days; walltime: 0.3
36607.0/37230.0 days/days; walltime: 0.1
36608.0/37230.0 days/days; walltime: 0.3
36609.0/37230.0 days/days; walltime: 0.3
36610.0/37230.0 days/days; walltime: 0.1
36611.0/37230.0 days/days; walltime: 0.3
36612.0/37230.0 days/days; walltime: 0.1
36613.0/37230.0 days/days; walltime: 0.3
36614.0/37230.0 days/days; walltime: 0.1
36615.0/37230.0 days/days; walltime: 0.3
36616.0/37230.0 days/days; walltime: 0.1
36617.0/37230.0 days/days; walltime: 0.1
36618.0/37230.0 days/days; walltime: 0.3
36619.0/37230.0 days/days; walltime: 0.1
36620.0/37230.0 days/days; walltime: 0.3
36621.0/37230.0 days/days; walltime: 0.1
36622.0/37230.0 days/days; walltime: 0.2
--36623.0/37230.0 days/days; walltime: 59.5
36624.0/37230.0 days/days; walltime: 67.3
36625.0/37230.0 days/days; walltime: 1.4
36626.0/37230.0 days/days; walltime: 0.3
36627.0/37230.0 days/days; walltime: 0.4
36628.0/37230.0 days/days; walltime: 0.3
36629.0/37230.0 days/days; walltime: 0.2
36630.0/37230.0 days/days; walltime: 0.3
36631.0/37230.0 days/days; walltime: 0.2
36632.0/37230.0 days/days; walltime: 0.3
36633.0/37230.0 days/days; walltime: 0.2
36634.0/37230.0 days/days; walltime: 0.3
36635.0/37230.0 days/days; walltime: 8.9
36636.0/37230.0 days/days; walltime: 11.4
36637.0/37230.0 days/days; walltime: 0.5
-36638.0/37230.0 days/days; walltime: 14.9
36639.0/37230.0 days/days; walltime: 83.9
36640.0/37230.0 days/days; walltime: 70.4
36641.0/37230.0 days/days; walltime: 57.7
36642.0/37230.0 days/days; walltime: 19.1
36643.0/37230.0 days/days; walltime: 1.1
36644.0/37230.0 days/days; walltime: 0.8
36645.0/37230.0 days/days; walltime: 1.0
36646.0/37230.0 days/days; walltime: 0.8
36647.0/37230.0 days/days; walltime: 0.7
36648.0/37230.0 days/days; walltime: 0.8
36649.0/37230.0 days/days; walltime: 0.9
36650.0/37230.0 days/days; walltime: 0.7
36651.0/37230.0 days/days; walltime: 0.8
36652.0/37230.0 days/days; walltime: 5.6
36653.0/37230.0 days/days; walltime: 98.0
36654.0/37230.0 days/days; walltime: 97.9
36655.0/37230.0 days/days; walltime: 394.0
36656.0/37230.0 days/days; walltime: 352.5
36657.0/37230.0 days/days; walltime: 427.2
36658.0/37230.0 days/days; walltime: 528.5
36659.0/37230.0 days/days; walltime: 102.7
36660.0/37230.0 days/days; walltime: 581.4
36661.0/37230.0 days/days; walltime: 230.2
36662.0/37230.0 days/days; walltime: 353.6
36663.0/37230.0 days/days; walltime: 181.9
36664.0/37230.0 days/days; walltime: 65.7
36665.0/37230.0 days/days; walltime: 54.4
36666.0/37230.0 days/days; walltime: 121.1
36667.0/37230.0 days/days; walltime: 186.6
36668.0/37230.0 days/days; walltime: 934.3
36669.0/37230.0 days/days; walltime: 709.6
36670.0/37230.0 days/days; walltime: 108.6
36671.0/37230.0 days/days; walltime: 127.8
36672.0/37230.0 days/days; walltime: 170.8
36673.0/37230.0 days/days; walltime: 448.6
36674.0/37230.0 days/days; walltime: 398.7
36675.0/37230.0 days/days; walltime: 117.0
36676.0/37230.0 days/days; walltime: 545.5
36677.0/37230.0 days/days; walltime: 630.2
36678.0/37230.0 days/days; walltime: 124.7
36679.0/37230.0 days/days; walltime: 279.8
36680.0/37230.0 days/days; walltime: 264.3
36681.0/37230.0 days/days; walltime: 143.3
36682.0/37230.0 days/days; walltime: 87.5
36683.0/37230.0 days/days; walltime: 536.7
36684.0/37230.0 days/days; walltime: 579.9
36685.0/37230.0 days/days; walltime: 1332.2
36686.0/37230.0 days/days; walltime: 889.7
36687.0/37230.0 days/days; walltime: 769.5
36688.0/37230.0 days/days; walltime: 193.9
36689.0/37230.0 days/days; walltime: 832.9
36690.0/37230.0 days/days; walltime: 946.5
36691.0/37230.0 days/days; walltime: 465.6
36692.0/37230.0 days/days; walltime: 516.5
36693.0/37230.0 days/days; walltime: 223.0
36694.0/37230.0 days/days; walltime: 54.8
36695.0/37230.0 days/days; walltime: 87.6
36696.0/37230.0 days/days; walltime: 96.3
36697.0/37230.0 days/days; walltime: 279.6
36698.0/37230.0 days/days; walltime: 544.6
36699.0/37230.0 days/days; walltime: 515.9
36700.0/37230.0 days/days; walltime: 351.4
36701.0/37230.0 days/days; walltime: 289.0
36702.0/37230.0 days/days; walltime: 50.4
36703.0/37230.0 days/days; walltime: 136.8
36704.0/37230.0 days/days; walltime: 189.9
36705.0/37230.0 days/days; walltime: 284.5
36706.0/37230.0 days/days; walltime: 318.9
36707.0/37230.0 days/days; walltime: 265.8
36708.0/37230.0 days/days; walltime: 371.6
36709.0/37230.0 days/days; walltime: 200.8
36710.0/37230.0 days/days; walltime: 91.5
36711.0/37230.0 days/days; walltime: 316.2
36712.0/37230.0 days/days; walltime: 149.5
36713.0/37230.0 days/days; walltime: 461.2
36714.0/37230.0 days/days; walltime: 145.5
36715.0/37230.0 days/days; walltime: 116.1
36716.0/37230.0 days/days; walltime: 94.9
36717.0/37230.0 days/days; walltime: 58.8
36718.0/37230.0 days/days; walltime: 74.6
36719.0/37230.0 days/days; walltime: 43.8
36720.0/37230.0 days/days; walltime: 588.7
36721.0/37230.0 days/days; walltime: 571.3
36722.0/37230.0 days/days; walltime: 513.7
36723.0/37230.0 days/days; walltime: 363.2
36724.0/37230.0 days/days; walltime: 520.2
36725.0/37230.0 days/days; walltime: 643.9
36726.0/37230.0 days/days; walltime: 181.9
36727.0/37230.0 days/days; walltime: 157.4
36728.0/37230.0 days/days; walltime: 1142.5
36729.0/37230.0 days/days; walltime: 665.6
36730.0/37230.0 days/days; walltime: 1195.1
36731.0/37230.0 days/days; walltime: 715.8
36732.0/37230.0 days/days; walltime: 205.8
36733.0/37230.0 days/days; walltime: 621.7
36734.0/37230.0 days/days; walltime: 311.9
36735.0/37230.0 days/days; walltime: 102.4
36736.0/37230.0 days/days; walltime: 276.9
36737.0/37230.0 days/days; walltime: 147.7
36738.0/37230.0 days/days; walltime: 53.4
36739.0/37230.0 days/days; walltime: 163.8
36740.0/37230.0 days/days; walltime: 209.3
36741.0/37230.0 days/days; walltime: 901.9
36742.0/37230.0 days/days; walltime: 1966.2
36743.0/37230.0 days/days; walltime: 2720.1
36744.0/37230.0 days/days; walltime: 673.5
36745.0/37230.0 days/days; walltime: 298.8
36746.0/37230.0 days/days; walltime: 319.0
36747.0/37230.0 days/days; walltime: 814.4
36748.0/37230.0 days/days; walltime: 1177.3
36749.0/37230.0 days/days; walltime: 1875.6
36750.0/37230.0 days/days; walltime: 394.1
36751.0/37230.0 days/days; walltime: 222.8
36752.0/37230.0 days/days; walltime: 500.7
36753.0/37230.0 days/days; walltime: 130.6
36754.0/37230.0 days/days; walltime: 101.2
36755.0/37230.0 days/days; walltime: 55.6
36756.0/37230.0 days/days; walltime: 41.7
36757.0/37230.0 days/days; walltime: 16.2
36758.0/37230.0 days/days; walltime: 14.6
36759.0/37230.0 days/days; walltime: 2.4
36760.0/37230.0 days/days; walltime: 48.8
36761.0/37230.0 days/days; walltime: 266.2
36762.0/37230.0 days/days; walltime: 265.2
36763.0/37230.0 days/days; walltime: 13.9
36764.0/37230.0 days/days; walltime: 183.8
36765.0/37230.0 days/days; walltime: 192.6
36766.0/37230.0 days/days; walltime: 2.7
36767.0/37230.0 days/days; walltime: 7.9
36768.0/37230.0 days/days; walltime: 2.0
36769.0/37230.0 days/days; walltime: 4.0
36770.0/37230.0 days/days; walltime: 1.1
36771.0/37230.0 days/days; walltime: 1.2
36772.0/37230.0 days/days; walltime: 1.3
36773.0/37230.0 days/days; walltime: 1.2
36774.0/37230.0 days/days; walltime: 1.2
36775.0/37230.0 days/days; walltime: 1.1
36776.0/37230.0 days/days; walltime: 4.2
36777.0/37230.0 days/days; walltime: 0.7
36778.0/37230.0 days/days; walltime: 0.7
36779.0/37230.0 days/days; walltime: 0.7
36780.0/37230.0 days/days; walltime: 0.5
36781.0/37230.0 days/days; walltime: 0.7
36782.0/37230.0 days/days; walltime: 81.7
36783.0/37230.0 days/days; walltime: 192.5
36784.0/37230.0 days/days; walltime: 527.6
36785.0/37230.0 days/days; walltime: 444.1
36786.0/37230.0 days/days; walltime: 32.3
36787.0/37230.0 days/days; walltime: 43.1
36788.0/37230.0 days/days; walltime: 17.7
36789.0/37230.0 days/days; walltime: 48.9
36790.0/37230.0 days/days; walltime: 38.2
36791.0/37230.0 days/days; walltime: 33.6
36792.0/37230.0 days/days; walltime: 21.5
36793.0/37230.0 days/days; walltime: 14.3
36794.0/37230.0 days/days; walltime: 18.9
36795.0/37230.0 days/days; walltime: 25.2
36796.0/37230.0 days/days; walltime: 16.7
36797.0/37230.0 days/days; walltime: 8.5
36798.0/37230.0 days/days; walltime: 1.2
36799.0/37230.0 days/days; walltime: 1.1
36800.0/37230.0 days/days; walltime: 1.0
36801.0/37230.0 days/days; walltime: 3.0
36802.0/37230.0 days/days; walltime: 0.8
36803.0/37230.0 days/days; walltime: 0.9
36804.0/37230.0 days/days; walltime: 0.9
36805.0/37230.0 days/days; walltime: 0.7
36806.0/37230.0 days/days; walltime: 0.7
36807.0/37230.0 days/days; walltime: 0.7
36808.0/37230.0 days/days; walltime: 0.5
36809.0/37230.0 days/days; walltime: 0.6
36810.0/37230.0 days/days; walltime: 0.4
36811.0/37230.0 days/days; walltime: 0.5
36812.0/37230.0 days/days; walltime: 0.6
36813.0/37230.0 days/days; walltime: 0.8
36814.0/37230.0 days/days; walltime: 0.4
36815.0/37230.0 days/days; walltime: 0.4
36816.0/37230.0 days/days; walltime: 0.4
36817.0/37230.0 days/days; walltime: 0.7
36818.0/37230.0 days/days; walltime: 0.5
36819.0/37230.0 days/days; walltime: 0.5
36820.0/37230.0 days/days; walltime: 0.5
36821.0/37230.0 days/days; walltime: 0.5
36822.0/37230.0 days/days; walltime: 4.9
36823.0/37230.0 days/days; walltime: 0.9
36824.0/37230.0 days/days; walltime: 0.4
36825.0/37230.0 days/days; walltime: 0.3
36826.0/37230.0 days/days; walltime: 0.3
36827.0/37230.0 days/days; walltime: 0.4
36828.0/37230.0 days/days; walltime: 0.2
36829.0/37230.0 days/days; walltime: 0.3
36830.0/37230.0 days/days; walltime: 0.4
36831.0/37230.0 days/days; walltime: 0.2
36832.0/37230.0 days/days; walltime: 0.3
36833.0/37230.0 days/days; walltime: 0.3
36834.0/37230.0 days/days; walltime: 0.3
36835.0/37230.0 days/days; walltime: 0.1
36836.0/37230.0 days/days; walltime: 0.4
36837.0/37230.0 days/days; walltime: 0.2
36838.0/37230.0 days/days; walltime: 0.4
36839.0/37230.0 days/days; walltime: 0.3
36840.0/37230.0 days/days; walltime: 0.3
36841.0/37230.0 days/days; walltime: 0.2
36842.0/37230.0 days/days; walltime: 0.2
36843.0/37230.0 days/days; walltime: 0.4
36844.0/37230.0 days/days; walltime: 0.3
36845.0/37230.0 days/days; walltime: 0.7
36846.0/37230.0 days/days; walltime: 0.3
36847.0/37230.0 days/days; walltime: 87.4
36848.0/37230.0 days/days; walltime: 0.8
36849.0/37230.0 days/days; walltime: 0.2
36850.0/37230.0 days/days; walltime: 0.3
36851.0/37230.0 days/days; walltime: 0.2
36852.0/37230.0 days/days; walltime: 0.3
36853.0/37230.0 days/days; walltime: 0.3
36854.0/37230.0 days/days; walltime: 0.3
36855.0/37230.0 days/days; walltime: 0.2
36856.0/37230.0 days/days; walltime: 0.2
36857.0/37230.0 days/days; walltime: 0.3
36858.0/37230.0 days/days; walltime: 0.2
36859.0/37230.0 days/days; walltime: 0.3
36860.0/37230.0 days/days; walltime: 0.4
36861.0/37230.0 days/days; walltime: 0.2
36862.0/37230.0 days/days; walltime: 0.3
36863.0/37230.0 days/days; walltime: 0.2
36864.0/37230.0 days/days; walltime: 0.3
36865.0/37230.0 days/days; walltime: 0.2
36866.0/37230.0 days/days; walltime: 0.3
36867.0/37230.0 days/days; walltime: 0.2
36868.0/37230.0 days/days; walltime: 0.3
36869.0/37230.0 days/days; walltime: 0.2
36870.0/37230.0 days/days; walltime: 0.3
36871.0/37230.0 days/days; walltime: 0.2
36872.0/37230.0 days/days; walltime: 0.3
36873.0/37230.0 days/days; walltime: 0.2
36874.0/37230.0 days/days; walltime: 0.1
36875.0/37230.0 days/days; walltime: 0.3
36876.0/37230.0 days/days; walltime: 0.2
36877.0/37230.0 days/days; walltime: 0.3
36878.0/37230.0 days/days; walltime: 0.2
36879.0/37230.0 days/days; walltime: 0.2
36880.0/37230.0 days/days; walltime: 0.2
36881.0/37230.0 days/days; walltime: 0.3
36882.0/37230.0 days/days; walltime: 0.2
36883.0/37230.0 days/days; walltime: 0.1
36884.0/37230.0 days/days; walltime: 0.3
36885.0/37230.0 days/days; walltime: 0.2
36886.0/37230.0 days/days; walltime: 0.2
36887.0/37230.0 days/days; walltime: 0.2
36888.0/37230.0 days/days; walltime: 0.1
36889.0/37230.0 days/days; walltime: 0.3
36890.0/37230.0 days/days; walltime: 0.2
36891.0/37230.0 days/days; walltime: 0.2
36892.0/37230.0 days/days; walltime: 0.2
36893.0/37230.0 days/days; walltime: 0.1
36894.0/37230.0 days/days; walltime: 0.3
36895.0/37230.0 days/days; walltime: 0.1
36896.0/37230.0 days/days; walltime: 0.3
36897.0/37230.0 days/days; walltime: 0.1
36898.0/37230.0 days/days; walltime: 0.1
36899.0/37230.0 days/days; walltime: 0.3
36900.0/37230.0 days/days; walltime: 0.1
36901.0/37230.0 days/days; walltime: 0.2
36902.0/37230.0 days/days; walltime: 0.2
36903.0/37230.0 days/days; walltime: 0.1
36904.0/37230.0 days/days; walltime: 0.2
36905.0/37230.0 days/days; walltime: 0.2
36906.0/37230.0 days/days; walltime: 0.2
36907.0/37230.0 days/days; walltime: 0.1
36908.0/37230.0 days/days; walltime: 0.2
36909.0/37230.0 days/days; walltime: 0.2
36910.0/37230.0 days/days; walltime: 0.1
36911.0/37230.0 days/days; walltime: 0.2
36912.0/37230.0 days/days; walltime: 0.1
36913.0/37230.0 days/days; walltime: 0.2
36914.0/37230.0 days/days; walltime: 0.2
36915.0/37230.0 days/days; walltime: 0.1
36916.0/37230.0 days/days; walltime: 0.2
36917.0/37230.0 days/days; walltime: 0.2
36918.0/37230.0 days/days; walltime: 0.1
36919.0/37230.0 days/days; walltime: 0.1
36920.0/37230.0 days/days; walltime: 0.3
36921.0/37230.0 days/days; walltime: 0.1
36922.0/37230.0 days/days; walltime: 0.1
36923.0/37230.0 days/days; walltime: 0.1
36924.0/37230.0 days/days; walltime: 0.2
36925.0/37230.0 days/days; walltime: 0.2
36926.0/37230.0 days/days; walltime: 0.1
36927.0/37230.0 days/days; walltime: 0.2
36928.0/37230.0 days/days; walltime: 0.1
36929.0/37230.0 days/days; walltime: 0.1
36930.0/37230.0 days/days; walltime: 0.1
36931.0/37230.0 days/days; walltime: 0.3
36932.0/37230.0 days/days; walltime: 0.1
36933.0/37230.0 days/days; walltime: 0.1
36934.0/37230.0 days/days; walltime: 0.2
36935.0/37230.0 days/days; walltime: 0.1
36936.0/37230.0 days/days; walltime: 0.1
36937.0/37230.0 days/days; walltime: 0.3
36938.0/37230.0 days/days; walltime: 0.1
36939.0/37230.0 days/days; walltime: 0.1
36940.0/37230.0 days/days; walltime: 0.1
36941.0/37230.0 days/days; walltime: 0.1
36942.0/37230.0 days/days; walltime: 0.1
36943.0/37230.0 days/days; walltime: 0.3
36944.0/37230.0 days/days; walltime: 0.1
36945.0/37230.0 days/days; walltime: 0.1
36946.0/37230.0 days/days; walltime: 0.2
36947.0/37230.0 days/days; walltime: 0.1
36948.0/37230.0 days/days; walltime: 0.1
36949.0/37230.0 days/days; walltime: 0.1
36950.0/37230.0 days/days; walltime: 0.2
36951.0/37230.0 days/days; walltime: 0.2
36952.0/37230.0 days/days; walltime: 0.1
36953.0/37230.0 days/days; walltime: 0.1
36954.0/37230.0 days/days; walltime: 0.1
36955.0/37230.0 days/days; walltime: 0.2
36956.0/37230.0 days/days; walltime: 0.3
36957.0/37230.0 days/days; walltime: 0.1
36958.0/37230.0 days/days; walltime: 0.1
36959.0/37230.0 days/days; walltime: 0.1
36960.0/37230.0 days/days; walltime: 0.1
36961.0/37230.0 days/days; walltime: 0.1
36962.0/37230.0 days/days; walltime: 0.3
36963.0/37230.0 days/days; walltime: 0.1
36964.0/37230.0 days/days; walltime: 0.1
36965.0/37230.0 days/days; walltime: 0.2
36966.0/37230.0 days/days; walltime: 0.1
36967.0/37230.0 days/days; walltime: 0.1
36968.0/37230.0 days/days; walltime: 0.1
36969.0/37230.0 days/days; walltime: 0.3
36970.0/37230.0 days/days; walltime: 0.1
36971.0/37230.0 days/days; walltime: 0.1
36972.0/37230.0 days/days; walltime: 0.2
36973.0/37230.0 days/days; walltime: 0.1
36974.0/37230.0 days/days; walltime: 0.1
36975.0/37230.0 days/days; walltime: 0.1
36976.0/37230.0 days/days; walltime: 0.2
36977.0/37230.0 days/days; walltime: 0.1
36978.0/37230.0 days/days; walltime: 0.1
36979.0/37230.0 days/days; walltime: 0.3
36980.0/37230.0 days/days; walltime: 0.1
36981.0/37230.0 days/days; walltime: 0.1
36982.0/37230.0 days/days; walltime: 0.1
36983.0/37230.0 days/days; walltime: 0.2
36984.0/37230.0 days/days; walltime: 0.1
36985.0/37230.0 days/days; walltime: 0.1
36986.0/37230.0 days/days; walltime: 0.1
--36987.0/37230.0 days/days; walltime: 43.9
--36988.0/37230.0 days/days; walltime: 83.6
36989.0/37230.0 days/days; walltime: 63.4
36990.0/37230.0 days/days; walltime: 1.5
36991.0/37230.0 days/days; walltime: 0.5
36992.0/37230.0 days/days; walltime: 0.2
36993.0/37230.0 days/days; walltime: 0.4
36994.0/37230.0 days/days; walltime: 0.3
36995.0/37230.0 days/days; walltime: 0.2
36996.0/37230.0 days/days; walltime: 0.3
36997.0/37230.0 days/days; walltime: 0.2
36998.0/37230.0 days/days; walltime: 0.3
36999.0/37230.0 days/days; walltime: 0.2
37000.0/37230.0 days/days; walltime: 79.3
37001.0/37230.0 days/days; walltime: 24.5
37002.0/37230.0 days/days; walltime: 0.5
37003.0/37230.0 days/days; walltime: 27.9
37004.0/37230.0 days/days; walltime: 95.2
37005.0/37230.0 days/days; walltime: 63.1
37006.0/37230.0 days/days; walltime: 60.2
37007.0/37230.0 days/days; walltime: 1.7
37008.0/37230.0 days/days; walltime: 1.3
37009.0/37230.0 days/days; walltime: 1.2
37010.0/37230.0 days/days; walltime: 1.4
37011.0/37230.0 days/days; walltime: 1.1
37012.0/37230.0 days/days; walltime: 1.0
37013.0/37230.0 days/days; walltime: 2.7
37014.0/37230.0 days/days; walltime: 0.9
37015.0/37230.0 days/days; walltime: 0.9
37016.0/37230.0 days/days; walltime: 3.1
37017.0/37230.0 days/days; walltime: 1.1
37018.0/37230.0 days/days; walltime: 69.6
37019.0/37230.0 days/days; walltime: 116.9
37020.0/37230.0 days/days; walltime: 434.1
37021.0/37230.0 days/days; walltime: 308.1
37022.0/37230.0 days/days; walltime: 449.4
37023.0/37230.0 days/days; walltime: 573.2
37024.0/37230.0 days/days; walltime: 127.1
37025.0/37230.0 days/days; walltime: 628.4
37026.0/37230.0 days/days; walltime: 256.0
37027.0/37230.0 days/days; walltime: 381.7
37028.0/37230.0 days/days; walltime: 261.4
37029.0/37230.0 days/days; walltime: 82.5
37030.0/37230.0 days/days; walltime: 60.3
37031.0/37230.0 days/days; walltime: 127.2
37032.0/37230.0 days/days; walltime: 242.9
37033.0/37230.0 days/days; walltime: 1179.9
37034.0/37230.0 days/days; walltime: 835.7
37035.0/37230.0 days/days; walltime: 128.3
37036.0/37230.0 days/days; walltime: 79.9
37037.0/37230.0 days/days; walltime: 155.3
37038.0/37230.0 days/days; walltime: 475.8
37039.0/37230.0 days/days; walltime: 377.1
37040.0/37230.0 days/days; walltime: 108.1
37041.0/37230.0 days/days; walltime: 614.1
slurmstepd: error: *** JOB 60926180 ON cdr616 CANCELLED AT 2023-02-25T00:25:10 DUE TO TIME LIMIT ***
