Case 1:
Picked up JAVA_TOOL_OPTIONS: -Xmx2g
Opening log file:  /tmp/java.log.11432

                            < M A T L A B (R) >
                  Copyright 1984-2022 The MathWorks, Inc.
                  R2022a (9.12.0.1884302) 64-bit (glnxa64)
                             February 16, 2022

 
To get started, type doc.
For product information, visit www.mathworks.com.
 

config = 

  struct with fields:

                 k_s: 0.0094
                 l_c: 10
            n_moulin: 68
    creep_const_soft: 0
             mesh_nr: 4
                 k_c: 0.2000
               h_bed: 0.5000
               l_bed: 10
               alpha: 1.2500
                beta: 1.5000
               omega: 0
                 e_v: 1.0000e-04

Running model run (ode15s):
Run to steady
Saving model run to
./RUN/output_001_steady.nc
Fields, IC & BC initialised
Initial phi calculated in 1.9s
0.0/36500.0 days/days; walltime: 14.5
---------------------------------------------------------------------------------------------------------------------------------------------------------------------------------------------------------------------------------------------------------------------------------------------------------------------------------------------------------------------------------------------------------------------------------------------------------------------------------------------------------------------------------------------------------------------------------------------------------------------------------------------------------------------------------------------------------------------------------------------------------------------------------------------------------------------------------------------------------------------------------------------------------------------------------------1825.0/36500.0 days/days; walltime: 137.2
---------------------3650.0/36500.0 days/days; walltime: 1.3
------------5475.0/36500.0 days/days; walltime: 0.6
--------7300.0/36500.0 days/days; walltime: 0.5
--------------------------------------------------------------------------------------------------------------------------------------------------------------------------------------------------------------9125.0/36500.0 days/days; walltime: 11.3
---------------------------------------------------------------------------------------------------------------------------------------------------------------------------------------------------------------------------------------------------------------------------------------------------------------------------------------------------------------------------------------------------------------------------------------------------------------------------------------------------------------------------------------------------------------------------------------------------------------------------------------------------------------------------------------------------------------------------------------------------------------------------------------------------------------------------------------------------------------------------------------------------------------------------------------------------------------------------------------------------------------------------------------------------------------------------------------------------------------------------------------------------------------------------------------------------------------------------------------------------------------------------------------------------------------------------------------------------------------------------------------------------------------------------------------------------------------------------------------------------------------------------------------------------------------------------------------------------------------------------------------------------------------------------------------------------------------------------------------------------------------------------------------------------------------------------------------------------------------------------------------------------------------------------------------------------------------------------------------------------------------------------------------------------------------------------------------------------------------------------------------------------------------------------------------------------------------------------------------------------------------------------------------------------------------------------------------------------------------------------------------------------------------------------------------------------------------------------------------------------------------------------------------------------------------------------------------------------------------------------------------------------------------------------------------------------------------------10950.0/36500.0 days/days; walltime: 127.7
------------------------------------------------------------------------------------------------------------------------------------------------------------------------------------------------------------------------------------------------------------------------------------------------------------------------------------------------------------------------------------------------------------------------------------------------------------------------------------------------------------------------------------------------------------------------------------------------------------------------------------------------------------------------------------------------------------------------------------------------------------------------------------------------------------------------------------------------------------------------------------------------------------------------------------------------------------------------------------------------------------------------------------------------------------------------------------------------------------------------------------------------------------------------------------------------------------------------------------------------------------------------------------------------------------------------------------------------------------------------------------------------------------------------------------------------------------------------------------------------------------------------------------------------------------------------------------------------------------------------------------------------------------------------------------------------------------------------------------------------------------------------------------------------------------------------------------------------------------------------12775.0/36500.0 days/days; walltime: 90.3
-----------------------------------------------------------------------------------------------------------------------------------------------------------------------------------------------------------------------------------------------------------------------------------------------------------------------------------------------------------------------------------------------------------------------------------------------------------------------------------------------------------------------------------------------------------------------------------------------------------------------------------------------------------------------------------------------------------------------------------------------------------------------------------------------------------------------------------------------------------------------------------------------------------------------------------------------------------------------------------------------------------------------------------------------------------------------------------------------------------------------------------------------------------------------------------------------------------------------------------------------------------------------------------------------------------------------------------------------------------------------------------------------------------------------------------------------------------------------------------------------------------------------------------------------------------------------------------------------------------------------------------------------------------------------14600.0/36500.0 days/days; walltime: 85.1
------------------------------------------------------------------------------------------------------------------------------------------------------------------------------------------------------------------------------------------------------------------------------------------------------------------------------------------------------------------------------------------------------------------------------------------------------------------------------------------------------------------------------------------------------------------------------------------------------------------------------------------------------------------------------------------------------------------------------------------------------------------------------------------------------------------------------------------------------------------------------------------------------------------------------------------------------------------------------------------------------------------------------------------------------------------------------------------------------------------------------------------------------------------------------------------------------------------------------------------------------------------------------------------------------------------------------------------------------------------------------------------------------------------------------------------------------------------------------------------------------------------------------------------------------------------------------------------------------------------------------------------------------------------------------------------------------------------------------------------------------------------------------------------------------------------------------------------------16425.0/36500.0 days/days; walltime: 107.3
---------------------------------------------------------------------------------------------------------------------------------------18250.0/36500.0 days/days; walltime: 91.3
20075.0/36500.0 days/days; walltime: 99.7
21900.0/36500.0 days/days; walltime: 25.7
23725.0/36500.0 days/days; walltime: 8.6
25550.0/36500.0 days/days; walltime: 5.8
27375.0/36500.0 days/days; walltime: 5.9
29200.0/36500.0 days/days; walltime: 2.7
31025.0/36500.0 days/days; walltime: 3.5
32850.0/36500.0 days/days; walltime: 1.6
34675.0/36500.0 days/days; walltime: 1.7
36500.0/36500.0 days/days; walltime: 1.3
Wallclock for model run: 828.5s
 

fields = 

  struct with fields:

    nodes: [1x1 struct]
    edges: [1x1 struct]
       BC: [1x1 struct]

Running model run (ode15s):
Run seasonal
Saving model run to
./RUN/output_001_seasonal.nc
IC initialised from struct
IC initialised from file/given & rest from parameters and given functions
-36500.0/37230.0 days/days; walltime: 17.3
--36501.0/37230.0 days/days; walltime: 93.6
36502.0/37230.0 days/days; walltime: 1.9
-36503.0/37230.0 days/days; walltime: 3.4
36504.0/37230.0 days/days; walltime: 1.8
36505.0/37230.0 days/days; walltime: 3.3
36506.0/37230.0 days/days; walltime: 1.6
-------36507.0/37230.0 days/days; walltime: 1.3
------------------------------------36508.0/37230.0 days/days; walltime: 2.6
36509.0/37230.0 days/days; walltime: 0.8
36510.0/37230.0 days/days; walltime: 1.0
36511.0/37230.0 days/days; walltime: 0.9
36512.0/37230.0 days/days; walltime: 2.4
36513.0/37230.0 days/days; walltime: 0.6
36514.0/37230.0 days/days; walltime: 0.7
36515.0/37230.0 days/days; walltime: 0.6
36516.0/37230.0 days/days; walltime: 0.7
36517.0/37230.0 days/days; walltime: 0.5
36518.0/37230.0 days/days; walltime: 0.5
36519.0/37230.0 days/days; walltime: 0.5
36520.0/37230.0 days/days; walltime: 2.0
36521.0/37230.0 days/days; walltime: 2.2
36522.0/37230.0 days/days; walltime: 0.4
36523.0/37230.0 days/days; walltime: 0.4
36524.0/37230.0 days/days; walltime: 0.4
36525.0/37230.0 days/days; walltime: 0.3
36526.0/37230.0 days/days; walltime: 0.4
36527.0/37230.0 days/days; walltime: 0.4
36528.0/37230.0 days/days; walltime: 0.4
36529.0/37230.0 days/days; walltime: 0.2
36530.0/37230.0 days/days; walltime: 0.4
36531.0/37230.0 days/days; walltime: 0.2
36532.0/37230.0 days/days; walltime: 0.4
36533.0/37230.0 days/days; walltime: 0.3
36534.0/37230.0 days/days; walltime: 0.2
36535.0/37230.0 days/days; walltime: 0.3
36536.0/37230.0 days/days; walltime: 0.2
36537.0/37230.0 days/days; walltime: 2.0
36538.0/37230.0 days/days; walltime: 2.0
36539.0/37230.0 days/days; walltime: 0.3
36540.0/37230.0 days/days; walltime: 0.2
36541.0/37230.0 days/days; walltime: 0.3
36542.0/37230.0 days/days; walltime: 0.1
36543.0/37230.0 days/days; walltime: 0.2
36544.0/37230.0 days/days; walltime: 0.3
36545.0/37230.0 days/days; walltime: 0.2
36546.0/37230.0 days/days; walltime: 1.9
36547.0/37230.0 days/days; walltime: 0.2
36548.0/37230.0 days/days; walltime: 0.1
36549.0/37230.0 days/days; walltime: 0.3
36550.0/37230.0 days/days; walltime: 0.1
36551.0/37230.0 days/days; walltime: 0.3
36552.0/37230.0 days/days; walltime: 0.1
36553.0/37230.0 days/days; walltime: 0.2
36554.0/37230.0 days/days; walltime: 0.2
36555.0/37230.0 days/days; walltime: 0.1
36556.0/37230.0 days/days; walltime: 0.2
36557.0/37230.0 days/days; walltime: 0.2
36558.0/37230.0 days/days; walltime: 0.1
36559.0/37230.0 days/days; walltime: 0.1
36560.0/37230.0 days/days; walltime: 0.3
36561.0/37230.0 days/days; walltime: 0.1
36562.0/37230.0 days/days; walltime: 0.1
36563.0/37230.0 days/days; walltime: 0.1
36564.0/37230.0 days/days; walltime: 0.2
36565.0/37230.0 days/days; walltime: 0.2
36566.0/37230.0 days/days; walltime: 0.1
36567.0/37230.0 days/days; walltime: 0.2
36568.0/37230.0 days/days; walltime: 0.1
36569.0/37230.0 days/days; walltime: 0.1
36570.0/37230.0 days/days; walltime: 0.1
36571.0/37230.0 days/days; walltime: 0.2
36572.0/37230.0 days/days; walltime: 0.1
-36573.0/37230.0 days/days; walltime: 0.1
36574.0/37230.0 days/days; walltime: 0.1
36575.0/37230.0 days/days; walltime: 0.2
36576.0/37230.0 days/days; walltime: 0.1
36577.0/37230.0 days/days; walltime: 0.1
36578.0/37230.0 days/days; walltime: 0.1
36579.0/37230.0 days/days; walltime: 0.2
36580.0/37230.0 days/days; walltime: 0.1
36581.0/37230.0 days/days; walltime: 0.1
36582.0/37230.0 days/days; walltime: 0.1
36583.0/37230.0 days/days; walltime: 0.2
36585.0/37230.0 days/days; walltime: 0.1
36586.0/37230.0 days/days; walltime: 0.1
36587.0/37230.0 days/days; walltime: 0.1
36588.0/37230.0 days/days; walltime: 0.2
36589.0/37230.0 days/days; walltime: 0.1
-36591.0/37230.0 days/days; walltime: 0.1
36592.0/37230.0 days/days; walltime: 0.1
36593.0/37230.0 days/days; walltime: 0.2
36594.0/37230.0 days/days; walltime: 0.1
36596.0/37230.0 days/days; walltime: 0.1
36597.0/37230.0 days/days; walltime: 0.1
36598.0/37230.0 days/days; walltime: 0.2
36600.0/37230.0 days/days; walltime: 0.1
36601.0/37230.0 days/days; walltime: 0.1
36602.0/37230.0 days/days; walltime: 0.1
36604.0/37230.0 days/days; walltime: 0.2
36605.0/37230.0 days/days; walltime: 0.1
36607.0/37230.0 days/days; walltime: 0.1
36608.0/37230.0 days/days; walltime: 0.1
36609.0/37230.0 days/days; walltime: 0.2
36611.0/37230.0 days/days; walltime: 0.1
36612.0/37230.0 days/days; walltime: 0.1
36614.0/37230.0 days/days; walltime: 0.1
36615.0/37230.0 days/days; walltime: 0.2
36617.0/37230.0 days/days; walltime: 0.1
36619.0/37230.0 days/days; walltime: 0.1
36620.0/37230.0 days/days; walltime: 0.1
--36622.0/37230.0 days/days; walltime: 2.1
--36623.0/37230.0 days/days; walltime: 77.3
36624.0/37230.0 days/days; walltime: 89.0
36625.0/37230.0 days/days; walltime: 0.8
36626.0/37230.0 days/days; walltime: 0.5
36627.0/37230.0 days/days; walltime: 0.4
36628.0/37230.0 days/days; walltime: 0.4
36629.0/37230.0 days/days; walltime: 0.2
36630.0/37230.0 days/days; walltime: 0.3
36631.0/37230.0 days/days; walltime: 0.1
36632.0/37230.0 days/days; walltime: 0.1
36633.0/37230.0 days/days; walltime: 0.1
36634.0/37230.0 days/days; walltime: 0.2
36635.0/37230.0 days/days; walltime: 0.1
36636.0/37230.0 days/days; walltime: 0.1
36637.0/37230.0 days/days; walltime: 0.1
---36638.0/37230.0 days/days; walltime: 11.7
36639.0/37230.0 days/days; walltime: 109.8
36640.0/37230.0 days/days; walltime: 125.7
36641.0/37230.0 days/days; walltime: 32.1
36642.0/37230.0 days/days; walltime: 2.7
36643.0/37230.0 days/days; walltime: 0.6
36644.0/37230.0 days/days; walltime: 0.5
36645.0/37230.0 days/days; walltime: 0.5
36646.0/37230.0 days/days; walltime: 0.4
36647.0/37230.0 days/days; walltime: 0.4
36648.0/37230.0 days/days; walltime: 0.4
36649.0/37230.0 days/days; walltime: 0.2
36650.0/37230.0 days/days; walltime: 0.3
36651.0/37230.0 days/days; walltime: 0.1
36652.0/37230.0 days/days; walltime: 0.1
--36653.0/37230.0 days/days; walltime: 94.3
36654.0/37230.0 days/days; walltime: 202.9
36655.0/37230.0 days/days; walltime: 290.7
36656.0/37230.0 days/days; walltime: 314.8
36657.0/37230.0 days/days; walltime: 411.0
36658.0/37230.0 days/days; walltime: 664.0
36659.0/37230.0 days/days; walltime: 143.5
36660.0/37230.0 days/days; walltime: 385.1
36661.0/37230.0 days/days; walltime: 347.3
36662.0/37230.0 days/days; walltime: 217.3
36663.0/37230.0 days/days; walltime: 89.1
36664.0/37230.0 days/days; walltime: 55.2
36665.0/37230.0 days/days; walltime: 79.1
36666.0/37230.0 days/days; walltime: 181.8
36667.0/37230.0 days/days; walltime: 163.0
36668.0/37230.0 days/days; walltime: 554.1
36669.0/37230.0 days/days; walltime: 191.3
36670.0/37230.0 days/days; walltime: 111.4
36671.0/37230.0 days/days; walltime: 38.8
36672.0/37230.0 days/days; walltime: 65.2
36673.0/37230.0 days/days; walltime: 190.1
36674.0/37230.0 days/days; walltime: 92.7
36675.0/37230.0 days/days; walltime: 117.3
36676.0/37230.0 days/days; walltime: 216.9
36677.0/37230.0 days/days; walltime: 493.0
36678.0/37230.0 days/days; walltime: 16.4
36679.0/37230.0 days/days; walltime: 66.8
36680.0/37230.0 days/days; walltime: 56.1
36681.0/37230.0 days/days; walltime: 23.5
36682.0/37230.0 days/days; walltime: 23.6
36683.0/37230.0 days/days; walltime: 64.7
36684.0/37230.0 days/days; walltime: 75.6
36685.0/37230.0 days/days; walltime: 364.9
36686.0/37230.0 days/days; walltime: 221.1
36687.0/37230.0 days/days; walltime: 742.7
36688.0/37230.0 days/days; walltime: 58.7
36689.0/37230.0 days/days; walltime: 430.6
36690.0/37230.0 days/days; walltime: 459.1
36691.0/37230.0 days/days; walltime: 356.6
36692.0/37230.0 days/days; walltime: 73.1
36693.0/37230.0 days/days; walltime: 69.4
36694.0/37230.0 days/days; walltime: 24.4
36695.0/37230.0 days/days; walltime: 12.6
36696.0/37230.0 days/days; walltime: 25.2
36697.0/37230.0 days/days; walltime: 24.5
36698.0/37230.0 days/days; walltime: 72.5
36699.0/37230.0 days/days; walltime: 12.8
36700.0/37230.0 days/days; walltime: 240.4
36701.0/37230.0 days/days; walltime: 169.7
36702.0/37230.0 days/days; walltime: 127.5
36703.0/37230.0 days/days; walltime: 59.1
36704.0/37230.0 days/days; walltime: 111.4
36705.0/37230.0 days/days; walltime: 511.3
36706.0/37230.0 days/days; walltime: 163.9
36707.0/37230.0 days/days; walltime: 143.0
36708.0/37230.0 days/days; walltime: 174.3
36709.0/37230.0 days/days; walltime: 42.9
36710.0/37230.0 days/days; walltime: 78.3
36711.0/37230.0 days/days; walltime: 170.2
36712.0/37230.0 days/days; walltime: 80.3
36713.0/37230.0 days/days; walltime: 207.5
36714.0/37230.0 days/days; walltime: 8.2
36715.0/37230.0 days/days; walltime: 12.2
36716.0/37230.0 days/days; walltime: 11.5
36717.0/37230.0 days/days; walltime: 11.3
36718.0/37230.0 days/days; walltime: 14.2
36719.0/37230.0 days/days; walltime: 8.6
36720.0/37230.0 days/days; walltime: 78.6
36721.0/37230.0 days/days; walltime: 300.0
36722.0/37230.0 days/days; walltime: 178.9
36723.0/37230.0 days/days; walltime: 473.3
36724.0/37230.0 days/days; walltime: 540.3
36725.0/37230.0 days/days; walltime: 377.3
36726.0/37230.0 days/days; walltime: 359.0
36727.0/37230.0 days/days; walltime: 43.8
36728.0/37230.0 days/days; walltime: 538.4
36729.0/37230.0 days/days; walltime: 163.3
36730.0/37230.0 days/days; walltime: 422.4
36731.0/37230.0 days/days; walltime: 108.0
36732.0/37230.0 days/days; walltime: 49.0
36733.0/37230.0 days/days; walltime: 357.2
36734.0/37230.0 days/days; walltime: 34.1
36735.0/37230.0 days/days; walltime: 10.5
36736.0/37230.0 days/days; walltime: 62.5
36737.0/37230.0 days/days; walltime: 29.2
36738.0/37230.0 days/days; walltime: 5.5
36739.0/37230.0 days/days; walltime: 34.2
36740.0/37230.0 days/days; walltime: 37.8
36741.0/37230.0 days/days; walltime: 246.5
36742.0/37230.0 days/days; walltime: 719.4
36743.0/37230.0 days/days; walltime: 554.9
36744.0/37230.0 days/days; walltime: 518.7
36745.0/37230.0 days/days; walltime: 11.6
36746.0/37230.0 days/days; walltime: 27.8
36747.0/37230.0 days/days; walltime: 124.1
36748.0/37230.0 days/days; walltime: 264.3
36749.0/37230.0 days/days; walltime: 265.2
36750.0/37230.0 days/days; walltime: 8.4
36751.0/37230.0 days/days; walltime: 8.4
36752.0/37230.0 days/days; walltime: 37.1
36753.0/37230.0 days/days; walltime: 6.9
36754.0/37230.0 days/days; walltime: 2.1
36755.0/37230.0 days/days; walltime: 1.7
36756.0/37230.0 days/days; walltime: 1.6
36757.0/37230.0 days/days; walltime: 2.7
36758.0/37230.0 days/days; walltime: 1.3
36759.0/37230.0 days/days; walltime: 1.4
36760.0/37230.0 days/days; walltime: 14.2
36761.0/37230.0 days/days; walltime: 95.4
36762.0/37230.0 days/days; walltime: 97.4
36763.0/37230.0 days/days; walltime: 2.9
36764.0/37230.0 days/days; walltime: 81.3
36765.0/37230.0 days/days; walltime: 80.9
36766.0/37230.0 days/days; walltime: 1.1
36767.0/37230.0 days/days; walltime: 0.6
36768.0/37230.0 days/days; walltime: 0.5
36769.0/37230.0 days/days; walltime: 0.5
36770.0/37230.0 days/days; walltime: 0.5
36771.0/37230.0 days/days; walltime: 0.5
36772.0/37230.0 days/days; walltime: 0.5
36773.0/37230.0 days/days; walltime: 2.1
36774.0/37230.0 days/days; walltime: 0.4
36775.0/37230.0 days/days; walltime: 0.4
36776.0/37230.0 days/days; walltime: 0.3
36777.0/37230.0 days/days; walltime: 0.3
36778.0/37230.0 days/days; walltime: 0.3
36779.0/37230.0 days/days; walltime: 0.2
36780.0/37230.0 days/days; walltime: 0.3
36781.0/37230.0 days/days; walltime: 0.4
--36782.0/37230.0 days/days; walltime: 106.8
36783.0/37230.0 days/days; walltime: 292.9
36784.0/37230.0 days/days; walltime: 308.8
36785.0/37230.0 days/days; walltime: 623.4
36786.0/37230.0 days/days; walltime: 19.4
36787.0/37230.0 days/days; walltime: 3.4
36788.0/37230.0 days/days; walltime: 15.6
36789.0/37230.0 days/days; walltime: 1.1
36790.0/37230.0 days/days; walltime: 1.0
36791.0/37230.0 days/days; walltime: 0.8
36792.0/37230.0 days/days; walltime: 0.6
36793.0/37230.0 days/days; walltime: 2.6
36794.0/37230.0 days/days; walltime: 0.5
36795.0/37230.0 days/days; walltime: 0.5
36796.0/37230.0 days/days; walltime: 0.6
36797.0/37230.0 days/days; walltime: 0.5
36798.0/37230.0 days/days; walltime: 0.5
36799.0/37230.0 days/days; walltime: 2.3
36800.0/37230.0 days/days; walltime: 0.4
36801.0/37230.0 days/days; walltime: 0.4
36802.0/37230.0 days/days; walltime: 0.4
36803.0/37230.0 days/days; walltime: 0.3
36804.0/37230.0 days/days; walltime: 0.3
36805.0/37230.0 days/days; walltime: 0.4
36806.0/37230.0 days/days; walltime: 0.2
36807.0/37230.0 days/days; walltime: 0.3
36808.0/37230.0 days/days; walltime: 0.3
36809.0/37230.0 days/days; walltime: 0.3
36810.0/37230.0 days/days; walltime: 0.2
36811.0/37230.0 days/days; walltime: 0.2
36812.0/37230.0 days/days; walltime: 0.2
36813.0/37230.0 days/days; walltime: 0.3
36814.0/37230.0 days/days; walltime: 0.1
36815.0/37230.0 days/days; walltime: 0.2
36816.0/37230.0 days/days; walltime: 0.2
36817.0/37230.0 days/days; walltime: 0.2
36818.0/37230.0 days/days; walltime: 1.8
36819.0/37230.0 days/days; walltime: 0.2
36820.0/37230.0 days/days; walltime: 0.2
36821.0/37230.0 days/days; walltime: 0.1
36822.0/37230.0 days/days; walltime: 0.2
36823.0/37230.0 days/days; walltime: 0.1
36824.0/37230.0 days/days; walltime: 0.3
36825.0/37230.0 days/days; walltime: 0.3
36826.0/37230.0 days/days; walltime: 0.2
36827.0/37230.0 days/days; walltime: 0.1
36828.0/37230.0 days/days; walltime: 0.1
36829.0/37230.0 days/days; walltime: 0.1
36830.0/37230.0 days/days; walltime: 0.2
36831.0/37230.0 days/days; walltime: 0.1
36832.0/37230.0 days/days; walltime: 0.1
36833.0/37230.0 days/days; walltime: 0.1
-36834.0/37230.0 days/days; walltime: 0.2
36835.0/37230.0 days/days; walltime: 0.1
36837.0/37230.0 days/days; walltime: 0.1
36838.0/37230.0 days/days; walltime: 0.1
36839.0/37230.0 days/days; walltime: 0.2
36841.0/37230.0 days/days; walltime: 0.1
36842.0/37230.0 days/days; walltime: 0.1
36843.0/37230.0 days/days; walltime: 0.1
36844.0/37230.0 days/days; walltime: 0.2
36846.0/37230.0 days/days; walltime: 0.1
36847.0/37230.0 days/days; walltime: 0.1
36849.0/37230.0 days/days; walltime: 0.1
36850.0/37230.0 days/days; walltime: 0.2
-36851.0/37230.0 days/days; walltime: 0.1
36853.0/37230.0 days/days; walltime: 0.1
36854.0/37230.0 days/days; walltime: 0.1
36856.0/37230.0 days/days; walltime: 0.2
36857.0/37230.0 days/days; walltime: 0.1
36859.0/37230.0 days/days; walltime: 0.1
36860.0/37230.0 days/days; walltime: 0.1
36862.0/37230.0 days/days; walltime: 0.2
36864.0/37230.0 days/days; walltime: 0.1
36865.0/37230.0 days/days; walltime: 0.1
36867.0/37230.0 days/days; walltime: 0.1
36869.0/37230.0 days/days; walltime: 0.2
36870.0/37230.0 days/days; walltime: 0.1
36872.0/37230.0 days/days; walltime: 0.1
36874.0/37230.0 days/days; walltime: 0.1
36876.0/37230.0 days/days; walltime: 0.2
36877.0/37230.0 days/days; walltime: 0.1
36879.0/37230.0 days/days; walltime: 0.1
36881.0/37230.0 days/days; walltime: 0.1
36883.0/37230.0 days/days; walltime: 0.2
36885.0/37230.0 days/days; walltime: 0.1
36887.0/37230.0 days/days; walltime: 0.1
36889.0/37230.0 days/days; walltime: 0.1
36891.0/37230.0 days/days; walltime: 0.2
36893.0/37230.0 days/days; walltime: 0.1
36895.0/37230.0 days/days; walltime: 0.1
36898.0/37230.0 days/days; walltime: 0.1
36900.0/37230.0 days/days; walltime: 0.2
36902.0/37230.0 days/days; walltime: 0.1
36904.0/37230.0 days/days; walltime: 0.1
36907.0/37230.0 days/days; walltime: 0.1
36909.0/37230.0 days/days; walltime: 0.2
36912.0/37230.0 days/days; walltime: 0.1
36914.0/37230.0 days/days; walltime: 0.1
36917.0/37230.0 days/days; walltime: 0.1
36919.0/37230.0 days/days; walltime: 0.2
36922.0/37230.0 days/days; walltime: 0.1
36924.0/37230.0 days/days; walltime: 0.1
36927.0/37230.0 days/days; walltime: 0.1
36929.0/37230.0 days/days; walltime: 0.2
36932.0/37230.0 days/days; walltime: 0.1
36935.0/37230.0 days/days; walltime: 0.1
36937.0/37230.0 days/days; walltime: 0.1
36940.0/37230.0 days/days; walltime: 0.2
36943.0/37230.0 days/days; walltime: 0.1
36946.0/37230.0 days/days; walltime: 0.1
36949.0/37230.0 days/days; walltime: 0.1
36952.0/37230.0 days/days; walltime: 0.2
36955.0/37230.0 days/days; walltime: 0.1
-36958.0/37230.0 days/days; walltime: 0.1
36961.0/37230.0 days/days; walltime: 0.1
36964.0/37230.0 days/days; walltime: 0.2
36967.0/37230.0 days/days; walltime: 0.1
36970.0/37230.0 days/days; walltime: 0.1
-36973.0/37230.0 days/days; walltime: 0.1
--36976.0/37230.0 days/days; walltime: 0.2
--36980.0/37230.0 days/days; walltime: 0.1
--36983.0/37230.0 days/days; walltime: 0.1
--36987.0/37230.0 days/days; walltime: 0.1
--36990.0/37230.0 days/days; walltime: 0.2
--36994.0/37230.0 days/days; walltime: 0.1
--36997.0/37230.0 days/days; walltime: 0.1
--------------------------------------37001.0/37230.0 days/days; walltime: 2.2
--37002.0/37230.0 days/days; walltime: 0.1
--------------------------------------------------------------------------------------------------------------------------------------------------------------------------------------------------------------------------------------------------------------------------------------------------37003.0/37230.0 days/days; walltime: 16.9
--------------------37004.0/37230.0 days/days; walltime: 119.6
37005.0/37230.0 days/days; walltime: 140.5
37006.0/37230.0 days/days; walltime: 34.7
37007.0/37230.0 days/days; walltime: 0.9
37008.0/37230.0 days/days; walltime: 0.9
37009.0/37230.0 days/days; walltime: 0.6
37010.0/37230.0 days/days; walltime: 0.5
37011.0/37230.0 days/days; walltime: 0.4
37012.0/37230.0 days/days; walltime: 0.4
37013.0/37230.0 days/days; walltime: 0.2
37014.0/37230.0 days/days; walltime: 2.1
37015.0/37230.0 days/days; walltime: 0.2
37016.0/37230.0 days/days; walltime: 0.3
37017.0/37230.0 days/days; walltime: 0.1
--37018.0/37230.0 days/days; walltime: 107.6
37019.0/37230.0 days/days; walltime: 223.4
37020.0/37230.0 days/days; walltime: 340.8
37021.0/37230.0 days/days; walltime: 286.8
37022.0/37230.0 days/days; walltime: 467.2
37023.0/37230.0 days/days; walltime: 676.1
37024.0/37230.0 days/days; walltime: 134.7
37025.0/37230.0 days/days; walltime: 410.0
37026.0/37230.0 days/days; walltime: 271.1
37027.0/37230.0 days/days; walltime: 233.3
37028.0/37230.0 days/days; walltime: 89.5
37029.0/37230.0 days/days; walltime: 54.9
37030.0/37230.0 days/days; walltime: 79.3
37031.0/37230.0 days/days; walltime: 201.0
37032.0/37230.0 days/days; walltime: 149.1
37033.0/37230.0 days/days; walltime: 554.9
37034.0/37230.0 days/days; walltime: 207.0
37035.0/37230.0 days/days; walltime: 102.8
37036.0/37230.0 days/days; walltime: 27.9
37037.0/37230.0 days/days; walltime: 59.3
37038.0/37230.0 days/days; walltime: 189.9
37039.0/37230.0 days/days; walltime: 83.6
37040.0/37230.0 days/days; walltime: 108.8
37041.0/37230.0 days/days; walltime: 180.0
37042.0/37230.0 days/days; walltime: 471.8
37043.0/37230.0 days/days; walltime: 15.6
37044.0/37230.0 days/days; walltime: 64.5
37045.0/37230.0 days/days; walltime: 67.5
37046.0/37230.0 days/days; walltime: 23.1
37047.0/37230.0 days/days; walltime: 28.3
37048.0/37230.0 days/days; walltime: 86.1
37049.0/37230.0 days/days; walltime: 51.8
37050.0/37230.0 days/days; walltime: 387.3
37051.0/37230.0 days/days; walltime: 204.0
37052.0/37230.0 days/days; walltime: 682.3
37053.0/37230.0 days/days; walltime: 99.4
37054.0/37230.0 days/days; walltime: 411.9
37055.0/37230.0 days/days; walltime: 493.8
37056.0/37230.0 days/days; walltime: 360.9
37057.0/37230.0 days/days; walltime: 69.7
37058.0/37230.0 days/days; walltime: 57.5
37059.0/37230.0 days/days; walltime: 38.9
37060.0/37230.0 days/days; walltime: 11.7
37061.0/37230.0 days/days; walltime: 15.8
37062.0/37230.0 days/days; walltime: 19.6
37063.0/37230.0 days/days; walltime: 66.2
37064.0/37230.0 days/days; walltime: 13.2
37065.0/37230.0 days/days; walltime: 213.1
37066.0/37230.0 days/days; walltime: 165.5
37067.0/37230.0 days/days; walltime: 127.5
37068.0/37230.0 days/days; walltime: 64.1
37069.0/37230.0 days/days; walltime: 93.5
37070.0/37230.0 days/days; walltime: 502.9
37071.0/37230.0 days/days; walltime: 133.8
37072.0/37230.0 days/days; walltime: 134.3
37073.0/37230.0 days/days; walltime: 160.4
37074.0/37230.0 days/days; walltime: 26.0
37075.0/37230.0 days/days; walltime: 70.8
37076.0/37230.0 days/days; walltime: 136.5
37077.0/37230.0 days/days; walltime: 81.4
37078.0/37230.0 days/days; walltime: 206.6
37079.0/37230.0 days/days; walltime: 10.2
37080.0/37230.0 days/days; walltime: 8.3
37081.0/37230.0 days/days; walltime: 11.7
37082.0/37230.0 days/days; walltime: 11.3
37083.0/37230.0 days/days; walltime: 14.3
37084.0/37230.0 days/days; walltime: 9.2
37085.0/37230.0 days/days; walltime: 72.7
37086.0/37230.0 days/days; walltime: 283.4
37087.0/37230.0 days/days; walltime: 179.2
37088.0/37230.0 days/days; walltime: 451.1
37089.0/37230.0 days/days; walltime: 494.8
37090.0/37230.0 days/days; walltime: 369.4
37091.0/37230.0 days/days; walltime: 381.5
37092.0/37230.0 days/days; walltime: 46.3
37093.0/37230.0 days/days; walltime: 541.8
37094.0/37230.0 days/days; walltime: 159.2
37095.0/37230.0 days/days; walltime: 446.2
37096.0/37230.0 days/days; walltime: 109.2
37097.0/37230.0 days/days; walltime: 76.1
37098.0/37230.0 days/days; walltime: 365.2
37099.0/37230.0 days/days; walltime: 38.7
37100.0/37230.0 days/days; walltime: 8.3
37101.0/37230.0 days/days; walltime: 61.5
37102.0/37230.0 days/days; walltime: 17.4
37103.0/37230.0 days/days; walltime: 5.2
37104.0/37230.0 days/days; walltime: 33.5
37105.0/37230.0 days/days; walltime: 36.8
37106.0/37230.0 days/days; walltime: 258.4
37107.0/37230.0 days/days; walltime: 768.4
37108.0/37230.0 days/days; walltime: 566.0
37109.0/37230.0 days/days; walltime: 471.3
37110.0/37230.0 days/days; walltime: 11.2
37111.0/37230.0 days/days; walltime: 28.4
37112.0/37230.0 days/days; walltime: 119.5
37113.0/37230.0 days/days; walltime: 251.5
37114.0/37230.0 days/days; walltime: 240.2
37115.0/37230.0 days/days; walltime: 9.1
37116.0/37230.0 days/days; walltime: 7.0
37117.0/37230.0 days/days; walltime: 36.6
37118.0/37230.0 days/days; walltime: 6.6
37119.0/37230.0 days/days; walltime: 2.0
37120.0/37230.0 days/days; walltime: 1.7
37121.0/37230.0 days/days; walltime: 3.4
37122.0/37230.0 days/days; walltime: 1.0
37123.0/37230.0 days/days; walltime: 1.3
37124.0/37230.0 days/days; walltime: 1.1
37125.0/37230.0 days/days; walltime: 14.5
37126.0/37230.0 days/days; walltime: 101.5
37127.0/37230.0 days/days; walltime: 84.6
37128.0/37230.0 days/days; walltime: 4.5
37129.0/37230.0 days/days; walltime: 89.9
37130.0/37230.0 days/days; walltime: 87.3
37131.0/37230.0 days/days; walltime: 1.1
37132.0/37230.0 days/days; walltime: 0.5
37133.0/37230.0 days/days; walltime: 0.6
37134.0/37230.0 days/days; walltime: 0.5
37135.0/37230.0 days/days; walltime: 0.5
37136.0/37230.0 days/days; walltime: 0.5
37137.0/37230.0 days/days; walltime: 0.4
37138.0/37230.0 days/days; walltime: 0.3
37139.0/37230.0 days/days; walltime: 2.1
37140.0/37230.0 days/days; walltime: 0.4
37141.0/37230.0 days/days; walltime: 0.3
37142.0/37230.0 days/days; walltime: 0.3
37143.0/37230.0 days/days; walltime: 0.4
37144.0/37230.0 days/days; walltime: 0.2
37145.0/37230.0 days/days; walltime: 0.3
37146.0/37230.0 days/days; walltime: 0.2
37147.0/37230.0 days/days; walltime: 111.3
37148.0/37230.0 days/days; walltime: 309.3
37149.0/37230.0 days/days; walltime: 278.0
37150.0/37230.0 days/days; walltime: 616.9
37151.0/37230.0 days/days; walltime: 20.3
37152.0/37230.0 days/days; walltime: 3.3
37153.0/37230.0 days/days; walltime: 1.6
37154.0/37230.0 days/days; walltime: 1.1
37155.0/37230.0 days/days; walltime: 0.8
37156.0/37230.0 days/days; walltime: 0.7
37157.0/37230.0 days/days; walltime: 2.5
37158.0/37230.0 days/days; walltime: 0.6
37159.0/37230.0 days/days; walltime: 0.6
37160.0/37230.0 days/days; walltime: 0.7
37161.0/37230.0 days/days; walltime: 0.5
37162.0/37230.0 days/days; walltime: 2.3
37163.0/37230.0 days/days; walltime: 0.5
37164.0/37230.0 days/days; walltime: 0.5
37165.0/37230.0 days/days; walltime: 0.3
37166.0/37230.0 days/days; walltime: 0.4
37167.0/37230.0 days/days; walltime: 0.4
37168.0/37230.0 days/days; walltime: 0.4
37169.0/37230.0 days/days; walltime: 0.3
37170.0/37230.0 days/days; walltime: 0.3
37171.0/37230.0 days/days; walltime: 0.4
37172.0/37230.0 days/days; walltime: 2.0
37173.0/37230.0 days/days; walltime: 0.3
37174.0/37230.0 days/days; walltime: 0.2
37175.0/37230.0 days/days; walltime: 0.3
37176.0/37230.0 days/days; walltime: 0.2
37177.0/37230.0 days/days; walltime: 0.1
37178.0/37230.0 days/days; walltime: 0.3
37179.0/37230.0 days/days; walltime: 0.2
37180.0/37230.0 days/days; walltime: 0.2
37181.0/37230.0 days/days; walltime: 0.2
37182.0/37230.0 days/days; walltime: 0.1
37183.0/37230.0 days/days; walltime: 0.2
37184.0/37230.0 days/days; walltime: 0.2
37185.0/37230.0 days/days; walltime: 0.1
37186.0/37230.0 days/days; walltime: 0.2
37187.0/37230.0 days/days; walltime: 0.1
37188.0/37230.0 days/days; walltime: 0.2
37189.0/37230.0 days/days; walltime: 0.2
37190.0/37230.0 days/days; walltime: 0.1
37191.0/37230.0 days/days; walltime: 0.1
37192.0/37230.0 days/days; walltime: 0.1
37193.0/37230.0 days/days; walltime: 0.2
37194.0/37230.0 days/days; walltime: 0.1
37195.0/37230.0 days/days; walltime: 0.1
37197.0/37230.0 days/days; walltime: 0.1
37198.0/37230.0 days/days; walltime: 0.2
37199.0/37230.0 days/days; walltime: 0.1
-37200.0/37230.0 days/days; walltime: 0.1
37201.0/37230.0 days/days; walltime: 0.1
37203.0/37230.0 days/days; walltime: 0.2
37204.0/37230.0 days/days; walltime: 0.1
37205.0/37230.0 days/days; walltime: 0.1
37207.0/37230.0 days/days; walltime: 0.1
37208.0/37230.0 days/days; walltime: 0.2
37210.0/37230.0 days/days; walltime: 0.1
37211.0/37230.0 days/days; walltime: 0.1
37213.0/37230.0 days/days; walltime: 0.1
37215.0/37230.0 days/days; walltime: 0.2
-37216.0/37230.0 days/days; walltime: 0.1
37218.0/37230.0 days/days; walltime: 0.1
37219.0/37230.0 days/days; walltime: 0.1
37221.0/37230.0 days/days; walltime: 0.2
37223.0/37230.0 days/days; walltime: 0.1
37225.0/37230.0 days/days; walltime: 0.1
37226.0/37230.0 days/days; walltime: 0.1
37228.0/37230.0 days/days; walltime: 0.2
37230.0/37230.0 days/days; walltime: 0.2
Wallclock for model run: 40941.2s
 

fields = 

  struct with fields:

    nodes: [1x1 struct]
    edges: [1x1 struct]
       BC: [1x1 struct]

No cases left; exiting.
