Case 3:
Picked up JAVA_TOOL_OPTIONS: -Xmx2g
Opening log file:  /tmp/java.log.6025

                            < M A T L A B (R) >
                  Copyright 1984-2022 The MathWorks, Inc.
                  R2022a (9.12.0.1884302) 64-bit (glnxa64)
                             February 16, 2022

 
To get started, type doc.
For product information, visit www.mathworks.com.
 

config = 

  struct with fields:

                 k_s: 0.1000
                 l_c: 10
            n_moulin: 68
    creep_const_soft: 0
             mesh_nr: 4
                 k_c: 0.2000
               h_bed: 0.5000
               l_bed: 10
               alpha: 3
                beta: 2
               omega: 0
                 e_v: 1.0000e-04

Running model run (ode15s):
Run to steady
Saving model run to
./RUN/output_003_steady.nc
Fields, IC & BC initialised
Initial phi calculated in 3.7s
0.0/36500.0 days/days; walltime: 20.9
--------------------------------------------------------------------------------------------------------------------------------------------------------------------------------------------1825.0/36500.0 days/days; walltime: 200.3
--------------------------------------------------------------------------3650.0/36500.0 days/days; walltime: 5.3
-------------------5475.0/36500.0 days/days; walltime: 1.7
------------7300.0/36500.0 days/days; walltime: 1.0
-------------------------------------------------------------------------------------------------------------------------------------------------------9125.0/36500.0 days/days; walltime: 11.6
-------------------------------------------------------------------------------------------------------------------------------------------------------------------------------------------------------------------------------------------------------------------------------------------------------------------------------------------------------------------------------------------------------------------------------------------------10950.0/36500.0 days/days; walltime: 699.9
12775.0/36500.0 days/days; walltime: 434.4
14600.0/36500.0 days/days; walltime: 307.6
16425.0/36500.0 days/days; walltime: 278.4
18250.0/36500.0 days/days; walltime: 267.2
20075.0/36500.0 days/days; walltime: 60.0
21900.0/36500.0 days/days; walltime: 11.4
23725.0/36500.0 days/days; walltime: 5.4
25550.0/36500.0 days/days; walltime: 3.0
27375.0/36500.0 days/days; walltime: 2.8
29200.0/36500.0 days/days; walltime: 2.6
31025.0/36500.0 days/days; walltime: 2.1
32850.0/36500.0 days/days; walltime: 2.1
34675.0/36500.0 days/days; walltime: 1.2
36500.0/36500.0 days/days; walltime: 2.6
Wallclock for model run: 2326.5s
 

fields = 

  struct with fields:

    nodes: [1x1 struct]
    edges: [1x1 struct]
       BC: [1x1 struct]

Running model run (ode15s):
Run seasonal
Saving model run to
./RUN/output_003_seasonal.nc
IC initialised from struct
IC initialised from file/given & rest from parameters and given functions
-36500.0/37230.0 days/days; walltime: 19.1
36501.0/37230.0 days/days; walltime: 81.5
36502.0/37230.0 days/days; walltime: 14.3
36503.0/37230.0 days/days; walltime: 6.4
36504.0/37230.0 days/days; walltime: 19.7
36505.0/37230.0 days/days; walltime: 9.3
36506.0/37230.0 days/days; walltime: 11.5
36507.0/37230.0 days/days; walltime: 7.2
36508.0/37230.0 days/days; walltime: 6.9
36509.0/37230.0 days/days; walltime: 12.8
36510.0/37230.0 days/days; walltime: 15.8
36511.0/37230.0 days/days; walltime: 8.9
36512.0/37230.0 days/days; walltime: 2.1
36513.0/37230.0 days/days; walltime: 1.7
36514.0/37230.0 days/days; walltime: 2.0
36515.0/37230.0 days/days; walltime: 4.0
36516.0/37230.0 days/days; walltime: 2.0
36517.0/37230.0 days/days; walltime: 1.9
36518.0/37230.0 days/days; walltime: 1.9
36519.0/37230.0 days/days; walltime: 1.6
36520.0/37230.0 days/days; walltime: 1.7
36521.0/37230.0 days/days; walltime: 1.4
36522.0/37230.0 days/days; walltime: 1.4
36523.0/37230.0 days/days; walltime: 1.5
36524.0/37230.0 days/days; walltime: 7.1
36525.0/37230.0 days/days; walltime: 1.1
36526.0/37230.0 days/days; walltime: 1.0
36527.0/37230.0 days/days; walltime: 1.0
36528.0/37230.0 days/days; walltime: 1.0
36529.0/37230.0 days/days; walltime: 0.8
36530.0/37230.0 days/days; walltime: 0.9
36531.0/37230.0 days/days; walltime: 1.0
36532.0/37230.0 days/days; walltime: 0.8
36533.0/37230.0 days/days; walltime: 0.8
36534.0/37230.0 days/days; walltime: 1.1
36535.0/37230.0 days/days; walltime: 2.8
36536.0/37230.0 days/days; walltime: 0.7
36537.0/37230.0 days/days; walltime: 0.6
36538.0/37230.0 days/days; walltime: 0.7
36539.0/37230.0 days/days; walltime: 0.5
36540.0/37230.0 days/days; walltime: 0.7
36541.0/37230.0 days/days; walltime: 0.5
36542.0/37230.0 days/days; walltime: 0.4
36543.0/37230.0 days/days; walltime: 0.6
36544.0/37230.0 days/days; walltime: 0.7
36545.0/37230.0 days/days; walltime: 0.6
36546.0/37230.0 days/days; walltime: 2.5
36547.0/37230.0 days/days; walltime: 0.3
36548.0/37230.0 days/days; walltime: 0.2
36549.0/37230.0 days/days; walltime: 0.3
36550.0/37230.0 days/days; walltime: 0.2
36551.0/37230.0 days/days; walltime: 0.5
36552.0/37230.0 days/days; walltime: 0.4
36553.0/37230.0 days/days; walltime: 0.7
36554.0/37230.0 days/days; walltime: 0.4
36555.0/37230.0 days/days; walltime: 0.4
36556.0/37230.0 days/days; walltime: 0.5
36557.0/37230.0 days/days; walltime: 0.5
36558.0/37230.0 days/days; walltime: 0.5
36559.0/37230.0 days/days; walltime: 2.3
36560.0/37230.0 days/days; walltime: 0.4
36561.0/37230.0 days/days; walltime: 0.4
36562.0/37230.0 days/days; walltime: 0.2
36563.0/37230.0 days/days; walltime: 0.4
36564.0/37230.0 days/days; walltime: 0.4
36565.0/37230.0 days/days; walltime: 0.4
36566.0/37230.0 days/days; walltime: 0.4
36567.0/37230.0 days/days; walltime: 0.4
36568.0/37230.0 days/days; walltime: 0.2
36569.0/37230.0 days/days; walltime: 0.4
36570.0/37230.0 days/days; walltime: 0.4
36571.0/37230.0 days/days; walltime: 0.4
36572.0/37230.0 days/days; walltime: 0.2
36573.0/37230.0 days/days; walltime: 0.4
36574.0/37230.0 days/days; walltime: 0.4
36575.0/37230.0 days/days; walltime: 0.1
36576.0/37230.0 days/days; walltime: 0.4
36577.0/37230.0 days/days; walltime: 0.3
36578.0/37230.0 days/days; walltime: 0.2
36579.0/37230.0 days/days; walltime: 0.3
36580.0/37230.0 days/days; walltime: 0.2
36581.0/37230.0 days/days; walltime: 0.3
36582.0/37230.0 days/days; walltime: 0.4
36583.0/37230.0 days/days; walltime: 0.1
36584.0/37230.0 days/days; walltime: 0.2
36585.0/37230.0 days/days; walltime: 0.1
36586.0/37230.0 days/days; walltime: 0.1
36587.0/37230.0 days/days; walltime: 0.2
36588.0/37230.0 days/days; walltime: 0.1
36589.0/37230.0 days/days; walltime: 0.2
36590.0/37230.0 days/days; walltime: 0.1
36591.0/37230.0 days/days; walltime: 0.2
36592.0/37230.0 days/days; walltime: 0.1
36593.0/37230.0 days/days; walltime: 0.1
36594.0/37230.0 days/days; walltime: 0.2
36595.0/37230.0 days/days; walltime: 0.3
36596.0/37230.0 days/days; walltime: 0.2
36597.0/37230.0 days/days; walltime: 0.3
36598.0/37230.0 days/days; walltime: 0.2
36599.0/37230.0 days/days; walltime: 0.3
36600.0/37230.0 days/days; walltime: 0.1
36601.0/37230.0 days/days; walltime: 0.4
36602.0/37230.0 days/days; walltime: 0.3
36603.0/37230.0 days/days; walltime: 0.1
36604.0/37230.0 days/days; walltime: 0.4
36605.0/37230.0 days/days; walltime: 0.1
36606.0/37230.0 days/days; walltime: 0.3
36607.0/37230.0 days/days; walltime: 0.1
36608.0/37230.0 days/days; walltime: 0.3
36609.0/37230.0 days/days; walltime: 0.4
36610.0/37230.0 days/days; walltime: 0.1
36611.0/37230.0 days/days; walltime: 0.3
36612.0/37230.0 days/days; walltime: 0.1
36613.0/37230.0 days/days; walltime: 0.3
36614.0/37230.0 days/days; walltime: 0.1
36615.0/37230.0 days/days; walltime: 0.3
36616.0/37230.0 days/days; walltime: 0.2
36617.0/37230.0 days/days; walltime: 0.4
36618.0/37230.0 days/days; walltime: 0.2
36619.0/37230.0 days/days; walltime: 0.4
36620.0/37230.0 days/days; walltime: 0.1
36621.0/37230.0 days/days; walltime: 0.2
36622.0/37230.0 days/days; walltime: 0.4
--36623.0/37230.0 days/days; walltime: 58.7
36624.0/37230.0 days/days; walltime: 52.0
36625.0/37230.0 days/days; walltime: 1.2
36626.0/37230.0 days/days; walltime: 0.5
36627.0/37230.0 days/days; walltime: 0.2
36628.0/37230.0 days/days; walltime: 0.4
36629.0/37230.0 days/days; walltime: 0.1
36630.0/37230.0 days/days; walltime: 0.3
36631.0/37230.0 days/days; walltime: 0.1
36632.0/37230.0 days/days; walltime: 0.3
36633.0/37230.0 days/days; walltime: 0.1
36634.0/37230.0 days/days; walltime: 0.3
36635.0/37230.0 days/days; walltime: 0.1
36636.0/37230.0 days/days; walltime: 0.3
36637.0/37230.0 days/days; walltime: 0.1
--36638.0/37230.0 days/days; walltime: 14.6
36639.0/37230.0 days/days; walltime: 88.4
36640.0/37230.0 days/days; walltime: 75.5
36641.0/37230.0 days/days; walltime: 57.6
36642.0/37230.0 days/days; walltime: 1.2
36643.0/37230.0 days/days; walltime: 0.9
36644.0/37230.0 days/days; walltime: 1.1
36645.0/37230.0 days/days; walltime: 0.9
36646.0/37230.0 days/days; walltime: 0.8
36647.0/37230.0 days/days; walltime: 0.9
36648.0/37230.0 days/days; walltime: 1.0
36649.0/37230.0 days/days; walltime: 0.9
36650.0/37230.0 days/days; walltime: 2.8
36651.0/37230.0 days/days; walltime: 0.5
36652.0/37230.0 days/days; walltime: 1.1
36653.0/37230.0 days/days; walltime: 71.6
36654.0/37230.0 days/days; walltime: 125.4
36655.0/37230.0 days/days; walltime: 446.8
36656.0/37230.0 days/days; walltime: 372.4
36657.0/37230.0 days/days; walltime: 481.8
36658.0/37230.0 days/days; walltime: 473.6
36659.0/37230.0 days/days; walltime: 88.4
36660.0/37230.0 days/days; walltime: 633.1
36661.0/37230.0 days/days; walltime: 247.7
36662.0/37230.0 days/days; walltime: 361.3
36663.0/37230.0 days/days; walltime: 197.0
36664.0/37230.0 days/days; walltime: 44.0
36665.0/37230.0 days/days; walltime: 75.3
36666.0/37230.0 days/days; walltime: 147.2
36667.0/37230.0 days/days; walltime: 164.7
36668.0/37230.0 days/days; walltime: 1053.9
36669.0/37230.0 days/days; walltime: 671.6
36670.0/37230.0 days/days; walltime: 130.6
36671.0/37230.0 days/days; walltime: 114.7
36672.0/37230.0 days/days; walltime: 141.8
36673.0/37230.0 days/days; walltime: 425.5
36674.0/37230.0 days/days; walltime: 427.2
36675.0/37230.0 days/days; walltime: 107.5
36676.0/37230.0 days/days; walltime: 661.7
36677.0/37230.0 days/days; walltime: 590.9
36678.0/37230.0 days/days; walltime: 189.0
36679.0/37230.0 days/days; walltime: 274.7
36680.0/37230.0 days/days; walltime: 215.3
36681.0/37230.0 days/days; walltime: 142.5
36682.0/37230.0 days/days; walltime: 107.7
36683.0/37230.0 days/days; walltime: 595.3
36684.0/37230.0 days/days; walltime: 576.3
36685.0/37230.0 days/days; walltime: 1133.6
36686.0/37230.0 days/days; walltime: 746.2
36687.0/37230.0 days/days; walltime: 611.8
36688.0/37230.0 days/days; walltime: 197.4
36689.0/37230.0 days/days; walltime: 680.9
36690.0/37230.0 days/days; walltime: 836.4
36691.0/37230.0 days/days; walltime: 409.1
36692.0/37230.0 days/days; walltime: 454.8
36693.0/37230.0 days/days; walltime: 209.5
36694.0/37230.0 days/days; walltime: 64.3
36695.0/37230.0 days/days; walltime: 105.3
36696.0/37230.0 days/days; walltime: 79.1
36697.0/37230.0 days/days; walltime: 341.5
36698.0/37230.0 days/days; walltime: 479.0
36699.0/37230.0 days/days; walltime: 406.7
36700.0/37230.0 days/days; walltime: 367.7
36701.0/37230.0 days/days; walltime: 318.9
36702.0/37230.0 days/days; walltime: 36.9
36703.0/37230.0 days/days; walltime: 130.0
36704.0/37230.0 days/days; walltime: 266.5
36705.0/37230.0 days/days; walltime: 279.2
36706.0/37230.0 days/days; walltime: 349.6
36707.0/37230.0 days/days; walltime: 283.6
36708.0/37230.0 days/days; walltime: 378.7
36709.0/37230.0 days/days; walltime: 199.0
36710.0/37230.0 days/days; walltime: 116.3
36711.0/37230.0 days/days; walltime: 366.0
36712.0/37230.0 days/days; walltime: 142.3
36713.0/37230.0 days/days; walltime: 486.8
36714.0/37230.0 days/days; walltime: 160.8
36715.0/37230.0 days/days; walltime: 134.2
36716.0/37230.0 days/days; walltime: 85.0
36717.0/37230.0 days/days; walltime: 96.5
36718.0/37230.0 days/days; walltime: 70.4
36719.0/37230.0 days/days; walltime: 44.0
36720.0/37230.0 days/days; walltime: 582.9
36721.0/37230.0 days/days; walltime: 861.5
36722.0/37230.0 days/days; walltime: 442.7
36723.0/37230.0 days/days; walltime: 435.6
36724.0/37230.0 days/days; walltime: 431.6
36725.0/37230.0 days/days; walltime: 515.7
36726.0/37230.0 days/days; walltime: 199.1
36727.0/37230.0 days/days; walltime: 138.8
36728.0/37230.0 days/days; walltime: 1048.4
36729.0/37230.0 days/days; walltime: 479.1
36730.0/37230.0 days/days; walltime: 1062.2
36731.0/37230.0 days/days; walltime: 641.2
36732.0/37230.0 days/days; walltime: 171.8
36733.0/37230.0 days/days; walltime: 646.6
36734.0/37230.0 days/days; walltime: 313.3
36735.0/37230.0 days/days; walltime: 138.0
36736.0/37230.0 days/days; walltime: 358.2
36737.0/37230.0 days/days; walltime: 124.6
36738.0/37230.0 days/days; walltime: 54.2
36739.0/37230.0 days/days; walltime: 186.3
36740.0/37230.0 days/days; walltime: 170.9
36741.0/37230.0 days/days; walltime: 933.6
36742.0/37230.0 days/days; walltime: 2042.6
36743.0/37230.0 days/days; walltime: 2677.6
36744.0/37230.0 days/days; walltime: 565.3
36745.0/37230.0 days/days; walltime: 314.0
36746.0/37230.0 days/days; walltime: 303.8
36747.0/37230.0 days/days; walltime: 808.1
36748.0/37230.0 days/days; walltime: 1272.0
36749.0/37230.0 days/days; walltime: 1991.3
36750.0/37230.0 days/days; walltime: 389.2
36751.0/37230.0 days/days; walltime: 204.8
36752.0/37230.0 days/days; walltime: 583.2
36753.0/37230.0 days/days; walltime: 129.2
36754.0/37230.0 days/days; walltime: 119.6
36755.0/37230.0 days/days; walltime: 77.5
36756.0/37230.0 days/days; walltime: 43.7
36757.0/37230.0 days/days; walltime: 16.1
36758.0/37230.0 days/days; walltime: 8.2
36759.0/37230.0 days/days; walltime: 21.7
36760.0/37230.0 days/days; walltime: 52.6
36761.0/37230.0 days/days; walltime: 303.1
36762.0/37230.0 days/days; walltime: 316.7
36763.0/37230.0 days/days; walltime: 16.4
36764.0/37230.0 days/days; walltime: 309.7
36765.0/37230.0 days/days; walltime: 271.7
36766.0/37230.0 days/days; walltime: 3.1
36767.0/37230.0 days/days; walltime: 9.3
36768.0/37230.0 days/days; walltime: 2.5
36769.0/37230.0 days/days; walltime: 1.8
36770.0/37230.0 days/days; walltime: 2.0
36771.0/37230.0 days/days; walltime: 4.0
36772.0/37230.0 days/days; walltime: 1.2
36773.0/37230.0 days/days; walltime: 0.9
36774.0/37230.0 days/days; walltime: 1.1
36775.0/37230.0 days/days; walltime: 0.9
36776.0/37230.0 days/days; walltime: 0.9
36777.0/37230.0 days/days; walltime: 1.1
36778.0/37230.0 days/days; walltime: 1.2
36779.0/37230.0 days/days; walltime: 7.2
36780.0/37230.0 days/days; walltime: 0.8
36781.0/37230.0 days/days; walltime: 0.8
36782.0/37230.0 days/days; walltime: 88.7
36783.0/37230.0 days/days; walltime: 207.8
36784.0/37230.0 days/days; walltime: 572.9
36785.0/37230.0 days/days; walltime: 466.8
36786.0/37230.0 days/days; walltime: 66.7
36787.0/37230.0 days/days; walltime: 22.5
36788.0/37230.0 days/days; walltime: 33.8
36789.0/37230.0 days/days; walltime: 22.4
36790.0/37230.0 days/days; walltime: 9.9
36791.0/37230.0 days/days; walltime: 25.8
36792.0/37230.0 days/days; walltime: 18.9
36793.0/37230.0 days/days; walltime: 19.3
36794.0/37230.0 days/days; walltime: 32.6
36795.0/37230.0 days/days; walltime: 7.9
36796.0/37230.0 days/days; walltime: 15.8
36797.0/37230.0 days/days; walltime: 7.1
36798.0/37230.0 days/days; walltime: 10.1
36799.0/37230.0 days/days; walltime: 1.3
36800.0/37230.0 days/days; walltime: 4.9
36801.0/37230.0 days/days; walltime: 1.3
36802.0/37230.0 days/days; walltime: 3.9
36803.0/37230.0 days/days; walltime: 0.8
36804.0/37230.0 days/days; walltime: 0.8
36805.0/37230.0 days/days; walltime: 0.8
36806.0/37230.0 days/days; walltime: 0.8
36807.0/37230.0 days/days; walltime: 0.6
36808.0/37230.0 days/days; walltime: 0.7
36809.0/37230.0 days/days; walltime: 0.5
36810.0/37230.0 days/days; walltime: 0.6
36811.0/37230.0 days/days; walltime: 0.5
36812.0/37230.0 days/days; walltime: 0.5
36813.0/37230.0 days/days; walltime: 1.1
36814.0/37230.0 days/days; walltime: 0.4
36815.0/37230.0 days/days; walltime: 0.5
36816.0/37230.0 days/days; walltime: 0.5
36817.0/37230.0 days/days; walltime: 0.4
36818.0/37230.0 days/days; walltime: 0.4
36819.0/37230.0 days/days; walltime: 0.4
36820.0/37230.0 days/days; walltime: 0.4
36821.0/37230.0 days/days; walltime: 0.4
36822.0/37230.0 days/days; walltime: 0.4
36823.0/37230.0 days/days; walltime: 0.4
36824.0/37230.0 days/days; walltime: 0.4
36825.0/37230.0 days/days; walltime: 0.3
36826.0/37230.0 days/days; walltime: 0.2
36827.0/37230.0 days/days; walltime: 0.6
36828.0/37230.0 days/days; walltime: 0.5
36829.0/37230.0 days/days; walltime: 0.5
36830.0/37230.0 days/days; walltime: 0.5
36831.0/37230.0 days/days; walltime: 0.2
36832.0/37230.0 days/days; walltime: 0.5
36833.0/37230.0 days/days; walltime: 0.5
36834.0/37230.0 days/days; walltime: 0.2
36835.0/37230.0 days/days; walltime: 0.5
36836.0/37230.0 days/days; walltime: 0.2
36837.0/37230.0 days/days; walltime: 0.5
36838.0/37230.0 days/days; walltime: 2.9
36839.0/37230.0 days/days; walltime: 0.1
36840.0/37230.0 days/days; walltime: 0.1
36841.0/37230.0 days/days; walltime: 0.4
36842.0/37230.0 days/days; walltime: 0.3
36843.0/37230.0 days/days; walltime: 0.1
36844.0/37230.0 days/days; walltime: 0.3
36845.0/37230.0 days/days; walltime: 0.1
36846.0/37230.0 days/days; walltime: 0.3
36847.0/37230.0 days/days; walltime: 0.1
36848.0/37230.0 days/days; walltime: 0.3
36849.0/37230.0 days/days; walltime: 0.2
36850.0/37230.0 days/days; walltime: 0.3
36851.0/37230.0 days/days; walltime: 0.2
36852.0/37230.0 days/days; walltime: 0.4
36853.0/37230.0 days/days; walltime: 0.1
36854.0/37230.0 days/days; walltime: 0.3
36855.0/37230.0 days/days; walltime: 0.2
36856.0/37230.0 days/days; walltime: 0.4
36857.0/37230.0 days/days; walltime: 0.2
36858.0/37230.0 days/days; walltime: 0.3
36859.0/37230.0 days/days; walltime: 0.2
36860.0/37230.0 days/days; walltime: 0.1
36861.0/37230.0 days/days; walltime: 0.7
36862.0/37230.0 days/days; walltime: 0.3
36863.0/37230.0 days/days; walltime: 0.2
36864.0/37230.0 days/days; walltime: 0.6
36865.0/37230.0 days/days; walltime: 0.2
36866.0/37230.0 days/days; walltime: 0.7
36867.0/37230.0 days/days; walltime: 23.9
36868.0/37230.0 days/days; walltime: 4.3
36869.0/37230.0 days/days; walltime: 0.2
36870.0/37230.0 days/days; walltime: 0.3
36871.0/37230.0 days/days; walltime: 0.2
36872.0/37230.0 days/days; walltime: 0.2
36873.0/37230.0 days/days; walltime: 0.2
36874.0/37230.0 days/days; walltime: 0.3
36875.0/37230.0 days/days; walltime: 0.1
36876.0/37230.0 days/days; walltime: 0.2
36877.0/37230.0 days/days; walltime: 0.2
36878.0/37230.0 days/days; walltime: 0.2
36879.0/37230.0 days/days; walltime: 0.1
36880.0/37230.0 days/days; walltime: 0.4
36881.0/37230.0 days/days; walltime: 0.2
36882.0/37230.0 days/days; walltime: 0.2
36883.0/37230.0 days/days; walltime: 0.2
36884.0/37230.0 days/days; walltime: 0.1
36885.0/37230.0 days/days; walltime: 0.2
36886.0/37230.0 days/days; walltime: 0.2
36887.0/37230.0 days/days; walltime: 0.1
36888.0/37230.0 days/days; walltime: 0.4
36889.0/37230.0 days/days; walltime: 0.1
36890.0/37230.0 days/days; walltime: 0.3
36891.0/37230.0 days/days; walltime: 0.1
36892.0/37230.0 days/days; walltime: 0.1
36893.0/37230.0 days/days; walltime: 0.4
36894.0/37230.0 days/days; walltime: 0.1
36895.0/37230.0 days/days; walltime: 0.2
36896.0/37230.0 days/days; walltime: 0.2
36897.0/37230.0 days/days; walltime: 0.1
36898.0/37230.0 days/days; walltime: 0.1
36899.0/37230.0 days/days; walltime: 0.4
36900.0/37230.0 days/days; walltime: 0.1
36901.0/37230.0 days/days; walltime: 0.1
36902.0/37230.0 days/days; walltime: 0.3
36903.0/37230.0 days/days; walltime: 0.1
36904.0/37230.0 days/days; walltime: 0.1
36905.0/37230.0 days/days; walltime: 0.1
36906.0/37230.0 days/days; walltime: 0.3
36907.0/37230.0 days/days; walltime: 0.1
36908.0/37230.0 days/days; walltime: 0.1
36909.0/37230.0 days/days; walltime: 0.2
36910.0/37230.0 days/days; walltime: 0.1
36911.0/37230.0 days/days; walltime: 0.2
36912.0/37230.0 days/days; walltime: 0.2
36913.0/37230.0 days/days; walltime: 0.1
36914.0/37230.0 days/days; walltime: 0.1
36915.0/37230.0 days/days; walltime: 0.1
36916.0/37230.0 days/days; walltime: 0.2
36917.0/37230.0 days/days; walltime: 0.2
36918.0/37230.0 days/days; walltime: 0.1
36919.0/37230.0 days/days; walltime: 0.2
36920.0/37230.0 days/days; walltime: 0.1
36921.0/37230.0 days/days; walltime: 0.1
36922.0/37230.0 days/days; walltime: 0.1
36923.0/37230.0 days/days; walltime: 0.2
36924.0/37230.0 days/days; walltime: 0.1
36925.0/37230.0 days/days; walltime: 0.1
36926.0/37230.0 days/days; walltime: 0.1
36927.0/37230.0 days/days; walltime: 0.2
36928.0/37230.0 days/days; walltime: 0.1
36929.0/37230.0 days/days; walltime: 0.1
36930.0/37230.0 days/days; walltime: 0.1
36931.0/37230.0 days/days; walltime: 0.2
36932.0/37230.0 days/days; walltime: 0.1
36933.0/37230.0 days/days; walltime: 0.1
36934.0/37230.0 days/days; walltime: 0.1
36935.0/37230.0 days/days; walltime: 0.2
36936.0/37230.0 days/days; walltime: 0.1
36937.0/37230.0 days/days; walltime: 0.1
36938.0/37230.0 days/days; walltime: 0.1
36939.0/37230.0 days/days; walltime: 0.2
36940.0/37230.0 days/days; walltime: 0.1
36941.0/37230.0 days/days; walltime: 0.1
36942.0/37230.0 days/days; walltime: 0.1
36943.0/37230.0 days/days; walltime: 0.2
36944.0/37230.0 days/days; walltime: 0.1
36945.0/37230.0 days/days; walltime: 0.1
36947.0/37230.0 days/days; walltime: 0.1
36948.0/37230.0 days/days; walltime: 0.2
36949.0/37230.0 days/days; walltime: 0.1
36950.0/37230.0 days/days; walltime: 0.1
36951.0/37230.0 days/days; walltime: 0.1
36952.0/37230.0 days/days; walltime: 0.2
36954.0/37230.0 days/days; walltime: 0.1
36955.0/37230.0 days/days; walltime: 0.1
36956.0/37230.0 days/days; walltime: 0.1
36957.0/37230.0 days/days; walltime: 0.2
36958.0/37230.0 days/days; walltime: 0.1
36960.0/37230.0 days/days; walltime: 0.1
36961.0/37230.0 days/days; walltime: 0.1
36962.0/37230.0 days/days; walltime: 0.2
36964.0/37230.0 days/days; walltime: 0.1
36965.0/37230.0 days/days; walltime: 0.1
36966.0/37230.0 days/days; walltime: 0.1
36967.0/37230.0 days/days; walltime: 0.2
36969.0/37230.0 days/days; walltime: 0.1
36970.0/37230.0 days/days; walltime: 0.1
36972.0/37230.0 days/days; walltime: 0.1
36973.0/37230.0 days/days; walltime: 0.2
36974.0/37230.0 days/days; walltime: 0.1
36976.0/37230.0 days/days; walltime: 0.1
36977.0/37230.0 days/days; walltime: 0.1
36979.0/37230.0 days/days; walltime: 0.2
36980.0/37230.0 days/days; walltime: 0.1
36982.0/37230.0 days/days; walltime: 0.1
36983.0/37230.0 days/days; walltime: 0.1
36985.0/37230.0 days/days; walltime: 0.2
--36986.0/37230.0 days/days; walltime: 2.3
36987.0/37230.0 days/days; walltime: 0.4
36988.0/37230.0 days/days; walltime: 58.8
36989.0/37230.0 days/days; walltime: 67.3
36990.0/37230.0 days/days; walltime: 1.8
36991.0/37230.0 days/days; walltime: 0.6
36992.0/37230.0 days/days; walltime: 0.3
36993.0/37230.0 days/days; walltime: 0.3
36994.0/37230.0 days/days; walltime: 0.2
36995.0/37230.0 days/days; walltime: 0.4
36996.0/37230.0 days/days; walltime: 0.5
36997.0/37230.0 days/days; walltime: 0.1
36998.0/37230.0 days/days; walltime: 0.2
36999.0/37230.0 days/days; walltime: 0.3
37000.0/37230.0 days/days; walltime: 38.9
37001.0/37230.0 days/days; walltime: 9.3
37002.0/37230.0 days/days; walltime: 0.2
--37003.0/37230.0 days/days; walltime: 55.0
37004.0/37230.0 days/days; walltime: 97.2
37005.0/37230.0 days/days; walltime: 70.7
37006.0/37230.0 days/days; walltime: 57.5
37007.0/37230.0 days/days; walltime: 1.3
37008.0/37230.0 days/days; walltime: 1.4
37009.0/37230.0 days/days; walltime: 1.0
37010.0/37230.0 days/days; walltime: 0.9
37011.0/37230.0 days/days; walltime: 1.4
37012.0/37230.0 days/days; walltime: 1.2
37013.0/37230.0 days/days; walltime: 5.1
37014.0/37230.0 days/days; walltime: 1.0
37015.0/37230.0 days/days; walltime: 1.1
37016.0/37230.0 days/days; walltime: 0.9
37017.0/37230.0 days/days; walltime: 0.7
37018.0/37230.0 days/days; walltime: 70.6
37019.0/37230.0 days/days; walltime: 135.4
37020.0/37230.0 days/days; walltime: 497.8
37021.0/37230.0 days/days; walltime: 384.4
37022.0/37230.0 days/days; walltime: 572.3
37023.0/37230.0 days/days; walltime: 566.3
37024.0/37230.0 days/days; walltime: 103.0
37025.0/37230.0 days/days; walltime: 661.0
37026.0/37230.0 days/days; walltime: 292.7
37027.0/37230.0 days/days; walltime: 357.0
37028.0/37230.0 days/days; walltime: 239.8
37029.0/37230.0 days/days; walltime: 81.5
37030.0/37230.0 days/days; walltime: 62.1
37031.0/37230.0 days/days; walltime: 137.1
37032.0/37230.0 days/days; walltime: 175.6
37033.0/37230.0 days/days; walltime: 1160.7
37034.0/37230.0 days/days; walltime: 621.8
37035.0/37230.0 days/days; walltime: 128.2
37036.0/37230.0 days/days; walltime: 123.5
37037.0/37230.0 days/days; walltime: 153.3
37038.0/37230.0 days/days; walltime: 424.7
37039.0/37230.0 days/days; walltime: 424.9
37040.0/37230.0 days/days; walltime: 125.6
37041.0/37230.0 days/days; walltime: 640.7
37042.0/37230.0 days/days; walltime: 670.5
37043.0/37230.0 days/days; walltime: 157.5
37044.0/37230.0 days/days; walltime: 291.2
37045.0/37230.0 days/days; walltime: 261.5
37046.0/37230.0 days/days; walltime: 166.1
37047.0/37230.0 days/days; walltime: 104.1
37048.0/37230.0 days/days; walltime: 606.5
37049.0/37230.0 days/days; walltime: 675.7
37050.0/37230.0 days/days; walltime: 1371.6
37051.0/37230.0 days/days; walltime: 719.1
37052.0/37230.0 days/days; walltime: 689.7
37053.0/37230.0 days/days; walltime: 192.0
37054.0/37230.0 days/days; walltime: 662.1
37055.0/37230.0 days/days; walltime: 851.9
37056.0/37230.0 days/days; walltime: 384.5
37057.0/37230.0 days/days; walltime: 412.8
37058.0/37230.0 days/days; walltime: 185.4
37059.0/37230.0 days/days; walltime: 79.3
37060.0/37230.0 days/days; walltime: 92.5
37061.0/37230.0 days/days; walltime: 83.8
37062.0/37230.0 days/days; walltime: 366.8
37063.0/37230.0 days/days; walltime: 512.5
37064.0/37230.0 days/days; walltime: 431.6
37065.0/37230.0 days/days; walltime: 359.6
37066.0/37230.0 days/days; walltime: 285.1
37067.0/37230.0 days/days; walltime: 42.5
