Case 2:
Picked up JAVA_TOOL_OPTIONS: -Xmx2g
Opening log file:  /tmp/java.log.55219

                            < M A T L A B (R) >
                  Copyright 1984-2022 The MathWorks, Inc.
                  R2022a (9.12.0.1884302) 64-bit (glnxa64)
                             February 16, 2022

 
To get started, type doc.
For product information, visit www.mathworks.com.
 

config = 

  struct with fields:

                 k_s: 0.0189
                 l_c: 10
            n_moulin: 68
    creep_const_soft: 0
             mesh_nr: 4
                 k_c: 0.2000
               h_bed: 0.5000
               l_bed: 10
               alpha: 1.5000
                beta: 1.5000
               omega: 0
                 e_v: 1.0000e-04

Running model run (ode15s):
Run to steady
Saving model run to
./RUN/output_202_steady.nc
Fields, IC & BC initialised
Initial phi calculated in 2.9s
0.0/36500.0 days/days; walltime: 24.6
-------------------------------------------------------------------------------------------1825.0/36500.0 days/days; walltime: 209.2
-----------------------------------------------------------------------------------3650.0/36500.0 days/days; walltime: 6.8
----------------5475.0/36500.0 days/days; walltime: 1.5
-------------------------------------------------------------------------------------------------------------------------------------------------------------------------------------------------------------------------------------------------------------------------------------------------------------------------------------------7300.0/36500.0 days/days; walltime: 28.5
-----------------------------------------------------------------------------------------------------------------------------------------------------------------------------------------------------------------------9125.0/36500.0 days/days; walltime: 17.0
--------------------------------------------------------------------------------------------------------------------------------------------------------------------------------------------------------------------------------------------------------------------------------------------------------------------------------------------------------------------------------------------------------------------------------------------------------------------------------------------------------------------------------------------------------------------------------------------------------------------------------------------------------------------------------------------------------------------------------------------------------------------------------------------------------------------------------------------------------------------------------------------------------------------------------------------------------------------------------------------------------------------------------------------------------------------------------------------------------------------------------------------------------------------------------------------------------------------------------------------------------------------------------------------------------------------------------------------------------------------------------------------------------------------------------------------------------------------------------------------------------------------------------------------------------------------------------------------------------------------------------------------------------------------------------------------------------------------------------------------------------------------------------------------------------------------------------------------------------------------------------------------------------------------------------------------------------------------------------------------------------------------------------------------------------------------------------------------------------------------------------------------------------------------------------------------------------------------------------------------------------------------------------------------------------------------------------------------------------------------------------------------------------------------------------------------------------------------------------------------------------------------------------------------------------------------------------------------------------------------------------------------------------------------------------------------------------------------------------------------------------------------------------------------------------------------------------------------------------------------------------------------------------------------------------------------------------------------------------------------------------------------------------------------------------------------------------------------------------------------------------------------------------------------------------------------------------------------------------------------------------------------------------------------------------------------------------------------------------------------------------------------------------------10950.0/36500.0 days/days; walltime: 256.6
----------------------------------------------------------------------------------------------------------------------------------------------------------------------------------------------------------------------------------------------------------------------------------------------------------------------------------------------------------------------------------------------------------------------------------------------------------------------------------------------------------------------------------------------------------------------------------------------------------------------------------------------------------------------------------------------------------------------------------------------------------------------------------------------------------------------------------------------------------------------------------------------------------------------------------------------------------------------------------------------------------12775.0/36500.0 days/days; walltime: 116.5
-----------------------------------------------------------------------------------------------------14600.0/36500.0 days/days; walltime: 269.8
---------------------------------------------16425.0/36500.0 days/days; walltime: 163.6
---------------------------------------------------18250.0/36500.0 days/days; walltime: 130.8
-------20075.0/36500.0 days/days; walltime: 57.5
21900.0/36500.0 days/days; walltime: 13.2
23725.0/36500.0 days/days; walltime: 8.1
25550.0/36500.0 days/days; walltime: 6.1
27375.0/36500.0 days/days; walltime: 6.7
29200.0/36500.0 days/days; walltime: 2.0
31025.0/36500.0 days/days; walltime: 1.4
32850.0/36500.0 days/days; walltime: 0.6
34675.0/36500.0 days/days; walltime: 0.4
36500.0/36500.0 days/days; walltime: 0.6
Wallclock for model run: 1324.2s
 

fields = 

  struct with fields:

    nodes: [1x1 struct]
    edges: [1x1 struct]
       BC: [1x1 struct]

Running model run (ode15s):
Run seasonal
Saving model run to
./RUN/output_202_seasonal.nc
IC initialised from struct
IC initialised from file/given & rest from parameters and given functions
36500.0/37230.0 days/days; walltime: 22.7
-36501.0/37230.0 days/days; walltime: 82.0
36502.0/37230.0 days/days; walltime: 16.4
36503.0/37230.0 days/days; walltime: 21.3
36504.0/37230.0 days/days; walltime: 10.5
36505.0/37230.0 days/days; walltime: 2.5
36506.0/37230.0 days/days; walltime: 4.6
36507.0/37230.0 days/days; walltime: 1.8
36508.0/37230.0 days/days; walltime: 1.9
36509.0/37230.0 days/days; walltime: 2.1
36510.0/37230.0 days/days; walltime: 3.7
36511.0/37230.0 days/days; walltime: 1.4
36512.0/37230.0 days/days; walltime: 1.4
36513.0/37230.0 days/days; walltime: 1.3
36514.0/37230.0 days/days; walltime: 1.3
36515.0/37230.0 days/days; walltime: 1.1
36516.0/37230.0 days/days; walltime: 1.2
36517.0/37230.0 days/days; walltime: 1.1
36518.0/37230.0 days/days; walltime: 3.2
36519.0/37230.0 days/days; walltime: 0.9
36520.0/37230.0 days/days; walltime: 0.5
36521.0/37230.0 days/days; walltime: 0.5
36522.0/37230.0 days/days; walltime: 0.5
36523.0/37230.0 days/days; walltime: 0.7
36524.0/37230.0 days/days; walltime: 3.0
36525.0/37230.0 days/days; walltime: 0.7
36526.0/37230.0 days/days; walltime: 0.5
36527.0/37230.0 days/days; walltime: 0.5
36528.0/37230.0 days/days; walltime: 0.5
36529.0/37230.0 days/days; walltime: 0.2
36530.0/37230.0 days/days; walltime: 0.5
36531.0/37230.0 days/days; walltime: 0.4
36532.0/37230.0 days/days; walltime: 0.4
36533.0/37230.0 days/days; walltime: 0.5
36534.0/37230.0 days/days; walltime: 0.4
36535.0/37230.0 days/days; walltime: 0.2
36536.0/37230.0 days/days; walltime: 0.4
36537.0/37230.0 days/days; walltime: 0.3
36538.0/37230.0 days/days; walltime: 0.2
36539.0/37230.0 days/days; walltime: 0.5
36540.0/37230.0 days/days; walltime: 0.4
36541.0/37230.0 days/days; walltime: 0.4
-----36542.0/37230.0 days/days; walltime: 0.5
---36543.0/37230.0 days/days; walltime: 0.4
--36544.0/37230.0 days/days; walltime: 0.4
------------------------------------36545.0/37230.0 days/days; walltime: 2.8
----36546.0/37230.0 days/days; walltime: 0.3
--36547.0/37230.0 days/days; walltime: 0.3
--36548.0/37230.0 days/days; walltime: 0.4
-36549.0/37230.0 days/days; walltime: 0.3
-36550.0/37230.0 days/days; walltime: 0.3
36551.0/37230.0 days/days; walltime: 0.1
36552.0/37230.0 days/days; walltime: 0.3
36553.0/37230.0 days/days; walltime: 0.1
-36554.0/37230.0 days/days; walltime: 0.3
-36555.0/37230.0 days/days; walltime: 0.1
-36556.0/37230.0 days/days; walltime: 0.3
36557.0/37230.0 days/days; walltime: 0.1
36558.0/37230.0 days/days; walltime: 0.1
36559.0/37230.0 days/days; walltime: 0.3
-36560.0/37230.0 days/days; walltime: 0.1
-36561.0/37230.0 days/days; walltime: 0.4
-36562.0/37230.0 days/days; walltime: 0.1
--36563.0/37230.0 days/days; walltime: 0.4
----36564.0/37230.0 days/days; walltime: 0.3
--36565.0/37230.0 days/days; walltime: 0.1
--36566.0/37230.0 days/days; walltime: 0.4
----36567.0/37230.0 days/days; walltime: 2.4
-36568.0/37230.0 days/days; walltime: 0.4
36569.0/37230.0 days/days; walltime: 0.1
-36570.0/37230.0 days/days; walltime: 0.1
36571.0/37230.0 days/days; walltime: 0.3
36572.0/37230.0 days/days; walltime: 0.1
36573.0/37230.0 days/days; walltime: 0.1
-36574.0/37230.0 days/days; walltime: 0.3
-36575.0/37230.0 days/days; walltime: 0.1
36576.0/37230.0 days/days; walltime: 0.3
36577.0/37230.0 days/days; walltime: 0.1
36578.0/37230.0 days/days; walltime: 0.1
-36579.0/37230.0 days/days; walltime: 0.3
36580.0/37230.0 days/days; walltime: 0.1
36581.0/37230.0 days/days; walltime: 0.1
36582.0/37230.0 days/days; walltime: 0.3
36583.0/37230.0 days/days; walltime: 0.1
-36584.0/37230.0 days/days; walltime: 0.1
36585.0/37230.0 days/days; walltime: 0.1
-36586.0/37230.0 days/days; walltime: 0.3
36587.0/37230.0 days/days; walltime: 0.1
36588.0/37230.0 days/days; walltime: 0.1
36589.0/37230.0 days/days; walltime: 0.3
-36590.0/37230.0 days/days; walltime: 0.1
36591.0/37230.0 days/days; walltime: 0.1
36592.0/37230.0 days/days; walltime: 0.3
36593.0/37230.0 days/days; walltime: 0.1
-36594.0/37230.0 days/days; walltime: 0.1
-36595.0/37230.0 days/days; walltime: 0.1
--36596.0/37230.0 days/days; walltime: 0.3
36597.0/37230.0 days/days; walltime: 0.1
36598.0/37230.0 days/days; walltime: 0.1
36599.0/37230.0 days/days; walltime: 0.1
-36600.0/37230.0 days/days; walltime: 0.3
36601.0/37230.0 days/days; walltime: 0.1
36602.0/37230.0 days/days; walltime: 0.1
36603.0/37230.0 days/days; walltime: 0.1
36604.0/37230.0 days/days; walltime: 0.3
36605.0/37230.0 days/days; walltime: 0.1
-36606.0/37230.0 days/days; walltime: 0.1
--36607.0/37230.0 days/days; walltime: 0.1
--36608.0/37230.0 days/days; walltime: 0.3
36609.0/37230.0 days/days; walltime: 0.1
-36610.0/37230.0 days/days; walltime: 0.1
-36611.0/37230.0 days/days; walltime: 0.1
-----------------------------------36612.0/37230.0 days/days; walltime: 2.6
-36613.0/37230.0 days/days; walltime: 0.1
--36614.0/37230.0 days/days; walltime: 0.1
--36615.0/37230.0 days/days; walltime: 0.1
--36616.0/37230.0 days/days; walltime: 0.3
-36618.0/37230.0 days/days; walltime: 0.1
-36619.0/37230.0 days/days; walltime: 0.1
-36620.0/37230.0 days/days; walltime: 0.1
--36621.0/37230.0 days/days; walltime: 0.3
-----------------------------------36622.0/37230.0 days/days; walltime: 2.6
----------------------------------------------------------------------------------------------------------------------------------------------------------------------------------------------------------------------------------------------------------------------------------------------------------------------------------------------------------------------------------------------------------------------------------------------------------------------------------------------------------------------------------------------------------------------------------------------------------------------------------------------------------------------------------------------------------------------------------------------------------------------------------------------------------------------------------------------------------------------------------------------------------------------------------36623.0/37230.0 days/days; walltime: 69.8
----------------------------------------------------------------------------------------------------------------------------------------------------------------------------------------------------------------------------------------------------------------------------------------------------------------------------------------------------------------------------------------------------------------------------------------------------------------------------------------------------------------------------------------------------------------------------------------------------------------------------------------------------------------------------------------------------------------36624.0/37230.0 days/days; walltime: 54.6
------------------------------36625.0/37230.0 days/days; walltime: 2.5
--------------36626.0/37230.0 days/days; walltime: 1.2
--------36627.0/37230.0 days/days; walltime: 0.7
------------------------------------36628.0/37230.0 days/days; walltime: 2.6
---36629.0/37230.0 days/days; walltime: 0.3
--36630.0/37230.0 days/days; walltime: 0.1
---36631.0/37230.0 days/days; walltime: 0.3
-36632.0/37230.0 days/days; walltime: 0.1
-36633.0/37230.0 days/days; walltime: 0.1
---36634.0/37230.0 days/days; walltime: 0.3
-36635.0/37230.0 days/days; walltime: 0.1
-36636.0/37230.0 days/days; walltime: 0.1
-36637.0/37230.0 days/days; walltime: 0.1
----------------------------------------------------------------------------------------------------------------------------------------------------------------------------36638.0/37230.0 days/days; walltime: 13.4
------------------------------------------------------------------------------------------------------------------------------------------------------------------------------------------------------------------------------------------------------------------------------------------------------------------------------------------------------------------------------------------------------------------------------------------------------------------------------------------------------------------------------------------------------------------------------------------------------------------------------------------------------------------------------------------------------------------------------------------------------------------------------------------------------------------------------------------------------------------------------------------------------------------------------------------------------------------------------------------------------------36639.0/37230.0 days/days; walltime: 79.0
-----------------------------------------------------------------------------------------------------------------------------------------------------------------------------------------------------------------------------------------------------------------------------------------------------------------------------------------------------------------------------------------------------------------------------------------------------------------------------------------------------------------------------------------------------------------------------------------------------------------------------------------------------------------------------------------------------------------------------------------------------------------------------------------------------------------------------------------------------------------------------------------------------------------------------------------------------------------------------------------------------------------36640.0/37230.0 days/days; walltime: 76.5
--------------------------------------------------------------------------------------------------------------------------------------------------------------------------------------------------------------------------------------------------------------------------------------------------------------------------------------36641.0/37230.0 days/days; walltime: 25.4
----------------------------------------------------36642.0/37230.0 days/days; walltime: 4.2
-----------36643.0/37230.0 days/days; walltime: 1.0
------------36644.0/37230.0 days/days; walltime: 1.1
--------36645.0/37230.0 days/days; walltime: 0.7
------36646.0/37230.0 days/days; walltime: 0.5
------36647.0/37230.0 days/days; walltime: 0.4
----36648.0/37230.0 days/days; walltime: 0.4
------36649.0/37230.0 days/days; walltime: 0.5
----36650.0/37230.0 days/days; walltime: 0.3
----36651.0/37230.0 days/days; walltime: 0.4
----------------------------------------36652.0/37230.0 days/days; walltime: 3.1
--------------------------------------------------------------------------------------------------------------------------------------------------------------------------------------------------------------------------------------------------------------------------------------------------------------------------------------------------------------------------------------------------------------------------------------------------------------------------------------------------------------------------------------------------------------------------------------------------------------------------------------------------------------------------------------------------------------------------------------------------------------------------------------------------------------------------------------------------------------------------------------------------36653.0/37230.0 days/days; walltime: 70.5
-------------------------------------------------------------------------------------------------------------------------------------------------------------------------------------------------------------------------------------------------------------------------------------------------------------------------------------------------------------------------------------------------------------------------------------------------------------------------------------------------------------------------------------------------------------------------------------------------------------------------------------------------------------------------------------------------------------------------------------------------------------------------------------------------------------------------------------------------------------------------------------------------------------------------------------------------------------------------------------------------------------------------------------------------------------------------------------------------------------------------------------------------------------------------------------------------------------------------------------------------------------------------------------------------------------------------------------------------------------------------------------------------------------------------------------------------------------------------------------------------36654.0/37230.0 days/days; walltime: 112.1
------------------------------------------------------------------------------------------------------------------------------------------------------------------------------------------------------------------------------------------------------------------------------------------------------------------------------------------------------------------------------------------------------------------------------------------------------------------------------------------------------------------------------------------------------------------------------------------------------------------------------------------------------------------------------------------------------------------------------------------------------------------------------------------------------------------------------------------------------------------------------------------------------------------------------------------------------------------------------------------------------------------------------------------------------------------------------------------------------------------------------------------------------------------------------------------------------------------------------------------------------------------------------------------------------------------------------------------------------------------------------------------------------------------------------------------------------------------------------------------------------------------------------------------------------------------------------------------------------------------------------------------------------------------------------------------------------------------------------------------------------------------------------------------------------------------------------------------------------------------------------------------------------------------------------------------------------------------------------------------------------------------------------------------------------------------------------------------------------------------------------------------------------------------------------------------------------------------------------36655.0/37230.0 days/days; walltime: 167.8
----------------------------------------------------------------------------------------------------------------------------------------------------------------------------------------------------------------------------------------------------------------------------------------------------------------------------------------------------------------------------------------------------------------------------------------------------------------------------------------------------------------------------------------------------------------------------------------------------------------------------------------------------------------------------------------------------------------------------------------------------------------------------------------------------------------------------------------------------------------------------------------------------------------------------------------------------------------------------------------------------------------------------------------------------------------------------------------------------------------------------------------------------------------------------------------------------------------------------------------------------------------------------------------------------------------------------------------------------------------------------------------------------------------------------------------------------------------------------------------------------------------------------------------------------------------------------------------------------------------------------------------------------------------------------------------------------------------------------------------------------------------------------------------------------------------------------------------------------------------------------------------------------------------------------------------------------------------------------------------------------------------------------------36656.0/37230.0 days/days; walltime: 154.3
--------------------------------------------------------------------------------------------------------------------------------------------------------------------------------------------------------------------------------------------------------------------------------------------------------------------------------------------------------------------------------------------------------------------------------------------------------------------------------------------------------------------------------------------------------------------------------------------------------------------------------------------------------------------------------------------------------------------------------------------------------------------------------------------------------------------------------------------------------------------------------------------------------------------------------------------------------------------------------------------------------------------------------------------------------------------------------------------------------------------------------------------------------------------------------------------------------------------------------------------------------------------------------------------------------------------------------------------------------------------------------------------------------------------------------------------------------------------------------------------------------------------------------------------------------------------------------------------------------------------------------------------------------------------------------------------------------------------------------------------------------------------------------------------------------------------------------------------------------------------------------------------------------------------------------------------------------------------------------------36657.0/37230.0 days/days; walltime: 155.2
----------------------------------------------------------------------------------------------------------------------------------------------------------------------------------------------------------------------------------------------------------------------------------------------------------------------------------------------------------------------------------------------------------------------------------------------------------------------------------------------------------------------------------------------------------------------------------------------------------------------------------------------------------------------------------------------------------------------------------------------------------------------------------------------------------------------------------------------------------------------------------------------------------------------------------------------------------------------------------------------------------------------------------------------------------------------------------------------------------------------------------------------------------------------------------------------------------------------------------------------------------------------------------------------------------------------------------------------------------------------------------------------------------------------------------------------------------------------------------------------------------------------------------------------------------------------------------------------------------------------------------------------------------------------------------------------------------------------------------------------------------------------------------------------------------------------------------------------------------------------------------------------------------------------------------------------------------------------------------------------------------------------------------------------------------------------------------------------------------------------------------------------------------------------------------------------------------------------------------------------------------------------------------------------------------------------------------------------------------------------------------------------------------------------------------------------------------------------------------------------------------------------------------------------------------------------------------------------------------------------------------------------------------------------------------------------------------------------------------------------------------------------------------------------------------------------------------------------------------------------------------------------------------------------------------------------------------------------------------------------------------------------------------------------------------------------------------------------------------------------------------------------------------------------------------------------------------------------------------------------------------------------------------------------------------------------------------------------------------------------------------------------------------------------------------------------------------------------------------------------------------------------------------------------------------------------------------------------------------------------------------------------------------------------------------------------------------------------------------------------------------------------------------------------------------------------------------------------------------------------------------------------------------------------------------------------------------------------------------------------------------------------------------------------------------------------------------------------------------------------------------------------------------------------------------------------------------------------------------------------------------------------------------------------------------------------------------------------------------------------------------------------------------------------------------------------------------------------------------------------------------------------------------------------------------------------------------------------------------------------------------------------------------------------------------------------------------------------------------------------------------------------------------------------------------------------------------------------------------------------------------------------------------------------------------------------------------------------------------------------------------------------------------------------------------------------------------------------------------------------------------------------------------------------------------------------------------------------------------------------------------------------------------------------------------------------------------------------------------------------------------------------------------------------------------------------------------------------------------------------------------------------------------------------------------------------------------------------------------------------------------------------------------------------------------------------------------------------------------------------------------------------------------------------------------------------------------------------------------------------------------------------------------------------------------------------------------------------------------------------------------------------------------------------------------------------------------------------------------------------------------------------------------------------------------------------------------------------------------------------------------------------------------------------------------------------------------------------------------------------------------------------------------------------------------------------------------------------------------------------------------------------------------------------------------------------------------------------------------------------------------------------------------------------------------------------------------------------------------------------------------------------------------------------------------------------------------------------------------------------------------------------------------------------------------------------------------------------------------------------------------------------------------------------------------------------------------------------------------------------------------------------------------------------------------------------------------------------------------------------------------------------------------------------------------------------------------------------------------------------------------------------------------------------------------------------------------------------------------------------------------------------------------------------------------------------------------------------------------------------------------------------------------------------------------------------------------------------------------------------------------------------------------------------------------------------------------------------------------------------------------------------------------------------------------------------------------------------------------------------36658.0/37230.0 days/days; walltime: 582.6
-----------------------------------------------------------------------------------------------------------------------------------------------------------------------------------------------------------------------------------------------------------------------------------------------------------------------------------------------------------------------------------------------------------------------------------------------------------------------------------------------------------------------------------------------------------------------------------------------------------------------------------------------------------------------------------------------------------------------------------------------------------------------------------------------------------------------------------------------------------------------------------------------------------------------------------------------------------------------------------------------------------------------------------------------------------------------------------------------------------------------------------------------------------------------------------------------------------------------------------------------------------------------------------------------------------------------------------------------------------------------------------------------------------------------------------------------------------------------------------------------------------------------------------------------------------------------------------------------------------------------------------------------------------------------------------------------------------------------------------------------------------------------------------------------------------------------------------------------------------------------------------------------------------------------------------------------------------------------------------------------------------------------------------------------------------------------------------------------------------------------------------------------------------------------------------------------------------------------------------------------------------------------------------------------------------------------------------------------------------------------------------------------------------------------------------------------------------------------------------------------------------------------------------------------------------------------------------------------------------------------------------------------------------------------------------------------------------------------------------------------------------------------------------------------------------------------------------------------------------------------------------------------------------------------------------------------------------------------------------------------------------------------------------------------------36659.0/37230.0 days/days; walltime: 242.7
36660.0/37230.0 days/days; walltime: 472.0
36661.0/37230.0 days/days; walltime: 123.6
36662.0/37230.0 days/days; walltime: 268.4
36663.0/37230.0 days/days; walltime: 106.6
36664.0/37230.0 days/days; walltime: 46.1
36665.0/37230.0 days/days; walltime: 51.6
36666.0/37230.0 days/days; walltime: 186.0
36667.0/37230.0 days/days; walltime: 250.7
36668.0/37230.0 days/days; walltime: 654.0
36669.0/37230.0 days/days; walltime: 262.8
36670.0/37230.0 days/days; walltime: 215.4
36671.0/37230.0 days/days; walltime: 220.0
36672.0/37230.0 days/days; walltime: 112.2
36673.0/37230.0 days/days; walltime: 72.8
36674.0/37230.0 days/days; walltime: 64.3
36675.0/37230.0 days/days; walltime: 65.5
36676.0/37230.0 days/days; walltime: 183.2
36677.0/37230.0 days/days; walltime: 369.8
36678.0/37230.0 days/days; walltime: 140.5
36679.0/37230.0 days/days; walltime: 52.2
36680.0/37230.0 days/days; walltime: 71.5
36681.0/37230.0 days/days; walltime: 37.4
36682.0/37230.0 days/days; walltime: 32.0
36683.0/37230.0 days/days; walltime: 58.2
36684.0/37230.0 days/days; walltime: 87.0
36685.0/37230.0 days/days; walltime: 202.6
36686.0/37230.0 days/days; walltime: 151.7
36687.0/37230.0 days/days; walltime: 155.4
36688.0/37230.0 days/days; walltime: 85.5
36689.0/37230.0 days/days; walltime: 217.7
36690.0/37230.0 days/days; walltime: 417.2
36691.0/37230.0 days/days; walltime: 208.8
36692.0/37230.0 days/days; walltime: 145.1
36693.0/37230.0 days/days; walltime: 101.5
36694.0/37230.0 days/days; walltime: 36.1
36695.0/37230.0 days/days; walltime: 16.3
36696.0/37230.0 days/days; walltime: 11.1
36697.0/37230.0 days/days; walltime: 18.0
36698.0/37230.0 days/days; walltime: 48.5
36699.0/37230.0 days/days; walltime: 12.4
36700.0/37230.0 days/days; walltime: 106.7
36701.0/37230.0 days/days; walltime: 91.3
36702.0/37230.0 days/days; walltime: 85.9
36703.0/37230.0 days/days; walltime: 44.2
36704.0/37230.0 days/days; walltime: 162.1
36705.0/37230.0 days/days; walltime: 262.4
36706.0/37230.0 days/days; walltime: 173.2
36707.0/37230.0 days/days; walltime: 239.7
36708.0/37230.0 days/days; walltime: 137.5
36709.0/37230.0 days/days; walltime: 37.8
36710.0/37230.0 days/days; walltime: 47.7
36711.0/37230.0 days/days; walltime: 152.1
36712.0/37230.0 days/days; walltime: 58.0
36713.0/37230.0 days/days; walltime: 184.8
36714.0/37230.0 days/days; walltime: 31.5
36715.0/37230.0 days/days; walltime: 14.5
36716.0/37230.0 days/days; walltime: 10.7
36717.0/37230.0 days/days; walltime: 10.4
36718.0/37230.0 days/days; walltime: 12.4
36719.0/37230.0 days/days; walltime: 9.3
36720.0/37230.0 days/days; walltime: 45.5
36721.0/37230.0 days/days; walltime: 124.7
36722.0/37230.0 days/days; walltime: 123.8
36723.0/37230.0 days/days; walltime: 277.8
36724.0/37230.0 days/days; walltime: 278.8
36725.0/37230.0 days/days; walltime: 289.7
36726.0/37230.0 days/days; walltime: 260.8
36727.0/37230.0 days/days; walltime: 110.6
36728.0/37230.0 days/days; walltime: 300.5
36729.0/37230.0 days/days; walltime: 862.0
36730.0/37230.0 days/days; walltime: 842.3
36731.0/37230.0 days/days; walltime: 249.4
36732.0/37230.0 days/days; walltime: 84.9
36733.0/37230.0 days/days; walltime: 351.1
36734.0/37230.0 days/days; walltime: 200.3
36735.0/37230.0 days/days; walltime: 44.1
36736.0/37230.0 days/days; walltime: 39.0
36737.0/37230.0 days/days; walltime: 16.9
36738.0/37230.0 days/days; walltime: 12.5
36739.0/37230.0 days/days; walltime: 21.6
36740.0/37230.0 days/days; walltime: 27.1
36741.0/37230.0 days/days; walltime: 83.8
36742.0/37230.0 days/days; walltime: 240.9
36743.0/37230.0 days/days; walltime: 231.7
36744.0/37230.0 days/days; walltime: 26.3
36745.0/37230.0 days/days; walltime: 8.7
36746.0/37230.0 days/days; walltime: 16.0
36747.0/37230.0 days/days; walltime: 29.7
36748.0/37230.0 days/days; walltime: 55.9
36749.0/37230.0 days/days; walltime: 64.4
36750.0/37230.0 days/days; walltime: 8.0
36751.0/37230.0 days/days; walltime: 7.7
36752.0/37230.0 days/days; walltime: 29.2
36753.0/37230.0 days/days; walltime: 7.0
36754.0/37230.0 days/days; walltime: 5.4
36755.0/37230.0 days/days; walltime: 3.9
36756.0/37230.0 days/days; walltime: 6.3
36757.0/37230.0 days/days; walltime: 4.1
36758.0/37230.0 days/days; walltime: 4.3
36759.0/37230.0 days/days; walltime: 4.0
36760.0/37230.0 days/days; walltime: 14.1
36761.0/37230.0 days/days; walltime: 141.3
36762.0/37230.0 days/days; walltime: 139.2
36763.0/37230.0 days/days; walltime: 11.2
36764.0/37230.0 days/days; walltime: 80.7
36765.0/37230.0 days/days; walltime: 74.6
36766.0/37230.0 days/days; walltime: 2.9
36767.0/37230.0 days/days; walltime: 1.5
36768.0/37230.0 days/days; walltime: 0.9
36769.0/37230.0 days/days; walltime: 1.0
36770.0/37230.0 days/days; walltime: 0.8
36771.0/37230.0 days/days; walltime: 0.7
36772.0/37230.0 days/days; walltime: 2.7
36773.0/37230.0 days/days; walltime: 0.6
36774.0/37230.0 days/days; walltime: 0.6
36775.0/37230.0 days/days; walltime: 0.4
36776.0/37230.0 days/days; walltime: 0.2
36777.0/37230.0 days/days; walltime: 0.4
36778.0/37230.0 days/days; walltime: 0.4
36779.0/37230.0 days/days; walltime: 0.4
-36780.0/37230.0 days/days; walltime: 0.1
36781.0/37230.0 days/days; walltime: 0.4
36782.0/37230.0 days/days; walltime: 54.3
36783.0/37230.0 days/days; walltime: 119.9
36784.0/37230.0 days/days; walltime: 107.6
36785.0/37230.0 days/days; walltime: 361.3
36786.0/37230.0 days/days; walltime: 13.7
36787.0/37230.0 days/days; walltime: 4.2
36788.0/37230.0 days/days; walltime: 2.7
36789.0/37230.0 days/days; walltime: 2.0
36790.0/37230.0 days/days; walltime: 1.4
36791.0/37230.0 days/days; walltime: 8.9
36792.0/37230.0 days/days; walltime: 1.3
36793.0/37230.0 days/days; walltime: 1.1
36794.0/37230.0 days/days; walltime: 0.9
36795.0/37230.0 days/days; walltime: 1.0
36796.0/37230.0 days/days; walltime: 0.8
36797.0/37230.0 days/days; walltime: 3.0
36798.0/37230.0 days/days; walltime: 0.5
36799.0/37230.0 days/days; walltime: 0.5
36800.0/37230.0 days/days; walltime: 0.6
36801.0/37230.0 days/days; walltime: 0.7
36802.0/37230.0 days/days; walltime: 0.5
36803.0/37230.0 days/days; walltime: 0.5
36804.0/37230.0 days/days; walltime: 0.3
-36805.0/37230.0 days/days; walltime: 0.5
-36806.0/37230.0 days/days; walltime: 0.5
36807.0/37230.0 days/days; walltime: 0.3
-36808.0/37230.0 days/days; walltime: 0.4
-36809.0/37230.0 days/days; walltime: 0.3
36810.0/37230.0 days/days; walltime: 0.4
-36811.0/37230.0 days/days; walltime: 0.3
-36812.0/37230.0 days/days; walltime: 0.4
36813.0/37230.0 days/days; walltime: 0.3
-36814.0/37230.0 days/days; walltime: 0.8
36815.0/37230.0 days/days; walltime: 4.8
-36816.0/37230.0 days/days; walltime: 0.1
36817.0/37230.0 days/days; walltime: 0.4
-36818.0/37230.0 days/days; walltime: 0.1
--36819.0/37230.0 days/days; walltime: 0.4
-36820.0/37230.0 days/days; walltime: 0.1
-36821.0/37230.0 days/days; walltime: 0.3
36822.0/37230.0 days/days; walltime: 0.3
36823.0/37230.0 days/days; walltime: 0.1
36824.0/37230.0 days/days; walltime: 0.1
--36825.0/37230.0 days/days; walltime: 0.3
-36826.0/37230.0 days/days; walltime: 0.1
-36827.0/37230.0 days/days; walltime: 0.1
-36828.0/37230.0 days/days; walltime: 0.1
-36829.0/37230.0 days/days; walltime: 0.3
36830.0/37230.0 days/days; walltime: 0.1
-36831.0/37230.0 days/days; walltime: 0.1
36832.0/37230.0 days/days; walltime: 0.1
-36834.0/37230.0 days/days; walltime: 0.3
-36835.0/37230.0 days/days; walltime: 0.1
36836.0/37230.0 days/days; walltime: 0.1
36837.0/37230.0 days/days; walltime: 0.1
36838.0/37230.0 days/days; walltime: 0.3
36839.0/37230.0 days/days; walltime: 0.1
-36840.0/37230.0 days/days; walltime: 0.1
--36842.0/37230.0 days/days; walltime: 0.1
36843.0/37230.0 days/days; walltime: 0.3
-36844.0/37230.0 days/days; walltime: 0.1
36845.0/37230.0 days/days; walltime: 0.1
-36847.0/37230.0 days/days; walltime: 0.1
36848.0/37230.0 days/days; walltime: 0.3
-36849.0/37230.0 days/days; walltime: 0.1
----------------------------------36851.0/37230.0 days/days; walltime: 2.4
-36852.0/37230.0 days/days; walltime: 0.1
-36853.0/37230.0 days/days; walltime: 0.3
-36855.0/37230.0 days/days; walltime: 0.1
36856.0/37230.0 days/days; walltime: 0.1
-36858.0/37230.0 days/days; walltime: 0.1
--36859.0/37230.0 days/days; walltime: 0.3
-36861.0/37230.0 days/days; walltime: 0.1
36862.0/37230.0 days/days; walltime: 0.1
36864.0/37230.0 days/days; walltime: 0.1
--36865.0/37230.0 days/days; walltime: 0.3
-36867.0/37230.0 days/days; walltime: 0.1
36869.0/37230.0 days/days; walltime: 0.1
36870.0/37230.0 days/days; walltime: 0.1
-36872.0/37230.0 days/days; walltime: 0.3
36874.0/37230.0 days/days; walltime: 0.1
36875.0/37230.0 days/days; walltime: 0.1
36877.0/37230.0 days/days; walltime: 0.1
36879.0/37230.0 days/days; walltime: 0.3
36880.0/37230.0 days/days; walltime: 0.1
36882.0/37230.0 days/days; walltime: 0.1
36884.0/37230.0 days/days; walltime: 0.1
36886.0/37230.0 days/days; walltime: 0.3
36888.0/37230.0 days/days; walltime: 0.1
36889.0/37230.0 days/days; walltime: 0.1
36891.0/37230.0 days/days; walltime: 0.1
-36893.0/37230.0 days/days; walltime: 0.3
36895.0/37230.0 days/days; walltime: 0.1
-36897.0/37230.0 days/days; walltime: 0.1
-36899.0/37230.0 days/days; walltime: 0.1
36901.0/37230.0 days/days; walltime: 0.3
36903.0/37230.0 days/days; walltime: 0.1
36905.0/37230.0 days/days; walltime: 0.1
36907.0/37230.0 days/days; walltime: 0.1
36909.0/37230.0 days/days; walltime: 0.3
36911.0/37230.0 days/days; walltime: 0.1
36914.0/37230.0 days/days; walltime: 0.1
36916.0/37230.0 days/days; walltime: 0.1
36918.0/37230.0 days/days; walltime: 0.3
36920.0/37230.0 days/days; walltime: 0.1
36923.0/37230.0 days/days; walltime: 0.1
36925.0/37230.0 days/days; walltime: 0.1
36927.0/37230.0 days/days; walltime: 0.3
36930.0/37230.0 days/days; walltime: 0.1
36932.0/37230.0 days/days; walltime: 0.1
36935.0/37230.0 days/days; walltime: 0.1
36937.0/37230.0 days/days; walltime: 0.3
36940.0/37230.0 days/days; walltime: 0.1
36942.0/37230.0 days/days; walltime: 0.1
36945.0/37230.0 days/days; walltime: 0.1
36948.0/37230.0 days/days; walltime: 0.3
36951.0/37230.0 days/days; walltime: 0.1
36953.0/37230.0 days/days; walltime: 0.1
36956.0/37230.0 days/days; walltime: 0.1
36959.0/37230.0 days/days; walltime: 0.3
36962.0/37230.0 days/days; walltime: 0.1
36965.0/37230.0 days/days; walltime: 0.1
36968.0/37230.0 days/days; walltime: 0.1
36972.0/37230.0 days/days; walltime: 0.3
36975.0/37230.0 days/days; walltime: 0.1
36978.0/37230.0 days/days; walltime: 0.1
36982.0/37230.0 days/days; walltime: 0.1
36985.0/37230.0 days/days; walltime: 0.3
36989.0/37230.0 days/days; walltime: 0.1
36992.0/37230.0 days/days; walltime: 0.1
36996.0/37230.0 days/days; walltime: 0.1
--37000.0/37230.0 days/days; walltime: 2.7
37001.0/37230.0 days/days; walltime: 0.1
--37002.0/37230.0 days/days; walltime: 2.6
--37003.0/37230.0 days/days; walltime: 15.5
37004.0/37230.0 days/days; walltime: 72.4
37005.0/37230.0 days/days; walltime: 93.5
37006.0/37230.0 days/days; walltime: 27.4
37007.0/37230.0 days/days; walltime: 4.2
37008.0/37230.0 days/days; walltime: 1.2
37009.0/37230.0 days/days; walltime: 0.6
37010.0/37230.0 days/days; walltime: 0.7
37011.0/37230.0 days/days; walltime: 0.7
37012.0/37230.0 days/days; walltime: 0.5
37013.0/37230.0 days/days; walltime: 0.3
37014.0/37230.0 days/days; walltime: 0.4
37015.0/37230.0 days/days; walltime: 0.3
37016.0/37230.0 days/days; walltime: 0.4
37017.0/37230.0 days/days; walltime: 2.7
37018.0/37230.0 days/days; walltime: 66.2
37019.0/37230.0 days/days; walltime: 125.4
37020.0/37230.0 days/days; walltime: 177.1
37021.0/37230.0 days/days; walltime: 177.8
37022.0/37230.0 days/days; walltime: 186.2
37023.0/37230.0 days/days; walltime: 660.9
37024.0/37230.0 days/days; walltime: 280.2
37025.0/37230.0 days/days; walltime: 426.5
37026.0/37230.0 days/days; walltime: 115.4
37027.0/37230.0 days/days; walltime: 193.7
37028.0/37230.0 days/days; walltime: 124.3
37029.0/37230.0 days/days; walltime: 55.5
37030.0/37230.0 days/days; walltime: 46.5
37031.0/37230.0 days/days; walltime: 277.0
37032.0/37230.0 days/days; walltime: 343.3
37033.0/37230.0 days/days; walltime: 681.0
37034.0/37230.0 days/days; walltime: 386.9
37035.0/37230.0 days/days; walltime: 179.1
37036.0/37230.0 days/days; walltime: 168.2
37037.0/37230.0 days/days; walltime: 190.3
37038.0/37230.0 days/days; walltime: 172.8
37039.0/37230.0 days/days; walltime: 67.6
37040.0/37230.0 days/days; walltime: 74.1
37041.0/37230.0 days/days; walltime: 182.8
37042.0/37230.0 days/days; walltime: 467.8
37043.0/37230.0 days/days; walltime: 124.0
37044.0/37230.0 days/days; walltime: 52.1
37045.0/37230.0 days/days; walltime: 74.2
37046.0/37230.0 days/days; walltime: 53.2
37047.0/37230.0 days/days; walltime: 29.7
37048.0/37230.0 days/days; walltime: 59.0
37049.0/37230.0 days/days; walltime: 72.8
37050.0/37230.0 days/days; walltime: 208.7
37051.0/37230.0 days/days; walltime: 135.0
37052.0/37230.0 days/days; walltime: 165.7
37053.0/37230.0 days/days; walltime: 77.2
37054.0/37230.0 days/days; walltime: 244.1
37055.0/37230.0 days/days; walltime: 506.0
37056.0/37230.0 days/days; walltime: 218.3
37057.0/37230.0 days/days; walltime: 94.9
37058.0/37230.0 days/days; walltime: 54.4
37059.0/37230.0 days/days; walltime: 48.6
37060.0/37230.0 days/days; walltime: 22.9
37061.0/37230.0 days/days; walltime: 26.9
37062.0/37230.0 days/days; walltime: 35.7
37063.0/37230.0 days/days; walltime: 57.1
37064.0/37230.0 days/days; walltime: 16.2
37065.0/37230.0 days/days; walltime: 105.2
37066.0/37230.0 days/days; walltime: 88.8
37067.0/37230.0 days/days; walltime: 84.2
37068.0/37230.0 days/days; walltime: 49.9
37069.0/37230.0 days/days; walltime: 152.2
37070.0/37230.0 days/days; walltime: 263.8
37071.0/37230.0 days/days; walltime: 179.4
37072.0/37230.0 days/days; walltime: 215.7
37073.0/37230.0 days/days; walltime: 142.5
37074.0/37230.0 days/days; walltime: 34.6
37075.0/37230.0 days/days; walltime: 57.5
37076.0/37230.0 days/days; walltime: 165.6
37077.0/37230.0 days/days; walltime: 61.0
37078.0/37230.0 days/days; walltime: 178.1
37079.0/37230.0 days/days; walltime: 15.9
37080.0/37230.0 days/days; walltime: 23.4
37081.0/37230.0 days/days; walltime: 16.1
37082.0/37230.0 days/days; walltime: 15.1
37083.0/37230.0 days/days; walltime: 20.1
37084.0/37230.0 days/days; walltime: 16.7
37085.0/37230.0 days/days; walltime: 50.8
37086.0/37230.0 days/days; walltime: 145.1
37087.0/37230.0 days/days; walltime: 116.8
37088.0/37230.0 days/days; walltime: 283.3
37089.0/37230.0 days/days; walltime: 298.6
37090.0/37230.0 days/days; walltime: 339.7
37091.0/37230.0 days/days; walltime: 248.0
37092.0/37230.0 days/days; walltime: 108.5
37093.0/37230.0 days/days; walltime: 298.4
37094.0/37230.0 days/days; walltime: 937.2
37095.0/37230.0 days/days; walltime: 956.7
37096.0/37230.0 days/days; walltime: 264.0
37097.0/37230.0 days/days; walltime: 124.5
37098.0/37230.0 days/days; walltime: 360.2
37099.0/37230.0 days/days; walltime: 205.8
37100.0/37230.0 days/days; walltime: 40.7
37101.0/37230.0 days/days; walltime: 47.6
37102.0/37230.0 days/days; walltime: 7.8
37103.0/37230.0 days/days; walltime: 7.1
37104.0/37230.0 days/days; walltime: 20.2
37105.0/37230.0 days/days; walltime: 22.8
37106.0/37230.0 days/days; walltime: 89.5
37107.0/37230.0 days/days; walltime: 226.2
37108.0/37230.0 days/days; walltime: 216.9
37109.0/37230.0 days/days; walltime: 23.8
37110.0/37230.0 days/days; walltime: 11.9
37111.0/37230.0 days/days; walltime: 16.6
37112.0/37230.0 days/days; walltime: 33.2
37113.0/37230.0 days/days; walltime: 56.9
37114.0/37230.0 days/days; walltime: 66.2
37115.0/37230.0 days/days; walltime: 9.0
37116.0/37230.0 days/days; walltime: 8.6
37117.0/37230.0 days/days; walltime: 28.2
37118.0/37230.0 days/days; walltime: 9.1
37119.0/37230.0 days/days; walltime: 5.6
37120.0/37230.0 days/days; walltime: 3.8
37121.0/37230.0 days/days; walltime: 3.8
37122.0/37230.0 days/days; walltime: 4.1
37123.0/37230.0 days/days; walltime: 4.0
37124.0/37230.0 days/days; walltime: 3.7
37125.0/37230.0 days/days; walltime: 10.2
37126.0/37230.0 days/days; walltime: 153.7
37127.0/37230.0 days/days; walltime: 119.0
37128.0/37230.0 days/days; walltime: 4.0
37129.0/37230.0 days/days; walltime: 85.6
37130.0/37230.0 days/days; walltime: 73.2
37131.0/37230.0 days/days; walltime: 4.8
37132.0/37230.0 days/days; walltime: 3.8
37133.0/37230.0 days/days; walltime: 5.4
37134.0/37230.0 days/days; walltime: 3.3
37135.0/37230.0 days/days; walltime: 5.2
37136.0/37230.0 days/days; walltime: 2.9
37137.0/37230.0 days/days; walltime: 12.2
37138.0/37230.0 days/days; walltime: 12.4
37139.0/37230.0 days/days; walltime: 10.3
--37140.0/37230.0 days/days; walltime: 0.7
37141.0/37230.0 days/days; walltime: 0.4
37142.0/37230.0 days/days; walltime: 0.4
37143.0/37230.0 days/days; walltime: 0.4
--37144.0/37230.0 days/days; walltime: 0.4
--37145.0/37230.0 days/days; walltime: 0.1
-37146.0/37230.0 days/days; walltime: 0.5
-----37147.0/37230.0 days/days; walltime: 54.9
37148.0/37230.0 days/days; walltime: 116.1
37149.0/37230.0 days/days; walltime: 111.7
37150.0/37230.0 days/days; walltime: 337.1
37151.0/37230.0 days/days; walltime: 13.9
37152.0/37230.0 days/days; walltime: 4.1
37153.0/37230.0 days/days; walltime: 3.0
37154.0/37230.0 days/days; walltime: 2.0
37155.0/37230.0 days/days; walltime: 1.3
37156.0/37230.0 days/days; walltime: 17.3
37157.0/37230.0 days/days; walltime: 1.3
37158.0/37230.0 days/days; walltime: 1.2
37159.0/37230.0 days/days; walltime: 0.9
37160.0/37230.0 days/days; walltime: 0.9
37161.0/37230.0 days/days; walltime: 0.8
37162.0/37230.0 days/days; walltime: 0.8
37163.0/37230.0 days/days; walltime: 2.8
37164.0/37230.0 days/days; walltime: 0.6
37165.0/37230.0 days/days; walltime: 0.5
37166.0/37230.0 days/days; walltime: 0.7
37167.0/37230.0 days/days; walltime: 0.5
37168.0/37230.0 days/days; walltime: 0.5
37169.0/37230.0 days/days; walltime: 0.4
37170.0/37230.0 days/days; walltime: 0.4
---37171.0/37230.0 days/days; walltime: 0.5
-37172.0/37230.0 days/days; walltime: 0.3
---37173.0/37230.0 days/days; walltime: 0.5
-37174.0/37230.0 days/days; walltime: 0.3
-37175.0/37230.0 days/days; walltime: 0.4
--37176.0/37230.0 days/days; walltime: 0.3
--37177.0/37230.0 days/days; walltime: 0.4
-37178.0/37230.0 days/days; walltime: 0.3
--37179.0/37230.0 days/days; walltime: 2.5
---37180.0/37230.0 days/days; walltime: 2.6
-37181.0/37230.0 days/days; walltime: 0.4
-37182.0/37230.0 days/days; walltime: 0.1
--37183.0/37230.0 days/days; walltime: 0.3
-37184.0/37230.0 days/days; walltime: 0.3
--37185.0/37230.0 days/days; walltime: 0.1
-37186.0/37230.0 days/days; walltime: 0.1
-37187.0/37230.0 days/days; walltime: 0.3
-37188.0/37230.0 days/days; walltime: 0.1
--37189.0/37230.0 days/days; walltime: 0.3
-37190.0/37230.0 days/days; walltime: 0.3
37191.0/37230.0 days/days; walltime: 0.1
-37192.0/37230.0 days/days; walltime: 0.1
37193.0/37230.0 days/days; walltime: 0.1
-37194.0/37230.0 days/days; walltime: 0.3
37195.0/37230.0 days/days; walltime: 0.1
-37196.0/37230.0 days/days; walltime: 0.1
-37197.0/37230.0 days/days; walltime: 0.1
-37198.0/37230.0 days/days; walltime: 0.3
-37199.0/37230.0 days/days; walltime: 0.1
37201.0/37230.0 days/days; walltime: 0.1
-37202.0/37230.0 days/days; walltime: 0.1
-37203.0/37230.0 days/days; walltime: 0.3
--37204.0/37230.0 days/days; walltime: 0.1
--37205.0/37230.0 days/days; walltime: 0.1
--37206.0/37230.0 days/days; walltime: 0.1
--37208.0/37230.0 days/days; walltime: 0.3
----37209.0/37230.0 days/days; walltime: 2.3
--37210.0/37230.0 days/days; walltime: 0.1
-37211.0/37230.0 days/days; walltime: 0.1
--37213.0/37230.0 days/days; walltime: 0.3
-37214.0/37230.0 days/days; walltime: 0.1
-37215.0/37230.0 days/days; walltime: 0.1
-37217.0/37230.0 days/days; walltime: 0.1
37218.0/37230.0 days/days; walltime: 0.3
37220.0/37230.0 days/days; walltime: 0.1
--37221.0/37230.0 days/days; walltime: 0.1
-37222.0/37230.0 days/days; walltime: 0.1
37224.0/37230.0 days/days; walltime: 0.3
--37225.0/37230.0 days/days; walltime: 0.1
37227.0/37230.0 days/days; walltime: 0.1
-37228.0/37230.0 days/days; walltime: 0.1
37230.0/37230.0 days/days; walltime: 0.3
Wallclock for model run: 33679.2s
 

fields = 

  struct with fields:

    nodes: [1x1 struct]
    edges: [1x1 struct]
       BC: [1x1 struct]

No cases left; exiting.
