Case 4:
Picked up JAVA_TOOL_OPTIONS: -Xmx2g
Opening log file:  /tmp/java.log.55362

                            < M A T L A B (R) >
                  Copyright 1984-2022 The MathWorks, Inc.
                  R2022a (9.12.0.1884302) 64-bit (glnxa64)
                             February 16, 2022

 
To get started, type doc.
For product information, visit www.mathworks.com.
 

config = 

  struct with fields:

                 k_s: 0.1000
                 l_c: 10
            n_moulin: 68
    creep_const_soft: 0
             mesh_nr: 4
                 k_c: 0.2000
               h_bed: 0.5000
               l_bed: 10
               alpha: 1.2500
                beta: 1.5000
               omega: 5.0000e-04
                 e_v: 1.0000e-04

Running model run (ode15s):
Run to steady
Saving model run to
./RUN/output_204_steady.nc
Fields, IC & BC initialised
Initial phi calculated in 2.8s
0.0/36500.0 days/days; walltime: 22.7
----------------------------------------------1825.0/36500.0 days/days; walltime: 184.4
3650.0/36500.0 days/days; walltime: 3.4
5475.0/36500.0 days/days; walltime: 1.4
7300.0/36500.0 days/days; walltime: 0.9
---------------9125.0/36500.0 days/days; walltime: 11.2
--10950.0/36500.0 days/days; walltime: 820.9
12775.0/36500.0 days/days; walltime: 508.7
14600.0/36500.0 days/days; walltime: 322.3
16425.0/36500.0 days/days; walltime: 293.2
-18250.0/36500.0 days/days; walltime: 276.7
---20075.0/36500.0 days/days; walltime: 67.3
-----------------------------------------------------21900.0/36500.0 days/days; walltime: 36.3
23725.0/36500.0 days/days; walltime: 109.4
25550.0/36500.0 days/days; walltime: 2.0
27375.0/36500.0 days/days; walltime: 0.8
29200.0/36500.0 days/days; walltime: 0.4
31025.0/36500.0 days/days; walltime: 0.1
32850.0/36500.0 days/days; walltime: 0.3
Wallclock for model run: 2661.7s
 

fields = 

  struct with fields:

    nodes: [1x1 struct]
    edges: [1x1 struct]
       BC: [1x1 struct]

Running model run (ode15s):
Run seasonal
Saving model run to
./RUN/output_204_seasonal.nc
IC initialised from struct
IC initialised from file/given & rest from parameters and given functions
36500.0/37230.0 days/days; walltime: 20.9
36501.0/37230.0 days/days; walltime: 70.7
36502.0/37230.0 days/days; walltime: 7.9
36503.0/37230.0 days/days; walltime: 7.6
36504.0/37230.0 days/days; walltime: 22.8
36505.0/37230.0 days/days; walltime: 19.2
36506.0/37230.0 days/days; walltime: 13.2
36507.0/37230.0 days/days; walltime: 7.2
36508.0/37230.0 days/days; walltime: 6.4
36509.0/37230.0 days/days; walltime: 2.6
36510.0/37230.0 days/days; walltime: 5.1
36511.0/37230.0 days/days; walltime: 3.0
36512.0/37230.0 days/days; walltime: 4.8
36513.0/37230.0 days/days; walltime: 2.3
36514.0/37230.0 days/days; walltime: 1.9
36515.0/37230.0 days/days; walltime: 4.1
36516.0/37230.0 days/days; walltime: 2.0
36517.0/37230.0 days/days; walltime: 1.9
36518.0/37230.0 days/days; walltime: 1.7
36519.0/37230.0 days/days; walltime: 44.2
36520.0/37230.0 days/days; walltime: 1.7
36521.0/37230.0 days/days; walltime: 1.6
36522.0/37230.0 days/days; walltime: 1.5
36523.0/37230.0 days/days; walltime: 1.3
36524.0/37230.0 days/days; walltime: 1.3
36525.0/37230.0 days/days; walltime: 1.2
36526.0/37230.0 days/days; walltime: 1.2
36527.0/37230.0 days/days; walltime: 1.2
36528.0/37230.0 days/days; walltime: 1.1
36529.0/37230.0 days/days; walltime: 1.1
36530.0/37230.0 days/days; walltime: 1.1
36531.0/37230.0 days/days; walltime: 3.0
36532.0/37230.0 days/days; walltime: 1.1
36533.0/37230.0 days/days; walltime: 1.1
36534.0/37230.0 days/days; walltime: 0.9
36535.0/37230.0 days/days; walltime: 1.0
36536.0/37230.0 days/days; walltime: 0.8
36537.0/37230.0 days/days; walltime: 1.0
36538.0/37230.0 days/days; walltime: 0.7
36539.0/37230.0 days/days; walltime: 1.0
36540.0/37230.0 days/days; walltime: 0.7
36541.0/37230.0 days/days; walltime: 0.7
36542.0/37230.0 days/days; walltime: 0.7
36543.0/37230.0 days/days; walltime: 0.9
36544.0/37230.0 days/days; walltime: 2.6
36545.0/37230.0 days/days; walltime: 0.7
36546.0/37230.0 days/days; walltime: 0.5
36547.0/37230.0 days/days; walltime: 0.5
36548.0/37230.0 days/days; walltime: 0.5
36549.0/37230.0 days/days; walltime: 0.4
36550.0/37230.0 days/days; walltime: 0.7
36551.0/37230.0 days/days; walltime: 0.4
36552.0/37230.0 days/days; walltime: 0.3
36553.0/37230.0 days/days; walltime: 2.4
36554.0/37230.0 days/days; walltime: 0.4
36555.0/37230.0 days/days; walltime: 0.4
36556.0/37230.0 days/days; walltime: 0.4
36557.0/37230.0 days/days; walltime: 0.4
36558.0/37230.0 days/days; walltime: 0.4
36559.0/37230.0 days/days; walltime: 0.6
36560.0/37230.0 days/days; walltime: 0.6
36561.0/37230.0 days/days; walltime: 0.5
36562.0/37230.0 days/days; walltime: 2.6
36563.0/37230.0 days/days; walltime: 0.4
36564.0/37230.0 days/days; walltime: 0.4
36565.0/37230.0 days/days; walltime: 0.4
36566.0/37230.0 days/days; walltime: 0.5
36567.0/37230.0 days/days; walltime: 0.4
36568.0/37230.0 days/days; walltime: 0.5
36569.0/37230.0 days/days; walltime: 0.4
36570.0/37230.0 days/days; walltime: 2.3
36571.0/37230.0 days/days; walltime: 0.2
36572.0/37230.0 days/days; walltime: 0.2
36573.0/37230.0 days/days; walltime: 0.2
36574.0/37230.0 days/days; walltime: 2.8
36575.0/37230.0 days/days; walltime: 0.4
36576.0/37230.0 days/days; walltime: 0.6
36577.0/37230.0 days/days; walltime: 0.6
36578.0/37230.0 days/days; walltime: 0.5
36579.0/37230.0 days/days; walltime: 0.6
36580.0/37230.0 days/days; walltime: 0.5
36581.0/37230.0 days/days; walltime: 0.6
36582.0/37230.0 days/days; walltime: 2.4
36583.0/37230.0 days/days; walltime: 0.4
36584.0/37230.0 days/days; walltime: 0.5
36585.0/37230.0 days/days; walltime: 0.5
36586.0/37230.0 days/days; walltime: 0.5
36587.0/37230.0 days/days; walltime: 0.2
36588.0/37230.0 days/days; walltime: 0.5
36589.0/37230.0 days/days; walltime: 0.5
36590.0/37230.0 days/days; walltime: 0.2
36591.0/37230.0 days/days; walltime: 0.5
36592.0/37230.0 days/days; walltime: 0.2
36593.0/37230.0 days/days; walltime: 0.5
36594.0/37230.0 days/days; walltime: 0.4
36595.0/37230.0 days/days; walltime: 0.2
36596.0/37230.0 days/days; walltime: 0.5
36597.0/37230.0 days/days; walltime: 0.2
36598.0/37230.0 days/days; walltime: 0.4
36599.0/37230.0 days/days; walltime: 0.2
36600.0/37230.0 days/days; walltime: 0.5
36601.0/37230.0 days/days; walltime: 0.4
36602.0/37230.0 days/days; walltime: 0.2
36603.0/37230.0 days/days; walltime: 0.4
36604.0/37230.0 days/days; walltime: 0.4
36605.0/37230.0 days/days; walltime: 0.3
36606.0/37230.0 days/days; walltime: 0.1
36607.0/37230.0 days/days; walltime: 0.3
36608.0/37230.0 days/days; walltime: 0.4
36609.0/37230.0 days/days; walltime: 0.1
36610.0/37230.0 days/days; walltime: 0.3
36611.0/37230.0 days/days; walltime: 0.2
36612.0/37230.0 days/days; walltime: 0.4
36613.0/37230.0 days/days; walltime: 0.1
36614.0/37230.0 days/days; walltime: 0.3
36615.0/37230.0 days/days; walltime: 0.2
36616.0/37230.0 days/days; walltime: 0.4
36617.0/37230.0 days/days; walltime: 0.1
36618.0/37230.0 days/days; walltime: 0.3
36619.0/37230.0 days/days; walltime: 0.2
36620.0/37230.0 days/days; walltime: 0.4
36621.0/37230.0 days/days; walltime: 0.1
--36622.0/37230.0 days/days; walltime: 2.8
---36623.0/37230.0 days/days; walltime: 27.2
36624.0/37230.0 days/days; walltime: 41.6
36625.0/37230.0 days/days; walltime: 4.9
36626.0/37230.0 days/days; walltime: 1.3
36627.0/37230.0 days/days; walltime: 0.9
36628.0/37230.0 days/days; walltime: 0.5
36629.0/37230.0 days/days; walltime: 0.4
36630.0/37230.0 days/days; walltime: 0.4
36631.0/37230.0 days/days; walltime: 0.2
36632.0/37230.0 days/days; walltime: 0.4
36633.0/37230.0 days/days; walltime: 0.1
36634.0/37230.0 days/days; walltime: 0.2
36635.0/37230.0 days/days; walltime: 0.4
36636.0/37230.0 days/days; walltime: 0.1
36637.0/37230.0 days/days; walltime: 0.4
--36638.0/37230.0 days/days; walltime: 12.7
36639.0/37230.0 days/days; walltime: 31.9
36640.0/37230.0 days/days; walltime: 73.1
36641.0/37230.0 days/days; walltime: 38.6
36642.0/37230.0 days/days; walltime: 2.2
36643.0/37230.0 days/days; walltime: 1.6
36644.0/37230.0 days/days; walltime: 1.4
36645.0/37230.0 days/days; walltime: 1.2
36646.0/37230.0 days/days; walltime: 1.4
36647.0/37230.0 days/days; walltime: 8.6
36648.0/37230.0 days/days; walltime: 3.7
36649.0/37230.0 days/days; walltime: 0.8
36650.0/37230.0 days/days; walltime: 0.8
36651.0/37230.0 days/days; walltime: 0.8
36652.0/37230.0 days/days; walltime: 0.8
36653.0/37230.0 days/days; walltime: 37.3
36654.0/37230.0 days/days; walltime: 59.2
36655.0/37230.0 days/days; walltime: 173.6
36656.0/37230.0 days/days; walltime: 139.0
36657.0/37230.0 days/days; walltime: 226.5
36658.0/37230.0 days/days; walltime: 469.2
36659.0/37230.0 days/days; walltime: 175.8
36660.0/37230.0 days/days; walltime: 419.0
36661.0/37230.0 days/days; walltime: 112.5
36662.0/37230.0 days/days; walltime: 258.1
36663.0/37230.0 days/days; walltime: 58.7
36664.0/37230.0 days/days; walltime: 50.1
36665.0/37230.0 days/days; walltime: 50.4
36666.0/37230.0 days/days; walltime: 90.8
36667.0/37230.0 days/days; walltime: 99.1
36668.0/37230.0 days/days; walltime: 639.4
36669.0/37230.0 days/days; walltime: 287.9
36670.0/37230.0 days/days; walltime: 346.2
36671.0/37230.0 days/days; walltime: 99.1
36672.0/37230.0 days/days; walltime: 97.1
36673.0/37230.0 days/days; walltime: 314.7
36674.0/37230.0 days/days; walltime: 207.4
36675.0/37230.0 days/days; walltime: 48.5
36676.0/37230.0 days/days; walltime: 237.8
36677.0/37230.0 days/days; walltime: 434.5
36678.0/37230.0 days/days; walltime: 107.2
36679.0/37230.0 days/days; walltime: 116.8
36680.0/37230.0 days/days; walltime: 111.6
36681.0/37230.0 days/days; walltime: 81.4
36682.0/37230.0 days/days; walltime: 72.6
36683.0/37230.0 days/days; walltime: 142.4
36684.0/37230.0 days/days; walltime: 203.2
36685.0/37230.0 days/days; walltime: 536.5
36686.0/37230.0 days/days; walltime: 471.4
36687.0/37230.0 days/days; walltime: 373.9
36688.0/37230.0 days/days; walltime: 138.5
36689.0/37230.0 days/days; walltime: 279.7
36690.0/37230.0 days/days; walltime: 477.6
36691.0/37230.0 days/days; walltime: 129.3
36692.0/37230.0 days/days; walltime: 147.3
36693.0/37230.0 days/days; walltime: 41.8
36694.0/37230.0 days/days; walltime: 57.4
36695.0/37230.0 days/days; walltime: 56.4
36696.0/37230.0 days/days; walltime: 65.7
36697.0/37230.0 days/days; walltime: 121.6
36698.0/37230.0 days/days; walltime: 315.6
36699.0/37230.0 days/days; walltime: 249.9
36700.0/37230.0 days/days; walltime: 216.2
36701.0/37230.0 days/days; walltime: 133.7
36702.0/37230.0 days/days; walltime: 79.7
36703.0/37230.0 days/days; walltime: 49.4
36704.0/37230.0 days/days; walltime: 174.8
36705.0/37230.0 days/days; walltime: 400.4
36706.0/37230.0 days/days; walltime: 296.1
36707.0/37230.0 days/days; walltime: 173.7
36708.0/37230.0 days/days; walltime: 224.8
36709.0/37230.0 days/days; walltime: 167.9
36710.0/37230.0 days/days; walltime: 108.8
36711.0/37230.0 days/days; walltime: 263.4
36712.0/37230.0 days/days; walltime: 122.5
36713.0/37230.0 days/days; walltime: 342.5
36714.0/37230.0 days/days; walltime: 88.7
36715.0/37230.0 days/days; walltime: 112.6
36716.0/37230.0 days/days; walltime: 85.1
36717.0/37230.0 days/days; walltime: 82.3
36718.0/37230.0 days/days; walltime: 44.1
36719.0/37230.0 days/days; walltime: 16.3
36720.0/37230.0 days/days; walltime: 239.8
36721.0/37230.0 days/days; walltime: 315.9
36722.0/37230.0 days/days; walltime: 409.2
36723.0/37230.0 days/days; walltime: 306.4
36724.0/37230.0 days/days; walltime: 230.9
36725.0/37230.0 days/days; walltime: 317.4
36726.0/37230.0 days/days; walltime: 153.3
36727.0/37230.0 days/days; walltime: 102.1
36728.0/37230.0 days/days; walltime: 527.2
36729.0/37230.0 days/days; walltime: 379.7
36730.0/37230.0 days/days; walltime: 409.9
36731.0/37230.0 days/days; walltime: 195.1
36732.0/37230.0 days/days; walltime: 181.8
36733.0/37230.0 days/days; walltime: 379.1
36734.0/37230.0 days/days; walltime: 162.2
36735.0/37230.0 days/days; walltime: 104.3
36736.0/37230.0 days/days; walltime: 153.4
36737.0/37230.0 days/days; walltime: 47.2
36738.0/37230.0 days/days; walltime: 68.6
36739.0/37230.0 days/days; walltime: 114.4
36740.0/37230.0 days/days; walltime: 73.9
36741.0/37230.0 days/days; walltime: 474.4
36742.0/37230.0 days/days; walltime: 681.6
36743.0/37230.0 days/days; walltime: 1059.4
36744.0/37230.0 days/days; walltime: 512.6
36745.0/37230.0 days/days; walltime: 279.9
36746.0/37230.0 days/days; walltime: 211.2
36747.0/37230.0 days/days; walltime: 543.4
36748.0/37230.0 days/days; walltime: 315.4
36749.0/37230.0 days/days; walltime: 600.1
36750.0/37230.0 days/days; walltime: 145.1
36751.0/37230.0 days/days; walltime: 75.8
36752.0/37230.0 days/days; walltime: 239.2
36753.0/37230.0 days/days; walltime: 58.0
36754.0/37230.0 days/days; walltime: 70.3
36755.0/37230.0 days/days; walltime: 36.2
36756.0/37230.0 days/days; walltime: 28.9
36757.0/37230.0 days/days; walltime: 21.1
36758.0/37230.0 days/days; walltime: 6.4
36759.0/37230.0 days/days; walltime: 5.7
36760.0/37230.0 days/days; walltime: 25.1
36761.0/37230.0 days/days; walltime: 226.6
36762.0/37230.0 days/days; walltime: 186.7
36763.0/37230.0 days/days; walltime: 9.5
36764.0/37230.0 days/days; walltime: 99.1
36765.0/37230.0 days/days; walltime: 118.1
36766.0/37230.0 days/days; walltime: 6.2
36767.0/37230.0 days/days; walltime: 18.3
36768.0/37230.0 days/days; walltime: 2.3
36769.0/37230.0 days/days; walltime: 5.9
36770.0/37230.0 days/days; walltime: 1.7
36771.0/37230.0 days/days; walltime: 1.3
36772.0/37230.0 days/days; walltime: 1.6
36773.0/37230.0 days/days; walltime: 4.6
36774.0/37230.0 days/days; walltime: 1.0
36775.0/37230.0 days/days; walltime: 0.9
36776.0/37230.0 days/days; walltime: 0.9
36777.0/37230.0 days/days; walltime: 0.8
36778.0/37230.0 days/days; walltime: 0.9
36779.0/37230.0 days/days; walltime: 0.8
36780.0/37230.0 days/days; walltime: 0.6
36781.0/37230.0 days/days; walltime: 0.8
36782.0/37230.0 days/days; walltime: 45.3
36783.0/37230.0 days/days; walltime: 136.0
36784.0/37230.0 days/days; walltime: 272.2
36785.0/37230.0 days/days; walltime: 656.7
36786.0/37230.0 days/days; walltime: 172.4
36787.0/37230.0 days/days; walltime: 28.2
36788.0/37230.0 days/days; walltime: 21.6
36789.0/37230.0 days/days; walltime: 10.4
36790.0/37230.0 days/days; walltime: 20.8
36791.0/37230.0 days/days; walltime: 37.1
36792.0/37230.0 days/days; walltime: 15.6
36793.0/37230.0 days/days; walltime: 18.8
36794.0/37230.0 days/days; walltime: 25.8
36795.0/37230.0 days/days; walltime: 12.3
36796.0/37230.0 days/days; walltime: 14.7
36797.0/37230.0 days/days; walltime: 7.7
36798.0/37230.0 days/days; walltime: 21.7
36799.0/37230.0 days/days; walltime: 9.2
36800.0/37230.0 days/days; walltime: 1.5
36801.0/37230.0 days/days; walltime: 1.0
36802.0/37230.0 days/days; walltime: 8.3
36803.0/37230.0 days/days; walltime: 1.1
36804.0/37230.0 days/days; walltime: 1.0
36805.0/37230.0 days/days; walltime: 1.1
36806.0/37230.0 days/days; walltime: 0.9
36807.0/37230.0 days/days; walltime: 0.9
36808.0/37230.0 days/days; walltime: 4.0
36809.0/37230.0 days/days; walltime: 0.5
36810.0/37230.0 days/days; walltime: 0.7
36811.0/37230.0 days/days; walltime: 0.5
36812.0/37230.0 days/days; walltime: 0.5
36813.0/37230.0 days/days; walltime: 0.5
36814.0/37230.0 days/days; walltime: 0.4
36815.0/37230.0 days/days; walltime: 1.1
36816.0/37230.0 days/days; walltime: 0.4
36817.0/37230.0 days/days; walltime: 0.5
36818.0/37230.0 days/days; walltime: 0.4
36819.0/37230.0 days/days; walltime: 0.4
36820.0/37230.0 days/days; walltime: 0.4
36821.0/37230.0 days/days; walltime: 0.4
36822.0/37230.0 days/days; walltime: 0.4
36823.0/37230.0 days/days; walltime: 0.2
36824.0/37230.0 days/days; walltime: 0.4
36825.0/37230.0 days/days; walltime: 0.4
36826.0/37230.0 days/days; walltime: 0.4
36827.0/37230.0 days/days; walltime: 0.4
36828.0/37230.0 days/days; walltime: 0.1
36829.0/37230.0 days/days; walltime: 0.4
36830.0/37230.0 days/days; walltime: 0.2
36831.0/37230.0 days/days; walltime: 0.4
36832.0/37230.0 days/days; walltime: 0.4
36833.0/37230.0 days/days; walltime: 0.4
36834.0/37230.0 days/days; walltime: 0.2
36835.0/37230.0 days/days; walltime: 0.4
36836.0/37230.0 days/days; walltime: 0.3
36837.0/37230.0 days/days; walltime: 0.2
36838.0/37230.0 days/days; walltime: 0.4
36839.0/37230.0 days/days; walltime: 0.3
36840.0/37230.0 days/days; walltime: 0.4
36841.0/37230.0 days/days; walltime: 0.4
36842.0/37230.0 days/days; walltime: 0.3
36843.0/37230.0 days/days; walltime: 0.4
36844.0/37230.0 days/days; walltime: 0.3
36845.0/37230.0 days/days; walltime: 0.4
36846.0/37230.0 days/days; walltime: 0.3
36847.0/37230.0 days/days; walltime: 0.4
36848.0/37230.0 days/days; walltime: 0.2
36849.0/37230.0 days/days; walltime: 0.4
36850.0/37230.0 days/days; walltime: 0.2
36851.0/37230.0 days/days; walltime: 0.3
36852.0/37230.0 days/days; walltime: 0.4
36853.0/37230.0 days/days; walltime: 0.3
36854.0/37230.0 days/days; walltime: 0.3
36855.0/37230.0 days/days; walltime: 0.3
36856.0/37230.0 days/days; walltime: 0.3
36857.0/37230.0 days/days; walltime: 0.3
36858.0/37230.0 days/days; walltime: 0.5
36859.0/37230.0 days/days; walltime: 0.2
36860.0/37230.0 days/days; walltime: 0.4
36861.0/37230.0 days/days; walltime: 0.3
36862.0/37230.0 days/days; walltime: 0.4
36863.0/37230.0 days/days; walltime: 0.3
36864.0/37230.0 days/days; walltime: 3.1
36865.0/37230.0 days/days; walltime: 0.6
36866.0/37230.0 days/days; walltime: 0.2
36867.0/37230.0 days/days; walltime: 0.3
36868.0/37230.0 days/days; walltime: 0.1
36869.0/37230.0 days/days; walltime: 0.3
36870.0/37230.0 days/days; walltime: 0.1
36871.0/37230.0 days/days; walltime: 0.3
36872.0/37230.0 days/days; walltime: 0.1
36873.0/37230.0 days/days; walltime: 0.3
36874.0/37230.0 days/days; walltime: 0.1
36875.0/37230.0 days/days; walltime: 0.3
36876.0/37230.0 days/days; walltime: 0.1
36877.0/37230.0 days/days; walltime: 0.1
36878.0/37230.0 days/days; walltime: 0.3
36879.0/37230.0 days/days; walltime: 0.1
36880.0/37230.0 days/days; walltime: 0.3
36881.0/37230.0 days/days; walltime: 0.1
36882.0/37230.0 days/days; walltime: 0.3
36883.0/37230.0 days/days; walltime: 0.1
36884.0/37230.0 days/days; walltime: 0.1
36885.0/37230.0 days/days; walltime: 0.3
36886.0/37230.0 days/days; walltime: 0.1
36887.0/37230.0 days/days; walltime: 0.3
36888.0/37230.0 days/days; walltime: 0.1
36889.0/37230.0 days/days; walltime: 0.1
36890.0/37230.0 days/days; walltime: 0.3
36891.0/37230.0 days/days; walltime: 0.1
36892.0/37230.0 days/days; walltime: 0.3
36893.0/37230.0 days/days; walltime: 0.1
36894.0/37230.0 days/days; walltime: 0.1
36895.0/37230.0 days/days; walltime: 0.1
36896.0/37230.0 days/days; walltime: 0.3
36897.0/37230.0 days/days; walltime: 0.1
36898.0/37230.0 days/days; walltime: 0.3
36899.0/37230.0 days/days; walltime: 0.1
36900.0/37230.0 days/days; walltime: 0.1
36901.0/37230.0 days/days; walltime: 0.1
36902.0/37230.0 days/days; walltime: 0.1
36903.0/37230.0 days/days; walltime: 0.1
36904.0/37230.0 days/days; walltime: 0.1
36905.0/37230.0 days/days; walltime: 0.1
36906.0/37230.0 days/days; walltime: 0.1
36907.0/37230.0 days/days; walltime: 0.1
36908.0/37230.0 days/days; walltime: 0.1
36909.0/37230.0 days/days; walltime: 0.1
36910.0/37230.0 days/days; walltime: 0.1
36911.0/37230.0 days/days; walltime: 0.3
36912.0/37230.0 days/days; walltime: 0.1
36913.0/37230.0 days/days; walltime: 0.1
36914.0/37230.0 days/days; walltime: 0.3
36915.0/37230.0 days/days; walltime: 0.1
36916.0/37230.0 days/days; walltime: 0.3
36917.0/37230.0 days/days; walltime: 0.1
36918.0/37230.0 days/days; walltime: 0.1
36919.0/37230.0 days/days; walltime: 0.3
36920.0/37230.0 days/days; walltime: 0.1
36921.0/37230.0 days/days; walltime: 0.1
36922.0/37230.0 days/days; walltime: 0.3
36923.0/37230.0 days/days; walltime: 0.1
36924.0/37230.0 days/days; walltime: 0.3
36925.0/37230.0 days/days; walltime: 0.1
36926.0/37230.0 days/days; walltime: 0.1
36927.0/37230.0 days/days; walltime: 0.2
36928.0/37230.0 days/days; walltime: 0.1
36929.0/37230.0 days/days; walltime: 0.1
36930.0/37230.0 days/days; walltime: 0.3
36931.0/37230.0 days/days; walltime: 0.1
36932.0/37230.0 days/days; walltime: 0.1
36933.0/37230.0 days/days; walltime: 0.3
36934.0/37230.0 days/days; walltime: 0.1
36935.0/37230.0 days/days; walltime: 0.1
36936.0/37230.0 days/days; walltime: 0.3
36937.0/37230.0 days/days; walltime: 0.1
36938.0/37230.0 days/days; walltime: 0.1
36939.0/37230.0 days/days; walltime: 0.3
36940.0/37230.0 days/days; walltime: 0.1
36941.0/37230.0 days/days; walltime: 0.1
36942.0/37230.0 days/days; walltime: 0.3
36943.0/37230.0 days/days; walltime: 0.1
36944.0/37230.0 days/days; walltime: 0.1
36945.0/37230.0 days/days; walltime: 0.4
36946.0/37230.0 days/days; walltime: 0.1
36947.0/37230.0 days/days; walltime: 0.1
36948.0/37230.0 days/days; walltime: 0.2
36949.0/37230.0 days/days; walltime: 0.2
36950.0/37230.0 days/days; walltime: 0.1
36951.0/37230.0 days/days; walltime: 0.3
36952.0/37230.0 days/days; walltime: 0.1
36953.0/37230.0 days/days; walltime: 0.3
36954.0/37230.0 days/days; walltime: 0.3
36955.0/37230.0 days/days; walltime: 0.1
36956.0/37230.0 days/days; walltime: 0.1
36957.0/37230.0 days/days; walltime: 0.1
36958.0/37230.0 days/days; walltime: 0.3
36959.0/37230.0 days/days; walltime: 0.2
36960.0/37230.0 days/days; walltime: 0.1
36961.0/37230.0 days/days; walltime: 0.3
36962.0/37230.0 days/days; walltime: 0.1
36963.0/37230.0 days/days; walltime: 0.1
36964.0/37230.0 days/days; walltime: 0.1
36965.0/37230.0 days/days; walltime: 0.1
36966.0/37230.0 days/days; walltime: 0.1
36967.0/37230.0 days/days; walltime: 3.3
36968.0/37230.0 days/days; walltime: 0.3
36969.0/37230.0 days/days; walltime: 0.1
36970.0/37230.0 days/days; walltime: 0.1
36971.0/37230.0 days/days; walltime: 0.3
36972.0/37230.0 days/days; walltime: 0.1
36973.0/37230.0 days/days; walltime: 0.1
36974.0/37230.0 days/days; walltime: 0.1
36975.0/37230.0 days/days; walltime: 0.4
36976.0/37230.0 days/days; walltime: 0.1
36977.0/37230.0 days/days; walltime: 0.1
36978.0/37230.0 days/days; walltime: 0.1
36979.0/37230.0 days/days; walltime: 0.2
36980.0/37230.0 days/days; walltime: 0.1
36981.0/37230.0 days/days; walltime: 0.1
36982.0/37230.0 days/days; walltime: 0.1
36983.0/37230.0 days/days; walltime: 0.2
36984.0/37230.0 days/days; walltime: 0.1
36985.0/37230.0 days/days; walltime: 0.1
36986.0/37230.0 days/days; walltime: 0.1
--36987.0/37230.0 days/days; walltime: 2.5
--36988.0/37230.0 days/days; walltime: 29.0
36989.0/37230.0 days/days; walltime: 33.5
36990.0/37230.0 days/days; walltime: 3.7
36991.0/37230.0 days/days; walltime: 1.7
36992.0/37230.0 days/days; walltime: 1.1
36993.0/37230.0 days/days; walltime: 0.6
36994.0/37230.0 days/days; walltime: 2.8
36995.0/37230.0 days/days; walltime: 0.2
36996.0/37230.0 days/days; walltime: 0.4
36997.0/37230.0 days/days; walltime: 0.2
36998.0/37230.0 days/days; walltime: 0.4
36999.0/37230.0 days/days; walltime: 0.2
37000.0/37230.0 days/days; walltime: 0.1
37001.0/37230.0 days/days; walltime: 0.4
37002.0/37230.0 days/days; walltime: 0.1
37003.0/37230.0 days/days; walltime: 20.6
37004.0/37230.0 days/days; walltime: 46.7
37005.0/37230.0 days/days; walltime: 80.6
37006.0/37230.0 days/days; walltime: 34.3
37007.0/37230.0 days/days; walltime: 3.4
37008.0/37230.0 days/days; walltime: 2.1
37009.0/37230.0 days/days; walltime: 1.3
37010.0/37230.0 days/days; walltime: 1.4
37011.0/37230.0 days/days; walltime: 1.6
37012.0/37230.0 days/days; walltime: 1.4
37013.0/37230.0 days/days; walltime: 3.7
37014.0/37230.0 days/days; walltime: 17.5
37015.0/37230.0 days/days; walltime: 0.9
37016.0/37230.0 days/days; walltime: 0.8
37017.0/37230.0 days/days; walltime: 0.9
37018.0/37230.0 days/days; walltime: 34.9
37019.0/37230.0 days/days; walltime: 66.6
37020.0/37230.0 days/days; walltime: 194.0
37021.0/37230.0 days/days; walltime: 188.9
37022.0/37230.0 days/days; walltime: 240.2
37023.0/37230.0 days/days; walltime: 593.9
37024.0/37230.0 days/days; walltime: 206.8
37025.0/37230.0 days/days; walltime: 431.9
37026.0/37230.0 days/days; walltime: 128.0
37027.0/37230.0 days/days; walltime: 296.6
37028.0/37230.0 days/days; walltime: 81.1
37029.0/37230.0 days/days; walltime: 78.3
37030.0/37230.0 days/days; walltime: 44.9
37031.0/37230.0 days/days; walltime: 90.7
37032.0/37230.0 days/days; walltime: 112.6
37033.0/37230.0 days/days; walltime: 654.8
37034.0/37230.0 days/days; walltime: 269.8
37035.0/37230.0 days/days; walltime: 371.4
37036.0/37230.0 days/days; walltime: 145.4
37037.0/37230.0 days/days; walltime: 126.4
37038.0/37230.0 days/days; walltime: 317.1
37039.0/37230.0 days/days; walltime: 247.0
37040.0/37230.0 days/days; walltime: 46.4
37041.0/37230.0 days/days; walltime: 281.8
37042.0/37230.0 days/days; walltime: 467.2
37043.0/37230.0 days/days; walltime: 116.9
37044.0/37230.0 days/days; walltime: 130.6
37045.0/37230.0 days/days; walltime: 101.1
37046.0/37230.0 days/days; walltime: 91.4
37047.0/37230.0 days/days; walltime: 45.9
37048.0/37230.0 days/days; walltime: 176.9
37049.0/37230.0 days/days; walltime: 205.3
37050.0/37230.0 days/days; walltime: 605.2
37051.0/37230.0 days/days; walltime: 546.3
37052.0/37230.0 days/days; walltime: 376.4
37053.0/37230.0 days/days; walltime: 153.3
37054.0/37230.0 days/days; walltime: 315.4
37055.0/37230.0 days/days; walltime: 456.1
37056.0/37230.0 days/days; walltime: 171.8
37057.0/37230.0 days/days; walltime: 174.4
37058.0/37230.0 days/days; walltime: 81.0
37059.0/37230.0 days/days; walltime: 61.7
37060.0/37230.0 days/days; walltime: 84.7
37061.0/37230.0 days/days; walltime: 72.0
37062.0/37230.0 days/days; walltime: 121.2
37063.0/37230.0 days/days; walltime: 351.5
37064.0/37230.0 days/days; walltime: 272.3
37065.0/37230.0 days/days; walltime: 246.7
37066.0/37230.0 days/days; walltime: 158.1
37067.0/37230.0 days/days; walltime: 104.2
37068.0/37230.0 days/days; walltime: 51.8
37069.0/37230.0 days/days; walltime: 230.5
37070.0/37230.0 days/days; walltime: 409.2
37071.0/37230.0 days/days; walltime: 299.0
37072.0/37230.0 days/days; walltime: 207.3
37073.0/37230.0 days/days; walltime: 213.9
37074.0/37230.0 days/days; walltime: 131.0
37075.0/37230.0 days/days; walltime: 111.6
37076.0/37230.0 days/days; walltime: 263.0
37077.0/37230.0 days/days; walltime: 121.3
37078.0/37230.0 days/days; walltime: 348.2
37079.0/37230.0 days/days; walltime: 88.6
37080.0/37230.0 days/days; walltime: 108.9
37081.0/37230.0 days/days; walltime: 84.1
37082.0/37230.0 days/days; walltime: 45.0
37083.0/37230.0 days/days; walltime: 43.3
37084.0/37230.0 days/days; walltime: 24.3
37085.0/37230.0 days/days; walltime: 317.4
37086.0/37230.0 days/days; walltime: 283.5
37087.0/37230.0 days/days; walltime: 461.6
37088.0/37230.0 days/days; walltime: 349.1
37089.0/37230.0 days/days; walltime: 218.0
37090.0/37230.0 days/days; walltime: 305.3
37091.0/37230.0 days/days; walltime: 201.2
37092.0/37230.0 days/days; walltime: 114.5
37093.0/37230.0 days/days; walltime: 520.3
37094.0/37230.0 days/days; walltime: 467.4
37095.0/37230.0 days/days; walltime: 424.1
37096.0/37230.0 days/days; walltime: 194.7
37097.0/37230.0 days/days; walltime: 173.8
37098.0/37230.0 days/days; walltime: 362.4
37099.0/37230.0 days/days; walltime: 154.1
37100.0/37230.0 days/days; walltime: 122.3
37101.0/37230.0 days/days; walltime: 141.2
37102.0/37230.0 days/days; walltime: 56.5
37103.0/37230.0 days/days; walltime: 59.9
37104.0/37230.0 days/days; walltime: 74.3
37105.0/37230.0 days/days; walltime: 74.0
37106.0/37230.0 days/days; walltime: 432.6
37107.0/37230.0 days/days; walltime: 675.6
37108.0/37230.0 days/days; walltime: 986.5
37109.0/37230.0 days/days; walltime: 522.3
37110.0/37230.0 days/days; walltime: 253.1
37111.0/37230.0 days/days; walltime: 218.0
37112.0/37230.0 days/days; walltime: 498.8
37113.0/37230.0 days/days; walltime: 303.4
37114.0/37230.0 days/days; walltime: 606.5
37115.0/37230.0 days/days; walltime: 150.9
37116.0/37230.0 days/days; walltime: 73.7
37117.0/37230.0 days/days; walltime: 211.1
37118.0/37230.0 days/days; walltime: 67.0
37119.0/37230.0 days/days; walltime: 73.2
37120.0/37230.0 days/days; walltime: 40.3
37121.0/37230.0 days/days; walltime: 25.0
37122.0/37230.0 days/days; walltime: 15.2
37123.0/37230.0 days/days; walltime: 9.4
37124.0/37230.0 days/days; walltime: 5.6
37125.0/37230.0 days/days; walltime: 59.8
37126.0/37230.0 days/days; walltime: 167.4
37127.0/37230.0 days/days; walltime: 168.0
37128.0/37230.0 days/days; walltime: 7.0
37129.0/37230.0 days/days; walltime: 92.4
37130.0/37230.0 days/days; walltime: 112.0
37131.0/37230.0 days/days; walltime: 3.2
37132.0/37230.0 days/days; walltime: 2.9
37133.0/37230.0 days/days; walltime: 4.9
37134.0/37230.0 days/days; walltime: 2.4
37135.0/37230.0 days/days; walltime: 4.3
37136.0/37230.0 days/days; walltime: 1.5
37137.0/37230.0 days/days; walltime: 1.2
37138.0/37230.0 days/days; walltime: 1.1
37139.0/37230.0 days/days; walltime: 1.3
37140.0/37230.0 days/days; walltime: 1.0
37141.0/37230.0 days/days; walltime: 4.4
37142.0/37230.0 days/days; walltime: 0.9
37143.0/37230.0 days/days; walltime: 0.8
37144.0/37230.0 days/days; walltime: 0.8
37145.0/37230.0 days/days; walltime: 0.6
37146.0/37230.0 days/days; walltime: 0.7
37147.0/37230.0 days/days; walltime: 39.2
37148.0/37230.0 days/days; walltime: 130.4
37149.0/37230.0 days/days; walltime: 244.2
37150.0/37230.0 days/days; walltime: 631.5
37151.0/37230.0 days/days; walltime: 153.4
37152.0/37230.0 days/days; walltime: 40.2
37153.0/37230.0 days/days; walltime: 10.2
37154.0/37230.0 days/days; walltime: 14.6
37155.0/37230.0 days/days; walltime: 29.5
37156.0/37230.0 days/days; walltime: 34.4
37157.0/37230.0 days/days; walltime: 29.5
37158.0/37230.0 days/days; walltime: 16.0
37159.0/37230.0 days/days; walltime: 24.5
37160.0/37230.0 days/days; walltime: 13.5
37161.0/37230.0 days/days; walltime: 23.4
37162.0/37230.0 days/days; walltime: 6.1
37163.0/37230.0 days/days; walltime: 13.3
37164.0/37230.0 days/days; walltime: 7.3
37165.0/37230.0 days/days; walltime: 0.9
37166.0/37230.0 days/days; walltime: 1.0
37167.0/37230.0 days/days; walltime: 5.5
37168.0/37230.0 days/days; walltime: 1.2
37169.0/37230.0 days/days; walltime: 0.7
37170.0/37230.0 days/days; walltime: 1.1
37171.0/37230.0 days/days; walltime: 3.8
37172.0/37230.0 days/days; walltime: 0.5
37173.0/37230.0 days/days; walltime: 0.7
37174.0/37230.0 days/days; walltime: 0.5
37175.0/37230.0 days/days; walltime: 0.7
37176.0/37230.0 days/days; walltime: 0.5
37177.0/37230.0 days/days; walltime: 0.5
37178.0/37230.0 days/days; walltime: 0.4
37179.0/37230.0 days/days; walltime: 0.5
37180.0/37230.0 days/days; walltime: 0.4
37181.0/37230.0 days/days; walltime: 0.7
37182.0/37230.0 days/days; walltime: 0.4
37183.0/37230.0 days/days; walltime: 0.4
37184.0/37230.0 days/days; walltime: 0.4
37185.0/37230.0 days/days; walltime: 0.2
37186.0/37230.0 days/days; walltime: 0.4
37187.0/37230.0 days/days; walltime: 0.5
37188.0/37230.0 days/days; walltime: 0.5
37189.0/37230.0 days/days; walltime: 0.4
37190.0/37230.0 days/days; walltime: 0.5
37191.0/37230.0 days/days; walltime: 0.2
37192.0/37230.0 days/days; walltime: 0.5
37193.0/37230.0 days/days; walltime: 0.4
37194.0/37230.0 days/days; walltime: 0.4
37195.0/37230.0 days/days; walltime: 0.4
37196.0/37230.0 days/days; walltime: 0.3
37197.0/37230.0 days/days; walltime: 0.4
37198.0/37230.0 days/days; walltime: 0.4
37199.0/37230.0 days/days; walltime: 0.3
37200.0/37230.0 days/days; walltime: 0.4
37201.0/37230.0 days/days; walltime: 0.4
37202.0/37230.0 days/days; walltime: 0.3
37203.0/37230.0 days/days; walltime: 0.4
37204.0/37230.0 days/days; walltime: 0.3
37205.0/37230.0 days/days; walltime: 0.5
37206.0/37230.0 days/days; walltime: 0.2
37207.0/37230.0 days/days; walltime: 0.4
37208.0/37230.0 days/days; walltime: 0.5
37209.0/37230.0 days/days; walltime: 0.2
37210.0/37230.0 days/days; walltime: 0.4
37211.0/37230.0 days/days; walltime: 0.2
37212.0/37230.0 days/days; walltime: 0.4
37213.0/37230.0 days/days; walltime: 0.2
37214.0/37230.0 days/days; walltime: 0.2
37215.0/37230.0 days/days; walltime: 0.2
37216.0/37230.0 days/days; walltime: 0.5
37217.0/37230.0 days/days; walltime: 0.2
37218.0/37230.0 days/days; walltime: 0.4
37219.0/37230.0 days/days; walltime: 0.2
37220.0/37230.0 days/days; walltime: 0.4
37221.0/37230.0 days/days; walltime: 0.2
37222.0/37230.0 days/days; walltime: 0.2
37223.0/37230.0 days/days; walltime: 0.4
37224.0/37230.0 days/days; walltime: 0.2
37225.0/37230.0 days/days; walltime: 0.4
37226.0/37230.0 days/days; walltime: 0.2
37227.0/37230.0 days/days; walltime: 0.2
37228.0/37230.0 days/days; walltime: 0.1
37229.0/37230.0 days/days; walltime: 0.4
37230.0/37230.0 days/days; walltime: 0.4
Wallclock for model run: 52004.4s
 

fields = 

  struct with fields:

    nodes: [1x1 struct]
    edges: [1x1 struct]
       BC: [1x1 struct]

No cases left; exiting.
