Case 4:
Picked up JAVA_TOOL_OPTIONS: -Xmx2g
Opening log file:  /tmp/java.log.24720

                            < M A T L A B (R) >
                  Copyright 1984-2022 The MathWorks, Inc.
                  R2022a (9.12.0.1884302) 64-bit (glnxa64)
                             February 16, 2022

 
To get started, type doc.
For product information, visit www.mathworks.com.
 

config = 

  struct with fields:

                 k_s: 0.1000
                 l_c: 10
            n_moulin: 68
    creep_const_soft: 0
             mesh_nr: 4
                 k_c: 0.2000
               h_bed: 0.5000
               l_bed: 10
               alpha: 1.2500
                beta: 1.5000
               omega: 5.0000e-04
                 e_v: 1.0000e-04

Running model run (ode15s):
Run to steady
Saving model run to
./RUN/output_104_steady.nc
Fields, IC & BC initialised
Initial phi calculated in 1.8s
0.0/36500.0 days/days; walltime: 22.8
--------------------------------------------------------------1825.0/36500.0 days/days; walltime: 169.1
3650.0/36500.0 days/days; walltime: 5.7
5475.0/36500.0 days/days; walltime: 2.1
7300.0/36500.0 days/days; walltime: 1.4
------9125.0/36500.0 days/days; walltime: 6.0
-10950.0/36500.0 days/days; walltime: 709.1
12775.0/36500.0 days/days; walltime: 410.1
14600.0/36500.0 days/days; walltime: 308.9
16425.0/36500.0 days/days; walltime: 280.1
18250.0/36500.0 days/days; walltime: 321.7
-20075.0/36500.0 days/days; walltime: 74.4
21900.0/36500.0 days/days; walltime: 11.7
23725.0/36500.0 days/days; walltime: 8.7
25550.0/36500.0 days/days; walltime: 7.3
27375.0/36500.0 days/days; walltime: 2.9
29200.0/36500.0 days/days; walltime: 2.3
31025.0/36500.0 days/days; walltime: 2.2
32850.0/36500.0 days/days; walltime: 7.1
34675.0/36500.0 days/days; walltime: 1.7
36500.0/36500.0 days/days; walltime: 1.4
Wallclock for model run: 2362.2s
 

fields = 

  struct with fields:

    nodes: [1x1 struct]
    edges: [1x1 struct]
       BC: [1x1 struct]

Running model run (ode15s):
Run seasonal
Saving model run to
./RUN/output_104_seasonal.nc
IC initialised from struct
IC initialised from file/given & rest from parameters and given functions
36500.0/37230.0 days/days; walltime: 19.5
36501.0/37230.0 days/days; walltime: 66.1
36502.0/37230.0 days/days; walltime: 8.7
36503.0/37230.0 days/days; walltime: 9.6
36504.0/37230.0 days/days; walltime: 20.0
36505.0/37230.0 days/days; walltime: 22.4
36506.0/37230.0 days/days; walltime: 5.9
36507.0/37230.0 days/days; walltime: 7.6
36508.0/37230.0 days/days; walltime: 3.7
36509.0/37230.0 days/days; walltime: 8.9
36510.0/37230.0 days/days; walltime: 2.9
36511.0/37230.0 days/days; walltime: 4.9
36512.0/37230.0 days/days; walltime: 2.8
36513.0/37230.0 days/days; walltime: 2.4
36514.0/37230.0 days/days; walltime: 2.3
36515.0/37230.0 days/days; walltime: 46.1
36516.0/37230.0 days/days; walltime: 1.7
36517.0/37230.0 days/days; walltime: 40.2
36518.0/37230.0 days/days; walltime: 1.6
36519.0/37230.0 days/days; walltime: 1.6
36520.0/37230.0 days/days; walltime: 1.5
36521.0/37230.0 days/days; walltime: 1.4
36522.0/37230.0 days/days; walltime: 1.6
36523.0/37230.0 days/days; walltime: 1.3
36524.0/37230.0 days/days; walltime: 1.5
36525.0/37230.0 days/days; walltime: 1.3
36526.0/37230.0 days/days; walltime: 1.2
36527.0/37230.0 days/days; walltime: 1.2
36528.0/37230.0 days/days; walltime: 1.2
36529.0/37230.0 days/days; walltime: 4.8
36530.0/37230.0 days/days; walltime: 0.8
36531.0/37230.0 days/days; walltime: 0.8
36532.0/37230.0 days/days; walltime: 0.8
36533.0/37230.0 days/days; walltime: 0.6
36534.0/37230.0 days/days; walltime: 0.8
36535.0/37230.0 days/days; walltime: 0.7
36536.0/37230.0 days/days; walltime: 0.5
36537.0/37230.0 days/days; walltime: 0.7
36538.0/37230.0 days/days; walltime: 0.5
36539.0/37230.0 days/days; walltime: 2.8
36540.0/37230.0 days/days; walltime: 0.5
36541.0/37230.0 days/days; walltime: 0.5
36542.0/37230.0 days/days; walltime: 0.6
36543.0/37230.0 days/days; walltime: 0.5
36544.0/37230.0 days/days; walltime: 0.5
36545.0/37230.0 days/days; walltime: 0.4
36546.0/37230.0 days/days; walltime: 0.5
36547.0/37230.0 days/days; walltime: 0.4
36548.0/37230.0 days/days; walltime: 0.4
36549.0/37230.0 days/days; walltime: 0.6
36550.0/37230.0 days/days; walltime: 0.6
36551.0/37230.0 days/days; walltime: 2.5
36552.0/37230.0 days/days; walltime: 0.4
36553.0/37230.0 days/days; walltime: 0.4
36554.0/37230.0 days/days; walltime: 0.4
36555.0/37230.0 days/days; walltime: 0.4
36556.0/37230.0 days/days; walltime: 0.4
36557.0/37230.0 days/days; walltime: 0.4
36558.0/37230.0 days/days; walltime: 0.5
36559.0/37230.0 days/days; walltime: 0.4
36560.0/37230.0 days/days; walltime: 0.6
36561.0/37230.0 days/days; walltime: 2.4
36562.0/37230.0 days/days; walltime: 0.4
36563.0/37230.0 days/days; walltime: 0.4
36564.0/37230.0 days/days; walltime: 0.4
36565.0/37230.0 days/days; walltime: 0.4
36566.0/37230.0 days/days; walltime: 0.3
36567.0/37230.0 days/days; walltime: 0.6
36568.0/37230.0 days/days; walltime: 0.5
36569.0/37230.0 days/days; walltime: 0.5
36570.0/37230.0 days/days; walltime: 2.3
36571.0/37230.0 days/days; walltime: 0.2
36572.0/37230.0 days/days; walltime: 0.2
36573.0/37230.0 days/days; walltime: 0.2
36574.0/37230.0 days/days; walltime: 0.2
36575.0/37230.0 days/days; walltime: 0.2
36576.0/37230.0 days/days; walltime: 2.2
36577.0/37230.0 days/days; walltime: 0.5
36578.0/37230.0 days/days; walltime: 0.5
36579.0/37230.0 days/days; walltime: 0.5
36580.0/37230.0 days/days; walltime: 0.3
36581.0/37230.0 days/days; walltime: 0.4
36582.0/37230.0 days/days; walltime: 0.5
36583.0/37230.0 days/days; walltime: 0.2
36584.0/37230.0 days/days; walltime: 0.5
36585.0/37230.0 days/days; walltime: 0.2
36586.0/37230.0 days/days; walltime: 0.5
36587.0/37230.0 days/days; walltime: 0.4
36588.0/37230.0 days/days; walltime: 0.2
36589.0/37230.0 days/days; walltime: 0.2
36590.0/37230.0 days/days; walltime: 0.5
36591.0/37230.0 days/days; walltime: 0.4
36592.0/37230.0 days/days; walltime: 0.2
36593.0/37230.0 days/days; walltime: 0.4
36594.0/37230.0 days/days; walltime: 0.3
36595.0/37230.0 days/days; walltime: 0.4
36596.0/37230.0 days/days; walltime: 0.2
36597.0/37230.0 days/days; walltime: 0.4
36598.0/37230.0 days/days; walltime: 0.5
36599.0/37230.0 days/days; walltime: 0.2
36600.0/37230.0 days/days; walltime: 0.4
36601.0/37230.0 days/days; walltime: 0.2
36602.0/37230.0 days/days; walltime: 0.5
36603.0/37230.0 days/days; walltime: 0.2
36604.0/37230.0 days/days; walltime: 0.4
36605.0/37230.0 days/days; walltime: 0.2
36606.0/37230.0 days/days; walltime: 0.5
36607.0/37230.0 days/days; walltime: 0.4
36608.0/37230.0 days/days; walltime: 0.1
36609.0/37230.0 days/days; walltime: 2.1
36610.0/37230.0 days/days; walltime: 0.1
36611.0/37230.0 days/days; walltime: 0.4
36612.0/37230.0 days/days; walltime: 0.1
36613.0/37230.0 days/days; walltime: 0.3
36614.0/37230.0 days/days; walltime: 0.1
36615.0/37230.0 days/days; walltime: 0.3
36616.0/37230.0 days/days; walltime: 0.1
36617.0/37230.0 days/days; walltime: 0.3
36618.0/37230.0 days/days; walltime: 0.1
36619.0/37230.0 days/days; walltime: 0.3
36620.0/37230.0 days/days; walltime: 0.1
36621.0/37230.0 days/days; walltime: 0.3
36622.0/37230.0 days/days; walltime: 0.5
--36623.0/37230.0 days/days; walltime: 44.6
36624.0/37230.0 days/days; walltime: 30.6
36625.0/37230.0 days/days; walltime: 2.6
36626.0/37230.0 days/days; walltime: 1.5
36627.0/37230.0 days/days; walltime: 0.8
36628.0/37230.0 days/days; walltime: 0.6
36629.0/37230.0 days/days; walltime: 0.5
36630.0/37230.0 days/days; walltime: 0.4
36631.0/37230.0 days/days; walltime: 0.2
36632.0/37230.0 days/days; walltime: 0.4
36633.0/37230.0 days/days; walltime: 0.1
36634.0/37230.0 days/days; walltime: 0.2
36635.0/37230.0 days/days; walltime: 56.6
36636.0/37230.0 days/days; walltime: 7.6
36637.0/37230.0 days/days; walltime: 0.5
36638.0/37230.0 days/days; walltime: 11.2
36639.0/37230.0 days/days; walltime: 38.3
36640.0/37230.0 days/days; walltime: 35.1
36641.0/37230.0 days/days; walltime: 31.7
36642.0/37230.0 days/days; walltime: 2.0
36643.0/37230.0 days/days; walltime: 1.2
36644.0/37230.0 days/days; walltime: 1.0
36645.0/37230.0 days/days; walltime: 1.0
36646.0/37230.0 days/days; walltime: 1.0
36647.0/37230.0 days/days; walltime: 1.0
36648.0/37230.0 days/days; walltime: 1.0
36649.0/37230.0 days/days; walltime: 0.9
36650.0/37230.0 days/days; walltime: 1.2
36651.0/37230.0 days/days; walltime: 4.6
36652.0/37230.0 days/days; walltime: 1.1
36653.0/37230.0 days/days; walltime: 45.1
36654.0/37230.0 days/days; walltime: 65.8
36655.0/37230.0 days/days; walltime: 139.0
36656.0/37230.0 days/days; walltime: 94.7
36657.0/37230.0 days/days; walltime: 184.8
36658.0/37230.0 days/days; walltime: 500.3
36659.0/37230.0 days/days; walltime: 228.7
36660.0/37230.0 days/days; walltime: 371.9
36661.0/37230.0 days/days; walltime: 73.8
36662.0/37230.0 days/days; walltime: 228.8
36663.0/37230.0 days/days; walltime: 59.5
36664.0/37230.0 days/days; walltime: 24.4
36665.0/37230.0 days/days; walltime: 32.7
36666.0/37230.0 days/days; walltime: 81.0
36667.0/37230.0 days/days; walltime: 94.8
36668.0/37230.0 days/days; walltime: 531.4
36669.0/37230.0 days/days; walltime: 281.3
36670.0/37230.0 days/days; walltime: 321.4
36671.0/37230.0 days/days; walltime: 95.8
36672.0/37230.0 days/days; walltime: 112.2
36673.0/37230.0 days/days; walltime: 299.6
36674.0/37230.0 days/days; walltime: 260.2
36675.0/37230.0 days/days; walltime: 60.9
36676.0/37230.0 days/days; walltime: 314.5
36677.0/37230.0 days/days; walltime: 466.5
36678.0/37230.0 days/days; walltime: 108.8
36679.0/37230.0 days/days; walltime: 107.8
36680.0/37230.0 days/days; walltime: 114.8
36681.0/37230.0 days/days; walltime: 72.2
36682.0/37230.0 days/days; walltime: 63.2
36683.0/37230.0 days/days; walltime: 158.8
36684.0/37230.0 days/days; walltime: 189.6
36685.0/37230.0 days/days; walltime: 496.2
36686.0/37230.0 days/days; walltime: 516.3
36687.0/37230.0 days/days; walltime: 322.6
36688.0/37230.0 days/days; walltime: 154.3
36689.0/37230.0 days/days; walltime: 300.8
36690.0/37230.0 days/days; walltime: 450.9
36691.0/37230.0 days/days; walltime: 185.7
36692.0/37230.0 days/days; walltime: 154.3
36693.0/37230.0 days/days; walltime: 64.9
36694.0/37230.0 days/days; walltime: 61.6
36695.0/37230.0 days/days; walltime: 83.2
36696.0/37230.0 days/days; walltime: 43.0
36697.0/37230.0 days/days; walltime: 159.2
36698.0/37230.0 days/days; walltime: 304.1
36699.0/37230.0 days/days; walltime: 279.8
36700.0/37230.0 days/days; walltime: 236.0
36701.0/37230.0 days/days; walltime: 159.9
36702.0/37230.0 days/days; walltime: 65.7
36703.0/37230.0 days/days; walltime: 94.1
36704.0/37230.0 days/days; walltime: 223.8
36705.0/37230.0 days/days; walltime: 545.9
36706.0/37230.0 days/days; walltime: 409.3
36707.0/37230.0 days/days; walltime: 220.8
36708.0/37230.0 days/days; walltime: 331.8
36709.0/37230.0 days/days; walltime: 139.8
36710.0/37230.0 days/days; walltime: 105.2
36711.0/37230.0 days/days; walltime: 285.4
36712.0/37230.0 days/days; walltime: 140.1
36713.0/37230.0 days/days; walltime: 441.8
36714.0/37230.0 days/days; walltime: 86.0
36715.0/37230.0 days/days; walltime: 55.8
36716.0/37230.0 days/days; walltime: 41.4
36717.0/37230.0 days/days; walltime: 36.5
36718.0/37230.0 days/days; walltime: 32.5
36719.0/37230.0 days/days; walltime: 37.9
36720.0/37230.0 days/days; walltime: 333.7
36721.0/37230.0 days/days; walltime: 362.8
36722.0/37230.0 days/days; walltime: 407.7
36723.0/37230.0 days/days; walltime: 316.5
36724.0/37230.0 days/days; walltime: 191.8
36725.0/37230.0 days/days; walltime: 327.8
36726.0/37230.0 days/days; walltime: 208.3
36727.0/37230.0 days/days; walltime: 60.7
36728.0/37230.0 days/days; walltime: 541.6
36729.0/37230.0 days/days; walltime: 340.1
36730.0/37230.0 days/days; walltime: 355.0
36731.0/37230.0 days/days; walltime: 183.7
36732.0/37230.0 days/days; walltime: 191.2
36733.0/37230.0 days/days; walltime: 343.7
36734.0/37230.0 days/days; walltime: 158.3
36735.0/37230.0 days/days; walltime: 105.5
36736.0/37230.0 days/days; walltime: 181.0
36737.0/37230.0 days/days; walltime: 79.2
36738.0/37230.0 days/days; walltime: 49.4
36739.0/37230.0 days/days; walltime: 100.3
36740.0/37230.0 days/days; walltime: 108.2
36741.0/37230.0 days/days; walltime: 400.0
36742.0/37230.0 days/days; walltime: 708.7
36743.0/37230.0 days/days; walltime: 1108.1
36744.0/37230.0 days/days; walltime: 496.4
36745.0/37230.0 days/days; walltime: 300.1
36746.0/37230.0 days/days; walltime: 203.5
36747.0/37230.0 days/days; walltime: 489.7
36748.0/37230.0 days/days; walltime: 317.1
36749.0/37230.0 days/days; walltime: 636.5
36750.0/37230.0 days/days; walltime: 124.7
36751.0/37230.0 days/days; walltime: 77.0
36752.0/37230.0 days/days; walltime: 214.9
36753.0/37230.0 days/days; walltime: 58.4
36754.0/37230.0 days/days; walltime: 70.7
36755.0/37230.0 days/days; walltime: 35.7
36756.0/37230.0 days/days; walltime: 32.2
36757.0/37230.0 days/days; walltime: 32.0
36758.0/37230.0 days/days; walltime: 5.7
36759.0/37230.0 days/days; walltime: 3.5
36760.0/37230.0 days/days; walltime: 28.9
36761.0/37230.0 days/days; walltime: 210.4
36762.0/37230.0 days/days; walltime: 185.1
36763.0/37230.0 days/days; walltime: 12.7
36764.0/37230.0 days/days; walltime: 127.5
36765.0/37230.0 days/days; walltime: 130.9
36766.0/37230.0 days/days; walltime: 5.5
36767.0/37230.0 days/days; walltime: 2.3
36768.0/37230.0 days/days; walltime: 2.1
36769.0/37230.0 days/days; walltime: 1.7
36770.0/37230.0 days/days; walltime: 1.8
36771.0/37230.0 days/days; walltime: 1.7
36772.0/37230.0 days/days; walltime: 1.4
36773.0/37230.0 days/days; walltime: 1.6
36774.0/37230.0 days/days; walltime: 4.5
36775.0/37230.0 days/days; walltime: 29.9
36776.0/37230.0 days/days; walltime: 1.3
36777.0/37230.0 days/days; walltime: 0.8
36778.0/37230.0 days/days; walltime: 0.6
36779.0/37230.0 days/days; walltime: 0.8
36780.0/37230.0 days/days; walltime: 0.8
36781.0/37230.0 days/days; walltime: 0.8
36782.0/37230.0 days/days; walltime: 44.6
36783.0/37230.0 days/days; walltime: 110.7
36784.0/37230.0 days/days; walltime: 193.4
36785.0/37230.0 days/days; walltime: 605.2
36786.0/37230.0 days/days; walltime: 125.3
36787.0/37230.0 days/days; walltime: 15.7
36788.0/37230.0 days/days; walltime: 24.4
36789.0/37230.0 days/days; walltime: 14.3
36790.0/37230.0 days/days; walltime: 7.9
36791.0/37230.0 days/days; walltime: 20.4
36792.0/37230.0 days/days; walltime: 27.2
36793.0/37230.0 days/days; walltime: 26.2
36794.0/37230.0 days/days; walltime: 21.1
36795.0/37230.0 days/days; walltime: 13.6
36796.0/37230.0 days/days; walltime: 20.5
36797.0/37230.0 days/days; walltime: 17.3
36798.0/37230.0 days/days; walltime: 14.7
36799.0/37230.0 days/days; walltime: 1.1
36800.0/37230.0 days/days; walltime: 4.3
36801.0/37230.0 days/days; walltime: 3.0
36802.0/37230.0 days/days; walltime: 3.2
36803.0/37230.0 days/days; walltime: 1.5
36804.0/37230.0 days/days; walltime: 4.9
36805.0/37230.0 days/days; walltime: 0.8
36806.0/37230.0 days/days; walltime: 0.5
36807.0/37230.0 days/days; walltime: 0.7
36808.0/37230.0 days/days; walltime: 0.6
36809.0/37230.0 days/days; walltime: 0.5
36810.0/37230.0 days/days; walltime: 0.7
36811.0/37230.0 days/days; walltime: 0.5
36812.0/37230.0 days/days; walltime: 0.5
36813.0/37230.0 days/days; walltime: 1.1
36814.0/37230.0 days/days; walltime: 0.5
36815.0/37230.0 days/days; walltime: 0.5
36816.0/37230.0 days/days; walltime: 0.6
36817.0/37230.0 days/days; walltime: 0.5
36818.0/37230.0 days/days; walltime: 0.5
36819.0/37230.0 days/days; walltime: 0.6
36820.0/37230.0 days/days; walltime: 0.5
36821.0/37230.0 days/days; walltime: 0.5
36822.0/37230.0 days/days; walltime: 0.5
36823.0/37230.0 days/days; walltime: 0.5
36824.0/37230.0 days/days; walltime: 0.4
36825.0/37230.0 days/days; walltime: 0.6
36826.0/37230.0 days/days; walltime: 0.3
36827.0/37230.0 days/days; walltime: 0.5
36828.0/37230.0 days/days; walltime: 0.5
36829.0/37230.0 days/days; walltime: 0.5
36830.0/37230.0 days/days; walltime: 0.3
36831.0/37230.0 days/days; walltime: 0.5
36832.0/37230.0 days/days; walltime: 0.4
36833.0/37230.0 days/days; walltime: 0.3
36834.0/37230.0 days/days; walltime: 0.4
36835.0/37230.0 days/days; walltime: 0.5
36836.0/37230.0 days/days; walltime: 0.2
36837.0/37230.0 days/days; walltime: 0.5
36838.0/37230.0 days/days; walltime: 0.2
36839.0/37230.0 days/days; walltime: 0.5
36840.0/37230.0 days/days; walltime: 0.4
36841.0/37230.0 days/days; walltime: 0.2
36842.0/37230.0 days/days; walltime: 3.8
36843.0/37230.0 days/days; walltime: 0.7
36844.0/37230.0 days/days; walltime: 0.5
36845.0/37230.0 days/days; walltime: 0.3
36846.0/37230.0 days/days; walltime: 0.2
36847.0/37230.0 days/days; walltime: 0.2
36848.0/37230.0 days/days; walltime: 0.2
36849.0/37230.0 days/days; walltime: 0.3
36850.0/37230.0 days/days; walltime: 0.4
36851.0/37230.0 days/days; walltime: 0.2
36852.0/37230.0 days/days; walltime: 0.2
36853.0/37230.0 days/days; walltime: 0.3
36854.0/37230.0 days/days; walltime: 0.4
36855.0/37230.0 days/days; walltime: 0.2
36856.0/37230.0 days/days; walltime: 0.2
36857.0/37230.0 days/days; walltime: 0.4
36858.0/37230.0 days/days; walltime: 0.3
36859.0/37230.0 days/days; walltime: 0.4
36860.0/37230.0 days/days; walltime: 0.2
36861.0/37230.0 days/days; walltime: 0.4
36862.0/37230.0 days/days; walltime: 0.3
36863.0/37230.0 days/days; walltime: 0.4
36864.0/37230.0 days/days; walltime: 0.2
36865.0/37230.0 days/days; walltime: 0.4
36866.0/37230.0 days/days; walltime: 0.3
36867.0/37230.0 days/days; walltime: 0.4
36868.0/37230.0 days/days; walltime: 0.2
36869.0/37230.0 days/days; walltime: 0.4
36870.0/37230.0 days/days; walltime: 0.2
36871.0/37230.0 days/days; walltime: 0.4
36872.0/37230.0 days/days; walltime: 0.2
36873.0/37230.0 days/days; walltime: 0.4
36874.0/37230.0 days/days; walltime: 0.2
36875.0/37230.0 days/days; walltime: 0.4
36876.0/37230.0 days/days; walltime: 0.2
36877.0/37230.0 days/days; walltime: 0.4
36878.0/37230.0 days/days; walltime: 0.2
36879.0/37230.0 days/days; walltime: 0.4
36880.0/37230.0 days/days; walltime: 0.2
36881.0/37230.0 days/days; walltime: 0.2
36882.0/37230.0 days/days; walltime: 0.2
36883.0/37230.0 days/days; walltime: 0.4
36884.0/37230.0 days/days; walltime: 0.2
36885.0/37230.0 days/days; walltime: 0.4
36886.0/37230.0 days/days; walltime: 0.1
36887.0/37230.0 days/days; walltime: 0.2
36888.0/37230.0 days/days; walltime: 0.4
36889.0/37230.0 days/days; walltime: 0.2
36890.0/37230.0 days/days; walltime: 0.2
36891.0/37230.0 days/days; walltime: 0.2
36892.0/37230.0 days/days; walltime: 0.4
36893.0/37230.0 days/days; walltime: 0.1
36894.0/37230.0 days/days; walltime: 0.2
36895.0/37230.0 days/days; walltime: 0.2
36896.0/37230.0 days/days; walltime: 0.2
36897.0/37230.0 days/days; walltime: 0.1
36898.0/37230.0 days/days; walltime: 0.4
36899.0/37230.0 days/days; walltime: 0.1
36900.0/37230.0 days/days; walltime: 0.4
36901.0/37230.0 days/days; walltime: 0.1
36902.0/37230.0 days/days; walltime: 0.2
36903.0/37230.0 days/days; walltime: 0.2
36904.0/37230.0 days/days; walltime: 0.2
36905.0/37230.0 days/days; walltime: 0.1
36906.0/37230.0 days/days; walltime: 0.4
36907.0/37230.0 days/days; walltime: 0.1
36908.0/37230.0 days/days; walltime: 0.1
36909.0/37230.0 days/days; walltime: 0.5
36910.0/37230.0 days/days; walltime: 0.1
36911.0/37230.0 days/days; walltime: 0.1
36912.0/37230.0 days/days; walltime: 0.4
36913.0/37230.0 days/days; walltime: 0.1
36914.0/37230.0 days/days; walltime: 0.1
36915.0/37230.0 days/days; walltime: 0.4
36916.0/37230.0 days/days; walltime: 0.1
36917.0/37230.0 days/days; walltime: 0.1
36918.0/37230.0 days/days; walltime: 0.2
36919.0/37230.0 days/days; walltime: 0.1
36920.0/37230.0 days/days; walltime: 0.2
36921.0/37230.0 days/days; walltime: 0.3
36922.0/37230.0 days/days; walltime: 0.1
36923.0/37230.0 days/days; walltime: 0.1
36924.0/37230.0 days/days; walltime: 0.1
36925.0/37230.0 days/days; walltime: 0.4
36926.0/37230.0 days/days; walltime: 0.1
36927.0/37230.0 days/days; walltime: 0.1
36928.0/37230.0 days/days; walltime: 0.2
36929.0/37230.0 days/days; walltime: 0.1
36930.0/37230.0 days/days; walltime: 0.1
36931.0/37230.0 days/days; walltime: 0.1
36932.0/37230.0 days/days; walltime: 0.4
36933.0/37230.0 days/days; walltime: 0.1
36934.0/37230.0 days/days; walltime: 0.1
36935.0/37230.0 days/days; walltime: 0.2
36936.0/37230.0 days/days; walltime: 0.1
36937.0/37230.0 days/days; walltime: 0.1
36938.0/37230.0 days/days; walltime: 0.1
36939.0/37230.0 days/days; walltime: 0.1
36940.0/37230.0 days/days; walltime: 0.2
36941.0/37230.0 days/days; walltime: 0.2
36942.0/37230.0 days/days; walltime: 0.1
36943.0/37230.0 days/days; walltime: 0.2
36944.0/37230.0 days/days; walltime: 0.1
36945.0/37230.0 days/days; walltime: 0.1
36946.0/37230.0 days/days; walltime: 0.1
36947.0/37230.0 days/days; walltime: 0.1
36948.0/37230.0 days/days; walltime: 0.1
36949.0/37230.0 days/days; walltime: 0.1
36950.0/37230.0 days/days; walltime: 0.1
36951.0/37230.0 days/days; walltime: 0.4
36952.0/37230.0 days/days; walltime: 0.1
36953.0/37230.0 days/days; walltime: 0.1
36954.0/37230.0 days/days; walltime: 0.2
36955.0/37230.0 days/days; walltime: 0.1
36956.0/37230.0 days/days; walltime: 0.1
36957.0/37230.0 days/days; walltime: 0.1
36958.0/37230.0 days/days; walltime: 0.1
36959.0/37230.0 days/days; walltime: 0.1
36960.0/37230.0 days/days; walltime: 0.1
36961.0/37230.0 days/days; walltime: 0.4
36962.0/37230.0 days/days; walltime: 0.1
36963.0/37230.0 days/days; walltime: 0.1
36964.0/37230.0 days/days; walltime: 0.2
36965.0/37230.0 days/days; walltime: 0.1
36966.0/37230.0 days/days; walltime: 0.1
36967.0/37230.0 days/days; walltime: 0.1
36968.0/37230.0 days/days; walltime: 0.1
36969.0/37230.0 days/days; walltime: 0.1
36970.0/37230.0 days/days; walltime: 0.1
36971.0/37230.0 days/days; walltime: 0.2
36972.0/37230.0 days/days; walltime: 0.1
36973.0/37230.0 days/days; walltime: 0.4
36974.0/37230.0 days/days; walltime: 0.1
36975.0/37230.0 days/days; walltime: 0.1
36976.0/37230.0 days/days; walltime: 0.6
36977.0/37230.0 days/days; walltime: 0.1
36978.0/37230.0 days/days; walltime: 28.5
36979.0/37230.0 days/days; walltime: 0.5
36980.0/37230.0 days/days; walltime: 0.1
36981.0/37230.0 days/days; walltime: 0.4
36982.0/37230.0 days/days; walltime: 0.1
36983.0/37230.0 days/days; walltime: 0.1
36984.0/37230.0 days/days; walltime: 0.1
36985.0/37230.0 days/days; walltime: 0.1
36986.0/37230.0 days/days; walltime: 0.1
--36987.0/37230.0 days/days; walltime: 2.3
36988.0/37230.0 days/days; walltime: 55.5
36989.0/37230.0 days/days; walltime: 31.2
36990.0/37230.0 days/days; walltime: 46.4
36991.0/37230.0 days/days; walltime: 1.4
36992.0/37230.0 days/days; walltime: 0.9
36993.0/37230.0 days/days; walltime: 0.6
36994.0/37230.0 days/days; walltime: 0.6
36995.0/37230.0 days/days; walltime: 0.2
36996.0/37230.0 days/days; walltime: 0.4
36997.0/37230.0 days/days; walltime: 0.2
36998.0/37230.0 days/days; walltime: 0.4
36999.0/37230.0 days/days; walltime: 0.1
37000.0/37230.0 days/days; walltime: 9.6
37001.0/37230.0 days/days; walltime: 8.7
37002.0/37230.0 days/days; walltime: 0.5
-37003.0/37230.0 days/days; walltime: 9.4
37004.0/37230.0 days/days; walltime: 36.3
37005.0/37230.0 days/days; walltime: 62.0
37006.0/37230.0 days/days; walltime: 30.5
37007.0/37230.0 days/days; walltime: 2.9
37008.0/37230.0 days/days; walltime: 1.7
37009.0/37230.0 days/days; walltime: 1.3
37010.0/37230.0 days/days; walltime: 1.4
37011.0/37230.0 days/days; walltime: 1.4
37012.0/37230.0 days/days; walltime: 1.2
37013.0/37230.0 days/days; walltime: 1.2
37014.0/37230.0 days/days; walltime: 0.9
37015.0/37230.0 days/days; walltime: 1.0
37016.0/37230.0 days/days; walltime: 0.9
37017.0/37230.0 days/days; walltime: 21.8
37018.0/37230.0 days/days; walltime: 32.7
37019.0/37230.0 days/days; walltime: 62.8
37020.0/37230.0 days/days; walltime: 145.6
37021.0/37230.0 days/days; walltime: 111.6
37022.0/37230.0 days/days; walltime: 193.5
37023.0/37230.0 days/days; walltime: 533.9
37024.0/37230.0 days/days; walltime: 218.3
37025.0/37230.0 days/days; walltime: 458.2
37026.0/37230.0 days/days; walltime: 82.0
37027.0/37230.0 days/days; walltime: 239.0
37028.0/37230.0 days/days; walltime: 71.3
37029.0/37230.0 days/days; walltime: 32.7
37030.0/37230.0 days/days; walltime: 44.7
37031.0/37230.0 days/days; walltime: 95.9
37032.0/37230.0 days/days; walltime: 106.7
37033.0/37230.0 days/days; walltime: 607.2
37034.0/37230.0 days/days; walltime: 251.0
37035.0/37230.0 days/days; walltime: 343.0
37036.0/37230.0 days/days; walltime: 137.3
37037.0/37230.0 days/days; walltime: 122.5
37038.0/37230.0 days/days; walltime: 281.9
37039.0/37230.0 days/days; walltime: 239.2
37040.0/37230.0 days/days; walltime: 62.9
37041.0/37230.0 days/days; walltime: 327.6
37042.0/37230.0 days/days; walltime: 505.9
37043.0/37230.0 days/days; walltime: 109.9
37044.0/37230.0 days/days; walltime: 133.8
37045.0/37230.0 days/days; walltime: 110.9
37046.0/37230.0 days/days; walltime: 62.6
37047.0/37230.0 days/days; walltime: 70.9
37048.0/37230.0 days/days; walltime: 183.5
37049.0/37230.0 days/days; walltime: 196.8
37050.0/37230.0 days/days; walltime: 528.0
37051.0/37230.0 days/days; walltime: 489.6
37052.0/37230.0 days/days; walltime: 340.2
37053.0/37230.0 days/days; walltime: 129.9
37054.0/37230.0 days/days; walltime: 339.3
37055.0/37230.0 days/days; walltime: 440.8
37056.0/37230.0 days/days; walltime: 193.5
37057.0/37230.0 days/days; walltime: 163.5
37058.0/37230.0 days/days; walltime: 86.2
37059.0/37230.0 days/days; walltime: 39.4
37060.0/37230.0 days/days; walltime: 64.4
37061.0/37230.0 days/days; walltime: 51.8
37062.0/37230.0 days/days; walltime: 101.9
37063.0/37230.0 days/days; walltime: 309.0
37064.0/37230.0 days/days; walltime: 212.7
37065.0/37230.0 days/days; walltime: 217.2
37066.0/37230.0 days/days; walltime: 154.4
37067.0/37230.0 days/days; walltime: 79.0
37068.0/37230.0 days/days; walltime: 84.3
37069.0/37230.0 days/days; walltime: 221.6
37070.0/37230.0 days/days; walltime: 401.1
37071.0/37230.0 days/days; walltime: 306.7
37072.0/37230.0 days/days; walltime: 205.5
37073.0/37230.0 days/days; walltime: 233.8
37074.0/37230.0 days/days; walltime: 124.5
37075.0/37230.0 days/days; walltime: 75.9
37076.0/37230.0 days/days; walltime: 261.3
37077.0/37230.0 days/days; walltime: 97.8
37078.0/37230.0 days/days; walltime: 341.1
37079.0/37230.0 days/days; walltime: 93.4
37080.0/37230.0 days/days; walltime: 60.7
37081.0/37230.0 days/days; walltime: 35.6
37082.0/37230.0 days/days; walltime: 32.5
37083.0/37230.0 days/days; walltime: 37.4
37084.0/37230.0 days/days; walltime: 22.7
37085.0/37230.0 days/days; walltime: 264.1
37086.0/37230.0 days/days; walltime: 265.9
37087.0/37230.0 days/days; walltime: 407.5
37088.0/37230.0 days/days; walltime: 292.2
37089.0/37230.0 days/days; walltime: 193.5
37090.0/37230.0 days/days; walltime: 294.3
37091.0/37230.0 days/days; walltime: 159.4
37092.0/37230.0 days/days; walltime: 78.2
37093.0/37230.0 days/days; walltime: 508.6
37094.0/37230.0 days/days; walltime: 351.1
37095.0/37230.0 days/days; walltime: 360.8
37096.0/37230.0 days/days; walltime: 142.7
37097.0/37230.0 days/days; walltime: 141.5
37098.0/37230.0 days/days; walltime: 327.1
37099.0/37230.0 days/days; walltime: 127.0
37100.0/37230.0 days/days; walltime: 73.4
37101.0/37230.0 days/days; walltime: 146.7
37102.0/37230.0 days/days; walltime: 89.5
37103.0/37230.0 days/days; walltime: 49.6
37104.0/37230.0 days/days; walltime: 130.2
37105.0/37230.0 days/days; walltime: 140.3
37106.0/37230.0 days/days; walltime: 379.2
37107.0/37230.0 days/days; walltime: 642.3
37108.0/37230.0 days/days; walltime: 978.3
37109.0/37230.0 days/days; walltime: 568.6
37110.0/37230.0 days/days; walltime: 313.6
37111.0/37230.0 days/days; walltime: 201.5
37112.0/37230.0 days/days; walltime: 519.2
37113.0/37230.0 days/days; walltime: 274.9
37114.0/37230.0 days/days; walltime: 690.7
37115.0/37230.0 days/days; walltime: 186.4
37116.0/37230.0 days/days; walltime: 92.7
37117.0/37230.0 days/days; walltime: 200.1
37118.0/37230.0 days/days; walltime: 75.1
37119.0/37230.0 days/days; walltime: 45.8
37120.0/37230.0 days/days; walltime: 30.7
37121.0/37230.0 days/days; walltime: 18.2
37122.0/37230.0 days/days; walltime: 17.8
37123.0/37230.0 days/days; walltime: 5.4
37124.0/37230.0 days/days; walltime: 8.3
37125.0/37230.0 days/days; walltime: 25.5
37126.0/37230.0 days/days; walltime: 159.6
37127.0/37230.0 days/days; walltime: 164.9
37128.0/37230.0 days/days; walltime: 17.3
37129.0/37230.0 days/days; walltime: 133.7
37130.0/37230.0 days/days; walltime: 122.9
37131.0/37230.0 days/days; walltime: 7.0
37132.0/37230.0 days/days; walltime: 6.7
37133.0/37230.0 days/days; walltime: 1.7
37134.0/37230.0 days/days; walltime: 1.7
37135.0/37230.0 days/days; walltime: 1.2
37136.0/37230.0 days/days; walltime: 1.4
37137.0/37230.0 days/days; walltime: 1.4
37138.0/37230.0 days/days; walltime: 1.3
37139.0/37230.0 days/days; walltime: 4.4
37140.0/37230.0 days/days; walltime: 3.0
37141.0/37230.0 days/days; walltime: 0.9
37142.0/37230.0 days/days; walltime: 0.7
37143.0/37230.0 days/days; walltime: 0.6
37144.0/37230.0 days/days; walltime: 0.7
37145.0/37230.0 days/days; walltime: 0.8
37146.0/37230.0 days/days; walltime: 0.6
37147.0/37230.0 days/days; walltime: 57.1
37148.0/37230.0 days/days; walltime: 100.8
37149.0/37230.0 days/days; walltime: 189.5
37150.0/37230.0 days/days; walltime: 567.8
37151.0/37230.0 days/days; walltime: 139.9
37152.0/37230.0 days/days; walltime: 23.1
37153.0/37230.0 days/days; walltime: 13.0
37154.0/37230.0 days/days; walltime: 8.5
37155.0/37230.0 days/days; walltime: 9.8
37156.0/37230.0 days/days; walltime: 20.4
37157.0/37230.0 days/days; walltime: 21.3
37158.0/37230.0 days/days; walltime: 22.0
37159.0/37230.0 days/days; walltime: 14.0
37160.0/37230.0 days/days; walltime: 27.9
37161.0/37230.0 days/days; walltime: 10.1
37162.0/37230.0 days/days; walltime: 11.0
37163.0/37230.0 days/days; walltime: 5.4
37164.0/37230.0 days/days; walltime: 1.6
37165.0/37230.0 days/days; walltime: 7.9
37166.0/37230.0 days/days; walltime: 5.9
37167.0/37230.0 days/days; walltime: 4.9
37168.0/37230.0 days/days; walltime: 1.6
37169.0/37230.0 days/days; walltime: 0.6
37170.0/37230.0 days/days; walltime: 0.7
37171.0/37230.0 days/days; walltime: 0.7
37172.0/37230.0 days/days; walltime: 0.5
37173.0/37230.0 days/days; walltime: 0.8
37174.0/37230.0 days/days; walltime: 0.6
37175.0/37230.0 days/days; walltime: 0.4
37176.0/37230.0 days/days; walltime: 0.6
37177.0/37230.0 days/days; walltime: 0.6
37178.0/37230.0 days/days; walltime: 0.4
37179.0/37230.0 days/days; walltime: 0.6
37180.0/37230.0 days/days; walltime: 0.4
37181.0/37230.0 days/days; walltime: 0.6
37182.0/37230.0 days/days; walltime: 0.4
37183.0/37230.0 days/days; walltime: 0.6
37184.0/37230.0 days/days; walltime: 0.4
37185.0/37230.0 days/days; walltime: 0.6
37186.0/37230.0 days/days; walltime: 0.6
37187.0/37230.0 days/days; walltime: 0.4
37188.0/37230.0 days/days; walltime: 0.6
37189.0/37230.0 days/days; walltime: 0.4
37190.0/37230.0 days/days; walltime: 0.4
37191.0/37230.0 days/days; walltime: 0.6
37192.0/37230.0 days/days; walltime: 0.3
37193.0/37230.0 days/days; walltime: 0.4
37194.0/37230.0 days/days; walltime: 0.4
37195.0/37230.0 days/days; walltime: 0.2
37196.0/37230.0 days/days; walltime: 0.4
37197.0/37230.0 days/days; walltime: 0.5
37198.0/37230.0 days/days; walltime: 0.2
37199.0/37230.0 days/days; walltime: 0.4
37200.0/37230.0 days/days; walltime: 0.3
37201.0/37230.0 days/days; walltime: 0.3
37202.0/37230.0 days/days; walltime: 0.3
37203.0/37230.0 days/days; walltime: 0.2
37204.0/37230.0 days/days; walltime: 0.4
37205.0/37230.0 days/days; walltime: 0.3
37206.0/37230.0 days/days; walltime: 3.3
37207.0/37230.0 days/days; walltime: 2.7
37208.0/37230.0 days/days; walltime: 0.3
37209.0/37230.0 days/days; walltime: 0.2
37210.0/37230.0 days/days; walltime: 0.1
37211.0/37230.0 days/days; walltime: 0.1
37212.0/37230.0 days/days; walltime: 0.1
37213.0/37230.0 days/days; walltime: 0.2
37214.0/37230.0 days/days; walltime: 0.1
37215.0/37230.0 days/days; walltime: 0.1
37216.0/37230.0 days/days; walltime: 0.3
37217.0/37230.0 days/days; walltime: 0.2
37218.0/37230.0 days/days; walltime: 0.3
37219.0/37230.0 days/days; walltime: 0.1
37220.0/37230.0 days/days; walltime: 0.3
37221.0/37230.0 days/days; walltime: 0.2
37222.0/37230.0 days/days; walltime: 0.3
37223.0/37230.0 days/days; walltime: 0.3
37224.0/37230.0 days/days; walltime: 0.2
37225.0/37230.0 days/days; walltime: 0.3
37226.0/37230.0 days/days; walltime: 0.2
37227.0/37230.0 days/days; walltime: 0.3
37228.0/37230.0 days/days; walltime: 0.2
37229.0/37230.0 days/days; walltime: 0.4
37230.0/37230.0 days/days; walltime: 0.3
Wallclock for model run: 50902.8s
 

fields = 

  struct with fields:

    nodes: [1x1 struct]
    edges: [1x1 struct]
       BC: [1x1 struct]

No cases left; exiting.
