Case 3:
Picked up JAVA_TOOL_OPTIONS: -Xmx2g
Opening log file:  /tmp/java.log.10040

                            < M A T L A B (R) >
                  Copyright 1984-2022 The MathWorks, Inc.
                  R2022a (9.12.0.1884302) 64-bit (glnxa64)
                             February 16, 2022

 
To get started, type doc.
For product information, visit www.mathworks.com.
 

config = 

  struct with fields:

                 k_s: 0.1000
                 l_c: 10
            n_moulin: 68
    creep_const_soft: 0
             mesh_nr: 4
                 k_c: 0.2000
               h_bed: 0.5000
               l_bed: 10
               alpha: 3
                beta: 2
               omega: 0
                 e_v: 1.0000e-04

Running model run (ode15s):
Run to steady
Saving model run to
./RUN/output_103_steady.nc
Fields, IC & BC initialised
Initial phi calculated in 1.6s
0.0/36500.0 days/days; walltime: 20.5
-------------------------------------------------1825.0/36500.0 days/days; walltime: 208.5
3650.0/36500.0 days/days; walltime: 3.4
5475.0/36500.0 days/days; walltime: 1.8
7300.0/36500.0 days/days; walltime: 1.5
----9125.0/36500.0 days/days; walltime: 5.5
10950.0/36500.0 days/days; walltime: 684.6
12775.0/36500.0 days/days; walltime: 425.3
14600.0/36500.0 days/days; walltime: 297.1
-----16425.0/36500.0 days/days; walltime: 274.8
18250.0/36500.0 days/days; walltime: 261.8
20075.0/36500.0 days/days; walltime: 58.9
21900.0/36500.0 days/days; walltime: 11.1
23725.0/36500.0 days/days; walltime: 5.1
25550.0/36500.0 days/days; walltime: 2.9
27375.0/36500.0 days/days; walltime: 2.9
29200.0/36500.0 days/days; walltime: 2.6
31025.0/36500.0 days/days; walltime: 1.8
32850.0/36500.0 days/days; walltime: 2.0
34675.0/36500.0 days/days; walltime: 1.1
36500.0/36500.0 days/days; walltime: 2.4
Wallclock for model run: 2282.0s
 

fields = 

  struct with fields:

    nodes: [1x1 struct]
    edges: [1x1 struct]
       BC: [1x1 struct]

Running model run (ode15s):
Run seasonal
Saving model run to
./RUN/output_103_seasonal.nc
IC initialised from struct
IC initialised from file/given & rest from parameters and given functions
36500.0/36682.0 days/days; walltime: 18.7
36501.0/36682.0 days/days; walltime: 61.9
36502.0/36682.0 days/days; walltime: 8.6
36503.0/36682.0 days/days; walltime: 8.5
36504.0/36682.0 days/days; walltime: 16.3
36505.0/36682.0 days/days; walltime: 16.5
36506.0/36682.0 days/days; walltime: 5.5
36507.0/36682.0 days/days; walltime: 3.3
36508.0/36682.0 days/days; walltime: 5.4
36509.0/36682.0 days/days; walltime: 7.6
36510.0/36682.0 days/days; walltime: 7.5
36511.0/36682.0 days/days; walltime: 2.1
36512.0/36682.0 days/days; walltime: 4.3
36513.0/36682.0 days/days; walltime: 2.3
36514.0/36682.0 days/days; walltime: 4.0
36515.0/36682.0 days/days; walltime: 1.6
36516.0/36682.0 days/days; walltime: 1.7
36517.0/36682.0 days/days; walltime: 1.8
36518.0/36682.0 days/days; walltime: 1.5
36519.0/36682.0 days/days; walltime: 1.7
36520.0/36682.0 days/days; walltime: 1.5
36521.0/36682.0 days/days; walltime: 1.2
36522.0/36682.0 days/days; walltime: 1.5
36523.0/36682.0 days/days; walltime: 6.2
36524.0/36682.0 days/days; walltime: 1.3
36525.0/36682.0 days/days; walltime: 1.2
36526.0/36682.0 days/days; walltime: 1.2
36527.0/36682.0 days/days; walltime: 1.1
36528.0/36682.0 days/days; walltime: 1.1
36529.0/36682.0 days/days; walltime: 0.9
36530.0/36682.0 days/days; walltime: 0.8
36531.0/36682.0 days/days; walltime: 0.9
36532.0/36682.0 days/days; walltime: 1.0
36533.0/36682.0 days/days; walltime: 0.9
36534.0/36682.0 days/days; walltime: 0.7
36535.0/36682.0 days/days; walltime: 1.0
36536.0/36682.0 days/days; walltime: 2.9
36537.0/36682.0 days/days; walltime: 0.8
36538.0/36682.0 days/days; walltime: 0.5
36539.0/36682.0 days/days; walltime: 0.7
36540.0/36682.0 days/days; walltime: 0.5
36541.0/36682.0 days/days; walltime: 0.5
36542.0/36682.0 days/days; walltime: 0.4
36543.0/36682.0 days/days; walltime: 0.4
36544.0/36682.0 days/days; walltime: 0.4
36545.0/36682.0 days/days; walltime: 0.6
36546.0/36682.0 days/days; walltime: 2.3
36547.0/36682.0 days/days; walltime: 0.5
36548.0/36682.0 days/days; walltime: 0.5
36549.0/36682.0 days/days; walltime: 0.4
36550.0/36682.0 days/days; walltime: 0.5
36551.0/36682.0 days/days; walltime: 0.4
36552.0/36682.0 days/days; walltime: 0.6
36553.0/36682.0 days/days; walltime: 0.4
36554.0/36682.0 days/days; walltime: 0.5
36555.0/36682.0 days/days; walltime: 2.2
36556.0/36682.0 days/days; walltime: 0.4
36557.0/36682.0 days/days; walltime: 0.4
36558.0/36682.0 days/days; walltime: 0.4
36559.0/36682.0 days/days; walltime: 0.4
36560.0/36682.0 days/days; walltime: 0.4
36561.0/36682.0 days/days; walltime: 0.3
36562.0/36682.0 days/days; walltime: 0.6
36563.0/36682.0 days/days; walltime: 0.3
36564.0/36682.0 days/days; walltime: 0.6
36565.0/36682.0 days/days; walltime: 0.5
36566.0/36682.0 days/days; walltime: 2.2
36567.0/36682.0 days/days; walltime: 0.4
36568.0/36682.0 days/days; walltime: 0.4
36569.0/36682.0 days/days; walltime: 0.3
36570.0/36682.0 days/days; walltime: 0.5
36571.0/36682.0 days/days; walltime: 0.3
36572.0/36682.0 days/days; walltime: 0.5
36573.0/36682.0 days/days; walltime: 0.5
36574.0/36682.0 days/days; walltime: 0.5
36575.0/36682.0 days/days; walltime: 0.2
36576.0/36682.0 days/days; walltime: 2.1
36577.0/36682.0 days/days; walltime: 0.3
36578.0/36682.0 days/days; walltime: 0.2
36579.0/36682.0 days/days; walltime: 0.4
36580.0/36682.0 days/days; walltime: 0.2
36581.0/36682.0 days/days; walltime: 0.3
36582.0/36682.0 days/days; walltime: 0.2
36583.0/36682.0 days/days; walltime: 0.3
36584.0/36682.0 days/days; walltime: 0.2
36585.0/36682.0 days/days; walltime: 0.2
36586.0/36682.0 days/days; walltime: 0.3
36587.0/36682.0 days/days; walltime: 0.2
36588.0/36682.0 days/days; walltime: 0.3
36589.0/36682.0 days/days; walltime: 0.2
36590.0/36682.0 days/days; walltime: 0.5
36591.0/36682.0 days/days; walltime: 0.4
36592.0/36682.0 days/days; walltime: 0.3
36593.0/36682.0 days/days; walltime: 0.3
36594.0/36682.0 days/days; walltime: 0.2
36595.0/36682.0 days/days; walltime: 0.5
36596.0/36682.0 days/days; walltime: 0.3
36597.0/36682.0 days/days; walltime: 0.2
36598.0/36682.0 days/days; walltime: 0.3
36599.0/36682.0 days/days; walltime: 0.3
36600.0/36682.0 days/days; walltime: 0.1
36601.0/36682.0 days/days; walltime: 0.3
36602.0/36682.0 days/days; walltime: 0.2
36603.0/36682.0 days/days; walltime: 0.3
36604.0/36682.0 days/days; walltime: 0.1
36605.0/36682.0 days/days; walltime: 0.3
36606.0/36682.0 days/days; walltime: 0.3
36607.0/36682.0 days/days; walltime: 0.1
36608.0/36682.0 days/days; walltime: 0.3
36609.0/36682.0 days/days; walltime: 0.1
36610.0/36682.0 days/days; walltime: 0.3
36611.0/36682.0 days/days; walltime: 0.1
36612.0/36682.0 days/days; walltime: 0.3
36613.0/36682.0 days/days; walltime: 0.1
36614.0/36682.0 days/days; walltime: 0.3
36615.0/36682.0 days/days; walltime: 0.1
36616.0/36682.0 days/days; walltime: 0.3
36617.0/36682.0 days/days; walltime: 0.1
36618.0/36682.0 days/days; walltime: 0.3
36619.0/36682.0 days/days; walltime: 0.1
36620.0/36682.0 days/days; walltime: 0.3
36621.0/36682.0 days/days; walltime: 0.1
-36622.0/36682.0 days/days; walltime: 0.7
--36623.0/36682.0 days/days; walltime: 24.7
36624.0/36682.0 days/days; walltime: 22.6
36625.0/36682.0 days/days; walltime: 1.9
36626.0/36682.0 days/days; walltime: 0.8
36627.0/36682.0 days/days; walltime: 0.5
36628.0/36682.0 days/days; walltime: 0.4
36629.0/36682.0 days/days; walltime: 0.3
36630.0/36682.0 days/days; walltime: 0.4
36631.0/36682.0 days/days; walltime: 0.1
36632.0/36682.0 days/days; walltime: 0.2
36633.0/36682.0 days/days; walltime: 0.1
36634.0/36682.0 days/days; walltime: 0.1
36635.0/36682.0 days/days; walltime: 0.3
36636.0/36682.0 days/days; walltime: 0.1
36637.0/36682.0 days/days; walltime: 0.2
--36638.0/36682.0 days/days; walltime: 9.4
36639.0/36682.0 days/days; walltime: 24.9
36640.0/36682.0 days/days; walltime: 36.0
36641.0/36682.0 days/days; walltime: 24.5
36642.0/36682.0 days/days; walltime: 1.8
36643.0/36682.0 days/days; walltime: 1.3
36644.0/36682.0 days/days; walltime: 0.9
36645.0/36682.0 days/days; walltime: 0.9
36646.0/36682.0 days/days; walltime: 0.9
36647.0/36682.0 days/days; walltime: 1.0
36648.0/36682.0 days/days; walltime: 1.0
36649.0/36682.0 days/days; walltime: 2.9
36650.0/36682.0 days/days; walltime: 0.5
36651.0/36682.0 days/days; walltime: 0.7
36652.0/36682.0 days/days; walltime: 0.8
36653.0/36682.0 days/days; walltime: 29.9
36654.0/36682.0 days/days; walltime: 45.8
36655.0/36682.0 days/days; walltime: 115.4
36656.0/36682.0 days/days; walltime: 95.1
36657.0/36682.0 days/days; walltime: 160.4
36658.0/36682.0 days/days; walltime: 449.3
36659.0/36682.0 days/days; walltime: 143.4
36660.0/36682.0 days/days; walltime: 340.3
36661.0/36682.0 days/days; walltime: 87.2
36662.0/36682.0 days/days; walltime: 232.6
36663.0/36682.0 days/days; walltime: 51.9
36664.0/36682.0 days/days; walltime: 32.2
36665.0/36682.0 days/days; walltime: 32.7
36666.0/36682.0 days/days; walltime: 83.2
36667.0/36682.0 days/days; walltime: 106.1
36668.0/36682.0 days/days; walltime: 519.9
36669.0/36682.0 days/days; walltime: 284.5
36670.0/36682.0 days/days; walltime: 162.4
36671.0/36682.0 days/days; walltime: 95.6
36672.0/36682.0 days/days; walltime: 123.2
36673.0/36682.0 days/days; walltime: 272.7
36674.0/36682.0 days/days; walltime: 221.0
36675.0/36682.0 days/days; walltime: 60.9
36676.0/36682.0 days/days; walltime: 274.2
36677.0/36682.0 days/days; walltime: 438.8
36678.0/36682.0 days/days; walltime: 97.6
36679.0/36682.0 days/days; walltime: 106.8
36680.0/36682.0 days/days; walltime: 77.8
36681.0/36682.0 days/days; walltime: 45.0
36682.0/36682.0 days/days; walltime: 53.8
Wallclock for model run: 5247.2s
 

fields = 

  struct with fields:

    nodes: [1x1 struct]
    edges: [1x1 struct]
       BC: [1x1 struct]

No cases left; exiting.
