Case 2:
Picked up JAVA_TOOL_OPTIONS: -Xmx2g
Opening log file:  /tmp/java.log.8522

                            < M A T L A B (R) >
                  Copyright 1984-2022 The MathWorks, Inc.
                  R2022a (9.12.0.1884302) 64-bit (glnxa64)
                             February 16, 2022

 
To get started, type doc.
For product information, visit www.mathworks.com.
 

config = 

  struct with fields:

                 k_s: 0.0189
                 l_c: 10
            n_moulin: 68
    creep_const_soft: 0
             mesh_nr: 4
                 k_c: 0.2000
               h_bed: 0.5000
               l_bed: 10
               alpha: 1.5000
                beta: 1.5000
               omega: 0
                 e_v: 1.0000e-04

Running model run (ode15s):
Run to steady
Saving model run to
./RUN/output_002_steady.nc
Fields, IC & BC initialised
Initial phi calculated in 2.3s
0.0/36500.0 days/days; walltime: 17.1
------------------------------------------------------------------------------------------------------------------------------------------------------------------------------------------------------------------------------------------------------------------------------------------------------------------------------------------------------------------------------------------------------------------------------------------------------------------------------1825.0/36500.0 days/days; walltime: 143.6
--------------------------------------------------------------------------------------------------------------------------------------------------------------------------------------------------------------------------------------------------------------------------------------------------------------------------------------------------------------------------------------------------------------------------------------------------------------------------------------------------------------------------------------------------------------------------------------------------------------------------------------------------3650.0/36500.0 days/days; walltime: 38.8
------------5475.0/36500.0 days/days; walltime: 0.8
----------7300.0/36500.0 days/days; walltime: 0.8
-----------------------------------------------------------------------------------------------------------------------------------------------------------------------------------------------------------9125.0/36500.0 days/days; walltime: 12.3
-----------------------------------------------------------------------------------------------------------------------------------------------------------------------------------------------------------------------------------------------------------------------------------------------------------------------------------------------------------------------------------------------------------------------------------------------------------------------------------------------------------------------------------------------------------------------------------------------------------------------------------------------------------------------------------------------------------------------------------------------------------------------------------------------------------------------------------------------------------------------------------------------------------------------------------------------------------------------------------------------------------------------------------------------------------------------------------------------------------------------------------------------------------------------------------------------------------------------------------------------------------------------------------------------------------------------------------------------------------------------------------------------------------------------------------------------------------------------------------------------------------------------------------------------------------------------------------------------------------------------------------------------------------------------------------------------------------------------------------------------------------------------------------------------------------------------------------------------------------------------------------------------------------------------10950.0/36500.0 days/days; walltime: 114.8
----------------------------------------------------------------------------------------------------------------------------------------------------------------------------------------------------------------------------------------------------------------------------------------------------------------------------------------------------------------------------------------------------------------------------------------------------------------------------------------------------------12775.0/36500.0 days/days; walltime: 54.0
--------------------------------------------------------------------------------------------------------------------------------------------------------------------------------------------------------------------------------------------------------------------------------------------------------------------------14600.0/36500.0 days/days; walltime: 104.0
----------------------------------------------------------------------------------------------------------------------------------------------------------------------------------------16425.0/36500.0 days/days; walltime: 166.9
-------------------------------------------------------------------------------------------------------------------------------------18250.0/36500.0 days/days; walltime: 110.3
20075.0/36500.0 days/days; walltime: 32.3
21900.0/36500.0 days/days; walltime: 8.7
23725.0/36500.0 days/days; walltime: 5.5
25550.0/36500.0 days/days; walltime: 2.7
27375.0/36500.0 days/days; walltime: 1.1
29200.0/36500.0 days/days; walltime: 2.2
31025.0/36500.0 days/days; walltime: 0.3
32850.0/36500.0 days/days; walltime: 0.6
34675.0/36500.0 days/days; walltime: 0.4
36500.0/36500.0 days/days; walltime: 0.6
Wallclock for model run: 824.0s
 

fields = 

  struct with fields:

    nodes: [1x1 struct]
    edges: [1x1 struct]
       BC: [1x1 struct]

Running model run (ode15s):
Run seasonal
Saving model run to
./RUN/output_002_seasonal.nc
IC initialised from struct
IC initialised from file/given & rest from parameters and given functions
36500.0/37230.0 days/days; walltime: 21.1
36501.0/37230.0 days/days; walltime: 106.9
36502.0/37230.0 days/days; walltime: 2.5
36503.0/37230.0 days/days; walltime: 2.6
36504.0/37230.0 days/days; walltime: 4.1
36505.0/37230.0 days/days; walltime: 2.3
36506.0/37230.0 days/days; walltime: 2.1
36507.0/37230.0 days/days; walltime: 3.8
36508.0/37230.0 days/days; walltime: 1.5
36509.0/37230.0 days/days; walltime: 1.4
36510.0/37230.0 days/days; walltime: 1.5
36511.0/37230.0 days/days; walltime: 3.4
36512.0/37230.0 days/days; walltime: 1.2
36513.0/37230.0 days/days; walltime: 1.1
36514.0/37230.0 days/days; walltime: 0.9
--36515.0/37230.0 days/days; walltime: 1.0
---36516.0/37230.0 days/days; walltime: 1.0
------36517.0/37230.0 days/days; walltime: 0.9
---------------------------------------36518.0/37230.0 days/days; walltime: 3.1
-------36519.0/37230.0 days/days; walltime: 0.7
36520.0/37230.0 days/days; walltime: 0.6
36521.0/37230.0 days/days; walltime: 0.8
36522.0/37230.0 days/days; walltime: 0.5
36523.0/37230.0 days/days; walltime: 0.7
36524.0/37230.0 days/days; walltime: 0.6
36525.0/37230.0 days/days; walltime: 2.7
36526.0/37230.0 days/days; walltime: 0.5
36527.0/37230.0 days/days; walltime: 0.4
36528.0/37230.0 days/days; walltime: 0.4
36529.0/37230.0 days/days; walltime: 0.2
36530.0/37230.0 days/days; walltime: 0.4
36531.0/37230.0 days/days; walltime: 1.2
36532.0/37230.0 days/days; walltime: 1.1
36533.0/37230.0 days/days; walltime: 1.2
36534.0/37230.0 days/days; walltime: 1.5
36535.0/37230.0 days/days; walltime: 0.4
36536.0/37230.0 days/days; walltime: 0.5
36537.0/37230.0 days/days; walltime: 0.4
36538.0/37230.0 days/days; walltime: 0.4
36539.0/37230.0 days/days; walltime: 0.5
36540.0/37230.0 days/days; walltime: 0.4
36541.0/37230.0 days/days; walltime: 0.4
36542.0/37230.0 days/days; walltime: 0.2
36543.0/37230.0 days/days; walltime: 0.5
36544.0/37230.0 days/days; walltime: 0.4
36545.0/37230.0 days/days; walltime: 0.2
36546.0/37230.0 days/days; walltime: 2.4
36547.0/37230.0 days/days; walltime: 0.2
36548.0/37230.0 days/days; walltime: 0.4
36549.0/37230.0 days/days; walltime: 0.2
36550.0/37230.0 days/days; walltime: 0.4
36551.0/37230.0 days/days; walltime: 0.2
36552.0/37230.0 days/days; walltime: 0.4
36553.0/37230.0 days/days; walltime: 0.2
36554.0/37230.0 days/days; walltime: 0.4
36555.0/37230.0 days/days; walltime: 0.2
36556.0/37230.0 days/days; walltime: 0.4
36557.0/37230.0 days/days; walltime: 0.1
36558.0/37230.0 days/days; walltime: 0.2
36559.0/37230.0 days/days; walltime: 0.4
36560.0/37230.0 days/days; walltime: 0.1
36561.0/37230.0 days/days; walltime: 0.4
36562.0/37230.0 days/days; walltime: 0.2
36563.0/37230.0 days/days; walltime: 0.1
36564.0/37230.0 days/days; walltime: 0.4
36565.0/37230.0 days/days; walltime: 0.1
36566.0/37230.0 days/days; walltime: 0.4
36567.0/37230.0 days/days; walltime: 0.1
36568.0/37230.0 days/days; walltime: 0.3
36569.0/37230.0 days/days; walltime: 0.3
36570.0/37230.0 days/days; walltime: 0.2
36571.0/37230.0 days/days; walltime: 0.1
36572.0/37230.0 days/days; walltime: 0.3
36573.0/37230.0 days/days; walltime: 0.2
36574.0/37230.0 days/days; walltime: 0.1
36575.0/37230.0 days/days; walltime: 0.3
36576.0/37230.0 days/days; walltime: 0.2
36577.0/37230.0 days/days; walltime: 0.1
36578.0/37230.0 days/days; walltime: 0.3
36579.0/37230.0 days/days; walltime: 0.1
36580.0/37230.0 days/days; walltime: 0.1
36581.0/37230.0 days/days; walltime: 0.4
36582.0/37230.0 days/days; walltime: 0.1
36583.0/37230.0 days/days; walltime: 0.1
36584.0/37230.0 days/days; walltime: 0.1
36585.0/37230.0 days/days; walltime: 38.7
36586.0/37230.0 days/days; walltime: 0.2
36587.0/37230.0 days/days; walltime: 0.4
36588.0/37230.0 days/days; walltime: 0.1
36589.0/37230.0 days/days; walltime: 0.1
36590.0/37230.0 days/days; walltime: 0.3
36591.0/37230.0 days/days; walltime: 0.1
36592.0/37230.0 days/days; walltime: 0.1
36593.0/37230.0 days/days; walltime: 0.1
36594.0/37230.0 days/days; walltime: 0.3
36595.0/37230.0 days/days; walltime: 0.1
36596.0/37230.0 days/days; walltime: 0.1
36597.0/37230.0 days/days; walltime: 0.1
36598.0/37230.0 days/days; walltime: 0.3
36599.0/37230.0 days/days; walltime: 0.1
36600.0/37230.0 days/days; walltime: 0.1
36601.0/37230.0 days/days; walltime: 0.1
36602.0/37230.0 days/days; walltime: 0.3
36603.0/37230.0 days/days; walltime: 0.1
36604.0/37230.0 days/days; walltime: 0.1
36605.0/37230.0 days/days; walltime: 0.1
36606.0/37230.0 days/days; walltime: 0.3
36607.0/37230.0 days/days; walltime: 0.1
36608.0/37230.0 days/days; walltime: 0.1
36609.0/37230.0 days/days; walltime: 0.1
36610.0/37230.0 days/days; walltime: 0.3
36611.0/37230.0 days/days; walltime: 0.1
36612.0/37230.0 days/days; walltime: 0.1
36614.0/37230.0 days/days; walltime: 0.1
36615.0/37230.0 days/days; walltime: 0.3
36616.0/37230.0 days/days; walltime: 0.1
36617.0/37230.0 days/days; walltime: 0.1
36618.0/37230.0 days/days; walltime: 0.1
36619.0/37230.0 days/days; walltime: 0.3
36621.0/37230.0 days/days; walltime: 0.1
--36622.0/37230.0 days/days; walltime: 2.5
36623.0/37230.0 days/days; walltime: 98.9
36624.0/37230.0 days/days; walltime: 90.6
36625.0/37230.0 days/days; walltime: 0.9
36626.0/37230.0 days/days; walltime: 0.5
36627.0/37230.0 days/days; walltime: 0.5
36628.0/37230.0 days/days; walltime: 0.2
36629.0/37230.0 days/days; walltime: 0.4
36630.0/37230.0 days/days; walltime: 0.2
36631.0/37230.0 days/days; walltime: 0.1
36632.0/37230.0 days/days; walltime: 0.4
36633.0/37230.0 days/days; walltime: 0.1
36634.0/37230.0 days/days; walltime: 0.1
36635.0/37230.0 days/days; walltime: 0.3
36636.0/37230.0 days/days; walltime: 0.1
36637.0/37230.0 days/days; walltime: 0.1
---36638.0/37230.0 days/days; walltime: 13.5
36639.0/37230.0 days/days; walltime: 130.0
36640.0/37230.0 days/days; walltime: 163.0
36641.0/37230.0 days/days; walltime: 43.4
36642.0/37230.0 days/days; walltime: 3.2
36643.0/37230.0 days/days; walltime: 0.9
36644.0/37230.0 days/days; walltime: 0.8
36645.0/37230.0 days/days; walltime: 0.6
36646.0/37230.0 days/days; walltime: 0.5
36647.0/37230.0 days/days; walltime: 0.4
36648.0/37230.0 days/days; walltime: 0.5
36649.0/37230.0 days/days; walltime: 0.4
36650.0/37230.0 days/days; walltime: 0.2
36651.0/37230.0 days/days; walltime: 0.4
--36652.0/37230.0 days/days; walltime: 2.5
36653.0/37230.0 days/days; walltime: 129.0
36654.0/37230.0 days/days; walltime: 233.2
36655.0/37230.0 days/days; walltime: 512.5
36656.0/37230.0 days/days; walltime: 488.9
36657.0/37230.0 days/days; walltime: 602.5
36658.0/37230.0 days/days; walltime: 569.7
36659.0/37230.0 days/days; walltime: 490.7
36660.0/37230.0 days/days; walltime: 628.9
36661.0/37230.0 days/days; walltime: 487.8
36662.0/37230.0 days/days; walltime: 406.9
36663.0/37230.0 days/days; walltime: 162.9
36664.0/37230.0 days/days; walltime: 94.7
36665.0/37230.0 days/days; walltime: 111.4
36666.0/37230.0 days/days; walltime: 276.1
36667.0/37230.0 days/days; walltime: 195.8
36668.0/37230.0 days/days; walltime: 830.5
36669.0/37230.0 days/days; walltime: 298.7
36670.0/37230.0 days/days; walltime: 169.5
36671.0/37230.0 days/days; walltime: 66.8
36672.0/37230.0 days/days; walltime: 59.1
36673.0/37230.0 days/days; walltime: 235.6
36674.0/37230.0 days/days; walltime: 137.0
36675.0/37230.0 days/days; walltime: 157.0
36676.0/37230.0 days/days; walltime: 298.0
36677.0/37230.0 days/days; walltime: 478.1
36678.0/37230.0 days/days; walltime: 18.3
36679.0/37230.0 days/days; walltime: 54.8
36680.0/37230.0 days/days; walltime: 77.2
36681.0/37230.0 days/days; walltime: 38.5
36682.0/37230.0 days/days; walltime: 32.0
36683.0/37230.0 days/days; walltime: 98.5
36684.0/37230.0 days/days; walltime: 61.0
36685.0/37230.0 days/days; walltime: 466.5
36686.0/37230.0 days/days; walltime: 273.6
36687.0/37230.0 days/days; walltime: 671.8
36688.0/37230.0 days/days; walltime: 129.9
36689.0/37230.0 days/days; walltime: 509.8
36690.0/37230.0 days/days; walltime: 582.8
36691.0/37230.0 days/days; walltime: 409.0
36692.0/37230.0 days/days; walltime: 90.3
36693.0/37230.0 days/days; walltime: 48.4
36694.0/37230.0 days/days; walltime: 38.4
36695.0/37230.0 days/days; walltime: 38.6
36696.0/37230.0 days/days; walltime: 18.7
36697.0/37230.0 days/days; walltime: 25.7
36698.0/37230.0 days/days; walltime: 78.7
36699.0/37230.0 days/days; walltime: 14.3
36700.0/37230.0 days/days; walltime: 223.8
36701.0/37230.0 days/days; walltime: 183.8
36702.0/37230.0 days/days; walltime: 115.8
36703.0/37230.0 days/days; walltime: 73.3
36704.0/37230.0 days/days; walltime: 141.3
36705.0/37230.0 days/days; walltime: 509.9
36706.0/37230.0 days/days; walltime: 165.4
36707.0/37230.0 days/days; walltime: 132.3
36708.0/37230.0 days/days; walltime: 174.4
36709.0/37230.0 days/days; walltime: 53.3
36710.0/37230.0 days/days; walltime: 106.3
36711.0/37230.0 days/days; walltime: 190.8
36712.0/37230.0 days/days; walltime: 63.2
36713.0/37230.0 days/days; walltime: 246.0
36714.0/37230.0 days/days; walltime: 10.8
36715.0/37230.0 days/days; walltime: 16.2
36716.0/37230.0 days/days; walltime: 14.3
36717.0/37230.0 days/days; walltime: 12.6
36718.0/37230.0 days/days; walltime: 16.7
36719.0/37230.0 days/days; walltime: 10.0
36720.0/37230.0 days/days; walltime: 95.4
36721.0/37230.0 days/days; walltime: 341.0
36722.0/37230.0 days/days; walltime: 194.3
36723.0/37230.0 days/days; walltime: 452.5
36724.0/37230.0 days/days; walltime: 621.1
36725.0/37230.0 days/days; walltime: 446.7
36726.0/37230.0 days/days; walltime: 422.7
36727.0/37230.0 days/days; walltime: 37.1
36728.0/37230.0 days/days; walltime: 670.3
36729.0/37230.0 days/days; walltime: 414.2
36730.0/37230.0 days/days; walltime: 585.7
36731.0/37230.0 days/days; walltime: 133.0
36732.0/37230.0 days/days; walltime: 100.9
36733.0/37230.0 days/days; walltime: 434.3
36734.0/37230.0 days/days; walltime: 59.2
36735.0/37230.0 days/days; walltime: 34.5
36736.0/37230.0 days/days; walltime: 101.5
36737.0/37230.0 days/days; walltime: 20.3
36738.0/37230.0 days/days; walltime: 8.7
36739.0/37230.0 days/days; walltime: 56.4
36740.0/37230.0 days/days; walltime: 47.5
36741.0/37230.0 days/days; walltime: 297.4
36742.0/37230.0 days/days; walltime: 796.4
36743.0/37230.0 days/days; walltime: 659.4
36744.0/37230.0 days/days; walltime: 529.0
36745.0/37230.0 days/days; walltime: 12.1
36746.0/37230.0 days/days; walltime: 33.1
36747.0/37230.0 days/days; walltime: 158.4
36748.0/37230.0 days/days; walltime: 315.4
36749.0/37230.0 days/days; walltime: 309.0
36750.0/37230.0 days/days; walltime: 13.5
36751.0/37230.0 days/days; walltime: 9.2
36752.0/37230.0 days/days; walltime: 46.1
36753.0/37230.0 days/days; walltime: 8.4
36754.0/37230.0 days/days; walltime: 2.7
36755.0/37230.0 days/days; walltime: 2.7
36756.0/37230.0 days/days; walltime: 4.2
36757.0/37230.0 days/days; walltime: 1.6
36758.0/37230.0 days/days; walltime: 1.6
36759.0/37230.0 days/days; walltime: 1.8
36760.0/37230.0 days/days; walltime: 18.1
36761.0/37230.0 days/days; walltime: 115.0
36762.0/37230.0 days/days; walltime: 119.5
36763.0/37230.0 days/days; walltime: 5.5
36764.0/37230.0 days/days; walltime: 158.0
36765.0/37230.0 days/days; walltime: 168.2
36766.0/37230.0 days/days; walltime: 1.8
36767.0/37230.0 days/days; walltime: 0.9
36768.0/37230.0 days/days; walltime: 1.0
36769.0/37230.0 days/days; walltime: 0.7
36770.0/37230.0 days/days; walltime: 0.7
36771.0/37230.0 days/days; walltime: 0.9
36772.0/37230.0 days/days; walltime: 0.6
36773.0/37230.0 days/days; walltime: 2.6
36774.0/37230.0 days/days; walltime: 0.7
36775.0/37230.0 days/days; walltime: 0.6
36776.0/37230.0 days/days; walltime: 0.4
36777.0/37230.0 days/days; walltime: 0.5
36778.0/37230.0 days/days; walltime: 0.5
36779.0/37230.0 days/days; walltime: 0.5
36780.0/37230.0 days/days; walltime: 2.4
36781.0/37230.0 days/days; walltime: 0.4
--36782.0/37230.0 days/days; walltime: 106.8
36783.0/37230.0 days/days; walltime: 310.1
36784.0/37230.0 days/days; walltime: 339.7
36785.0/37230.0 days/days; walltime: 723.9
36786.0/37230.0 days/days; walltime: 29.3
36787.0/37230.0 days/days; walltime: 1.6
36788.0/37230.0 days/days; walltime: 9.2
36789.0/37230.0 days/days; walltime: 1.5
36790.0/37230.0 days/days; walltime: 1.5
36791.0/37230.0 days/days; walltime: 1.2
36792.0/37230.0 days/days; walltime: 1.1
36793.0/37230.0 days/days; walltime: 1.1
36794.0/37230.0 days/days; walltime: 3.7
36795.0/37230.0 days/days; walltime: 0.9
36796.0/37230.0 days/days; walltime: 0.9
36797.0/37230.0 days/days; walltime: 0.7
36798.0/37230.0 days/days; walltime: 0.9
36799.0/37230.0 days/days; walltime: 0.6
36800.0/37230.0 days/days; walltime: 0.6
36801.0/37230.0 days/days; walltime: 0.6
36802.0/37230.0 days/days; walltime: 2.5
36803.0/37230.0 days/days; walltime: 0.6
36804.0/37230.0 days/days; walltime: 0.4
36805.0/37230.0 days/days; walltime: 0.5
36806.0/37230.0 days/days; walltime: 0.5
36807.0/37230.0 days/days; walltime: 0.5
36808.0/37230.0 days/days; walltime: 0.2
36809.0/37230.0 days/days; walltime: 0.4
36810.0/37230.0 days/days; walltime: 0.4
36811.0/37230.0 days/days; walltime: 0.4
36812.0/37230.0 days/days; walltime: 0.1
36813.0/37230.0 days/days; walltime: 0.4
36814.0/37230.0 days/days; walltime: 0.2
36815.0/37230.0 days/days; walltime: 0.8
36816.0/37230.0 days/days; walltime: 2.2
36817.0/37230.0 days/days; walltime: 0.1
36818.0/37230.0 days/days; walltime: 0.4
36819.0/37230.0 days/days; walltime: 0.1
36820.0/37230.0 days/days; walltime: 0.1
36821.0/37230.0 days/days; walltime: 0.4
36822.0/37230.0 days/days; walltime: 0.1
36823.0/37230.0 days/days; walltime: 0.1
36824.0/37230.0 days/days; walltime: 0.1
36825.0/37230.0 days/days; walltime: 0.4
36826.0/37230.0 days/days; walltime: 0.1
36827.0/37230.0 days/days; walltime: 0.1
36828.0/37230.0 days/days; walltime: 0.3
36829.0/37230.0 days/days; walltime: 0.1
36830.0/37230.0 days/days; walltime: 0.1
36831.0/37230.0 days/days; walltime: 0.1
36832.0/37230.0 days/days; walltime: 0.3
36833.0/37230.0 days/days; walltime: 0.1
36834.0/37230.0 days/days; walltime: 0.1
36835.0/37230.0 days/days; walltime: 0.1
36836.0/37230.0 days/days; walltime: 0.3
36837.0/37230.0 days/days; walltime: 0.1
36838.0/37230.0 days/days; walltime: 0.1
36839.0/37230.0 days/days; walltime: 0.1
36840.0/37230.0 days/days; walltime: 0.3
36841.0/37230.0 days/days; walltime: 0.1
36842.0/37230.0 days/days; walltime: 0.1
36843.0/37230.0 days/days; walltime: 0.1
36845.0/37230.0 days/days; walltime: 0.3
36846.0/37230.0 days/days; walltime: 0.1
36847.0/37230.0 days/days; walltime: 0.1
36848.0/37230.0 days/days; walltime: 0.1
36849.0/37230.0 days/days; walltime: 0.3
36850.0/37230.0 days/days; walltime: 0.1
36852.0/37230.0 days/days; walltime: 0.1
36853.0/37230.0 days/days; walltime: 0.1
36854.0/37230.0 days/days; walltime: 0.3
36855.0/37230.0 days/days; walltime: 0.1
36857.0/37230.0 days/days; walltime: 0.1
36858.0/37230.0 days/days; walltime: 0.1
36859.0/37230.0 days/days; walltime: 0.3
36860.0/37230.0 days/days; walltime: 0.1
36862.0/37230.0 days/days; walltime: 0.1
36863.0/37230.0 days/days; walltime: 0.1
36864.0/37230.0 days/days; walltime: 0.3
36866.0/37230.0 days/days; walltime: 0.1
36867.0/37230.0 days/days; walltime: 0.1
36869.0/37230.0 days/days; walltime: 0.1
36870.0/37230.0 days/days; walltime: 0.3
36872.0/37230.0 days/days; walltime: 0.1
36873.0/37230.0 days/days; walltime: 0.1
36875.0/37230.0 days/days; walltime: 0.1
36876.0/37230.0 days/days; walltime: 0.3
36878.0/37230.0 days/days; walltime: 0.1
36879.0/37230.0 days/days; walltime: 0.1
36881.0/37230.0 days/days; walltime: 0.1
36882.0/37230.0 days/days; walltime: 0.3
36884.0/37230.0 days/days; walltime: 0.1
36886.0/37230.0 days/days; walltime: 0.1
36887.0/37230.0 days/days; walltime: 0.1
36889.0/37230.0 days/days; walltime: 0.3
36891.0/37230.0 days/days; walltime: 0.1
36893.0/37230.0 days/days; walltime: 0.1
36894.0/37230.0 days/days; walltime: 0.1
36896.0/37230.0 days/days; walltime: 0.3
36898.0/37230.0 days/days; walltime: 0.1
36900.0/37230.0 days/days; walltime: 0.1
36902.0/37230.0 days/days; walltime: 0.1
36904.0/37230.0 days/days; walltime: 0.3
36906.0/37230.0 days/days; walltime: 0.1
36908.0/37230.0 days/days; walltime: 0.1
36910.0/37230.0 days/days; walltime: 0.1
36912.0/37230.0 days/days; walltime: 0.3
-36914.0/37230.0 days/days; walltime: 0.1
36916.0/37230.0 days/days; walltime: 0.1
36919.0/37230.0 days/days; walltime: 0.1
36921.0/37230.0 days/days; walltime: 2.3
36923.0/37230.0 days/days; walltime: 0.1
36926.0/37230.0 days/days; walltime: 0.1
36928.0/37230.0 days/days; walltime: 0.1
36931.0/37230.0 days/days; walltime: 0.3
36933.0/37230.0 days/days; walltime: 0.1
36936.0/37230.0 days/days; walltime: 0.1
36938.0/37230.0 days/days; walltime: 0.1
36941.0/37230.0 days/days; walltime: 0.3
36944.0/37230.0 days/days; walltime: 0.1
36946.0/37230.0 days/days; walltime: 0.1
36949.0/37230.0 days/days; walltime: 0.1
36952.0/37230.0 days/days; walltime: 0.3
36955.0/37230.0 days/days; walltime: 0.1
36957.0/37230.0 days/days; walltime: 0.1
36960.0/37230.0 days/days; walltime: 0.1
36963.0/37230.0 days/days; walltime: 0.3
36966.0/37230.0 days/days; walltime: 0.1
36969.0/37230.0 days/days; walltime: 0.1
36972.0/37230.0 days/days; walltime: 0.1
36975.0/37230.0 days/days; walltime: 0.3
36978.0/37230.0 days/days; walltime: 0.1
36981.0/37230.0 days/days; walltime: 0.1
36985.0/37230.0 days/days; walltime: 0.4
36987.0/37230.0 days/days; walltime: 0.1
36990.0/37230.0 days/days; walltime: 0.1
36992.0/37230.0 days/days; walltime: 0.1
36995.0/37230.0 days/days; walltime: 0.3
36998.0/37230.0 days/days; walltime: 0.1
--37002.0/37230.0 days/days; walltime: 18.5
--37003.0/37230.0 days/days; walltime: 21.4
37004.0/37230.0 days/days; walltime: 132.2
37005.0/37230.0 days/days; walltime: 177.5
37006.0/37230.0 days/days; walltime: 41.1
37007.0/37230.0 days/days; walltime: 1.1
37008.0/37230.0 days/days; walltime: 0.7
37009.0/37230.0 days/days; walltime: 2.8
37010.0/37230.0 days/days; walltime: 0.6
37011.0/37230.0 days/days; walltime: 0.4
37012.0/37230.0 days/days; walltime: 0.4
37013.0/37230.0 days/days; walltime: 0.3
37014.0/37230.0 days/days; walltime: 0.2
37015.0/37230.0 days/days; walltime: 0.4
37016.0/37230.0 days/days; walltime: 0.1
37017.0/37230.0 days/days; walltime: 2.7
37018.0/37230.0 days/days; walltime: 123.2
37019.0/37230.0 days/days; walltime: 234.3
37020.0/37230.0 days/days; walltime: 525.0
37021.0/37230.0 days/days; walltime: 498.4
37022.0/37230.0 days/days; walltime: 584.0
37023.0/37230.0 days/days; walltime: 570.7
37024.0/37230.0 days/days; walltime: 536.3
37025.0/37230.0 days/days; walltime: 636.4
37026.0/37230.0 days/days; walltime: 466.2
37027.0/37230.0 days/days; walltime: 422.1
37028.0/37230.0 days/days; walltime: 151.6
37029.0/37230.0 days/days; walltime: 107.6
37030.0/37230.0 days/days; walltime: 100.5
37031.0/37230.0 days/days; walltime: 277.2
37032.0/37230.0 days/days; walltime: 219.0
37033.0/37230.0 days/days; walltime: 786.4
37034.0/37230.0 days/days; walltime: 346.8
37035.0/37230.0 days/days; walltime: 149.3
37036.0/37230.0 days/days; walltime: 73.1
37037.0/37230.0 days/days; walltime: 98.9
37038.0/37230.0 days/days; walltime: 227.4
37039.0/37230.0 days/days; walltime: 145.7
37040.0/37230.0 days/days; walltime: 156.5
37041.0/37230.0 days/days; walltime: 293.1
37042.0/37230.0 days/days; walltime: 477.6
37043.0/37230.0 days/days; walltime: 12.6
37044.0/37230.0 days/days; walltime: 54.4
37045.0/37230.0 days/days; walltime: 78.1
37046.0/37230.0 days/days; walltime: 47.6
37047.0/37230.0 days/days; walltime: 35.8
37048.0/37230.0 days/days; walltime: 106.5
37049.0/37230.0 days/days; walltime: 64.9
37050.0/37230.0 days/days; walltime: 445.8
37051.0/37230.0 days/days; walltime: 267.1
37052.0/37230.0 days/days; walltime: 613.7
37053.0/37230.0 days/days; walltime: 120.8
37054.0/37230.0 days/days; walltime: 499.9
37055.0/37230.0 days/days; walltime: 574.2
37056.0/37230.0 days/days; walltime: 432.4
37057.0/37230.0 days/days; walltime: 86.4
37058.0/37230.0 days/days; walltime: 56.8
37059.0/37230.0 days/days; walltime: 37.3
37060.0/37230.0 days/days; walltime: 54.4
37061.0/37230.0 days/days; walltime: 14.8
37062.0/37230.0 days/days; walltime: 20.1
37063.0/37230.0 days/days; walltime: 76.0
37064.0/37230.0 days/days; walltime: 14.6
37065.0/37230.0 days/days; walltime: 229.5
37066.0/37230.0 days/days; walltime: 184.5
37067.0/37230.0 days/days; walltime: 109.2
37068.0/37230.0 days/days; walltime: 76.7
37069.0/37230.0 days/days; walltime: 138.5
37070.0/37230.0 days/days; walltime: 488.8
37071.0/37230.0 days/days; walltime: 188.0
37072.0/37230.0 days/days; walltime: 122.1
37073.0/37230.0 days/days; walltime: 178.2
37074.0/37230.0 days/days; walltime: 48.2
37075.0/37230.0 days/days; walltime: 96.9
37076.0/37230.0 days/days; walltime: 229.8
37077.0/37230.0 days/days; walltime: 61.6
37078.0/37230.0 days/days; walltime: 223.4
37079.0/37230.0 days/days; walltime: 7.5
37080.0/37230.0 days/days; walltime: 14.8
37081.0/37230.0 days/days; walltime: 14.0
37082.0/37230.0 days/days; walltime: 12.8
37083.0/37230.0 days/days; walltime: 16.3
37084.0/37230.0 days/days; walltime: 9.5
37085.0/37230.0 days/days; walltime: 91.4
37086.0/37230.0 days/days; walltime: 333.0
37087.0/37230.0 days/days; walltime: 204.3
37088.0/37230.0 days/days; walltime: 466.9
37089.0/37230.0 days/days; walltime: 644.6
37090.0/37230.0 days/days; walltime: 477.3
37091.0/37230.0 days/days; walltime: 406.5
37092.0/37230.0 days/days; walltime: 31.1
37093.0/37230.0 days/days; walltime: 592.2
37094.0/37230.0 days/days; walltime: 393.0
37095.0/37230.0 days/days; walltime: 556.8
37096.0/37230.0 days/days; walltime: 125.7
37097.0/37230.0 days/days; walltime: 65.9
37098.0/37230.0 days/days; walltime: 474.4
37099.0/37230.0 days/days; walltime: 81.6
37100.0/37230.0 days/days; walltime: 25.9
37101.0/37230.0 days/days; walltime: 110.0
37102.0/37230.0 days/days; walltime: 28.8
37103.0/37230.0 days/days; walltime: 7.8
37104.0/37230.0 days/days; walltime: 50.3
37105.0/37230.0 days/days; walltime: 41.8
37106.0/37230.0 days/days; walltime: 293.4
37107.0/37230.0 days/days; walltime: 757.8
37108.0/37230.0 days/days; walltime: 640.1
37109.0/37230.0 days/days; walltime: 522.5
37110.0/37230.0 days/days; walltime: 11.8
37111.0/37230.0 days/days; walltime: 36.7
37112.0/37230.0 days/days; walltime: 141.9
37113.0/37230.0 days/days; walltime: 335.3
37114.0/37230.0 days/days; walltime: 324.6
37115.0/37230.0 days/days; walltime: 10.6
37116.0/37230.0 days/days; walltime: 9.6
37117.0/37230.0 days/days; walltime: 44.9
37118.0/37230.0 days/days; walltime: 7.9
37119.0/37230.0 days/days; walltime: 2.8
37120.0/37230.0 days/days; walltime: 2.7
37121.0/37230.0 days/days; walltime: 4.6
37122.0/37230.0 days/days; walltime: 1.4
37123.0/37230.0 days/days; walltime: 1.8
37124.0/37230.0 days/days; walltime: 1.5
37125.0/37230.0 days/days; walltime: 20.8
37126.0/37230.0 days/days; walltime: 123.9
37127.0/37230.0 days/days; walltime: 137.6
37128.0/37230.0 days/days; walltime: 5.7
37129.0/37230.0 days/days; walltime: 131.7
37130.0/37230.0 days/days; walltime: 149.4
37131.0/37230.0 days/days; walltime: 1.4
37132.0/37230.0 days/days; walltime: 1.0
37133.0/37230.0 days/days; walltime: 0.8
37134.0/37230.0 days/days; walltime: 0.9
37135.0/37230.0 days/days; walltime: 0.9
37136.0/37230.0 days/days; walltime: 0.6
37137.0/37230.0 days/days; walltime: 0.6
37138.0/37230.0 days/days; walltime: 0.8
37139.0/37230.0 days/days; walltime: 2.5
37140.0/37230.0 days/days; walltime: 0.6
37141.0/37230.0 days/days; walltime: 0.2
37142.0/37230.0 days/days; walltime: 0.5
37143.0/37230.0 days/days; walltime: 0.4
37144.0/37230.0 days/days; walltime: 0.4
37145.0/37230.0 days/days; walltime: 0.4
37146.0/37230.0 days/days; walltime: 0.4
--37147.0/37230.0 days/days; walltime: 112.2
37148.0/37230.0 days/days; walltime: 314.6
37149.0/37230.0 days/days; walltime: 346.5
37150.0/37230.0 days/days; walltime: 707.7
37151.0/37230.0 days/days; walltime: 17.8
37152.0/37230.0 days/days; walltime: 3.9
37153.0/37230.0 days/days; walltime: 20.1
37154.0/37230.0 days/days; walltime: 1.4
37155.0/37230.0 days/days; walltime: 6.1
37156.0/37230.0 days/days; walltime: 1.1
37157.0/37230.0 days/days; walltime: 1.0
37158.0/37230.0 days/days; walltime: 1.1
37159.0/37230.0 days/days; walltime: 3.8
37160.0/37230.0 days/days; walltime: 0.7
37161.0/37230.0 days/days; walltime: 0.7
37162.0/37230.0 days/days; walltime: 0.9
37163.0/37230.0 days/days; walltime: 0.7
37164.0/37230.0 days/days; walltime: 0.7
37165.0/37230.0 days/days; walltime: 0.6
37166.0/37230.0 days/days; walltime: 2.7
37167.0/37230.0 days/days; walltime: 0.4
37168.0/37230.0 days/days; walltime: 0.4
37169.0/37230.0 days/days; walltime: 0.5
37170.0/37230.0 days/days; walltime: 0.4
37171.0/37230.0 days/days; walltime: 0.5
37172.0/37230.0 days/days; walltime: 0.5
37173.0/37230.0 days/days; walltime: 0.3
37174.0/37230.0 days/days; walltime: 0.5
37175.0/37230.0 days/days; walltime: 0.4
37176.0/37230.0 days/days; walltime: 0.2
37177.0/37230.0 days/days; walltime: 0.4
37178.0/37230.0 days/days; walltime: 0.2
37179.0/37230.0 days/days; walltime: 0.1
37180.0/37230.0 days/days; walltime: 0.4
37181.0/37230.0 days/days; walltime: 0.1
37182.0/37230.0 days/days; walltime: 2.5
37183.0/37230.0 days/days; walltime: 0.1
37184.0/37230.0 days/days; walltime: 0.2
37185.0/37230.0 days/days; walltime: 0.3
37186.0/37230.0 days/days; walltime: 0.1
37187.0/37230.0 days/days; walltime: 0.1
37188.0/37230.0 days/days; walltime: 0.4
37189.0/37230.0 days/days; walltime: 0.1
37190.0/37230.0 days/days; walltime: 0.1
37191.0/37230.0 days/days; walltime: 0.1
37192.0/37230.0 days/days; walltime: 0.3
37193.0/37230.0 days/days; walltime: 0.1
37194.0/37230.0 days/days; walltime: 0.1
37195.0/37230.0 days/days; walltime: 0.1
37196.0/37230.0 days/days; walltime: 0.3
37197.0/37230.0 days/days; walltime: 0.1
37198.0/37230.0 days/days; walltime: 0.1
37199.0/37230.0 days/days; walltime: 0.1
37200.0/37230.0 days/days; walltime: 0.3
37201.0/37230.0 days/days; walltime: 0.1
37202.0/37230.0 days/days; walltime: 0.1
37203.0/37230.0 days/days; walltime: 0.1
37204.0/37230.0 days/days; walltime: 0.3
37205.0/37230.0 days/days; walltime: 0.1
37207.0/37230.0 days/days; walltime: 0.1
37208.0/37230.0 days/days; walltime: 0.1
37209.0/37230.0 days/days; walltime: 0.3
37210.0/37230.0 days/days; walltime: 0.1
37212.0/37230.0 days/days; walltime: 0.1
37213.0/37230.0 days/days; walltime: 0.1
37214.0/37230.0 days/days; walltime: 0.3
37216.0/37230.0 days/days; walltime: 0.1
37217.0/37230.0 days/days; walltime: 0.1
37219.0/37230.0 days/days; walltime: 0.1
37220.0/37230.0 days/days; walltime: 0.3
37222.0/37230.0 days/days; walltime: 0.1
37224.0/37230.0 days/days; walltime: 0.1
37225.0/37230.0 days/days; walltime: 0.1
37227.0/37230.0 days/days; walltime: 0.3
37228.0/37230.0 days/days; walltime: 0.1
37230.0/37230.0 days/days; walltime: 13.3
Wallclock for model run: 51069.4s
 

fields = 

  struct with fields:

    nodes: [1x1 struct]
    edges: [1x1 struct]
       BC: [1x1 struct]

No cases left; exiting.
