Case 3:
Picked up JAVA_TOOL_OPTIONS: -Xmx2g
Opening log file:  /tmp/java.log.19012

                            < M A T L A B (R) >
                  Copyright 1984-2022 The MathWorks, Inc.
                  R2022a (9.12.0.1884302) 64-bit (glnxa64)
                             February 16, 2022

 
To get started, type doc.
For product information, visit www.mathworks.com.
 

config = 

  struct with fields:

                 k_s: 0.1000
                 l_c: 10
            n_moulin: 68
    creep_const_soft: 0
             mesh_nr: 4
                 k_c: 0.2000
               h_bed: 0.5000
               l_bed: 10
               alpha: 3
                beta: 2
               omega: 0
                 e_v: 1.0000e-04

Running model run (ode15s):
Run to steady
Saving model run to
./RUN/output_103_steady.nc
Fields, IC & BC initialised
Initial phi calculated in 2.8s
0.0/36500.0 days/days; walltime: 38.1
-------------------------------------------------1825.0/36500.0 days/days; walltime: 390.3
3650.0/36500.0 days/days; walltime: 6.3
5475.0/36500.0 days/days; walltime: 3.4
7300.0/36500.0 days/days; walltime: 2.7
----9125.0/36500.0 days/days; walltime: 10.1
10950.0/36500.0 days/days; walltime: 1277.6
12775.0/36500.0 days/days; walltime: 800.1
14600.0/36500.0 days/days; walltime: 553.1
-----16425.0/36500.0 days/days; walltime: 498.9
18250.0/36500.0 days/days; walltime: 470.3
20075.0/36500.0 days/days; walltime: 106.0
21900.0/36500.0 days/days; walltime: 20.8
23725.0/36500.0 days/days; walltime: 9.5
25550.0/36500.0 days/days; walltime: 5.2
27375.0/36500.0 days/days; walltime: 5.3
29200.0/36500.0 days/days; walltime: 4.8
31025.0/36500.0 days/days; walltime: 3.3
32850.0/36500.0 days/days; walltime: 3.7
34675.0/36500.0 days/days; walltime: 2.0
36500.0/36500.0 days/days; walltime: 4.4
Wallclock for model run: 4225.4s
 

fields = 

  struct with fields:

    nodes: [1x1 struct]
    edges: [1x1 struct]
       BC: [1x1 struct]

Running model run (ode15s):
Run seasonal
Saving model run to
./RUN/output_103_seasonal.nc
IC initialised from struct
IC initialised from file/given & rest from parameters and given functions
36500.0/37230.0 days/days; walltime: 34.5
36501.0/37230.0 days/days; walltime: 115.6
36502.0/37230.0 days/days; walltime: 16.1
36503.0/37230.0 days/days; walltime: 16.1
36504.0/37230.0 days/days; walltime: 30.8
36505.0/37230.0 days/days; walltime: 30.6
36506.0/37230.0 days/days; walltime: 10.4
36507.0/37230.0 days/days; walltime: 6.3
36508.0/37230.0 days/days; walltime: 10.2
36509.0/37230.0 days/days; walltime: 14.0
36510.0/37230.0 days/days; walltime: 13.8
36511.0/37230.0 days/days; walltime: 3.8
36512.0/37230.0 days/days; walltime: 8.0
36513.0/37230.0 days/days; walltime: 4.4
36514.0/37230.0 days/days; walltime: 7.4
36515.0/37230.0 days/days; walltime: 3.0
36516.0/37230.0 days/days; walltime: 3.2
36517.0/37230.0 days/days; walltime: 3.2
36518.0/37230.0 days/days; walltime: 2.8
36519.0/37230.0 days/days; walltime: 3.1
36520.0/37230.0 days/days; walltime: 2.9
36521.0/37230.0 days/days; walltime: 2.3
36522.0/37230.0 days/days; walltime: 2.7
36523.0/37230.0 days/days; walltime: 11.8
36524.0/37230.0 days/days; walltime: 2.6
36525.0/37230.0 days/days; walltime: 2.3
36526.0/37230.0 days/days; walltime: 2.3
36527.0/37230.0 days/days; walltime: 2.1
36528.0/37230.0 days/days; walltime: 2.1
36529.0/37230.0 days/days; walltime: 1.7
36530.0/37230.0 days/days; walltime: 1.5
36531.0/37230.0 days/days; walltime: 1.7
36532.0/37230.0 days/days; walltime: 1.8
36533.0/37230.0 days/days; walltime: 1.7
36534.0/37230.0 days/days; walltime: 1.3
36535.0/37230.0 days/days; walltime: 1.9
36536.0/37230.0 days/days; walltime: 5.3
36537.0/37230.0 days/days; walltime: 1.4
36538.0/37230.0 days/days; walltime: 0.9
36539.0/37230.0 days/days; walltime: 1.3
36540.0/37230.0 days/days; walltime: 0.8
36541.0/37230.0 days/days; walltime: 0.8
36542.0/37230.0 days/days; walltime: 0.8
36543.0/37230.0 days/days; walltime: 0.7
36544.0/37230.0 days/days; walltime: 0.9
36545.0/37230.0 days/days; walltime: 1.2
36546.0/37230.0 days/days; walltime: 4.2
36547.0/37230.0 days/days; walltime: 0.9
36548.0/37230.0 days/days; walltime: 0.9
36549.0/37230.0 days/days; walltime: 0.7
36550.0/37230.0 days/days; walltime: 0.9
36551.0/37230.0 days/days; walltime: 0.7
36552.0/37230.0 days/days; walltime: 1.2
36553.0/37230.0 days/days; walltime: 0.7
36554.0/37230.0 days/days; walltime: 0.9
36555.0/37230.0 days/days; walltime: 4.1
36556.0/37230.0 days/days; walltime: 0.7
36557.0/37230.0 days/days; walltime: 0.7
36558.0/37230.0 days/days; walltime: 0.7
36559.0/37230.0 days/days; walltime: 0.7
36560.0/37230.0 days/days; walltime: 0.7
36561.0/37230.0 days/days; walltime: 0.6
36562.0/37230.0 days/days; walltime: 1.0
36563.0/37230.0 days/days; walltime: 0.6
36564.0/37230.0 days/days; walltime: 1.1
36565.0/37230.0 days/days; walltime: 0.8
36566.0/37230.0 days/days; walltime: 4.1
36567.0/37230.0 days/days; walltime: 0.7
36568.0/37230.0 days/days; walltime: 0.6
36569.0/37230.0 days/days; walltime: 0.6
36570.0/37230.0 days/days; walltime: 0.8
36571.0/37230.0 days/days; walltime: 0.6
36572.0/37230.0 days/days; walltime: 0.9
36573.0/37230.0 days/days; walltime: 0.8
36574.0/37230.0 days/days; walltime: 0.8
36575.0/37230.0 days/days; walltime: 0.4
36576.0/37230.0 days/days; walltime: 4.1
36577.0/37230.0 days/days; walltime: 0.6
36578.0/37230.0 days/days; walltime: 0.4
36579.0/37230.0 days/days; walltime: 0.9
36580.0/37230.0 days/days; walltime: 0.4
36581.0/37230.0 days/days; walltime: 0.6
36582.0/37230.0 days/days; walltime: 0.4
36583.0/37230.0 days/days; walltime: 0.6
36584.0/37230.0 days/days; walltime: 0.4
36585.0/37230.0 days/days; walltime: 0.4
36586.0/37230.0 days/days; walltime: 0.6
36587.0/37230.0 days/days; walltime: 0.4
36588.0/37230.0 days/days; walltime: 0.6
36589.0/37230.0 days/days; walltime: 0.4
36590.0/37230.0 days/days; walltime: 0.8
36591.0/37230.0 days/days; walltime: 0.6
36592.0/37230.0 days/days; walltime: 0.6
36593.0/37230.0 days/days; walltime: 0.6
36594.0/37230.0 days/days; walltime: 0.4
36595.0/37230.0 days/days; walltime: 0.8
36596.0/37230.0 days/days; walltime: 0.5
36597.0/37230.0 days/days; walltime: 0.3
36598.0/37230.0 days/days; walltime: 0.6
36599.0/37230.0 days/days; walltime: 0.7
36600.0/37230.0 days/days; walltime: 0.2
36601.0/37230.0 days/days; walltime: 0.6
36602.0/37230.0 days/days; walltime: 0.3
36603.0/37230.0 days/days; walltime: 0.5
36604.0/37230.0 days/days; walltime: 0.2
36605.0/37230.0 days/days; walltime: 0.5
36606.0/37230.0 days/days; walltime: 0.7
36607.0/37230.0 days/days; walltime: 0.2
36608.0/37230.0 days/days; walltime: 0.5
36609.0/37230.0 days/days; walltime: 0.2
36610.0/37230.0 days/days; walltime: 0.5
36611.0/37230.0 days/days; walltime: 0.2
36612.0/37230.0 days/days; walltime: 0.5
36613.0/37230.0 days/days; walltime: 0.2
36614.0/37230.0 days/days; walltime: 0.5
36615.0/37230.0 days/days; walltime: 0.2
36616.0/37230.0 days/days; walltime: 0.5
36617.0/37230.0 days/days; walltime: 0.2
36618.0/37230.0 days/days; walltime: 0.5
36619.0/37230.0 days/days; walltime: 0.2
36620.0/37230.0 days/days; walltime: 0.6
36621.0/37230.0 days/days; walltime: 0.2
-36622.0/37230.0 days/days; walltime: 1.3
--36623.0/37230.0 days/days; walltime: 46.4
36624.0/37230.0 days/days; walltime: 42.9
36625.0/37230.0 days/days; walltime: 3.7
36626.0/37230.0 days/days; walltime: 1.6
36627.0/37230.0 days/days; walltime: 1.0
36628.0/37230.0 days/days; walltime: 0.8
36629.0/37230.0 days/days; walltime: 0.7
36630.0/37230.0 days/days; walltime: 0.7
36631.0/37230.0 days/days; walltime: 0.2
36632.0/37230.0 days/days; walltime: 0.5
36633.0/37230.0 days/days; walltime: 0.2
36634.0/37230.0 days/days; walltime: 0.1
36635.0/37230.0 days/days; walltime: 0.6
36636.0/37230.0 days/days; walltime: 0.2
36637.0/37230.0 days/days; walltime: 0.5
--36638.0/37230.0 days/days; walltime: 18.0
36639.0/37230.0 days/days; walltime: 46.9
36640.0/37230.0 days/days; walltime: 66.5
36641.0/37230.0 days/days; walltime: 45.3
36642.0/37230.0 days/days; walltime: 3.3
36643.0/37230.0 days/days; walltime: 2.4
36644.0/37230.0 days/days; walltime: 1.6
36645.0/37230.0 days/days; walltime: 1.6
36646.0/37230.0 days/days; walltime: 1.6
36647.0/37230.0 days/days; walltime: 1.8
36648.0/37230.0 days/days; walltime: 1.9
36649.0/37230.0 days/days; walltime: 5.4
36650.0/37230.0 days/days; walltime: 0.9
36651.0/37230.0 days/days; walltime: 1.3
36652.0/37230.0 days/days; walltime: 1.5
36653.0/37230.0 days/days; walltime: 56.1
36654.0/37230.0 days/days; walltime: 85.1
36655.0/37230.0 days/days; walltime: 210.6
36656.0/37230.0 days/days; walltime: 175.2
36657.0/37230.0 days/days; walltime: 302.7
36658.0/37230.0 days/days; walltime: 845.5
36659.0/37230.0 days/days; walltime: 257.2
36660.0/37230.0 days/days; walltime: 587.1
36661.0/37230.0 days/days; walltime: 147.4
36662.0/37230.0 days/days; walltime: 393.9
36663.0/37230.0 days/days; walltime: 94.4
36664.0/37230.0 days/days; walltime: 58.5
36665.0/37230.0 days/days; walltime: 59.8
36666.0/37230.0 days/days; walltime: 151.7
36667.0/37230.0 days/days; walltime: 192.0
36668.0/37230.0 days/days; walltime: 952.6
36669.0/37230.0 days/days; walltime: 520.5
36670.0/37230.0 days/days; walltime: 298.4
36671.0/37230.0 days/days; walltime: 176.1
36672.0/37230.0 days/days; walltime: 227.2
36673.0/37230.0 days/days; walltime: 503.5
36674.0/37230.0 days/days; walltime: 443.7
36675.0/37230.0 days/days; walltime: 135.1
36676.0/37230.0 days/days; walltime: 604.2
36677.0/37230.0 days/days; walltime: 966.5
36678.0/37230.0 days/days; walltime: 215.1
36679.0/37230.0 days/days; walltime: 235.2
36680.0/37230.0 days/days; walltime: 169.5
36681.0/37230.0 days/days; walltime: 99.1
36682.0/37230.0 days/days; walltime: 117.0
36683.0/37230.0 days/days; walltime: 344.3
36684.0/37230.0 days/days; walltime: 394.4
36685.0/37230.0 days/days; walltime: 1059.0
36686.0/37230.0 days/days; walltime: 934.6
36687.0/37230.0 days/days; walltime: 612.8
36688.0/37230.0 days/days; walltime: 190.4
36689.0/37230.0 days/days; walltime: 535.5
36690.0/37230.0 days/days; walltime: 671.3
36691.0/37230.0 days/days; walltime: 299.6
36692.0/37230.0 days/days; walltime: 198.0
36693.0/37230.0 days/days; walltime: 75.1
36694.0/37230.0 days/days; walltime: 87.2
36695.0/37230.0 days/days; walltime: 106.1
36696.0/37230.0 days/days; walltime: 108.9
36697.0/37230.0 days/days; walltime: 195.3
36698.0/37230.0 days/days; walltime: 429.0
36699.0/37230.0 days/days; walltime: 353.7
36700.0/37230.0 days/days; walltime: 333.5
36701.0/37230.0 days/days; walltime: 208.8
36702.0/37230.0 days/days; walltime: 75.4
36703.0/37230.0 days/days; walltime: 120.7
36704.0/37230.0 days/days; walltime: 361.3
36705.0/37230.0 days/days; walltime: 700.7
36706.0/37230.0 days/days; walltime: 571.0
36707.0/37230.0 days/days; walltime: 285.6
36708.0/37230.0 days/days; walltime: 330.4
36709.0/37230.0 days/days; walltime: 217.9
36710.0/37230.0 days/days; walltime: 167.3
36711.0/37230.0 days/days; walltime: 442.5
36712.0/37230.0 days/days; walltime: 172.2
36713.0/37230.0 days/days; walltime: 570.7
36714.0/37230.0 days/days; walltime: 121.4
36715.0/37230.0 days/days; walltime: 150.0
36716.0/37230.0 days/days; walltime: 91.5
36717.0/37230.0 days/days; walltime: 54.3
36718.0/37230.0 days/days; walltime: 68.5
36719.0/37230.0 days/days; walltime: 54.3
36720.0/37230.0 days/days; walltime: 473.8
36721.0/37230.0 days/days; walltime: 463.4
36722.0/37230.0 days/days; walltime: 662.0
36723.0/37230.0 days/days; walltime: 544.6
36724.0/37230.0 days/days; walltime: 342.4
36725.0/37230.0 days/days; walltime: 517.7
36726.0/37230.0 days/days; walltime: 230.6
36727.0/37230.0 days/days; walltime: 78.3
36728.0/37230.0 days/days; walltime: 932.4
36729.0/37230.0 days/days; walltime: 549.4
36730.0/37230.0 days/days; walltime: 610.7
36731.0/37230.0 days/days; walltime: 310.1
36732.0/37230.0 days/days; walltime: 268.6
36733.0/37230.0 days/days; walltime: 522.8
36734.0/37230.0 days/days; walltime: 210.7
36735.0/37230.0 days/days; walltime: 151.5
36736.0/37230.0 days/days; walltime: 326.4
36737.0/37230.0 days/days; walltime: 100.1
36738.0/37230.0 days/days; walltime: 140.6
36739.0/37230.0 days/days; walltime: 197.4
36740.0/37230.0 days/days; walltime: 179.7
36741.0/37230.0 days/days; walltime: 753.1
36742.0/37230.0 days/days; walltime: 1073.1
36743.0/37230.0 days/days; walltime: 1740.3
36744.0/37230.0 days/days; walltime: 939.7
36745.0/37230.0 days/days; walltime: 556.5
36746.0/37230.0 days/days; walltime: 338.5
36747.0/37230.0 days/days; walltime: 866.3
36748.0/37230.0 days/days; walltime: 484.9
36749.0/37230.0 days/days; walltime: 1154.5
36750.0/37230.0 days/days; walltime: 242.9
36751.0/37230.0 days/days; walltime: 129.1
36752.0/37230.0 days/days; walltime: 383.1
36753.0/37230.0 days/days; walltime: 122.5
36754.0/37230.0 days/days; walltime: 107.0
36755.0/37230.0 days/days; walltime: 70.9
36756.0/37230.0 days/days; walltime: 65.2
36757.0/37230.0 days/days; walltime: 24.7
36758.0/37230.0 days/days; walltime: 9.4
36759.0/37230.0 days/days; walltime: 5.8
36760.0/37230.0 days/days; walltime: 67.3
36761.0/37230.0 days/days; walltime: 286.0
36762.0/37230.0 days/days; walltime: 345.6
36763.0/37230.0 days/days; walltime: 38.3
36764.0/37230.0 days/days; walltime: 230.2
36765.0/37230.0 days/days; walltime: 209.2
36766.0/37230.0 days/days; walltime: 10.5
36767.0/37230.0 days/days; walltime: 3.8
36768.0/37230.0 days/days; walltime: 3.6
36769.0/37230.0 days/days; walltime: 3.4
36770.0/37230.0 days/days; walltime: 2.8
36771.0/37230.0 days/days; walltime: 3.1
36772.0/37230.0 days/days; walltime: 2.6
36773.0/37230.0 days/days; walltime: 2.7
36774.0/37230.0 days/days; walltime: 8.1
36775.0/37230.0 days/days; walltime: 1.6
36776.0/37230.0 days/days; walltime: 1.7
36777.0/37230.0 days/days; walltime: 2.1
36778.0/37230.0 days/days; walltime: 1.4
36779.0/37230.0 days/days; walltime: 1.5
36780.0/37230.0 days/days; walltime: 1.8
36781.0/37230.0 days/days; walltime: 1.7
36782.0/37230.0 days/days; walltime: 80.9
36783.0/37230.0 days/days; walltime: 179.4
36784.0/37230.0 days/days; walltime: 346.8
36785.0/37230.0 days/days; walltime: 1068.6
36786.0/37230.0 days/days; walltime: 264.1
36787.0/37230.0 days/days; walltime: 41.5
36788.0/37230.0 days/days; walltime: 9.2
36789.0/37230.0 days/days; walltime: 10.3
36790.0/37230.0 days/days; walltime: 40.3
36791.0/37230.0 days/days; walltime: 33.4
36792.0/37230.0 days/days; walltime: 30.3
36793.0/37230.0 days/days; walltime: 53.3
36794.0/37230.0 days/days; walltime: 20.0
36795.0/37230.0 days/days; walltime: 24.5
36796.0/37230.0 days/days; walltime: 39.4
36797.0/37230.0 days/days; walltime: 22.9
36798.0/37230.0 days/days; walltime: 14.3
36799.0/37230.0 days/days; walltime: 1.9
36800.0/37230.0 days/days; walltime: 10.8
36801.0/37230.0 days/days; walltime: 7.3
36802.0/37230.0 days/days; walltime: 5.2
36803.0/37230.0 days/days; walltime: 2.5
36804.0/37230.0 days/days; walltime: 1.9
36805.0/37230.0 days/days; walltime: 1.4
36806.0/37230.0 days/days; walltime: 6.7
36807.0/37230.0 days/days; walltime: 1.3
36808.0/37230.0 days/days; walltime: 0.9
36809.0/37230.0 days/days; walltime: 0.8
36810.0/37230.0 days/days; walltime: 1.3
36811.0/37230.0 days/days; walltime: 0.8
36812.0/37230.0 days/days; walltime: 0.8
36813.0/37230.0 days/days; walltime: 1.6
36814.0/37230.0 days/days; walltime: 1.2
36815.0/37230.0 days/days; walltime: 0.8
36816.0/37230.0 days/days; walltime: 0.7
36817.0/37230.0 days/days; walltime: 0.7
36818.0/37230.0 days/days; walltime: 0.7
36819.0/37230.0 days/days; walltime: 0.7
36820.0/37230.0 days/days; walltime: 0.7
36821.0/37230.0 days/days; walltime: 0.7
36822.0/37230.0 days/days; walltime: 0.6
36823.0/37230.0 days/days; walltime: 0.7
36824.0/37230.0 days/days; walltime: 0.3
36825.0/37230.0 days/days; walltime: 0.7
36826.0/37230.0 days/days; walltime: 0.6
36827.0/37230.0 days/days; walltime: 0.6
36828.0/37230.0 days/days; walltime: 0.6
36829.0/37230.0 days/days; walltime: 0.3
36830.0/37230.0 days/days; walltime: 0.6
36831.0/37230.0 days/days; walltime: 0.5
36832.0/37230.0 days/days; walltime: 0.3
36833.0/37230.0 days/days; walltime: 0.5
36834.0/37230.0 days/days; walltime: 0.6
36835.0/37230.0 days/days; walltime: 0.2
36836.0/37230.0 days/days; walltime: 0.6
36837.0/37230.0 days/days; walltime: 0.2
36838.0/37230.0 days/days; walltime: 0.5
36839.0/37230.0 days/days; walltime: 0.6
36840.0/37230.0 days/days; walltime: 0.2
36841.0/37230.0 days/days; walltime: 0.5
36842.0/37230.0 days/days; walltime: 0.3
36843.0/37230.0 days/days; walltime: 0.5
36844.0/37230.0 days/days; walltime: 0.2
36845.0/37230.0 days/days; walltime: 0.5
36846.0/37230.0 days/days; walltime: 0.2
36847.0/37230.0 days/days; walltime: 0.5
36848.0/37230.0 days/days; walltime: 0.2
36849.0/37230.0 days/days; walltime: 0.6
36850.0/37230.0 days/days; walltime: 0.5
36851.0/37230.0 days/days; walltime: 0.2
36852.0/37230.0 days/days; walltime: 0.5
36853.0/37230.0 days/days; walltime: 0.2
36854.0/37230.0 days/days; walltime: 0.1
36855.0/37230.0 days/days; walltime: 0.5
36856.0/37230.0 days/days; walltime: 0.2
36857.0/37230.0 days/days; walltime: 0.6
36858.0/37230.0 days/days; walltime: 0.4
36859.0/37230.0 days/days; walltime: 0.6
36860.0/37230.0 days/days; walltime: 0.4
36861.0/37230.0 days/days; walltime: 0.4
36862.0/37230.0 days/days; walltime: 0.4
36863.0/37230.0 days/days; walltime: 0.6
36864.0/37230.0 days/days; walltime: 0.4
36865.0/37230.0 days/days; walltime: 0.2
36866.0/37230.0 days/days; walltime: 0.6
36867.0/37230.0 days/days; walltime: 0.4
36868.0/37230.0 days/days; walltime: 0.4
36869.0/37230.0 days/days; walltime: 0.4
36870.0/37230.0 days/days; walltime: 0.2
36871.0/37230.0 days/days; walltime: 0.6
-36872.0/37230.0 days/days; walltime: 0.4
-36873.0/37230.0 days/days; walltime: 0.4
--36874.0/37230.0 days/days; walltime: 0.4
--36875.0/37230.0 days/days; walltime: 0.2
----36876.0/37230.0 days/days; walltime: 0.6
--36877.0/37230.0 days/days; walltime: 0.2
----36878.0/37230.0 days/days; walltime: 0.4
--36879.0/37230.0 days/days; walltime: 0.2
--36880.0/37230.0 days/days; walltime: 0.4
----36881.0/37230.0 days/days; walltime: 0.4
--36882.0/37230.0 days/days; walltime: 0.2
----36883.0/37230.0 days/days; walltime: 0.6
--36884.0/37230.0 days/days; walltime: 0.2
--36885.0/37230.0 days/days; walltime: 0.2
---------------------------------------36886.0/37230.0 days/days; walltime: 4.6
---36887.0/37230.0 days/days; walltime: 0.5
---36888.0/37230.0 days/days; walltime: 0.3
--36889.0/37230.0 days/days; walltime: 0.4
-36890.0/37230.0 days/days; walltime: 0.1
--36891.0/37230.0 days/days; walltime: 0.2
--36892.0/37230.0 days/days; walltime: 0.4
-36893.0/37230.0 days/days; walltime: 0.1
-36894.0/37230.0 days/days; walltime: 0.1
---36895.0/37230.0 days/days; walltime: 0.5
-36896.0/37230.0 days/days; walltime: 0.1
-36897.0/37230.0 days/days; walltime: 0.1
-36898.0/37230.0 days/days; walltime: 0.1
---36899.0/37230.0 days/days; walltime: 0.5
-36900.0/37230.0 days/days; walltime: 0.1
-36901.0/37230.0 days/days; walltime: 0.1
--36902.0/37230.0 days/days; walltime: 0.4
--36903.0/37230.0 days/days; walltime: 0.2
-36904.0/37230.0 days/days; walltime: 0.1
--36905.0/37230.0 days/days; walltime: 0.4
-36906.0/37230.0 days/days; walltime: 0.1
-36907.0/37230.0 days/days; walltime: 0.1
---36908.0/37230.0 days/days; walltime: 0.5
-36909.0/37230.0 days/days; walltime: 0.1
-36910.0/37230.0 days/days; walltime: 0.1
-36911.0/37230.0 days/days; walltime: 0.1
--36912.0/37230.0 days/days; walltime: 0.4
-36913.0/37230.0 days/days; walltime: 0.1
-36914.0/37230.0 days/days; walltime: 0.1
-36915.0/37230.0 days/days; walltime: 0.1
---36916.0/37230.0 days/days; walltime: 0.5
-36917.0/37230.0 days/days; walltime: 0.1
-36918.0/37230.0 days/days; walltime: 0.1
--36919.0/37230.0 days/days; walltime: 0.4
-36920.0/37230.0 days/days; walltime: 0.1
-36921.0/37230.0 days/days; walltime: 0.1
-36922.0/37230.0 days/days; walltime: 0.1
--36923.0/37230.0 days/days; walltime: 0.4
-36924.0/37230.0 days/days; walltime: 0.1
-36925.0/37230.0 days/days; walltime: 0.1
-36926.0/37230.0 days/days; walltime: 0.1
--36927.0/37230.0 days/days; walltime: 0.4
-36928.0/37230.0 days/days; walltime: 0.1
-36929.0/37230.0 days/days; walltime: 0.1
---36930.0/37230.0 days/days; walltime: 0.5
-36931.0/37230.0 days/days; walltime: 0.1
-36932.0/37230.0 days/days; walltime: 0.1
-36933.0/37230.0 days/days; walltime: 0.1
--36934.0/37230.0 days/days; walltime: 0.4
-36935.0/37230.0 days/days; walltime: 0.1
-36937.0/37230.0 days/days; walltime: 0.1
-36938.0/37230.0 days/days; walltime: 0.1
--36939.0/37230.0 days/days; walltime: 0.4
-36940.0/37230.0 days/days; walltime: 0.1
-36941.0/37230.0 days/days; walltime: 0.1
-36942.0/37230.0 days/days; walltime: 0.1
--36943.0/37230.0 days/days; walltime: 0.4
-36944.0/37230.0 days/days; walltime: 0.1
-36945.0/37230.0 days/days; walltime: 0.1
-36946.0/37230.0 days/days; walltime: 0.1
--36947.0/37230.0 days/days; walltime: 0.4
-36948.0/37230.0 days/days; walltime: 0.1
-36949.0/37230.0 days/days; walltime: 0.1
-36950.0/37230.0 days/days; walltime: 0.1
--36951.0/37230.0 days/days; walltime: 0.4
-36953.0/37230.0 days/days; walltime: 0.1
-36954.0/37230.0 days/days; walltime: 0.1
-36955.0/37230.0 days/days; walltime: 0.1
--36956.0/37230.0 days/days; walltime: 0.4
-36957.0/37230.0 days/days; walltime: 0.1
-36958.0/37230.0 days/days; walltime: 0.1
-36959.0/37230.0 days/days; walltime: 0.1
--36961.0/37230.0 days/days; walltime: 0.4
-36962.0/37230.0 days/days; walltime: 0.1
-36963.0/37230.0 days/days; walltime: 0.1
-36964.0/37230.0 days/days; walltime: 0.1
--36965.0/37230.0 days/days; walltime: 0.4
-36967.0/37230.0 days/days; walltime: 0.1
-36968.0/37230.0 days/days; walltime: 0.1
-36969.0/37230.0 days/days; walltime: 0.1
--36970.0/37230.0 days/days; walltime: 0.4
-36972.0/37230.0 days/days; walltime: 0.1
-36973.0/37230.0 days/days; walltime: 0.1
-36974.0/37230.0 days/days; walltime: 0.1
--36975.0/37230.0 days/days; walltime: 0.4
-36977.0/37230.0 days/days; walltime: 0.1
-36978.0/37230.0 days/days; walltime: 0.1
-36979.0/37230.0 days/days; walltime: 0.1
--36981.0/37230.0 days/days; walltime: 0.4
-36982.0/37230.0 days/days; walltime: 0.1
-36983.0/37230.0 days/days; walltime: 0.1
-36985.0/37230.0 days/days; walltime: 0.1
--36986.0/37230.0 days/days; walltime: 0.4
-36988.0/37230.0 days/days; walltime: 0.1
-36989.0/37230.0 days/days; walltime: 0.1
-36990.0/37230.0 days/days; walltime: 0.1
--36992.0/37230.0 days/days; walltime: 0.4
-36993.0/37230.0 days/days; walltime: 0.1
-36995.0/37230.0 days/days; walltime: 0.1
-36996.0/37230.0 days/days; walltime: 0.1
--36998.0/37230.0 days/days; walltime: 0.4
----36999.0/37230.0 days/days; walltime: 0.6
--37000.0/37230.0 days/days; walltime: 0.2
---37001.0/37230.0 days/days; walltime: 0.5
--------------------------------------------------------------------------------------------------------------------37003.0/37230.0 days/days; walltime: 16.6
-------------------------------------------------------------------------------------------------------------------------------------------------------------------------------------------------------------------------------------37004.0/37230.0 days/days; walltime: 48.4
37005.0/37230.0 days/days; walltime: 66.0
37006.0/37230.0 days/days; walltime: 44.7
37007.0/37230.0 days/days; walltime: 4.6
37008.0/37230.0 days/days; walltime: 2.7
37009.0/37230.0 days/days; walltime: 1.9
37010.0/37230.0 days/days; walltime: 1.8
37011.0/37230.0 days/days; walltime: 2.0
37012.0/37230.0 days/days; walltime: 1.9
37013.0/37230.0 days/days; walltime: 2.1
37014.0/37230.0 days/days; walltime: 1.9
37015.0/37230.0 days/days; walltime: 1.4
37016.0/37230.0 days/days; walltime: 7.2
37017.0/37230.0 days/days; walltime: 2.2
37018.0/37230.0 days/days; walltime: 58.9
37019.0/37230.0 days/days; walltime: 88.6
37020.0/37230.0 days/days; walltime: 219.2
37021.0/37230.0 days/days; walltime: 200.9
37022.0/37230.0 days/days; walltime: 369.0
37023.0/37230.0 days/days; walltime: 1009.0
37024.0/37230.0 days/days; walltime: 343.9
37025.0/37230.0 days/days; walltime: 723.3
37026.0/37230.0 days/days; walltime: 157.6
37027.0/37230.0 days/days; walltime: 406.5
37028.0/37230.0 days/days; walltime: 130.3
37029.0/37230.0 days/days; walltime: 83.3
37030.0/37230.0 days/days; walltime: 51.5
37031.0/37230.0 days/days; walltime: 150.1
37032.0/37230.0 days/days; walltime: 167.4
37033.0/37230.0 days/days; walltime: 974.1
37034.0/37230.0 days/days; walltime: 457.3
37035.0/37230.0 days/days; walltime: 483.6
37036.0/37230.0 days/days; walltime: 239.6
37037.0/37230.0 days/days; walltime: 204.3
37038.0/37230.0 days/days; walltime: 435.4
37039.0/37230.0 days/days; walltime: 416.2
37040.0/37230.0 days/days; walltime: 160.1
37041.0/37230.0 days/days; walltime: 543.8
37042.0/37230.0 days/days; walltime: 885.5
37043.0/37230.0 days/days; walltime: 207.5
37044.0/37230.0 days/days; walltime: 214.1
37045.0/37230.0 days/days; walltime: 170.4
37046.0/37230.0 days/days; walltime: 122.5
37047.0/37230.0 days/days; walltime: 70.2
37048.0/37230.0 days/days; walltime: 327.6
37049.0/37230.0 days/days; walltime: 311.3
37050.0/37230.0 days/days; walltime: 908.6
37051.0/37230.0 days/days; walltime: 826.5
37052.0/37230.0 days/days; walltime: 576.9
37053.0/37230.0 days/days; walltime: 237.8
37054.0/37230.0 days/days; walltime: 517.3
37055.0/37230.0 days/days; walltime: 775.7
37056.0/37230.0 days/days; walltime: 303.3
37057.0/37230.0 days/days; walltime: 261.6
37058.0/37230.0 days/days; walltime: 141.1
37059.0/37230.0 days/days; walltime: 69.5
37060.0/37230.0 days/days; walltime: 122.9
37061.0/37230.0 days/days; walltime: 125.0
37062.0/37230.0 days/days; walltime: 219.5
37063.0/37230.0 days/days; walltime: 496.8
37064.0/37230.0 days/days; walltime: 386.0
37065.0/37230.0 days/days; walltime: 331.3
37066.0/37230.0 days/days; walltime: 259.7
37067.0/37230.0 days/days; walltime: 133.0
37068.0/37230.0 days/days; walltime: 144.7
37069.0/37230.0 days/days; walltime: 330.4
37070.0/37230.0 days/days; walltime: 654.9
37071.0/37230.0 days/days; walltime: 453.0
37072.0/37230.0 days/days; walltime: 288.8
37073.0/37230.0 days/days; walltime: 395.8
37074.0/37230.0 days/days; walltime: 173.2
37075.0/37230.0 days/days; walltime: 140.0
37076.0/37230.0 days/days; walltime: 417.1
37077.0/37230.0 days/days; walltime: 206.8
37078.0/37230.0 days/days; walltime: 519.7
37079.0/37230.0 days/days; walltime: 86.8
37080.0/37230.0 days/days; walltime: 121.8
37081.0/37230.0 days/days; walltime: 53.0
37082.0/37230.0 days/days; walltime: 32.4
37083.0/37230.0 days/days; walltime: 62.9
37084.0/37230.0 days/days; walltime: 33.2
37085.0/37230.0 days/days; walltime: 446.5
37086.0/37230.0 days/days; walltime: 497.0
37087.0/37230.0 days/days; walltime: 645.2
37088.0/37230.0 days/days; walltime: 539.8
37089.0/37230.0 days/days; walltime: 339.2
37090.0/37230.0 days/days; walltime: 514.1
37091.0/37230.0 days/days; walltime: 355.0
37092.0/37230.0 days/days; walltime: 139.0
37093.0/37230.0 days/days; walltime: 895.7
37094.0/37230.0 days/days; walltime: 616.2
37095.0/37230.0 days/days; walltime: 596.4
37096.0/37230.0 days/days; walltime: 400.6
37097.0/37230.0 days/days; walltime: 267.2
37098.0/37230.0 days/days; walltime: 569.2
37099.0/37230.0 days/days; walltime: 247.8
37100.0/37230.0 days/days; walltime: 116.4
37101.0/37230.0 days/days; walltime: 406.3
37102.0/37230.0 days/days; walltime: 164.7
37103.0/37230.0 days/days; walltime: 129.5
37104.0/37230.0 days/days; walltime: 199.9
37105.0/37230.0 days/days; walltime: 183.8
37106.0/37230.0 days/days; walltime: 696.1
37107.0/37230.0 days/days; walltime: 1119.9
37108.0/37230.0 days/days; walltime: 1797.6
37109.0/37230.0 days/days; walltime: 972.6
37110.0/37230.0 days/days; walltime: 512.0
37111.0/37230.0 days/days; walltime: 318.9
37112.0/37230.0 days/days; walltime: 914.8
37113.0/37230.0 days/days; walltime: 474.2
37114.0/37230.0 days/days; walltime: 1163.2
37115.0/37230.0 days/days; walltime: 366.2
37116.0/37230.0 days/days; walltime: 144.4
37117.0/37230.0 days/days; walltime: 370.9
37118.0/37230.0 days/days; walltime: 134.7
37119.0/37230.0 days/days; walltime: 120.4
37120.0/37230.0 days/days; walltime: 37.9
37121.0/37230.0 days/days; walltime: 50.9
37122.0/37230.0 days/days; walltime: 18.0
37123.0/37230.0 days/days; walltime: 22.0
37124.0/37230.0 days/days; walltime: 5.4
37125.0/37230.0 days/days; walltime: 54.5
37126.0/37230.0 days/days; walltime: 272.3
37127.0/37230.0 days/days; walltime: 330.9
37128.0/37230.0 days/days; walltime: 22.8
37129.0/37230.0 days/days; walltime: 263.8
slurmstepd: error: *** JOB 61514046 ON cdr596 CANCELLED AT 2023-03-02T19:53:30 DUE TO TIME LIMIT ***
