Case 2:
Picked up JAVA_TOOL_OPTIONS: -Xmx2g
Opening log file:  /tmp/java.log.4677

                            < M A T L A B (R) >
                  Copyright 1984-2022 The MathWorks, Inc.
                  R2022a (9.12.0.1884302) 64-bit (glnxa64)
                             February 16, 2022

 
To get started, type doc.
For product information, visit www.mathworks.com.
 

config = 

  struct with fields:

                 k_s: 0.0189
                 l_c: 10
            n_moulin: 68
    creep_const_soft: 0
             mesh_nr: 4
                 k_c: 0.2000
               h_bed: 0.5000
               l_bed: 10
               alpha: 1.5000
                beta: 1.5000
               omega: 0
                 e_v: 1.0000e-04

Running model run (ode15s):
Run to steady
Saving model run to
./RUN/output_102_steady.nc
Fields, IC & BC initialised
Initial phi calculated in 1.6s
0.0/36500.0 days/days; walltime: 24.3
-----------------------------------------------------------------------------------------------------------------------------------------------------------------------------------------------------------------------------------------------1825.0/36500.0 days/days; walltime: 205.2
--------------------------------------------3650.0/36500.0 days/days; walltime: 3.6
--------------5475.0/36500.0 days/days; walltime: 1.2
----------7300.0/36500.0 days/days; walltime: 0.8
---------------------------------------------------------------------------------------------------------------------------------------------------------------------------------------------------------------------------------------------------------------------------------------------------------------------------------------------------------------------------------------9125.0/36500.0 days/days; walltime: 29.2
---------------------------------------------------------------------------------------------------------------------------------------------------------------------------------------------------------------------------------------------------------------------------------------------------------------------------------------------------------------------------------------------------------------------------------------------------------------------------------------------------------------------------------------------------------------------------------------------------------------------------------------------------------------------------------------------------------------------------------------------------------------------------------------------------------------------------------------------------------------------------------------------------------------------------------------------------------------------------------------------------------------------------------------------------------------------------------------------------------------------------------------------------------------------------------------------------------------------------------------------------------------------------------------------------------------------------------------------------------------------------------------------------------------------------------------------------------------------------------------------------------------------------------------------------------------------------------------------------------------------------------------------------------------------------------------------------------------------------------------------------------------------------------------------------------------------------------------------------------------------------------------------------------------------------------------------------------------------------------------------------------------------------------------------------------------------------------------------------------------------------------------------------------------------------------------------------------------------------------------------------------------------------------------------------------------------------------------------------------------------------------------------------------------------------------------------------------------------------------------------------------------------------------------------------------------------------------------------------------------------------------------------------------------------------------------------------------------------------------------------------------------------------------------------------------------------------------------------------------------------------------------------------------------------------------------------------------------------------------------------------------------------------------------------------------------------------------------------------------------------------------------------------------------------------------------------------------------------------------------------------------------------------------------------------------------------------------------------------------------------------------------------------------------------10950.0/36500.0 days/days; walltime: 237.9
-----------------------------------------------------------------------------------------------------------------------------------------------------------------------------------------------------------------------------------------------------------------------------------------------------------------------------------------------------------------------------------------------------------------------12775.0/36500.0 days/days; walltime: 71.1
------------------------------------------------------------------------------------------------------------------------------------14600.0/36500.0 days/days; walltime: 180.5
--------------------------------------16425.0/36500.0 days/days; walltime: 211.0
-------------------------------------------------18250.0/36500.0 days/days; walltime: 126.5
----------20075.0/36500.0 days/days; walltime: 40.2
21900.0/36500.0 days/days; walltime: 5.8
23725.0/36500.0 days/days; walltime: 1.3
25550.0/36500.0 days/days; walltime: 1.2
27375.0/36500.0 days/days; walltime: 1.0
29200.0/36500.0 days/days; walltime: 1.5
31025.0/36500.0 days/days; walltime: 1.4
32850.0/36500.0 days/days; walltime: 2.1
34675.0/36500.0 days/days; walltime: 2.3
36500.0/36500.0 days/days; walltime: 2.3
Wallclock for model run: 1156.7s
 

fields = 

  struct with fields:

    nodes: [1x1 struct]
    edges: [1x1 struct]
       BC: [1x1 struct]

Running model run (ode15s):
Run seasonal
Saving model run to
./RUN/output_102_seasonal.nc
IC initialised from struct
IC initialised from file/given & rest from parameters and given functions
-36500.0/36682.0 days/days; walltime: 24.0
-36501.0/36682.0 days/days; walltime: 75.9
36502.0/36682.0 days/days; walltime: 15.3
36503.0/36682.0 days/days; walltime: 20.3
36504.0/36682.0 days/days; walltime: 9.8
36505.0/36682.0 days/days; walltime: 2.6
36506.0/36682.0 days/days; walltime: 2.6
36507.0/36682.0 days/days; walltime: 3.9
36508.0/36682.0 days/days; walltime: 1.4
36509.0/36682.0 days/days; walltime: 1.5
36510.0/36682.0 days/days; walltime: 1.8
36511.0/36682.0 days/days; walltime: 3.6
36512.0/36682.0 days/days; walltime: 1.2
36513.0/36682.0 days/days; walltime: 0.9
36514.0/36682.0 days/days; walltime: 1.0
36515.0/36682.0 days/days; walltime: 1.1
36516.0/36682.0 days/days; walltime: 1.0
36517.0/36682.0 days/days; walltime: 0.9
36518.0/36682.0 days/days; walltime: 1.0
36519.0/36682.0 days/days; walltime: 0.8
36520.0/36682.0 days/days; walltime: 0.8
36521.0/36682.0 days/days; walltime: 3.0
36522.0/36682.0 days/days; walltime: 0.8
36523.0/36682.0 days/days; walltime: 0.8
36524.0/36682.0 days/days; walltime: 0.5
36525.0/36682.0 days/days; walltime: 2.7
36526.0/36682.0 days/days; walltime: 0.5
36527.0/36682.0 days/days; walltime: 0.5
36528.0/36682.0 days/days; walltime: 0.4
36529.0/36682.0 days/days; walltime: 0.5
36530.0/36682.0 days/days; walltime: 0.4
36531.0/36682.0 days/days; walltime: 0.5
36532.0/36682.0 days/days; walltime: 0.2
36533.0/36682.0 days/days; walltime: 0.4
36534.0/36682.0 days/days; walltime: 0.4
36535.0/36682.0 days/days; walltime: 0.4
36536.0/36682.0 days/days; walltime: 0.2
36537.0/36682.0 days/days; walltime: 0.4
36538.0/36682.0 days/days; walltime: 0.4
36539.0/36682.0 days/days; walltime: 0.4
36540.0/36682.0 days/days; walltime: 0.3
36541.0/36682.0 days/days; walltime: 0.5
---36542.0/36682.0 days/days; walltime: 2.4
-36543.0/36682.0 days/days; walltime: 0.5
36544.0/36682.0 days/days; walltime: 0.4
36545.0/36682.0 days/days; walltime: 0.1
36546.0/36682.0 days/days; walltime: 0.4
-36547.0/36682.0 days/days; walltime: 0.1
36548.0/36682.0 days/days; walltime: 0.3
-36549.0/36682.0 days/days; walltime: 0.1
-36550.0/36682.0 days/days; walltime: 0.3
36551.0/36682.0 days/days; walltime: 0.1
36552.0/36682.0 days/days; walltime: 0.3
36553.0/36682.0 days/days; walltime: 0.1
-36554.0/36682.0 days/days; walltime: 0.3
36555.0/36682.0 days/days; walltime: 0.1
-36556.0/36682.0 days/days; walltime: 0.4
36557.0/36682.0 days/days; walltime: 0.3
36558.0/36682.0 days/days; walltime: 0.4
36559.0/36682.0 days/days; walltime: 0.1
-36560.0/36682.0 days/days; walltime: 0.4
36561.0/36682.0 days/days; walltime: 0.1
----36562.0/36682.0 days/days; walltime: 0.4
-------------------------------------36563.0/36682.0 days/days; walltime: 2.4
---36564.0/36682.0 days/days; walltime: 0.4
-36565.0/36682.0 days/days; walltime: 0.1
--36566.0/36682.0 days/days; walltime: 0.1
--36567.0/36682.0 days/days; walltime: 0.3
-36568.0/36682.0 days/days; walltime: 0.1
-36569.0/36682.0 days/days; walltime: 0.1
--36570.0/36682.0 days/days; walltime: 0.3
-36571.0/36682.0 days/days; walltime: 0.1
---36572.0/36682.0 days/days; walltime: 0.3
-36573.0/36682.0 days/days; walltime: 0.1
--36574.0/36682.0 days/days; walltime: 0.1
36575.0/36682.0 days/days; walltime: 0.3
-36576.0/36682.0 days/days; walltime: 0.1
-36577.0/36682.0 days/days; walltime: 0.1
--36578.0/36682.0 days/days; walltime: 0.3
-36579.0/36682.0 days/days; walltime: 0.1
-36580.0/36682.0 days/days; walltime: 0.1
-36581.0/36682.0 days/days; walltime: 0.3
36582.0/36682.0 days/days; walltime: 0.1
-36583.0/36682.0 days/days; walltime: 0.1
-36584.0/36682.0 days/days; walltime: 0.1
---36585.0/36682.0 days/days; walltime: 0.3
-36586.0/36682.0 days/days; walltime: 0.1
-36587.0/36682.0 days/days; walltime: 0.1
--36588.0/36682.0 days/days; walltime: 0.3
--36589.0/36682.0 days/days; walltime: 0.1
----36590.0/36682.0 days/days; walltime: 0.3
-36591.0/36682.0 days/days; walltime: 0.3
-36592.0/36682.0 days/days; walltime: 0.1
-36593.0/36682.0 days/days; walltime: 0.1
--36594.0/36682.0 days/days; walltime: 0.1
-36595.0/36682.0 days/days; walltime: 0.3
--36596.0/36682.0 days/days; walltime: 0.1
-36597.0/36682.0 days/days; walltime: 0.1
-36598.0/36682.0 days/days; walltime: 0.1
--36599.0/36682.0 days/days; walltime: 0.3
--36600.0/36682.0 days/days; walltime: 0.1
----36601.0/36682.0 days/days; walltime: 0.3
--36602.0/36682.0 days/days; walltime: 0.3
--36603.0/36682.0 days/days; walltime: 0.1
--36604.0/36682.0 days/days; walltime: 0.1
----------------------------------36605.0/36682.0 days/days; walltime: 2.4
-36606.0/36682.0 days/days; walltime: 0.3
--36607.0/36682.0 days/days; walltime: 0.1
--36609.0/36682.0 days/days; walltime: 0.1
--36610.0/36682.0 days/days; walltime: 0.1
--36611.0/36682.0 days/days; walltime: 0.3
-36612.0/36682.0 days/days; walltime: 0.1
-36613.0/36682.0 days/days; walltime: 0.1
-36614.0/36682.0 days/days; walltime: 0.1
--36615.0/36682.0 days/days; walltime: 0.3
-36616.0/36682.0 days/days; walltime: 0.1
-36617.0/36682.0 days/days; walltime: 0.1
-36618.0/36682.0 days/days; walltime: 0.1
--36619.0/36682.0 days/days; walltime: 0.3
-36621.0/36682.0 days/days; walltime: 0.1
---------------------------------------36622.0/36682.0 days/days; walltime: 2.7
-----------------------------------------------------------------------------------------------------------------------------------------------------------------------------------------------------------------------------------------------------------------------------------------------------------------------------------------------------------------------------------------------------------------------------------------------------------------------------------------------------------------------------------------------------------------------------------------------------------------------------------------------------------------------------------------------------------------------------------------------------------------------36623.0/36682.0 days/days; walltime: 55.0
--------------------------------------------------------------------------------------------------------------------------------------------------------------------------------------------------------------------------------------------------------------------------------------------------------------------------------------------------------------------------------------------------------------------------------------------------------------------------------------------------------------------------------------------------------------------------------------------------------------------------------------------------------36624.0/36682.0 days/days; walltime: 48.1
-------------------------36625.0/36682.0 days/days; walltime: 2.1
------------36626.0/36682.0 days/days; walltime: 0.9
----------36627.0/36682.0 days/days; walltime: 0.9
----36628.0/36682.0 days/days; walltime: 0.3
------36629.0/36682.0 days/days; walltime: 0.5
--36630.0/36682.0 days/days; walltime: 0.1
----36631.0/36682.0 days/days; walltime: 0.4
--36632.0/36682.0 days/days; walltime: 0.1
----36633.0/36682.0 days/days; walltime: 0.3
--36634.0/36682.0 days/days; walltime: 0.3
--36635.0/36682.0 days/days; walltime: 0.1
--36636.0/36682.0 days/days; walltime: 0.1
------------------------------------36637.0/36682.0 days/days; walltime: 2.6
-------------------------------------------------------------------------------------------------------------------------------------------------------------------------------------------36638.0/36682.0 days/days; walltime: 13.7
----------------------------------------------------------------------------------------------------------------------------------------------------------------------------------------------------------------------------------------------------------------------------------------------------------------------------------------------------------------------------------------------------------------------------------------------------------------------------------------------------------------------------------------------------------------------------------------------------------------------------------------------------------------------------------------------------------------------------------------------------------------------------------------------------36639.0/36682.0 days/days; walltime: 59.2
-------------------------------------------------------------------------------------------------------------------------------------------------------------------------------------------------------------------------------------------------------------------------------------------------------------------------------------------------------------------------------------------------------------------------------------------------------------------------------------------------------------------------------------------------------------------------------------------------------------------------------------------------------------------------------------------------------------------------------------------------------------------------------------------------------------------------------------------------------------------------------------------------------------------------------------------------------------------------36640.0/36682.0 days/days; walltime: 70.9
------------------------------------------------------------------------------------------------------------------------------------------------------------------------------------------------------------------------------------------------------------------------------------------------------------------------------------------------------------------------------------------------------36641.0/36682.0 days/days; walltime: 28.7
36642.0/36682.0 days/days; walltime: 2.3
36643.0/36682.0 days/days; walltime: 3.2
36644.0/36682.0 days/days; walltime: 0.8
36645.0/36682.0 days/days; walltime: 0.5
36646.0/36682.0 days/days; walltime: 0.6
36647.0/36682.0 days/days; walltime: 0.5
36648.0/36682.0 days/days; walltime: 0.3
36649.0/36682.0 days/days; walltime: 0.4
36650.0/36682.0 days/days; walltime: 0.3
36651.0/36682.0 days/days; walltime: 0.4
-36652.0/36682.0 days/days; walltime: 2.9
36653.0/36682.0 days/days; walltime: 56.1
36654.0/36682.0 days/days; walltime: 103.3
36655.0/36682.0 days/days; walltime: 179.6
36656.0/36682.0 days/days; walltime: 137.1
36657.0/36682.0 days/days; walltime: 163.5
36658.0/36682.0 days/days; walltime: 551.4
36659.0/36682.0 days/days; walltime: 241.7
36660.0/36682.0 days/days; walltime: 424.2
36661.0/36682.0 days/days; walltime: 117.0
36662.0/36682.0 days/days; walltime: 196.5
36663.0/36682.0 days/days; walltime: 90.9
36664.0/36682.0 days/days; walltime: 82.2
36665.0/36682.0 days/days; walltime: 51.4
36666.0/36682.0 days/days; walltime: 212.8
36667.0/36682.0 days/days; walltime: 227.5
36668.0/36682.0 days/days; walltime: 627.3
36669.0/36682.0 days/days; walltime: 251.3
36670.0/36682.0 days/days; walltime: 224.5
36671.0/36682.0 days/days; walltime: 153.9
36672.0/36682.0 days/days; walltime: 116.9
36673.0/36682.0 days/days; walltime: 185.3
36674.0/36682.0 days/days; walltime: 118.9
36675.0/36682.0 days/days; walltime: 114.3
36676.0/36682.0 days/days; walltime: 191.4
36677.0/36682.0 days/days; walltime: 392.7
36678.0/36682.0 days/days; walltime: 131.4
36679.0/36682.0 days/days; walltime: 78.9
36680.0/36682.0 days/days; walltime: 38.6
36681.0/36682.0 days/days; walltime: 55.2
36682.0/36682.0 days/days; walltime: 31.4
Wallclock for model run: 6058.0s
 

fields = 

  struct with fields:

    nodes: [1x1 struct]
    edges: [1x1 struct]
       BC: [1x1 struct]

No cases left; exiting.
