Case 1:
Picked up JAVA_TOOL_OPTIONS: -Xmx2g
Opening log file:  /tmp/java.log.62893

                            < M A T L A B (R) >
                  Copyright 1984-2022 The MathWorks, Inc.
                  R2022a (9.12.0.1884302) 64-bit (glnxa64)
                             February 16, 2022

 
To get started, type doc.
For product information, visit www.mathworks.com.
 

config = 

  struct with fields:

                 k_s: 0.0094
                 l_c: 10
            n_moulin: 68
    creep_const_soft: 0
             mesh_nr: 4
                 k_c: 0.2000
               h_bed: 0.5000
               l_bed: 10
               alpha: 1.2500
                beta: 1.5000
               omega: 0
                 e_v: 1.0000e-04

Running model run (ode15s):
Run to steady
Saving model run to
./RUN/output_201_steady.nc
Fields, IC & BC initialised
Initial phi calculated in 6.1s
0.0/36500.0 days/days; walltime: 25.7
-----------------------------------------------------------------------------------------------------------------------------------------------------------------------------------------------------------------------------------------------------------------------------------------------------------------------------------------------------------------------------------------------------------------------------------------------------------------------------------------------------------------1825.0/36500.0 days/days; walltime: 213.1
-------------------------------------------------------3650.0/36500.0 days/days; walltime: 4.9
---------------------------5475.0/36500.0 days/days; walltime: 2.3
-----------------------------------------------7300.0/36500.0 days/days; walltime: 3.7
---------------------------------------------------------------------------------------------------------------------------------------------------------------------------------------9125.0/36500.0 days/days; walltime: 15.1
------------------------------------------------------------------------------------------------------------------------------------------------------------------------------------------------------------------------------------------------------------------------------------------------------------------------------------------------------------------------------------------------------------------------------------------------------------------------------------------------------------------------------------------------------------------------------------------------------------------------------------------------------------------------------------------------------------------------------------------------------------------------------------------------------------------------------------------------------------------------------------------------------------------------------------------------------------------------------------------------------------------------------------------------------------------------------------------------------------------------------------------------------------------------------------------------------------------------------------------------------------------------------------------------------------------------------------------------------------------------------------------------------------------------------------------------------------------------------------------------------------------------------------------------------------------------------------------------------------------------------------------------------------------------------------------------------------------------------------------------------------------------------------------------------------------------------------------------------------------------------------------------------------------------------------------------------------------------------------------------------------------------------------------------------------------------------------------------------------------------------------------------------------------------------------------------------------------------------------------------------------------------------------------------------------------------------------------------------------------------------------------------------------------------------------------------------------------------------------------------------------------------------------------------------------------------------------------------------------------------------------------------------------------------------------------------------------------------------------------------------------------------------------------------------------------------------------------------------------------------------------------------------------------------------------------------------------------------------------------------------------------------------------------------------------------------------------10950.0/36500.0 days/days; walltime: 234.5
--------------------------------------------------------------------------------------------------------------------------------------------------------------------------------------------------------------------------------------------------------------------------------------------------------------------------------------------------------------------------------------------------------------------------------------------------------------------------------------------------------------------------------------------------------------------------------------------------------------------------------------------------------------------------------------------------------------------------------------------------------------------------------------------------------------------------------------------------------------------12775.0/36500.0 days/days; walltime: 115.1
-------------------------------------------------------------------------------------------------------14600.0/36500.0 days/days; walltime: 206.7
-----------------------------------------------------------------------16425.0/36500.0 days/days; walltime: 157.3
----------------------------------------------------------------------------------------------------------18250.0/36500.0 days/days; walltime: 112.1
-------20075.0/36500.0 days/days; walltime: 48.7
21900.0/36500.0 days/days; walltime: 9.3
23725.0/36500.0 days/days; walltime: 8.0
25550.0/36500.0 days/days; walltime: 0.9
27375.0/36500.0 days/days; walltime: 0.5
29200.0/36500.0 days/days; walltime: 0.1
31025.0/36500.0 days/days; walltime: 0.1
32850.0/36500.0 days/days; walltime: 0.3
36500.0/36500.0 days/days; walltime: 0.3
Wallclock for model run: 1162.0s
 

fields = 

  struct with fields:

    nodes: [1x1 struct]
    edges: [1x1 struct]
       BC: [1x1 struct]

Running model run (ode15s):
Run seasonal
Saving model run to
./RUN/output_201_seasonal.nc
IC initialised from struct
IC initialised from file/given & rest from parameters and given functions
36500.0/37230.0 days/days; walltime: 22.9
36501.0/37230.0 days/days; walltime: 89.9
36502.0/37230.0 days/days; walltime: 36.5
36503.0/37230.0 days/days; walltime: 15.7
36504.0/37230.0 days/days; walltime: 6.8
36505.0/37230.0 days/days; walltime: 2.4
36506.0/37230.0 days/days; walltime: 4.5
36507.0/37230.0 days/days; walltime: 1.7
36508.0/37230.0 days/days; walltime: 1.5
36509.0/37230.0 days/days; walltime: 1.7
36510.0/37230.0 days/days; walltime: 1.5
36511.0/37230.0 days/days; walltime: 1.4
36512.0/37230.0 days/days; walltime: 3.4
36513.0/37230.0 days/days; walltime: 1.1
36514.0/37230.0 days/days; walltime: 0.6
36515.0/37230.0 days/days; walltime: 0.8
36516.0/37230.0 days/days; walltime: 0.7
36517.0/37230.0 days/days; walltime: 0.8
36518.0/37230.0 days/days; walltime: 0.8
36519.0/37230.0 days/days; walltime: 0.9
36520.0/37230.0 days/days; walltime: 0.7
-36521.0/37230.0 days/days; walltime: 0.7
-----------------------------------------36522.0/37230.0 days/days; walltime: 3.1
---36523.0/37230.0 days/days; walltime: 0.5
36524.0/37230.0 days/days; walltime: 0.7
36525.0/37230.0 days/days; walltime: 0.2
36526.0/37230.0 days/days; walltime: 0.7
36527.0/37230.0 days/days; walltime: 0.4
36528.0/37230.0 days/days; walltime: 0.5
---36529.0/37230.0 days/days; walltime: 0.6
--36530.0/37230.0 days/days; walltime: 0.4
--36531.0/37230.0 days/days; walltime: 0.5
---36532.0/37230.0 days/days; walltime: 0.4
---36533.0/37230.0 days/days; walltime: 0.4
------------------------------------36534.0/37230.0 days/days; walltime: 2.7
-36535.0/37230.0 days/days; walltime: 0.4
36536.0/37230.0 days/days; walltime: 0.1
-36537.0/37230.0 days/days; walltime: 0.5
-36538.0/37230.0 days/days; walltime: 0.1
36539.0/37230.0 days/days; walltime: 0.3
-36540.0/37230.0 days/days; walltime: 0.1
36541.0/37230.0 days/days; walltime: 0.3
36542.0/37230.0 days/days; walltime: 0.1
36543.0/37230.0 days/days; walltime: 0.4
-36544.0/37230.0 days/days; walltime: 0.3
36545.0/37230.0 days/days; walltime: 0.1
36546.0/37230.0 days/days; walltime: 0.1
36547.0/37230.0 days/days; walltime: 0.3
-36548.0/37230.0 days/days; walltime: 0.1
-36549.0/37230.0 days/days; walltime: 0.4
-36550.0/37230.0 days/days; walltime: 0.1
----36551.0/37230.0 days/days; walltime: 0.4
--36552.0/37230.0 days/days; walltime: 0.1
36553.0/37230.0 days/days; walltime: 0.1
---36554.0/37230.0 days/days; walltime: 0.4
----36555.0/37230.0 days/days; walltime: 0.3
--36556.0/37230.0 days/days; walltime: 0.3
----36557.0/37230.0 days/days; walltime: 0.3
--36558.0/37230.0 days/days; walltime: 0.1
----36559.0/37230.0 days/days; walltime: 0.4
--36560.0/37230.0 days/days; walltime: 0.1
--36561.0/37230.0 days/days; walltime: 0.1
----36562.0/37230.0 days/days; walltime: 0.4
-36563.0/37230.0 days/days; walltime: 0.1
--36564.0/37230.0 days/days; walltime: 0.4
--36565.0/37230.0 days/days; walltime: 0.1
--36566.0/37230.0 days/days; walltime: 0.1
--36567.0/37230.0 days/days; walltime: 0.1
--36568.0/37230.0 days/days; walltime: 0.3
36569.0/37230.0 days/days; walltime: 0.1
-36570.0/37230.0 days/days; walltime: 0.1
---36571.0/37230.0 days/days; walltime: 0.4
-36572.0/37230.0 days/days; walltime: 0.1
--36573.0/37230.0 days/days; walltime: 0.1
--36574.0/37230.0 days/days; walltime: 0.3
-----------------------------------36575.0/37230.0 days/days; walltime: 2.5
-36576.0/37230.0 days/days; walltime: 0.1
--36577.0/37230.0 days/days; walltime: 0.3
-36578.0/37230.0 days/days; walltime: 0.1
36579.0/37230.0 days/days; walltime: 0.1
-36580.0/37230.0 days/days; walltime: 0.1
36581.0/37230.0 days/days; walltime: 0.3
36582.0/37230.0 days/days; walltime: 0.1
36583.0/37230.0 days/days; walltime: 0.1
36584.0/37230.0 days/days; walltime: 0.1
36585.0/37230.0 days/days; walltime: 0.3
36586.0/37230.0 days/days; walltime: 0.1
36587.0/37230.0 days/days; walltime: 0.1
36588.0/37230.0 days/days; walltime: 0.1
--36589.0/37230.0 days/days; walltime: 0.3
36590.0/37230.0 days/days; walltime: 0.1
-36591.0/37230.0 days/days; walltime: 0.1
-36592.0/37230.0 days/days; walltime: 0.1
-36593.0/37230.0 days/days; walltime: 0.3
36594.0/37230.0 days/days; walltime: 0.1
36595.0/37230.0 days/days; walltime: 0.1
-36597.0/37230.0 days/days; walltime: 0.1
36598.0/37230.0 days/days; walltime: 0.3
36599.0/37230.0 days/days; walltime: 0.1
-36600.0/37230.0 days/days; walltime: 0.1
36601.0/37230.0 days/days; walltime: 0.1
--36602.0/37230.0 days/days; walltime: 0.3
-36603.0/37230.0 days/days; walltime: 0.1
36605.0/37230.0 days/days; walltime: 0.1
36606.0/37230.0 days/days; walltime: 0.1
-36607.0/37230.0 days/days; walltime: 0.3
36608.0/37230.0 days/days; walltime: 0.1
36609.0/37230.0 days/days; walltime: 0.1
-36611.0/37230.0 days/days; walltime: 0.1
--36612.0/37230.0 days/days; walltime: 0.3
-36613.0/37230.0 days/days; walltime: 0.1
-36615.0/37230.0 days/days; walltime: 0.1
-36616.0/37230.0 days/days; walltime: 0.1
36617.0/37230.0 days/days; walltime: 0.3
36618.0/37230.0 days/days; walltime: 0.1
36620.0/37230.0 days/days; walltime: 0.1
36621.0/37230.0 days/days; walltime: 0.1
36623.0/37230.0 days/days; walltime: 0.3
36624.0/37230.0 days/days; walltime: 0.1
36625.0/37230.0 days/days; walltime: 0.1
36627.0/37230.0 days/days; walltime: 0.1
36628.0/37230.0 days/days; walltime: 0.3
36630.0/37230.0 days/days; walltime: 0.1
36631.0/37230.0 days/days; walltime: 0.1
36633.0/37230.0 days/days; walltime: 0.1
36634.0/37230.0 days/days; walltime: 0.3
36636.0/37230.0 days/days; walltime: 0.1
---36637.0/37230.0 days/days; walltime: 2.7
--36638.0/37230.0 days/days; walltime: 16.4
36639.0/37230.0 days/days; walltime: 66.9
36640.0/37230.0 days/days; walltime: 76.1
36641.0/37230.0 days/days; walltime: 29.3
36642.0/37230.0 days/days; walltime: 2.0
36643.0/37230.0 days/days; walltime: 1.3
36644.0/37230.0 days/days; walltime: 3.0
36645.0/37230.0 days/days; walltime: 0.5
36646.0/37230.0 days/days; walltime: 0.4
36647.0/37230.0 days/days; walltime: 0.4
36648.0/37230.0 days/days; walltime: 0.1
36649.0/37230.0 days/days; walltime: 0.3
36650.0/37230.0 days/days; walltime: 0.1
36651.0/37230.0 days/days; walltime: 0.3
36652.0/37230.0 days/days; walltime: 3.1
36653.0/37230.0 days/days; walltime: 63.1
36654.0/37230.0 days/days; walltime: 103.8
36655.0/37230.0 days/days; walltime: 188.3
36656.0/37230.0 days/days; walltime: 133.3
36657.0/37230.0 days/days; walltime: 112.0
36658.0/37230.0 days/days; walltime: 549.9
36659.0/37230.0 days/days; walltime: 157.2
36660.0/37230.0 days/days; walltime: 355.1
36661.0/37230.0 days/days; walltime: 115.4
36662.0/37230.0 days/days; walltime: 205.6
36663.0/37230.0 days/days; walltime: 93.3
36664.0/37230.0 days/days; walltime: 38.4
36665.0/37230.0 days/days; walltime: 67.1
36666.0/37230.0 days/days; walltime: 153.8
36667.0/37230.0 days/days; walltime: 200.8
36668.0/37230.0 days/days; walltime: 611.8
36669.0/37230.0 days/days; walltime: 198.8
36670.0/37230.0 days/days; walltime: 246.7
36671.0/37230.0 days/days; walltime: 95.5
36672.0/37230.0 days/days; walltime: 103.0
36673.0/37230.0 days/days; walltime: 72.3
36674.0/37230.0 days/days; walltime: 46.3
36675.0/37230.0 days/days; walltime: 76.5
36676.0/37230.0 days/days; walltime: 178.1
36677.0/37230.0 days/days; walltime: 352.1
36678.0/37230.0 days/days; walltime: 162.5
36679.0/37230.0 days/days; walltime: 55.0
36680.0/37230.0 days/days; walltime: 34.0
36681.0/37230.0 days/days; walltime: 50.9
36682.0/37230.0 days/days; walltime: 35.5
36683.0/37230.0 days/days; walltime: 63.3
36684.0/37230.0 days/days; walltime: 49.7
36685.0/37230.0 days/days; walltime: 165.6
36686.0/37230.0 days/days; walltime: 108.2
36687.0/37230.0 days/days; walltime: 151.1
36688.0/37230.0 days/days; walltime: 57.9
36689.0/37230.0 days/days; walltime: 227.2
36690.0/37230.0 days/days; walltime: 395.9
36691.0/37230.0 days/days; walltime: 215.3
36692.0/37230.0 days/days; walltime: 118.9
36693.0/37230.0 days/days; walltime: 67.7
36694.0/37230.0 days/days; walltime: 30.9
36695.0/37230.0 days/days; walltime: 28.9
36696.0/37230.0 days/days; walltime: 18.8
36697.0/37230.0 days/days; walltime: 26.6
36698.0/37230.0 days/days; walltime: 61.1
36699.0/37230.0 days/days; walltime: 25.3
36700.0/37230.0 days/days; walltime: 109.0
36701.0/37230.0 days/days; walltime: 112.7
36702.0/37230.0 days/days; walltime: 89.8
36703.0/37230.0 days/days; walltime: 61.8
36704.0/37230.0 days/days; walltime: 168.0
36705.0/37230.0 days/days; walltime: 244.3
36706.0/37230.0 days/days; walltime: 174.4
36707.0/37230.0 days/days; walltime: 222.4
36708.0/37230.0 days/days; walltime: 129.6
36709.0/37230.0 days/days; walltime: 21.4
36710.0/37230.0 days/days; walltime: 73.2
36711.0/37230.0 days/days; walltime: 163.2
36712.0/37230.0 days/days; walltime: 85.6
36713.0/37230.0 days/days; walltime: 180.7
36714.0/37230.0 days/days; walltime: 17.6
36715.0/37230.0 days/days; walltime: 16.7
36716.0/37230.0 days/days; walltime: 20.8
36717.0/37230.0 days/days; walltime: 16.9
36718.0/37230.0 days/days; walltime: 25.0
36719.0/37230.0 days/days; walltime: 15.7
36720.0/37230.0 days/days; walltime: 50.3
36721.0/37230.0 days/days; walltime: 128.9
36722.0/37230.0 days/days; walltime: 122.6
36723.0/37230.0 days/days; walltime: 227.5
36724.0/37230.0 days/days; walltime: 304.2
36725.0/37230.0 days/days; walltime: 293.3
36726.0/37230.0 days/days; walltime: 271.4
36727.0/37230.0 days/days; walltime: 108.1
36728.0/37230.0 days/days; walltime: 284.2
36729.0/37230.0 days/days; walltime: 587.5
36730.0/37230.0 days/days; walltime: 625.3
36731.0/37230.0 days/days; walltime: 231.5
36732.0/37230.0 days/days; walltime: 123.0
36733.0/37230.0 days/days; walltime: 382.3
36734.0/37230.0 days/days; walltime: 131.5
36735.0/37230.0 days/days; walltime: 79.1
36736.0/37230.0 days/days; walltime: 39.3
36737.0/37230.0 days/days; walltime: 13.3
36738.0/37230.0 days/days; walltime: 7.6
36739.0/37230.0 days/days; walltime: 23.4
36740.0/37230.0 days/days; walltime: 23.1
36741.0/37230.0 days/days; walltime: 92.9
36742.0/37230.0 days/days; walltime: 233.0
36743.0/37230.0 days/days; walltime: 223.2
36744.0/37230.0 days/days; walltime: 25.8
36745.0/37230.0 days/days; walltime: 11.4
36746.0/37230.0 days/days; walltime: 16.4
36747.0/37230.0 days/days; walltime: 36.2
36748.0/37230.0 days/days; walltime: 60.6
36749.0/37230.0 days/days; walltime: 64.3
36750.0/37230.0 days/days; walltime: 13.9
36751.0/37230.0 days/days; walltime: 6.8
36752.0/37230.0 days/days; walltime: 31.1
36753.0/37230.0 days/days; walltime: 8.5
36754.0/37230.0 days/days; walltime: 4.8
36755.0/37230.0 days/days; walltime: 6.3
36756.0/37230.0 days/days; walltime: 6.0
36757.0/37230.0 days/days; walltime: 15.2
36758.0/37230.0 days/days; walltime: 10.7
36759.0/37230.0 days/days; walltime: 8.2
36760.0/37230.0 days/days; walltime: 15.1
36761.0/37230.0 days/days; walltime: 129.4
36762.0/37230.0 days/days; walltime: 101.4
36763.0/37230.0 days/days; walltime: 3.9
36764.0/37230.0 days/days; walltime: 65.0
36765.0/37230.0 days/days; walltime: 56.7
36766.0/37230.0 days/days; walltime: 1.9
36767.0/37230.0 days/days; walltime: 1.0
36768.0/37230.0 days/days; walltime: 0.8
36769.0/37230.0 days/days; walltime: 0.6
36770.0/37230.0 days/days; walltime: 0.7
36771.0/37230.0 days/days; walltime: 0.6
--36772.0/37230.0 days/days; walltime: 0.5
--36773.0/37230.0 days/days; walltime: 0.4
--36774.0/37230.0 days/days; walltime: 0.5
------------------------------------36775.0/37230.0 days/days; walltime: 2.6
---36776.0/37230.0 days/days; walltime: 0.2
----36777.0/37230.0 days/days; walltime: 0.4
--36778.0/37230.0 days/days; walltime: 0.3
--36779.0/37230.0 days/days; walltime: 0.4
--36780.0/37230.0 days/days; walltime: 0.3
-36781.0/37230.0 days/days; walltime: 0.3
-----36782.0/37230.0 days/days; walltime: 50.2
36783.0/37230.0 days/days; walltime: 121.4
36784.0/37230.0 days/days; walltime: 97.6
36785.0/37230.0 days/days; walltime: 311.2
36786.0/37230.0 days/days; walltime: 11.3
36787.0/37230.0 days/days; walltime: 3.8
36788.0/37230.0 days/days; walltime: 2.6
36789.0/37230.0 days/days; walltime: 18.7
36790.0/37230.0 days/days; walltime: 9.5
36791.0/37230.0 days/days; walltime: 0.9
36792.0/37230.0 days/days; walltime: 1.0
36793.0/37230.0 days/days; walltime: 0.9
36794.0/37230.0 days/days; walltime: 0.8
36795.0/37230.0 days/days; walltime: 0.8
36796.0/37230.0 days/days; walltime: 2.9
36797.0/37230.0 days/days; walltime: 0.5
36798.0/37230.0 days/days; walltime: 0.6
36799.0/37230.0 days/days; walltime: 0.5
36800.0/37230.0 days/days; walltime: 0.5
36801.0/37230.0 days/days; walltime: 0.4
-36802.0/37230.0 days/days; walltime: 0.4
36803.0/37230.0 days/days; walltime: 0.5
-36804.0/37230.0 days/days; walltime: 0.3
36805.0/37230.0 days/days; walltime: 0.4
36806.0/37230.0 days/days; walltime: 0.3
36807.0/37230.0 days/days; walltime: 0.4
36808.0/37230.0 days/days; walltime: 0.3
36809.0/37230.0 days/days; walltime: 0.1
36810.0/37230.0 days/days; walltime: 0.4
36811.0/37230.0 days/days; walltime: 0.3
36812.0/37230.0 days/days; walltime: 0.3
36813.0/37230.0 days/days; walltime: 0.3
36814.0/37230.0 days/days; walltime: 0.1
36815.0/37230.0 days/days; walltime: 0.3
-36816.0/37230.0 days/days; walltime: 2.5
36817.0/37230.0 days/days; walltime: 0.1
36818.0/37230.0 days/days; walltime: 0.3
36819.0/37230.0 days/days; walltime: 0.2
36820.0/37230.0 days/days; walltime: 0.3
36821.0/37230.0 days/days; walltime: 0.3
36822.0/37230.0 days/days; walltime: 0.1
36823.0/37230.0 days/days; walltime: 0.1
36824.0/37230.0 days/days; walltime: 0.4
36825.0/37230.0 days/days; walltime: 0.4
36826.0/37230.0 days/days; walltime: 0.1
36827.0/37230.0 days/days; walltime: 0.1
36829.0/37230.0 days/days; walltime: 0.1
36830.0/37230.0 days/days; walltime: 0.3
36831.0/37230.0 days/days; walltime: 0.2
36832.0/37230.0 days/days; walltime: 0.1
36833.0/37230.0 days/days; walltime: 0.1
36834.0/37230.0 days/days; walltime: 0.3
36835.0/37230.0 days/days; walltime: 0.1
36836.0/37230.0 days/days; walltime: 0.1
36838.0/37230.0 days/days; walltime: 0.1
36839.0/37230.0 days/days; walltime: 0.3
36840.0/37230.0 days/days; walltime: 0.1
36841.0/37230.0 days/days; walltime: 0.1
36843.0/37230.0 days/days; walltime: 0.1
36844.0/37230.0 days/days; walltime: 0.3
36845.0/37230.0 days/days; walltime: 0.1
36847.0/37230.0 days/days; walltime: 0.1
36848.0/37230.0 days/days; walltime: 0.1
36849.0/37230.0 days/days; walltime: 0.3
36851.0/37230.0 days/days; walltime: 0.1
36852.0/37230.0 days/days; walltime: 0.1
36853.0/37230.0 days/days; walltime: 0.1
36855.0/37230.0 days/days; walltime: 0.3
36856.0/37230.0 days/days; walltime: 0.1
36858.0/37230.0 days/days; walltime: 2.4
36859.0/37230.0 days/days; walltime: 0.1
36860.0/37230.0 days/days; walltime: 0.3
36862.0/37230.0 days/days; walltime: 0.1
36863.0/37230.0 days/days; walltime: 0.1
36865.0/37230.0 days/days; walltime: 0.1
36866.0/37230.0 days/days; walltime: 0.3
36868.0/37230.0 days/days; walltime: 0.1
36870.0/37230.0 days/days; walltime: 0.1
36871.0/37230.0 days/days; walltime: 0.1
36873.0/37230.0 days/days; walltime: 0.3
36874.0/37230.0 days/days; walltime: 0.1
36876.0/37230.0 days/days; walltime: 0.1
36878.0/37230.0 days/days; walltime: 0.1
36879.0/37230.0 days/days; walltime: 0.3
36881.0/37230.0 days/days; walltime: 0.1
36883.0/37230.0 days/days; walltime: 0.1
36884.0/37230.0 days/days; walltime: 0.1
36886.0/37230.0 days/days; walltime: 0.3
36888.0/37230.0 days/days; walltime: 0.1
36890.0/37230.0 days/days; walltime: 0.1
36891.0/37230.0 days/days; walltime: 0.1
36893.0/37230.0 days/days; walltime: 0.3
36895.0/37230.0 days/days; walltime: 0.1
36897.0/37230.0 days/days; walltime: 0.1
36899.0/37230.0 days/days; walltime: 0.1
36901.0/37230.0 days/days; walltime: 0.3
36903.0/37230.0 days/days; walltime: 0.1
36905.0/37230.0 days/days; walltime: 0.1
36907.0/37230.0 days/days; walltime: 0.1
36909.0/37230.0 days/days; walltime: 0.3
36911.0/37230.0 days/days; walltime: 0.1
36913.0/37230.0 days/days; walltime: 0.1
36915.0/37230.0 days/days; walltime: 0.1
36917.0/37230.0 days/days; walltime: 0.3
36919.0/37230.0 days/days; walltime: 0.1
36922.0/37230.0 days/days; walltime: 0.1
36924.0/37230.0 days/days; walltime: 0.1
36926.0/37230.0 days/days; walltime: 0.3
36928.0/37230.0 days/days; walltime: 0.1
36931.0/37230.0 days/days; walltime: 0.1
36933.0/37230.0 days/days; walltime: 0.1
36936.0/37230.0 days/days; walltime: 0.3
36938.0/37230.0 days/days; walltime: 0.1
36941.0/37230.0 days/days; walltime: 0.1
36943.0/37230.0 days/days; walltime: 0.1
36946.0/37230.0 days/days; walltime: 0.3
36948.0/37230.0 days/days; walltime: 0.1
36951.0/37230.0 days/days; walltime: 0.1
36954.0/37230.0 days/days; walltime: 0.1
36957.0/37230.0 days/days; walltime: 0.3
36959.0/37230.0 days/days; walltime: 0.1
36962.0/37230.0 days/days; walltime: 0.1
36965.0/37230.0 days/days; walltime: 0.1
36968.0/37230.0 days/days; walltime: 0.3
36971.0/37230.0 days/days; walltime: 0.1
36974.0/37230.0 days/days; walltime: 0.1
36977.0/37230.0 days/days; walltime: 0.1
36980.0/37230.0 days/days; walltime: 0.3
36983.0/37230.0 days/days; walltime: 0.1
36987.0/37230.0 days/days; walltime: 0.1
36990.0/37230.0 days/days; walltime: 0.1
36993.0/37230.0 days/days; walltime: 0.3
36996.0/37230.0 days/days; walltime: 0.1
36999.0/37230.0 days/days; walltime: 0.1
-----37003.0/37230.0 days/days; walltime: 14.4
37004.0/37230.0 days/days; walltime: 85.7
37005.0/37230.0 days/days; walltime: 104.5
37006.0/37230.0 days/days; walltime: 25.1
37007.0/37230.0 days/days; walltime: 4.3
37008.0/37230.0 days/days; walltime: 0.9
37009.0/37230.0 days/days; walltime: 0.6
37010.0/37230.0 days/days; walltime: 0.7
37011.0/37230.0 days/days; walltime: 0.5
37012.0/37230.0 days/days; walltime: 0.4
37013.0/37230.0 days/days; walltime: 0.4
37014.0/37230.0 days/days; walltime: 0.3
37015.0/37230.0 days/days; walltime: 0.4
37016.0/37230.0 days/days; walltime: 0.1
37017.0/37230.0 days/days; walltime: 2.8
37018.0/37230.0 days/days; walltime: 70.8
37019.0/37230.0 days/days; walltime: 95.4
37020.0/37230.0 days/days; walltime: 176.1
37021.0/37230.0 days/days; walltime: 154.9
37022.0/37230.0 days/days; walltime: 138.9
37023.0/37230.0 days/days; walltime: 511.4
37024.0/37230.0 days/days; walltime: 228.6
37025.0/37230.0 days/days; walltime: 387.0
37026.0/37230.0 days/days; walltime: 104.2
37027.0/37230.0 days/days; walltime: 181.3
37028.0/37230.0 days/days; walltime: 94.1
37029.0/37230.0 days/days; walltime: 41.2
37030.0/37230.0 days/days; walltime: 50.2
37031.0/37230.0 days/days; walltime: 176.4
37032.0/37230.0 days/days; walltime: 239.9
37033.0/37230.0 days/days; walltime: 645.0
37034.0/37230.0 days/days; walltime: 295.4
37035.0/37230.0 days/days; walltime: 152.1
37036.0/37230.0 days/days; walltime: 133.7
37037.0/37230.0 days/days; walltime: 115.5
37038.0/37230.0 days/days; walltime: 125.6
37039.0/37230.0 days/days; walltime: 43.8
37040.0/37230.0 days/days; walltime: 93.6
37041.0/37230.0 days/days; walltime: 213.9
37042.0/37230.0 days/days; walltime: 446.9
37043.0/37230.0 days/days; walltime: 161.5
37044.0/37230.0 days/days; walltime: 85.1
37045.0/37230.0 days/days; walltime: 42.8
37046.0/37230.0 days/days; walltime: 50.2
37047.0/37230.0 days/days; walltime: 32.7
37048.0/37230.0 days/days; walltime: 59.2
37049.0/37230.0 days/days; walltime: 47.5
37050.0/37230.0 days/days; walltime: 172.4
37051.0/37230.0 days/days; walltime: 117.7
37052.0/37230.0 days/days; walltime: 152.3
37053.0/37230.0 days/days; walltime: 68.6
37054.0/37230.0 days/days; walltime: 234.9
37055.0/37230.0 days/days; walltime: 470.5
37056.0/37230.0 days/days; walltime: 218.9
37057.0/37230.0 days/days; walltime: 111.1
37058.0/37230.0 days/days; walltime: 36.4
37059.0/37230.0 days/days; walltime: 39.4
37060.0/37230.0 days/days; walltime: 29.1
37061.0/37230.0 days/days; walltime: 18.2
37062.0/37230.0 days/days; walltime: 35.4
37063.0/37230.0 days/days; walltime: 54.5
37064.0/37230.0 days/days; walltime: 17.2
37065.0/37230.0 days/days; walltime: 105.2
37066.0/37230.0 days/days; walltime: 113.6
37067.0/37230.0 days/days; walltime: 84.4
37068.0/37230.0 days/days; walltime: 32.8
37069.0/37230.0 days/days; walltime: 159.6
37070.0/37230.0 days/days; walltime: 272.4
37071.0/37230.0 days/days; walltime: 162.6
37072.0/37230.0 days/days; walltime: 211.5
37073.0/37230.0 days/days; walltime: 115.6
37074.0/37230.0 days/days; walltime: 23.1
37075.0/37230.0 days/days; walltime: 62.5
37076.0/37230.0 days/days; walltime: 123.9
37077.0/37230.0 days/days; walltime: 127.3
37078.0/37230.0 days/days; walltime: 228.2
37079.0/37230.0 days/days; walltime: 19.9
37080.0/37230.0 days/days; walltime: 21.1
37081.0/37230.0 days/days; walltime: 14.9
37082.0/37230.0 days/days; walltime: 11.9
37083.0/37230.0 days/days; walltime: 16.2
37084.0/37230.0 days/days; walltime: 16.4
37085.0/37230.0 days/days; walltime: 46.0
37086.0/37230.0 days/days; walltime: 134.5
37087.0/37230.0 days/days; walltime: 129.3
37088.0/37230.0 days/days; walltime: 204.9
37089.0/37230.0 days/days; walltime: 238.5
37090.0/37230.0 days/days; walltime: 296.3
37091.0/37230.0 days/days; walltime: 248.5
37092.0/37230.0 days/days; walltime: 109.4
37093.0/37230.0 days/days; walltime: 252.3
37094.0/37230.0 days/days; walltime: 635.1
37095.0/37230.0 days/days; walltime: 687.4
37096.0/37230.0 days/days; walltime: 231.3
37097.0/37230.0 days/days; walltime: 79.6
37098.0/37230.0 days/days; walltime: 386.0
37099.0/37230.0 days/days; walltime: 153.0
37100.0/37230.0 days/days; walltime: 89.0
37101.0/37230.0 days/days; walltime: 47.0
37102.0/37230.0 days/days; walltime: 7.9
37103.0/37230.0 days/days; walltime: 3.5
37104.0/37230.0 days/days; walltime: 26.1
37105.0/37230.0 days/days; walltime: 22.3
37106.0/37230.0 days/days; walltime: 98.8
37107.0/37230.0 days/days; walltime: 237.7
37108.0/37230.0 days/days; walltime: 251.9
37109.0/37230.0 days/days; walltime: 27.0
37110.0/37230.0 days/days; walltime: 10.5
37111.0/37230.0 days/days; walltime: 19.8
37112.0/37230.0 days/days; walltime: 31.5
37113.0/37230.0 days/days; walltime: 58.2
37114.0/37230.0 days/days; walltime: 66.0
37115.0/37230.0 days/days; walltime: 9.0
37116.0/37230.0 days/days; walltime: 10.3
37117.0/37230.0 days/days; walltime: 29.9
37118.0/37230.0 days/days; walltime: 6.9
37119.0/37230.0 days/days; walltime: 4.2
37120.0/37230.0 days/days; walltime: 4.0
37121.0/37230.0 days/days; walltime: 3.8
37122.0/37230.0 days/days; walltime: 4.0
37123.0/37230.0 days/days; walltime: 4.0
37124.0/37230.0 days/days; walltime: 3.6
37125.0/37230.0 days/days; walltime: 11.1
37126.0/37230.0 days/days; walltime: 112.1
37127.0/37230.0 days/days; walltime: 112.9
37128.0/37230.0 days/days; walltime: 6.1
37129.0/37230.0 days/days; walltime: 74.6
37130.0/37230.0 days/days; walltime: 67.3
37131.0/37230.0 days/days; walltime: 7.3
37132.0/37230.0 days/days; walltime: 8.2
37133.0/37230.0 days/days; walltime: 17.9
37134.0/37230.0 days/days; walltime: 5.4
37135.0/37230.0 days/days; walltime: 8.1
37136.0/37230.0 days/days; walltime: 15.2
37137.0/37230.0 days/days; walltime: 14.1
-37138.0/37230.0 days/days; walltime: 0.7
--37139.0/37230.0 days/days; walltime: 0.5
---37140.0/37230.0 days/days; walltime: 0.4
--37141.0/37230.0 days/days; walltime: 0.4
----37142.0/37230.0 days/days; walltime: 4.2
--37143.0/37230.0 days/days; walltime: 0.5
---37144.0/37230.0 days/days; walltime: 0.4
--37145.0/37230.0 days/days; walltime: 0.1
--37146.0/37230.0 days/days; walltime: 0.3
----37147.0/37230.0 days/days; walltime: 52.9
37148.0/37230.0 days/days; walltime: 116.4
37149.0/37230.0 days/days; walltime: 110.0
37150.0/37230.0 days/days; walltime: 313.5
37151.0/37230.0 days/days; walltime: 13.6
37152.0/37230.0 days/days; walltime: 2.7
37153.0/37230.0 days/days; walltime: 2.5
37154.0/37230.0 days/days; walltime: 6.5
37155.0/37230.0 days/days; walltime: 4.1
37156.0/37230.0 days/days; walltime: 2.2
37157.0/37230.0 days/days; walltime: 0.7
37158.0/37230.0 days/days; walltime: 0.8
37159.0/37230.0 days/days; walltime: 0.8
37160.0/37230.0 days/days; walltime: 0.8
37161.0/37230.0 days/days; walltime: 0.7
-37162.0/37230.0 days/days; walltime: 2.8
-37163.0/37230.0 days/days; walltime: 0.5
--37164.0/37230.0 days/days; walltime: 0.7
--37165.0/37230.0 days/days; walltime: 0.5
-37166.0/37230.0 days/days; walltime: 0.4
37167.0/37230.0 days/days; walltime: 0.4
37168.0/37230.0 days/days; walltime: 0.5
-37169.0/37230.0 days/days; walltime: 0.3
-37170.0/37230.0 days/days; walltime: 0.4
-37171.0/37230.0 days/days; walltime: 0.3
37172.0/37230.0 days/days; walltime: 0.4
37173.0/37230.0 days/days; walltime: 0.1
37174.0/37230.0 days/days; walltime: 0.3
-37175.0/37230.0 days/days; walltime: 0.4
-37176.0/37230.0 days/days; walltime: 0.1
-37177.0/37230.0 days/days; walltime: 0.4
37178.0/37230.0 days/days; walltime: 0.1
37179.0/37230.0 days/days; walltime: 0.3
37180.0/37230.0 days/days; walltime: 0.3
--37181.0/37230.0 days/days; walltime: 0.1
-37182.0/37230.0 days/days; walltime: 2.5
--37183.0/37230.0 days/days; walltime: 0.3
37184.0/37230.0 days/days; walltime: 0.1
37185.0/37230.0 days/days; walltime: 0.1
37186.0/37230.0 days/days; walltime: 0.1
37187.0/37230.0 days/days; walltime: 0.3
37188.0/37230.0 days/days; walltime: 0.1
37189.0/37230.0 days/days; walltime: 0.1
37190.0/37230.0 days/days; walltime: 0.1
37191.0/37230.0 days/days; walltime: 0.3
37192.0/37230.0 days/days; walltime: 0.1
37193.0/37230.0 days/days; walltime: 0.1
37195.0/37230.0 days/days; walltime: 0.1
37196.0/37230.0 days/days; walltime: 0.3
-37197.0/37230.0 days/days; walltime: 0.1
37198.0/37230.0 days/days; walltime: 0.1
37200.0/37230.0 days/days; walltime: 0.1
37201.0/37230.0 days/days; walltime: 0.3
37202.0/37230.0 days/days; walltime: 0.1
37204.0/37230.0 days/days; walltime: 0.1
37205.0/37230.0 days/days; walltime: 0.1
37207.0/37230.0 days/days; walltime: 0.3
37208.0/37230.0 days/days; walltime: 0.1
37210.0/37230.0 days/days; walltime: 0.1
37211.0/37230.0 days/days; walltime: 0.1
37213.0/37230.0 days/days; walltime: 0.3
37214.0/37230.0 days/days; walltime: 0.1
37216.0/37230.0 days/days; walltime: 0.1
37217.0/37230.0 days/days; walltime: 0.1
37219.0/37230.0 days/days; walltime: 0.3
37221.0/37230.0 days/days; walltime: 0.1
37223.0/37230.0 days/days; walltime: 0.1
37224.0/37230.0 days/days; walltime: 0.1
37226.0/37230.0 days/days; walltime: 0.3
37228.0/37230.0 days/days; walltime: 0.1
37230.0/37230.0 days/days; walltime: 2.5
Wallclock for model run: 30312.9s
 

fields = 

  struct with fields:

    nodes: [1x1 struct]
    edges: [1x1 struct]
       BC: [1x1 struct]

No cases left; exiting.
