Case 1:
Picked up JAVA_TOOL_OPTIONS: -Xmx2g
Opening log file:  /tmp/java.log.14544

                            < M A T L A B (R) >
                  Copyright 1984-2022 The MathWorks, Inc.
                  R2022a (9.12.0.1884302) 64-bit (glnxa64)
                             February 16, 2022

 
To get started, type doc.
For product information, visit www.mathworks.com.
 

config = 

  struct with fields:

                 k_s: 0.0094
                 l_c: 10
            n_moulin: 68
    creep_const_soft: 0
             mesh_nr: 4
                 k_c: 0.2000
               h_bed: 0.5000
               l_bed: 10
               alpha: 1.2500
                beta: 1.5000
               omega: 0
                 e_v: 1.0000e-04

Running model run (ode15s):
Run to steady
Saving model run to
./RUN/output_001_steady.nc
Fields, IC & BC initialised
Initial phi calculated in 1.7s
0.0/36500.0 days/days; walltime: 21.6
---------------------------------------------------------------------------------------------------------------------------------------------------------------------------------------------------------------------------------------------------------------------------------------------------------------------------------------------------------------------------------------------------------------------------------------------------------------------------------------------------------------------------------------------------------------------------------------------------------------------------------------------------------------------------------------------------------------------------------------------------------------------------------------------------------------------------------------------------------------------------------------------------------------------------------------1825.0/36500.0 days/days; walltime: 178.7
---------------------3650.0/36500.0 days/days; walltime: 1.6
------------5475.0/36500.0 days/days; walltime: 0.8
--------7300.0/36500.0 days/days; walltime: 0.6
------------------------------------------------------------------------------------------------------------------------------------------------------------------------------------------------------------------9125.0/36500.0 days/days; walltime: 14.0
---------------------------------------------------------------------------------------------------------------------------------------------------------------------------------------------------------------------------------------------------------------------------------------------------------------------------------------------------------------------------------------------------------------------------------------------------------------------------------------------------------------------------------------------------------------------------------------------------------------------------------------------------------------------------------------------------------------------------------------------------------------------------------------------------------------------------------------------------------------------------------------------------------------------------------------------------------------------------------------------------------------------------------------------------------------------------------------------------------------------------------------------------------------------------------------------------------------------------------------------------------------------------------------------------------------------------------------------------------------------------------------------------------------------------------------------------------------------------------------------------------------------------------------------------------------------------------------------------------------------------------------------------------------------------------------------------------------------------------------------------------------------------------------------------------------------------------------------------------------------------------------------------------------------------------------------------------------------------------------------------------------------------------------------------------------------------------------------------------------------------------------------------------------------------------------------------------------------------------------------------------------------------------------------------------------------10950.0/36500.0 days/days; walltime: 121.6
---------------------------------------------------------------------------------------------------------------------------------------------------------------------------------------------------------------------------------------------------------------------------------------------------------------------------------------------------------------------------------------------------------------------------------------------------------------------------------------------------------------------------------------------------------------------------------------------------------------------------------------------------------------------------------------------------------------------------------------------------------------------------------------------------------------------------------------------------------------------------------------------------------------------------------------------------------------------------------------------------------------------------------------------------------------------------------------------------------------------------12775.0/36500.0 days/days; walltime: 63.4
----------------------------------------------------------------------------------------------------------------------------------------------------------------------------------------------------------------------------------------------------------------------------------------------------------------------------------------------------------14600.0/36500.0 days/days; walltime: 105.0
------------------------------------------------------------------------------------16425.0/36500.0 days/days; walltime: 97.7
---------------------------------------------------18250.0/36500.0 days/days; walltime: 149.9
----20075.0/36500.0 days/days; walltime: 27.0
21900.0/36500.0 days/days; walltime: 12.7
23725.0/36500.0 days/days; walltime: 5.4
25550.0/36500.0 days/days; walltime: 9.6
27375.0/36500.0 days/days; walltime: 8.4
29200.0/36500.0 days/days; walltime: 5.6
31025.0/36500.0 days/days; walltime: 2.8
32850.0/36500.0 days/days; walltime: 4.0
34675.0/36500.0 days/days; walltime: 1.3
36500.0/36500.0 days/days; walltime: 1.6
Wallclock for model run: 838.6s
 

fields = 

  struct with fields:

    nodes: [1x1 struct]
    edges: [1x1 struct]
       BC: [1x1 struct]

Running model run (ode15s):
Run seasonal
Saving model run to
./RUN/output_001_seasonal.nc
IC initialised from struct
IC initialised from file/given & rest from parameters and given functions
36500.0/37230.0 days/days; walltime: 18.0
36501.0/37230.0 days/days; walltime: 104.5
36502.0/37230.0 days/days; walltime: 4.1
36503.0/37230.0 days/days; walltime: 2.1
-36504.0/37230.0 days/days; walltime: 3.8
36505.0/37230.0 days/days; walltime: 1.6
36506.0/37230.0 days/days; walltime: 1.6
---------------------------------------------36507.0/37230.0 days/days; walltime: 3.4
36508.0/37230.0 days/days; walltime: 1.2
36509.0/37230.0 days/days; walltime: 1.2
36510.0/37230.0 days/days; walltime: 1.0
36511.0/37230.0 days/days; walltime: 1.1
-36512.0/37230.0 days/days; walltime: 2.5
36513.0/37230.0 days/days; walltime: 0.8
36514.0/37230.0 days/days; walltime: 0.8
36515.0/37230.0 days/days; walltime: 0.6
36516.0/37230.0 days/days; walltime: 0.8
36517.0/37230.0 days/days; walltime: 0.6
36518.0/37230.0 days/days; walltime: 0.5
36519.0/37230.0 days/days; walltime: 0.5
36520.0/37230.0 days/days; walltime: 2.2
36521.0/37230.0 days/days; walltime: 0.4
36522.0/37230.0 days/days; walltime: 0.5
36523.0/37230.0 days/days; walltime: 0.4
36524.0/37230.0 days/days; walltime: 0.3
36525.0/37230.0 days/days; walltime: 0.4
36526.0/37230.0 days/days; walltime: 0.4
36527.0/37230.0 days/days; walltime: 0.4
36528.0/37230.0 days/days; walltime: 0.3
36529.0/37230.0 days/days; walltime: 2.2
36530.0/37230.0 days/days; walltime: 0.3
36531.0/37230.0 days/days; walltime: 0.3
36532.0/37230.0 days/days; walltime: 0.4
36533.0/37230.0 days/days; walltime: 0.3
36534.0/37230.0 days/days; walltime: 0.2
36535.0/37230.0 days/days; walltime: 0.4
36536.0/37230.0 days/days; walltime: 0.2
36537.0/37230.0 days/days; walltime: 0.3
36538.0/37230.0 days/days; walltime: 0.4
36539.0/37230.0 days/days; walltime: 0.2
36540.0/37230.0 days/days; walltime: 0.3
36541.0/37230.0 days/days; walltime: 2.0
36542.0/37230.0 days/days; walltime: 0.3
36543.0/37230.0 days/days; walltime: 0.2
36544.0/37230.0 days/days; walltime: 0.3
36545.0/37230.0 days/days; walltime: 0.1
36546.0/37230.0 days/days; walltime: 0.3
36547.0/37230.0 days/days; walltime: 0.2
36548.0/37230.0 days/days; walltime: 0.1
36549.0/37230.0 days/days; walltime: 0.3
36550.0/37230.0 days/days; walltime: 0.2
36551.0/37230.0 days/days; walltime: 0.2
36552.0/37230.0 days/days; walltime: 0.2
36553.0/37230.0 days/days; walltime: 0.3
36554.0/37230.0 days/days; walltime: 0.1
36555.0/37230.0 days/days; walltime: 0.2
36556.0/37230.0 days/days; walltime: 0.2
36557.0/37230.0 days/days; walltime: 0.2
36558.0/37230.0 days/days; walltime: 0.1
36559.0/37230.0 days/days; walltime: 0.3
36560.0/37230.0 days/days; walltime: 0.1
36561.0/37230.0 days/days; walltime: 0.1
36562.0/37230.0 days/days; walltime: 0.3
36563.0/37230.0 days/days; walltime: 0.1
36564.0/37230.0 days/days; walltime: 0.3
36565.0/37230.0 days/days; walltime: 0.1
36566.0/37230.0 days/days; walltime: 0.1
36567.0/37230.0 days/days; walltime: 0.1
36568.0/37230.0 days/days; walltime: 0.3
36569.0/37230.0 days/days; walltime: 0.1
36570.0/37230.0 days/days; walltime: 0.1
36571.0/37230.0 days/days; walltime: 0.2
36572.0/37230.0 days/days; walltime: 0.2
36573.0/37230.0 days/days; walltime: 0.1
36574.0/37230.0 days/days; walltime: 0.2
36575.0/37230.0 days/days; walltime: 0.1
36576.0/37230.0 days/days; walltime: 0.1
36577.0/37230.0 days/days; walltime: 0.1
36578.0/37230.0 days/days; walltime: 0.2
-36579.0/37230.0 days/days; walltime: 0.1
36580.0/37230.0 days/days; walltime: 0.2
36581.0/37230.0 days/days; walltime: 0.2
36582.0/37230.0 days/days; walltime: 0.1
36583.0/37230.0 days/days; walltime: 0.1
36584.0/37230.0 days/days; walltime: 0.1
36585.0/37230.0 days/days; walltime: 0.2
36586.0/37230.0 days/days; walltime: 0.1
36587.0/37230.0 days/days; walltime: 0.1
36589.0/37230.0 days/days; walltime: 0.1
36590.0/37230.0 days/days; walltime: 0.2
36591.0/37230.0 days/days; walltime: 0.1
36592.0/37230.0 days/days; walltime: 0.1
36593.0/37230.0 days/days; walltime: 0.1
36594.0/37230.0 days/days; walltime: 0.2
36595.0/37230.0 days/days; walltime: 0.1
-36596.0/37230.0 days/days; walltime: 0.1
36598.0/37230.0 days/days; walltime: 0.1
36599.0/37230.0 days/days; walltime: 0.3
36600.0/37230.0 days/days; walltime: 0.1
36601.0/37230.0 days/days; walltime: 0.1
36602.0/37230.0 days/days; walltime: 0.1
36604.0/37230.0 days/days; walltime: 0.2
36605.0/37230.0 days/days; walltime: 1.9
36606.0/37230.0 days/days; walltime: 0.1
36607.0/37230.0 days/days; walltime: 0.1
36609.0/37230.0 days/days; walltime: 0.2
36610.0/37230.0 days/days; walltime: 0.1
36611.0/37230.0 days/days; walltime: 0.1
36612.0/37230.0 days/days; walltime: 0.1
36614.0/37230.0 days/days; walltime: 0.2
36615.0/37230.0 days/days; walltime: 0.1
36616.0/37230.0 days/days; walltime: 0.1
36618.0/37230.0 days/days; walltime: 0.1
36619.0/37230.0 days/days; walltime: 0.2
36621.0/37230.0 days/days; walltime: 0.1
--36622.0/37230.0 days/days; walltime: 14.9
36623.0/37230.0 days/days; walltime: 86.4
36624.0/37230.0 days/days; walltime: 98.0
36625.0/37230.0 days/days; walltime: 0.8
36626.0/37230.0 days/days; walltime: 0.5
36627.0/37230.0 days/days; walltime: 0.4
36628.0/37230.0 days/days; walltime: 0.2
36629.0/37230.0 days/days; walltime: 0.3
36630.0/37230.0 days/days; walltime: 0.2
36631.0/37230.0 days/days; walltime: 0.1
36632.0/37230.0 days/days; walltime: 0.2
36633.0/37230.0 days/days; walltime: 0.1
36634.0/37230.0 days/days; walltime: 2.1
36635.0/37230.0 days/days; walltime: 0.2
36636.0/37230.0 days/days; walltime: 0.8
--36637.0/37230.0 days/days; walltime: 2.4
36638.0/37230.0 days/days; walltime: 9.5
36639.0/37230.0 days/days; walltime: 113.5
36640.0/37230.0 days/days; walltime: 121.3
36641.0/37230.0 days/days; walltime: 31.9
36642.0/37230.0 days/days; walltime: 0.9
36643.0/37230.0 days/days; walltime: 0.7
36644.0/37230.0 days/days; walltime: 0.6
36645.0/37230.0 days/days; walltime: 0.4
36646.0/37230.0 days/days; walltime: 0.5
36647.0/37230.0 days/days; walltime: 0.3
36648.0/37230.0 days/days; walltime: 0.3
36649.0/37230.0 days/days; walltime: 2.1
36650.0/37230.0 days/days; walltime: 0.1
36651.0/37230.0 days/days; walltime: 0.2
--36652.0/37230.0 days/days; walltime: 2.2
36653.0/37230.0 days/days; walltime: 106.0
36654.0/37230.0 days/days; walltime: 234.5
36655.0/37230.0 days/days; walltime: 306.9
36656.0/37230.0 days/days; walltime: 262.2
36657.0/37230.0 days/days; walltime: 349.6
36658.0/37230.0 days/days; walltime: 652.4
36659.0/37230.0 days/days; walltime: 134.6
36660.0/37230.0 days/days; walltime: 433.0
36661.0/37230.0 days/days; walltime: 412.0
36662.0/37230.0 days/days; walltime: 217.6
36663.0/37230.0 days/days; walltime: 93.4
36664.0/37230.0 days/days; walltime: 56.2
36665.0/37230.0 days/days; walltime: 76.3
36666.0/37230.0 days/days; walltime: 176.0
36667.0/37230.0 days/days; walltime: 123.3
36668.0/37230.0 days/days; walltime: 444.8
36669.0/37230.0 days/days; walltime: 210.3
36670.0/37230.0 days/days; walltime: 109.2
36671.0/37230.0 days/days; walltime: 37.5
36672.0/37230.0 days/days; walltime: 72.0
36673.0/37230.0 days/days; walltime: 176.7
36674.0/37230.0 days/days; walltime: 87.7
36675.0/37230.0 days/days; walltime: 112.5
36676.0/37230.0 days/days; walltime: 191.1
36677.0/37230.0 days/days; walltime: 487.2
36678.0/37230.0 days/days; walltime: 12.8
36679.0/37230.0 days/days; walltime: 72.2
36680.0/37230.0 days/days; walltime: 54.1
36681.0/37230.0 days/days; walltime: 36.6
36682.0/37230.0 days/days; walltime: 37.6
36683.0/37230.0 days/days; walltime: 86.1
36684.0/37230.0 days/days; walltime: 66.2
36685.0/37230.0 days/days; walltime: 365.4
36686.0/37230.0 days/days; walltime: 179.0
36687.0/37230.0 days/days; walltime: 709.0
36688.0/37230.0 days/days; walltime: 68.0
36689.0/37230.0 days/days; walltime: 440.4
36690.0/37230.0 days/days; walltime: 506.8
36691.0/37230.0 days/days; walltime: 373.0
36692.0/37230.0 days/days; walltime: 83.5
36693.0/37230.0 days/days; walltime: 77.7
36694.0/37230.0 days/days; walltime: 24.1
36695.0/37230.0 days/days; walltime: 12.7
36696.0/37230.0 days/days; walltime: 15.0
36697.0/37230.0 days/days; walltime: 29.2
36698.0/37230.0 days/days; walltime: 72.3
36699.0/37230.0 days/days; walltime: 14.0
36700.0/37230.0 days/days; walltime: 235.1
36701.0/37230.0 days/days; walltime: 164.6
36702.0/37230.0 days/days; walltime: 121.4
36703.0/37230.0 days/days; walltime: 58.2
36704.0/37230.0 days/days; walltime: 111.5
36705.0/37230.0 days/days; walltime: 442.9
36706.0/37230.0 days/days; walltime: 121.1
36707.0/37230.0 days/days; walltime: 111.8
36708.0/37230.0 days/days; walltime: 162.5
36709.0/37230.0 days/days; walltime: 23.0
36710.0/37230.0 days/days; walltime: 86.1
36711.0/37230.0 days/days; walltime: 157.7
36712.0/37230.0 days/days; walltime: 72.1
36713.0/37230.0 days/days; walltime: 188.9
36714.0/37230.0 days/days; walltime: 8.6
36715.0/37230.0 days/days; walltime: 7.9
36716.0/37230.0 days/days; walltime: 11.8
36717.0/37230.0 days/days; walltime: 10.0
36718.0/37230.0 days/days; walltime: 12.6
36719.0/37230.0 days/days; walltime: 7.6
36720.0/37230.0 days/days; walltime: 64.1
36721.0/37230.0 days/days; walltime: 263.7
36722.0/37230.0 days/days; walltime: 156.3
36723.0/37230.0 days/days; walltime: 441.3
36724.0/37230.0 days/days; walltime: 525.8
36725.0/37230.0 days/days; walltime: 307.6
36726.0/37230.0 days/days; walltime: 306.9
36727.0/37230.0 days/days; walltime: 43.4
36728.0/37230.0 days/days; walltime: 477.7
36729.0/37230.0 days/days; walltime: 141.5
36730.0/37230.0 days/days; walltime: 393.5
36731.0/37230.0 days/days; walltime: 88.6
36732.0/37230.0 days/days; walltime: 46.7
36733.0/37230.0 days/days; walltime: 295.9
36734.0/37230.0 days/days; walltime: 24.1
36735.0/37230.0 days/days; walltime: 7.4
36736.0/37230.0 days/days; walltime: 57.0
36737.0/37230.0 days/days; walltime: 10.5
36738.0/37230.0 days/days; walltime: 4.6
36739.0/37230.0 days/days; walltime: 29.6
36740.0/37230.0 days/days; walltime: 30.9
36741.0/37230.0 days/days; walltime: 283.3
36742.0/37230.0 days/days; walltime: 703.5
36743.0/37230.0 days/days; walltime: 583.7
36744.0/37230.0 days/days; walltime: 456.8
36745.0/37230.0 days/days; walltime: 8.9
36746.0/37230.0 days/days; walltime: 25.3
36747.0/37230.0 days/days; walltime: 111.2
36748.0/37230.0 days/days; walltime: 236.4
36749.0/37230.0 days/days; walltime: 238.3
36750.0/37230.0 days/days; walltime: 10.7
36751.0/37230.0 days/days; walltime: 7.9
36752.0/37230.0 days/days; walltime: 36.7
36753.0/37230.0 days/days; walltime: 4.2
36754.0/37230.0 days/days; walltime: 4.0
36755.0/37230.0 days/days; walltime: 1.7
36756.0/37230.0 days/days; walltime: 1.5
36757.0/37230.0 days/days; walltime: 2.5
36758.0/37230.0 days/days; walltime: 1.0
36759.0/37230.0 days/days; walltime: 1.4
36760.0/37230.0 days/days; walltime: 16.1
36761.0/37230.0 days/days; walltime: 100.6
36762.0/37230.0 days/days; walltime: 89.8
36763.0/37230.0 days/days; walltime: 2.9
36764.0/37230.0 days/days; walltime: 80.0
36765.0/37230.0 days/days; walltime: 77.9
36766.0/37230.0 days/days; walltime: 1.1
36767.0/37230.0 days/days; walltime: 0.6
36768.0/37230.0 days/days; walltime: 0.5
36769.0/37230.0 days/days; walltime: 0.5
36770.0/37230.0 days/days; walltime: 0.5
36771.0/37230.0 days/days; walltime: 0.5
36772.0/37230.0 days/days; walltime: 0.4
36773.0/37230.0 days/days; walltime: 0.3
36774.0/37230.0 days/days; walltime: 1.9
36775.0/37230.0 days/days; walltime: 0.4
36776.0/37230.0 days/days; walltime: 0.4
36777.0/37230.0 days/days; walltime: 0.2
36778.0/37230.0 days/days; walltime: 0.4
36779.0/37230.0 days/days; walltime: 0.2
36780.0/37230.0 days/days; walltime: 0.3
36781.0/37230.0 days/days; walltime: 0.2
36782.0/37230.0 days/days; walltime: 102.7
36783.0/37230.0 days/days; walltime: 278.9
36784.0/37230.0 days/days; walltime: 279.4
36785.0/37230.0 days/days; walltime: 625.3
36786.0/37230.0 days/days; walltime: 12.9
36787.0/37230.0 days/days; walltime: 1.4
36788.0/37230.0 days/days; walltime: 7.3
36789.0/37230.0 days/days; walltime: 1.3
36790.0/37230.0 days/days; walltime: 0.8
36791.0/37230.0 days/days; walltime: 0.7
36792.0/37230.0 days/days; walltime: 3.2
36793.0/37230.0 days/days; walltime: 0.6
36794.0/37230.0 days/days; walltime: 0.7
36795.0/37230.0 days/days; walltime: 0.6
36796.0/37230.0 days/days; walltime: 0.6
36797.0/37230.0 days/days; walltime: 2.1
36798.0/37230.0 days/days; walltime: 0.4
36799.0/37230.0 days/days; walltime: 0.5
36800.0/37230.0 days/days; walltime: 0.5
36801.0/37230.0 days/days; walltime: 0.4
36802.0/37230.0 days/days; walltime: 0.3
36803.0/37230.0 days/days; walltime: 0.3
36804.0/37230.0 days/days; walltime: 0.4
36805.0/37230.0 days/days; walltime: 0.2
36806.0/37230.0 days/days; walltime: 0.4
36807.0/37230.0 days/days; walltime: 0.2
36808.0/37230.0 days/days; walltime: 0.3
36809.0/37230.0 days/days; walltime: 1.8
36810.0/37230.0 days/days; walltime: 0.3
36811.0/37230.0 days/days; walltime: 0.2
36812.0/37230.0 days/days; walltime: 0.3
36813.0/37230.0 days/days; walltime: 0.1
36814.0/37230.0 days/days; walltime: 0.3
36815.0/37230.0 days/days; walltime: 0.1
36816.0/37230.0 days/days; walltime: 0.2
36817.0/37230.0 days/days; walltime: 0.2
36818.0/37230.0 days/days; walltime: 0.2
36819.0/37230.0 days/days; walltime: 0.1
36820.0/37230.0 days/days; walltime: 0.5
36821.0/37230.0 days/days; walltime: 0.1
36822.0/37230.0 days/days; walltime: 0.2
36823.0/37230.0 days/days; walltime: 0.2
36824.0/37230.0 days/days; walltime: 0.1
36825.0/37230.0 days/days; walltime: 0.1
36826.0/37230.0 days/days; walltime: 0.1
36827.0/37230.0 days/days; walltime: 0.2
36828.0/37230.0 days/days; walltime: 0.1
36829.0/37230.0 days/days; walltime: 0.1
36830.0/37230.0 days/days; walltime: 0.1
36831.0/37230.0 days/days; walltime: 0.2
36832.0/37230.0 days/days; walltime: 0.1
36833.0/37230.0 days/days; walltime: 0.1
-36834.0/37230.0 days/days; walltime: 0.1
36836.0/37230.0 days/days; walltime: 0.2
36837.0/37230.0 days/days; walltime: 0.1
36838.0/37230.0 days/days; walltime: 0.1
36839.0/37230.0 days/days; walltime: 0.1
36841.0/37230.0 days/days; walltime: 0.2
36842.0/37230.0 days/days; walltime: 0.1
36843.0/37230.0 days/days; walltime: 0.1
36844.0/37230.0 days/days; walltime: 0.1
36846.0/37230.0 days/days; walltime: 0.2
36847.0/37230.0 days/days; walltime: 0.1
36848.0/37230.0 days/days; walltime: 0.1
36850.0/37230.0 days/days; walltime: 0.1
-36851.0/37230.0 days/days; walltime: 0.2
36852.0/37230.0 days/days; walltime: 0.1
36854.0/37230.0 days/days; walltime: 0.1
36855.0/37230.0 days/days; walltime: 0.1
36857.0/37230.0 days/days; walltime: 0.2
36858.0/37230.0 days/days; walltime: 0.1
36859.0/37230.0 days/days; walltime: 0.1
36861.0/37230.0 days/days; walltime: 0.1
36862.0/37230.0 days/days; walltime: 0.2
36864.0/37230.0 days/days; walltime: 0.1
36865.0/37230.0 days/days; walltime: 0.1
36867.0/37230.0 days/days; walltime: 0.1
36868.0/37230.0 days/days; walltime: 0.2
36870.0/37230.0 days/days; walltime: 0.1
36872.0/37230.0 days/days; walltime: 0.1
36873.0/37230.0 days/days; walltime: 0.1
36875.0/37230.0 days/days; walltime: 0.2
36876.0/37230.0 days/days; walltime: 0.1
36878.0/37230.0 days/days; walltime: 0.1
36880.0/37230.0 days/days; walltime: 0.1
36881.0/37230.0 days/days; walltime: 0.2
36883.0/37230.0 days/days; walltime: 0.1
36885.0/37230.0 days/days; walltime: 0.1
36887.0/37230.0 days/days; walltime: 0.1
36888.0/37230.0 days/days; walltime: 0.2
36890.0/37230.0 days/days; walltime: 0.1
36892.0/37230.0 days/days; walltime: 0.1
36894.0/37230.0 days/days; walltime: 0.1
36896.0/37230.0 days/days; walltime: 0.2
36898.0/37230.0 days/days; walltime: 0.1
36899.0/37230.0 days/days; walltime: 0.1
36901.0/37230.0 days/days; walltime: 0.1
36903.0/37230.0 days/days; walltime: 0.2
36905.0/37230.0 days/days; walltime: 0.1
36907.0/37230.0 days/days; walltime: 0.1
36909.0/37230.0 days/days; walltime: 0.1
36911.0/37230.0 days/days; walltime: 1.9
36914.0/37230.0 days/days; walltime: 0.1
36916.0/37230.0 days/days; walltime: 0.1
36918.0/37230.0 days/days; walltime: 0.1
36920.0/37230.0 days/days; walltime: 0.2
36922.0/37230.0 days/days; walltime: 0.1
36925.0/37230.0 days/days; walltime: 0.1
36927.0/37230.0 days/days; walltime: 0.1
36929.0/37230.0 days/days; walltime: 0.2
36932.0/37230.0 days/days; walltime: 0.1
36934.0/37230.0 days/days; walltime: 0.1
36937.0/37230.0 days/days; walltime: 0.1
36939.0/37230.0 days/days; walltime: 0.2
36942.0/37230.0 days/days; walltime: 0.1
36945.0/37230.0 days/days; walltime: 0.1
36947.0/37230.0 days/days; walltime: 0.1
36950.0/37230.0 days/days; walltime: 0.2
36953.0/37230.0 days/days; walltime: 0.1
36956.0/37230.0 days/days; walltime: 0.1
36959.0/37230.0 days/days; walltime: 0.1
36961.0/37230.0 days/days; walltime: 0.2
36964.0/37230.0 days/days; walltime: 0.1
36967.0/37230.0 days/days; walltime: 0.1
36970.0/37230.0 days/days; walltime: 0.1
36973.0/37230.0 days/days; walltime: 0.2
36977.0/37230.0 days/days; walltime: 0.1
36980.0/37230.0 days/days; walltime: 0.1
36983.0/37230.0 days/days; walltime: 0.1
36986.0/37230.0 days/days; walltime: 0.2
36990.0/37230.0 days/days; walltime: 0.1
36993.0/37230.0 days/days; walltime: 0.1
36997.0/37230.0 days/days; walltime: 0.1
--37000.0/37230.0 days/days; walltime: 21.4
37001.0/37230.0 days/days; walltime: 17.5
37002.0/37230.0 days/days; walltime: 0.1
--37003.0/37230.0 days/days; walltime: 13.4
37004.0/37230.0 days/days; walltime: 109.9
37005.0/37230.0 days/days; walltime: 125.9
37006.0/37230.0 days/days; walltime: 33.3
37007.0/37230.0 days/days; walltime: 1.2
37008.0/37230.0 days/days; walltime: 2.6
37009.0/37230.0 days/days; walltime: 0.6
37010.0/37230.0 days/days; walltime: 0.5
37011.0/37230.0 days/days; walltime: 0.4
37012.0/37230.0 days/days; walltime: 0.4
37013.0/37230.0 days/days; walltime: 0.2
37014.0/37230.0 days/days; walltime: 0.3
37015.0/37230.0 days/days; walltime: 0.1
37016.0/37230.0 days/days; walltime: 0.3
-37017.0/37230.0 days/days; walltime: 2.1
37018.0/37230.0 days/days; walltime: 107.1
37019.0/37230.0 days/days; walltime: 208.0
37020.0/37230.0 days/days; walltime: 302.1
37021.0/37230.0 days/days; walltime: 246.6
37022.0/37230.0 days/days; walltime: 424.3
37023.0/37230.0 days/days; walltime: 695.9
37024.0/37230.0 days/days; walltime: 123.4
37025.0/37230.0 days/days; walltime: 393.4
37026.0/37230.0 days/days; walltime: 285.0
37027.0/37230.0 days/days; walltime: 224.8
37028.0/37230.0 days/days; walltime: 102.3
37029.0/37230.0 days/days; walltime: 59.5
37030.0/37230.0 days/days; walltime: 81.4
37031.0/37230.0 days/days; walltime: 186.6
37032.0/37230.0 days/days; walltime: 131.1
37033.0/37230.0 days/days; walltime: 602.6
37034.0/37230.0 days/days; walltime: 208.2
37035.0/37230.0 days/days; walltime: 112.2
37036.0/37230.0 days/days; walltime: 58.4
37037.0/37230.0 days/days; walltime: 39.4
37038.0/37230.0 days/days; walltime: 188.7
37039.0/37230.0 days/days; walltime: 78.2
37040.0/37230.0 days/days; walltime: 114.2
37041.0/37230.0 days/days; walltime: 217.0
37042.0/37230.0 days/days; walltime: 492.8
37043.0/37230.0 days/days; walltime: 12.3
37044.0/37230.0 days/days; walltime: 73.1
37045.0/37230.0 days/days; walltime: 65.8
37046.0/37230.0 days/days; walltime: 31.3
37047.0/37230.0 days/days; walltime: 25.4
37048.0/37230.0 days/days; walltime: 89.0
37049.0/37230.0 days/days; walltime: 53.2
37050.0/37230.0 days/days; walltime: 378.1
37051.0/37230.0 days/days; walltime: 187.1
37052.0/37230.0 days/days; walltime: 664.7
37053.0/37230.0 days/days; walltime: 82.3
37054.0/37230.0 days/days; walltime: 411.0
37055.0/37230.0 days/days; walltime: 433.2
37056.0/37230.0 days/days; walltime: 380.2
37057.0/37230.0 days/days; walltime: 77.9
37058.0/37230.0 days/days; walltime: 57.8
37059.0/37230.0 days/days; walltime: 44.2
37060.0/37230.0 days/days; walltime: 13.0
37061.0/37230.0 days/days; walltime: 14.0
37062.0/37230.0 days/days; walltime: 22.6
37063.0/37230.0 days/days; walltime: 68.1
37064.0/37230.0 days/days; walltime: 14.0
37065.0/37230.0 days/days; walltime: 231.6
37066.0/37230.0 days/days; walltime: 161.7
37067.0/37230.0 days/days; walltime: 114.8
37068.0/37230.0 days/days; walltime: 58.2
37069.0/37230.0 days/days; walltime: 114.0
37070.0/37230.0 days/days; walltime: 504.8
37071.0/37230.0 days/days; walltime: 158.3
37072.0/37230.0 days/days; walltime: 140.1
37073.0/37230.0 days/days; walltime: 175.4
37074.0/37230.0 days/days; walltime: 33.3
37075.0/37230.0 days/days; walltime: 79.9
37076.0/37230.0 days/days; walltime: 181.6
37077.0/37230.0 days/days; walltime: 81.9
37078.0/37230.0 days/days; walltime: 225.1
37079.0/37230.0 days/days; walltime: 10.1
37080.0/37230.0 days/days; walltime: 9.2
37081.0/37230.0 days/days; walltime: 12.3
37082.0/37230.0 days/days; walltime: 10.4
37083.0/37230.0 days/days; walltime: 15.1
37084.0/37230.0 days/days; walltime: 9.2
37085.0/37230.0 days/days; walltime: 70.2
37086.0/37230.0 days/days; walltime: 311.1
37087.0/37230.0 days/days; walltime: 177.8
37088.0/37230.0 days/days; walltime: 475.3
37089.0/37230.0 days/days; walltime: 535.3
37090.0/37230.0 days/days; walltime: 381.2
37091.0/37230.0 days/days; walltime: 376.5
37092.0/37230.0 days/days; walltime: 46.2
37093.0/37230.0 days/days; walltime: 537.5
37094.0/37230.0 days/days; walltime: 154.0
37095.0/37230.0 days/days; walltime: 449.0
37096.0/37230.0 days/days; walltime: 82.0
37097.0/37230.0 days/days; walltime: 41.4
37098.0/37230.0 days/days; walltime: 408.2
37099.0/37230.0 days/days; walltime: 38.7
37100.0/37230.0 days/days; walltime: 7.7
37101.0/37230.0 days/days; walltime: 60.2
37102.0/37230.0 days/days; walltime: 18.2
37103.0/37230.0 days/days; walltime: 5.3
37104.0/37230.0 days/days; walltime: 34.0
37105.0/37230.0 days/days; walltime: 37.1
37106.0/37230.0 days/days; walltime: 248.6
37107.0/37230.0 days/days; walltime: 682.7
37108.0/37230.0 days/days; walltime: 568.1
37109.0/37230.0 days/days; walltime: 488.1
37110.0/37230.0 days/days; walltime: 10.9
37111.0/37230.0 days/days; walltime: 27.4
37112.0/37230.0 days/days; walltime: 116.5
37113.0/37230.0 days/days; walltime: 258.4
37114.0/37230.0 days/days; walltime: 275.5
37115.0/37230.0 days/days; walltime: 11.3
37116.0/37230.0 days/days; walltime: 8.5
37117.0/37230.0 days/days; walltime: 38.1
37118.0/37230.0 days/days; walltime: 7.0
37119.0/37230.0 days/days; walltime: 2.1
37120.0/37230.0 days/days; walltime: 1.9
37121.0/37230.0 days/days; walltime: 1.6
37122.0/37230.0 days/days; walltime: 2.8
37123.0/37230.0 days/days; walltime: 1.2
37124.0/37230.0 days/days; walltime: 1.1
37125.0/37230.0 days/days; walltime: 15.7
37126.0/37230.0 days/days; walltime: 95.3
37127.0/37230.0 days/days; walltime: 113.3
37128.0/37230.0 days/days; walltime: 2.8
37129.0/37230.0 days/days; walltime: 86.3
37130.0/37230.0 days/days; walltime: 84.6
37131.0/37230.0 days/days; walltime: 1.1
37132.0/37230.0 days/days; walltime: 0.6
37133.0/37230.0 days/days; walltime: 0.5
37134.0/37230.0 days/days; walltime: 0.5
37135.0/37230.0 days/days; walltime: 0.5
37136.0/37230.0 days/days; walltime: 0.5
37137.0/37230.0 days/days; walltime: 0.4
37138.0/37230.0 days/days; walltime: 0.5
37139.0/37230.0 days/days; walltime: 1.9
37140.0/37230.0 days/days; walltime: 0.5
37141.0/37230.0 days/days; walltime: 0.4
37142.0/37230.0 days/days; walltime: 0.2
37143.0/37230.0 days/days; walltime: 0.4
37144.0/37230.0 days/days; walltime: 0.2
37145.0/37230.0 days/days; walltime: 0.3
37146.0/37230.0 days/days; walltime: 0.2
--37147.0/37230.0 days/days; walltime: 101.7
37148.0/37230.0 days/days; walltime: 288.3
37149.0/37230.0 days/days; walltime: 319.6
37150.0/37230.0 days/days; walltime: 626.0
37151.0/37230.0 days/days; walltime: 21.5
37152.0/37230.0 days/days; walltime: 4.7
37153.0/37230.0 days/days; walltime: 11.1
37154.0/37230.0 days/days; walltime: 0.8
37155.0/37230.0 days/days; walltime: 0.8
37156.0/37230.0 days/days; walltime: 0.9
37157.0/37230.0 days/days; walltime: 0.6
37158.0/37230.0 days/days; walltime: 2.7
37159.0/37230.0 days/days; walltime: 0.7
37160.0/37230.0 days/days; walltime: 0.5
37161.0/37230.0 days/days; walltime: 0.6
37162.0/37230.0 days/days; walltime: 0.5
37163.0/37230.0 days/days; walltime: 0.5
37164.0/37230.0 days/days; walltime: 2.2
37165.0/37230.0 days/days; walltime: 0.4
37166.0/37230.0 days/days; walltime: 0.4
37167.0/37230.0 days/days; walltime: 0.3
37168.0/37230.0 days/days; walltime: 0.4
37169.0/37230.0 days/days; walltime: 0.3
37170.0/37230.0 days/days; walltime: 0.3
37171.0/37230.0 days/days; walltime: 0.3
37172.0/37230.0 days/days; walltime: 0.2
37173.0/37230.0 days/days; walltime: 0.3
37174.0/37230.0 days/days; walltime: 0.2
37175.0/37230.0 days/days; walltime: 0.3
37176.0/37230.0 days/days; walltime: 0.2
37177.0/37230.0 days/days; walltime: 0.3
37178.0/37230.0 days/days; walltime: 0.2
37179.0/37230.0 days/days; walltime: 0.2
37180.0/37230.0 days/days; walltime: 0.2
37181.0/37230.0 days/days; walltime: 0.1
37182.0/37230.0 days/days; walltime: 0.3
37183.0/37230.0 days/days; walltime: 1.8
37184.0/37230.0 days/days; walltime: 0.1
37185.0/37230.0 days/days; walltime: 0.2
37186.0/37230.0 days/days; walltime: 0.2
37187.0/37230.0 days/days; walltime: 0.1
37188.0/37230.0 days/days; walltime: 0.2
37189.0/37230.0 days/days; walltime: 0.1
37190.0/37230.0 days/days; walltime: 0.1
37191.0/37230.0 days/days; walltime: 0.1
37192.0/37230.0 days/days; walltime: 0.2
37193.0/37230.0 days/days; walltime: 0.1
37194.0/37230.0 days/days; walltime: 0.1
37195.0/37230.0 days/days; walltime: 0.1
37196.0/37230.0 days/days; walltime: 0.2
37197.0/37230.0 days/days; walltime: 0.1
37198.0/37230.0 days/days; walltime: 0.1
-37200.0/37230.0 days/days; walltime: 0.1
37201.0/37230.0 days/days; walltime: 0.2
37202.0/37230.0 days/days; walltime: 0.1
37203.0/37230.0 days/days; walltime: 0.1
37205.0/37230.0 days/days; walltime: 0.1
37206.0/37230.0 days/days; walltime: 0.2
37208.0/37230.0 days/days; walltime: 0.1
37209.0/37230.0 days/days; walltime: 0.1
37211.0/37230.0 days/days; walltime: 0.1
37212.0/37230.0 days/days; walltime: 0.2
37214.0/37230.0 days/days; walltime: 0.1
37215.0/37230.0 days/days; walltime: 0.1
-37217.0/37230.0 days/days; walltime: 0.1
37219.0/37230.0 days/days; walltime: 0.2
37221.0/37230.0 days/days; walltime: 0.1
37222.0/37230.0 days/days; walltime: 0.1
37224.0/37230.0 days/days; walltime: 0.1
37226.0/37230.0 days/days; walltime: 0.2
37228.0/37230.0 days/days; walltime: 0.1
37229.0/37230.0 days/days; walltime: 0.2
Wallclock for model run: 40175.0s
 

fields = 

  struct with fields:

    nodes: [1x1 struct]
    edges: [1x1 struct]
       BC: [1x1 struct]

No cases left; exiting.
