Case 5:
Picked up JAVA_TOOL_OPTIONS: -Xmx2g
Opening log file:  /tmp/java.log.19724

                            < M A T L A B (R) >
                  Copyright 1984-2022 The MathWorks, Inc.
                  R2022a (9.12.0.1884302) 64-bit (glnxa64)
                             February 16, 2022

 
To get started, type doc.
For product information, visit www.mathworks.com.
 

config = 

  struct with fields:

                 k_s: 0.1000
                 l_c: 10
            n_moulin: 68
    creep_const_soft: 0
             mesh_nr: 4
                 k_c: 0.2000
               h_bed: 0.5000
               l_bed: 10
               alpha: 1.5000
                beta: 1.5000
               omega: 5.0000e-04
                 e_v: 1.0000e-04

Running model run (ode15s):
Run to steady
Saving model run to
./RUN/output_005_steady.nc
Fields, IC & BC initialised
Initial phi calculated in 4.3s
0.0/36500.0 days/days; walltime: 21.9
-----------------------------------------------------------1825.0/36500.0 days/days; walltime: 179.0
3650.0/36500.0 days/days; walltime: 4.8
5475.0/36500.0 days/days; walltime: 2.8
7300.0/36500.0 days/days; walltime: 1.9
---------9125.0/36500.0 days/days; walltime: 11.1
10950.0/36500.0 days/days; walltime: 711.2
12775.0/36500.0 days/days; walltime: 420.5
---14600.0/36500.0 days/days; walltime: 285.9
16425.0/36500.0 days/days; walltime: 276.3
18250.0/36500.0 days/days; walltime: 300.6
--------20075.0/36500.0 days/days; walltime: 63.7
21900.0/36500.0 days/days; walltime: 12.2
23725.0/36500.0 days/days; walltime: 8.9
25550.0/36500.0 days/days; walltime: 7.3
27375.0/36500.0 days/days; walltime: 1.9
29200.0/36500.0 days/days; walltime: 3.8
31025.0/36500.0 days/days; walltime: 2.1
32850.0/36500.0 days/days; walltime: 2.2
34675.0/36500.0 days/days; walltime: 1.6
36500.0/36500.0 days/days; walltime: 1.5
Wallclock for model run: 2327.5s
 

fields = 

  struct with fields:

    nodes: [1x1 struct]
    edges: [1x1 struct]
       BC: [1x1 struct]

Running model run (ode15s):
Run seasonal
Saving model run to
./RUN/output_005_seasonal.nc
IC initialised from struct
IC initialised from file/given & rest from parameters and given functions
36500.0/37230.0 days/days; walltime: 19.6
36501.0/37230.0 days/days; walltime: 85.6
36502.0/37230.0 days/days; walltime: 12.6
36503.0/37230.0 days/days; walltime: 9.5
36504.0/37230.0 days/days; walltime: 18.5
36505.0/37230.0 days/days; walltime: 13.5
36506.0/37230.0 days/days; walltime: 10.0
36507.0/37230.0 days/days; walltime: 3.7
36508.0/37230.0 days/days; walltime: 5.8
36509.0/37230.0 days/days; walltime: 3.7
36510.0/37230.0 days/days; walltime: 28.5
36511.0/37230.0 days/days; walltime: 7.8
36512.0/37230.0 days/days; walltime: 4.1
36513.0/37230.0 days/days; walltime: 2.0
36514.0/37230.0 days/days; walltime: 1.8
36515.0/37230.0 days/days; walltime: 1.5
36516.0/37230.0 days/days; walltime: 2.0
36517.0/37230.0 days/days; walltime: 1.9
36518.0/37230.0 days/days; walltime: 1.9
36519.0/37230.0 days/days; walltime: 1.7
36520.0/37230.0 days/days; walltime: 20.3
36521.0/37230.0 days/days; walltime: 1.3
36522.0/37230.0 days/days; walltime: 65.6
36523.0/37230.0 days/days; walltime: 1.7
36524.0/37230.0 days/days; walltime: 1.3
36525.0/37230.0 days/days; walltime: 1.3
36526.0/37230.0 days/days; walltime: 1.2
36527.0/37230.0 days/days; walltime: 1.2
36528.0/37230.0 days/days; walltime: 1.1
36529.0/37230.0 days/days; walltime: 1.1
36530.0/37230.0 days/days; walltime: 1.1
36531.0/37230.0 days/days; walltime: 0.8
36532.0/37230.0 days/days; walltime: 0.9
36533.0/37230.0 days/days; walltime: 1.0
36534.0/37230.0 days/days; walltime: 1.1
36535.0/37230.0 days/days; walltime: 2.9
36536.0/37230.0 days/days; walltime: 0.5
36537.0/37230.0 days/days; walltime: 0.9
36538.0/37230.0 days/days; walltime: 0.7
36539.0/37230.0 days/days; walltime: 0.7
36540.0/37230.0 days/days; walltime: 0.7
36541.0/37230.0 days/days; walltime: 0.7
36542.0/37230.0 days/days; walltime: 0.7
36543.0/37230.0 days/days; walltime: 0.7
36544.0/37230.0 days/days; walltime: 0.7
36545.0/37230.0 days/days; walltime: 0.6
36546.0/37230.0 days/days; walltime: 2.5
36547.0/37230.0 days/days; walltime: 0.4
36548.0/37230.0 days/days; walltime: 0.4
36549.0/37230.0 days/days; walltime: 0.4
36550.0/37230.0 days/days; walltime: 0.4
36551.0/37230.0 days/days; walltime: 0.4
36552.0/37230.0 days/days; walltime: 0.4
36553.0/37230.0 days/days; walltime: 0.5
36554.0/37230.0 days/days; walltime: 0.5
36555.0/37230.0 days/days; walltime: 0.5
36556.0/37230.0 days/days; walltime: 0.5
36557.0/37230.0 days/days; walltime: 0.4
36558.0/37230.0 days/days; walltime: 4.3
36559.0/37230.0 days/days; walltime: 1.2
36560.0/37230.0 days/days; walltime: 0.9
36561.0/37230.0 days/days; walltime: 0.4
36562.0/37230.0 days/days; walltime: 0.4
36563.0/37230.0 days/days; walltime: 0.4
36564.0/37230.0 days/days; walltime: 0.4
36565.0/37230.0 days/days; walltime: 0.4
36566.0/37230.0 days/days; walltime: 0.4
36567.0/37230.0 days/days; walltime: 0.2
36568.0/37230.0 days/days; walltime: 0.4
36569.0/37230.0 days/days; walltime: 0.4
36570.0/37230.0 days/days; walltime: 0.4
36571.0/37230.0 days/days; walltime: 0.4
36572.0/37230.0 days/days; walltime: 0.2
36573.0/37230.0 days/days; walltime: 0.4
36574.0/37230.0 days/days; walltime: 0.4
36575.0/37230.0 days/days; walltime: 0.4
36576.0/37230.0 days/days; walltime: 0.2
36577.0/37230.0 days/days; walltime: 0.4
36578.0/37230.0 days/days; walltime: 0.3
36579.0/37230.0 days/days; walltime: 0.2
36580.0/37230.0 days/days; walltime: 0.4
36581.0/37230.0 days/days; walltime: 0.3
36582.0/37230.0 days/days; walltime: 0.2
36583.0/37230.0 days/days; walltime: 0.3
36584.0/37230.0 days/days; walltime: 0.4
36585.0/37230.0 days/days; walltime: 0.1
36586.0/37230.0 days/days; walltime: 0.3
36587.0/37230.0 days/days; walltime: 0.2
36588.0/37230.0 days/days; walltime: 0.3
36589.0/37230.0 days/days; walltime: 0.1
36590.0/37230.0 days/days; walltime: 0.1
36591.0/37230.0 days/days; walltime: 0.4
36592.0/37230.0 days/days; walltime: 0.1
36593.0/37230.0 days/days; walltime: 0.1
36594.0/37230.0 days/days; walltime: 0.1
36595.0/37230.0 days/days; walltime: 0.4
36596.0/37230.0 days/days; walltime: 0.1
36597.0/37230.0 days/days; walltime: 0.1
36598.0/37230.0 days/days; walltime: 0.1
36599.0/37230.0 days/days; walltime: 0.1
36600.0/37230.0 days/days; walltime: 0.5
36601.0/37230.0 days/days; walltime: 0.4
36602.0/37230.0 days/days; walltime: 0.2
36603.0/37230.0 days/days; walltime: 4.7
36604.0/37230.0 days/days; walltime: 0.2
36605.0/37230.0 days/days; walltime: 0.5
36606.0/37230.0 days/days; walltime: 0.3
36607.0/37230.0 days/days; walltime: 0.2
36608.0/37230.0 days/days; walltime: 0.4
36609.0/37230.0 days/days; walltime: 0.3
36610.0/37230.0 days/days; walltime: 0.4
36611.0/37230.0 days/days; walltime: 0.2
36612.0/37230.0 days/days; walltime: 0.4
36613.0/37230.0 days/days; walltime: 0.2
36614.0/37230.0 days/days; walltime: 0.4
36615.0/37230.0 days/days; walltime: 0.2
36616.0/37230.0 days/days; walltime: 0.2
36617.0/37230.0 days/days; walltime: 0.5
36618.0/37230.0 days/days; walltime: 0.6
36619.0/37230.0 days/days; walltime: 36.8
36620.0/37230.0 days/days; walltime: 0.9
36621.0/37230.0 days/days; walltime: 0.2
36622.0/37230.0 days/days; walltime: 0.4
--36623.0/37230.0 days/days; walltime: 92.1
36624.0/37230.0 days/days; walltime: 117.5
36625.0/37230.0 days/days; walltime: 1.3
36626.0/37230.0 days/days; walltime: 0.5
36627.0/37230.0 days/days; walltime: 0.4
36628.0/37230.0 days/days; walltime: 0.1
36629.0/37230.0 days/days; walltime: 0.5
36630.0/37230.0 days/days; walltime: 0.3
36631.0/37230.0 days/days; walltime: 0.2
36632.0/37230.0 days/days; walltime: 0.4
36633.0/37230.0 days/days; walltime: 0.1
36634.0/37230.0 days/days; walltime: 0.4
36635.0/37230.0 days/days; walltime: 14.9
36636.0/37230.0 days/days; walltime: 12.5
36637.0/37230.0 days/days; walltime: 0.4
--36638.0/37230.0 days/days; walltime: 17.8
36639.0/37230.0 days/days; walltime: 102.3
36640.0/37230.0 days/days; walltime: 95.6
36641.0/37230.0 days/days; walltime: 62.8
36642.0/37230.0 days/days; walltime: 1.9
36643.0/37230.0 days/days; walltime: 1.7
36644.0/37230.0 days/days; walltime: 1.4
36645.0/37230.0 days/days; walltime: 1.6
36646.0/37230.0 days/days; walltime: 1.4
36647.0/37230.0 days/days; walltime: 1.4
36648.0/37230.0 days/days; walltime: 3.3
36649.0/37230.0 days/days; walltime: 1.2
36650.0/37230.0 days/days; walltime: 1.1
36651.0/37230.0 days/days; walltime: 1.1
36652.0/37230.0 days/days; walltime: 1.5
36653.0/37230.0 days/days; walltime: 124.9
36654.0/37230.0 days/days; walltime: 120.8
36655.0/37230.0 days/days; walltime: 464.5
36656.0/37230.0 days/days; walltime: 365.8
36657.0/37230.0 days/days; walltime: 554.8
36658.0/37230.0 days/days; walltime: 629.0
36659.0/37230.0 days/days; walltime: 160.1
