Case 4:
Picked up JAVA_TOOL_OPTIONS: -Xmx2g
Opening log file:  /tmp/java.log.14044

                            < M A T L A B (R) >
                  Copyright 1984-2022 The MathWorks, Inc.
                  R2022a (9.12.0.1884302) 64-bit (glnxa64)
                             February 16, 2022

 
To get started, type doc.
For product information, visit www.mathworks.com.
 

config = 

  struct with fields:

                 k_s: 0.2500
                 l_c: 10
            n_moulin: 68
    creep_const_soft: 0
             mesh_nr: 4
                 k_c: 0.1500
               h_bed: 0.5000
               l_bed: 10
               alpha: 1.2500
                beta: 1.5000
               omega: 5.0000e-04

Running model run (ode15s):
Run to steady
Saving model run to
./RUN/output_204_steady.nc
Fields, IC & BC initialised
Initial phi calculated in 5.3s
0.0/36500.0 days/days; walltime: 55.0
------------------------------------------------------------------------------------------------------------------------------------------------------------------------------------------------------------------------------------------------------------------------------------------------------------------------------------------------------------------------------------------------------------------------------------------------------------------------------------------------------------------------------------------------------------------------------------------------------------------------------------------------------------------------------------------------------------------------------------------------------------------------------------------------------------------------------------------------------------------------------------------------------------------------------------------------------------------------------------------------------------------------------------------------------------------------------------------------------------------------------------------------------------------------------------------------------------------------------------------------------------------------------------------------------------------------------------------------------------------------------------------------------------------------------------------------------------------------------------------------------------------------------------------------------------------------------------------------------------------------------------------------------------------------------------------------------------------------------------------------------------------------------------------------------------------------------------------------------------------------------------------------------------------------------------------------------------------------------------------------------------------------------------------------------------------------------------------------------------------------------------------------------------------------------------------------------------------------------------------------------------------------------------------------------------------------------------------------------------------------------------------------------------------------------------------------------------------------------------------------------------------------------------------------------------------------------------------------------------------------------------------------------------------------------------------------------------------------------------------------------------------------------------------------------------------------------------------------------------------------------------------------------------------------------------------------------------------------------------------------------------------------------------------------------------------------------------------------------------------------------------------1825.0/36500.0 days/days; walltime: 1379.1
-------------------------------------------------------------------------------------------------------------------------------------------------------------------------------------------------------------------------------------------------------------------------------------------------------------------------------------------------------------------------------------------------------------------------------------3650.0/36500.0 days/days; walltime: 28.8
----5475.0/36500.0 days/days; walltime: 0.3
---7300.0/36500.0 days/days; walltime: 0.3
-----------------------------------------------------------------------------------------------------------------------------------------------------------------------------------------------------------9125.0/36500.0 days/days; walltime: 12.2
-----------------------------------------------------------------------------------------------------------------------------------------------------------------------------------------------------------------------------------------------------------------------------------------------------------------------------------------------------------------------------------------------------------------------------------------------------------------------------------------------------------------------------------------------------------------------------------------------------------------------------------------------------------------------------------------------------------------------------------------------------------------------------------------------------------------------------------10950.0/36500.0 days/days; walltime: 2063.0
---------12775.0/36500.0 days/days; walltime: 801.9
----------------------------------------------------14600.0/36500.0 days/days; walltime: 726.2
--------16425.0/36500.0 days/days; walltime: 533.5
--------18250.0/36500.0 days/days; walltime: 535.5
---------------20075.0/36500.0 days/days; walltime: 87.7
21900.0/36500.0 days/days; walltime: 6.5
23725.0/36500.0 days/days; walltime: 5.9
25550.0/36500.0 days/days; walltime: 4.9
27375.0/36500.0 days/days; walltime: 4.3
29200.0/36500.0 days/days; walltime: 2.9
31025.0/36500.0 days/days; walltime: 2.0
32850.0/36500.0 days/days; walltime: 1.3
34675.0/36500.0 days/days; walltime: 0.9
36500.0/36500.0 days/days; walltime: 0.8
Wallclock for model run: 6256.5s
 

fields = 

  struct with fields:

    nodes: [1x1 struct]
    edges: [1x1 struct]
       BC: [1x1 struct]

Running model run (ode15s):
Run seasonal
Saving model run to
./RUN/output_204_seasonal.nc
IC initialised from struct
IC initialised from file/given & rest from parameters and given functions
36500.0/37230.0 days/days; walltime: 13.7
36501.0/37230.0 days/days; walltime: 60.4
36502.0/37230.0 days/days; walltime: 12.9
36503.0/37230.0 days/days; walltime: 44.0
36504.0/37230.0 days/days; walltime: 10.5
36505.0/37230.0 days/days; walltime: 8.4
36506.0/37230.0 days/days; walltime: 22.3
36507.0/37230.0 days/days; walltime: 9.8
36508.0/37230.0 days/days; walltime: 38.6
36509.0/37230.0 days/days; walltime: 3.8
36510.0/37230.0 days/days; walltime: 3.8
36511.0/37230.0 days/days; walltime: 11.7
36512.0/37230.0 days/days; walltime: 2.9
36513.0/37230.0 days/days; walltime: 2.4
36514.0/37230.0 days/days; walltime: 2.7
36515.0/37230.0 days/days; walltime: 2.3
36516.0/37230.0 days/days; walltime: 2.1
36517.0/37230.0 days/days; walltime: 5.9
36518.0/37230.0 days/days; walltime: 1.5
36519.0/37230.0 days/days; walltime: 1.8
36520.0/37230.0 days/days; walltime: 1.9
36521.0/37230.0 days/days; walltime: 1.7
36522.0/37230.0 days/days; walltime: 1.5
36523.0/37230.0 days/days; walltime: 1.1
36524.0/37230.0 days/days; walltime: 1.2
36525.0/37230.0 days/days; walltime: 1.5
36526.0/37230.0 days/days; walltime: 4.3
36527.0/37230.0 days/days; walltime: 1.3
36528.0/37230.0 days/days; walltime: 1.2
36529.0/37230.0 days/days; walltime: 1.2
36530.0/37230.0 days/days; walltime: 0.8
36531.0/37230.0 days/days; walltime: 0.9
36532.0/37230.0 days/days; walltime: 1.0
36533.0/37230.0 days/days; walltime: 1.2
36534.0/37230.0 days/days; walltime: 1.0
36535.0/37230.0 days/days; walltime: 2.3
36536.0/37230.0 days/days; walltime: 1.1
36537.0/37230.0 days/days; walltime: 1.0
36538.0/37230.0 days/days; walltime: 0.8
36539.0/37230.0 days/days; walltime: 0.7
36540.0/37230.0 days/days; walltime: 0.7
36541.0/37230.0 days/days; walltime: 0.7
36542.0/37230.0 days/days; walltime: 0.7
36543.0/37230.0 days/days; walltime: 0.9
36544.0/37230.0 days/days; walltime: 1.0
36545.0/37230.0 days/days; walltime: 3.0
36546.0/37230.0 days/days; walltime: 0.4
36547.0/37230.0 days/days; walltime: 0.6
36548.0/37230.0 days/days; walltime: 0.6
36549.0/37230.0 days/days; walltime: 0.5
36550.0/37230.0 days/days; walltime: 0.7
36551.0/37230.0 days/days; walltime: 0.6
36552.0/37230.0 days/days; walltime: 0.6
36553.0/37230.0 days/days; walltime: 0.2
36554.0/37230.0 days/days; walltime: 0.2
36555.0/37230.0 days/days; walltime: 1.6
36556.0/37230.0 days/days; walltime: 0.5
36557.0/37230.0 days/days; walltime: 0.5
36558.0/37230.0 days/days; walltime: 0.6
36559.0/37230.0 days/days; walltime: 0.4
36560.0/37230.0 days/days; walltime: 0.5
36561.0/37230.0 days/days; walltime: 0.4
36562.0/37230.0 days/days; walltime: 0.4
36563.0/37230.0 days/days; walltime: 0.5
36564.0/37230.0 days/days; walltime: 0.4
36565.0/37230.0 days/days; walltime: 0.5
36566.0/37230.0 days/days; walltime: 0.4
36567.0/37230.0 days/days; walltime: 0.4
36568.0/37230.0 days/days; walltime: 0.4
36569.0/37230.0 days/days; walltime: 0.7
36570.0/37230.0 days/days; walltime: 0.3
36571.0/37230.0 days/days; walltime: 0.5
36572.0/37230.0 days/days; walltime: 0.4
36573.0/37230.0 days/days; walltime: 0.3
36574.0/37230.0 days/days; walltime: 0.3
36575.0/37230.0 days/days; walltime: 0.3
36576.0/37230.0 days/days; walltime: 0.4
36577.0/37230.0 days/days; walltime: 0.3
36578.0/37230.0 days/days; walltime: 0.3
36579.0/37230.0 days/days; walltime: 0.3
36580.0/37230.0 days/days; walltime: 0.3
36581.0/37230.0 days/days; walltime: 0.4
36582.0/37230.0 days/days; walltime: 0.4
36583.0/37230.0 days/days; walltime: 0.4
36584.0/37230.0 days/days; walltime: 0.2
36585.0/37230.0 days/days; walltime: 0.3
36586.0/37230.0 days/days; walltime: 0.2
36587.0/37230.0 days/days; walltime: 0.4
36588.0/37230.0 days/days; walltime: 0.3
36589.0/37230.0 days/days; walltime: 0.4
36590.0/37230.0 days/days; walltime: 0.2
36591.0/37230.0 days/days; walltime: 0.4
36592.0/37230.0 days/days; walltime: 0.2
36593.0/37230.0 days/days; walltime: 0.4
36594.0/37230.0 days/days; walltime: 0.2
36595.0/37230.0 days/days; walltime: 2.1
36596.0/37230.0 days/days; walltime: 0.4
36597.0/37230.0 days/days; walltime: 0.5
36598.0/37230.0 days/days; walltime: 0.4
36599.0/37230.0 days/days; walltime: 0.2
36600.0/37230.0 days/days; walltime: 0.3
36601.0/37230.0 days/days; walltime: 0.3
36602.0/37230.0 days/days; walltime: 0.3
36603.0/37230.0 days/days; walltime: 0.2
36604.0/37230.0 days/days; walltime: 0.4
36605.0/37230.0 days/days; walltime: 0.4
36606.0/37230.0 days/days; walltime: 0.4
36607.0/37230.0 days/days; walltime: 0.2
36608.0/37230.0 days/days; walltime: 0.4
36609.0/37230.0 days/days; walltime: 0.3
36610.0/37230.0 days/days; walltime: 0.3
36611.0/37230.0 days/days; walltime: 0.1
36612.0/37230.0 days/days; walltime: 0.3
36613.0/37230.0 days/days; walltime: 0.3
36614.0/37230.0 days/days; walltime: 0.2
-36615.0/37230.0 days/days; walltime: 1.4
36616.0/37230.0 days/days; walltime: 5.0
36617.0/37230.0 days/days; walltime: 6.1
36618.0/37230.0 days/days; walltime: 14.2
36619.0/37230.0 days/days; walltime: 14.4
36620.0/37230.0 days/days; walltime: 19.6
36621.0/37230.0 days/days; walltime: 16.7
36622.0/37230.0 days/days; walltime: 17.4
36623.0/37230.0 days/days; walltime: 18.7
36624.0/37230.0 days/days; walltime: 20.5
36625.0/37230.0 days/days; walltime: 19.1
36626.0/37230.0 days/days; walltime: 19.4
36627.0/37230.0 days/days; walltime: 19.2
36628.0/37230.0 days/days; walltime: 20.2
36629.0/37230.0 days/days; walltime: 18.8
36630.0/37230.0 days/days; walltime: 19.8
36631.0/37230.0 days/days; walltime: 22.3
36632.0/37230.0 days/days; walltime: 20.1
36633.0/37230.0 days/days; walltime: 19.0
--36634.0/37230.0 days/days; walltime: 23.2
36635.0/37230.0 days/days; walltime: 18.2
36636.0/37230.0 days/days; walltime: 23.3
36637.0/37230.0 days/days; walltime: 19.8
36638.0/37230.0 days/days; walltime: 22.5
36639.0/37230.0 days/days; walltime: 20.3
36640.0/37230.0 days/days; walltime: 32.3
--36641.0/37230.0 days/days; walltime: 37.8
36642.0/37230.0 days/days; walltime: 22.3
36643.0/37230.0 days/days; walltime: 15.7
--36644.0/37230.0 days/days; walltime: 27.2
36645.0/37230.0 days/days; walltime: 25.0
36646.0/37230.0 days/days; walltime: 26.6
--36647.0/37230.0 days/days; walltime: 34.2
-36648.0/37230.0 days/days; walltime: 16.0
------36649.0/37230.0 days/days; walltime: 60.0
--36650.0/37230.0 days/days; walltime: 29.8
-----36651.0/37230.0 days/days; walltime: 33.0
--------36652.0/37230.0 days/days; walltime: 69.8
------36653.0/37230.0 days/days; walltime: 46.7
----36654.0/37230.0 days/days; walltime: 51.3
-----------36655.0/37230.0 days/days; walltime: 81.9
----36656.0/37230.0 days/days; walltime: 50.8
----------------36657.0/37230.0 days/days; walltime: 53.3
----36658.0/37230.0 days/days; walltime: 72.6
--------------------36659.0/37230.0 days/days; walltime: 100.9
-----------36660.0/37230.0 days/days; walltime: 65.8
--------------36661.0/37230.0 days/days; walltime: 216.5
---------------36662.0/37230.0 days/days; walltime: 92.5
----------------36663.0/37230.0 days/days; walltime: 71.8
--------36664.0/37230.0 days/days; walltime: 52.0
--36665.0/37230.0 days/days; walltime: 64.0
------36666.0/37230.0 days/days; walltime: 33.6
-----36667.0/37230.0 days/days; walltime: 60.7
--36668.0/37230.0 days/days; walltime: 50.5
---------------36669.0/37230.0 days/days; walltime: 74.2
-----------------36670.0/37230.0 days/days; walltime: 103.2
----------36671.0/37230.0 days/days; walltime: 91.2
------------------36672.0/37230.0 days/days; walltime: 92.5
--------36673.0/37230.0 days/days; walltime: 104.7
----36674.0/37230.0 days/days; walltime: 45.8
--------36675.0/37230.0 days/days; walltime: 69.7
--36676.0/37230.0 days/days; walltime: 42.9
------36677.0/37230.0 days/days; walltime: 94.7
--------36678.0/37230.0 days/days; walltime: 113.4
--------36679.0/37230.0 days/days; walltime: 68.0
---36680.0/37230.0 days/days; walltime: 70.0
----36681.0/37230.0 days/days; walltime: 69.0
----36682.0/37230.0 days/days; walltime: 74.8
--36683.0/37230.0 days/days; walltime: 115.5
----36684.0/37230.0 days/days; walltime: 122.3
----36685.0/37230.0 days/days; walltime: 164.3
36686.0/37230.0 days/days; walltime: 168.5
36687.0/37230.0 days/days; walltime: 90.8
------36688.0/37230.0 days/days; walltime: 59.5
------36689.0/37230.0 days/days; walltime: 125.7
--36690.0/37230.0 days/days; walltime: 64.4
36691.0/37230.0 days/days; walltime: 105.9
--36692.0/37230.0 days/days; walltime: 63.7
----36693.0/37230.0 days/days; walltime: 99.6
------36694.0/37230.0 days/days; walltime: 52.8
--36695.0/37230.0 days/days; walltime: 45.7
36696.0/37230.0 days/days; walltime: 35.5
36697.0/37230.0 days/days; walltime: 107.4
36698.0/37230.0 days/days; walltime: 21.8
--36699.0/37230.0 days/days; walltime: 40.2
36700.0/37230.0 days/days; walltime: 21.7
36701.0/37230.0 days/days; walltime: 30.9
36702.0/37230.0 days/days; walltime: 20.1
36703.0/37230.0 days/days; walltime: 43.5
36704.0/37230.0 days/days; walltime: 13.7
36705.0/37230.0 days/days; walltime: 13.1
36706.0/37230.0 days/days; walltime: 20.2
36707.0/37230.0 days/days; walltime: 11.8
36708.0/37230.0 days/days; walltime: 13.7
36709.0/37230.0 days/days; walltime: 37.4
36710.0/37230.0 days/days; walltime: 14.1
36711.0/37230.0 days/days; walltime: 30.2
36712.0/37230.0 days/days; walltime: 21.9
36713.0/37230.0 days/days; walltime: 5.2
36714.0/37230.0 days/days; walltime: 17.3
36715.0/37230.0 days/days; walltime: 13.0
36716.0/37230.0 days/days; walltime: 12.0
36717.0/37230.0 days/days; walltime: 19.3
36718.0/37230.0 days/days; walltime: 7.9
36719.0/37230.0 days/days; walltime: 11.9
36720.0/37230.0 days/days; walltime: 13.5
36721.0/37230.0 days/days; walltime: 14.1
36722.0/37230.0 days/days; walltime: 14.6
36723.0/37230.0 days/days; walltime: 14.0
36724.0/37230.0 days/days; walltime: 14.2
36725.0/37230.0 days/days; walltime: 12.9
36726.0/37230.0 days/days; walltime: 15.7
36727.0/37230.0 days/days; walltime: 14.2
36728.0/37230.0 days/days; walltime: 17.9
36729.0/37230.0 days/days; walltime: 18.3
36730.0/37230.0 days/days; walltime: 13.5
36731.0/37230.0 days/days; walltime: 18.7
36732.0/37230.0 days/days; walltime: 18.9
36733.0/37230.0 days/days; walltime: 17.3
36734.0/37230.0 days/days; walltime: 19.4
36735.0/37230.0 days/days; walltime: 16.6
36736.0/37230.0 days/days; walltime: 17.2
36737.0/37230.0 days/days; walltime: 18.1
36738.0/37230.0 days/days; walltime: 18.2
36739.0/37230.0 days/days; walltime: 19.0
36740.0/37230.0 days/days; walltime: 14.2
36741.0/37230.0 days/days; walltime: 18.0
36742.0/37230.0 days/days; walltime: 19.3
36743.0/37230.0 days/days; walltime: 15.5
36744.0/37230.0 days/days; walltime: 23.7
36745.0/37230.0 days/days; walltime: 14.8
36746.0/37230.0 days/days; walltime: 13.3
36747.0/37230.0 days/days; walltime: 10.6
36748.0/37230.0 days/days; walltime: 9.9
36749.0/37230.0 days/days; walltime: 5.1
36750.0/37230.0 days/days; walltime: 7.6
36751.0/37230.0 days/days; walltime: 2.3
36752.0/37230.0 days/days; walltime: 2.2
36753.0/37230.0 days/days; walltime: 1.9
36754.0/37230.0 days/days; walltime: 1.8
36755.0/37230.0 days/days; walltime: 4.6
36756.0/37230.0 days/days; walltime: 3.6
36757.0/37230.0 days/days; walltime: 16.7
36758.0/37230.0 days/days; walltime: 1.0
36759.0/37230.0 days/days; walltime: 1.0
36760.0/37230.0 days/days; walltime: 1.1
36761.0/37230.0 days/days; walltime: 1.2
36762.0/37230.0 days/days; walltime: 1.2
36763.0/37230.0 days/days; walltime: 1.0
36764.0/37230.0 days/days; walltime: 1.0
36765.0/37230.0 days/days; walltime: 2.3
36766.0/37230.0 days/days; walltime: 0.9
36767.0/37230.0 days/days; walltime: 0.9
36768.0/37230.0 days/days; walltime: 0.6
36769.0/37230.0 days/days; walltime: 0.5
36770.0/37230.0 days/days; walltime: 0.3
36771.0/37230.0 days/days; walltime: 0.5
36772.0/37230.0 days/days; walltime: 0.8
36773.0/37230.0 days/days; walltime: 0.8
36774.0/37230.0 days/days; walltime: 0.8
36775.0/37230.0 days/days; walltime: 0.8
36776.0/37230.0 days/days; walltime: 0.6
36777.0/37230.0 days/days; walltime: 0.7
36778.0/37230.0 days/days; walltime: 1.9
36779.0/37230.0 days/days; walltime: 0.6
36780.0/37230.0 days/days; walltime: 0.5
36781.0/37230.0 days/days; walltime: 0.4
36782.0/37230.0 days/days; walltime: 0.5
36783.0/37230.0 days/days; walltime: 0.4
36784.0/37230.0 days/days; walltime: 0.4
36785.0/37230.0 days/days; walltime: 0.3
36786.0/37230.0 days/days; walltime: 0.4
36787.0/37230.0 days/days; walltime: 0.5
36788.0/37230.0 days/days; walltime: 0.4
36789.0/37230.0 days/days; walltime: 0.4
36790.0/37230.0 days/days; walltime: 0.4
36791.0/37230.0 days/days; walltime: 0.5
36792.0/37230.0 days/days; walltime: 0.4
36793.0/37230.0 days/days; walltime: 0.3
36794.0/37230.0 days/days; walltime: 0.4
36795.0/37230.0 days/days; walltime: 0.3
36796.0/37230.0 days/days; walltime: 0.3
36797.0/37230.0 days/days; walltime: 0.5
36798.0/37230.0 days/days; walltime: 0.3
36799.0/37230.0 days/days; walltime: 0.3
36800.0/37230.0 days/days; walltime: 0.4
36801.0/37230.0 days/days; walltime: 0.3
36802.0/37230.0 days/days; walltime: 0.3
36803.0/37230.0 days/days; walltime: 0.5
36804.0/37230.0 days/days; walltime: 0.4
36805.0/37230.0 days/days; walltime: 0.4
36806.0/37230.0 days/days; walltime: 0.3
36807.0/37230.0 days/days; walltime: 0.3
36808.0/37230.0 days/days; walltime: 0.4
36809.0/37230.0 days/days; walltime: 0.5
36810.0/37230.0 days/days; walltime: 0.4
36811.0/37230.0 days/days; walltime: 0.4
36812.0/37230.0 days/days; walltime: 0.4
36813.0/37230.0 days/days; walltime: 0.8
36814.0/37230.0 days/days; walltime: 0.2
36815.0/37230.0 days/days; walltime: 0.4
36816.0/37230.0 days/days; walltime: 2.6
36817.0/37230.0 days/days; walltime: 0.4
36818.0/37230.0 days/days; walltime: 0.3
36819.0/37230.0 days/days; walltime: 0.1
36820.0/37230.0 days/days; walltime: 0.3
36821.0/37230.0 days/days; walltime: 0.3
36822.0/37230.0 days/days; walltime: 0.3
36823.0/37230.0 days/days; walltime: 0.2
36824.0/37230.0 days/days; walltime: 0.4
36825.0/37230.0 days/days; walltime: 0.4
36826.0/37230.0 days/days; walltime: 0.4
36827.0/37230.0 days/days; walltime: 0.2
36828.0/37230.0 days/days; walltime: 0.3
36829.0/37230.0 days/days; walltime: 0.4
36830.0/37230.0 days/days; walltime: 0.2
36831.0/37230.0 days/days; walltime: 0.4
36832.0/37230.0 days/days; walltime: 0.3
36833.0/37230.0 days/days; walltime: 0.2
36834.0/37230.0 days/days; walltime: 0.4
36835.0/37230.0 days/days; walltime: 0.3
36836.0/37230.0 days/days; walltime: 0.3
36837.0/37230.0 days/days; walltime: 1.7
36838.0/37230.0 days/days; walltime: 0.3
36839.0/37230.0 days/days; walltime: 0.2
36840.0/37230.0 days/days; walltime: 0.4
36841.0/37230.0 days/days; walltime: 0.1
36842.0/37230.0 days/days; walltime: 0.2
36843.0/37230.0 days/days; walltime: 0.3
36844.0/37230.0 days/days; walltime: 0.1
36845.0/37230.0 days/days; walltime: 0.2
36846.0/37230.0 days/days; walltime: 0.2
36847.0/37230.0 days/days; walltime: 0.3
36848.0/37230.0 days/days; walltime: 0.1
36849.0/37230.0 days/days; walltime: 0.3
36850.0/37230.0 days/days; walltime: 0.2
36851.0/37230.0 days/days; walltime: 0.4
36852.0/37230.0 days/days; walltime: 0.3
36853.0/37230.0 days/days; walltime: 0.2
36854.0/37230.0 days/days; walltime: 0.3
36855.0/37230.0 days/days; walltime: 0.3
36856.0/37230.0 days/days; walltime: 0.3
36857.0/37230.0 days/days; walltime: 0.2
36858.0/37230.0 days/days; walltime: 0.3
36859.0/37230.0 days/days; walltime: 0.4
36860.0/37230.0 days/days; walltime: 0.1
36861.0/37230.0 days/days; walltime: 0.2
36862.0/37230.0 days/days; walltime: 0.2
36863.0/37230.0 days/days; walltime: 0.4
36864.0/37230.0 days/days; walltime: 0.2
36865.0/37230.0 days/days; walltime: 0.2
36866.0/37230.0 days/days; walltime: 0.1
36867.0/37230.0 days/days; walltime: 0.4
36868.0/37230.0 days/days; walltime: 0.3
36869.0/37230.0 days/days; walltime: 0.2
36870.0/37230.0 days/days; walltime: 0.3
36871.0/37230.0 days/days; walltime: 0.1
36872.0/37230.0 days/days; walltime: 0.2
36873.0/37230.0 days/days; walltime: 0.1
36874.0/37230.0 days/days; walltime: 0.3
36875.0/37230.0 days/days; walltime: 0.4
36876.0/37230.0 days/days; walltime: 0.2
36877.0/37230.0 days/days; walltime: 0.3
36878.0/37230.0 days/days; walltime: 0.2
36879.0/37230.0 days/days; walltime: 0.3
36880.0/37230.0 days/days; walltime: 0.1
36881.0/37230.0 days/days; walltime: 0.2
36882.0/37230.0 days/days; walltime: 0.1
36883.0/37230.0 days/days; walltime: 0.3
36884.0/37230.0 days/days; walltime: 0.2
36885.0/37230.0 days/days; walltime: 0.1
36886.0/37230.0 days/days; walltime: 0.2
36887.0/37230.0 days/days; walltime: 0.1
36888.0/37230.0 days/days; walltime: 0.2
36889.0/37230.0 days/days; walltime: 0.1
36890.0/37230.0 days/days; walltime: 0.2
36891.0/37230.0 days/days; walltime: 0.1
36892.0/37230.0 days/days; walltime: 0.2
36893.0/37230.0 days/days; walltime: 0.1
36894.0/37230.0 days/days; walltime: 0.2
36895.0/37230.0 days/days; walltime: 0.1
36896.0/37230.0 days/days; walltime: 0.2
36897.0/37230.0 days/days; walltime: 0.2
36898.0/37230.0 days/days; walltime: 0.3
36899.0/37230.0 days/days; walltime: 0.1
36900.0/37230.0 days/days; walltime: 0.2
36901.0/37230.0 days/days; walltime: 0.1
36902.0/37230.0 days/days; walltime: 0.2
36903.0/37230.0 days/days; walltime: 0.3
36904.0/37230.0 days/days; walltime: 0.2
36905.0/37230.0 days/days; walltime: 0.2
36906.0/37230.0 days/days; walltime: 0.0
36907.0/37230.0 days/days; walltime: 0.2
36908.0/37230.0 days/days; walltime: 0.1
36909.0/37230.0 days/days; walltime: 0.0
36910.0/37230.0 days/days; walltime: 0.2
36911.0/37230.0 days/days; walltime: 0.1
36912.0/37230.0 days/days; walltime: 0.2
36913.0/37230.0 days/days; walltime: 0.1
36914.0/37230.0 days/days; walltime: 0.0
36915.0/37230.0 days/days; walltime: 0.2
36916.0/37230.0 days/days; walltime: 0.0
36917.0/37230.0 days/days; walltime: 0.2
36918.0/37230.0 days/days; walltime: 0.0
36919.0/37230.0 days/days; walltime: 0.1
36920.0/37230.0 days/days; walltime: 0.2
36921.0/37230.0 days/days; walltime: 0.2
36922.0/37230.0 days/days; walltime: 0.5
36923.0/37230.0 days/days; walltime: 0.1
36924.0/37230.0 days/days; walltime: 0.3
36925.0/37230.0 days/days; walltime: 0.2
36926.0/37230.0 days/days; walltime: 0.1
36927.0/37230.0 days/days; walltime: 0.3
36928.0/37230.0 days/days; walltime: 0.1
36929.0/37230.0 days/days; walltime: 0.3
36930.0/37230.0 days/days; walltime: 0.0
36931.0/37230.0 days/days; walltime: 0.1
36932.0/37230.0 days/days; walltime: 0.2
36933.0/37230.0 days/days; walltime: 0.3
36934.0/37230.0 days/days; walltime: 0.2
36935.0/37230.0 days/days; walltime: 0.3
36936.0/37230.0 days/days; walltime: 0.2
36937.0/37230.0 days/days; walltime: 0.1
36938.0/37230.0 days/days; walltime: 0.3
36939.0/37230.0 days/days; walltime: 0.1
36940.0/37230.0 days/days; walltime: 0.3
36941.0/37230.0 days/days; walltime: 0.1
36942.0/37230.0 days/days; walltime: 0.2
36943.0/37230.0 days/days; walltime: 0.2
36944.0/37230.0 days/days; walltime: 0.2
36945.0/37230.0 days/days; walltime: 0.1
36946.0/37230.0 days/days; walltime: 0.2
36947.0/37230.0 days/days; walltime: 0.2
36948.0/37230.0 days/days; walltime: 0.1
36949.0/37230.0 days/days; walltime: 0.3
36950.0/37230.0 days/days; walltime: 0.1
36951.0/37230.0 days/days; walltime: 0.1
36952.0/37230.0 days/days; walltime: 0.3
36953.0/37230.0 days/days; walltime: 0.1
36954.0/37230.0 days/days; walltime: 0.1
36955.0/37230.0 days/days; walltime: 0.2
36956.0/37230.0 days/days; walltime: 0.2
36957.0/37230.0 days/days; walltime: 7.7
36958.0/37230.0 days/days; walltime: 0.1
36959.0/37230.0 days/days; walltime: 0.2
36960.0/37230.0 days/days; walltime: 0.2
36961.0/37230.0 days/days; walltime: 0.0
36962.0/37230.0 days/days; walltime: 0.0
36963.0/37230.0 days/days; walltime: 0.2
36964.0/37230.0 days/days; walltime: 0.1
36965.0/37230.0 days/days; walltime: 0.0
36966.0/37230.0 days/days; walltime: 0.2
36967.0/37230.0 days/days; walltime: 0.0
36968.0/37230.0 days/days; walltime: 0.0
36969.0/37230.0 days/days; walltime: 0.2
36970.0/37230.0 days/days; walltime: 0.0
36971.0/37230.0 days/days; walltime: 0.0
36972.0/37230.0 days/days; walltime: 0.0
36973.0/37230.0 days/days; walltime: 0.2
36974.0/37230.0 days/days; walltime: 0.1
36975.0/37230.0 days/days; walltime: 0.2
36976.0/37230.0 days/days; walltime: 0.2
36977.0/37230.0 days/days; walltime: 0.1
36978.0/37230.0 days/days; walltime: 0.1
36979.0/37230.0 days/days; walltime: 0.1
36980.0/37230.0 days/days; walltime: 1.5
36981.0/37230.0 days/days; walltime: 7.3
36982.0/37230.0 days/days; walltime: 5.3
36983.0/37230.0 days/days; walltime: 12.7
36984.0/37230.0 days/days; walltime: 19.1
36985.0/37230.0 days/days; walltime: 20.1
36986.0/37230.0 days/days; walltime: 18.5
36987.0/37230.0 days/days; walltime: 21.4
36988.0/37230.0 days/days; walltime: 18.9
36989.0/37230.0 days/days; walltime: 19.4
36990.0/37230.0 days/days; walltime: 20.3
36991.0/37230.0 days/days; walltime: 19.7
36992.0/37230.0 days/days; walltime: 22.2
36993.0/37230.0 days/days; walltime: 21.4
36994.0/37230.0 days/days; walltime: 21.9
36995.0/37230.0 days/days; walltime: 21.2
36996.0/37230.0 days/days; walltime: 21.3
36997.0/37230.0 days/days; walltime: 21.5
36998.0/37230.0 days/days; walltime: 19.7
36999.0/37230.0 days/days; walltime: 20.3
37000.0/37230.0 days/days; walltime: 27.7
37001.0/37230.0 days/days; walltime: 21.3
--37002.0/37230.0 days/days; walltime: 25.0
37003.0/37230.0 days/days; walltime: 19.9
37004.0/37230.0 days/days; walltime: 17.2
37005.0/37230.0 days/days; walltime: 38.9
--37006.0/37230.0 days/days; walltime: 37.3
------37007.0/37230.0 days/days; walltime: 38.8
37008.0/37230.0 days/days; walltime: 16.9
37009.0/37230.0 days/days; walltime: 31.5
--37010.0/37230.0 days/days; walltime: 29.2
--37011.0/37230.0 days/days; walltime: 27.5
----37012.0/37230.0 days/days; walltime: 56.5
37013.0/37230.0 days/days; walltime: 23.1
-----37014.0/37230.0 days/days; walltime: 45.2
--37015.0/37230.0 days/days; walltime: 27.6
--37016.0/37230.0 days/days; walltime: 34.4
----------37017.0/37230.0 days/days; walltime: 53.5
-------37018.0/37230.0 days/days; walltime: 47.7
---------37019.0/37230.0 days/days; walltime: 40.9
--------37020.0/37230.0 days/days; walltime: 89.1
37021.0/37230.0 days/days; walltime: 75.3
---------37022.0/37230.0 days/days; walltime: 56.2
-----37023.0/37230.0 days/days; walltime: 67.6
-------------37024.0/37230.0 days/days; walltime: 89.2
--------------37025.0/37230.0 days/days; walltime: 88.6
--------------37026.0/37230.0 days/days; walltime: 133.5
------------37027.0/37230.0 days/days; walltime: 76.7
------------37028.0/37230.0 days/days; walltime: 79.2
---------37029.0/37230.0 days/days; walltime: 49.4
----37030.0/37230.0 days/days; walltime: 75.1
--37031.0/37230.0 days/days; walltime: 31.1
----37032.0/37230.0 days/days; walltime: 114.9
----37033.0/37230.0 days/days; walltime: 70.8
-----------37034.0/37230.0 days/days; walltime: 72.4
-----------------------37035.0/37230.0 days/days; walltime: 86.6
----------37036.0/37230.0 days/days; walltime: 92.3
---------------------37037.0/37230.0 days/days; walltime: 75.8
--------37038.0/37230.0 days/days; walltime: 107.4
----37039.0/37230.0 days/days; walltime: 29.1
---------37040.0/37230.0 days/days; walltime: 87.2
----37041.0/37230.0 days/days; walltime: 49.7
------37042.0/37230.0 days/days; walltime: 119.7
----37043.0/37230.0 days/days; walltime: 58.6
------37044.0/37230.0 days/days; walltime: 79.2
--37045.0/37230.0 days/days; walltime: 51.7
-------37046.0/37230.0 days/days; walltime: 80.2
-----37047.0/37230.0 days/days; walltime: 90.1
-37048.0/37230.0 days/days; walltime: 144.3
-----37049.0/37230.0 days/days; walltime: 138.2
-----37050.0/37230.0 days/days; walltime: 81.2
--37051.0/37230.0 days/days; walltime: 81.7
--37052.0/37230.0 days/days; walltime: 151.7
----37053.0/37230.0 days/days; walltime: 68.2
--------37054.0/37230.0 days/days; walltime: 93.0
----37055.0/37230.0 days/days; walltime: 82.7
37056.0/37230.0 days/days; walltime: 67.8
--37057.0/37230.0 days/days; walltime: 79.0
----37058.0/37230.0 days/days; walltime: 92.4
----37059.0/37230.0 days/days; walltime: 60.0
-----37060.0/37230.0 days/days; walltime: 38.5
--37061.0/37230.0 days/days; walltime: 38.6
37062.0/37230.0 days/days; walltime: 70.2
37063.0/37230.0 days/days; walltime: 50.0
----37064.0/37230.0 days/days; walltime: 28.1
37065.0/37230.0 days/days; walltime: 18.2
37066.0/37230.0 days/days; walltime: 18.5
37067.0/37230.0 days/days; walltime: 32.2
37068.0/37230.0 days/days; walltime: 33.0
37069.0/37230.0 days/days; walltime: 12.9
37070.0/37230.0 days/days; walltime: 13.8
----37071.0/37230.0 days/days; walltime: 22.9
37072.0/37230.0 days/days; walltime: 13.2
37073.0/37230.0 days/days; walltime: 15.5
37074.0/37230.0 days/days; walltime: 41.4
37075.0/37230.0 days/days; walltime: 16.7
37076.0/37230.0 days/days; walltime: 24.0
37077.0/37230.0 days/days; walltime: 19.9
37078.0/37230.0 days/days; walltime: 6.5
37079.0/37230.0 days/days; walltime: 11.6
37080.0/37230.0 days/days; walltime: 15.9
37081.0/37230.0 days/days; walltime: 13.6
37082.0/37230.0 days/days; walltime: 17.7
37083.0/37230.0 days/days; walltime: 9.4
37084.0/37230.0 days/days; walltime: 20.3
--37085.0/37230.0 days/days; walltime: 26.8
37086.0/37230.0 days/days; walltime: 14.5
37087.0/37230.0 days/days; walltime: 9.4
37088.0/37230.0 days/days; walltime: 12.7
37089.0/37230.0 days/days; walltime: 14.7
37090.0/37230.0 days/days; walltime: 12.2
37091.0/37230.0 days/days; walltime: 15.5
37092.0/37230.0 days/days; walltime: 12.9
37093.0/37230.0 days/days; walltime: 19.5
37094.0/37230.0 days/days; walltime: 12.9
37095.0/37230.0 days/days; walltime: 14.6
37096.0/37230.0 days/days; walltime: 22.0
37097.0/37230.0 days/days; walltime: 17.2
37098.0/37230.0 days/days; walltime: 17.9
37099.0/37230.0 days/days; walltime: 19.0
37100.0/37230.0 days/days; walltime: 17.0
37101.0/37230.0 days/days; walltime: 19.4
37102.0/37230.0 days/days; walltime: 17.3
37103.0/37230.0 days/days; walltime: 17.7
37104.0/37230.0 days/days; walltime: 17.5
37105.0/37230.0 days/days; walltime: 17.2
37106.0/37230.0 days/days; walltime: 17.8
37107.0/37230.0 days/days; walltime: 17.6
37108.0/37230.0 days/days; walltime: 17.5
37109.0/37230.0 days/days; walltime: 14.4
37110.0/37230.0 days/days; walltime: 18.6
37111.0/37230.0 days/days; walltime: 17.6
37112.0/37230.0 days/days; walltime: 17.4
37113.0/37230.0 days/days; walltime: 17.4
37114.0/37230.0 days/days; walltime: 7.0
37115.0/37230.0 days/days; walltime: 6.1
37116.0/37230.0 days/days; walltime: 2.6
37117.0/37230.0 days/days; walltime: 2.1
37118.0/37230.0 days/days; walltime: 1.9
37119.0/37230.0 days/days; walltime: 1.7
37120.0/37230.0 days/days; walltime: 4.0
37121.0/37230.0 days/days; walltime: 1.2
37122.0/37230.0 days/days; walltime: 1.1
37123.0/37230.0 days/days; walltime: 1.0
37124.0/37230.0 days/days; walltime: 2.7
37125.0/37230.0 days/days; walltime: 1.0
37126.0/37230.0 days/days; walltime: 0.7
37127.0/37230.0 days/days; walltime: 1.2
37128.0/37230.0 days/days; walltime: 0.8
37129.0/37230.0 days/days; walltime: 0.7
37130.0/37230.0 days/days; walltime: 0.8
37131.0/37230.0 days/days; walltime: 0.6
37132.0/37230.0 days/days; walltime: 0.8
37133.0/37230.0 days/days; walltime: 0.8
37134.0/37230.0 days/days; walltime: 4.4
37135.0/37230.0 days/days; walltime: 0.3
37136.0/37230.0 days/days; walltime: 0.6
37137.0/37230.0 days/days; walltime: 0.7
37138.0/37230.0 days/days; walltime: 0.6
37139.0/37230.0 days/days; walltime: 0.6
37140.0/37230.0 days/days; walltime: 0.5
37141.0/37230.0 days/days; walltime: 0.7
37142.0/37230.0 days/days; walltime: 0.6
37143.0/37230.0 days/days; walltime: 0.7
37144.0/37230.0 days/days; walltime: 0.4
37145.0/37230.0 days/days; walltime: 0.4
37146.0/37230.0 days/days; walltime: 0.5
37147.0/37230.0 days/days; walltime: 0.6
37148.0/37230.0 days/days; walltime: 0.5
37149.0/37230.0 days/days; walltime: 0.5
37150.0/37230.0 days/days; walltime: 0.7
37151.0/37230.0 days/days; walltime: 0.5
37152.0/37230.0 days/days; walltime: 0.4
37153.0/37230.0 days/days; walltime: 0.5
37154.0/37230.0 days/days; walltime: 0.5
37155.0/37230.0 days/days; walltime: 0.5
37156.0/37230.0 days/days; walltime: 0.4
37157.0/37230.0 days/days; walltime: 0.7
37158.0/37230.0 days/days; walltime: 0.3
37159.0/37230.0 days/days; walltime: 0.5
37160.0/37230.0 days/days; walltime: 0.5
37161.0/37230.0 days/days; walltime: 0.3
37162.0/37230.0 days/days; walltime: 0.5
37163.0/37230.0 days/days; walltime: 0.5
37164.0/37230.0 days/days; walltime: 6.8
37165.0/37230.0 days/days; walltime: 0.5
37166.0/37230.0 days/days; walltime: 0.2
37167.0/37230.0 days/days; walltime: 0.3
37168.0/37230.0 days/days; walltime: 0.4
37169.0/37230.0 days/days; walltime: 0.4
37170.0/37230.0 days/days; walltime: 0.5
37171.0/37230.0 days/days; walltime: 0.1
37172.0/37230.0 days/days; walltime: 0.3
37173.0/37230.0 days/days; walltime: 0.5
37174.0/37230.0 days/days; walltime: 0.5
37175.0/37230.0 days/days; walltime: 0.3
37176.0/37230.0 days/days; walltime: 0.3
37177.0/37230.0 days/days; walltime: 0.3
37178.0/37230.0 days/days; walltime: 0.3
37179.0/37230.0 days/days; walltime: 0.3
37180.0/37230.0 days/days; walltime: 0.5
37181.0/37230.0 days/days; walltime: 0.3
37182.0/37230.0 days/days; walltime: 0.4
37183.0/37230.0 days/days; walltime: 0.4
37184.0/37230.0 days/days; walltime: 0.4
37185.0/37230.0 days/days; walltime: 0.1
37186.0/37230.0 days/days; walltime: 0.3
37187.0/37230.0 days/days; walltime: 0.3
37188.0/37230.0 days/days; walltime: 0.4
37189.0/37230.0 days/days; walltime: 0.2
37190.0/37230.0 days/days; walltime: 0.4
37191.0/37230.0 days/days; walltime: 0.4
37192.0/37230.0 days/days; walltime: 0.2
37193.0/37230.0 days/days; walltime: 0.4
37194.0/37230.0 days/days; walltime: 0.4
37195.0/37230.0 days/days; walltime: 0.2
37196.0/37230.0 days/days; walltime: 0.4
37197.0/37230.0 days/days; walltime: 0.2
37198.0/37230.0 days/days; walltime: 0.4
37199.0/37230.0 days/days; walltime: 1.7
37200.0/37230.0 days/days; walltime: 0.1
37201.0/37230.0 days/days; walltime: 0.2
37202.0/37230.0 days/days; walltime: 0.3
37203.0/37230.0 days/days; walltime: 0.1
37204.0/37230.0 days/days; walltime: 0.2
37205.0/37230.0 days/days; walltime: 0.2
37206.0/37230.0 days/days; walltime: 0.2
37207.0/37230.0 days/days; walltime: 0.1
37208.0/37230.0 days/days; walltime: 0.1
37209.0/37230.0 days/days; walltime: 0.4
37210.0/37230.0 days/days; walltime: 0.3
37211.0/37230.0 days/days; walltime: 0.2
37212.0/37230.0 days/days; walltime: 0.2
37213.0/37230.0 days/days; walltime: 0.1
37214.0/37230.0 days/days; walltime: 0.3
37215.0/37230.0 days/days; walltime: 0.2
37216.0/37230.0 days/days; walltime: 0.3
37217.0/37230.0 days/days; walltime: 0.4
37218.0/37230.0 days/days; walltime: 0.2
37219.0/37230.0 days/days; walltime: 0.3
37220.0/37230.0 days/days; walltime: 0.1
37221.0/37230.0 days/days; walltime: 0.3
37222.0/37230.0 days/days; walltime: 0.1
37223.0/37230.0 days/days; walltime: 0.2
37224.0/37230.0 days/days; walltime: 0.1
37225.0/37230.0 days/days; walltime: 0.3
37226.0/37230.0 days/days; walltime: 0.2
37227.0/37230.0 days/days; walltime: 0.1
37228.0/37230.0 days/days; walltime: 0.2
37229.0/37230.0 days/days; walltime: 0.1
37230.0/37230.0 days/days; walltime: 0.4
Wallclock for model run: 11432.6s
 

fields = 

  struct with fields:

    nodes: [1x1 struct]
    edges: [1x1 struct]
       BC: [1x1 struct]

No cases left; exiting.
