Case 5:
Picked up JAVA_TOOL_OPTIONS: -Xmx2g
Opening log file:  /tmp/java.log.14136

                            < M A T L A B (R) >
                  Copyright 1984-2022 The MathWorks, Inc.
                  R2022a (9.12.0.1884302) 64-bit (glnxa64)
                             February 16, 2022

 
To get started, type doc.
For product information, visit www.mathworks.com.
 

config = 

  struct with fields:

                 k_s: 0.2500
                 l_c: 10
            n_moulin: 68
    creep_const_soft: 0
             mesh_nr: 4
                 k_c: 0.1500
               h_bed: 0.5000
               l_bed: 10
               alpha: 1.5000
                beta: 1.5000
               omega: 5.0000e-04

Running model run (ode15s):
Run to steady
Saving model run to
./RUN/output_205_steady.nc
Fields, IC & BC initialised
Initial phi calculated in 5.3s
0.0/36500.0 days/days; walltime: 55.0
--------------------------------------------------------------------------------------------------------------------------------------------------------------------------------------------------------------------------------------------------------------------------------------------------------------------------------------------------------------------------------------------------------------------------------------------------------------------------------------------------------------------------------------------------------------------------------------------------------------------------------------------------------------------------------------------------------------------------------------------------------------------------------------------------------------------------------------------------------------------------------------------------------------------------------------------------------------------------------------------------------------------------------------------------------------------------------------------------------------------------------------------------------------------------------------------------------------------------------------------------------------------------------------------------------------------------------------------------------------------------------------------------------------------------------------------------------------------------------------------------------------------------------------------------------------------------------------------------------------------------------------------------------------------------------------------------------------------------------------------------------------------------------------------------------------------------------------------------------------------------------------------------------------------------------------------------------------------------------------------------------------------------------------1825.0/36500.0 days/days; walltime: 1627.0
------------------------------------------------------------------------------------------------------------------------3650.0/36500.0 days/days; walltime: 31.1
--5475.0/36500.0 days/days; walltime: 0.1
---7300.0/36500.0 days/days; walltime: 0.3
---------------------------------------------------------------------------------------------9125.0/36500.0 days/days; walltime: 6.0
----------------------------------------------------------------------------------------------------------------------------------------------------------------------------------------------------------------------------------------------------------------------------------------------------------------------------------------------------------------------------------------------------------------------------------------------------------------------------------------------------------------------------------------------------10950.0/36500.0 days/days; walltime: 2027.1
------------------12775.0/36500.0 days/days; walltime: 878.4
---------14600.0/36500.0 days/days; walltime: 594.9
--16425.0/36500.0 days/days; walltime: 634.0
-----18250.0/36500.0 days/days; walltime: 340.3
-------------20075.0/36500.0 days/days; walltime: 85.7
21900.0/36500.0 days/days; walltime: 8.9
------23725.0/36500.0 days/days; walltime: 24.5
25550.0/36500.0 days/days; walltime: 5.0
27375.0/36500.0 days/days; walltime: 4.2
29200.0/36500.0 days/days; walltime: 2.2
31025.0/36500.0 days/days; walltime: 1.5
32850.0/36500.0 days/days; walltime: 1.0
34675.0/36500.0 days/days; walltime: 0.8
36500.0/36500.0 days/days; walltime: 1.0
Wallclock for model run: 6328.3s
 

fields = 

  struct with fields:

    nodes: [1x1 struct]
    edges: [1x1 struct]
       BC: [1x1 struct]

Running model run (ode15s):
Run seasonal
Saving model run to
./RUN/output_205_seasonal.nc
IC initialised from struct
IC initialised from file/given & rest from parameters and given functions
36500.0/37230.0 days/days; walltime: 13.6
36501.0/37230.0 days/days; walltime: 63.0
36502.0/37230.0 days/days; walltime: 16.2
36503.0/37230.0 days/days; walltime: 23.8
36504.0/37230.0 days/days; walltime: 7.6
36505.0/37230.0 days/days; walltime: 17.3
36506.0/37230.0 days/days; walltime: 21.7
36507.0/37230.0 days/days; walltime: 16.9
36508.0/37230.0 days/days; walltime: 8.0
36509.0/37230.0 days/days; walltime: 3.7
36510.0/37230.0 days/days; walltime: 3.4
36511.0/37230.0 days/days; walltime: 4.8
36512.0/37230.0 days/days; walltime: 3.3
36513.0/37230.0 days/days; walltime: 2.9
36514.0/37230.0 days/days; walltime: 2.8
36515.0/37230.0 days/days; walltime: 2.3
36516.0/37230.0 days/days; walltime: 2.3
36517.0/37230.0 days/days; walltime: 2.1
36518.0/37230.0 days/days; walltime: 11.9
36519.0/37230.0 days/days; walltime: 1.7
36520.0/37230.0 days/days; walltime: 1.9
36521.0/37230.0 days/days; walltime: 1.7
36522.0/37230.0 days/days; walltime: 1.4
36523.0/37230.0 days/days; walltime: 1.2
36524.0/37230.0 days/days; walltime: 1.1
36525.0/37230.0 days/days; walltime: 1.5
36526.0/37230.0 days/days; walltime: 1.4
36527.0/37230.0 days/days; walltime: 3.3
36528.0/37230.0 days/days; walltime: 1.2
36529.0/37230.0 days/days; walltime: 1.2
36530.0/37230.0 days/days; walltime: 0.9
36531.0/37230.0 days/days; walltime: 0.8
36532.0/37230.0 days/days; walltime: 0.8
36533.0/37230.0 days/days; walltime: 0.8
36534.0/37230.0 days/days; walltime: 1.0
36535.0/37230.0 days/days; walltime: 1.2
36536.0/37230.0 days/days; walltime: 0.8
36537.0/37230.0 days/days; walltime: 0.9
36538.0/37230.0 days/days; walltime: 2.3
36539.0/37230.0 days/days; walltime: 0.6
36540.0/37230.0 days/days; walltime: 0.5
36541.0/37230.0 days/days; walltime: 0.3
36542.0/37230.0 days/days; walltime: 0.4
36543.0/37230.0 days/days; walltime: 0.6
36544.0/37230.0 days/days; walltime: 0.6
36545.0/37230.0 days/days; walltime: 0.3
36546.0/37230.0 days/days; walltime: 0.3
36547.0/37230.0 days/days; walltime: 2.0
36548.0/37230.0 days/days; walltime: 0.3
36549.0/37230.0 days/days; walltime: 0.4
36550.0/37230.0 days/days; walltime: 0.7
36551.0/37230.0 days/days; walltime: 0.7
36552.0/37230.0 days/days; walltime: 0.7
36553.0/37230.0 days/days; walltime: 0.6
36554.0/37230.0 days/days; walltime: 0.6
36555.0/37230.0 days/days; walltime: 0.6
36556.0/37230.0 days/days; walltime: 0.7
36557.0/37230.0 days/days; walltime: 0.5
36558.0/37230.0 days/days; walltime: 0.7
36559.0/37230.0 days/days; walltime: 0.4
36560.0/37230.0 days/days; walltime: 0.5
36561.0/37230.0 days/days; walltime: 0.5
36562.0/37230.0 days/days; walltime: 0.7
36563.0/37230.0 days/days; walltime: 0.4
36564.0/37230.0 days/days; walltime: 0.4
36565.0/37230.0 days/days; walltime: 0.5
36566.0/37230.0 days/days; walltime: 0.5
36567.0/37230.0 days/days; walltime: 0.3
36568.0/37230.0 days/days; walltime: 0.5
36569.0/37230.0 days/days; walltime: 0.5
36570.0/37230.0 days/days; walltime: 0.4
36571.0/37230.0 days/days; walltime: 0.4
36572.0/37230.0 days/days; walltime: 0.6
36573.0/37230.0 days/days; walltime: 4.1
36574.0/37230.0 days/days; walltime: 0.5
36575.0/37230.0 days/days; walltime: 0.4
36576.0/37230.0 days/days; walltime: 0.3
36577.0/37230.0 days/days; walltime: 0.4
36578.0/37230.0 days/days; walltime: 0.3
36579.0/37230.0 days/days; walltime: 0.3
36580.0/37230.0 days/days; walltime: 0.3
36581.0/37230.0 days/days; walltime: 0.4
36582.0/37230.0 days/days; walltime: 0.3
36583.0/37230.0 days/days; walltime: 0.3
36584.0/37230.0 days/days; walltime: 0.4
36585.0/37230.0 days/days; walltime: 0.4
36586.0/37230.0 days/days; walltime: 0.3
36587.0/37230.0 days/days; walltime: 0.3
36588.0/37230.0 days/days; walltime: 0.3
36589.0/37230.0 days/days; walltime: 0.3
36590.0/37230.0 days/days; walltime: 0.1
36591.0/37230.0 days/days; walltime: 0.3
36592.0/37230.0 days/days; walltime: 0.3
36593.0/37230.0 days/days; walltime: 0.4
36594.0/37230.0 days/days; walltime: 0.2
36595.0/37230.0 days/days; walltime: 0.3
36596.0/37230.0 days/days; walltime: 0.3
36597.0/37230.0 days/days; walltime: 0.3
36598.0/37230.0 days/days; walltime: 0.1
36599.0/37230.0 days/days; walltime: 0.3
36600.0/37230.0 days/days; walltime: 0.3
36601.0/37230.0 days/days; walltime: 0.4
36602.0/37230.0 days/days; walltime: 0.3
36603.0/37230.0 days/days; walltime: 0.3
36604.0/37230.0 days/days; walltime: 0.3
36605.0/37230.0 days/days; walltime: 0.3
36606.0/37230.0 days/days; walltime: 0.2
36607.0/37230.0 days/days; walltime: 0.4
36608.0/37230.0 days/days; walltime: 0.3
36609.0/37230.0 days/days; walltime: 0.1
36610.0/37230.0 days/days; walltime: 0.1
36611.0/37230.0 days/days; walltime: 0.1
36612.0/37230.0 days/days; walltime: 0.1
36613.0/37230.0 days/days; walltime: 0.3
36614.0/37230.0 days/days; walltime: 0.4
36615.0/37230.0 days/days; walltime: 1.9
36616.0/37230.0 days/days; walltime: 6.4
36617.0/37230.0 days/days; walltime: 8.0
36618.0/37230.0 days/days; walltime: 12.4
36619.0/37230.0 days/days; walltime: 14.7
36620.0/37230.0 days/days; walltime: 18.8
36621.0/37230.0 days/days; walltime: 18.2
36622.0/37230.0 days/days; walltime: 17.2
36623.0/37230.0 days/days; walltime: 17.6
36624.0/37230.0 days/days; walltime: 17.5
36625.0/37230.0 days/days; walltime: 17.9
36626.0/37230.0 days/days; walltime: 18.2
36627.0/37230.0 days/days; walltime: 19.6
36628.0/37230.0 days/days; walltime: 21.6
36629.0/37230.0 days/days; walltime: 19.9
36630.0/37230.0 days/days; walltime: 20.5
36631.0/37230.0 days/days; walltime: 18.5
36632.0/37230.0 days/days; walltime: 17.6
36633.0/37230.0 days/days; walltime: 17.8
36634.0/37230.0 days/days; walltime: 22.1
36635.0/37230.0 days/days; walltime: 18.7
36636.0/37230.0 days/days; walltime: 20.0
36637.0/37230.0 days/days; walltime: 23.7
--36638.0/37230.0 days/days; walltime: 32.5
36639.0/37230.0 days/days; walltime: 26.2
36640.0/37230.0 days/days; walltime: 62.6
-----------36641.0/37230.0 days/days; walltime: 43.1
--36642.0/37230.0 days/days; walltime: 30.0
36643.0/37230.0 days/days; walltime: 20.1
36644.0/37230.0 days/days; walltime: 29.8
--36645.0/37230.0 days/days; walltime: 26.1
36646.0/37230.0 days/days; walltime: 28.6
36647.0/37230.0 days/days; walltime: 24.9
----------36648.0/37230.0 days/days; walltime: 36.4
-36649.0/37230.0 days/days; walltime: 31.5
36650.0/37230.0 days/days; walltime: 39.7
---36651.0/37230.0 days/days; walltime: 41.0
------36652.0/37230.0 days/days; walltime: 75.5
------36653.0/37230.0 days/days; walltime: 73.5
------36654.0/37230.0 days/days; walltime: 71.2
------36655.0/37230.0 days/days; walltime: 176.1
------36656.0/37230.0 days/days; walltime: 73.7
----------36657.0/37230.0 days/days; walltime: 79.3
------------36658.0/37230.0 days/days; walltime: 66.0
--------------36659.0/37230.0 days/days; walltime: 107.3
----36660.0/37230.0 days/days; walltime: 76.4
------------------36661.0/37230.0 days/days; walltime: 92.5
------------36662.0/37230.0 days/days; walltime: 61.5
--------36663.0/37230.0 days/days; walltime: 73.9
--------36664.0/37230.0 days/days; walltime: 95.6
---------36665.0/37230.0 days/days; walltime: 56.9
36666.0/37230.0 days/days; walltime: 95.5
----36667.0/37230.0 days/days; walltime: 55.5
--------------36668.0/37230.0 days/days; walltime: 104.7
------------36669.0/37230.0 days/days; walltime: 96.3
------------36670.0/37230.0 days/days; walltime: 102.1
--------------------36671.0/37230.0 days/days; walltime: 147.4
----36672.0/37230.0 days/days; walltime: 64.8
----------36673.0/37230.0 days/days; walltime: 92.9
--------36674.0/37230.0 days/days; walltime: 96.8
----------36675.0/37230.0 days/days; walltime: 133.1
------36676.0/37230.0 days/days; walltime: 93.9
36677.0/37230.0 days/days; walltime: 86.4
36678.0/37230.0 days/days; walltime: 65.6
--------36679.0/37230.0 days/days; walltime: 80.6
----36680.0/37230.0 days/days; walltime: 125.5
----36681.0/37230.0 days/days; walltime: 91.9
-----36682.0/37230.0 days/days; walltime: 117.4
--36683.0/37230.0 days/days; walltime: 83.5
----36684.0/37230.0 days/days; walltime: 126.5
36685.0/37230.0 days/days; walltime: 48.3
----36686.0/37230.0 days/days; walltime: 127.3
--36687.0/37230.0 days/days; walltime: 71.9
--36688.0/37230.0 days/days; walltime: 108.7
--36689.0/37230.0 days/days; walltime: 95.7
--36690.0/37230.0 days/days; walltime: 86.2
--36691.0/37230.0 days/days; walltime: 84.6
36692.0/37230.0 days/days; walltime: 68.9
36693.0/37230.0 days/days; walltime: 53.3
----36694.0/37230.0 days/days; walltime: 77.5
--36695.0/37230.0 days/days; walltime: 59.0
36696.0/37230.0 days/days; walltime: 24.9
36697.0/37230.0 days/days; walltime: 39.4
--36698.0/37230.0 days/days; walltime: 49.2
36699.0/37230.0 days/days; walltime: 13.4
36700.0/37230.0 days/days; walltime: 48.9
36701.0/37230.0 days/days; walltime: 37.6
36702.0/37230.0 days/days; walltime: 23.7
36703.0/37230.0 days/days; walltime: 24.1
36704.0/37230.0 days/days; walltime: 15.9
36705.0/37230.0 days/days; walltime: 15.3
36706.0/37230.0 days/days; walltime: 32.9
36707.0/37230.0 days/days; walltime: 33.7
36708.0/37230.0 days/days; walltime: 12.5
36709.0/37230.0 days/days; walltime: 25.5
36710.0/37230.0 days/days; walltime: 12.8
36711.0/37230.0 days/days; walltime: 17.5
36712.0/37230.0 days/days; walltime: 12.9
36713.0/37230.0 days/days; walltime: 24.3
36714.0/37230.0 days/days; walltime: 10.2
36715.0/37230.0 days/days; walltime: 6.9
36716.0/37230.0 days/days; walltime: 8.1
36717.0/37230.0 days/days; walltime: 12.3
36718.0/37230.0 days/days; walltime: 11.0
36719.0/37230.0 days/days; walltime: 9.9
36720.0/37230.0 days/days; walltime: 19.6
36721.0/37230.0 days/days; walltime: 13.9
36722.0/37230.0 days/days; walltime: 13.4
36723.0/37230.0 days/days; walltime: 8.3
36724.0/37230.0 days/days; walltime: 11.7
36725.0/37230.0 days/days; walltime: 12.1
36726.0/37230.0 days/days; walltime: 20.4
36727.0/37230.0 days/days; walltime: 12.6
----36728.0/37230.0 days/days; walltime: 24.2
36729.0/37230.0 days/days; walltime: 15.4
36730.0/37230.0 days/days; walltime: 15.5
36731.0/37230.0 days/days; walltime: 16.6
36732.0/37230.0 days/days; walltime: 16.0
36733.0/37230.0 days/days; walltime: 18.1
36734.0/37230.0 days/days; walltime: 17.8
36735.0/37230.0 days/days; walltime: 17.7
36736.0/37230.0 days/days; walltime: 18.5
36737.0/37230.0 days/days; walltime: 18.4
36738.0/37230.0 days/days; walltime: 20.5
36739.0/37230.0 days/days; walltime: 18.7
36740.0/37230.0 days/days; walltime: 19.0
36741.0/37230.0 days/days; walltime: 18.1
36742.0/37230.0 days/days; walltime: 19.6
36743.0/37230.0 days/days; walltime: 17.8
36744.0/37230.0 days/days; walltime: 16.7
36745.0/37230.0 days/days; walltime: 14.2
36746.0/37230.0 days/days; walltime: 12.4
36747.0/37230.0 days/days; walltime: 12.5
36748.0/37230.0 days/days; walltime: 9.3
36749.0/37230.0 days/days; walltime: 5.2
--36750.0/37230.0 days/days; walltime: 21.3
36751.0/37230.0 days/days; walltime: 3.7
36752.0/37230.0 days/days; walltime: 3.2
36753.0/37230.0 days/days; walltime: 1.6
36754.0/37230.0 days/days; walltime: 1.5
36755.0/37230.0 days/days; walltime: 1.4
36756.0/37230.0 days/days; walltime: 1.3
36757.0/37230.0 days/days; walltime: 3.7
36758.0/37230.0 days/days; walltime: 0.9
36759.0/37230.0 days/days; walltime: 1.0
36760.0/37230.0 days/days; walltime: 1.0
36761.0/37230.0 days/days; walltime: 1.0
36762.0/37230.0 days/days; walltime: 1.2
36763.0/37230.0 days/days; walltime: 1.0
36764.0/37230.0 days/days; walltime: 0.9
36765.0/37230.0 days/days; walltime: 0.8
36766.0/37230.0 days/days; walltime: 0.9
36767.0/37230.0 days/days; walltime: 2.1
36768.0/37230.0 days/days; walltime: 0.5
36769.0/37230.0 days/days; walltime: 0.3
36770.0/37230.0 days/days; walltime: 0.3
36771.0/37230.0 days/days; walltime: 0.6
36772.0/37230.0 days/days; walltime: 0.6
36773.0/37230.0 days/days; walltime: 0.8
36774.0/37230.0 days/days; walltime: 0.8
36775.0/37230.0 days/days; walltime: 0.7
36776.0/37230.0 days/days; walltime: 2.4
36777.0/37230.0 days/days; walltime: 0.7
36778.0/37230.0 days/days; walltime: 0.4
36779.0/37230.0 days/days; walltime: 0.5
36780.0/37230.0 days/days; walltime: 0.5
36781.0/37230.0 days/days; walltime: 0.5
36782.0/37230.0 days/days; walltime: 0.7
36783.0/37230.0 days/days; walltime: 0.4
36784.0/37230.0 days/days; walltime: 0.4
36785.0/37230.0 days/days; walltime: 0.4
36786.0/37230.0 days/days; walltime: 0.5
36787.0/37230.0 days/days; walltime: 0.3
36788.0/37230.0 days/days; walltime: 0.4
36789.0/37230.0 days/days; walltime: 0.5
36790.0/37230.0 days/days; walltime: 0.5
36791.0/37230.0 days/days; walltime: 0.4
36792.0/37230.0 days/days; walltime: 0.3
36793.0/37230.0 days/days; walltime: 0.3
36794.0/37230.0 days/days; walltime: 0.5
36795.0/37230.0 days/days; walltime: 0.5
36796.0/37230.0 days/days; walltime: 0.3
36797.0/37230.0 days/days; walltime: 0.3
36798.0/37230.0 days/days; walltime: 0.2
36799.0/37230.0 days/days; walltime: 0.2
36800.0/37230.0 days/days; walltime: 0.4
36801.0/37230.0 days/days; walltime: 0.2
36802.0/37230.0 days/days; walltime: 0.4
36803.0/37230.0 days/days; walltime: 0.3
36804.0/37230.0 days/days; walltime: 2.6
36805.0/37230.0 days/days; walltime: 1.3
36806.0/37230.0 days/days; walltime: 0.3
36807.0/37230.0 days/days; walltime: 0.3
36808.0/37230.0 days/days; walltime: 0.3
36809.0/37230.0 days/days; walltime: 0.4
36810.0/37230.0 days/days; walltime: 0.5
36811.0/37230.0 days/days; walltime: 0.5
36812.0/37230.0 days/days; walltime: 0.4
36813.0/37230.0 days/days; walltime: 0.8
36814.0/37230.0 days/days; walltime: 0.3
36815.0/37230.0 days/days; walltime: 0.3
36816.0/37230.0 days/days; walltime: 0.1
36817.0/37230.0 days/days; walltime: 0.3
36818.0/37230.0 days/days; walltime: 0.3
36819.0/37230.0 days/days; walltime: 0.3
36820.0/37230.0 days/days; walltime: 0.3
36821.0/37230.0 days/days; walltime: 0.1
36822.0/37230.0 days/days; walltime: 0.3
36823.0/37230.0 days/days; walltime: 0.3
36824.0/37230.0 days/days; walltime: 0.4
36825.0/37230.0 days/days; walltime: 0.4
36826.0/37230.0 days/days; walltime: 0.4
36827.0/37230.0 days/days; walltime: 0.1
36828.0/37230.0 days/days; walltime: 0.3
36829.0/37230.0 days/days; walltime: 0.3
36830.0/37230.0 days/days; walltime: 0.2
36831.0/37230.0 days/days; walltime: 0.4
36832.0/37230.0 days/days; walltime: 0.4
36833.0/37230.0 days/days; walltime: 0.4
36834.0/37230.0 days/days; walltime: 0.2
36835.0/37230.0 days/days; walltime: 0.4
36836.0/37230.0 days/days; walltime: 0.4
36837.0/37230.0 days/days; walltime: 0.2
36838.0/37230.0 days/days; walltime: 0.4
36839.0/37230.0 days/days; walltime: 0.2
36840.0/37230.0 days/days; walltime: 1.6
36841.0/37230.0 days/days; walltime: 0.3
36842.0/37230.0 days/days; walltime: 0.1
36843.0/37230.0 days/days; walltime: 0.3
36844.0/37230.0 days/days; walltime: 0.1
36845.0/37230.0 days/days; walltime: 0.2
36846.0/37230.0 days/days; walltime: 0.1
36847.0/37230.0 days/days; walltime: 0.3
36848.0/37230.0 days/days; walltime: 0.4
36849.0/37230.0 days/days; walltime: 0.2
36850.0/37230.0 days/days; walltime: 0.3
36851.0/37230.0 days/days; walltime: 0.1
36852.0/37230.0 days/days; walltime: 0.3
36853.0/37230.0 days/days; walltime: 0.2
36854.0/37230.0 days/days; walltime: 0.4
36855.0/37230.0 days/days; walltime: 0.3
36856.0/37230.0 days/days; walltime: 0.1
36857.0/37230.0 days/days; walltime: 0.2
36858.0/37230.0 days/days; walltime: 0.1
36859.0/37230.0 days/days; walltime: 0.3
36860.0/37230.0 days/days; walltime: 0.2
36861.0/37230.0 days/days; walltime: 0.3
36862.0/37230.0 days/days; walltime: 0.4
36863.0/37230.0 days/days; walltime: 0.2
36864.0/37230.0 days/days; walltime: 0.3
36865.0/37230.0 days/days; walltime: 0.1
36866.0/37230.0 days/days; walltime: 0.3
36867.0/37230.0 days/days; walltime: 0.2
36868.0/37230.0 days/days; walltime: 0.3
36869.0/37230.0 days/days; walltime: 0.2
36870.0/37230.0 days/days; walltime: 0.3
36871.0/37230.0 days/days; walltime: 0.3
36872.0/37230.0 days/days; walltime: 0.2
36873.0/37230.0 days/days; walltime: 0.3
36874.0/37230.0 days/days; walltime: 0.2
36875.0/37230.0 days/days; walltime: 0.2
36876.0/37230.0 days/days; walltime: 0.1
36877.0/37230.0 days/days; walltime: 0.2
36878.0/37230.0 days/days; walltime: 0.3
36879.0/37230.0 days/days; walltime: 0.1
36880.0/37230.0 days/days; walltime: 0.2
36881.0/37230.0 days/days; walltime: 0.1
36882.0/37230.0 days/days; walltime: 0.3
36883.0/37230.0 days/days; walltime: 0.1
36884.0/37230.0 days/days; walltime: 0.3
36885.0/37230.0 days/days; walltime: 0.1
36886.0/37230.0 days/days; walltime: 0.3
36887.0/37230.0 days/days; walltime: 0.3
36888.0/37230.0 days/days; walltime: 0.1
36889.0/37230.0 days/days; walltime: 0.2
36890.0/37230.0 days/days; walltime: 0.2
36891.0/37230.0 days/days; walltime: 0.3
36892.0/37230.0 days/days; walltime: 0.2
36893.0/37230.0 days/days; walltime: 0.3
36894.0/37230.0 days/days; walltime: 0.1
36895.0/37230.0 days/days; walltime: 0.3
36896.0/37230.0 days/days; walltime: 0.1
36897.0/37230.0 days/days; walltime: 0.3
36898.0/37230.0 days/days; walltime: 0.1
36899.0/37230.0 days/days; walltime: 0.0
36900.0/37230.0 days/days; walltime: 0.2
36901.0/37230.0 days/days; walltime: 0.1
36902.0/37230.0 days/days; walltime: 0.2
36903.0/37230.0 days/days; walltime: 0.1
36904.0/37230.0 days/days; walltime: 0.2
36905.0/37230.0 days/days; walltime: 0.0
36906.0/37230.0 days/days; walltime: 0.2
36907.0/37230.0 days/days; walltime: 0.1
36908.0/37230.0 days/days; walltime: 0.0
36909.0/37230.0 days/days; walltime: 0.3
36910.0/37230.0 days/days; walltime: 0.1
36911.0/37230.0 days/days; walltime: 0.2
36912.0/37230.0 days/days; walltime: 0.2
36913.0/37230.0 days/days; walltime: 0.3
36914.0/37230.0 days/days; walltime: 0.1
36915.0/37230.0 days/days; walltime: 0.2
36916.0/37230.0 days/days; walltime: 0.2
36917.0/37230.0 days/days; walltime: 0.2
36918.0/37230.0 days/days; walltime: 0.1
36919.0/37230.0 days/days; walltime: 0.2
36920.0/37230.0 days/days; walltime: 0.0
36921.0/37230.0 days/days; walltime: 0.2
36922.0/37230.0 days/days; walltime: 0.0
36923.0/37230.0 days/days; walltime: 0.1
36924.0/37230.0 days/days; walltime: 0.2
36925.0/37230.0 days/days; walltime: 0.1
36926.0/37230.0 days/days; walltime: 0.0
36927.0/37230.0 days/days; walltime: 0.3
36928.0/37230.0 days/days; walltime: 0.1
36929.0/37230.0 days/days; walltime: 0.2
36930.0/37230.0 days/days; walltime: 0.1
36931.0/37230.0 days/days; walltime: 0.2
36932.0/37230.0 days/days; walltime: 0.0
36933.0/37230.0 days/days; walltime: 0.1
36934.0/37230.0 days/days; walltime: 0.0
36935.0/37230.0 days/days; walltime: 1.6
36936.0/37230.0 days/days; walltime: 0.0
36937.0/37230.0 days/days; walltime: 0.3
36938.0/37230.0 days/days; walltime: 0.2
36939.0/37230.0 days/days; walltime: 0.2
36940.0/37230.0 days/days; walltime: 0.2
36941.0/37230.0 days/days; walltime: 0.1
36942.0/37230.0 days/days; walltime: 0.3
36943.0/37230.0 days/days; walltime: 0.1
36944.0/37230.0 days/days; walltime: 0.2
36945.0/37230.0 days/days; walltime: 0.2
36946.0/37230.0 days/days; walltime: 0.2
36947.0/37230.0 days/days; walltime: 0.1
36948.0/37230.0 days/days; walltime: 0.3
36949.0/37230.0 days/days; walltime: 0.1
36950.0/37230.0 days/days; walltime: 0.0
36951.0/37230.0 days/days; walltime: 0.2
36952.0/37230.0 days/days; walltime: 0.0
36953.0/37230.0 days/days; walltime: 0.0
36954.0/37230.0 days/days; walltime: 0.3
36955.0/37230.0 days/days; walltime: 0.1
36956.0/37230.0 days/days; walltime: 0.3
36957.0/37230.0 days/days; walltime: 0.1
36958.0/37230.0 days/days; walltime: 0.1
36959.0/37230.0 days/days; walltime: 0.1
36960.0/37230.0 days/days; walltime: 0.3
36961.0/37230.0 days/days; walltime: 0.0
36962.0/37230.0 days/days; walltime: 0.0
36963.0/37230.0 days/days; walltime: 0.2
36964.0/37230.0 days/days; walltime: 1.7
36965.0/37230.0 days/days; walltime: 0.4
36966.0/37230.0 days/days; walltime: 0.2
36967.0/37230.0 days/days; walltime: 0.3
36968.0/37230.0 days/days; walltime: 0.2
36969.0/37230.0 days/days; walltime: 0.1
36970.0/37230.0 days/days; walltime: 0.2
36971.0/37230.0 days/days; walltime: 0.2
36972.0/37230.0 days/days; walltime: 0.1
36973.0/37230.0 days/days; walltime: 0.1
36974.0/37230.0 days/days; walltime: 0.1
36975.0/37230.0 days/days; walltime: 0.3
36976.0/37230.0 days/days; walltime: 0.1
36977.0/37230.0 days/days; walltime: 0.1
36978.0/37230.0 days/days; walltime: 0.2
36979.0/37230.0 days/days; walltime: 0.1
36980.0/37230.0 days/days; walltime: 1.4
36981.0/37230.0 days/days; walltime: 6.4
36982.0/37230.0 days/days; walltime: 6.0
36983.0/37230.0 days/days; walltime: 12.0
36984.0/37230.0 days/days; walltime: 28.4
36985.0/37230.0 days/days; walltime: 17.0
36986.0/37230.0 days/days; walltime: 19.2
36987.0/37230.0 days/days; walltime: 18.6
36988.0/37230.0 days/days; walltime: 20.0
36989.0/37230.0 days/days; walltime: 18.7
36990.0/37230.0 days/days; walltime: 20.1
36991.0/37230.0 days/days; walltime: 18.8
36992.0/37230.0 days/days; walltime: 18.0
36993.0/37230.0 days/days; walltime: 20.9
36994.0/37230.0 days/days; walltime: 22.8
36995.0/37230.0 days/days; walltime: 21.7
36996.0/37230.0 days/days; walltime: 21.0
36997.0/37230.0 days/days; walltime: 19.1
36998.0/37230.0 days/days; walltime: 22.3
36999.0/37230.0 days/days; walltime: 21.3
37000.0/37230.0 days/days; walltime: 22.6
37001.0/37230.0 days/days; walltime: 18.5
37002.0/37230.0 days/days; walltime: 27.9
37003.0/37230.0 days/days; walltime: 29.7
37004.0/37230.0 days/days; walltime: 26.9
37005.0/37230.0 days/days; walltime: 32.7
--------37006.0/37230.0 days/days; walltime: 44.3
---37007.0/37230.0 days/days; walltime: 24.5
37008.0/37230.0 days/days; walltime: 32.1
37009.0/37230.0 days/days; walltime: 35.9
37010.0/37230.0 days/days; walltime: 21.9
37011.0/37230.0 days/days; walltime: 42.5
--37012.0/37230.0 days/days; walltime: 21.4
------37013.0/37230.0 days/days; walltime: 45.4
37014.0/37230.0 days/days; walltime: 33.9
--37015.0/37230.0 days/days; walltime: 29.4
----37016.0/37230.0 days/days; walltime: 103.2
---37017.0/37230.0 days/days; walltime: 61.5
---------37018.0/37230.0 days/days; walltime: 63.9
------------37019.0/37230.0 days/days; walltime: 168.2
------------37020.0/37230.0 days/days; walltime: 63.7
--37021.0/37230.0 days/days; walltime: 76.0
--------37022.0/37230.0 days/days; walltime: 77.6
------------37023.0/37230.0 days/days; walltime: 93.4
-------------37024.0/37230.0 days/days; walltime: 106.9
--37025.0/37230.0 days/days; walltime: 97.6
--------37026.0/37230.0 days/days; walltime: 115.2
-----------37027.0/37230.0 days/days; walltime: 89.7
----37028.0/37230.0 days/days; walltime: 54.8
-----------37029.0/37230.0 days/days; walltime: 88.8
------37030.0/37230.0 days/days; walltime: 74.5
37031.0/37230.0 days/days; walltime: 94.8
----37032.0/37230.0 days/days; walltime: 40.9
----------------------37033.0/37230.0 days/days; walltime: 91.0
-----37034.0/37230.0 days/days; walltime: 55.7
----------------37035.0/37230.0 days/days; walltime: 99.6
----------------37036.0/37230.0 days/days; walltime: 94.8
-----------37037.0/37230.0 days/days; walltime: 136.1
--------37038.0/37230.0 days/days; walltime: 60.0
--------37039.0/37230.0 days/days; walltime: 130.4
-------37040.0/37230.0 days/days; walltime: 99.8
-------37041.0/37230.0 days/days; walltime: 66.9
--37042.0/37230.0 days/days; walltime: 82.0
37043.0/37230.0 days/days; walltime: 58.1
-----37044.0/37230.0 days/days; walltime: 52.8
---------37045.0/37230.0 days/days; walltime: 131.9
--37046.0/37230.0 days/days; walltime: 115.8
--37047.0/37230.0 days/days; walltime: 146.1
--37048.0/37230.0 days/days; walltime: 107.6
37049.0/37230.0 days/days; walltime: 79.9
--37050.0/37230.0 days/days; walltime: 67.1
------37051.0/37230.0 days/days; walltime: 135.7
--37052.0/37230.0 days/days; walltime: 88.3
----37053.0/37230.0 days/days; walltime: 84.4
37054.0/37230.0 days/days; walltime: 81.6
-----------37055.0/37230.0 days/days; walltime: 112.5
----37056.0/37230.0 days/days; walltime: 98.2
--37057.0/37230.0 days/days; walltime: 55.8
37058.0/37230.0 days/days; walltime: 47.5
----37059.0/37230.0 days/days; walltime: 77.3
37060.0/37230.0 days/days; walltime: 56.9
37061.0/37230.0 days/days; walltime: 12.5
37062.0/37230.0 days/days; walltime: 50.8
--37063.0/37230.0 days/days; walltime: 76.9
37064.0/37230.0 days/days; walltime: 12.9
37065.0/37230.0 days/days; walltime: 35.8
37066.0/37230.0 days/days; walltime: 24.1
37067.0/37230.0 days/days; walltime: 34.8
37068.0/37230.0 days/days; walltime: 20.3
--37069.0/37230.0 days/days; walltime: 40.7
37070.0/37230.0 days/days; walltime: 30.3
37071.0/37230.0 days/days; walltime: 37.9
37072.0/37230.0 days/days; walltime: 46.8
37073.0/37230.0 days/days; walltime: 16.1
37074.0/37230.0 days/days; walltime: 28.3
37075.0/37230.0 days/days; walltime: 14.9
37076.0/37230.0 days/days; walltime: 14.7
37077.0/37230.0 days/days; walltime: 17.6
37078.0/37230.0 days/days; walltime: 17.1
37079.0/37230.0 days/days; walltime: 11.9
37080.0/37230.0 days/days; walltime: 9.0
37081.0/37230.0 days/days; walltime: 16.9
37082.0/37230.0 days/days; walltime: 17.6
37083.0/37230.0 days/days; walltime: 7.7
37084.0/37230.0 days/days; walltime: 9.3
37085.0/37230.0 days/days; walltime: 24.5
37086.0/37230.0 days/days; walltime: 12.6
37087.0/37230.0 days/days; walltime: 9.9
37088.0/37230.0 days/days; walltime: 8.0
37089.0/37230.0 days/days; walltime: 13.0
37090.0/37230.0 days/days; walltime: 12.6
37091.0/37230.0 days/days; walltime: 12.3
37092.0/37230.0 days/days; walltime: 15.5
37093.0/37230.0 days/days; walltime: 32.0
37094.0/37230.0 days/days; walltime: 13.3
37095.0/37230.0 days/days; walltime: 16.0
37096.0/37230.0 days/days; walltime: 15.1
37097.0/37230.0 days/days; walltime: 14.9
37098.0/37230.0 days/days; walltime: 15.7
37099.0/37230.0 days/days; walltime: 19.7
37100.0/37230.0 days/days; walltime: 15.4
37101.0/37230.0 days/days; walltime: 18.7
37102.0/37230.0 days/days; walltime: 18.3
37103.0/37230.0 days/days; walltime: 20.8
37104.0/37230.0 days/days; walltime: 15.9
37105.0/37230.0 days/days; walltime: 17.6
37106.0/37230.0 days/days; walltime: 18.2
37107.0/37230.0 days/days; walltime: 16.1
37108.0/37230.0 days/days; walltime: 14.9
37109.0/37230.0 days/days; walltime: 13.0
37110.0/37230.0 days/days; walltime: 17.1
37111.0/37230.0 days/days; walltime: 14.0
37112.0/37230.0 days/days; walltime: 18.0
37113.0/37230.0 days/days; walltime: 11.4
37114.0/37230.0 days/days; walltime: 7.9
37115.0/37230.0 days/days; walltime: 6.8
37116.0/37230.0 days/days; walltime: 7.3
37117.0/37230.0 days/days; walltime: 1.5
37118.0/37230.0 days/days; walltime: 1.4
37119.0/37230.0 days/days; walltime: 1.6
37120.0/37230.0 days/days; walltime: 1.4
37121.0/37230.0 days/days; walltime: 3.7
37122.0/37230.0 days/days; walltime: 0.9
37123.0/37230.0 days/days; walltime: 0.9
37124.0/37230.0 days/days; walltime: 0.9
37125.0/37230.0 days/days; walltime: 0.9
37126.0/37230.0 days/days; walltime: 0.9
37127.0/37230.0 days/days; walltime: 2.1
37128.0/37230.0 days/days; walltime: 0.8
37129.0/37230.0 days/days; walltime: 0.8
37130.0/37230.0 days/days; walltime: 0.6
37131.0/37230.0 days/days; walltime: 0.6
37132.0/37230.0 days/days; walltime: 0.4
37133.0/37230.0 days/days; walltime: 0.3
37134.0/37230.0 days/days; walltime: 1.9
37135.0/37230.0 days/days; walltime: 0.3
37136.0/37230.0 days/days; walltime: 0.6
37137.0/37230.0 days/days; walltime: 0.6
37138.0/37230.0 days/days; walltime: 0.5
37139.0/37230.0 days/days; walltime: 0.4
37140.0/37230.0 days/days; walltime: 0.5
37141.0/37230.0 days/days; walltime: 0.5
37142.0/37230.0 days/days; walltime: 0.4
37143.0/37230.0 days/days; walltime: 1.8
37144.0/37230.0 days/days; walltime: 0.4
37145.0/37230.0 days/days; walltime: 0.5
37146.0/37230.0 days/days; walltime: 0.5
37147.0/37230.0 days/days; walltime: 0.4
37148.0/37230.0 days/days; walltime: 0.3
37149.0/37230.0 days/days; walltime: 0.3
37150.0/37230.0 days/days; walltime: 0.5
37151.0/37230.0 days/days; walltime: 0.3
37152.0/37230.0 days/days; walltime: 0.3
37153.0/37230.0 days/days; walltime: 0.4
37154.0/37230.0 days/days; walltime: 0.4
37155.0/37230.0 days/days; walltime: 0.4
37156.0/37230.0 days/days; walltime: 0.3
37157.0/37230.0 days/days; walltime: 0.6
37158.0/37230.0 days/days; walltime: 0.4
37159.0/37230.0 days/days; walltime: 0.3
37160.0/37230.0 days/days; walltime: 0.4
37161.0/37230.0 days/days; walltime: 0.4
37162.0/37230.0 days/days; walltime: 0.4
37163.0/37230.0 days/days; walltime: 0.5
37164.0/37230.0 days/days; walltime: 0.4
37165.0/37230.0 days/days; walltime: 1.8
37166.0/37230.0 days/days; walltime: 0.4
37167.0/37230.0 days/days; walltime: 0.3
37168.0/37230.0 days/days; walltime: 0.4
37169.0/37230.0 days/days; walltime: 0.4
37170.0/37230.0 days/days; walltime: 0.3
37171.0/37230.0 days/days; walltime: 0.4
37172.0/37230.0 days/days; walltime: 0.4
37173.0/37230.0 days/days; walltime: 0.3
37174.0/37230.0 days/days; walltime: 0.3
37175.0/37230.0 days/days; walltime: 0.3
37176.0/37230.0 days/days; walltime: 0.3
37177.0/37230.0 days/days; walltime: 0.3
37178.0/37230.0 days/days; walltime: 0.2
37179.0/37230.0 days/days; walltime: 0.3
37180.0/37230.0 days/days; walltime: 0.4
37181.0/37230.0 days/days; walltime: 0.3
37182.0/37230.0 days/days; walltime: 0.3
37183.0/37230.0 days/days; walltime: 0.1
37184.0/37230.0 days/days; walltime: 0.3
37185.0/37230.0 days/days; walltime: 0.3
37186.0/37230.0 days/days; walltime: 0.2
37187.0/37230.0 days/days; walltime: 0.2
37188.0/37230.0 days/days; walltime: 0.3
37189.0/37230.0 days/days; walltime: 0.3
37190.0/37230.0 days/days; walltime: 0.3
37191.0/37230.0 days/days; walltime: 0.2
37192.0/37230.0 days/days; walltime: 0.2
37193.0/37230.0 days/days; walltime: 0.3
37194.0/37230.0 days/days; walltime: 0.1
37195.0/37230.0 days/days; walltime: 0.2
37196.0/37230.0 days/days; walltime: 0.2
37197.0/37230.0 days/days; walltime: 0.2
37198.0/37230.0 days/days; walltime: 0.3
37199.0/37230.0 days/days; walltime: 0.3
37200.0/37230.0 days/days; walltime: 0.1
37201.0/37230.0 days/days; walltime: 0.3
37202.0/37230.0 days/days; walltime: 0.1
37203.0/37230.0 days/days; walltime: 0.3
37204.0/37230.0 days/days; walltime: 1.6
37205.0/37230.0 days/days; walltime: 0.1
37206.0/37230.0 days/days; walltime: 0.3
37207.0/37230.0 days/days; walltime: 0.1
37208.0/37230.0 days/days; walltime: 0.3
37209.0/37230.0 days/days; walltime: 0.3
37210.0/37230.0 days/days; walltime: 0.1
37211.0/37230.0 days/days; walltime: 0.3
37212.0/37230.0 days/days; walltime: 0.1
37213.0/37230.0 days/days; walltime: 0.2
37214.0/37230.0 days/days; walltime: 0.1
37215.0/37230.0 days/days; walltime: 0.4
37216.0/37230.0 days/days; walltime: 0.3
37217.0/37230.0 days/days; walltime: 0.2
37218.0/37230.0 days/days; walltime: 0.3
37219.0/37230.0 days/days; walltime: 0.1
37220.0/37230.0 days/days; walltime: 0.2
37221.0/37230.0 days/days; walltime: 0.1
37222.0/37230.0 days/days; walltime: 0.2
37223.0/37230.0 days/days; walltime: 0.3
37224.0/37230.0 days/days; walltime: 0.1
37225.0/37230.0 days/days; walltime: 0.2
37226.0/37230.0 days/days; walltime: 0.1
37227.0/37230.0 days/days; walltime: 0.3
37228.0/37230.0 days/days; walltime: 0.1
37229.0/37230.0 days/days; walltime: 0.3
37230.0/37230.0 days/days; walltime: 0.3
Wallclock for model run: 12153.7s
 

fields = 

  struct with fields:

    nodes: [1x1 struct]
    edges: [1x1 struct]
       BC: [1x1 struct]

No cases left; exiting.
