Case 1:
Picked up JAVA_TOOL_OPTIONS: -Xmx2g
Opening log file:  /tmp/java.log.23491

                            < M A T L A B (R) >
                  Copyright 1984-2022 The MathWorks, Inc.
                  R2022a (9.12.0.1884302) 64-bit (glnxa64)
                             February 16, 2022

 
To get started, type doc.
For product information, visit www.mathworks.com.
 

config = 

  struct with fields:

                 k_s: 0.0138
                 l_c: 10
            n_moulin: 68
    creep_const_soft: 0
             mesh_nr: 4
                 k_c: 0.1500
               h_bed: 0.5000
               l_bed: 10
               alpha: 1.2500
                beta: 1.5000
               omega: 0

Running model run (ode15s):
Run to steady
Saving model run to
./RUN/output_201_steady.nc
Fields, IC & BC initialised
Initial phi calculated in 6.0s
0.0/36500.0 days/days; walltime: 23.5
----------------------------------------------------------------------------------1825.0/36500.0 days/days; walltime: 214.9
--------------------3650.0/36500.0 days/days; walltime: 2.0
-----5475.0/36500.0 days/days; walltime: 0.5
--------------------------------------------------------------------------------7300.0/36500.0 days/days; walltime: 5.6
---------------------------------------------------------------------------------------------------------------------------------------------------------------------------------------------------------------------------------------------------------------9125.0/36500.0 days/days; walltime: 18.8
----------------------------------------------------------------------------------------------------------------------------------------------------------------------------------------------------------------------------------------------------------------------------------------------------------------------------------------------------------------------------------------------------------------------------------------------------------------------------------------------------------------------------------------------------------------------------------------------------------------------------------------------------------------------------------------------------------------------------------------------------------------------------------------------------------------------------------------------------------------------------------------------------------------------------------------------------------------------------------------------------------------------------------------------------------------------------------------------------------------------------------------------------------------------------------------------------------------------------------------------------------------------------------------------------------------------------------------------------------------------------------------------------------------------------------------------------------------------------------------------------------------------------------------------------------------------------------------------------------------------------------------------------------------------------------------------------------------------------------------------------------------------------------------------------------------------------------------------------------------------------------------------------------------------------------------------------------------------------------------------------------------------------------------------------------------------------------------------------------------------------------------------------------------------------------------------------------------------------------------------------------------------------------------------------------------------------------------------------------------------------------------------------------------------------------------------------------------------------------------------------------------------------------------------------------------------------------------------------------------------------------------------------------------------------------------------------------------------------------------------------------------------------------------------------------------------------------------------------------------------------------------------------------------------------------------------------------------------------------------------------------------------------------------------------------------------------------------------------------------------------------------------------------------------------------------------------------------------------------------------------------------------------------------------------------------------------------------------------------------------------------------------------------------------------------------------------------------------------------------------------------------------------------------------------------------------------------------------------------------------------------------------------------------------------------------------------------------------------------------------------------------------------------------------------------------------------------------------------------------------------------------------------------------------------------------------------------------------------------------------------------------------------------------------------------------------------------------------------------------------------------------------------------------------------------------------------------------------------------------------------------------------------------------------------------------------------------------------------------------------------------------------------------------------------------------------------------------------------------------------------------------------------------------------------------------------------------------------------------------------------------------------------------------------------------------------------------------------------------------------------------------------------------------------------------------------------------------------------------------------------------------------------------------------------------------------------------------------------------------------------------------------------------------------------------------------------------------------------------------------------------------------------------------------------------------------------------------------------------------------------------------------------------------------------------------------------------------------------------------------------------------------------------------------------------------------------------------------------------------------------------------------------------------------------------------------------------------------------------------------------------------------------------------------------------------------------------------------------------------------------------------------------------------------------------------------------------------------------------------------------------------------------------------------------------10950.0/36500.0 days/days; walltime: 408.0
---------------------------------------------------------------------------------------------------------------------------------------------------------------------------------------------------------------------------------------------------------------------------------------------------------------------------------------------------------------------------------------------------------------------------------------------------------------------------------------------------------------------------------------------------------------------------------------------------------------------------------------------------------------------------------------------------------------------------------------------------------------12775.0/36500.0 days/days; walltime: 650.0
---------------------------------------------------------------------------------------------------------------------------------------------14600.0/36500.0 days/days; walltime: 657.4
----------------------------------------------------------------------------------------------------16425.0/36500.0 days/days; walltime: 501.3
-------------------------------------------------------------------------------------------------------------------18250.0/36500.0 days/days; walltime: 189.2
---20075.0/36500.0 days/days; walltime: 128.4
--21900.0/36500.0 days/days; walltime: 26.0
23725.0/36500.0 days/days; walltime: 7.3
25550.0/36500.0 days/days; walltime: 6.3
27375.0/36500.0 days/days; walltime: 4.4
29200.0/36500.0 days/days; walltime: 3.5
31025.0/36500.0 days/days; walltime: 1.4
32850.0/36500.0 days/days; walltime: 2.9
34675.0/36500.0 days/days; walltime: 3.3
36500.0/36500.0 days/days; walltime: 3.9
Wallclock for model run: 2864.4s
 

fields = 

  struct with fields:

    nodes: [1x1 struct]
    edges: [1x1 struct]
       BC: [1x1 struct]

Running model run (ode15s):
Run seasonal
Saving model run to
./RUN/output_201_seasonal.nc
IC initialised from struct
IC initialised from file/given & rest from parameters and given functions
36500.0/37230.0 days/days; walltime: 17.5
36501.0/37230.0 days/days; walltime: 129.9
36502.0/37230.0 days/days; walltime: 5.2
36503.0/37230.0 days/days; walltime: 8.1
36504.0/37230.0 days/days; walltime: 5.9
36505.0/37230.0 days/days; walltime: 3.7
36506.0/37230.0 days/days; walltime: 4.9
36507.0/37230.0 days/days; walltime: 2.4
36508.0/37230.0 days/days; walltime: 4.6
36509.0/37230.0 days/days; walltime: 2.4
36510.0/37230.0 days/days; walltime: 1.6
36511.0/37230.0 days/days; walltime: 1.6
36512.0/37230.0 days/days; walltime: 1.8
36513.0/37230.0 days/days; walltime: 3.2
36514.0/37230.0 days/days; walltime: 0.9
36515.0/37230.0 days/days; walltime: 1.1
36516.0/37230.0 days/days; walltime: 1.0
36517.0/37230.0 days/days; walltime: 1.0
36518.0/37230.0 days/days; walltime: 3.4
36519.0/37230.0 days/days; walltime: 0.7
36520.0/37230.0 days/days; walltime: 0.7
36521.0/37230.0 days/days; walltime: 0.7
36522.0/37230.0 days/days; walltime: 0.6
36523.0/37230.0 days/days; walltime: 0.7
36524.0/37230.0 days/days; walltime: 0.6
36525.0/37230.0 days/days; walltime: 0.8
36526.0/37230.0 days/days; walltime: 0.6
36527.0/37230.0 days/days; walltime: 2.4
36528.0/37230.0 days/days; walltime: 0.7
36529.0/37230.0 days/days; walltime: 0.4
36530.0/37230.0 days/days; walltime: 0.4
36531.0/37230.0 days/days; walltime: 0.4
36532.0/37230.0 days/days; walltime: 0.6
36533.0/37230.0 days/days; walltime: 0.4
36534.0/37230.0 days/days; walltime: 0.4
36535.0/37230.0 days/days; walltime: 0.4
36536.0/37230.0 days/days; walltime: 0.4
36537.0/37230.0 days/days; walltime: 0.4
36538.0/37230.0 days/days; walltime: 0.2
36539.0/37230.0 days/days; walltime: 0.6
36540.0/37230.0 days/days; walltime: 0.6
36541.0/37230.0 days/days; walltime: 0.3
36542.0/37230.0 days/days; walltime: 0.4
36543.0/37230.0 days/days; walltime: 0.5
36544.0/37230.0 days/days; walltime: 0.5
36545.0/37230.0 days/days; walltime: 0.3
36546.0/37230.0 days/days; walltime: 2.2
36547.0/37230.0 days/days; walltime: 0.6
36548.0/37230.0 days/days; walltime: 0.4
36549.0/37230.0 days/days; walltime: 0.3
36550.0/37230.0 days/days; walltime: 0.3
36551.0/37230.0 days/days; walltime: 0.4
36552.0/37230.0 days/days; walltime: 0.3
36553.0/37230.0 days/days; walltime: 0.3
36554.0/37230.0 days/days; walltime: 0.3
36555.0/37230.0 days/days; walltime: 0.1
36556.0/37230.0 days/days; walltime: 0.4
36557.0/37230.0 days/days; walltime: 0.2
36558.0/37230.0 days/days; walltime: 0.4
36559.0/37230.0 days/days; walltime: 0.3
36560.0/37230.0 days/days; walltime: 0.2
36561.0/37230.0 days/days; walltime: 0.3
36562.0/37230.0 days/days; walltime: 0.3
36563.0/37230.0 days/days; walltime: 0.3
36564.0/37230.0 days/days; walltime: 0.2
36565.0/37230.0 days/days; walltime: 0.3
36566.0/37230.0 days/days; walltime: 0.2
36567.0/37230.0 days/days; walltime: 0.3
36568.0/37230.0 days/days; walltime: 0.2
36569.0/37230.0 days/days; walltime: 0.3
36570.0/37230.0 days/days; walltime: 0.2
36571.0/37230.0 days/days; walltime: 0.3
36572.0/37230.0 days/days; walltime: 0.2
36573.0/37230.0 days/days; walltime: 0.4
36574.0/37230.0 days/days; walltime: 0.1
36575.0/37230.0 days/days; walltime: 0.3
36576.0/37230.0 days/days; walltime: 0.2
36577.0/37230.0 days/days; walltime: 0.3
36578.0/37230.0 days/days; walltime: 0.1
36579.0/37230.0 days/days; walltime: 0.2
36580.0/37230.0 days/days; walltime: 0.3
36581.0/37230.0 days/days; walltime: 0.2
36582.0/37230.0 days/days; walltime: 0.2
36583.0/37230.0 days/days; walltime: 0.2
36584.0/37230.0 days/days; walltime: 0.1
36585.0/37230.0 days/days; walltime: 0.3
36586.0/37230.0 days/days; walltime: 0.2
36587.0/37230.0 days/days; walltime: 0.2
36588.0/37230.0 days/days; walltime: 0.2
36589.0/37230.0 days/days; walltime: 0.1
36590.0/37230.0 days/days; walltime: 2.1
36591.0/37230.0 days/days; walltime: 0.1
36592.0/37230.0 days/days; walltime: 0.3
36593.0/37230.0 days/days; walltime: 0.1
36594.0/37230.0 days/days; walltime: 0.1
36595.0/37230.0 days/days; walltime: 0.3
36596.0/37230.0 days/days; walltime: 0.1
36597.0/37230.0 days/days; walltime: 0.1
36598.0/37230.0 days/days; walltime: 0.3
36599.0/37230.0 days/days; walltime: 0.1
36600.0/37230.0 days/days; walltime: 0.1
36601.0/37230.0 days/days; walltime: 0.3
36602.0/37230.0 days/days; walltime: 0.1
36603.0/37230.0 days/days; walltime: 0.1
36604.0/37230.0 days/days; walltime: 0.1
36605.0/37230.0 days/days; walltime: 0.3
36606.0/37230.0 days/days; walltime: 0.1
36607.0/37230.0 days/days; walltime: 0.1
36608.0/37230.0 days/days; walltime: 0.2
36609.0/37230.0 days/days; walltime: 0.1
36610.0/37230.0 days/days; walltime: 0.1
36611.0/37230.0 days/days; walltime: 0.1
36612.0/37230.0 days/days; walltime: 0.3
36613.0/37230.0 days/days; walltime: 0.1
36614.0/37230.0 days/days; walltime: 0.1
-36615.0/37230.0 days/days; walltime: 2.4
36616.0/37230.0 days/days; walltime: 4.5
36617.0/37230.0 days/days; walltime: 2.8
36618.0/37230.0 days/days; walltime: 5.7
36619.0/37230.0 days/days; walltime: 6.3
36620.0/37230.0 days/days; walltime: 10.0
36621.0/37230.0 days/days; walltime: 16.6
36622.0/37230.0 days/days; walltime: 18.4
36623.0/37230.0 days/days; walltime: 33.9
36624.0/37230.0 days/days; walltime: 31.1
36625.0/37230.0 days/days; walltime: 29.4
36626.0/37230.0 days/days; walltime: 46.3
36627.0/37230.0 days/days; walltime: 35.8
36628.0/37230.0 days/days; walltime: 44.2
36629.0/37230.0 days/days; walltime: 40.2
36630.0/37230.0 days/days; walltime: 54.3
36631.0/37230.0 days/days; walltime: 54.5
36632.0/37230.0 days/days; walltime: 50.1
36633.0/37230.0 days/days; walltime: 53.8
36634.0/37230.0 days/days; walltime: 56.2
36635.0/37230.0 days/days; walltime: 52.0
36636.0/37230.0 days/days; walltime: 49.2
36637.0/37230.0 days/days; walltime: 51.0
36638.0/37230.0 days/days; walltime: 46.4
36639.0/37230.0 days/days; walltime: 44.2
36640.0/37230.0 days/days; walltime: 57.5
36641.0/37230.0 days/days; walltime: 53.9
36642.0/37230.0 days/days; walltime: 46.8
36643.0/37230.0 days/days; walltime: 42.7
36644.0/37230.0 days/days; walltime: 45.4
36645.0/37230.0 days/days; walltime: 59.7
36646.0/37230.0 days/days; walltime: 50.9
36647.0/37230.0 days/days; walltime: 41.9
36648.0/37230.0 days/days; walltime: 36.8
36649.0/37230.0 days/days; walltime: 64.1
36650.0/37230.0 days/days; walltime: 85.4
36651.0/37230.0 days/days; walltime: 36.4
36652.0/37230.0 days/days; walltime: 15.3
36653.0/37230.0 days/days; walltime: 13.8
36654.0/37230.0 days/days; walltime: 35.4
36655.0/37230.0 days/days; walltime: 23.9
36656.0/37230.0 days/days; walltime: 41.7
36657.0/37230.0 days/days; walltime: 13.0
36658.0/37230.0 days/days; walltime: 21.9
36659.0/37230.0 days/days; walltime: 14.5
36660.0/37230.0 days/days; walltime: 14.5
36661.0/37230.0 days/days; walltime: 8.5
36662.0/37230.0 days/days; walltime: 8.7
36663.0/37230.0 days/days; walltime: 9.9
36664.0/37230.0 days/days; walltime: 7.5
36665.0/37230.0 days/days; walltime: 5.6
36666.0/37230.0 days/days; walltime: 20.6
--36667.0/37230.0 days/days; walltime: 20.9
36668.0/37230.0 days/days; walltime: 28.0
36669.0/37230.0 days/days; walltime: 21.4
36670.0/37230.0 days/days; walltime: 29.8
--36671.0/37230.0 days/days; walltime: 26.9
36672.0/37230.0 days/days; walltime: 11.1
36673.0/37230.0 days/days; walltime: 24.9
36674.0/37230.0 days/days; walltime: 41.5
36675.0/37230.0 days/days; walltime: 10.4
--36676.0/37230.0 days/days; walltime: 11.8
36677.0/37230.0 days/days; walltime: 26.4
36678.0/37230.0 days/days; walltime: 15.7
36679.0/37230.0 days/days; walltime: 16.1
36680.0/37230.0 days/days; walltime: 20.9
36681.0/37230.0 days/days; walltime: 8.7
--36682.0/37230.0 days/days; walltime: 33.8
36683.0/37230.0 days/days; walltime: 22.3
36684.0/37230.0 days/days; walltime: 26.8
36685.0/37230.0 days/days; walltime: 6.4
--36686.0/37230.0 days/days; walltime: 43.3
----36687.0/37230.0 days/days; walltime: 23.4
--36688.0/37230.0 days/days; walltime: 26.7
----36689.0/37230.0 days/days; walltime: 21.1
--36690.0/37230.0 days/days; walltime: 31.8
--36691.0/37230.0 days/days; walltime: 20.2
36692.0/37230.0 days/days; walltime: 22.4
--36693.0/37230.0 days/days; walltime: 87.0
36694.0/37230.0 days/days; walltime: 12.7
36695.0/37230.0 days/days; walltime: 14.0
--36696.0/37230.0 days/days; walltime: 12.5
36697.0/37230.0 days/days; walltime: 27.4
--36698.0/37230.0 days/days; walltime: 20.8
36699.0/37230.0 days/days; walltime: 13.8
36700.0/37230.0 days/days; walltime: 14.1
36701.0/37230.0 days/days; walltime: 20.4
--36702.0/37230.0 days/days; walltime: 67.1
36703.0/37230.0 days/days; walltime: 5.6
36704.0/37230.0 days/days; walltime: 10.8
36705.0/37230.0 days/days; walltime: 35.0
36706.0/37230.0 days/days; walltime: 9.7
36707.0/37230.0 days/days; walltime: 8.6
36708.0/37230.0 days/days; walltime: 19.8
36709.0/37230.0 days/days; walltime: 26.3
36710.0/37230.0 days/days; walltime: 9.8
36711.0/37230.0 days/days; walltime: 22.3
36712.0/37230.0 days/days; walltime: 10.8
36713.0/37230.0 days/days; walltime: 5.8
36714.0/37230.0 days/days; walltime: 11.7
36715.0/37230.0 days/days; walltime: 15.6
36716.0/37230.0 days/days; walltime: 15.1
36717.0/37230.0 days/days; walltime: 16.8
36718.0/37230.0 days/days; walltime: 16.6
36719.0/37230.0 days/days; walltime: 13.5
36720.0/37230.0 days/days; walltime: 7.9
36721.0/37230.0 days/days; walltime: 13.8
36722.0/37230.0 days/days; walltime: 13.0
36723.0/37230.0 days/days; walltime: 12.7
36724.0/37230.0 days/days; walltime: 24.2
36725.0/37230.0 days/days; walltime: 15.8
36726.0/37230.0 days/days; walltime: 14.7
36727.0/37230.0 days/days; walltime: 13.9
36728.0/37230.0 days/days; walltime: 21.7
36729.0/37230.0 days/days; walltime: 7.2
36730.0/37230.0 days/days; walltime: 24.2
36731.0/37230.0 days/days; walltime: 16.0
36732.0/37230.0 days/days; walltime: 8.1
36733.0/37230.0 days/days; walltime: 16.8
36734.0/37230.0 days/days; walltime: 15.5
36735.0/37230.0 days/days; walltime: 8.1
36736.0/37230.0 days/days; walltime: 11.3
36737.0/37230.0 days/days; walltime: 15.5
36738.0/37230.0 days/days; walltime: 31.6
36739.0/37230.0 days/days; walltime: 20.2
36740.0/37230.0 days/days; walltime: 20.4
36741.0/37230.0 days/days; walltime: 11.9
36742.0/37230.0 days/days; walltime: 14.5
36743.0/37230.0 days/days; walltime: 11.1
36744.0/37230.0 days/days; walltime: 8.4
36745.0/37230.0 days/days; walltime: 6.8
36746.0/37230.0 days/days; walltime: 7.6
36747.0/37230.0 days/days; walltime: 7.1
36748.0/37230.0 days/days; walltime: 4.7
36749.0/37230.0 days/days; walltime: 6.6
36750.0/37230.0 days/days; walltime: 2.8
36751.0/37230.0 days/days; walltime: 0.8
36752.0/37230.0 days/days; walltime: 0.6
36753.0/37230.0 days/days; walltime: 0.4
36754.0/37230.0 days/days; walltime: 0.4
36755.0/37230.0 days/days; walltime: 0.4
36756.0/37230.0 days/days; walltime: 0.4
36757.0/37230.0 days/days; walltime: 0.3
36758.0/37230.0 days/days; walltime: 0.4
36759.0/37230.0 days/days; walltime: 0.3
36760.0/37230.0 days/days; walltime: 0.4
36761.0/37230.0 days/days; walltime: 0.2
36762.0/37230.0 days/days; walltime: 0.3
36763.0/37230.0 days/days; walltime: 0.4
36764.0/37230.0 days/days; walltime: 0.2
36765.0/37230.0 days/days; walltime: 0.4
36766.0/37230.0 days/days; walltime: 0.4
36767.0/37230.0 days/days; walltime: 0.2
36768.0/37230.0 days/days; walltime: 2.8
36769.0/37230.0 days/days; walltime: 0.4
36770.0/37230.0 days/days; walltime: 0.3
36771.0/37230.0 days/days; walltime: 0.3
36772.0/37230.0 days/days; walltime: 0.2
36773.0/37230.0 days/days; walltime: 0.5
36774.0/37230.0 days/days; walltime: 0.3
36775.0/37230.0 days/days; walltime: 2.3
36776.0/37230.0 days/days; walltime: 2.3
36777.0/37230.0 days/days; walltime: 0.2
36778.0/37230.0 days/days; walltime: 0.2
36779.0/37230.0 days/days; walltime: 0.2
36780.0/37230.0 days/days; walltime: 0.3
36781.0/37230.0 days/days; walltime: 0.1
36782.0/37230.0 days/days; walltime: 0.3
36783.0/37230.0 days/days; walltime: 0.1
36784.0/37230.0 days/days; walltime: 0.3
36785.0/37230.0 days/days; walltime: 0.1
36786.0/37230.0 days/days; walltime: 0.3
36787.0/37230.0 days/days; walltime: 0.1
36788.0/37230.0 days/days; walltime: 0.3
36789.0/37230.0 days/days; walltime: 0.1
36790.0/37230.0 days/days; walltime: 0.3
36791.0/37230.0 days/days; walltime: 0.1
36792.0/37230.0 days/days; walltime: 0.3
36793.0/37230.0 days/days; walltime: 0.1
36794.0/37230.0 days/days; walltime: 0.3
36795.0/37230.0 days/days; walltime: 0.1
36796.0/37230.0 days/days; walltime: 0.3
36797.0/37230.0 days/days; walltime: 0.1
36798.0/37230.0 days/days; walltime: 0.1
36799.0/37230.0 days/days; walltime: 0.3
36800.0/37230.0 days/days; walltime: 0.1
36801.0/37230.0 days/days; walltime: 0.3
36802.0/37230.0 days/days; walltime: 0.1
36803.0/37230.0 days/days; walltime: 0.1
36804.0/37230.0 days/days; walltime: 0.3
36805.0/37230.0 days/days; walltime: 0.1
36806.0/37230.0 days/days; walltime: 0.2
36807.0/37230.0 days/days; walltime: 0.1
36808.0/37230.0 days/days; walltime: 0.1
36809.0/37230.0 days/days; walltime: 0.3
36810.0/37230.0 days/days; walltime: 0.1
36811.0/37230.0 days/days; walltime: 0.3
36812.0/37230.0 days/days; walltime: 0.1
36813.0/37230.0 days/days; walltime: 0.3
36814.0/37230.0 days/days; walltime: 0.5
36815.0/37230.0 days/days; walltime: 0.1
36816.0/37230.0 days/days; walltime: 0.1
36817.0/37230.0 days/days; walltime: 0.3
36818.0/37230.0 days/days; walltime: 0.1
36819.0/37230.0 days/days; walltime: 0.1
36820.0/37230.0 days/days; walltime: 0.2
36821.0/37230.0 days/days; walltime: 0.1
36822.0/37230.0 days/days; walltime: 0.1
36823.0/37230.0 days/days; walltime: 0.2
36824.0/37230.0 days/days; walltime: 0.1
36825.0/37230.0 days/days; walltime: 0.1
36826.0/37230.0 days/days; walltime: 0.2
36827.0/37230.0 days/days; walltime: 0.1
36828.0/37230.0 days/days; walltime: 0.1
36829.0/37230.0 days/days; walltime: 0.2
36830.0/37230.0 days/days; walltime: 0.1
36831.0/37230.0 days/days; walltime: 0.1
36832.0/37230.0 days/days; walltime: 0.1
36833.0/37230.0 days/days; walltime: 0.2
36834.0/37230.0 days/days; walltime: 0.1
36835.0/37230.0 days/days; walltime: 0.1
36836.0/37230.0 days/days; walltime: 0.2
36837.0/37230.0 days/days; walltime: 0.1
36838.0/37230.0 days/days; walltime: 0.1
36839.0/37230.0 days/days; walltime: 0.1
36840.0/37230.0 days/days; walltime: 0.2
36841.0/37230.0 days/days; walltime: 0.1
36842.0/37230.0 days/days; walltime: 0.1
36843.0/37230.0 days/days; walltime: 0.1
36844.0/37230.0 days/days; walltime: 0.2
36845.0/37230.0 days/days; walltime: 0.1
36846.0/37230.0 days/days; walltime: 0.1
36847.0/37230.0 days/days; walltime: 0.1
36848.0/37230.0 days/days; walltime: 0.2
36849.0/37230.0 days/days; walltime: 0.1
36850.0/37230.0 days/days; walltime: 0.1
36851.0/37230.0 days/days; walltime: 0.1
36852.0/37230.0 days/days; walltime: 0.2
36853.0/37230.0 days/days; walltime: 0.1
36854.0/37230.0 days/days; walltime: 0.1
36855.0/37230.0 days/days; walltime: 0.1
36856.0/37230.0 days/days; walltime: 2.1
36857.0/37230.0 days/days; walltime: 0.1
36858.0/37230.0 days/days; walltime: 0.1
36859.0/37230.0 days/days; walltime: 0.1
36861.0/37230.0 days/days; walltime: 0.2
36862.0/37230.0 days/days; walltime: 0.1
36863.0/37230.0 days/days; walltime: 0.1
36864.0/37230.0 days/days; walltime: 0.1
36865.0/37230.0 days/days; walltime: 0.2
36866.0/37230.0 days/days; walltime: 0.1
36867.0/37230.0 days/days; walltime: 0.1
36869.0/37230.0 days/days; walltime: 0.1
36870.0/37230.0 days/days; walltime: 0.2
36871.0/37230.0 days/days; walltime: 0.1
36872.0/37230.0 days/days; walltime: 0.1
36873.0/37230.0 days/days; walltime: 0.1
36874.0/37230.0 days/days; walltime: 0.2
36876.0/37230.0 days/days; walltime: 0.1
36877.0/37230.0 days/days; walltime: 0.1
36878.0/37230.0 days/days; walltime: 0.1
36879.0/37230.0 days/days; walltime: 0.2
36880.0/37230.0 days/days; walltime: 0.1
36881.0/37230.0 days/days; walltime: 0.1
36882.0/37230.0 days/days; walltime: 0.1
-36884.0/37230.0 days/days; walltime: 0.2
36885.0/37230.0 days/days; walltime: 0.1
36886.0/37230.0 days/days; walltime: 0.1
36887.0/37230.0 days/days; walltime: 0.1
36888.0/37230.0 days/days; walltime: 0.2
36889.0/37230.0 days/days; walltime: 0.1
36891.0/37230.0 days/days; walltime: 0.1
36892.0/37230.0 days/days; walltime: 0.1
36893.0/37230.0 days/days; walltime: 0.2
36894.0/37230.0 days/days; walltime: 0.1
36895.0/37230.0 days/days; walltime: 0.1
36897.0/37230.0 days/days; walltime: 0.1
36898.0/37230.0 days/days; walltime: 0.2
36899.0/37230.0 days/days; walltime: 0.1
36900.0/37230.0 days/days; walltime: 0.1
36902.0/37230.0 days/days; walltime: 0.1
36903.0/37230.0 days/days; walltime: 0.2
36904.0/37230.0 days/days; walltime: 0.1
36905.0/37230.0 days/days; walltime: 0.1
36907.0/37230.0 days/days; walltime: 0.1
36908.0/37230.0 days/days; walltime: 0.2
36909.0/37230.0 days/days; walltime: 0.1
36910.0/37230.0 days/days; walltime: 0.1
36912.0/37230.0 days/days; walltime: 0.1
36913.0/37230.0 days/days; walltime: 0.2
36914.0/37230.0 days/days; walltime: 0.1
36916.0/37230.0 days/days; walltime: 0.1
36917.0/37230.0 days/days; walltime: 0.1
36918.0/37230.0 days/days; walltime: 0.2
36920.0/37230.0 days/days; walltime: 0.1
-36921.0/37230.0 days/days; walltime: 0.1
-36922.0/37230.0 days/days; walltime: 0.1
36924.0/37230.0 days/days; walltime: 0.2
36925.0/37230.0 days/days; walltime: 0.1
36927.0/37230.0 days/days; walltime: 0.1
36928.0/37230.0 days/days; walltime: 0.1
36929.0/37230.0 days/days; walltime: 0.2
36931.0/37230.0 days/days; walltime: 0.1
36932.0/37230.0 days/days; walltime: 0.1
36934.0/37230.0 days/days; walltime: 0.1
36935.0/37230.0 days/days; walltime: 0.2
36936.0/37230.0 days/days; walltime: 0.1
36938.0/37230.0 days/days; walltime: 0.1
36939.0/37230.0 days/days; walltime: 0.1
36941.0/37230.0 days/days; walltime: 0.2
36942.0/37230.0 days/days; walltime: 0.1
36944.0/37230.0 days/days; walltime: 0.1
36945.0/37230.0 days/days; walltime: 0.1
36947.0/37230.0 days/days; walltime: 0.2
36948.0/37230.0 days/days; walltime: 0.1
36950.0/37230.0 days/days; walltime: 0.1
36951.0/37230.0 days/days; walltime: 0.1
36953.0/37230.0 days/days; walltime: 0.2
36955.0/37230.0 days/days; walltime: 0.1
36956.0/37230.0 days/days; walltime: 0.1
36958.0/37230.0 days/days; walltime: 0.1
36959.0/37230.0 days/days; walltime: 0.2
36961.0/37230.0 days/days; walltime: 0.1
36962.0/37230.0 days/days; walltime: 0.1
36964.0/37230.0 days/days; walltime: 0.1
36966.0/37230.0 days/days; walltime: 0.2
36967.0/37230.0 days/days; walltime: 0.1
36969.0/37230.0 days/days; walltime: 0.1
36971.0/37230.0 days/days; walltime: 0.1
36972.0/37230.0 days/days; walltime: 0.2
36974.0/37230.0 days/days; walltime: 0.1
36976.0/37230.0 days/days; walltime: 0.1
36977.0/37230.0 days/days; walltime: 0.1
-36979.0/37230.0 days/days; walltime: 0.5
--36981.0/37230.0 days/days; walltime: 6.6
36982.0/37230.0 days/days; walltime: 4.8
36983.0/37230.0 days/days; walltime: 5.4
36984.0/37230.0 days/days; walltime: 8.4
36985.0/37230.0 days/days; walltime: 11.7
36986.0/37230.0 days/days; walltime: 12.6
36987.0/37230.0 days/days; walltime: 20.8
36988.0/37230.0 days/days; walltime: 30.6
36989.0/37230.0 days/days; walltime: 31.7
36990.0/37230.0 days/days; walltime: 36.9
36991.0/37230.0 days/days; walltime: 49.5
36992.0/37230.0 days/days; walltime: 38.0
36993.0/37230.0 days/days; walltime: 50.4
36994.0/37230.0 days/days; walltime: 39.5
36995.0/37230.0 days/days; walltime: 49.6
36996.0/37230.0 days/days; walltime: 63.9
36997.0/37230.0 days/days; walltime: 47.8
36998.0/37230.0 days/days; walltime: 60.7
36999.0/37230.0 days/days; walltime: 48.8
37000.0/37230.0 days/days; walltime: 50.5
37001.0/37230.0 days/days; walltime: 50.5
37002.0/37230.0 days/days; walltime: 63.2
37003.0/37230.0 days/days; walltime: 43.5
37004.0/37230.0 days/days; walltime: 43.1
37005.0/37230.0 days/days; walltime: 54.8
37006.0/37230.0 days/days; walltime: 46.2
37007.0/37230.0 days/days; walltime: 54.9
37008.0/37230.0 days/days; walltime: 39.5
37009.0/37230.0 days/days; walltime: 43.0
37010.0/37230.0 days/days; walltime: 61.1
37011.0/37230.0 days/days; walltime: 46.4
37012.0/37230.0 days/days; walltime: 39.8
-37013.0/37230.0 days/days; walltime: 37.3
37014.0/37230.0 days/days; walltime: 45.5
37015.0/37230.0 days/days; walltime: 51.3
37016.0/37230.0 days/days; walltime: 74.6
37017.0/37230.0 days/days; walltime: 16.0
37018.0/37230.0 days/days; walltime: 28.6
37019.0/37230.0 days/days; walltime: 19.7
37020.0/37230.0 days/days; walltime: 18.8
37021.0/37230.0 days/days; walltime: 38.2
37022.0/37230.0 days/days; walltime: 12.8
37023.0/37230.0 days/days; walltime: 14.3
37024.0/37230.0 days/days; walltime: 11.9
37025.0/37230.0 days/days; walltime: 19.1
37026.0/37230.0 days/days; walltime: 11.5
37027.0/37230.0 days/days; walltime: 9.4
37028.0/37230.0 days/days; walltime: 9.8
37029.0/37230.0 days/days; walltime: 6.2
37030.0/37230.0 days/days; walltime: 11.8
37031.0/37230.0 days/days; walltime: 26.3
37032.0/37230.0 days/days; walltime: 13.9
37033.0/37230.0 days/days; walltime: 33.3
37034.0/37230.0 days/days; walltime: 13.7
37035.0/37230.0 days/days; walltime: 43.4
37036.0/37230.0 days/days; walltime: 38.7
37037.0/37230.0 days/days; walltime: 15.8
37038.0/37230.0 days/days; walltime: 18.3
37039.0/37230.0 days/days; walltime: 45.3
--37040.0/37230.0 days/days; walltime: 10.2
--37041.0/37230.0 days/days; walltime: 14.6
37042.0/37230.0 days/days; walltime: 26.9
37043.0/37230.0 days/days; walltime: 26.3
37044.0/37230.0 days/days; walltime: 11.6
37045.0/37230.0 days/days; walltime: 18.4
--37046.0/37230.0 days/days; walltime: 13.5
37047.0/37230.0 days/days; walltime: 31.8
37048.0/37230.0 days/days; walltime: 22.5
37049.0/37230.0 days/days; walltime: 23.9
37050.0/37230.0 days/days; walltime: 7.6
--37051.0/37230.0 days/days; walltime: 36.2
--37052.0/37230.0 days/days; walltime: 28.2
--37053.0/37230.0 days/days; walltime: 22.6
--37054.0/37230.0 days/days; walltime: 41.6
--37055.0/37230.0 days/days; walltime: 14.2
--37056.0/37230.0 days/days; walltime: 12.7
37057.0/37230.0 days/days; walltime: 25.4
37058.0/37230.0 days/days; walltime: 21.0
37059.0/37230.0 days/days; walltime: 15.1
37060.0/37230.0 days/days; walltime: 18.4
--37061.0/37230.0 days/days; walltime: 28.4
37062.0/37230.0 days/days; walltime: 23.4
--37063.0/37230.0 days/days; walltime: 24.0
37064.0/37230.0 days/days; walltime: 8.6
37065.0/37230.0 days/days; walltime: 13.7
37066.0/37230.0 days/days; walltime: 14.5
--37067.0/37230.0 days/days; walltime: 12.6
37068.0/37230.0 days/days; walltime: 4.6
37069.0/37230.0 days/days; walltime: 11.0
37070.0/37230.0 days/days; walltime: 29.0
37071.0/37230.0 days/days; walltime: 23.3
37072.0/37230.0 days/days; walltime: 7.1
37073.0/37230.0 days/days; walltime: 25.7
37074.0/37230.0 days/days; walltime: 15.7
37075.0/37230.0 days/days; walltime: 39.0
37076.0/37230.0 days/days; walltime: 29.2
37077.0/37230.0 days/days; walltime: 7.3
37078.0/37230.0 days/days; walltime: 8.0
37079.0/37230.0 days/days; walltime: 8.3
37080.0/37230.0 days/days; walltime: 6.3
37081.0/37230.0 days/days; walltime: 22.7
37082.0/37230.0 days/days; walltime: 15.8
37083.0/37230.0 days/days; walltime: 28.2
37084.0/37230.0 days/days; walltime: 29.4
37085.0/37230.0 days/days; walltime: 11.6
37086.0/37230.0 days/days; walltime: 17.7
37087.0/37230.0 days/days; walltime: 9.4
37088.0/37230.0 days/days; walltime: 8.2
37089.0/37230.0 days/days; walltime: 18.0
37090.0/37230.0 days/days; walltime: 22.5
37091.0/37230.0 days/days; walltime: 9.5
37092.0/37230.0 days/days; walltime: 8.4
37093.0/37230.0 days/days; walltime: 20.1
37094.0/37230.0 days/days; walltime: 6.3
37095.0/37230.0 days/days; walltime: 19.7
37096.0/37230.0 days/days; walltime: 24.6
37097.0/37230.0 days/days; walltime: 8.1
37098.0/37230.0 days/days; walltime: 18.2
37099.0/37230.0 days/days; walltime: 14.8
37100.0/37230.0 days/days; walltime: 11.9
37101.0/37230.0 days/days; walltime: 8.9
37102.0/37230.0 days/days; walltime: 20.3
37103.0/37230.0 days/days; walltime: 24.3
37104.0/37230.0 days/days; walltime: 21.6
37105.0/37230.0 days/days; walltime: 16.9
37106.0/37230.0 days/days; walltime: 11.4
37107.0/37230.0 days/days; walltime: 17.9
37108.0/37230.0 days/days; walltime: 9.6
37109.0/37230.0 days/days; walltime: 7.0
37110.0/37230.0 days/days; walltime: 9.5
37111.0/37230.0 days/days; walltime: 8.2
37112.0/37230.0 days/days; walltime: 6.8
37113.0/37230.0 days/days; walltime: 4.8
37114.0/37230.0 days/days; walltime: 6.7
37115.0/37230.0 days/days; walltime: 2.7
37116.0/37230.0 days/days; walltime: 0.9
37117.0/37230.0 days/days; walltime: 0.6
37118.0/37230.0 days/days; walltime: 0.6
37119.0/37230.0 days/days; walltime: 0.4
37120.0/37230.0 days/days; walltime: 0.5
37121.0/37230.0 days/days; walltime: 0.5
37122.0/37230.0 days/days; walltime: 0.3
37123.0/37230.0 days/days; walltime: 0.5
37124.0/37230.0 days/days; walltime: 0.4
37125.0/37230.0 days/days; walltime: 0.3
37126.0/37230.0 days/days; walltime: 0.3
37127.0/37230.0 days/days; walltime: 0.3
37128.0/37230.0 days/days; walltime: 0.4
37129.0/37230.0 days/days; walltime: 0.3
37130.0/37230.0 days/days; walltime: 2.1
37131.0/37230.0 days/days; walltime: 0.4
37132.0/37230.0 days/days; walltime: 0.1
37133.0/37230.0 days/days; walltime: 0.3
37134.0/37230.0 days/days; walltime: 0.1
37135.0/37230.0 days/days; walltime: 0.3
37136.0/37230.0 days/days; walltime: 0.1
37137.0/37230.0 days/days; walltime: 0.3
37138.0/37230.0 days/days; walltime: 0.1
37139.0/37230.0 days/days; walltime: 0.3
37140.0/37230.0 days/days; walltime: 0.1
37141.0/37230.0 days/days; walltime: 0.3
37142.0/37230.0 days/days; walltime: 0.1
37143.0/37230.0 days/days; walltime: 0.3
37144.0/37230.0 days/days; walltime: 0.1
37145.0/37230.0 days/days; walltime: 0.3
37146.0/37230.0 days/days; walltime: 0.1
37147.0/37230.0 days/days; walltime: 0.2
37148.0/37230.0 days/days; walltime: 0.1
37149.0/37230.0 days/days; walltime: 0.3
37150.0/37230.0 days/days; walltime: 0.1
37151.0/37230.0 days/days; walltime: 0.3
37152.0/37230.0 days/days; walltime: 0.1
37153.0/37230.0 days/days; walltime: 0.1
37154.0/37230.0 days/days; walltime: 0.3
37155.0/37230.0 days/days; walltime: 0.1
37156.0/37230.0 days/days; walltime: 0.2
37157.0/37230.0 days/days; walltime: 0.1
37158.0/37230.0 days/days; walltime: 0.3
37159.0/37230.0 days/days; walltime: 0.1
37160.0/37230.0 days/days; walltime: 0.1
37161.0/37230.0 days/days; walltime: 0.2
37162.0/37230.0 days/days; walltime: 0.1
37163.0/37230.0 days/days; walltime: 0.3
37164.0/37230.0 days/days; walltime: 0.1
37165.0/37230.0 days/days; walltime: 0.1
37166.0/37230.0 days/days; walltime: 0.2
37167.0/37230.0 days/days; walltime: 0.1
37168.0/37230.0 days/days; walltime: 0.1
37169.0/37230.0 days/days; walltime: 0.3
37170.0/37230.0 days/days; walltime: 0.1
37171.0/37230.0 days/days; walltime: 0.1
37172.0/37230.0 days/days; walltime: 0.3
37173.0/37230.0 days/days; walltime: 0.1
37174.0/37230.0 days/days; walltime: 0.3
37175.0/37230.0 days/days; walltime: 0.1
37176.0/37230.0 days/days; walltime: 0.1
37177.0/37230.0 days/days; walltime: 0.3
37178.0/37230.0 days/days; walltime: 0.1
37179.0/37230.0 days/days; walltime: 0.1
37180.0/37230.0 days/days; walltime: 0.3
37181.0/37230.0 days/days; walltime: 0.1
37182.0/37230.0 days/days; walltime: 0.1
37183.0/37230.0 days/days; walltime: 1.9
37184.0/37230.0 days/days; walltime: 0.3
37185.0/37230.0 days/days; walltime: 0.1
37186.0/37230.0 days/days; walltime: 0.1
37187.0/37230.0 days/days; walltime: 0.2
37188.0/37230.0 days/days; walltime: 0.1
37189.0/37230.0 days/days; walltime: 0.1
37190.0/37230.0 days/days; walltime: 0.2
37191.0/37230.0 days/days; walltime: 0.1
37192.0/37230.0 days/days; walltime: 0.1
37193.0/37230.0 days/days; walltime: 0.1
37194.0/37230.0 days/days; walltime: 0.2
37195.0/37230.0 days/days; walltime: 0.1
37196.0/37230.0 days/days; walltime: 0.1
37197.0/37230.0 days/days; walltime: 0.2
37198.0/37230.0 days/days; walltime: 0.1
37199.0/37230.0 days/days; walltime: 0.1
37200.0/37230.0 days/days; walltime: 0.1
37201.0/37230.0 days/days; walltime: 0.2
37202.0/37230.0 days/days; walltime: 0.1
37203.0/37230.0 days/days; walltime: 0.1
37204.0/37230.0 days/days; walltime: 0.1
37205.0/37230.0 days/days; walltime: 0.2
37206.0/37230.0 days/days; walltime: 0.1
-37207.0/37230.0 days/days; walltime: 0.1
37208.0/37230.0 days/days; walltime: 0.1
37209.0/37230.0 days/days; walltime: 0.2
37210.0/37230.0 days/days; walltime: 0.1
37212.0/37230.0 days/days; walltime: 0.1
37213.0/37230.0 days/days; walltime: 0.1
37214.0/37230.0 days/days; walltime: 0.2
37215.0/37230.0 days/days; walltime: 0.1
37216.0/37230.0 days/days; walltime: 0.1
37217.0/37230.0 days/days; walltime: 0.1
37218.0/37230.0 days/days; walltime: 0.3
37219.0/37230.0 days/days; walltime: 0.1
37220.0/37230.0 days/days; walltime: 0.1
37222.0/37230.0 days/days; walltime: 0.1
37223.0/37230.0 days/days; walltime: 0.1
37224.0/37230.0 days/days; walltime: 0.1
37225.0/37230.0 days/days; walltime: 0.2
37226.0/37230.0 days/days; walltime: 0.1
37227.0/37230.0 days/days; walltime: 0.1
37229.0/37230.0 days/days; walltime: 0.1
37230.0/37230.0 days/days; walltime: 0.2
Wallclock for model run: 6795.9s
 

fields = 

  struct with fields:

    nodes: [1x1 struct]
    edges: [1x1 struct]
       BC: [1x1 struct]

No cases left; exiting.
