Case 2:
Picked up JAVA_TOOL_OPTIONS: -Xmx2g
Opening log file:  /tmp/java.log.19037

                            < M A T L A B (R) >
                  Copyright 1984-2022 The MathWorks, Inc.
                  R2022a (9.12.0.1884302) 64-bit (glnxa64)
                             February 16, 2022

 
To get started, type doc.
For product information, visit www.mathworks.com.
 

config = 

  struct with fields:

                 k_s: 0.0299
                 l_c: 10
            n_moulin: 68
    creep_const_soft: 0
             mesh_nr: 4
                 k_c: 0.1500
               h_bed: 0.5000
               l_bed: 10
               alpha: 1.5000
                beta: 1.5000
               omega: 0

Running model run (ode15s):
Run to steady
Saving model run to
./RUN/output_202_steady.nc
Fields, IC & BC initialised
Initial phi calculated in 3.6s
0.0/36500.0 days/days; walltime: 42.6
-------------------------------------------------------------------------------------------------------------------------------------------------------------------------------------------------------------------------------------------------------------------------------------------------------------------------------------------------------------------------------------------------------------------------------------------------------------------------------------------------------------------------------------------------------------------------------------------------------------------------------------------------------------------------------------------------------------------------------------------------------------------------------------------------------------------------------------------------------------------------------------------------------------------------------------------------------------------------------------------------------------------------------------------------------------------------------------------------------------------------------------------------------------------------------------------------------------------------------------------------------------------------------------------------------------------------------------------------------------------------------------------------------------------------------------------------------------------------------------------------------------------------------------------------------------------------------------------------------------------------------------------------------------------------------------------------------------------------------------------------------------------------------------------------------------------------------------------------------------------------------------------------------------------------------------------------------------------------------------------------------------------------------------------------------------------------------------------------------------------------------------------------------------------------------------------------------------------------------------------------------------------------------------------------------------------------------------------------------------------------------------------------1825.0/36500.0 days/days; walltime: 802.4
----------------------------3650.0/36500.0 days/days; walltime: 4.1
---5475.0/36500.0 days/days; walltime: 0.6
-7300.0/36500.0 days/days; walltime: 0.1
---------------------------------------------------------------------------------------------------------------------------------------------------------------------------------------------------------------------------------------9125.0/36500.0 days/days; walltime: 31.0
---------------------------------------------------------------------------------------------------------------------------------------------------------------------------------------------------------------------------------------------------------------------------------------------------------------------------------------------------------------------------------------------------------------------------------------------------------------------------------------------------------------------------------------------------------------------------------------------------------------------------------------------------------------------------------------------------------------------------------------------------------------------------------------------------------------------------------------------------------------------------------------------------------------------------------------------------------------------------------------------------------------------------------------------------------------------------------------------------------------------------------------------------------------------------------------------------------------------------------------------------------------------------------------------------------------------------------------------------------------------------------------------------------------------------------------------------------------------------------------------------------------------------------------------------------------------------------------------------------------------------------------------------------------------------------------------------------------------------------------------------------------------------------------------------------------------------------------------------------------------------------------------------------------------------------------------------------------------------------------------------------------------------------------------------------------------------------------------------------------------------------------------------------------------------------------------------------------------------------------------------------------------------------------------------------------------------------------------------------------------------------------------------------------------------------------------------------------------------------------------------------------------------------------------------------------------------------------------------------------------------------------------------------------------------------------------------------------------------------------------------------------------------------------------------------------------------------------------------------------------------------------------------------------------------------------------------------------------------------------------------------------------------------------------------------------------------------------------------------------------------------------------------------------------------------------------------------------------------------------------------------------------------------------------------------------------------------------------------------------------------------------------------------------------------------------------------------------------------------------------------------------------------------------------------------------------------------------------------------------------------------------------------------------------------------------------------------------------------------------------------------------------------------------------------------------------------------------------------------------------------------------------------------------------------------------------------------------------------------------------------------------------------------------------------------------------------------------------------------------------------------------------------------------------------------------------------------------------------------------------------------------------------------------------------------------------------------------------------------------------------------------------------------------------------------------------------------------------------------------------------------------------------------------------------------------------------------------------------------------------------------------------------------------------------------------------------------------------------------------------------------------------------------------------------------------------------------------------------------------------------10950.0/36500.0 days/days; walltime: 620.8
----------------------------------------------------------------------------------------------------------------------------------------------------------------------------------------------------------------------------------------------------------------------------------------------------------------------------------------------------------------------------------------------------------------------------------------------------------------------------------------------------------------------------12775.0/36500.0 days/days; walltime: 1192.9
------------------------------------------------------------------------------------------------------------------------------------------------------------------------------------------------------------------14600.0/36500.0 days/days; walltime: 1692.5
---------------------------------------------------------16425.0/36500.0 days/days; walltime: 1192.7
--------------------------------------------------------------------18250.0/36500.0 days/days; walltime: 708.6
-----------------------------------------------------------------------------------------------------------------------------------------------------------------------20075.0/36500.0 days/days; walltime: 142.3
21900.0/36500.0 days/days; walltime: 9.5
23725.0/36500.0 days/days; walltime: 3.4
25550.0/36500.0 days/days; walltime: 4.0
27375.0/36500.0 days/days; walltime: 7.3
29200.0/36500.0 days/days; walltime: 9.2
31025.0/36500.0 days/days; walltime: 13.1
32850.0/36500.0 days/days; walltime: 12.1
34675.0/36500.0 days/days; walltime: 10.7
36500.0/36500.0 days/days; walltime: 9.6
Wallclock for model run: 6517.7s
 

fields = 

  struct with fields:

    nodes: [1x1 struct]
    edges: [1x1 struct]
       BC: [1x1 struct]

Running model run (ode15s):
Run seasonal
Saving model run to
./RUN/output_202_seasonal.nc
IC initialised from struct
IC initialised from file/given & rest from parameters and given functions
36500.0/37230.0 days/days; walltime: 31.1
36501.0/37230.0 days/days; walltime: 217.1
36502.0/37230.0 days/days; walltime: 9.9
36503.0/37230.0 days/days; walltime: 8.5
36504.0/37230.0 days/days; walltime: 10.5
36505.0/37230.0 days/days; walltime: 9.8
36506.0/37230.0 days/days; walltime: 5.9
36507.0/37230.0 days/days; walltime: 8.2
36508.0/37230.0 days/days; walltime: 4.4
36509.0/37230.0 days/days; walltime: 4.7
36510.0/37230.0 days/days; walltime: 7.2
36511.0/37230.0 days/days; walltime: 3.3
36512.0/37230.0 days/days; walltime: 2.7
36513.0/37230.0 days/days; walltime: 2.6
36514.0/37230.0 days/days; walltime: 6.1
36515.0/37230.0 days/days; walltime: 10.1
36516.0/37230.0 days/days; walltime: 1.7
36517.0/37230.0 days/days; walltime: 2.0
36518.0/37230.0 days/days; walltime: 1.9
36519.0/37230.0 days/days; walltime: 1.5
36520.0/37230.0 days/days; walltime: 1.6
36521.0/37230.0 days/days; walltime: 1.9
36522.0/37230.0 days/days; walltime: 9.0
36523.0/37230.0 days/days; walltime: 1.7
36524.0/37230.0 days/days; walltime: 1.0
36525.0/37230.0 days/days; walltime: 1.3
36526.0/37230.0 days/days; walltime: 1.3
36527.0/37230.0 days/days; walltime: 1.3
36528.0/37230.0 days/days; walltime: 0.9
36529.0/37230.0 days/days; walltime: 1.3
36530.0/37230.0 days/days; walltime: 1.2
36531.0/37230.0 days/days; walltime: 1.6
36532.0/37230.0 days/days; walltime: 1.2
-36533.0/37230.0 days/days; walltime: 1.6
------36534.0/37230.0 days/days; walltime: 4.4
--------36535.0/37230.0 days/days; walltime: 1.0
---------36536.0/37230.0 days/days; walltime: 1.1
-------36537.0/37230.0 days/days; walltime: 1.1
--------36538.0/37230.0 days/days; walltime: 1.0
----------36539.0/37230.0 days/days; walltime: 1.2
-------36540.0/37230.0 days/days; walltime: 0.9
-----36541.0/37230.0 days/days; walltime: 0.8
-----------36542.0/37230.0 days/days; walltime: 1.2
-------36543.0/37230.0 days/days; walltime: 1.0
--------36544.0/37230.0 days/days; walltime: 1.0
--------36545.0/37230.0 days/days; walltime: 1.0
------------------------------------------------36546.0/37230.0 days/days; walltime: 4.9
------36547.0/37230.0 days/days; walltime: 0.8
--------36548.0/37230.0 days/days; walltime: 1.0
------36549.0/37230.0 days/days; walltime: 0.8
--------36550.0/37230.0 days/days; walltime: 1.0
------36551.0/37230.0 days/days; walltime: 0.6
--------36552.0/37230.0 days/days; walltime: 1.0
-----36553.0/37230.0 days/days; walltime: 0.8
----------36554.0/37230.0 days/days; walltime: 1.2
---------36555.0/37230.0 days/days; walltime: 1.3
---------------------------------------------------------------------------------------------------------------------------------------------------------------------------------------------------------------------------------------------------------------------------------------------------------------------------------------36556.0/37230.0 days/days; walltime: 37.1
-----36557.0/37230.0 days/days; walltime: 0.8
------36558.0/37230.0 days/days; walltime: 0.6
----36559.0/37230.0 days/days; walltime: 0.6
----36560.0/37230.0 days/days; walltime: 0.6
----36561.0/37230.0 days/days; walltime: 0.6
--36562.0/37230.0 days/days; walltime: 0.2
----36563.0/37230.0 days/days; walltime: 0.6
----36564.0/37230.0 days/days; walltime: 0.6
--36565.0/37230.0 days/days; walltime: 0.2
----36566.0/37230.0 days/days; walltime: 0.6
--36567.0/37230.0 days/days; walltime: 0.2
----36568.0/37230.0 days/days; walltime: 0.6
---36569.0/37230.0 days/days; walltime: 0.5
---36570.0/37230.0 days/days; walltime: 0.3
---36571.0/37230.0 days/days; walltime: 0.5
----36572.0/37230.0 days/days; walltime: 0.6
--36573.0/37230.0 days/days; walltime: 0.2
---36574.0/37230.0 days/days; walltime: 0.5
--36575.0/37230.0 days/days; walltime: 0.2
----36576.0/37230.0 days/days; walltime: 0.6
--36577.0/37230.0 days/days; walltime: 0.2
---36578.0/37230.0 days/days; walltime: 0.5
--36579.0/37230.0 days/days; walltime: 0.2
---36580.0/37230.0 days/days; walltime: 0.5
--36581.0/37230.0 days/days; walltime: 0.2
---36582.0/37230.0 days/days; walltime: 0.5
--36583.0/37230.0 days/days; walltime: 0.2
---36584.0/37230.0 days/days; walltime: 0.5
--36585.0/37230.0 days/days; walltime: 0.2
---36586.0/37230.0 days/days; walltime: 0.5
--36587.0/37230.0 days/days; walltime: 0.2
---36588.0/37230.0 days/days; walltime: 0.5
--36589.0/37230.0 days/days; walltime: 0.2
---36590.0/37230.0 days/days; walltime: 0.5
--36591.0/37230.0 days/days; walltime: 0.2
----36592.0/37230.0 days/days; walltime: 0.6
--36593.0/37230.0 days/days; walltime: 0.2
----36594.0/37230.0 days/days; walltime: 0.6
--36595.0/37230.0 days/days; walltime: 0.2
-36596.0/37230.0 days/days; walltime: 0.1
-36597.0/37230.0 days/days; walltime: 4.4
36598.0/37230.0 days/days; walltime: 0.8
36599.0/37230.0 days/days; walltime: 0.2
36600.0/37230.0 days/days; walltime: 0.2
36601.0/37230.0 days/days; walltime: 0.4
36602.0/37230.0 days/days; walltime: 0.2
36603.0/37230.0 days/days; walltime: 0.1
36604.0/37230.0 days/days; walltime: 0.5
36605.0/37230.0 days/days; walltime: 0.1
36606.0/37230.0 days/days; walltime: 0.5
36607.0/37230.0 days/days; walltime: 0.1
36608.0/37230.0 days/days; walltime: 0.2
36609.0/37230.0 days/days; walltime: 0.4
36610.0/37230.0 days/days; walltime: 0.1
36611.0/37230.0 days/days; walltime: 0.2
36612.0/37230.0 days/days; walltime: 0.4
36613.0/37230.0 days/days; walltime: 0.2
36614.0/37230.0 days/days; walltime: 0.1
36615.0/37230.0 days/days; walltime: 0.4
-36616.0/37230.0 days/days; walltime: 8.0
36617.0/37230.0 days/days; walltime: 8.6
36618.0/37230.0 days/days; walltime: 9.7
36619.0/37230.0 days/days; walltime: 15.6
36620.0/37230.0 days/days; walltime: 21.6
36621.0/37230.0 days/days; walltime: 25.8
36622.0/37230.0 days/days; walltime: 52.7
36623.0/37230.0 days/days; walltime: 49.4
36624.0/37230.0 days/days; walltime: 54.7
36625.0/37230.0 days/days; walltime: 40.6
36626.0/37230.0 days/days; walltime: 45.8
36627.0/37230.0 days/days; walltime: 39.4
36628.0/37230.0 days/days; walltime: 51.3
36629.0/37230.0 days/days; walltime: 67.2
36630.0/37230.0 days/days; walltime: 110.0
36631.0/37230.0 days/days; walltime: 104.6
36632.0/37230.0 days/days; walltime: 76.8
36633.0/37230.0 days/days; walltime: 105.7
36634.0/37230.0 days/days; walltime: 120.2
36635.0/37230.0 days/days; walltime: 78.4
36636.0/37230.0 days/days; walltime: 75.4
36637.0/37230.0 days/days; walltime: 84.7
36638.0/37230.0 days/days; walltime: 86.7
36639.0/37230.0 days/days; walltime: 95.5
36640.0/37230.0 days/days; walltime: 102.5
36641.0/37230.0 days/days; walltime: 81.5
36642.0/37230.0 days/days; walltime: 81.5
36643.0/37230.0 days/days; walltime: 80.3
36644.0/37230.0 days/days; walltime: 81.1
36645.0/37230.0 days/days; walltime: 99.8
36646.0/37230.0 days/days; walltime: 75.2
36647.0/37230.0 days/days; walltime: 79.2
36648.0/37230.0 days/days; walltime: 80.2
36649.0/37230.0 days/days; walltime: 89.6
36650.0/37230.0 days/days; walltime: 91.3
36651.0/37230.0 days/days; walltime: 65.9
36652.0/37230.0 days/days; walltime: 83.0
36653.0/37230.0 days/days; walltime: 71.4
36654.0/37230.0 days/days; walltime: 68.0
36655.0/37230.0 days/days; walltime: 80.9
36656.0/37230.0 days/days; walltime: 91.2
36657.0/37230.0 days/days; walltime: 81.0
36658.0/37230.0 days/days; walltime: 99.1
36659.0/37230.0 days/days; walltime: 38.9
36660.0/37230.0 days/days; walltime: 29.5
36661.0/37230.0 days/days; walltime: 27.4
36662.0/37230.0 days/days; walltime: 56.8
36663.0/37230.0 days/days; walltime: 19.9
36664.0/37230.0 days/days; walltime: 18.1
36665.0/37230.0 days/days; walltime: 15.5
36666.0/37230.0 days/days; walltime: 12.3
36667.0/37230.0 days/days; walltime: 32.5
36668.0/37230.0 days/days; walltime: 29.4
36669.0/37230.0 days/days; walltime: 22.4
36670.0/37230.0 days/days; walltime: 21.7
36671.0/37230.0 days/days; walltime: 23.1
36672.0/37230.0 days/days; walltime: 15.3
36673.0/37230.0 days/days; walltime: 24.1
--36674.0/37230.0 days/days; walltime: 31.7
36675.0/37230.0 days/days; walltime: 34.5
36676.0/37230.0 days/days; walltime: 51.6
36677.0/37230.0 days/days; walltime: 19.5
---36678.0/37230.0 days/days; walltime: 33.6
----36679.0/37230.0 days/days; walltime: 47.1
-----36680.0/37230.0 days/days; walltime: 20.1
36681.0/37230.0 days/days; walltime: 41.6
36682.0/37230.0 days/days; walltime: 12.1
--36683.0/37230.0 days/days; walltime: 22.2
36684.0/37230.0 days/days; walltime: 56.1
----36685.0/37230.0 days/days; walltime: 38.0
36686.0/37230.0 days/days; walltime: 32.9
36687.0/37230.0 days/days; walltime: 63.7
--36688.0/37230.0 days/days; walltime: 49.2
----36689.0/37230.0 days/days; walltime: 34.9
--36690.0/37230.0 days/days; walltime: 17.0
36691.0/37230.0 days/days; walltime: 21.0
36692.0/37230.0 days/days; walltime: 22.5
36693.0/37230.0 days/days; walltime: 18.4
----36694.0/37230.0 days/days; walltime: 48.9
36695.0/37230.0 days/days; walltime: 15.8
36696.0/37230.0 days/days; walltime: 19.7
36697.0/37230.0 days/days; walltime: 11.0
------36698.0/37230.0 days/days; walltime: 46.8
--36699.0/37230.0 days/days; walltime: 24.3
--36700.0/37230.0 days/days; walltime: 14.2
36701.0/37230.0 days/days; walltime: 12.4
------36702.0/37230.0 days/days; walltime: 37.5
36703.0/37230.0 days/days; walltime: 34.4
36704.0/37230.0 days/days; walltime: 58.8
----36705.0/37230.0 days/days; walltime: 65.2
----36706.0/37230.0 days/days; walltime: 42.0
36707.0/37230.0 days/days; walltime: 32.8
36708.0/37230.0 days/days; walltime: 33.6
--36709.0/37230.0 days/days; walltime: 31.4
36710.0/37230.0 days/days; walltime: 20.4
36711.0/37230.0 days/days; walltime: 20.1
36712.0/37230.0 days/days; walltime: 28.6
--36713.0/37230.0 days/days; walltime: 48.9
36714.0/37230.0 days/days; walltime: 40.1
36715.0/37230.0 days/days; walltime: 20.3
36716.0/37230.0 days/days; walltime: 112.9
36717.0/37230.0 days/days; walltime: 19.0
36718.0/37230.0 days/days; walltime: 15.9
36719.0/37230.0 days/days; walltime: 11.5
36720.0/37230.0 days/days; walltime: 13.9
36721.0/37230.0 days/days; walltime: 45.1
36722.0/37230.0 days/days; walltime: 20.3
36723.0/37230.0 days/days; walltime: 15.3
36724.0/37230.0 days/days; walltime: 30.7
36725.0/37230.0 days/days; walltime: 18.9
36726.0/37230.0 days/days; walltime: 36.0
36727.0/37230.0 days/days; walltime: 44.4
36728.0/37230.0 days/days; walltime: 19.6
36729.0/37230.0 days/days; walltime: 13.7
36730.0/37230.0 days/days; walltime: 17.3
36731.0/37230.0 days/days; walltime: 22.6
36732.0/37230.0 days/days; walltime: 26.6
36733.0/37230.0 days/days; walltime: 36.7
36734.0/37230.0 days/days; walltime: 59.8
36735.0/37230.0 days/days; walltime: 30.9
36736.0/37230.0 days/days; walltime: 34.2
36737.0/37230.0 days/days; walltime: 28.3
36738.0/37230.0 days/days; walltime: 20.0
36739.0/37230.0 days/days; walltime: 76.8
36740.0/37230.0 days/days; walltime: 19.5
36741.0/37230.0 days/days; walltime: 29.6
36742.0/37230.0 days/days; walltime: 25.6
36743.0/37230.0 days/days; walltime: 21.0
36744.0/37230.0 days/days; walltime: 15.5
36745.0/37230.0 days/days; walltime: 19.9
36746.0/37230.0 days/days; walltime: 20.5
36747.0/37230.0 days/days; walltime: 13.4
36748.0/37230.0 days/days; walltime: 11.5
36749.0/37230.0 days/days; walltime: 14.4
36750.0/37230.0 days/days; walltime: 5.6
36751.0/37230.0 days/days; walltime: 1.7
36752.0/37230.0 days/days; walltime: 1.0
36753.0/37230.0 days/days; walltime: 1.2
36754.0/37230.0 days/days; walltime: 0.9
36755.0/37230.0 days/days; walltime: 1.1
36756.0/37230.0 days/days; walltime: 0.8
36757.0/37230.0 days/days; walltime: 0.7
36758.0/37230.0 days/days; walltime: 0.7
36759.0/37230.0 days/days; walltime: 0.7
36760.0/37230.0 days/days; walltime: 0.7
36761.0/37230.0 days/days; walltime: 0.6
36762.0/37230.0 days/days; walltime: 0.7
36763.0/37230.0 days/days; walltime: 0.3
36764.0/37230.0 days/days; walltime: 0.6
36765.0/37230.0 days/days; walltime: 0.7
36766.0/37230.0 days/days; walltime: 0.8
36767.0/37230.0 days/days; walltime: 0.3
36768.0/37230.0 days/days; walltime: 0.9
36769.0/37230.0 days/days; walltime: 0.8
-36770.0/37230.0 days/days; walltime: 0.6
36771.0/37230.0 days/days; walltime: 4.0
----36772.0/37230.0 days/days; walltime: 0.8
----36773.0/37230.0 days/days; walltime: 0.4
----36774.0/37230.0 days/days; walltime: 0.6
------36775.0/37230.0 days/days; walltime: 0.6
----36776.0/37230.0 days/days; walltime: 0.6
----36777.0/37230.0 days/days; walltime: 0.4
----36778.0/37230.0 days/days; walltime: 0.6
------36779.0/37230.0 days/days; walltime: 0.8
----36780.0/37230.0 days/days; walltime: 0.4
----36781.0/37230.0 days/days; walltime: 0.6
----36782.0/37230.0 days/days; walltime: 0.4
----36783.0/37230.0 days/days; walltime: 0.6
--------36784.0/37230.0 days/days; walltime: 0.8
-----36785.0/37230.0 days/days; walltime: 0.7
-----36786.0/37230.0 days/days; walltime: 0.5
-----36787.0/37230.0 days/days; walltime: 0.7
-----36788.0/37230.0 days/days; walltime: 0.5
-----36789.0/37230.0 days/days; walltime: 0.7
-----36790.0/37230.0 days/days; walltime: 0.5
-----36791.0/37230.0 days/days; walltime: 0.7
-----36792.0/37230.0 days/days; walltime: 0.5
-----36793.0/37230.0 days/days; walltime: 0.7
-----36794.0/37230.0 days/days; walltime: 0.5
-----36795.0/37230.0 days/days; walltime: 0.7
--36796.0/37230.0 days/days; walltime: 0.2
----------------------------------------36797.0/37230.0 days/days; walltime: 4.1
----36798.0/37230.0 days/days; walltime: 0.4
----36799.0/37230.0 days/days; walltime: 0.6
----36800.0/37230.0 days/days; walltime: 0.4
--36801.0/37230.0 days/days; walltime: 0.2
----36802.0/37230.0 days/days; walltime: 0.6
----36803.0/37230.0 days/days; walltime: 0.4
----36804.0/37230.0 days/days; walltime: 0.6
--36805.0/37230.0 days/days; walltime: 0.2
----36806.0/37230.0 days/days; walltime: 0.6
----36807.0/37230.0 days/days; walltime: 0.4
--36808.0/37230.0 days/days; walltime: 0.2
----36809.0/37230.0 days/days; walltime: 0.6
----36810.0/37230.0 days/days; walltime: 0.4
--36811.0/37230.0 days/days; walltime: 0.4
----36812.0/37230.0 days/days; walltime: 0.4
--36813.0/37230.0 days/days; walltime: 0.6
----36814.0/37230.0 days/days; walltime: 1.1
------36815.0/37230.0 days/days; walltime: 0.8
----36816.0/37230.0 days/days; walltime: 0.4
----36817.0/37230.0 days/days; walltime: 0.6
------36818.0/37230.0 days/days; walltime: 0.6
--36819.0/37230.0 days/days; walltime: 0.2
------36820.0/37230.0 days/days; walltime: 1.0
----36821.0/37230.0 days/days; walltime: 0.4
----36822.0/37230.0 days/days; walltime: 0.6
--36823.0/37230.0 days/days; walltime: 0.2
--36824.0/37230.0 days/days; walltime: 0.4
36825.0/37230.0 days/days; walltime: 0.4
36826.0/37230.0 days/days; walltime: 0.2
36827.0/37230.0 days/days; walltime: 0.4
36828.0/37230.0 days/days; walltime: 0.4
36829.0/37230.0 days/days; walltime: 0.2
36830.0/37230.0 days/days; walltime: 1.2
36831.0/37230.0 days/days; walltime: 2.4
36832.0/37230.0 days/days; walltime: 46.9
36833.0/37230.0 days/days; walltime: 0.2
36834.0/37230.0 days/days; walltime: 0.4
36835.0/37230.0 days/days; walltime: 0.2
36836.0/37230.0 days/days; walltime: 0.2
36837.0/37230.0 days/days; walltime: 0.2
36838.0/37230.0 days/days; walltime: 0.2
36839.0/37230.0 days/days; walltime: 0.2
36840.0/37230.0 days/days; walltime: 0.2
36841.0/37230.0 days/days; walltime: 0.2
36842.0/37230.0 days/days; walltime: 0.2
36843.0/37230.0 days/days; walltime: 0.2
36844.0/37230.0 days/days; walltime: 0.2
36845.0/37230.0 days/days; walltime: 0.2
36846.0/37230.0 days/days; walltime: 0.2
36847.0/37230.0 days/days; walltime: 0.2
36848.0/37230.0 days/days; walltime: 0.2
36849.0/37230.0 days/days; walltime: 0.2
36850.0/37230.0 days/days; walltime: 0.2
36851.0/37230.0 days/days; walltime: 0.2
36852.0/37230.0 days/days; walltime: 0.2
36853.0/37230.0 days/days; walltime: 0.4
36854.0/37230.0 days/days; walltime: 0.2
36855.0/37230.0 days/days; walltime: 0.2
36856.0/37230.0 days/days; walltime: 0.2
36857.0/37230.0 days/days; walltime: 0.4
36858.0/37230.0 days/days; walltime: 0.2
36859.0/37230.0 days/days; walltime: 0.2
36860.0/37230.0 days/days; walltime: 0.2
36861.0/37230.0 days/days; walltime: 0.4
36863.0/37230.0 days/days; walltime: 0.2
36864.0/37230.0 days/days; walltime: 0.2
36865.0/37230.0 days/days; walltime: 0.2
36866.0/37230.0 days/days; walltime: 0.4
36867.0/37230.0 days/days; walltime: 0.2
36868.0/37230.0 days/days; walltime: 0.2
36869.0/37230.0 days/days; walltime: 0.2
36871.0/37230.0 days/days; walltime: 0.4
36872.0/37230.0 days/days; walltime: 0.2
36873.0/37230.0 days/days; walltime: 0.2
36874.0/37230.0 days/days; walltime: 0.2
36875.0/37230.0 days/days; walltime: 0.4
36876.0/37230.0 days/days; walltime: 0.2
36877.0/37230.0 days/days; walltime: 0.2
36879.0/37230.0 days/days; walltime: 0.2
36880.0/37230.0 days/days; walltime: 0.4
36881.0/37230.0 days/days; walltime: 0.2
36882.0/37230.0 days/days; walltime: 0.2
36883.0/37230.0 days/days; walltime: 0.2
36885.0/37230.0 days/days; walltime: 0.4
36886.0/37230.0 days/days; walltime: 0.2
36887.0/37230.0 days/days; walltime: 0.2
36888.0/37230.0 days/days; walltime: 0.2
36889.0/37230.0 days/days; walltime: 0.4
36891.0/37230.0 days/days; walltime: 0.2
36892.0/37230.0 days/days; walltime: 0.2
36893.0/37230.0 days/days; walltime: 0.2
36894.0/37230.0 days/days; walltime: 0.4
36896.0/37230.0 days/days; walltime: 0.2
36897.0/37230.0 days/days; walltime: 0.2
36898.0/37230.0 days/days; walltime: 0.2
36899.0/37230.0 days/days; walltime: 0.4
36901.0/37230.0 days/days; walltime: 0.2
36902.0/37230.0 days/days; walltime: 0.2
36903.0/37230.0 days/days; walltime: 0.2
36904.0/37230.0 days/days; walltime: 0.4
36906.0/37230.0 days/days; walltime: 0.2
36907.0/37230.0 days/days; walltime: 0.2
36908.0/37230.0 days/days; walltime: 0.2
36910.0/37230.0 days/days; walltime: 0.4
36911.0/37230.0 days/days; walltime: 0.2
36912.0/37230.0 days/days; walltime: 0.2
36914.0/37230.0 days/days; walltime: 0.2
36915.0/37230.0 days/days; walltime: 0.4
36917.0/37230.0 days/days; walltime: 0.2
36918.0/37230.0 days/days; walltime: 0.2
36919.0/37230.0 days/days; walltime: 0.2
36921.0/37230.0 days/days; walltime: 0.4
36922.0/37230.0 days/days; walltime: 0.2
-36923.0/37230.0 days/days; walltime: 0.2
36925.0/37230.0 days/days; walltime: 0.2
36926.0/37230.0 days/days; walltime: 0.4
36928.0/37230.0 days/days; walltime: 0.2
36929.0/37230.0 days/days; walltime: 0.2
36931.0/37230.0 days/days; walltime: 0.2
36932.0/37230.0 days/days; walltime: 0.4
36934.0/37230.0 days/days; walltime: 0.2
36935.0/37230.0 days/days; walltime: 0.2
36937.0/37230.0 days/days; walltime: 0.2
36938.0/37230.0 days/days; walltime: 0.4
36940.0/37230.0 days/days; walltime: 0.2
36941.0/37230.0 days/days; walltime: 0.2
36943.0/37230.0 days/days; walltime: 0.2
36944.0/37230.0 days/days; walltime: 0.4
36946.0/37230.0 days/days; walltime: 0.2
36947.0/37230.0 days/days; walltime: 0.2
36949.0/37230.0 days/days; walltime: 0.2
36950.0/37230.0 days/days; walltime: 0.4
36952.0/37230.0 days/days; walltime: 0.2
--36954.0/37230.0 days/days; walltime: 3.5
36955.0/37230.0 days/days; walltime: 0.2
36957.0/37230.0 days/days; walltime: 0.4
36958.0/37230.0 days/days; walltime: 0.2
36960.0/37230.0 days/days; walltime: 0.2
36962.0/37230.0 days/days; walltime: 0.2
36963.0/37230.0 days/days; walltime: 0.4
36965.0/37230.0 days/days; walltime: 0.2
36967.0/37230.0 days/days; walltime: 0.2
36968.0/37230.0 days/days; walltime: 0.2
36970.0/37230.0 days/days; walltime: 0.4
36972.0/37230.0 days/days; walltime: 0.2
36974.0/37230.0 days/days; walltime: 0.2
36975.0/37230.0 days/days; walltime: 0.2
36977.0/37230.0 days/days; walltime: 0.4
36979.0/37230.0 days/days; walltime: 0.1
--------36981.0/37230.0 days/days; walltime: 8.3
36982.0/37230.0 days/days; walltime: 9.2
36983.0/37230.0 days/days; walltime: 7.3
36984.0/37230.0 days/days; walltime: 15.5
36985.0/37230.0 days/days; walltime: 24.2
36986.0/37230.0 days/days; walltime: 35.6
36987.0/37230.0 days/days; walltime: 55.8
36988.0/37230.0 days/days; walltime: 64.1
36989.0/37230.0 days/days; walltime: 84.6
36990.0/37230.0 days/days; walltime: 64.8
36991.0/37230.0 days/days; walltime: 79.2
36992.0/37230.0 days/days; walltime: 76.5
36993.0/37230.0 days/days; walltime: 102.8
36994.0/37230.0 days/days; walltime: 102.1
36995.0/37230.0 days/days; walltime: 113.0
36996.0/37230.0 days/days; walltime: 99.0
36997.0/37230.0 days/days; walltime: 98.8
36998.0/37230.0 days/days; walltime: 100.6
36999.0/37230.0 days/days; walltime: 93.1
37000.0/37230.0 days/days; walltime: 94.0
37001.0/37230.0 days/days; walltime: 107.3
37002.0/37230.0 days/days; walltime: 103.8
37003.0/37230.0 days/days; walltime: 101.6
37004.0/37230.0 days/days; walltime: 87.3
37005.0/37230.0 days/days; walltime: 105.2
37006.0/37230.0 days/days; walltime: 109.0
37007.0/37230.0 days/days; walltime: 91.9
37008.0/37230.0 days/days; walltime: 89.5
37009.0/37230.0 days/days; walltime: 83.4
37010.0/37230.0 days/days; walltime: 111.8
37011.0/37230.0 days/days; walltime: 79.0
37012.0/37230.0 days/days; walltime: 90.2
37013.0/37230.0 days/days; walltime: 88.6
37014.0/37230.0 days/days; walltime: 88.8
37015.0/37230.0 days/days; walltime: 86.6
37016.0/37230.0 days/days; walltime: 73.4
37017.0/37230.0 days/days; walltime: 81.9
37018.0/37230.0 days/days; walltime: 72.0
37019.0/37230.0 days/days; walltime: 70.4
37020.0/37230.0 days/days; walltime: 82.5
37021.0/37230.0 days/days; walltime: 82.4
37022.0/37230.0 days/days; walltime: 68.3
37023.0/37230.0 days/days; walltime: 118.9
37024.0/37230.0 days/days; walltime: 49.8
37025.0/37230.0 days/days; walltime: 46.6
37026.0/37230.0 days/days; walltime: 29.8
37027.0/37230.0 days/days; walltime: 20.9
37028.0/37230.0 days/days; walltime: 17.2
37029.0/37230.0 days/days; walltime: 22.3
37030.0/37230.0 days/days; walltime: 20.1
37031.0/37230.0 days/days; walltime: 14.7
37032.0/37230.0 days/days; walltime: 37.5
37033.0/37230.0 days/days; walltime: 32.2
37034.0/37230.0 days/days; walltime: 20.7
37035.0/37230.0 days/days; walltime: 27.7
37036.0/37230.0 days/days; walltime: 22.5
37037.0/37230.0 days/days; walltime: 16.2
37038.0/37230.0 days/days; walltime: 21.4
----37039.0/37230.0 days/days; walltime: 31.8
--37040.0/37230.0 days/days; walltime: 28.6
--37041.0/37230.0 days/days; walltime: 42.1
37042.0/37230.0 days/days; walltime: 23.8
--------37043.0/37230.0 days/days; walltime: 31.0
--37044.0/37230.0 days/days; walltime: 54.8
--37045.0/37230.0 days/days; walltime: 34.8
37046.0/37230.0 days/days; walltime: 76.4
37047.0/37230.0 days/days; walltime: 16.6
----37048.0/37230.0 days/days; walltime: 25.0
37049.0/37230.0 days/days; walltime: 40.0
-37050.0/37230.0 days/days; walltime: 50.5
37051.0/37230.0 days/days; walltime: 31.2
37052.0/37230.0 days/days; walltime: 93.0
--37053.0/37230.0 days/days; walltime: 54.9
--37054.0/37230.0 days/days; walltime: 33.5
--37055.0/37230.0 days/days; walltime: 17.7
37056.0/37230.0 days/days; walltime: 20.7
37057.0/37230.0 days/days; walltime: 22.0
37058.0/37230.0 days/days; walltime: 14.0
--37059.0/37230.0 days/days; walltime: 58.1
37060.0/37230.0 days/days; walltime: 16.4
37061.0/37230.0 days/days; walltime: 17.0
37062.0/37230.0 days/days; walltime: 13.8
------37063.0/37230.0 days/days; walltime: 38.6
37064.0/37230.0 days/days; walltime: 27.0
37065.0/37230.0 days/days; walltime: 10.6
37066.0/37230.0 days/days; walltime: 15.3
----37067.0/37230.0 days/days; walltime: 40.4
37068.0/37230.0 days/days; walltime: 29.1
37069.0/37230.0 days/days; walltime: 23.8
37070.0/37230.0 days/days; walltime: 61.3
--37071.0/37230.0 days/days; walltime: 37.1
37072.0/37230.0 days/days; walltime: 30.4
37073.0/37230.0 days/days; walltime: 47.2
--37074.0/37230.0 days/days; walltime: 34.4
37075.0/37230.0 days/days; walltime: 22.1
37076.0/37230.0 days/days; walltime: 16.0
37077.0/37230.0 days/days; walltime: 41.9
--37078.0/37230.0 days/days; walltime: 20.9
37079.0/37230.0 days/days; walltime: 47.6
37080.0/37230.0 days/days; walltime: 14.4
37081.0/37230.0 days/days; walltime: 59.2
37082.0/37230.0 days/days; walltime: 24.8
37083.0/37230.0 days/days; walltime: 13.8
37084.0/37230.0 days/days; walltime: 12.5
37085.0/37230.0 days/days; walltime: 17.6
37086.0/37230.0 days/days; walltime: 22.9
37087.0/37230.0 days/days; walltime: 21.7
37088.0/37230.0 days/days; walltime: 14.2
37089.0/37230.0 days/days; walltime: 22.1
37090.0/37230.0 days/days; walltime: 14.3
37091.0/37230.0 days/days; walltime: 36.1
37092.0/37230.0 days/days; walltime: 41.9
37093.0/37230.0 days/days; walltime: 20.0
37094.0/37230.0 days/days; walltime: 15.8
37095.0/37230.0 days/days; walltime: 18.3
37096.0/37230.0 days/days; walltime: 22.5
37097.0/37230.0 days/days; walltime: 15.5
37098.0/37230.0 days/days; walltime: 43.1
37099.0/37230.0 days/days; walltime: 45.0
37100.0/37230.0 days/days; walltime: 35.3
37101.0/37230.0 days/days; walltime: 36.5
37102.0/37230.0 days/days; walltime: 22.2
37103.0/37230.0 days/days; walltime: 49.6
37104.0/37230.0 days/days; walltime: 38.5
37105.0/37230.0 days/days; walltime: 23.3
37106.0/37230.0 days/days; walltime: 24.4
37107.0/37230.0 days/days; walltime: 25.0
37108.0/37230.0 days/days; walltime: 26.9
37109.0/37230.0 days/days; walltime: 19.3
37110.0/37230.0 days/days; walltime: 10.3
37111.0/37230.0 days/days; walltime: 17.2
37112.0/37230.0 days/days; walltime: 13.2
37113.0/37230.0 days/days; walltime: 10.2
37114.0/37230.0 days/days; walltime: 13.7
37115.0/37230.0 days/days; walltime: 5.2
37116.0/37230.0 days/days; walltime: 1.4
37117.0/37230.0 days/days; walltime: 1.3
37118.0/37230.0 days/days; walltime: 1.2
37119.0/37230.0 days/days; walltime: 0.9
37120.0/37230.0 days/days; walltime: 0.8
37121.0/37230.0 days/days; walltime: 1.1
37122.0/37230.0 days/days; walltime: 0.7
37123.0/37230.0 days/days; walltime: 0.7
37124.0/37230.0 days/days; walltime: 0.7
37125.0/37230.0 days/days; walltime: 0.3
37126.0/37230.0 days/days; walltime: 0.7
37127.0/37230.0 days/days; walltime: 0.6
37128.0/37230.0 days/days; walltime: 0.6
37129.0/37230.0 days/days; walltime: 0.6
37130.0/37230.0 days/days; walltime: 0.3
-37131.0/37230.0 days/days; walltime: 0.8
37132.0/37230.0 days/days; walltime: 0.8
-37133.0/37230.0 days/days; walltime: 0.8
37134.0/37230.0 days/days; walltime: 3.5
----37135.0/37230.0 days/days; walltime: 0.8
----37136.0/37230.0 days/days; walltime: 0.4
------37137.0/37230.0 days/days; walltime: 0.8
----37138.0/37230.0 days/days; walltime: 0.6
----37139.0/37230.0 days/days; walltime: 0.4
------37140.0/37230.0 days/days; walltime: 0.8
----37141.0/37230.0 days/days; walltime: 0.4
----37142.0/37230.0 days/days; walltime: 0.6
----37143.0/37230.0 days/days; walltime: 0.4
----37144.0/37230.0 days/days; walltime: 0.6
----37145.0/37230.0 days/days; walltime: 0.4
----37146.0/37230.0 days/days; walltime: 0.6
----37147.0/37230.0 days/days; walltime: 0.4
----37148.0/37230.0 days/days; walltime: 0.6
----37149.0/37230.0 days/days; walltime: 0.4
----37150.0/37230.0 days/days; walltime: 0.6
----37151.0/37230.0 days/days; walltime: 0.4
--37152.0/37230.0 days/days; walltime: 0.4
----37153.0/37230.0 days/days; walltime: 0.4
----37154.0/37230.0 days/days; walltime: 0.6
-----37155.0/37230.0 days/days; walltime: 0.5
---------------------------------------37156.0/37230.0 days/days; walltime: 3.7
----37157.0/37230.0 days/days; walltime: 0.6
--37158.0/37230.0 days/days; walltime: 0.2
----37159.0/37230.0 days/days; walltime: 0.6
----37160.0/37230.0 days/days; walltime: 0.4
--37161.0/37230.0 days/days; walltime: 0.2
----37162.0/37230.0 days/days; walltime: 0.6
--37163.0/37230.0 days/days; walltime: 0.2
----37164.0/37230.0 days/days; walltime: 0.6
--37165.0/37230.0 days/days; walltime: 0.2
----37166.0/37230.0 days/days; walltime: 0.4
--37167.0/37230.0 days/days; walltime: 0.4
----37168.0/37230.0 days/days; walltime: 0.4
--37169.0/37230.0 days/days; walltime: 0.2
---37170.0/37230.0 days/days; walltime: 0.5
-37171.0/37230.0 days/days; walltime: 0.1
-37172.0/37230.0 days/days; walltime: 0.1
---37173.0/37230.0 days/days; walltime: 0.5
-37174.0/37230.0 days/days; walltime: 0.1
---37175.0/37230.0 days/days; walltime: 0.5
-37176.0/37230.0 days/days; walltime: 0.1
-37177.0/37230.0 days/days; walltime: 0.1
-37178.0/37230.0 days/days; walltime: 0.1
---37179.0/37230.0 days/days; walltime: 0.5
-37180.0/37230.0 days/days; walltime: 0.1
-37181.0/37230.0 days/days; walltime: 0.1
---37182.0/37230.0 days/days; walltime: 0.5
-37183.0/37230.0 days/days; walltime: 0.1
-37184.0/37230.0 days/days; walltime: 0.1
--37185.0/37230.0 days/days; walltime: 0.4
-37186.0/37230.0 days/days; walltime: 0.1
--37187.0/37230.0 days/days; walltime: 0.2
--37188.0/37230.0 days/days; walltime: 0.4
-37189.0/37230.0 days/days; walltime: 0.1
-37190.0/37230.0 days/days; walltime: 0.1
-37191.0/37230.0 days/days; walltime: 0.1
--37192.0/37230.0 days/days; walltime: 0.4
-37193.0/37230.0 days/days; walltime: 0.1
--37194.0/37230.0 days/days; walltime: 0.2
--37195.0/37230.0 days/days; walltime: 0.4
-37196.0/37230.0 days/days; walltime: 0.1
-37197.0/37230.0 days/days; walltime: 0.1
-37198.0/37230.0 days/days; walltime: 0.1
--37199.0/37230.0 days/days; walltime: 0.4
-37200.0/37230.0 days/days; walltime: 0.1
-37201.0/37230.0 days/days; walltime: 0.1
-37202.0/37230.0 days/days; walltime: 0.1
--37203.0/37230.0 days/days; walltime: 0.4
-37204.0/37230.0 days/days; walltime: 0.1
-37205.0/37230.0 days/days; walltime: 0.1
-37206.0/37230.0 days/days; walltime: 0.1
--37207.0/37230.0 days/days; walltime: 0.4
-37208.0/37230.0 days/days; walltime: 0.1
-37209.0/37230.0 days/days; walltime: 0.1
-37210.0/37230.0 days/days; walltime: 0.1
--37211.0/37230.0 days/days; walltime: 0.4
--37212.0/37230.0 days/days; walltime: 0.2
--37213.0/37230.0 days/days; walltime: 0.2
--37214.0/37230.0 days/days; walltime: 0.2
--37215.0/37230.0 days/days; walltime: 0.4
--37216.0/37230.0 days/days; walltime: 0.2
--37217.0/37230.0 days/days; walltime: 0.2
--37218.0/37230.0 days/days; walltime: 0.2
--37219.0/37230.0 days/days; walltime: 0.4
--37220.0/37230.0 days/days; walltime: 0.2
--37221.0/37230.0 days/days; walltime: 0.2
--37222.0/37230.0 days/days; walltime: 0.2
--37223.0/37230.0 days/days; walltime: 0.4
-37224.0/37230.0 days/days; walltime: 0.1
-37225.0/37230.0 days/days; walltime: 0.1
-37227.0/37230.0 days/days; walltime: 0.1
--37228.0/37230.0 days/days; walltime: 0.4
--37229.0/37230.0 days/days; walltime: 0.2
--37230.0/37230.0 days/days; walltime: 0.4
Wallclock for model run: 12426.3s
 

fields = 

  struct with fields:

    nodes: [1x1 struct]
    edges: [1x1 struct]
       BC: [1x1 struct]

No cases left; exiting.
