Case 5:
Picked up JAVA_TOOL_OPTIONS: -Xmx2g
Opening log file:  /tmp/java.log.5943

                            < M A T L A B (R) >
                  Copyright 1984-2022 The MathWorks, Inc.
                  R2022a (9.12.0.1884302) 64-bit (glnxa64)
                             February 16, 2022

 
To get started, type doc.
For product information, visit www.mathworks.com.
 

config = 

  struct with fields:

                 k_s: 0.2500
                 l_c: 10
            n_moulin: 68
    creep_const_soft: 0
             mesh_nr: 4
                 k_c: 0.2000
               h_bed: 0.5000
               l_bed: 10
               alpha: 1.5000
                beta: 1.5000
               omega: 5.0000e-04
                 e_v: 1.0000e-04

Running model run (ode15s):
Run to steady
Saving model run to
./RUN/output_005_steady.nc
Fields, IC & BC initialised
Initial phi calculated in 1.8s
0.0/36500.0 days/days; walltime: 17.6
-------------------------------------------------------------------------------------------------------------------------------------------------------------------------------------1825.0/36500.0 days/days; walltime: 138.2
--------------------------3650.0/36500.0 days/days; walltime: 4.9
----------------5475.0/36500.0 days/days; walltime: 2.7
------------7300.0/36500.0 days/days; walltime: 1.9
-----------------------------------------------------------------------------------------------9125.0/36500.0 days/days; walltime: 6.9
---------------------------10950.0/36500.0 days/days; walltime: 567.4
12775.0/36500.0 days/days; walltime: 490.3
14600.0/36500.0 days/days; walltime: 366.9
16425.0/36500.0 days/days; walltime: 268.2
18250.0/36500.0 days/days; walltime: 249.0
20075.0/36500.0 days/days; walltime: 67.6
21900.0/36500.0 days/days; walltime: 19.9
23725.0/36500.0 days/days; walltime: 8.0
25550.0/36500.0 days/days; walltime: 7.8
27375.0/36500.0 days/days; walltime: 3.4
29200.0/36500.0 days/days; walltime: 2.9
31025.0/36500.0 days/days; walltime: 2.0
32850.0/36500.0 days/days; walltime: 2.8
34675.0/36500.0 days/days; walltime: 0.7
36500.0/36500.0 days/days; walltime: 0.9
Wallclock for model run: 2234.6s
 

fields = 

  struct with fields:

    nodes: [1x1 struct]
    edges: [1x1 struct]
       BC: [1x1 struct]


ans =

   366


mean_melt =

    0.9566

No cases left; exiting.
