Case 3:
Picked up JAVA_TOOL_OPTIONS: -Xmx2g
Opening log file:  /tmp/java.log.962

                            < M A T L A B (R) >
                  Copyright 1984-2022 The MathWorks, Inc.
                  R2022a (9.12.0.1884302) 64-bit (glnxa64)
                             February 16, 2022

 
To get started, type doc.
For product information, visit www.mathworks.com.
 

config = 

  struct with fields:

                 k_s: 0.2500
                 l_c: 10
            n_moulin: 68
    creep_const_soft: 0
             mesh_nr: 4
                 k_c: 0.1500
               h_bed: 0.5000
               l_bed: 10
               alpha: 3
                beta: 2
               omega: 0

Running model run (ode15s):
Run to steady
Saving model run to
./RUN/output_003_steady.nc
Fields, IC & BC initialised
Initial phi calculated in 4.6s
0.0/36500.0 days/days; walltime: 20.0
-----------------------------------------------------------------------------------------------------------------------------------------------------------------------------------------------------------------------------------------------------------------------------------------------------------------------------------------------------------------------------------------------------------------------------------1825.0/36500.0 days/days; walltime: 195.6
----------------------------------------3650.0/36500.0 days/days; walltime: 3.4
-----------------------5475.0/36500.0 days/days; walltime: 2.0
--------------7300.0/36500.0 days/days; walltime: 1.3
--------------------------------------------------------------------------------------------------------------------------------------------9125.0/36500.0 days/days; walltime: 10.2
---------10950.0/36500.0 days/days; walltime: 915.0
12775.0/36500.0 days/days; walltime: 628.6
14600.0/36500.0 days/days; walltime: 453.5
16425.0/36500.0 days/days; walltime: 380.4
18250.0/36500.0 days/days; walltime: 317.1
20075.0/36500.0 days/days; walltime: 104.0
21900.0/36500.0 days/days; walltime: 14.6
23725.0/36500.0 days/days; walltime: 4.7
25550.0/36500.0 days/days; walltime: 4.2
27375.0/36500.0 days/days; walltime: 3.7
29200.0/36500.0 days/days; walltime: 3.1
31025.0/36500.0 days/days; walltime: 2.0
32850.0/36500.0 days/days; walltime: 2.0
34675.0/36500.0 days/days; walltime: 1.9
36500.0/36500.0 days/days; walltime: 1.8
Wallclock for model run: 3074.6s
 

fields = 

  struct with fields:

    nodes: [1x1 struct]
    edges: [1x1 struct]
       BC: [1x1 struct]

Running model run (ode15s):
Run seasonal
Saving model run to
./RUN/output_003_seasonal.nc
IC initialised from struct
IC initialised from file/given & rest from parameters and given functions
36500.0/37230.0 days/days; walltime: 15.0
36501.0/37230.0 days/days; walltime: 63.4
36502.0/37230.0 days/days; walltime: 11.6
36503.0/37230.0 days/days; walltime: 22.9
36504.0/37230.0 days/days; walltime: 16.3
36505.0/37230.0 days/days; walltime: 10.0
36506.0/37230.0 days/days; walltime: 18.3
36507.0/37230.0 days/days; walltime: 3.8
36508.0/37230.0 days/days; walltime: 6.8
36509.0/37230.0 days/days; walltime: 7.1
36510.0/37230.0 days/days; walltime: 3.0
36511.0/37230.0 days/days; walltime: 2.5
36512.0/37230.0 days/days; walltime: 2.5
36513.0/37230.0 days/days; walltime: 2.7
36514.0/37230.0 days/days; walltime: 4.3
36515.0/37230.0 days/days; walltime: 28.9
36516.0/37230.0 days/days; walltime: 3.2
36517.0/37230.0 days/days; walltime: 2.0
36518.0/37230.0 days/days; walltime: 2.0
36519.0/37230.0 days/days; walltime: 1.8
36520.0/37230.0 days/days; walltime: 1.8
36521.0/37230.0 days/days; walltime: 4.0
36522.0/37230.0 days/days; walltime: 1.1
36523.0/37230.0 days/days; walltime: 1.2
36524.0/37230.0 days/days; walltime: 1.1
36525.0/37230.0 days/days; walltime: 1.2
36526.0/37230.0 days/days; walltime: 1.5
36527.0/37230.0 days/days; walltime: 3.5
36528.0/37230.0 days/days; walltime: 0.8
36529.0/37230.0 days/days; walltime: 1.0
36530.0/37230.0 days/days; walltime: 0.4
36531.0/37230.0 days/days; walltime: 0.5
36532.0/37230.0 days/days; walltime: 2.3
36533.0/37230.0 days/days; walltime: 0.8
36534.0/37230.0 days/days; walltime: 0.8
36535.0/37230.0 days/days; walltime: 1.0
36536.0/37230.0 days/days; walltime: 0.7
36537.0/37230.0 days/days; walltime: 0.7
36538.0/37230.0 days/days; walltime: 0.7
36539.0/37230.0 days/days; walltime: 0.5
36540.0/37230.0 days/days; walltime: 0.4
36541.0/37230.0 days/days; walltime: 1.0
36542.0/37230.0 days/days; walltime: 0.8
36543.0/37230.0 days/days; walltime: 0.7
36544.0/37230.0 days/days; walltime: 0.9
36545.0/37230.0 days/days; walltime: 0.8
36546.0/37230.0 days/days; walltime: 0.9
36547.0/37230.0 days/days; walltime: 0.9
36548.0/37230.0 days/days; walltime: 4.3
36549.0/37230.0 days/days; walltime: 0.3
36550.0/37230.0 days/days; walltime: 0.4
36551.0/37230.0 days/days; walltime: 0.6
36552.0/37230.0 days/days; walltime: 0.4
36553.0/37230.0 days/days; walltime: 0.6
36554.0/37230.0 days/days; walltime: 0.4
36555.0/37230.0 days/days; walltime: 0.4
36556.0/37230.0 days/days; walltime: 0.6
36557.0/37230.0 days/days; walltime: 0.4
36558.0/37230.0 days/days; walltime: 0.4
36559.0/37230.0 days/days; walltime: 0.4
36560.0/37230.0 days/days; walltime: 0.6
36561.0/37230.0 days/days; walltime: 0.4
36562.0/37230.0 days/days; walltime: 0.4
36563.0/37230.0 days/days; walltime: 0.4
36564.0/37230.0 days/days; walltime: 0.4
36565.0/37230.0 days/days; walltime: 0.3
36566.0/37230.0 days/days; walltime: 0.6
36567.0/37230.0 days/days; walltime: 0.4
36568.0/37230.0 days/days; walltime: 0.4
36569.0/37230.0 days/days; walltime: 0.4
36570.0/37230.0 days/days; walltime: 0.4
36571.0/37230.0 days/days; walltime: 0.4
36572.0/37230.0 days/days; walltime: 0.3
36573.0/37230.0 days/days; walltime: 0.7
36574.0/37230.0 days/days; walltime: 0.2
36575.0/37230.0 days/days; walltime: 0.4
36576.0/37230.0 days/days; walltime: 0.4
36577.0/37230.0 days/days; walltime: 0.5
36578.0/37230.0 days/days; walltime: 0.6
36579.0/37230.0 days/days; walltime: 2.9
36580.0/37230.0 days/days; walltime: 0.2
36581.0/37230.0 days/days; walltime: 0.3
36582.0/37230.0 days/days; walltime: 0.3
36583.0/37230.0 days/days; walltime: 0.4
36584.0/37230.0 days/days; walltime: 0.4
36585.0/37230.0 days/days; walltime: 0.3
36586.0/37230.0 days/days; walltime: 0.4
36587.0/37230.0 days/days; walltime: 0.4
36588.0/37230.0 days/days; walltime: 0.3
36589.0/37230.0 days/days; walltime: 0.3
36590.0/37230.0 days/days; walltime: 0.1
36591.0/37230.0 days/days; walltime: 0.3
36592.0/37230.0 days/days; walltime: 0.3
36593.0/37230.0 days/days; walltime: 0.3
36594.0/37230.0 days/days; walltime: 0.4
36595.0/37230.0 days/days; walltime: 0.3
36596.0/37230.0 days/days; walltime: 0.1
36597.0/37230.0 days/days; walltime: 0.3
36598.0/37230.0 days/days; walltime: 0.3
36599.0/37230.0 days/days; walltime: 0.3
36600.0/37230.0 days/days; walltime: 0.1
36601.0/37230.0 days/days; walltime: 0.3
36602.0/37230.0 days/days; walltime: 0.3
36603.0/37230.0 days/days; walltime: 0.1
36604.0/37230.0 days/days; walltime: 0.3
36605.0/37230.0 days/days; walltime: 0.3
36606.0/37230.0 days/days; walltime: 0.1
36607.0/37230.0 days/days; walltime: 0.3
36608.0/37230.0 days/days; walltime: 0.3
36609.0/37230.0 days/days; walltime: 0.1
36610.0/37230.0 days/days; walltime: 0.1
36611.0/37230.0 days/days; walltime: 0.3
36612.0/37230.0 days/days; walltime: 0.3
36613.0/37230.0 days/days; walltime: 0.1
36614.0/37230.0 days/days; walltime: 0.3
36615.0/37230.0 days/days; walltime: 0.1
36616.0/37230.0 days/days; walltime: 0.3
36617.0/37230.0 days/days; walltime: 0.3
36618.0/37230.0 days/days; walltime: 0.1
36619.0/37230.0 days/days; walltime: 0.3
36620.0/37230.0 days/days; walltime: 0.1
36621.0/37230.0 days/days; walltime: 0.3
36622.0/37230.0 days/days; walltime: 0.3
36623.0/37230.0 days/days; walltime: 0.1
36624.0/37230.0 days/days; walltime: 0.3
36625.0/37230.0 days/days; walltime: 0.1
36626.0/37230.0 days/days; walltime: 0.7
36627.0/37230.0 days/days; walltime: 1.4
36628.0/37230.0 days/days; walltime: 2.9
36629.0/37230.0 days/days; walltime: 10.2
36630.0/37230.0 days/days; walltime: 11.7
36631.0/37230.0 days/days; walltime: 20.1
36632.0/37230.0 days/days; walltime: 17.2
36633.0/37230.0 days/days; walltime: 14.1
36634.0/37230.0 days/days; walltime: 19.8
36635.0/37230.0 days/days; walltime: 17.2
36636.0/37230.0 days/days; walltime: 18.9
36637.0/37230.0 days/days; walltime: 17.2
36638.0/37230.0 days/days; walltime: 18.0
36639.0/37230.0 days/days; walltime: 17.7
36640.0/37230.0 days/days; walltime: 16.0
36641.0/37230.0 days/days; walltime: 18.6
36642.0/37230.0 days/days; walltime: 19.7
36643.0/37230.0 days/days; walltime: 17.9
36644.0/37230.0 days/days; walltime: 16.3
36645.0/37230.0 days/days; walltime: 18.8
36646.0/37230.0 days/days; walltime: 17.7
36647.0/37230.0 days/days; walltime: 17.9
36648.0/37230.0 days/days; walltime: 15.9
36649.0/37230.0 days/days; walltime: 16.9
36650.0/37230.0 days/days; walltime: 16.3
36651.0/37230.0 days/days; walltime: 15.5
36652.0/37230.0 days/days; walltime: 15.7
36653.0/37230.0 days/days; walltime: 16.9
36654.0/37230.0 days/days; walltime: 16.2
36655.0/37230.0 days/days; walltime: 14.2
36656.0/37230.0 days/days; walltime: 14.3
36657.0/37230.0 days/days; walltime: 13.7
36658.0/37230.0 days/days; walltime: 13.7
36659.0/37230.0 days/days; walltime: 13.6
36660.0/37230.0 days/days; walltime: 12.6
36661.0/37230.0 days/days; walltime: 11.3
36662.0/37230.0 days/days; walltime: 11.3
36663.0/37230.0 days/days; walltime: 12.9
36664.0/37230.0 days/days; walltime: 12.1
36665.0/37230.0 days/days; walltime: 9.2
36666.0/37230.0 days/days; walltime: 12.7
36667.0/37230.0 days/days; walltime: 10.4
36668.0/37230.0 days/days; walltime: 7.4
36669.0/37230.0 days/days; walltime: 6.8
36670.0/37230.0 days/days; walltime: 7.4
36671.0/37230.0 days/days; walltime: 8.5
36672.0/37230.0 days/days; walltime: 4.6
36673.0/37230.0 days/days; walltime: 5.3
36674.0/37230.0 days/days; walltime: 5.6
36675.0/37230.0 days/days; walltime: 4.5
36676.0/37230.0 days/days; walltime: 5.4
36677.0/37230.0 days/days; walltime: 2.3
36678.0/37230.0 days/days; walltime: 10.5
36679.0/37230.0 days/days; walltime: 4.3
36680.0/37230.0 days/days; walltime: 8.4
36681.0/37230.0 days/days; walltime: 8.0
36682.0/37230.0 days/days; walltime: 7.6
36683.0/37230.0 days/days; walltime: 18.8
36684.0/37230.0 days/days; walltime: 6.6
36685.0/37230.0 days/days; walltime: 6.0
36686.0/37230.0 days/days; walltime: 3.3
36687.0/37230.0 days/days; walltime: 8.6
36688.0/37230.0 days/days; walltime: 10.4
36689.0/37230.0 days/days; walltime: 3.0
36690.0/37230.0 days/days; walltime: 5.3
36691.0/37230.0 days/days; walltime: 4.8
36692.0/37230.0 days/days; walltime: 4.7
36693.0/37230.0 days/days; walltime: 15.6
36694.0/37230.0 days/days; walltime: 6.9
36695.0/37230.0 days/days; walltime: 19.1
36696.0/37230.0 days/days; walltime: 5.0
36697.0/37230.0 days/days; walltime: 14.6
36698.0/37230.0 days/days; walltime: 4.4
36699.0/37230.0 days/days; walltime: 3.8
36700.0/37230.0 days/days; walltime: 4.0
36701.0/37230.0 days/days; walltime: 8.3
36702.0/37230.0 days/days; walltime: 20.8
36703.0/37230.0 days/days; walltime: 6.1
36704.0/37230.0 days/days; walltime: 4.3
36705.0/37230.0 days/days; walltime: 3.5
36706.0/37230.0 days/days; walltime: 6.0
36707.0/37230.0 days/days; walltime: 11.8
36708.0/37230.0 days/days; walltime: 8.7
36709.0/37230.0 days/days; walltime: 6.1
36710.0/37230.0 days/days; walltime: 10.0
36711.0/37230.0 days/days; walltime: 5.3
36712.0/37230.0 days/days; walltime: 7.5
36713.0/37230.0 days/days; walltime: 8.3
36714.0/37230.0 days/days; walltime: 6.4
36715.0/37230.0 days/days; walltime: 6.7
36716.0/37230.0 days/days; walltime: 8.7
36717.0/37230.0 days/days; walltime: 13.0
36718.0/37230.0 days/days; walltime: 9.5
36719.0/37230.0 days/days; walltime: 9.3
36720.0/37230.0 days/days; walltime: 12.6
36721.0/37230.0 days/days; walltime: 12.9
36722.0/37230.0 days/days; walltime: 11.7
36723.0/37230.0 days/days; walltime: 14.7
36724.0/37230.0 days/days; walltime: 14.1
36725.0/37230.0 days/days; walltime: 16.2
36726.0/37230.0 days/days; walltime: 13.6
36727.0/37230.0 days/days; walltime: 15.5
36728.0/37230.0 days/days; walltime: 15.8
36729.0/37230.0 days/days; walltime: 21.2
36730.0/37230.0 days/days; walltime: 14.0
36731.0/37230.0 days/days; walltime: 15.5
36732.0/37230.0 days/days; walltime: 11.5
36733.0/37230.0 days/days; walltime: 13.5
36734.0/37230.0 days/days; walltime: 9.5
36735.0/37230.0 days/days; walltime: 16.7
36736.0/37230.0 days/days; walltime: 16.2
36737.0/37230.0 days/days; walltime: 9.4
36738.0/37230.0 days/days; walltime: 12.0
36739.0/37230.0 days/days; walltime: 4.9
36740.0/37230.0 days/days; walltime: 3.0
36741.0/37230.0 days/days; walltime: 1.2
36742.0/37230.0 days/days; walltime: 1.0
36743.0/37230.0 days/days; walltime: 1.3
36744.0/37230.0 days/days; walltime: 1.4
36745.0/37230.0 days/days; walltime: 1.6
36746.0/37230.0 days/days; walltime: 3.8
36747.0/37230.0 days/days; walltime: 1.0
36748.0/37230.0 days/days; walltime: 1.0
36749.0/37230.0 days/days; walltime: 1.1
36750.0/37230.0 days/days; walltime: 0.7
36751.0/37230.0 days/days; walltime: 0.9
36752.0/37230.0 days/days; walltime: 0.7
36753.0/37230.0 days/days; walltime: 0.7
36754.0/37230.0 days/days; walltime: 0.5
36755.0/37230.0 days/days; walltime: 0.7
36756.0/37230.0 days/days; walltime: 0.7
36757.0/37230.0 days/days; walltime: 0.8
36758.0/37230.0 days/days; walltime: 0.7
36759.0/37230.0 days/days; walltime: 0.7
36760.0/37230.0 days/days; walltime: 3.0
36761.0/37230.0 days/days; walltime: 0.7
36762.0/37230.0 days/days; walltime: 0.4
36763.0/37230.0 days/days; walltime: 0.7
36764.0/37230.0 days/days; walltime: 0.4
36765.0/37230.0 days/days; walltime: 0.6
36766.0/37230.0 days/days; walltime: 0.4
36767.0/37230.0 days/days; walltime: 0.4
36768.0/37230.0 days/days; walltime: 0.6
36769.0/37230.0 days/days; walltime: 0.4
36770.0/37230.0 days/days; walltime: 0.4
36771.0/37230.0 days/days; walltime: 0.4
36772.0/37230.0 days/days; walltime: 0.6
36773.0/37230.0 days/days; walltime: 0.4
36774.0/37230.0 days/days; walltime: 0.4
36775.0/37230.0 days/days; walltime: 0.4
36776.0/37230.0 days/days; walltime: 0.4
36777.0/37230.0 days/days; walltime: 0.4
36778.0/37230.0 days/days; walltime: 0.4
36779.0/37230.0 days/days; walltime: 0.4
36780.0/37230.0 days/days; walltime: 0.4
36781.0/37230.0 days/days; walltime: 0.3
36782.0/37230.0 days/days; walltime: 0.2
36783.0/37230.0 days/days; walltime: 0.3
36784.0/37230.0 days/days; walltime: 0.3
36785.0/37230.0 days/days; walltime: 0.3
36786.0/37230.0 days/days; walltime: 0.4
36787.0/37230.0 days/days; walltime: 0.3
36788.0/37230.0 days/days; walltime: 0.3
36789.0/37230.0 days/days; walltime: 0.3
36790.0/37230.0 days/days; walltime: 0.4
36791.0/37230.0 days/days; walltime: 0.4
36792.0/37230.0 days/days; walltime: 0.3
36793.0/37230.0 days/days; walltime: 0.5
36794.0/37230.0 days/days; walltime: 0.4
36795.0/37230.0 days/days; walltime: 0.3
36796.0/37230.0 days/days; walltime: 0.5
36797.0/37230.0 days/days; walltime: 0.4
36798.0/37230.0 days/days; walltime: 0.4
36799.0/37230.0 days/days; walltime: 2.2
36800.0/37230.0 days/days; walltime: 0.4
36801.0/37230.0 days/days; walltime: 0.3
36802.0/37230.0 days/days; walltime: 0.1
36803.0/37230.0 days/days; walltime: 0.3
36804.0/37230.0 days/days; walltime: 0.3
36805.0/37230.0 days/days; walltime: 0.1
36806.0/37230.0 days/days; walltime: 0.3
36807.0/37230.0 days/days; walltime: 0.3
36808.0/37230.0 days/days; walltime: 0.1
36809.0/37230.0 days/days; walltime: 0.3
36810.0/37230.0 days/days; walltime: 0.3
36811.0/37230.0 days/days; walltime: 0.1
36812.0/37230.0 days/days; walltime: 0.3
36813.0/37230.0 days/days; walltime: 0.7
36814.0/37230.0 days/days; walltime: 0.1
36815.0/37230.0 days/days; walltime: 0.3
36816.0/37230.0 days/days; walltime: 0.1
36817.0/37230.0 days/days; walltime: 0.3
36818.0/37230.0 days/days; walltime: 0.1
36819.0/37230.0 days/days; walltime: 0.3
36820.0/37230.0 days/days; walltime: 0.1
36821.0/37230.0 days/days; walltime: 0.3
36822.0/37230.0 days/days; walltime: 0.1
36823.0/37230.0 days/days; walltime: 0.3
36824.0/37230.0 days/days; walltime: 0.1
36825.0/37230.0 days/days; walltime: 0.3
36826.0/37230.0 days/days; walltime: 0.1
36827.0/37230.0 days/days; walltime: 0.3
36828.0/37230.0 days/days; walltime: 0.0
36829.0/37230.0 days/days; walltime: 0.3
36830.0/37230.0 days/days; walltime: 0.1
36831.0/37230.0 days/days; walltime: 0.0
36832.0/37230.0 days/days; walltime: 0.3
36833.0/37230.0 days/days; walltime: 0.1
36834.0/37230.0 days/days; walltime: 0.2
36835.0/37230.0 days/days; walltime: 0.1
36836.0/37230.0 days/days; walltime: 0.0
36837.0/37230.0 days/days; walltime: 0.3
36838.0/37230.0 days/days; walltime: 0.0
36839.0/37230.0 days/days; walltime: 0.3
36840.0/37230.0 days/days; walltime: 0.0
36841.0/37230.0 days/days; walltime: 0.1
36842.0/37230.0 days/days; walltime: 0.2
36843.0/37230.0 days/days; walltime: 0.1
36844.0/37230.0 days/days; walltime: 0.0
36845.0/37230.0 days/days; walltime: 0.2
36846.0/37230.0 days/days; walltime: 0.1
36847.0/37230.0 days/days; walltime: 0.0
36848.0/37230.0 days/days; walltime: 0.2
36849.0/37230.0 days/days; walltime: 0.0
36850.0/37230.0 days/days; walltime: 0.1
36851.0/37230.0 days/days; walltime: 0.2
36852.0/37230.0 days/days; walltime: 0.0
36853.0/37230.0 days/days; walltime: 0.0
36854.0/37230.0 days/days; walltime: 0.3
36855.0/37230.0 days/days; walltime: 0.0
36856.0/37230.0 days/days; walltime: 0.0
36857.0/37230.0 days/days; walltime: 0.0
36858.0/37230.0 days/days; walltime: 0.2
36859.0/37230.0 days/days; walltime: 0.0
36860.0/37230.0 days/days; walltime: 0.0
36861.0/37230.0 days/days; walltime: 0.0
36862.0/37230.0 days/days; walltime: 0.2
36863.0/37230.0 days/days; walltime: 0.0
36864.0/37230.0 days/days; walltime: 0.0
36865.0/37230.0 days/days; walltime: 0.3
36867.0/37230.0 days/days; walltime: 0.1
36868.0/37230.0 days/days; walltime: 0.0
36869.0/37230.0 days/days; walltime: 0.0
36870.0/37230.0 days/days; walltime: 0.2
36871.0/37230.0 days/days; walltime: 0.0
36872.0/37230.0 days/days; walltime: 0.0
36873.0/37230.0 days/days; walltime: 0.0
36874.0/37230.0 days/days; walltime: 0.2
36875.0/37230.0 days/days; walltime: 0.0
36876.0/37230.0 days/days; walltime: 0.0
36878.0/37230.0 days/days; walltime: 0.0
36879.0/37230.0 days/days; walltime: 0.2
36880.0/37230.0 days/days; walltime: 0.0
36881.0/37230.0 days/days; walltime: 0.0
36882.0/37230.0 days/days; walltime: 0.0
36884.0/37230.0 days/days; walltime: 0.2
36885.0/37230.0 days/days; walltime: 0.0
36886.0/37230.0 days/days; walltime: 0.0
36888.0/37230.0 days/days; walltime: 0.0
36889.0/37230.0 days/days; walltime: 0.2
36891.0/37230.0 days/days; walltime: 0.0
36892.0/37230.0 days/days; walltime: 0.0
36893.0/37230.0 days/days; walltime: 0.0
36895.0/37230.0 days/days; walltime: 0.2
36896.0/37230.0 days/days; walltime: 0.0
36898.0/37230.0 days/days; walltime: 0.0
36899.0/37230.0 days/days; walltime: 0.0
36901.0/37230.0 days/days; walltime: 0.2
36902.0/37230.0 days/days; walltime: 0.0
36904.0/37230.0 days/days; walltime: 0.0
36905.0/37230.0 days/days; walltime: 0.0
36907.0/37230.0 days/days; walltime: 0.2
36908.0/37230.0 days/days; walltime: 0.0
36910.0/37230.0 days/days; walltime: 0.0
36911.0/37230.0 days/days; walltime: 0.0
36913.0/37230.0 days/days; walltime: 0.2
36914.0/37230.0 days/days; walltime: 0.0
36916.0/37230.0 days/days; walltime: 0.0
36918.0/37230.0 days/days; walltime: 0.0
36919.0/37230.0 days/days; walltime: 0.2
36921.0/37230.0 days/days; walltime: 0.0
36923.0/37230.0 days/days; walltime: 0.0
36924.0/37230.0 days/days; walltime: 0.0
36926.0/37230.0 days/days; walltime: 0.2
36928.0/37230.0 days/days; walltime: 0.0
36930.0/37230.0 days/days; walltime: 0.0
36931.0/37230.0 days/days; walltime: 0.0
36933.0/37230.0 days/days; walltime: 0.2
36935.0/37230.0 days/days; walltime: 0.0
36937.0/37230.0 days/days; walltime: 0.0
36939.0/37230.0 days/days; walltime: 0.0
36941.0/37230.0 days/days; walltime: 0.2
36942.0/37230.0 days/days; walltime: 0.0
36944.0/37230.0 days/days; walltime: 0.0
36946.0/37230.0 days/days; walltime: 0.0
36948.0/37230.0 days/days; walltime: 0.2
36950.0/37230.0 days/days; walltime: 0.0
36952.0/37230.0 days/days; walltime: 0.0
36954.0/37230.0 days/days; walltime: 0.0
36956.0/37230.0 days/days; walltime: 0.2
36959.0/37230.0 days/days; walltime: 0.0
36961.0/37230.0 days/days; walltime: 0.0
36963.0/37230.0 days/days; walltime: 0.0
36965.0/37230.0 days/days; walltime: 0.2
36967.0/37230.0 days/days; walltime: 0.0
36969.0/37230.0 days/days; walltime: 0.0
36972.0/37230.0 days/days; walltime: 0.0
36974.0/37230.0 days/days; walltime: 0.2
36976.0/37230.0 days/days; walltime: 0.0
36979.0/37230.0 days/days; walltime: 0.0
36981.0/37230.0 days/days; walltime: 0.0
36983.0/37230.0 days/days; walltime: 0.2
36986.0/37230.0 days/days; walltime: 0.0
36988.0/37230.0 days/days; walltime: 0.0
36991.0/37230.0 days/days; walltime: 1.1
36992.0/37230.0 days/days; walltime: 1.4
36993.0/37230.0 days/days; walltime: 2.6
36994.0/37230.0 days/days; walltime: 8.0
36995.0/37230.0 days/days; walltime: 14.0
36996.0/37230.0 days/days; walltime: 15.7
36997.0/37230.0 days/days; walltime: 15.0
36998.0/37230.0 days/days; walltime: 17.0
36999.0/37230.0 days/days; walltime: 15.3
37000.0/37230.0 days/days; walltime: 20.0
37001.0/37230.0 days/days; walltime: 18.7
37002.0/37230.0 days/days; walltime: 20.8
37003.0/37230.0 days/days; walltime: 19.3
37004.0/37230.0 days/days; walltime: 18.7
37005.0/37230.0 days/days; walltime: 20.2
37006.0/37230.0 days/days; walltime: 19.8
37007.0/37230.0 days/days; walltime: 19.6
37008.0/37230.0 days/days; walltime: 18.7
37009.0/37230.0 days/days; walltime: 19.0
37010.0/37230.0 days/days; walltime: 18.5
37011.0/37230.0 days/days; walltime: 18.4
37012.0/37230.0 days/days; walltime: 19.0
37013.0/37230.0 days/days; walltime: 17.4
37014.0/37230.0 days/days; walltime: 15.2
37015.0/37230.0 days/days; walltime: 17.6
37016.0/37230.0 days/days; walltime: 16.6
37017.0/37230.0 days/days; walltime: 14.6
37018.0/37230.0 days/days; walltime: 13.8
37019.0/37230.0 days/days; walltime: 15.3
37020.0/37230.0 days/days; walltime: 14.3
37021.0/37230.0 days/days; walltime: 13.6
37022.0/37230.0 days/days; walltime: 15.4
37023.0/37230.0 days/days; walltime: 13.7
37024.0/37230.0 days/days; walltime: 13.5
37025.0/37230.0 days/days; walltime: 14.0
37026.0/37230.0 days/days; walltime: 13.3
37027.0/37230.0 days/days; walltime: 10.5
37028.0/37230.0 days/days; walltime: 10.6
37029.0/37230.0 days/days; walltime: 11.5
37030.0/37230.0 days/days; walltime: 11.6
37031.0/37230.0 days/days; walltime: 10.9
37032.0/37230.0 days/days; walltime: 10.1
37033.0/37230.0 days/days; walltime: 9.4
37034.0/37230.0 days/days; walltime: 7.8
37035.0/37230.0 days/days; walltime: 8.0
37036.0/37230.0 days/days; walltime: 6.9
37037.0/37230.0 days/days; walltime: 6.2
37038.0/37230.0 days/days; walltime: 5.6
37039.0/37230.0 days/days; walltime: 4.5
37040.0/37230.0 days/days; walltime: 3.6
37041.0/37230.0 days/days; walltime: 5.6
37042.0/37230.0 days/days; walltime: 2.5
37043.0/37230.0 days/days; walltime: 10.9
37044.0/37230.0 days/days; walltime: 13.8
37045.0/37230.0 days/days; walltime: 4.5
37046.0/37230.0 days/days; walltime: 7.9
37047.0/37230.0 days/days; walltime: 19.7
37048.0/37230.0 days/days; walltime: 13.9
37049.0/37230.0 days/days; walltime: 17.5
37050.0/37230.0 days/days; walltime: 16.6
37051.0/37230.0 days/days; walltime: 3.4
37052.0/37230.0 days/days; walltime: 19.6
37053.0/37230.0 days/days; walltime: 4.6
37054.0/37230.0 days/days; walltime: 3.2
37055.0/37230.0 days/days; walltime: 6.8
37056.0/37230.0 days/days; walltime: 3.5
37057.0/37230.0 days/days; walltime: 5.1
37058.0/37230.0 days/days; walltime: 23.6
37059.0/37230.0 days/days; walltime: 14.0
37060.0/37230.0 days/days; walltime: 19.0
37061.0/37230.0 days/days; walltime: 4.4
37062.0/37230.0 days/days; walltime: 13.3
37063.0/37230.0 days/days; walltime: 6.1
37064.0/37230.0 days/days; walltime: 4.7
37065.0/37230.0 days/days; walltime: 5.0
37066.0/37230.0 days/days; walltime: 5.9
37067.0/37230.0 days/days; walltime: 21.7
37068.0/37230.0 days/days; walltime: 4.1
37069.0/37230.0 days/days; walltime: 4.6
37070.0/37230.0 days/days; walltime: 6.0
37071.0/37230.0 days/days; walltime: 8.1
37072.0/37230.0 days/days; walltime: 11.0
37073.0/37230.0 days/days; walltime: 6.4
37074.0/37230.0 days/days; walltime: 7.2
37075.0/37230.0 days/days; walltime: 10.9
37076.0/37230.0 days/days; walltime: 6.1
37077.0/37230.0 days/days; walltime: 7.8
37078.0/37230.0 days/days; walltime: 8.4
37079.0/37230.0 days/days; walltime: 5.6
37080.0/37230.0 days/days; walltime: 6.2
37081.0/37230.0 days/days; walltime: 10.5
37082.0/37230.0 days/days; walltime: 11.6
37083.0/37230.0 days/days; walltime: 6.7
37084.0/37230.0 days/days; walltime: 11.0
37085.0/37230.0 days/days; walltime: 12.5
37086.0/37230.0 days/days; walltime: 13.5
37087.0/37230.0 days/days; walltime: 11.3
37088.0/37230.0 days/days; walltime: 13.9
37089.0/37230.0 days/days; walltime: 15.1
37090.0/37230.0 days/days; walltime: 14.6
37091.0/37230.0 days/days; walltime: 19.4
37092.0/37230.0 days/days; walltime: 13.7
37093.0/37230.0 days/days; walltime: 16.1
37094.0/37230.0 days/days; walltime: 19.1
37095.0/37230.0 days/days; walltime: 16.4
37096.0/37230.0 days/days; walltime: 16.9
37097.0/37230.0 days/days; walltime: 13.7
37098.0/37230.0 days/days; walltime: 11.7
37099.0/37230.0 days/days; walltime: 9.8
37100.0/37230.0 days/days; walltime: 19.5
37101.0/37230.0 days/days; walltime: 24.0
37102.0/37230.0 days/days; walltime: 16.1
37103.0/37230.0 days/days; walltime: 4.7
37104.0/37230.0 days/days; walltime: 6.4
37105.0/37230.0 days/days; walltime: 7.4
37106.0/37230.0 days/days; walltime: 1.5
37107.0/37230.0 days/days; walltime: 0.8
37108.0/37230.0 days/days; walltime: 1.3
37109.0/37230.0 days/days; walltime: 1.2
37110.0/37230.0 days/days; walltime: 1.4
37111.0/37230.0 days/days; walltime: 3.3
37112.0/37230.0 days/days; walltime: 1.1
37113.0/37230.0 days/days; walltime: 1.0
37114.0/37230.0 days/days; walltime: 1.1
37115.0/37230.0 days/days; walltime: 0.9
37116.0/37230.0 days/days; walltime: 0.7
37117.0/37230.0 days/days; walltime: 0.7
37118.0/37230.0 days/days; walltime: 0.7
37119.0/37230.0 days/days; walltime: 0.7
37120.0/37230.0 days/days; walltime: 0.7
37121.0/37230.0 days/days; walltime: 0.5
37122.0/37230.0 days/days; walltime: 0.4
37123.0/37230.0 days/days; walltime: 0.3
37124.0/37230.0 days/days; walltime: 0.7
37125.0/37230.0 days/days; walltime: 0.8
37126.0/37230.0 days/days; walltime: 6.9
37127.0/37230.0 days/days; walltime: 0.3
37128.0/37230.0 days/days; walltime: 0.5
37129.0/37230.0 days/days; walltime: 0.6
37130.0/37230.0 days/days; walltime: 0.4
37131.0/37230.0 days/days; walltime: 0.6
37132.0/37230.0 days/days; walltime: 0.4
37133.0/37230.0 days/days; walltime: 0.4
37134.0/37230.0 days/days; walltime: 0.4
37135.0/37230.0 days/days; walltime: 0.6
37136.0/37230.0 days/days; walltime: 0.4
37137.0/37230.0 days/days; walltime: 0.3
37138.0/37230.0 days/days; walltime: 0.4
37139.0/37230.0 days/days; walltime: 0.3
37140.0/37230.0 days/days; walltime: 0.4
37141.0/37230.0 days/days; walltime: 0.4
37142.0/37230.0 days/days; walltime: 0.3
37143.0/37230.0 days/days; walltime: 0.3
37144.0/37230.0 days/days; walltime: 0.3
37145.0/37230.0 days/days; walltime: 0.4
37146.0/37230.0 days/days; walltime: 0.4
37147.0/37230.0 days/days; walltime: 0.4
37148.0/37230.0 days/days; walltime: 0.4
37149.0/37230.0 days/days; walltime: 0.4
37150.0/37230.0 days/days; walltime: 0.4
37151.0/37230.0 days/days; walltime: 0.4
37152.0/37230.0 days/days; walltime: 0.3
37153.0/37230.0 days/days; walltime: 0.3
37154.0/37230.0 days/days; walltime: 0.4
37155.0/37230.0 days/days; walltime: 0.3
37156.0/37230.0 days/days; walltime: 0.3
37157.0/37230.0 days/days; walltime: 0.4
37158.0/37230.0 days/days; walltime: 0.5
37159.0/37230.0 days/days; walltime: 0.4
37160.0/37230.0 days/days; walltime: 0.3
37161.0/37230.0 days/days; walltime: 0.4
37162.0/37230.0 days/days; walltime: 0.5
37163.0/37230.0 days/days; walltime: 0.4
37164.0/37230.0 days/days; walltime: 0.4
37165.0/37230.0 days/days; walltime: 0.3
37166.0/37230.0 days/days; walltime: 0.4
37167.0/37230.0 days/days; walltime: 0.4
37168.0/37230.0 days/days; walltime: 0.3
37169.0/37230.0 days/days; walltime: 0.3
37170.0/37230.0 days/days; walltime: 0.4
37171.0/37230.0 days/days; walltime: 0.3
37172.0/37230.0 days/days; walltime: 0.2
37173.0/37230.0 days/days; walltime: 2.7
37174.0/37230.0 days/days; walltime: 0.1
37175.0/37230.0 days/days; walltime: 0.3
37176.0/37230.0 days/days; walltime: 0.3
37177.0/37230.0 days/days; walltime: 0.1
37178.0/37230.0 days/days; walltime: 0.3
37179.0/37230.0 days/days; walltime: 0.1
37180.0/37230.0 days/days; walltime: 0.3
37181.0/37230.0 days/days; walltime: 0.3
37182.0/37230.0 days/days; walltime: 0.1
37183.0/37230.0 days/days; walltime: 0.3
37184.0/37230.0 days/days; walltime: 0.1
37185.0/37230.0 days/days; walltime: 0.3
37186.0/37230.0 days/days; walltime: 0.1
37187.0/37230.0 days/days; walltime: 0.3
37188.0/37230.0 days/days; walltime: 0.1
37189.0/37230.0 days/days; walltime: 0.3
37190.0/37230.0 days/days; walltime: 0.1
37191.0/37230.0 days/days; walltime: 0.3
37192.0/37230.0 days/days; walltime: 0.0
37193.0/37230.0 days/days; walltime: 0.1
37194.0/37230.0 days/days; walltime: 0.3
37195.0/37230.0 days/days; walltime: 0.1
37196.0/37230.0 days/days; walltime: 0.2
37197.0/37230.0 days/days; walltime: 0.1
37198.0/37230.0 days/days; walltime: 0.0
37199.0/37230.0 days/days; walltime: 0.3
37200.0/37230.0 days/days; walltime: 0.1
37201.0/37230.0 days/days; walltime: 0.2
37202.0/37230.0 days/days; walltime: 0.1
37203.0/37230.0 days/days; walltime: 0.0
37204.0/37230.0 days/days; walltime: 0.3
37205.0/37230.0 days/days; walltime: 0.0
37206.0/37230.0 days/days; walltime: 0.0
37207.0/37230.0 days/days; walltime: 0.3
37208.0/37230.0 days/days; walltime: 0.0
37209.0/37230.0 days/days; walltime: 0.3
37210.0/37230.0 days/days; walltime: 0.0
37211.0/37230.0 days/days; walltime: 0.0
37212.0/37230.0 days/days; walltime: 0.0
37213.0/37230.0 days/days; walltime: 0.3
37214.0/37230.0 days/days; walltime: 0.0
37215.0/37230.0 days/days; walltime: 0.0
37216.0/37230.0 days/days; walltime: 0.2
37217.0/37230.0 days/days; walltime: 0.1
37218.0/37230.0 days/days; walltime: 0.0
37219.0/37230.0 days/days; walltime: 0.2
37220.0/37230.0 days/days; walltime: 0.0
37221.0/37230.0 days/days; walltime: 0.0
37222.0/37230.0 days/days; walltime: 0.0
37223.0/37230.0 days/days; walltime: 0.3
37224.0/37230.0 days/days; walltime: 0.0
37225.0/37230.0 days/days; walltime: 0.0
37226.0/37230.0 days/days; walltime: 0.2
37227.0/37230.0 days/days; walltime: 0.0
37228.0/37230.0 days/days; walltime: 0.0
37229.0/37230.0 days/days; walltime: 0.0
37230.0/37230.0 days/days; walltime: 0.2
Wallclock for model run: 3064.0s
 

fields = 

  struct with fields:

    nodes: [1x1 struct]
    edges: [1x1 struct]
       BC: [1x1 struct]

No cases left; exiting.
