Case 2:
Picked up JAVA_TOOL_OPTIONS: -Xmx2g
Opening log file:  /tmp/java.log.10276

                            < M A T L A B (R) >
                  Copyright 1984-2022 The MathWorks, Inc.
                  R2022a (9.12.0.1884302) 64-bit (glnxa64)
                             February 16, 2022

 
To get started, type doc.
For product information, visit www.mathworks.com.
 

config = 

  struct with fields:

                 k_s: 0.0212
                 l_c: 10
            n_moulin: 68
    creep_const_soft: 0
             mesh_nr: 4
                 k_c: 0.1500
               h_bed: 0.5000
               l_bed: 10
               alpha: 1.5000
                beta: 1.5000
               omega: 0

Running model run (ode15s):
Run to steady
Saving model run to
./RUN/output_002_steady.nc
Fields, IC & BC initialised
Initial phi calculated in 5.5s
0.0/36500.0 days/days; walltime: 22.5
-----------------------------------------------------------------------------------------------------------------------------------------------------------------------------------1825.0/36500.0 days/days; walltime: 225.3
------------------------3650.0/36500.0 days/days; walltime: 2.0
--------------5475.0/36500.0 days/days; walltime: 1.0
----------7300.0/36500.0 days/days; walltime: 0.9
--------------------------------------------------------------------------------------------------------------------------------------------------------------------------------------------------------9125.0/36500.0 days/days; walltime: 14.8
----------------------------------------------------------------------------------------------------------------------------------------------------------------------------------------------------------------------------------------------------------------------------------------------------------------------------------------------------------------------------------------------------------------------------------------------------------------------------------------------------------------------------------------------------------------------------------------------------------------------------------------------------------------------------------------------------------------------------------------------------------------------------------------------------------------------------------------------------------------------------------------------------------------------------------------------------------------------------------------------------------------------------------------------------------------------------------------------------------------------------------------------------------------------------------------------------------------------------------------------------------------------------------------------------------------------------------------------------------------------------------------------------------------------------------------------------------------------------------------------------------------------------------------------------------------------------------------------------------------------------------------------------------------------------------------------------------------------------------------------------------------------------------------------------------------------------------------------------------------------------------------------------------------------------------------------------------------------------------------------------------------------------------------------------------------------------------------------------------------------------------------------------------------------------------------------------------------------------------------------------------------------------------------------------------------------------------------------------------------------------------------------------------------------------------------------------------------------------------------------------------------------------------------------------------------------------------------------------------------------------------------------------------------------------------------------------------------------------------------------------------------------------------------------------------------------------------------------------------------------------------------------------------------------------------------------------------------------------------------------------------------------------------------------------------------------------------------------------------------------------10950.0/36500.0 days/days; walltime: 212.0
---------------------------------------------------------------------------------------------------------------------------------------------------------------------------------------------------------------------------------------------------------------------------------------------------------------------------------------------------------------------------------------------------------------------------------12775.0/36500.0 days/days; walltime: 241.3
-------------------------------------14600.0/36500.0 days/days; walltime: 268.9
--------------------------------16425.0/36500.0 days/days; walltime: 181.7
-------------18250.0/36500.0 days/days; walltime: 169.6
--20075.0/36500.0 days/days; walltime: 85.3
21900.0/36500.0 days/days; walltime: 15.1
--23725.0/36500.0 days/days; walltime: 10.6
25550.0/36500.0 days/days; walltime: 3.0
27375.0/36500.0 days/days; walltime: 3.7
-29200.0/36500.0 days/days; walltime: 5.3
31025.0/36500.0 days/days; walltime: 2.8
32850.0/36500.0 days/days; walltime: 1.6
34675.0/36500.0 days/days; walltime: 1.0
36500.0/36500.0 days/days; walltime: 1.3
Wallclock for model run: 1476.2s
 

fields = 

  struct with fields:

    nodes: [1x1 struct]
    edges: [1x1 struct]
       BC: [1x1 struct]

Running model run (ode15s):
Run seasonal
Saving model run to
./RUN/output_002_seasonal.nc
IC initialised from struct
IC initialised from file/given & rest from parameters and given functions
36500.0/37230.0 days/days; walltime: 17.7
36501.0/37230.0 days/days; walltime: 116.9
36502.0/37230.0 days/days; walltime: 4.5
36503.0/37230.0 days/days; walltime: 4.3
36504.0/37230.0 days/days; walltime: 5.2
36505.0/37230.0 days/days; walltime: 3.4
36506.0/37230.0 days/days; walltime: 4.9
36507.0/37230.0 days/days; walltime: 2.3
36508.0/37230.0 days/days; walltime: 2.3
36509.0/37230.0 days/days; walltime: 2.2
36510.0/37230.0 days/days; walltime: 3.8
36511.0/37230.0 days/days; walltime: 1.4
36512.0/37230.0 days/days; walltime: 1.5
36513.0/37230.0 days/days; walltime: 1.4
36514.0/37230.0 days/days; walltime: 1.2
36515.0/37230.0 days/days; walltime: 3.1
36516.0/37230.0 days/days; walltime: 0.9
36517.0/37230.0 days/days; walltime: 0.9
36518.0/37230.0 days/days; walltime: 0.8
36519.0/37230.0 days/days; walltime: 0.8
36520.0/37230.0 days/days; walltime: 1.0
36521.0/37230.0 days/days; walltime: 1.0
36522.0/37230.0 days/days; walltime: 0.8
36523.0/37230.0 days/days; walltime: 2.6
36524.0/37230.0 days/days; walltime: 0.9
36525.0/37230.0 days/days; walltime: 0.5
36526.0/37230.0 days/days; walltime: 0.6
36527.0/37230.0 days/days; walltime: 0.8
36528.0/37230.0 days/days; walltime: 0.8
36529.0/37230.0 days/days; walltime: 0.7
36530.0/37230.0 days/days; walltime: 0.6
36531.0/37230.0 days/days; walltime: 0.8
36532.0/37230.0 days/days; walltime: 0.7
36533.0/37230.0 days/days; walltime: 0.6
36534.0/37230.0 days/days; walltime: 0.6
36535.0/37230.0 days/days; walltime: 0.6
36536.0/37230.0 days/days; walltime: 0.6
36537.0/37230.0 days/days; walltime: 0.6
36538.0/37230.0 days/days; walltime: 2.3
36539.0/37230.0 days/days; walltime: 0.6
36540.0/37230.0 days/days; walltime: 0.6
36541.0/37230.0 days/days; walltime: 0.5
36542.0/37230.0 days/days; walltime: 0.6
36543.0/37230.0 days/days; walltime: 0.3
36544.0/37230.0 days/days; walltime: 0.4
36545.0/37230.0 days/days; walltime: 0.5
36546.0/37230.0 days/days; walltime: 0.6
36547.0/37230.0 days/days; walltime: 0.5
36548.0/37230.0 days/days; walltime: 0.3
36549.0/37230.0 days/days; walltime: 0.4
36550.0/37230.0 days/days; walltime: 0.5
36551.0/37230.0 days/days; walltime: 0.5
36552.0/37230.0 days/days; walltime: 23.7
36553.0/37230.0 days/days; walltime: 2.3
36554.0/37230.0 days/days; walltime: 0.4
36555.0/37230.0 days/days; walltime: 0.4
36556.0/37230.0 days/days; walltime: 0.2
36557.0/37230.0 days/days; walltime: 0.5
36558.0/37230.0 days/days; walltime: 0.3
36559.0/37230.0 days/days; walltime: 0.3
36560.0/37230.0 days/days; walltime: 0.4
36561.0/37230.0 days/days; walltime: 0.4
36562.0/37230.0 days/days; walltime: 0.2
36563.0/37230.0 days/days; walltime: 0.3
36564.0/37230.0 days/days; walltime: 0.3
36565.0/37230.0 days/days; walltime: 0.3
36566.0/37230.0 days/days; walltime: 0.2
36567.0/37230.0 days/days; walltime: 0.3
36568.0/37230.0 days/days; walltime: 0.2
36569.0/37230.0 days/days; walltime: 0.4
36570.0/37230.0 days/days; walltime: 0.2
36571.0/37230.0 days/days; walltime: 0.4
36572.0/37230.0 days/days; walltime: 0.2
36573.0/37230.0 days/days; walltime: 0.3
36574.0/37230.0 days/days; walltime: 0.2
36575.0/37230.0 days/days; walltime: 0.3
36576.0/37230.0 days/days; walltime: 0.2
36577.0/37230.0 days/days; walltime: 0.3
36578.0/37230.0 days/days; walltime: 0.2
36579.0/37230.0 days/days; walltime: 0.3
36580.0/37230.0 days/days; walltime: 0.2
36581.0/37230.0 days/days; walltime: 0.4
36582.0/37230.0 days/days; walltime: 0.1
36583.0/37230.0 days/days; walltime: 0.3
36584.0/37230.0 days/days; walltime: 0.2
36585.0/37230.0 days/days; walltime: 0.3
36586.0/37230.0 days/days; walltime: 0.2
36587.0/37230.0 days/days; walltime: 0.1
36588.0/37230.0 days/days; walltime: 0.3
36589.0/37230.0 days/days; walltime: 0.2
36590.0/37230.0 days/days; walltime: 0.2
36591.0/37230.0 days/days; walltime: 0.2
36592.0/37230.0 days/days; walltime: 0.4
36593.0/37230.0 days/days; walltime: 0.1
36594.0/37230.0 days/days; walltime: 0.2
36595.0/37230.0 days/days; walltime: 0.2
36596.0/37230.0 days/days; walltime: 0.2
36597.0/37230.0 days/days; walltime: 0.3
36598.0/37230.0 days/days; walltime: 0.1
36599.0/37230.0 days/days; walltime: 0.2
36600.0/37230.0 days/days; walltime: 0.2
36601.0/37230.0 days/days; walltime: 0.2
36602.0/37230.0 days/days; walltime: 0.1
36603.0/37230.0 days/days; walltime: 0.3
36604.0/37230.0 days/days; walltime: 0.1
36605.0/37230.0 days/days; walltime: 0.1
36606.0/37230.0 days/days; walltime: 0.4
36607.0/37230.0 days/days; walltime: 0.1
36608.0/37230.0 days/days; walltime: 0.4
36609.0/37230.0 days/days; walltime: 0.1
36610.0/37230.0 days/days; walltime: 0.1
36611.0/37230.0 days/days; walltime: 0.4
36612.0/37230.0 days/days; walltime: 0.1
36613.0/37230.0 days/days; walltime: 0.1
36614.0/37230.0 days/days; walltime: 0.4
36615.0/37230.0 days/days; walltime: 0.1
36616.0/37230.0 days/days; walltime: 0.1
36617.0/37230.0 days/days; walltime: 0.1
36618.0/37230.0 days/days; walltime: 0.4
36619.0/37230.0 days/days; walltime: 0.1
36620.0/37230.0 days/days; walltime: 0.1
36621.0/37230.0 days/days; walltime: 0.2
36622.0/37230.0 days/days; walltime: 0.1
36623.0/37230.0 days/days; walltime: 0.2
36624.0/37230.0 days/days; walltime: 0.3
36625.0/37230.0 days/days; walltime: 0.1
36626.0/37230.0 days/days; walltime: 1.8
36627.0/37230.0 days/days; walltime: 11.1
36628.0/37230.0 days/days; walltime: 4.9
36629.0/37230.0 days/days; walltime: 1.6
36630.0/37230.0 days/days; walltime: 9.3
36631.0/37230.0 days/days; walltime: 7.7
36632.0/37230.0 days/days; walltime: 7.5
36633.0/37230.0 days/days; walltime: 9.4
36634.0/37230.0 days/days; walltime: 16.2
36635.0/37230.0 days/days; walltime: 38.2
36636.0/37230.0 days/days; walltime: 30.3
36637.0/37230.0 days/days; walltime: 34.5
36638.0/37230.0 days/days; walltime: 32.2
36639.0/37230.0 days/days; walltime: 34.2
36640.0/37230.0 days/days; walltime: 54.4
36641.0/37230.0 days/days; walltime: 39.8
36642.0/37230.0 days/days; walltime: 58.4
36643.0/37230.0 days/days; walltime: 51.4
36644.0/37230.0 days/days; walltime: 47.2
36645.0/37230.0 days/days; walltime: 46.0
36646.0/37230.0 days/days; walltime: 51.9
36647.0/37230.0 days/days; walltime: 46.5
36648.0/37230.0 days/days; walltime: 45.7
36649.0/37230.0 days/days; walltime: 39.7
36650.0/37230.0 days/days; walltime: 29.3
36651.0/37230.0 days/days; walltime: 35.9
36652.0/37230.0 days/days; walltime: 35.6
36653.0/37230.0 days/days; walltime: 31.1
36654.0/37230.0 days/days; walltime: 31.3
36655.0/37230.0 days/days; walltime: 28.8
36656.0/37230.0 days/days; walltime: 28.0
36657.0/37230.0 days/days; walltime: 28.6
36658.0/37230.0 days/days; walltime: 25.9
36659.0/37230.0 days/days; walltime: 32.8
36660.0/37230.0 days/days; walltime: 23.2
36661.0/37230.0 days/days; walltime: 19.7
36662.0/37230.0 days/days; walltime: 21.5
36663.0/37230.0 days/days; walltime: 18.9
36664.0/37230.0 days/days; walltime: 24.0
36665.0/37230.0 days/days; walltime: 32.3
36666.0/37230.0 days/days; walltime: 40.5
36667.0/37230.0 days/days; walltime: 25.7
36668.0/37230.0 days/days; walltime: 27.1
36669.0/37230.0 days/days; walltime: 34.7
36670.0/37230.0 days/days; walltime: 25.7
36671.0/37230.0 days/days; walltime: 18.3
36672.0/37230.0 days/days; walltime: 19.9
36673.0/37230.0 days/days; walltime: 16.6
36674.0/37230.0 days/days; walltime: 17.4
36675.0/37230.0 days/days; walltime: 15.1
36676.0/37230.0 days/days; walltime: 10.7
36677.0/37230.0 days/days; walltime: 13.3
36678.0/37230.0 days/days; walltime: 10.5
36679.0/37230.0 days/days; walltime: 8.6
36680.0/37230.0 days/days; walltime: 8.9
36681.0/37230.0 days/days; walltime: 7.4
36682.0/37230.0 days/days; walltime: 14.5
36683.0/37230.0 days/days; walltime: 29.7
36684.0/37230.0 days/days; walltime: 9.7
36685.0/37230.0 days/days; walltime: 6.9
36686.0/37230.0 days/days; walltime: 7.1
36687.0/37230.0 days/days; walltime: 5.2
36688.0/37230.0 days/days; walltime: 4.2
36689.0/37230.0 days/days; walltime: 7.2
36690.0/37230.0 days/days; walltime: 3.5
36691.0/37230.0 days/days; walltime: 12.5
36692.0/37230.0 days/days; walltime: 6.7
36693.0/37230.0 days/days; walltime: 18.2
36694.0/37230.0 days/days; walltime: 2.3
36695.0/37230.0 days/days; walltime: 6.9
36696.0/37230.0 days/days; walltime: 2.8
36697.0/37230.0 days/days; walltime: 5.2
36698.0/37230.0 days/days; walltime: 5.0
36699.0/37230.0 days/days; walltime: 5.5
36700.0/37230.0 days/days; walltime: 5.8
36701.0/37230.0 days/days; walltime: 3.3
36702.0/37230.0 days/days; walltime: 3.5
36703.0/37230.0 days/days; walltime: 6.9
36704.0/37230.0 days/days; walltime: 19.3
36705.0/37230.0 days/days; walltime: 4.1
36706.0/37230.0 days/days; walltime: 4.7
36707.0/37230.0 days/days; walltime: 8.3
36708.0/37230.0 days/days; walltime: 8.6
36709.0/37230.0 days/days; walltime: 17.9
36710.0/37230.0 days/days; walltime: 5.0
36711.0/37230.0 days/days; walltime: 7.8
36712.0/37230.0 days/days; walltime: 6.8
36713.0/37230.0 days/days; walltime: 6.4
36714.0/37230.0 days/days; walltime: 7.0
36715.0/37230.0 days/days; walltime: 6.3
36716.0/37230.0 days/days; walltime: 9.1
36717.0/37230.0 days/days; walltime: 6.8
36718.0/37230.0 days/days; walltime: 10.5
36719.0/37230.0 days/days; walltime: 12.1
36720.0/37230.0 days/days; walltime: 12.7
36721.0/37230.0 days/days; walltime: 13.5
36722.0/37230.0 days/days; walltime: 19.3
36723.0/37230.0 days/days; walltime: 11.8
36724.0/37230.0 days/days; walltime: 10.7
36725.0/37230.0 days/days; walltime: 17.5
36726.0/37230.0 days/days; walltime: 23.7
36727.0/37230.0 days/days; walltime: 14.1
36728.0/37230.0 days/days; walltime: 14.9
36729.0/37230.0 days/days; walltime: 10.2
36730.0/37230.0 days/days; walltime: 11.6
36731.0/37230.0 days/days; walltime: 9.5
36732.0/37230.0 days/days; walltime: 9.4
36733.0/37230.0 days/days; walltime: 6.7
36734.0/37230.0 days/days; walltime: 6.7
36735.0/37230.0 days/days; walltime: 5.8
36736.0/37230.0 days/days; walltime: 4.9
36737.0/37230.0 days/days; walltime: 4.1
36738.0/37230.0 days/days; walltime: 4.8
36739.0/37230.0 days/days; walltime: 2.6
36740.0/37230.0 days/days; walltime: 0.7
36741.0/37230.0 days/days; walltime: 0.6
36742.0/37230.0 days/days; walltime: 0.6
36743.0/37230.0 days/days; walltime: 0.6
36744.0/37230.0 days/days; walltime: 0.4
36745.0/37230.0 days/days; walltime: 0.4
36746.0/37230.0 days/days; walltime: 0.5
36747.0/37230.0 days/days; walltime: 0.4
36748.0/37230.0 days/days; walltime: 0.4
36749.0/37230.0 days/days; walltime: 0.3
36750.0/37230.0 days/days; walltime: 0.4
36751.0/37230.0 days/days; walltime: 0.4
36752.0/37230.0 days/days; walltime: 0.4
36753.0/37230.0 days/days; walltime: 0.2
36754.0/37230.0 days/days; walltime: 0.4
36755.0/37230.0 days/days; walltime: 0.2
36756.0/37230.0 days/days; walltime: 0.4
36757.0/37230.0 days/days; walltime: 0.3
36758.0/37230.0 days/days; walltime: 0.3
36759.0/37230.0 days/days; walltime: 0.3
36760.0/37230.0 days/days; walltime: 0.2
36761.0/37230.0 days/days; walltime: 0.3
36762.0/37230.0 days/days; walltime: 2.0
36763.0/37230.0 days/days; walltime: 0.4
36764.0/37230.0 days/days; walltime: 0.2
36765.0/37230.0 days/days; walltime: 0.4
36766.0/37230.0 days/days; walltime: 0.3
36767.0/37230.0 days/days; walltime: 0.3
36768.0/37230.0 days/days; walltime: 0.3
36769.0/37230.0 days/days; walltime: 0.3
36770.0/37230.0 days/days; walltime: 0.3
36771.0/37230.0 days/days; walltime: 37.5
36772.0/37230.0 days/days; walltime: 0.3
36773.0/37230.0 days/days; walltime: 0.1
36774.0/37230.0 days/days; walltime: 0.2
36775.0/37230.0 days/days; walltime: 0.1
36776.0/37230.0 days/days; walltime: 0.1
36777.0/37230.0 days/days; walltime: 0.2
36778.0/37230.0 days/days; walltime: 0.1
36779.0/37230.0 days/days; walltime: 0.2
36780.0/37230.0 days/days; walltime: 0.1
36781.0/37230.0 days/days; walltime: 0.1
36782.0/37230.0 days/days; walltime: 0.2
36783.0/37230.0 days/days; walltime: 0.1
36784.0/37230.0 days/days; walltime: 0.3
36785.0/37230.0 days/days; walltime: 29.2
36786.0/37230.0 days/days; walltime: 0.4
36787.0/37230.0 days/days; walltime: 0.2
36788.0/37230.0 days/days; walltime: 0.2
36789.0/37230.0 days/days; walltime: 0.1
36790.0/37230.0 days/days; walltime: 0.1
36791.0/37230.0 days/days; walltime: 0.2
36792.0/37230.0 days/days; walltime: 0.1
36793.0/37230.0 days/days; walltime: 0.1
36794.0/37230.0 days/days; walltime: 0.2
36795.0/37230.0 days/days; walltime: 0.1
36796.0/37230.0 days/days; walltime: 0.1
36797.0/37230.0 days/days; walltime: 0.3
36798.0/37230.0 days/days; walltime: 0.1
36799.0/37230.0 days/days; walltime: 0.1
36800.0/37230.0 days/days; walltime: 0.1
36801.0/37230.0 days/days; walltime: 0.2
36802.0/37230.0 days/days; walltime: 0.1
36803.0/37230.0 days/days; walltime: 0.1
36804.0/37230.0 days/days; walltime: 0.1
36805.0/37230.0 days/days; walltime: 0.2
36806.0/37230.0 days/days; walltime: 0.1
36807.0/37230.0 days/days; walltime: 0.1
36808.0/37230.0 days/days; walltime: 0.3
36809.0/37230.0 days/days; walltime: 0.1
36810.0/37230.0 days/days; walltime: 0.1
36811.0/37230.0 days/days; walltime: 0.1
36812.0/37230.0 days/days; walltime: 0.2
36814.0/37230.0 days/days; walltime: 0.3
36815.0/37230.0 days/days; walltime: 0.3
36816.0/37230.0 days/days; walltime: 0.1
36817.0/37230.0 days/days; walltime: 0.2
36818.0/37230.0 days/days; walltime: 0.1
36819.0/37230.0 days/days; walltime: 0.1
36820.0/37230.0 days/days; walltime: 0.1
36821.0/37230.0 days/days; walltime: 0.2
36822.0/37230.0 days/days; walltime: 0.1
36823.0/37230.0 days/days; walltime: 0.1
36824.0/37230.0 days/days; walltime: 0.1
36825.0/37230.0 days/days; walltime: 0.2
36827.0/37230.0 days/days; walltime: 0.1
36828.0/37230.0 days/days; walltime: 0.1
36829.0/37230.0 days/days; walltime: 0.1
36830.0/37230.0 days/days; walltime: 0.2
36831.0/37230.0 days/days; walltime: 0.1
36832.0/37230.0 days/days; walltime: 71.0
36833.0/37230.0 days/days; walltime: 0.9
36834.0/37230.0 days/days; walltime: 0.3
36835.0/37230.0 days/days; walltime: 0.1
36836.0/37230.0 days/days; walltime: 0.1
36837.0/37230.0 days/days; walltime: 0.3
36839.0/37230.0 days/days; walltime: 0.1
36840.0/37230.0 days/days; walltime: 0.1
36841.0/37230.0 days/days; walltime: 0.1
36843.0/37230.0 days/days; walltime: 0.2
36844.0/37230.0 days/days; walltime: 0.1
36845.0/37230.0 days/days; walltime: 0.1
36847.0/37230.0 days/days; walltime: 0.1
36848.0/37230.0 days/days; walltime: 0.2
36850.0/37230.0 days/days; walltime: 0.1
36851.0/37230.0 days/days; walltime: 0.1
36852.0/37230.0 days/days; walltime: 0.1
36854.0/37230.0 days/days; walltime: 0.2
36855.0/37230.0 days/days; walltime: 0.1
36857.0/37230.0 days/days; walltime: 0.1
36859.0/37230.0 days/days; walltime: 0.1
36860.0/37230.0 days/days; walltime: 0.2
36862.0/37230.0 days/days; walltime: 0.1
36863.0/37230.0 days/days; walltime: 0.1
36865.0/37230.0 days/days; walltime: 0.1
36866.0/37230.0 days/days; walltime: 0.2
36868.0/37230.0 days/days; walltime: 0.1
36870.0/37230.0 days/days; walltime: 0.1
36872.0/37230.0 days/days; walltime: 0.1
36873.0/37230.0 days/days; walltime: 0.2
36875.0/37230.0 days/days; walltime: 0.1
36877.0/37230.0 days/days; walltime: 0.1
36879.0/37230.0 days/days; walltime: 0.1
36881.0/37230.0 days/days; walltime: 0.2
36883.0/37230.0 days/days; walltime: 30.0
36884.0/37230.0 days/days; walltime: 0.1
36885.0/37230.0 days/days; walltime: 0.1
36886.0/37230.0 days/days; walltime: 0.1
36887.0/37230.0 days/days; walltime: 0.2
-36890.0/37230.0 days/days; walltime: 0.1
36892.0/37230.0 days/days; walltime: 0.1
36894.0/37230.0 days/days; walltime: 0.1
36897.0/37230.0 days/days; walltime: 0.1
36899.0/37230.0 days/days; walltime: 0.1
36901.0/37230.0 days/days; walltime: 0.1
36903.0/37230.0 days/days; walltime: 0.1
36906.0/37230.0 days/days; walltime: 0.1
36908.0/37230.0 days/days; walltime: 0.1
36910.0/37230.0 days/days; walltime: 0.1
36913.0/37230.0 days/days; walltime: 0.1
36915.0/37230.0 days/days; walltime: 0.1
36917.0/37230.0 days/days; walltime: 0.1
36920.0/37230.0 days/days; walltime: 0.1
36922.0/37230.0 days/days; walltime: 0.1
36924.0/37230.0 days/days; walltime: 0.1
36926.0/37230.0 days/days; walltime: 0.1
36929.0/37230.0 days/days; walltime: 0.2
36931.0/37230.0 days/days; walltime: 0.1
36933.0/37230.0 days/days; walltime: 0.1
36936.0/37230.0 days/days; walltime: 0.1
36938.0/37230.0 days/days; walltime: 0.2
36940.0/37230.0 days/days; walltime: 0.1
36943.0/37230.0 days/days; walltime: 0.1
36945.0/37230.0 days/days; walltime: 0.1
36948.0/37230.0 days/days; walltime: 0.2
36950.0/37230.0 days/days; walltime: 0.1
36952.0/37230.0 days/days; walltime: 0.1
36955.0/37230.0 days/days; walltime: 0.1
36957.0/37230.0 days/days; walltime: 0.2
36960.0/37230.0 days/days; walltime: 0.1
-36962.0/37230.0 days/days; walltime: 99.6
36963.0/37230.0 days/days; walltime: 2.4
36964.0/37230.0 days/days; walltime: 0.2
36965.0/37230.0 days/days; walltime: 0.3
36966.0/37230.0 days/days; walltime: 36.8
36967.0/37230.0 days/days; walltime: 0.3
36968.0/37230.0 days/days; walltime: 0.3
36970.0/37230.0 days/days; walltime: 0.1
36971.0/37230.0 days/days; walltime: 16.1
36972.0/37230.0 days/days; walltime: 0.4
36973.0/37230.0 days/days; walltime: 0.1
36974.0/37230.0 days/days; walltime: 0.1
36975.0/37230.0 days/days; walltime: 0.1
36976.0/37230.0 days/days; walltime: 0.2
36979.0/37230.0 days/days; walltime: 0.1
36983.0/37230.0 days/days; walltime: 0.1
36986.0/37230.0 days/days; walltime: 0.1
--36990.0/37230.0 days/days; walltime: 153.4
36991.0/37230.0 days/days; walltime: 0.2
36992.0/37230.0 days/days; walltime: 6.5
36993.0/37230.0 days/days; walltime: 2.2
36994.0/37230.0 days/days; walltime: 5.3
36995.0/37230.0 days/days; walltime: 5.8
36996.0/37230.0 days/days; walltime: 5.8
36997.0/37230.0 days/days; walltime: 7.7
36998.0/37230.0 days/days; walltime: 17.6
36999.0/37230.0 days/days; walltime: 28.9
37000.0/37230.0 days/days; walltime: 27.1
37001.0/37230.0 days/days; walltime: 43.0
37002.0/37230.0 days/days; walltime: 35.1
37003.0/37230.0 days/days; walltime: 31.5
37004.0/37230.0 days/days; walltime: 40.3
37005.0/37230.0 days/days; walltime: 50.4
37006.0/37230.0 days/days; walltime: 47.3
37007.0/37230.0 days/days; walltime: 50.2
37008.0/37230.0 days/days; walltime: 45.9
37009.0/37230.0 days/days; walltime: 45.6
37010.0/37230.0 days/days; walltime: 46.1
37011.0/37230.0 days/days; walltime: 52.6
37012.0/37230.0 days/days; walltime: 52.0
37013.0/37230.0 days/days; walltime: 43.7
37014.0/37230.0 days/days; walltime: 34.7
37015.0/37230.0 days/days; walltime: 34.9
37016.0/37230.0 days/days; walltime: 36.8
37017.0/37230.0 days/days; walltime: 56.2
37018.0/37230.0 days/days; walltime: 35.8
37019.0/37230.0 days/days; walltime: 33.7
37020.0/37230.0 days/days; walltime: 30.9
37021.0/37230.0 days/days; walltime: 35.3
37022.0/37230.0 days/days; walltime: 30.9
37023.0/37230.0 days/days; walltime: 30.8
37024.0/37230.0 days/days; walltime: 28.5
37025.0/37230.0 days/days; walltime: 22.2
37026.0/37230.0 days/days; walltime: 25.7
37027.0/37230.0 days/days; walltime: 21.9
37028.0/37230.0 days/days; walltime: 20.4
37029.0/37230.0 days/days; walltime: 21.6
37030.0/37230.0 days/days; walltime: 25.2
37031.0/37230.0 days/days; walltime: 36.4
37032.0/37230.0 days/days; walltime: 28.5
37033.0/37230.0 days/days; walltime: 27.5
37034.0/37230.0 days/days; walltime: 23.3
37035.0/37230.0 days/days; walltime: 22.9
37036.0/37230.0 days/days; walltime: 20.6
37037.0/37230.0 days/days; walltime: 18.3
37038.0/37230.0 days/days; walltime: 25.4
37039.0/37230.0 days/days; walltime: 16.7
37040.0/37230.0 days/days; walltime: 14.9
37041.0/37230.0 days/days; walltime: 11.5
37042.0/37230.0 days/days; walltime: 14.9
37043.0/37230.0 days/days; walltime: 14.0
37044.0/37230.0 days/days; walltime: 10.4
37045.0/37230.0 days/days; walltime: 13.9
37046.0/37230.0 days/days; walltime: 13.1
37047.0/37230.0 days/days; walltime: 6.4
37048.0/37230.0 days/days; walltime: 12.4
37049.0/37230.0 days/days; walltime: 47.5
37050.0/37230.0 days/days; walltime: 26.9
37051.0/37230.0 days/days; walltime: 8.3
37052.0/37230.0 days/days; walltime: 4.1
37053.0/37230.0 days/days; walltime: 5.9
37054.0/37230.0 days/days; walltime: 7.8
37055.0/37230.0 days/days; walltime: 3.7
37056.0/37230.0 days/days; walltime: 10.1
37057.0/37230.0 days/days; walltime: 4.8
37058.0/37230.0 days/days; walltime: 16.6
37059.0/37230.0 days/days; walltime: 7.5
37060.0/37230.0 days/days; walltime: 2.9
37061.0/37230.0 days/days; walltime: 3.5
37062.0/37230.0 days/days; walltime: 5.3
37063.0/37230.0 days/days; walltime: 6.7
37064.0/37230.0 days/days; walltime: 3.5
37065.0/37230.0 days/days; walltime: 5.7
37066.0/37230.0 days/days; walltime: 4.3
37067.0/37230.0 days/days; walltime: 4.0
37068.0/37230.0 days/days; walltime: 7.0
37069.0/37230.0 days/days; walltime: 17.5
37070.0/37230.0 days/days; walltime: 4.6
37071.0/37230.0 days/days; walltime: 5.2
37072.0/37230.0 days/days; walltime: 8.7
37073.0/37230.0 days/days; walltime: 10.6
37074.0/37230.0 days/days; walltime: 11.5
37075.0/37230.0 days/days; walltime: 5.7
37076.0/37230.0 days/days; walltime: 6.4
37077.0/37230.0 days/days; walltime: 7.0
37078.0/37230.0 days/days; walltime: 6.0
37079.0/37230.0 days/days; walltime: 7.9
37080.0/37230.0 days/days; walltime: 6.2
37081.0/37230.0 days/days; walltime: 9.0
37082.0/37230.0 days/days; walltime: 7.3
37083.0/37230.0 days/days; walltime: 8.6
37084.0/37230.0 days/days; walltime: 11.5
37085.0/37230.0 days/days; walltime: 9.6
37086.0/37230.0 days/days; walltime: 11.5
37087.0/37230.0 days/days; walltime: 20.4
37088.0/37230.0 days/days; walltime: 10.9
37089.0/37230.0 days/days; walltime: 13.0
37090.0/37230.0 days/days; walltime: 14.8
37091.0/37230.0 days/days; walltime: 32.4
37092.0/37230.0 days/days; walltime: 12.9
37093.0/37230.0 days/days; walltime: 17.6
37094.0/37230.0 days/days; walltime: 10.2
37095.0/37230.0 days/days; walltime: 10.9
37096.0/37230.0 days/days; walltime: 9.8
37097.0/37230.0 days/days; walltime: 10.5
37098.0/37230.0 days/days; walltime: 6.0
37099.0/37230.0 days/days; walltime: 7.2
37100.0/37230.0 days/days; walltime: 7.3
37101.0/37230.0 days/days; walltime: 4.3
37102.0/37230.0 days/days; walltime: 4.5
37103.0/37230.0 days/days; walltime: 4.7
37104.0/37230.0 days/days; walltime: 2.5
37105.0/37230.0 days/days; walltime: 0.9
37106.0/37230.0 days/days; walltime: 0.4
37107.0/37230.0 days/days; walltime: 0.4
37108.0/37230.0 days/days; walltime: 0.4
37109.0/37230.0 days/days; walltime: 0.4
37110.0/37230.0 days/days; walltime: 0.6
37111.0/37230.0 days/days; walltime: 0.2
37112.0/37230.0 days/days; walltime: 0.4
37113.0/37230.0 days/days; walltime: 0.3
37114.0/37230.0 days/days; walltime: 0.3
37115.0/37230.0 days/days; walltime: 0.3
37116.0/37230.0 days/days; walltime: 0.3
37117.0/37230.0 days/days; walltime: 0.3
37118.0/37230.0 days/days; walltime: 0.4
37119.0/37230.0 days/days; walltime: 0.2
37120.0/37230.0 days/days; walltime: 0.4
37121.0/37230.0 days/days; walltime: 0.2
37122.0/37230.0 days/days; walltime: 0.4
37123.0/37230.0 days/days; walltime: 0.3
37124.0/37230.0 days/days; walltime: 0.2
37125.0/37230.0 days/days; walltime: 0.3
37126.0/37230.0 days/days; walltime: 0.2
37127.0/37230.0 days/days; walltime: 2.2
37128.0/37230.0 days/days; walltime: 0.2
37129.0/37230.0 days/days; walltime: 0.3
37130.0/37230.0 days/days; walltime: 0.2
37131.0/37230.0 days/days; walltime: 0.3
37132.0/37230.0 days/days; walltime: 0.1
37133.0/37230.0 days/days; walltime: 0.3
37134.0/37230.0 days/days; walltime: 0.2
37135.0/37230.0 days/days; walltime: 0.1
37136.0/37230.0 days/days; walltime: 0.3
37137.0/37230.0 days/days; walltime: 0.2
37138.0/37230.0 days/days; walltime: 0.2
37139.0/37230.0 days/days; walltime: 0.2
37140.0/37230.0 days/days; walltime: 0.1
37141.0/37230.0 days/days; walltime: 0.4
37142.0/37230.0 days/days; walltime: 0.2
37143.0/37230.0 days/days; walltime: 0.2
37144.0/37230.0 days/days; walltime: 0.2
37145.0/37230.0 days/days; walltime: 0.1
37146.0/37230.0 days/days; walltime: 0.2
37147.0/37230.0 days/days; walltime: 0.2
37148.0/37230.0 days/days; walltime: 0.1
37149.0/37230.0 days/days; walltime: 0.3
37150.0/37230.0 days/days; walltime: 0.1
37151.0/37230.0 days/days; walltime: 0.1
37152.0/37230.0 days/days; walltime: 0.3
37153.0/37230.0 days/days; walltime: 0.1
37154.0/37230.0 days/days; walltime: 0.1
37155.0/37230.0 days/days; walltime: 0.2
37156.0/37230.0 days/days; walltime: 0.2
37157.0/37230.0 days/days; walltime: 0.1
37158.0/37230.0 days/days; walltime: 0.2
37159.0/37230.0 days/days; walltime: 43.7
37160.0/37230.0 days/days; walltime: 0.3
37161.0/37230.0 days/days; walltime: 0.3
37162.0/37230.0 days/days; walltime: 0.1
37163.0/37230.0 days/days; walltime: 0.3
37164.0/37230.0 days/days; walltime: 0.1
37165.0/37230.0 days/days; walltime: 0.1
37166.0/37230.0 days/days; walltime: 0.1
37167.0/37230.0 days/days; walltime: 0.2
37168.0/37230.0 days/days; walltime: 0.1
37169.0/37230.0 days/days; walltime: 0.1
37170.0/37230.0 days/days; walltime: 0.1
37171.0/37230.0 days/days; walltime: 0.2
37172.0/37230.0 days/days; walltime: 0.1
37173.0/37230.0 days/days; walltime: 0.1
37174.0/37230.0 days/days; walltime: 0.1
37175.0/37230.0 days/days; walltime: 0.2
37176.0/37230.0 days/days; walltime: 0.1
37177.0/37230.0 days/days; walltime: 0.1
37178.0/37230.0 days/days; walltime: 0.1
37180.0/37230.0 days/days; walltime: 0.2
37181.0/37230.0 days/days; walltime: 0.1
37182.0/37230.0 days/days; walltime: 0.1
37183.0/37230.0 days/days; walltime: 0.1
37184.0/37230.0 days/days; walltime: 0.2
37186.0/37230.0 days/days; walltime: 0.1
37187.0/37230.0 days/days; walltime: 0.1
37188.0/37230.0 days/days; walltime: 0.1
37189.0/37230.0 days/days; walltime: 0.2
37191.0/37230.0 days/days; walltime: 0.1
37192.0/37230.0 days/days; walltime: 0.1
37193.0/37230.0 days/days; walltime: 0.1
37195.0/37230.0 days/days; walltime: 0.2
37196.0/37230.0 days/days; walltime: 0.1
37198.0/37230.0 days/days; walltime: 0.1
37199.0/37230.0 days/days; walltime: 0.1
37201.0/37230.0 days/days; walltime: 0.2
37202.0/37230.0 days/days; walltime: 0.1
37204.0/37230.0 days/days; walltime: 0.1
37206.0/37230.0 days/days; walltime: 25.9
37207.0/37230.0 days/days; walltime: 0.2
37208.0/37230.0 days/days; walltime: 0.1
37209.0/37230.0 days/days; walltime: 0.1
37210.0/37230.0 days/days; walltime: 0.1
37212.0/37230.0 days/days; walltime: 0.2
37214.0/37230.0 days/days; walltime: 0.1
37216.0/37230.0 days/days; walltime: 0.1
37218.0/37230.0 days/days; walltime: 0.1
37219.0/37230.0 days/days; walltime: 0.1
37221.0/37230.0 days/days; walltime: 0.2
37223.0/37230.0 days/days; walltime: 0.1
37225.0/37230.0 days/days; walltime: 0.1
37227.0/37230.0 days/days; walltime: 0.1
37229.0/37230.0 days/days; walltime: 0.2
Wallclock for model run: 4940.2s
 

fields = 

  struct with fields:

    nodes: [1x1 struct]
    edges: [1x1 struct]
       BC: [1x1 struct]

No cases left; exiting.
