Case 2:
Picked up JAVA_TOOL_OPTIONS: -Xmx2g
Opening log file:  /tmp/java.log.383

                            < M A T L A B (R) >
                  Copyright 1984-2022 The MathWorks, Inc.
                  R2022a (9.12.0.1884302) 64-bit (glnxa64)
                             February 16, 2022

 
To get started, type doc.
For product information, visit www.mathworks.com.
 

config = 

  struct with fields:

                 k_s: 0.0299
                 l_c: 10
            n_moulin: 68
    creep_const_soft: 0
             mesh_nr: 4
                 k_c: 0.1500
               h_bed: 0.5000
               l_bed: 10
               alpha: 1.5000
                beta: 1.5000
               omega: 0

Running model run (ode15s):
Run to steady
Saving model run to
./RUN/output_002_steady.nc
Fields, IC & BC initialised
Initial phi calculated in 1.4s
0.0/36500.0 days/days; walltime: 19.6
------------------------------1825.0/36500.0 days/days; walltime: 574.0
--------------3650.0/36500.0 days/days; walltime: 1.6
----------5475.0/36500.0 days/days; walltime: 1.0
------7300.0/36500.0 days/days; walltime: 0.6
------------------------------------------------------------------------------------------9125.0/36500.0 days/days; walltime: 6.5
----------------------------------------------------------------------------------------------------------------------------------------------------------------------------------------------------------------------------------------------------------------------------------------------------------------------------------------------------------------------------------------------------------------------------------------------------------------------------------------------------------------------------------------------------------------------------------------------------------------------------------------------------------------------------------------------------------------------------------------------------------------------------------------------------------------------------------------------------------------------------------------------------------------------------------------------------------------------------------------------------------------------------------------------------------------------------------------------------------------------------------------------------------------------------------------------------------------------------------------------------------------------------------------------------------------------------------------------------------------------------------------------------------------------------------------------------------------------------------------------------------------------------------------------------------------------------------------------------------------------------------------------------------------------------------------------------------------------------------------------------------------------------------------------------------------------------------------------------------------------------------------------------------------------------------------------------------------------------------------------------------------------------------------------------------------------------------------------------------------------------------------------------------------------------------------------------------------------------------------------------------------------------------------------------------------------------------------------------------------------------------------------------------------------------------------------------------------------------------------------------------------------------------------------------------------------------------------------------------------------------------------------------------------------------------------------------------------------------------------------------------------------------------------------------------------------------------------------------------------------------------------------------------------------------------------------------------------------------------------------------------------------------------------------------------------------------------------------------------------------------------------------------------------------------------------------------------------------------------------------------------------------------------------------------10950.0/36500.0 days/days; walltime: 225.1
----------------------------------------------------------------------------------------------------------------------------------------------------------------------------------------------------------------------------------------------------------------------------------------------------------------------------------------------------------------------------------------------------------------------------------------------------------------------------------------------------------------------------------------------------------------------------------------------------------------------------------------12775.0/36500.0 days/days; walltime: 112.8
------------------------------------------------------------------------------------------------------------------------------------------------------------------------------------------------------------------------------------------------------------------------------------------------------------------------------------------------------------------------------------------------------------------------------------------------------------------------------------------------------------------------------------------------------------------------------------------------------------------------------------------------------------------------------------------------------------------------------------------------------------------------------------------------------------------------------------------------------------------------------------------------------------------------------------------------------------------------------------------------------------------------------------------------------------------------------------------------------------------------------------------------------------------------------------------------------------14600.0/36500.0 days/days; walltime: 270.2
----------------------------------------------------------------------------------------------------------------------------------------------------------------------16425.0/36500.0 days/days; walltime: 175.6
-----------------------------------------------------------------------------------------------------------------------------------------------------------------------------------------------------------------------------------------------------------------------------------------------------------------------------------------------------------------------------------------------------------------------------------------------------------------------------------------------------------------------------------------------18250.0/36500.0 days/days; walltime: 164.5
-20075.0/36500.0 days/days; walltime: 147.9
21900.0/36500.0 days/days; walltime: 27.7
23725.0/36500.0 days/days; walltime: 56.5
25550.0/36500.0 days/days; walltime: 15.9
27375.0/36500.0 days/days; walltime: 13.8
29200.0/36500.0 days/days; walltime: 9.3
31025.0/36500.0 days/days; walltime: 4.8
32850.0/36500.0 days/days; walltime: 3.8
34675.0/36500.0 days/days; walltime: 3.7
36500.0/36500.0 days/days; walltime: 1.4
Wallclock for model run: 1841.8s
 

fields = 

  struct with fields:

    nodes: [1x1 struct]
    edges: [1x1 struct]
       BC: [1x1 struct]

Running model run (ode15s):
Run seasonal
Saving model run to
./RUN/output_002_seasonal.nc
IC initialised from struct
IC initialised from file/given & rest from parameters and given functions
--36500.0/37230.0 days/days; walltime: 15.4
36501.0/37230.0 days/days; walltime: 117.7
36502.0/37230.0 days/days; walltime: 3.6
36503.0/37230.0 days/days; walltime: 4.4
36504.0/37230.0 days/days; walltime: 6.0
36505.0/37230.0 days/days; walltime: 2.8
36506.0/37230.0 days/days; walltime: 4.2
36507.0/37230.0 days/days; walltime: 2.0
36508.0/37230.0 days/days; walltime: 1.9
36509.0/37230.0 days/days; walltime: 3.7
36510.0/37230.0 days/days; walltime: 1.5
36511.0/37230.0 days/days; walltime: 1.1
36512.0/37230.0 days/days; walltime: 1.3
36513.0/37230.0 days/days; walltime: 2.7
36514.0/37230.0 days/days; walltime: 1.1
36515.0/37230.0 days/days; walltime: 1.2
36516.0/37230.0 days/days; walltime: 1.3
36517.0/37230.0 days/days; walltime: 1.0
36518.0/37230.0 days/days; walltime: 1.1
36519.0/37230.0 days/days; walltime: 2.6
36520.0/37230.0 days/days; walltime: 0.7
36521.0/37230.0 days/days; walltime: 0.9
36522.0/37230.0 days/days; walltime: 0.9
36523.0/37230.0 days/days; walltime: 0.9
36524.0/37230.0 days/days; walltime: 0.7
36525.0/37230.0 days/days; walltime: 25.0
36526.0/37230.0 days/days; walltime: 17.4
36527.0/37230.0 days/days; walltime: 0.6
36528.0/37230.0 days/days; walltime: 0.4
36529.0/37230.0 days/days; walltime: 0.4
36530.0/37230.0 days/days; walltime: 0.6
36531.0/37230.0 days/days; walltime: 0.5
36532.0/37230.0 days/days; walltime: 0.4
36533.0/37230.0 days/days; walltime: 0.4
36534.0/37230.0 days/days; walltime: 0.7
36535.0/37230.0 days/days; walltime: 0.5
36536.0/37230.0 days/days; walltime: 0.4
36537.0/37230.0 days/days; walltime: 0.4
36538.0/37230.0 days/days; walltime: 0.4
36539.0/37230.0 days/days; walltime: 0.5
36540.0/37230.0 days/days; walltime: 0.5
36541.0/37230.0 days/days; walltime: 0.5
36542.0/37230.0 days/days; walltime: 0.5
36543.0/37230.0 days/days; walltime: 0.5
36544.0/37230.0 days/days; walltime: 0.4
36545.0/37230.0 days/days; walltime: 2.0
36546.0/37230.0 days/days; walltime: 0.3
36547.0/37230.0 days/days; walltime: 0.5
36548.0/37230.0 days/days; walltime: 0.4
36549.0/37230.0 days/days; walltime: 0.4
36550.0/37230.0 days/days; walltime: 0.5
36551.0/37230.0 days/days; walltime: 0.4
36552.0/37230.0 days/days; walltime: 0.3
36553.0/37230.0 days/days; walltime: 0.4
36554.0/37230.0 days/days; walltime: 0.4
36555.0/37230.0 days/days; walltime: 0.4
36556.0/37230.0 days/days; walltime: 0.3
36557.0/37230.0 days/days; walltime: 0.3
36558.0/37230.0 days/days; walltime: 0.4
36559.0/37230.0 days/days; walltime: 0.3
36560.0/37230.0 days/days; walltime: 0.4
36561.0/37230.0 days/days; walltime: 0.3
36562.0/37230.0 days/days; walltime: 0.3
36563.0/37230.0 days/days; walltime: 0.3
36564.0/37230.0 days/days; walltime: 0.4
36565.0/37230.0 days/days; walltime: 0.2
36566.0/37230.0 days/days; walltime: 0.4
36567.0/37230.0 days/days; walltime: 0.2
36568.0/37230.0 days/days; walltime: 0.4
36569.0/37230.0 days/days; walltime: 0.3
36570.0/37230.0 days/days; walltime: 0.2
36571.0/37230.0 days/days; walltime: 0.4
36572.0/37230.0 days/days; walltime: 0.2
36573.0/37230.0 days/days; walltime: 0.3
36574.0/37230.0 days/days; walltime: 0.2
36575.0/37230.0 days/days; walltime: 0.3
36576.0/37230.0 days/days; walltime: 0.4
36577.0/37230.0 days/days; walltime: 0.2
36578.0/37230.0 days/days; walltime: 0.3
36579.0/37230.0 days/days; walltime: 0.2
36580.0/37230.0 days/days; walltime: 0.3
36581.0/37230.0 days/days; walltime: 0.2
36582.0/37230.0 days/days; walltime: 0.3
36583.0/37230.0 days/days; walltime: 0.2
36584.0/37230.0 days/days; walltime: 0.3
36585.0/37230.0 days/days; walltime: 0.2
-36586.0/37230.0 days/days; walltime: 0.3
--36587.0/37230.0 days/days; walltime: 0.1
--36588.0/37230.0 days/days; walltime: 0.2
--36589.0/37230.0 days/days; walltime: 0.3
-36590.0/37230.0 days/days; walltime: 0.2
36591.0/37230.0 days/days; walltime: 0.3
36592.0/37230.0 days/days; walltime: 0.1
36593.0/37230.0 days/days; walltime: 0.3
36594.0/37230.0 days/days; walltime: 0.2
36595.0/37230.0 days/days; walltime: 0.1
36596.0/37230.0 days/days; walltime: 0.3
36597.0/37230.0 days/days; walltime: 0.2
36598.0/37230.0 days/days; walltime: 0.2
36599.0/37230.0 days/days; walltime: 0.2
36600.0/37230.0 days/days; walltime: 0.3
36601.0/37230.0 days/days; walltime: 0.1
36602.0/37230.0 days/days; walltime: 12.2
36603.0/37230.0 days/days; walltime: 0.2
36604.0/37230.0 days/days; walltime: 0.3
36605.0/37230.0 days/days; walltime: 0.2
36606.0/37230.0 days/days; walltime: 0.2
36607.0/37230.0 days/days; walltime: 0.1
36608.0/37230.0 days/days; walltime: 0.0
36609.0/37230.0 days/days; walltime: 0.2
36610.0/37230.0 days/days; walltime: 0.2
36611.0/37230.0 days/days; walltime: 0.1
36612.0/37230.0 days/days; walltime: 0.3
36613.0/37230.0 days/days; walltime: 0.1
36614.0/37230.0 days/days; walltime: 0.3
36615.0/37230.0 days/days; walltime: 0.1
36616.0/37230.0 days/days; walltime: 21.0
36617.0/37230.0 days/days; walltime: 2.4
36618.0/37230.0 days/days; walltime: 4.7
36619.0/37230.0 days/days; walltime: 3.4
36620.0/37230.0 days/days; walltime: 7.5
36621.0/37230.0 days/days; walltime: 11.3
36622.0/37230.0 days/days; walltime: 20.1
36623.0/37230.0 days/days; walltime: 23.5
36624.0/37230.0 days/days; walltime: 23.6
36625.0/37230.0 days/days; walltime: 29.9
36626.0/37230.0 days/days; walltime: 38.8
36627.0/37230.0 days/days; walltime: 37.0
36628.0/37230.0 days/days; walltime: 40.8
36629.0/37230.0 days/days; walltime: 37.2
36630.0/37230.0 days/days; walltime: 39.1
36631.0/37230.0 days/days; walltime: 38.7
36632.0/37230.0 days/days; walltime: 54.9
36633.0/37230.0 days/days; walltime: 65.8
36634.0/37230.0 days/days; walltime: 60.1
36635.0/37230.0 days/days; walltime: 49.1
36636.0/37230.0 days/days; walltime: 43.5
36637.0/37230.0 days/days; walltime: 36.2
36638.0/37230.0 days/days; walltime: 37.3
36639.0/37230.0 days/days; walltime: 37.0
36640.0/37230.0 days/days; walltime: 39.9
36641.0/37230.0 days/days; walltime: 40.9
36642.0/37230.0 days/days; walltime: 46.0
36643.0/37230.0 days/days; walltime: 47.7
36644.0/37230.0 days/days; walltime: 44.0
36645.0/37230.0 days/days; walltime: 46.9
36646.0/37230.0 days/days; walltime: 58.5
36647.0/37230.0 days/days; walltime: 41.6
36648.0/37230.0 days/days; walltime: 39.4
36649.0/37230.0 days/days; walltime: 36.1
36650.0/37230.0 days/days; walltime: 41.3
36651.0/37230.0 days/days; walltime: 41.7
36652.0/37230.0 days/days; walltime: 38.5
36653.0/37230.0 days/days; walltime: 30.5
36654.0/37230.0 days/days; walltime: 38.1
36655.0/37230.0 days/days; walltime: 35.4
36656.0/37230.0 days/days; walltime: 39.3
slurmstepd: error: *** JOB 61200223 ON cdr552 CANCELLED AT 2023-02-26T21:36:26 DUE TO TIME LIMIT ***
