Case 5:
Picked up JAVA_TOOL_OPTIONS: -Xmx2g
Opening log file:  /tmp/java.log.13633

                            < M A T L A B (R) >
                  Copyright 1984-2022 The MathWorks, Inc.
                  R2022a (9.12.0.1884302) 64-bit (glnxa64)
                             February 16, 2022

 
To get started, type doc.
For product information, visit www.mathworks.com.
 

config = 

  struct with fields:

                 k_s: 0.2500
                 l_c: 10
            n_moulin: 68
    creep_const_soft: 0
             mesh_nr: 4
                 k_c: 0.1500
               h_bed: 0.5000
               l_bed: 10
               alpha: 1.5000
                beta: 1.5000
               omega: 5.0000e-04

Running model run (ode15s):
Run to steady
Saving model run to
./RUN/output_005_steady.nc
Fields, IC & BC initialised
Initial phi calculated in 1.5s
0.0/36500.0 days/days; walltime: 19.5
----------------------------------------------------------------------------------------------------------------------------------------------------------------------------------------------------------------------------------------------1825.0/36500.0 days/days; walltime: 159.2
3650.0/36500.0 days/days; walltime: 4.2
5475.0/36500.0 days/days; walltime: 2.5
7300.0/36500.0 days/days; walltime: 1.9
--------9125.0/36500.0 days/days; walltime: 11.4
10950.0/36500.0 days/days; walltime: 915.2
12775.0/36500.0 days/days; walltime: 605.3
14600.0/36500.0 days/days; walltime: 484.9
16425.0/36500.0 days/days; walltime: 442.7
18250.0/36500.0 days/days; walltime: 294.9
--20075.0/36500.0 days/days; walltime: 206.7
21900.0/36500.0 days/days; walltime: 27.5
23725.0/36500.0 days/days; walltime: 12.7
-25550.0/36500.0 days/days; walltime: 6.0
27375.0/36500.0 days/days; walltime: 5.4
29200.0/36500.0 days/days; walltime: 3.4
31025.0/36500.0 days/days; walltime: 3.1
32850.0/36500.0 days/days; walltime: 2.8
34675.0/36500.0 days/days; walltime: 5.0
36500.0/36500.0 days/days; walltime: 3.0
Wallclock for model run: 3223.1s
 

fields = 

  struct with fields:

    nodes: [1x1 struct]
    edges: [1x1 struct]
       BC: [1x1 struct]

Running model run (ode15s):
Run seasonal
Saving model run to
./RUN/output_005_seasonal.nc
IC initialised from struct
IC initialised from file/given & rest from parameters and given functions
36500.0/37230.0 days/days; walltime: 14.4
36501.0/37230.0 days/days; walltime: 64.9
36502.0/37230.0 days/days; walltime: 10.9
36503.0/37230.0 days/days; walltime: 38.2
36504.0/37230.0 days/days; walltime: 10.9
36505.0/37230.0 days/days; walltime: 25.1
36506.0/37230.0 days/days; walltime: 16.3
36507.0/37230.0 days/days; walltime: 9.2
36508.0/37230.0 days/days; walltime: 8.2
36509.0/37230.0 days/days; walltime: 3.2
36510.0/37230.0 days/days; walltime: 3.6
36511.0/37230.0 days/days; walltime: 5.4
36512.0/37230.0 days/days; walltime: 3.4
36513.0/37230.0 days/days; walltime: 2.8
36514.0/37230.0 days/days; walltime: 50.7
36515.0/37230.0 days/days; walltime: 2.6
36516.0/37230.0 days/days; walltime: 2.3
36517.0/37230.0 days/days; walltime: 2.1
36518.0/37230.0 days/days; walltime: 2.2
36519.0/37230.0 days/days; walltime: 2.1
36520.0/37230.0 days/days; walltime: 17.9
36521.0/37230.0 days/days; walltime: 1.7
36522.0/37230.0 days/days; walltime: 18.9
36523.0/37230.0 days/days; walltime: 1.6
36524.0/37230.0 days/days; walltime: 1.4
36525.0/37230.0 days/days; walltime: 1.3
36526.0/37230.0 days/days; walltime: 0.8
36527.0/37230.0 days/days; walltime: 2.7
36528.0/37230.0 days/days; walltime: 1.1
36529.0/37230.0 days/days; walltime: 1.1
36530.0/37230.0 days/days; walltime: 1.1
36531.0/37230.0 days/days; walltime: 0.9
36532.0/37230.0 days/days; walltime: 1.3
36533.0/37230.0 days/days; walltime: 3.0
36534.0/37230.0 days/days; walltime: 0.8
36535.0/37230.0 days/days; walltime: 0.6
36536.0/37230.0 days/days; walltime: 0.4
36537.0/37230.0 days/days; walltime: 0.4
36538.0/37230.0 days/days; walltime: 0.4
36539.0/37230.0 days/days; walltime: 1.2
36540.0/37230.0 days/days; walltime: 1.3
36541.0/37230.0 days/days; walltime: 0.9
36542.0/37230.0 days/days; walltime: 0.9
36543.0/37230.0 days/days; walltime: 1.0
36544.0/37230.0 days/days; walltime: 0.8
36545.0/37230.0 days/days; walltime: 0.8
36546.0/37230.0 days/days; walltime: 0.6
36547.0/37230.0 days/days; walltime: 0.7
36548.0/37230.0 days/days; walltime: 0.6
36549.0/37230.0 days/days; walltime: 6.6
36550.0/37230.0 days/days; walltime: 0.4
36551.0/37230.0 days/days; walltime: 0.4
36552.0/37230.0 days/days; walltime: 0.4
36553.0/37230.0 days/days; walltime: 0.2
36554.0/37230.0 days/days; walltime: 0.7
36555.0/37230.0 days/days; walltime: 0.6
36556.0/37230.0 days/days; walltime: 0.6
36557.0/37230.0 days/days; walltime: 0.6
36558.0/37230.0 days/days; walltime: 0.6
36559.0/37230.0 days/days; walltime: 0.4
36560.0/37230.0 days/days; walltime: 48.0
36561.0/37230.0 days/days; walltime: 0.5
36562.0/37230.0 days/days; walltime: 0.7
36563.0/37230.0 days/days; walltime: 0.6
36564.0/37230.0 days/days; walltime: 0.6
36565.0/37230.0 days/days; walltime: 0.8
36566.0/37230.0 days/days; walltime: 0.5
36567.0/37230.0 days/days; walltime: 0.6
36568.0/37230.0 days/days; walltime: 0.6
36569.0/37230.0 days/days; walltime: 0.6
36570.0/37230.0 days/days; walltime: 0.5
36571.0/37230.0 days/days; walltime: 0.5
36572.0/37230.0 days/days; walltime: 0.5
36573.0/37230.0 days/days; walltime: 0.7
36574.0/37230.0 days/days; walltime: 0.5
36575.0/37230.0 days/days; walltime: 0.2
36576.0/37230.0 days/days; walltime: 0.4
36577.0/37230.0 days/days; walltime: 0.5
36578.0/37230.0 days/days; walltime: 0.5
36579.0/37230.0 days/days; walltime: 0.4
36580.0/37230.0 days/days; walltime: 0.5
36581.0/37230.0 days/days; walltime: 0.5
36582.0/37230.0 days/days; walltime: 0.5
36583.0/37230.0 days/days; walltime: 0.4
36584.0/37230.0 days/days; walltime: 0.5
36585.0/37230.0 days/days; walltime: 0.5
36586.0/37230.0 days/days; walltime: 0.5
36587.0/37230.0 days/days; walltime: 0.4
36588.0/37230.0 days/days; walltime: 0.5
36589.0/37230.0 days/days; walltime: 0.5
36590.0/37230.0 days/days; walltime: 0.5
36591.0/37230.0 days/days; walltime: 0.3
36592.0/37230.0 days/days; walltime: 0.5
36593.0/37230.0 days/days; walltime: 0.5
36594.0/37230.0 days/days; walltime: 0.4
36595.0/37230.0 days/days; walltime: 0.4
36596.0/37230.0 days/days; walltime: 0.4
36597.0/37230.0 days/days; walltime: 0.4
36598.0/37230.0 days/days; walltime: 0.5
36599.0/37230.0 days/days; walltime: 0.4
36600.0/37230.0 days/days; walltime: 0.3
36601.0/37230.0 days/days; walltime: 0.5
36602.0/37230.0 days/days; walltime: 0.4
36603.0/37230.0 days/days; walltime: 0.4
36604.0/37230.0 days/days; walltime: 0.5
36605.0/37230.0 days/days; walltime: 0.4
36606.0/37230.0 days/days; walltime: 0.3
36607.0/37230.0 days/days; walltime: 0.4
36608.0/37230.0 days/days; walltime: 0.4
36609.0/37230.0 days/days; walltime: 0.4
36610.0/37230.0 days/days; walltime: 0.3
36611.0/37230.0 days/days; walltime: 0.4
36612.0/37230.0 days/days; walltime: 0.4
36613.0/37230.0 days/days; walltime: 0.4
36614.0/37230.0 days/days; walltime: 0.2
36615.0/37230.0 days/days; walltime: 1.0
36616.0/37230.0 days/days; walltime: 8.2
36617.0/37230.0 days/days; walltime: 7.0
36618.0/37230.0 days/days; walltime: 14.4
36619.0/37230.0 days/days; walltime: 16.7
36620.0/37230.0 days/days; walltime: 23.4
36621.0/37230.0 days/days; walltime: 14.7
36622.0/37230.0 days/days; walltime: 18.2
36623.0/37230.0 days/days; walltime: 21.5
36624.0/37230.0 days/days; walltime: 24.9
36625.0/37230.0 days/days; walltime: 20.9
36626.0/37230.0 days/days; walltime: 18.8
36627.0/37230.0 days/days; walltime: 19.2
36628.0/37230.0 days/days; walltime: 20.7
36629.0/37230.0 days/days; walltime: 20.7
36630.0/37230.0 days/days; walltime: 21.1
36631.0/37230.0 days/days; walltime: 22.9
36632.0/37230.0 days/days; walltime: 17.9
36633.0/37230.0 days/days; walltime: 19.0
36634.0/37230.0 days/days; walltime: 18.4
36635.0/37230.0 days/days; walltime: 19.6
36636.0/37230.0 days/days; walltime: 19.2
36637.0/37230.0 days/days; walltime: 21.3
36638.0/37230.0 days/days; walltime: 18.5
36639.0/37230.0 days/days; walltime: 17.5
36640.0/37230.0 days/days; walltime: 27.2
36641.0/37230.0 days/days; walltime: 27.5
36642.0/37230.0 days/days; walltime: 20.7
36643.0/37230.0 days/days; walltime: 22.3
36644.0/37230.0 days/days; walltime: 16.2
36645.0/37230.0 days/days; walltime: 17.4
36646.0/37230.0 days/days; walltime: 22.9
