Case 3:
Picked up JAVA_TOOL_OPTIONS: -Xmx2g
Opening log file:  /tmp/java.log.600

                            < M A T L A B (R) >
                  Copyright 1984-2022 The MathWorks, Inc.
                  R2022a (9.12.0.1884302) 64-bit (glnxa64)
                             February 16, 2022

 
To get started, type doc.
For product information, visit www.mathworks.com.
 

config = 

  struct with fields:

                 k_s: 0.2500
                 l_c: 10
            n_moulin: 68
    creep_const_soft: 0
             mesh_nr: 4
                 k_c: 0.1500
               h_bed: 0.5000
               l_bed: 10
               alpha: 3
                beta: 2
               omega: 0

Running model run (ode15s):
Run to steady
Saving model run to
./RUN/output_003_steady.nc
Fields, IC & BC initialised
Initial phi calculated in 0.8s
0.0/36500.0 days/days; walltime: 18.3
------------------------------------------------------------------------------------------------------------------------------------------------------------------------------------------------------------------------------------------------------------------------------------------------------------------------------------------------------------------------------------------------------------1825.0/36500.0 days/days; walltime: 176.9
-------------------------------------------------------------3650.0/36500.0 days/days; walltime: 4.2
---------------------------------5475.0/36500.0 days/days; walltime: 2.2
--------------------------7300.0/36500.0 days/days; walltime: 1.7
-----------------------------------------------------------------------------------------------------------------------------------------------9125.0/36500.0 days/days; walltime: 9.1
---------------------------------------------------------10950.0/36500.0 days/days; walltime: 781.2
12775.0/36500.0 days/days; walltime: 616.4
14600.0/36500.0 days/days; walltime: 465.8
16425.0/36500.0 days/days; walltime: 332.9
18250.0/36500.0 days/days; walltime: 394.4
---------20075.0/36500.0 days/days; walltime: 66.6
21900.0/36500.0 days/days; walltime: 11.5
23725.0/36500.0 days/days; walltime: 4.2
25550.0/36500.0 days/days; walltime: 1.6
27375.0/36500.0 days/days; walltime: 1.4
29200.0/36500.0 days/days; walltime: 1.2
31025.0/36500.0 days/days; walltime: 1.2
32850.0/36500.0 days/days; walltime: 1.2
34675.0/36500.0 days/days; walltime: 1.1
36500.0/36500.0 days/days; walltime: 1.2
Wallclock for model run: 2898.7s
 

fields = 

  struct with fields:

    nodes: [1x1 struct]
    edges: [1x1 struct]
       BC: [1x1 struct]

Running model run (ode15s):
Run seasonal
Saving model run to
./RUN/output_003_seasonal.nc
IC initialised from struct
IC initialised from file/given & rest from parameters and given functions
-36500.0/37230.0 days/days; walltime: 13.6
36501.0/37230.0 days/days; walltime: 58.2
36502.0/37230.0 days/days; walltime: 12.8
36503.0/37230.0 days/days; walltime: 24.1
36504.0/37230.0 days/days; walltime: 20.5
36505.0/37230.0 days/days; walltime: 22.6
36506.0/37230.0 days/days; walltime: 22.1
36507.0/37230.0 days/days; walltime: 12.3
36508.0/37230.0 days/days; walltime: 6.0
36509.0/37230.0 days/days; walltime: 2.8
36510.0/37230.0 days/days; walltime: 3.2
36511.0/37230.0 days/days; walltime: 5.9
36512.0/37230.0 days/days; walltime: 25.0
36513.0/37230.0 days/days; walltime: 2.5
36514.0/37230.0 days/days; walltime: 1.6
36515.0/37230.0 days/days; walltime: 2.0
36516.0/37230.0 days/days; walltime: 2.1
36517.0/37230.0 days/days; walltime: 3.8
36518.0/37230.0 days/days; walltime: 1.4
36519.0/37230.0 days/days; walltime: 1.3
36520.0/37230.0 days/days; walltime: 1.2
36521.0/37230.0 days/days; walltime: 1.2
36522.0/37230.0 days/days; walltime: 1.4
36523.0/37230.0 days/days; walltime: 5.2
36524.0/37230.0 days/days; walltime: 1.0
36525.0/37230.0 days/days; walltime: 1.0
36526.0/37230.0 days/days; walltime: 1.0
36527.0/37230.0 days/days; walltime: 0.9
36528.0/37230.0 days/days; walltime: 1.2
36529.0/37230.0 days/days; walltime: 2.5
36530.0/37230.0 days/days; walltime: 0.6
36531.0/37230.0 days/days; walltime: 0.9
36532.0/37230.0 days/days; walltime: 0.7
36533.0/37230.0 days/days; walltime: 0.8
36534.0/37230.0 days/days; walltime: 0.7
36535.0/37230.0 days/days; walltime: 2.3
36536.0/37230.0 days/days; walltime: 0.5
36537.0/37230.0 days/days; walltime: 0.7
36538.0/37230.0 days/days; walltime: 0.5
36539.0/37230.0 days/days; walltime: 0.3
36540.0/37230.0 days/days; walltime: 0.3
36541.0/37230.0 days/days; walltime: 0.8
36542.0/37230.0 days/days; walltime: 0.4
36543.0/37230.0 days/days; walltime: 0.6
36544.0/37230.0 days/days; walltime: 0.6
36545.0/37230.0 days/days; walltime: 0.6
36546.0/37230.0 days/days; walltime: 0.6
36547.0/37230.0 days/days; walltime: 0.4
36548.0/37230.0 days/days; walltime: 0.7
36549.0/37230.0 days/days; walltime: 0.5
36550.0/37230.0 days/days; walltime: 0.6
36551.0/37230.0 days/days; walltime: 0.6
36552.0/37230.0 days/days; walltime: 0.6
36553.0/37230.0 days/days; walltime: 4.4
36554.0/37230.0 days/days; walltime: 0.4
36555.0/37230.0 days/days; walltime: 0.6
36556.0/37230.0 days/days; walltime: 0.4
36557.0/37230.0 days/days; walltime: 0.4
36558.0/37230.0 days/days; walltime: 0.5
36559.0/37230.0 days/days; walltime: 0.4
36560.0/37230.0 days/days; walltime: 0.4
36561.0/37230.0 days/days; walltime: 0.5
36562.0/37230.0 days/days; walltime: 0.4
36563.0/37230.0 days/days; walltime: 0.4
36564.0/37230.0 days/days; walltime: 0.5
36565.0/37230.0 days/days; walltime: 0.4
36566.0/37230.0 days/days; walltime: 0.4
36567.0/37230.0 days/days; walltime: 0.4
36568.0/37230.0 days/days; walltime: 0.5
36569.0/37230.0 days/days; walltime: 0.4
36570.0/37230.0 days/days; walltime: 0.3
36571.0/37230.0 days/days; walltime: 0.3
36572.0/37230.0 days/days; walltime: 0.4
36573.0/37230.0 days/days; walltime: 0.3
36574.0/37230.0 days/days; walltime: 0.3
36575.0/37230.0 days/days; walltime: 0.3
36576.0/37230.0 days/days; walltime: 0.3
36577.0/37230.0 days/days; walltime: 0.3
36578.0/37230.0 days/days; walltime: 0.3
36579.0/37230.0 days/days; walltime: 0.3
36580.0/37230.0 days/days; walltime: 0.3
36581.0/37230.0 days/days; walltime: 0.3
36582.0/37230.0 days/days; walltime: 0.3
36583.0/37230.0 days/days; walltime: 0.3
36584.0/37230.0 days/days; walltime: 0.3
36585.0/37230.0 days/days; walltime: 0.1
36586.0/37230.0 days/days; walltime: 0.3
36587.0/37230.0 days/days; walltime: 0.3
36588.0/37230.0 days/days; walltime: 0.3
36589.0/37230.0 days/days; walltime: 0.3
36590.0/37230.0 days/days; walltime: 0.3
36591.0/37230.0 days/days; walltime: 0.4
36592.0/37230.0 days/days; walltime: 0.4
36593.0/37230.0 days/days; walltime: 0.3
36594.0/37230.0 days/days; walltime: 0.4
36595.0/37230.0 days/days; walltime: 6.4
36596.0/37230.0 days/days; walltime: 0.5
36597.0/37230.0 days/days; walltime: 0.1
36598.0/37230.0 days/days; walltime: 0.2
36599.0/37230.0 days/days; walltime: 0.1
36600.0/37230.0 days/days; walltime: 0.1
36601.0/37230.0 days/days; walltime: 0.2
36602.0/37230.0 days/days; walltime: 0.3
36603.0/37230.0 days/days; walltime: 0.3
36604.0/37230.0 days/days; walltime: 0.3
36605.0/37230.0 days/days; walltime: 0.1
36606.0/37230.0 days/days; walltime: 0.3
36607.0/37230.0 days/days; walltime: 0.3
36608.0/37230.0 days/days; walltime: 0.3
36609.0/37230.0 days/days; walltime: 0.1
36610.0/37230.0 days/days; walltime: 0.3
36611.0/37230.0 days/days; walltime: 0.3
36612.0/37230.0 days/days; walltime: 0.3
36613.0/37230.0 days/days; walltime: 0.1
36614.0/37230.0 days/days; walltime: 0.3
36615.0/37230.0 days/days; walltime: 0.9
36616.0/37230.0 days/days; walltime: 3.4
36617.0/37230.0 days/days; walltime: 5.3
36618.0/37230.0 days/days; walltime: 11.3
36619.0/37230.0 days/days; walltime: 14.1
36620.0/37230.0 days/days; walltime: 11.0
36621.0/37230.0 days/days; walltime: 11.7
36622.0/37230.0 days/days; walltime: 19.6
36623.0/37230.0 days/days; walltime: 21.2
36624.0/37230.0 days/days; walltime: 21.2
36625.0/37230.0 days/days; walltime: 19.5
36626.0/37230.0 days/days; walltime: 18.2
36627.0/37230.0 days/days; walltime: 21.1
36628.0/37230.0 days/days; walltime: 19.4
36629.0/37230.0 days/days; walltime: 19.6
36630.0/37230.0 days/days; walltime: 18.1
36631.0/37230.0 days/days; walltime: 17.8
36632.0/37230.0 days/days; walltime: 19.8
36633.0/37230.0 days/days; walltime: 17.0
36634.0/37230.0 days/days; walltime: 17.2
36635.0/37230.0 days/days; walltime: 18.0
36636.0/37230.0 days/days; walltime: 18.4
36637.0/37230.0 days/days; walltime: 15.7
36638.0/37230.0 days/days; walltime: 20.1
slurmstepd: error: *** JOB 61200224 ON cdr552 CANCELLED AT 2023-02-26T21:36:26 DUE TO TIME LIMIT ***
