Case 3:
Picked up JAVA_TOOL_OPTIONS: -Xmx2g
Opening log file:  /tmp/java.log.13472

                            < M A T L A B (R) >
                  Copyright 1984-2022 The MathWorks, Inc.
                  R2022a (9.12.0.1884302) 64-bit (glnxa64)
                             February 16, 2022

 
To get started, type doc.
For product information, visit www.mathworks.com.
 

config = 

  struct with fields:

                 k_s: 0.2500
                 l_c: 10
            n_moulin: 68
    creep_const_soft: 0
             mesh_nr: 4
                 k_c: 0.1500
               h_bed: 0.5000
               l_bed: 10
               alpha: 3
                beta: 2
               omega: 0

Running model run (ode15s):
Run to steady
Saving model run to
./RUN/output_003_steady.nc
Fields, IC & BC initialised
Initial phi calculated in 0.7s
0.0/36500.0 days/days; walltime: 18.9
------------------------------------------------------------------------------------------------------------------------------------------------------------------------------------------------------------------------------------------------------------------------------------------------------------------------------------------------------------------------------------------------------------1825.0/36500.0 days/days; walltime: 200.4
-------------------------------------------------------------3650.0/36500.0 days/days; walltime: 5.1
---------------------------------5475.0/36500.0 days/days; walltime: 2.7
--------------------------7300.0/36500.0 days/days; walltime: 2.1
-----------------------------------------------------------------------------------------------------------------------------------------------9125.0/36500.0 days/days; walltime: 11.6
---------------------------------------------------------10950.0/36500.0 days/days; walltime: 841.3
12775.0/36500.0 days/days; walltime: 689.4
14600.0/36500.0 days/days; walltime: 499.8
16425.0/36500.0 days/days; walltime: 362.7
18250.0/36500.0 days/days; walltime: 425.5
-----20075.0/36500.0 days/days; walltime: 75.1
21900.0/36500.0 days/days; walltime: 18.8
23725.0/36500.0 days/days; walltime: 3.1
25550.0/36500.0 days/days; walltime: 1.9
27375.0/36500.0 days/days; walltime: 1.4
29200.0/36500.0 days/days; walltime: 1.4
31025.0/36500.0 days/days; walltime: 1.4
32850.0/36500.0 days/days; walltime: 1.4
34675.0/36500.0 days/days; walltime: 1.4
36500.0/36500.0 days/days; walltime: 1.5
Wallclock for model run: 3171.0s
 

fields = 

  struct with fields:

    nodes: [1x1 struct]
    edges: [1x1 struct]
       BC: [1x1 struct]

Running model run (ode15s):
Run seasonal
Saving model run to
./RUN/output_003_seasonal.nc
IC initialised from struct
IC initialised from file/given & rest from parameters and given functions
-36500.0/37230.0 days/days; walltime: 12.9
36501.0/37230.0 days/days; walltime: 59.3
36502.0/37230.0 days/days; walltime: 11.1
36503.0/37230.0 days/days; walltime: 40.3
36504.0/37230.0 days/days; walltime: 9.6
36505.0/37230.0 days/days; walltime: 9.9
36506.0/37230.0 days/days; walltime: 18.5
36507.0/37230.0 days/days; walltime: 14.6
36508.0/37230.0 days/days; walltime: 6.3
36509.0/37230.0 days/days; walltime: 3.3
36510.0/37230.0 days/days; walltime: 4.4
36511.0/37230.0 days/days; walltime: 2.0
36512.0/37230.0 days/days; walltime: 2.8
36513.0/37230.0 days/days; walltime: 2.5
36514.0/37230.0 days/days; walltime: 5.3
36515.0/37230.0 days/days; walltime: 1.8
36516.0/37230.0 days/days; walltime: 1.9
36517.0/37230.0 days/days; walltime: 1.7
36518.0/37230.0 days/days; walltime: 1.8
36519.0/37230.0 days/days; walltime: 4.5
36520.0/37230.0 days/days; walltime: 2.0
36521.0/37230.0 days/days; walltime: 1.1
36522.0/37230.0 days/days; walltime: 1.2
36523.0/37230.0 days/days; walltime: 1.2
36524.0/37230.0 days/days; walltime: 1.2
36525.0/37230.0 days/days; walltime: 1.6
36526.0/37230.0 days/days; walltime: 2.9
36527.0/37230.0 days/days; walltime: 1.1
36528.0/37230.0 days/days; walltime: 1.1
36529.0/37230.0 days/days; walltime: 0.7
36530.0/37230.0 days/days; walltime: 2.7
36531.0/37230.0 days/days; walltime: 1.1
36532.0/37230.0 days/days; walltime: 1.0
36533.0/37230.0 days/days; walltime: 0.8
36534.0/37230.0 days/days; walltime: 0.8
36535.0/37230.0 days/days; walltime: 0.6
36536.0/37230.0 days/days; walltime: 2.7
36537.0/37230.0 days/days; walltime: 0.7
36538.0/37230.0 days/days; walltime: 0.6
36539.0/37230.0 days/days; walltime: 0.4
36540.0/37230.0 days/days; walltime: 0.4
36541.0/37230.0 days/days; walltime: 0.8
36542.0/37230.0 days/days; walltime: 0.7
36543.0/37230.0 days/days; walltime: 0.8
36544.0/37230.0 days/days; walltime: 0.7
36545.0/37230.0 days/days; walltime: 0.7
36546.0/37230.0 days/days; walltime: 0.5
36547.0/37230.0 days/days; walltime: 0.7
36548.0/37230.0 days/days; walltime: 0.7
36549.0/37230.0 days/days; walltime: 0.5
36550.0/37230.0 days/days; walltime: 0.3
36551.0/37230.0 days/days; walltime: 0.7
36552.0/37230.0 days/days; walltime: 0.7
36553.0/37230.0 days/days; walltime: 0.7
36554.0/37230.0 days/days; walltime: 3.7
36555.0/37230.0 days/days; walltime: 1.6
36556.0/37230.0 days/days; walltime: 0.4
36557.0/37230.0 days/days; walltime: 0.5
36558.0/37230.0 days/days; walltime: 0.6
36559.0/37230.0 days/days; walltime: 0.5
36560.0/37230.0 days/days; walltime: 0.4
36561.0/37230.0 days/days; walltime: 0.6
36562.0/37230.0 days/days; walltime: 0.5
36563.0/37230.0 days/days; walltime: 0.4
36564.0/37230.0 days/days; walltime: 0.6
36565.0/37230.0 days/days; walltime: 0.4
36566.0/37230.0 days/days; walltime: 0.4
36567.0/37230.0 days/days; walltime: 0.4
36568.0/37230.0 days/days; walltime: 0.6
36569.0/37230.0 days/days; walltime: 0.4
36570.0/37230.0 days/days; walltime: 0.4
36571.0/37230.0 days/days; walltime: 0.4
36572.0/37230.0 days/days; walltime: 0.4
36573.0/37230.0 days/days; walltime: 0.4
36574.0/37230.0 days/days; walltime: 0.4
36575.0/37230.0 days/days; walltime: 0.4
36576.0/37230.0 days/days; walltime: 0.3
36577.0/37230.0 days/days; walltime: 0.4
36578.0/37230.0 days/days; walltime: 0.3
36579.0/37230.0 days/days; walltime: 0.3
36580.0/37230.0 days/days; walltime: 0.3
36581.0/37230.0 days/days; walltime: 0.3
36582.0/37230.0 days/days; walltime: 0.3
36583.0/37230.0 days/days; walltime: 0.3
36584.0/37230.0 days/days; walltime: 0.1
36585.0/37230.0 days/days; walltime: 0.3
36586.0/37230.0 days/days; walltime: 0.3
36587.0/37230.0 days/days; walltime: 0.3
36588.0/37230.0 days/days; walltime: 0.3
36589.0/37230.0 days/days; walltime: 0.3
36590.0/37230.0 days/days; walltime: 0.3
36591.0/37230.0 days/days; walltime: 0.3
36592.0/37230.0 days/days; walltime: 0.3
36593.0/37230.0 days/days; walltime: 0.2
36594.0/37230.0 days/days; walltime: 0.4
36595.0/37230.0 days/days; walltime: 0.2
36596.0/37230.0 days/days; walltime: 0.3
36597.0/37230.0 days/days; walltime: 0.3
36598.0/37230.0 days/days; walltime: 0.2
36599.0/37230.0 days/days; walltime: 0.4
36600.0/37230.0 days/days; walltime: 0.2
36601.0/37230.0 days/days; walltime: 0.2
36602.0/37230.0 days/days; walltime: 2.7
36603.0/37230.0 days/days; walltime: 0.1
36604.0/37230.0 days/days; walltime: 0.3
36605.0/37230.0 days/days; walltime: 0.3
36606.0/37230.0 days/days; walltime: 0.3
36607.0/37230.0 days/days; walltime: 0.1
36608.0/37230.0 days/days; walltime: 0.3
36609.0/37230.0 days/days; walltime: 0.3
36610.0/37230.0 days/days; walltime: 0.3
36611.0/37230.0 days/days; walltime: 0.1
36612.0/37230.0 days/days; walltime: 0.3
36613.0/37230.0 days/days; walltime: 0.3
36614.0/37230.0 days/days; walltime: 0.3
36615.0/37230.0 days/days; walltime: 0.7
36616.0/37230.0 days/days; walltime: 3.4
36617.0/37230.0 days/days; walltime: 5.2
36618.0/37230.0 days/days; walltime: 11.3
36619.0/37230.0 days/days; walltime: 12.5
36620.0/37230.0 days/days; walltime: 15.0
36621.0/37230.0 days/days; walltime: 13.4
36622.0/37230.0 days/days; walltime: 17.4
36623.0/37230.0 days/days; walltime: 23.4
36624.0/37230.0 days/days; walltime: 23.8
36625.0/37230.0 days/days; walltime: 17.9
36626.0/37230.0 days/days; walltime: 18.6
36627.0/37230.0 days/days; walltime: 20.9
36628.0/37230.0 days/days; walltime: 19.7
36629.0/37230.0 days/days; walltime: 22.5
36630.0/37230.0 days/days; walltime: 20.1
36631.0/37230.0 days/days; walltime: 17.5
36632.0/37230.0 days/days; walltime: 17.9
36633.0/37230.0 days/days; walltime: 20.7
36634.0/37230.0 days/days; walltime: 16.5
36635.0/37230.0 days/days; walltime: 20.0
36636.0/37230.0 days/days; walltime: 19.4
36637.0/37230.0 days/days; walltime: 19.2
36638.0/37230.0 days/days; walltime: 16.9
36639.0/37230.0 days/days; walltime: 19.6
36640.0/37230.0 days/days; walltime: 20.4
36641.0/37230.0 days/days; walltime: 17.2
36642.0/37230.0 days/days; walltime: 19.7
36643.0/37230.0 days/days; walltime: 20.0
36644.0/37230.0 days/days; walltime: 16.7
36645.0/37230.0 days/days; walltime: 19.6
36646.0/37230.0 days/days; walltime: 16.6
36647.0/37230.0 days/days; walltime: 18.1
36648.0/37230.0 days/days; walltime: 17.7
36649.0/37230.0 days/days; walltime: 17.6
36650.0/37230.0 days/days; walltime: 19.6
36651.0/37230.0 days/days; walltime: 14.8
36652.0/37230.0 days/days; walltime: 13.9
36653.0/37230.0 days/days; walltime: 13.9
36654.0/37230.0 days/days; walltime: 9.6
36655.0/37230.0 days/days; walltime: 15.3
36656.0/37230.0 days/days; walltime: 17.6
36657.0/37230.0 days/days; walltime: 20.5
36658.0/37230.0 days/days; walltime: 20.1
36659.0/37230.0 days/days; walltime: 10.1
36660.0/37230.0 days/days; walltime: 6.6
36661.0/37230.0 days/days; walltime: 7.8
36662.0/37230.0 days/days; walltime: 12.9
36663.0/37230.0 days/days; walltime: 8.7
36664.0/37230.0 days/days; walltime: 18.2
