Case 2:
Picked up JAVA_TOOL_OPTIONS: -Xmx2g
Opening log file:  /tmp/java.log.13251

                            < M A T L A B (R) >
                  Copyright 1984-2022 The MathWorks, Inc.
                  R2022a (9.12.0.1884302) 64-bit (glnxa64)
                             February 16, 2022

 
To get started, type doc.
For product information, visit www.mathworks.com.
 

config = 

  struct with fields:

                 k_s: 0.0299
                 l_c: 10
            n_moulin: 68
    creep_const_soft: 0
             mesh_nr: 4
                 k_c: 0.1500
               h_bed: 0.5000
               l_bed: 10
               alpha: 1.5000
                beta: 1.5000
               omega: 0

Running model run (ode15s):
Run to steady
Creating output dir: ./RUN/
Saving model run to
./RUN/output_002_steady.nc
Fields, IC & BC initialised
Initial phi calculated in 1.4s
0.0/36500.0 days/days; walltime: 20.5
------------------------------1825.0/36500.0 days/days; walltime: 629.8
--------------3650.0/36500.0 days/days; walltime: 2.0
----------5475.0/36500.0 days/days; walltime: 1.2
------7300.0/36500.0 days/days; walltime: 0.8
------------------------------------------------------------------------------------------9125.0/36500.0 days/days; walltime: 7.8
-------------------------------------------------------------------------------------------------------------------------------------------------------------------------------------------------------------------------------------------------------------------------------------------------------------------------------------------------------------------------------------------------------------------------------------------------------------------------------------------------------------------------------------------------------------------------------------------------------------------------------------------------------------------------------------------------------------------------------------------------------------------------------------------------------------------------------------------------------------------------------------------------------------------------------------------------------------------------------------------------------------------------------------------------------------------------------------------------------------------------------------------------------------------------------------------------------------------------------------------------------------------------------------------------------------------------------------------------------------------------------------------------------------------------------------------------------------------------------------------------------------------------------------------------------------------------------------------------------------------------------------------------------------------------------------------------------------------------------------------------------------------------------------------------------------------------------------------------------------------------------------------------------------------------------------------------------------------------------------------------------------------------------------------------------------------------------------------------------------------------------------------------------------------------------------------------------------------------------------------------------------------------------------------------------------------------------------------------------------------------------------------------------------------------------------------------------------------------------------------------------------------------------------------------------------------------------------10950.0/36500.0 days/days; walltime: 194.0
-----------------------------------------------------------------------------------------------------------------------------------------------------------------------------------------------------------------------------------------------------------------------------------------------------------------------------------------------------------------------------------------------------------------------------------------------------------------------------------------------------------------------------------------------------------------------------------------------------------------------------------------------------------------------------------------------------------------------------------------------------------------------------------------------------------------------------12775.0/36500.0 days/days; walltime: 123.0
------------------------------------------------------------------------------------------------------------------------------------------------------------------------------------------------------------------------------------------------------------------------------------------------------------------------------------------------------------------------------------------------------------------------------------------------------------------------------------------------------------------------------------------------------------------------------------------------------------------------------------------------------------------------------------------------------------------------------------------------------------------------------------------------------------------------------------------------------------------------------------------------------------------------------------------------------------------------------------------------------------------------------------------------------------------------------------------------------------------------------------------------------------------------------------------------------------14600.0/36500.0 days/days; walltime: 285.1
-------------------------------------------------------------------------------------------------------------------------------------------------------------------------------------------------------------------------------------------------------------16425.0/36500.0 days/days; walltime: 196.3
---------------------------------------------------------------------------------------------------------------------------------------------------------------------18250.0/36500.0 days/days; walltime: 180.3
-20075.0/36500.0 days/days; walltime: 164.1
21900.0/36500.0 days/days; walltime: 61.6
23725.0/36500.0 days/days; walltime: 29.2
25550.0/36500.0 days/days; walltime: 12.3
27375.0/36500.0 days/days; walltime: 17.7
29200.0/36500.0 days/days; walltime: 10.7
31025.0/36500.0 days/days; walltime: 7.7
32850.0/36500.0 days/days; walltime: 3.0
34675.0/36500.0 days/days; walltime: 2.2
36500.0/36500.0 days/days; walltime: 1.7
Wallclock for model run: 1956.3s
 

fields = 

  struct with fields:

    nodes: [1x1 struct]
    edges: [1x1 struct]
       BC: [1x1 struct]

Running model run (ode15s):
Run seasonal
Saving model run to
./RUN/output_002_seasonal.nc
IC initialised from struct
IC initialised from file/given & rest from parameters and given functions
--36500.0/37230.0 days/days; walltime: 15.6
36501.0/37230.0 days/days; walltime: 119.2
36502.0/37230.0 days/days; walltime: 3.8
36503.0/37230.0 days/days; walltime: 2.8
36504.0/37230.0 days/days; walltime: 3.4
36505.0/37230.0 days/days; walltime: 4.5
36506.0/37230.0 days/days; walltime: 4.6
36507.0/37230.0 days/days; walltime: 2.2
36508.0/37230.0 days/days; walltime: 1.7
36509.0/37230.0 days/days; walltime: 1.8
36510.0/37230.0 days/days; walltime: 3.1
36511.0/37230.0 days/days; walltime: 1.3
36512.0/37230.0 days/days; walltime: 1.1
36513.0/37230.0 days/days; walltime: 1.0
36514.0/37230.0 days/days; walltime: 3.1
36515.0/37230.0 days/days; walltime: 1.0
36516.0/37230.0 days/days; walltime: 0.8
36517.0/37230.0 days/days; walltime: 0.8
36518.0/37230.0 days/days; walltime: 0.9
36519.0/37230.0 days/days; walltime: 0.9
36520.0/37230.0 days/days; walltime: 0.9
36521.0/37230.0 days/days; walltime: 1.0
36522.0/37230.0 days/days; walltime: 2.4
36523.0/37230.0 days/days; walltime: 0.9
36524.0/37230.0 days/days; walltime: 0.9
36525.0/37230.0 days/days; walltime: 0.7
36526.0/37230.0 days/days; walltime: 21.4
36527.0/37230.0 days/days; walltime: 0.6
36528.0/37230.0 days/days; walltime: 0.3
36529.0/37230.0 days/days; walltime: 0.4
36530.0/37230.0 days/days; walltime: 0.4
36531.0/37230.0 days/days; walltime: 0.8
36532.0/37230.0 days/days; walltime: 0.5
36533.0/37230.0 days/days; walltime: 0.6
36534.0/37230.0 days/days; walltime: 0.4
36535.0/37230.0 days/days; walltime: 0.5
36536.0/37230.0 days/days; walltime: 0.7
36537.0/37230.0 days/days; walltime: 0.6
36538.0/37230.0 days/days; walltime: 0.4
36539.0/37230.0 days/days; walltime: 0.5
36540.0/37230.0 days/days; walltime: 0.6
36541.0/37230.0 days/days; walltime: 0.6
36542.0/37230.0 days/days; walltime: 0.5
36543.0/37230.0 days/days; walltime: 0.3
36544.0/37230.0 days/days; walltime: 2.3
36545.0/37230.0 days/days; walltime: 0.4
36546.0/37230.0 days/days; walltime: 0.5
36547.0/37230.0 days/days; walltime: 0.6
36548.0/37230.0 days/days; walltime: 0.5
36549.0/37230.0 days/days; walltime: 0.5
36550.0/37230.0 days/days; walltime: 0.2
36551.0/37230.0 days/days; walltime: 0.5
36552.0/37230.0 days/days; walltime: 0.4
36553.0/37230.0 days/days; walltime: 0.4
36554.0/37230.0 days/days; walltime: 0.5
36555.0/37230.0 days/days; walltime: 0.2
36556.0/37230.0 days/days; walltime: 0.5
36557.0/37230.0 days/days; walltime: 0.4
36558.0/37230.0 days/days; walltime: 0.3
36559.0/37230.0 days/days; walltime: 0.4
36560.0/37230.0 days/days; walltime: 0.4
36561.0/37230.0 days/days; walltime: 0.3
36562.0/37230.0 days/days; walltime: 107.4
36563.0/37230.0 days/days; walltime: 0.5
36564.0/37230.0 days/days; walltime: 0.4
36565.0/37230.0 days/days; walltime: 0.2
36566.0/37230.0 days/days; walltime: 0.4
36567.0/37230.0 days/days; walltime: 0.2
36568.0/37230.0 days/days; walltime: 0.4
36569.0/37230.0 days/days; walltime: 0.2
36570.0/37230.0 days/days; walltime: 0.3
36571.0/37230.0 days/days; walltime: 32.7
36572.0/37230.0 days/days; walltime: 0.6
36573.0/37230.0 days/days; walltime: 0.3
36574.0/37230.0 days/days; walltime: 0.3
36575.0/37230.0 days/days; walltime: 0.2
36576.0/37230.0 days/days; walltime: 0.3
36577.0/37230.0 days/days; walltime: 0.2
36578.0/37230.0 days/days; walltime: 0.3
36579.0/37230.0 days/days; walltime: 0.2
36580.0/37230.0 days/days; walltime: 0.3
36581.0/37230.0 days/days; walltime: 0.2
36582.0/37230.0 days/days; walltime: 0.3
36583.0/37230.0 days/days; walltime: 0.2
36584.0/37230.0 days/days; walltime: 0.4
36585.0/37230.0 days/days; walltime: 0.2
36586.0/37230.0 days/days; walltime: 0.3
-36587.0/37230.0 days/days; walltime: 0.2
36588.0/37230.0 days/days; walltime: 0.3
36589.0/37230.0 days/days; walltime: 0.2
36590.0/37230.0 days/days; walltime: 0.2
36591.0/37230.0 days/days; walltime: 0.2
36592.0/37230.0 days/days; walltime: 0.3
36593.0/37230.0 days/days; walltime: 0.2
36594.0/37230.0 days/days; walltime: 0.1
36595.0/37230.0 days/days; walltime: 0.3
36596.0/37230.0 days/days; walltime: 0.2
36597.0/37230.0 days/days; walltime: 0.2
36598.0/37230.0 days/days; walltime: 0.2
36599.0/37230.0 days/days; walltime: 0.1
36600.0/37230.0 days/days; walltime: 0.4
36601.0/37230.0 days/days; walltime: 1.9
36602.0/37230.0 days/days; walltime: 0.2
36603.0/37230.0 days/days; walltime: 0.1
36604.0/37230.0 days/days; walltime: 0.0
36605.0/37230.0 days/days; walltime: 0.4
36606.0/37230.0 days/days; walltime: 0.1
36607.0/37230.0 days/days; walltime: 0.3
36608.0/37230.0 days/days; walltime: 0.1
36609.0/37230.0 days/days; walltime: 0.1
36610.0/37230.0 days/days; walltime: 0.2
36611.0/37230.0 days/days; walltime: 0.1
36612.0/37230.0 days/days; walltime: 0.1
36613.0/37230.0 days/days; walltime: 0.4
36614.0/37230.0 days/days; walltime: 0.1
36615.0/37230.0 days/days; walltime: 0.1
36616.0/37230.0 days/days; walltime: 2.4
36617.0/37230.0 days/days; walltime: 2.7
36618.0/37230.0 days/days; walltime: 4.5
36619.0/37230.0 days/days; walltime: 5.8
36620.0/37230.0 days/days; walltime: 10.0
36621.0/37230.0 days/days; walltime: 13.8
36622.0/37230.0 days/days; walltime: 18.9
36623.0/37230.0 days/days; walltime: 24.3
36624.0/37230.0 days/days; walltime: 27.2
36625.0/37230.0 days/days; walltime: 34.7
36626.0/37230.0 days/days; walltime: 38.3
36627.0/37230.0 days/days; walltime: 33.0
36628.0/37230.0 days/days; walltime: 43.6
36629.0/37230.0 days/days; walltime: 45.5
36630.0/37230.0 days/days; walltime: 37.4
36631.0/37230.0 days/days; walltime: 50.2
36632.0/37230.0 days/days; walltime: 57.4
36633.0/37230.0 days/days; walltime: 62.9
36634.0/37230.0 days/days; walltime: 54.9
36635.0/37230.0 days/days; walltime: 49.5
36636.0/37230.0 days/days; walltime: 41.6
36637.0/37230.0 days/days; walltime: 40.2
36638.0/37230.0 days/days; walltime: 42.6
36639.0/37230.0 days/days; walltime: 37.5
36640.0/37230.0 days/days; walltime: 44.0
36641.0/37230.0 days/days; walltime: 47.8
36642.0/37230.0 days/days; walltime: 45.5
36643.0/37230.0 days/days; walltime: 49.0
36644.0/37230.0 days/days; walltime: 48.5
36645.0/37230.0 days/days; walltime: 47.5
36646.0/37230.0 days/days; walltime: 55.8
36647.0/37230.0 days/days; walltime: 42.2
36648.0/37230.0 days/days; walltime: 42.2
36649.0/37230.0 days/days; walltime: 42.4
36650.0/37230.0 days/days; walltime: 42.0
36651.0/37230.0 days/days; walltime: 38.0
36652.0/37230.0 days/days; walltime: 43.5
36653.0/37230.0 days/days; walltime: 30.1
36654.0/37230.0 days/days; walltime: 34.9
36655.0/37230.0 days/days; walltime: 38.5
36656.0/37230.0 days/days; walltime: 41.5
36657.0/37230.0 days/days; walltime: 52.4
36658.0/37230.0 days/days; walltime: 63.3
36659.0/37230.0 days/days; walltime: 15.5
36660.0/37230.0 days/days; walltime: 17.9
36661.0/37230.0 days/days; walltime: 18.7
36662.0/37230.0 days/days; walltime: 15.3
36663.0/37230.0 days/days; walltime: 14.8
36664.0/37230.0 days/days; walltime: 12.7
36665.0/37230.0 days/days; walltime: 16.5
36666.0/37230.0 days/days; walltime: 12.6
36667.0/37230.0 days/days; walltime: 17.1
36668.0/37230.0 days/days; walltime: 16.4
36669.0/37230.0 days/days; walltime: 17.3
36670.0/37230.0 days/days; walltime: 13.9
36671.0/37230.0 days/days; walltime: 13.8
36672.0/37230.0 days/days; walltime: 9.5
36673.0/37230.0 days/days; walltime: 10.4
36674.0/37230.0 days/days; walltime: 19.4
36675.0/37230.0 days/days; walltime: 6.8
36676.0/37230.0 days/days; walltime: 12.2
36677.0/37230.0 days/days; walltime: 6.1
36678.0/37230.0 days/days; walltime: 8.0
36679.0/37230.0 days/days; walltime: 12.8
36680.0/37230.0 days/days; walltime: 12.5
