Case 4:
Picked up JAVA_TOOL_OPTIONS: -Xmx2g
Opening log file:  /tmp/java.log.13557

                            < M A T L A B (R) >
                  Copyright 1984-2022 The MathWorks, Inc.
                  R2022a (9.12.0.1884302) 64-bit (glnxa64)
                             February 16, 2022

 
To get started, type doc.
For product information, visit www.mathworks.com.
 

config = 

  struct with fields:

                 k_s: 0.2500
                 l_c: 10
            n_moulin: 68
    creep_const_soft: 0
             mesh_nr: 4
                 k_c: 0.1500
               h_bed: 0.5000
               l_bed: 10
               alpha: 1.2500
                beta: 1.5000
               omega: 5.0000e-04

Running model run (ode15s):
Run to steady
Saving model run to
./RUN/output_004_steady.nc
Fields, IC & BC initialised
Initial phi calculated in 1.5s
0.0/36500.0 days/days; walltime: 19.7
------------------------------------------------------------------------------------------------------------------------------------------------------------------------------------------------------------------------------------------------------------------------------------------------------------------------------1825.0/36500.0 days/days; walltime: 159.2
3650.0/36500.0 days/days; walltime: 5.2
5475.0/36500.0 days/days; walltime: 3.4
7300.0/36500.0 days/days; walltime: 4.1
---------9125.0/36500.0 days/days; walltime: 12.4
10950.0/36500.0 days/days; walltime: 860.7
12775.0/36500.0 days/days; walltime: 643.7
14600.0/36500.0 days/days; walltime: 520.0
16425.0/36500.0 days/days; walltime: 436.0
18250.0/36500.0 days/days; walltime: 410.3
20075.0/36500.0 days/days; walltime: 151.0
21900.0/36500.0 days/days; walltime: 14.0
23725.0/36500.0 days/days; walltime: 15.3
25550.0/36500.0 days/days; walltime: 11.0
27375.0/36500.0 days/days; walltime: 7.7
29200.0/36500.0 days/days; walltime: 3.1
31025.0/36500.0 days/days; walltime: 3.1
32850.0/36500.0 days/days; walltime: 3.7
34675.0/36500.0 days/days; walltime: 3.1
36500.0/36500.0 days/days; walltime: 5.0
Wallclock for model run: 3296.9s
 

fields = 

  struct with fields:

    nodes: [1x1 struct]
    edges: [1x1 struct]
       BC: [1x1 struct]

Running model run (ode15s):
Run seasonal
Saving model run to
./RUN/output_004_seasonal.nc
IC initialised from struct
IC initialised from file/given & rest from parameters and given functions
36500.0/37230.0 days/days; walltime: 14.2
36501.0/37230.0 days/days; walltime: 58.4
36502.0/37230.0 days/days; walltime: 24.5
36503.0/37230.0 days/days; walltime: 23.3
36504.0/37230.0 days/days; walltime: 15.9
36505.0/37230.0 days/days; walltime: 5.9
36506.0/37230.0 days/days; walltime: 26.3
36507.0/37230.0 days/days; walltime: 30.8
36508.0/37230.0 days/days; walltime: 6.8
36509.0/37230.0 days/days; walltime: 4.2
36510.0/37230.0 days/days; walltime: 3.8
36511.0/37230.0 days/days; walltime: 3.4
36512.0/37230.0 days/days; walltime: 4.8
36513.0/37230.0 days/days; walltime: 2.9
36514.0/37230.0 days/days; walltime: 2.6
36515.0/37230.0 days/days; walltime: 2.8
36516.0/37230.0 days/days; walltime: 2.6
36517.0/37230.0 days/days; walltime: 2.1
36518.0/37230.0 days/days; walltime: 81.8
36519.0/37230.0 days/days; walltime: 1.4
36520.0/37230.0 days/days; walltime: 1.7
36521.0/37230.0 days/days; walltime: 1.3
36522.0/37230.0 days/days; walltime: 2.9
36523.0/37230.0 days/days; walltime: 1.1
36524.0/37230.0 days/days; walltime: 1.2
36525.0/37230.0 days/days; walltime: 1.1
36526.0/37230.0 days/days; walltime: 0.9
36527.0/37230.0 days/days; walltime: 2.8
36528.0/37230.0 days/days; walltime: 1.0
36529.0/37230.0 days/days; walltime: 0.7
36530.0/37230.0 days/days; walltime: 1.0
36531.0/37230.0 days/days; walltime: 1.0
36532.0/37230.0 days/days; walltime: 3.0
36533.0/37230.0 days/days; walltime: 0.8
36534.0/37230.0 days/days; walltime: 0.9
36535.0/37230.0 days/days; walltime: 0.4
36536.0/37230.0 days/days; walltime: 2.6
36537.0/37230.0 days/days; walltime: 0.6
36538.0/37230.0 days/days; walltime: 0.4
36539.0/37230.0 days/days; walltime: 0.8
36540.0/37230.0 days/days; walltime: 1.0
36541.0/37230.0 days/days; walltime: 1.0
36542.0/37230.0 days/days; walltime: 0.9
36543.0/37230.0 days/days; walltime: 0.9
36544.0/37230.0 days/days; walltime: 0.9
36545.0/37230.0 days/days; walltime: 0.9
36546.0/37230.0 days/days; walltime: 0.7
36547.0/37230.0 days/days; walltime: 0.8
36548.0/37230.0 days/days; walltime: 0.7
36549.0/37230.0 days/days; walltime: 0.7
36550.0/37230.0 days/days; walltime: 0.6
36551.0/37230.0 days/days; walltime: 0.8
36552.0/37230.0 days/days; walltime: 0.7
36553.0/37230.0 days/days; walltime: 0.9
36554.0/37230.0 days/days; walltime: 0.7
36555.0/37230.0 days/days; walltime: 0.9
36556.0/37230.0 days/days; walltime: 0.7
36557.0/37230.0 days/days; walltime: 0.8
36558.0/37230.0 days/days; walltime: 0.7
36559.0/37230.0 days/days; walltime: 0.9
36560.0/37230.0 days/days; walltime: 0.6
36561.0/37230.0 days/days; walltime: 0.6
36562.0/37230.0 days/days; walltime: 8.2
36563.0/37230.0 days/days; walltime: 0.6
36564.0/37230.0 days/days; walltime: 0.7
36565.0/37230.0 days/days; walltime: 0.4
36566.0/37230.0 days/days; walltime: 0.4
36567.0/37230.0 days/days; walltime: 0.4
36568.0/37230.0 days/days; walltime: 0.4
36569.0/37230.0 days/days; walltime: 0.6
36570.0/37230.0 days/days; walltime: 0.4
36571.0/37230.0 days/days; walltime: 0.4
36572.0/37230.0 days/days; walltime: 0.4
36573.0/37230.0 days/days; walltime: 0.4
36574.0/37230.0 days/days; walltime: 0.4
36575.0/37230.0 days/days; walltime: 0.4
36576.0/37230.0 days/days; walltime: 0.4
36577.0/37230.0 days/days; walltime: 0.1
36578.0/37230.0 days/days; walltime: 0.4
36579.0/37230.0 days/days; walltime: 0.4
36580.0/37230.0 days/days; walltime: 0.4
36581.0/37230.0 days/days; walltime: 0.3
36582.0/37230.0 days/days; walltime: 0.4
36583.0/37230.0 days/days; walltime: 0.4
36584.0/37230.0 days/days; walltime: 0.4
36585.0/37230.0 days/days; walltime: 0.1
36586.0/37230.0 days/days; walltime: 0.4
36587.0/37230.0 days/days; walltime: 0.4
36588.0/37230.0 days/days; walltime: 0.4
36589.0/37230.0 days/days; walltime: 0.1
36590.0/37230.0 days/days; walltime: 0.4
36591.0/37230.0 days/days; walltime: 0.4
36592.0/37230.0 days/days; walltime: 0.4
36593.0/37230.0 days/days; walltime: 0.1
36594.0/37230.0 days/days; walltime: 0.4
36595.0/37230.0 days/days; walltime: 0.5
36596.0/37230.0 days/days; walltime: 0.4
36597.0/37230.0 days/days; walltime: 0.4
36598.0/37230.0 days/days; walltime: 0.5
36599.0/37230.0 days/days; walltime: 0.3
36600.0/37230.0 days/days; walltime: 0.5
36601.0/37230.0 days/days; walltime: 0.3
36602.0/37230.0 days/days; walltime: 0.4
36603.0/37230.0 days/days; walltime: 2.7
36604.0/37230.0 days/days; walltime: 2.8
36605.0/37230.0 days/days; walltime: 0.2
36606.0/37230.0 days/days; walltime: 0.3
36607.0/37230.0 days/days; walltime: 0.4
36608.0/37230.0 days/days; walltime: 0.3
36609.0/37230.0 days/days; walltime: 0.3
36610.0/37230.0 days/days; walltime: 0.1
36611.0/37230.0 days/days; walltime: 0.3
36612.0/37230.0 days/days; walltime: 0.3
36613.0/37230.0 days/days; walltime: 0.1
36614.0/37230.0 days/days; walltime: 0.3
36615.0/37230.0 days/days; walltime: 0.9
36616.0/37230.0 days/days; walltime: 2.6
36617.0/37230.0 days/days; walltime: 5.2
36618.0/37230.0 days/days; walltime: 9.5
36619.0/37230.0 days/days; walltime: 16.7
36620.0/37230.0 days/days; walltime: 13.6
36621.0/37230.0 days/days; walltime: 18.0
36622.0/37230.0 days/days; walltime: 19.1
36623.0/37230.0 days/days; walltime: 22.9
36624.0/37230.0 days/days; walltime: 24.7
36625.0/37230.0 days/days; walltime: 19.4
36626.0/37230.0 days/days; walltime: 20.0
36627.0/37230.0 days/days; walltime: 22.2
36628.0/37230.0 days/days; walltime: 20.7
36629.0/37230.0 days/days; walltime: 22.9
36630.0/37230.0 days/days; walltime: 20.1
36631.0/37230.0 days/days; walltime: 19.4
36632.0/37230.0 days/days; walltime: 19.8
36633.0/37230.0 days/days; walltime: 20.7
36634.0/37230.0 days/days; walltime: 19.1
36635.0/37230.0 days/days; walltime: 21.1
36636.0/37230.0 days/days; walltime: 19.2
36637.0/37230.0 days/days; walltime: 18.6
36638.0/37230.0 days/days; walltime: 19.2
36639.0/37230.0 days/days; walltime: 17.2
36640.0/37230.0 days/days; walltime: 19.5
36641.0/37230.0 days/days; walltime: 19.6
36642.0/37230.0 days/days; walltime: 25.5
36643.0/37230.0 days/days; walltime: 23.3
36644.0/37230.0 days/days; walltime: 18.6
36645.0/37230.0 days/days; walltime: 17.3
36646.0/37230.0 days/days; walltime: 17.9
36647.0/37230.0 days/days; walltime: 16.5
36648.0/37230.0 days/days; walltime: 19.8
36649.0/37230.0 days/days; walltime: 19.4
36650.0/37230.0 days/days; walltime: 15.7
36651.0/37230.0 days/days; walltime: 17.2
36652.0/37230.0 days/days; walltime: 15.4
36653.0/37230.0 days/days; walltime: 12.2
36654.0/37230.0 days/days; walltime: 10.9
36655.0/37230.0 days/days; walltime: 18.4
36656.0/37230.0 days/days; walltime: 24.0
36657.0/37230.0 days/days; walltime: 17.3
36658.0/37230.0 days/days; walltime: 16.0
36659.0/37230.0 days/days; walltime: 9.0
36660.0/37230.0 days/days; walltime: 9.8
36661.0/37230.0 days/days; walltime: 19.6
36662.0/37230.0 days/days; walltime: 18.3
36663.0/37230.0 days/days; walltime: 29.0
36664.0/37230.0 days/days; walltime: 34.0
36665.0/37230.0 days/days; walltime: 21.7
36666.0/37230.0 days/days; walltime: 37.7
36667.0/37230.0 days/days; walltime: 42.4
36668.0/37230.0 days/days; walltime: 43.0
36669.0/37230.0 days/days; walltime: 15.4
36670.0/37230.0 days/days; walltime: 33.1
36671.0/37230.0 days/days; walltime: 21.9
36672.0/37230.0 days/days; walltime: 26.0
36673.0/37230.0 days/days; walltime: 9.0
36674.0/37230.0 days/days; walltime: 17.9
36675.0/37230.0 days/days; walltime: 32.8
36676.0/37230.0 days/days; walltime: 24.5
36677.0/37230.0 days/days; walltime: 12.6
36678.0/37230.0 days/days; walltime: 39.1
36679.0/37230.0 days/days; walltime: 7.8
36680.0/37230.0 days/days; walltime: 5.6
36681.0/37230.0 days/days; walltime: 6.0
36682.0/37230.0 days/days; walltime: 26.7
36683.0/37230.0 days/days; walltime: 9.4
36684.0/37230.0 days/days; walltime: 10.2
36685.0/37230.0 days/days; walltime: 26.3
36686.0/37230.0 days/days; walltime: 25.0
36687.0/37230.0 days/days; walltime: 7.2
36688.0/37230.0 days/days; walltime: 14.8
36689.0/37230.0 days/days; walltime: 7.1
36690.0/37230.0 days/days; walltime: 11.2
36691.0/37230.0 days/days; walltime: 22.2
36692.0/37230.0 days/days; walltime: 17.9
36693.0/37230.0 days/days; walltime: 7.8
36694.0/37230.0 days/days; walltime: 6.3
36695.0/37230.0 days/days; walltime: 7.2
36696.0/37230.0 days/days; walltime: 20.4
36697.0/37230.0 days/days; walltime: 13.3
36698.0/37230.0 days/days; walltime: 9.2
36699.0/37230.0 days/days; walltime: 3.7
36700.0/37230.0 days/days; walltime: 17.3
36701.0/37230.0 days/days; walltime: 5.4
36702.0/37230.0 days/days; walltime: 4.2
36703.0/37230.0 days/days; walltime: 5.0
36704.0/37230.0 days/days; walltime: 4.9
36705.0/37230.0 days/days; walltime: 4.4
36706.0/37230.0 days/days; walltime: 4.9
36707.0/37230.0 days/days; walltime: 15.9
36708.0/37230.0 days/days; walltime: 21.0
36709.0/37230.0 days/days; walltime: 21.4
36710.0/37230.0 days/days; walltime: 7.2
36711.0/37230.0 days/days; walltime: 4.3
36712.0/37230.0 days/days; walltime: 5.5
36713.0/37230.0 days/days; walltime: 3.4
36714.0/37230.0 days/days; walltime: 8.1
36715.0/37230.0 days/days; walltime: 10.9
36716.0/37230.0 days/days; walltime: 12.0
36717.0/37230.0 days/days; walltime: 10.2
36718.0/37230.0 days/days; walltime: 5.8
36719.0/37230.0 days/days; walltime: 17.1
36720.0/37230.0 days/days; walltime: 6.9
36721.0/37230.0 days/days; walltime: 12.1
36722.0/37230.0 days/days; walltime: 21.7
36723.0/37230.0 days/days; walltime: 7.3
36724.0/37230.0 days/days; walltime: 9.6
36725.0/37230.0 days/days; walltime: 12.3
36726.0/37230.0 days/days; walltime: 16.2
36727.0/37230.0 days/days; walltime: 10.1
36728.0/37230.0 days/days; walltime: 13.9
36729.0/37230.0 days/days; walltime: 25.4
36730.0/37230.0 days/days; walltime: 14.5
36731.0/37230.0 days/days; walltime: 14.2
36732.0/37230.0 days/days; walltime: 16.6
36733.0/37230.0 days/days; walltime: 16.5
36734.0/37230.0 days/days; walltime: 16.9
36735.0/37230.0 days/days; walltime: 21.2
36736.0/37230.0 days/days; walltime: 17.7
36737.0/37230.0 days/days; walltime: 18.3
36738.0/37230.0 days/days; walltime: 17.4
36739.0/37230.0 days/days; walltime: 19.8
36740.0/37230.0 days/days; walltime: 18.8
36741.0/37230.0 days/days; walltime: 20.0
36742.0/37230.0 days/days; walltime: 19.7
36743.0/37230.0 days/days; walltime: 17.6
36744.0/37230.0 days/days; walltime: 21.7
36745.0/37230.0 days/days; walltime: 6.9
36746.0/37230.0 days/days; walltime: 8.1
36747.0/37230.0 days/days; walltime: 5.7
36748.0/37230.0 days/days; walltime: 3.5
36749.0/37230.0 days/days; walltime: 3.1
36750.0/37230.0 days/days; walltime: 6.5
36751.0/37230.0 days/days; walltime: 2.5
36752.0/37230.0 days/days; walltime: 2.2
36753.0/37230.0 days/days; walltime: 2.2
36754.0/37230.0 days/days; walltime: 1.8
36755.0/37230.0 days/days; walltime: 1.7
36756.0/37230.0 days/days; walltime: 1.6
36757.0/37230.0 days/days; walltime: 32.8
36758.0/37230.0 days/days; walltime: 15.9
36759.0/37230.0 days/days; walltime: 1.2
36760.0/37230.0 days/days; walltime: 1.2
36761.0/37230.0 days/days; walltime: 1.0
36762.0/37230.0 days/days; walltime: 1.0
36763.0/37230.0 days/days; walltime: 0.9
36764.0/37230.0 days/days; walltime: 0.9
36765.0/37230.0 days/days; walltime: 0.8
36766.0/37230.0 days/days; walltime: 1.2
36767.0/37230.0 days/days; walltime: 0.9
36768.0/37230.0 days/days; walltime: 0.7
36769.0/37230.0 days/days; walltime: 0.8
36770.0/37230.0 days/days; walltime: 0.8
36771.0/37230.0 days/days; walltime: 0.9
36772.0/37230.0 days/days; walltime: 2.8
36773.0/37230.0 days/days; walltime: 0.8
36774.0/37230.0 days/days; walltime: 0.7
36775.0/37230.0 days/days; walltime: 0.5
36776.0/37230.0 days/days; walltime: 0.5
36777.0/37230.0 days/days; walltime: 0.5
36778.0/37230.0 days/days; walltime: 0.6
36779.0/37230.0 days/days; walltime: 0.7
36780.0/37230.0 days/days; walltime: 0.6
36781.0/37230.0 days/days; walltime: 0.8
36782.0/37230.0 days/days; walltime: 0.7
36783.0/37230.0 days/days; walltime: 0.6
36784.0/37230.0 days/days; walltime: 0.8
36785.0/37230.0 days/days; walltime: 0.6
36786.0/37230.0 days/days; walltime: 0.6
36787.0/37230.0 days/days; walltime: 0.7
36788.0/37230.0 days/days; walltime: 0.6
36789.0/37230.0 days/days; walltime: 0.5
36790.0/37230.0 days/days; walltime: 0.6
36791.0/37230.0 days/days; walltime: 0.5
36792.0/37230.0 days/days; walltime: 0.5
36793.0/37230.0 days/days; walltime: 0.5
36794.0/37230.0 days/days; walltime: 0.4
36795.0/37230.0 days/days; walltime: 0.5
36796.0/37230.0 days/days; walltime: 0.5
36797.0/37230.0 days/days; walltime: 0.4
36798.0/37230.0 days/days; walltime: 0.5
36799.0/37230.0 days/days; walltime: 0.5
36800.0/37230.0 days/days; walltime: 0.6
36801.0/37230.0 days/days; walltime: 0.4
36802.0/37230.0 days/days; walltime: 0.5
36803.0/37230.0 days/days; walltime: 0.4
36804.0/37230.0 days/days; walltime: 0.4
36805.0/37230.0 days/days; walltime: 0.5
36806.0/37230.0 days/days; walltime: 0.4
36807.0/37230.0 days/days; walltime: 0.5
36808.0/37230.0 days/days; walltime: 0.5
36809.0/37230.0 days/days; walltime: 0.5
36810.0/37230.0 days/days; walltime: 7.3
36811.0/37230.0 days/days; walltime: 0.5
36812.0/37230.0 days/days; walltime: 0.5
36813.0/37230.0 days/days; walltime: 0.8
36814.0/37230.0 days/days; walltime: 0.5
36815.0/37230.0 days/days; walltime: 0.4
36816.0/37230.0 days/days; walltime: 0.4
36817.0/37230.0 days/days; walltime: 0.4
36818.0/37230.0 days/days; walltime: 0.5
36819.0/37230.0 days/days; walltime: 0.3
36820.0/37230.0 days/days; walltime: 0.4
36821.0/37230.0 days/days; walltime: 0.4
36822.0/37230.0 days/days; walltime: 0.4
36823.0/37230.0 days/days; walltime: 0.3
36824.0/37230.0 days/days; walltime: 0.4
36825.0/37230.0 days/days; walltime: 0.4
36826.0/37230.0 days/days; walltime: 0.4
36827.0/37230.0 days/days; walltime: 0.2
36828.0/37230.0 days/days; walltime: 0.4
36829.0/37230.0 days/days; walltime: 0.4
36830.0/37230.0 days/days; walltime: 0.2
36831.0/37230.0 days/days; walltime: 0.3
36832.0/37230.0 days/days; walltime: 0.4
36833.0/37230.0 days/days; walltime: 0.3
36834.0/37230.0 days/days; walltime: 0.3
36835.0/37230.0 days/days; walltime: 0.3
36836.0/37230.0 days/days; walltime: 0.4
36837.0/37230.0 days/days; walltime: 0.3
36838.0/37230.0 days/days; walltime: 0.4
36839.0/37230.0 days/days; walltime: 0.4
36840.0/37230.0 days/days; walltime: 0.2
36841.0/37230.0 days/days; walltime: 0.4
36842.0/37230.0 days/days; walltime: 0.4
36843.0/37230.0 days/days; walltime: 0.2
36844.0/37230.0 days/days; walltime: 0.4
36845.0/37230.0 days/days; walltime: 0.2
36846.0/37230.0 days/days; walltime: 0.4
36847.0/37230.0 days/days; walltime: 0.3
36848.0/37230.0 days/days; walltime: 0.3
36849.0/37230.0 days/days; walltime: 0.4
36850.0/37230.0 days/days; walltime: 0.3
36851.0/37230.0 days/days; walltime: 0.3
36852.0/37230.0 days/days; walltime: 0.3
36853.0/37230.0 days/days; walltime: 0.4
36854.0/37230.0 days/days; walltime: 0.3
36855.0/37230.0 days/days; walltime: 0.3
36856.0/37230.0 days/days; walltime: 0.5
36857.0/37230.0 days/days; walltime: 0.2
36858.0/37230.0 days/days; walltime: 0.4
36859.0/37230.0 days/days; walltime: 0.4
36860.0/37230.0 days/days; walltime: 0.2
36861.0/37230.0 days/days; walltime: 0.4
36862.0/37230.0 days/days; walltime: 0.2
36863.0/37230.0 days/days; walltime: 0.4
36864.0/37230.0 days/days; walltime: 0.3
36865.0/37230.0 days/days; walltime: 0.3
36866.0/37230.0 days/days; walltime: 0.3
36867.0/37230.0 days/days; walltime: 0.4
36868.0/37230.0 days/days; walltime: 0.2
36869.0/37230.0 days/days; walltime: 0.4
36870.0/37230.0 days/days; walltime: 0.2
36871.0/37230.0 days/days; walltime: 0.3
36872.0/37230.0 days/days; walltime: 0.4
36873.0/37230.0 days/days; walltime: 0.2
36874.0/37230.0 days/days; walltime: 0.3
36875.0/37230.0 days/days; walltime: 0.2
36876.0/37230.0 days/days; walltime: 0.3
36877.0/37230.0 days/days; walltime: 0.3
36878.0/37230.0 days/days; walltime: 0.3
36879.0/37230.0 days/days; walltime: 0.2
36880.0/37230.0 days/days; walltime: 0.3
36881.0/37230.0 days/days; walltime: 0.2
36882.0/37230.0 days/days; walltime: 0.3
36883.0/37230.0 days/days; walltime: 0.2
36884.0/37230.0 days/days; walltime: 0.3
36885.0/37230.0 days/days; walltime: 0.2
36886.0/37230.0 days/days; walltime: 0.3
36887.0/37230.0 days/days; walltime: 0.2
36888.0/37230.0 days/days; walltime: 0.3
36889.0/37230.0 days/days; walltime: 0.1
36890.0/37230.0 days/days; walltime: 0.3
36891.0/37230.0 days/days; walltime: 0.2
36892.0/37230.0 days/days; walltime: 0.3
36893.0/37230.0 days/days; walltime: 0.2
36894.0/37230.0 days/days; walltime: 0.3
36895.0/37230.0 days/days; walltime: 0.1
36896.0/37230.0 days/days; walltime: 0.2
36897.0/37230.0 days/days; walltime: 0.3
36898.0/37230.0 days/days; walltime: 0.1
36899.0/37230.0 days/days; walltime: 0.3
36900.0/37230.0 days/days; walltime: 0.2
36901.0/37230.0 days/days; walltime: 0.1
36902.0/37230.0 days/days; walltime: 0.4
36903.0/37230.0 days/days; walltime: 0.2
36904.0/37230.0 days/days; walltime: 0.6
36905.0/37230.0 days/days; walltime: 23.5
36906.0/37230.0 days/days; walltime: 0.2
36907.0/37230.0 days/days; walltime: 0.3
36908.0/37230.0 days/days; walltime: 0.2
36909.0/37230.0 days/days; walltime: 0.1
36910.0/37230.0 days/days; walltime: 0.3
36911.0/37230.0 days/days; walltime: 0.0
36912.0/37230.0 days/days; walltime: 0.2
36913.0/37230.0 days/days; walltime: 0.0
36914.0/37230.0 days/days; walltime: 0.1
36915.0/37230.0 days/days; walltime: 0.2
36916.0/37230.0 days/days; walltime: 0.1
36917.0/37230.0 days/days; walltime: 0.0
36918.0/37230.0 days/days; walltime: 0.1
36919.0/37230.0 days/days; walltime: 0.0
36920.0/37230.0 days/days; walltime: 0.1
36921.0/37230.0 days/days; walltime: 0.0
36922.0/37230.0 days/days; walltime: 0.1
36923.0/37230.0 days/days; walltime: 0.0
36924.0/37230.0 days/days; walltime: 0.3
36925.0/37230.0 days/days; walltime: 0.0
36926.0/37230.0 days/days; walltime: 0.1
36927.0/37230.0 days/days; walltime: 0.0
36928.0/37230.0 days/days; walltime: 0.2
36929.0/37230.0 days/days; walltime: 0.0
36930.0/37230.0 days/days; walltime: 0.1
36931.0/37230.0 days/days; walltime: 0.0
36932.0/37230.0 days/days; walltime: 0.1
36933.0/37230.0 days/days; walltime: 0.0
36934.0/37230.0 days/days; walltime: 0.1
36935.0/37230.0 days/days; walltime: 0.0
36936.0/37230.0 days/days; walltime: 0.1
36937.0/37230.0 days/days; walltime: 0.0
36938.0/37230.0 days/days; walltime: 0.1
36939.0/37230.0 days/days; walltime: 0.0
36940.0/37230.0 days/days; walltime: 0.1
36941.0/37230.0 days/days; walltime: 0.0
36942.0/37230.0 days/days; walltime: 0.1
36943.0/37230.0 days/days; walltime: 0.1
36944.0/37230.0 days/days; walltime: 0.0
36945.0/37230.0 days/days; walltime: 0.2
36946.0/37230.0 days/days; walltime: 0.0
36947.0/37230.0 days/days; walltime: 0.1
36948.0/37230.0 days/days; walltime: 0.2
36949.0/37230.0 days/days; walltime: 0.1
36950.0/37230.0 days/days; walltime: 0.0
36951.0/37230.0 days/days; walltime: 0.1
36952.0/37230.0 days/days; walltime: 0.0
36953.0/37230.0 days/days; walltime: 0.1
36954.0/37230.0 days/days; walltime: 0.0
36955.0/37230.0 days/days; walltime: 0.1
36956.0/37230.0 days/days; walltime: 0.2
36957.0/37230.0 days/days; walltime: 0.1
36958.0/37230.0 days/days; walltime: 0.0
36959.0/37230.0 days/days; walltime: 0.2
36960.0/37230.0 days/days; walltime: 0.0
36961.0/37230.0 days/days; walltime: 0.1
36962.0/37230.0 days/days; walltime: 0.0
36963.0/37230.0 days/days; walltime: 0.2
36964.0/37230.0 days/days; walltime: 0.0
36965.0/37230.0 days/days; walltime: 0.1
36966.0/37230.0 days/days; walltime: 0.0
36967.0/37230.0 days/days; walltime: 0.3
36968.0/37230.0 days/days; walltime: 0.1
36969.0/37230.0 days/days; walltime: 0.2
36970.0/37230.0 days/days; walltime: 0.0
36971.0/37230.0 days/days; walltime: 0.1
36972.0/37230.0 days/days; walltime: 0.2
36973.0/37230.0 days/days; walltime: 0.1
36974.0/37230.0 days/days; walltime: 0.0
36975.0/37230.0 days/days; walltime: 0.3
36976.0/37230.0 days/days; walltime: 0.0
36977.0/37230.0 days/days; walltime: 0.3
36978.0/37230.0 days/days; walltime: 0.0
36979.0/37230.0 days/days; walltime: 0.1
36980.0/37230.0 days/days; walltime: 1.1
36981.0/37230.0 days/days; walltime: 4.5
36982.0/37230.0 days/days; walltime: 7.1
36983.0/37230.0 days/days; walltime: 12.8
36984.0/37230.0 days/days; walltime: 15.1
36985.0/37230.0 days/days; walltime: 20.6
36986.0/37230.0 days/days; walltime: 15.0
36987.0/37230.0 days/days; walltime: 21.3
36988.0/37230.0 days/days; walltime: 23.4
36989.0/37230.0 days/days; walltime: 23.3
36990.0/37230.0 days/days; walltime: 22.4
36991.0/37230.0 days/days; walltime: 26.5
36992.0/37230.0 days/days; walltime: 21.4
36993.0/37230.0 days/days; walltime: 22.2
36994.0/37230.0 days/days; walltime: 22.7
36995.0/37230.0 days/days; walltime: 23.0
36996.0/37230.0 days/days; walltime: 22.6
36997.0/37230.0 days/days; walltime: 23.4
36998.0/37230.0 days/days; walltime: 22.2
36999.0/37230.0 days/days; walltime: 22.7
37000.0/37230.0 days/days; walltime: 22.9
37001.0/37230.0 days/days; walltime: 20.9
37002.0/37230.0 days/days; walltime: 20.7
37003.0/37230.0 days/days; walltime: 21.7
37004.0/37230.0 days/days; walltime: 21.3
37005.0/37230.0 days/days; walltime: 23.5
37006.0/37230.0 days/days; walltime: 21.0
37007.0/37230.0 days/days; walltime: 31.2
37008.0/37230.0 days/days; walltime: 35.6
37009.0/37230.0 days/days; walltime: 28.0
37010.0/37230.0 days/days; walltime: 24.8
37011.0/37230.0 days/days; walltime: 20.3
37012.0/37230.0 days/days; walltime: 16.5
37013.0/37230.0 days/days; walltime: 18.4
37014.0/37230.0 days/days; walltime: 17.1
37015.0/37230.0 days/days; walltime: 16.1
37016.0/37230.0 days/days; walltime: 19.0
37017.0/37230.0 days/days; walltime: 18.4
37018.0/37230.0 days/days; walltime: 15.2
37019.0/37230.0 days/days; walltime: 14.6
37020.0/37230.0 days/days; walltime: 24.7
37021.0/37230.0 days/days; walltime: 21.6
37022.0/37230.0 days/days; walltime: 17.1
37023.0/37230.0 days/days; walltime: 15.8
37024.0/37230.0 days/days; walltime: 11.3
37025.0/37230.0 days/days; walltime: 9.2
37026.0/37230.0 days/days; walltime: 16.5
37027.0/37230.0 days/days; walltime: 26.4
37028.0/37230.0 days/days; walltime: 45.7
37029.0/37230.0 days/days; walltime: 18.5
37030.0/37230.0 days/days; walltime: 19.5
37031.0/37230.0 days/days; walltime: 27.0
37032.0/37230.0 days/days; walltime: 34.5
37033.0/37230.0 days/days; walltime: 38.0
37034.0/37230.0 days/days; walltime: 28.6
37035.0/37230.0 days/days; walltime: 41.5
37036.0/37230.0 days/days; walltime: 26.4
37037.0/37230.0 days/days; walltime: 38.1
37038.0/37230.0 days/days; walltime: 9.4
37039.0/37230.0 days/days; walltime: 25.3
37040.0/37230.0 days/days; walltime: 32.1
37041.0/37230.0 days/days; walltime: 30.5
37042.0/37230.0 days/days; walltime: 6.6
37043.0/37230.0 days/days; walltime: 41.6
37044.0/37230.0 days/days; walltime: 4.2
37045.0/37230.0 days/days; walltime: 4.8
37046.0/37230.0 days/days; walltime: 4.8
37047.0/37230.0 days/days; walltime: 19.1
37048.0/37230.0 days/days; walltime: 9.8
37049.0/37230.0 days/days; walltime: 16.4
37050.0/37230.0 days/days; walltime: 27.7
37051.0/37230.0 days/days; walltime: 27.2
37052.0/37230.0 days/days; walltime: 5.3
37053.0/37230.0 days/days; walltime: 17.9
37054.0/37230.0 days/days; walltime: 7.5
37055.0/37230.0 days/days; walltime: 3.2
37056.0/37230.0 days/days; walltime: 27.6
37057.0/37230.0 days/days; walltime: 46.1
37058.0/37230.0 days/days; walltime: 7.4
37059.0/37230.0 days/days; walltime: 31.3
37060.0/37230.0 days/days; walltime: 11.1
37061.0/37230.0 days/days; walltime: 14.9
37062.0/37230.0 days/days; walltime: 12.7
37063.0/37230.0 days/days; walltime: 5.0
37064.0/37230.0 days/days; walltime: 10.1
37065.0/37230.0 days/days; walltime: 4.5
37066.0/37230.0 days/days; walltime: 9.2
37067.0/37230.0 days/days; walltime: 4.8
37068.0/37230.0 days/days; walltime: 4.9
37069.0/37230.0 days/days; walltime: 2.2
37070.0/37230.0 days/days; walltime: 2.4
37071.0/37230.0 days/days; walltime: 19.9
37072.0/37230.0 days/days; walltime: 13.7
37073.0/37230.0 days/days; walltime: 34.5
37074.0/37230.0 days/days; walltime: 25.1
37075.0/37230.0 days/days; walltime: 9.7
37076.0/37230.0 days/days; walltime: 5.1
37077.0/37230.0 days/days; walltime: 4.4
37078.0/37230.0 days/days; walltime: 7.0
37079.0/37230.0 days/days; walltime: 4.9
37080.0/37230.0 days/days; walltime: 7.9
37081.0/37230.0 days/days; walltime: 18.9
37082.0/37230.0 days/days; walltime: 5.0
37083.0/37230.0 days/days; walltime: 5.2
37084.0/37230.0 days/days; walltime: 6.8
37085.0/37230.0 days/days; walltime: 9.1
37086.0/37230.0 days/days; walltime: 30.3
37087.0/37230.0 days/days; walltime: 30.0
37088.0/37230.0 days/days; walltime: 13.1
37089.0/37230.0 days/days; walltime: 8.9
37090.0/37230.0 days/days; walltime: 11.8
37091.0/37230.0 days/days; walltime: 15.3
37092.0/37230.0 days/days; walltime: 9.7
37093.0/37230.0 days/days; walltime: 14.8
37094.0/37230.0 days/days; walltime: 27.8
37095.0/37230.0 days/days; walltime: 16.7
37096.0/37230.0 days/days; walltime: 17.3
37097.0/37230.0 days/days; walltime: 23.1
37098.0/37230.0 days/days; walltime: 14.9
37099.0/37230.0 days/days; walltime: 20.6
37100.0/37230.0 days/days; walltime: 20.0
37101.0/37230.0 days/days; walltime: 22.3
37102.0/37230.0 days/days; walltime: 17.9
37103.0/37230.0 days/days; walltime: 19.8
37104.0/37230.0 days/days; walltime: 21.9
37105.0/37230.0 days/days; walltime: 19.9
37106.0/37230.0 days/days; walltime: 22.5
37107.0/37230.0 days/days; walltime: 36.8
37108.0/37230.0 days/days; walltime: 24.0
37109.0/37230.0 days/days; walltime: 21.8
37110.0/37230.0 days/days; walltime: 10.5
37111.0/37230.0 days/days; walltime: 35.7
37112.0/37230.0 days/days; walltime: 6.5
37113.0/37230.0 days/days; walltime: 3.9
37114.0/37230.0 days/days; walltime: 3.2
37115.0/37230.0 days/days; walltime: 10.1
37116.0/37230.0 days/days; walltime: 2.2
37117.0/37230.0 days/days; walltime: 2.1
37118.0/37230.0 days/days; walltime: 1.8
37119.0/37230.0 days/days; walltime: 1.6
37120.0/37230.0 days/days; walltime: 1.8
37121.0/37230.0 days/days; walltime: 1.6
37122.0/37230.0 days/days; walltime: 1.4
37123.0/37230.0 days/days; walltime: 1.3
37124.0/37230.0 days/days; walltime: 6.4
37125.0/37230.0 days/days; walltime: 0.5
37126.0/37230.0 days/days; walltime: 0.9
37127.0/37230.0 days/days; walltime: 0.8
37128.0/37230.0 days/days; walltime: 0.8
37129.0/37230.0 days/days; walltime: 0.4
37130.0/37230.0 days/days; walltime: 1.0
37131.0/37230.0 days/days; walltime: 0.8
37132.0/37230.0 days/days; walltime: 0.9
37133.0/37230.0 days/days; walltime: 1.0
37134.0/37230.0 days/days; walltime: 2.7
37135.0/37230.0 days/days; walltime: 0.7
37136.0/37230.0 days/days; walltime: 0.7
37137.0/37230.0 days/days; walltime: 0.5
37138.0/37230.0 days/days; walltime: 0.7
37139.0/37230.0 days/days; walltime: 0.3
37140.0/37230.0 days/days; walltime: 0.3
37141.0/37230.0 days/days; walltime: 0.3
37142.0/37230.0 days/days; walltime: 0.3
37143.0/37230.0 days/days; walltime: 0.3
37144.0/37230.0 days/days; walltime: 0.4
37145.0/37230.0 days/days; walltime: 0.6
37146.0/37230.0 days/days; walltime: 0.4
37147.0/37230.0 days/days; walltime: 0.4
37148.0/37230.0 days/days; walltime: 0.7
37149.0/37230.0 days/days; walltime: 0.5
37150.0/37230.0 days/days; walltime: 0.5
37151.0/37230.0 days/days; walltime: 0.8
37152.0/37230.0 days/days; walltime: 0.6
37153.0/37230.0 days/days; walltime: 0.7
37154.0/37230.0 days/days; walltime: 5.9
37155.0/37230.0 days/days; walltime: 0.5
37156.0/37230.0 days/days; walltime: 0.2
37157.0/37230.0 days/days; walltime: 0.2
37158.0/37230.0 days/days; walltime: 0.4
37159.0/37230.0 days/days; walltime: 0.4
37160.0/37230.0 days/days; walltime: 0.4
37161.0/37230.0 days/days; walltime: 0.4
37162.0/37230.0 days/days; walltime: 0.5
37163.0/37230.0 days/days; walltime: 0.4
37164.0/37230.0 days/days; walltime: 0.4
37165.0/37230.0 days/days; walltime: 0.4
37166.0/37230.0 days/days; walltime: 0.4
37167.0/37230.0 days/days; walltime: 0.4
37168.0/37230.0 days/days; walltime: 0.4
37169.0/37230.0 days/days; walltime: 0.4
37170.0/37230.0 days/days; walltime: 0.7
37171.0/37230.0 days/days; walltime: 0.4
37172.0/37230.0 days/days; walltime: 0.4
37173.0/37230.0 days/days; walltime: 0.4
37174.0/37230.0 days/days; walltime: 0.4
37175.0/37230.0 days/days; walltime: 0.4
37176.0/37230.0 days/days; walltime: 0.4
37177.0/37230.0 days/days; walltime: 0.3
37178.0/37230.0 days/days; walltime: 0.6
37179.0/37230.0 days/days; walltime: 0.6
37180.0/37230.0 days/days; walltime: 0.5
37181.0/37230.0 days/days; walltime: 0.5
37182.0/37230.0 days/days; walltime: 0.6
37183.0/37230.0 days/days; walltime: 0.5
37184.0/37230.0 days/days; walltime: 0.3
37185.0/37230.0 days/days; walltime: 6.0
37186.0/37230.0 days/days; walltime: 0.3
37187.0/37230.0 days/days; walltime: 0.1
37188.0/37230.0 days/days; walltime: 0.3
37189.0/37230.0 days/days; walltime: 0.3
37190.0/37230.0 days/days; walltime: 0.3
37191.0/37230.0 days/days; walltime: 0.1
37192.0/37230.0 days/days; walltime: 0.3
37193.0/37230.0 days/days; walltime: 0.2
37194.0/37230.0 days/days; walltime: 0.1
37195.0/37230.0 days/days; walltime: 0.3
37196.0/37230.0 days/days; walltime: 0.1
37197.0/37230.0 days/days; walltime: 0.3
37198.0/37230.0 days/days; walltime: 0.2
37199.0/37230.0 days/days; walltime: 0.1
37200.0/37230.0 days/days; walltime: 0.3
37201.0/37230.0 days/days; walltime: 0.2
37202.0/37230.0 days/days; walltime: 0.1
37203.0/37230.0 days/days; walltime: 0.2
37204.0/37230.0 days/days; walltime: 0.3
37205.0/37230.0 days/days; walltime: 0.1
37206.0/37230.0 days/days; walltime: 0.2
37207.0/37230.0 days/days; walltime: 0.3
37208.0/37230.0 days/days; walltime: 0.1
37209.0/37230.0 days/days; walltime: 0.3
37210.0/37230.0 days/days; walltime: 0.3
37211.0/37230.0 days/days; walltime: 0.1
37212.0/37230.0 days/days; walltime: 0.3
37213.0/37230.0 days/days; walltime: 0.1
37214.0/37230.0 days/days; walltime: 0.3
37215.0/37230.0 days/days; walltime: 0.3
37216.0/37230.0 days/days; walltime: 0.1
37217.0/37230.0 days/days; walltime: 0.3
37218.0/37230.0 days/days; walltime: 0.2
37219.0/37230.0 days/days; walltime: 0.1
37220.0/37230.0 days/days; walltime: 0.3
37221.0/37230.0 days/days; walltime: 0.2
37222.0/37230.0 days/days; walltime: 0.1
37223.0/37230.0 days/days; walltime: 0.2
37224.0/37230.0 days/days; walltime: 0.3
37225.0/37230.0 days/days; walltime: 0.1
37226.0/37230.0 days/days; walltime: 0.2
37227.0/37230.0 days/days; walltime: 0.3
37228.0/37230.0 days/days; walltime: 0.1
37229.0/37230.0 days/days; walltime: 0.3
37230.0/37230.0 days/days; walltime: 0.2
Wallclock for model run: 5282.3s
 

fields = 

  struct with fields:

    nodes: [1x1 struct]
    edges: [1x1 struct]
       BC: [1x1 struct]

No cases left; exiting.
