Case 1:
Picked up JAVA_TOOL_OPTIONS: -Xmx2g
Opening log file:  /tmp/java.log.382

                            < M A T L A B (R) >
                  Copyright 1984-2022 The MathWorks, Inc.
                  R2022a (9.12.0.1884302) 64-bit (glnxa64)
                             February 16, 2022

 
To get started, type doc.
For product information, visit www.mathworks.com.
 

config = 

  struct with fields:

                 k_s: 0.0138
                 l_c: 10
            n_moulin: 68
    creep_const_soft: 0
             mesh_nr: 4
                 k_c: 0.1500
               h_bed: 0.5000
               l_bed: 10
               alpha: 1.2500
                beta: 1.5000
               omega: 0

Running model run (ode15s):
Run to steady
Creating output dir: ./RUN/
Saving model run to
./RUN/output_001_steady.nc
Fields, IC & BC initialised
Initial phi calculated in 1.7s
0.0/36500.0 days/days; walltime: 19.5
---------------------------------------------------------------------------------------------------------------------------1825.0/36500.0 days/days; walltime: 210.7
------------3650.0/36500.0 days/days; walltime: 1.5
-------5475.0/36500.0 days/days; walltime: 0.7
----------7300.0/36500.0 days/days; walltime: 0.8
--------------------------------------------------------------------------------------------------------------------------------------------------------------------------------------------------9125.0/36500.0 days/days; walltime: 14.0
-----------------------------------------------------------------------------------------------------------------------------------------------------------------------------------------------------------------------------------------------------------------------------------------------------------------------------------------------------------------------------------------------------------------------------------------------------------------------------------------------------------------------------------------------------------------------------------------------------------------------------------------------------------------------------------------------------------------------------------------------------------------------------------------------------------------------------------------------------------------------------------------------------------------------------------------------------------------------------------------------------------------------------------------------------------------------------------------------------------------------------------------------------------------------------------------------------------------------------------------------------------------------------------------------------------------------------------------------------------------------------------------------------------------------------------------------------------------------------------------------------------------------------------------------------------------------------------------------------------------------------------------------------------------------------------------------------------------------------------------------------------------------------------------------------------------------------------------------------------------------------------------------------------------------------------------------------------------------------------------------------------------------------------------------------------------------------------------------------------------------------------------------------------------------------------------------------------------------------------------------------------------------------------------------10950.0/36500.0 days/days; walltime: 157.2
-------------------------------------------------------------------------------------------------------------------------------------------------------------------------------------------------------------------------------------------------------------------------------------------------------------------------------------------------------------------------------------------------------------------------------------------------------------------------------------------------------------------------------------------------------------------------------------------------------------------------------------------------------------------------------------------------------------------------------------------------------------------------------------------------------------------------------------------------------------------12775.0/36500.0 days/days; walltime: 130.9
-------------------------------------------------------------------------------------------------------------------------------------------------------------------------------------------------------------------------------------------------------------------------------------------------------------------------------------------------------------14600.0/36500.0 days/days; walltime: 234.0
-----------------------------------------------------------------------------------------------------------------------------------16425.0/36500.0 days/days; walltime: 152.2
------------------------------------------------------------------------18250.0/36500.0 days/days; walltime: 111.7
20075.0/36500.0 days/days; walltime: 74.5
21900.0/36500.0 days/days; walltime: 19.0
23725.0/36500.0 days/days; walltime: 11.3
25550.0/36500.0 days/days; walltime: 4.7
-27375.0/36500.0 days/days; walltime: 5.0
29200.0/36500.0 days/days; walltime: 2.8
31025.0/36500.0 days/days; walltime: 2.2
32850.0/36500.0 days/days; walltime: 2.2
34675.0/36500.0 days/days; walltime: 1.7
36500.0/36500.0 days/days; walltime: 2.9
Wallclock for model run: 1166.4s
 

fields = 

  struct with fields:

    nodes: [1x1 struct]
    edges: [1x1 struct]
       BC: [1x1 struct]

Running model run (ode15s):
Run seasonal
Saving model run to
./RUN/output_001_seasonal.nc
IC initialised from struct
IC initialised from file/given & rest from parameters and given functions
--36500.0/37230.0 days/days; walltime: 15.3
36501.0/37230.0 days/days; walltime: 115.1
36502.0/37230.0 days/days; walltime: 4.6
36503.0/37230.0 days/days; walltime: 3.2
36504.0/37230.0 days/days; walltime: 4.1
36505.0/37230.0 days/days; walltime: 2.9
36506.0/37230.0 days/days; walltime: 3.8
36507.0/37230.0 days/days; walltime: 1.6
36508.0/37230.0 days/days; walltime: 1.6
36509.0/37230.0 days/days; walltime: 3.0
36510.0/37230.0 days/days; walltime: 1.4
36511.0/37230.0 days/days; walltime: 1.1
36512.0/37230.0 days/days; walltime: 1.2
36513.0/37230.0 days/days; walltime: 4.2
36514.0/37230.0 days/days; walltime: 0.7
36515.0/37230.0 days/days; walltime: 0.9
36516.0/37230.0 days/days; walltime: 1.0
36517.0/37230.0 days/days; walltime: 1.0
36518.0/37230.0 days/days; walltime: 2.4
36519.0/37230.0 days/days; walltime: 0.7
36520.0/37230.0 days/days; walltime: 0.6
36521.0/37230.0 days/days; walltime: 0.6
36522.0/37230.0 days/days; walltime: 0.5
36523.0/37230.0 days/days; walltime: 0.6
36524.0/37230.0 days/days; walltime: 0.7
36525.0/37230.0 days/days; walltime: 0.7
36526.0/37230.0 days/days; walltime: 0.6
36527.0/37230.0 days/days; walltime: 0.6
36528.0/37230.0 days/days; walltime: 0.5
36529.0/37230.0 days/days; walltime: 0.6
36530.0/37230.0 days/days; walltime: 2.0
36531.0/37230.0 days/days; walltime: 0.5
36532.0/37230.0 days/days; walltime: 0.7
36533.0/37230.0 days/days; walltime: 0.5
36534.0/37230.0 days/days; walltime: 0.3
36535.0/37230.0 days/days; walltime: 0.5
36536.0/37230.0 days/days; walltime: 0.5
36537.0/37230.0 days/days; walltime: 0.4
36538.0/37230.0 days/days; walltime: 0.5
36539.0/37230.0 days/days; walltime: 0.4
36540.0/37230.0 days/days; walltime: 0.4
36541.0/37230.0 days/days; walltime: 0.5
36542.0/37230.0 days/days; walltime: 0.3
36543.0/37230.0 days/days; walltime: 20.3
36544.0/37230.0 days/days; walltime: 0.6
36545.0/37230.0 days/days; walltime: 0.5
36546.0/37230.0 days/days; walltime: 0.3
36547.0/37230.0 days/days; walltime: 0.3
36548.0/37230.0 days/days; walltime: 0.3
36549.0/37230.0 days/days; walltime: 0.1
36550.0/37230.0 days/days; walltime: 0.3
36551.0/37230.0 days/days; walltime: 0.3
36552.0/37230.0 days/days; walltime: 0.3
36553.0/37230.0 days/days; walltime: 0.3
36554.0/37230.0 days/days; walltime: 0.4
36555.0/37230.0 days/days; walltime: 0.1
36556.0/37230.0 days/days; walltime: 0.3
36557.0/37230.0 days/days; walltime: 0.2
36558.0/37230.0 days/days; walltime: 0.3
36559.0/37230.0 days/days; walltime: 0.4
36560.0/37230.0 days/days; walltime: 0.2
36561.0/37230.0 days/days; walltime: 0.3
36562.0/37230.0 days/days; walltime: 0.1
36563.0/37230.0 days/days; walltime: 0.3
36564.0/37230.0 days/days; walltime: 0.2
36565.0/37230.0 days/days; walltime: 0.3
36566.0/37230.0 days/days; walltime: 0.2
36567.0/37230.0 days/days; walltime: 0.3
36568.0/37230.0 days/days; walltime: 0.2
36569.0/37230.0 days/days; walltime: 0.3
36570.0/37230.0 days/days; walltime: 0.2
36571.0/37230.0 days/days; walltime: 0.3
36572.0/37230.0 days/days; walltime: 0.2
36573.0/37230.0 days/days; walltime: 0.3
36574.0/37230.0 days/days; walltime: 0.1
36575.0/37230.0 days/days; walltime: 0.3
36576.0/37230.0 days/days; walltime: 0.1
36577.0/37230.0 days/days; walltime: 0.2
36578.0/37230.0 days/days; walltime: 0.3
36579.0/37230.0 days/days; walltime: 0.2
36580.0/37230.0 days/days; walltime: 0.2
36581.0/37230.0 days/days; walltime: 0.2
36582.0/37230.0 days/days; walltime: 0.3
36583.0/37230.0 days/days; walltime: 0.1
36584.0/37230.0 days/days; walltime: 0.2
36585.0/37230.0 days/days; walltime: 0.3
36586.0/37230.0 days/days; walltime: 0.1
36587.0/37230.0 days/days; walltime: 0.3
36588.0/37230.0 days/days; walltime: 0.1
36589.0/37230.0 days/days; walltime: 0.2
36590.0/37230.0 days/days; walltime: 0.2
36591.0/37230.0 days/days; walltime: 0.2
36592.0/37230.0 days/days; walltime: 0.1
36593.0/37230.0 days/days; walltime: 0.3
36594.0/37230.0 days/days; walltime: 0.1
36595.0/37230.0 days/days; walltime: 0.3
36596.0/37230.0 days/days; walltime: 0.1
36597.0/37230.0 days/days; walltime: 0.1
36598.0/37230.0 days/days; walltime: 0.3
36599.0/37230.0 days/days; walltime: 0.1
-36600.0/37230.0 days/days; walltime: 0.2
36601.0/37230.0 days/days; walltime: 0.2
36602.0/37230.0 days/days; walltime: 0.1
36603.0/37230.0 days/days; walltime: 0.1
36604.0/37230.0 days/days; walltime: 0.3
36605.0/37230.0 days/days; walltime: 0.1
36606.0/37230.0 days/days; walltime: 0.1
36607.0/37230.0 days/days; walltime: 0.3
36608.0/37230.0 days/days; walltime: 0.1
36609.0/37230.0 days/days; walltime: 0.1
36610.0/37230.0 days/days; walltime: 0.1
36611.0/37230.0 days/days; walltime: 0.3
36612.0/37230.0 days/days; walltime: 0.1
36613.0/37230.0 days/days; walltime: 0.1
36614.0/37230.0 days/days; walltime: 0.2
36615.0/37230.0 days/days; walltime: 1.7
36616.0/37230.0 days/days; walltime: 2.0
36617.0/37230.0 days/days; walltime: 3.5
36618.0/37230.0 days/days; walltime: 4.1
36619.0/37230.0 days/days; walltime: 4.5
36620.0/37230.0 days/days; walltime: 7.0
36621.0/37230.0 days/days; walltime: 10.4
36622.0/37230.0 days/days; walltime: 9.8
36623.0/37230.0 days/days; walltime: 13.8
36624.0/37230.0 days/days; walltime: 28.7
36625.0/37230.0 days/days; walltime: 34.0
36626.0/37230.0 days/days; walltime: 35.8
36627.0/37230.0 days/days; walltime: 32.3
36628.0/37230.0 days/days; walltime: 27.8
36629.0/37230.0 days/days; walltime: 41.2
36630.0/37230.0 days/days; walltime: 34.5
36631.0/37230.0 days/days; walltime: 49.8
36632.0/37230.0 days/days; walltime: 43.4
36633.0/37230.0 days/days; walltime: 51.2
36634.0/37230.0 days/days; walltime: 49.9
36635.0/37230.0 days/days; walltime: 56.4
36636.0/37230.0 days/days; walltime: 42.6
36637.0/37230.0 days/days; walltime: 44.6
36638.0/37230.0 days/days; walltime: 38.6
36639.0/37230.0 days/days; walltime: 45.3
36640.0/37230.0 days/days; walltime: 40.6
36641.0/37230.0 days/days; walltime: 44.2
36642.0/37230.0 days/days; walltime: 45.9
36643.0/37230.0 days/days; walltime: 43.9
36644.0/37230.0 days/days; walltime: 50.5
36645.0/37230.0 days/days; walltime: 40.5
36646.0/37230.0 days/days; walltime: 41.9
36647.0/37230.0 days/days; walltime: 35.2
36648.0/37230.0 days/days; walltime: 38.8
36649.0/37230.0 days/days; walltime: 41.7
36650.0/37230.0 days/days; walltime: 58.0
36651.0/37230.0 days/days; walltime: 40.1
36652.0/37230.0 days/days; walltime: 14.0
36653.0/37230.0 days/days; walltime: 14.2
36654.0/37230.0 days/days; walltime: 12.1
36655.0/37230.0 days/days; walltime: 17.7
36656.0/37230.0 days/days; walltime: 11.4
36657.0/37230.0 days/days; walltime: 33.3
36658.0/37230.0 days/days; walltime: 10.1
36659.0/37230.0 days/days; walltime: 13.4
36660.0/37230.0 days/days; walltime: 12.5
36661.0/37230.0 days/days; walltime: 11.3
36662.0/37230.0 days/days; walltime: 14.8
36663.0/37230.0 days/days; walltime: 9.2
36664.0/37230.0 days/days; walltime: 9.9
36665.0/37230.0 days/days; walltime: 6.2
36666.0/37230.0 days/days; walltime: 13.4
36667.0/37230.0 days/days; walltime: 8.1
36668.0/37230.0 days/days; walltime: 10.0
36669.0/37230.0 days/days; walltime: 15.2
36670.0/37230.0 days/days; walltime: 16.9
36671.0/37230.0 days/days; walltime: 22.8
36672.0/37230.0 days/days; walltime: 27.6
36673.0/37230.0 days/days; walltime: 7.3
36674.0/37230.0 days/days; walltime: 10.5
36675.0/37230.0 days/days; walltime: 5.1
36676.0/37230.0 days/days; walltime: 11.2
36677.0/37230.0 days/days; walltime: 3.0
36678.0/37230.0 days/days; walltime: 2.5
36679.0/37230.0 days/days; walltime: 3.2
36680.0/37230.0 days/days; walltime: 1.2
36681.0/37230.0 days/days; walltime: 1.0
36682.0/37230.0 days/days; walltime: 1.2
36683.0/37230.0 days/days; walltime: 3.6
36684.0/37230.0 days/days; walltime: 0.8
36685.0/37230.0 days/days; walltime: 4.1
36686.0/37230.0 days/days; walltime: 2.1
36687.0/37230.0 days/days; walltime: 1.0
36688.0/37230.0 days/days; walltime: 2.7
36689.0/37230.0 days/days; walltime: 1.1
36690.0/37230.0 days/days; walltime: 3.6
36691.0/37230.0 days/days; walltime: 3.1
36692.0/37230.0 days/days; walltime: 8.7
36693.0/37230.0 days/days; walltime: 9.4
36694.0/37230.0 days/days; walltime: 5.3
36695.0/37230.0 days/days; walltime: 6.8
36696.0/37230.0 days/days; walltime: 6.8
36697.0/37230.0 days/days; walltime: 8.4
36698.0/37230.0 days/days; walltime: 5.2
36699.0/37230.0 days/days; walltime: 16.4
36700.0/37230.0 days/days; walltime: 5.6
36701.0/37230.0 days/days; walltime: 2.9
36702.0/37230.0 days/days; walltime: 4.0
36703.0/37230.0 days/days; walltime: 2.6
36704.0/37230.0 days/days; walltime: 2.9
36705.0/37230.0 days/days; walltime: 5.5
36706.0/37230.0 days/days; walltime: 3.9
36707.0/37230.0 days/days; walltime: 7.4
36708.0/37230.0 days/days; walltime: 10.1
36709.0/37230.0 days/days; walltime: 3.8
36710.0/37230.0 days/days; walltime: 5.4
36711.0/37230.0 days/days; walltime: 4.0
36712.0/37230.0 days/days; walltime: 3.6
36713.0/37230.0 days/days; walltime: 5.2
36714.0/37230.0 days/days; walltime: 3.6
36715.0/37230.0 days/days; walltime: 5.8
36716.0/37230.0 days/days; walltime: 5.7
36717.0/37230.0 days/days; walltime: 6.4
36718.0/37230.0 days/days; walltime: 4.3
36719.0/37230.0 days/days; walltime: 4.2
36720.0/37230.0 days/days; walltime: 5.0
36721.0/37230.0 days/days; walltime: 9.3
36722.0/37230.0 days/days; walltime: 7.9
36723.0/37230.0 days/days; walltime: 8.0
36724.0/37230.0 days/days; walltime: 6.8
36725.0/37230.0 days/days; walltime: 6.1
36726.0/37230.0 days/days; walltime: 9.2
36727.0/37230.0 days/days; walltime: 5.4
36728.0/37230.0 days/days; walltime: 7.6
36729.0/37230.0 days/days; walltime: 7.9
36730.0/37230.0 days/days; walltime: 5.8
36731.0/37230.0 days/days; walltime: 8.6
36732.0/37230.0 days/days; walltime: 8.0
36733.0/37230.0 days/days; walltime: 7.4
36734.0/37230.0 days/days; walltime: 12.2
36735.0/37230.0 days/days; walltime: 7.8
36736.0/37230.0 days/days; walltime: 26.1
36737.0/37230.0 days/days; walltime: 18.7
36738.0/37230.0 days/days; walltime: 32.6
36739.0/37230.0 days/days; walltime: 12.2
36740.0/37230.0 days/days; walltime: 20.0
36741.0/37230.0 days/days; walltime: 16.1
36742.0/37230.0 days/days; walltime: 12.6
36743.0/37230.0 days/days; walltime: 8.4
36744.0/37230.0 days/days; walltime: 11.4
36745.0/37230.0 days/days; walltime: 4.6
36746.0/37230.0 days/days; walltime: 8.6
36747.0/37230.0 days/days; walltime: 4.0
36748.0/37230.0 days/days; walltime: 2.7
36749.0/37230.0 days/days; walltime: 5.4
36750.0/37230.0 days/days; walltime: 2.2
36751.0/37230.0 days/days; walltime: 0.7
36752.0/37230.0 days/days; walltime: 0.4
36753.0/37230.0 days/days; walltime: 0.5
36754.0/37230.0 days/days; walltime: 0.3
36755.0/37230.0 days/days; walltime: 0.3
36756.0/37230.0 days/days; walltime: 0.3
36757.0/37230.0 days/days; walltime: 0.3
36758.0/37230.0 days/days; walltime: 0.3
36759.0/37230.0 days/days; walltime: 0.3
36760.0/37230.0 days/days; walltime: 0.3
36761.0/37230.0 days/days; walltime: 0.1
36762.0/37230.0 days/days; walltime: 0.3
36763.0/37230.0 days/days; walltime: 0.4
36764.0/37230.0 days/days; walltime: 0.3
36765.0/37230.0 days/days; walltime: 0.4
36766.0/37230.0 days/days; walltime: 0.1
36767.0/37230.0 days/days; walltime: 0.3
36768.0/37230.0 days/days; walltime: 0.4
36769.0/37230.0 days/days; walltime: 0.1
36770.0/37230.0 days/days; walltime: 0.3
36771.0/37230.0 days/days; walltime: 0.4
36772.0/37230.0 days/days; walltime: 0.1
36773.0/37230.0 days/days; walltime: 0.3
36774.0/37230.0 days/days; walltime: 0.2
36775.0/37230.0 days/days; walltime: 0.4
36776.0/37230.0 days/days; walltime: 0.3
36777.0/37230.0 days/days; walltime: 0.3
36778.0/37230.0 days/days; walltime: 0.3
36779.0/37230.0 days/days; walltime: 0.2
36780.0/37230.0 days/days; walltime: 0.3
36781.0/37230.0 days/days; walltime: 0.4
36782.0/37230.0 days/days; walltime: 0.2
36783.0/37230.0 days/days; walltime: 0.3
36784.0/37230.0 days/days; walltime: 0.2
36785.0/37230.0 days/days; walltime: 0.3
36786.0/37230.0 days/days; walltime: 0.2
36787.0/37230.0 days/days; walltime: 0.4
36788.0/37230.0 days/days; walltime: 0.2
36789.0/37230.0 days/days; walltime: 0.3
36790.0/37230.0 days/days; walltime: 0.2
36791.0/37230.0 days/days; walltime: 0.3
36792.0/37230.0 days/days; walltime: 0.1
36793.0/37230.0 days/days; walltime: 0.3
36794.0/37230.0 days/days; walltime: 0.2
36795.0/37230.0 days/days; walltime: 0.3
36796.0/37230.0 days/days; walltime: 0.2
36797.0/37230.0 days/days; walltime: 0.3
36798.0/37230.0 days/days; walltime: 0.2
36799.0/37230.0 days/days; walltime: 0.1
36800.0/37230.0 days/days; walltime: 1.8
36801.0/37230.0 days/days; walltime: 0.2
36802.0/37230.0 days/days; walltime: 0.3
36803.0/37230.0 days/days; walltime: 0.0
36804.0/37230.0 days/days; walltime: 0.3
36805.0/37230.0 days/days; walltime: 0.1
36806.0/37230.0 days/days; walltime: 0.0
36807.0/37230.0 days/days; walltime: 0.3
36808.0/37230.0 days/days; walltime: 0.0
36809.0/37230.0 days/days; walltime: 0.3
36810.0/37230.0 days/days; walltime: 0.1
36811.0/37230.0 days/days; walltime: 0.2
36812.0/37230.0 days/days; walltime: 0.3
36813.0/37230.0 days/days; walltime: 0.3
36814.0/37230.0 days/days; walltime: 0.4
36815.0/37230.0 days/days; walltime: 0.1
36816.0/37230.0 days/days; walltime: 0.2
36817.0/37230.0 days/days; walltime: 0.2
36818.0/37230.0 days/days; walltime: 0.2
36819.0/37230.0 days/days; walltime: 0.1
36820.0/37230.0 days/days; walltime: 0.3
36821.0/37230.0 days/days; walltime: 0.1
36822.0/37230.0 days/days; walltime: 0.3
36823.0/37230.0 days/days; walltime: 0.1
36824.0/37230.0 days/days; walltime: 0.1
36825.0/37230.0 days/days; walltime: 0.3
36826.0/37230.0 days/days; walltime: 0.1
36827.0/37230.0 days/days; walltime: 0.2
36828.0/37230.0 days/days; walltime: 0.2
-36829.0/37230.0 days/days; walltime: 0.1
36830.0/37230.0 days/days; walltime: 0.2
36831.0/37230.0 days/days; walltime: 0.2
36832.0/37230.0 days/days; walltime: 0.2
36833.0/37230.0 days/days; walltime: 0.1
36834.0/37230.0 days/days; walltime: 0.2
36835.0/37230.0 days/days; walltime: 0.2
36836.0/37230.0 days/days; walltime: 0.1
36837.0/37230.0 days/days; walltime: 0.2
36838.0/37230.0 days/days; walltime: 60.0
36839.0/37230.0 days/days; walltime: 0.3
36840.0/37230.0 days/days; walltime: 0.2
36841.0/37230.0 days/days; walltime: 0.1
36842.0/37230.0 days/days; walltime: 0.3
36843.0/37230.0 days/days; walltime: 0.0
36844.0/37230.0 days/days; walltime: 0.0
36845.0/37230.0 days/days; walltime: 0.2
36846.0/37230.0 days/days; walltime: 0.1
36847.0/37230.0 days/days; walltime: 0.0
36848.0/37230.0 days/days; walltime: 0.2
36849.0/37230.0 days/days; walltime: 0.0
36850.0/37230.0 days/days; walltime: 0.0
36851.0/37230.0 days/days; walltime: 0.0
36852.0/37230.0 days/days; walltime: 0.3
36853.0/37230.0 days/days; walltime: 0.0
36854.0/37230.0 days/days; walltime: 0.0
36855.0/37230.0 days/days; walltime: 0.2
36856.0/37230.0 days/days; walltime: 0.1
36857.0/37230.0 days/days; walltime: 0.1
36858.0/37230.0 days/days; walltime: 0.0
36859.0/37230.0 days/days; walltime: 0.3
36860.0/37230.0 days/days; walltime: 0.0
36861.0/37230.0 days/days; walltime: 0.0
36862.0/37230.0 days/days; walltime: 0.2
36863.0/37230.0 days/days; walltime: 0.1
36864.0/37230.0 days/days; walltime: 0.1
36865.0/37230.0 days/days; walltime: 0.1
36866.0/37230.0 days/days; walltime: 0.2
36867.0/37230.0 days/days; walltime: 0.1
36868.0/37230.0 days/days; walltime: 0.0
36869.0/37230.0 days/days; walltime: 0.0
36870.0/37230.0 days/days; walltime: 0.2
36871.0/37230.0 days/days; walltime: 0.1
36872.0/37230.0 days/days; walltime: 0.1
36873.0/37230.0 days/days; walltime: 0.1
36874.0/37230.0 days/days; walltime: 0.2
36875.0/37230.0 days/days; walltime: 0.1
36876.0/37230.0 days/days; walltime: 0.1
36877.0/37230.0 days/days; walltime: 0.1
36878.0/37230.0 days/days; walltime: 0.2
36879.0/37230.0 days/days; walltime: 0.1
36880.0/37230.0 days/days; walltime: 0.1
36881.0/37230.0 days/days; walltime: 0.1
36882.0/37230.0 days/days; walltime: 0.2
36883.0/37230.0 days/days; walltime: 0.1
36884.0/37230.0 days/days; walltime: 0.1
36885.0/37230.0 days/days; walltime: 0.1
36886.0/37230.0 days/days; walltime: 0.2
36887.0/37230.0 days/days; walltime: 0.0
36888.0/37230.0 days/days; walltime: 0.1
36890.0/37230.0 days/days; walltime: 0.1
36891.0/37230.0 days/days; walltime: 0.2
36892.0/37230.0 days/days; walltime: 0.0
36893.0/37230.0 days/days; walltime: 0.0
36894.0/37230.0 days/days; walltime: 0.0
36895.0/37230.0 days/days; walltime: 0.2
36897.0/37230.0 days/days; walltime: 0.1
36898.0/37230.0 days/days; walltime: 0.1
36899.0/37230.0 days/days; walltime: 0.1
36900.0/37230.0 days/days; walltime: 0.2
36902.0/37230.0 days/days; walltime: 0.1
36903.0/37230.0 days/days; walltime: 0.1
36904.0/37230.0 days/days; walltime: 0.1
36905.0/37230.0 days/days; walltime: 0.2
36907.0/37230.0 days/days; walltime: 0.1
36908.0/37230.0 days/days; walltime: 0.0
36909.0/37230.0 days/days; walltime: 0.0
36910.0/37230.0 days/days; walltime: 0.2
36912.0/37230.0 days/days; walltime: 0.1
36913.0/37230.0 days/days; walltime: 0.1
36914.0/37230.0 days/days; walltime: 0.1
36916.0/37230.0 days/days; walltime: 0.1
36917.0/37230.0 days/days; walltime: 0.1
36918.0/37230.0 days/days; walltime: 0.1
36920.0/37230.0 days/days; walltime: 0.1
36921.0/37230.0 days/days; walltime: 0.1
36922.0/37230.0 days/days; walltime: 0.1
36924.0/37230.0 days/days; walltime: 0.1
36925.0/37230.0 days/days; walltime: 0.1
36926.0/37230.0 days/days; walltime: 0.1
36927.0/37230.0 days/days; walltime: 0.1
36929.0/37230.0 days/days; walltime: 0.1
36930.0/37230.0 days/days; walltime: 0.1
36931.0/37230.0 days/days; walltime: 0.1
36933.0/37230.0 days/days; walltime: 0.1
36934.0/37230.0 days/days; walltime: 0.2
36935.0/37230.0 days/days; walltime: 0.1
36937.0/37230.0 days/days; walltime: 0.1
36938.0/37230.0 days/days; walltime: 0.1
36939.0/37230.0 days/days; walltime: 0.2
36941.0/37230.0 days/days; walltime: 0.1
36942.0/37230.0 days/days; walltime: 0.1
36943.0/37230.0 days/days; walltime: 0.1
36945.0/37230.0 days/days; walltime: 0.2
36946.0/37230.0 days/days; walltime: 0.1
36947.0/37230.0 days/days; walltime: 0.1
36949.0/37230.0 days/days; walltime: 0.1
36950.0/37230.0 days/days; walltime: 0.2
36951.0/37230.0 days/days; walltime: 0.1
36953.0/37230.0 days/days; walltime: 0.1
36954.0/37230.0 days/days; walltime: 0.1
36956.0/37230.0 days/days; walltime: 0.2
36957.0/37230.0 days/days; walltime: 0.1
-36959.0/37230.0 days/days; walltime: 0.0
36960.0/37230.0 days/days; walltime: 0.0
36961.0/37230.0 days/days; walltime: 0.2
36963.0/37230.0 days/days; walltime: 0.1
36964.0/37230.0 days/days; walltime: 0.1
36966.0/37230.0 days/days; walltime: 0.1
36967.0/37230.0 days/days; walltime: 0.2
36969.0/37230.0 days/days; walltime: 0.1
36970.0/37230.0 days/days; walltime: 0.1
36972.0/37230.0 days/days; walltime: 0.1
36973.0/37230.0 days/days; walltime: 0.2
36975.0/37230.0 days/days; walltime: 0.0
36976.0/37230.0 days/days; walltime: 0.0
36978.0/37230.0 days/days; walltime: 0.0
36979.0/37230.0 days/days; walltime: 0.2
--36981.0/37230.0 days/days; walltime: 3.7
36982.0/37230.0 days/days; walltime: 2.1
36983.0/37230.0 days/days; walltime: 4.1
36984.0/37230.0 days/days; walltime: 4.7
36985.0/37230.0 days/days; walltime: 5.3
36986.0/37230.0 days/days; walltime: 7.6
slurmstepd: error: *** JOB 61200222 ON cdr552 CANCELLED AT 2023-02-26T21:36:26 DUE TO TIME LIMIT ***
