Case 1:
Picked up JAVA_TOOL_OPTIONS: -Xmx2g
Opening log file:  /tmp/java.log.16278

                            < M A T L A B (R) >
                  Copyright 1984-2022 The MathWorks, Inc.
                  R2022a (9.12.0.1884302) 64-bit (glnxa64)
                             February 16, 2022

 
To get started, type doc.
For product information, visit www.mathworks.com.
 

config = 

  struct with fields:

                 k_s: 0.0138
                 l_c: 10
            n_moulin: 68
    creep_const_soft: 0
             mesh_nr: 4
                 k_c: 0.1500
               h_bed: 0.5000
               l_bed: 10
               alpha: 1.2500
                beta: 1.5000
               omega: 0

Running model run (ode15s):
Run to steady
Saving model run to
./RUN/output_001_steady.nc
Fields, IC & BC initialised
Initial phi calculated in 1.4s
0.0/36500.0 days/days; walltime: 18.8
---------------------------------------------------------------------------------------------------------------------------------------------------------------------------------------------------------------------------------------------------------------------------------------------------------------------------------------------------------------------------------------------------------------------------------------------------------------------------------------------------------------------------------------------------------------------------------------------------------------------------------------------------------------------------------------------------------------------------------------------------------------------------------------------------------------------------------------------------------------------------------------------------------------------------------------------------------------------------------------------------------------------------------------------------------------------------------------------------------------------------------------------------------------------------------------------------------------------------------------------------------------------------------------------------------------------------------------------------------------------------------------------------------------------------------------------------------------------------------------------------------------------------------------------------------------------------------------------------------------------------------------------------------------------------------------1825.0/36500.0 days/days; walltime: 234.2
--------------3650.0/36500.0 days/days; walltime: 1.1
---------5475.0/36500.0 days/days; walltime: 0.7
------7300.0/36500.0 days/days; walltime: 0.5
--------------------------------------------------------------------------------------------------------------------------------------------------------------------------------------------------------------------9125.0/36500.0 days/days; walltime: 13.9
-------------------------------------------------------------------------------------------------------------------------------------------------------------------------------------------------------------------------------------------------------------------------------------------------------------------------------------------------------------------------------------------------------------------------------------------------------------------------------------------------------------------------------------------------------------------------------------------------------------------------------------------------------------------------------------------------------------------------------------------------------------------------------------------------------------------------------------------------------------------------------------------------------------------------------------------------------------------------------------------------------------------------------------------------------------------------------------------------------------------------------------------------------------------------------------------------------------------------------------------------------------------------------------------------------------------------------------------------------------------------------------------------------------------------------------------------------------------------------------------------------------------------------------------------------------------------------------------------------------------------------------------------------------------------------------------------------------------------------------------------------------------------------------------------------------------------------------------------------------------------------------------------------------------------------------------------------------------------------------------------------------------------------------------------------------------------------------------------------------------------------------------------------------------------------------------------------------------------------------------------------------------------------------------------------------------------------------------------------------------------------------------------------------------------------------------------------------------------------------------------------------------------------------------------------------------------------------------------------------------------------------------------------------------------------------------------------------------------------------------------------------------------------------------------------------------------------------------------------------------------------------------------------------------------------------------------------------------------------------------------------------------------------------------------------------------------------------------------------------------------------------------------------------------------------------------------------------------------------------------------------------------------------------------------------------------------------10950.0/36500.0 days/days; walltime: 194.0
---------------------------------------------------------------------------------------------------------------------------------------------------------------------------------------------------------------------------------------------------------------------------------------------------------------------------------------------------------------------------------------------------------------------------------------------------------------------------------------------------------------------------------------------------------------------------------------------------------------------------------------------------------------------------------------------------------------------------------------------------------------------------------------------------------------------------------------------------------------------------------------------------------------------------------------------------------------------------------------------------------------------------------------------------------------------------------------------------------------------------------------------------------------------------------------------------------------------------------------------------------------------------------------------------------------------------------------------------------------------------------------------------------------------------------------------------------------------------------------------------------------------------------------------------------------------------------------------------------------------------------------------------------------------------------------------------------------------------------------------------------------------------------------------------------------------------------------------------------------------------------------------------------------------------------------------------------------------------------------------------------------------------------------------------------------------------------------------------------------------------------------------------------------------------------12775.0/36500.0 days/days; walltime: 140.1
--------------------------------------------------------------------------------------------------------------------------------------------------------------------------------------------------------------------------------------------------------------------------------------------------------------------------------------------------------------------14600.0/36500.0 days/days; walltime: 223.8
---------------------------16425.0/36500.0 days/days; walltime: 153.4
-----------------------------------18250.0/36500.0 days/days; walltime: 117.3
----20075.0/36500.0 days/days; walltime: 40.9
-21900.0/36500.0 days/days; walltime: 5.3
23725.0/36500.0 days/days; walltime: 4.7
25550.0/36500.0 days/days; walltime: 1.6
27375.0/36500.0 days/days; walltime: 1.5
29200.0/36500.0 days/days; walltime: 1.4
31025.0/36500.0 days/days; walltime: 1.2
32850.0/36500.0 days/days; walltime: 0.9
34675.0/36500.0 days/days; walltime: 1.0
36500.0/36500.0 days/days; walltime: 1.4
Wallclock for model run: 1162.2s
 

fields = 

  struct with fields:

    nodes: [1x1 struct]
    edges: [1x1 struct]
       BC: [1x1 struct]

Running model run (ode15s):
Run seasonal
Saving model run to
./RUN/output_001_seasonal.nc
IC initialised from struct
IC initialised from file/given & rest from parameters and given functions
36500.0/37230.0 days/days; walltime: 15.1
36501.0/37230.0 days/days; walltime: 109.6
36502.0/37230.0 days/days; walltime: 5.6
36503.0/37230.0 days/days; walltime: 3.1
36504.0/37230.0 days/days; walltime: 4.8
36505.0/37230.0 days/days; walltime: 2.3
36506.0/37230.0 days/days; walltime: 3.9
36507.0/37230.0 days/days; walltime: 1.5
36508.0/37230.0 days/days; walltime: 1.7
36509.0/37230.0 days/days; walltime: 2.8
36510.0/37230.0 days/days; walltime: 1.3
36511.0/37230.0 days/days; walltime: 1.1
36512.0/37230.0 days/days; walltime: 1.3
36513.0/37230.0 days/days; walltime: 1.1
36514.0/37230.0 days/days; walltime: 2.7
36515.0/37230.0 days/days; walltime: 0.7
36516.0/37230.0 days/days; walltime: 0.7
36517.0/37230.0 days/days; walltime: 0.8
36518.0/37230.0 days/days; walltime: 0.9
36519.0/37230.0 days/days; walltime: 0.7
36520.0/37230.0 days/days; walltime: 0.8
36521.0/37230.0 days/days; walltime: 2.4
36522.0/37230.0 days/days; walltime: 0.7
36523.0/37230.0 days/days; walltime: 0.6
36524.0/37230.0 days/days; walltime: 0.8
36525.0/37230.0 days/days; walltime: 0.6
36526.0/37230.0 days/days; walltime: 0.6
36527.0/37230.0 days/days; walltime: 0.7
36528.0/37230.0 days/days; walltime: 0.6
36529.0/37230.0 days/days; walltime: 0.5
36530.0/37230.0 days/days; walltime: 0.6
36531.0/37230.0 days/days; walltime: 0.5
36532.0/37230.0 days/days; walltime: 0.5
36533.0/37230.0 days/days; walltime: 2.0
36534.0/37230.0 days/days; walltime: 0.5
36535.0/37230.0 days/days; walltime: 0.4
36536.0/37230.0 days/days; walltime: 0.5
36537.0/37230.0 days/days; walltime: 0.4
36538.0/37230.0 days/days; walltime: 0.5
36539.0/37230.0 days/days; walltime: 0.3
36540.0/37230.0 days/days; walltime: 0.4
36541.0/37230.0 days/days; walltime: 0.5
36542.0/37230.0 days/days; walltime: 0.4
36543.0/37230.0 days/days; walltime: 0.4
36544.0/37230.0 days/days; walltime: 0.3
36545.0/37230.0 days/days; walltime: 0.4
36546.0/37230.0 days/days; walltime: 0.4
36547.0/37230.0 days/days; walltime: 0.4
36548.0/37230.0 days/days; walltime: 0.2
36549.0/37230.0 days/days; walltime: 0.4
36550.0/37230.0 days/days; walltime: 0.4
36551.0/37230.0 days/days; walltime: 0.2
36552.0/37230.0 days/days; walltime: 0.4
36553.0/37230.0 days/days; walltime: 0.2
36554.0/37230.0 days/days; walltime: 0.4
36555.0/37230.0 days/days; walltime: 0.3
36556.0/37230.0 days/days; walltime: 0.3
36557.0/37230.0 days/days; walltime: 0.3
36558.0/37230.0 days/days; walltime: 0.2
36559.0/37230.0 days/days; walltime: 0.4
36560.0/37230.0 days/days; walltime: 0.3
36561.0/37230.0 days/days; walltime: 0.2
36562.0/37230.0 days/days; walltime: 0.3
36563.0/37230.0 days/days; walltime: 0.2
36564.0/37230.0 days/days; walltime: 0.3
36565.0/37230.0 days/days; walltime: 0.2
36566.0/37230.0 days/days; walltime: 0.3
36567.0/37230.0 days/days; walltime: 0.2
36568.0/37230.0 days/days; walltime: 0.3
36569.0/37230.0 days/days; walltime: 0.2
36570.0/37230.0 days/days; walltime: 1.8
36571.0/37230.0 days/days; walltime: 0.2
36572.0/37230.0 days/days; walltime: 0.3
36573.0/37230.0 days/days; walltime: 0.1
36574.0/37230.0 days/days; walltime: 0.2
36575.0/37230.0 days/days; walltime: 0.3
36576.0/37230.0 days/days; walltime: 0.2
36577.0/37230.0 days/days; walltime: 0.2
36578.0/37230.0 days/days; walltime: 0.2
36579.0/37230.0 days/days; walltime: 0.3
36580.0/37230.0 days/days; walltime: 0.2
36581.0/37230.0 days/days; walltime: 0.1
36582.0/37230.0 days/days; walltime: 0.3
36583.0/37230.0 days/days; walltime: 0.2
36584.0/37230.0 days/days; walltime: 0.2
36585.0/37230.0 days/days; walltime: 0.2
36586.0/37230.0 days/days; walltime: 0.1
36587.0/37230.0 days/days; walltime: 0.3
36588.0/37230.0 days/days; walltime: 0.1
36589.0/37230.0 days/days; walltime: 0.3
36590.0/37230.0 days/days; walltime: 0.1
36591.0/37230.0 days/days; walltime: 0.2
36592.0/37230.0 days/days; walltime: 0.2
36593.0/37230.0 days/days; walltime: 0.2
36594.0/37230.0 days/days; walltime: 0.1
36595.0/37230.0 days/days; walltime: 0.3
36596.0/37230.0 days/days; walltime: 0.1
36597.0/37230.0 days/days; walltime: 0.3
36598.0/37230.0 days/days; walltime: 0.1
36599.0/37230.0 days/days; walltime: 0.1
-36600.0/37230.0 days/days; walltime: 0.3
36601.0/37230.0 days/days; walltime: 0.1
36602.0/37230.0 days/days; walltime: 0.1
36603.0/37230.0 days/days; walltime: 0.3
36604.0/37230.0 days/days; walltime: 0.1
36605.0/37230.0 days/days; walltime: 0.1
36606.0/37230.0 days/days; walltime: 0.3
36607.0/37230.0 days/days; walltime: 0.1
36608.0/37230.0 days/days; walltime: 0.1
36609.0/37230.0 days/days; walltime: 0.1
36610.0/37230.0 days/days; walltime: 0.2
36611.0/37230.0 days/days; walltime: 0.2
36612.0/37230.0 days/days; walltime: 0.1
36613.0/37230.0 days/days; walltime: 0.2
36614.0/37230.0 days/days; walltime: 0.1
36615.0/37230.0 days/days; walltime: 0.1
36616.0/37230.0 days/days; walltime: 0.1
36617.0/37230.0 days/days; walltime: 0.3
36618.0/37230.0 days/days; walltime: 0.1
-36619.0/37230.0 days/days; walltime: 0.1
-36620.0/37230.0 days/days; walltime: 0.2
36621.0/37230.0 days/days; walltime: 0.1
36622.0/37230.0 days/days; walltime: 0.1
36623.0/37230.0 days/days; walltime: 0.1
36624.0/37230.0 days/days; walltime: 0.2
36625.0/37230.0 days/days; walltime: 0.1
36626.0/37230.0 days/days; walltime: 0.1
36627.0/37230.0 days/days; walltime: 3.5
36628.0/37230.0 days/days; walltime: 3.8
36629.0/37230.0 days/days; walltime: 3.6
36630.0/37230.0 days/days; walltime: 4.5
36631.0/37230.0 days/days; walltime: 3.4
36632.0/37230.0 days/days; walltime: 4.5
36633.0/37230.0 days/days; walltime: 7.4
36634.0/37230.0 days/days; walltime: 8.0
36635.0/37230.0 days/days; walltime: 14.8
36636.0/37230.0 days/days; walltime: 19.0
36637.0/37230.0 days/days; walltime: 21.7
36638.0/37230.0 days/days; walltime: 31.1
36639.0/37230.0 days/days; walltime: 25.8
36640.0/37230.0 days/days; walltime: 29.5
36641.0/37230.0 days/days; walltime: 34.6
36642.0/37230.0 days/days; walltime: 42.3
36643.0/37230.0 days/days; walltime: 40.5
36644.0/37230.0 days/days; walltime: 30.3
36645.0/37230.0 days/days; walltime: 29.8
36646.0/37230.0 days/days; walltime: 38.1
36647.0/37230.0 days/days; walltime: 40.0
36648.0/37230.0 days/days; walltime: 36.0
36649.0/37230.0 days/days; walltime: 35.2
36650.0/37230.0 days/days; walltime: 23.5
36651.0/37230.0 days/days; walltime: 30.4
36652.0/37230.0 days/days; walltime: 33.3
36653.0/37230.0 days/days; walltime: 27.7
36654.0/37230.0 days/days; walltime: 30.6
36655.0/37230.0 days/days; walltime: 25.8
36656.0/37230.0 days/days; walltime: 30.9
36657.0/37230.0 days/days; walltime: 24.7
36658.0/37230.0 days/days; walltime: 30.6
36659.0/37230.0 days/days; walltime: 23.1
36660.0/37230.0 days/days; walltime: 26.9
36661.0/37230.0 days/days; walltime: 22.4
36662.0/37230.0 days/days; walltime: 24.2
36663.0/37230.0 days/days; walltime: 27.6
36664.0/37230.0 days/days; walltime: 24.8
36665.0/37230.0 days/days; walltime: 31.3
36666.0/37230.0 days/days; walltime: 39.1
36667.0/37230.0 days/days; walltime: 53.4
--36668.0/37230.0 days/days; walltime: 63.2
36669.0/37230.0 days/days; walltime: 8.1
36670.0/37230.0 days/days; walltime: 16.7
36671.0/37230.0 days/days; walltime: 10.4
36672.0/37230.0 days/days; walltime: 13.3
36673.0/37230.0 days/days; walltime: 12.1
36674.0/37230.0 days/days; walltime: 4.5
36675.0/37230.0 days/days; walltime: 11.9
36676.0/37230.0 days/days; walltime: 7.6
36677.0/37230.0 days/days; walltime: 2.9
36678.0/37230.0 days/days; walltime: 5.8
36679.0/37230.0 days/days; walltime: 9.6
36680.0/37230.0 days/days; walltime: 2.2
36681.0/37230.0 days/days; walltime: 5.9
36682.0/37230.0 days/days; walltime: 3.7
36683.0/37230.0 days/days; walltime: 3.6
36684.0/37230.0 days/days; walltime: 3.5
36685.0/37230.0 days/days; walltime: 7.2
36686.0/37230.0 days/days; walltime: 5.4
36687.0/37230.0 days/days; walltime: 6.8
36688.0/37230.0 days/days; walltime: 15.1
36689.0/37230.0 days/days; walltime: 22.0
36690.0/37230.0 days/days; walltime: 36.8
36691.0/37230.0 days/days; walltime: 73.8
36692.0/37230.0 days/days; walltime: 3.3
36693.0/37230.0 days/days; walltime: 4.6
36694.0/37230.0 days/days; walltime: 8.4
36695.0/37230.0 days/days; walltime: 2.4
36696.0/37230.0 days/days; walltime: 3.1
36697.0/37230.0 days/days; walltime: 4.3
36698.0/37230.0 days/days; walltime: 3.5
36699.0/37230.0 days/days; walltime: 4.8
36700.0/37230.0 days/days; walltime: 4.4
36701.0/37230.0 days/days; walltime: 4.2
36702.0/37230.0 days/days; walltime: 2.3
36703.0/37230.0 days/days; walltime: 5.4
36704.0/37230.0 days/days; walltime: 10.3
36705.0/37230.0 days/days; walltime: 4.6
36706.0/37230.0 days/days; walltime: 3.6
36707.0/37230.0 days/days; walltime: 5.8
36708.0/37230.0 days/days; walltime: 3.6
36709.0/37230.0 days/days; walltime: 11.8
36710.0/37230.0 days/days; walltime: 3.9
36711.0/37230.0 days/days; walltime: 5.4
36712.0/37230.0 days/days; walltime: 6.5
36713.0/37230.0 days/days; walltime: 4.0
36714.0/37230.0 days/days; walltime: 3.8
36715.0/37230.0 days/days; walltime: 4.9
36716.0/37230.0 days/days; walltime: 6.3
36717.0/37230.0 days/days; walltime: 6.7
36718.0/37230.0 days/days; walltime: 7.0
36719.0/37230.0 days/days; walltime: 6.7
36720.0/37230.0 days/days; walltime: 7.6
36721.0/37230.0 days/days; walltime: 7.9
36722.0/37230.0 days/days; walltime: 10.9
36723.0/37230.0 days/days; walltime: 13.6
36724.0/37230.0 days/days; walltime: 12.1
36725.0/37230.0 days/days; walltime: 9.3
36726.0/37230.0 days/days; walltime: 13.1
36727.0/37230.0 days/days; walltime: 7.8
36728.0/37230.0 days/days; walltime: 9.3
36729.0/37230.0 days/days; walltime: 7.8
36730.0/37230.0 days/days; walltime: 9.2
36731.0/37230.0 days/days; walltime: 5.7
36732.0/37230.0 days/days; walltime: 5.2
36733.0/37230.0 days/days; walltime: 6.0
36734.0/37230.0 days/days; walltime: 3.7
36735.0/37230.0 days/days; walltime: 3.7
36736.0/37230.0 days/days; walltime: 4.1
36737.0/37230.0 days/days; walltime: 2.2
36738.0/37230.0 days/days; walltime: 2.1
36739.0/37230.0 days/days; walltime: 2.2
36740.0/37230.0 days/days; walltime: 2.0
36741.0/37230.0 days/days; walltime: 0.5
36742.0/37230.0 days/days; walltime: 0.3
36743.0/37230.0 days/days; walltime: 0.3
36744.0/37230.0 days/days; walltime: 0.3
36745.0/37230.0 days/days; walltime: 0.3
36746.0/37230.0 days/days; walltime: 0.3
36747.0/37230.0 days/days; walltime: 0.1
36748.0/37230.0 days/days; walltime: 0.3
36749.0/37230.0 days/days; walltime: 0.3
36750.0/37230.0 days/days; walltime: 0.1
36751.0/37230.0 days/days; walltime: 0.3
36752.0/37230.0 days/days; walltime: 0.3
36753.0/37230.0 days/days; walltime: 0.1
36754.0/37230.0 days/days; walltime: 0.3
36755.0/37230.0 days/days; walltime: 0.1
36756.0/37230.0 days/days; walltime: 0.3
36757.0/37230.0 days/days; walltime: 0.1
36758.0/37230.0 days/days; walltime: 0.3
36759.0/37230.0 days/days; walltime: 0.1
36760.0/37230.0 days/days; walltime: 0.3
36761.0/37230.0 days/days; walltime: 0.2
36762.0/37230.0 days/days; walltime: 0.2
36763.0/37230.0 days/days; walltime: 0.1
36764.0/37230.0 days/days; walltime: 0.3
36765.0/37230.0 days/days; walltime: 0.2
36766.0/37230.0 days/days; walltime: 0.1
36767.0/37230.0 days/days; walltime: 0.3
36768.0/37230.0 days/days; walltime: 0.2
36769.0/37230.0 days/days; walltime: 0.2
36770.0/37230.0 days/days; walltime: 0.2
36771.0/37230.0 days/days; walltime: 0.1
36772.0/37230.0 days/days; walltime: 0.3
36773.0/37230.0 days/days; walltime: 0.1
36774.0/37230.0 days/days; walltime: 0.3
36775.0/37230.0 days/days; walltime: 0.1
36776.0/37230.0 days/days; walltime: 0.1
-36777.0/37230.0 days/days; walltime: 0.3
36778.0/37230.0 days/days; walltime: 0.1
36779.0/37230.0 days/days; walltime: 0.1
36780.0/37230.0 days/days; walltime: 0.3
36781.0/37230.0 days/days; walltime: 0.1
36782.0/37230.0 days/days; walltime: 0.1
36783.0/37230.0 days/days; walltime: 0.3
36784.0/37230.0 days/days; walltime: 0.1
36785.0/37230.0 days/days; walltime: 0.1
36786.0/37230.0 days/days; walltime: 0.1
36787.0/37230.0 days/days; walltime: 0.2
36788.0/37230.0 days/days; walltime: 0.2
36789.0/37230.0 days/days; walltime: 0.1
36790.0/37230.0 days/days; walltime: 0.2
36791.0/37230.0 days/days; walltime: 0.1
36792.0/37230.0 days/days; walltime: 0.1
36793.0/37230.0 days/days; walltime: 0.1
36794.0/37230.0 days/days; walltime: 0.2
36795.0/37230.0 days/days; walltime: 0.1
36796.0/37230.0 days/days; walltime: 0.1
-36797.0/37230.0 days/days; walltime: 0.1
36798.0/37230.0 days/days; walltime: 0.2
36799.0/37230.0 days/days; walltime: 0.1
36800.0/37230.0 days/days; walltime: 0.1
36801.0/37230.0 days/days; walltime: 0.1
-36802.0/37230.0 days/days; walltime: 0.2
--36803.0/37230.0 days/days; walltime: 0.1
--36804.0/37230.0 days/days; walltime: 0.1
--36805.0/37230.0 days/days; walltime: 0.1
--36806.0/37230.0 days/days; walltime: 0.2
--36807.0/37230.0 days/days; walltime: 0.1
--36808.0/37230.0 days/days; walltime: 0.1
--36809.0/37230.0 days/days; walltime: 0.1
--36810.0/37230.0 days/days; walltime: 0.2
--36812.0/37230.0 days/days; walltime: 0.1
--36813.0/37230.0 days/days; walltime: 0.1
--36814.0/37230.0 days/days; walltime: 0.3
--36815.0/37230.0 days/days; walltime: 0.4
--36816.0/37230.0 days/days; walltime: 0.1
--36817.0/37230.0 days/days; walltime: 0.1
--36819.0/37230.0 days/days; walltime: 0.1
--36820.0/37230.0 days/days; walltime: 0.2
--36821.0/37230.0 days/days; walltime: 0.1
--36822.0/37230.0 days/days; walltime: 0.1
--36824.0/37230.0 days/days; walltime: 0.1
---36825.0/37230.0 days/days; walltime: 0.3
--36826.0/37230.0 days/days; walltime: 0.1
----------------------------------------------------------36828.0/37230.0 days/days; walltime: 2.6
--36829.0/37230.0 days/days; walltime: 0.1
--36830.0/37230.0 days/days; walltime: 0.2
--36832.0/37230.0 days/days; walltime: 0.1
--36833.0/37230.0 days/days; walltime: 0.1
--36835.0/37230.0 days/days; walltime: 0.1
--36836.0/37230.0 days/days; walltime: 0.2
--36837.0/37230.0 days/days; walltime: 0.1
--36839.0/37230.0 days/days; walltime: 0.1
--36840.0/37230.0 days/days; walltime: 0.1
--36842.0/37230.0 days/days; walltime: 0.2
--36843.0/37230.0 days/days; walltime: 0.1
--36845.0/37230.0 days/days; walltime: 0.1
--36847.0/37230.0 days/days; walltime: 0.1
--36848.0/37230.0 days/days; walltime: 0.2
--36850.0/37230.0 days/days; walltime: 0.1
--36852.0/37230.0 days/days; walltime: 0.1
--36853.0/37230.0 days/days; walltime: 0.1
--36855.0/37230.0 days/days; walltime: 0.2
--36857.0/37230.0 days/days; walltime: 0.1
--36858.0/37230.0 days/days; walltime: 0.1
--36860.0/37230.0 days/days; walltime: 0.1
--36862.0/37230.0 days/days; walltime: 0.2
--36864.0/37230.0 days/days; walltime: 0.1
--36866.0/37230.0 days/days; walltime: 0.1
--36868.0/37230.0 days/days; walltime: 0.1
--36869.0/37230.0 days/days; walltime: 0.2
--36871.0/37230.0 days/days; walltime: 0.1
--36874.0/37230.0 days/days; walltime: 0.1
--36876.0/37230.0 days/days; walltime: 0.1
--36878.0/37230.0 days/days; walltime: 0.2
--36880.0/37230.0 days/days; walltime: 0.1
--36882.0/37230.0 days/days; walltime: 0.1
--36884.0/37230.0 days/days; walltime: 0.1
--36886.0/37230.0 days/days; walltime: 0.2
--36888.0/37230.0 days/days; walltime: 0.1
--36890.0/37230.0 days/days; walltime: 0.1
--36892.0/37230.0 days/days; walltime: 0.1
---------------------------------------------------------------------------------------------------------------------------------------------------------------------------------------------------------------------------------------------------------------------------------------------------------------------------------------------------------------------------------------------------------------------------------------------------------------------------------------------------------------------------------------------------------------------------------------------------------------------------------------------------------------------------------------------------------------------------------------------------------------------------------------------------------------------------------------------------------------------------------------------------------------------------------------------------------------------------------------------------------------------------------------------------------------------------------------36895.0/37230.0 days/days; walltime: 54.5
--36896.0/37230.0 days/days; walltime: 0.1
---36897.0/37230.0 days/days; walltime: 0.2
--36899.0/37230.0 days/days; walltime: 0.1
--36900.0/37230.0 days/days; walltime: 0.1
--36902.0/37230.0 days/days; walltime: 0.1
--36904.0/37230.0 days/days; walltime: 0.2
--36906.0/37230.0 days/days; walltime: 0.1
--36908.0/37230.0 days/days; walltime: 0.1
--36911.0/37230.0 days/days; walltime: 0.1
--36913.0/37230.0 days/days; walltime: 0.2
--36915.0/37230.0 days/days; walltime: 0.1
--36918.0/37230.0 days/days; walltime: 0.1
--36920.0/37230.0 days/days; walltime: 0.1
--36923.0/37230.0 days/days; walltime: 0.2
--36925.0/37230.0 days/days; walltime: 0.1
--36928.0/37230.0 days/days; walltime: 0.1
--36930.0/37230.0 days/days; walltime: 0.1
--36932.0/37230.0 days/days; walltime: 0.2
--36935.0/37230.0 days/days; walltime: 0.1
36938.0/37230.0 days/days; walltime: 0.1
36940.0/37230.0 days/days; walltime: 0.1
36943.0/37230.0 days/days; walltime: 0.2
36946.0/37230.0 days/days; walltime: 0.1
36948.0/37230.0 days/days; walltime: 0.1
36951.0/37230.0 days/days; walltime: 0.1
36954.0/37230.0 days/days; walltime: 0.2
36956.0/37230.0 days/days; walltime: 0.1
36959.0/37230.0 days/days; walltime: 0.1
--36962.0/37230.0 days/days; walltime: 32.3
36963.0/37230.0 days/days; walltime: 0.4
36964.0/37230.0 days/days; walltime: 0.2
36965.0/37230.0 days/days; walltime: 0.0
36966.0/37230.0 days/days; walltime: 0.0
36967.0/37230.0 days/days; walltime: 0.0
36969.0/37230.0 days/days; walltime: 0.2
36971.0/37230.0 days/days; walltime: 0.1
36974.0/37230.0 days/days; walltime: 0.1
36977.0/37230.0 days/days; walltime: 0.1
36980.0/37230.0 days/days; walltime: 0.2
36983.0/37230.0 days/days; walltime: 0.1
36986.0/37230.0 days/days; walltime: 0.1
--36989.0/37230.0 days/days; walltime: 1.9
36990.0/37230.0 days/days; walltime: 0.0
36991.0/37230.0 days/days; walltime: 0.1
36992.0/37230.0 days/days; walltime: 1.8
36993.0/37230.0 days/days; walltime: 2.1
36994.0/37230.0 days/days; walltime: 3.6
36995.0/37230.0 days/days; walltime: 4.7
36996.0/37230.0 days/days; walltime: 3.0
36997.0/37230.0 days/days; walltime: 4.4
36998.0/37230.0 days/days; walltime: 5.4
36999.0/37230.0 days/days; walltime: 9.9
37000.0/37230.0 days/days; walltime: 13.0
37001.0/37230.0 days/days; walltime: 21.7
37002.0/37230.0 days/days; walltime: 20.9
37003.0/37230.0 days/days; walltime: 19.2
37004.0/37230.0 days/days; walltime: 31.6
37005.0/37230.0 days/days; walltime: 27.2
37006.0/37230.0 days/days; walltime: 28.1
37007.0/37230.0 days/days; walltime: 34.9
37008.0/37230.0 days/days; walltime: 36.6
37009.0/37230.0 days/days; walltime: 34.4
37010.0/37230.0 days/days; walltime: 30.7
37011.0/37230.0 days/days; walltime: 34.1
37012.0/37230.0 days/days; walltime: 39.3
37013.0/37230.0 days/days; walltime: 29.7
37014.0/37230.0 days/days; walltime: 33.6
37015.0/37230.0 days/days; walltime: 29.3
37016.0/37230.0 days/days; walltime: 34.8
37017.0/37230.0 days/days; walltime: 31.4
37018.0/37230.0 days/days; walltime: 28.6
37019.0/37230.0 days/days; walltime: 21.2
37020.0/37230.0 days/days; walltime: 25.3
37021.0/37230.0 days/days; walltime: 27.0
37022.0/37230.0 days/days; walltime: 24.5
37023.0/37230.0 days/days; walltime: 27.4
37024.0/37230.0 days/days; walltime: 23.8
37025.0/37230.0 days/days; walltime: 23.5
37026.0/37230.0 days/days; walltime: 24.3
37027.0/37230.0 days/days; walltime: 25.4
37028.0/37230.0 days/days; walltime: 23.3
37029.0/37230.0 days/days; walltime: 23.8
37030.0/37230.0 days/days; walltime: 26.5
37031.0/37230.0 days/days; walltime: 24.9
-37032.0/37230.0 days/days; walltime: 37.7
37033.0/37230.0 days/days; walltime: 64.0
37034.0/37230.0 days/days; walltime: 9.3
37035.0/37230.0 days/days; walltime: 19.5
37036.0/37230.0 days/days; walltime: 9.6
37037.0/37230.0 days/days; walltime: 11.0
37038.0/37230.0 days/days; walltime: 9.4
37039.0/37230.0 days/days; walltime: 4.5
37040.0/37230.0 days/days; walltime: 8.3
37041.0/37230.0 days/days; walltime: 9.5
37042.0/37230.0 days/days; walltime: 4.2
37043.0/37230.0 days/days; walltime: 6.4
37044.0/37230.0 days/days; walltime: 6.3
37045.0/37230.0 days/days; walltime: 2.2
37046.0/37230.0 days/days; walltime: 3.2
37047.0/37230.0 days/days; walltime: 3.5
37048.0/37230.0 days/days; walltime: 15.2
37049.0/37230.0 days/days; walltime: 3.4
37050.0/37230.0 days/days; walltime: 4.0
37051.0/37230.0 days/days; walltime: 8.4
37052.0/37230.0 days/days; walltime: 9.0
37053.0/37230.0 days/days; walltime: 8.4
37054.0/37230.0 days/days; walltime: 25.7
37055.0/37230.0 days/days; walltime: 16.4
37056.0/37230.0 days/days; walltime: 30.6
37057.0/37230.0 days/days; walltime: 39.4
37058.0/37230.0 days/days; walltime: 60.1
37059.0/37230.0 days/days; walltime: 12.7
37060.0/37230.0 days/days; walltime: 1.9
37061.0/37230.0 days/days; walltime: 2.9
37062.0/37230.0 days/days; walltime: 4.9
37063.0/37230.0 days/days; walltime: 4.6
37064.0/37230.0 days/days; walltime: 4.3
37065.0/37230.0 days/days; walltime: 4.4
37066.0/37230.0 days/days; walltime: 3.8
37067.0/37230.0 days/days; walltime: 2.5
37068.0/37230.0 days/days; walltime: 6.2
37069.0/37230.0 days/days; walltime: 8.7
37070.0/37230.0 days/days; walltime: 4.7
37071.0/37230.0 days/days; walltime: 3.6
37072.0/37230.0 days/days; walltime: 6.0
37073.0/37230.0 days/days; walltime: 3.9
37074.0/37230.0 days/days; walltime: 13.7
37075.0/37230.0 days/days; walltime: 3.6
37076.0/37230.0 days/days; walltime: 3.4
37077.0/37230.0 days/days; walltime: 6.8
37078.0/37230.0 days/days; walltime: 4.0
37079.0/37230.0 days/days; walltime: 4.9
37080.0/37230.0 days/days; walltime: 4.6
37081.0/37230.0 days/days; walltime: 6.6
37082.0/37230.0 days/days; walltime: 6.5
37083.0/37230.0 days/days; walltime: 7.8
37084.0/37230.0 days/days; walltime: 8.9
37085.0/37230.0 days/days; walltime: 8.8
37086.0/37230.0 days/days; walltime: 10.5
37087.0/37230.0 days/days; walltime: 12.2
37088.0/37230.0 days/days; walltime: 14.6
37089.0/37230.0 days/days; walltime: 12.6
37090.0/37230.0 days/days; walltime: 9.6
37091.0/37230.0 days/days; walltime: 12.9
37092.0/37230.0 days/days; walltime: 7.8
37093.0/37230.0 days/days; walltime: 10.6
37094.0/37230.0 days/days; walltime: 7.6
37095.0/37230.0 days/days; walltime: 8.5
37096.0/37230.0 days/days; walltime: 5.0
37097.0/37230.0 days/days; walltime: 5.5
37098.0/37230.0 days/days; walltime: 5.9
37099.0/37230.0 days/days; walltime: 4.3
37100.0/37230.0 days/days; walltime: 4.5
37101.0/37230.0 days/days; walltime: 3.2
37102.0/37230.0 days/days; walltime: 2.2
37103.0/37230.0 days/days; walltime: 3.7
37104.0/37230.0 days/days; walltime: 2.1
37105.0/37230.0 days/days; walltime: 0.5
37106.0/37230.0 days/days; walltime: 0.4
37107.0/37230.0 days/days; walltime: 0.4
37108.0/37230.0 days/days; walltime: 0.3
37109.0/37230.0 days/days; walltime: 0.3
37110.0/37230.0 days/days; walltime: 0.3
37111.0/37230.0 days/days; walltime: 0.3
37112.0/37230.0 days/days; walltime: 0.1
37113.0/37230.0 days/days; walltime: 0.3
37114.0/37230.0 days/days; walltime: 0.3
37115.0/37230.0 days/days; walltime: 0.1
37116.0/37230.0 days/days; walltime: 0.3
37117.0/37230.0 days/days; walltime: 0.3
37118.0/37230.0 days/days; walltime: 0.1
37119.0/37230.0 days/days; walltime: 0.2
37120.0/37230.0 days/days; walltime: 0.2
37121.0/37230.0 days/days; walltime: 0.3
37122.0/37230.0 days/days; walltime: 0.2
37123.0/37230.0 days/days; walltime: 0.3
37124.0/37230.0 days/days; walltime: 0.2
37125.0/37230.0 days/days; walltime: 0.3
37126.0/37230.0 days/days; walltime: 0.2
37127.0/37230.0 days/days; walltime: 0.3
37128.0/37230.0 days/days; walltime: 0.1
37129.0/37230.0 days/days; walltime: 0.2
37130.0/37230.0 days/days; walltime: 0.3
37131.0/37230.0 days/days; walltime: 0.1
37132.0/37230.0 days/days; walltime: 0.3
37133.0/37230.0 days/days; walltime: 0.1
37134.0/37230.0 days/days; walltime: 0.2
37135.0/37230.0 days/days; walltime: 0.3
37136.0/37230.0 days/days; walltime: 0.1
37137.0/37230.0 days/days; walltime: 0.1
37138.0/37230.0 days/days; walltime: 0.3
37139.0/37230.0 days/days; walltime: 0.1
37140.0/37230.0 days/days; walltime: 0.3
37141.0/37230.0 days/days; walltime: 0.1
-37142.0/37230.0 days/days; walltime: 0.1
37143.0/37230.0 days/days; walltime: 0.3
37144.0/37230.0 days/days; walltime: 0.1
37145.0/37230.0 days/days; walltime: 0.1
37146.0/37230.0 days/days; walltime: 0.1
37147.0/37230.0 days/days; walltime: 0.3
37148.0/37230.0 days/days; walltime: 0.1
37149.0/37230.0 days/days; walltime: 0.1
37150.0/37230.0 days/days; walltime: 0.2
37151.0/37230.0 days/days; walltime: 0.1
37152.0/37230.0 days/days; walltime: 0.2
37153.0/37230.0 days/days; walltime: 0.2
37154.0/37230.0 days/days; walltime: 0.1
37155.0/37230.0 days/days; walltime: 0.1
37156.0/37230.0 days/days; walltime: 0.1
37157.0/37230.0 days/days; walltime: 0.2
37158.0/37230.0 days/days; walltime: 0.1
37159.0/37230.0 days/days; walltime: 0.1
37160.0/37230.0 days/days; walltime: 0.1
-37161.0/37230.0 days/days; walltime: 0.2
37162.0/37230.0 days/days; walltime: 0.1
-37163.0/37230.0 days/days; walltime: 0.1
--37164.0/37230.0 days/days; walltime: 0.1
--37165.0/37230.0 days/days; walltime: 0.2
--37166.0/37230.0 days/days; walltime: 0.1
--37167.0/37230.0 days/days; walltime: 0.1
--37168.0/37230.0 days/days; walltime: 0.1
--37169.0/37230.0 days/days; walltime: 0.2
--37170.0/37230.0 days/days; walltime: 0.1
--37172.0/37230.0 days/days; walltime: 0.1
--37173.0/37230.0 days/days; walltime: 0.1
--37174.0/37230.0 days/days; walltime: 0.2
---37175.0/37230.0 days/days; walltime: 0.1
------------------------------------------37176.0/37230.0 days/days; walltime: 1.9
--37178.0/37230.0 days/days; walltime: 0.1
--37179.0/37230.0 days/days; walltime: 0.2
--37180.0/37230.0 days/days; walltime: 0.1
--37182.0/37230.0 days/days; walltime: 0.1
--37183.0/37230.0 days/days; walltime: 0.1
--37184.0/37230.0 days/days; walltime: 0.2
--37186.0/37230.0 days/days; walltime: 0.1
--37187.0/37230.0 days/days; walltime: 0.1
--37189.0/37230.0 days/days; walltime: 0.1
--37190.0/37230.0 days/days; walltime: 0.2
--37192.0/37230.0 days/days; walltime: 0.1
--37193.0/37230.0 days/days; walltime: 0.1
--37195.0/37230.0 days/days; walltime: 0.1
--37196.0/37230.0 days/days; walltime: 0.2
--37198.0/37230.0 days/days; walltime: 0.1
--37200.0/37230.0 days/days; walltime: 0.1
--37202.0/37230.0 days/days; walltime: 0.1
--37203.0/37230.0 days/days; walltime: 0.2
--37205.0/37230.0 days/days; walltime: 0.1
--37207.0/37230.0 days/days; walltime: 0.1
--37209.0/37230.0 days/days; walltime: 0.1
--37211.0/37230.0 days/days; walltime: 0.2
--37213.0/37230.0 days/days; walltime: 0.1
--37215.0/37230.0 days/days; walltime: 0.1
--37218.0/37230.0 days/days; walltime: 0.1
--37220.0/37230.0 days/days; walltime: 0.2
--37222.0/37230.0 days/days; walltime: 0.1
--37224.0/37230.0 days/days; walltime: 0.1
--37227.0/37230.0 days/days; walltime: 0.1
--37229.0/37230.0 days/days; walltime: 0.2
Wallclock for model run: 3656.5s
 

fields = 

  struct with fields:

    nodes: [1x1 struct]
    edges: [1x1 struct]
       BC: [1x1 struct]

No cases left; exiting.
