Case 1:
Picked up JAVA_TOOL_OPTIONS: -Xmx2g
Opening log file:  /tmp/java.log.13174

                            < M A T L A B (R) >
                  Copyright 1984-2022 The MathWorks, Inc.
                  R2022a (9.12.0.1884302) 64-bit (glnxa64)
                             February 16, 2022

 
To get started, type doc.
For product information, visit www.mathworks.com.
 

config = 

  struct with fields:

                 k_s: 0.0138
                 l_c: 10
            n_moulin: 68
    creep_const_soft: 0
             mesh_nr: 4
                 k_c: 0.1500
               h_bed: 0.5000
               l_bed: 10
               alpha: 1.2500
                beta: 1.5000
               omega: 0

Running model run (ode15s):
Run to steady
Saving model run to
./RUN/output_001_steady.nc
Fields, IC & BC initialised
Initial phi calculated in 1.3s
0.0/36500.0 days/days; walltime: 20.3
---------------------------------------------------------------------------------------------------------------------------1825.0/36500.0 days/days; walltime: 237.1
------------3650.0/36500.0 days/days; walltime: 1.5
-------5475.0/36500.0 days/days; walltime: 0.7
----------7300.0/36500.0 days/days; walltime: 0.8
--------------------------------------------------------------------------------------------------------------------------------------------------------------------------------------------------9125.0/36500.0 days/days; walltime: 13.8
-------------------------------------------------------------------------------------------------------------------------------------------------------------------------------------------------------------------------------------------------------------------------------------------------------------------------------------------------------------------------------------------------------------------------------------------------------------------------------------------------------------------------------------------------------------------------------------------------------------------------------------------------------------------------------------------------------------------------------------------------------------------------------------------------------------------------------------------------------------------------------------------------------------------------------------------------------------------------------------------------------------------------------------------------------------------------------------------------------------------------------------------------------------------------------------------------------------------------------------------------------------------------------------------------------------------------------------------------------------------------------------------------------------------------------------------------------------------------------------------------------------------------------------------------------------------------------------------------------------------------------------------------------------------------------------------------------------------------------------------------------------------------------------------------------------------------------------------------------------------------------------------------------------------------------------------------------------------------------------------------------------------------------------------------------------------------------------------------------------------------------------------------------------------------------------------------------------------------------------------------------------------------------------------------------------------------------------------------------------------------------------------------------------------------------------------------------------------------------------------------------------------------------------------------------------10950.0/36500.0 days/days; walltime: 170.9
--------------------------------------------------------------------------------------------------------------------------------------------------------------------------------------------------------------------------------------------------------------------------------------------------------------------------------------------------------------------------------------------------------------------------------------------------------------------------------------------------------------------------------------------------------------------------------------------------------------------------------------------------------------------------------------------------------------------------------------------------------------------------------------------------------------------------------------------------------------------------------------------------------------------------------------------------------------------------------------------------------------------------------------------------------------------------------------------------------------------12775.0/36500.0 days/days; walltime: 138.5
--------------------------------------------------------------------------------------------------------------------------------------------------------------------------------------------------------------------------