Case 5:
Picked up JAVA_TOOL_OPTIONS: -Xmx2g
Opening log file:  /tmp/java.log.30397

                            < M A T L A B (R) >
                  Copyright 1984-2022 The MathWorks, Inc.
                  R2022a (9.12.0.1884302) 64-bit (glnxa64)
                             February 16, 2022

 
To get started, type doc.
For product information, visit www.mathworks.com.
 

config = 

  struct with fields:

                 k_s: 0.1000
                 l_c: 10
            n_moulin: 68
    creep_const_soft: 0
             mesh_nr: 4
                 e_v: 1.0000e-04
                 k_c: 0.2000
               h_bed: 0.5000
               l_bed: 10
               alpha: 1.5000
                beta: 1.5000
               omega: 5.0000e-04

Running model run (ode15s):
Run to steady
Saving model run to
./RUN/output_205_steady.nc
Fields, IC & BC initialised
Initial phi calculated in 1.3s
0.0/36500.0 days/days; walltime: 18.9
---------------------------------------------------------1825.0/36500.0 days/days; walltime: 173.9
3650.0/36500.0 days/days; walltime: 5.0
5475.0/36500.0 days/days; walltime: 1.1
7300.0/36500.0 days/days; walltime: 0.4
----------------9125.0/36500.0 days/days; walltime: 12.8
10950.0/36500.0 days/days; walltime: 894.3
12775.0/36500.0 days/days; walltime: 348.6
14600.0/36500.0 days/days; walltime: 391.4
16425.0/36500.0 days/days; walltime: 210.7
-18250.0/36500.0 days/days; walltime: 134.9
20075.0/36500.0 days/days; walltime: 23.3
21900.0/36500.0 days/days; walltime: 8.0
23725.0/36500.0 days/days; walltime: 3.5
25550.0/36500.0 days/days; walltime: 2.4
27375.0/36500.0 days/days; walltime: 2.7
29200.0/36500.0 days/days; walltime: 2.2
31025.0/36500.0 days/days; walltime: 1.6
32850.0/36500.0 days/days; walltime: 2.8
34675.0/36500.0 days/days; walltime: 0.5
36500.0/36500.0 days/days; walltime: 0.6
Wallclock for model run: 2244.8s
 

fields = 

  struct with fields:

    nodes: [1x1 struct]
    edges: [1x1 struct]
       BC: [1x1 struct]

Running model run (ode15s):
Run seasonal
Saving model run to
./RUN/output_205_seasonal.nc
IC initialised from struct
IC initialised from file/given & rest from parameters and given functions
36500.0/37230.0 days/days; walltime: 13.5
36501.0/37230.0 days/days; walltime: 67.3
36502.0/37230.0 days/days; walltime: 13.6
36503.0/37230.0 days/days; walltime: 17.9
36504.0/37230.0 days/days; walltime: 19.1
36505.0/37230.0 days/days; walltime: 10.9
36506.0/37230.0 days/days; walltime: 8.3
36507.0/37230.0 days/days; walltime: 14.0
36508.0/37230.0 days/days; walltime: 2.8
36509.0/37230.0 days/days; walltime: 2.7
36510.0/37230.0 days/days; walltime: 3.0
36511.0/37230.0 days/days; walltime: 2.4
36512.0/37230.0 days/days; walltime: 31.2
36513.0/37230.0 days/days; walltime: 2.4
36514.0/37230.0 days/days; walltime: 1.9
36515.0/37230.0 days/days; walltime: 1.6
36516.0/37230.0 days/days; walltime: 1.7
36517.0/37230.0 days/days; walltime: 1.7
36518.0/37230.0 days/days; walltime: 1.6
36519.0/37230.0 days/days; walltime: 1.4
36520.0/37230.0 days/days; walltime: 1.4
36521.0/37230.0 days/days; walltime: 1.1
36522.0/37230.0 days/days; walltime: 4.8
36523.0/37230.0 days/days; walltime: 1.3
36524.0/37230.0 days/days; walltime: 1.1
36525.0/37230.0 days/days; walltime: 1.2
36526.0/37230.0 days/days; walltime: 1.0
36527.0/37230.0 days/days; walltime: 1.2
36528.0/37230.0 days/days; walltime: 0.9
36529.0/37230.0 days/days; walltime: 0.9
36530.0/37230.0 days/days; walltime: 0.8
36531.0/37230.0 days/days; walltime: 0.9
36532.0/37230.0 days/days; walltime: 0.8
36533.0/37230.0 days/days; walltime: 0.9
36534.0/37230.0 days/days; walltime: 0.6
36535.0/37230.0 days/days; walltime: 0.7
36536.0/37230.0 days/days; walltime: 0.9
36537.0/37230.0 days/days; walltime: 5.6
36538.0/37230.0 days/days; walltime: 2.4
36539.0/37230.0 days/days; walltime: 0.6
36540.0/37230.0 days/days; walltime: 0.4
36541.0/37230.0 days/days; walltime: 0.6
36542.0/37230.0 days/days; walltime: 0.4
36543.0/37230.0 days/days; walltime: 0.6
36544.0/37230.0 days/days; walltime: 0.4
36545.0/37230.0 days/days; walltime: 0.5
36546.0/37230.0 days/days; walltime: 0.4
36547.0/37230.0 days/days; walltime: 0.4
36548.0/37230.0 days/days; walltime: 0.4
36549.0/37230.0 days/days; walltime: 0.4
36550.0/37230.0 days/days; walltime: 0.5
36551.0/37230.0 days/days; walltime: 0.5
36552.0/37230.0 days/days; walltime: 0.6
36553.0/37230.0 days/days; walltime: 4.2
36554.0/37230.0 days/days; walltime: 0.8
36555.0/37230.0 days/days; walltime: 0.5
36556.0/37230.0 days/days; walltime: 0.5
36557.0/37230.0 days/days; walltime: 0.5
36558.0/37230.0 days/days; walltime: 0.5
36559.0/37230.0 days/days; walltime: 0.5
36560.0/37230.0 days/days; walltime: 0.4
36561.0/37230.0 days/days; walltime: 0.6
36562.0/37230.0 days/days; walltime: 0.4
36563.0/37230.0 days/days; walltime: 0.5
36564.0/37230.0 days/days; walltime: 0.4
36565.0/37230.0 days/days; walltime: 0.3
36566.0/37230.0 days/days; walltime: 33.5
36567.0/37230.0 days/days; walltime: 0.7
36568.0/37230.0 days/days; walltime: 0.2
36569.0/37230.0 days/days; walltime: 0.4
36570.0/37230.0 days/days; walltime: 0.3
36571.0/37230.0 days/days; walltime: 0.3
36572.0/37230.0 days/days; walltime: 0.3
36573.0/37230.0 days/days; walltime: 0.3
36574.0/37230.0 days/days; walltime: 0.3
36575.0/37230.0 days/days; walltime: 0.3
36576.0/37230.0 days/days; walltime: 0.2
36577.0/37230.0 days/days; walltime: 0.3
36578.0/37230.0 days/days; walltime: 0.3
36579.0/37230.0 days/days; walltime: 0.1
36580.0/37230.0 days/days; walltime: 0.4
36581.0/37230.0 days/days; walltime: 0.4
36582.0/37230.0 days/days; walltime: 1.7
36583.0/37230.0 days/days; walltime: 0.1
36584.0/37230.0 days/days; walltime: 0.1
36585.0/37230.0 days/days; walltime: 0.3
36586.0/37230.0 days/days; walltime: 0.1
36587.0/37230.0 days/days; walltime: 0.3
36588.0/37230.0 days/days; walltime: 0.3
36589.0/37230.0 days/days; walltime: 0.1
36590.0/37230.0 days/days; walltime: 0.3
36591.0/37230.0 days/days; walltime: 0.1
36592.0/37230.0 days/days; walltime: 0.3
36593.0/37230.0 days/days; walltime: 0.3
36594.0/37230.0 days/days; walltime: 0.1
36595.0/37230.0 days/days; walltime: 0.4
36596.0/37230.0 days/days; walltime: 0.2
36597.0/37230.0 days/days; walltime: 1.7
36598.0/37230.0 days/days; walltime: 0.1
36599.0/37230.0 days/days; walltime: 0.1
36600.0/37230.0 days/days; walltime: 0.2
36601.0/37230.0 days/days; walltime: 0.1
36602.0/37230.0 days/days; walltime: 0.3
36603.0/37230.0 days/days; walltime: 0.3
36604.0/37230.0 days/days; walltime: 0.3
36605.0/37230.0 days/days; walltime: 0.1
36606.0/37230.0 days/days; walltime: 0.3
36607.0/37230.0 days/days; walltime: 0.3
36608.0/37230.0 days/days; walltime: 0.1
36609.0/37230.0 days/days; walltime: 0.3
36610.0/37230.0 days/days; walltime: 0.1
36611.0/37230.0 days/days; walltime: 0.4
36612.0/37230.0 days/days; walltime: 0.3
36613.0/37230.0 days/days; walltime: 1.5
36614.0/37230.0 days/days; walltime: 0.2
36615.0/37230.0 days/days; walltime: 1.5
36616.0/37230.0 days/days; walltime: 4.8
36617.0/37230.0 days/days; walltime: 6.3
36618.0/37230.0 days/days; walltime: 10.1
36619.0/37230.0 days/days; walltime: 7.4
36620.0/37230.0 days/days; walltime: 10.1
36621.0/37230.0 days/days; walltime: 9.2
36622.0/37230.0 days/days; walltime: 10.3
36623.0/37230.0 days/days; walltime: 9.7
36624.0/37230.0 days/days; walltime: 10.4
36625.0/37230.0 days/days; walltime: 10.5
36626.0/37230.0 days/days; walltime: 9.2
36627.0/37230.0 days/days; walltime: 7.8
36628.0/37230.0 days/days; walltime: 8.9
36629.0/37230.0 days/days; walltime: 24.5
36630.0/37230.0 days/days; walltime: 16.6
36631.0/37230.0 days/days; walltime: 19.7
36632.0/37230.0 days/days; walltime: 34.1
36633.0/37230.0 days/days; walltime: 28.1
36634.0/37230.0 days/days; walltime: 15.2
36635.0/37230.0 days/days; walltime: 30.3
36636.0/37230.0 days/days; walltime: 39.7
36637.0/37230.0 days/days; walltime: 31.3
36638.0/37230.0 days/days; walltime: 25.0
36639.0/37230.0 days/days; walltime: 14.2
36640.0/37230.0 days/days; walltime: 33.5
36641.0/37230.0 days/days; walltime: 18.7
36642.0/37230.0 days/days; walltime: 27.5
36643.0/37230.0 days/days; walltime: 14.3
36644.0/37230.0 days/days; walltime: 10.6
36645.0/37230.0 days/days; walltime: 33.2
36646.0/37230.0 days/days; walltime: 34.4
36647.0/37230.0 days/days; walltime: 39.7
36648.0/37230.0 days/days; walltime: 27.6
36649.0/37230.0 days/days; walltime: 42.9
36650.0/37230.0 days/days; walltime: 34.6
36651.0/37230.0 days/days; walltime: 20.4
36652.0/37230.0 days/days; walltime: 28.5
36653.0/37230.0 days/days; walltime: 56.5
36654.0/37230.0 days/days; walltime: 10.1
36655.0/37230.0 days/days; walltime: 38.7
36656.0/37230.0 days/days; walltime: 19.1
36657.0/37230.0 days/days; walltime: 32.2
36658.0/37230.0 days/days; walltime: 47.2
36659.0/37230.0 days/days; walltime: 14.0
36660.0/37230.0 days/days; walltime: 33.2
36661.0/37230.0 days/days; walltime: 60.6
36662.0/37230.0 days/days; walltime: 28.9
36663.0/37230.0 days/days; walltime: 27.5
36664.0/37230.0 days/days; walltime: 52.7
36665.0/37230.0 days/days; walltime: 62.0
36666.0/37230.0 days/days; walltime: 29.8
36667.0/37230.0 days/days; walltime: 43.6
36668.0/37230.0 days/days; walltime: 22.8
36669.0/37230.0 days/days; walltime: 46.2
36670.0/37230.0 days/days; walltime: 31.4
36671.0/37230.0 days/days; walltime: 36.8
36672.0/37230.0 days/days; walltime: 6.3
36673.0/37230.0 days/days; walltime: 8.8
36674.0/37230.0 days/days; walltime: 16.1
36675.0/37230.0 days/days; walltime: 16.9
36676.0/37230.0 days/days; walltime: 29.4
36677.0/37230.0 days/days; walltime: 12.7
36678.0/37230.0 days/days; walltime: 37.5
36679.0/37230.0 days/days; walltime: 11.6
36680.0/37230.0 days/days; walltime: 16.7
36681.0/37230.0 days/days; walltime: 33.9
36682.0/37230.0 days/days; walltime: 42.4
36683.0/37230.0 days/days; walltime: 6.9
36684.0/37230.0 days/days; walltime: 23.1
36685.0/37230.0 days/days; walltime: 26.6
36686.0/37230.0 days/days; walltime: 29.4
36687.0/37230.0 days/days; walltime: 11.0
36688.0/37230.0 days/days; walltime: 10.7
36689.0/37230.0 days/days; walltime: 9.9
36690.0/37230.0 days/days; walltime: 10.8
36691.0/37230.0 days/days; walltime: 19.6
36692.0/37230.0 days/days; walltime: 20.0
36693.0/37230.0 days/days; walltime: 12.3
36694.0/37230.0 days/days; walltime: 5.5
36695.0/37230.0 days/days; walltime: 3.8
36696.0/37230.0 days/days; walltime: 10.4
36697.0/37230.0 days/days; walltime: 10.0
36698.0/37230.0 days/days; walltime: 7.4
36699.0/37230.0 days/days; walltime: 26.1
36700.0/37230.0 days/days; walltime: 6.8
36701.0/37230.0 days/days; walltime: 7.7
36702.0/37230.0 days/days; walltime: 27.0
36703.0/37230.0 days/days; walltime: 12.2
36704.0/37230.0 days/days; walltime: 16.2
36705.0/37230.0 days/days; walltime: 15.9
36706.0/37230.0 days/days; walltime: 10.2
36707.0/37230.0 days/days; walltime: 30.1
36708.0/37230.0 days/days; walltime: 7.9
36709.0/37230.0 days/days; walltime: 13.9
36710.0/37230.0 days/days; walltime: 15.5
36711.0/37230.0 days/days; walltime: 12.2
36712.0/37230.0 days/days; walltime: 19.7
36713.0/37230.0 days/days; walltime: 10.5
36714.0/37230.0 days/days; walltime: 13.6
36715.0/37230.0 days/days; walltime: 13.7
36716.0/37230.0 days/days; walltime: 5.1
36717.0/37230.0 days/days; walltime: 24.7
36718.0/37230.0 days/days; walltime: 10.6
36719.0/37230.0 days/days; walltime: 7.5
36720.0/37230.0 days/days; walltime: 21.1
36721.0/37230.0 days/days; walltime: 12.4
36722.0/37230.0 days/days; walltime: 8.3
36723.0/37230.0 days/days; walltime: 7.6
36724.0/37230.0 days/days; walltime: 8.6
36725.0/37230.0 days/days; walltime: 6.4
36726.0/37230.0 days/days; walltime: 8.2
36727.0/37230.0 days/days; walltime: 6.0
36728.0/37230.0 days/days; walltime: 8.2
36729.0/37230.0 days/days; walltime: 8.3
36730.0/37230.0 days/days; walltime: 10.6
36731.0/37230.0 days/days; walltime: 7.7
36732.0/37230.0 days/days; walltime: 7.9
36733.0/37230.0 days/days; walltime: 10.2
36734.0/37230.0 days/days; walltime: 8.5
36735.0/37230.0 days/days; walltime: 11.7
36736.0/37230.0 days/days; walltime: 8.8
36737.0/37230.0 days/days; walltime: 7.7
36738.0/37230.0 days/days; walltime: 9.5
36739.0/37230.0 days/days; walltime: 8.9
36740.0/37230.0 days/days; walltime: 9.0
36741.0/37230.0 days/days; walltime: 7.7
36742.0/37230.0 days/days; walltime: 9.2
36743.0/37230.0 days/days; walltime: 7.8
36744.0/37230.0 days/days; walltime: 8.4
36745.0/37230.0 days/days; walltime: 8.3
36746.0/37230.0 days/days; walltime: 7.9
36747.0/37230.0 days/days; walltime: 8.5
36748.0/37230.0 days/days; walltime: 6.8
36749.0/37230.0 days/days; walltime: 5.7
36750.0/37230.0 days/days; walltime: 6.1
36751.0/37230.0 days/days; walltime: 1.2
36752.0/37230.0 days/days; walltime: 1.2
36753.0/37230.0 days/days; walltime: 1.0
36754.0/37230.0 days/days; walltime: 1.0
36755.0/37230.0 days/days; walltime: 0.7
36756.0/37230.0 days/days; walltime: 1.1
36757.0/37230.0 days/days; walltime: 0.9
36758.0/37230.0 days/days; walltime: 0.9
36759.0/37230.0 days/days; walltime: 3.4
36760.0/37230.0 days/days; walltime: 0.8
36761.0/37230.0 days/days; walltime: 0.6
36762.0/37230.0 days/days; walltime: 0.6
36763.0/37230.0 days/days; walltime: 0.6
36764.0/37230.0 days/days; walltime: 0.6
36765.0/37230.0 days/days; walltime: 0.6
36766.0/37230.0 days/days; walltime: 0.4
36767.0/37230.0 days/days; walltime: 0.5
36768.0/37230.0 days/days; walltime: 0.6
36769.0/37230.0 days/days; walltime: 0.4
36770.0/37230.0 days/days; walltime: 0.4
36771.0/37230.0 days/days; walltime: 0.7
36772.0/37230.0 days/days; walltime: 0.5
36773.0/37230.0 days/days; walltime: 0.7
36774.0/37230.0 days/days; walltime: 0.5
36775.0/37230.0 days/days; walltime: 99.9
36776.0/37230.0 days/days; walltime: 0.4
36777.0/37230.0 days/days; walltime: 0.4
36778.0/37230.0 days/days; walltime: 0.4
36779.0/37230.0 days/days; walltime: 0.4
36780.0/37230.0 days/days; walltime: 0.4
36781.0/37230.0 days/days; walltime: 0.4
36782.0/37230.0 days/days; walltime: 0.3
36783.0/37230.0 days/days; walltime: 0.4
36784.0/37230.0 days/days; walltime: 0.5
36785.0/37230.0 days/days; walltime: 0.3
36786.0/37230.0 days/days; walltime: 0.3
36787.0/37230.0 days/days; walltime: 0.4
36788.0/37230.0 days/days; walltime: 0.3
36789.0/37230.0 days/days; walltime: 0.3
36790.0/37230.0 days/days; walltime: 0.4
36791.0/37230.0 days/days; walltime: 0.4
36792.0/37230.0 days/days; walltime: 0.4
36793.0/37230.0 days/days; walltime: 0.4
36794.0/37230.0 days/days; walltime: 1.8
36795.0/37230.0 days/days; walltime: 0.4
36796.0/37230.0 days/days; walltime: 0.3
36797.0/37230.0 days/days; walltime: 0.3
36798.0/37230.0 days/days; walltime: 0.3
36799.0/37230.0 days/days; walltime: 0.1
36800.0/37230.0 days/days; walltime: 0.3
36801.0/37230.0 days/days; walltime: 0.3
36802.0/37230.0 days/days; walltime: 0.3
36803.0/37230.0 days/days; walltime: 0.3
36804.0/37230.0 days/days; walltime: 0.1
36805.0/37230.0 days/days; walltime: 0.3
36806.0/37230.0 days/days; walltime: 0.3
36807.0/37230.0 days/days; walltime: 0.3
36808.0/37230.0 days/days; walltime: 0.1
36809.0/37230.0 days/days; walltime: 0.4
36810.0/37230.0 days/days; walltime: 0.2
36811.0/37230.0 days/days; walltime: 0.2
36812.0/37230.0 days/days; walltime: 0.2
36813.0/37230.0 days/days; walltime: 0.6
36814.0/37230.0 days/days; walltime: 0.2
36815.0/37230.0 days/days; walltime: 1.6
36816.0/37230.0 days/days; walltime: 0.1
36817.0/37230.0 days/days; walltime: 0.1
36818.0/37230.0 days/days; walltime: 0.1
36819.0/37230.0 days/days; walltime: 0.1
36820.0/37230.0 days/days; walltime: 0.1
36821.0/37230.0 days/days; walltime: 0.1
36822.0/37230.0 days/days; walltime: 0.1
36823.0/37230.0 days/days; walltime: 0.1
36824.0/37230.0 days/days; walltime: 0.1
36825.0/37230.0 days/days; walltime: 0.3
36826.0/37230.0 days/days; walltime: 0.3
36827.0/37230.0 days/days; walltime: 0.1
36828.0/37230.0 days/days; walltime: 0.3
36829.0/37230.0 days/days; walltime: 0.2
36830.0/37230.0 days/days; walltime: 0.2
36831.0/37230.0 days/days; walltime: 0.4
36832.0/37230.0 days/days; walltime: 0.4
36833.0/37230.0 days/days; walltime: 0.2
36834.0/37230.0 days/days; walltime: 0.4
36835.0/37230.0 days/days; walltime: 0.3
36836.0/37230.0 days/days; walltime: 60.1
36837.0/37230.0 days/days; walltime: 105.1
36838.0/37230.0 days/days; walltime: 0.4
36839.0/37230.0 days/days; walltime: 0.2
36840.0/37230.0 days/days; walltime: 0.4
36841.0/37230.0 days/days; walltime: 0.2
36842.0/37230.0 days/days; walltime: 0.1
36843.0/37230.0 days/days; walltime: 0.2
36844.0/37230.0 days/days; walltime: 0.1
36845.0/37230.0 days/days; walltime: 0.3
36846.0/37230.0 days/days; walltime: 0.2
36847.0/37230.0 days/days; walltime: 0.1
36848.0/37230.0 days/days; walltime: 0.2
36849.0/37230.0 days/days; walltime: 0.1
36850.0/37230.0 days/days; walltime: 0.3
36851.0/37230.0 days/days; walltime: 0.2
36852.0/37230.0 days/days; walltime: 0.2
36853.0/37230.0 days/days; walltime: 0.2
36854.0/37230.0 days/days; walltime: 0.4
36855.0/37230.0 days/days; walltime: 0.2
36856.0/37230.0 days/days; walltime: 0.3
36857.0/37230.0 days/days; walltime: 1.5
36858.0/37230.0 days/days; walltime: 0.2
36859.0/37230.0 days/days; walltime: 0.3
36860.0/37230.0 days/days; walltime: 0.1
36861.0/37230.0 days/days; walltime: 0.2
36862.0/37230.0 days/days; walltime: 0.1
36863.0/37230.0 days/days; walltime: 0.2
36864.0/37230.0 days/days; walltime: 0.2
36865.0/37230.0 days/days; walltime: 0.3
36866.0/37230.0 days/days; walltime: 0.2
36867.0/37230.0 days/days; walltime: 0.3
36868.0/37230.0 days/days; walltime: 0.2
36869.0/37230.0 days/days; walltime: 0.3
36870.0/37230.0 days/days; walltime: 0.2
36871.0/37230.0 days/days; walltime: 0.3
36872.0/37230.0 days/days; walltime: 0.1
36873.0/37230.0 days/days; walltime: 0.2
36874.0/37230.0 days/days; walltime: 0.3
36875.0/37230.0 days/days; walltime: 0.2
36876.0/37230.0 days/days; walltime: 0.3
36877.0/37230.0 days/days; walltime: 0.1
36878.0/37230.0 days/days; walltime: 0.3
36879.0/37230.0 days/days; walltime: 0.2
36880.0/37230.0 days/days; walltime: 0.3
36881.0/37230.0 days/days; walltime: 0.1
36882.0/37230.0 days/days; walltime: 0.2
36883.0/37230.0 days/days; walltime: 0.3
36884.0/37230.0 days/days; walltime: 0.1
36885.0/37230.0 days/days; walltime: 0.3
36886.0/37230.0 days/days; walltime: 0.1
36887.0/37230.0 days/days; walltime: 19.3
36888.0/37230.0 days/days; walltime: 0.3
36889.0/37230.0 days/days; walltime: 0.2
36890.0/37230.0 days/days; walltime: 0.3
36891.0/37230.0 days/days; walltime: 0.1
36892.0/37230.0 days/days; walltime: 0.2
36893.0/37230.0 days/days; walltime: 0.2
36894.0/37230.0 days/days; walltime: 0.2
36895.0/37230.0 days/days; walltime: 0.1
36896.0/37230.0 days/days; walltime: 0.3
36897.0/37230.0 days/days; walltime: 0.1
36898.0/37230.0 days/days; walltime: 0.3
36899.0/37230.0 days/days; walltime: 0.0
36900.0/37230.0 days/days; walltime: 0.1
36901.0/37230.0 days/days; walltime: 0.2
36902.0/37230.0 days/days; walltime: 0.2
36903.0/37230.0 days/days; walltime: 0.1
36904.0/37230.0 days/days; walltime: 0.1
36905.0/37230.0 days/days; walltime: 0.0
36906.0/37230.0 days/days; walltime: 0.1
36907.0/37230.0 days/days; walltime: 0.2
36908.0/37230.0 days/days; walltime: 0.1
36909.0/37230.0 days/days; walltime: 0.0
36910.0/37230.0 days/days; walltime: 0.2
36911.0/37230.0 days/days; walltime: 0.0
36912.0/37230.0 days/days; walltime: 0.1
36913.0/37230.0 days/days; walltime: 0.0
36914.0/37230.0 days/days; walltime: 0.2
36915.0/37230.0 days/days; walltime: 0.0
36916.0/37230.0 days/days; walltime: 0.1
36917.0/37230.0 days/days; walltime: 0.0
36918.0/37230.0 days/days; walltime: 0.1
36919.0/37230.0 days/days; walltime: 0.0
36920.0/37230.0 days/days; walltime: 0.1
36921.0/37230.0 days/days; walltime: 0.0
36922.0/37230.0 days/days; walltime: 0.2
36923.0/37230.0 days/days; walltime: 0.0
36924.0/37230.0 days/days; walltime: 0.1
36925.0/37230.0 days/days; walltime: 0.0
36926.0/37230.0 days/days; walltime: 0.1
36927.0/37230.0 days/days; walltime: 0.2
36928.0/37230.0 days/days; walltime: 0.1
36929.0/37230.0 days/days; walltime: 0.0
36930.0/37230.0 days/days; walltime: 0.1
36931.0/37230.0 days/days; walltime: 0.0
36932.0/37230.0 days/days; walltime: 0.2
36933.0/37230.0 days/days; walltime: 0.0
36934.0/37230.0 days/days; walltime: 0.1
36935.0/37230.0 days/days; walltime: 0.2
36936.0/37230.0 days/days; walltime: 0.2
36937.0/37230.0 days/days; walltime: 0.0
36938.0/37230.0 days/days; walltime: 0.2
36939.0/37230.0 days/days; walltime: 0.0
36940.0/37230.0 days/days; walltime: 0.0
36941.0/37230.0 days/days; walltime: 0.2
36942.0/37230.0 days/days; walltime: 0.0
36943.0/37230.0 days/days; walltime: 0.2
36944.0/37230.0 days/days; walltime: 0.1
36945.0/37230.0 days/days; walltime: 0.2
36946.0/37230.0 days/days; walltime: 0.2
36947.0/37230.0 days/days; walltime: 0.1
36948.0/37230.0 days/days; walltime: 0.2
36949.0/37230.0 days/days; walltime: 0.2
36950.0/37230.0 days/days; walltime: 0.1
36951.0/37230.0 days/days; walltime: 0.2
36952.0/37230.0 days/days; walltime: 0.2
36953.0/37230.0 days/days; walltime: 0.1
36954.0/37230.0 days/days; walltime: 0.2
36955.0/37230.0 days/days; walltime: 0.2
36956.0/37230.0 days/days; walltime: 0.1
36957.0/37230.0 days/days; walltime: 0.1
36958.0/37230.0 days/days; walltime: 0.3
36959.0/37230.0 days/days; walltime: 0.1
36960.0/37230.0 days/days; walltime: 0.1
36961.0/37230.0 days/days; walltime: 0.1
36962.0/37230.0 days/days; walltime: 0.3
36963.0/37230.0 days/days; walltime: 1.8
36964.0/37230.0 days/days; walltime: 0.4
36965.0/37230.0 days/days; walltime: 0.2
36966.0/37230.0 days/days; walltime: 0.0
36967.0/37230.0 days/days; walltime: 0.0
36968.0/37230.0 days/days; walltime: 0.0
36969.0/37230.0 days/days; walltime: 0.2
36970.0/37230.0 days/days; walltime: 0.0
36971.0/37230.0 days/days; walltime: 0.1
36972.0/37230.0 days/days; walltime: 0.2
36973.0/37230.0 days/days; walltime: 0.0
36974.0/37230.0 days/days; walltime: 0.0
36975.0/37230.0 days/days; walltime: 0.0
36976.0/37230.0 days/days; walltime: 0.2
36977.0/37230.0 days/days; walltime: 0.0
36978.0/37230.0 days/days; walltime: 0.0
36979.0/37230.0 days/days; walltime: 0.1
-36980.0/37230.0 days/days; walltime: 2.9
36981.0/37230.0 days/days; walltime: 5.6
36982.0/37230.0 days/days; walltime: 5.8
36983.0/37230.0 days/days; walltime: 7.8
36984.0/37230.0 days/days; walltime: 18.7
36985.0/37230.0 days/days; walltime: 7.3
36986.0/37230.0 days/days; walltime: 9.0
36987.0/37230.0 days/days; walltime: 8.0
36988.0/37230.0 days/days; walltime: 11.2
36989.0/37230.0 days/days; walltime: 8.1
36990.0/37230.0 days/days; walltime: 8.7
36991.0/37230.0 days/days; walltime: 9.1
36992.0/37230.0 days/days; walltime: 9.8
36993.0/37230.0 days/days; walltime: 8.6
36994.0/37230.0 days/days; walltime: 9.2
36995.0/37230.0 days/days; walltime: 13.3
36996.0/37230.0 days/days; walltime: 22.5
36997.0/37230.0 days/days; walltime: 17.8
36998.0/37230.0 days/days; walltime: 22.6
36999.0/37230.0 days/days; walltime: 22.0
37000.0/37230.0 days/days; walltime: 9.0
37001.0/37230.0 days/days; walltime: 16.9
37002.0/37230.0 days/days; walltime: 32.1
37003.0/37230.0 days/days; walltime: 15.9
37004.0/37230.0 days/days; walltime: 18.0
37005.0/37230.0 days/days; walltime: 9.7
37006.0/37230.0 days/days; walltime: 16.3
37007.0/37230.0 days/days; walltime: 38.0
37008.0/37230.0 days/days; walltime: 23.0
37009.0/37230.0 days/days; walltime: 12.3
37010.0/37230.0 days/days; walltime: 28.2
37011.0/37230.0 days/days; walltime: 39.7
37012.0/37230.0 days/days; walltime: 25.5
37013.0/37230.0 days/days; walltime: 39.9
37014.0/37230.0 days/days; walltime: 43.8
37015.0/37230.0 days/days; walltime: 27.7
37016.0/37230.0 days/days; walltime: 36.3
37017.0/37230.0 days/days; walltime: 45.1
37018.0/37230.0 days/days; walltime: 32.1
37019.0/37230.0 days/days; walltime: 30.9
37020.0/37230.0 days/days; walltime: 46.2
37021.0/37230.0 days/days; walltime: 38.1
37022.0/37230.0 days/days; walltime: 24.9
37023.0/37230.0 days/days; walltime: 47.8
37024.0/37230.0 days/days; walltime: 55.3
37025.0/37230.0 days/days; walltime: 20.6
37026.0/37230.0 days/days; walltime: 42.6
37027.0/37230.0 days/days; walltime: 57.0
37028.0/37230.0 days/days; walltime: 26.4
37029.0/37230.0 days/days; walltime: 36.3
37030.0/37230.0 days/days; walltime: 31.9
37031.0/37230.0 days/days; walltime: 40.4
37032.0/37230.0 days/days; walltime: 37.5
37033.0/37230.0 days/days; walltime: 31.5
37034.0/37230.0 days/days; walltime: 29.0
37035.0/37230.0 days/days; walltime: 30.5
37036.0/37230.0 days/days; walltime: 36.9
37037.0/37230.0 days/days; walltime: 22.1
37038.0/37230.0 days/days; walltime: 9.9
37039.0/37230.0 days/days; walltime: 21.1
37040.0/37230.0 days/days; walltime: 15.6
37041.0/37230.0 days/days; walltime: 34.5
37042.0/37230.0 days/days; walltime: 34.8
37043.0/37230.0 days/days; walltime: 18.4
37044.0/37230.0 days/days; walltime: 25.6
37045.0/37230.0 days/days; walltime: 34.9
37046.0/37230.0 days/days; walltime: 14.8
37047.0/37230.0 days/days; walltime: 6.2
37048.0/37230.0 days/days; walltime: 37.6
37049.0/37230.0 days/days; walltime: 13.3
37050.0/37230.0 days/days; walltime: 27.2
37051.0/37230.0 days/days; walltime: 21.1
37052.0/37230.0 days/days; walltime: 16.7
37053.0/37230.0 days/days; walltime: 7.3
37054.0/37230.0 days/days; walltime: 7.9
37055.0/37230.0 days/days; walltime: 26.2
37056.0/37230.0 days/days; walltime: 13.7
37057.0/37230.0 days/days; walltime: 6.0
37058.0/37230.0 days/days; walltime: 22.5
37059.0/37230.0 days/days; walltime: 15.4
37060.0/37230.0 days/days; walltime: 7.6
37061.0/37230.0 days/days; walltime: 6.7
37062.0/37230.0 days/days; walltime: 2.7
37063.0/37230.0 days/days; walltime: 8.1
37064.0/37230.0 days/days; walltime: 13.8
37065.0/37230.0 days/days; walltime: 11.5
37066.0/37230.0 days/days; walltime: 9.6
37067.0/37230.0 days/days; walltime: 9.9
37068.0/37230.0 days/days; walltime: 11.1
37069.0/37230.0 days/days; walltime: 9.2
37070.0/37230.0 days/days; walltime: 13.0
37071.0/37230.0 days/days; walltime: 5.9
37072.0/37230.0 days/days; walltime: 16.7
37073.0/37230.0 days/days; walltime: 12.8
37074.0/37230.0 days/days; walltime: 20.8
37075.0/37230.0 days/days; walltime: 9.1
37076.0/37230.0 days/days; walltime: 11.6
37077.0/37230.0 days/days; walltime: 13.8
37078.0/37230.0 days/days; walltime: 18.7
37079.0/37230.0 days/days; walltime: 11.2
37080.0/37230.0 days/days; walltime: 6.0
37081.0/37230.0 days/days; walltime: 13.7
37082.0/37230.0 days/days; walltime: 12.7
37083.0/37230.0 days/days; walltime: 20.5
37084.0/37230.0 days/days; walltime: 12.8
37085.0/37230.0 days/days; walltime: 15.5
37086.0/37230.0 days/days; walltime: 17.8
37087.0/37230.0 days/days; walltime: 8.5
37088.0/37230.0 days/days; walltime: 5.2
37089.0/37230.0 days/days; walltime: 6.5
37090.0/37230.0 days/days; walltime: 8.2
37091.0/37230.0 days/days; walltime: 5.9
37092.0/37230.0 days/days; walltime: 7.7
37093.0/37230.0 days/days; walltime: 8.3
37094.0/37230.0 days/days; walltime: 7.9
37095.0/37230.0 days/days; walltime: 6.2
37096.0/37230.0 days/days; walltime: 7.1
37097.0/37230.0 days/days; walltime: 10.5
37098.0/37230.0 days/days; walltime: 8.7
37099.0/37230.0 days/days; walltime: 8.4
37100.0/37230.0 days/days; walltime: 9.9
37101.0/37230.0 days/days; walltime: 6.9
37102.0/37230.0 days/days; walltime: 10.0
37103.0/37230.0 days/days; walltime: 7.4
37104.0/37230.0 days/days; walltime: 10.8
37105.0/37230.0 days/days; walltime: 7.3
37106.0/37230.0 days/days; walltime: 9.6
37107.0/37230.0 days/days; walltime: 8.9
37108.0/37230.0 days/days; walltime: 9.8
37109.0/37230.0 days/days; walltime: 7.5
37110.0/37230.0 days/days; walltime: 7.9
37111.0/37230.0 days/days; walltime: 7.6
37112.0/37230.0 days/days; walltime: 9.4
37113.0/37230.0 days/days; walltime: 13.1
37114.0/37230.0 days/days; walltime: 23.4
37115.0/37230.0 days/days; walltime: 8.2
37116.0/37230.0 days/days; walltime: 1.3
37117.0/37230.0 days/days; walltime: 1.1
37118.0/37230.0 days/days; walltime: 1.1
37119.0/37230.0 days/days; walltime: 1.1
37120.0/37230.0 days/days; walltime: 1.1
37121.0/37230.0 days/days; walltime: 3.6
37122.0/37230.0 days/days; walltime: 0.9
37123.0/37230.0 days/days; walltime: 0.7
37124.0/37230.0 days/days; walltime: 0.8
37125.0/37230.0 days/days; walltime: 1.0
37126.0/37230.0 days/days; walltime: 14.1
37127.0/37230.0 days/days; walltime: 0.7
37128.0/37230.0 days/days; walltime: 0.6
37129.0/37230.0 days/days; walltime: 0.6
37130.0/37230.0 days/days; walltime: 0.6
37131.0/37230.0 days/days; walltime: 0.4
37132.0/37230.0 days/days; walltime: 0.6
37133.0/37230.0 days/days; walltime: 0.4
37134.0/37230.0 days/days; walltime: 0.6
37135.0/37230.0 days/days; walltime: 0.5
37136.0/37230.0 days/days; walltime: 0.6
37137.0/37230.0 days/days; walltime: 0.5
37138.0/37230.0 days/days; walltime: 0.6
37139.0/37230.0 days/days; walltime: 35.4
37140.0/37230.0 days/days; walltime: 0.5
37141.0/37230.0 days/days; walltime: 0.5
37142.0/37230.0 days/days; walltime: 0.5
37143.0/37230.0 days/days; walltime: 0.5
37144.0/37230.0 days/days; walltime: 0.6
37145.0/37230.0 days/days; walltime: 0.4
37146.0/37230.0 days/days; walltime: 0.5
37147.0/37230.0 days/days; walltime: 0.5
37148.0/37230.0 days/days; walltime: 0.4
37149.0/37230.0 days/days; walltime: 0.4
37150.0/37230.0 days/days; walltime: 0.4
37151.0/37230.0 days/days; walltime: 0.3
37152.0/37230.0 days/days; walltime: 0.3
37153.0/37230.0 days/days; walltime: 0.3
37154.0/37230.0 days/days; walltime: 0.3
37155.0/37230.0 days/days; walltime: 0.4
37156.0/37230.0 days/days; walltime: 0.4
37157.0/37230.0 days/days; walltime: 0.4
37158.0/37230.0 days/days; walltime: 0.4
37159.0/37230.0 days/days; walltime: 1.6
37160.0/37230.0 days/days; walltime: 0.3
37161.0/37230.0 days/days; walltime: 0.3
37162.0/37230.0 days/days; walltime: 0.3
37163.0/37230.0 days/days; walltime: 0.1
37164.0/37230.0 days/days; walltime: 0.3
37165.0/37230.0 days/days; walltime: 0.3
37166.0/37230.0 days/days; walltime: 0.3
37167.0/37230.0 days/days; walltime: 0.3
37168.0/37230.0 days/days; walltime: 0.1
37169.0/37230.0 days/days; walltime: 0.3
37170.0/37230.0 days/days; walltime: 0.3
37171.0/37230.0 days/days; walltime: 0.3
37172.0/37230.0 days/days; walltime: 0.1
37173.0/37230.0 days/days; walltime: 0.3
37174.0/37230.0 days/days; walltime: 0.3
37175.0/37230.0 days/days; walltime: 0.2
37176.0/37230.0 days/days; walltime: 0.3
37177.0/37230.0 days/days; walltime: 1.6
37178.0/37230.0 days/days; walltime: 0.3
37179.0/37230.0 days/days; walltime: 0.1
37180.0/37230.0 days/days; walltime: 0.3
37181.0/37230.0 days/days; walltime: 0.3
37182.0/37230.0 days/days; walltime: 0.1
37183.0/37230.0 days/days; walltime: 0.3
37184.0/37230.0 days/days; walltime: 0.3
37185.0/37230.0 days/days; walltime: 0.3
37186.0/37230.0 days/days; walltime: 0.1
37187.0/37230.0 days/days; walltime: 0.3
37188.0/37230.0 days/days; walltime: 0.3
37189.0/37230.0 days/days; walltime: 0.3
37190.0/37230.0 days/days; walltime: 0.1
37191.0/37230.0 days/days; walltime: 0.3
37192.0/37230.0 days/days; walltime: 0.3
37193.0/37230.0 days/days; walltime: 0.2
37194.0/37230.0 days/days; walltime: 0.3
37195.0/37230.0 days/days; walltime: 0.3
37196.0/37230.0 days/days; walltime: 0.2
37197.0/37230.0 days/days; walltime: 1.7
37198.0/37230.0 days/days; walltime: 0.1
37199.0/37230.0 days/days; walltime: 0.3
37200.0/37230.0 days/days; walltime: 0.2
37201.0/37230.0 days/days; walltime: 0.1
37202.0/37230.0 days/days; walltime: 0.3
37203.0/37230.0 days/days; walltime: 0.1
37204.0/37230.0 days/days; walltime: 0.3
37205.0/37230.0 days/days; walltime: 0.1
37206.0/37230.0 days/days; walltime: 0.2
37207.0/37230.0 days/days; walltime: 0.1
37208.0/37230.0 days/days; walltime: 0.2
37209.0/37230.0 days/days; walltime: 0.3
37210.0/37230.0 days/days; walltime: 0.1
37211.0/37230.0 days/days; walltime: 0.2
37212.0/37230.0 days/days; walltime: 0.2
37213.0/37230.0 days/days; walltime: 0.3
37214.0/37230.0 days/days; walltime: 0.2
37215.0/37230.0 days/days; walltime: 0.4
37216.0/37230.0 days/days; walltime: 0.2
37217.0/37230.0 days/days; walltime: 0.3
37218.0/37230.0 days/days; walltime: 1.5
37219.0/37230.0 days/days; walltime: 0.3
37220.0/37230.0 days/days; walltime: 0.2
37221.0/37230.0 days/days; walltime: 0.1
37222.0/37230.0 days/days; walltime: 0.2
37223.0/37230.0 days/days; walltime: 0.1
37224.0/37230.0 days/days; walltime: 0.2
37225.0/37230.0 days/days; walltime: 0.1
37226.0/37230.0 days/days; walltime: 0.3
37227.0/37230.0 days/days; walltime: 0.2
37228.0/37230.0 days/days; walltime: 0.3
37229.0/37230.0 days/days; walltime: 0.2
37230.0/37230.0 days/days; walltime: 0.4
Wallclock for model run: 5678.5s
 

fields = 

  struct with fields:

    nodes: [1x1 struct]
    edges: [1x1 struct]
       BC: [1x1 struct]

No cases left; exiting.
