Case 3:
Picked up JAVA_TOOL_OPTIONS: -Xmx2g
Opening log file:  /tmp/java.log.30019

                            < M A T L A B (R) >
                  Copyright 1984-2022 The MathWorks, Inc.
                  R2022a (9.12.0.1884302) 64-bit (glnxa64)
                             February 16, 2022

 
To get started, type doc.
For product information, visit www.mathworks.com.
 

config = 

  struct with fields:

                 k_s: 0.1000
                 l_c: 10
            n_moulin: 68
    creep_const_soft: 0
             mesh_nr: 4
                 e_v: 1.0000e-04
                 k_c: 0.2000
               h_bed: 0.5000
               l_bed: 10
               alpha: 3
                beta: 2
               omega: 0

Running model run (ode15s):
Run to steady
Saving model run to
./RUN/output_203_steady.nc
Fields, IC & BC initialised
Initial phi calculated in 0.7s
0.0/36500.0 days/days; walltime: 18.1
--------------------------------------------------------------------------------------------------------1825.0/36500.0 days/days; walltime: 188.6
-----------3650.0/36500.0 days/days; walltime: 2.5
----------5475.0/36500.0 days/days; walltime: 1.0
-----7300.0/36500.0 days/days; walltime: 0.5
---------------------------------------------------------------------------------------------------------------------------------------------------------------9125.0/36500.0 days/days; walltime: 11.7
10950.0/36500.0 days/days; walltime: 922.3
12775.0/36500.0 days/days; walltime: 380.4
14600.0/36500.0 days/days; walltime: 287.6
16425.0/36500.0 days/days; walltime: 154.7
18250.0/36500.0 days/days; walltime: 130.5
20075.0/36500.0 days/days; walltime: 36.6
21900.0/36500.0 days/days; walltime: 12.0
23725.0/36500.0 days/days; walltime: 5.8
25550.0/36500.0 days/days; walltime: 2.8
27375.0/36500.0 days/days; walltime: 1.5
29200.0/36500.0 days/days; walltime: 2.5
31025.0/36500.0 days/days; walltime: 0.4
32850.0/36500.0 days/days; walltime: 0.3
34675.0/36500.0 days/days; walltime: 0.1
36500.0/36500.0 days/days; walltime: 0.2
Wallclock for model run: 2164.6s
 

fields = 

  struct with fields:

    nodes: [1x1 struct]
    edges: [1x1 struct]
       BC: [1x1 struct]

Running model run (ode15s):
Run seasonal
Saving model run to
./RUN/output_203_seasonal.nc
IC initialised from struct
IC initialised from file/given & rest from parameters and given functions
36500.0/37230.0 days/days; walltime: 13.2
36501.0/37230.0 days/days; walltime: 53.5
36502.0/37230.0 days/days; walltime: 11.4
36503.0/37230.0 days/days; walltime: 15.9
36504.0/37230.0 days/days; walltime: 16.7
36505.0/37230.0 days/days; walltime: 11.6
36506.0/37230.0 days/days; walltime: 7.7
36507.0/37230.0 days/days; walltime: 11.9
36508.0/37230.0 days/days; walltime: 4.2
36509.0/37230.0 days/days; walltime: 2.3
36510.0/37230.0 days/days; walltime: 2.7
36511.0/37230.0 days/days; walltime: 2.3
36512.0/37230.0 days/days; walltime: 2.1
36513.0/37230.0 days/days; walltime: 4.8
36514.0/37230.0 days/days; walltime: 1.8
36515.0/37230.0 days/days; walltime: 1.9
36516.0/37230.0 days/days; walltime: 46.3
36517.0/37230.0 days/days; walltime: 102.9
36518.0/37230.0 days/days; walltime: 1.3
36519.0/37230.0 days/days; walltime: 1.0
36520.0/37230.0 days/days; walltime: 0.8
36521.0/37230.0 days/days; walltime: 0.6
36522.0/37230.0 days/days; walltime: 0.8
36523.0/37230.0 days/days; walltime: 1.2
36524.0/37230.0 days/days; walltime: 1.2
36525.0/37230.0 days/days; walltime: 4.1
36526.0/37230.0 days/days; walltime: 0.9
36527.0/37230.0 days/days; walltime: 1.1
36528.0/37230.0 days/days; walltime: 0.6
36529.0/37230.0 days/days; walltime: 0.7
36530.0/37230.0 days/days; walltime: 0.6
36531.0/37230.0 days/days; walltime: 0.4
36532.0/37230.0 days/days; walltime: 0.6
36533.0/37230.0 days/days; walltime: 0.3
36534.0/37230.0 days/days; walltime: 0.3
36535.0/37230.0 days/days; walltime: 3.0
36536.0/37230.0 days/days; walltime: 0.6
36537.0/37230.0 days/days; walltime: 0.6
36538.0/37230.0 days/days; walltime: 0.7
36539.0/37230.0 days/days; walltime: 0.7
36540.0/37230.0 days/days; walltime: 0.7
36541.0/37230.0 days/days; walltime: 0.8
36542.0/37230.0 days/days; walltime: 0.5
36543.0/37230.0 days/days; walltime: 53.6
36544.0/37230.0 days/days; walltime: 0.5
36545.0/37230.0 days/days; walltime: 0.4
36546.0/37230.0 days/days; walltime: 0.3
36547.0/37230.0 days/days; walltime: 0.5
36548.0/37230.0 days/days; walltime: 0.3
36549.0/37230.0 days/days; walltime: 0.3
36550.0/37230.0 days/days; walltime: 0.2
36551.0/37230.0 days/days; walltime: 0.3
36552.0/37230.0 days/days; walltime: 0.3
36553.0/37230.0 days/days; walltime: 0.2
36554.0/37230.0 days/days; walltime: 0.5
36555.0/37230.0 days/days; walltime: 0.3
36556.0/37230.0 days/days; walltime: 1.5
36557.0/37230.0 days/days; walltime: 0.3
36558.0/37230.0 days/days; walltime: 0.3
36559.0/37230.0 days/days; walltime: 0.3
36560.0/37230.0 days/days; walltime: 0.3
36561.0/37230.0 days/days; walltime: 0.3
36562.0/37230.0 days/days; walltime: 0.5
36563.0/37230.0 days/days; walltime: 0.3
36564.0/37230.0 days/days; walltime: 0.3
36565.0/37230.0 days/days; walltime: 0.3
36566.0/37230.0 days/days; walltime: 0.3
36567.0/37230.0 days/days; walltime: 0.3
36568.0/37230.0 days/days; walltime: 0.3
36569.0/37230.0 days/days; walltime: 0.4
36570.0/37230.0 days/days; walltime: 0.2
36571.0/37230.0 days/days; walltime: 1.6
36572.0/37230.0 days/days; walltime: 0.3
36573.0/37230.0 days/days; walltime: 0.3
36574.0/37230.0 days/days; walltime: 0.3
36575.0/37230.0 days/days; walltime: 0.3
36576.0/37230.0 days/days; walltime: 0.1
36577.0/37230.0 days/days; walltime: 0.3
36578.0/37230.0 days/days; walltime: 0.3
36579.0/37230.0 days/days; walltime: 0.3
36580.0/37230.0 days/days; walltime: 0.1
36581.0/37230.0 days/days; walltime: 0.3
36582.0/37230.0 days/days; walltime: 0.3
36583.0/37230.0 days/days; walltime: 0.3
36584.0/37230.0 days/days; walltime: 0.2
36585.0/37230.0 days/days; walltime: 23.4
36586.0/37230.0 days/days; walltime: 0.2
36587.0/37230.0 days/days; walltime: 0.3
36588.0/37230.0 days/days; walltime: 0.2
36589.0/37230.0 days/days; walltime: 0.2
36590.0/37230.0 days/days; walltime: 0.2
36591.0/37230.0 days/days; walltime: 0.3
36592.0/37230.0 days/days; walltime: 0.2
36593.0/37230.0 days/days; walltime: 0.3
36594.0/37230.0 days/days; walltime: 0.2
36595.0/37230.0 days/days; walltime: 0.2
36596.0/37230.0 days/days; walltime: 0.3
36597.0/37230.0 days/days; walltime: 0.2
36598.0/37230.0 days/days; walltime: 0.2
36599.0/37230.0 days/days; walltime: 0.2
36600.0/37230.0 days/days; walltime: 31.6
36601.0/37230.0 days/days; walltime: 0.3
36602.0/37230.0 days/days; walltime: 0.3
36603.0/37230.0 days/days; walltime: 0.3
36604.0/37230.0 days/days; walltime: 0.2
36605.0/37230.0 days/days; walltime: 0.3
36606.0/37230.0 days/days; walltime: 0.3
36607.0/37230.0 days/days; walltime: 0.2
36608.0/37230.0 days/days; walltime: 0.3
36609.0/37230.0 days/days; walltime: 0.3
36610.0/37230.0 days/days; walltime: 0.2
36611.0/37230.0 days/days; walltime: 0.3
36612.0/37230.0 days/days; walltime: 0.2
36613.0/37230.0 days/days; walltime: 0.3
36614.0/37230.0 days/days; walltime: 0.3
36615.0/37230.0 days/days; walltime: 1.3
36616.0/37230.0 days/days; walltime: 6.1
36617.0/37230.0 days/days; walltime: 8.5
36618.0/37230.0 days/days; walltime: 6.9
36619.0/37230.0 days/days; walltime: 7.4
36620.0/37230.0 days/days; walltime: 14.4
36621.0/37230.0 days/days; walltime: 8.6
36622.0/37230.0 days/days; walltime: 8.8
36623.0/37230.0 days/days; walltime: 9.3
36624.0/37230.0 days/days; walltime: 10.0
36625.0/37230.0 days/days; walltime: 9.8
36626.0/37230.0 days/days; walltime: 8.9
36627.0/37230.0 days/days; walltime: 9.1
36628.0/37230.0 days/days; walltime: 9.8
36629.0/37230.0 days/days; walltime: 20.1
36630.0/37230.0 days/days; walltime: 13.4
36631.0/37230.0 days/days; walltime: 24.1
36632.0/37230.0 days/days; walltime: 24.0
36633.0/37230.0 days/days; walltime: 23.7
36634.0/37230.0 days/days; walltime: 11.3
36635.0/37230.0 days/days; walltime: 35.1
36636.0/37230.0 days/days; walltime: 21.5
36637.0/37230.0 days/days; walltime: 14.6
36638.0/37230.0 days/days; walltime: 7.7
36639.0/37230.0 days/days; walltime: 16.8
36640.0/37230.0 days/days; walltime: 9.7
36641.0/37230.0 days/days; walltime: 7.8
36642.0/37230.0 days/days; walltime: 9.8
36643.0/37230.0 days/days; walltime: 20.0
36644.0/37230.0 days/days; walltime: 6.4
36645.0/37230.0 days/days; walltime: 10.9
36646.0/37230.0 days/days; walltime: 8.4
36647.0/37230.0 days/days; walltime: 15.7
36648.0/37230.0 days/days; walltime: 44.3
36649.0/37230.0 days/days; walltime: 15.0
36650.0/37230.0 days/days; walltime: 27.2
36651.0/37230.0 days/days; walltime: 15.3
36652.0/37230.0 days/days; walltime: 17.7
36653.0/37230.0 days/days; walltime: 27.8
36654.0/37230.0 days/days; walltime: 33.7
36655.0/37230.0 days/days; walltime: 30.0
36656.0/37230.0 days/days; walltime: 29.5
36657.0/37230.0 days/days; walltime: 29.5
36658.0/37230.0 days/days; walltime: 20.3
36659.0/37230.0 days/days; walltime: 39.3
36660.0/37230.0 days/days; walltime: 25.3
36661.0/37230.0 days/days; walltime: 23.4
36662.0/37230.0 days/days; walltime: 28.7
36663.0/37230.0 days/days; walltime: 32.4
36664.0/37230.0 days/days; walltime: 24.1
36665.0/37230.0 days/days; walltime: 32.8
36666.0/37230.0 days/days; walltime: 14.5
36667.0/37230.0 days/days; walltime: 27.4
36668.0/37230.0 days/days; walltime: 38.3
36669.0/37230.0 days/days; walltime: 41.9
36670.0/37230.0 days/days; walltime: 42.8
36671.0/37230.0 days/days; walltime: 23.2
36672.0/37230.0 days/days; walltime: 42.8
36673.0/37230.0 days/days; walltime: 46.1
36674.0/37230.0 days/days; walltime: 16.0
36675.0/37230.0 days/days; walltime: 23.0
36676.0/37230.0 days/days; walltime: 28.6
36677.0/37230.0 days/days; walltime: 28.8
36678.0/37230.0 days/days; walltime: 16.5
36679.0/37230.0 days/days; walltime: 33.5
36680.0/37230.0 days/days; walltime: 6.3
36681.0/37230.0 days/days; walltime: 21.7
36682.0/37230.0 days/days; walltime: 21.2
36683.0/37230.0 days/days; walltime: 18.8
36684.0/37230.0 days/days; walltime: 24.5
36685.0/37230.0 days/days; walltime: 17.2
36686.0/37230.0 days/days; walltime: 27.3
36687.0/37230.0 days/days; walltime: 18.9
36688.0/37230.0 days/days; walltime: 12.2
36689.0/37230.0 days/days; walltime: 26.4
36690.0/37230.0 days/days; walltime: 21.8
36691.0/37230.0 days/days; walltime: 21.0
36692.0/37230.0 days/days; walltime: 12.5
36693.0/37230.0 days/days; walltime: 25.6
36694.0/37230.0 days/days; walltime: 19.2
36695.0/37230.0 days/days; walltime: 18.2
36696.0/37230.0 days/days; walltime: 2.1
36697.0/37230.0 days/days; walltime: 19.5
36698.0/37230.0 days/days; walltime: 2.8
36699.0/37230.0 days/days; walltime: 6.9
36700.0/37230.0 days/days; walltime: 7.8
36701.0/37230.0 days/days; walltime: 5.6
36702.0/37230.0 days/days; walltime: 13.1
36703.0/37230.0 days/days; walltime: 7.6
36704.0/37230.0 days/days; walltime: 4.2
36705.0/37230.0 days/days; walltime: 4.2
36706.0/37230.0 days/days; walltime: 6.4
36707.0/37230.0 days/days; walltime: 10.8
36708.0/37230.0 days/days; walltime: 18.1
36709.0/37230.0 days/days; walltime: 14.5
36710.0/37230.0 days/days; walltime: 12.8
36711.0/37230.0 days/days; walltime: 9.7
36712.0/37230.0 days/days; walltime: 4.5
36713.0/37230.0 days/days; walltime: 3.3
36714.0/37230.0 days/days; walltime: 13.0
36715.0/37230.0 days/days; walltime: 10.5
36716.0/37230.0 days/days; walltime: 4.5
36717.0/37230.0 days/days; walltime: 17.8
36718.0/37230.0 days/days; walltime: 5.7
36719.0/37230.0 days/days; walltime: 7.4
36720.0/37230.0 days/days; walltime: 4.2
36721.0/37230.0 days/days; walltime: 7.5
36722.0/37230.0 days/days; walltime: 12.5
36723.0/37230.0 days/days; walltime: 8.9
36724.0/37230.0 days/days; walltime: 13.1
36725.0/37230.0 days/days; walltime: 6.6
36726.0/37230.0 days/days; walltime: 6.5
36727.0/37230.0 days/days; walltime: 7.5
36728.0/37230.0 days/days; walltime: 8.7
36729.0/37230.0 days/days; walltime: 7.9
36730.0/37230.0 days/days; walltime: 7.1
36731.0/37230.0 days/days; walltime: 9.3
36732.0/37230.0 days/days; walltime: 7.8
36733.0/37230.0 days/days; walltime: 9.1
36734.0/37230.0 days/days; walltime: 7.7
36735.0/37230.0 days/days; walltime: 8.6
36736.0/37230.0 days/days; walltime: 8.5
36737.0/37230.0 days/days; walltime: 9.6
36738.0/37230.0 days/days; walltime: 9.8
36739.0/37230.0 days/days; walltime: 8.6
36740.0/37230.0 days/days; walltime: 8.9
36741.0/37230.0 days/days; walltime: 8.7
36742.0/37230.0 days/days; walltime: 9.4
36743.0/37230.0 days/days; walltime: 8.8
36744.0/37230.0 days/days; walltime: 6.4
36745.0/37230.0 days/days; walltime: 21.6
36746.0/37230.0 days/days; walltime: 14.6
36747.0/37230.0 days/days; walltime: 8.3
36748.0/37230.0 days/days; walltime: 11.9
36749.0/37230.0 days/days; walltime: 5.8
36750.0/37230.0 days/days; walltime: 5.8
36751.0/37230.0 days/days; walltime: 1.9
36752.0/37230.0 days/days; walltime: 1.5
36753.0/37230.0 days/days; walltime: 1.4
36754.0/37230.0 days/days; walltime: 1.2
36755.0/37230.0 days/days; walltime: 1.0
36756.0/37230.0 days/days; walltime: 1.1
36757.0/37230.0 days/days; walltime: 1.0
36758.0/37230.0 days/days; walltime: 0.8
36759.0/37230.0 days/days; walltime: 0.9
36760.0/37230.0 days/days; walltime: 0.8
36761.0/37230.0 days/days; walltime: 0.8
36762.0/37230.0 days/days; walltime: 4.5
36763.0/37230.0 days/days; walltime: 0.8
36764.0/37230.0 days/days; walltime: 0.8
36765.0/37230.0 days/days; walltime: 0.5
36766.0/37230.0 days/days; walltime: 0.6
36767.0/37230.0 days/days; walltime: 0.8
36768.0/37230.0 days/days; walltime: 0.6
36769.0/37230.0 days/days; walltime: 0.7
36770.0/37230.0 days/days; walltime: 0.5
36771.0/37230.0 days/days; walltime: 0.5
36772.0/37230.0 days/days; walltime: 0.6
36773.0/37230.0 days/days; walltime: 0.6
36774.0/37230.0 days/days; walltime: 0.5
36775.0/37230.0 days/days; walltime: 0.6
36776.0/37230.0 days/days; walltime: 3.9
36777.0/37230.0 days/days; walltime: 0.6
36778.0/37230.0 days/days; walltime: 0.5
36779.0/37230.0 days/days; walltime: 0.3
36780.0/37230.0 days/days; walltime: 0.3
36781.0/37230.0 days/days; walltime: 0.3
36782.0/37230.0 days/days; walltime: 0.3
36783.0/37230.0 days/days; walltime: 0.3
36784.0/37230.0 days/days; walltime: 0.3
36785.0/37230.0 days/days; walltime: 0.3
36786.0/37230.0 days/days; walltime: 0.3
36787.0/37230.0 days/days; walltime: 0.3
36788.0/37230.0 days/days; walltime: 0.3
36789.0/37230.0 days/days; walltime: 0.4
36790.0/37230.0 days/days; walltime: 0.4
36791.0/37230.0 days/days; walltime: 0.4
36792.0/37230.0 days/days; walltime: 0.4
36793.0/37230.0 days/days; walltime: 1.7
36794.0/37230.0 days/days; walltime: 0.3
36795.0/37230.0 days/days; walltime: 0.3
36796.0/37230.0 days/days; walltime: 0.3
36797.0/37230.0 days/days; walltime: 0.3
36798.0/37230.0 days/days; walltime: 0.3
36799.0/37230.0 days/days; walltime: 0.3
36800.0/37230.0 days/days; walltime: 0.1
36801.0/37230.0 days/days; walltime: 0.3
36802.0/37230.0 days/days; walltime: 0.3
36803.0/37230.0 days/days; walltime: 0.3
36804.0/37230.0 days/days; walltime: 0.3
36805.0/37230.0 days/days; walltime: 0.1
36806.0/37230.0 days/days; walltime: 0.3
36807.0/37230.0 days/days; walltime: 0.3
36808.0/37230.0 days/days; walltime: 0.2
36809.0/37230.0 days/days; walltime: 0.3
36810.0/37230.0 days/days; walltime: 1.7
36811.0/37230.0 days/days; walltime: 0.3
36812.0/37230.0 days/days; walltime: 0.1
36813.0/37230.0 days/days; walltime: 0.7
36814.0/37230.0 days/days; walltime: 0.3
36815.0/37230.0 days/days; walltime: 0.3
36816.0/37230.0 days/days; walltime: 0.1
36817.0/37230.0 days/days; walltime: 0.2
36818.0/37230.0 days/days; walltime: 0.1
36819.0/37230.0 days/days; walltime: 0.1
36820.0/37230.0 days/days; walltime: 0.3
36821.0/37230.0 days/days; walltime: 0.1
36822.0/37230.0 days/days; walltime: 1.6
36823.0/37230.0 days/days; walltime: 0.3
36824.0/37230.0 days/days; walltime: 0.1
36825.0/37230.0 days/days; walltime: 0.2
36826.0/37230.0 days/days; walltime: 0.3
36827.0/37230.0 days/days; walltime: 0.1
36828.0/37230.0 days/days; walltime: 0.3
36829.0/37230.0 days/days; walltime: 0.2
36830.0/37230.0 days/days; walltime: 0.1
36831.0/37230.0 days/days; walltime: 0.3
36832.0/37230.0 days/days; walltime: 0.2
36833.0/37230.0 days/days; walltime: 0.1
36834.0/37230.0 days/days; walltime: 0.3
36835.0/37230.0 days/days; walltime: 0.3
36836.0/37230.0 days/days; walltime: 0.2
36837.0/37230.0 days/days; walltime: 0.3
36838.0/37230.0 days/days; walltime: 0.2
36839.0/37230.0 days/days; walltime: 1.6
36840.0/37230.0 days/days; walltime: 0.1
36841.0/37230.0 days/days; walltime: 0.3
36842.0/37230.0 days/days; walltime: 0.1
36843.0/37230.0 days/days; walltime: 0.2
36844.0/37230.0 days/days; walltime: 0.1
36845.0/37230.0 days/days; walltime: 0.4
36846.0/37230.0 days/days; walltime: 0.3
36847.0/37230.0 days/days; walltime: 0.2
36848.0/37230.0 days/days; walltime: 0.3
36849.0/37230.0 days/days; walltime: 0.2
36850.0/37230.0 days/days; walltime: 0.3
36851.0/37230.0 days/days; walltime: 0.2
36852.0/37230.0 days/days; walltime: 0.3
36853.0/37230.0 days/days; walltime: 0.3
36854.0/37230.0 days/days; walltime: 0.2
36855.0/37230.0 days/days; walltime: 0.3
36856.0/37230.0 days/days; walltime: 0.2
36857.0/37230.0 days/days; walltime: 0.3
36858.0/37230.0 days/days; walltime: 1.4
36859.0/37230.0 days/days; walltime: 0.2
36860.0/37230.0 days/days; walltime: 0.1
36861.0/37230.0 days/days; walltime: 0.2
36862.0/37230.0 days/days; walltime: 0.1
36863.0/37230.0 days/days; walltime: 0.3
36864.0/37230.0 days/days; walltime: 0.2
36865.0/37230.0 days/days; walltime: 0.3
36866.0/37230.0 days/days; walltime: 0.2
36867.0/37230.0 days/days; walltime: 0.3
36868.0/37230.0 days/days; walltime: 0.2
36869.0/37230.0 days/days; walltime: 0.3
36870.0/37230.0 days/days; walltime: 0.1
36871.0/37230.0 days/days; walltime: 0.3
36872.0/37230.0 days/days; walltime: 0.2
36873.0/37230.0 days/days; walltime: 0.3
36874.0/37230.0 days/days; walltime: 0.2
36875.0/37230.0 days/days; walltime: 0.1
36876.0/37230.0 days/days; walltime: 0.3
36877.0/37230.0 days/days; walltime: 0.2
36878.0/37230.0 days/days; walltime: 0.3
36879.0/37230.0 days/days; walltime: 0.1
36880.0/37230.0 days/days; walltime: 0.3
36881.0/37230.0 days/days; walltime: 0.2
36882.0/37230.0 days/days; walltime: 0.3
36883.0/37230.0 days/days; walltime: 0.0
36884.0/37230.0 days/days; walltime: 0.1
36885.0/37230.0 days/days; walltime: 0.2
36886.0/37230.0 days/days; walltime: 0.0
36887.0/37230.0 days/days; walltime: 0.2
36888.0/37230.0 days/days; walltime: 0.1
36889.0/37230.0 days/days; walltime: 0.2
36890.0/37230.0 days/days; walltime: 0.0
36891.0/37230.0 days/days; walltime: 0.1
36892.0/37230.0 days/days; walltime: 0.2
36893.0/37230.0 days/days; walltime: 0.0
36894.0/37230.0 days/days; walltime: 0.2
36895.0/37230.0 days/days; walltime: 0.2
36896.0/37230.0 days/days; walltime: 0.1
36897.0/37230.0 days/days; walltime: 0.2
36898.0/37230.0 days/days; walltime: 0.1
36899.0/37230.0 days/days; walltime: 0.2
36900.0/37230.0 days/days; walltime: 0.2
36901.0/37230.0 days/days; walltime: 0.1
36902.0/37230.0 days/days; walltime: 0.2
36903.0/37230.0 days/days; walltime: 0.1
36904.0/37230.0 days/days; walltime: 0.2
36905.0/37230.0 days/days; walltime: 0.2
36906.0/37230.0 days/days; walltime: 0.1
36907.0/37230.0 days/days; walltime: 0.3
36908.0/37230.0 days/days; walltime: 0.1
36909.0/37230.0 days/days; walltime: 0.1
36910.0/37230.0 days/days; walltime: 0.0
36911.0/37230.0 days/days; walltime: 0.3
36912.0/37230.0 days/days; walltime: 0.1
36913.0/37230.0 days/days; walltime: 0.3
36914.0/37230.0 days/days; walltime: 0.0
36915.0/37230.0 days/days; walltime: 0.1
36916.0/37230.0 days/days; walltime: 0.0
36917.0/37230.0 days/days; walltime: 0.1
36918.0/37230.0 days/days; walltime: 0.0
36919.0/37230.0 days/days; walltime: 0.2
36920.0/37230.0 days/days; walltime: 0.1
36921.0/37230.0 days/days; walltime: 0.3
36922.0/37230.0 days/days; walltime: 0.1
36923.0/37230.0 days/days; walltime: 0.2
36924.0/37230.0 days/days; walltime: 0.1
36925.0/37230.0 days/days; walltime: 0.2
36926.0/37230.0 days/days; walltime: 0.1
36927.0/37230.0 days/days; walltime: 0.3
36928.0/37230.0 days/days; walltime: 0.0
36929.0/37230.0 days/days; walltime: 0.1
36930.0/37230.0 days/days; walltime: 0.2
36931.0/37230.0 days/days; walltime: 0.2
36932.0/37230.0 days/days; walltime: 0.1
36933.0/37230.0 days/days; walltime: 0.2
36934.0/37230.0 days/days; walltime: 0.1
36935.0/37230.0 days/days; walltime: 0.3
36936.0/37230.0 days/days; walltime: 0.1
36937.0/37230.0 days/days; walltime: 0.3
36938.0/37230.0 days/days; walltime: 0.1
36939.0/37230.0 days/days; walltime: 0.1
36940.0/37230.0 days/days; walltime: 0.2
36941.0/37230.0 days/days; walltime: 0.3
36942.0/37230.0 days/days; walltime: 1.9
36943.0/37230.0 days/days; walltime: 1.1
36944.0/37230.0 days/days; walltime: 0.2
36945.0/37230.0 days/days; walltime: 0.0
36946.0/37230.0 days/days; walltime: 0.0
36947.0/37230.0 days/days; walltime: 0.2
36948.0/37230.0 days/days; walltime: 0.0
36949.0/37230.0 days/days; walltime: 0.0
36950.0/37230.0 days/days; walltime: 0.2
36951.0/37230.0 days/days; walltime: 0.0
36952.0/37230.0 days/days; walltime: 0.0
36953.0/37230.0 days/days; walltime: 0.2
36954.0/37230.0 days/days; walltime: 0.0
36955.0/37230.0 days/days; walltime: 0.0
36956.0/37230.0 days/days; walltime: 0.2
36957.0/37230.0 days/days; walltime: 0.1
36958.0/37230.0 days/days; walltime: 0.0
36959.0/37230.0 days/days; walltime: 0.2
36960.0/37230.0 days/days; walltime: 0.0
36961.0/37230.0 days/days; walltime: 0.1
36962.0/37230.0 days/days; walltime: 0.2
36963.0/37230.0 days/days; walltime: 0.0
36964.0/37230.0 days/days; walltime: 0.0
36965.0/37230.0 days/days; walltime: 0.0
36966.0/37230.0 days/days; walltime: 0.2
36967.0/37230.0 days/days; walltime: 0.1
36968.0/37230.0 days/days; walltime: 0.0
36969.0/37230.0 days/days; walltime: 0.2
36970.0/37230.0 days/days; walltime: 0.0
36971.0/37230.0 days/days; walltime: 0.0
36972.0/37230.0 days/days; walltime: 0.0
36973.0/37230.0 days/days; walltime: 0.2
36974.0/37230.0 days/days; walltime: 0.0
36975.0/37230.0 days/days; walltime: 0.0
36976.0/37230.0 days/days; walltime: 0.2
36977.0/37230.0 days/days; walltime: 0.0
36978.0/37230.0 days/days; walltime: 0.0
36979.0/37230.0 days/days; walltime: 0.1
-36980.0/37230.0 days/days; walltime: 1.9
36981.0/37230.0 days/days; walltime: 4.4
36982.0/37230.0 days/days; walltime: 10.0
36983.0/37230.0 days/days; walltime: 6.6
36984.0/37230.0 days/days; walltime: 7.2
36985.0/37230.0 days/days; walltime: 7.7
36986.0/37230.0 days/days; walltime: 10.6
36987.0/37230.0 days/days; walltime: 8.0
36988.0/37230.0 days/days; walltime: 9.3
36989.0/37230.0 days/days; walltime: 10.1
36990.0/37230.0 days/days; walltime: 7.6
36991.0/37230.0 days/days; walltime: 9.8
36992.0/37230.0 days/days; walltime: 10.5
36993.0/37230.0 days/days; walltime: 7.8
36994.0/37230.0 days/days; walltime: 9.4
36995.0/37230.0 days/days; walltime: 9.6
36996.0/37230.0 days/days; walltime: 12.0
36997.0/37230.0 days/days; walltime: 18.8
36998.0/37230.0 days/days; walltime: 10.1
36999.0/37230.0 days/days; walltime: 12.3
37000.0/37230.0 days/days; walltime: 13.4
37001.0/37230.0 days/days; walltime: 15.7
37002.0/37230.0 days/days; walltime: 12.7
37003.0/37230.0 days/days; walltime: 9.2
37004.0/37230.0 days/days; walltime: 8.4
37005.0/37230.0 days/days; walltime: 9.2
37006.0/37230.0 days/days; walltime: 17.8
37007.0/37230.0 days/days; walltime: 9.5
37008.0/37230.0 days/days; walltime: 6.4
37009.0/37230.0 days/days; walltime: 10.4
37010.0/37230.0 days/days; walltime: 7.9
37011.0/37230.0 days/days; walltime: 7.4
37012.0/37230.0 days/days; walltime: 15.8
37013.0/37230.0 days/days; walltime: 31.5
37014.0/37230.0 days/days; walltime: 11.2
37015.0/37230.0 days/days; walltime: 17.1
37016.0/37230.0 days/days; walltime: 25.1
37017.0/37230.0 days/days; walltime: 11.1
37018.0/37230.0 days/days; walltime: 21.7
37019.0/37230.0 days/days; walltime: 50.4
37020.0/37230.0 days/days; walltime: 15.1
37021.0/37230.0 days/days; walltime: 27.4
37022.0/37230.0 days/days; walltime: 20.4
37023.0/37230.0 days/days; walltime: 38.6
37024.0/37230.0 days/days; walltime: 22.4
37025.0/37230.0 days/days; walltime: 22.7
37026.0/37230.0 days/days; walltime: 25.9
37027.0/37230.0 days/days; walltime: 37.5
37028.0/37230.0 days/days; walltime: 32.3
37029.0/37230.0 days/days; walltime: 26.4
37030.0/37230.0 days/days; walltime: 18.1
37031.0/37230.0 days/days; walltime: 29.2
37032.0/37230.0 days/days; walltime: 28.0
37033.0/37230.0 days/days; walltime: 34.7
37034.0/37230.0 days/days; walltime: 61.4
37035.0/37230.0 days/days; walltime: 19.4
37036.0/37230.0 days/days; walltime: 22.5
37037.0/37230.0 days/days; walltime: 39.8
37038.0/37230.0 days/days; walltime: 32.7
37039.0/37230.0 days/days; walltime: 8.1
37040.0/37230.0 days/days; walltime: 10.6
37041.0/37230.0 days/days; walltime: 26.3
37042.0/37230.0 days/days; walltime: 29.6
37043.0/37230.0 days/days; walltime: 12.3
37044.0/37230.0 days/days; walltime: 9.4
37045.0/37230.0 days/days; walltime: 24.5
37046.0/37230.0 days/days; walltime: 12.7
37047.0/37230.0 days/days; walltime: 17.9
37048.0/37230.0 days/days; walltime: 24.0
37049.0/37230.0 days/days; walltime: 23.6
37050.0/37230.0 days/days; walltime: 12.5
37051.0/37230.0 days/days; walltime: 29.6
37052.0/37230.0 days/days; walltime: 5.9
37053.0/37230.0 days/days; walltime: 11.0
37054.0/37230.0 days/days; walltime: 29.7
37055.0/37230.0 days/days; walltime: 30.4
37056.0/37230.0 days/days; walltime: 22.9
37057.0/37230.0 days/days; walltime: 23.3
37058.0/37230.0 days/days; walltime: 26.4
37059.0/37230.0 days/days; walltime: 10.4
37060.0/37230.0 days/days; walltime: 11.4
37061.0/37230.0 days/days; walltime: 9.1
37062.0/37230.0 days/days; walltime: 33.3
37063.0/37230.0 days/days; walltime: 8.2
37064.0/37230.0 days/days; walltime: 9.5
37065.0/37230.0 days/days; walltime: 4.0
37066.0/37230.0 days/days; walltime: 14.6
37067.0/37230.0 days/days; walltime: 14.8
37068.0/37230.0 days/days; walltime: 10.2
37069.0/37230.0 days/days; walltime: 0.9
37070.0/37230.0 days/days; walltime: 14.5
37071.0/37230.0 days/days; walltime: 12.3
37072.0/37230.0 days/days; walltime: 9.4
37073.0/37230.0 days/days; walltime: 25.4
37074.0/37230.0 days/days; walltime: 2.5
37075.0/37230.0 days/days; walltime: 5.0
37076.0/37230.0 days/days; walltime: 16.7
37077.0/37230.0 days/days; walltime: 4.8
37078.0/37230.0 days/days; walltime: 5.5
37079.0/37230.0 days/days; walltime: 20.3
37080.0/37230.0 days/days; walltime: 5.1
37081.0/37230.0 days/days; walltime: 15.4
37082.0/37230.0 days/days; walltime: 9.8
37083.0/37230.0 days/days; walltime: 3.4
37084.0/37230.0 days/days; walltime: 7.7
37085.0/37230.0 days/days; walltime: 10.4
37086.0/37230.0 days/days; walltime: 5.3
37087.0/37230.0 days/days; walltime: 12.6
37088.0/37230.0 days/days; walltime: 9.1
37089.0/37230.0 days/days; walltime: 8.8
37090.0/37230.0 days/days; walltime: 11.9
37091.0/37230.0 days/days; walltime: 5.9
37092.0/37230.0 days/days; walltime: 9.2
37093.0/37230.0 days/days; walltime: 7.5
37094.0/37230.0 days/days; walltime: 7.8
37095.0/37230.0 days/days; walltime: 6.4
37096.0/37230.0 days/days; walltime: 9.5
37097.0/37230.0 days/days; walltime: 7.9
37098.0/37230.0 days/days; walltime: 9.2
37099.0/37230.0 days/days; walltime: 8.0
37100.0/37230.0 days/days; walltime: 9.0
37101.0/37230.0 days/days; walltime: 8.5
37102.0/37230.0 days/days; walltime: 36.8
37103.0/37230.0 days/days; walltime: 14.3
37104.0/37230.0 days/days; walltime: 9.3
37105.0/37230.0 days/days; walltime: 7.1
37106.0/37230.0 days/days; walltime: 9.0
37107.0/37230.0 days/days; walltime: 9.1
37108.0/37230.0 days/days; walltime: 11.8
37109.0/37230.0 days/days; walltime: 7.5
37110.0/37230.0 days/days; walltime: 8.1
37111.0/37230.0 days/days; walltime: 44.1
37112.0/37230.0 days/days; walltime: 14.2
37113.0/37230.0 days/days; walltime: 6.4
37114.0/37230.0 days/days; walltime: 5.5
37115.0/37230.0 days/days; walltime: 5.7
37116.0/37230.0 days/days; walltime: 1.8
37117.0/37230.0 days/days; walltime: 1.5
37118.0/37230.0 days/days; walltime: 1.3
37119.0/37230.0 days/days; walltime: 1.1
37120.0/37230.0 days/days; walltime: 0.9
37121.0/37230.0 days/days; walltime: 1.0
37122.0/37230.0 days/days; walltime: 3.1
37123.0/37230.0 days/days; walltime: 1.0
37124.0/37230.0 days/days; walltime: 0.6
37125.0/37230.0 days/days; walltime: 0.6
37126.0/37230.0 days/days; walltime: 0.6
37127.0/37230.0 days/days; walltime: 0.6
37128.0/37230.0 days/days; walltime: 0.6
37129.0/37230.0 days/days; walltime: 0.6
37130.0/37230.0 days/days; walltime: 0.4
37131.0/37230.0 days/days; walltime: 0.5
37132.0/37230.0 days/days; walltime: 0.6
37133.0/37230.0 days/days; walltime: 0.5
37134.0/37230.0 days/days; walltime: 0.5
37135.0/37230.0 days/days; walltime: 0.7
37136.0/37230.0 days/days; walltime: 0.6
37137.0/37230.0 days/days; walltime: 0.6
37138.0/37230.0 days/days; walltime: 5.0
37139.0/37230.0 days/days; walltime: 0.5
37140.0/37230.0 days/days; walltime: 0.3
37141.0/37230.0 days/days; walltime: 0.3
37142.0/37230.0 days/days; walltime: 0.3
37143.0/37230.0 days/days; walltime: 0.3
37144.0/37230.0 days/days; walltime: 0.5
37145.0/37230.0 days/days; walltime: 0.5
37146.0/37230.0 days/days; walltime: 0.6
37147.0/37230.0 days/days; walltime: 0.4
37148.0/37230.0 days/days; walltime: 0.5
37149.0/37230.0 days/days; walltime: 24.3
37150.0/37230.0 days/days; walltime: 0.8
37151.0/37230.0 days/days; walltime: 0.2
37152.0/37230.0 days/days; walltime: 0.2
37153.0/37230.0 days/days; walltime: 0.2
37154.0/37230.0 days/days; walltime: 0.2
37155.0/37230.0 days/days; walltime: 0.3
37156.0/37230.0 days/days; walltime: 0.3
37157.0/37230.0 days/days; walltime: 0.3
37158.0/37230.0 days/days; walltime: 0.3
37159.0/37230.0 days/days; walltime: 0.3
37160.0/37230.0 days/days; walltime: 0.3
37161.0/37230.0 days/days; walltime: 0.3
37162.0/37230.0 days/days; walltime: 0.3
37163.0/37230.0 days/days; walltime: 0.3
37164.0/37230.0 days/days; walltime: 0.3
37165.0/37230.0 days/days; walltime: 0.2
37166.0/37230.0 days/days; walltime: 1.6
37167.0/37230.0 days/days; walltime: 0.3
37168.0/37230.0 days/days; walltime: 0.3
37169.0/37230.0 days/days; walltime: 0.1
37170.0/37230.0 days/days; walltime: 0.3
37171.0/37230.0 days/days; walltime: 0.3
37172.0/37230.0 days/days; walltime: 0.3
37173.0/37230.0 days/days; walltime: 0.1
37174.0/37230.0 days/days; walltime: 0.3
37175.0/37230.0 days/days; walltime: 0.3
37176.0/37230.0 days/days; walltime: 0.3
37177.0/37230.0 days/days; walltime: 0.1
37178.0/37230.0 days/days; walltime: 0.3
37179.0/37230.0 days/days; walltime: 0.2
37180.0/37230.0 days/days; walltime: 0.1
37181.0/37230.0 days/days; walltime: 0.3
37182.0/37230.0 days/days; walltime: 0.3
37183.0/37230.0 days/days; walltime: 1.6
37184.0/37230.0 days/days; walltime: 0.1
37185.0/37230.0 days/days; walltime: 0.3
37186.0/37230.0 days/days; walltime: 0.2
37187.0/37230.0 days/days; walltime: 0.1
37188.0/37230.0 days/days; walltime: 0.3
37189.0/37230.0 days/days; walltime: 0.2
37190.0/37230.0 days/days; walltime: 0.1
37191.0/37230.0 days/days; walltime: 0.3
37192.0/37230.0 days/days; walltime: 0.2
37193.0/37230.0 days/days; walltime: 0.1
37194.0/37230.0 days/days; walltime: 0.2
37195.0/37230.0 days/days; walltime: 0.1
37196.0/37230.0 days/days; walltime: 0.3
37197.0/37230.0 days/days; walltime: 0.3
37198.0/37230.0 days/days; walltime: 0.2
37199.0/37230.0 days/days; walltime: 0.3
37200.0/37230.0 days/days; walltime: 1.4
37201.0/37230.0 days/days; walltime: 0.2
37202.0/37230.0 days/days; walltime: 0.3
37203.0/37230.0 days/days; walltime: 0.1
37204.0/37230.0 days/days; walltime: 0.2
37205.0/37230.0 days/days; walltime: 0.1
37206.0/37230.0 days/days; walltime: 0.3
37207.0/37230.0 days/days; walltime: 0.1
37208.0/37230.0 days/days; walltime: 0.2
37209.0/37230.0 days/days; walltime: 0.2
37210.0/37230.0 days/days; walltime: 0.3
37211.0/37230.0 days/days; walltime: 0.2
37212.0/37230.0 days/days; walltime: 0.3
37213.0/37230.0 days/days; walltime: 0.2
37214.0/37230.0 days/days; walltime: 0.3
37215.0/37230.0 days/days; walltime: 0.3
37216.0/37230.0 days/days; walltime: 0.2
37217.0/37230.0 days/days; walltime: 0.3
37218.0/37230.0 days/days; walltime: 1.5
37219.0/37230.0 days/days; walltime: 0.2
37220.0/37230.0 days/days; walltime: 0.1
37221.0/37230.0 days/days; walltime: 0.2
37222.0/37230.0 days/days; walltime: 0.1
37223.0/37230.0 days/days; walltime: 0.3
37224.0/37230.0 days/days; walltime: 0.2
37225.0/37230.0 days/days; walltime: 0.3
37226.0/37230.0 days/days; walltime: 0.2
37227.0/37230.0 days/days; walltime: 0.3
37228.0/37230.0 days/days; walltime: 0.2
37229.0/37230.0 days/days; walltime: 0.2
37230.0/37230.0 days/days; walltime: 0.3
Wallclock for model run: 4831.9s
 

fields = 

  struct with fields:

    nodes: [1x1 struct]
    edges: [1x1 struct]
       BC: [1x1 struct]

No cases left; exiting.
