Case 3:
Picked up JAVA_TOOL_OPTIONS: -Xmx2g
Opening log file:  /tmp/java.log.16594

                            < M A T L A B (R) >
                  Copyright 1984-2022 The MathWorks, Inc.
                  R2022a (9.12.0.1884302) 64-bit (glnxa64)
                             February 16, 2022

 
To get started, type doc.
For product information, visit www.mathworks.com.
 

config = 

  struct with fields:

                 k_s: 0.2500
                 l_c: 10
            n_moulin: 68
    creep_const_soft: 0
             mesh_nr: 4
                 k_c: 0.1500
               h_bed: 0.5000
               l_bed: 10
               alpha: 3
                beta: 2
               omega: 0

Running model run (ode15s):
Run to steady
Creating output dir: ./RUN/
Saving model run to
./RUN/output_003_steady.nc
Fields, IC & BC initialised
Initial phi calculated in 0.6s
0.0/36500.0 days/days; walltime: 17.4
-----------------------------------------------------------------------------------------------------------------------------------------------------------------------------------------------------------------------------------------------------------------------------------------------------------------------------------------------------------------------------------------------------------------------------------1825.0/36500.0 days/days; walltime: 174.6
----------------------------------------3650.0/36500.0 days/days; walltime: 3.0
-----------------------5475.0/36500.0 days/days; walltime: 1.8
--------------7300.0/36500.0 days/days; walltime: 1.2
--------------------------------------------------------------------------------------------------------------------------------------------9125.0/36500.0 days/days; walltime: 9.3
---------10950.0/36500.0 days/days; walltime: 829.1
12775.0/36500.0 days/days; walltime: 567.9
14600.0/36500.0 days/days; walltime: 406.4
16425.0/36500.0 days/days; walltime: 347.2
18250.0/36500.0 days/days; walltime: 281.8
20075.0/36500.0 days/days; walltime: 98.4
21900.0/36500.0 days/days; walltime: 13.1
23725.0/36500.0 days/days; walltime: 4.3
25550.0/36500.0 days/days; walltime: 3.7
27375.0/36500.0 days/days; walltime: 3.3
29200.0/36500.0 days/days; walltime: 2.8
31025.0/36500.0 days/days; walltime: 1.9
32850.0/36500.0 days/days; walltime: 1.8
34675.0/36500.0 days/days; walltime: 1.7
36500.0/36500.0 days/days; walltime: 1.6
Wallclock for model run: 2776.2s
 

fields = 

  struct with fields:

    nodes: [1x1 struct]
    edges: [1x1 struct]
       BC: [1x1 struct]

Running model run (ode15s):
Run seasonal
Saving model run to
./RUN/output_003_seasonal.nc
IC initialised from struct
IC initialised from file/given & rest from parameters and given functions
36500.0/37230.0 days/days; walltime: 13.5
36501.0/37230.0 days/days; walltime: 57.4
36502.0/37230.0 days/days; walltime: 10.4
36503.0/37230.0 days/days; walltime: 20.6
36504.0/37230.0 days/days; walltime: 14.8
36505.0/37230.0 days/days; walltime: 9.0
36506.0/37230.0 days/days; walltime: 16.6
36507.0/37230.0 days/days; walltime: 3.4
36508.0/37230.0 days/days; walltime: 6.2
36509.0/37230.0 days/days; walltime: 6.5
36510.0/37230.0 days/days; walltime: 2.7
36511.0/37230.0 days/days; walltime: 2.3
36512.0/37230.0 days/days; walltime: 2.3
36513.0/37230.0 days/days; walltime: 2.5
36514.0/37230.0 days/days; walltime: 3.9
36515.0/37230.0 days/days; walltime: 26.2
36516.0/37230.0 days/days; walltime: 2.9
36517.0/37230.0 days/days; walltime: 1.8
36518.0/37230.0 days/days; walltime: 1.8
36519.0/37230.0 days/days; walltime: 1.7
36520.0/37230.0 days/days; walltime: 1.7
36521.0/37230.0 days/days; walltime: 3.6
36522.0/37230.0 days/days; walltime: 1.0
36523.0/37230.0 days/days; walltime: 1.1
36524.0/37230.0 days/days; walltime: 1.0
36525.0/37230.0 days/days; walltime: 1.1
36526.0/37230.0 days/days; walltime: 1.4
36527.0/37230.0 days/days; walltime: 3.2
36528.0/37230.0 days/days; walltime: 0.8
36529.0/37230.0 days/days; walltime: 0.9
36530.0/37230.0 days/days; walltime: 0.4
36531.0/37230.0 days/days; walltime: 0.5
36532.0/37230.0 days/days; walltime: 2.1
36533.0/37230.0 days/days; walltime: 0.8
36534.0/37230.0 days/days; walltime: 0.7
36535.0/37230.0 days/days; walltime: 0.9
36536.0/37230.0 days/days; walltime: 0.7
36537.0/37230.0 days/days; walltime: 0.6
36538.0/37230.0 days/days; walltime: 0.6
36539.0/37230.0 days/days; walltime: 0.5
36540.0/37230.0 days/days; walltime: 0.3
36541.0/37230.0 days/days; walltime: 0.9
36542.0/37230.0 days/days; walltime: 0.8
36543.0/37230.0 days/days; walltime: 0.7
36544.0/37230.0 days/days; walltime: 0.8
36545.0/37230.0 days/days; walltime: 0.8
36546.0/37230.0 days/days; walltime: 0.8
36547.0/37230.0 days/days; walltime: 0.8
36548.0/37230.0 days/days; walltime: 3.9
36549.0/37230.0 days/days; walltime: 0.2
36550.0/37230.0 days/days; walltime: 0.4
36551.0/37230.0 days/days; walltime: 0.6
36552.0/37230.0 days/days; walltime: 0.4
36553.0/37230.0 days/days; walltime: 0.6
36554.0/37230.0 days/days; walltime: 0.4
36555.0/37230.0 days/days; walltime: 0.4
36556.0/37230.0 days/days; walltime: 0.5
36557.0/37230.0 days/days; walltime: 0.4
36558.0/37230.0 days/days; walltime: 0.4
36559.0/37230.0 days/days; walltime: 0.4
36560.0/37230.0 days/days; walltime: 0.5
36561.0/37230.0 days/days; walltime: 0.4
36562.0/37230.0 days/days; walltime: 0.3
36563.0/37230.0 days/days; walltime: 0.4
36564.0/37230.0 days/days; walltime: 0.4
36565.0/37230.0 days/days; walltime: 0.3
36566.0/37230.0 days/days; walltime: 0.5
36567.0/37230.0 days/days; walltime: 0.3
36568.0/37230.0 days/days; walltime: 0.4
36569.0/37230.0 days/days; walltime: 0.4
36570.0/37230.0 days/days; walltime: 0.3
36571.0/37230.0 days/days; walltime: 0.4
36572.0/37230.0 days/days; walltime: 0.3
36573.0/37230.0 days/days; walltime: 0.6
36574.0/37230.0 days/days; walltime: 0.2
36575.0/37230.0 days/days; walltime: 0.3
36576.0/37230.0 days/days; walltime: 0.4
36577.0/37230.0 days/days; walltime: 0.4
36578.0/37230.0 days/days; walltime: 0.5
36579.0/37230.0 days/days; walltime: 2.7
36580.0/37230.0 days/days; walltime: 0.2
36581.0/37230.0 days/days; walltime: 0.3
36582.0/37230.0 days/days; walltime: 0.3
36583.0/37230.0 days/days; walltime: 0.3
36584.0/37230.0 days/days; walltime: 0.3
36585.0/37230.0 days/days; walltime: 0.3
36586.0/37230.0 days/days; walltime: 0.3
36587.0/37230.0 days/days; walltime: 0.3
36588.0/37230.0 days/days; walltime: 0.3
36589.0/37230.0 days/days; walltime: 0.3
36590.0/37230.0 days/days; walltime: 0.1
36591.0/37230.0 days/days; walltime: 0.3
36592.0/37230.0 days/days; walltime: 0.3
36593.0/37230.0 days/days; walltime: 0.3
36594.0/37230.0 days/days; walltime: 0.3
36595.0/37230.0 days/days; walltime: 0.3
36596.0/37230.0 days/days; walltime: 0.1
36597.0/37230.0 days/days; walltime: 0.3
36598.0/37230.0 days/days; walltime: 0.3
36599.0/37230.0 days/days; walltime: 0.3
36600.0/37230.0 days/days; walltime: 0.1
36601.0/37230.0 days/days; walltime: 0.3
36602.0/37230.0 days/days; walltime: 0.2
36603.0/37230.0 days/days; walltime: 0.1
36604.0/37230.0 days/days; walltime: 0.3
36605.0/37230.0 days/days; walltime: 0.2
36606.0/37230.0 days/days; walltime: 0.1
36607.0/37230.0 days/days; walltime: 0.2
36608.0/37230.0 days/days; walltime: 0.3
36609.0/37230.0 days/days; walltime: 0.1
36610.0/37230.0 days/days; walltime: 0.1
36611.0/37230.0 days/days; walltime: 0.2
36612.0/37230.0 days/days; walltime: 0.3
36613.0/37230.0 days/days; walltime: 0.1
36614.0/37230.0 days/days; walltime: 0.3
36615.0/37230.0 days/days; walltime: 0.1
36616.0/37230.0 days/days; walltime: 0.2
36617.0/37230.0 days/days; walltime: 0.3
36618.0/37230.0 days/days; walltime: 0.1
36619.0/37230.0 days/days; walltime: 0.3
36620.0/37230.0 days/days; walltime: 0.1
36621.0/37230.0 days/days; walltime: 0.3
36622.0/37230.0 days/days; walltime: 0.2
36623.0/37230.0 days/days; walltime: 0.1
36624.0/37230.0 days/days; walltime: 0.2
36625.0/37230.0 days/days; walltime: 0.1
36626.0/37230.0 days/days; walltime: 0.6
36627.0/37230.0 days/days; walltime: 1.3
36628.0/37230.0 days/days; walltime: 2.6
36629.0/37230.0 days/days; walltime: 9.2
36630.0/37230.0 days/days; walltime: 10.6
36631.0/37230.0 days/days; walltime: 18.3
36632.0/37230.0 days/days; walltime: 15.6
36633.0/37230.0 days/days; walltime: 12.8
36634.0/37230.0 days/days; walltime: 18.1
36635.0/37230.0 days/days; walltime: 15.6
36636.0/37230.0 days/days; walltime: 17.1
36637.0/37230.0 days/days; walltime: 15.5
36638.0/37230.0 days/days; walltime: 16.3
36639.0/37230.0 days/days; walltime: 15.9
36640.0/37230.0 days/days; walltime: 14.5
36641.0/37230.0 days/days; walltime: 16.9
36642.0/37230.0 days/days; walltime: 17.8
36643.0/37230.0 days/days; walltime: 16.2
36644.0/37230.0 days/days; walltime: 14.7
36645.0/37230.0 days/days; walltime: 17.0
36646.0/37230.0 days/days; walltime: 16.0
36647.0/37230.0 days/days; walltime: 16.2
36648.0/37230.0 days/days; walltime: 14.4
36649.0/37230.0 days/days; walltime: 15.3
36650.0/37230.0 days/days; walltime: 14.7
36651.0/37230.0 days/days; walltime: 14.0
36652.0/37230.0 days/days; walltime: 14.1
36653.0/37230.0 days/days; walltime: 15.2
36654.0/37230.0 days/days; walltime: 14.6
36655.0/37230.0 days/days; walltime: 12.8
36656.0/37230.0 days/days; walltime: 12.9
36657.0/37230.0 days/days; walltime: 12.4
36658.0/37230.0 days/days; walltime: 12.4
36659.0/37230.0 days/days; walltime: 12.3
36660.0/37230.0 days/days; walltime: 11.5
36661.0/37230.0 days/days; walltime: 10.2
36662.0/37230.0 days/days; walltime: 10.3
36663.0/37230.0 days/days; walltime: 11.6
36664.0/37230.0 days/days; walltime: 10.9
36665.0/37230.0 days/days; walltime: 8.3
36666.0/37230.0 days/days; walltime: 11.5
36667.0/37230.0 days/days; walltime: 9.4
36668.0/37230.0 days/days; walltime: 6.7
36669.0/37230.0 days/days; walltime: 6.2
36670.0/37230.0 days/days; walltime: 6.7
36671.0/37230.0 days/days; walltime: 7.6
36672.0/37230.0 days/days; walltime: 4.2
36673.0/37230.0 days/days; walltime: 4.8
36674.0/37230.0 days/days; walltime: 5.1
36675.0/37230.0 days/days; walltime: 4.0
36676.0/37230.0 days/days; walltime: 5.0
36677.0/37230.0 days/days; walltime: 2.0
36678.0/37230.0 days/days; walltime: 9.4
36679.0/37230.0 days/days; walltime: 3.9
36680.0/37230.0 days/days; walltime: 7.6
36681.0/37230.0 days/days; walltime: 7.2
36682.0/37230.0 days/days; walltime: 6.9
36683.0/37230.0 days/days; walltime: 17.0
36684.0/37230.0 days/days; walltime: 5.9
36685.0/37230.0 days/days; walltime: 5.4
36686.0/37230.0 days/days; walltime: 3.0
36687.0/37230.0 days/days; walltime: 7.7
36688.0/37230.0 days/days; walltime: 9.5
36689.0/37230.0 days/days; walltime: 2.7
36690.0/37230.0 days/days; walltime: 4.8
36691.0/37230.0 days/days; walltime: 4.3
36692.0/37230.0 days/days; walltime: 4.3
36693.0/37230.0 days/days; walltime: 14.2
36694.0/37230.0 days/days; walltime: 6.2
36695.0/37230.0 days/days; walltime: 17.4
36696.0/37230.0 days/days; walltime: 4.5
36697.0/37230.0 days/days; walltime: 13.2
36698.0/37230.0 days/days; walltime: 4.0
36699.0/37230.0 days/days; walltime: 3.4
36700.0/37230.0 days/days; walltime: 3.6
36701.0/37230.0 days/days; walltime: 7.5
36702.0/37230.0 days/days; walltime: 18.9
36703.0/37230.0 days/days; walltime: 5.6
36704.0/37230.0 days/days; walltime: 3.9
36705.0/37230.0 days/days; walltime: 3.1
36706.0/37230.0 days/days; walltime: 5.5
36707.0/37230.0 days/days; walltime: 10.7
36708.0/37230.0 days/days; walltime: 8.0
36709.0/37230.0 days/days; walltime: 5.6
36710.0/37230.0 days/days; walltime: 9.1
36711.0/37230.0 days/days; walltime: 4.7
36712.0/37230.0 days/days; walltime: 6.8
36713.0/37230.0 days/days; walltime: 7.4
36714.0/37230.0 days/days; walltime: 5.8
36715.0/37230.0 days/days; walltime: 6.1
36716.0/37230.0 days/days; walltime: 7.9
36717.0/37230.0 days/days; walltime: 11.8
36718.0/37230.0 days/days; walltime: 8.6
36719.0/37230.0 days/days; walltime: 8.4
36720.0/37230.0 days/days; walltime: 11.5
36721.0/37230.0 days/days; walltime: 11.7
36722.0/37230.0 days/days; walltime: 10.5
36723.0/37230.0 days/days; walltime: 13.2
36724.0/37230.0 days/days; walltime: 12.7
36725.0/37230.0 days/days; walltime: 14.7
36726.0/37230.0 days/days; walltime: 12.3
36727.0/37230.0 days/days; walltime: 14.0
36728.0/37230.0 days/days; walltime: 14.3
36729.0/37230.0 days/days; walltime: 19.1
36730.0/37230.0 days/days; walltime: 12.7
36731.0/37230.0 days/days; walltime: 14.0
36732.0/37230.0 days/days; walltime: 10.3
36733.0/37230.0 days/days; walltime: 12.1
36734.0/37230.0 days/days; walltime: 8.5
36735.0/37230.0 days/days; walltime: 15.1
36736.0/37230.0 days/days; walltime: 14.5
36737.0/37230.0 days/days; walltime: 8.4
36738.0/37230.0 days/days; walltime: 10.8
36739.0/37230.0 days/days; walltime: 4.4
36740.0/37230.0 days/days; walltime: 2.7
36741.0/37230.0 days/days; walltime: 1.1
36742.0/37230.0 days/days; walltime: 0.9
36743.0/37230.0 days/days; walltime: 1.2
36744.0/37230.0 days/days; walltime: 1.3
36745.0/37230.0 days/days; walltime: 1.4
36746.0/37230.0 days/days; walltime: 3.4
36747.0/37230.0 days/days; walltime: 0.9
36748.0/37230.0 days/days; walltime: 0.9
36749.0/37230.0 days/days; walltime: 0.9
36750.0/37230.0 days/days; walltime: 0.7
36751.0/37230.0 days/days; walltime: 0.8
36752.0/37230.0 days/days; walltime: 0.6
36753.0/37230.0 days/days; walltime: 0.6
36754.0/37230.0 days/days; walltime: 0.4
36755.0/37230.0 days/days; walltime: 0.6
36756.0/37230.0 days/days; walltime: 0.6
36757.0/37230.0 days/days; walltime: 0.7
36758.0/37230.0 days/days; walltime: 0.7
36759.0/37230.0 days/days; walltime: 0.6
36760.0/37230.0 days/days; walltime: 2.7
36761.0/37230.0 days/days; walltime: 0.6
36762.0/37230.0 days/days; walltime: 0.4
36763.0/37230.0 days/days; walltime: 0.6
36764.0/37230.0 days/days; walltime: 0.4
36765.0/37230.0 days/days; walltime: 0.5
36766.0/37230.0 days/days; walltime: 0.4
36767.0/37230.0 days/days; walltime: 0.4
36768.0/37230.0 days/days; walltime: 0.5
36769.0/37230.0 days/days; walltime: 0.4
36770.0/37230.0 days/days; walltime: 0.4
36771.0/37230.0 days/days; walltime: 0.4
36772.0/37230.0 days/days; walltime: 0.5
36773.0/37230.0 days/days; walltime: 0.3
36774.0/37230.0 days/days; walltime: 0.3
36775.0/37230.0 days/days; walltime: 0.4
36776.0/37230.0 days/days; walltime: 0.3
36777.0/37230.0 days/days; walltime: 0.3
36778.0/37230.0 days/days; walltime: 0.3
36779.0/37230.0 days/days; walltime: 0.3
36780.0/37230.0 days/days; walltime: 0.3
36781.0/37230.0 days/days; walltime: 0.3
36782.0/37230.0 days/days; walltime: 0.2
36783.0/37230.0 days/days; walltime: 0.3
36784.0/37230.0 days/days; walltime: 0.3
36785.0/37230.0 days/days; walltime: 0.3
36786.0/37230.0 days/days; walltime: 0.3
36787.0/37230.0 days/days; walltime: 0.3
36788.0/37230.0 days/days; walltime: 0.3
36789.0/37230.0 days/days; walltime: 0.3
36790.0/37230.0 days/days; walltime: 0.4
36791.0/37230.0 days/days; walltime: 0.4
36792.0/37230.0 days/days; walltime: 0.3
36793.0/37230.0 days/days; walltime: 0.4
36794.0/37230.0 days/days; walltime: 0.4
36795.0/37230.0 days/days; walltime: 0.2
36796.0/37230.0 days/days; walltime: 0.4
36797.0/37230.0 days/days; walltime: 0.4
36798.0/37230.0 days/days; walltime: 0.4
36799.0/37230.0 days/days; walltime: 2.0
36800.0/37230.0 days/days; walltime: 0.3
36801.0/37230.0 days/days; walltime: 0.3
36802.0/37230.0 days/days; walltime: 0.1
36803.0/37230.0 days/days; walltime: 0.3
36804.0/37230.0 days/days; walltime: 0.3
36805.0/37230.0 days/days; walltime: 0.1
36806.0/37230.0 days/days; walltime: 0.3
36807.0/37230.0 days/days; walltime: 0.3
36808.0/37230.0 days/days; walltime: 0.1
36809.0/37230.0 days/days; walltime: 0.3
36810.0/37230.0 days/days; walltime: 0.3
36811.0/37230.0 days/days; walltime: 0.1
36812.0/37230.0 days/days; walltime: 0.2
36813.0/37230.0 days/days; walltime: 0.7
36814.0/37230.0 days/days; walltime: 0.1
36815.0/37230.0 days/days; walltime: 0.2
36816.0/37230.0 days/days; walltime: 0.1
36817.0/37230.0 days/days; walltime: 0.2
36818.0/37230.0 days/days; walltime: 0.1
36819.0/37230.0 days/days; walltime: 0.2
36820.0/37230.0 days/days; walltime: 0.1
36821.0/37230.0 days/days; walltime: 0.2
36822.0/37230.0 days/days; walltime: 0.1
36823.0/37230.0 days/days; walltime: 0.2
36824.0/37230.0 days/days; walltime: 0.1
36825.0/37230.0 days/days; walltime: 0.2
36826.0/37230.0 days/days; walltime: 0.1
36827.0/37230.0 days/days; walltime: 0.2
36828.0/37230.0 days/days; walltime: 0.0
36829.0/37230.0 days/days; walltime: 0.2
36830.0/37230.0 days/days; walltime: 0.1
36831.0/37230.0 days/days; walltime: 0.0
36832.0/37230.0 days/days; walltime: 0.2
36833.0/37230.0 days/days; walltime: 0.1
36834.0/37230.0 days/days; walltime: 0.2
36835.0/37230.0 days/days; walltime: 0.1
36836.0/37230.0 days/days; walltime: 0.0
36837.0/37230.0 days/days; walltime: 0.2
36838.0/37230.0 days/days; walltime: 0.0
36839.0/37230.0 days/days; walltime: 0.2
36840.0/37230.0 days/days; walltime: 0.0
36841.0/37230.0 days/days; walltime: 0.1
36842.0/37230.0 days/days; walltime: 0.2
36843.0/37230.0 days/days; walltime: 0.1
36844.0/37230.0 days/days; walltime: 0.0
36845.0/37230.0 days/days; walltime: 0.2
36846.0/37230.0 days/days; walltime: 0.1
36847.0/37230.0 days/days; walltime: 0.0
36848.0/37230.0 days/days; walltime: 0.2
36849.0/37230.0 days/days; walltime: 0.0
36850.0/37230.0 days/days; walltime: 0.1
36851.0/37230.0 days/days; walltime: 0.2
36852.0/37230.0 days/days; walltime: 0.0
36853.0/37230.0 days/days; walltime: 0.0
36854.0/37230.0 days/days; walltime: 0.2
36855.0/37230.0 days/days; walltime: 0.0
36856.0/37230.0 days/days; walltime: 0.0
36857.0/37230.0 days/days; walltime: 0.0
36858.0/37230.0 days/days; walltime: 0.2
36859.0/37230.0 days/days; walltime: 0.0
36860.0/37230.0 days/days; walltime: 0.0
36861.0/37230.0 days/days; walltime: 0.0
36862.0/37230.0 days/days; walltime: 0.2
36863.0/37230.0 days/days; walltime: 0.0
36864.0/37230.0 days/days; walltime: 0.0
36865.0/37230.0 days/days; walltime: 0.2
36867.0/37230.0 days/days; walltime: 0.0
36868.0/37230.0 days/days; walltime: 0.0
36869.0/37230.0 days/days; walltime: 0.0
36870.0/37230.0 days/days; walltime: 0.2
36871.0/37230.0 days/days; walltime: 0.0
36872.0/37230.0 days/days; walltime: 0.0
36873.0/37230.0 days/days; walltime: 0.0
36874.0/37230.0 days/days; walltime: 0.2
36875.0/37230.0 days/days; walltime: 0.0
36876.0/37230.0 days/days; walltime: 0.0
36878.0/37230.0 days/days; walltime: 0.0
36879.0/37230.0 days/days; walltime: 0.2
36880.0/37230.0 days/days; walltime: 0.0
36881.0/37230.0 days/days; walltime: 0.0
36882.0/37230.0 days/days; walltime: 0.0
36884.0/37230.0 days/days; walltime: 0.2
36885.0/37230.0 days/days; walltime: 0.0
36886.0/37230.0 days/days; walltime: 0.0
36888.0/37230.0 days/days; walltime: 0.0
36889.0/37230.0 days/days; walltime: 0.2
36891.0/37230.0 days/days; walltime: 0.0
36892.0/37230.0 days/days; walltime: 0.0
36893.0/37230.0 days/days; walltime: 0.0
36895.0/37230.0 days/days; walltime: 0.2
36896.0/37230.0 days/days; walltime: 0.0
36898.0/37230.0 days/days; walltime: 0.0
36899.0/37230.0 days/days; walltime: 0.0
36901.0/37230.0 days/days; walltime: 0.2
36902.0/37230.0 days/days; walltime: 0.0
36904.0/37230.0 days/days; walltime: 0.0
36905.0/37230.0 days/days; walltime: 0.0
36907.0/37230.0 days/days; walltime: 0.2
36908.0/37230.0 days/days; walltime: 0.0
36910.0/37230.0 days/days; walltime: 0.0
36911.0/37230.0 days/days; walltime: 0.0
36913.0/37230.0 days/days; walltime: 0.2
36914.0/37230.0 days/days; walltime: 0.0
36916.0/37230.0 days/days; walltime: 0.0
36918.0/37230.0 days/days; walltime: 0.0
36919.0/37230.0 days/days; walltime: 0.2
36921.0/37230.0 days/days; walltime: 0.0
36923.0/37230.0 days/days; walltime: 0.0
36924.0/37230.0 days/days; walltime: 0.0
36926.0/37230.0 days/days; walltime: 0.2
36928.0/37230.0 days/days; walltime: 0.0
36930.0/37230.0 days/days; walltime: 0.0
36931.0/37230.0 days/days; walltime: 0.0
36933.0/37230.0 days/days; walltime: 0.2
36935.0/37230.0 days/days; walltime: 0.0
36937.0/37230.0 days/days; walltime: 0.0
36939.0/37230.0 days/days; walltime: 0.0
36941.0/37230.0 days/days; walltime: 0.2
36942.0/37230.0 days/days; walltime: 0.0
36944.0/37230.0 days/days; walltime: 0.0
36946.0/37230.0 days/days; walltime: 0.0
36948.0/37230.0 days/days; walltime: 0.2
36950.0/37230.0 days/days; walltime: 0.0
36952.0/37230.0 days/days; walltime: 0.0
36954.0/37230.0 days/days; walltime: 0.0
36956.0/37230.0 days/days; walltime: 0.2
36959.0/37230.0 days/days; walltime: 0.0
36961.0/37230.0 days/days; walltime: 0.0
36963.0/37230.0 days/days; walltime: 0.0
36965.0/37230.0 days/days; walltime: 0.2
36967.0/37230.0 days/days; walltime: 0.0
36969.0/37230.0 days/days; walltime: 0.0
36972.0/37230.0 days/days; walltime: 0.0
36974.0/37230.0 days/days; walltime: 0.2
36976.0/37230.0 days/days; walltime: 0.0
36979.0/37230.0 days/days; walltime: 0.0
36981.0/37230.0 days/days; walltime: 0.0
36983.0/37230.0 days/days; walltime: 0.2
36986.0/37230.0 days/days; walltime: 0.0
36988.0/37230.0 days/days; walltime: 0.0
36991.0/37230.0 days/days; walltime: 1.0
36992.0/37230.0 days/days; walltime: 1.3
36993.0/37230.0 days/days; walltime: 2.4
36994.0/37230.0 days/days; walltime: 7.3
36995.0/37230.0 days/days; walltime: 12.7
36996.0/37230.0 days/days; walltime: 14.3
36997.0/37230.0 days/days; walltime: 13.5
36998.0/37230.0 days/days; walltime: 15.4
36999.0/37230.0 days/days; walltime: 13.8
37000.0/37230.0 days/days; walltime: 18.1
37001.0/37230.0 days/days; walltime: 16.9
37002.0/37230.0 days/days; walltime: 18.8
37003.0/37230.0 days/days; walltime: 17.5
37004.0/37230.0 days/days; walltime: 17.0
37005.0/37230.0 days/days; walltime: 18.3
37006.0/37230.0 days/days; walltime: 17.8
37007.0/37230.0 days/days; walltime: 17.7
37008.0/37230.0 days/days; walltime: 16.9
37009.0/37230.0 days/days; walltime: 17.2
37010.0/37230.0 days/days; walltime: 16.8
37011.0/37230.0 days/days; walltime: 16.7
37012.0/37230.0 days/days; walltime: 17.3
37013.0/37230.0 days/days; walltime: 15.7
37014.0/37230.0 days/days; walltime: 13.8
37015.0/37230.0 days/days; walltime: 15.9
37016.0/37230.0 days/days; walltime: 15.1
37017.0/37230.0 days/days; walltime: 13.2
37018.0/37230.0 days/days; walltime: 12.5
37019.0/37230.0 days/days; walltime: 13.9
37020.0/37230.0 days/days; walltime: 12.9
37021.0/37230.0 days/days; walltime: 12.3
37022.0/37230.0 days/days; walltime: 13.9
37023.0/37230.0 days/days; walltime: 12.4
37024.0/37230.0 days/days; walltime: 12.2
37025.0/37230.0 days/days; walltime: 12.6
37026.0/37230.0 days/days; walltime: 12.1
37027.0/37230.0 days/days; walltime: 9.5
37028.0/37230.0 days/days; walltime: 9.6
37029.0/37230.0 days/days; walltime: 10.4
37030.0/37230.0 days/days; walltime: 10.4
37031.0/37230.0 days/days; walltime: 9.8
37032.0/37230.0 days/days; walltime: 9.2
37033.0/37230.0 days/days; walltime: 8.5
37034.0/37230.0 days/days; walltime: 7.1
37035.0/37230.0 days/days; walltime: 7.2
37036.0/37230.0 days/days; walltime: 6.2
37037.0/37230.0 days/days; walltime: 5.5
37038.0/37230.0 days/days; walltime: 5.0
37039.0/37230.0 days/days; walltime: 4.0
37040.0/37230.0 days/days; walltime: 3.2
37041.0/37230.0 days/days; walltime: 5.0
37042.0/37230.0 days/days; walltime: 2.2
37043.0/37230.0 days/days; walltime: 9.8
37044.0/37230.0 days/days; walltime: 12.5
37045.0/37230.0 days/days; walltime: 4.0
37046.0/37230.0 days/days; walltime: 7.1
37047.0/37230.0 days/days; walltime: 17.8
37048.0/37230.0 days/days; walltime: 12.6
37049.0/37230.0 days/days; walltime: 16.0
37050.0/37230.0 days/days; walltime: 15.3
37051.0/37230.0 days/days; walltime: 3.1
37052.0/37230.0 days/days; walltime: 18.1
37053.0/37230.0 days/days; walltime: 4.3
37054.0/37230.0 days/days; walltime: 3.0
37055.0/37230.0 days/days; walltime: 6.2
37056.0/37230.0 days/days; walltime: 3.3
37057.0/37230.0 days/days; walltime: 4.7
37058.0/37230.0 days/days; walltime: 21.6
37059.0/37230.0 days/days; walltime: 12.9
37060.0/37230.0 days/days; walltime: 17.4
37061.0/37230.0 days/days; walltime: 3.9
37062.0/37230.0 days/days; walltime: 11.9
37063.0/37230.0 days/days; walltime: 5.5
37064.0/37230.0 days/days; walltime: 4.2
37065.0/37230.0 days/days; walltime: 4.4
37066.0/37230.0 days/days; walltime: 5.3
37067.0/37230.0 days/days; walltime: 19.5
37068.0/37230.0 days/days; walltime: 3.7
37069.0/37230.0 days/days; walltime: 4.2
37070.0/37230.0 days/days; walltime: 5.4
37071.0/37230.0 days/days; walltime: 7.3
37072.0/37230.0 days/days; walltime: 9.9
37073.0/37230.0 days/days; walltime: 5.8
37074.0/37230.0 days/days; walltime: 6.4
37075.0/37230.0 days/days; walltime: 9.8
37076.0/37230.0 days/days; walltime: 5.5
37077.0/37230.0 days/days; walltime: 7.1
37078.0/37230.0 days/days; walltime: 7.6
37079.0/37230.0 days/days; walltime: 5.2
37080.0/37230.0 days/days; walltime: 5.5
37081.0/37230.0 days/days; walltime: 9.4
37082.0/37230.0 days/days; walltime: 10.4
37083.0/37230.0 days/days; walltime: 6.1
37084.0/37230.0 days/days; walltime: 9.8
37085.0/37230.0 days/days; walltime: 11.3
37086.0/37230.0 days/days; walltime: 12.2
37087.0/37230.0 days/days; walltime: 10.1
37088.0/37230.0 days/days; walltime: 12.5
37089.0/37230.0 days/days; walltime: 13.6
37090.0/37230.0 days/days; walltime: 13.1
37091.0/37230.0 days/days; walltime: 17.5
37092.0/37230.0 days/days; walltime: 12.3
37093.0/37230.0 days/days; walltime: 14.4
37094.0/37230.0 days/days; walltime: 17.2
37095.0/37230.0 days/days; walltime: 14.7
37096.0/37230.0 days/days; walltime: 15.1
37097.0/37230.0 days/days; walltime: 12.3
37098.0/37230.0 days/days; walltime: 10.5
37099.0/37230.0 days/days; walltime: 8.8
37100.0/37230.0 days/days; walltime: 18.1
37101.0/37230.0 days/days; walltime: 22.3
37102.0/37230.0 days/days; walltime: 15.1
37103.0/37230.0 days/days; walltime: 4.3
37104.0/37230.0 days/days; walltime: 5.9
37105.0/37230.0 days/days; walltime: 6.8
37106.0/37230.0 days/days; walltime: 1.3
37107.0/37230.0 days/days; walltime: 0.8
37108.0/37230.0 days/days; walltime: 1.2
37109.0/37230.0 days/days; walltime: 1.1
37110.0/37230.0 days/days; walltime: 1.3
37111.0/37230.0 days/days; walltime: 3.0
37112.0/37230.0 days/days; walltime: 1.0
37113.0/37230.0 days/days; walltime: 0.9
37114.0/37230.0 days/days; walltime: 1.1
37115.0/37230.0 days/days; walltime: 0.9
37116.0/37230.0 days/days; walltime: 0.7
37117.0/37230.0 days/days; walltime: 0.6
37118.0/37230.0 days/days; walltime: 0.7
37119.0/37230.0 days/days; walltime: 0.7
37120.0/37230.0 days/days; walltime: 0.6
37121.0/37230.0 days/days; walltime: 0.5
37122.0/37230.0 days/days; walltime: 0.4
37123.0/37230.0 days/days; walltime: 0.3
37124.0/37230.0 days/days; walltime: 0.7
37125.0/37230.0 days/days; walltime: 0.7
37126.0/37230.0 days/days; walltime: 6.5
37127.0/37230.0 days/days; walltime: 0.2
37128.0/37230.0 days/days; walltime: 0.5
37129.0/37230.0 days/days; walltime: 0.5
37130.0/37230.0 days/days; walltime: 0.4
37131.0/37230.0 days/days; walltime: 0.6
37132.0/37230.0 days/days; walltime: 0.4
37133.0/37230.0 days/days; walltime: 0.4
37134.0/37230.0 days/days; walltime: 0.4
37135.0/37230.0 days/days; walltime: 0.5
37136.0/37230.0 days/days; walltime: 0.4
37137.0/37230.0 days/days; walltime: 0.3
37138.0/37230.0 days/days; walltime: 0.4
37139.0/37230.0 days/days; walltime: 0.3
37140.0/37230.0 days/days; walltime: 0.3
37141.0/37230.0 days/days; walltime: 0.4
37142.0/37230.0 days/days; walltime: 0.3
37143.0/37230.0 days/days; walltime: 0.3
37144.0/37230.0 days/days; walltime: 0.3
37145.0/37230.0 days/days; walltime: 0.3
37146.0/37230.0 days/days; walltime: 0.3
37147.0/37230.0 days/days; walltime: 0.3
37148.0/37230.0 days/days; walltime: 0.3
37149.0/37230.0 days/days; walltime: 0.3
37150.0/37230.0 days/days; walltime: 0.3
37151.0/37230.0 days/days; walltime: 0.3
37152.0/37230.0 days/days; walltime: 0.3
37153.0/37230.0 days/days; walltime: 0.3
37154.0/37230.0 days/days; walltime: 0.3
37155.0/37230.0 days/days; walltime: 0.3
37156.0/37230.0 days/days; walltime: 0.3
37157.0/37230.0 days/days; walltime: 0.3
37158.0/37230.0 days/days; walltime: 0.4
37159.0/37230.0 days/days; walltime: 0.3
37160.0/37230.0 days/days; walltime: 0.2
37161.0/37230.0 days/days; walltime: 0.4
37162.0/37230.0 days/days; walltime: 0.4
37163.0/37230.0 days/days; walltime: 0.4
37164.0/37230.0 days/days; walltime: 0.4
37165.0/37230.0 days/days; walltime: 0.2
37166.0/37230.0 days/days; walltime: 0.4
37167.0/37230.0 days/days; walltime: 0.4
37168.0/37230.0 days/days; walltime: 0.2
37169.0/37230.0 days/days; walltime: 0.3
37170.0/37230.0 days/days; walltime: 0.4
37171.0/37230.0 days/days; walltime: 0.2
37172.0/37230.0 days/days; walltime: 0.2
37173.0/37230.0 days/days; walltime: 2.5
37174.0/37230.0 days/days; walltime: 0.1
37175.0/37230.0 days/days; walltime: 0.3
37176.0/37230.0 days/days; walltime: 0.2
37177.0/37230.0 days/days; walltime: 0.1
37178.0/37230.0 days/days; walltime: 0.3
37179.0/37230.0 days/days; walltime: 0.1
37180.0/37230.0 days/days; walltime: 0.3
37181.0/37230.0 days/days; walltime: 0.3
37182.0/37230.0 days/days; walltime: 0.1
37183.0/37230.0 days/days; walltime: 0.2
37184.0/37230.0 days/days; walltime: 0.1
37185.0/37230.0 days/days; walltime: 0.2
37186.0/37230.0 days/days; walltime: 0.1
37187.0/37230.0 days/days; walltime: 0.2
37188.0/37230.0 days/days; walltime: 0.1
37189.0/37230.0 days/days; walltime: 0.2
37190.0/37230.0 days/days; walltime: 0.1
37191.0/37230.0 days/days; walltime: 0.2
37192.0/37230.0 days/days; walltime: 0.0
37193.0/37230.0 days/days; walltime: 0.1
37194.0/37230.0 days/days; walltime: 0.2
37195.0/37230.0 days/days; walltime: 0.1
37196.0/37230.0 days/days; walltime: 0.2
37197.0/37230.0 days/days; walltime: 0.1
37198.0/37230.0 days/days; walltime: 0.0
37199.0/37230.0 days/days; walltime: 0.2
37200.0/37230.0 days/days; walltime: 0.1
37201.0/37230.0 days/days; walltime: 0.2
37202.0/37230.0 days/days; walltime: 0.1
37203.0/37230.0 days/days; walltime: 0.0
37204.0/37230.0 days/days; walltime: 0.2
37205.0/37230.0 days/days; walltime: 0.0
37206.0/37230.0 days/days; walltime: 0.0
37207.0/37230.0 days/days; walltime: 0.2
37208.0/37230.0 days/days; walltime: 0.0
37209.0/37230.0 days/days; walltime: 0.3
37210.0/37230.0 days/days; walltime: 0.0
37211.0/37230.0 days/days; walltime: 0.0
37212.0/37230.0 days/days; walltime: 0.0
37213.0/37230.0 days/days; walltime: 0.2
37214.0/37230.0 days/days; walltime: 0.0
37215.0/37230.0 days/days; walltime: 0.0
37216.0/37230.0 days/days; walltime: 0.2
37217.0/37230.0 days/days; walltime: 0.1
37218.0/37230.0 days/days; walltime: 0.0
37219.0/37230.0 days/days; walltime: 0.2
37220.0/37230.0 days/days; walltime: 0.0
37221.0/37230.0 days/days; walltime: 0.0
37222.0/37230.0 days/days; walltime: 0.0
37223.0/37230.0 days/days; walltime: 0.2
37224.0/37230.0 days/days; walltime: 0.0
37225.0/37230.0 days/days; walltime: 0.0
37226.0/37230.0 days/days; walltime: 0.2
37227.0/37230.0 days/days; walltime: 0.0
37228.0/37230.0 days/days; walltime: 0.0
37229.0/37230.0 days/days; walltime: 0.0
37230.0/37230.0 days/days; walltime: 0.2
Wallclock for model run: 2773.2s
 

fields = 

  struct with fields:

    nodes: [1x1 struct]
    edges: [1x1 struct]
       BC: [1x1 struct]

No cases left; exiting.
