Case 1:
Picked up JAVA_TOOL_OPTIONS: -Xmx2g
Opening log file:  /tmp/java.log.26972

                            < M A T L A B (R) >
                  Copyright 1984-2022 The MathWorks, Inc.
                  R2022a (9.12.0.1884302) 64-bit (glnxa64)
                             February 16, 2022

 
To get started, type doc.
For product information, visit www.mathworks.com.
 

config = 

  struct with fields:

                 k_s: 0.0094
                 l_c: 10
            n_moulin: 68
    creep_const_soft: 0
             mesh_nr: 4
                 e_v: 1.0000e-04
                 k_c: 0.2000
               h_bed: 0.5000
               l_bed: 10
               alpha: 1.2500
                beta: 1.5000
               omega: 0

Running model run (ode15s):
Run to steady
Saving model run to
./RUN/output_201_steady.nc
Fields, IC & BC initialised
Initial phi calculated in 6.0s
0.0/36500.0 days/days; walltime: 20.6
-------------------------------------------------------------------------------------------------------------------------------------------------------------------------------------------------------------------------------------------------------------------------------------------------------------------------------------------------------------------------------------------------------------------------------------------------------------------------------------------------1825.0/36500.0 days/days; walltime: 177.8
--------------------------------------------------------3650.0/36500.0 days/days; walltime: 4.2
------------------------5475.0/36500.0 days/days; walltime: 1.8
------------7300.0/36500.0 days/days; walltime: 1.0
----------------------------------------------------------------------------------------------------------------------------------------------------------------------------------------------------------------------------9125.0/36500.0 days/days; walltime: 14.7
---------------------------------------------------------------------------------------------------------------------------------------------------------------------------------------------------------------------------------------------------------------------------------------------------------------------------------------------------------------------------------------------------------------------------------------------------------------------------------------------------------------------------------------------------------------------------------------------------------------------------------------------------------------------------------------------------------------------------------------------------------------------------------------------------------------------------------------------------------------------------------------------------------------------------------------------------------------------------------------------------------------------------------------------------------------------------------------------------------------------------------------------------------------------------------------------------------------------------------------------------------------------------------------------------------------------------------------------------------------------------------------------------------------------------------------------------------------------------------------------------------------------------------------------------------------------------------------------------------------------------------------------------------------------------------------------------------------------------------------------------------------------------------------------------------------------------------------------------------------------------------------------------------------------------------------------------------------------------------------------------------------------------------------------------------------------------------------------------------------------------------------------------------------------------------------------------------------------------------------------------------------------------------------------------------------------------------------------------------------------------------------------------------------------------------------------------------------------------------------------------------------------------------------------------------------------------------------------------------------------------------------------------------------------------------------------------------------------------------------------------------------------------------------------------------------------------------------------------------------------------------------------------------------------------------------------------------------------------------------------------------------------------------------------------------------------------------------------------------------------------------------------------------------------------------------------------------------------------------------------------------------------------------------------------------------------------------------------------------------------------------------------------------------------------------------------------------------------------------------------------------------------------------------------------------------------------------------------------------------------------------------------------------------------------------------------------------------------------------------------------------------------------------------------------------------------------------------------------------------------------------------------------------------------------------------------------------------------------------------------------------------------------------------------------------------------------------------------------------------------------------------------------------------------------------------------------------------------------------------------------------------------------------------------------------------------------------------------------------------------------------------------------------------------------------------------------------------------------------------------------------------------------------------------------------------------------------------------------------------------------------------------------------------------------------------------------------------------------------------------------------------------------------------------------------------------------------------------------------------------------------------------------------------------------------------------------------------------------------------------------------------------------------------------------------------------------------------------------------------------------------------------------------------------------------------------------------------------------------------------------------------------------------------------------------------------------------------------------------------------------------------------------------------------------------------------------------------------------------------------------------------------------------------------------------------------------------------------------------------------------------------------------------------------------------------------------------------------------------------------------------------------------------------------------------------------------------------------------------------------------------------------------------------------------------------------------------------------------------------------------------------------------------------------------------------------------------------------------------------------------------------------------------------------------------------------------------------------------------------------------------------------------------------------------------------------------------------------------------------------------------------------------------------------------------------------------------------------------------------------------------------------------------------------------------------------------------------------------------------------------------------------------------------------------------------------------------------------------------------------------------------------------------10950.0/36500.0 days/days; walltime: 427.5
----------------------------------------------------------------------------------------------12775.0/36500.0 days/days; walltime: 293.5
-------------------------------------------------14600.0/36500.0 days/days; walltime: 171.2
-----------------------------------------------16425.0/36500.0 days/days; walltime: 124.1
---------18250.0/36500.0 days/days; walltime: 136.1
-20075.0/36500.0 days/days; walltime: 38.6
--21900.0/36500.0 days/days; walltime: 6.3
23725.0/36500.0 days/days; walltime: 6.3
25550.0/36500.0 days/days; walltime: 3.7
27375.0/36500.0 days/days; walltime: 2.6
29200.0/36500.0 days/days; walltime: 1.5
31025.0/36500.0 days/days; walltime: 0.9
32850.0/36500.0 days/days; walltime: 0.6
34675.0/36500.0 days/days; walltime: 0.1
36500.0/36500.0 days/days; walltime: 0.4
Wallclock for model run: 1438.4s
 

fields = 

  struct with fields:

    nodes: [1x1 struct]
    edges: [1x1 struct]
       BC: [1x1 struct]

Running model run (ode15s):
Run seasonal
Saving model run to
./RUN/output_201_seasonal.nc
IC initialised from struct
IC initialised from file/given & rest from parameters and given functions
36500.0/37230.0 days/days; walltime: 15.4
36501.0/37230.0 days/days; walltime: 86.5
36502.0/37230.0 days/days; walltime: 14.1
36503.0/37230.0 days/days; walltime: 3.6
36504.0/37230.0 days/days; walltime: 4.4
36505.0/37230.0 days/days; walltime: 4.3
36506.0/37230.0 days/days; walltime: 1.8
36507.0/37230.0 days/days; walltime: 2.1
36508.0/37230.0 days/days; walltime: 2.0
36509.0/37230.0 days/days; walltime: 3.4
36510.0/37230.0 days/days; walltime: 1.2
36511.0/37230.0 days/days; walltime: 1.2
36512.0/37230.0 days/days; walltime: 1.3
36513.0/37230.0 days/days; walltime: 1.1
36514.0/37230.0 days/days; walltime: 1.1
36515.0/37230.0 days/days; walltime: 1.0
36516.0/37230.0 days/days; walltime: 2.3
36517.0/37230.0 days/days; walltime: 0.8
36518.0/37230.0 days/days; walltime: 0.5
36519.0/37230.0 days/days; walltime: 0.7
36520.0/37230.0 days/days; walltime: 0.7
36521.0/37230.0 days/days; walltime: 0.7
36522.0/37230.0 days/days; walltime: 0.6
36523.0/37230.0 days/days; walltime: 0.6
36524.0/37230.0 days/days; walltime: 0.6
36525.0/37230.0 days/days; walltime: 0.7
36526.0/37230.0 days/days; walltime: 0.5
36527.0/37230.0 days/days; walltime: 0.5
36528.0/37230.0 days/days; walltime: 0.5
36529.0/37230.0 days/days; walltime: 0.5
36530.0/37230.0 days/days; walltime: 2.0
36531.0/37230.0 days/days; walltime: 0.5
36532.0/37230.0 days/days; walltime: 0.3
36533.0/37230.0 days/days; walltime: 0.5
36534.0/37230.0 days/days; walltime: 0.3
36535.0/37230.0 days/days; walltime: 0.3
36536.0/37230.0 days/days; walltime: 0.3
36537.0/37230.0 days/days; walltime: 0.4
36538.0/37230.0 days/days; walltime: 0.1
36539.0/37230.0 days/days; walltime: 0.3
36540.0/37230.0 days/days; walltime: 0.3
36541.0/37230.0 days/days; walltime: 0.1
36542.0/37230.0 days/days; walltime: 0.3
36543.0/37230.0 days/days; walltime: 0.4
36544.0/37230.0 days/days; walltime: 0.1
36545.0/37230.0 days/days; walltime: 0.4
36546.0/37230.0 days/days; walltime: 0.4
36547.0/37230.0 days/days; walltime: 0.1
36548.0/37230.0 days/days; walltime: 0.3
36549.0/37230.0 days/days; walltime: 0.4
36550.0/37230.0 days/days; walltime: 0.2
36551.0/37230.0 days/days; walltime: 0.3
36552.0/37230.0 days/days; walltime: 0.2
36553.0/37230.0 days/days; walltime: 0.4
36554.0/37230.0 days/days; walltime: 0.2
36555.0/37230.0 days/days; walltime: 0.3
36556.0/37230.0 days/days; walltime: 0.2
36557.0/37230.0 days/days; walltime: 0.3
36558.0/37230.0 days/days; walltime: 0.2
36559.0/37230.0 days/days; walltime: 0.3
36560.0/37230.0 days/days; walltime: 0.2
36561.0/37230.0 days/days; walltime: 0.3
36562.0/37230.0 days/days; walltime: 1.8
36563.0/37230.0 days/days; walltime: 0.3
36564.0/37230.0 days/days; walltime: 0.0
36565.0/37230.0 days/days; walltime: 0.3
36566.0/37230.0 days/days; walltime: 0.1
36567.0/37230.0 days/days; walltime: 0.3
36568.0/37230.0 days/days; walltime: 0.1
36569.0/37230.0 days/days; walltime: 0.0
36570.0/37230.0 days/days; walltime: 0.3
36571.0/37230.0 days/days; walltime: 0.1
36572.0/37230.0 days/days; walltime: 0.2
36573.0/37230.0 days/days; walltime: 0.1
36574.0/37230.0 days/days; walltime: 0.3
36575.0/37230.0 days/days; walltime: 0.0
36576.0/37230.0 days/days; walltime: 0.1
36577.0/37230.0 days/days; walltime: 0.2
36578.0/37230.0 days/days; walltime: 0.1
36579.0/37230.0 days/days; walltime: 0.0
36580.0/37230.0 days/days; walltime: 0.3
36581.0/37230.0 days/days; walltime: 0.0
36582.0/37230.0 days/days; walltime: 0.3
36583.0/37230.0 days/days; walltime: 0.0
36584.0/37230.0 days/days; walltime: 0.0
36585.0/37230.0 days/days; walltime: 0.3
36586.0/37230.0 days/days; walltime: 0.0
36587.0/37230.0 days/days; walltime: 0.0
36588.0/37230.0 days/days; walltime: 0.3
36589.0/37230.0 days/days; walltime: 0.0
36590.0/37230.0 days/days; walltime: 0.0
36591.0/37230.0 days/days; walltime: 0.3
36592.0/37230.0 days/days; walltime: 0.0
36593.0/37230.0 days/days; walltime: 0.0
36594.0/37230.0 days/days; walltime: 0.0
36595.0/37230.0 days/days; walltime: 0.3
36596.0/37230.0 days/days; walltime: 0.0
36597.0/37230.0 days/days; walltime: 0.0
36598.0/37230.0 days/days; walltime: 0.2
36599.0/37230.0 days/days; walltime: 0.0
36600.0/37230.0 days/days; walltime: 0.1
36601.0/37230.0 days/days; walltime: 0.2
36602.0/37230.0 days/days; walltime: 0.0
36603.0/37230.0 days/days; walltime: 0.0
36604.0/37230.0 days/days; walltime: 0.0
36605.0/37230.0 days/days; walltime: 0.2
36606.0/37230.0 days/days; walltime: 0.1
36607.0/37230.0 days/days; walltime: 0.2
36608.0/37230.0 days/days; walltime: 0.2
36609.0/37230.0 days/days; walltime: 0.0
36610.0/37230.0 days/days; walltime: 0.0
36611.0/37230.0 days/days; walltime: 0.0
36612.0/37230.0 days/days; walltime: 0.2
36613.0/37230.0 days/days; walltime: 0.1
36614.0/37230.0 days/days; walltime: 0.1
36615.0/37230.0 days/days; walltime: 2.4
36616.0/37230.0 days/days; walltime: 2.2
36617.0/37230.0 days/days; walltime: 4.2
36618.0/37230.0 days/days; walltime: 6.3
36619.0/37230.0 days/days; walltime: 7.0
36620.0/37230.0 days/days; walltime: 8.5
36621.0/37230.0 days/days; walltime: 8.7
36622.0/37230.0 days/days; walltime: 11.6
36623.0/37230.0 days/days; walltime: 14.3
36624.0/37230.0 days/days; walltime: 25.9
36625.0/37230.0 days/days; walltime: 22.2
36626.0/37230.0 days/days; walltime: 26.0
36627.0/37230.0 days/days; walltime: 31.2
36628.0/37230.0 days/days; walltime: 26.6
36629.0/37230.0 days/days; walltime: 20.3
36630.0/37230.0 days/days; walltime: 37.7
36631.0/37230.0 days/days; walltime: 41.3
36632.0/37230.0 days/days; walltime: 54.8
36633.0/37230.0 days/days; walltime: 46.2
36634.0/37230.0 days/days; walltime: 40.9
36635.0/37230.0 days/days; walltime: 32.0
36636.0/37230.0 days/days; walltime: 31.0
36637.0/37230.0 days/days; walltime: 34.0
36638.0/37230.0 days/days; walltime: 47.0
36639.0/37230.0 days/days; walltime: 41.9
36640.0/37230.0 days/days; walltime: 39.7
36641.0/37230.0 days/days; walltime: 41.1
36642.0/37230.0 days/days; walltime: 41.3
36643.0/37230.0 days/days; walltime: 37.8
36644.0/37230.0 days/days; walltime: 46.3
36645.0/37230.0 days/days; walltime: 54.3
36646.0/37230.0 days/days; walltime: 46.2
36647.0/37230.0 days/days; walltime: 42.7
36648.0/37230.0 days/days; walltime: 44.1
36649.0/37230.0 days/days; walltime: 28.3
36650.0/37230.0 days/days; walltime: 37.3
36651.0/37230.0 days/days; walltime: 34.9
36652.0/37230.0 days/days; walltime: 22.3
36653.0/37230.0 days/days; walltime: 30.9
36654.0/37230.0 days/days; walltime: 25.3
36655.0/37230.0 days/days; walltime: 19.5
36656.0/37230.0 days/days; walltime: 18.8
36657.0/37230.0 days/days; walltime: 26.7
36658.0/37230.0 days/days; walltime: 28.1
36659.0/37230.0 days/days; walltime: 24.7
36660.0/37230.0 days/days; walltime: 16.9
36661.0/37230.0 days/days; walltime: 32.3
36662.0/37230.0 days/days; walltime: 21.2
36663.0/37230.0 days/days; walltime: 29.5
36664.0/37230.0 days/days; walltime: 18.7
36665.0/37230.0 days/days; walltime: 20.6
36666.0/37230.0 days/days; walltime: 15.8
36667.0/37230.0 days/days; walltime: 20.4
36668.0/37230.0 days/days; walltime: 24.6
36669.0/37230.0 days/days; walltime: 16.8
36670.0/37230.0 days/days; walltime: 15.9
36671.0/37230.0 days/days; walltime: 13.0
36672.0/37230.0 days/days; walltime: 16.7
36673.0/37230.0 days/days; walltime: 25.8
36674.0/37230.0 days/days; walltime: 6.6
36675.0/37230.0 days/days; walltime: 8.0
36676.0/37230.0 days/days; walltime: 16.1
36677.0/37230.0 days/days; walltime: 11.0
36678.0/37230.0 days/days; walltime: 12.1
36679.0/37230.0 days/days; walltime: 9.6
36680.0/37230.0 days/days; walltime: 8.1
36681.0/37230.0 days/days; walltime: 9.3
36682.0/37230.0 days/days; walltime: 8.6
36683.0/37230.0 days/days; walltime: 9.2
36684.0/37230.0 days/days; walltime: 3.3
36685.0/37230.0 days/days; walltime: 10.3
36686.0/37230.0 days/days; walltime: 7.5
36687.0/37230.0 days/days; walltime: 8.4
36688.0/37230.0 days/days; walltime: 10.1
36689.0/37230.0 days/days; walltime: 1.1
36690.0/37230.0 days/days; walltime: 3.1
36691.0/37230.0 days/days; walltime: 6.4
36692.0/37230.0 days/days; walltime: 4.0
36693.0/37230.0 days/days; walltime: 2.3
36694.0/37230.0 days/days; walltime: 1.9
36695.0/37230.0 days/days; walltime: 3.2
36696.0/37230.0 days/days; walltime: 4.7
36697.0/37230.0 days/days; walltime: 3.1
36698.0/37230.0 days/days; walltime: 7.8
36699.0/37230.0 days/days; walltime: 11.8
36700.0/37230.0 days/days; walltime: 15.5
36701.0/37230.0 days/days; walltime: 9.0
36702.0/37230.0 days/days; walltime: 9.0
36703.0/37230.0 days/days; walltime: 14.0
36704.0/37230.0 days/days; walltime: 3.4
36705.0/37230.0 days/days; walltime: 1.8
36706.0/37230.0 days/days; walltime: 4.6
36707.0/37230.0 days/days; walltime: 4.9
36708.0/37230.0 days/days; walltime: 4.6
36709.0/37230.0 days/days; walltime: 12.3
36710.0/37230.0 days/days; walltime: 10.2
36711.0/37230.0 days/days; walltime: 5.6
36712.0/37230.0 days/days; walltime: 2.6
36713.0/37230.0 days/days; walltime: 6.0
36714.0/37230.0 days/days; walltime: 4.4
36715.0/37230.0 days/days; walltime: 2.6
36716.0/37230.0 days/days; walltime: 3.1
36717.0/37230.0 days/days; walltime: 4.7
36718.0/37230.0 days/days; walltime: 7.0
36719.0/37230.0 days/days; walltime: 2.9
36720.0/37230.0 days/days; walltime: 4.9
36721.0/37230.0 days/days; walltime: 5.6
36722.0/37230.0 days/days; walltime: 5.8
36723.0/37230.0 days/days; walltime: 3.2
36724.0/37230.0 days/days; walltime: 3.5
36725.0/37230.0 days/days; walltime: 4.6
36726.0/37230.0 days/days; walltime: 4.9
36727.0/37230.0 days/days; walltime: 3.4
36728.0/37230.0 days/days; walltime: 4.6
36729.0/37230.0 days/days; walltime: 5.6
36730.0/37230.0 days/days; walltime: 6.0
36731.0/37230.0 days/days; walltime: 3.6
36732.0/37230.0 days/days; walltime: 5.2
36733.0/37230.0 days/days; walltime: 8.1
36734.0/37230.0 days/days; walltime: 5.6
36735.0/37230.0 days/days; walltime: 5.5
36736.0/37230.0 days/days; walltime: 7.0
36737.0/37230.0 days/days; walltime: 5.0
36738.0/37230.0 days/days; walltime: 5.0
36739.0/37230.0 days/days; walltime: 6.3
36740.0/37230.0 days/days; walltime: 7.0
36741.0/37230.0 days/days; walltime: 5.5
36742.0/37230.0 days/days; walltime: 6.6
36743.0/37230.0 days/days; walltime: 7.6
36744.0/37230.0 days/days; walltime: 4.8
36745.0/37230.0 days/days; walltime: 6.1
36746.0/37230.0 days/days; walltime: 4.9
36747.0/37230.0 days/days; walltime: 3.9
36748.0/37230.0 days/days; walltime: 4.9
36749.0/37230.0 days/days; walltime: 3.9
36750.0/37230.0 days/days; walltime: 2.6
36751.0/37230.0 days/days; walltime: 0.8
36752.0/37230.0 days/days; walltime: 0.4
36753.0/37230.0 days/days; walltime: 0.4
36754.0/37230.0 days/days; walltime: 0.4
36755.0/37230.0 days/days; walltime: 0.4
36756.0/37230.0 days/days; walltime: 0.4
36757.0/37230.0 days/days; walltime: 0.3
36758.0/37230.0 days/days; walltime: 0.4
36759.0/37230.0 days/days; walltime: 0.3
36760.0/37230.0 days/days; walltime: 0.1
36761.0/37230.0 days/days; walltime: 0.3
36762.0/37230.0 days/days; walltime: 0.3
36763.0/37230.0 days/days; walltime: 0.3
36764.0/37230.0 days/days; walltime: 0.1
36765.0/37230.0 days/days; walltime: 0.3
36766.0/37230.0 days/days; walltime: 0.3
36767.0/37230.0 days/days; walltime: 0.1
36768.0/37230.0 days/days; walltime: 0.3
36769.0/37230.0 days/days; walltime: 0.1
36770.0/37230.0 days/days; walltime: 0.3
36771.0/37230.0 days/days; walltime: 0.3
36772.0/37230.0 days/days; walltime: 0.1
36773.0/37230.0 days/days; walltime: 0.3
36774.0/37230.0 days/days; walltime: 0.1
36775.0/37230.0 days/days; walltime: 0.3
36776.0/37230.0 days/days; walltime: 0.1
36777.0/37230.0 days/days; walltime: 0.3
36778.0/37230.0 days/days; walltime: 0.1
36779.0/37230.0 days/days; walltime: 0.3
36780.0/37230.0 days/days; walltime: 0.1
36781.0/37230.0 days/days; walltime: 0.3
36782.0/37230.0 days/days; walltime: 0.1
36783.0/37230.0 days/days; walltime: 0.3
36784.0/37230.0 days/days; walltime: 0.2
36785.0/37230.0 days/days; walltime: 0.3
36786.0/37230.0 days/days; walltime: 0.0
36787.0/37230.0 days/days; walltime: 0.3
36788.0/37230.0 days/days; walltime: 0.2
36789.0/37230.0 days/days; walltime: 0.3
36790.0/37230.0 days/days; walltime: 0.2
36791.0/37230.0 days/days; walltime: 0.3
36792.0/37230.0 days/days; walltime: 0.0
36793.0/37230.0 days/days; walltime: 0.1
36794.0/37230.0 days/days; walltime: 0.3
36795.0/37230.0 days/days; walltime: 0.2
36796.0/37230.0 days/days; walltime: 0.2
36797.0/37230.0 days/days; walltime: 0.2
36798.0/37230.0 days/days; walltime: 0.3
36799.0/37230.0 days/days; walltime: 0.1
36800.0/37230.0 days/days; walltime: 0.2
36801.0/37230.0 days/days; walltime: 0.2
36802.0/37230.0 days/days; walltime: 0.2
36803.0/37230.0 days/days; walltime: 0.3
36804.0/37230.0 days/days; walltime: 0.1
36805.0/37230.0 days/days; walltime: 0.2
36806.0/37230.0 days/days; walltime: 0.2
36807.0/37230.0 days/days; walltime: 0.2
36808.0/37230.0 days/days; walltime: 0.1
36809.0/37230.0 days/days; walltime: 0.3
36810.0/37230.0 days/days; walltime: 0.1
36811.0/37230.0 days/days; walltime: 0.1
36812.0/37230.0 days/days; walltime: 0.3
36813.0/37230.0 days/days; walltime: 0.3
36814.0/37230.0 days/days; walltime: 6.4
36815.0/37230.0 days/days; walltime: 0.6
36816.0/37230.0 days/days; walltime: 0.3
36817.0/37230.0 days/days; walltime: 0.3
36818.0/37230.0 days/days; walltime: 0.0
36819.0/37230.0 days/days; walltime: 0.0
36820.0/37230.0 days/days; walltime: 0.1
36821.0/37230.0 days/days; walltime: 0.0
36822.0/37230.0 days/days; walltime: 0.0
36823.0/37230.0 days/days; walltime: 0.0
36824.0/37230.0 days/days; walltime: 0.2
36825.0/37230.0 days/days; walltime: 0.1
36826.0/37230.0 days/days; walltime: 0.0
36827.0/37230.0 days/days; walltime: 0.2
36828.0/37230.0 days/days; walltime: 0.0
36829.0/37230.0 days/days; walltime: 0.0
36830.0/37230.0 days/days; walltime: 0.3
36831.0/37230.0 days/days; walltime: 0.0
36832.0/37230.0 days/days; walltime: 0.0
36833.0/37230.0 days/days; walltime: 0.0
36834.0/37230.0 days/days; walltime: 0.2
36835.0/37230.0 days/days; walltime: 0.0
36836.0/37230.0 days/days; walltime: 0.0
36837.0/37230.0 days/days; walltime: 0.0
36838.0/37230.0 days/days; walltime: 0.2
36839.0/37230.0 days/days; walltime: 0.1
36840.0/37230.0 days/days; walltime: 0.0
36841.0/37230.0 days/days; walltime: 0.2
36842.0/37230.0 days/days; walltime: 0.0
36843.0/37230.0 days/days; walltime: 0.0
36844.0/37230.0 days/days; walltime: 0.0
36845.0/37230.0 days/days; walltime: 0.2
36846.0/37230.0 days/days; walltime: 0.0
36847.0/37230.0 days/days; walltime: 0.0
36848.0/37230.0 days/days; walltime: 0.1
36850.0/37230.0 days/days; walltime: 0.2
36851.0/37230.0 days/days; walltime: 0.0
36852.0/37230.0 days/days; walltime: 0.0
36853.0/37230.0 days/days; walltime: 0.0
36854.0/37230.0 days/days; walltime: 0.2
36855.0/37230.0 days/days; walltime: 0.0
36856.0/37230.0 days/days; walltime: 0.0
36857.0/37230.0 days/days; walltime: 0.0
36858.0/37230.0 days/days; walltime: 0.2
36860.0/37230.0 days/days; walltime: 0.1
36861.0/37230.0 days/days; walltime: 0.1
36862.0/37230.0 days/days; walltime: 0.1
36863.0/37230.0 days/days; walltime: 0.1
36864.0/37230.0 days/days; walltime: 0.1
36865.0/37230.0 days/days; walltime: 0.1
36866.0/37230.0 days/days; walltime: 0.1
36868.0/37230.0 days/days; walltime: 0.1
36869.0/37230.0 days/days; walltime: 0.1
36870.0/37230.0 days/days; walltime: 0.0
36871.0/37230.0 days/days; walltime: 0.0
36872.0/37230.0 days/days; walltime: 0.2
36873.0/37230.0 days/days; walltime: 0.0
36875.0/37230.0 days/days; walltime: 0.0
36876.0/37230.0 days/days; walltime: 0.0
36877.0/37230.0 days/days; walltime: 0.2
36878.0/37230.0 days/days; walltime: 0.0
36879.0/37230.0 days/days; walltime: 0.0
36880.0/37230.0 days/days; walltime: 0.0
36882.0/37230.0 days/days; walltime: 0.2
36883.0/37230.0 days/days; walltime: 0.0
36884.0/37230.0 days/days; walltime: 0.0
36885.0/37230.0 days/days; walltime: 0.0
36886.0/37230.0 days/days; walltime: 0.2
36888.0/37230.0 days/days; walltime: 0.0
36889.0/37230.0 days/days; walltime: 0.0
36890.0/37230.0 days/days; walltime: 0.0
36891.0/37230.0 days/days; walltime: 0.2
36893.0/37230.0 days/days; walltime: 0.0
36894.0/37230.0 days/days; walltime: 0.0
36895.0/37230.0 days/days; walltime: 0.0
36896.0/37230.0 days/days; walltime: 0.2
36898.0/37230.0 days/days; walltime: 0.0
36899.0/37230.0 days/days; walltime: 0.0
36900.0/37230.0 days/days; walltime: 0.0
36901.0/37230.0 days/days; walltime: 0.2
36903.0/37230.0 days/days; walltime: 0.0
36904.0/37230.0 days/days; walltime: 0.0
36905.0/37230.0 days/days; walltime: 0.0
36907.0/37230.0 days/days; walltime: 0.2
36908.0/37230.0 days/days; walltime: 0.0
36909.0/37230.0 days/days; walltime: 0.0
36911.0/37230.0 days/days; walltime: 0.0
36912.0/37230.0 days/days; walltime: 0.2
36913.0/37230.0 days/days; walltime: 0.0
36915.0/37230.0 days/days; walltime: 0.0
36916.0/37230.0 days/days; walltime: 0.0
36918.0/37230.0 days/days; walltime: 0.2
36919.0/37230.0 days/days; walltime: 0.0
36920.0/37230.0 days/days; walltime: 0.0
36922.0/37230.0 days/days; walltime: 0.0
36923.0/37230.0 days/days; walltime: 0.2
36925.0/37230.0 days/days; walltime: 0.1
36926.0/37230.0 days/days; walltime: 0.1
36927.0/37230.0 days/days; walltime: 0.1
36929.0/37230.0 days/days; walltime: 0.2
36930.0/37230.0 days/days; walltime: 0.1
36932.0/37230.0 days/days; walltime: 0.1
36933.0/37230.0 days/days; walltime: 0.1
36935.0/37230.0 days/days; walltime: 0.2
36936.0/37230.0 days/days; walltime: 0.1
36938.0/37230.0 days/days; walltime: 0.1
36939.0/37230.0 days/days; walltime: 0.1
36941.0/37230.0 days/days; walltime: 0.2
36942.0/37230.0 days/days; walltime: 0.1
36944.0/37230.0 days/days; walltime: 0.1
36946.0/37230.0 days/days; walltime: 0.1
36947.0/37230.0 days/days; walltime: 0.2
36949.0/37230.0 days/days; walltime: 0.1
36950.0/37230.0 days/days; walltime: 0.1
36952.0/37230.0 days/days; walltime: 0.1
36953.0/37230.0 days/days; walltime: 0.2
36955.0/37230.0 days/days; walltime: 0.1
36957.0/37230.0 days/days; walltime: 0.1
36958.0/37230.0 days/days; walltime: 0.1
36960.0/37230.0 days/days; walltime: 0.2
36962.0/37230.0 days/days; walltime: 0.1
36963.0/37230.0 days/days; walltime: 0.1
36965.0/37230.0 days/days; walltime: 0.1
36967.0/37230.0 days/days; walltime: 0.2
36969.0/37230.0 days/days; walltime: 1.7
36970.0/37230.0 days/days; walltime: 0.0
36972.0/37230.0 days/days; walltime: 0.0
36974.0/37230.0 days/days; walltime: 0.2
36976.0/37230.0 days/days; walltime: 0.1
36977.0/37230.0 days/days; walltime: 0.1
-36979.0/37230.0 days/days; walltime: 0.3
36980.0/37230.0 days/days; walltime: 0.3
36981.0/37230.0 days/days; walltime: 5.1
36982.0/37230.0 days/days; walltime: 4.7
36983.0/37230.0 days/days; walltime: 7.8
36984.0/37230.0 days/days; walltime: 7.8
36985.0/37230.0 days/days; walltime: 8.9
36986.0/37230.0 days/days; walltime: 11.6
36987.0/37230.0 days/days; walltime: 16.0
36988.0/37230.0 days/days; walltime: 18.8
36989.0/37230.0 days/days; walltime: 24.2
36990.0/37230.0 days/days; walltime: 26.7
36991.0/37230.0 days/days; walltime: 18.1
36992.0/37230.0 days/days; walltime: 39.7
36993.0/37230.0 days/days; walltime: 30.6
36994.0/37230.0 days/days; walltime: 26.5
36995.0/37230.0 days/days; walltime: 38.9
36996.0/37230.0 days/days; walltime: 43.1
36997.0/37230.0 days/days; walltime: 43.1
36998.0/37230.0 days/days; walltime: 36.8
36999.0/37230.0 days/days; walltime: 38.8
37000.0/37230.0 days/days; walltime: 32.7
37001.0/37230.0 days/days; walltime: 28.7
37002.0/37230.0 days/days; walltime: 19.5
37003.0/37230.0 days/days; walltime: 30.9
37004.0/37230.0 days/days; walltime: 36.8
37005.0/37230.0 days/days; walltime: 41.1
37006.0/37230.0 days/days; walltime: 30.9
37007.0/37230.0 days/days; walltime: 27.7
37008.0/37230.0 days/days; walltime: 31.3
37009.0/37230.0 days/days; walltime: 24.3
37010.0/37230.0 days/days; walltime: 35.4
37011.0/37230.0 days/days; walltime: 28.8
37012.0/37230.0 days/days; walltime: 25.1
37013.0/37230.0 days/days; walltime: 24.7
37014.0/37230.0 days/days; walltime: 32.8
37015.0/37230.0 days/days; walltime: 28.7
37016.0/37230.0 days/days; walltime: 26.4
37017.0/37230.0 days/days; walltime: 25.1
37018.0/37230.0 days/days; walltime: 30.2
37019.0/37230.0 days/days; walltime: 17.1
37020.0/37230.0 days/days; walltime: 24.0
37021.0/37230.0 days/days; walltime: 18.4
37022.0/37230.0 days/days; walltime: 17.6
37023.0/37230.0 days/days; walltime: 12.9
37024.0/37230.0 days/days; walltime: 15.1
37025.0/37230.0 days/days; walltime: 13.6
37026.0/37230.0 days/days; walltime: 18.6
37027.0/37230.0 days/days; walltime: 24.4
37028.0/37230.0 days/days; walltime: 14.5
37029.0/37230.0 days/days; walltime: 14.8
37030.0/37230.0 days/days; walltime: 15.1
37031.0/37230.0 days/days; walltime: 15.8
37032.0/37230.0 days/days; walltime: 15.4
37033.0/37230.0 days/days; walltime: 9.6
37034.0/37230.0 days/days; walltime: 10.6
37035.0/37230.0 days/days; walltime: 12.0
37036.0/37230.0 days/days; walltime: 13.8
37037.0/37230.0 days/days; walltime: 19.2
37038.0/37230.0 days/days; walltime: 9.8
37039.0/37230.0 days/days; walltime: 11.3
37040.0/37230.0 days/days; walltime: 11.6
37041.0/37230.0 days/days; walltime: 11.8
37042.0/37230.0 days/days; walltime: 10.2
37043.0/37230.0 days/days; walltime: 10.0
37044.0/37230.0 days/days; walltime: 17.9
37045.0/37230.0 days/days; walltime: 11.6
37046.0/37230.0 days/days; walltime: 7.2
37047.0/37230.0 days/days; walltime: 6.4
37048.0/37230.0 days/days; walltime: 4.2
37049.0/37230.0 days/days; walltime: 16.9
37050.0/37230.0 days/days; walltime: 6.5
37051.0/37230.0 days/days; walltime: 4.1
37052.0/37230.0 days/days; walltime: 2.1
37053.0/37230.0 days/days; walltime: 4.8
37054.0/37230.0 days/days; walltime: 1.7
37055.0/37230.0 days/days; walltime: 6.1
37056.0/37230.0 days/days; walltime: 1.5
37057.0/37230.0 days/days; walltime: 2.1
37058.0/37230.0 days/days; walltime: 2.2
37059.0/37230.0 days/days; walltime: 5.1
37060.0/37230.0 days/days; walltime: 3.1
37061.0/37230.0 days/days; walltime: 3.5
37062.0/37230.0 days/days; walltime: 4.6
37063.0/37230.0 days/days; walltime: 4.7
37064.0/37230.0 days/days; walltime: 6.0
37065.0/37230.0 days/days; walltime: 11.1
37066.0/37230.0 days/days; walltime: 3.4
37067.0/37230.0 days/days; walltime: 0.9
37068.0/37230.0 days/days; walltime: 7.5
37069.0/37230.0 days/days; walltime: 1.5
37070.0/37230.0 days/days; walltime: 5.0
37071.0/37230.0 days/days; walltime: 4.7
37072.0/37230.0 days/days; walltime: 3.4
37073.0/37230.0 days/days; walltime: 3.5
37074.0/37230.0 days/days; walltime: 16.0
37075.0/37230.0 days/days; walltime: 8.2
37076.0/37230.0 days/days; walltime: 19.0
37077.0/37230.0 days/days; walltime: 11.5
37078.0/37230.0 days/days; walltime: 5.6
37079.0/37230.0 days/days; walltime: 6.1
37080.0/37230.0 days/days; walltime: 5.5
37081.0/37230.0 days/days; walltime: 5.7
37082.0/37230.0 days/days; walltime: 8.8
37083.0/37230.0 days/days; walltime: 15.5
37084.0/37230.0 days/days; walltime: 4.5
37085.0/37230.0 days/days; walltime: 4.1
37086.0/37230.0 days/days; walltime: 5.2
37087.0/37230.0 days/days; walltime: 5.3
37088.0/37230.0 days/days; walltime: 3.1
37089.0/37230.0 days/days; walltime: 3.7
37090.0/37230.0 days/days; walltime: 4.4
37091.0/37230.0 days/days; walltime: 5.3
37092.0/37230.0 days/days; walltime: 3.0
37093.0/37230.0 days/days; walltime: 4.3
37094.0/37230.0 days/days; walltime: 4.2
37095.0/37230.0 days/days; walltime: 5.3
37096.0/37230.0 days/days; walltime: 3.5
37097.0/37230.0 days/days; walltime: 5.2
37098.0/37230.0 days/days; walltime: 5.6
37099.0/37230.0 days/days; walltime: 6.9
37100.0/37230.0 days/days; walltime: 5.7
37101.0/37230.0 days/days; walltime: 5.0
37102.0/37230.0 days/days; walltime: 7.8
37103.0/37230.0 days/days; walltime: 5.2
37104.0/37230.0 days/days; walltime: 6.1
37105.0/37230.0 days/days; walltime: 7.5
37106.0/37230.0 days/days; walltime: 5.8
37107.0/37230.0 days/days; walltime: 5.7
37108.0/37230.0 days/days; walltime: 7.8
37109.0/37230.0 days/days; walltime: 4.9
37110.0/37230.0 days/days; walltime: 4.1
37111.0/37230.0 days/days; walltime: 11.3
37112.0/37230.0 days/days; walltime: 5.3
37113.0/37230.0 days/days; walltime: 4.7
37114.0/37230.0 days/days; walltime: 2.3
37115.0/37230.0 days/days; walltime: 2.7
37116.0/37230.0 days/days; walltime: 0.6
37117.0/37230.0 days/days; walltime: 0.4
37118.0/37230.0 days/days; walltime: 0.3
37119.0/37230.0 days/days; walltime: 0.3
37120.0/37230.0 days/days; walltime: 0.3
37121.0/37230.0 days/days; walltime: 0.3
37122.0/37230.0 days/days; walltime: 0.3
37123.0/37230.0 days/days; walltime: 0.3
37124.0/37230.0 days/days; walltime: 0.3
37125.0/37230.0 days/days; walltime: 0.3
37126.0/37230.0 days/days; walltime: 0.1
37127.0/37230.0 days/days; walltime: 0.3
37128.0/37230.0 days/days; walltime: 0.3
37129.0/37230.0 days/days; walltime: 0.1
37130.0/37230.0 days/days; walltime: 0.3
37131.0/37230.0 days/days; walltime: 0.3
37132.0/37230.0 days/days; walltime: 0.1
37133.0/37230.0 days/days; walltime: 0.2
37134.0/37230.0 days/days; walltime: 0.3
37135.0/37230.0 days/days; walltime: 0.1
37136.0/37230.0 days/days; walltime: 0.2
37137.0/37230.0 days/days; walltime: 0.2
37138.0/37230.0 days/days; walltime: 0.3
37139.0/37230.0 days/days; walltime: 0.1
37140.0/37230.0 days/days; walltime: 0.3
37141.0/37230.0 days/days; walltime: 0.1
37142.0/37230.0 days/days; walltime: 0.3
37143.0/37230.0 days/days; walltime: 0.2
37144.0/37230.0 days/days; walltime: 0.3
37145.0/37230.0 days/days; walltime: 0.1
37146.0/37230.0 days/days; walltime: 0.3
37147.0/37230.0 days/days; walltime: 0.2
37148.0/37230.0 days/days; walltime: 0.3
37149.0/37230.0 days/days; walltime: 0.2
37150.0/37230.0 days/days; walltime: 0.3
37151.0/37230.0 days/days; walltime: 0.2
37152.0/37230.0 days/days; walltime: 0.1
37153.0/37230.0 days/days; walltime: 0.3
37154.0/37230.0 days/days; walltime: 0.2
37155.0/37230.0 days/days; walltime: 0.3
37156.0/37230.0 days/days; walltime: 0.1
37157.0/37230.0 days/days; walltime: 0.3
37158.0/37230.0 days/days; walltime: 0.2
37159.0/37230.0 days/days; walltime: 0.1
37160.0/37230.0 days/days; walltime: 0.3
37161.0/37230.0 days/days; walltime: 0.2
37162.0/37230.0 days/days; walltime: 0.2
37163.0/37230.0 days/days; walltime: 0.2
37164.0/37230.0 days/days; walltime: 0.3
37165.0/37230.0 days/days; walltime: 0.1
37166.0/37230.0 days/days; walltime: 0.2
37167.0/37230.0 days/days; walltime: 0.3
37168.0/37230.0 days/days; walltime: 0.2
37169.0/37230.0 days/days; walltime: 0.1
37170.0/37230.0 days/days; walltime: 0.3
37171.0/37230.0 days/days; walltime: 0.1
37172.0/37230.0 days/days; walltime: 0.3
37173.0/37230.0 days/days; walltime: 0.1
37174.0/37230.0 days/days; walltime: 0.1
37175.0/37230.0 days/days; walltime: 0.3
37176.0/37230.0 days/days; walltime: 0.1
37177.0/37230.0 days/days; walltime: 0.2
37178.0/37230.0 days/days; walltime: 0.2
37179.0/37230.0 days/days; walltime: 1.6
37180.0/37230.0 days/days; walltime: 9.3
37181.0/37230.0 days/days; walltime: 0.4
37182.0/37230.0 days/days; walltime: 0.3
37183.0/37230.0 days/days; walltime: 0.1
37184.0/37230.0 days/days; walltime: 0.2
37185.0/37230.0 days/days; walltime: 0.2
37186.0/37230.0 days/days; walltime: 0.0
37187.0/37230.0 days/days; walltime: 0.0
37188.0/37230.0 days/days; walltime: 0.0
37189.0/37230.0 days/days; walltime: 0.3
37190.0/37230.0 days/days; walltime: 0.1
37191.0/37230.0 days/days; walltime: 0.1
37192.0/37230.0 days/days; walltime: 0.2
37193.0/37230.0 days/days; walltime: 0.1
37194.0/37230.0 days/days; walltime: 0.1
37195.0/37230.0 days/days; walltime: 0.3
37196.0/37230.0 days/days; walltime: 0.1
37197.0/37230.0 days/days; walltime: 0.1
37198.0/37230.0 days/days; walltime: 0.1
37199.0/37230.0 days/days; walltime: 0.2
37200.0/37230.0 days/days; walltime: 0.0
37201.0/37230.0 days/days; walltime: 0.0
37202.0/37230.0 days/days; walltime: 0.0
37203.0/37230.0 days/days; walltime: 0.2
37204.0/37230.0 days/days; walltime: 0.1
37205.0/37230.0 days/days; walltime: 0.1
37206.0/37230.0 days/days; walltime: 0.1
37207.0/37230.0 days/days; walltime: 0.2
37208.0/37230.0 days/days; walltime: 0.1
37209.0/37230.0 days/days; walltime: 0.1
37210.0/37230.0 days/days; walltime: 0.1
37211.0/37230.0 days/days; walltime: 0.2
37212.0/37230.0 days/days; walltime: 0.0
37213.0/37230.0 days/days; walltime: 0.0
37214.0/37230.0 days/days; walltime: 0.0
37215.0/37230.0 days/days; walltime: 0.2
37216.0/37230.0 days/days; walltime: 0.1
37217.0/37230.0 days/days; walltime: 0.1
37218.0/37230.0 days/days; walltime: 0.1
37219.0/37230.0 days/days; walltime: 0.2
37220.0/37230.0 days/days; walltime: 0.1
37221.0/37230.0 days/days; walltime: 0.1
37222.0/37230.0 days/days; walltime: 0.1
37224.0/37230.0 days/days; walltime: 0.2
37225.0/37230.0 days/days; walltime: 0.1
37226.0/37230.0 days/days; walltime: 0.1
37227.0/37230.0 days/days; walltime: 0.1
37228.0/37230.0 days/days; walltime: 0.2
37229.0/37230.0 days/days; walltime: 0.0
37230.0/37230.0 days/days; walltime: 1.7
Wallclock for model run: 4134.6s
 

fields = 

  struct with fields:

    nodes: [1x1 struct]
    edges: [1x1 struct]
       BC: [1x1 struct]

No cases left; exiting.
