Case 4:
Picked up JAVA_TOOL_OPTIONS: -Xmx2g
Opening log file:  /tmp/java.log.30063

                            < M A T L A B (R) >
                  Copyright 1984-2022 The MathWorks, Inc.
                  R2022a (9.12.0.1884302) 64-bit (glnxa64)
                             February 16, 2022

 
To get started, type doc.
For product information, visit www.mathworks.com.
 

config = 

  struct with fields:

                 k_s: 0.1000
                 l_c: 10
            n_moulin: 68
    creep_const_soft: 0
             mesh_nr: 4
                 e_v: 1.0000e-04
                 k_c: 0.2000
               h_bed: 0.5000
               l_bed: 10
               alpha: 1.2500
                beta: 1.5000
               omega: 5.0000e-04

Running model run (ode15s):
Run to steady
Saving model run to
./RUN/output_204_steady.nc
Fields, IC & BC initialised
Initial phi calculated in 1.3s
0.0/36500.0 days/days; walltime: 19.0
----------------------------------------------1825.0/36500.0 days/days; walltime: 150.8
3650.0/36500.0 days/days; walltime: 2.9
5475.0/36500.0 days/days; walltime: 1.2
7300.0/36500.0 days/days; walltime: 0.8
---------------9125.0/36500.0 days/days; walltime: 10.2
10950.0/36500.0 days/days; walltime: 925.6
12775.0/36500.0 days/days; walltime: 404.3
14600.0/36500.0 days/days; walltime: 332.4
16425.0/36500.0 days/days; walltime: 146.6
18250.0/36500.0 days/days; walltime: 139.3
20075.0/36500.0 days/days; walltime: 41.9
21900.0/36500.0 days/days; walltime: 9.0
23725.0/36500.0 days/days; walltime: 5.1
25550.0/36500.0 days/days; walltime: 2.1
27375.0/36500.0 days/days; walltime: 1.1
29200.0/36500.0 days/days; walltime: 0.8
31025.0/36500.0 days/days; walltime: 0.7
32850.0/36500.0 days/days; walltime: 0.6
34675.0/36500.0 days/days; walltime: 0.4
36500.0/36500.0 days/days; walltime: 0.6
Wallclock for model run: 2201.2s
 

fields = 

  struct with fields:

    nodes: [1x1 struct]
    edges: [1x1 struct]
       BC: [1x1 struct]

Running model run (ode15s):
Run seasonal
Saving model run to
./RUN/output_204_seasonal.nc
IC initialised from struct
IC initialised from file/given & rest from parameters and given functions
36500.0/37230.0 days/days; walltime: 13.7
36501.0/37230.0 days/days; walltime: 53.6
36502.0/37230.0 days/days; walltime: 13.3
36503.0/37230.0 days/days; walltime: 18.7
36504.0/37230.0 days/days; walltime: 20.0
36505.0/37230.0 days/days; walltime: 20.3
36506.0/37230.0 days/days; walltime: 14.0
36507.0/37230.0 days/days; walltime: 9.4
36508.0/37230.0 days/days; walltime: 4.1
36509.0/37230.0 days/days; walltime: 2.4
36510.0/37230.0 days/days; walltime: 2.5
36511.0/37230.0 days/days; walltime: 2.6
36512.0/37230.0 days/days; walltime: 2.2
36513.0/37230.0 days/days; walltime: 5.2
36514.0/37230.0 days/days; walltime: 1.9
36515.0/37230.0 days/days; walltime: 1.8
36516.0/37230.0 days/days; walltime: 40.0
36517.0/37230.0 days/days; walltime: 33.1
36518.0/37230.0 days/days; walltime: 39.1
36519.0/37230.0 days/days; walltime: 1.7
36520.0/37230.0 days/days; walltime: 1.2
36521.0/37230.0 days/days; walltime: 90.8
36522.0/37230.0 days/days; walltime: 1.3
36523.0/37230.0 days/days; walltime: 1.0
36524.0/37230.0 days/days; walltime: 1.0
36525.0/37230.0 days/days; walltime: 1.1
36526.0/37230.0 days/days; walltime: 1.0
36527.0/37230.0 days/days; walltime: 1.0
36528.0/37230.0 days/days; walltime: 1.2
36529.0/37230.0 days/days; walltime: 49.0
36530.0/37230.0 days/days; walltime: 0.9
36531.0/37230.0 days/days; walltime: 0.9
36532.0/37230.0 days/days; walltime: 0.9
36533.0/37230.0 days/days; walltime: 0.9
36534.0/37230.0 days/days; walltime: 0.9
36535.0/37230.0 days/days; walltime: 0.8
36536.0/37230.0 days/days; walltime: 0.9
36537.0/37230.0 days/days; walltime: 0.7
36538.0/37230.0 days/days; walltime: 0.9
36539.0/37230.0 days/days; walltime: 0.7
36540.0/37230.0 days/days; walltime: 0.8
36541.0/37230.0 days/days; walltime: 0.6
36542.0/37230.0 days/days; walltime: 0.8
36543.0/37230.0 days/days; walltime: 0.5
36544.0/37230.0 days/days; walltime: 0.7
36545.0/37230.0 days/days; walltime: 0.6
36546.0/37230.0 days/days; walltime: 0.5
36547.0/37230.0 days/days; walltime: 2.0
36548.0/37230.0 days/days; walltime: 0.2
36549.0/37230.0 days/days; walltime: 0.5
36550.0/37230.0 days/days; walltime: 0.2
36551.0/37230.0 days/days; walltime: 0.4
36552.0/37230.0 days/days; walltime: 0.4
36553.0/37230.0 days/days; walltime: 0.3
36554.0/37230.0 days/days; walltime: 0.4
36555.0/37230.0 days/days; walltime: 0.5
36556.0/37230.0 days/days; walltime: 0.2
36557.0/37230.0 days/days; walltime: 0.4
36558.0/37230.0 days/days; walltime: 0.5
36559.0/37230.0 days/days; walltime: 0.4
36560.0/37230.0 days/days; walltime: 0.4
36561.0/37230.0 days/days; walltime: 0.5
36562.0/37230.0 days/days; walltime: 1.8
36563.0/37230.0 days/days; walltime: 0.4
36564.0/37230.0 days/days; walltime: 0.3
36565.0/37230.0 days/days; walltime: 0.3
36566.0/37230.0 days/days; walltime: 0.3
36567.0/37230.0 days/days; walltime: 0.3
36568.0/37230.0 days/days; walltime: 0.3
36569.0/37230.0 days/days; walltime: 0.3
36570.0/37230.0 days/days; walltime: 0.3
36571.0/37230.0 days/days; walltime: 0.3
36572.0/37230.0 days/days; walltime: 0.3
36573.0/37230.0 days/days; walltime: 0.3
36574.0/37230.0 days/days; walltime: 0.3
36575.0/37230.0 days/days; walltime: 0.2
36576.0/37230.0 days/days; walltime: 0.4
36577.0/37230.0 days/days; walltime: 1.7
36578.0/37230.0 days/days; walltime: 0.3
36579.0/37230.0 days/days; walltime: 0.1
36580.0/37230.0 days/days; walltime: 0.3
36581.0/37230.0 days/days; walltime: 0.3
36582.0/37230.0 days/days; walltime: 0.1
36583.0/37230.0 days/days; walltime: 0.3
36584.0/37230.0 days/days; walltime: 0.3
36585.0/37230.0 days/days; walltime: 0.3
36586.0/37230.0 days/days; walltime: 0.1
36587.0/37230.0 days/days; walltime: 0.3
36588.0/37230.0 days/days; walltime: 0.3
36589.0/37230.0 days/days; walltime: 0.3
36590.0/37230.0 days/days; walltime: 0.1
36591.0/37230.0 days/days; walltime: 1.7
36592.0/37230.0 days/days; walltime: 0.3
36593.0/37230.0 days/days; walltime: 0.3
36594.0/37230.0 days/days; walltime: 0.1
36595.0/37230.0 days/days; walltime: 0.3
36596.0/37230.0 days/days; walltime: 0.3
36597.0/37230.0 days/days; walltime: 0.1
36598.0/37230.0 days/days; walltime: 0.3
36599.0/37230.0 days/days; walltime: 0.3
36600.0/37230.0 days/days; walltime: 0.3
36601.0/37230.0 days/days; walltime: 0.1
36602.0/37230.0 days/days; walltime: 0.2
36603.0/37230.0 days/days; walltime: 0.3
36604.0/37230.0 days/days; walltime: 0.1
36605.0/37230.0 days/days; walltime: 0.4
36606.0/37230.0 days/days; walltime: 1.7
36607.0/37230.0 days/days; walltime: 0.1
36608.0/37230.0 days/days; walltime: 0.3
36609.0/37230.0 days/days; walltime: 0.2
36610.0/37230.0 days/days; walltime: 0.1
36611.0/37230.0 days/days; walltime: 0.2
36612.0/37230.0 days/days; walltime: 0.3
36613.0/37230.0 days/days; walltime: 0.1
36614.0/37230.0 days/days; walltime: 0.2
36615.0/37230.0 days/days; walltime: 1.2
36616.0/37230.0 days/days; walltime: 5.1
36617.0/37230.0 days/days; walltime: 6.0
36618.0/37230.0 days/days; walltime: 6.2
36619.0/37230.0 days/days; walltime: 6.9
36620.0/37230.0 days/days; walltime: 11.8
36621.0/37230.0 days/days; walltime: 9.9
36622.0/37230.0 days/days; walltime: 9.1
36623.0/37230.0 days/days; walltime: 11.1
36624.0/37230.0 days/days; walltime: 8.9
36625.0/37230.0 days/days; walltime: 9.8
36626.0/37230.0 days/days; walltime: 9.1
36627.0/37230.0 days/days; walltime: 9.8
36628.0/37230.0 days/days; walltime: 10.5
36629.0/37230.0 days/days; walltime: 23.8
36630.0/37230.0 days/days; walltime: 11.1
36631.0/37230.0 days/days; walltime: 16.8
36632.0/37230.0 days/days; walltime: 35.4
36633.0/37230.0 days/days; walltime: 33.4
36634.0/37230.0 days/days; walltime: 24.0
36635.0/37230.0 days/days; walltime: 25.8
36636.0/37230.0 days/days; walltime: 26.0
36637.0/37230.0 days/days; walltime: 10.1
36638.0/37230.0 days/days; walltime: 29.6
36639.0/37230.0 days/days; walltime: 7.6
36640.0/37230.0 days/days; walltime: 13.3
36641.0/37230.0 days/days; walltime: 14.9
36642.0/37230.0 days/days; walltime: 17.0
36643.0/37230.0 days/days; walltime: 16.4
36644.0/37230.0 days/days; walltime: 16.2
36645.0/37230.0 days/days; walltime: 11.1
36646.0/37230.0 days/days; walltime: 23.0
36647.0/37230.0 days/days; walltime: 32.6
36648.0/37230.0 days/days; walltime: 21.5
36649.0/37230.0 days/days; walltime: 18.3
36650.0/37230.0 days/days; walltime: 35.0
36651.0/37230.0 days/days; walltime: 32.5
36652.0/37230.0 days/days; walltime: 32.8
36653.0/37230.0 days/days; walltime: 13.8
36654.0/37230.0 days/days; walltime: 59.3
36655.0/37230.0 days/days; walltime: 40.0
36656.0/37230.0 days/days; walltime: 11.8
36657.0/37230.0 days/days; walltime: 33.2
36658.0/37230.0 days/days; walltime: 27.2
36659.0/37230.0 days/days; walltime: 33.5
36660.0/37230.0 days/days; walltime: 31.7
36661.0/37230.0 days/days; walltime: 25.3
36662.0/37230.0 days/days; walltime: 45.1
36663.0/37230.0 days/days; walltime: 28.9
36664.0/37230.0 days/days; walltime: 10.7
36665.0/37230.0 days/days; walltime: 58.0
36666.0/37230.0 days/days; walltime: 39.5
36667.0/37230.0 days/days; walltime: 28.1
36668.0/37230.0 days/days; walltime: 17.8
36669.0/37230.0 days/days; walltime: 55.1
36670.0/37230.0 days/days; walltime: 33.5
36671.0/37230.0 days/days; walltime: 42.1
36672.0/37230.0 days/days; walltime: 10.0
36673.0/37230.0 days/days; walltime: 20.0
36674.0/37230.0 days/days; walltime: 35.2
36675.0/37230.0 days/days; walltime: 24.2
36676.0/37230.0 days/days; walltime: 8.8
36677.0/37230.0 days/days; walltime: 24.7
36678.0/37230.0 days/days; walltime: 8.9
36679.0/37230.0 days/days; walltime: 14.7
36680.0/37230.0 days/days; walltime: 13.8
36681.0/37230.0 days/days; walltime: 21.5
36682.0/37230.0 days/days; walltime: 17.2
36683.0/37230.0 days/days; walltime: 5.3
36684.0/37230.0 days/days; walltime: 23.6
36685.0/37230.0 days/days; walltime: 9.5
36686.0/37230.0 days/days; walltime: 14.9
36687.0/37230.0 days/days; walltime: 8.7
36688.0/37230.0 days/days; walltime: 34.1
36689.0/37230.0 days/days; walltime: 34.2
36690.0/37230.0 days/days; walltime: 31.6
36691.0/37230.0 days/days; walltime: 18.4
36692.0/37230.0 days/days; walltime: 3.0
36693.0/37230.0 days/days; walltime: 8.7
36694.0/37230.0 days/days; walltime: 8.2
36695.0/37230.0 days/days; walltime: 13.6
36696.0/37230.0 days/days; walltime: 13.5
36697.0/37230.0 days/days; walltime: 10.9
36698.0/37230.0 days/days; walltime: 8.1
36699.0/37230.0 days/days; walltime: 17.3
36700.0/37230.0 days/days; walltime: 9.1
36701.0/37230.0 days/days; walltime: 7.8
36702.0/37230.0 days/days; walltime: 12.3
36703.0/37230.0 days/days; walltime: 6.5
36704.0/37230.0 days/days; walltime: 13.9
36705.0/37230.0 days/days; walltime: 6.5
36706.0/37230.0 days/days; walltime: 2.5
36707.0/37230.0 days/days; walltime: 26.2
36708.0/37230.0 days/days; walltime: 17.0
36709.0/37230.0 days/days; walltime: 5.8
36710.0/37230.0 days/days; walltime: 33.8
36711.0/37230.0 days/days; walltime: 18.0
36712.0/37230.0 days/days; walltime: 5.9
36713.0/37230.0 days/days; walltime: 25.1
36714.0/37230.0 days/days; walltime: 16.0
36715.0/37230.0 days/days; walltime: 9.1
36716.0/37230.0 days/days; walltime: 5.3
36717.0/37230.0 days/days; walltime: 14.7
36718.0/37230.0 days/days; walltime: 5.2
36719.0/37230.0 days/days; walltime: 7.9
36720.0/37230.0 days/days; walltime: 11.3
36721.0/37230.0 days/days; walltime: 12.3
36722.0/37230.0 days/days; walltime: 12.1
36723.0/37230.0 days/days; walltime: 7.7
36724.0/37230.0 days/days; walltime: 11.2
36725.0/37230.0 days/days; walltime: 6.7
36726.0/37230.0 days/days; walltime: 6.3
36727.0/37230.0 days/days; walltime: 8.7
36728.0/37230.0 days/days; walltime: 7.9
36729.0/37230.0 days/days; walltime: 7.8
36730.0/37230.0 days/days; walltime: 7.3
36731.0/37230.0 days/days; walltime: 8.1
36732.0/37230.0 days/days; walltime: 9.3
36733.0/37230.0 days/days; walltime: 8.5
36734.0/37230.0 days/days; walltime: 9.3
36735.0/37230.0 days/days; walltime: 8.4
36736.0/37230.0 days/days; walltime: 8.5
36737.0/37230.0 days/days; walltime: 9.5
36738.0/37230.0 days/days; walltime: 8.5
36739.0/37230.0 days/days; walltime: 8.7
36740.0/37230.0 days/days; walltime: 7.9
36741.0/37230.0 days/days; walltime: 8.9
36742.0/37230.0 days/days; walltime: 9.4
36743.0/37230.0 days/days; walltime: 8.9
36744.0/37230.0 days/days; walltime: 6.5
36745.0/37230.0 days/days; walltime: 15.9
36746.0/37230.0 days/days; walltime: 7.7
36747.0/37230.0 days/days; walltime: 26.8
36748.0/37230.0 days/days; walltime: 7.2
36749.0/37230.0 days/days; walltime: 6.1
36750.0/37230.0 days/days; walltime: 7.3
36751.0/37230.0 days/days; walltime: 1.4
36752.0/37230.0 days/days; walltime: 1.0
36753.0/37230.0 days/days; walltime: 1.1
36754.0/37230.0 days/days; walltime: 0.9
36755.0/37230.0 days/days; walltime: 1.0
36756.0/37230.0 days/days; walltime: 1.0
36757.0/37230.0 days/days; walltime: 1.1
36758.0/37230.0 days/days; walltime: 1.0
36759.0/37230.0 days/days; walltime: 3.9
36760.0/37230.0 days/days; walltime: 0.8
36761.0/37230.0 days/days; walltime: 0.6
36762.0/37230.0 days/days; walltime: 0.6
36763.0/37230.0 days/days; walltime: 0.6
36764.0/37230.0 days/days; walltime: 0.6
36765.0/37230.0 days/days; walltime: 0.4
36766.0/37230.0 days/days; walltime: 0.6
36767.0/37230.0 days/days; walltime: 0.7
36768.0/37230.0 days/days; walltime: 0.7
36769.0/37230.0 days/days; walltime: 0.7
36770.0/37230.0 days/days; walltime: 0.5
36771.0/37230.0 days/days; walltime: 0.8
36772.0/37230.0 days/days; walltime: 0.8
36773.0/37230.0 days/days; walltime: 0.9
36774.0/37230.0 days/days; walltime: 190.6
36775.0/37230.0 days/days; walltime: 0.8
36776.0/37230.0 days/days; walltime: 0.4
36777.0/37230.0 days/days; walltime: 0.4
36778.0/37230.0 days/days; walltime: 0.5
36779.0/37230.0 days/days; walltime: 0.5
36780.0/37230.0 days/days; walltime: 0.5
36781.0/37230.0 days/days; walltime: 0.4
36782.0/37230.0 days/days; walltime: 0.6
36783.0/37230.0 days/days; walltime: 0.4
36784.0/37230.0 days/days; walltime: 0.5
36785.0/37230.0 days/days; walltime: 0.4
36786.0/37230.0 days/days; walltime: 0.4
36787.0/37230.0 days/days; walltime: 0.5
36788.0/37230.0 days/days; walltime: 0.4
36789.0/37230.0 days/days; walltime: 0.4
36790.0/37230.0 days/days; walltime: 0.4
36791.0/37230.0 days/days; walltime: 0.4
36792.0/37230.0 days/days; walltime: 0.4
36793.0/37230.0 days/days; walltime: 0.4
36794.0/37230.0 days/days; walltime: 0.4
36795.0/37230.0 days/days; walltime: 0.4
36796.0/37230.0 days/days; walltime: 0.4
36797.0/37230.0 days/days; walltime: 1.7
36798.0/37230.0 days/days; walltime: 0.4
36799.0/37230.0 days/days; walltime: 0.4
36800.0/37230.0 days/days; walltime: 0.2
36801.0/37230.0 days/days; walltime: 0.4
36802.0/37230.0 days/days; walltime: 0.4
36803.0/37230.0 days/days; walltime: 0.4
36804.0/37230.0 days/days; walltime: 0.4
36805.0/37230.0 days/days; walltime: 0.2
36806.0/37230.0 days/days; walltime: 0.4
36807.0/37230.0 days/days; walltime: 0.4
36808.0/37230.0 days/days; walltime: 0.2
36809.0/37230.0 days/days; walltime: 0.4
36810.0/37230.0 days/days; walltime: 0.4
36811.0/37230.0 days/days; walltime: 0.2
36812.0/37230.0 days/days; walltime: 0.4
36813.0/37230.0 days/days; walltime: 0.7
36814.0/37230.0 days/days; walltime: 0.2
36815.0/37230.0 days/days; walltime: 0.4
36816.0/37230.0 days/days; walltime: 0.4
36817.0/37230.0 days/days; walltime: 0.4
36818.0/37230.0 days/days; walltime: 0.2
36819.0/37230.0 days/days; walltime: 1.7
36820.0/37230.0 days/days; walltime: 0.4
36821.0/37230.0 days/days; walltime: 0.2
36822.0/37230.0 days/days; walltime: 0.4
36823.0/37230.0 days/days; walltime: 0.2
36824.0/37230.0 days/days; walltime: 0.4
36825.0/37230.0 days/days; walltime: 0.3
36826.0/37230.0 days/days; walltime: 0.1
36827.0/37230.0 days/days; walltime: 0.3
36828.0/37230.0 days/days; walltime: 0.2
36829.0/37230.0 days/days; walltime: 0.1
36830.0/37230.0 days/days; walltime: 0.3
36831.0/37230.0 days/days; walltime: 0.2
36832.0/37230.0 days/days; walltime: 0.1
36833.0/37230.0 days/days; walltime: 0.3
36834.0/37230.0 days/days; walltime: 0.4
36835.0/37230.0 days/days; walltime: 0.2
36836.0/37230.0 days/days; walltime: 0.4
36837.0/37230.0 days/days; walltime: 1.5
36838.0/37230.0 days/days; walltime: 0.3
36839.0/37230.0 days/days; walltime: 0.1
36840.0/37230.0 days/days; walltime: 0.2
36841.0/37230.0 days/days; walltime: 0.1
36842.0/37230.0 days/days; walltime: 0.2
36843.0/37230.0 days/days; walltime: 0.3
36844.0/37230.0 days/days; walltime: 0.1
36845.0/37230.0 days/days; walltime: 0.2
36846.0/37230.0 days/days; walltime: 0.1
36847.0/37230.0 days/days; walltime: 0.2
36848.0/37230.0 days/days; walltime: 0.1
36849.0/37230.0 days/days; walltime: 0.4
36850.0/37230.0 days/days; walltime: 0.3
36851.0/37230.0 days/days; walltime: 0.2
36852.0/37230.0 days/days; walltime: 0.3
36853.0/37230.0 days/days; walltime: 0.2
36854.0/37230.0 days/days; walltime: 0.3
36855.0/37230.0 days/days; walltime: 0.2
36856.0/37230.0 days/days; walltime: 0.3
36857.0/37230.0 days/days; walltime: 1.5
36858.0/37230.0 days/days; walltime: 0.3
36859.0/37230.0 days/days; walltime: 0.2
36860.0/37230.0 days/days; walltime: 0.1
36861.0/37230.0 days/days; walltime: 0.2
36862.0/37230.0 days/days; walltime: 0.2
36863.0/37230.0 days/days; walltime: 0.3
36864.0/37230.0 days/days; walltime: 0.2
36865.0/37230.0 days/days; walltime: 0.3
36866.0/37230.0 days/days; walltime: 0.2
36867.0/37230.0 days/days; walltime: 0.3
36868.0/37230.0 days/days; walltime: 0.2
36869.0/37230.0 days/days; walltime: 0.3
36870.0/37230.0 days/days; walltime: 0.2
36871.0/37230.0 days/days; walltime: 0.3
36872.0/37230.0 days/days; walltime: 0.2
36873.0/37230.0 days/days; walltime: 0.1
36874.0/37230.0 days/days; walltime: 0.3
36875.0/37230.0 days/days; walltime: 0.2
36876.0/37230.0 days/days; walltime: 0.3
36877.0/37230.0 days/days; walltime: 0.1
36878.0/37230.0 days/days; walltime: 0.3
36879.0/37230.0 days/days; walltime: 0.2
36880.0/37230.0 days/days; walltime: 0.3
36881.0/37230.0 days/days; walltime: 0.1
36882.0/37230.0 days/days; walltime: 0.2
36883.0/37230.0 days/days; walltime: 0.3
36884.0/37230.0 days/days; walltime: 0.1
36885.0/37230.0 days/days; walltime: 0.3
36886.0/37230.0 days/days; walltime: 0.1
36887.0/37230.0 days/days; walltime: 0.2
36888.0/37230.0 days/days; walltime: 0.2
36889.0/37230.0 days/days; walltime: 0.2
36890.0/37230.0 days/days; walltime: 0.3
36891.0/37230.0 days/days; walltime: 0.1
36892.0/37230.0 days/days; walltime: 0.2
36893.0/37230.0 days/days; walltime: 0.1
36894.0/37230.0 days/days; walltime: 0.2
36895.0/37230.0 days/days; walltime: 0.0
36896.0/37230.0 days/days; walltime: 0.2
36897.0/37230.0 days/days; walltime: 0.1
36898.0/37230.0 days/days; walltime: 0.2
36899.0/37230.0 days/days; walltime: 0.2
36900.0/37230.0 days/days; walltime: 0.2
36901.0/37230.0 days/days; walltime: 0.1
36902.0/37230.0 days/days; walltime: 1.5
36903.0/37230.0 days/days; walltime: 0.2
36904.0/37230.0 days/days; walltime: 0.1
36905.0/37230.0 days/days; walltime: 0.0
36906.0/37230.0 days/days; walltime: 0.1
36907.0/37230.0 days/days; walltime: 0.0
36908.0/37230.0 days/days; walltime: 0.1
36909.0/37230.0 days/days; walltime: 0.0
36910.0/37230.0 days/days; walltime: 0.1
36911.0/37230.0 days/days; walltime: 0.0
36912.0/37230.0 days/days; walltime: 0.1
36913.0/37230.0 days/days; walltime: 0.0
36914.0/37230.0 days/days; walltime: 0.1
36915.0/37230.0 days/days; walltime: 0.0
36916.0/37230.0 days/days; walltime: 0.1
36917.0/37230.0 days/days; walltime: 0.0
36918.0/37230.0 days/days; walltime: 0.1
36919.0/37230.0 days/days; walltime: 0.0
36920.0/37230.0 days/days; walltime: 0.1
36921.0/37230.0 days/days; walltime: 0.0
36922.0/37230.0 days/days; walltime: 0.1
36923.0/37230.0 days/days; walltime: 0.0
36924.0/37230.0 days/days; walltime: 0.1
36925.0/37230.0 days/days; walltime: 0.0
36926.0/37230.0 days/days; walltime: 0.1
36927.0/37230.0 days/days; walltime: 0.0
36928.0/37230.0 days/days; walltime: 0.1
36929.0/37230.0 days/days; walltime: 0.0
36930.0/37230.0 days/days; walltime: 0.2
36931.0/37230.0 days/days; walltime: 0.0
36932.0/37230.0 days/days; walltime: 0.1
36933.0/37230.0 days/days; walltime: 0.2
36934.0/37230.0 days/days; walltime: 0.1
36935.0/37230.0 days/days; walltime: 0.0
36936.0/37230.0 days/days; walltime: 0.2
36937.0/37230.0 days/days; walltime: 0.0
36938.0/37230.0 days/days; walltime: 0.2
36939.0/37230.0 days/days; walltime: 0.0
36940.0/37230.0 days/days; walltime: 0.0
36941.0/37230.0 days/days; walltime: 0.2
36942.0/37230.0 days/days; walltime: 0.0
36943.0/37230.0 days/days; walltime: 0.1
36944.0/37230.0 days/days; walltime: 0.2
36945.0/37230.0 days/days; walltime: 0.0
36946.0/37230.0 days/days; walltime: 0.1
36947.0/37230.0 days/days; walltime: 0.2
36948.0/37230.0 days/days; walltime: 0.0
36949.0/37230.0 days/days; walltime: 0.1
36950.0/37230.0 days/days; walltime: 0.2
36951.0/37230.0 days/days; walltime: 0.0
36952.0/37230.0 days/days; walltime: 0.1
36953.0/37230.0 days/days; walltime: 0.2
36954.0/37230.0 days/days; walltime: 0.0
36955.0/37230.0 days/days; walltime: 0.1
36956.0/37230.0 days/days; walltime: 0.2
36957.0/37230.0 days/days; walltime: 0.0
36958.0/37230.0 days/days; walltime: 0.0
36959.0/37230.0 days/days; walltime: 0.0
36960.0/37230.0 days/days; walltime: 0.2
36961.0/37230.0 days/days; walltime: 0.0
36962.0/37230.0 days/days; walltime: 0.0
36963.0/37230.0 days/days; walltime: 0.2
36964.0/37230.0 days/days; walltime: 0.1
36965.0/37230.0 days/days; walltime: 0.0
36966.0/37230.0 days/days; walltime: 0.2
36967.0/37230.0 days/days; walltime: 0.0
36968.0/37230.0 days/days; walltime: 0.0
36969.0/37230.0 days/days; walltime: 0.0
36970.0/37230.0 days/days; walltime: 0.2
36971.0/37230.0 days/days; walltime: 0.2
36972.0/37230.0 days/days; walltime: 0.1
36973.0/37230.0 days/days; walltime: 0.2
36974.0/37230.0 days/days; walltime: 0.1
36975.0/37230.0 days/days; walltime: 0.1
36976.0/37230.0 days/days; walltime: 0.1
36977.0/37230.0 days/days; walltime: 0.2
36978.0/37230.0 days/days; walltime: 0.1
36979.0/37230.0 days/days; walltime: 0.1
--36980.0/37230.0 days/days; walltime: 1.5
36981.0/37230.0 days/days; walltime: 12.0
36982.0/37230.0 days/days; walltime: 4.8
36983.0/37230.0 days/days; walltime: 6.5
36984.0/37230.0 days/days; walltime: 7.8
36985.0/37230.0 days/days; walltime: 27.1
36986.0/37230.0 days/days; walltime: 9.3
36987.0/37230.0 days/days; walltime: 9.8
36988.0/37230.0 days/days; walltime: 9.0
36989.0/37230.0 days/days; walltime: 10.1
36990.0/37230.0 days/days; walltime: 9.4
36991.0/37230.0 days/days; walltime: 9.4
36992.0/37230.0 days/days; walltime: 8.7
36993.0/37230.0 days/days; walltime: 9.6
36994.0/37230.0 days/days; walltime: 8.8
36995.0/37230.0 days/days; walltime: 10.1
36996.0/37230.0 days/days; walltime: 10.4
36997.0/37230.0 days/days; walltime: 27.5
36998.0/37230.0 days/days; walltime: 11.4
36999.0/37230.0 days/days; walltime: 25.3
37000.0/37230.0 days/days; walltime: 15.0
37001.0/37230.0 days/days; walltime: 24.7
37002.0/37230.0 days/days; walltime: 23.4
37003.0/37230.0 days/days; walltime: 13.2
37004.0/37230.0 days/days; walltime: 11.2
37005.0/37230.0 days/days; walltime: 14.5
37006.0/37230.0 days/days; walltime: 10.7
37007.0/37230.0 days/days; walltime: 17.0
37008.0/37230.0 days/days; walltime: 9.3
37009.0/37230.0 days/days; walltime: 14.8
37010.0/37230.0 days/days; walltime: 9.9
37011.0/37230.0 days/days; walltime: 15.2
37012.0/37230.0 days/days; walltime: 31.3
37013.0/37230.0 days/days; walltime: 31.8
37014.0/37230.0 days/days; walltime: 19.1
37015.0/37230.0 days/days; walltime: 28.3
37016.0/37230.0 days/days; walltime: 17.6
37017.0/37230.0 days/days; walltime: 44.1
37018.0/37230.0 days/days; walltime: 12.7
37019.0/37230.0 days/days; walltime: 52.8
37020.0/37230.0 days/days; walltime: 20.8
37021.0/37230.0 days/days; walltime: 32.7
37022.0/37230.0 days/days; walltime: 39.1
37023.0/37230.0 days/days; walltime: 13.6
37024.0/37230.0 days/days; walltime: 48.3
37025.0/37230.0 days/days; walltime: 35.7
37026.0/37230.0 days/days; walltime: 23.3
37027.0/37230.0 days/days; walltime: 40.7
37028.0/37230.0 days/days; walltime: 10.5
37029.0/37230.0 days/days; walltime: 26.3
37030.0/37230.0 days/days; walltime: 43.4
37031.0/37230.0 days/days; walltime: 30.0
37032.0/37230.0 days/days; walltime: 25.2
37033.0/37230.0 days/days; walltime: 25.0
37034.0/37230.0 days/days; walltime: 51.2
37035.0/37230.0 days/days; walltime: 43.0
37036.0/37230.0 days/days; walltime: 34.7
37037.0/37230.0 days/days; walltime: 6.0
37038.0/37230.0 days/days; walltime: 26.1
37039.0/37230.0 days/days; walltime: 36.7
37040.0/37230.0 days/days; walltime: 15.7
37041.0/37230.0 days/days; walltime: 5.1
37042.0/37230.0 days/days; walltime: 16.0
37043.0/37230.0 days/days; walltime: 19.8
37044.0/37230.0 days/days; walltime: 19.1
37045.0/37230.0 days/days; walltime: 25.5
37046.0/37230.0 days/days; walltime: 28.4
37047.0/37230.0 days/days; walltime: 10.1
37048.0/37230.0 days/days; walltime: 15.4
37049.0/37230.0 days/days; walltime: 11.9
37050.0/37230.0 days/days; walltime: 8.0
37051.0/37230.0 days/days; walltime: 38.1
37052.0/37230.0 days/days; walltime: 16.7
37053.0/37230.0 days/days; walltime: 31.3
37054.0/37230.0 days/days; walltime: 35.2
37055.0/37230.0 days/days; walltime: 17.0
37056.0/37230.0 days/days; walltime: 19.6
37057.0/37230.0 days/days; walltime: 16.9
37058.0/37230.0 days/days; walltime: 9.7
37059.0/37230.0 days/days; walltime: 7.5
37060.0/37230.0 days/days; walltime: 12.8
37061.0/37230.0 days/days; walltime: 17.1
37062.0/37230.0 days/days; walltime: 3.3
37063.0/37230.0 days/days; walltime: 21.4
37064.0/37230.0 days/days; walltime: 6.0
37065.0/37230.0 days/days; walltime: 6.4
37066.0/37230.0 days/days; walltime: 5.9
37067.0/37230.0 days/days; walltime: 10.4
37068.0/37230.0 days/days; walltime: 13.1
37069.0/37230.0 days/days; walltime: 2.6
37070.0/37230.0 days/days; walltime: 10.6
37071.0/37230.0 days/days; walltime: 7.5
37072.0/37230.0 days/days; walltime: 36.2
37073.0/37230.0 days/days; walltime: 14.2
37074.0/37230.0 days/days; walltime: 2.0
37075.0/37230.0 days/days; walltime: 19.3
37076.0/37230.0 days/days; walltime: 17.7
37077.0/37230.0 days/days; walltime: 4.8
37078.0/37230.0 days/days; walltime: 22.9
37079.0/37230.0 days/days; walltime: 9.5
37080.0/37230.0 days/days; walltime: 8.1
37081.0/37230.0 days/days; walltime: 5.0
37082.0/37230.0 days/days; walltime: 27.7
37083.0/37230.0 days/days; walltime: 6.1
37084.0/37230.0 days/days; walltime: 11.0
37085.0/37230.0 days/days; walltime: 13.7
37086.0/37230.0 days/days; walltime: 8.4
37087.0/37230.0 days/days; walltime: 15.7
37088.0/37230.0 days/days; walltime: 10.1
37089.0/37230.0 days/days; walltime: 14.6
37090.0/37230.0 days/days; walltime: 8.2
37091.0/37230.0 days/days; walltime: 6.7
37092.0/37230.0 days/days; walltime: 8.6
37093.0/37230.0 days/days; walltime: 8.7
37094.0/37230.0 days/days; walltime: 6.6
37095.0/37230.0 days/days; walltime: 8.1
37096.0/37230.0 days/days; walltime: 6.7
37097.0/37230.0 days/days; walltime: 9.5
37098.0/37230.0 days/days; walltime: 8.2
37099.0/37230.0 days/days; walltime: 9.0
37100.0/37230.0 days/days; walltime: 8.5
37101.0/37230.0 days/days; walltime: 9.6
37102.0/37230.0 days/days; walltime: 8.0
37103.0/37230.0 days/days; walltime: 8.3
37104.0/37230.0 days/days; walltime: 9.6
37105.0/37230.0 days/days; walltime: 7.1
37106.0/37230.0 days/days; walltime: 9.0
37107.0/37230.0 days/days; walltime: 8.8
37108.0/37230.0 days/days; walltime: 11.6
37109.0/37230.0 days/days; walltime: 9.0
37110.0/37230.0 days/days; walltime: 15.7
37111.0/37230.0 days/days; walltime: 8.8
37112.0/37230.0 days/days; walltime: 7.4
37113.0/37230.0 days/days; walltime: 8.0
37114.0/37230.0 days/days; walltime: 4.3
37115.0/37230.0 days/days; walltime: 7.2
37116.0/37230.0 days/days; walltime: 1.7
37117.0/37230.0 days/days; walltime: 1.4
37118.0/37230.0 days/days; walltime: 1.3
37119.0/37230.0 days/days; walltime: 11.6
37120.0/37230.0 days/days; walltime: 1.0
37121.0/37230.0 days/days; walltime: 0.8
37122.0/37230.0 days/days; walltime: 0.7
37123.0/37230.0 days/days; walltime: 0.9
37124.0/37230.0 days/days; walltime: 0.9
37125.0/37230.0 days/days; walltime: 0.9
37126.0/37230.0 days/days; walltime: 0.9
37127.0/37230.0 days/days; walltime: 0.8
37128.0/37230.0 days/days; walltime: 4.3
37129.0/37230.0 days/days; walltime: 0.6
37130.0/37230.0 days/days; walltime: 0.4
37131.0/37230.0 days/days; walltime: 0.6
37132.0/37230.0 days/days; walltime: 0.4
37133.0/37230.0 days/days; walltime: 0.6
37134.0/37230.0 days/days; walltime: 0.4
37135.0/37230.0 days/days; walltime: 0.5
37136.0/37230.0 days/days; walltime: 0.4
37137.0/37230.0 days/days; walltime: 0.6
37138.0/37230.0 days/days; walltime: 0.5
37139.0/37230.0 days/days; walltime: 0.5
37140.0/37230.0 days/days; walltime: 0.5
37141.0/37230.0 days/days; walltime: 4.3
37142.0/37230.0 days/days; walltime: 0.5
37143.0/37230.0 days/days; walltime: 0.4
37144.0/37230.0 days/days; walltime: 0.4
37145.0/37230.0 days/days; walltime: 0.3
37146.0/37230.0 days/days; walltime: 0.4
37147.0/37230.0 days/days; walltime: 0.5
37148.0/37230.0 days/days; walltime: 0.3
37149.0/37230.0 days/days; walltime: 0.3
37150.0/37230.0 days/days; walltime: 0.4
37151.0/37230.0 days/days; walltime: 0.3
37152.0/37230.0 days/days; walltime: 0.3
37153.0/37230.0 days/days; walltime: 0.4
37154.0/37230.0 days/days; walltime: 0.3
37155.0/37230.0 days/days; walltime: 0.4
37156.0/37230.0 days/days; walltime: 0.4
37157.0/37230.0 days/days; walltime: 0.4
37158.0/37230.0 days/days; walltime: 0.4
37159.0/37230.0 days/days; walltime: 0.4
37160.0/37230.0 days/days; walltime: 1.6
37161.0/37230.0 days/days; walltime: 0.3
37162.0/37230.0 days/days; walltime: 0.3
37163.0/37230.0 days/days; walltime: 0.3
37164.0/37230.0 days/days; walltime: 0.1
37165.0/37230.0 days/days; walltime: 0.3
37166.0/37230.0 days/days; walltime: 0.3
37167.0/37230.0 days/days; walltime: 0.3
37168.0/37230.0 days/days; walltime: 0.3
37169.0/37230.0 days/days; walltime: 0.1
37170.0/37230.0 days/days; walltime: 0.3
37171.0/37230.0 days/days; walltime: 0.3
37172.0/37230.0 days/days; walltime: 0.1
37173.0/37230.0 days/days; walltime: 0.3
37174.0/37230.0 days/days; walltime: 0.3
37175.0/37230.0 days/days; walltime: 0.2
37176.0/37230.0 days/days; walltime: 0.3
37177.0/37230.0 days/days; walltime: 0.4
37178.0/37230.0 days/days; walltime: 1.5
37179.0/37230.0 days/days; walltime: 0.3
37180.0/37230.0 days/days; walltime: 0.3
37181.0/37230.0 days/days; walltime: 0.3
37182.0/37230.0 days/days; walltime: 0.1
37183.0/37230.0 days/days; walltime: 0.3
37184.0/37230.0 days/days; walltime: 0.3
37185.0/37230.0 days/days; walltime: 0.3
37186.0/37230.0 days/days; walltime: 0.1
37187.0/37230.0 days/days; walltime: 0.3
37188.0/37230.0 days/days; walltime: 0.3
37189.0/37230.0 days/days; walltime: 0.1
37190.0/37230.0 days/days; walltime: 0.3
37191.0/37230.0 days/days; walltime: 0.2
37192.0/37230.0 days/days; walltime: 0.1
37193.0/37230.0 days/days; walltime: 0.4
37194.0/37230.0 days/days; walltime: 0.3
37195.0/37230.0 days/days; walltime: 1.5
37196.0/37230.0 days/days; walltime: 0.3
37197.0/37230.0 days/days; walltime: 0.2
37198.0/37230.0 days/days; walltime: 0.1
37199.0/37230.0 days/days; walltime: 0.2
37200.0/37230.0 days/days; walltime: 0.1
37201.0/37230.0 days/days; walltime: 0.3
37202.0/37230.0 days/days; walltime: 0.2
37203.0/37230.0 days/days; walltime: 0.1
37204.0/37230.0 days/days; walltime: 0.2
37205.0/37230.0 days/days; walltime: 0.1
37206.0/37230.0 days/days; walltime: 0.3
37207.0/37230.0 days/days; walltime: 0.2
37208.0/37230.0 days/days; walltime: 0.1
37209.0/37230.0 days/days; walltime: 0.3
37210.0/37230.0 days/days; walltime: 0.2
37211.0/37230.0 days/days; walltime: 0.4
37212.0/37230.0 days/days; walltime: 0.3
37213.0/37230.0 days/days; walltime: 1.5
37214.0/37230.0 days/days; walltime: 0.3
37215.0/37230.0 days/days; walltime: 0.1
37216.0/37230.0 days/days; walltime: 0.2
37217.0/37230.0 days/days; walltime: 0.1
37218.0/37230.0 days/days; walltime: 0.3
37219.0/37230.0 days/days; walltime: 0.2
37220.0/37230.0 days/days; walltime: 0.1
37221.0/37230.0 days/days; walltime: 0.2
37222.0/37230.0 days/days; walltime: 0.2
37223.0/37230.0 days/days; walltime: 0.4
37224.0/37230.0 days/days; walltime: 0.2
37225.0/37230.0 days/days; walltime: 0.3
37226.0/37230.0 days/days; walltime: 0.2
37227.0/37230.0 days/days; walltime: 0.3
37228.0/37230.0 days/days; walltime: 0.2
37229.0/37230.0 days/days; walltime: 0.3
37230.0/37230.0 days/days; walltime: 0.3
Wallclock for model run: 5310.6s
 

fields = 

  struct with fields:

    nodes: [1x1 struct]
    edges: [1x1 struct]
       BC: [1x1 struct]

No cases left; exiting.
