Case 4:
Picked up JAVA_TOOL_OPTIONS: -Xmx2g
Opening log file:  /tmp/java.log.16879

                            < M A T L A B (R) >
                  Copyright 1984-2022 The MathWorks, Inc.
                  R2022a (9.12.0.1884302) 64-bit (glnxa64)
                             February 16, 2022

 
To get started, type doc.
For product information, visit www.mathworks.com.
 

config = 

  struct with fields:

                 k_s: 0.2500
                 l_c: 10
            n_moulin: 68
    creep_const_soft: 0
             mesh_nr: 4
                 k_c: 0.1500
               h_bed: 0.5000
               l_bed: 10
               alpha: 1.2500
                beta: 1.5000
               omega: 5.0000e-04

Running model run (ode15s):
Run to steady
Saving model run to
./RUN/output_004_steady.nc
Fields, IC & BC initialised
Initial phi calculated in 1.2s
0.0/36500.0 days/days; walltime: 17.8
------------------------------------------------------------------------------------------------------------------------------------------------------------------------------------------------------------------------------------------------------------------------------------------------------------------------------------------------------------------------------------------------------------------------------------------------------------------------------------------------------------------1825.0/36500.0 days/days; walltime: 137.3
-------------------------------------------------3650.0/36500.0 days/days; walltime: 3.9
----------------------------5475.0/36500.0 days/days; walltime: 2.2
------------------7300.0/36500.0 days/days; walltime: 1.5
-------------------------------------------------------------------------------------------------------9125.0/36500.0 days/days; walltime: 7.0
-------------------10950.0/36500.0 days/days; walltime: 820.4
12775.0/36500.0 days/days; walltime: 544.7
14600.0/36500.0 days/days; walltime: 386.2
16425.0/36500.0 days/days; walltime: 326.8
18250.0/36500.0 days/days; walltime: 275.6
20075.0/36500.0 days/days; walltime: 156.8
21900.0/36500.0 days/days; walltime: 19.0
23725.0/36500.0 days/days; walltime: 8.3
25550.0/36500.0 days/days; walltime: 3.8
27375.0/36500.0 days/days; walltime: 5.2
29200.0/36500.0 days/days; walltime: 2.3
31025.0/36500.0 days/days; walltime: 2.3
32850.0/36500.0 days/days; walltime: 1.9
34675.0/36500.0 days/days; walltime: 1.6
36500.0/36500.0 days/days; walltime: 1.6
Wallclock for model run: 2730.2s
 

fields = 

  struct with fields:

    nodes: [1x1 struct]
    edges: [1x1 struct]
       BC: [1x1 struct]

Running model run (ode15s):
Run seasonal
Saving model run to
./RUN/output_004_seasonal.nc
IC initialised from struct
IC initialised from file/given & rest from parameters and given functions
36500.0/37230.0 days/days; walltime: 13.8
36501.0/37230.0 days/days; walltime: 57.1
36502.0/37230.0 days/days; walltime: 11.1
36503.0/37230.0 days/days; walltime: 28.3
36504.0/37230.0 days/days; walltime: 9.1
36505.0/37230.0 days/days; walltime: 13.3
36506.0/37230.0 days/days; walltime: 19.0
36507.0/37230.0 days/days; walltime: 6.4
36508.0/37230.0 days/days; walltime: 7.3
36509.0/37230.0 days/days; walltime: 5.9
36510.0/37230.0 days/days; walltime: 2.7
36511.0/37230.0 days/days; walltime: 2.3
36512.0/37230.0 days/days; walltime: 2.7
36513.0/37230.0 days/days; walltime: 2.6
36514.0/37230.0 days/days; walltime: 10.9
36515.0/37230.0 days/days; walltime: 2.4
36516.0/37230.0 days/days; walltime: 2.2
36517.0/37230.0 days/days; walltime: 1.9
36518.0/37230.0 days/days; walltime: 2.0
36519.0/37230.0 days/days; walltime: 1.8
36520.0/37230.0 days/days; walltime: 1.8
36521.0/37230.0 days/days; walltime: 5.6
36522.0/37230.0 days/days; walltime: 1.5
36523.0/37230.0 days/days; walltime: 1.3
36524.0/37230.0 days/days; walltime: 34.0
36525.0/37230.0 days/days; walltime: 1.5
36526.0/37230.0 days/days; walltime: 1.3
36527.0/37230.0 days/days; walltime: 1.3
36528.0/37230.0 days/days; walltime: 1.1
36529.0/37230.0 days/days; walltime: 1.2
36530.0/37230.0 days/days; walltime: 0.9
36531.0/37230.0 days/days; walltime: 0.8
36532.0/37230.0 days/days; walltime: 0.9
36533.0/37230.0 days/days; walltime: 1.1
36534.0/37230.0 days/days; walltime: 2.4
36535.0/37230.0 days/days; walltime: 1.2
36536.0/37230.0 days/days; walltime: 1.0
36537.0/37230.0 days/days; walltime: 1.0
36538.0/37230.0 days/days; walltime: 0.9
36539.0/37230.0 days/days; walltime: 0.9
36540.0/37230.0 days/days; walltime: 0.8
36541.0/37230.0 days/days; walltime: 0.7
36542.0/37230.0 days/days; walltime: 0.7
36543.0/37230.0 days/days; walltime: 0.7
36544.0/37230.0 days/days; walltime: 0.6
36545.0/37230.0 days/days; walltime: 0.6
36546.0/37230.0 days/days; walltime: 0.6
36547.0/37230.0 days/days; walltime: 0.6
36548.0/37230.0 days/days; walltime: 0.6
36549.0/37230.0 days/days; walltime: 0.6
36550.0/37230.0 days/days; walltime: 0.8
36551.0/37230.0 days/days; walltime: 0.8
36552.0/37230.0 days/days; walltime: 0.6
36553.0/37230.0 days/days; walltime: 4.1
36554.0/37230.0 days/days; walltime: 0.8
36555.0/37230.0 days/days; walltime: 0.4
36556.0/37230.0 days/days; walltime: 0.6
36557.0/37230.0 days/days; walltime: 0.4
36558.0/37230.0 days/days; walltime: 0.4
36559.0/37230.0 days/days; walltime: 0.4
36560.0/37230.0 days/days; walltime: 0.5
36561.0/37230.0 days/days; walltime: 0.4
36562.0/37230.0 days/days; walltime: 0.4
36563.0/37230.0 days/days; walltime: 0.3
36564.0/37230.0 days/days; walltime: 0.3
36565.0/37230.0 days/days; walltime: 0.4
36566.0/37230.0 days/days; walltime: 0.3
36567.0/37230.0 days/days; walltime: 0.3
36568.0/37230.0 days/days; walltime: 0.3
36569.0/37230.0 days/days; walltime: 0.3
36570.0/37230.0 days/days; walltime: 0.2
36571.0/37230.0 days/days; walltime: 0.3
36572.0/37230.0 days/days; walltime: 0.3
36573.0/37230.0 days/days; walltime: 0.2
36574.0/37230.0 days/days; walltime: 0.3
36575.0/37230.0 days/days; walltime: 0.2
36576.0/37230.0 days/days; walltime: 0.2
36577.0/37230.0 days/days; walltime: 0.3
36578.0/37230.0 days/days; walltime: 0.2
36579.0/37230.0 days/days; walltime: 0.4
36580.0/37230.0 days/days; walltime: 0.3
36581.0/37230.0 days/days; walltime: 0.4
36582.0/37230.0 days/days; walltime: 2.1
36583.0/37230.0 days/days; walltime: 0.7
36584.0/37230.0 days/days; walltime: 0.2
36585.0/37230.0 days/days; walltime: 0.2
36586.0/37230.0 days/days; walltime: 0.2
36587.0/37230.0 days/days; walltime: 0.2
36588.0/37230.0 days/days; walltime: 0.3
36589.0/37230.0 days/days; walltime: 0.3
36590.0/37230.0 days/days; walltime: 0.3
36591.0/37230.0 days/days; walltime: 0.3
36592.0/37230.0 days/days; walltime: 0.3
36593.0/37230.0 days/days; walltime: 0.1
36594.0/37230.0 days/days; walltime: 0.3
36595.0/37230.0 days/days; walltime: 0.3
36596.0/37230.0 days/days; walltime: 0.3
36597.0/37230.0 days/days; walltime: 0.3
36598.0/37230.0 days/days; walltime: 0.3
36599.0/37230.0 days/days; walltime: 0.3
36600.0/37230.0 days/days; walltime: 0.1
36601.0/37230.0 days/days; walltime: 0.3
36602.0/37230.0 days/days; walltime: 0.3
36603.0/37230.0 days/days; walltime: 0.3
36604.0/37230.0 days/days; walltime: 0.1
36605.0/37230.0 days/days; walltime: 0.3
36606.0/37230.0 days/days; walltime: 0.3
36607.0/37230.0 days/days; walltime: 0.3
36608.0/37230.0 days/days; walltime: 0.1
36609.0/37230.0 days/days; walltime: 0.2
36610.0/37230.0 days/days; walltime: 0.3
36611.0/37230.0 days/days; walltime: 0.1
36612.0/37230.0 days/days; walltime: 0.3
36613.0/37230.0 days/days; walltime: 0.1
36614.0/37230.0 days/days; walltime: 0.3
36615.0/37230.0 days/days; walltime: 0.2
36616.0/37230.0 days/days; walltime: 0.1
36617.0/37230.0 days/days; walltime: 0.3
36618.0/37230.0 days/days; walltime: 0.1
36619.0/37230.0 days/days; walltime: 0.1
36620.0/37230.0 days/days; walltime: 0.3
36621.0/37230.0 days/days; walltime: 0.2
36622.0/37230.0 days/days; walltime: 0.1
36623.0/37230.0 days/days; walltime: 0.2
36624.0/37230.0 days/days; walltime: 0.1
36625.0/37230.0 days/days; walltime: 0.1
36626.0/37230.0 days/days; walltime: 0.8
36627.0/37230.0 days/days; walltime: 1.3
36628.0/37230.0 days/days; walltime: 2.6
36629.0/37230.0 days/days; walltime: 8.6
36630.0/37230.0 days/days; walltime: 12.7
36631.0/37230.0 days/days; walltime: 13.2
36632.0/37230.0 days/days; walltime: 12.8
36633.0/37230.0 days/days; walltime: 14.7
36634.0/37230.0 days/days; walltime: 15.6
36635.0/37230.0 days/days; walltime: 16.0
36636.0/37230.0 days/days; walltime: 16.7
36637.0/37230.0 days/days; walltime: 16.2
36638.0/37230.0 days/days; walltime: 16.8
36639.0/37230.0 days/days; walltime: 17.5
36640.0/37230.0 days/days; walltime: 16.3
36641.0/37230.0 days/days; walltime: 17.0
36642.0/37230.0 days/days; walltime: 17.2
36643.0/37230.0 days/days; walltime: 17.1
36644.0/37230.0 days/days; walltime: 14.5
36645.0/37230.0 days/days; walltime: 17.3
36646.0/37230.0 days/days; walltime: 17.3
36647.0/37230.0 days/days; walltime: 16.3
36648.0/37230.0 days/days; walltime: 13.6
36649.0/37230.0 days/days; walltime: 14.9
36650.0/37230.0 days/days; walltime: 14.5
36651.0/37230.0 days/days; walltime: 14.3
36652.0/37230.0 days/days; walltime: 13.0
36653.0/37230.0 days/days; walltime: 13.1
36654.0/37230.0 days/days; walltime: 13.2
36655.0/37230.0 days/days; walltime: 13.0
36656.0/37230.0 days/days; walltime: 12.1
36657.0/37230.0 days/days; walltime: 12.3
36658.0/37230.0 days/days; walltime: 12.0
36659.0/37230.0 days/days; walltime: 18.4
36660.0/37230.0 days/days; walltime: 11.5
36661.0/37230.0 days/days; walltime: 11.6
36662.0/37230.0 days/days; walltime: 11.0
36663.0/37230.0 days/days; walltime: 11.1
36664.0/37230.0 days/days; walltime: 10.1
36665.0/37230.0 days/days; walltime: 11.2
36666.0/37230.0 days/days; walltime: 9.1
36667.0/37230.0 days/days; walltime: 8.4
36668.0/37230.0 days/days; walltime: 12.7
36669.0/37230.0 days/days; walltime: 10.8
36670.0/37230.0 days/days; walltime: 8.6
36671.0/37230.0 days/days; walltime: 7.6
36672.0/37230.0 days/days; walltime: 4.7
36673.0/37230.0 days/days; walltime: 6.3
36674.0/37230.0 days/days; walltime: 6.5
36675.0/37230.0 days/days; walltime: 4.0
36676.0/37230.0 days/days; walltime: 6.0
36677.0/37230.0 days/days; walltime: 12.5
36678.0/37230.0 days/days; walltime: 6.3
36679.0/37230.0 days/days; walltime: 2.8
36680.0/37230.0 days/days; walltime: 13.0
36681.0/37230.0 days/days; walltime: 3.5
36682.0/37230.0 days/days; walltime: 4.7
36683.0/37230.0 days/days; walltime: 3.5
36684.0/37230.0 days/days; walltime: 5.2
36685.0/37230.0 days/days; walltime: 7.4
36686.0/37230.0 days/days; walltime: 2.8
36687.0/37230.0 days/days; walltime: 4.3
36688.0/37230.0 days/days; walltime: 6.1
36689.0/37230.0 days/days; walltime: 8.3
36690.0/37230.0 days/days; walltime: 6.3
36691.0/37230.0 days/days; walltime: 2.8
36692.0/37230.0 days/days; walltime: 8.8
36693.0/37230.0 days/days; walltime: 8.1
36694.0/37230.0 days/days; walltime: 6.5
36695.0/37230.0 days/days; walltime: 7.4
36696.0/37230.0 days/days; walltime: 7.1
36697.0/37230.0 days/days; walltime: 9.4
36698.0/37230.0 days/days; walltime: 3.7
36699.0/37230.0 days/days; walltime: 18.0
36700.0/37230.0 days/days; walltime: 4.2
36701.0/37230.0 days/days; walltime: 5.1
36702.0/37230.0 days/days; walltime: 4.5
36703.0/37230.0 days/days; walltime: 12.9
36704.0/37230.0 days/days; walltime: 3.9
36705.0/37230.0 days/days; walltime: 9.3
36706.0/37230.0 days/days; walltime: 4.3
36707.0/37230.0 days/days; walltime: 5.1
36708.0/37230.0 days/days; walltime: 6.1
36709.0/37230.0 days/days; walltime: 7.9
36710.0/37230.0 days/days; walltime: 4.3
36711.0/37230.0 days/days; walltime: 5.6
36712.0/37230.0 days/days; walltime: 9.9
36713.0/37230.0 days/days; walltime: 5.7
36714.0/37230.0 days/days; walltime: 6.0
36715.0/37230.0 days/days; walltime: 7.6
36716.0/37230.0 days/days; walltime: 6.0
36717.0/37230.0 days/days; walltime: 6.5
36718.0/37230.0 days/days; walltime: 8.8
36719.0/37230.0 days/days; walltime: 9.4
36720.0/37230.0 days/days; walltime: 12.0
36721.0/37230.0 days/days; walltime: 12.8
36722.0/37230.0 days/days; walltime: 10.5
36723.0/37230.0 days/days; walltime: 15.5
36724.0/37230.0 days/days; walltime: 12.7
36725.0/37230.0 days/days; walltime: 13.9
36726.0/37230.0 days/days; walltime: 15.8
36727.0/37230.0 days/days; walltime: 15.6
36728.0/37230.0 days/days; walltime: 13.1
36729.0/37230.0 days/days; walltime: 30.2
36730.0/37230.0 days/days; walltime: 15.1
36731.0/37230.0 days/days; walltime: 16.4
36732.0/37230.0 days/days; walltime: 11.8
36733.0/37230.0 days/days; walltime: 10.0
36734.0/37230.0 days/days; walltime: 29.4
36735.0/37230.0 days/days; walltime: 16.1
36736.0/37230.0 days/days; walltime: 37.1
36737.0/37230.0 days/days; walltime: 12.1
36738.0/37230.0 days/days; walltime: 5.4
36739.0/37230.0 days/days; walltime: 4.5
36740.0/37230.0 days/days; walltime: 2.9
36741.0/37230.0 days/days; walltime: 1.1
36742.0/37230.0 days/days; walltime: 1.4
36743.0/37230.0 days/days; walltime: 5.5
36744.0/37230.0 days/days; walltime: 1.2
36745.0/37230.0 days/days; walltime: 1.0
36746.0/37230.0 days/days; walltime: 1.0
36747.0/37230.0 days/days; walltime: 0.8
36748.0/37230.0 days/days; walltime: 1.2
36749.0/37230.0 days/days; walltime: 1.0
36750.0/37230.0 days/days; walltime: 4.2
36751.0/37230.0 days/days; walltime: 1.0
36752.0/37230.0 days/days; walltime: 42.8
36753.0/37230.0 days/days; walltime: 0.6
36754.0/37230.0 days/days; walltime: 0.9
36755.0/37230.0 days/days; walltime: 0.7
36756.0/37230.0 days/days; walltime: 0.8
36757.0/37230.0 days/days; walltime: 0.8
36758.0/37230.0 days/days; walltime: 0.7
36759.0/37230.0 days/days; walltime: 0.7
36760.0/37230.0 days/days; walltime: 0.8
36761.0/37230.0 days/days; walltime: 0.7
36762.0/37230.0 days/days; walltime: 0.7
36763.0/37230.0 days/days; walltime: 0.8
36764.0/37230.0 days/days; walltime: 0.6
36765.0/37230.0 days/days; walltime: 0.7
36766.0/37230.0 days/days; walltime: 0.5
36767.0/37230.0 days/days; walltime: 0.6
36768.0/37230.0 days/days; walltime: 0.6
36769.0/37230.0 days/days; walltime: 0.5
36770.0/37230.0 days/days; walltime: 0.5
36771.0/37230.0 days/days; walltime: 0.5
36772.0/37230.0 days/days; walltime: 0.6
36773.0/37230.0 days/days; walltime: 0.4
36774.0/37230.0 days/days; walltime: 0.5
36775.0/37230.0 days/days; walltime: 0.4
36776.0/37230.0 days/days; walltime: 0.4
36777.0/37230.0 days/days; walltime: 0.3
36778.0/37230.0 days/days; walltime: 0.4
36779.0/37230.0 days/days; walltime: 0.4
36780.0/37230.0 days/days; walltime: 0.4
36781.0/37230.0 days/days; walltime: 0.4
36782.0/37230.0 days/days; walltime: 0.4
36783.0/37230.0 days/days; walltime: 0.4
36784.0/37230.0 days/days; walltime: 0.4
36785.0/37230.0 days/days; walltime: 0.4
36786.0/37230.0 days/days; walltime: 0.4
36787.0/37230.0 days/days; walltime: 0.4
36788.0/37230.0 days/days; walltime: 6.6
36789.0/37230.0 days/days; walltime: 0.5
36790.0/37230.0 days/days; walltime: 0.4
36791.0/37230.0 days/days; walltime: 0.4
36792.0/37230.0 days/days; walltime: 0.4
36793.0/37230.0 days/days; walltime: 0.4
36794.0/37230.0 days/days; walltime: 0.4
36795.0/37230.0 days/days; walltime: 0.4
36796.0/37230.0 days/days; walltime: 0.2
36797.0/37230.0 days/days; walltime: 0.4
36798.0/37230.0 days/days; walltime: 0.4
36799.0/37230.0 days/days; walltime: 0.4
36800.0/37230.0 days/days; walltime: 0.4
36801.0/37230.0 days/days; walltime: 0.4
36802.0/37230.0 days/days; walltime: 0.2
36803.0/37230.0 days/days; walltime: 0.4
36804.0/37230.0 days/days; walltime: 0.4
36805.0/37230.0 days/days; walltime: 0.4
36806.0/37230.0 days/days; walltime: 0.2
36807.0/37230.0 days/days; walltime: 0.4
36808.0/37230.0 days/days; walltime: 0.4
36809.0/37230.0 days/days; walltime: 0.2
36810.0/37230.0 days/days; walltime: 0.4
36811.0/37230.0 days/days; walltime: 0.4
36812.0/37230.0 days/days; walltime: 0.2
36813.0/37230.0 days/days; walltime: 0.8
36814.0/37230.0 days/days; walltime: 0.3
36815.0/37230.0 days/days; walltime: 0.2
36816.0/37230.0 days/days; walltime: 0.3
36817.0/37230.0 days/days; walltime: 0.2
36818.0/37230.0 days/days; walltime: 0.4
36819.0/37230.0 days/days; walltime: 0.3
36820.0/37230.0 days/days; walltime: 0.2
36821.0/37230.0 days/days; walltime: 0.4
36822.0/37230.0 days/days; walltime: 0.2
36823.0/37230.0 days/days; walltime: 0.3
36824.0/37230.0 days/days; walltime: 0.2
36825.0/37230.0 days/days; walltime: 0.3
36826.0/37230.0 days/days; walltime: 0.2
36827.0/37230.0 days/days; walltime: 0.3
36828.0/37230.0 days/days; walltime: 0.2
36829.0/37230.0 days/days; walltime: 0.3
36830.0/37230.0 days/days; walltime: 0.4
36831.0/37230.0 days/days; walltime: 0.2
36832.0/37230.0 days/days; walltime: 0.3
36833.0/37230.0 days/days; walltime: 0.2
36834.0/37230.0 days/days; walltime: 0.3
36835.0/37230.0 days/days; walltime: 0.2
36836.0/37230.0 days/days; walltime: 0.3
36837.0/37230.0 days/days; walltime: 0.2
36838.0/37230.0 days/days; walltime: 0.3
36839.0/37230.0 days/days; walltime: 0.4
36840.0/37230.0 days/days; walltime: 0.2
36841.0/37230.0 days/days; walltime: 0.3
36842.0/37230.0 days/days; walltime: 0.2
36843.0/37230.0 days/days; walltime: 0.3
36844.0/37230.0 days/days; walltime: 0.2
36845.0/37230.0 days/days; walltime: 0.3
36846.0/37230.0 days/days; walltime: 0.2
36847.0/37230.0 days/days; walltime: 0.4
36848.0/37230.0 days/days; walltime: 0.2
36849.0/37230.0 days/days; walltime: 0.3
36850.0/37230.0 days/days; walltime: 0.1
36851.0/37230.0 days/days; walltime: 0.3
36852.0/37230.0 days/days; walltime: 0.2
36853.0/37230.0 days/days; walltime: 0.3
36854.0/37230.0 days/days; walltime: 0.2
36855.0/37230.0 days/days; walltime: 0.2
36856.0/37230.0 days/days; walltime: 0.3
36857.0/37230.0 days/days; walltime: 0.2
36858.0/37230.0 days/days; walltime: 0.3
36859.0/37230.0 days/days; walltime: 0.2
36860.0/37230.0 days/days; walltime: 0.3
36861.0/37230.0 days/days; walltime: 0.1
36862.0/37230.0 days/days; walltime: 0.2
36863.0/37230.0 days/days; walltime: 0.2
36864.0/37230.0 days/days; walltime: 0.3
36865.0/37230.0 days/days; walltime: 0.2
36866.0/37230.0 days/days; walltime: 0.2
36867.0/37230.0 days/days; walltime: 0.2
36868.0/37230.0 days/days; walltime: 0.3
36869.0/37230.0 days/days; walltime: 0.2
36870.0/37230.0 days/days; walltime: 0.1
36871.0/37230.0 days/days; walltime: 0.2
36872.0/37230.0 days/days; walltime: 0.3
36873.0/37230.0 days/days; walltime: 0.2
36874.0/37230.0 days/days; walltime: 0.3
36875.0/37230.0 days/days; walltime: 0.2
36876.0/37230.0 days/days; walltime: 0.3
36877.0/37230.0 days/days; walltime: 0.2
36878.0/37230.0 days/days; walltime: 0.1
36879.0/37230.0 days/days; walltime: 0.3
36880.0/37230.0 days/days; walltime: 0.2
36881.0/37230.0 days/days; walltime: 0.3
36882.0/37230.0 days/days; walltime: 0.2
36883.0/37230.0 days/days; walltime: 0.2
36884.0/37230.0 days/days; walltime: 0.2
36885.0/37230.0 days/days; walltime: 0.3
36886.0/37230.0 days/days; walltime: 0.2
36887.0/37230.0 days/days; walltime: 0.1
36888.0/37230.0 days/days; walltime: 0.2
36889.0/37230.0 days/days; walltime: 0.3
36890.0/37230.0 days/days; walltime: 0.1
36891.0/37230.0 days/days; walltime: 2.1
36892.0/37230.0 days/days; walltime: 0.7
36893.0/37230.0 days/days; walltime: 0.1
36894.0/37230.0 days/days; walltime: 0.2
36895.0/37230.0 days/days; walltime: 0.1
36896.0/37230.0 days/days; walltime: 0.3
36897.0/37230.0 days/days; walltime: 0.2
36898.0/37230.0 days/days; walltime: 0.2
36899.0/37230.0 days/days; walltime: 0.2
36900.0/37230.0 days/days; walltime: 0.1
36901.0/37230.0 days/days; walltime: 0.3
36902.0/37230.0 days/days; walltime: 0.1
36903.0/37230.0 days/days; walltime: 0.1
36904.0/37230.0 days/days; walltime: 0.3
36905.0/37230.0 days/days; walltime: 0.1
36906.0/37230.0 days/days; walltime: 0.3
36907.0/37230.0 days/days; walltime: 0.1
36908.0/37230.0 days/days; walltime: 0.2
36909.0/37230.0 days/days; walltime: 0.2
36910.0/37230.0 days/days; walltime: 0.1
36911.0/37230.0 days/days; walltime: 0.2
36912.0/37230.0 days/days; walltime: 0.2
36913.0/37230.0 days/days; walltime: 0.1
36914.0/37230.0 days/days; walltime: 0.2
36915.0/37230.0 days/days; walltime: 0.2
36916.0/37230.0 days/days; walltime: 0.1
36917.0/37230.0 days/days; walltime: 0.1
36918.0/37230.0 days/days; walltime: 0.3
36919.0/37230.0 days/days; walltime: 0.1
36920.0/37230.0 days/days; walltime: 0.1
36921.0/37230.0 days/days; walltime: 0.1
36922.0/37230.0 days/days; walltime: 0.3
36923.0/37230.0 days/days; walltime: 0.1
36924.0/37230.0 days/days; walltime: 0.1
36925.0/37230.0 days/days; walltime: 0.2
36926.0/37230.0 days/days; walltime: 0.1
36927.0/37230.0 days/days; walltime: 0.2
36928.0/37230.0 days/days; walltime: 0.2
36929.0/37230.0 days/days; walltime: 0.1
36930.0/37230.0 days/days; walltime: 0.1
36931.0/37230.0 days/days; walltime: 0.1
36932.0/37230.0 days/days; walltime: 0.2
36933.0/37230.0 days/days; walltime: 0.1
36934.0/37230.0 days/days; walltime: 0.1
36935.0/37230.0 days/days; walltime: 0.2
36936.0/37230.0 days/days; walltime: 0.2
36937.0/37230.0 days/days; walltime: 0.1
36938.0/37230.0 days/days; walltime: 0.1
36939.0/37230.0 days/days; walltime: 0.1
36940.0/37230.0 days/days; walltime: 0.2
36941.0/37230.0 days/days; walltime: 0.1
36942.0/37230.0 days/days; walltime: 0.1
36943.0/37230.0 days/days; walltime: 0.1
36944.0/37230.0 days/days; walltime: 0.2
36945.0/37230.0 days/days; walltime: 0.2
36946.0/37230.0 days/days; walltime: 0.1
36947.0/37230.0 days/days; walltime: 0.2
36948.0/37230.0 days/days; walltime: 0.1
36949.0/37230.0 days/days; walltime: 0.1
36950.0/37230.0 days/days; walltime: 0.1
36951.0/37230.0 days/days; walltime: 0.2
36952.0/37230.0 days/days; walltime: 0.1
36953.0/37230.0 days/days; walltime: 0.1
36954.0/37230.0 days/days; walltime: 0.1
36955.0/37230.0 days/days; walltime: 0.3
36956.0/37230.0 days/days; walltime: 0.1
36957.0/37230.0 days/days; walltime: 0.1
36958.0/37230.0 days/days; walltime: 0.2
36959.0/37230.0 days/days; walltime: 0.1
36960.0/37230.0 days/days; walltime: 0.1
36961.0/37230.0 days/days; walltime: 0.1
36962.0/37230.0 days/days; walltime: 0.2
36963.0/37230.0 days/days; walltime: 0.1
36964.0/37230.0 days/days; walltime: 0.1
36965.0/37230.0 days/days; walltime: 0.1
36966.0/37230.0 days/days; walltime: 0.3
36967.0/37230.0 days/days; walltime: 0.1
36968.0/37230.0 days/days; walltime: 0.1
36969.0/37230.0 days/days; walltime: 0.2
36970.0/37230.0 days/days; walltime: 0.1
36971.0/37230.0 days/days; walltime: 0.1
36972.0/37230.0 days/days; walltime: 0.0
36973.0/37230.0 days/days; walltime: 0.2
36974.0/37230.0 days/days; walltime: 0.1
36975.0/37230.0 days/days; walltime: 0.1
36976.0/37230.0 days/days; walltime: 0.1
36977.0/37230.0 days/days; walltime: 0.1
36978.0/37230.0 days/days; walltime: 0.2
36979.0/37230.0 days/days; walltime: 0.1
36980.0/37230.0 days/days; walltime: 0.1
36981.0/37230.0 days/days; walltime: 0.1
36982.0/37230.0 days/days; walltime: 0.2
36983.0/37230.0 days/days; walltime: 0.1
36984.0/37230.0 days/days; walltime: 0.1
36985.0/37230.0 days/days; walltime: 0.1
36986.0/37230.0 days/days; walltime: 0.2
36987.0/37230.0 days/days; walltime: 0.1
36988.0/37230.0 days/days; walltime: 0.2
36989.0/37230.0 days/days; walltime: 0.2
36991.0/37230.0 days/days; walltime: 1.1
36992.0/37230.0 days/days; walltime: 1.6
36993.0/37230.0 days/days; walltime: 3.4
36994.0/37230.0 days/days; walltime: 10.2
36995.0/37230.0 days/days; walltime: 11.3
36996.0/37230.0 days/days; walltime: 17.5
36997.0/37230.0 days/days; walltime: 38.1
36998.0/37230.0 days/days; walltime: 15.6
36999.0/37230.0 days/days; walltime: 16.9
37000.0/37230.0 days/days; walltime: 15.5
37001.0/37230.0 days/days; walltime: 19.0
37002.0/37230.0 days/days; walltime: 19.2
37003.0/37230.0 days/days; walltime: 16.1
37004.0/37230.0 days/days; walltime: 16.8
37005.0/37230.0 days/days; walltime: 19.3
37006.0/37230.0 days/days; walltime: 18.9
37007.0/37230.0 days/days; walltime: 18.4
37008.0/37230.0 days/days; walltime: 17.6
37009.0/37230.0 days/days; walltime: 17.4
37010.0/37230.0 days/days; walltime: 16.3
37011.0/37230.0 days/days; walltime: 15.9
37012.0/37230.0 days/days; walltime: 15.8
37013.0/37230.0 days/days; walltime: 15.8
37014.0/37230.0 days/days; walltime: 16.3
37015.0/37230.0 days/days; walltime: 15.2
37016.0/37230.0 days/days; walltime: 16.2
37017.0/37230.0 days/days; walltime: 12.6
37018.0/37230.0 days/days; walltime: 13.8
37019.0/37230.0 days/days; walltime: 14.9
37020.0/37230.0 days/days; walltime: 12.2
37021.0/37230.0 days/days; walltime: 14.1
37022.0/37230.0 days/days; walltime: 13.1
37023.0/37230.0 days/days; walltime: 11.7
37024.0/37230.0 days/days; walltime: 13.2
37025.0/37230.0 days/days; walltime: 12.6
37026.0/37230.0 days/days; walltime: 12.3
37027.0/37230.0 days/days; walltime: 11.5
37028.0/37230.0 days/days; walltime: 10.2
37029.0/37230.0 days/days; walltime: 9.0
37030.0/37230.0 days/days; walltime: 11.7
37031.0/37230.0 days/days; walltime: 11.8
37032.0/37230.0 days/days; walltime: 8.5
37033.0/37230.0 days/days; walltime: 8.7
37034.0/37230.0 days/days; walltime: 8.2
37035.0/37230.0 days/days; walltime: 8.0
37036.0/37230.0 days/days; walltime: 7.7
37037.0/37230.0 days/days; walltime: 5.4
37038.0/37230.0 days/days; walltime: 6.8
37039.0/37230.0 days/days; walltime: 4.8
37040.0/37230.0 days/days; walltime: 4.7
37041.0/37230.0 days/days; walltime: 4.3
37042.0/37230.0 days/days; walltime: 20.7
37043.0/37230.0 days/days; walltime: 2.8
37044.0/37230.0 days/days; walltime: 5.3
37045.0/37230.0 days/days; walltime: 5.8
37046.0/37230.0 days/days; walltime: 3.0
37047.0/37230.0 days/days; walltime: 4.1
37048.0/37230.0 days/days; walltime: 7.0
37049.0/37230.0 days/days; walltime: 3.4
37050.0/37230.0 days/days; walltime: 7.5
37051.0/37230.0 days/days; walltime: 3.0
37052.0/37230.0 days/days; walltime: 3.7
37053.0/37230.0 days/days; walltime: 6.0
37054.0/37230.0 days/days; walltime: 5.6
37055.0/37230.0 days/days; walltime: 6.6
37056.0/37230.0 days/days; walltime: 3.8
37057.0/37230.0 days/days; walltime: 18.8
37058.0/37230.0 days/days; walltime: 13.7
37059.0/37230.0 days/days; walltime: 3.8
37060.0/37230.0 days/days; walltime: 4.5
37061.0/37230.0 days/days; walltime: 8.1
37062.0/37230.0 days/days; walltime: 2.8
37063.0/37230.0 days/days; walltime: 4.5
37064.0/37230.0 days/days; walltime: 22.6
37065.0/37230.0 days/days; walltime: 4.4
37066.0/37230.0 days/days; walltime: 4.7
37067.0/37230.0 days/days; walltime: 4.6
37068.0/37230.0 days/days; walltime: 9.4
37069.0/37230.0 days/days; walltime: 3.9
37070.0/37230.0 days/days; walltime: 5.0
37071.0/37230.0 days/days; walltime: 7.1
37072.0/37230.0 days/days; walltime: 5.1
37073.0/37230.0 days/days; walltime: 5.9
37074.0/37230.0 days/days; walltime: 8.3
37075.0/37230.0 days/days; walltime: 5.1
37076.0/37230.0 days/days; walltime: 4.7
37077.0/37230.0 days/days; walltime: 8.8
37078.0/37230.0 days/days; walltime: 5.5
37079.0/37230.0 days/days; walltime: 6.5
37080.0/37230.0 days/days; walltime: 8.1
37081.0/37230.0 days/days; walltime: 6.0
37082.0/37230.0 days/days; walltime: 6.7
37083.0/37230.0 days/days; walltime: 8.6
37084.0/37230.0 days/days; walltime: 9.5
37085.0/37230.0 days/days; walltime: 12.4
37086.0/37230.0 days/days; walltime: 11.1
37087.0/37230.0 days/days; walltime: 11.4
37088.0/37230.0 days/days; walltime: 12.2
37089.0/37230.0 days/days; walltime: 13.2
37090.0/37230.0 days/days; walltime: 14.8
37091.0/37230.0 days/days; walltime: 14.1
37092.0/37230.0 days/days; walltime: 16.4
37093.0/37230.0 days/days; walltime: 14.2
37094.0/37230.0 days/days; walltime: 17.6
37095.0/37230.0 days/days; walltime: 15.0
37096.0/37230.0 days/days; walltime: 15.3
37097.0/37230.0 days/days; walltime: 17.1
37098.0/37230.0 days/days; walltime: 10.9
37099.0/37230.0 days/days; walltime: 10.8
37100.0/37230.0 days/days; walltime: 13.8
37101.0/37230.0 days/days; walltime: 7.0
37102.0/37230.0 days/days; walltime: 17.2
37103.0/37230.0 days/days; walltime: 4.4
37104.0/37230.0 days/days; walltime: 4.5
37105.0/37230.0 days/days; walltime: 3.1
37106.0/37230.0 days/days; walltime: 1.7
37107.0/37230.0 days/days; walltime: 1.0
37108.0/37230.0 days/days; walltime: 1.2
37109.0/37230.0 days/days; walltime: 1.0
37110.0/37230.0 days/days; walltime: 1.2
37111.0/37230.0 days/days; walltime: 1.4
37112.0/37230.0 days/days; walltime: 5.4
37113.0/37230.0 days/days; walltime: 0.9
37114.0/37230.0 days/days; walltime: 0.7
37115.0/37230.0 days/days; walltime: 0.7
37116.0/37230.0 days/days; walltime: 0.9
37117.0/37230.0 days/days; walltime: 0.5
37118.0/37230.0 days/days; walltime: 0.7
37119.0/37230.0 days/days; walltime: 0.6
37120.0/37230.0 days/days; walltime: 0.6
37121.0/37230.0 days/days; walltime: 0.6
37122.0/37230.0 days/days; walltime: 0.4
37123.0/37230.0 days/days; walltime: 0.6
37124.0/37230.0 days/days; walltime: 0.6
37125.0/37230.0 days/days; walltime: 0.4
37126.0/37230.0 days/days; walltime: 0.6
37127.0/37230.0 days/days; walltime: 0.4
37128.0/37230.0 days/days; walltime: 0.7
37129.0/37230.0 days/days; walltime: 0.6
37130.0/37230.0 days/days; walltime: 0.5
37131.0/37230.0 days/days; walltime: 0.7
37132.0/37230.0 days/days; walltime: 4.1
37133.0/37230.0 days/days; walltime: 0.4
37134.0/37230.0 days/days; walltime: 0.2
37135.0/37230.0 days/days; walltime: 0.2
37136.0/37230.0 days/days; walltime: 0.4
37137.0/37230.0 days/days; walltime: 0.3
37138.0/37230.0 days/days; walltime: 0.4
37139.0/37230.0 days/days; walltime: 0.3
37140.0/37230.0 days/days; walltime: 0.3
37141.0/37230.0 days/days; walltime: 0.5
37142.0/37230.0 days/days; walltime: 0.3
37143.0/37230.0 days/days; walltime: 0.3
37144.0/37230.0 days/days; walltime: 0.3
37145.0/37230.0 days/days; walltime: 0.3
37146.0/37230.0 days/days; walltime: 0.2
37147.0/37230.0 days/days; walltime: 0.3
37148.0/37230.0 days/days; walltime: 0.3
37149.0/37230.0 days/days; walltime: 0.3
37150.0/37230.0 days/days; walltime: 0.3
37151.0/37230.0 days/days; walltime: 0.3
37152.0/37230.0 days/days; walltime: 0.3
37153.0/37230.0 days/days; walltime: 0.3
37154.0/37230.0 days/days; walltime: 0.3
37155.0/37230.0 days/days; walltime: 0.1
37156.0/37230.0 days/days; walltime: 0.3
37157.0/37230.0 days/days; walltime: 0.3
37158.0/37230.0 days/days; walltime: 0.3
37159.0/37230.0 days/days; walltime: 0.3
37160.0/37230.0 days/days; walltime: 0.1
37161.0/37230.0 days/days; walltime: 0.3
37162.0/37230.0 days/days; walltime: 0.3
37163.0/37230.0 days/days; walltime: 0.3
37164.0/37230.0 days/days; walltime: 0.1
37165.0/37230.0 days/days; walltime: 0.3
37166.0/37230.0 days/days; walltime: 0.3
37167.0/37230.0 days/days; walltime: 0.3
37168.0/37230.0 days/days; walltime: 0.1
37169.0/37230.0 days/days; walltime: 0.3
37170.0/37230.0 days/days; walltime: 0.3
37171.0/37230.0 days/days; walltime: 0.1
37172.0/37230.0 days/days; walltime: 0.3
37173.0/37230.0 days/days; walltime: 0.1
37174.0/37230.0 days/days; walltime: 0.3
37175.0/37230.0 days/days; walltime: 0.3
37176.0/37230.0 days/days; walltime: 0.1
37177.0/37230.0 days/days; walltime: 0.3
37178.0/37230.0 days/days; walltime: 0.1
37179.0/37230.0 days/days; walltime: 0.3
37180.0/37230.0 days/days; walltime: 0.3
37181.0/37230.0 days/days; walltime: 0.1
37182.0/37230.0 days/days; walltime: 0.3
37183.0/37230.0 days/days; walltime: 0.1
37184.0/37230.0 days/days; walltime: 0.3
37185.0/37230.0 days/days; walltime: 0.1
37186.0/37230.0 days/days; walltime: 0.3
37187.0/37230.0 days/days; walltime: 0.1
37188.0/37230.0 days/days; walltime: 0.2
37189.0/37230.0 days/days; walltime: 0.1
37190.0/37230.0 days/days; walltime: 0.3
37191.0/37230.0 days/days; walltime: 0.1
37192.0/37230.0 days/days; walltime: 0.3
37193.0/37230.0 days/days; walltime: 0.1
37194.0/37230.0 days/days; walltime: 0.3
37195.0/37230.0 days/days; walltime: 0.1
37196.0/37230.0 days/days; walltime: 0.3
37197.0/37230.0 days/days; walltime: 0.1
37198.0/37230.0 days/days; walltime: 0.2
37199.0/37230.0 days/days; walltime: 0.1
37200.0/37230.0 days/days; walltime: 0.3
37201.0/37230.0 days/days; walltime: 0.1
37202.0/37230.0 days/days; walltime: 0.2
37203.0/37230.0 days/days; walltime: 0.1
37204.0/37230.0 days/days; walltime: 0.2
37205.0/37230.0 days/days; walltime: 0.0
37206.0/37230.0 days/days; walltime: 0.2
37207.0/37230.0 days/days; walltime: 0.1
37208.0/37230.0 days/days; walltime: 0.2
37209.0/37230.0 days/days; walltime: 0.2
37210.0/37230.0 days/days; walltime: 0.3
37211.0/37230.0 days/days; walltime: 0.1
37212.0/37230.0 days/days; walltime: 0.2
37213.0/37230.0 days/days; walltime: 0.3
37214.0/37230.0 days/days; walltime: 0.2
37215.0/37230.0 days/days; walltime: 0.2
37216.0/37230.0 days/days; walltime: 0.2
37217.0/37230.0 days/days; walltime: 0.2
37218.0/37230.0 days/days; walltime: 0.2
37219.0/37230.0 days/days; walltime: 0.2
37220.0/37230.0 days/days; walltime: 0.2
37221.0/37230.0 days/days; walltime: 0.1
37222.0/37230.0 days/days; walltime: 0.3
37223.0/37230.0 days/days; walltime: 0.2
37224.0/37230.0 days/days; walltime: 0.2
37225.0/37230.0 days/days; walltime: 0.2
37226.0/37230.0 days/days; walltime: 0.1
37227.0/37230.0 days/days; walltime: 0.3
37228.0/37230.0 days/days; walltime: 0.1
37229.0/37230.0 days/days; walltime: 0.2
37230.0/37230.0 days/days; walltime: 1.6
Wallclock for model run: 2910.7s
 

fields = 

  struct with fields:

    nodes: [1x1 struct]
    edges: [1x1 struct]
       BC: [1x1 struct]

No cases left; exiting.
