Case 4:
Picked up JAVA_TOOL_OPTIONS: -Xmx2g
Opening log file:  /tmp/java.log.32351

                            < M A T L A B (R) >
                  Copyright 1984-2022 The MathWorks, Inc.
                  R2022a (9.12.0.1884302) 64-bit (glnxa64)
                             February 16, 2022

 
To get started, type doc.
For product information, visit www.mathworks.com.
 

config = 

  struct with fields:

                 k_s: 0.2500
                 l_c: 10
            n_moulin: 68
    creep_const_soft: 0
             mesh_nr: 4
                 k_c: 0.1500
               h_bed: 0.5000
               l_bed: 10
               alpha: 1.2500
                beta: 1.5000
               omega: 5.0000e-04

Running model run (ode15s):
Run to steady
Saving model run to
./RUN/output_004_steady.nc
Fields, IC & BC initialised
Initial phi calculated in 3.9s
0.0/36500.0 days/days; walltime: 17.5
------------------------------------------------------------------------------------------------------------------------------------------------------------------------------------------------------------------------------------------------------------------------------------------------------------------------------1825.0/36500.0 days/days; walltime: 134.8
3650.0/36500.0 days/days; walltime: 4.6
5475.0/36500.0 days/days; walltime: 2.7
7300.0/36500.0 days/days; walltime: 2.0
---------9125.0/36500.0 days/days; walltime: 8.8
----10950.0/36500.0 days/days; walltime: 763.5
12775.0/36500.0 days/days; walltime: 567.3
14600.0/36500.0 days/days; walltime: 465.0
16425.0/36500.0 days/days; walltime: 365.4
18250.0/36500.0 days/days; walltime: 345.8
20075.0/36500.0 days/days; walltime: 110.6
21900.0/36500.0 days/days; walltime: 11.0
23725.0/36500.0 days/days; walltime: 10.8
25550.0/36500.0 days/days; walltime: 9.0
27375.0/36500.0 days/days; walltime: 5.8
29200.0/36500.0 days/days; walltime: 2.2
-31025.0/36500.0 days/days; walltime: 2.2
32850.0/36500.0 days/days; walltime: 2.7
34675.0/36500.0 days/days; walltime: 3.7
36500.0/36500.0 days/days; walltime: 1.5
Wallclock for model run: 2841.7s
 

fields = 

  struct with fields:

    nodes: [1x1 struct]
    edges: [1x1 struct]
       BC: [1x1 struct]

Running model run (ode15s):
Run seasonal
Saving model run to
./RUN/output_004_seasonal.nc
IC initialised from struct
IC initialised from file/given & rest from parameters and given functions
36500.0/37230.0 days/days; walltime: 12.5
36501.0/37230.0 days/days; walltime: 52.2
36502.0/37230.0 days/days; walltime: 10.9
36503.0/37230.0 days/days; walltime: 16.3
36504.0/37230.0 days/days; walltime: 11.9
36505.0/37230.0 days/days; walltime: 5.1
36506.0/37230.0 days/days; walltime: 13.4
36507.0/37230.0 days/days; walltime: 7.5
36508.0/37230.0 days/days; walltime: 3.7
36509.0/37230.0 days/days; walltime: 4.8
36510.0/37230.0 days/days; walltime: 2.7
36511.0/37230.0 days/days; walltime: 2.7
36512.0/37230.0 days/days; walltime: 2.9
36513.0/37230.0 days/days; walltime: 21.6
36514.0/37230.0 days/days; walltime: 1.4
36515.0/37230.0 days/days; walltime: 1.7
36516.0/37230.0 days/days; walltime: 1.8
36517.0/37230.0 days/days; walltime: 1.9
36518.0/37230.0 days/days; walltime: 5.4
36519.0/37230.0 days/days; walltime: 181.0
36520.0/37230.0 days/days; walltime: 1.4
36521.0/37230.0 days/days; walltime: 1.0
36522.0/37230.0 days/days; walltime: 1.2
36523.0/37230.0 days/days; walltime: 1.0
36524.0/37230.0 days/days; walltime: 3.1
36525.0/37230.0 days/days; walltime: 0.8
36526.0/37230.0 days/days; walltime: 0.8
36527.0/37230.0 days/days; walltime: 1.0
36528.0/37230.0 days/days; walltime: 0.9
36529.0/37230.0 days/days; walltime: 1.1
36530.0/37230.0 days/days; walltime: 2.4
36531.0/37230.0 days/days; walltime: 0.7
36532.0/37230.0 days/days; walltime: 0.9
36533.0/37230.0 days/days; walltime: 0.7
36534.0/37230.0 days/days; walltime: 0.8
36535.0/37230.0 days/days; walltime: 2.1
36536.0/37230.0 days/days; walltime: 0.5
36537.0/37230.0 days/days; walltime: 0.3
36538.0/37230.0 days/days; walltime: 0.4
36539.0/37230.0 days/days; walltime: 0.7
36540.0/37230.0 days/days; walltime: 0.6
36541.0/37230.0 days/days; walltime: 0.7
36542.0/37230.0 days/days; walltime: 0.6
36543.0/37230.0 days/days; walltime: 0.7
36544.0/37230.0 days/days; walltime: 0.6
36545.0/37230.0 days/days; walltime: 0.8
36546.0/37230.0 days/days; walltime: 0.6
36547.0/37230.0 days/days; walltime: 0.8
36548.0/37230.0 days/days; walltime: 0.6
36549.0/37230.0 days/days; walltime: 0.6
36550.0/37230.0 days/days; walltime: 5.9
36551.0/37230.0 days/days; walltime: 0.5
36552.0/37230.0 days/days; walltime: 0.4
36553.0/37230.0 days/days; walltime: 0.4
36554.0/37230.0 days/days; walltime: 0.6
36555.0/37230.0 days/days; walltime: 0.4
36556.0/37230.0 days/days; walltime: 0.4
36557.0/37230.0 days/days; walltime: 0.6
36558.0/37230.0 days/days; walltime: 0.4
36559.0/37230.0 days/days; walltime: 0.6
36560.0/37230.0 days/days; walltime: 0.4
36561.0/37230.0 days/days; walltime: 0.6
36562.0/37230.0 days/days; walltime: 0.4
36563.0/37230.0 days/days; walltime: 0.4
36564.0/37230.0 days/days; walltime: 0.5
36565.0/37230.0 days/days; walltime: 0.4
36566.0/37230.0 days/days; walltime: 0.4
36567.0/37230.0 days/days; walltime: 0.4
36568.0/37230.0 days/days; walltime: 0.3
36569.0/37230.0 days/days; walltime: 0.5
36570.0/37230.0 days/days; walltime: 0.3
36571.0/37230.0 days/days; walltime: 0.5
36572.0/37230.0 days/days; walltime: 0.4
36573.0/37230.0 days/days; walltime: 0.4
36574.0/37230.0 days/days; walltime: 0.4
36575.0/37230.0 days/days; walltime: 0.4
36576.0/37230.0 days/days; walltime: 0.3
36577.0/37230.0 days/days; walltime: 3.5
36578.0/37230.0 days/days; walltime: 0.4
36579.0/37230.0 days/days; walltime: 0.2
36580.0/37230.0 days/days; walltime: 0.2
36581.0/37230.0 days/days; walltime: 0.1
36582.0/37230.0 days/days; walltime: 0.3
36583.0/37230.0 days/days; walltime: 0.2
36584.0/37230.0 days/days; walltime: 0.1
36585.0/37230.0 days/days; walltime: 0.3
36586.0/37230.0 days/days; walltime: 0.4
36587.0/37230.0 days/days; walltime: 0.2
36588.0/37230.0 days/days; walltime: 0.5
36589.0/37230.0 days/days; walltime: 52.5
36590.0/37230.0 days/days; walltime: 0.6
36591.0/37230.0 days/days; walltime: 0.2
36592.0/37230.0 days/days; walltime: 0.1
36593.0/37230.0 days/days; walltime: 0.3
36594.0/37230.0 days/days; walltime: 0.3
36595.0/37230.0 days/days; walltime: 0.3
36596.0/37230.0 days/days; walltime: 0.4
36597.0/37230.0 days/days; walltime: 0.4
36598.0/37230.0 days/days; walltime: 0.5
36599.0/37230.0 days/days; walltime: 0.2
36600.0/37230.0 days/days; walltime: 0.3
36601.0/37230.0 days/days; walltime: 230.3
36602.0/37230.0 days/days; walltime: 0.2
36603.0/37230.0 days/days; walltime: 0.3
36604.0/37230.0 days/days; walltime: 0.4
36605.0/37230.0 days/days; walltime: 0.3
36606.0/37230.0 days/days; walltime: 26.8
36607.0/37230.0 days/days; walltime: 0.2
36608.0/37230.0 days/days; walltime: 0.3
36609.0/37230.0 days/days; walltime: 0.4
36610.0/37230.0 days/days; walltime: 0.3
36611.0/37230.0 days/days; walltime: 0.2
36612.0/37230.0 days/days; walltime: 0.4
36613.0/37230.0 days/days; walltime: 0.3
36614.0/37230.0 days/days; walltime: 0.3
36615.0/37230.0 days/days; walltime: 0.8
36616.0/37230.0 days/days; walltime: 2.9
slurmstepd: error: *** JOB 61200225 ON cdr560 CANCELLED AT 2023-02-26T21:36:26 DUE TO TIME LIMIT ***
