Case 2:
Picked up JAVA_TOOL_OPTIONS: -Xmx2g
Opening log file:  /tmp/java.log.16279

                            < M A T L A B (R) >
                  Copyright 1984-2022 The MathWorks, Inc.
                  R2022a (9.12.0.1884302) 64-bit (glnxa64)
                             February 16, 2022

 
To get started, type doc.
For product information, visit www.mathworks.com.
 

config = 

  struct with fields:

                 k_s: 0.0299
                 l_c: 10
            n_moulin: 68
    creep_const_soft: 0
             mesh_nr: 4
                 k_c: 0.1500
               h_bed: 0.5000
               l_bed: 10
               alpha: 1.5000
                beta: 1.5000
               omega: 0

Running model run (ode15s):
Run to steady
Saving model run to
./RUN/output_002_steady.nc
Fields, IC & BC initialised
Initial phi calculated in 1.4s
0.0/36500.0 days/days; walltime: 19.0
-----------------------------------------------------------------------------------------------------------------------------------------------------------------------------------------------------------------------------------------------------------------------------------------------------------------------------------------------------------------------------------------------------------------------------------------------------------------------------------------------------------------------------------------------------------------------------------------------------------------------------------------------------------------------------------------------------------------------------------------------------------------------------------------------------------------------------------------------------------------------------------------------------------------------------------------------------------------------------------------------------------------------------------------------------------------------------------------------------------------------------------------------------------------------------------------------------------------------------------------------------------------------------------------------------------------------------------------------------------------------------------------------------------------------------------------------------------------------------------------------------------------------------------------------------------------------------------------------------------------------------------------------------------------------------------------------------------------------------------------------------------------------------------------------------------------------------------------------------------------------------------------------------------------------------------------------------------------------------------------------------------------------------------------------------------------------------------------------------------------------------------------------------------------------------------------------------------------------------------------------------------------------------------------------------------------------------------------------------------------------------------------------------------1825.0/36500.0 days/days; walltime: 296.5
------------------------------------------------------------------------------------------------------3650.0/36500.0 days/days; walltime: 109.1
----------------5475.0/36500.0 days/days; walltime: 1.1
------------7300.0/36500.0 days/days; walltime: 0.9
----------------------------------------------------------------------------------------------------------------------------------------------------------------------------------------------------------------------------------------------9125.0/36500.0 days/days; walltime: 15.4
---------------------------------------------------------------------------------------------------------------------------------------------------------------------------------------------------------------------------------------------------------------------------------------------------------------------------------------------------------------------------------------------------------------------------------------------------------------------------------------------------------------------------------------------------------------------------------------------------------------------------------------------------------------------------------------------------------------------------------------------------------------------------------------------------------------------------------------------------------------------------------------------------------------------------------------------------------------------------------------------------------------------------------------------------------------------------------------------------------------------------------------------------------------------------------------------------------------------------------------------------------------------------------------------------------------------------------------------------------------------------------------------------------------------------------------------------------------------------------------------------------------------------------------------------------------------------------------------------------------------------------------------------------------------------------------------------------------------------------------------------------------------------------------------------------------------------------------------------------------------------------------------------------------------------------------------------------------------------------------------------------------------------------------------------------------------------------------------------------------------------------------------------------------------------------------------------------------------------------------------------------------------------------------------------------------------------------------------------------------------------------------------------------------------------------------------------------------------------------------------------------------------------------------------------------------------------------------------------------------------------------------------------------------------------------------------------------------------------------------------------------------------------------------------------------------------------------------------------------------------------------------------------------------------------------------------------------------------------------------------------------------------------------------------------------------------------------------------10950.0/36500.0 days/days; walltime: 197.5
---------------------------------------------------------------------------------------------------------------------------------------------------------------------------------------------------------------------------------------------------------------------------------------------------------------------------------------------------------------------------------------------------------------------------------------------------------------------------------------------------------------------------12775.0/36500.0 days/days; walltime: 111.6
---------------------------------14600.0/36500.0 days/days; walltime: 324.3
-----------------------16425.0/36500.0 days/days; walltime: 171.1
------------------------18250.0/36500.0 days/days; walltime: 153.4
20075.0/36500.0 days/days; walltime: 47.7
21900.0/36500.0 days/days; walltime: 16.3
23725.0/36500.0 days/days; walltime: 8.6
-25550.0/36500.0 days/days; walltime: 7.4
27375.0/36500.0 days/days; walltime: 5.9
29200.0/36500.0 days/days; walltime: 2.4
31025.0/36500.0 days/days; walltime: 2.2
32850.0/36500.0 days/days; walltime: 2.2
34675.0/36500.0 days/days; walltime: 3.6
36500.0/36500.0 days/days; walltime: 1.4
Wallclock for model run: 1501.9s
 

fields = 

  struct with fields:

    nodes: [1x1 struct]
    edges: [1x1 struct]
       BC: [1x1 struct]

Running model run (ode15s):
Run seasonal
Saving model run to
./RUN/output_002_seasonal.nc
IC initialised from struct
IC initialised from file/given & rest from parameters and given functions
36500.0/37230.0 days/days; walltime: 15.2
36501.0/37230.0 days/days; walltime: 102.2
36502.0/37230.0 days/days; walltime: 4.5
36503.0/37230.0 days/days; walltime: 3.8
36504.0/37230.0 days/days; walltime: 3.1
36505.0/37230.0 days/days; walltime: 4.9
36506.0/37230.0 days/days; walltime: 2.4
36507.0/37230.0 days/days; walltime: 2.3
36508.0/37230.0 days/days; walltime: 3.3
36509.0/37230.0 days/days; walltime: 1.7
36510.0/37230.0 days/days; walltime: 2.9
36511.0/37230.0 days/days; walltime: 1.3
36512.0/37230.0 days/days; walltime: 1.1
36513.0/37230.0 days/days; walltime: 1.2
36514.0/37230.0 days/days; walltime: 1.2
36515.0/37230.0 days/days; walltime: 2.6
36516.0/37230.0 days/days; walltime: 0.9
36517.0/37230.0 days/days; walltime: 0.7
36518.0/37230.0 days/days; walltime: 0.7
36519.0/37230.0 days/days; walltime: 0.9
36520.0/37230.0 days/days; walltime: 0.7
36521.0/37230.0 days/days; walltime: 1.0
36522.0/37230.0 days/days; walltime: 0.7
36523.0/37230.0 days/days; walltime: 2.4
36524.0/37230.0 days/days; walltime: 0.7
36525.0/37230.0 days/days; walltime: 0.5
36526.0/37230.0 days/days; walltime: 0.6
36527.0/37230.0 days/days; walltime: 0.7
36528.0/37230.0 days/days; walltime: 0.8
36529.0/37230.0 days/days; walltime: 0.7
36530.0/37230.0 days/days; walltime: 0.7
36531.0/37230.0 days/days; walltime: 0.6
36532.0/37230.0 days/days; walltime: 0.6
36533.0/37230.0 days/days; walltime: 56.9
36534.0/37230.0 days/days; walltime: 0.4
36535.0/37230.0 days/days; walltime: 0.4
36536.0/37230.0 days/days; walltime: 0.2
36537.0/37230.0 days/days; walltime: 0.5
36538.0/37230.0 days/days; walltime: 0.5
36539.0/37230.0 days/days; walltime: 0.5
36540.0/37230.0 days/days; walltime: 0.5
36541.0/37230.0 days/days; walltime: 0.5
36542.0/37230.0 days/days; walltime: 0.5
36543.0/37230.0 days/days; walltime: 0.4
36544.0/37230.0 days/days; walltime: 0.5
36545.0/37230.0 days/days; walltime: 0.4
36546.0/37230.0 days/days; walltime: 0.5
36547.0/37230.0 days/days; walltime: 40.3
36548.0/37230.0 days/days; walltime: 0.5
36549.0/37230.0 days/days; walltime: 0.3
36550.0/37230.0 days/days; walltime: 0.4
36551.0/37230.0 days/days; walltime: 0.3
36552.0/37230.0 days/days; walltime: 0.4
36553.0/37230.0 days/days; walltime: 0.4
36554.0/37230.0 days/days; walltime: 0.4
36555.0/37230.0 days/days; walltime: 0.3
36556.0/37230.0 days/days; walltime: 0.4
36557.0/37230.0 days/days; walltime: 0.4
36558.0/37230.0 days/days; walltime: 0.4
36559.0/37230.0 days/days; walltime: 0.3
36560.0/37230.0 days/days; walltime: 42.7
36561.0/37230.0 days/days; walltime: 0.7
36562.0/37230.0 days/days; walltime: 0.3
36563.0/37230.0 days/days; walltime: 0.3
36564.0/37230.0 days/days; walltime: 0.3
36565.0/37230.0 days/days; walltime: 0.1
36566.0/37230.0 days/days; walltime: 0.3
36567.0/37230.0 days/days; walltime: 0.1
36568.0/37230.0 days/days; walltime: 0.3
36569.0/37230.0 days/days; walltime: 0.1
36570.0/37230.0 days/days; walltime: 0.3
36571.0/37230.0 days/days; walltime: 0.2
36572.0/37230.0 days/days; walltime: 0.2
36573.0/37230.0 days/days; walltime: 0.3
36574.0/37230.0 days/days; walltime: 0.2
36575.0/37230.0 days/days; walltime: 0.3
36576.0/37230.0 days/days; walltime: 0.3
36577.0/37230.0 days/days; walltime: 0.3
36578.0/37230.0 days/days; walltime: 0.2
36579.0/37230.0 days/days; walltime: 0.3
36580.0/37230.0 days/days; walltime: 0.2
36581.0/37230.0 days/days; walltime: 0.3
36582.0/37230.0 days/days; walltime: 0.2
36583.0/37230.0 days/days; walltime: 0.3
36584.0/37230.0 days/days; walltime: 0.2
36585.0/37230.0 days/days; walltime: 0.2
36586.0/37230.0 days/days; walltime: 0.2
36587.0/37230.0 days/days; walltime: 0.3
36588.0/37230.0 days/days; walltime: 0.2
36589.0/37230.0 days/days; walltime: 25.4
36590.0/37230.0 days/days; walltime: 0.7
36591.0/37230.0 days/days; walltime: 0.1
36592.0/37230.0 days/days; walltime: 0.2
36593.0/37230.0 days/days; walltime: 0.3
36594.0/37230.0 days/days; walltime: 0.2
36595.0/37230.0 days/days; walltime: 0.2
36596.0/37230.0 days/days; walltime: 0.2
36597.0/37230.0 days/days; walltime: 0.3
36598.0/37230.0 days/days; walltime: 0.1
36599.0/37230.0 days/days; walltime: 0.2
36600.0/37230.0 days/days; walltime: 0.2
36601.0/37230.0 days/days; walltime: 0.2
36602.0/37230.0 days/days; walltime: 0.3
36603.0/37230.0 days/days; walltime: 0.1
36604.0/37230.0 days/days; walltime: 0.2
36605.0/37230.0 days/days; walltime: 0.2
36606.0/37230.0 days/days; walltime: 0.2
36607.0/37230.0 days/days; walltime: 0.1
36608.0/37230.0 days/days; walltime: 0.3
36609.0/37230.0 days/days; walltime: 0.1
36610.0/37230.0 days/days; walltime: 0.3
36611.0/37230.0 days/days; walltime: 0.1
36612.0/37230.0 days/days; walltime: 0.2
36613.0/37230.0 days/days; walltime: 0.2
36614.0/37230.0 days/days; walltime: 0.1
-36615.0/37230.0 days/days; walltime: 35.7
36616.0/37230.0 days/days; walltime: 2.3
36617.0/37230.0 days/days; walltime: 0.4
36618.0/37230.0 days/days; walltime: 0.1
36619.0/37230.0 days/days; walltime: 0.1
36620.0/37230.0 days/days; walltime: 0.3
36621.0/37230.0 days/days; walltime: 0.0
36622.0/37230.0 days/days; walltime: 0.0
36623.0/37230.0 days/days; walltime: 0.0
36624.0/37230.0 days/days; walltime: 0.3
36625.0/37230.0 days/days; walltime: 0.0
36626.0/37230.0 days/days; walltime: 0.0
36627.0/37230.0 days/days; walltime: 2.2
36628.0/37230.0 days/days; walltime: 3.5
36629.0/37230.0 days/days; walltime: 0.6
36630.0/37230.0 days/days; walltime: 6.9
36631.0/37230.0 days/days; walltime: 3.4
36632.0/37230.0 days/days; walltime: 5.2
36633.0/37230.0 days/days; walltime: 8.2
36634.0/37230.0 days/days; walltime: 8.8
36635.0/37230.0 days/days; walltime: 18.7
36636.0/37230.0 days/days; walltime: 26.3
36637.0/37230.0 days/days; walltime: 30.1
36638.0/37230.0 days/days; walltime: 23.8
36639.0/37230.0 days/days; walltime: 31.7
36640.0/37230.0 days/days; walltime: 40.6
36641.0/37230.0 days/days; walltime: 37.8
36642.0/37230.0 days/days; walltime: 47.2
36643.0/37230.0 days/days; walltime: 38.4
36644.0/37230.0 days/days; walltime: 33.2
36645.0/37230.0 days/days; walltime: 39.0
36646.0/37230.0 days/days; walltime: 46.9
36647.0/37230.0 days/days; walltime: 41.3
36648.0/37230.0 days/days; walltime: 54.8
36649.0/37230.0 days/days; walltime: 33.0
36650.0/37230.0 days/days; walltime: 29.9
36651.0/37230.0 days/days; walltime: 33.8
36652.0/37230.0 days/days; walltime: 25.2
36653.0/37230.0 days/days; walltime: 38.7
36654.0/37230.0 days/days; walltime: 23.1
36655.0/37230.0 days/days; walltime: 22.8
36656.0/37230.0 days/days; walltime: 26.1
36657.0/37230.0 days/days; walltime: 35.8
36658.0/37230.0 days/days; walltime: 21.6
36659.0/37230.0 days/days; walltime: 18.3
36660.0/37230.0 days/days; walltime: 20.8
36661.0/37230.0 days/days; walltime: 18.9
36662.0/37230.0 days/days; walltime: 18.2
36663.0/37230.0 days/days; walltime: 21.1
36664.0/37230.0 days/days; walltime: 29.2
36665.0/37230.0 days/days; walltime: 22.0
36666.0/37230.0 days/days; walltime: 26.0
36667.0/37230.0 days/days; walltime: 20.4
36668.0/37230.0 days/days; walltime: 21.2
36669.0/37230.0 days/days; walltime: 27.0
36670.0/37230.0 days/days; walltime: 22.7
36671.0/37230.0 days/days; walltime: 17.6
36672.0/37230.0 days/days; walltime: 17.9
36673.0/37230.0 days/days; walltime: 13.7
36674.0/37230.0 days/days; walltime: 14.7
36675.0/37230.0 days/days; walltime: 20.0
36676.0/37230.0 days/days; walltime: 20.1
36677.0/37230.0 days/days; walltime: 16.2
36678.0/37230.0 days/days; walltime: 10.3
36679.0/37230.0 days/days; walltime: 21.2
--36680.0/37230.0 days/days; walltime: 21.6
36681.0/37230.0 days/days; walltime: 33.6
-36682.0/37230.0 days/days; walltime: 50.3
---36683.0/37230.0 days/days; walltime: 8.5
36684.0/37230.0 days/days; walltime: 22.9
36685.0/37230.0 days/days; walltime: 52.1
----36686.0/37230.0 days/days; walltime: 31.7
36687.0/37230.0 days/days; walltime: 4.5
36688.0/37230.0 days/days; walltime: 3.8
36689.0/37230.0 days/days; walltime: 7.9
36690.0/37230.0 days/days; walltime: 3.0
36691.0/37230.0 days/days; walltime: 6.5
36692.0/37230.0 days/days; walltime: 3.4
-36693.0/37230.0 days/days; walltime: 9.7
36694.0/37230.0 days/days; walltime: 6.1
36695.0/37230.0 days/days; walltime: 6.6
36696.0/37230.0 days/days; walltime: 2.9
36697.0/37230.0 days/days; walltime: 4.6
36698.0/37230.0 days/days; walltime: 4.9
36699.0/37230.0 days/days; walltime: 5.1
36700.0/37230.0 days/days; walltime: 4.6
36701.0/37230.0 days/days; walltime: 4.4
36702.0/37230.0 days/days; walltime: 2.7
36703.0/37230.0 days/days; walltime: 5.0
36704.0/37230.0 days/days; walltime: 17.2
36705.0/37230.0 days/days; walltime: 4.9
36706.0/37230.0 days/days; walltime: 4.5
36707.0/37230.0 days/days; walltime: 6.4
36708.0/37230.0 days/days; walltime: 6.3
36709.0/37230.0 days/days; walltime: 7.7
36710.0/37230.0 days/days; walltime: 6.1
36711.0/37230.0 days/days; walltime: 4.6
36712.0/37230.0 days/days; walltime: 7.7
36713.0/37230.0 days/days; walltime: 4.3
36714.0/37230.0 days/days; walltime: 5.0
36715.0/37230.0 days/days; walltime: 6.3
36716.0/37230.0 days/days; walltime: 8.7
36717.0/37230.0 days/days; walltime: 4.9
36718.0/37230.0 days/days; walltime: 7.9
36719.0/37230.0 days/days; walltime: 7.5
36720.0/37230.0 days/days; walltime: 10.7
36721.0/37230.0 days/days; walltime: 8.3
36722.0/37230.0 days/days; walltime: 12.5
36723.0/37230.0 days/days; walltime: 9.7
36724.0/37230.0 days/days; walltime: 11.1
36725.0/37230.0 days/days; walltime: 9.8
36726.0/37230.0 days/days; walltime: 14.3
36727.0/37230.0 days/days; walltime: 9.0
36728.0/37230.0 days/days; walltime: 9.2
36729.0/37230.0 days/days; walltime: 11.1
36730.0/37230.0 days/days; walltime: 9.1
36731.0/37230.0 days/days; walltime: 7.5
36732.0/37230.0 days/days; walltime: 7.4
36733.0/37230.0 days/days; walltime: 5.9
36734.0/37230.0 days/days; walltime: 5.6
36735.0/37230.0 days/days; walltime: 6.1
36736.0/37230.0 days/days; walltime: 3.8
36737.0/37230.0 days/days; walltime: 2.9
36738.0/37230.0 days/days; walltime: 4.1
36739.0/37230.0 days/days; walltime: 2.2
36740.0/37230.0 days/days; walltime: 0.6
36741.0/37230.0 days/days; walltime: 0.5
36742.0/37230.0 days/days; walltime: 0.6
36743.0/37230.0 days/days; walltime: 0.4
36744.0/37230.0 days/days; walltime: 0.4
36745.0/37230.0 days/days; walltime: 0.3
36746.0/37230.0 days/days; walltime: 0.3
36747.0/37230.0 days/days; walltime: 0.3
36748.0/37230.0 days/days; walltime: 0.3
36749.0/37230.0 days/days; walltime: 0.3
36750.0/37230.0 days/days; walltime: 0.1
36751.0/37230.0 days/days; walltime: 0.3
36752.0/37230.0 days/days; walltime: 0.4
36753.0/37230.0 days/days; walltime: 0.4
36754.0/37230.0 days/days; walltime: 0.2
36755.0/37230.0 days/days; walltime: 0.3
36756.0/37230.0 days/days; walltime: 0.4
36757.0/37230.0 days/days; walltime: 0.2
36758.0/37230.0 days/days; walltime: 0.4
36759.0/37230.0 days/days; walltime: 0.2
36760.0/37230.0 days/days; walltime: 0.3
36761.0/37230.0 days/days; walltime: 0.4
36762.0/37230.0 days/days; walltime: 0.2
36763.0/37230.0 days/days; walltime: 0.3
36764.0/37230.0 days/days; walltime: 0.2
36765.0/37230.0 days/days; walltime: 0.3
36766.0/37230.0 days/days; walltime: 0.2
36767.0/37230.0 days/days; walltime: 0.3
36768.0/37230.0 days/days; walltime: 0.2
36769.0/37230.0 days/days; walltime: 0.3
36770.0/37230.0 days/days; walltime: 0.2
36771.0/37230.0 days/days; walltime: 0.3
36772.0/37230.0 days/days; walltime: 0.2
36773.0/37230.0 days/days; walltime: 0.1
36774.0/37230.0 days/days; walltime: 0.3
36775.0/37230.0 days/days; walltime: 0.2
36776.0/37230.0 days/days; walltime: 0.2
36777.0/37230.0 days/days; walltime: 0.2
36778.0/37230.0 days/days; walltime: 0.3
36779.0/37230.0 days/days; walltime: 0.1
36780.0/37230.0 days/days; walltime: 0.2
36781.0/37230.0 days/days; walltime: 0.2
36782.0/37230.0 days/days; walltime: 0.2
36783.0/37230.0 days/days; walltime: 0.1
36784.0/37230.0 days/days; walltime: 0.3
36785.0/37230.0 days/days; walltime: 0.1
36786.0/37230.0 days/days; walltime: 0.3
36787.0/37230.0 days/days; walltime: 0.1
36788.0/37230.0 days/days; walltime: 0.1
36789.0/37230.0 days/days; walltime: 0.3
36790.0/37230.0 days/days; walltime: 0.1
36791.0/37230.0 days/days; walltime: 0.1
36792.0/37230.0 days/days; walltime: 1.9
36793.0/37230.0 days/days; walltime: 0.1
36794.0/37230.0 days/days; walltime: 0.1
36795.0/37230.0 days/days; walltime: 0.1
36796.0/37230.0 days/days; walltime: 0.3
36797.0/37230.0 days/days; walltime: 0.1
36798.0/37230.0 days/days; walltime: 0.1
36799.0/37230.0 days/days; walltime: 0.2
36800.0/37230.0 days/days; walltime: 0.1
36801.0/37230.0 days/days; walltime: 0.1
36802.0/37230.0 days/days; walltime: 0.3
36803.0/37230.0 days/days; walltime: 0.1
36804.0/37230.0 days/days; walltime: 0.1
36805.0/37230.0 days/days; walltime: 0.1
36806.0/37230.0 days/days; walltime: 0.2
36807.0/37230.0 days/days; walltime: 0.1
36808.0/37230.0 days/days; walltime: 0.1
36809.0/37230.0 days/days; walltime: 0.1
36810.0/37230.0 days/days; walltime: 0.2
36811.0/37230.0 days/days; walltime: 0.1
36812.0/37230.0 days/days; walltime: 0.1
36813.0/37230.0 days/days; walltime: 0.3
36814.0/37230.0 days/days; walltime: 0.4
36815.0/37230.0 days/days; walltime: 0.1
36816.0/37230.0 days/days; walltime: 0.1
36817.0/37230.0 days/days; walltime: 0.1
36819.0/37230.0 days/days; walltime: 0.2
36820.0/37230.0 days/days; walltime: 0.1
36821.0/37230.0 days/days; walltime: 0.1
36822.0/37230.0 days/days; walltime: 0.1
36823.0/37230.0 days/days; walltime: 0.2
36825.0/37230.0 days/days; walltime: 0.1
36826.0/37230.0 days/days; walltime: 0.1
36827.0/37230.0 days/days; walltime: 0.1
36828.0/37230.0 days/days; walltime: 0.2
36830.0/37230.0 days/days; walltime: 0.1
36831.0/37230.0 days/days; walltime: 0.1
36832.0/37230.0 days/days; walltime: 0.1
36834.0/37230.0 days/days; walltime: 0.2
36835.0/37230.0 days/days; walltime: 168.2
36836.0/37230.0 days/days; walltime: 0.5
36837.0/37230.0 days/days; walltime: 0.2
36838.0/37230.0 days/days; walltime: 0.2
36839.0/37230.0 days/days; walltime: 0.1
36840.0/37230.0 days/days; walltime: 0.2
36842.0/37230.0 days/days; walltime: 0.1
36843.0/37230.0 days/days; walltime: 0.1
36845.0/37230.0 days/days; walltime: 0.1
36847.0/37230.0 days/days; walltime: 0.2
36848.0/37230.0 days/days; walltime: 0.1
36850.0/37230.0 days/days; walltime: 0.1
36852.0/37230.0 days/days; walltime: 0.1
36854.0/37230.0 days/days; walltime: 0.2
36856.0/37230.0 days/days; walltime: 0.1
36858.0/37230.0 days/days; walltime: 0.1
36860.0/37230.0 days/days; walltime: 0.1
36862.0/37230.0 days/days; walltime: 0.2
36864.0/37230.0 days/days; walltime: 0.1
36866.0/37230.0 days/days; walltime: 0.1
36868.0/37230.0 days/days; walltime: 0.1
36870.0/37230.0 days/days; walltime: 0.2
36873.0/37230.0 days/days; walltime: 0.1
-36875.0/37230.0 days/days; walltime: 37.8
36876.0/37230.0 days/days; walltime: 0.3
36877.0/37230.0 days/days; walltime: 0.2
36878.0/37230.0 days/days; walltime: 0.3
36880.0/37230.0 days/days; walltime: 0.1
36881.0/37230.0 days/days; walltime: 0.1
36883.0/37230.0 days/days; walltime: 0.1
36884.0/37230.0 days/days; walltime: 0.2
36886.0/37230.0 days/days; walltime: 0.1
36889.0/37230.0 days/days; walltime: 0.1
36891.0/37230.0 days/days; walltime: 0.1
36893.0/37230.0 days/days; walltime: 0.2
36896.0/37230.0 days/days; walltime: 0.1
36898.0/37230.0 days/days; walltime: 0.1
36901.0/37230.0 days/days; walltime: 0.1
36903.0/37230.0 days/days; walltime: 0.2
36906.0/37230.0 days/days; walltime: 0.1
36908.0/37230.0 days/days; walltime: 0.1
36911.0/37230.0 days/days; walltime: 0.1
36913.0/37230.0 days/days; walltime: 0.2
36916.0/37230.0 days/days; walltime: 0.1
36918.0/37230.0 days/days; walltime: 0.1
36921.0/37230.0 days/days; walltime: 0.1
36923.0/37230.0 days/days; walltime: 0.2
36926.0/37230.0 days/days; walltime: 0.1
36929.0/37230.0 days/days; walltime: 0.1
36931.0/37230.0 days/days; walltime: 0.1
36934.0/37230.0 days/days; walltime: 0.2
36937.0/37230.0 days/days; walltime: 0.1
36939.0/37230.0 days/days; walltime: 0.1
36942.0/37230.0 days/days; walltime: 0.1
36945.0/37230.0 days/days; walltime: 0.2
36948.0/37230.0 days/days; walltime: 0.1
36950.0/37230.0 days/days; walltime: 0.1
36953.0/37230.0 days/days; walltime: 0.1
36956.0/37230.0 days/days; walltime: 0.2
36959.0/37230.0 days/days; walltime: 0.1
36962.0/37230.0 days/days; walltime: 0.1
36965.0/37230.0 days/days; walltime: 0.1
36967.0/37230.0 days/days; walltime: 0.2
36970.0/37230.0 days/days; walltime: 0.1
36973.0/37230.0 days/days; walltime: 0.1
36976.0/37230.0 days/days; walltime: 0.1
36979.0/37230.0 days/days; walltime: 0.2
36982.0/37230.0 days/days; walltime: 0.1
36985.0/37230.0 days/days; walltime: 0.1
36988.0/37230.0 days/days; walltime: 0.1
--36991.0/37230.0 days/days; walltime: 1.9
36992.0/37230.0 days/days; walltime: 2.0
36993.0/37230.0 days/days; walltime: 2.1
36994.0/37230.0 days/days; walltime: 3.9
36995.0/37230.0 days/days; walltime: 6.0
36996.0/37230.0 days/days; walltime: 4.4
36997.0/37230.0 days/days; walltime: 5.9
36998.0/37230.0 days/days; walltime: 11.0
36999.0/37230.0 days/days; walltime: 11.4
37000.0/37230.0 days/days; walltime: 20.0
37001.0/37230.0 days/days; walltime: 21.2
37002.0/37230.0 days/days; walltime: 31.0
37003.0/37230.0 days/days; walltime: 35.1
37004.0/37230.0 days/days; walltime: 35.0
37005.0/37230.0 days/days; walltime: 39.1
37006.0/37230.0 days/days; walltime: 41.4
37007.0/37230.0 days/days; walltime: 46.9
37008.0/37230.0 days/days; walltime: 37.6
37009.0/37230.0 days/days; walltime: 35.3
37010.0/37230.0 days/days; walltime: 33.0
37011.0/37230.0 days/days; walltime: 44.3
37012.0/37230.0 days/days; walltime: 47.9
37013.0/37230.0 days/days; walltime: 40.7
37014.0/37230.0 days/days; walltime: 31.5
37015.0/37230.0 days/days; walltime: 38.6
37016.0/37230.0 days/days; walltime: 34.3
37017.0/37230.0 days/days; walltime: 26.4
37018.0/37230.0 days/days; walltime: 29.9
37019.0/37230.0 days/days; walltime: 30.2
37020.0/37230.0 days/days; walltime: 23.8
37021.0/37230.0 days/days; walltime: 21.8
37022.0/37230.0 days/days; walltime: 25.8
37023.0/37230.0 days/days; walltime: 27.2
37024.0/37230.0 days/days; walltime: 19.3
37025.0/37230.0 days/days; walltime: 22.2
37026.0/37230.0 days/days; walltime: 16.2
37027.0/37230.0 days/days; walltime: 17.9
37028.0/37230.0 days/days; walltime: 20.4
37029.0/37230.0 days/days; walltime: 25.5
37030.0/37230.0 days/days; walltime: 21.9
37031.0/37230.0 days/days; walltime: 29.7
37032.0/37230.0 days/days; walltime: 22.3
37033.0/37230.0 days/days; walltime: 21.8
37034.0/37230.0 days/days; walltime: 23.8
37035.0/37230.0 days/days; walltime: 19.3
37036.0/37230.0 days/days; walltime: 18.4
37037.0/37230.0 days/days; walltime: 18.4
37038.0/37230.0 days/days; walltime: 14.8
37039.0/37230.0 days/days; walltime: 14.1
37040.0/37230.0 days/days; walltime: 15.2
37041.0/37230.0 days/days; walltime: 12.1
37042.0/37230.0 days/days; walltime: 19.8
37043.0/37230.0 days/days; walltime: 21.3
37044.0/37230.0 days/days; walltime: 22.6
37045.0/37230.0 days/days; walltime: 24.2
---37046.0/37230.0 days/days; walltime: 76.2
---------37047.0/37230.0 days/days; walltime: 4.5
37048.0/37230.0 days/days; walltime: 5.3
37049.0/37230.0 days/days; walltime: 8.8
37050.0/37230.0 days/days; walltime: 17.3
37051.0/37230.0 days/days; walltime: 39.2
37052.0/37230.0 days/days; walltime: 57.9
------37053.0/37230.0 days/days; walltime: 33.2
----37054.0/37230.0 days/days; walltime: 7.9
37055.0/37230.0 days/days; walltime: 1.5
37056.0/37230.0 days/days; walltime: 9.8
37057.0/37230.0 days/days; walltime: 3.1
37058.0/37230.0 days/days; walltime: 4.8
37059.0/37230.0 days/days; walltime: 9.1
37060.0/37230.0 days/days; walltime: 7.3
37061.0/37230.0 days/days; walltime: 2.4
37062.0/37230.0 days/days; walltime: 4.6
37063.0/37230.0 days/days; walltime: 6.6
37064.0/37230.0 days/days; walltime: 5.1
37065.0/37230.0 days/days; walltime: 5.1
37066.0/37230.0 days/days; walltime: 4.5
37067.0/37230.0 days/days; walltime: 3.4
37068.0/37230.0 days/days; walltime: 5.1
37069.0/37230.0 days/days; walltime: 14.0
37070.0/37230.0 days/days; walltime: 8.7
37071.0/37230.0 days/days; walltime: 4.0
37072.0/37230.0 days/days; walltime: 6.4
37073.0/37230.0 days/days; walltime: 4.3
37074.0/37230.0 days/days; walltime: 14.7
37075.0/37230.0 days/days; walltime: 5.0
37076.0/37230.0 days/days; walltime: 5.1
37077.0/37230.0 days/days; walltime: 7.3
37078.0/37230.0 days/days; walltime: 5.5
37079.0/37230.0 days/days; walltime: 4.9
37080.0/37230.0 days/days; walltime: 6.3
37081.0/37230.0 days/days; walltime: 8.3
37082.0/37230.0 days/days; walltime: 5.7
37083.0/37230.0 days/days; walltime: 6.3
37084.0/37230.0 days/days; walltime: 12.6
37085.0/37230.0 days/days; walltime: 10.5
37086.0/37230.0 days/days; walltime: 10.1
37087.0/37230.0 days/days; walltime: 15.4
37088.0/37230.0 days/days; walltime: 11.5
37089.0/37230.0 days/days; walltime: 15.5
37090.0/37230.0 days/days; walltime: 11.8
37091.0/37230.0 days/days; walltime: 12.6
37092.0/37230.0 days/days; walltime: 10.8
37093.0/37230.0 days/days; walltime: 10.1
37094.0/37230.0 days/days; walltime: 8.0
37095.0/37230.0 days/days; walltime: 9.7
37096.0/37230.0 days/days; walltime: 7.8
37097.0/37230.0 days/days; walltime: 6.8
37098.0/37230.0 days/days; walltime: 6.8
37099.0/37230.0 days/days; walltime: 4.9
37100.0/37230.0 days/days; walltime: 5.0
37101.0/37230.0 days/days; walltime: 3.1
37102.0/37230.0 days/days; walltime: 2.7
37103.0/37230.0 days/days; walltime: 3.6
37104.0/37230.0 days/days; walltime: 2.2
37105.0/37230.0 days/days; walltime: 0.6
37106.0/37230.0 days/days; walltime: 0.6
37107.0/37230.0 days/days; walltime: 0.5
37108.0/37230.0 days/days; walltime: 0.5
37109.0/37230.0 days/days; walltime: 0.5
37110.0/37230.0 days/days; walltime: 0.6
37111.0/37230.0 days/days; walltime: 0.5
37112.0/37230.0 days/days; walltime: 0.4
37113.0/37230.0 days/days; walltime: 0.4
37114.0/37230.0 days/days; walltime: 0.4
37115.0/37230.0 days/days; walltime: 0.4
37116.0/37230.0 days/days; walltime: 0.3
37117.0/37230.0 days/days; walltime: 0.4
37118.0/37230.0 days/days; walltime: 0.4
37119.0/37230.0 days/days; walltime: 0.2
37120.0/37230.0 days/days; walltime: 0.4
37121.0/37230.0 days/days; walltime: 0.3
37122.0/37230.0 days/days; walltime: 0.3
37123.0/37230.0 days/days; walltime: 0.3
---37124.0/37230.0 days/days; walltime: 0.4
37125.0/37230.0 days/days; walltime: 1.6
37126.0/37230.0 days/days; walltime: 0.3
37127.0/37230.0 days/days; walltime: 0.2
37128.0/37230.0 days/days; walltime: 0.4
37129.0/37230.0 days/days; walltime: 0.2
37130.0/37230.0 days/days; walltime: 0.3
37131.0/37230.0 days/days; walltime: 0.2
37132.0/37230.0 days/days; walltime: 0.3
37133.0/37230.0 days/days; walltime: 0.2
37134.0/37230.0 days/days; walltime: 0.3
37135.0/37230.0 days/days; walltime: 0.1
37136.0/37230.0 days/days; walltime: 0.3
37137.0/37230.0 days/days; walltime: 0.2
37138.0/37230.0 days/days; walltime: 33.1
37139.0/37230.0 days/days; walltime: 0.7
37140.0/37230.0 days/days; walltime: 0.1
37141.0/37230.0 days/days; walltime: 0.2
37142.0/37230.0 days/days; walltime: 0.3
37143.0/37230.0 days/days; walltime: 0.1
37144.0/37230.0 days/days; walltime: 0.3
37145.0/37230.0 days/days; walltime: 0.1
37146.0/37230.0 days/days; walltime: 0.2
37147.0/37230.0 days/days; walltime: 0.2
37148.0/37230.0 days/days; walltime: 0.2
37149.0/37230.0 days/days; walltime: 0.1
37150.0/37230.0 days/days; walltime: 0.3
37151.0/37230.0 days/days; walltime: 0.1
37152.0/37230.0 days/days; walltime: 0.1
37153.0/37230.0 days/days; walltime: 0.2
37154.0/37230.0 days/days; walltime: 0.0
37155.0/37230.0 days/days; walltime: 0.3
37156.0/37230.0 days/days; walltime: 0.0
37157.0/37230.0 days/days; walltime: 0.1
37158.0/37230.0 days/days; walltime: 0.1
37159.0/37230.0 days/days; walltime: 0.3
37160.0/37230.0 days/days; walltime: 0.0
37161.0/37230.0 days/days; walltime: 0.0
37162.0/37230.0 days/days; walltime: 0.2
37163.0/37230.0 days/days; walltime: 0.1
37164.0/37230.0 days/days; walltime: 0.2
37165.0/37230.0 days/days; walltime: 0.2
37166.0/37230.0 days/days; walltime: 0.1
37167.0/37230.0 days/days; walltime: 0.1
37168.0/37230.0 days/days; walltime: 0.1
37169.0/37230.0 days/days; walltime: 0.2
37170.0/37230.0 days/days; walltime: 0.1
37171.0/37230.0 days/days; walltime: 0.1
37172.0/37230.0 days/days; walltime: 0.1
37173.0/37230.0 days/days; walltime: 0.2
37174.0/37230.0 days/days; walltime: 0.1
37175.0/37230.0 days/days; walltime: 0.1
37176.0/37230.0 days/days; walltime: 0.1
37177.0/37230.0 days/days; walltime: 0.2
37178.0/37230.0 days/days; walltime: 0.1
37179.0/37230.0 days/days; walltime: 0.1
37180.0/37230.0 days/days; walltime: 0.1
37181.0/37230.0 days/days; walltime: 0.2
37182.0/37230.0 days/days; walltime: 0.1
37183.0/37230.0 days/days; walltime: 0.1
37184.0/37230.0 days/days; walltime: 0.1
37186.0/37230.0 days/days; walltime: 0.2
37187.0/37230.0 days/days; walltime: 0.1
37188.0/37230.0 days/days; walltime: 0.1
37189.0/37230.0 days/days; walltime: 0.1
37190.0/37230.0 days/days; walltime: 0.2
37192.0/37230.0 days/days; walltime: 0.1
37193.0/37230.0 days/days; walltime: 0.1
37194.0/37230.0 days/days; walltime: 0.1
37196.0/37230.0 days/days; walltime: 52.3
37197.0/37230.0 days/days; walltime: 0.4
37198.0/37230.0 days/days; walltime: 0.1
37200.0/37230.0 days/days; walltime: 0.1
37201.0/37230.0 days/days; walltime: 0.1
37202.0/37230.0 days/days; walltime: 0.2
37203.0/37230.0 days/days; walltime: 0.1
37205.0/37230.0 days/days; walltime: 0.1
37206.0/37230.0 days/days; walltime: 0.1
37208.0/37230.0 days/days; walltime: 0.2
37210.0/37230.0 days/days; walltime: 0.1
37211.0/37230.0 days/days; walltime: 0.1
37213.0/37230.0 days/days; walltime: 0.1
37215.0/37230.0 days/days; walltime: 0.2
37217.0/37230.0 days/days; walltime: 0.1
37219.0/37230.0 days/days; walltime: 0.1
37221.0/37230.0 days/days; walltime: 0.1
37222.0/37230.0 days/days; walltime: 0.2
37225.0/37230.0 days/days; walltime: 0.1
37227.0/37230.0 days/days; walltime: 0.1
37229.0/37230.0 days/days; walltime: 0.2
Wallclock for model run: 4472.8s
 

fields = 

  struct with fields:

    nodes: [1x1 struct]
    edges: [1x1 struct]
       BC: [1x1 struct]

No cases left; exiting.
