Case 5:
Picked up JAVA_TOOL_OPTIONS: -Xmx2g
Opening log file:  /tmp/java.log.32470

                            < M A T L A B (R) >
                  Copyright 1984-2022 The MathWorks, Inc.
                  R2022a (9.12.0.1884302) 64-bit (glnxa64)
                             February 16, 2022

 
To get started, type doc.
For product information, visit www.mathworks.com.
 

config = 

  struct with fields:

                 k_s: 0.2500
                 l_c: 10
            n_moulin: 68
    creep_const_soft: 0
             mesh_nr: 4
                 k_c: 0.1500
               h_bed: 0.5000
               l_bed: 10
               alpha: 1.5000
                beta: 1.5000
               omega: 5.0000e-04

Running model run (ode15s):
Run to steady
Saving model run to
./RUN/output_005_steady.nc
Fields, IC & BC initialised
Initial phi calculated in 3.9s
0.0/36500.0 days/days; walltime: 17.4
----------------------------------------------------------------------------------------------------------------------------------------------------------------------------------------------------------------------------------------------1825.0/36500.0 days/days; walltime: 134.2
3650.0/36500.0 days/days; walltime: 3.7
5475.0/36500.0 days/days; walltime: 2.1
7300.0/36500.0 days/days; walltime: 1.5
--------9125.0/36500.0 days/days; walltime: 6.9
10950.0/36500.0 days/days; walltime: 800.3
12775.0/36500.0 days/days; walltime: 529.7
14600.0/36500.0 days/days; walltime: 402.7
16425.0/36500.0 days/days; walltime: 392.1
18250.0/36500.0 days/days; walltime: 244.8
20075.0/36500.0 days/days; walltime: 159.9
21900.0/36500.0 days/days; walltime: 17.6
23725.0/36500.0 days/days; walltime: 13.0
25550.0/36500.0 days/days; walltime: 5.6
27375.0/36500.0 days/days; walltime: 4.7
29200.0/36500.0 days/days; walltime: 3.2
31025.0/36500.0 days/days; walltime: 2.9
32850.0/36500.0 days/days; walltime: 2.6
34675.0/36500.0 days/days; walltime: 4.0
36500.0/36500.0 days/days; walltime: 2.1
Wallclock for model run: 2755.7s
 

fields = 

  struct with fields:

    nodes: [1x1 struct]
    edges: [1x1 struct]
       BC: [1x1 struct]

Running model run (ode15s):
Run seasonal
Saving model run to
./RUN/output_005_seasonal.nc
IC initialised from struct
IC initialised from file/given & rest from parameters and given functions
36500.0/37230.0 days/days; walltime: 12.3
36501.0/37230.0 days/days; walltime: 52.8
36502.0/37230.0 days/days; walltime: 9.9
36503.0/37230.0 days/days; walltime: 20.5
36504.0/37230.0 days/days; walltime: 9.3
36505.0/37230.0 days/days; walltime: 17.0
36506.0/37230.0 days/days; walltime: 8.0
36507.0/37230.0 days/days; walltime: 5.7
36508.0/37230.0 days/days; walltime: 5.8
36509.0/37230.0 days/days; walltime: 2.3
36510.0/37230.0 days/days; walltime: 2.9
36511.0/37230.0 days/days; walltime: 3.7
36512.0/37230.0 days/days; walltime: 30.5
36513.0/37230.0 days/days; walltime: 1.9
36514.0/37230.0 days/days; walltime: 1.6
36515.0/37230.0 days/days; walltime: 2.1
36516.0/37230.0 days/days; walltime: 12.8
36517.0/37230.0 days/days; walltime: 69.7
36518.0/37230.0 days/days; walltime: 27.5
36519.0/37230.0 days/days; walltime: 1.5
36520.0/37230.0 days/days; walltime: 1.2
36521.0/37230.0 days/days; walltime: 1.0
36522.0/37230.0 days/days; walltime: 1.1
36523.0/37230.0 days/days; walltime: 2.6
36524.0/37230.0 days/days; walltime: 1.1
36525.0/37230.0 days/days; walltime: 1.0
36526.0/37230.0 days/days; walltime: 0.8
36527.0/37230.0 days/days; walltime: 1.1
36528.0/37230.0 days/days; walltime: 3.0
36529.0/37230.0 days/days; walltime: 0.7
36530.0/37230.0 days/days; walltime: 0.9
36531.0/37230.0 days/days; walltime: 0.7
36532.0/37230.0 days/days; walltime: 0.8
36533.0/37230.0 days/days; walltime: 0.7
36534.0/37230.0 days/days; walltime: 0.7
36535.0/37230.0 days/days; walltime: 2.4
36536.0/37230.0 days/days; walltime: 0.4
36537.0/37230.0 days/days; walltime: 0.4
36538.0/37230.0 days/days; walltime: 0.3
36539.0/37230.0 days/days; walltime: 0.7
36540.0/37230.0 days/days; walltime: 0.6
36541.0/37230.0 days/days; walltime: 0.6
36542.0/37230.0 days/days; walltime: 0.6
36543.0/37230.0 days/days; walltime: 0.6
36544.0/37230.0 days/days; walltime: 0.6
36545.0/37230.0 days/days; walltime: 0.4
36546.0/37230.0 days/days; walltime: 0.6
36547.0/37230.0 days/days; walltime: 0.6
36548.0/37230.0 days/days; walltime: 0.5
36549.0/37230.0 days/days; walltime: 0.6
36550.0/37230.0 days/days; walltime: 0.5
36551.0/37230.0 days/days; walltime: 4.8
36552.0/37230.0 days/days; walltime: 0.6
36553.0/37230.0 days/days; walltime: 0.6
36554.0/37230.0 days/days; walltime: 0.6
36555.0/37230.0 days/days; walltime: 0.7
36556.0/37230.0 days/days; walltime: 0.6
36557.0/37230.0 days/days; walltime: 24.8
36558.0/37230.0 days/days; walltime: 0.7
36559.0/37230.0 days/days; walltime: 0.4
36560.0/37230.0 days/days; walltime: 0.5
36561.0/37230.0 days/days; walltime: 0.4
36562.0/37230.0 days/days; walltime: 0.4
36563.0/37230.0 days/days; walltime: 0.5
36564.0/37230.0 days/days; walltime: 0.4
36565.0/37230.0 days/days; walltime: 0.4
36566.0/37230.0 days/days; walltime: 0.5
36567.0/37230.0 days/days; walltime: 0.3
36568.0/37230.0 days/days; walltime: 0.3
36569.0/37230.0 days/days; walltime: 0.3
36570.0/37230.0 days/days; walltime: 0.3
36571.0/37230.0 days/days; walltime: 0.4
36572.0/37230.0 days/days; walltime: 0.3
36573.0/37230.0 days/days; walltime: 0.3
36574.0/37230.0 days/days; walltime: 0.3
36575.0/37230.0 days/days; walltime: 0.3
36576.0/37230.0 days/days; walltime: 0.3
36577.0/37230.0 days/days; walltime: 0.3
36578.0/37230.0 days/days; walltime: 0.3
36579.0/37230.0 days/days; walltime: 0.4
36580.0/37230.0 days/days; walltime: 0.3
36581.0/37230.0 days/days; walltime: 0.4
36582.0/37230.0 days/days; walltime: 0.4
36583.0/37230.0 days/days; walltime: 0.4
36584.0/37230.0 days/days; walltime: 0.3
36585.0/37230.0 days/days; walltime: 0.4
36586.0/37230.0 days/days; walltime: 0.4
36587.0/37230.0 days/days; walltime: 0.4
36588.0/37230.0 days/days; walltime: 3.0
36589.0/37230.0 days/days; walltime: 0.2
36590.0/37230.0 days/days; walltime: 0.1
36591.0/37230.0 days/days; walltime: 0.2
36592.0/37230.0 days/days; walltime: 0.2
36593.0/37230.0 days/days; walltime: 0.1
36594.0/37230.0 days/days; walltime: 0.3
36595.0/37230.0 days/days; walltime: 0.3
36596.0/37230.0 days/days; walltime: 0.3
36597.0/37230.0 days/days; walltime: 0.3
36598.0/37230.0 days/days; walltime: 0.3
36599.0/37230.0 days/days; walltime: 0.3
36600.0/37230.0 days/days; walltime: 0.3
36601.0/37230.0 days/days; walltime: 0.1
36602.0/37230.0 days/days; walltime: 0.3
36603.0/37230.0 days/days; walltime: 0.3
36604.0/37230.0 days/days; walltime: 0.3
36605.0/37230.0 days/days; walltime: 0.3
36606.0/37230.0 days/days; walltime: 0.3
36607.0/37230.0 days/days; walltime: 0.1
36608.0/37230.0 days/days; walltime: 0.3
36609.0/37230.0 days/days; walltime: 0.3
36610.0/37230.0 days/days; walltime: 0.3
36611.0/37230.0 days/days; walltime: 0.1
36612.0/37230.0 days/days; walltime: 0.2
36613.0/37230.0 days/days; walltime: 0.3
36614.0/37230.0 days/days; walltime: 0.1
36615.0/37230.0 days/days; walltime: 0.7
36616.0/37230.0 days/days; walltime: 3.7
36617.0/37230.0 days/days; walltime: 5.3
36618.0/37230.0 days/days; walltime: 10.2
36619.0/37230.0 days/days; walltime: 13.2
36620.0/37230.0 days/days; walltime: 12.3
36621.0/37230.0 days/days; walltime: 14.7
36622.0/37230.0 days/days; walltime: 33.3
36623.0/37230.0 days/days; walltime: 16.7
36624.0/37230.0 days/days; walltime: 20.8
36625.0/37230.0 days/days; walltime: 19.4
36626.0/37230.0 days/days; walltime: 17.7
36627.0/37230.0 days/days; walltime: 18.2
36628.0/37230.0 days/days; walltime: 19.8
36629.0/37230.0 days/days; walltime: 17.4
36630.0/37230.0 days/days; walltime: 19.7
36631.0/37230.0 days/days; walltime: 17.9
36632.0/37230.0 days/days; walltime: 18.1
36633.0/37230.0 days/days; walltime: 17.8
36634.0/37230.0 days/days; walltime: 17.6
36635.0/37230.0 days/days; walltime: 16.9
36636.0/37230.0 days/days; walltime: 16.6
36637.0/37230.0 days/days; walltime: 14.6
36638.0/37230.0 days/days; walltime: 18.1
36639.0/37230.0 days/days; walltime: 15.7
36640.0/37230.0 days/days; walltime: 31.4
slurmstepd: error: *** JOB 61200218 ON cdr560 CANCELLED AT 2023-02-26T21:36:26 DUE TO TIME LIMIT ***
