Case 4:
Picked up JAVA_TOOL_OPTIONS: -Xmx2g
Opening log file:  /tmp/java.log.31612

                            < M A T L A B (R) >
                  Copyright 1984-2022 The MathWorks, Inc.
                  R2022a (9.12.0.1884302) 64-bit (glnxa64)
                             February 16, 2022

 
To get started, type doc.
For product information, visit www.mathworks.com.
 

config = 

  struct with fields:

                 k_s: 0.2500
                 l_c: 10
            n_moulin: 68
    creep_const_soft: 0
             mesh_nr: 4
                 k_c: 0.1500
               h_bed: 0.5000
               l_bed: 10
               alpha: 1.2500
                beta: 1.5000
               omega: 5.0000e-04

Running model run (ode15s):
Run to steady
Saving model run to
./RUN/output_004_steady.nc
Fields, IC & BC initialised
Initial phi calculated in 1.2s
0.0/36500.0 days/days; walltime: 17.9
------------------------------------------------------------------------------------------------------------------------------------------------------------------------------------------------------------------------------------------------------------------------------------------------------------------------------------------------------------------------------------------------------------------------------------------------------------------------------------------------------------------1825.0/36500.0 days/days; walltime: 139.5
-------------------------------------------------3650.0/36500.0 days/days; walltime: 3.8
----------------------------5475.0/36500.0 days/days; walltime: 2.2
------------------7300.0/36500.0 days/days; walltime: 1.5
-------------------------------------------------------------------------------------------------------------9125.0/36500.0 days/days; walltime: 7.4
------------10950.0/36500.0 days/days; walltime: 807.4
12775.0/36500.0 days/days; walltime: 556.2
14600.0/36500.0 days/days; walltime: 371.5
16425.0/36500.0 days/days; walltime: 330.0
18250.0/36500.0 days/days; walltime: 270.3
20075.0/36500.0 days/days; walltime: 128.8
21900.0/36500.0 days/days; walltime: 19.2
23725.0/36500.0 days/days; walltime: 39.9
25550.0/36500.0 days/days; walltime: 12.7
27375.0/36500.0 days/days; walltime: 2.6
29200.0/36500.0 days/days; walltime: 2.6
31025.0/36500.0 days/days; walltime: 2.2
32850.0/36500.0 days/days; walltime: 2.3
34675.0/36500.0 days/days; walltime: 2.7
36500.0/36500.0 days/days; walltime: 3.4
Wallclock for model run: 2729.4s
 

fields = 

  struct with fields:

    nodes: [1x1 struct]
    edges: [1x1 struct]
       BC: [1x1 struct]

Running model run (ode15s):
Run seasonal
Saving model run to
./RUN/output_004_seasonal.nc
IC initialised from struct
IC initialised from file/given & rest from parameters and given functions
36500.0/37230.0 days/days; walltime: 13.3
36501.0/37230.0 days/days; walltime: 82.4
36502.0/37230.0 days/days; walltime: 34.9
36503.0/37230.0 days/days; walltime: 15.5
36504.0/37230.0 days/days; walltime: 22.1
36505.0/37230.0 days/days; walltime: 14.8
36506.0/37230.0 days/days; walltime: 9.1
36507.0/37230.0 days/days; walltime: 9.3
36508.0/37230.0 days/days; walltime: 7.6
36509.0/37230.0 days/days; walltime: 2.8
36510.0/37230.0 days/days; walltime: 7.9
36511.0/37230.0 days/days; walltime: 3.0
36512.0/37230.0 days/days; walltime: 2.8
36513.0/37230.0 days/days; walltime: 5.3
36514.0/37230.0 days/days; walltime: 5.8
-36515.0/37230.0 days/days; walltime: 7.5
36516.0/37230.0 days/days; walltime: 2.3
--36517.0/37230.0 days/days; walltime: 5.3
36518.0/37230.0 days/days; walltime: 3.3
--36519.0/37230.0 days/days; walltime: 8.6
36520.0/37230.0 days/days; walltime: 1.4
--36521.0/37230.0 days/days; walltime: 5.2
36522.0/37230.0 days/days; walltime: 1.3
36523.0/37230.0 days/days; walltime: 2.6
36524.0/37230.0 days/days; walltime: 1.1
36525.0/37230.0 days/days; walltime: 1.9
36526.0/37230.0 days/days; walltime: 4.3
36527.0/37230.0 days/days; walltime: 4.2
36528.0/37230.0 days/days; walltime: 0.8
36529.0/37230.0 days/days; walltime: 0.5
36530.0/37230.0 days/days; walltime: 2.3
--36531.0/37230.0 days/days; walltime: 5.4
36532.0/37230.0 days/days; walltime: 2.5
36533.0/37230.0 days/days; walltime: 1.3
36534.0/37230.0 days/days; walltime: 6.3
36535.0/37230.0 days/days; walltime: 0.9
36536.0/37230.0 days/days; walltime: 4.1
36537.0/37230.0 days/days; walltime: 1.0
36538.0/37230.0 days/days; walltime: 2.4
36539.0/37230.0 days/days; walltime: 0.8
36540.0/37230.0 days/days; walltime: 3.8
36541.0/37230.0 days/days; walltime: 0.6
36542.0/37230.0 days/days; walltime: 0.9
36543.0/37230.0 days/days; walltime: 2.0
36544.0/37230.0 days/days; walltime: 0.6
36545.0/37230.0 days/days; walltime: 0.6
36546.0/37230.0 days/days; walltime: 2.1
36547.0/37230.0 days/days; walltime: 0.9
36548.0/37230.0 days/days; walltime: 0.9
36549.0/37230.0 days/days; walltime: 0.7
36550.0/37230.0 days/days; walltime: 0.8
36551.0/37230.0 days/days; walltime: 3.1
36552.0/37230.0 days/days; walltime: 0.9
36553.0/37230.0 days/days; walltime: 0.6
36554.0/37230.0 days/days; walltime: 0.7
36555.0/37230.0 days/days; walltime: 0.8
36556.0/37230.0 days/days; walltime: 0.6
36557.0/37230.0 days/days; walltime: 0.6
36558.0/37230.0 days/days; walltime: 2.6
36559.0/37230.0 days/days; walltime: 0.8
36560.0/37230.0 days/days; walltime: 0.8
36561.0/37230.0 days/days; walltime: 0.6
36562.0/37230.0 days/days; walltime: 3.5
36563.0/37230.0 days/days; walltime: 0.5
36564.0/37230.0 days/days; walltime: 0.5
36565.0/37230.0 days/days; walltime: 0.6
36566.0/37230.0 days/days; walltime: 0.4
36567.0/37230.0 days/days; walltime: 0.4
36568.0/37230.0 days/days; walltime: 0.5
36569.0/37230.0 days/days; walltime: 0.5
36570.0/37230.0 days/days; walltime: 0.4
36571.0/37230.0 days/days; walltime: 0.6
36572.0/37230.0 days/days; walltime: 0.4
36573.0/37230.0 days/days; walltime: 0.5
36574.0/37230.0 days/days; walltime: 0.4
36575.0/37230.0 days/days; walltime: 1.7
36576.0/37230.0 days/days; walltime: 0.4
36577.0/37230.0 days/days; walltime: 0.8
36578.0/37230.0 days/days; walltime: 0.5
36579.0/37230.0 days/days; walltime: 0.5
36580.0/37230.0 days/days; walltime: 0.5
36581.0/37230.0 days/days; walltime: 0.5
36582.0/37230.0 days/days; walltime: 0.4
36583.0/37230.0 days/days; walltime: 0.4
36584.0/37230.0 days/days; walltime: 0.4
36585.0/37230.0 days/days; walltime: 0.5
36586.0/37230.0 days/days; walltime: 0.4
36587.0/37230.0 days/days; walltime: 0.4
36588.0/37230.0 days/days; walltime: 0.4
36589.0/37230.0 days/days; walltime: 0.3
36590.0/37230.0 days/days; walltime: 0.3
36591.0/37230.0 days/days; walltime: 0.3
36592.0/37230.0 days/days; walltime: 2.3
36593.0/37230.0 days/days; walltime: 0.4
36594.0/37230.0 days/days; walltime: 0.4
36595.0/37230.0 days/days; walltime: 0.3
36596.0/37230.0 days/days; walltime: 3.5
36597.0/37230.0 days/days; walltime: 0.3
36598.0/37230.0 days/days; walltime: 0.3
36599.0/37230.0 days/days; walltime: 0.3
36600.0/37230.0 days/days; walltime: 0.3
36601.0/37230.0 days/days; walltime: 0.1
36602.0/37230.0 days/days; walltime: 0.1
36603.0/37230.0 days/days; walltime: 0.1
36604.0/37230.0 days/days; walltime: 0.1
36605.0/37230.0 days/days; walltime: 0.1
36606.0/37230.0 days/days; walltime: 0.1
36607.0/37230.0 days/days; walltime: 0.1
36608.0/37230.0 days/days; walltime: 0.4
36609.0/37230.0 days/days; walltime: 0.4
36610.0/37230.0 days/days; walltime: 0.4
36611.0/37230.0 days/days; walltime: 1.7
36612.0/37230.0 days/days; walltime: 1.8
36613.0/37230.0 days/days; walltime: 0.3
36614.0/37230.0 days/days; walltime: 0.4
-36615.0/37230.0 days/days; walltime: 1.4
36616.0/37230.0 days/days; walltime: 3.9
36617.0/37230.0 days/days; walltime: 6.6
36618.0/37230.0 days/days; walltime: 12.8
36619.0/37230.0 days/days; walltime: 39.9
36620.0/37230.0 days/days; walltime: 28.5
36621.0/37230.0 days/days; walltime: 16.4
36622.0/37230.0 days/days; walltime: 17.1
36623.0/37230.0 days/days; walltime: 18.5
36624.0/37230.0 days/days; walltime: 18.3
36625.0/37230.0 days/days; walltime: 17.7
36626.0/37230.0 days/days; walltime: 19.6
36627.0/37230.0 days/days; walltime: 21.5
36628.0/37230.0 days/days; walltime: 22.0
36629.0/37230.0 days/days; walltime: 23.2
36630.0/37230.0 days/days; walltime: 21.1
36631.0/37230.0 days/days; walltime: 26.3
36632.0/37230.0 days/days; walltime: 30.8
36633.0/37230.0 days/days; walltime: 26.0
36634.0/37230.0 days/days; walltime: 19.2
36635.0/37230.0 days/days; walltime: 22.0
--36636.0/37230.0 days/days; walltime: 24.8
36637.0/37230.0 days/days; walltime: 28.1
36638.0/37230.0 days/days; walltime: 28.0
--------36639.0/37230.0 days/days; walltime: 35.2
36640.0/37230.0 days/days; walltime: 23.7
--36641.0/37230.0 days/days; walltime: 35.2
---36642.0/37230.0 days/days; walltime: 27.6
36643.0/37230.0 days/days; walltime: 41.1
------36644.0/37230.0 days/days; walltime: 64.2
----36645.0/37230.0 days/days; walltime: 51.9
-----36646.0/37230.0 days/days; walltime: 73.3
--------36647.0/37230.0 days/days; walltime: 59.9
--36648.0/37230.0 days/days; walltime: 65.2
----------36649.0/37230.0 days/days; walltime: 79.1
----------36650.0/37230.0 days/days; walltime: 69.2
-------------------------36651.0/37230.0 days/days; walltime: 88.5
----------36652.0/37230.0 days/days; walltime: 73.4
------------------36653.0/37230.0 days/days; walltime: 70.9
------------36654.0/37230.0 days/days; walltime: 76.1
---------------------------36655.0/37230.0 days/days; walltime: 112.0
-------36656.0/37230.0 days/days; walltime: 74.0
----------36657.0/37230.0 days/days; walltime: 74.5
-------------------36658.0/37230.0 days/days; walltime: 162.0
-----------36659.0/37230.0 days/days; walltime: 86.0
----------36660.0/37230.0 days/days; walltime: 89.7
----------------------------36661.0/37230.0 days/days; walltime: 147.5
----------36662.0/37230.0 days/days; walltime: 150.6
--------------------------------------------36663.0/37230.0 days/days; walltime: 156.2
-----------------------36664.0/37230.0 days/days; walltime: 128.3
-------------------36665.0/37230.0 days/days; walltime: 94.8
---------------36666.0/37230.0 days/days; walltime: 75.1
----36667.0/37230.0 days/days; walltime: 106.3
----------36668.0/37230.0 days/days; walltime: 164.3
--------36669.0/37230.0 days/days; walltime: 75.1
------------36670.0/37230.0 days/days; walltime: 87.5
------------------36671.0/37230.0 days/days; walltime: 97.3
--------------------------36672.0/37230.0 days/days; walltime: 110.7
---------------------36673.0/37230.0 days/days; walltime: 105.6
-----36674.0/37230.0 days/days; walltime: 102.5
------------------------------------------36675.0/37230.0 days/days; walltime: 198.6
----------36676.0/37230.0 days/days; walltime: 52.6
-------------------36677.0/37230.0 days/days; walltime: 184.8
----36678.0/37230.0 days/days; walltime: 90.8
------------------------36679.0/37230.0 days/days; walltime: 92.1
-------------------36680.0/37230.0 days/days; walltime: 160.7
-----36681.0/37230.0 days/days; walltime: 108.3
------------36682.0/37230.0 days/days; walltime: 141.7
-------------------------36683.0/37230.0 days/days; walltime: 100.6
-----36684.0/37230.0 days/days; walltime: 93.9
-------36685.0/37230.0 days/days; walltime: 143.2
36686.0/37230.0 days/days; walltime: 56.9
-----------36687.0/37230.0 days/days; walltime: 119.4
--------------------36688.0/37230.0 days/days; walltime: 90.7
---------------------------36689.0/37230.0 days/days; walltime: 148.3
slurmstepd: error: *** JOB 61284041 ON cdr582 CANCELLED AT 2023-02-27T14:14:52 ***
