Case 5:
Picked up JAVA_TOOL_OPTIONS: -Xmx2g
Opening log file:  /tmp/java.log.30162

                            < M A T L A B (R) >
                  Copyright 1984-2022 The MathWorks, Inc.
                  R2022a (9.12.0.1884302) 64-bit (glnxa64)
                             February 16, 2022

 
To get started, type doc.
For product information, visit www.mathworks.com.
 

config = 

  struct with fields:

                 k_s: 0.2500
                 l_c: 10
            n_moulin: 68
    creep_const_soft: 0
             mesh_nr: 4
                 k_c: 0.1500
               h_bed: 0.5000
               l_bed: 10
               alpha: 1.5000
                beta: 1.5000
               omega: 5.0000e-04

Running model run (ode15s):
Run to steady
Saving model run to
./RUN/output_005_steady.nc
Fields, IC & BC initialised
Initial phi calculated in 1.2s
0.0/36500.0 days/days; walltime: 18.1
----------------------------------------------------------------------------------------------------------------------------------------------------------------------------------------------------------------------------------------------------------------------------------------------------------------------1825.0/36500.0 days/days; walltime: 139.8
----------------------------3650.0/36500.0 days/days; walltime: 4.9
------------5475.0/36500.0 days/days; walltime: 3.0
---------7300.0/36500.0 days/days; walltime: 2.0
---------------------------------------------------------9125.0/36500.0 days/days; walltime: 11.4
-10950.0/36500.0 days/days; walltime: 818.4
12775.0/36500.0 days/days; walltime: 557.3
14600.0/36500.0 days/days; walltime: 367.7
---------------------------------------------------------16425.0/36500.0 days/days; walltime: 311.5
18250.0/36500.0 days/days; walltime: 259.0
20075.0/36500.0 days/days; walltime: 66.9
21900.0/36500.0 days/days; walltime: 13.7
23725.0/36500.0 days/days; walltime: 17.1
25550.0/36500.0 days/days; walltime: 4.7
27375.0/36500.0 days/days; walltime: 3.7
29200.0/36500.0 days/days; walltime: 4.6
31025.0/36500.0 days/days; walltime: 1.8
32850.0/36500.0 days/days; walltime: 1.5
34675.0/36500.0 days/days; walltime: 1.4
36500.0/36500.0 days/days; walltime: 1.4
Wallclock for model run: 2615.3s
 

fields = 

  struct with fields:

    nodes: [1x1 struct]
    edges: [1x1 struct]
       BC: [1x1 struct]

Running model run (ode15s):
Run seasonal
Saving model run to
./RUN/output_005_seasonal.nc
IC initialised from struct
IC initialised from file/given & rest from parameters and given functions
36500.0/37230.0 days/days; walltime: 13.1
36501.0/37230.0 days/days; walltime: 76.8
36502.0/37230.0 days/days; walltime: 53.2
36503.0/37230.0 days/days; walltime: 15.9
36504.0/37230.0 days/days; walltime: 31.8
36505.0/37230.0 days/days; walltime: 29.5
36506.0/37230.0 days/days; walltime: 14.5
36507.0/37230.0 days/days; walltime: 5.3
36508.0/37230.0 days/days; walltime: 6.2
36509.0/37230.0 days/days; walltime: 12.0
36510.0/37230.0 days/days; walltime: 3.4
36511.0/37230.0 days/days; walltime: 5.4
36512.0/37230.0 days/days; walltime: 1.8
36513.0/37230.0 days/days; walltime: 2.4
36514.0/37230.0 days/days; walltime: 2.4
36515.0/37230.0 days/days; walltime: 4.8
36516.0/37230.0 days/days; walltime: 5.0
36517.0/37230.0 days/days; walltime: 3.4
36518.0/37230.0 days/days; walltime: 3.7
--36519.0/37230.0 days/days; walltime: 8.1
--36520.0/37230.0 days/days; walltime: 6.4
36521.0/37230.0 days/days; walltime: 4.9
36522.0/37230.0 days/days; walltime: 0.9
36523.0/37230.0 days/days; walltime: 4.1
36524.0/37230.0 days/days; walltime: 1.1
36525.0/37230.0 days/days; walltime: 4.1
36526.0/37230.0 days/days; walltime: 4.0
36527.0/37230.0 days/days; walltime: 7.8
36528.0/37230.0 days/days; walltime: 0.6
36529.0/37230.0 days/days; walltime: 0.5
36530.0/37230.0 days/days; walltime: 0.6
36531.0/37230.0 days/days; walltime: 1.0
--36532.0/37230.0 days/days; walltime: 8.1
36533.0/37230.0 days/days; walltime: 1.0
36534.0/37230.0 days/days; walltime: 1.1
36535.0/37230.0 days/days; walltime: 4.4
36536.0/37230.0 days/days; walltime: 2.3
36537.0/37230.0 days/days; walltime: 4.2
36538.0/37230.0 days/days; walltime: 0.5
36539.0/37230.0 days/days; walltime: 0.3
36540.0/37230.0 days/days; walltime: 0.3
36541.0/37230.0 days/days; walltime: 3.7
36542.0/37230.0 days/days; walltime: 0.7
36543.0/37230.0 days/days; walltime: 0.8
36544.0/37230.0 days/days; walltime: 0.6
36545.0/37230.0 days/days; walltime: 3.8
36546.0/37230.0 days/days; walltime: 0.3
36547.0/37230.0 days/days; walltime: 1.8
36548.0/37230.0 days/days; walltime: 0.6
36549.0/37230.0 days/days; walltime: 0.8
36550.0/37230.0 days/days; walltime: 0.8
36551.0/37230.0 days/days; walltime: 3.6
36552.0/37230.0 days/days; walltime: 0.6
36553.0/37230.0 days/days; walltime: 0.6
36554.0/37230.0 days/days; walltime: 0.6
36555.0/37230.0 days/days; walltime: 0.7
36556.0/37230.0 days/days; walltime: 2.0
36557.0/37230.0 days/days; walltime: 0.9
36558.0/37230.0 days/days; walltime: 0.7
36559.0/37230.0 days/days; walltime: 0.5
36560.0/37230.0 days/days; walltime: 0.4
36561.0/37230.0 days/days; walltime: 0.5
36562.0/37230.0 days/days; walltime: 2.1
36563.0/37230.0 days/days; walltime: 0.9
36564.0/37230.0 days/days; walltime: 0.4
36565.0/37230.0 days/days; walltime: 0.6
36566.0/37230.0 days/days; walltime: 0.4
36567.0/37230.0 days/days; walltime: 0.6
36568.0/37230.0 days/days; walltime: 0.5
36569.0/37230.0 days/days; walltime: 0.4
36570.0/37230.0 days/days; walltime: 0.4
36571.0/37230.0 days/days; walltime: 0.5
36572.0/37230.0 days/days; walltime: 0.8
36573.0/37230.0 days/days; walltime: 0.7
36574.0/37230.0 days/days; walltime: 0.4
36575.0/37230.0 days/days; walltime: 3.4
36576.0/37230.0 days/days; walltime: 0.9
36577.0/37230.0 days/days; walltime: 0.5
36578.0/37230.0 days/days; walltime: 3.5
36579.0/37230.0 days/days; walltime: 1.9
36580.0/37230.0 days/days; walltime: 0.4
36581.0/37230.0 days/days; walltime: 0.3
36582.0/37230.0 days/days; walltime: 0.4
36583.0/37230.0 days/days; walltime: 0.4
36584.0/37230.0 days/days; walltime: 0.3
36585.0/37230.0 days/days; walltime: 0.4
36586.0/37230.0 days/days; walltime: 0.4
36587.0/37230.0 days/days; walltime: 0.4
36588.0/37230.0 days/days; walltime: 0.4
36589.0/37230.0 days/days; walltime: 0.3
36590.0/37230.0 days/days; walltime: 0.3
36591.0/37230.0 days/days; walltime: 0.3
36592.0/37230.0 days/days; walltime: 0.3
36593.0/37230.0 days/days; walltime: 0.2
36594.0/37230.0 days/days; walltime: 0.3
36595.0/37230.0 days/days; walltime: 0.3
36596.0/37230.0 days/days; walltime: 0.4
36597.0/37230.0 days/days; walltime: 0.4
36598.0/37230.0 days/days; walltime: 0.4
36599.0/37230.0 days/days; walltime: 3.4
36600.0/37230.0 days/days; walltime: 0.5
36601.0/37230.0 days/days; walltime: 0.6
36602.0/37230.0 days/days; walltime: 0.3
36603.0/37230.0 days/days; walltime: 0.2
36604.0/37230.0 days/days; walltime: 0.2
36605.0/37230.0 days/days; walltime: 0.3
36606.0/37230.0 days/days; walltime: 0.2
36607.0/37230.0 days/days; walltime: 0.3
36608.0/37230.0 days/days; walltime: 0.1
36609.0/37230.0 days/days; walltime: 0.3
36610.0/37230.0 days/days; walltime: 0.2
36611.0/37230.0 days/days; walltime: 0.1
36612.0/37230.0 days/days; walltime: 0.3
36613.0/37230.0 days/days; walltime: 0.1
36614.0/37230.0 days/days; walltime: 0.3
36615.0/37230.0 days/days; walltime: 1.5
36616.0/37230.0 days/days; walltime: 4.4
36617.0/37230.0 days/days; walltime: 6.2
36618.0/37230.0 days/days; walltime: 13.7
36619.0/37230.0 days/days; walltime: 13.8
36620.0/37230.0 days/days; walltime: 19.4
36621.0/37230.0 days/days; walltime: 16.0
36622.0/37230.0 days/days; walltime: 16.1
36623.0/37230.0 days/days; walltime: 17.4
36624.0/37230.0 days/days; walltime: 18.7
36625.0/37230.0 days/days; walltime: 18.0
36626.0/37230.0 days/days; walltime: 18.2
36627.0/37230.0 days/days; walltime: 18.6
36628.0/37230.0 days/days; walltime: 20.0
36629.0/37230.0 days/days; walltime: 17.7
36630.0/37230.0 days/days; walltime: 27.6
36631.0/37230.0 days/days; walltime: 21.1
36632.0/37230.0 days/days; walltime: 32.6
36633.0/37230.0 days/days; walltime: 24.7
36634.0/37230.0 days/days; walltime: 29.2
36635.0/37230.0 days/days; walltime: 25.6
--36636.0/37230.0 days/days; walltime: 19.4
36637.0/37230.0 days/days; walltime: 33.1
--36638.0/37230.0 days/days; walltime: 21.6
------36639.0/37230.0 days/days; walltime: 46.1
--36640.0/37230.0 days/days; walltime: 27.5
36641.0/37230.0 days/days; walltime: 30.0
-------36642.0/37230.0 days/days; walltime: 42.9
--36643.0/37230.0 days/days; walltime: 43.6
-----36644.0/37230.0 days/days; walltime: 49.0
-----------------36645.0/37230.0 days/days; walltime: 70.2
----36646.0/37230.0 days/days; walltime: 59.7
-----------36647.0/37230.0 days/days; walltime: 66.8
-----36648.0/37230.0 days/days; walltime: 42.4
----------36649.0/37230.0 days/days; walltime: 57.8
-------------36650.0/37230.0 days/days; walltime: 86.1
------------------------36651.0/37230.0 days/days; walltime: 81.3
--------36652.0/37230.0 days/days; walltime: 52.1
--------------36653.0/37230.0 days/days; walltime: 77.3
--------------------36654.0/37230.0 days/days; walltime: 106.2
------------------------36655.0/37230.0 days/days; walltime: 123.4
------36656.0/37230.0 days/days; walltime: 99.7
------------------36657.0/37230.0 days/days; walltime: 80.0
-------36658.0/37230.0 days/days; walltime: 95.0
----36659.0/37230.0 days/days; walltime: 64.3
----------------36660.0/37230.0 days/days; walltime: 72.1
------------36661.0/37230.0 days/days; walltime: 82.2
------------------------36662.0/37230.0 days/days; walltime: 122.9
-------------------------36663.0/37230.0 days/days; walltime: 142.5
----------------------------36664.0/37230.0 days/days; walltime: 119.4
------------36665.0/37230.0 days/days; walltime: 95.3
--36666.0/37230.0 days/days; walltime: 78.4
-----------------------36667.0/37230.0 days/days; walltime: 120.7
------------------36668.0/37230.0 days/days; walltime: 125.8
--------------36669.0/37230.0 days/days; walltime: 106.8
-------------36670.0/37230.0 days/days; walltime: 114.0
------------36671.0/37230.0 days/days; walltime: 111.8
---------------36672.0/37230.0 days/days; walltime: 120.3
--------------------------36673.0/37230.0 days/days; walltime: 117.5
------------------------------------36674.0/37230.0 days/days; walltime: 202.9
------------36675.0/37230.0 days/days; walltime: 131.0
----------------------36676.0/37230.0 days/days; walltime: 245.7
---------36677.0/37230.0 days/days; walltime: 113.0
---------36678.0/37230.0 days/days; walltime: 112.3
----------------------36679.0/37230.0 days/days; walltime: 218.8
----36680.0/37230.0 days/days; walltime: 145.5
-----------36681.0/37230.0 days/days; walltime: 83.1
----------36682.0/37230.0 days/days; walltime: 97.4
----36683.0/37230.0 days/days; walltime: 48.8
------36684.0/37230.0 days/days; walltime: 71.4
--------------36685.0/37230.0 days/days; walltime: 116.5
------36686.0/37230.0 days/days; walltime: 66.3
------------36687.0/37230.0 days/days; walltime: 82.4
----------36688.0/37230.0 days/days; walltime: 92.0
--------36689.0/37230.0 days/days; walltime: 104.5
---------------slurmstepd: error: *** JOB 61284038 ON cdr581 CANCELLED AT 2023-02-27T14:14:52 ***
