Case 1:
Picked up JAVA_TOOL_OPTIONS: -Xmx2g
Opening log file:  /tmp/java.log.29852

                            < M A T L A B (R) >
                  Copyright 1984-2022 The MathWorks, Inc.
                  R2022a (9.12.0.1884302) 64-bit (glnxa64)
                             February 16, 2022

 
To get started, type doc.
For product information, visit www.mathworks.com.
 

config = 

  struct with fields:

                 k_s: 0.0138
                 l_c: 10
            n_moulin: 68
    creep_const_soft: 0
             mesh_nr: 4
                 k_c: 0.1500
               h_bed: 0.5000
               l_bed: 10
               alpha: 1.2500
                beta: 1.5000
               omega: 0

Running model run (ode15s):
Run to steady
Saving model run to
./RUN/output_001_steady.nc
Fields, IC & BC initialised
Initial phi calculated in 1.7s
0.0/36500.0 days/days; walltime: 19.2
---------------------------------------------------------------------------------------------------------------------------------------------------------------------------------------------------------------------------------------------------------------------------------------------------------------------------------------------------------------------------------------------------------------------------------------------------------------------------------------------------------------------------------------------------------------------------------------------------------------------------------------------------------------------------------------------------------------------------------------------------------------------------------------------------------------------------------------------------------------------------------------------------------------------------------------------------------------------------------------------------------------------------------------------------------------------------------------------------------------------------------------------------------------------------------------------------------------------------------------------------------------------------------------------------------------------------------------------------------------------------------------------------------------------------------------------------------------------------------------------------------------------------------------------------------------------------------------------------------------------------------------------------------------------------------------1825.0/36500.0 days/days; walltime: 235.3
--------------3650.0/36500.0 days/days; walltime: 1.1
---------5475.0/36500.0 days/days; walltime: 0.7
------7300.0/36500.0 days/days; walltime: 0.5
--------------------------------------------------------------------------------------------------------------------------------------------------------------------------------------------------------------------9125.0/36500.0 days/days; walltime: 14.1
-----------------------------------------------------------------------------------------------------------------------------------------------------------------------------------------------------------------------------------------------------------------------------------------------------------------------------------------------------------------------------------------------------------------------------------------------------------------------------------------------------------------------------------------------------------------------------------------------------------------------------------------------------------------------------------------------------------------------------------------------------------------------------------------------------------------------------------------------------------------------------------------------------------------------------------------------------------------------------------------------------------------------------------------------------------------------------------------------------------------------------------------------------------------------------------------------------------------------------------------------------------------------------------------------------------------------------------------------------------------------------------------------------------------------------------------------------------------------------------------------------------------------------------------------------------------------------------------------------------------------------------------------------------------------------------------------------------------------------------------------------------------------------------------------------------------------------------------------------------------------------------------------------------------------------------------------------------------------------------------------------------------------------------------------------------------------------------------------------------------------------------------------------------------------------------------------------------------------------------------------------------------------------------------------------------------------------------------------------------------------------------------------------------------------------------------------------------------------------------------------------------------------------------------------------------------------------------------------------------------------------------------------------------------------------------------------------------------------------------------------------------------------------------------------------------------------------------------------------------------------------------------------------------------------------------------------------------------------------------------------------------------------------------------------------------------------------------------------------------------------------------------------------------------------------------------------------------------------------------------------------------------------------------------------------------------------------------------------------------------------------------------------------------------------------------------------------------------------------------------------------------------------------------------------------------------------------------------------------------------------------------10950.0/36500.0 days/days; walltime: 215.0
----------------------------------------------------------------------------------------------------------------------------------------------------------------------------------------------------------------------------------------------------------------------------------------------------------------------------------------------------------------------------------------------------------------------------------------------------------------------------------------------------------------------------------------------------------------------------------------------------------------------------------------------------------------------------------------------------------------------------------------------------------------------------------------------------------------------------------------------------------------------------------------------------------------------------------------------------------------------------------------------------------------------------------------------------------------------------------------------------------------------------------------------------------------------------------------------------------------------------------------------------------------------------------------------------------------------------------------------------------------------------------------------------------------------------------------------------------------------------------------------------------------------------------------------------------------------------------------------------------------------------------------------------------------------------------------------------------------------------12775.0/36500.0 days/days; walltime: 129.9
----------------------------------------------------14600.0/36500.0 days/days; walltime: 218.1
-------------------------------16425.0/36500.0 days/days; walltime: 145.2
----------------------------18250.0/36500.0 days/days; walltime: 115.3
20075.0/36500.0 days/days; walltime: 38.6
21900.0/36500.0 days/days; walltime: 5.2
--23725.0/36500.0 days/days; walltime: 3.4
25550.0/36500.0 days/days; walltime: 3.5
27375.0/36500.0 days/days; walltime: 1.4
29200.0/36500.0 days/days; walltime: 1.0
---31025.0/36500.0 days/days; walltime: 1.1
32850.0/36500.0 days/days; walltime: 0.6
34675.0/36500.0 days/days; walltime: 2.6
36500.0/36500.0 days/days; walltime: 1.0
Wallclock for model run: 1158.3s
 

fields = 

  struct with fields:

    nodes: [1x1 struct]
    edges: [1x1 struct]
       BC: [1x1 struct]

Running model run (ode15s):
Run seasonal
Saving model run to
./RUN/output_001_seasonal.nc
IC initialised from struct
IC initialised from file/given & rest from parameters and given functions
36500.0/37230.0 days/days; walltime: 14.5
36501.0/37230.0 days/days; walltime: 103.3
36502.0/37230.0 days/days; walltime: 6.0
-------------------------------------------------------36503.0/37230.0 days/days; walltime: 6.1
----------------------------------------36504.0/37230.0 days/days; walltime: 3.3
36505.0/37230.0 days/days; walltime: 3.0
------36506.0/37230.0 days/days; walltime: 4.0
36507.0/37230.0 days/days; walltime: 1.7
36508.0/37230.0 days/days; walltime: 1.6
36509.0/37230.0 days/days; walltime: 1.8
-36510.0/37230.0 days/days; walltime: 2.9
36511.0/37230.0 days/days; walltime: 5.2
36512.0/37230.0 days/days; walltime: 1.1
36513.0/37230.0 days/days; walltime: 1.1
36514.0/37230.0 days/days; walltime: 1.4
36515.0/37230.0 days/days; walltime: 1.4
-----36516.0/37230.0 days/days; walltime: 2.5
-----------------36517.0/37230.0 days/days; walltime: 1.0
----------------36518.0/37230.0 days/days; walltime: 0.9
----------------36519.0/37230.0 days/days; walltime: 0.9
------------------------------------------------36520.0/37230.0 days/days; walltime: 2.5
-----------------------------------------------------------------------------------------------------------------------------------------------------------------------------------------------------------------------------------------------------------------------------------------------------------------------------------------------------36521.0/37230.0 days/days; walltime: 17.2
-----------------------------------------------------------------------------------------------36522.0/37230.0 days/days; walltime: 5.2
---------36523.0/37230.0 days/days; walltime: 0.5
----------36524.0/37230.0 days/days; walltime: 0.7
------36525.0/37230.0 days/days; walltime: 0.4
------36526.0/37230.0 days/days; walltime: 0.4
------36527.0/37230.0 days/days; walltime: 0.4
----------36528.0/37230.0 days/days; walltime: 0.7
----------------------------------------36529.0/37230.0 days/days; walltime: 2.1
--------------------------------------------------------------------------------36530.0/37230.0 days/days; walltime: 4.0
--------36531.0/37230.0 days/days; walltime: 0.5
------36532.0/37230.0 days/days; walltime: 0.4
-----36533.0/37230.0 days/days; walltime: 0.3
-----36534.0/37230.0 days/days; walltime: 0.3
-----36535.0/37230.0 days/days; walltime: 0.3
----36536.0/37230.0 days/days; walltime: 0.3
-----36537.0/37230.0 days/days; walltime: 0.3
----36538.0/37230.0 days/days; walltime: 0.3
-----36539.0/37230.0 days/days; walltime: 0.3
---36540.0/37230.0 days/days; walltime: 0.1
-----36541.0/37230.0 days/days; walltime: 0.3
----36542.0/37230.0 days/days; walltime: 0.3
----36543.0/37230.0 days/days; walltime: 0.3
----36544.0/37230.0 days/days; walltime: 0.3
---36545.0/37230.0 days/days; walltime: 0.1
----36546.0/37230.0 days/days; walltime: 0.3
-----36547.0/37230.0 days/days; walltime: 0.3
------36548.0/37230.0 days/days; walltime: 0.4
---36549.0/37230.0 days/days; walltime: 0.1
------------------------------------36550.0/37230.0 days/days; walltime: 1.8
---36551.0/37230.0 days/days; walltime: 0.2
---36552.0/37230.0 days/days; walltime: 0.1
---36553.0/37230.0 days/days; walltime: 0.2
----36554.0/37230.0 days/days; walltime: 0.3
--36555.0/37230.0 days/days; walltime: 0.1
----36556.0/37230.0 days/days; walltime: 0.3
--36557.0/37230.0 days/days; walltime: 0.1
---36558.0/37230.0 days/days; walltime: 0.2
----36559.0/37230.0 days/days; walltime: 0.3
--36560.0/37230.0 days/days; walltime: 0.1
---36561.0/37230.0 days/days; walltime: 0.2
--36562.0/37230.0 days/days; walltime: 0.1
---36563.0/37230.0 days/days; walltime: 0.2
---36564.0/37230.0 days/days; walltime: 0.1
---36565.0/37230.0 days/days; walltime: 0.2
--36566.0/37230.0 days/days; walltime: 0.1
---36567.0/37230.0 days/days; walltime: 0.2
--36568.0/37230.0 days/days; walltime: 0.1
---36569.0/37230.0 days/days; walltime: 0.2
--36570.0/37230.0 days/days; walltime: 0.1
---36571.0/37230.0 days/days; walltime: 0.2
--36572.0/37230.0 days/days; walltime: 0.1
--36573.0/37230.0 days/days; walltime: 0.2
--36574.0/37230.0 days/days; walltime: 0.1
---36575.0/37230.0 days/days; walltime: 0.3
--36576.0/37230.0 days/days; walltime: 0.1
---36577.0/37230.0 days/days; walltime: 0.2
-36578.0/37230.0 days/days; walltime: 0.0
--36579.0/37230.0 days/days; walltime: 0.1
---36580.0/37230.0 days/days; walltime: 0.2
--36581.0/37230.0 days/days; walltime: 0.1
--36582.0/37230.0 days/days; walltime: 0.2
--36583.0/37230.0 days/days; walltime: 0.1
---36584.0/37230.0 days/days; walltime: 0.2
-36585.0/37230.0 days/days; walltime: 0.0
--36586.0/37230.0 days/days; walltime: 0.1
--36587.0/37230.0 days/days; walltime: 0.2
--36588.0/37230.0 days/days; walltime: 0.1
-36589.0/37230.0 days/days; walltime: 0.0
---36590.0/37230.0 days/days; walltime: 0.2
-36591.0/37230.0 days/days; walltime: 0.0
---36592.0/37230.0 days/days; walltime: 0.2
-36593.0/37230.0 days/days; walltime: 0.0
--36594.0/37230.0 days/days; walltime: 0.1
--36595.0/37230.0 days/days; walltime: 0.2
--36596.0/37230.0 days/days; walltime: 0.1
-36597.0/37230.0 days/days; walltime: 0.0
---36598.0/37230.0 days/days; walltime: 0.2
-36599.0/37230.0 days/days; walltime: 0.0
-36600.0/37230.0 days/days; walltime: 0.0
---36601.0/37230.0 days/days; walltime: 0.2
-36602.0/37230.0 days/days; walltime: 0.0
-36603.0/37230.0 days/days; walltime: 0.0
----36604.0/37230.0 days/days; walltime: 0.3
--36605.0/37230.0 days/days; walltime: 0.1
--36606.0/37230.0 days/days; walltime: 0.1
----36607.0/37230.0 days/days; walltime: 0.3
--36608.0/37230.0 days/days; walltime: 0.1
--36609.0/37230.0 days/days; walltime: 0.1
----36610.0/37230.0 days/days; walltime: 0.3
--36611.0/37230.0 days/days; walltime: 0.1
--36612.0/37230.0 days/days; walltime: 0.1
--36613.0/37230.0 days/days; walltime: 0.2
--36614.0/37230.0 days/days; walltime: 0.1
-------------------------------------36615.0/37230.0 days/days; walltime: 1.8
----------------------------------------------------------------------------36616.0/37230.0 days/days; walltime: 3.7
---------------------------------------------------------------------------------------36617.0/37230.0 days/days; walltime: 4.5
-------------------------------------------------------------------------------------------------------------------------------------36618.0/37230.0 days/days; walltime: 6.7
--------------------------------------------------------------------------------------------------------36619.0/37230.0 days/days; walltime: 5.1
--------------------------------------------------------------------------------------------------------------------------------------------------------------------------36620.0/37230.0 days/days; walltime: 9.1
-----------------------------------------------------------------------------------------------------------------------------------------------------------------------------------------------------------------------------------------------------------------------36621.0/37230.0 days/days; walltime: 14.0
--------------------------------------------------------------------------------------------------------------------------------------------------------------------------------------------------------------------------------------------------------------------------------------------36622.0/37230.0 days/days; walltime: 15.0
----------------------------------------------------------------------------------------------------------------------------------------------------------------------------------------------------------------------------------------------------------------------------------------------------------------------------------------------------------------------------------------------------------------------------------------------------------------------------------------------------------------------------------36623.0/37230.0 days/days; walltime: 26.6
--------------------------------------------------------------------------------------------------------------------------------------------------------------------------------------------------------------------------------------------------------------------------------------------------------------------------------------------------------------------------------------------------------------------------------------------------------------------------------------------36624.0/37230.0 days/days; walltime: 25.8
------------------------------------------------------------------------------------------------------------------------------------------------------------------------------------------------------------------------------------------------------------------------------------------------------------------------------------------------------------------------------------------------------------------------------------------36625.0/37230.0 days/days; walltime: 22.2
----------------------------------------------------------------------------------------------------------------------------------------------------------------------------------------------------------------------------------------------------------------------------------------------------------------------------------------------------------------------------------------------------------------------------------------------------------------------------------------------------------------------------------------------------------------------------------------------------------------------------------------------------------------------------------------------------------------------------------36626.0/37230.0 days/days; walltime: 37.0
--------------------------------------------------------------------------------------------------------------------------------------------------------------------------------------------------------------------------------------------------------------------------------------------------------------------------------------------------------------------------------------------------------------------------------------------------------------------------------------------------------------------------------------------------------------------------------36627.0/37230.0 days/days; walltime: 30.0
----------------------------------------------------------------------------------------------------------------------------------------------------------------------------------------------------------------------------------------------------------------------------------------------------------------------------------------------------------------------------------------------------------------------------------------------------------------------------------------------------------------------------------------------------------------------------------------------------------------------------------------------------------------------------------------------------------------36628.0/37230.0 days/days; walltime: 37.4
-----------------------------------------------------------------------------------------------------------------------------------------------------------------------------------------------------------------------------------------------------------------------------------------------------------------------------------------------------------------------------------------------------------------------------------------------------------------------------------------------------------------------------------------------------------------------------------------------------------------------------------------------------------------------------------------------------------------------------------------------------------------------------------------------------------------------------------------------------------------36629.0/37230.0 days/days; walltime: 43.4
------------------------------------------------------------------------------------------------------------------------------------------------------------------------------------------------------------------------------------------------------------------------------------------------------------------------------------------------------------------------------------------------------------------------------------------------------------------------------------------------------------------------------------------------------------------------------------------------------------------------------------------------------------------------------------------------------------------------------------------------------------------------------------------------------------------------36630.0/37230.0 days/days; walltime: 41.1
------------------------------------------------------------------------------------------------------------------------------------------------------------------------------------------------------------------------------------------------------------------------------------------------------------------------------------------------------------------------------------------------------------------------------------------------------------------------------------------------------------------------------------------------------------------------------------------------------------------------------------------------------------------------------------------------------------------------------------------------------------------------------------------------------------------------------------36631.0/37230.0 days/days; walltime: 40.6
-----------------------------------------------------------------------------------------------------------------------------------------------------------------------------------------------------------------------------------------------------------------------------------------------------------------------------------------------------------------------------------------------------------------------------------------------------------------------------------------------------------------------------------------------------------------------------------------------------------------------------------------------------------------------------------------------------------------------------------------------------------------------------------------------------------------------36632.0/37230.0 days/days; walltime: 40.6
-------------------------------------------------------------------------------------------------------------------------------------------------------------------------------------------------------------------------------------------------------------------------------------------------------------------------------------------------------------------------------------------------------------------------------------------------------------------------------------------------------------------------------------------------------------------------------------------------------------------------------------------------------------------------------------------------------36633.0/37230.0 days/days; walltime: 35.2
--------------------------------------------------------------------------------------------------------------------------------------------------------------------------------------------------------------------------------------------------------------------------------------------------------------------------------------------------------------------------------------------------------------------------------------------------------------------------------------------------------------------------------------------------------------------------------------------------------------------------------------------------------------------------------------------------------------------------------------------------------------36634.0/37230.0 days/days; walltime: 37.1
-----------------------------------------------------------------------------------------------------------------------------------------------------------------------------------------------------------------------------------------------------------------------------------------------------------------------------------------------------------------------------------------------------------------------------------------------------------------------------------------------------------------------------------------------------------------------------------------------------------------------------------------------------------------------------------------------------------------------------------------------------------------36635.0/37230.0 days/days; walltime: 37.4
--------------------------------------------------------------------------------------------------------------------------------------------------------------------------------------------------------------------------------------------------------------------------------------------------------------------------------------------------------------------------------------------------------------------------------------------------------------------------------------------------------------------------------------------------------------------------------------------------------------------------------------------------------------------------------------------------------------------------------------------------------------------------------------------------------------------------36636.0/37230.0 days/days; walltime: 40.2
------------------------------------------------------------------------------------------------------------------------------------------------------------------------------------------------------------------------------------------------------------------------------------------------------------------------------------------------------------------------------------------------------------------------------------------------------------------------------------------------------------------------------------------------------------------------------------------------------------------------------------------------------------------------------------------------------------------------------------------------------------------------------------------------------------------------------------------36637.0/37230.0 days/days; walltime: 40.8
---------------------------------------------------------------------------------------------------------------------------------------------------------------------------------------------------------------------------------------------------------------------------------------------------------------------------------------------------------------------------------------------------------------------------------------------------------------------------------------------------------------------------------------------------------------------------------------------------------------------------------------------------------------------------------------------------------------------------------------------------------------------------------------------------------------------------------------------------------------------------------------------------------------------------------------------------------------------------36638.0/37230.0 days/days; walltime: 47.4
----------------------------------------------------------------------------------------------------------------------------------------------------------------------------------------------------------------------------------------------------------------------------------------------------------------------------------------------------------------------------------------------------------------------------------------------------------------------------------------------------------------------------------------------------------------------------------------------------------------------------------------------------------36639.0/37230.0 days/days; walltime: 32.0
----------------------------------------------------------------------------------------------------------------------------------------------------------------------------------------------------------------------------------------------------------------------------------------------------------------------------------------------------------------------------------------------------------------------------------------------------------------------------------------------------------------------------------------------------------------------------------------------------------------------------------------------------------------------------------------------------------------------------------------------------------------------------------------------------------------------------------------------------------------------------------------------------------------36640.0/37230.0 days/days; walltime: 44.0
-----------------------------------------------------------------------------------------------------------------------------------------------------------------------------------------------------------------------------------------------------------------------------------------------------------------------------------------------------------------------------------------------------------------------------------------------------------------------------------------------------------------------------------------------------------------------------------------------------------------------------------------------------------------------------------------------------------36641.0/37230.0 days/days; walltime: 33.3
---------------------------------------------------------------------------------------------------------------------------------------------------------------------------------------------------------------------------------------------------------------------------------------------------------------------------------------------------------------------------------------------------------------------------------------------------------------------------------------------------------------------------------------------------------------------------------------------------------------------------------------------------------------------------------------------------------------------------------------------------------------36642.0/37230.0 days/days; walltime: 35.8
------------------------------------------------------------------------------------------------------------------------------------------------------------------------------------------------------------------------------------------------------------------------------------------------------------------------------------------------------------------------------------------------------------------------------------------------------------------------------------------------------------------------------------------------------------------------------------------------------------------------------------------------------------------------------------------------------------------36643.0/37230.0 days/days; walltime: 33.5
-----------------------------------------------------------------------------------------------------------------------------------------------------------------------------------------------------------------------------------------------------------------------------------------------------------------------------------------------------------------------------------------------------------------------------------------------------------------------------------------------------------------------------------------------------------------------------------------------------------------------------------36644.0/37230.0 days/days; walltime: 29.6
-----------------------------------------------------------------------------------------------------------------------------------------------------------------------------------------------------------------------------------------------------------------------------------------------------------------------------------------------------------------------------------------------------------------------------------------------------------------------------------------------------------------------------------------------------------------------------------------------------------------------------------------------------------------------------------------------------------------------------------------------------------------------------------------------------------------------------------------------------------------------------------------------------------------------36645.0/37230.0 days/days; walltime: 42.7
-------------------------------------------------------------------------------------------------------------------------------------------------------------------------------------------------------------------------------------------------------------------------------------------------------------------------------------------------------------------------------------------------------------------------------------------------------------------------------------------------------------------------------------------------------------------------------------------------------------------------------------------------------------------------------------------36646.0/37230.0 days/days; walltime: 31.7
-----------------------------------------------------------------------------------------------------------------------------------------------------------------------------------------------------------------------------------------------------------------------------------------------------------------------------------------------------------------------------------------------------------------------------------------------------------------------------------------------------------------------------------------------------------------------------------------------------------------------------------------36647.0/37230.0 days/days; walltime: 29.3
------------------------------------------------------------------------------------------------------------------------------------------------------------------------------------------------------------------------------------------------------------------------------------------------------------------------------------------------------------------------------------------------------------------------------------------------------------------------------------------------------------------------------------------------------------------------------------------------------------------------------------------------------------------36648.0/37230.0 days/days; walltime: 30.9
----------------------------------------------------------------------------------------------------------------------------------------------------------------------------------------------------------------------------------------------------------------------------------------------------------------------------------------------------------------------------------------------------------------------------------------------------------------------------------------------------------------------------------------------------------------------------------------------------------------------------------------------------------------------------------------------------------------------------------------------------------------------------------------------------------------------------------------------------------------------------------------------------------------------------------------------------------------------------------------------------------------------------36649.0/37230.0 days/days; walltime: 48.9
---------------------------------------------------------------------------------------------------------------------------------------------------------------------------------------------------------------------------------------------------------------------------------------------------------------------------------------------------------------------------------------------------------------------------------------------------------------------------------------------------------------------------------------------------------------------------------------------------------------------------------------------------------------------------------------------------------------------------------------------------------------------------------------------------------------------------------------------------------------------------------------------------------------------------------------------------------------------------------------------------------------------------------------------------------------------------------------------------------------------------------------36650.0/37230.0 days/days; walltime: 52.2
------------------------------------------------------------------------------------------------------------------------------------------------------------------------------------------------------------------------------------------------------------------------------------------------------------------------------------------------------------------------------------------------------------------------------------------------------------------------------------------------------------------------------------------------------------------------------------------------------------------------------------------------------------------------------------------------------------------------------------------------------------------------------------------------------------------------------------------------------------------------------------------------------------------------------------------------------36651.0/37230.0 days/days; walltime: 45.8
---------------------------------------------------------------------------------------------------------------------------------------------------------------------------------------------------------------------------------------------36652.0/37230.0 days/days; walltime: 11.9
-------------------------------------------------------------------------------------------------------------------------------------------------------------------------------------------------------------------------------36653.0/37230.0 days/days; walltime: 11.4
----------------------------------------------------------------------------------------------------------------------------------------------------------------------------------------------------------------------------------------------------------------------------------------------------------------------------------------------------------------------------------------------------------------------------------------------------------------------------------------------------------------------------------------------------------------------------------------------36654.0/37230.0 days/days; walltime: 28.6
----------------------------------------------------------------------------------------------------------------------------------------------------------------------------------------------------------------------------------------------------------------------------------------------------------36655.0/37230.0 days/days; walltime: 15.0
-------------------------------------------------------------------------------------------------------------------------------------------------------------------------------------------------------------------------------------------------------------------------------------------------------------------------------------------36656.0/37230.0 days/days; walltime: 16.0
--------------------------------------------------------------------------------------------------------------------------------------------------------------------------------------------------------------------------------------------------------------------------------------------------------------------------------------------------------------------------------------------------------------------------------------------------------------------------36657.0/37230.0 days/days; walltime: 21.6
----------------------------------------------------------------------------------------------------------------------------------------------------------------------------------------------------------------------------------------------------36658.0/37230.0 days/days; walltime: 11.4
-----------------------------------------------------------------------------------------------------------------------------------------------------------------------------------------------------------------------------------------------36659.0/37230.0 days/days; walltime: 11.4
-------------------------------------------------------------------------------------------------------------------------------------------------------------------------------------------------------------------------------------------------------------------------------------------------------------------------------------------------------------------------------------------------------------------------------------------------------------------------36660.0/37230.0 days/days; walltime: 21.7
------------------------------------------------------------------------------------------------------------------------------------------------------------------------------------------------------------------------------------------------------------------------------------------------------------------------------------------------------------------------------------------36661.0/37230.0 days/days; walltime: 17.7
--36662.0/37230.0 days/days; walltime: 11.3
--36663.0/37230.0 days/days; walltime: 33.9
36664.0/37230.0 days/days; walltime: 21.5
36665.0/37230.0 days/days; walltime: 28.0
36666.0/37230.0 days/days; walltime: 19.7
36667.0/37230.0 days/days; walltime: 32.7
36668.0/37230.0 days/days; walltime: 18.8
36669.0/37230.0 days/days; walltime: 53.4
--36670.0/37230.0 days/days; walltime: 34.1
36671.0/37230.0 days/days; walltime: 30.6
--36672.0/37230.0 days/days; walltime: 20.1
36673.0/37230.0 days/days; walltime: 6.1
----36674.0/37230.0 days/days; walltime: 27.0
36675.0/37230.0 days/days; walltime: 16.7
--------36676.0/37230.0 days/days; walltime: 26.3
--36677.0/37230.0 days/days; walltime: 23.6
36678.0/37230.0 days/days; walltime: 82.5
--36679.0/37230.0 days/days; walltime: 21.2
36680.0/37230.0 days/days; walltime: 28.9
36681.0/37230.0 days/days; walltime: 13.2
--36682.0/37230.0 days/days; walltime: 29.6
--36683.0/37230.0 days/days; walltime: 33.9
36684.0/37230.0 days/days; walltime: 21.6
----36685.0/37230.0 days/days; walltime: 34.3
36686.0/37230.0 days/days; walltime: 27.4
36687.0/37230.0 days/days; walltime: 28.3
36688.0/37230.0 days/days; walltime: 13.7
36689.0/37230.0 days/days; walltime: 13.4
36690.0/37230.0 days/days; walltime: 86.7
36691.0/37230.0 days/days; walltime: 21.9
36692.0/37230.0 days/days; walltime: 17.7
36693.0/37230.0 days/days; walltime: 15.5
36694.0/37230.0 days/days; walltime: 18.5
------36695.0/37230.0 days/days; walltime: 16.6
--36696.0/37230.0 days/days; walltime: 15.9
--36697.0/37230.0 days/days; walltime: 23.9
36698.0/37230.0 days/days; walltime: 31.3
--36699.0/37230.0 days/days; walltime: 21.6
36700.0/37230.0 days/days; walltime: 21.0
--36701.0/37230.0 days/days; walltime: 35.3
36702.0/37230.0 days/days; walltime: 28.2
--36703.0/37230.0 days/days; walltime: 12.1
36704.0/37230.0 days/days; walltime: 12.9
36705.0/37230.0 days/days; walltime: 11.0
36706.0/37230.0 days/days; walltime: 89.8
36707.0/37230.0 days/days; walltime: 8.5
36708.0/37230.0 days/days; walltime: 13.3
36709.0/37230.0 days/days; walltime: 9.7
36710.0/37230.0 days/days; walltime: 22.7
36711.0/37230.0 days/days; walltime: 8.2
36712.0/37230.0 days/days; walltime: 13.7
36713.0/37230.0 days/days; walltime: 8.2
36714.0/37230.0 days/days; walltime: 31.0
36715.0/37230.0 days/days; walltime: 20.6
--36716.0/37230.0 days/days; walltime: 11.8
36717.0/37230.0 days/days; walltime: 6.2
36718.0/37230.0 days/days; walltime: 12.4
36719.0/37230.0 days/days; walltime: 4.8
36720.0/37230.0 days/days; walltime: 31.6
36721.0/37230.0 days/days; walltime: 6.6
36722.0/37230.0 days/days; walltime: 16.4
36723.0/37230.0 days/days; walltime: 7.3
36724.0/37230.0 days/days; walltime: 13.4
36725.0/37230.0 days/days; walltime: 10.9
36726.0/37230.0 days/days; walltime: 6.4
36727.0/37230.0 days/days; walltime: 16.0
36728.0/37230.0 days/days; walltime: 12.5
36729.0/37230.0 days/days; walltime: 11.8
36730.0/37230.0 days/days; walltime: 14.2
36731.0/37230.0 days/days; walltime: 7.8
36732.0/37230.0 days/days; walltime: 8.9
36733.0/37230.0 days/days; walltime: 21.0
36734.0/37230.0 days/days; walltime: 7.9
36735.0/37230.0 days/days; walltime: 22.6
36736.0/37230.0 days/days; walltime: 12.0
36737.0/37230.0 days/days; walltime: 20.0
36738.0/37230.0 days/days; walltime: 19.1
36739.0/37230.0 days/days; walltime: 11.0
36740.0/37230.0 days/days; walltime: 10.9
36741.0/37230.0 days/days; walltime: 13.9
36742.0/37230.0 days/days; walltime: 9.4
36743.0/37230.0 days/days; walltime: 7.3
36744.0/37230.0 days/days; walltime: 7.9
36745.0/37230.0 days/days; walltime: 6.3
36746.0/37230.0 days/days; walltime: 5.0
36747.0/37230.0 days/days; walltime: 4.2
36748.0/37230.0 days/days; walltime: 3.5
36749.0/37230.0 days/days; walltime: 7.2
36750.0/37230.0 days/days; walltime: 2.3
36751.0/37230.0 days/days; walltime: 0.6
36752.0/37230.0 days/days; walltime: 0.5
36753.0/37230.0 days/days; walltime: 0.4
36754.0/37230.0 days/days; walltime: 0.4
36755.0/37230.0 days/days; walltime: 0.3
36756.0/37230.0 days/days; walltime: 0.3
36757.0/37230.0 days/days; walltime: 0.3
36758.0/37230.0 days/days; walltime: 0.3
36759.0/37230.0 days/days; walltime: 0.3
36760.0/37230.0 days/days; walltime: 0.1
36761.0/37230.0 days/days; walltime: 0.3
36762.0/37230.0 days/days; walltime: 0.3
36763.0/37230.0 days/days; walltime: 0.2
36764.0/37230.0 days/days; walltime: 0.1
36765.0/37230.0 days/days; walltime: 0.4
36766.0/37230.0 days/days; walltime: 9.5
36767.0/37230.0 days/days; walltime: 0.4
36768.0/37230.0 days/days; walltime: 0.3
36769.0/37230.0 days/days; walltime: 0.1
36770.0/37230.0 days/days; walltime: 0.2
36771.0/37230.0 days/days; walltime: 0.1
36772.0/37230.0 days/days; walltime: 0.2
36773.0/37230.0 days/days; walltime: 0.1
36774.0/37230.0 days/days; walltime: 0.2
36775.0/37230.0 days/days; walltime: 0.3
36776.0/37230.0 days/days; walltime: 0.1
36777.0/37230.0 days/days; walltime: 0.2
36778.0/37230.0 days/days; walltime: 0.1
36779.0/37230.0 days/days; walltime: 0.2
36780.0/37230.0 days/days; walltime: 0.1
36781.0/37230.0 days/days; walltime: 0.2
-36782.0/37230.0 days/days; walltime: 0.1
36783.0/37230.0 days/days; walltime: 0.2
36784.0/37230.0 days/days; walltime: 0.1
36785.0/37230.0 days/days; walltime: 0.2
36786.0/37230.0 days/days; walltime: 0.1
36787.0/37230.0 days/days; walltime: 0.2
36788.0/37230.0 days/days; walltime: 0.1
36789.0/37230.0 days/days; walltime: 0.2
36790.0/37230.0 days/days; walltime: 0.1
36791.0/37230.0 days/days; walltime: 0.2
36792.0/37230.0 days/days; walltime: 0.0
36793.0/37230.0 days/days; walltime: 0.1
36794.0/37230.0 days/days; walltime: 0.3
36795.0/37230.0 days/days; walltime: 0.1
36796.0/37230.0 days/days; walltime: 0.2
36797.0/37230.0 days/days; walltime: 0.0
36798.0/37230.0 days/days; walltime: 0.2
36799.0/37230.0 days/days; walltime: 0.1
36800.0/37230.0 days/days; walltime: 0.0
36801.0/37230.0 days/days; walltime: 0.2
36802.0/37230.0 days/days; walltime: 0.1
36803.0/37230.0 days/days; walltime: 0.2
36804.0/37230.0 days/days; walltime: 0.1
36805.0/37230.0 days/days; walltime: 0.0
36806.0/37230.0 days/days; walltime: 0.2
36807.0/37230.0 days/days; walltime: 0.0
36808.0/37230.0 days/days; walltime: 0.2
36809.0/37230.0 days/days; walltime: 0.0
36810.0/37230.0 days/days; walltime: 0.1
36811.0/37230.0 days/days; walltime: 0.2
36812.0/37230.0 days/days; walltime: 0.1
36813.0/37230.0 days/days; walltime: 0.1
36814.0/37230.0 days/days; walltime: 0.5
36815.0/37230.0 days/days; walltime: 0.0
36816.0/37230.0 days/days; walltime: 0.2
36817.0/37230.0 days/days; walltime: 0.1
36818.0/37230.0 days/days; walltime: 0.0
36819.0/37230.0 days/days; walltime: 0.2
36820.0/37230.0 days/days; walltime: 0.1
36821.0/37230.0 days/days; walltime: 0.1
36822.0/37230.0 days/days; walltime: 0.3
36823.0/37230.0 days/days; walltime: 0.1
36824.0/37230.0 days/days; walltime: 0.1
36825.0/37230.0 days/days; walltime: 0.1
36826.0/37230.0 days/days; walltime: 0.3
36827.0/37230.0 days/days; walltime: 0.1
36828.0/37230.0 days/days; walltime: 0.1
36829.0/37230.0 days/days; walltime: 0.2
36830.0/37230.0 days/days; walltime: 0.1
36831.0/37230.0 days/days; walltime: 0.2
36832.0/37230.0 days/days; walltime: 0.2
36833.0/37230.0 days/days; walltime: 0.1
36834.0/37230.0 days/days; walltime: 0.1
36835.0/37230.0 days/days; walltime: 0.1
36836.0/37230.0 days/days; walltime: 0.2
36837.0/37230.0 days/days; walltime: 0.1
36838.0/37230.0 days/days; walltime: 0.2
36839.0/37230.0 days/days; walltime: 0.2
36840.0/37230.0 days/days; walltime: 0.1
36841.0/37230.0 days/days; walltime: 0.1
36842.0/37230.0 days/days; walltime: 0.1
36843.0/37230.0 days/days; walltime: 0.2
36844.0/37230.0 days/days; walltime: 0.1
36845.0/37230.0 days/days; walltime: 0.1
36846.0/37230.0 days/days; walltime: 1.6
36847.0/37230.0 days/days; walltime: 0.2
36848.0/37230.0 days/days; walltime: 0.1
36849.0/37230.0 days/days; walltime: 0.1
36850.0/37230.0 days/days; walltime: 0.1
36851.0/37230.0 days/days; walltime: 0.2
36852.0/37230.0 days/days; walltime: 0.0
36853.0/37230.0 days/days; walltime: 0.0
36854.0/37230.0 days/days; walltime: 0.0
-36855.0/37230.0 days/days; walltime: 0.2
36856.0/37230.0 days/days; walltime: 0.0
36857.0/37230.0 days/days; walltime: 0.0
36858.0/37230.0 days/days; walltime: 0.0
36859.0/37230.0 days/days; walltime: 0.2
36860.0/37230.0 days/days; walltime: 0.0
36861.0/37230.0 days/days; walltime: 0.1
36863.0/37230.0 days/days; walltime: 0.1
36864.0/37230.0 days/days; walltime: 0.2
36865.0/37230.0 days/days; walltime: 0.0
36866.0/37230.0 days/days; walltime: 0.0
36867.0/37230.0 days/days; walltime: 0.0
36868.0/37230.0 days/days; walltime: 0.2
36869.0/37230.0 days/days; walltime: 0.0
36871.0/37230.0 days/days; walltime: 0.0
36872.0/37230.0 days/days; walltime: 0.0
36873.0/37230.0 days/days; walltime: 0.2
36874.0/37230.0 days/days; walltime: 0.0
36875.0/37230.0 days/days; walltime: 0.0
36876.0/37230.0 days/days; walltime: 0.0
36878.0/37230.0 days/days; walltime: 0.2
36879.0/37230.0 days/days; walltime: 0.0
36880.0/37230.0 days/days; walltime: 0.0
36881.0/37230.0 days/days; walltime: 0.0
36882.0/37230.0 days/days; walltime: 0.2
36883.0/37230.0 days/days; walltime: 0.0
36885.0/37230.0 days/days; walltime: 0.0
36886.0/37230.0 days/days; walltime: 0.0
36887.0/37230.0 days/days; walltime: 0.2
36888.0/37230.0 days/days; walltime: 0.0
36889.0/37230.0 days/days; walltime: 0.0
36890.0/37230.0 days/days; walltime: 0.0
36891.0/37230.0 days/days; walltime: 0.2
36893.0/37230.0 days/days; walltime: 0.0
36894.0/37230.0 days/days; walltime: 0.0
36895.0/37230.0 days/days; walltime: 0.0
36896.0/37230.0 days/days; walltime: 0.2
36897.0/37230.0 days/days; walltime: 0.0
36899.0/37230.0 days/days; walltime: 0.0
36900.0/37230.0 days/days; walltime: 0.0
36901.0/37230.0 days/days; walltime: 0.2
36902.0/37230.0 days/days; walltime: 0.0
36903.0/37230.0 days/days; walltime: 0.0
36905.0/37230.0 days/days; walltime: 0.0
36906.0/37230.0 days/days; walltime: 0.2
36907.0/37230.0 days/days; walltime: 0.0
36908.0/37230.0 days/days; walltime: 0.0
36910.0/37230.0 days/days; walltime: 0.0
36911.0/37230.0 days/days; walltime: 0.2
36912.0/37230.0 days/days; walltime: 0.0
36914.0/37230.0 days/days; walltime: 0.0
36915.0/37230.0 days/days; walltime: 0.0
36916.0/37230.0 days/days; walltime: 0.2
36917.0/37230.0 days/days; walltime: 0.0
36919.0/37230.0 days/days; walltime: 0.0
36920.0/37230.0 days/days; walltime: 0.0
36921.0/37230.0 days/days; walltime: 0.2
36923.0/37230.0 days/days; walltime: 0.0
36924.0/37230.0 days/days; walltime: 0.0
36925.0/37230.0 days/days; walltime: 0.0
36927.0/37230.0 days/days; walltime: 0.2
36928.0/37230.0 days/days; walltime: 0.0
36929.0/37230.0 days/days; walltime: 0.0
36931.0/37230.0 days/days; walltime: 0.0
36932.0/37230.0 days/days; walltime: 0.2
36934.0/37230.0 days/days; walltime: 0.0
36935.0/37230.0 days/days; walltime: 0.0
36936.0/37230.0 days/days; walltime: 0.0
36938.0/37230.0 days/days; walltime: 0.2
36939.0/37230.0 days/days; walltime: 0.0
36941.0/37230.0 days/days; walltime: 0.0
36942.0/37230.0 days/days; walltime: 0.0
36944.0/37230.0 days/days; walltime: 0.2
36945.0/37230.0 days/days; walltime: 0.0
36947.0/37230.0 days/days; walltime: 0.0
36948.0/37230.0 days/days; walltime: 0.0
36950.0/37230.0 days/days; walltime: 0.2
36951.0/37230.0 days/days; walltime: 0.0
36953.0/37230.0 days/days; walltime: 0.0
36954.0/37230.0 days/days; walltime: 0.0
36956.0/37230.0 days/days; walltime: 0.2
36957.0/37230.0 days/days; walltime: 0.0
36959.0/37230.0 days/days; walltime: 0.0
36960.0/37230.0 days/days; walltime: 0.0
36962.0/37230.0 days/days; walltime: 0.2
36963.0/37230.0 days/days; walltime: 0.0
36965.0/37230.0 days/days; walltime: 0.0
36967.0/37230.0 days/days; walltime: 0.0
36968.0/37230.0 days/days; walltime: 0.2
36970.0/37230.0 days/days; walltime: 0.0
36971.0/37230.0 days/days; walltime: 0.0
36973.0/37230.0 days/days; walltime: 0.0
36975.0/37230.0 days/days; walltime: 0.2
36976.0/37230.0 days/days; walltime: 0.0
36978.0/37230.0 days/days; walltime: 0.0
-36980.0/37230.0 days/days; walltime: 0.2
-36981.0/37230.0 days/days; walltime: 5.3
36982.0/37230.0 days/days; walltime: 3.8
36983.0/37230.0 days/days; walltime: 5.0
36984.0/37230.0 days/days; walltime: 5.3
36985.0/37230.0 days/days; walltime: 10.9
36986.0/37230.0 days/days; walltime: 12.4
36987.0/37230.0 days/days; walltime: 14.7
36988.0/37230.0 days/days; walltime: 29.0
36989.0/37230.0 days/days; walltime: 25.3
36990.0/37230.0 days/days; walltime: 28.8
36991.0/37230.0 days/days; walltime: 34.9
36992.0/37230.0 days/days; walltime: 27.8
36993.0/37230.0 days/days; walltime: 38.5
36994.0/37230.0 days/days; walltime: 40.2
36995.0/37230.0 days/days; walltime: 39.7
36996.0/37230.0 days/days; walltime: 44.2
36997.0/37230.0 days/days; walltime: 34.5
36998.0/37230.0 days/days; walltime: 38.6
36999.0/37230.0 days/days; walltime: 34.9
37000.0/37230.0 days/days; walltime: 35.2
37001.0/37230.0 days/days; walltime: 33.8
37002.0/37230.0 days/days; walltime: 39.5
37003.0/37230.0 days/days; walltime: 34.3
37004.0/37230.0 days/days; walltime: 29.1
37005.0/37230.0 days/days; walltime: 32.8
37006.0/37230.0 days/days; walltime: 31.6
37007.0/37230.0 days/days; walltime: 33.5
37008.0/37230.0 days/days; walltime: 34.6
37009.0/37230.0 days/days; walltime: 27.3
37010.0/37230.0 days/days; walltime: 46.3
37011.0/37230.0 days/days; walltime: 33.0
37012.0/37230.0 days/days; walltime: 25.7
37013.0/37230.0 days/days; walltime: 27.3
37014.0/37230.0 days/days; walltime: 33.6
37015.0/37230.0 days/days; walltime: 35.3
----37016.0/37230.0 days/days; walltime: 70.5
37017.0/37230.0 days/days; walltime: 12.1
37018.0/37230.0 days/days; walltime: 23.0
37019.0/37230.0 days/days; walltime: 18.4
37020.0/37230.0 days/days; walltime: 14.3
37021.0/37230.0 days/days; walltime: 15.6
37022.0/37230.0 days/days; walltime: 16.5
37023.0/37230.0 days/days; walltime: 22.2
37024.0/37230.0 days/days; walltime: 12.1
37025.0/37230.0 days/days; walltime: 34.0
37026.0/37230.0 days/days; walltime: 15.3
37027.0/37230.0 days/days; walltime: 19.3
37028.0/37230.0 days/days; walltime: 21.2
37029.0/37230.0 days/days; walltime: 16.4
--37030.0/37230.0 days/days; walltime: 43.2
37031.0/37230.0 days/days; walltime: 21.2
37032.0/37230.0 days/days; walltime: 23.8
37033.0/37230.0 days/days; walltime: 18.1
37034.0/37230.0 days/days; walltime: 39.7
37035.0/37230.0 days/days; walltime: 34.6
37036.0/37230.0 days/days; walltime: 34.4
----37037.0/37230.0 days/days; walltime: 17.3
37038.0/37230.0 days/days; walltime: 11.3
--37039.0/37230.0 days/days; walltime: 12.3
--37040.0/37230.0 days/days; walltime: 31.5
----37041.0/37230.0 days/days; walltime: 26.5
------37042.0/37230.0 days/days; walltime: 23.9
----37043.0/37230.0 days/days; walltime: 42.0
--37044.0/37230.0 days/days; walltime: 20.7
37045.0/37230.0 days/days; walltime: 30.9
37046.0/37230.0 days/days; walltime: 9.2
37047.0/37230.0 days/days; walltime: 30.9
--37048.0/37230.0 days/days; walltime: 46.6
-37049.0/37230.0 days/days; walltime: 18.8
--37050.0/37230.0 days/days; walltime: 15.6
--37051.0/37230.0 days/days; walltime: 27.3
----37052.0/37230.0 days/days; walltime: 18.3
37053.0/37230.0 days/days; walltime: 24.5
37054.0/37230.0 days/days; walltime: 78.3
37055.0/37230.0 days/days; walltime: 34.3
--37056.0/37230.0 days/days; walltime: 14.1
37057.0/37230.0 days/days; walltime: 34.4
37058.0/37230.0 days/days; walltime: 15.8
37059.0/37230.0 days/days; walltime: 16.8
--37060.0/37230.0 days/days; walltime: 22.1
37061.0/37230.0 days/days; walltime: 22.9
37062.0/37230.0 days/days; walltime: 24.9
37063.0/37230.0 days/days; walltime: 131.6
37064.0/37230.0 days/days; walltime: 28.2
----37065.0/37230.0 days/days; walltime: 24.1
37066.0/37230.0 days/days; walltime: 102.4
37067.0/37230.0 days/days; walltime: 15.7
--37068.0/37230.0 days/days; walltime: 16.9
--37069.0/37230.0 days/days; walltime: 20.3
37070.0/37230.0 days/days; walltime: 6.5
37071.0/37230.0 days/days; walltime: 13.0
37072.0/37230.0 days/days; walltime: 2.8
37073.0/37230.0 days/days; walltime: 38.7
37074.0/37230.0 days/days; walltime: 14.7
--37075.0/37230.0 days/days; walltime: 22.1
37076.0/37230.0 days/days; walltime: 6.3
37077.0/37230.0 days/days; walltime: 25.3
37078.0/37230.0 days/days; walltime: 17.0
37079.0/37230.0 days/days; walltime: 24.8
37080.0/37230.0 days/days; walltime: 27.7
37081.0/37230.0 days/days; walltime: 19.2
37082.0/37230.0 days/days; walltime: 11.5
37083.0/37230.0 days/days; walltime: 6.0
37084.0/37230.0 days/days; walltime: 5.3
--37085.0/37230.0 days/days; walltime: 16.2
37086.0/37230.0 days/days; walltime: 8.7
37087.0/37230.0 days/days; walltime: 18.4
37088.0/37230.0 days/days; walltime: 7.5
37089.0/37230.0 days/days; walltime: 10.9
37090.0/37230.0 days/days; walltime: 6.5
37091.0/37230.0 days/days; walltime: 11.0
37092.0/37230.0 days/days; walltime: 19.8
37093.0/37230.0 days/days; walltime: 12.7
37094.0/37230.0 days/days; walltime: 32.1
37095.0/37230.0 days/days; walltime: 12.2
37096.0/37230.0 days/days; walltime: 7.9
37097.0/37230.0 days/days; walltime: 9.7
37098.0/37230.0 days/days; walltime: 16.7
-37099.0/37230.0 days/days; walltime: 11.2
37100.0/37230.0 days/days; walltime: 17.3
37101.0/37230.0 days/days; walltime: 9.5
37102.0/37230.0 days/days; walltime: 23.9
37103.0/37230.0 days/days; walltime: 21.4
37104.0/37230.0 days/days; walltime: 15.7
37105.0/37230.0 days/days; walltime: 9.1
37106.0/37230.0 days/days; walltime: 21.3
37107.0/37230.0 days/days; walltime: 9.7
37108.0/37230.0 days/days; walltime: 6.8
37109.0/37230.0 days/days; walltime: 7.9
37110.0/37230.0 days/days; walltime: 6.1
37111.0/37230.0 days/days; walltime: 5.5
37112.0/37230.0 days/days; walltime: 6.1
37113.0/37230.0 days/days; walltime: 3.6
37114.0/37230.0 days/days; walltime: 8.4
37115.0/37230.0 days/days; walltime: 2.2
37116.0/37230.0 days/days; walltime: 0.7
37117.0/37230.0 days/days; walltime: 0.4
37118.0/37230.0 days/days; walltime: 0.5
37119.0/37230.0 days/days; walltime: 0.3
37120.0/37230.0 days/days; walltime: 0.3
37121.0/37230.0 days/days; walltime: 0.3
37122.0/37230.0 days/days; walltime: 0.1
37123.0/37230.0 days/days; walltime: 0.3
37124.0/37230.0 days/days; walltime: 0.3
37125.0/37230.0 days/days; walltime: 0.3
37126.0/37230.0 days/days; walltime: 0.3
37127.0/37230.0 days/days; walltime: 0.1
37128.0/37230.0 days/days; walltime: 0.2
37129.0/37230.0 days/days; walltime: 0.3
37130.0/37230.0 days/days; walltime: 0.1
-37131.0/37230.0 days/days; walltime: 0.4
37132.0/37230.0 days/days; walltime: 1.8
37133.0/37230.0 days/days; walltime: 0.3
37134.0/37230.0 days/days; walltime: 0.3
37135.0/37230.0 days/days; walltime: 0.1
37136.0/37230.0 days/days; walltime: 0.2
37137.0/37230.0 days/days; walltime: 0.1
37138.0/37230.0 days/days; walltime: 0.2
37139.0/37230.0 days/days; walltime: 0.1
37140.0/37230.0 days/days; walltime: 0.2
37141.0/37230.0 days/days; walltime: 0.1
37142.0/37230.0 days/days; walltime: 0.2
37143.0/37230.0 days/days; walltime: 0.0
37144.0/37230.0 days/days; walltime: 0.1
37145.0/37230.0 days/days; walltime: 0.2
37146.0/37230.0 days/days; walltime: 0.1
37147.0/37230.0 days/days; walltime: 0.2
37148.0/37230.0 days/days; walltime: 0.1
37149.0/37230.0 days/days; walltime: 0.2
37150.0/37230.0 days/days; walltime: 0.1
37151.0/37230.0 days/days; walltime: 0.2
37152.0/37230.0 days/days; walltime: 0.2
37153.0/37230.0 days/days; walltime: 0.1
37154.0/37230.0 days/days; walltime: 0.3
37155.0/37230.0 days/days; walltime: 0.2
37156.0/37230.0 days/days; walltime: 0.2
37157.0/37230.0 days/days; walltime: 0.2
37158.0/37230.0 days/days; walltime: 0.3
37159.0/37230.0 days/days; walltime: 0.1
37160.0/37230.0 days/days; walltime: 0.2
37161.0/37230.0 days/days; walltime: 0.2
37162.0/37230.0 days/days; walltime: 0.2
37163.0/37230.0 days/days; walltime: 0.1
37164.0/37230.0 days/days; walltime: 0.3
37165.0/37230.0 days/days; walltime: 0.1
37166.0/37230.0 days/days; walltime: 0.3
37167.0/37230.0 days/days; walltime: 0.0
37168.0/37230.0 days/days; walltime: 0.1
37169.0/37230.0 days/days; walltime: 7.8
37170.0/37230.0 days/days; walltime: 6.6
37171.0/37230.0 days/days; walltime: 0.3
37172.0/37230.0 days/days; walltime: 0.1
37173.0/37230.0 days/days; walltime: 0.0
37174.0/37230.0 days/days; walltime: 0.2
37175.0/37230.0 days/days; walltime: 0.1
37176.0/37230.0 days/days; walltime: 0.0
37177.0/37230.0 days/days; walltime: 0.2
37178.0/37230.0 days/days; walltime: 0.1
37179.0/37230.0 days/days; walltime: 0.0
37180.0/37230.0 days/days; walltime: 0.2
37181.0/37230.0 days/days; walltime: 0.0
37182.0/37230.0 days/days; walltime: 0.1
37183.0/37230.0 days/days; walltime: 0.2
37184.0/37230.0 days/days; walltime: 0.0
37185.0/37230.0 days/days; walltime: 0.0
37186.0/37230.0 days/days; walltime: 0.0
37187.0/37230.0 days/days; walltime: 0.2
37188.0/37230.0 days/days; walltime: 0.0
37189.0/37230.0 days/days; walltime: 0.0
37190.0/37230.0 days/days; walltime: 0.2
37191.0/37230.0 days/days; walltime: 0.0
37192.0/37230.0 days/days; walltime: 0.0
37193.0/37230.0 days/days; walltime: 0.0
37194.0/37230.0 days/days; walltime: 0.2
37195.0/37230.0 days/days; walltime: 0.1
37196.0/37230.0 days/days; walltime: 0.0
37197.0/37230.0 days/days; walltime: 0.2
37198.0/37230.0 days/days; walltime: 0.0
37199.0/37230.0 days/days; walltime: 0.0
37200.0/37230.0 days/days; walltime: 0.0
37201.0/37230.0 days/days; walltime: 0.2
37202.0/37230.0 days/days; walltime: 0.0
37203.0/37230.0 days/days; walltime: 0.0
37204.0/37230.0 days/days; walltime: 0.0
37205.0/37230.0 days/days; walltime: 0.2
37206.0/37230.0 days/days; walltime: 0.0
37208.0/37230.0 days/days; walltime: 0.0
37209.0/37230.0 days/days; walltime: 0.0
37210.0/37230.0 days/days; walltime: 0.2
37211.0/37230.0 days/days; walltime: 0.0
37212.0/37230.0 days/days; walltime: 0.0
37213.0/37230.0 days/days; walltime: 0.0
37214.0/37230.0 days/days; walltime: 0.2
37215.0/37230.0 days/days; walltime: 0.0
37217.0/37230.0 days/days; walltime: 0.0
37218.0/37230.0 days/days; walltime: 0.0
37219.0/37230.0 days/days; walltime: 0.0
-37220.0/37230.0 days/days; walltime: 0.2
37221.0/37230.0 days/days; walltime: 0.0
37222.0/37230.0 days/days; walltime: 0.0
37223.0/37230.0 days/days; walltime: 0.0
37225.0/37230.0 days/days; walltime: 0.2
37226.0/37230.0 days/days; walltime: 0.0
37227.0/37230.0 days/days; walltime: 0.0
37228.0/37230.0 days/days; walltime: 0.0
37229.0/37230.0 days/days; walltime: 0.2
Wallclock for model run: 6504.1s
 

fields = 

  struct with fields:

    nodes: [1x1 struct]
    edges: [1x1 struct]
       BC: [1x1 struct]

No cases left; exiting.
