Case 5:
Picked up JAVA_TOOL_OPTIONS: -Xmx2g
Opening log file:  /tmp/java.log.10363

                            < M A T L A B (R) >
                  Copyright 1984-2022 The MathWorks, Inc.
                  R2022a (9.12.0.1884302) 64-bit (glnxa64)
                             February 16, 2022

 
To get started, type doc.
For product information, visit www.mathworks.com.
 

config = 

  struct with fields:

                 k_s: 0.2500
                 l_c: 10
            n_moulin: 68
    creep_const_soft: 0
             mesh_nr: 4
                 k_c: 0.1500
               h_bed: 0.5000
               l_bed: 10
               alpha: 1.5000
                beta: 1.5000
               omega: 5.0000e-04

Running model run (ode15s):
Run to steady
Saving model run to
./RUN/output_005_steady.nc
Fields, IC & BC initialised
Initial phi calculated in 1.8s
0.0/36500.0 days/days; walltime: 19.2
----------------------------------------------------------------------------------------------------------------------------------------------------------------------------------------------------------------------------------------------------------------------------------------------------------------------1825.0/36500.0 days/days; walltime: 141.7
----------------------------3650.0/36500.0 days/days; walltime: 5.0
------------5475.0/36500.0 days/days; walltime: 3.0
---------7300.0/36500.0 days/days; walltime: 2.0
---------------------------------------------------------9125.0/36500.0 days/days; walltime: 11.7
--10950.0/36500.0 days/days; walltime: 849.2
12775.0/36500.0 days/days; walltime: 559.3
14600.0/36500.0 days/days; walltime: 374.9
-------------------------------------------16425.0/36500.0 days/days; walltime: 320.5
18250.0/36500.0 days/days; walltime: 269.4
20075.0/36500.0 days/days; walltime: 64.8
21900.0/36500.0 days/days; walltime: 12.4
23725.0/36500.0 days/days; walltime: 23.9
25550.0/36500.0 days/days; walltime: 5.6
27375.0/36500.0 days/days; walltime: 3.1
29200.0/36500.0 days/days; walltime: 2.8
31025.0/36500.0 days/days; walltime: 3.8
32850.0/36500.0 days/days; walltime: 1.2
34675.0/36500.0 days/days; walltime: 1.3
36500.0/36500.0 days/days; walltime: 1.4
Wallclock for model run: 2681.3s
 

fields = 

  struct with fields:

    nodes: [1x1 struct]
    edges: [1x1 struct]
       BC: [1x1 struct]

Running model run (ode15s):
Run seasonal
Saving model run to
./RUN/output_005_seasonal.nc
IC initialised from struct
IC initialised from file/given & rest from parameters and given functions
36500.0/37230.0 days/days; walltime: 14.2
36501.0/37230.0 days/days; walltime: 57.2
36502.0/37230.0 days/days; walltime: 13.7
36503.0/37230.0 days/days; walltime: 19.0
36504.0/37230.0 days/days; walltime: 14.1
36505.0/37230.0 days/days; walltime: 10.8
36506.0/37230.0 days/days; walltime: 8.9
36507.0/37230.0 days/days; walltime: 6.8
36508.0/37230.0 days/days; walltime: 9.7
36509.0/37230.0 days/days; walltime: 7.0
36510.0/37230.0 days/days; walltime: 4.3
36511.0/37230.0 days/days; walltime: 2.4
36512.0/37230.0 days/days; walltime: 2.3
36513.0/37230.0 days/days; walltime: 2.5
36514.0/37230.0 days/days; walltime: 2.2
36515.0/37230.0 days/days; walltime: 8.4
36516.0/37230.0 days/days; walltime: 67.7
36517.0/37230.0 days/days; walltime: 1.8
36518.0/37230.0 days/days; walltime: 1.9
36519.0/37230.0 days/days; walltime: 42.3
36520.0/37230.0 days/days; walltime: 1.9
36521.0/37230.0 days/days; walltime: 1.5
36522.0/37230.0 days/days; walltime: 1.6
36523.0/37230.0 days/days; walltime: 1.3
36524.0/37230.0 days/days; walltime: 5.2
36525.0/37230.0 days/days; walltime: 1.2
36526.0/37230.0 days/days; walltime: 1.0
36527.0/37230.0 days/days; walltime: 1.0
36528.0/37230.0 days/days; walltime: 0.8
36529.0/37230.0 days/days; walltime: 1.0
36530.0/37230.0 days/days; walltime: 0.4
36531.0/37230.0 days/days; walltime: 2.3
36532.0/37230.0 days/days; walltime: 0.5
36533.0/37230.0 days/days; walltime: 0.8
36534.0/37230.0 days/days; walltime: 0.8
36535.0/37230.0 days/days; walltime: 0.9
36536.0/37230.0 days/days; walltime: 0.7
36537.0/37230.0 days/days; walltime: 0.7
36538.0/37230.0 days/days; walltime: 0.7
36539.0/37230.0 days/days; walltime: 0.6
36540.0/37230.0 days/days; walltime: 0.7
36541.0/37230.0 days/days; walltime: 0.7
36542.0/37230.0 days/days; walltime: 0.7
36543.0/37230.0 days/days; walltime: 0.7
36544.0/37230.0 days/days; walltime: 5.7
36545.0/37230.0 days/days; walltime: 0.5
36546.0/37230.0 days/days; walltime: 0.5
36547.0/37230.0 days/days; walltime: 0.6
36548.0/37230.0 days/days; walltime: 0.6
36549.0/37230.0 days/days; walltime: 0.7
36550.0/37230.0 days/days; walltime: 0.4
36551.0/37230.0 days/days; walltime: 0.6
36552.0/37230.0 days/days; walltime: 0.6
36553.0/37230.0 days/days; walltime: 0.4
36554.0/37230.0 days/days; walltime: 0.6
36555.0/37230.0 days/days; walltime: 0.4
36556.0/37230.0 days/days; walltime: 0.6
36557.0/37230.0 days/days; walltime: 0.4
36558.0/37230.0 days/days; walltime: 0.4
36559.0/37230.0 days/days; walltime: 0.6
36560.0/37230.0 days/days; walltime: 0.4
36561.0/37230.0 days/days; walltime: 0.4
36562.0/37230.0 days/days; walltime: 0.4
36563.0/37230.0 days/days; walltime: 0.3
36564.0/37230.0 days/days; walltime: 0.3
36565.0/37230.0 days/days; walltime: 0.6
36566.0/37230.0 days/days; walltime: 0.3
36567.0/37230.0 days/days; walltime: 0.2
36568.0/37230.0 days/days; walltime: 0.2
36569.0/37230.0 days/days; walltime: 0.4
36570.0/37230.0 days/days; walltime: 0.5
36571.0/37230.0 days/days; walltime: 0.3
36572.0/37230.0 days/days; walltime: 0.5
36573.0/37230.0 days/days; walltime: 0.3
36574.0/37230.0 days/days; walltime: 6.7
36575.0/37230.0 days/days; walltime: 0.4
36576.0/37230.0 days/days; walltime: 0.2
36577.0/37230.0 days/days; walltime: 0.2
36578.0/37230.0 days/days; walltime: 0.2
36579.0/37230.0 days/days; walltime: 0.2
36580.0/37230.0 days/days; walltime: 0.2
36581.0/37230.0 days/days; walltime: 0.2
36582.0/37230.0 days/days; walltime: 0.2
36583.0/37230.0 days/days; walltime: 0.2
36584.0/37230.0 days/days; walltime: 0.2
36585.0/37230.0 days/days; walltime: 0.2
36586.0/37230.0 days/days; walltime: 0.2
36587.0/37230.0 days/days; walltime: 0.2
36588.0/37230.0 days/days; walltime: 0.3
36589.0/37230.0 days/days; walltime: 0.3
36590.0/37230.0 days/days; walltime: 0.1
36591.0/37230.0 days/days; walltime: 0.3
36592.0/37230.0 days/days; walltime: 0.3
36593.0/37230.0 days/days; walltime: 0.3
36594.0/37230.0 days/days; walltime: 0.3
36595.0/37230.0 days/days; walltime: 0.3
36596.0/37230.0 days/days; walltime: 0.3
36597.0/37230.0 days/days; walltime: 0.3
36598.0/37230.0 days/days; walltime: 0.3
36599.0/37230.0 days/days; walltime: 0.1
36600.0/37230.0 days/days; walltime: 0.3
36601.0/37230.0 days/days; walltime: 0.3
36602.0/37230.0 days/days; walltime: 0.3
36603.0/37230.0 days/days; walltime: 0.3
36604.0/37230.0 days/days; walltime: 0.1
36605.0/37230.0 days/days; walltime: 0.3
36606.0/37230.0 days/days; walltime: 0.3
36607.0/37230.0 days/days; walltime: 0.1
36608.0/37230.0 days/days; walltime: 0.3
36609.0/37230.0 days/days; walltime: 0.3
36610.0/37230.0 days/days; walltime: 0.1
36611.0/37230.0 days/days; walltime: 0.3
36612.0/37230.0 days/days; walltime: 0.3
36613.0/37230.0 days/days; walltime: 0.1
36614.0/37230.0 days/days; walltime: 0.3
36615.0/37230.0 days/days; walltime: 0.3
36616.0/37230.0 days/days; walltime: 0.1
36617.0/37230.0 days/days; walltime: 0.3
36618.0/37230.0 days/days; walltime: 0.1
36619.0/37230.0 days/days; walltime: 0.3
36620.0/37230.0 days/days; walltime: 0.1
36621.0/37230.0 days/days; walltime: 0.2
36622.0/37230.0 days/days; walltime: 0.1
36623.0/37230.0 days/days; walltime: 0.3
36624.0/37230.0 days/days; walltime: 0.1
36625.0/37230.0 days/days; walltime: 0.3
36626.0/37230.0 days/days; walltime: 1.0
36627.0/37230.0 days/days; walltime: 1.5
36628.0/37230.0 days/days; walltime: 4.2
36629.0/37230.0 days/days; walltime: 9.0
36630.0/37230.0 days/days; walltime: 11.5
36631.0/37230.0 days/days; walltime: 16.1
36632.0/37230.0 days/days; walltime: 15.3
36633.0/37230.0 days/days; walltime: 37.2
36634.0/37230.0 days/days; walltime: 18.0
36635.0/37230.0 days/days; walltime: 16.4
36636.0/37230.0 days/days; walltime: 17.2
36637.0/37230.0 days/days; walltime: 18.3
36638.0/37230.0 days/days; walltime: 16.9
36639.0/37230.0 days/days; walltime: 16.6
36640.0/37230.0 days/days; walltime: 17.4
36641.0/37230.0 days/days; walltime: 19.1
36642.0/37230.0 days/days; walltime: 17.7
36643.0/37230.0 days/days; walltime: 15.6
36644.0/37230.0 days/days; walltime: 16.4
36645.0/37230.0 days/days; walltime: 18.6
36646.0/37230.0 days/days; walltime: 16.2
36647.0/37230.0 days/days; walltime: 15.8
36648.0/37230.0 days/days; walltime: 17.0
36649.0/37230.0 days/days; walltime: 15.4
36650.0/37230.0 days/days; walltime: 15.4
36651.0/37230.0 days/days; walltime: 14.0
36652.0/37230.0 days/days; walltime: 16.0
36653.0/37230.0 days/days; walltime: 13.1
36654.0/37230.0 days/days; walltime: 14.5
36655.0/37230.0 days/days; walltime: 14.4
36656.0/37230.0 days/days; walltime: 20.9
36657.0/37230.0 days/days; walltime: 14.0
36658.0/37230.0 days/days; walltime: 12.3
36659.0/37230.0 days/days; walltime: 11.9
36660.0/37230.0 days/days; walltime: 12.9
36661.0/37230.0 days/days; walltime: 10.4
36662.0/37230.0 days/days; walltime: 11.2
36663.0/37230.0 days/days; walltime: 14.6
36664.0/37230.0 days/days; walltime: 12.4
36665.0/37230.0 days/days; walltime: 12.8
36666.0/37230.0 days/days; walltime: 23.8
36667.0/37230.0 days/days; walltime: 10.1
36668.0/37230.0 days/days; walltime: 7.5
36669.0/37230.0 days/days; walltime: 7.0
36670.0/37230.0 days/days; walltime: 8.7
36671.0/37230.0 days/days; walltime: 11.0
36672.0/37230.0 days/days; walltime: 4.7
36673.0/37230.0 days/days; walltime: 20.4
36674.0/37230.0 days/days; walltime: 4.8
36675.0/37230.0 days/days; walltime: 6.1
36676.0/37230.0 days/days; walltime: 19.0
36677.0/37230.0 days/days; walltime: 5.8
36678.0/37230.0 days/days; walltime: 7.2
36679.0/37230.0 days/days; walltime: 3.1
36680.0/37230.0 days/days; walltime: 7.9
36681.0/37230.0 days/days; walltime: 8.1
36682.0/37230.0 days/days; walltime: 12.0
36683.0/37230.0 days/days; walltime: 4.8
36684.0/37230.0 days/days; walltime: 6.1
36685.0/37230.0 days/days; walltime: 22.1
36686.0/37230.0 days/days; walltime: 4.8
36687.0/37230.0 days/days; walltime: 4.8
36688.0/37230.0 days/days; walltime: 13.0
36689.0/37230.0 days/days; walltime: 7.4
36690.0/37230.0 days/days; walltime: 12.3
36691.0/37230.0 days/days; walltime: 4.7
36692.0/37230.0 days/days; walltime: 4.8
36693.0/37230.0 days/days; walltime: 5.3
36694.0/37230.0 days/days; walltime: 5.5
36695.0/37230.0 days/days; walltime: 9.0
36696.0/37230.0 days/days; walltime: 5.9
36697.0/37230.0 days/days; walltime: 6.9
36698.0/37230.0 days/days; walltime: 3.5
36699.0/37230.0 days/days; walltime: 6.0
36700.0/37230.0 days/days; walltime: 3.8
36701.0/37230.0 days/days; walltime: 5.0
36702.0/37230.0 days/days; walltime: 3.8
36703.0/37230.0 days/days; walltime: 6.8
36704.0/37230.0 days/days; walltime: 4.3
36705.0/37230.0 days/days; walltime: 4.9
36706.0/37230.0 days/days; walltime: 6.2
36707.0/37230.0 days/days; walltime: 6.8
36708.0/37230.0 days/days; walltime: 5.9
36709.0/37230.0 days/days; walltime: 6.3
36710.0/37230.0 days/days; walltime: 7.6
36711.0/37230.0 days/days; walltime: 4.6
36712.0/37230.0 days/days; walltime: 7.3
36713.0/37230.0 days/days; walltime: 7.4
36714.0/37230.0 days/days; walltime: 5.5
36715.0/37230.0 days/days; walltime: 6.9
36716.0/37230.0 days/days; walltime: 10.1
36717.0/37230.0 days/days; walltime: 8.2
36718.0/37230.0 days/days; walltime: 7.8
36719.0/37230.0 days/days; walltime: 13.6
36720.0/37230.0 days/days; walltime: 12.9
36721.0/37230.0 days/days; walltime: 13.9
36722.0/37230.0 days/days; walltime: 12.5
36723.0/37230.0 days/days; walltime: 12.2
36724.0/37230.0 days/days; walltime: 18.3
36725.0/37230.0 days/days; walltime: 14.0
36726.0/37230.0 days/days; walltime: 16.4
36727.0/37230.0 days/days; walltime: 14.2
36728.0/37230.0 days/days; walltime: 56.5
36729.0/37230.0 days/days; walltime: 13.7
36730.0/37230.0 days/days; walltime: 16.4
36731.0/37230.0 days/days; walltime: 14.3
36732.0/37230.0 days/days; walltime: 13.0
36733.0/37230.0 days/days; walltime: 13.3
36734.0/37230.0 days/days; walltime: 9.9
36735.0/37230.0 days/days; walltime: 18.3
36736.0/37230.0 days/days; walltime: 7.4
36737.0/37230.0 days/days; walltime: 20.4
36738.0/37230.0 days/days; walltime: 4.6
36739.0/37230.0 days/days; walltime: 4.6
36740.0/37230.0 days/days; walltime: 1.7
36741.0/37230.0 days/days; walltime: 0.8
36742.0/37230.0 days/days; walltime: 1.2
36743.0/37230.0 days/days; walltime: 1.5
36744.0/37230.0 days/days; walltime: 1.7
36745.0/37230.0 days/days; walltime: 4.6
36746.0/37230.0 days/days; walltime: 1.2
36747.0/37230.0 days/days; walltime: 0.8
36748.0/37230.0 days/days; walltime: 0.6
36749.0/37230.0 days/days; walltime: 1.0
36750.0/37230.0 days/days; walltime: 1.1
36751.0/37230.0 days/days; walltime: 1.1
36752.0/37230.0 days/days; walltime: 3.7
36753.0/37230.0 days/days; walltime: 0.7
36754.0/37230.0 days/days; walltime: 0.7
36755.0/37230.0 days/days; walltime: 0.5
36756.0/37230.0 days/days; walltime: 0.6
36757.0/37230.0 days/days; walltime: 0.6
36758.0/37230.0 days/days; walltime: 0.6
36759.0/37230.0 days/days; walltime: 0.5
36760.0/37230.0 days/days; walltime: 0.7
36761.0/37230.0 days/days; walltime: 0.8
36762.0/37230.0 days/days; walltime: 0.6
36763.0/37230.0 days/days; walltime: 0.8
36764.0/37230.0 days/days; walltime: 2.7
36765.0/37230.0 days/days; walltime: 0.6
36766.0/37230.0 days/days; walltime: 0.4
36767.0/37230.0 days/days; walltime: 0.4
36768.0/37230.0 days/days; walltime: 0.6
36769.0/37230.0 days/days; walltime: 0.4
36770.0/37230.0 days/days; walltime: 0.4
36771.0/37230.0 days/days; walltime: 0.5
36772.0/37230.0 days/days; walltime: 0.4
36773.0/37230.0 days/days; walltime: 0.4
36774.0/37230.0 days/days; walltime: 0.4
36775.0/37230.0 days/days; walltime: 0.3
36776.0/37230.0 days/days; walltime: 0.3
36777.0/37230.0 days/days; walltime: 0.6
36778.0/37230.0 days/days; walltime: 0.3
36779.0/37230.0 days/days; walltime: 0.3
36780.0/37230.0 days/days; walltime: 0.3
36781.0/37230.0 days/days; walltime: 0.3
36782.0/37230.0 days/days; walltime: 0.3
36783.0/37230.0 days/days; walltime: 0.3
36784.0/37230.0 days/days; walltime: 0.3
36785.0/37230.0 days/days; walltime: 0.3
36786.0/37230.0 days/days; walltime: 0.3
36787.0/37230.0 days/days; walltime: 0.3
36788.0/37230.0 days/days; walltime: 0.3
36789.0/37230.0 days/days; walltime: 0.2
36790.0/37230.0 days/days; walltime: 0.3
36791.0/37230.0 days/days; walltime: 0.3
36792.0/37230.0 days/days; walltime: 0.3
36793.0/37230.0 days/days; walltime: 0.3
36794.0/37230.0 days/days; walltime: 0.3
36795.0/37230.0 days/days; walltime: 0.5
36796.0/37230.0 days/days; walltime: 0.3
36797.0/37230.0 days/days; walltime: 0.4
36798.0/37230.0 days/days; walltime: 0.4
36799.0/37230.0 days/days; walltime: 0.3
36800.0/37230.0 days/days; walltime: 0.3
36801.0/37230.0 days/days; walltime: 0.4
36802.0/37230.0 days/days; walltime: 1.8
36803.0/37230.0 days/days; walltime: 0.3
36804.0/37230.0 days/days; walltime: 0.3
36805.0/37230.0 days/days; walltime: 0.3
36806.0/37230.0 days/days; walltime: 0.3
36807.0/37230.0 days/days; walltime: 0.1
36808.0/37230.0 days/days; walltime: 0.3
36809.0/37230.0 days/days; walltime: 0.3
36810.0/37230.0 days/days; walltime: 0.1
36811.0/37230.0 days/days; walltime: 0.3
36812.0/37230.0 days/days; walltime: 0.3
36813.0/37230.0 days/days; walltime: 0.2
36814.0/37230.0 days/days; walltime: 0.5
36815.0/37230.0 days/days; walltime: 0.3
36816.0/37230.0 days/days; walltime: 0.1
36817.0/37230.0 days/days; walltime: 0.3
36818.0/37230.0 days/days; walltime: 0.3
36819.0/37230.0 days/days; walltime: 0.1
36820.0/37230.0 days/days; walltime: 0.3
36821.0/37230.0 days/days; walltime: 0.1
36822.0/37230.0 days/days; walltime: 0.3
36823.0/37230.0 days/days; walltime: 0.1
36824.0/37230.0 days/days; walltime: 0.3
36825.0/37230.0 days/days; walltime: 0.3
36826.0/37230.0 days/days; walltime: 0.1
36827.0/37230.0 days/days; walltime: 0.3
36828.0/37230.0 days/days; walltime: 0.1
36829.0/37230.0 days/days; walltime: 0.3
36830.0/37230.0 days/days; walltime: 0.1
36831.0/37230.0 days/days; walltime: 0.3
36832.0/37230.0 days/days; walltime: 0.3
36833.0/37230.0 days/days; walltime: 0.1
36834.0/37230.0 days/days; walltime: 0.3
36835.0/37230.0 days/days; walltime: 0.1
36836.0/37230.0 days/days; walltime: 0.3
36837.0/37230.0 days/days; walltime: 0.1
36838.0/37230.0 days/days; walltime: 0.3
36839.0/37230.0 days/days; walltime: 0.1
36840.0/37230.0 days/days; walltime: 0.3
36841.0/37230.0 days/days; walltime: 0.3
36842.0/37230.0 days/days; walltime: 0.1
36843.0/37230.0 days/days; walltime: 0.3
36844.0/37230.0 days/days; walltime: 0.1
36845.0/37230.0 days/days; walltime: 0.3
36846.0/37230.0 days/days; walltime: 0.1
36847.0/37230.0 days/days; walltime: 0.3
36848.0/37230.0 days/days; walltime: 0.3
36849.0/37230.0 days/days; walltime: 0.1
36850.0/37230.0 days/days; walltime: 0.3
36851.0/37230.0 days/days; walltime: 0.1
36852.0/37230.0 days/days; walltime: 0.3
36853.0/37230.0 days/days; walltime: 0.1
36854.0/37230.0 days/days; walltime: 0.3
36855.0/37230.0 days/days; walltime: 0.1
36856.0/37230.0 days/days; walltime: 0.3
36857.0/37230.0 days/days; walltime: 0.1
36858.0/37230.0 days/days; walltime: 0.3
36859.0/37230.0 days/days; walltime: 0.2
36860.0/37230.0 days/days; walltime: 0.3
36861.0/37230.0 days/days; walltime: 0.1
36862.0/37230.0 days/days; walltime: 0.3
36863.0/37230.0 days/days; walltime: 0.2
36864.0/37230.0 days/days; walltime: 0.2
36865.0/37230.0 days/days; walltime: 0.2
36866.0/37230.0 days/days; walltime: 0.3
36867.0/37230.0 days/days; walltime: 0.2
36868.0/37230.0 days/days; walltime: 0.2
36869.0/37230.0 days/days; walltime: 0.3
36870.0/37230.0 days/days; walltime: 1.8
36871.0/37230.0 days/days; walltime: 0.5
36872.0/37230.0 days/days; walltime: 0.3
36873.0/37230.0 days/days; walltime: 0.1
36874.0/37230.0 days/days; walltime: 0.1
36875.0/37230.0 days/days; walltime: 0.1
36876.0/37230.0 days/days; walltime: 0.1
36877.0/37230.0 days/days; walltime: 0.1
36878.0/37230.0 days/days; walltime: 0.1
36879.0/37230.0 days/days; walltime: 0.0
36880.0/37230.0 days/days; walltime: 0.1
36881.0/37230.0 days/days; walltime: 0.1
36882.0/37230.0 days/days; walltime: 0.3
36883.0/37230.0 days/days; walltime: 0.1
36884.0/37230.0 days/days; walltime: 0.3
36885.0/37230.0 days/days; walltime: 0.1
36886.0/37230.0 days/days; walltime: 0.2
36887.0/37230.0 days/days; walltime: 0.0
36888.0/37230.0 days/days; walltime: 0.1
36889.0/37230.0 days/days; walltime: 0.3
36890.0/37230.0 days/days; walltime: 0.1
36891.0/37230.0 days/days; walltime: 0.2
36892.0/37230.0 days/days; walltime: 0.1
36893.0/37230.0 days/days; walltime: 0.3
36894.0/37230.0 days/days; walltime: 0.1
36895.0/37230.0 days/days; walltime: 0.0
36896.0/37230.0 days/days; walltime: 0.3
36897.0/37230.0 days/days; walltime: 0.1
36898.0/37230.0 days/days; walltime: 0.2
36899.0/37230.0 days/days; walltime: 0.1
36900.0/37230.0 days/days; walltime: 0.0
36901.0/37230.0 days/days; walltime: 0.3
36902.0/37230.0 days/days; walltime: 0.1
36903.0/37230.0 days/days; walltime: 0.2
36904.0/37230.0 days/days; walltime: 0.1
36905.0/37230.0 days/days; walltime: 0.0
36906.0/37230.0 days/days; walltime: 0.3
36907.0/37230.0 days/days; walltime: 0.0
36908.0/37230.0 days/days; walltime: 0.3
36909.0/37230.0 days/days; walltime: 0.0
36910.0/37230.0 days/days; walltime: 0.1
36911.0/37230.0 days/days; walltime: 0.2
36912.0/37230.0 days/days; walltime: 0.0
36913.0/37230.0 days/days; walltime: 0.1
36914.0/37230.0 days/days; walltime: 0.2
36915.0/37230.0 days/days; walltime: 0.1
36916.0/37230.0 days/days; walltime: 0.0
36917.0/37230.0 days/days; walltime: 0.2
36918.0/37230.0 days/days; walltime: 0.1
36919.0/37230.0 days/days; walltime: 0.0
36920.0/37230.0 days/days; walltime: 0.2
36921.0/37230.0 days/days; walltime: 0.1
36922.0/37230.0 days/days; walltime: 0.0
36923.0/37230.0 days/days; walltime: 0.2
36924.0/37230.0 days/days; walltime: 0.1
36925.0/37230.0 days/days; walltime: 0.0
36926.0/37230.0 days/days; walltime: 0.2
36927.0/37230.0 days/days; walltime: 0.0
36928.0/37230.0 days/days; walltime: 0.1
36929.0/37230.0 days/days; walltime: 0.2
36930.0/37230.0 days/days; walltime: 0.0
36931.0/37230.0 days/days; walltime: 0.0
36932.0/37230.0 days/days; walltime: 0.3
36933.0/37230.0 days/days; walltime: 0.0
36934.0/37230.0 days/days; walltime: 0.0
36935.0/37230.0 days/days; walltime: 0.0
36936.0/37230.0 days/days; walltime: 0.2
36937.0/37230.0 days/days; walltime: 0.0
36938.0/37230.0 days/days; walltime: 0.0
36939.0/37230.0 days/days; walltime: 0.3
36940.0/37230.0 days/days; walltime: 0.0
36941.0/37230.0 days/days; walltime: 0.0
36942.0/37230.0 days/days; walltime: 0.0
36943.0/37230.0 days/days; walltime: 0.0
36944.0/37230.0 days/days; walltime: 0.0
36945.0/37230.0 days/days; walltime: 0.2
36946.0/37230.0 days/days; walltime: 0.0
36947.0/37230.0 days/days; walltime: 0.0
36948.0/37230.0 days/days; walltime: 0.0
36949.0/37230.0 days/days; walltime: 0.3
36950.0/37230.0 days/days; walltime: 0.0
36951.0/37230.0 days/days; walltime: 0.0
36952.0/37230.0 days/days; walltime: 0.2
36953.0/37230.0 days/days; walltime: 0.0
36954.0/37230.0 days/days; walltime: 0.0
36955.0/37230.0 days/days; walltime: 0.0
36956.0/37230.0 days/days; walltime: 0.2
36957.0/37230.0 days/days; walltime: 0.0
36958.0/37230.0 days/days; walltime: 0.0
36959.0/37230.0 days/days; walltime: 0.3
36960.0/37230.0 days/days; walltime: 0.0
36961.0/37230.0 days/days; walltime: 0.0
36962.0/37230.0 days/days; walltime: 0.0
36963.0/37230.0 days/days; walltime: 0.2
36964.0/37230.0 days/days; walltime: 0.0
36965.0/37230.0 days/days; walltime: 0.0
36966.0/37230.0 days/days; walltime: 0.0
36967.0/37230.0 days/days; walltime: 0.2
36968.0/37230.0 days/days; walltime: 0.1
36969.0/37230.0 days/days; walltime: 0.0
36970.0/37230.0 days/days; walltime: 0.2
36971.0/37230.0 days/days; walltime: 0.0
36972.0/37230.0 days/days; walltime: 0.0
36973.0/37230.0 days/days; walltime: 0.0
36974.0/37230.0 days/days; walltime: 0.2
36975.0/37230.0 days/days; walltime: 0.0
36976.0/37230.0 days/days; walltime: 0.0
36977.0/37230.0 days/days; walltime: 0.0
36978.0/37230.0 days/days; walltime: 0.3
36979.0/37230.0 days/days; walltime: 0.1
36980.0/37230.0 days/days; walltime: 0.0
36981.0/37230.0 days/days; walltime: 0.2
36982.0/37230.0 days/days; walltime: 0.1
36983.0/37230.0 days/days; walltime: 0.1
36984.0/37230.0 days/days; walltime: 0.0
36985.0/37230.0 days/days; walltime: 0.2
36986.0/37230.0 days/days; walltime: 0.0
36987.0/37230.0 days/days; walltime: 0.0
36988.0/37230.0 days/days; walltime: 0.3
36989.0/37230.0 days/days; walltime: 0.0
36990.0/37230.0 days/days; walltime: 0.0
36991.0/37230.0 days/days; walltime: 0.5
36992.0/37230.0 days/days; walltime: 1.4
36993.0/37230.0 days/days; walltime: 2.7
36994.0/37230.0 days/days; walltime: 8.3
36995.0/37230.0 days/days; walltime: 17.8
36996.0/37230.0 days/days; walltime: 14.3
36997.0/37230.0 days/days; walltime: 15.0
36998.0/37230.0 days/days; walltime: 14.3
36999.0/37230.0 days/days; walltime: 16.4
37000.0/37230.0 days/days; walltime: 15.4
37001.0/37230.0 days/days; walltime: 19.9
37002.0/37230.0 days/days; walltime: 19.6
37003.0/37230.0 days/days; walltime: 16.7
37004.0/37230.0 days/days; walltime: 19.6
37005.0/37230.0 days/days; walltime: 18.7
37006.0/37230.0 days/days; walltime: 20.2
37007.0/37230.0 days/days; walltime: 19.9
37008.0/37230.0 days/days; walltime: 17.5
37009.0/37230.0 days/days; walltime: 18.5
37010.0/37230.0 days/days; walltime: 17.6
37011.0/37230.0 days/days; walltime: 17.2
37012.0/37230.0 days/days; walltime: 17.0
37013.0/37230.0 days/days; walltime: 16.0
37014.0/37230.0 days/days; walltime: 16.9
37015.0/37230.0 days/days; walltime: 17.9
37016.0/37230.0 days/days; walltime: 17.3
37017.0/37230.0 days/days; walltime: 17.5
37018.0/37230.0 days/days; walltime: 13.4
37019.0/37230.0 days/days; walltime: 14.3
37020.0/37230.0 days/days; walltime: 13.4
37021.0/37230.0 days/days; walltime: 21.7
37022.0/37230.0 days/days; walltime: 14.3
37023.0/37230.0 days/days; walltime: 12.2
37024.0/37230.0 days/days; walltime: 12.5
37025.0/37230.0 days/days; walltime: 20.1
37026.0/37230.0 days/days; walltime: 11.0
37027.0/37230.0 days/days; walltime: 12.1
37028.0/37230.0 days/days; walltime: 11.3
37029.0/37230.0 days/days; walltime: 11.0
37030.0/37230.0 days/days; walltime: 12.2
37031.0/37230.0 days/days; walltime: 22.4
37032.0/37230.0 days/days; walltime: 11.1
37033.0/37230.0 days/days; walltime: 7.0
37034.0/37230.0 days/days; walltime: 8.3
37035.0/37230.0 days/days; walltime: 8.0
37036.0/37230.0 days/days; walltime: 17.5
37037.0/37230.0 days/days; walltime: 6.1
37038.0/37230.0 days/days; walltime: 5.1
37039.0/37230.0 days/days; walltime: 15.3
37040.0/37230.0 days/days; walltime: 5.4
37041.0/37230.0 days/days; walltime: 12.5
37042.0/37230.0 days/days; walltime: 5.4
37043.0/37230.0 days/days; walltime: 6.4
37044.0/37230.0 days/days; walltime: 3.5
37045.0/37230.0 days/days; walltime: 4.9
37046.0/37230.0 days/days; walltime: 8.7
37047.0/37230.0 days/days; walltime: 9.3
37048.0/37230.0 days/days; walltime: 4.6
37049.0/37230.0 days/days; walltime: 6.5
37050.0/37230.0 days/days; walltime: 28.1
37051.0/37230.0 days/days; walltime: 12.7
37052.0/37230.0 days/days; walltime: 6.9
37053.0/37230.0 days/days; walltime: 13.2
37054.0/37230.0 days/days; walltime: 5.0
37055.0/37230.0 days/days; walltime: 11.0
37056.0/37230.0 days/days; walltime: 4.5
37057.0/37230.0 days/days; walltime: 5.6
37058.0/37230.0 days/days; walltime: 7.0
37059.0/37230.0 days/days; walltime: 9.5
37060.0/37230.0 days/days; walltime: 7.4
37061.0/37230.0 days/days; walltime: 7.7
37062.0/37230.0 days/days; walltime: 3.8
37063.0/37230.0 days/days; walltime: 4.0
37064.0/37230.0 days/days; walltime: 5.7
37065.0/37230.0 days/days; walltime: 4.6
37066.0/37230.0 days/days; walltime: 4.8
37067.0/37230.0 days/days; walltime: 4.8
37068.0/37230.0 days/days; walltime: 6.2
37069.0/37230.0 days/days; walltime: 4.7
37070.0/37230.0 days/days; walltime: 5.2
37071.0/37230.0 days/days; walltime: 7.0
37072.0/37230.0 days/days; walltime: 6.1
37073.0/37230.0 days/days; walltime: 5.0
37074.0/37230.0 days/days; walltime: 7.0
37075.0/37230.0 days/days; walltime: 6.9
37076.0/37230.0 days/days; walltime: 4.7
37077.0/37230.0 days/days; walltime: 7.6
37078.0/37230.0 days/days; walltime: 7.4
37079.0/37230.0 days/days; walltime: 5.7
37080.0/37230.0 days/days; walltime: 7.1
37081.0/37230.0 days/days; walltime: 10.3
37082.0/37230.0 days/days; walltime: 7.1
37083.0/37230.0 days/days; walltime: 9.0
37084.0/37230.0 days/days; walltime: 11.8
37085.0/37230.0 days/days; walltime: 12.1
37086.0/37230.0 days/days; walltime: 13.0
37087.0/37230.0 days/days; walltime: 11.6
37088.0/37230.0 days/days; walltime: 12.7
37089.0/37230.0 days/days; walltime: 15.5
37090.0/37230.0 days/days; walltime: 15.0
37091.0/37230.0 days/days; walltime: 19.3
37092.0/37230.0 days/days; walltime: 21.0
37093.0/37230.0 days/days; walltime: 14.8
37094.0/37230.0 days/days; walltime: 18.0
37095.0/37230.0 days/days; walltime: 15.6
37096.0/37230.0 days/days; walltime: 13.8
37097.0/37230.0 days/days; walltime: 13.0
37098.0/37230.0 days/days; walltime: 12.3
37099.0/37230.0 days/days; walltime: 18.5
37100.0/37230.0 days/days; walltime: 14.8
37101.0/37230.0 days/days; walltime: 10.1
37102.0/37230.0 days/days; walltime: 13.5
37103.0/37230.0 days/days; walltime: 4.0
37104.0/37230.0 days/days; walltime: 5.9
37105.0/37230.0 days/days; walltime: 3.1
37106.0/37230.0 days/days; walltime: 1.7
37107.0/37230.0 days/days; walltime: 1.3
37108.0/37230.0 days/days; walltime: 1.0
37109.0/37230.0 days/days; walltime: 1.0
37110.0/37230.0 days/days; walltime: 1.4
37111.0/37230.0 days/days; walltime: 4.1
37112.0/37230.0 days/days; walltime: 1.3
37113.0/37230.0 days/days; walltime: 0.8
37114.0/37230.0 days/days; walltime: 0.8
37115.0/37230.0 days/days; walltime: 0.7
37116.0/37230.0 days/days; walltime: 0.7
37117.0/37230.0 days/days; walltime: 0.6
37118.0/37230.0 days/days; walltime: 0.6
37119.0/37230.0 days/days; walltime: 0.6
37120.0/37230.0 days/days; walltime: 0.4
37121.0/37230.0 days/days; walltime: 0.6
37122.0/37230.0 days/days; walltime: 0.6
37123.0/37230.0 days/days; walltime: 0.4
37124.0/37230.0 days/days; walltime: 0.6
37125.0/37230.0 days/days; walltime: 0.7
37126.0/37230.0 days/days; walltime: 0.6
37127.0/37230.0 days/days; walltime: 0.7
37128.0/37230.0 days/days; walltime: 0.6
37129.0/37230.0 days/days; walltime: 6.8
37130.0/37230.0 days/days; walltime: 0.4
37131.0/37230.0 days/days; walltime: 0.6
37132.0/37230.0 days/days; walltime: 0.4
37133.0/37230.0 days/days; walltime: 0.4
37134.0/37230.0 days/days; walltime: 0.6
37135.0/37230.0 days/days; walltime: 0.5
37136.0/37230.0 days/days; walltime: 0.4
37137.0/37230.0 days/days; walltime: 0.5
37138.0/37230.0 days/days; walltime: 0.5
37139.0/37230.0 days/days; walltime: 2.0
37140.0/37230.0 days/days; walltime: 2.2
37141.0/37230.0 days/days; walltime: 0.5
37142.0/37230.0 days/days; walltime: 0.3
37143.0/37230.0 days/days; walltime: 0.3
37144.0/37230.0 days/days; walltime: 0.3
37145.0/37230.0 days/days; walltime: 0.3
37146.0/37230.0 days/days; walltime: 0.3
37147.0/37230.0 days/days; walltime: 0.2
37148.0/37230.0 days/days; walltime: 0.3
37149.0/37230.0 days/days; walltime: 0.3
37150.0/37230.0 days/days; walltime: 0.3
37151.0/37230.0 days/days; walltime: 0.3
37152.0/37230.0 days/days; walltime: 0.3
37153.0/37230.0 days/days; walltime: 0.3
37154.0/37230.0 days/days; walltime: 0.1
37155.0/37230.0 days/days; walltime: 0.3
37156.0/37230.0 days/days; walltime: 0.3
37157.0/37230.0 days/days; walltime: 0.3
37158.0/37230.0 days/days; walltime: 0.3
37159.0/37230.0 days/days; walltime: 0.3
37160.0/37230.0 days/days; walltime: 0.3
37161.0/37230.0 days/days; walltime: 0.1
37162.0/37230.0 days/days; walltime: 0.3
37163.0/37230.0 days/days; walltime: 0.3
37164.0/37230.0 days/days; walltime: 0.3
37165.0/37230.0 days/days; walltime: 0.1
37166.0/37230.0 days/days; walltime: 0.2
37167.0/37230.0 days/days; walltime: 0.3
37168.0/37230.0 days/days; walltime: 0.1
37169.0/37230.0 days/days; walltime: 0.3
37170.0/37230.0 days/days; walltime: 0.2
37171.0/37230.0 days/days; walltime: 0.1
37172.0/37230.0 days/days; walltime: 0.3
37173.0/37230.0 days/days; walltime: 0.2
37174.0/37230.0 days/days; walltime: 0.1
37175.0/37230.0 days/days; walltime: 0.2
37176.0/37230.0 days/days; walltime: 0.3
37177.0/37230.0 days/days; walltime: 0.1
37178.0/37230.0 days/days; walltime: 0.2
37179.0/37230.0 days/days; walltime: 0.1
37180.0/37230.0 days/days; walltime: 0.2
37181.0/37230.0 days/days; walltime: 0.1
37182.0/37230.0 days/days; walltime: 0.3
37183.0/37230.0 days/days; walltime: 0.2
37184.0/37230.0 days/days; walltime: 0.1
37185.0/37230.0 days/days; walltime: 0.2
37186.0/37230.0 days/days; walltime: 0.1
37187.0/37230.0 days/days; walltime: 0.3
37188.0/37230.0 days/days; walltime: 0.1
37189.0/37230.0 days/days; walltime: 0.2
37190.0/37230.0 days/days; walltime: 0.1
37191.0/37230.0 days/days; walltime: 0.2
37192.0/37230.0 days/days; walltime: 0.1
37193.0/37230.0 days/days; walltime: 0.3
37194.0/37230.0 days/days; walltime: 0.1
37195.0/37230.0 days/days; walltime: 0.1
37196.0/37230.0 days/days; walltime: 0.1
37197.0/37230.0 days/days; walltime: 0.3
37198.0/37230.0 days/days; walltime: 0.1
37199.0/37230.0 days/days; walltime: 0.1
37200.0/37230.0 days/days; walltime: 0.3
37201.0/37230.0 days/days; walltime: 0.2
37202.0/37230.0 days/days; walltime: 0.3
37203.0/37230.0 days/days; walltime: 0.2
37204.0/37230.0 days/days; walltime: 0.3
37205.0/37230.0 days/days; walltime: 0.2
37206.0/37230.0 days/days; walltime: 0.3
37207.0/37230.0 days/days; walltime: 0.2
37208.0/37230.0 days/days; walltime: 0.3
37209.0/37230.0 days/days; walltime: 0.2
37210.0/37230.0 days/days; walltime: 0.3
37211.0/37230.0 days/days; walltime: 0.2
37212.0/37230.0 days/days; walltime: 0.3
37213.0/37230.0 days/days; walltime: 2.5
37214.0/37230.0 days/days; walltime: 0.2
37215.0/37230.0 days/days; walltime: 0.1
37216.0/37230.0 days/days; walltime: 0.1
37217.0/37230.0 days/days; walltime: 0.1
37218.0/37230.0 days/days; walltime: 0.1
37219.0/37230.0 days/days; walltime: 0.1
37220.0/37230.0 days/days; walltime: 0.2
37221.0/37230.0 days/days; walltime: 0.0
37222.0/37230.0 days/days; walltime: 0.1
37223.0/37230.0 days/days; walltime: 0.2
37224.0/37230.0 days/days; walltime: 0.1
37225.0/37230.0 days/days; walltime: 0.2
37226.0/37230.0 days/days; walltime: 0.0
37227.0/37230.0 days/days; walltime: 0.2
37228.0/37230.0 days/days; walltime: 0.1
37229.0/37230.0 days/days; walltime: 0.0
37230.0/37230.0 days/days; walltime: 0.4
Wallclock for model run: 3129.3s
 

fields = 

  struct with fields:

    nodes: [1x1 struct]
    edges: [1x1 struct]
       BC: [1x1 struct]

No cases left; exiting.
