Case 5:
Picked up JAVA_TOOL_OPTIONS: -Xmx2g
Opening log file:  /tmp/java.log.13633

                            < M A T L A B (R) >
                  Copyright 1984-2022 The MathWorks, Inc.
                  R2022a (9.12.0.1884302) 64-bit (glnxa64)
                             February 16, 2022

 
To get started, type doc.
For product information, visit www.mathworks.com.
 

config = 

  struct with fields:

                 k_s: 0.2500
                 l_c: 10
            n_moulin: 68
    creep_const_soft: 0
             mesh_nr: 4
                 k_c: 0.1500
               h_bed: 0.5000
               l_bed: 10
               alpha: 1.5000
                beta: 1.5000
               omega: 5.0000e-04

Running model run (ode15s):
Run to steady
Saving model run to
./RUN/output_005_steady.nc
Fields, IC & BC initialised
Initial phi calculated in 1.5s
0.0/36500.0 days/days; walltime: 19.5
----------------------------------------------------------------------------------------------------------------------------------------------------------------------------------------------------------------------------------------------1825.0/36500.0 days/days; walltime: 159.2
3650.0/36500.0 days/days; walltime: 4.2
5475.0/36500.0 days/days; walltime: 2.5
7300.0/36500.0 days/days; walltime: 1.9
--------9125.0/36500.0 days/days; walltime: 11.4
10950.0/36500.0 days/days; walltime: 915.2
12775.0/36500.0 days/days; walltime: 605.3
14600.0/36500.0 days/days; walltime: 484.9
16425.0/36500.0 days/days; walltime: 442.7
18250.0/36500.0 days/days; walltime: 294.9
--20075.0/36500.0 days/days; walltime: 206.7
21900.0/36500.0 days/days; walltime: 27.5
23725.0/36500.0 days/days; walltime: 12.7
-25550.0/36500.0 days/days; walltime: 6.0
27375.0/36500.0 days/days; walltime: 5.4
29200.0/36500.0 days/days; walltime: 3.4
31025.0/36500.0 days/days; walltime: 3.1
32850.0/36500.0 days/days; walltime: 2.8
34675.0/36500.0 days/days; walltime: 5.0
36500.0/36500.0 days/days; walltime: 3.0
Wallclock for model run: 3223.1s
 

fields = 

  struct with fields:

    nodes: [1x1 struct]
    edges: [1x1 struct]
       BC: [1x1 struct]

Running model run (ode15s):
Run seasonal
Saving model run to
./RUN/output_005_seasonal.nc
IC initialised from struct
IC initialised from file/given & rest from parameters and given functions
36500.0/37230.0 days/days; walltime: 14.4
36501.0/37230.0 days/days; walltime: 64.9
36502.0/37230.0 days/days; walltime: 10.9
36503.0/37230.0 days/days; walltime: 38.2
36504.0/37230.0 days/days; walltime: 10.9
36505.0/37230.0 days/days; walltime: 25.1
36506.0/37230.0 days/days; walltime: 16.3
36507.0/37230.0 days/days; walltime: 9.2
36508.0/37230.0 days/days; walltime: 8.2
36509.0/37230.0 days/days; walltime: 3.2
36510.0/37230.0 days/days; walltime: 3.6
36511.0/37230.0 days/days; walltime: 5.4
36512.0/37230.0 days/days; walltime: 3.4
36513.0/37230.0 days/days; walltime: 2.8
36514.0/37230.0 days/days; walltime: 50.7
36515.0/37230.0 days/days; walltime: 2.6
36516.0/37230.0 days/days; walltime: 2.3
36517.0/37230.0 days/days; walltime: 2.1
36518.0/37230.0 days/days; walltime: 2.2
36519.0/37230.0 days/days; walltime: 2.1
36520.0/37230.0 days/days; walltime: 17.9
36521.0/37230.0 days/days; walltime: 1.7
36522.0/37230.0 days/days; walltime: 18.9
36523.0/37230.0 days/days; walltime: 1.6
36524.0/37230.0 days/days; walltime: 1.4
36525.0/37230.0 days/days; walltime: 1.3
36526.0/37230.0 days/days; walltime: 0.8
36527.0/37230.0 days/days; walltime: 2.7
36528.0/37230.0 days/days; walltime: 1.1
36529.0/37230.0 days/days; walltime: 1.1
36530.0/37230.0 days/days; walltime: 1.1
36531.0/37230.0 days/days; walltime: 0.9
36532.0/37230.0 days/days; walltime: 1.3
36533.0/37230.0 days/days; walltime: 3.0
36534.0/37230.0 days/days; walltime: 0.8
36535.0/37230.0 days/days; walltime: 0.6
36536.0/37230.0 days/days; walltime: 0.4
36537.0/37230.0 days/days; walltime: 0.4
36538.0/37230.0 days/days; walltime: 0.4
36539.0/37230.0 days/days; walltime: 1.2
36540.0/37230.0 days/days; walltime: 1.3
36541.0/37230.0 days/days; walltime: 0.9
36542.0/37230.0 days/days; walltime: 0.9
36543.0/37230.0 days/days; walltime: 1.0
36544.0/37230.0 days/days; walltime: 0.8
36545.0/37230.0 days/days; walltime: 0.8
36546.0/37230.0 days/days; walltime: 0.6
36547.0/37230.0 days/days; walltime: 0.7
36548.0/37230.0 days/days; walltime: 0.6
36549.0/37230.0 days/days; walltime: 6.6
36550.0/37230.0 days/days; walltime: 0.4
36551.0/37230.0 days/days; walltime: 0.4
36552.0/37230.0 days/days; walltime: 0.4
36553.0/37230.0 days/days; walltime: 0.2
36554.0/37230.0 days/days; walltime: 0.7
36555.0/37230.0 days/days; walltime: 0.6
36556.0/37230.0 days/days; walltime: 0.6
36557.0/37230.0 days/days; walltime: 0.6
36558.0/37230.0 days/days; walltime: 0.6
36559.0/37230.0 days/days; walltime: 0.4
36560.0/37230.0 days/days; walltime: 48.0
36561.0/37230.0 days/days; walltime: 0.5
36562.0/37230.0 days/days; walltime: 0.7
36563.0/37230.0 days/days; walltime: 0.6
36564.0/37230.0 days/days; walltime: 0.6
36565.0/37230.0 days/days; walltime: 0.8
36566.0/37230.0 days/days; walltime: 0.5
36567.0/37230.0 days/days; walltime: 0.6
36568.0/37230.0 days/days; walltime: 0.6
36569.0/37230.0 days/days; walltime: 0.6
36570.0/37230.0 days/days; walltime: 0.5
36571.0/37230.0 days/days; walltime: 0.5
36572.0/37230.0 days/days; walltime: 0.5
36573.0/37230.0 days/days; walltime: 0.7
36574.0/37230.0 days/days; walltime: 0.5
36575.0/37230.0 days/days; walltime: 0.2
36576.0/37230.0 days/days; walltime: 0.4
36577.0/37230.0 days/days; walltime: 0.5
36578.0/37230.0 days/days; walltime: 0.5
36579.0/37230.0 days/days; walltime: 0.4
36580.0/37230.0 days/days; walltime: 0.5
36581.0/37230.0 days/days; walltime: 0.5
36582.0/37230.0 days/days; walltime: 0.5
36583.0/37230.0 days/days; walltime: 0.4
36584.0/37230.0 days/days; walltime: 0.5
36585.0/37230.0 days/days; walltime: 0.5
36586.0/37230.0 days/days; walltime: 0.5
36587.0/37230.0 days/days; walltime: 0.4
36588.0/37230.0 days/days; walltime: 0.5
36589.0/37230.0 days/days; walltime: 0.5
36590.0/37230.0 days/days; walltime: 0.5
36591.0/37230.0 days/days; walltime: 0.3
36592.0/37230.0 days/days; walltime: 0.5
36593.0/37230.0 days/days; walltime: 0.5
36594.0/37230.0 days/days; walltime: 0.4
36595.0/37230.0 days/days; walltime: 0.4
36596.0/37230.0 days/days; walltime: 0.4
36597.0/37230.0 days/days; walltime: 0.4
36598.0/37230.0 days/days; walltime: 0.5
36599.0/37230.0 days/days; walltime: 0.4
36600.0/37230.0 days/days; walltime: 0.3
36601.0/37230.0 days/days; walltime: 0.5
36602.0/37230.0 days/days; walltime: 0.4
36603.0/37230.0 days/days; walltime: 0.4
36604.0/37230.0 days/days; walltime: 0.5
36605.0/37230.0 days/days; walltime: 0.4
36606.0/37230.0 days/days; walltime: 0.3
36607.0/37230.0 days/days; walltime: 0.4
36608.0/37230.0 days/days; walltime: 0.4
36609.0/37230.0 days/days; walltime: 0.4
36610.0/37230.0 days/days; walltime: 0.3
36611.0/37230.0 days/days; walltime: 0.4
36612.0/37230.0 days/days; walltime: 0.4
36613.0/37230.0 days/days; walltime: 0.4
36614.0/37230.0 days/days; walltime: 0.2
36615.0/37230.0 days/days; walltime: 1.0
36616.0/37230.0 days/days; walltime: 8.2
36617.0/37230.0 days/days; walltime: 7.0
36618.0/37230.0 days/days; walltime: 14.4
36619.0/37230.0 days/days; walltime: 16.7
36620.0/37230.0 days/days; walltime: 23.4
36621.0/37230.0 days/days; walltime: 14.7
36622.0/37230.0 days/days; walltime: 18.2
36623.0/37230.0 days/days; walltime: 21.5
36624.0/37230.0 days/days; walltime: 24.9
36625.0/37230.0 days/days; walltime: 20.9
36626.0/37230.0 days/days; walltime: 18.8
36627.0/37230.0 days/days; walltime: 19.2
36628.0/37230.0 days/days; walltime: 20.7
36629.0/37230.0 days/days; walltime: 20.7
36630.0/37230.0 days/days; walltime: 21.1
36631.0/37230.0 days/days; walltime: 22.9
36632.0/37230.0 days/days; walltime: 17.9
36633.0/37230.0 days/days; walltime: 19.0
36634.0/37230.0 days/days; walltime: 18.4
36635.0/37230.0 days/days; walltime: 19.6
36636.0/37230.0 days/days; walltime: 19.2
36637.0/37230.0 days/days; walltime: 21.3
36638.0/37230.0 days/days; walltime: 18.5
36639.0/37230.0 days/days; walltime: 17.5
36640.0/37230.0 days/days; walltime: 27.2
36641.0/37230.0 days/days; walltime: 27.5
36642.0/37230.0 days/days; walltime: 20.7
36643.0/37230.0 days/days; walltime: 22.3
36644.0/37230.0 days/days; walltime: 16.2
36645.0/37230.0 days/days; walltime: 17.4
36646.0/37230.0 days/days; walltime: 22.9
36647.0/37230.0 days/days; walltime: 17.2
36648.0/37230.0 days/days; walltime: 17.0
36649.0/37230.0 days/days; walltime: 19.4
36650.0/37230.0 days/days; walltime: 21.2
36651.0/37230.0 days/days; walltime: 18.2
36652.0/37230.0 days/days; walltime: 19.7
36653.0/37230.0 days/days; walltime: 19.9
36654.0/37230.0 days/days; walltime: 10.5
36655.0/37230.0 days/days; walltime: 23.2
36656.0/37230.0 days/days; walltime: 20.9
36657.0/37230.0 days/days; walltime: 18.8
36658.0/37230.0 days/days; walltime: 23.0
36659.0/37230.0 days/days; walltime: 21.2
36660.0/37230.0 days/days; walltime: 24.7
36661.0/37230.0 days/days; walltime: 29.7
36662.0/37230.0 days/days; walltime: 21.3
36663.0/37230.0 days/days; walltime: 44.0
36664.0/37230.0 days/days; walltime: 22.6
36665.0/37230.0 days/days; walltime: 21.8
36666.0/37230.0 days/days; walltime: 30.8
36667.0/37230.0 days/days; walltime: 25.9
36668.0/37230.0 days/days; walltime: 48.3
36669.0/37230.0 days/days; walltime: 23.8
36670.0/37230.0 days/days; walltime: 14.5
36671.0/37230.0 days/days; walltime: 7.8
36672.0/37230.0 days/days; walltime: 26.2
36673.0/37230.0 days/days; walltime: 22.4
36674.0/37230.0 days/days; walltime: 18.1
36675.0/37230.0 days/days; walltime: 15.0
36676.0/37230.0 days/days; walltime: 20.1
36677.0/37230.0 days/days; walltime: 5.6
36678.0/37230.0 days/days; walltime: 34.9
36679.0/37230.0 days/days; walltime: 6.7
36680.0/37230.0 days/days; walltime: 6.7
36681.0/37230.0 days/days; walltime: 21.0
36682.0/37230.0 days/days; walltime: 19.6
36683.0/37230.0 days/days; walltime: 5.3
36684.0/37230.0 days/days; walltime: 3.2
36685.0/37230.0 days/days; walltime: 22.8
36686.0/37230.0 days/days; walltime: 3.2
36687.0/37230.0 days/days; walltime: 14.0
36688.0/37230.0 days/days; walltime: 23.8
36689.0/37230.0 days/days; walltime: 6.0
36690.0/37230.0 days/days; walltime: 24.9
36691.0/37230.0 days/days; walltime: 5.5
36692.0/37230.0 days/days; walltime: 19.8
36693.0/37230.0 days/days; walltime: 19.8
36694.0/37230.0 days/days; walltime: 5.8
36695.0/37230.0 days/days; walltime: 2.7
36696.0/37230.0 days/days; walltime: 11.1
36697.0/37230.0 days/days; walltime: 4.1
36698.0/37230.0 days/days; walltime: 6.1
36699.0/37230.0 days/days; walltime: 5.0
36700.0/37230.0 days/days; walltime: 11.7
36701.0/37230.0 days/days; walltime: 3.3
36702.0/37230.0 days/days; walltime: 6.4
36703.0/37230.0 days/days; walltime: 13.5
36704.0/37230.0 days/days; walltime: 15.8
36705.0/37230.0 days/days; walltime: 11.4
36706.0/37230.0 days/days; walltime: 6.5
36707.0/37230.0 days/days; walltime: 8.8
36708.0/37230.0 days/days; walltime: 15.9
36709.0/37230.0 days/days; walltime: 38.9
36710.0/37230.0 days/days; walltime: 12.1
36711.0/37230.0 days/days; walltime: 4.3
36712.0/37230.0 days/days; walltime: 3.5
36713.0/37230.0 days/days; walltime: 5.7
36714.0/37230.0 days/days; walltime: 3.6
36715.0/37230.0 days/days; walltime: 5.2
36716.0/37230.0 days/days; walltime: 13.2
36717.0/37230.0 days/days; walltime: 10.9
36718.0/37230.0 days/days; walltime: 5.0
36719.0/37230.0 days/days; walltime: 9.6
36720.0/37230.0 days/days; walltime: 17.1
36721.0/37230.0 days/days; walltime: 15.2
36722.0/37230.0 days/days; walltime: 13.5
36723.0/37230.0 days/days; walltime: 17.9
36724.0/37230.0 days/days; walltime: 11.4
36725.0/37230.0 days/days; walltime: 10.8
36726.0/37230.0 days/days; walltime: 21.7
36727.0/37230.0 days/days; walltime: 17.3
36728.0/37230.0 days/days; walltime: 14.1
36729.0/37230.0 days/days; walltime: 21.3
36730.0/37230.0 days/days; walltime: 20.9
36731.0/37230.0 days/days; walltime: 22.1
36732.0/37230.0 days/days; walltime: 27.0
36733.0/37230.0 days/days; walltime: 30.4
36734.0/37230.0 days/days; walltime: 18.8
36735.0/37230.0 days/days; walltime: 20.8
36736.0/37230.0 days/days; walltime: 16.2
36737.0/37230.0 days/days; walltime: 18.2
36738.0/37230.0 days/days; walltime: 18.3
36739.0/37230.0 days/days; walltime: 21.4
36740.0/37230.0 days/days; walltime: 21.1
36741.0/37230.0 days/days; walltime: 17.9
36742.0/37230.0 days/days; walltime: 17.6
36743.0/37230.0 days/days; walltime: 19.1
36744.0/37230.0 days/days; walltime: 28.4
36745.0/37230.0 days/days; walltime: 9.9
36746.0/37230.0 days/days; walltime: 7.1
36747.0/37230.0 days/days; walltime: 5.4
36748.0/37230.0 days/days; walltime: 3.5
36749.0/37230.0 days/days; walltime: 4.6
36750.0/37230.0 days/days; walltime: 6.1
36751.0/37230.0 days/days; walltime: 30.2
36752.0/37230.0 days/days; walltime: 2.0
36753.0/37230.0 days/days; walltime: 1.9
36754.0/37230.0 days/days; walltime: 1.8
36755.0/37230.0 days/days; walltime: 1.8
36756.0/37230.0 days/days; walltime: 1.5
36757.0/37230.0 days/days; walltime: 1.5
36758.0/37230.0 days/days; walltime: 1.5
36759.0/37230.0 days/days; walltime: 1.2
36760.0/37230.0 days/days; walltime: 1.2
36761.0/37230.0 days/days; walltime: 1.4
36762.0/37230.0 days/days; walltime: 6.7
36763.0/37230.0 days/days; walltime: 34.3
36764.0/37230.0 days/days; walltime: 0.8
36765.0/37230.0 days/days; walltime: 0.8
36766.0/37230.0 days/days; walltime: 0.7
36767.0/37230.0 days/days; walltime: 0.6
36768.0/37230.0 days/days; walltime: 0.7
36769.0/37230.0 days/days; walltime: 0.6
36770.0/37230.0 days/days; walltime: 0.6
36771.0/37230.0 days/days; walltime: 0.4
36772.0/37230.0 days/days; walltime: 0.6
36773.0/37230.0 days/days; walltime: 0.7
36774.0/37230.0 days/days; walltime: 0.6
36775.0/37230.0 days/days; walltime: 0.8
36776.0/37230.0 days/days; walltime: 0.6
36777.0/37230.0 days/days; walltime: 96.0
36778.0/37230.0 days/days; walltime: 39.7
36779.0/37230.0 days/days; walltime: 0.4
36780.0/37230.0 days/days; walltime: 0.4
36781.0/37230.0 days/days; walltime: 0.6
36782.0/37230.0 days/days; walltime: 0.5
36783.0/37230.0 days/days; walltime: 0.4
36784.0/37230.0 days/days; walltime: 0.6
36785.0/37230.0 days/days; walltime: 0.4
36786.0/37230.0 days/days; walltime: 0.5
36787.0/37230.0 days/days; walltime: 0.4
36788.0/37230.0 days/days; walltime: 0.4
36789.0/37230.0 days/days; walltime: 0.5
36790.0/37230.0 days/days; walltime: 0.3
36791.0/37230.0 days/days; walltime: 0.4
36792.0/37230.0 days/days; walltime: 0.4
36793.0/37230.0 days/days; walltime: 0.3
36794.0/37230.0 days/days; walltime: 0.4
36795.0/37230.0 days/days; walltime: 0.4
36796.0/37230.0 days/days; walltime: 0.4
36797.0/37230.0 days/days; walltime: 0.2
36798.0/37230.0 days/days; walltime: 0.4
36799.0/37230.0 days/days; walltime: 2.9
36800.0/37230.0 days/days; walltime: 1.4
36801.0/37230.0 days/days; walltime: 0.4
36802.0/37230.0 days/days; walltime: 0.2
36803.0/37230.0 days/days; walltime: 0.2
36804.0/37230.0 days/days; walltime: 0.4
36805.0/37230.0 days/days; walltime: 0.4
36806.0/37230.0 days/days; walltime: 0.4
36807.0/37230.0 days/days; walltime: 0.5
36808.0/37230.0 days/days; walltime: 0.5
36809.0/37230.0 days/days; walltime: 0.3
36810.0/37230.0 days/days; walltime: 0.4
36811.0/37230.0 days/days; walltime: 0.3
36812.0/37230.0 days/days; walltime: 117.0
36813.0/37230.0 days/days; walltime: 1.0
36814.0/37230.0 days/days; walltime: 0.3
36815.0/37230.0 days/days; walltime: 0.4
36816.0/37230.0 days/days; walltime: 0.4
36817.0/37230.0 days/days; walltime: 0.1
36818.0/37230.0 days/days; walltime: 0.4
36819.0/37230.0 days/days; walltime: 0.3
36820.0/37230.0 days/days; walltime: 0.3
36821.0/37230.0 days/days; walltime: 0.3
36822.0/37230.0 days/days; walltime: 0.3
36823.0/37230.0 days/days; walltime: 0.1
36824.0/37230.0 days/days; walltime: 0.3
36825.0/37230.0 days/days; walltime: 0.3
36826.0/37230.0 days/days; walltime: 0.3
36827.0/37230.0 days/days; walltime: 0.1
36828.0/37230.0 days/days; walltime: 0.3
36829.0/37230.0 days/days; walltime: 0.3
36830.0/37230.0 days/days; walltime: 0.4
36831.0/37230.0 days/days; walltime: 0.1
36832.0/37230.0 days/days; walltime: 0.3
36833.0/37230.0 days/days; walltime: 0.3
36834.0/37230.0 days/days; walltime: 0.1
36835.0/37230.0 days/days; walltime: 0.4
36836.0/37230.0 days/days; walltime: 0.1
36837.0/37230.0 days/days; walltime: 0.3
36838.0/37230.0 days/days; walltime: 0.1
36839.0/37230.0 days/days; walltime: 0.3
36840.0/37230.0 days/days; walltime: 0.1
36841.0/37230.0 days/days; walltime: 0.3
36842.0/37230.0 days/days; walltime: 0.1
36843.0/37230.0 days/days; walltime: 0.3
36844.0/37230.0 days/days; walltime: 0.1
36845.0/37230.0 days/days; walltime: 0.3
36846.0/37230.0 days/days; walltime: 0.1
36847.0/37230.0 days/days; walltime: 0.1
36848.0/37230.0 days/days; walltime: 0.1
36849.0/37230.0 days/days; walltime: 0.3
36850.0/37230.0 days/days; walltime: 0.1
36851.0/37230.0 days/days; walltime: 0.3
36852.0/37230.0 days/days; walltime: 0.1
36853.0/37230.0 days/days; walltime: 0.1
36854.0/37230.0 days/days; walltime: 0.3
36855.0/37230.0 days/days; walltime: 0.3
36856.0/37230.0 days/days; walltime: 0.1
36857.0/37230.0 days/days; walltime: 0.3
36858.0/37230.0 days/days; walltime: 0.2
36859.0/37230.0 days/days; walltime: 0.3
36860.0/37230.0 days/days; walltime: 0.2
36861.0/37230.0 days/days; walltime: 0.3
36862.0/37230.0 days/days; walltime: 0.3
36863.0/37230.0 days/days; walltime: 0.2
36864.0/37230.0 days/days; walltime: 0.3
36865.0/37230.0 days/days; walltime: 0.2
36866.0/37230.0 days/days; walltime: 0.4
36867.0/37230.0 days/days; walltime: 0.3
36868.0/37230.0 days/days; walltime: 0.3
36869.0/37230.0 days/days; walltime: 0.2
36870.0/37230.0 days/days; walltime: 0.5
36871.0/37230.0 days/days; walltime: 31.5
36872.0/37230.0 days/days; walltime: 0.6
36873.0/37230.0 days/days; walltime: 0.4
36874.0/37230.0 days/days; walltime: 0.4
36875.0/37230.0 days/days; walltime: 0.2
36876.0/37230.0 days/days; walltime: 0.3
36877.0/37230.0 days/days; walltime: 0.2
36878.0/37230.0 days/days; walltime: 0.4
36879.0/37230.0 days/days; walltime: 0.2
36880.0/37230.0 days/days; walltime: 0.3
36881.0/37230.0 days/days; walltime: 0.2
36882.0/37230.0 days/days; walltime: 0.3
36883.0/37230.0 days/days; walltime: 0.2
36884.0/37230.0 days/days; walltime: 0.3
36885.0/37230.0 days/days; walltime: 0.4
36886.0/37230.0 days/days; walltime: 0.2
36887.0/37230.0 days/days; walltime: 0.3
36888.0/37230.0 days/days; walltime: 0.1
36889.0/37230.0 days/days; walltime: 0.2
36890.0/37230.0 days/days; walltime: 0.3
36891.0/37230.0 days/days; walltime: 0.2
36892.0/37230.0 days/days; walltime: 0.3
36893.0/37230.0 days/days; walltime: 0.2
36894.0/37230.0 days/days; walltime: 0.3
36895.0/37230.0 days/days; walltime: 0.2
36896.0/37230.0 days/days; walltime: 0.2
36897.0/37230.0 days/days; walltime: 0.2
36898.0/37230.0 days/days; walltime: 0.3
36899.0/37230.0 days/days; walltime: 0.2
36900.0/37230.0 days/days; walltime: 0.1
36901.0/37230.0 days/days; walltime: 0.3
36902.0/37230.0 days/days; walltime: 0.1
36903.0/37230.0 days/days; walltime: 0.2
36904.0/37230.0 days/days; walltime: 0.1
36905.0/37230.0 days/days; walltime: 0.0
36906.0/37230.0 days/days; walltime: 0.3
36907.0/37230.0 days/days; walltime: 0.1
36908.0/37230.0 days/days; walltime: 0.2
36909.0/37230.0 days/days; walltime: 0.1
36910.0/37230.0 days/days; walltime: 0.0
36911.0/37230.0 days/days; walltime: 0.3
36912.0/37230.0 days/days; walltime: 0.0
36913.0/37230.0 days/days; walltime: 0.1
36914.0/37230.0 days/days; walltime: 0.0
36915.0/37230.0 days/days; walltime: 0.1
36916.0/37230.0 days/days; walltime: 0.2
36917.0/37230.0 days/days; walltime: 0.1
36918.0/37230.0 days/days; walltime: 0.0
36919.0/37230.0 days/days; walltime: 0.1
36920.0/37230.0 days/days; walltime: 0.2
36921.0/37230.0 days/days; walltime: 0.2
36922.0/37230.0 days/days; walltime: 0.1
36923.0/37230.0 days/days; walltime: 0.2
36924.0/37230.0 days/days; walltime: 0.1
36925.0/37230.0 days/days; walltime: 0.2
36926.0/37230.0 days/days; walltime: 0.1
36927.0/37230.0 days/days; walltime: 0.2
36928.0/37230.0 days/days; walltime: 0.1
36929.0/37230.0 days/days; walltime: 0.2
36930.0/37230.0 days/days; walltime: 0.1
36931.0/37230.0 days/days; walltime: 0.2
36932.0/37230.0 days/days; walltime: 0.1
36933.0/37230.0 days/days; walltime: 0.2
36934.0/37230.0 days/days; walltime: 0.1
36935.0/37230.0 days/days; walltime: 0.2
36936.0/37230.0 days/days; walltime: 0.1
36937.0/37230.0 days/days; walltime: 0.2
36938.0/37230.0 days/days; walltime: 0.1
36939.0/37230.0 days/days; walltime: 0.2
36940.0/37230.0 days/days; walltime: 0.1
36941.0/37230.0 days/days; walltime: 0.2
36942.0/37230.0 days/days; walltime: 0.1
36943.0/37230.0 days/days; walltime: 0.3
36944.0/37230.0 days/days; walltime: 0.1
36945.0/37230.0 days/days; walltime: 0.2
36946.0/37230.0 days/days; walltime: 0.1
36947.0/37230.0 days/days; walltime: 0.3
36948.0/37230.0 days/days; walltime: 0.1
36949.0/37230.0 days/days; walltime: 0.2
36950.0/37230.0 days/days; walltime: 0.2
36951.0/37230.0 days/days; walltime: 0.2
36952.0/37230.0 days/days; walltime: 2.4
36953.0/37230.0 days/days; walltime: 2.2
36954.0/37230.0 days/days; walltime: 0.5
36955.0/37230.0 days/days; walltime: 0.1
36956.0/37230.0 days/days; walltime: 0.2
36957.0/37230.0 days/days; walltime: 0.1
36958.0/37230.0 days/days; walltime: 0.2
36959.0/37230.0 days/days; walltime: 0.1
36960.0/37230.0 days/days; walltime: 0.3
36961.0/37230.0 days/days; walltime: 0.1
36962.0/37230.0 days/days; walltime: 0.3
36963.0/37230.0 days/days; walltime: 0.1
36964.0/37230.0 days/days; walltime: 0.2
36965.0/37230.0 days/days; walltime: 0.2
36966.0/37230.0 days/days; walltime: 0.2
36967.0/37230.0 days/days; walltime: 0.1
36968.0/37230.0 days/days; walltime: 0.3
36969.0/37230.0 days/days; walltime: 0.1
36970.0/37230.0 days/days; walltime: 0.3
36971.0/37230.0 days/days; walltime: 0.1
36972.0/37230.0 days/days; walltime: 0.2
36973.0/37230.0 days/days; walltime: 0.2
36974.0/37230.0 days/days; walltime: 0.2
36975.0/37230.0 days/days; walltime: 0.1
36976.0/37230.0 days/days; walltime: 0.3
36977.0/37230.0 days/days; walltime: 0.1
36978.0/37230.0 days/days; walltime: 0.3
36979.0/37230.0 days/days; walltime: 0.1
36980.0/37230.0 days/days; walltime: 0.8
36981.0/37230.0 days/days; walltime: 3.4
36982.0/37230.0 days/days; walltime: 8.0
36983.0/37230.0 days/days; walltime: 13.4
36984.0/37230.0 days/days; walltime: 19.6
36985.0/37230.0 days/days; walltime: 33.8
36986.0/37230.0 days/days; walltime: 16.7
36987.0/37230.0 days/days; walltime: 22.3
36988.0/37230.0 days/days; walltime: 24.5
36989.0/37230.0 days/days; walltime: 28.0
36990.0/37230.0 days/days; walltime: 19.0
36991.0/37230.0 days/days; walltime: 24.5
36992.0/37230.0 days/days; walltime: 24.2
36993.0/37230.0 days/days; walltime: 26.8
36994.0/37230.0 days/days; walltime: 26.1
36995.0/37230.0 days/days; walltime: 24.0
36996.0/37230.0 days/days; walltime: 20.0
36997.0/37230.0 days/days; walltime: 22.3
36998.0/37230.0 days/days; walltime: 23.0
36999.0/37230.0 days/days; walltime: 20.8
37000.0/37230.0 days/days; walltime: 21.6
37001.0/37230.0 days/days; walltime: 22.2
37002.0/37230.0 days/days; walltime: 23.3
37003.0/37230.0 days/days; walltime: 22.4
37004.0/37230.0 days/days; walltime: 20.8
37005.0/37230.0 days/days; walltime: 25.6
37006.0/37230.0 days/days; walltime: 29.6
37007.0/37230.0 days/days; walltime: 21.1
37008.0/37230.0 days/days; walltime: 22.6
37009.0/37230.0 days/days; walltime: 19.9
37010.0/37230.0 days/days; walltime: 21.9
37011.0/37230.0 days/days; walltime: 20.1
37012.0/37230.0 days/days; walltime: 17.8
37013.0/37230.0 days/days; walltime: 17.5
37014.0/37230.0 days/days; walltime: 20.6
37015.0/37230.0 days/days; walltime: 25.7
37016.0/37230.0 days/days; walltime: 23.7
37017.0/37230.0 days/days; walltime: 21.9
37018.0/37230.0 days/days; walltime: 35.3
37019.0/37230.0 days/days; walltime: 9.2
37020.0/37230.0 days/days; walltime: 20.4
37021.0/37230.0 days/days; walltime: 18.6
37022.0/37230.0 days/days; walltime: 19.6
37023.0/37230.0 days/days; walltime: 25.7
37024.0/37230.0 days/days; walltime: 53.8
37025.0/37230.0 days/days; walltime: 34.9
37026.0/37230.0 days/days; walltime: 35.1
37027.0/37230.0 days/days; walltime: 30.5
37028.0/37230.0 days/days; walltime: 34.3
37029.0/37230.0 days/days; walltime: 30.6
37030.0/37230.0 days/days; walltime: 26.7
37031.0/37230.0 days/days; walltime: 50.7
37032.0/37230.0 days/days; walltime: 36.4
37033.0/37230.0 days/days; walltime: 48.1
37034.0/37230.0 days/days; walltime: 33.0
37035.0/37230.0 days/days; walltime: 9.0
37036.0/37230.0 days/days; walltime: 9.0
37037.0/37230.0 days/days; walltime: 12.8
37038.0/37230.0 days/days; walltime: 38.4
37039.0/37230.0 days/days; walltime: 10.2
37040.0/37230.0 days/days; walltime: 24.2
37041.0/37230.0 days/days; walltime: 23.4
37042.0/37230.0 days/days; walltime: 7.8
37043.0/37230.0 days/days; walltime: 40.1
37044.0/37230.0 days/days; walltime: 4.9
37045.0/37230.0 days/days; walltime: 8.1
37046.0/37230.0 days/days; walltime: 22.5
37047.0/37230.0 days/days; walltime: 25.3
37048.0/37230.0 days/days; walltime: 8.3
37049.0/37230.0 days/days; walltime: 3.0
37050.0/37230.0 days/days; walltime: 17.7
37051.0/37230.0 days/days; walltime: 8.9
37052.0/37230.0 days/days; walltime: 31.6
37053.0/37230.0 days/days; walltime: 30.1
37054.0/37230.0 days/days; walltime: 13.0
37055.0/37230.0 days/days; walltime: 5.8
37056.0/37230.0 days/days; walltime: 14.6
37057.0/37230.0 days/days; walltime: 16.8
37058.0/37230.0 days/days; walltime: 25.2
37059.0/37230.0 days/days; walltime: 3.7
37060.0/37230.0 days/days; walltime: 5.0
37061.0/37230.0 days/days; walltime: 3.4
37062.0/37230.0 days/days; walltime: 21.7
37063.0/37230.0 days/days; walltime: 7.0
37064.0/37230.0 days/days; walltime: 4.2
37065.0/37230.0 days/days; walltime: 32.1
37066.0/37230.0 days/days; walltime: 3.2
37067.0/37230.0 days/days; walltime: 13.5
37068.0/37230.0 days/days; walltime: 10.6
37069.0/37230.0 days/days; walltime: 24.2
37070.0/37230.0 days/days; walltime: 2.8
37071.0/37230.0 days/days; walltime: 33.2
37072.0/37230.0 days/days; walltime: 18.6
37073.0/37230.0 days/days; walltime: 10.6
37074.0/37230.0 days/days; walltime: 18.6
37075.0/37230.0 days/days; walltime: 17.0
37076.0/37230.0 days/days; walltime: 7.1
37077.0/37230.0 days/days; walltime: 4.2
37078.0/37230.0 days/days; walltime: 12.2
37079.0/37230.0 days/days; walltime: 3.6
37080.0/37230.0 days/days; walltime: 6.2
37081.0/37230.0 days/days; walltime: 13.0
37082.0/37230.0 days/days; walltime: 11.7
37083.0/37230.0 days/days; walltime: 5.6
37084.0/37230.0 days/days; walltime: 6.7
37085.0/37230.0 days/days; walltime: 19.4
37086.0/37230.0 days/days; walltime: 7.2
37087.0/37230.0 days/days; walltime: 26.7
37088.0/37230.0 days/days; walltime: 12.0
37089.0/37230.0 days/days; walltime: 11.6
37090.0/37230.0 days/days; walltime: 19.7
37091.0/37230.0 days/days; walltime: 28.6
37092.0/37230.0 days/days; walltime: 15.3
37093.0/37230.0 days/days; walltime: 14.2
37094.0/37230.0 days/days; walltime: 26.4
37095.0/37230.0 days/days; walltime: 19.8
37096.0/37230.0 days/days; walltime: 21.8
37097.0/37230.0 days/days; walltime: 22.7
37098.0/37230.0 days/days; walltime: 16.7
37099.0/37230.0 days/days; walltime: 18.1
37100.0/37230.0 days/days; walltime: 18.3
37101.0/37230.0 days/days; walltime: 18.1
37102.0/37230.0 days/days; walltime: 18.0
37103.0/37230.0 days/days; walltime: 20.0
37104.0/37230.0 days/days; walltime: 19.0
37105.0/37230.0 days/days; walltime: 14.8
37106.0/37230.0 days/days; walltime: 20.5
37107.0/37230.0 days/days; walltime: 21.4
37108.0/37230.0 days/days; walltime: 20.0
37109.0/37230.0 days/days; walltime: 21.5
37110.0/37230.0 days/days; walltime: 7.4
37111.0/37230.0 days/days; walltime: 21.7
37112.0/37230.0 days/days; walltime: 5.6
37113.0/37230.0 days/days; walltime: 3.7
37114.0/37230.0 days/days; walltime: 3.0
37115.0/37230.0 days/days; walltime: 5.9
37116.0/37230.0 days/days; walltime: 3.4
37117.0/37230.0 days/days; walltime: 2.0
37118.0/37230.0 days/days; walltime: 1.8
37119.0/37230.0 days/days; walltime: 1.7
37120.0/37230.0 days/days; walltime: 1.3
37121.0/37230.0 days/days; walltime: 1.1
37122.0/37230.0 days/days; walltime: 1.3
37123.0/37230.0 days/days; walltime: 1.2
37124.0/37230.0 days/days; walltime: 5.1
37125.0/37230.0 days/days; walltime: 1.0
37126.0/37230.0 days/days; walltime: 0.8
37127.0/37230.0 days/days; walltime: 0.9
37128.0/37230.0 days/days; walltime: 0.7
37129.0/37230.0 days/days; walltime: 0.5
37130.0/37230.0 days/days; walltime: 0.6
37131.0/37230.0 days/days; walltime: 2.6
37132.0/37230.0 days/days; walltime: 0.7
37133.0/37230.0 days/days; walltime: 0.7
37134.0/37230.0 days/days; walltime: 0.8
37135.0/37230.0 days/days; walltime: 0.7
37136.0/37230.0 days/days; walltime: 0.9
37137.0/37230.0 days/days; walltime: 0.8
37138.0/37230.0 days/days; walltime: 0.9
37139.0/37230.0 days/days; walltime: 39.2
37140.0/37230.0 days/days; walltime: 35.1
37141.0/37230.0 days/days; walltime: 0.5
37142.0/37230.0 days/days; walltime: 0.4
37143.0/37230.0 days/days; walltime: 0.6
37144.0/37230.0 days/days; walltime: 0.4
37145.0/37230.0 days/days; walltime: 0.6
37146.0/37230.0 days/days; walltime: 0.7
37147.0/37230.0 days/days; walltime: 0.6
37148.0/37230.0 days/days; walltime: 0.6
37149.0/37230.0 days/days; walltime: 0.8
37150.0/37230.0 days/days; walltime: 0.5
37151.0/37230.0 days/days; walltime: 1.0
37152.0/37230.0 days/days; walltime: 1.1
37153.0/37230.0 days/days; walltime: 39.5
37154.0/37230.0 days/days; walltime: 0.5
37155.0/37230.0 days/days; walltime: 0.4
37156.0/37230.0 days/days; walltime: 0.4
37157.0/37230.0 days/days; walltime: 0.4
37158.0/37230.0 days/days; walltime: 0.6
37159.0/37230.0 days/days; walltime: 0.4
37160.0/37230.0 days/days; walltime: 0.4
37161.0/37230.0 days/days; walltime: 0.4
37162.0/37230.0 days/days; walltime: 0.4
37163.0/37230.0 days/days; walltime: 0.4
37164.0/37230.0 days/days; walltime: 0.4
37165.0/37230.0 days/days; walltime: 0.4
37166.0/37230.0 days/days; walltime: 0.4
37167.0/37230.0 days/days; walltime: 0.4
37168.0/37230.0 days/days; walltime: 0.4
37169.0/37230.0 days/days; walltime: 0.4
37170.0/37230.0 days/days; walltime: 0.4
37171.0/37230.0 days/days; walltime: 0.4
37172.0/37230.0 days/days; walltime: 0.4
37173.0/37230.0 days/days; walltime: 0.4
37174.0/37230.0 days/days; walltime: 0.4
37175.0/37230.0 days/days; walltime: 0.4
37176.0/37230.0 days/days; walltime: 0.4
37177.0/37230.0 days/days; walltime: 0.4
37178.0/37230.0 days/days; walltime: 0.4
37179.0/37230.0 days/days; walltime: 0.4
37180.0/37230.0 days/days; walltime: 0.4
37181.0/37230.0 days/days; walltime: 0.3
37182.0/37230.0 days/days; walltime: 0.4
37183.0/37230.0 days/days; walltime: 0.2
37184.0/37230.0 days/days; walltime: 0.4
37185.0/37230.0 days/days; walltime: 0.5
37186.0/37230.0 days/days; walltime: 0.4
37187.0/37230.0 days/days; walltime: 0.3
37188.0/37230.0 days/days; walltime: 0.3
37189.0/37230.0 days/days; walltime: 0.4
37190.0/37230.0 days/days; walltime: 5.6
37191.0/37230.0 days/days; walltime: 0.4
37192.0/37230.0 days/days; walltime: 0.2
37193.0/37230.0 days/days; walltime: 0.3
37194.0/37230.0 days/days; walltime: 0.1
37195.0/37230.0 days/days; walltime: 0.3
37196.0/37230.0 days/days; walltime: 0.2
37197.0/37230.0 days/days; walltime: 0.1
37198.0/37230.0 days/days; walltime: 0.3
37199.0/37230.0 days/days; walltime: 0.1
37200.0/37230.0 days/days; walltime: 0.3
37201.0/37230.0 days/days; walltime: 0.1
37202.0/37230.0 days/days; walltime: 0.3
37203.0/37230.0 days/days; walltime: 0.2
37204.0/37230.0 days/days; walltime: 0.1
37205.0/37230.0 days/days; walltime: 0.3
37206.0/37230.0 days/days; walltime: 0.2
37207.0/37230.0 days/days; walltime: 0.1
37208.0/37230.0 days/days; walltime: 0.2
37209.0/37230.0 days/days; walltime: 0.3
37210.0/37230.0 days/days; walltime: 0.1
37211.0/37230.0 days/days; walltime: 0.2
37212.0/37230.0 days/days; walltime: 0.3
37213.0/37230.0 days/days; walltime: 0.1
37214.0/37230.0 days/days; walltime: 0.3
37215.0/37230.0 days/days; walltime: 0.3
37216.0/37230.0 days/days; walltime: 0.1
37217.0/37230.0 days/days; walltime: 0.3
37218.0/37230.0 days/days; walltime: 0.1
37219.0/37230.0 days/days; walltime: 0.3
37220.0/37230.0 days/days; walltime: 0.3
37221.0/37230.0 days/days; walltime: 0.1
37222.0/37230.0 days/days; walltime: 0.3
37223.0/37230.0 days/days; walltime: 0.2
37224.0/37230.0 days/days; walltime: 0.1
37225.0/37230.0 days/days; walltime: 0.3
37226.0/37230.0 days/days; walltime: 0.2
37227.0/37230.0 days/days; walltime: 0.1
37228.0/37230.0 days/days; walltime: 0.2
37229.0/37230.0 days/days; walltime: 0.3
37230.0/37230.0 days/days; walltime: 0.2
Wallclock for model run: 5884.2s
 

fields = 

  struct with fields:

    nodes: [1x1 struct]
    edges: [1x1 struct]
       BC: [1x1 struct]

No cases left; exiting.
