Case 3:
Picked up JAVA_TOOL_OPTIONS: -Xmx2g
Opening log file:  /tmp/java.log.13472

                            < M A T L A B (R) >
                  Copyright 1984-2022 The MathWorks, Inc.
                  R2022a (9.12.0.1884302) 64-bit (glnxa64)
                             February 16, 2022

 
To get started, type doc.
For product information, visit www.mathworks.com.
 

config = 

  struct with fields:

                 k_s: 0.2500
                 l_c: 10
            n_moulin: 68
    creep_const_soft: 0
             mesh_nr: 4
                 k_c: 0.1500
               h_bed: 0.5000
               l_bed: 10
               alpha: 3
                beta: 2
               omega: 0

Running model run (ode15s):
Run to steady
Saving model run to
./RUN/output_003_steady.nc
Fields, IC & BC initialised
Initial phi calculated in 0.7s
0.0/36500.0 days/days; walltime: 18.9
------------------------------------------------------------------------------------------------------------------------------------------------------------------------------------------------------------------------------------------------------------------------------------------------------------------------------------------------------------------------------------------------------------1825.0/36500.0 days/days; walltime: 200.4
-------------------------------------------------------------3650.0/36500.0 days/days; walltime: 5.1
---------------------------------5475.0/36500.0 days/days; walltime: 2.7
--------------------------7300.0/36500.0 days/days; walltime: 2.1
-----------------------------------------------------------------------------------------------------------------------------------------------9125.0/36500.0 days/days; walltime: 11.6
---------------------------------------------------------10950.0/36500.0 days/days; walltime: 841.3
12775.0/36500.0 days/days; walltime: 689.4
14600.0/36500.0 days/days; walltime: 499.8
16425.0/36500.0 days/days; walltime: 362.7
18250.0/36500.0 days/days; walltime: 425.5
-----20075.0/36500.0 days/days; walltime: 75.1
21900.0/36500.0 days/days; walltime: 18.8
23725.0/36500.0 days/days; walltime: 3.1
25550.0/36500.0 days/days; walltime: 1.9
27375.0/36500.0 days/days; walltime: 1.4
29200.0/36500.0 days/days; walltime: 1.4
31025.0/36500.0 days/days; walltime: 1.4
32850.0/36500.0 days/days; walltime: 1.4
34675.0/36500.0 days/days; walltime: 1.4
36500.0/36500.0 days/days; walltime: 1.5
Wallclock for model run: 3171.0s
 

fields = 

  struct with fields:

    nodes: [1x1 struct]
    edges: [1x1 struct]
       BC: [1x1 struct]

Running model run (ode15s):
Run seasonal
Saving model run to
./RUN/output_003_seasonal.nc
IC initialised from struct
IC initialised from file/given & rest from parameters and given functions
-36500.0/37230.0 days/days; walltime: 12.9
36501.0/37230.0 days/days; walltime: 59.3
36502.0/37230.0 days/days; walltime: 11.1
36503.0/37230.0 days/days; walltime: 40.3
36504.0/37230.0 days/days; walltime: 9.6
36505.0/37230.0 days/days; walltime: 9.9
36506.0/37230.0 days/days; walltime: 18.5
36507.0/37230.0 days/days; walltime: 14.6
36508.0/37230.0 days/days; walltime: 6.3
36509.0/37230.0 days/days; walltime: 3.3
36510.0/37230.0 days/days; walltime: 4.4
36511.0/37230.0 days/days; walltime: 2.0
36512.0/37230.0 days/days; walltime: 2.8
36513.0/37230.0 days/days; walltime: 2.5
36514.0/37230.0 days/days; walltime: 5.3
36515.0/37230.0 days/days; walltime: 1.8
36516.0/37230.0 days/days; walltime: 1.9
36517.0/37230.0 days/days; walltime: 1.7
36518.0/37230.0 days/days; walltime: 1.8
36519.0/37230.0 days/days; walltime: 4.5
36520.0/37230.0 days/days; walltime: 2.0
36521.0/37230.0 days/days; walltime: 1.1
36522.0/37230.0 days/days; walltime: 1.2
36523.0/37230.0 days/days; walltime: 1.2
36524.0/37230.0 days/days; walltime: 1.2
36525.0/37230.0 days/days; walltime: 1.6
36526.0/37230.0 days/days; walltime: 2.9
36527.0/37230.0 days/days; walltime: 1.1
36528.0/37230.0 days/days; walltime: 1.1
36529.0/37230.0 days/days; walltime: 0.7
36530.0/37230.0 days/days; walltime: 2.7
36531.0/37230.0 days/days; walltime: 1.1
36532.0/37230.0 days/days; walltime: 1.0
36533.0/37230.0 days/days; walltime: 0.8
36534.0/37230.0 days/days; walltime: 0.8
36535.0/37230.0 days/days; walltime: 0.6
36536.0/37230.0 days/days; walltime: 2.7
36537.0/37230.0 days/days; walltime: 0.7
36538.0/37230.0 days/days; walltime: 0.6
36539.0/37230.0 days/days; walltime: 0.4
36540.0/37230.0 days/days; walltime: 0.4
36541.0/37230.0 days/days; walltime: 0.8
36542.0/37230.0 days/days; walltime: 0.7
36543.0/37230.0 days/days; walltime: 0.8
36544.0/37230.0 days/days; walltime: 0.7
36545.0/37230.0 days/days; walltime: 0.7
36546.0/37230.0 days/days; walltime: 0.5
36547.0/37230.0 days/days; walltime: 0.7
36548.0/37230.0 days/days; walltime: 0.7
36549.0/37230.0 days/days; walltime: 0.5
36550.0/37230.0 days/days; walltime: 0.3
36551.0/37230.0 days/days; walltime: 0.7
36552.0/37230.0 days/days; walltime: 0.7
36553.0/37230.0 days/days; walltime: 0.7
36554.0/37230.0 days/days; walltime: 3.7
36555.0/37230.0 days/days; walltime: 1.6
36556.0/37230.0 days/days; walltime: 0.4
36557.0/37230.0 days/days; walltime: 0.5
36558.0/37230.0 days/days; walltime: 0.6
36559.0/37230.0 days/days; walltime: 0.5
36560.0/37230.0 days/days; walltime: 0.4
36561.0/37230.0 days/days; walltime: 0.6
36562.0/37230.0 days/days; walltime: 0.5
36563.0/37230.0 days/days; walltime: 0.4
36564.0/37230.0 days/days; walltime: 0.6
36565.0/37230.0 days/days; walltime: 0.4
36566.0/37230.0 days/days; walltime: 0.4
36567.0/37230.0 days/days; walltime: 0.4
36568.0/37230.0 days/days; walltime: 0.6
36569.0/37230.0 days/days; walltime: 0.4
36570.0/37230.0 days/days; walltime: 0.4
36571.0/37230.0 days/days; walltime: 0.4
36572.0/37230.0 days/days; walltime: 0.4
36573.0/37230.0 days/days; walltime: 0.4
36574.0/37230.0 days/days; walltime: 0.4
36575.0/37230.0 days/days; walltime: 0.4
36576.0/37230.0 days/days; walltime: 0.3
36577.0/37230.0 days/days; walltime: 0.4
36578.0/37230.0 days/days; walltime: 0.3
36579.0/37230.0 days/days; walltime: 0.3
36580.0/37230.0 days/days; walltime: 0.3
36581.0/37230.0 days/days; walltime: 0.3
36582.0/37230.0 days/days; walltime: 0.3
36583.0/37230.0 days/days; walltime: 0.3
36584.0/37230.0 days/days; walltime: 0.1
36585.0/37230.0 days/days; walltime: 0.3
36586.0/37230.0 days/days; walltime: 0.3
36587.0/37230.0 days/days; walltime: 0.3
36588.0/37230.0 days/days; walltime: 0.3
36589.0/37230.0 days/days; walltime: 0.3
36590.0/37230.0 days/days; walltime: 0.3
36591.0/37230.0 days/days; walltime: 0.3
36592.0/37230.0 days/days; walltime: 0.3
36593.0/37230.0 days/days; walltime: 0.2
36594.0/37230.0 days/days; walltime: 0.4
36595.0/37230.0 days/days; walltime: 0.2
36596.0/37230.0 days/days; walltime: 0.3
36597.0/37230.0 days/days; walltime: 0.3
36598.0/37230.0 days/days; walltime: 0.2
36599.0/37230.0 days/days; walltime: 0.4
36600.0/37230.0 days/days; walltime: 0.2
36601.0/37230.0 days/days; walltime: 0.2
36602.0/37230.0 days/days; walltime: 2.7
36603.0/37230.0 days/days; walltime: 0.1
36604.0/37230.0 days/days; walltime: 0.3
36605.0/37230.0 days/days; walltime: 0.3
36606.0/37230.0 days/days; walltime: 0.3
36607.0/37230.0 days/days; walltime: 0.1
36608.0/37230.0 days/days; walltime: 0.3
36609.0/37230.0 days/days; walltime: 0.3
36610.0/37230.0 days/days; walltime: 0.3
36611.0/37230.0 days/days; walltime: 0.1
36612.0/37230.0 days/days; walltime: 0.3
36613.0/37230.0 days/days; walltime: 0.3
36614.0/37230.0 days/days; walltime: 0.3
36615.0/37230.0 days/days; walltime: 0.7
36616.0/37230.0 days/days; walltime: 3.4
36617.0/37230.0 days/days; walltime: 5.2
36618.0/37230.0 days/days; walltime: 11.3
36619.0/37230.0 days/days; walltime: 12.5
36620.0/37230.0 days/days; walltime: 15.0
36621.0/37230.0 days/days; walltime: 13.4
36622.0/37230.0 days/days; walltime: 17.4
36623.0/37230.0 days/days; walltime: 23.4
36624.0/37230.0 days/days; walltime: 23.8
36625.0/37230.0 days/days; walltime: 17.9
36626.0/37230.0 days/days; walltime: 18.6
36627.0/37230.0 days/days; walltime: 20.9
36628.0/37230.0 days/days; walltime: 19.7
36629.0/37230.0 days/days; walltime: 22.5
36630.0/37230.0 days/days; walltime: 20.1
36631.0/37230.0 days/days; walltime: 17.5
36632.0/37230.0 days/days; walltime: 17.9
36633.0/37230.0 days/days; walltime: 20.7
36634.0/37230.0 days/days; walltime: 16.5
36635.0/37230.0 days/days; walltime: 20.0
36636.0/37230.0 days/days; walltime: 19.4
36637.0/37230.0 days/days; walltime: 19.2
36638.0/37230.0 days/days; walltime: 16.9
36639.0/37230.0 days/days; walltime: 19.6
36640.0/37230.0 days/days; walltime: 20.4
36641.0/37230.0 days/days; walltime: 17.2
36642.0/37230.0 days/days; walltime: 19.7
36643.0/37230.0 days/days; walltime: 20.0
36644.0/37230.0 days/days; walltime: 16.7
36645.0/37230.0 days/days; walltime: 19.6
36646.0/37230.0 days/days; walltime: 16.6
36647.0/37230.0 days/days; walltime: 18.1
36648.0/37230.0 days/days; walltime: 17.7
36649.0/37230.0 days/days; walltime: 17.6
36650.0/37230.0 days/days; walltime: 19.6
36651.0/37230.0 days/days; walltime: 14.8
36652.0/37230.0 days/days; walltime: 13.9
36653.0/37230.0 days/days; walltime: 13.9
36654.0/37230.0 days/days; walltime: 9.6
36655.0/37230.0 days/days; walltime: 15.3
36656.0/37230.0 days/days; walltime: 17.6
36657.0/37230.0 days/days; walltime: 20.5
36658.0/37230.0 days/days; walltime: 20.1
36659.0/37230.0 days/days; walltime: 10.1
36660.0/37230.0 days/days; walltime: 6.6
36661.0/37230.0 days/days; walltime: 7.8
36662.0/37230.0 days/days; walltime: 12.9
36663.0/37230.0 days/days; walltime: 8.7
36664.0/37230.0 days/days; walltime: 18.2
36665.0/37230.0 days/days; walltime: 30.3
36666.0/37230.0 days/days; walltime: 16.6
36667.0/37230.0 days/days; walltime: 22.6
36668.0/37230.0 days/days; walltime: 21.0
36669.0/37230.0 days/days; walltime: 21.3
36670.0/37230.0 days/days; walltime: 38.5
36671.0/37230.0 days/days; walltime: 17.1
36672.0/37230.0 days/days; walltime: 23.7
36673.0/37230.0 days/days; walltime: 9.0
36674.0/37230.0 days/days; walltime: 13.2
36675.0/37230.0 days/days; walltime: 29.1
36676.0/37230.0 days/days; walltime: 4.4
36677.0/37230.0 days/days; walltime: 17.4
36678.0/37230.0 days/days; walltime: 19.1
36679.0/37230.0 days/days; walltime: 28.0
36680.0/37230.0 days/days; walltime: 11.1
36681.0/37230.0 days/days; walltime: 16.5
36682.0/37230.0 days/days; walltime: 4.0
36683.0/37230.0 days/days; walltime: 8.4
36684.0/37230.0 days/days; walltime: 5.5
36685.0/37230.0 days/days; walltime: 5.0
36686.0/37230.0 days/days; walltime: 24.7
36687.0/37230.0 days/days; walltime: 19.1
36688.0/37230.0 days/days; walltime: 4.9
36689.0/37230.0 days/days; walltime: 29.0
36690.0/37230.0 days/days; walltime: 18.6
36691.0/37230.0 days/days; walltime: 9.1
36692.0/37230.0 days/days; walltime: 4.0
36693.0/37230.0 days/days; walltime: 13.1
36694.0/37230.0 days/days; walltime: 36.9
36695.0/37230.0 days/days; walltime: 4.8
36696.0/37230.0 days/days; walltime: 19.2
36697.0/37230.0 days/days; walltime: 26.2
36698.0/37230.0 days/days; walltime: 11.5
36699.0/37230.0 days/days; walltime: 18.3
36700.0/37230.0 days/days; walltime: 5.7
36701.0/37230.0 days/days; walltime: 23.0
36702.0/37230.0 days/days; walltime: 4.9
36703.0/37230.0 days/days; walltime: 2.3
36704.0/37230.0 days/days; walltime: 6.5
36705.0/37230.0 days/days; walltime: 2.6
36706.0/37230.0 days/days; walltime: 3.0
36707.0/37230.0 days/days; walltime: 3.9
36708.0/37230.0 days/days; walltime: 8.7
36709.0/37230.0 days/days; walltime: 27.9
36710.0/37230.0 days/days; walltime: 14.6
36711.0/37230.0 days/days; walltime: 7.9
36712.0/37230.0 days/days; walltime: 4.8
36713.0/37230.0 days/days; walltime: 5.9
36714.0/37230.0 days/days; walltime: 3.4
36715.0/37230.0 days/days; walltime: 7.6
36716.0/37230.0 days/days; walltime: 13.9
36717.0/37230.0 days/days; walltime: 4.3
36718.0/37230.0 days/days; walltime: 5.9
36719.0/37230.0 days/days; walltime: 6.5
36720.0/37230.0 days/days; walltime: 6.7
36721.0/37230.0 days/days; walltime: 6.2
36722.0/37230.0 days/days; walltime: 17.0
36723.0/37230.0 days/days; walltime: 13.4
36724.0/37230.0 days/days; walltime: 10.7
36725.0/37230.0 days/days; walltime: 11.8
36726.0/37230.0 days/days; walltime: 10.3
36727.0/37230.0 days/days; walltime: 8.2
36728.0/37230.0 days/days; walltime: 12.3
36729.0/37230.0 days/days; walltime: 27.2
36730.0/37230.0 days/days; walltime: 13.6
36731.0/37230.0 days/days; walltime: 15.1
36732.0/37230.0 days/days; walltime: 14.6
36733.0/37230.0 days/days; walltime: 17.5
36734.0/37230.0 days/days; walltime: 15.5
36735.0/37230.0 days/days; walltime: 18.7
36736.0/37230.0 days/days; walltime: 14.5
36737.0/37230.0 days/days; walltime: 19.8
36738.0/37230.0 days/days; walltime: 17.8
36739.0/37230.0 days/days; walltime: 20.8
36740.0/37230.0 days/days; walltime: 19.6
36741.0/37230.0 days/days; walltime: 15.6
36742.0/37230.0 days/days; walltime: 21.8
36743.0/37230.0 days/days; walltime: 19.9
36744.0/37230.0 days/days; walltime: 18.8
36745.0/37230.0 days/days; walltime: 6.6
36746.0/37230.0 days/days; walltime: 6.3
36747.0/37230.0 days/days; walltime: 7.5
36748.0/37230.0 days/days; walltime: 3.4
36749.0/37230.0 days/days; walltime: 6.3
36750.0/37230.0 days/days; walltime: 7.1
36751.0/37230.0 days/days; walltime: 2.5
36752.0/37230.0 days/days; walltime: 2.1
36753.0/37230.0 days/days; walltime: 18.1
36754.0/37230.0 days/days; walltime: 1.4
36755.0/37230.0 days/days; walltime: 1.3
36756.0/37230.0 days/days; walltime: 1.1
36757.0/37230.0 days/days; walltime: 0.9
36758.0/37230.0 days/days; walltime: 0.9
36759.0/37230.0 days/days; walltime: 1.0
36760.0/37230.0 days/days; walltime: 1.1
36761.0/37230.0 days/days; walltime: 1.0
36762.0/37230.0 days/days; walltime: 11.1
36763.0/37230.0 days/days; walltime: 0.5
36764.0/37230.0 days/days; walltime: 0.4
36765.0/37230.0 days/days; walltime: 0.5
36766.0/37230.0 days/days; walltime: 0.7
36767.0/37230.0 days/days; walltime: 0.6
36768.0/37230.0 days/days; walltime: 0.6
36769.0/37230.0 days/days; walltime: 0.6
36770.0/37230.0 days/days; walltime: 0.7
36771.0/37230.0 days/days; walltime: 0.4
36772.0/37230.0 days/days; walltime: 0.7
36773.0/37230.0 days/days; walltime: 2.5
36774.0/37230.0 days/days; walltime: 0.4
36775.0/37230.0 days/days; walltime: 0.2
36776.0/37230.0 days/days; walltime: 0.3
36777.0/37230.0 days/days; walltime: 0.2
36778.0/37230.0 days/days; walltime: 0.3
36779.0/37230.0 days/days; walltime: 0.3
36780.0/37230.0 days/days; walltime: 0.5
36781.0/37230.0 days/days; walltime: 0.5
36782.0/37230.0 days/days; walltime: 0.4
36783.0/37230.0 days/days; walltime: 0.6
36784.0/37230.0 days/days; walltime: 0.4
36785.0/37230.0 days/days; walltime: 0.4
36786.0/37230.0 days/days; walltime: 0.4
36787.0/37230.0 days/days; walltime: 0.5
36788.0/37230.0 days/days; walltime: 0.4
36789.0/37230.0 days/days; walltime: 0.4
36790.0/37230.0 days/days; walltime: 0.3
36791.0/37230.0 days/days; walltime: 0.4
36792.0/37230.0 days/days; walltime: 0.3
36793.0/37230.0 days/days; walltime: 0.5
36794.0/37230.0 days/days; walltime: 0.4
36795.0/37230.0 days/days; walltime: 0.3
36796.0/37230.0 days/days; walltime: 0.4
36797.0/37230.0 days/days; walltime: 0.4
36798.0/37230.0 days/days; walltime: 0.5
36799.0/37230.0 days/days; walltime: 2.8
36800.0/37230.0 days/days; walltime: 1.3
36801.0/37230.0 days/days; walltime: 0.2
36802.0/37230.0 days/days; walltime: 0.2
36803.0/37230.0 days/days; walltime: 0.2
36804.0/37230.0 days/days; walltime: 0.2
36805.0/37230.0 days/days; walltime: 0.2
36806.0/37230.0 days/days; walltime: 0.2
36807.0/37230.0 days/days; walltime: 0.3
36808.0/37230.0 days/days; walltime: 0.4
36809.0/37230.0 days/days; walltime: 0.3
36810.0/37230.0 days/days; walltime: 0.4
36811.0/37230.0 days/days; walltime: 0.3
36812.0/37230.0 days/days; walltime: 0.4
36813.0/37230.0 days/days; walltime: 0.7
36814.0/37230.0 days/days; walltime: 0.3
36815.0/37230.0 days/days; walltime: 0.3
36816.0/37230.0 days/days; walltime: 0.3
36817.0/37230.0 days/days; walltime: 0.1
36818.0/37230.0 days/days; walltime: 0.3
36819.0/37230.0 days/days; walltime: 0.3
36820.0/37230.0 days/days; walltime: 0.3
36821.0/37230.0 days/days; walltime: 0.3
36822.0/37230.0 days/days; walltime: 0.1
36823.0/37230.0 days/days; walltime: 0.3
36824.0/37230.0 days/days; walltime: 0.3
36825.0/37230.0 days/days; walltime: 0.3
36826.0/37230.0 days/days; walltime: 0.1
36827.0/37230.0 days/days; walltime: 0.3
36828.0/37230.0 days/days; walltime: 0.2
36829.0/37230.0 days/days; walltime: 0.1
36830.0/37230.0 days/days; walltime: 0.3
36831.0/37230.0 days/days; walltime: 0.2
36832.0/37230.0 days/days; walltime: 0.3
36833.0/37230.0 days/days; walltime: 0.3
36834.0/37230.0 days/days; walltime: 0.3
36835.0/37230.0 days/days; walltime: 0.3
36836.0/37230.0 days/days; walltime: 0.3
36837.0/37230.0 days/days; walltime: 0.3
36838.0/37230.0 days/days; walltime: 0.2
36839.0/37230.0 days/days; walltime: 0.3
36840.0/37230.0 days/days; walltime: 0.3
36841.0/37230.0 days/days; walltime: 0.5
36842.0/37230.0 days/days; walltime: 2.2
36843.0/37230.0 days/days; walltime: 0.4
36844.0/37230.0 days/days; walltime: 0.1
36845.0/37230.0 days/days; walltime: 0.1
36846.0/37230.0 days/days; walltime: 0.1
36847.0/37230.0 days/days; walltime: 0.1
36848.0/37230.0 days/days; walltime: 0.1
36849.0/37230.0 days/days; walltime: 0.1
36850.0/37230.0 days/days; walltime: 0.1
36851.0/37230.0 days/days; walltime: 0.1
36852.0/37230.0 days/days; walltime: 0.1
36853.0/37230.0 days/days; walltime: 0.1
36854.0/37230.0 days/days; walltime: 0.1
36855.0/37230.0 days/days; walltime: 0.1
36856.0/37230.0 days/days; walltime: 0.1
36857.0/37230.0 days/days; walltime: 0.1
36858.0/37230.0 days/days; walltime: 0.1
36859.0/37230.0 days/days; walltime: 0.1
36860.0/37230.0 days/days; walltime: 0.1
36861.0/37230.0 days/days; walltime: 0.1
36862.0/37230.0 days/days; walltime: 0.1
36863.0/37230.0 days/days; walltime: 0.1
36864.0/37230.0 days/days; walltime: 0.1
36865.0/37230.0 days/days; walltime: 0.1
36866.0/37230.0 days/days; walltime: 0.1
36867.0/37230.0 days/days; walltime: 0.1
36868.0/37230.0 days/days; walltime: 0.1
36869.0/37230.0 days/days; walltime: 0.1
36870.0/37230.0 days/days; walltime: 0.1
36871.0/37230.0 days/days; walltime: 0.1
36872.0/37230.0 days/days; walltime: 0.1
36873.0/37230.0 days/days; walltime: 0.1
36874.0/37230.0 days/days; walltime: 0.3
36875.0/37230.0 days/days; walltime: 0.2
36876.0/37230.0 days/days; walltime: 0.1
36877.0/37230.0 days/days; walltime: 0.3
36878.0/37230.0 days/days; walltime: 0.1
36879.0/37230.0 days/days; walltime: 0.2
36880.0/37230.0 days/days; walltime: 0.1
36881.0/37230.0 days/days; walltime: 0.3
36882.0/37230.0 days/days; walltime: 0.1
36883.0/37230.0 days/days; walltime: 0.3
36884.0/37230.0 days/days; walltime: 0.1
36885.0/37230.0 days/days; walltime: 0.3
36886.0/37230.0 days/days; walltime: 0.1
36887.0/37230.0 days/days; walltime: 0.3
36888.0/37230.0 days/days; walltime: 0.0
36889.0/37230.0 days/days; walltime: 0.1
36890.0/37230.0 days/days; walltime: 0.2
36891.0/37230.0 days/days; walltime: 0.1
36892.0/37230.0 days/days; walltime: 0.2
36893.0/37230.0 days/days; walltime: 0.1
36894.0/37230.0 days/days; walltime: 0.2
36895.0/37230.0 days/days; walltime: 0.0
36896.0/37230.0 days/days; walltime: 0.1
36897.0/37230.0 days/days; walltime: 0.3
36898.0/37230.0 days/days; walltime: 0.0
36899.0/37230.0 days/days; walltime: 0.2
36900.0/37230.0 days/days; walltime: 0.0
36901.0/37230.0 days/days; walltime: 0.1
36902.0/37230.0 days/days; walltime: 0.2
36903.0/37230.0 days/days; walltime: 0.0
36904.0/37230.0 days/days; walltime: 0.1
36905.0/37230.0 days/days; walltime: 0.0
36906.0/37230.0 days/days; walltime: 0.1
36907.0/37230.0 days/days; walltime: 0.2
36908.0/37230.0 days/days; walltime: 0.1
36909.0/37230.0 days/days; walltime: 0.1
36910.0/37230.0 days/days; walltime: 0.0
36911.0/37230.0 days/days; walltime: 0.1
36912.0/37230.0 days/days; walltime: 0.0
36913.0/37230.0 days/days; walltime: 0.2
36914.0/37230.0 days/days; walltime: 0.0
36915.0/37230.0 days/days; walltime: 0.1
36916.0/37230.0 days/days; walltime: 0.1
36917.0/37230.0 days/days; walltime: 0.0
36918.0/37230.0 days/days; walltime: 0.3
36919.0/37230.0 days/days; walltime: 0.1
36920.0/37230.0 days/days; walltime: 0.2
36921.0/37230.0 days/days; walltime: 0.1
36922.0/37230.0 days/days; walltime: 0.2
36923.0/37230.0 days/days; walltime: 0.2
36924.0/37230.0 days/days; walltime: 0.2
36925.0/37230.0 days/days; walltime: 0.2
36926.0/37230.0 days/days; walltime: 0.1
36927.0/37230.0 days/days; walltime: 0.3
36928.0/37230.0 days/days; walltime: 0.1
36929.0/37230.0 days/days; walltime: 0.2
36930.0/37230.0 days/days; walltime: 0.1
36931.0/37230.0 days/days; walltime: 0.2
36932.0/37230.0 days/days; walltime: 0.3
36933.0/37230.0 days/days; walltime: 0.2
36934.0/37230.0 days/days; walltime: 0.1
36935.0/37230.0 days/days; walltime: 0.2
36936.0/37230.0 days/days; walltime: 1.9
36937.0/37230.0 days/days; walltime: 0.5
36938.0/37230.0 days/days; walltime: 0.3
36939.0/37230.0 days/days; walltime: 0.0
36940.0/37230.0 days/days; walltime: 0.1
36941.0/37230.0 days/days; walltime: 0.2
36942.0/37230.0 days/days; walltime: 0.0
36943.0/37230.0 days/days; walltime: 0.1
36944.0/37230.0 days/days; walltime: 0.3
36945.0/37230.0 days/days; walltime: 0.1
36946.0/37230.0 days/days; walltime: 0.1
36947.0/37230.0 days/days; walltime: 0.2
36948.0/37230.0 days/days; walltime: 0.1
36949.0/37230.0 days/days; walltime: 0.0
36950.0/37230.0 days/days; walltime: 0.2
36951.0/37230.0 days/days; walltime: 0.1
36952.0/37230.0 days/days; walltime: 0.0
36953.0/37230.0 days/days; walltime: 0.2
36954.0/37230.0 days/days; walltime: 0.1
36955.0/37230.0 days/days; walltime: 0.0
36956.0/37230.0 days/days; walltime: 0.3
36957.0/37230.0 days/days; walltime: 0.0
36958.0/37230.0 days/days; walltime: 0.1
36959.0/37230.0 days/days; walltime: 0.2
36960.0/37230.0 days/days; walltime: 0.0
36961.0/37230.0 days/days; walltime: 0.0
36962.0/37230.0 days/days; walltime: 0.3
36963.0/37230.0 days/days; walltime: 0.0
36964.0/37230.0 days/days; walltime: 0.0
36965.0/37230.0 days/days; walltime: 0.1
36966.0/37230.0 days/days; walltime: 0.3
36967.0/37230.0 days/days; walltime: 0.1
36968.0/37230.0 days/days; walltime: 0.0
36969.0/37230.0 days/days; walltime: 0.3
36970.0/37230.0 days/days; walltime: 0.0
36971.0/37230.0 days/days; walltime: 0.0
36972.0/37230.0 days/days; walltime: 0.3
36973.0/37230.0 days/days; walltime: 0.0
36974.0/37230.0 days/days; walltime: 0.0
36975.0/37230.0 days/days; walltime: 0.0
36976.0/37230.0 days/days; walltime: 0.2
36977.0/37230.0 days/days; walltime: 0.0
36978.0/37230.0 days/days; walltime: 0.1
36979.0/37230.0 days/days; walltime: 0.1
36980.0/37230.0 days/days; walltime: 1.4
36981.0/37230.0 days/days; walltime: 4.6
36982.0/37230.0 days/days; walltime: 8.7
36983.0/37230.0 days/days; walltime: 12.3
36984.0/37230.0 days/days; walltime: 11.9
36985.0/37230.0 days/days; walltime: 15.5
36986.0/37230.0 days/days; walltime: 16.6
36987.0/37230.0 days/days; walltime: 20.3
36988.0/37230.0 days/days; walltime: 23.7
36989.0/37230.0 days/days; walltime: 26.9
36990.0/37230.0 days/days; walltime: 18.7
36991.0/37230.0 days/days; walltime: 21.6
36992.0/37230.0 days/days; walltime: 21.0
36993.0/37230.0 days/days; walltime: 23.2
36994.0/37230.0 days/days; walltime: 24.1
36995.0/37230.0 days/days; walltime: 20.6
36996.0/37230.0 days/days; walltime: 20.4
36997.0/37230.0 days/days; walltime: 22.6
36998.0/37230.0 days/days; walltime: 23.5
36999.0/37230.0 days/days; walltime: 21.4
37000.0/37230.0 days/days; walltime: 18.1
37001.0/37230.0 days/days; walltime: 18.5
37002.0/37230.0 days/days; walltime: 19.9
37003.0/37230.0 days/days; walltime: 20.4
37004.0/37230.0 days/days; walltime: 21.6
37005.0/37230.0 days/days; walltime: 19.2
37006.0/37230.0 days/days; walltime: 19.0
37007.0/37230.0 days/days; walltime: 18.7
37008.0/37230.0 days/days; walltime: 19.2
37009.0/37230.0 days/days; walltime: 19.6
37010.0/37230.0 days/days; walltime: 24.7
37011.0/37230.0 days/days; walltime: 17.6
37012.0/37230.0 days/days; walltime: 18.1
37013.0/37230.0 days/days; walltime: 16.7
37014.0/37230.0 days/days; walltime: 20.0
37015.0/37230.0 days/days; walltime: 19.2
37016.0/37230.0 days/days; walltime: 19.8
37017.0/37230.0 days/days; walltime: 17.3
37018.0/37230.0 days/days; walltime: 12.9
37019.0/37230.0 days/days; walltime: 13.3
37020.0/37230.0 days/days; walltime: 16.8
37021.0/37230.0 days/days; walltime: 22.1
37022.0/37230.0 days/days; walltime: 15.1
37023.0/37230.0 days/days; walltime: 24.9
37024.0/37230.0 days/days; walltime: 11.8
37025.0/37230.0 days/days; walltime: 7.7
37026.0/37230.0 days/days; walltime: 7.6
37027.0/37230.0 days/days; walltime: 22.2
37028.0/37230.0 days/days; walltime: 8.3
37029.0/37230.0 days/days; walltime: 19.6
37030.0/37230.0 days/days; walltime: 30.9
37031.0/37230.0 days/days; walltime: 15.6
37032.0/37230.0 days/days; walltime: 25.3
37033.0/37230.0 days/days; walltime: 17.1
37034.0/37230.0 days/days; walltime: 30.0
37035.0/37230.0 days/days; walltime: 65.2
37036.0/37230.0 days/days; walltime: 7.6
37037.0/37230.0 days/days; walltime: 27.9
37038.0/37230.0 days/days; walltime: 10.1
37039.0/37230.0 days/days; walltime: 16.7
37040.0/37230.0 days/days; walltime: 28.8
37041.0/37230.0 days/days; walltime: 5.6
37042.0/37230.0 days/days; walltime: 20.2
37043.0/37230.0 days/days; walltime: 16.8
37044.0/37230.0 days/days; walltime: 22.1
37045.0/37230.0 days/days; walltime: 26.6
37046.0/37230.0 days/days; walltime: 23.1
37047.0/37230.0 days/days; walltime: 5.6
37048.0/37230.0 days/days; walltime: 10.4
37049.0/37230.0 days/days; walltime: 15.4
37050.0/37230.0 days/days; walltime: 2.9
37051.0/37230.0 days/days; walltime: 18.7
37052.0/37230.0 days/days; walltime: 9.2
37053.0/37230.0 days/days; walltime: 8.5
37054.0/37230.0 days/days; walltime: 23.3
37055.0/37230.0 days/days; walltime: 18.9
37056.0/37230.0 days/days; walltime: 16.7
37057.0/37230.0 days/days; walltime: 8.1
37058.0/37230.0 days/days; walltime: 29.9
37059.0/37230.0 days/days; walltime: 38.8
37060.0/37230.0 days/days; walltime: 3.4
37061.0/37230.0 days/days; walltime: 17.0
37062.0/37230.0 days/days; walltime: 14.0
37063.0/37230.0 days/days; walltime: 4.2
37064.0/37230.0 days/days; walltime: 24.2
37065.0/37230.0 days/days; walltime: 5.5
37066.0/37230.0 days/days; walltime: 9.3
37067.0/37230.0 days/days; walltime: 16.2
37068.0/37230.0 days/days; walltime: 2.8
37069.0/37230.0 days/days; walltime: 3.9
37070.0/37230.0 days/days; walltime: 3.1
37071.0/37230.0 days/days; walltime: 4.2
37072.0/37230.0 days/days; walltime: 6.3
37073.0/37230.0 days/days; walltime: 12.7
37074.0/37230.0 days/days; walltime: 28.0
37075.0/37230.0 days/days; walltime: 13.1
37076.0/37230.0 days/days; walltime: 4.2
37077.0/37230.0 days/days; walltime: 6.2
37078.0/37230.0 days/days; walltime: 4.6
37079.0/37230.0 days/days; walltime: 3.8
37080.0/37230.0 days/days; walltime: 10.3
37081.0/37230.0 days/days; walltime: 12.1
37082.0/37230.0 days/days; walltime: 5.6
37083.0/37230.0 days/days; walltime: 5.7
37084.0/37230.0 days/days; walltime: 6.5
37085.0/37230.0 days/days; walltime: 6.8
37086.0/37230.0 days/days; walltime: 6.7
37087.0/37230.0 days/days; walltime: 12.5
37088.0/37230.0 days/days; walltime: 22.2
37089.0/37230.0 days/days; walltime: 9.6
37090.0/37230.0 days/days; walltime: 11.2
37091.0/37230.0 days/days; walltime: 10.7
37092.0/37230.0 days/days; walltime: 11.3
37093.0/37230.0 days/days; walltime: 11.9
37094.0/37230.0 days/days; walltime: 23.4
37095.0/37230.0 days/days; walltime: 11.9
37096.0/37230.0 days/days; walltime: 22.4
37097.0/37230.0 days/days; walltime: 15.8
37098.0/37230.0 days/days; walltime: 16.8
37099.0/37230.0 days/days; walltime: 16.4
37100.0/37230.0 days/days; walltime: 20.9
37101.0/37230.0 days/days; walltime: 16.4
37102.0/37230.0 days/days; walltime: 21.4
37103.0/37230.0 days/days; walltime: 18.6
37104.0/37230.0 days/days; walltime: 22.2
37105.0/37230.0 days/days; walltime: 15.8
37106.0/37230.0 days/days; walltime: 18.0
37107.0/37230.0 days/days; walltime: 19.5
37108.0/37230.0 days/days; walltime: 20.8
37109.0/37230.0 days/days; walltime: 19.8
37110.0/37230.0 days/days; walltime: 10.1
37111.0/37230.0 days/days; walltime: 7.9
37112.0/37230.0 days/days; walltime: 6.0
37113.0/37230.0 days/days; walltime: 2.0
37114.0/37230.0 days/days; walltime: 9.6
37115.0/37230.0 days/days; walltime: 6.3
37116.0/37230.0 days/days; walltime: 2.1
37117.0/37230.0 days/days; walltime: 1.7
37118.0/37230.0 days/days; walltime: 1.7
37119.0/37230.0 days/days; walltime: 1.8
37120.0/37230.0 days/days; walltime: 1.3
37121.0/37230.0 days/days; walltime: 1.2
37122.0/37230.0 days/days; walltime: 1.4
37123.0/37230.0 days/days; walltime: 4.8
37124.0/37230.0 days/days; walltime: 0.8
37125.0/37230.0 days/days; walltime: 1.4
37126.0/37230.0 days/days; walltime: 1.3
37127.0/37230.0 days/days; walltime: 9.8
37128.0/37230.0 days/days; walltime: 0.3
37129.0/37230.0 days/days; walltime: 0.3
37130.0/37230.0 days/days; walltime: 0.3
37131.0/37230.0 days/days; walltime: 0.3
37132.0/37230.0 days/days; walltime: 0.7
37133.0/37230.0 days/days; walltime: 0.7
37134.0/37230.0 days/days; walltime: 0.6
37135.0/37230.0 days/days; walltime: 0.6
37136.0/37230.0 days/days; walltime: 0.5
37137.0/37230.0 days/days; walltime: 0.6
37138.0/37230.0 days/days; walltime: 0.5
37139.0/37230.0 days/days; walltime: 2.6
37140.0/37230.0 days/days; walltime: 0.3
37141.0/37230.0 days/days; walltime: 0.2
37142.0/37230.0 days/days; walltime: 0.3
37143.0/37230.0 days/days; walltime: 0.2
37144.0/37230.0 days/days; walltime: 0.5
37145.0/37230.0 days/days; walltime: 0.6
37146.0/37230.0 days/days; walltime: 0.4
37147.0/37230.0 days/days; walltime: 0.6
37148.0/37230.0 days/days; walltime: 0.5
37149.0/37230.0 days/days; walltime: 0.4
37150.0/37230.0 days/days; walltime: 0.6
37151.0/37230.0 days/days; walltime: 0.4
37152.0/37230.0 days/days; walltime: 0.4
37153.0/37230.0 days/days; walltime: 0.3
37154.0/37230.0 days/days; walltime: 0.5
37155.0/37230.0 days/days; walltime: 0.4
37156.0/37230.0 days/days; walltime: 0.3
37157.0/37230.0 days/days; walltime: 0.4
37158.0/37230.0 days/days; walltime: 0.3
37159.0/37230.0 days/days; walltime: 0.4
37160.0/37230.0 days/days; walltime: 0.3
37161.0/37230.0 days/days; walltime: 0.2
37162.0/37230.0 days/days; walltime: 0.4
37163.0/37230.0 days/days; walltime: 0.2
37164.0/37230.0 days/days; walltime: 0.4
37165.0/37230.0 days/days; walltime: 0.4
37166.0/37230.0 days/days; walltime: 0.5
37167.0/37230.0 days/days; walltime: 0.5
37168.0/37230.0 days/days; walltime: 0.5
37169.0/37230.0 days/days; walltime: 0.3
37170.0/37230.0 days/days; walltime: 6.4
37171.0/37230.0 days/days; walltime: 0.4
37172.0/37230.0 days/days; walltime: 0.2
37173.0/37230.0 days/days; walltime: 0.1
37174.0/37230.0 days/days; walltime: 0.2
37175.0/37230.0 days/days; walltime: 0.2
37176.0/37230.0 days/days; walltime: 0.1
37177.0/37230.0 days/days; walltime: 0.3
37178.0/37230.0 days/days; walltime: 0.4
37179.0/37230.0 days/days; walltime: 0.1
37180.0/37230.0 days/days; walltime: 0.4
37181.0/37230.0 days/days; walltime: 0.3
37182.0/37230.0 days/days; walltime: 0.3
37183.0/37230.0 days/days; walltime: 0.4
37184.0/37230.0 days/days; walltime: 0.3
37185.0/37230.0 days/days; walltime: 0.1
37186.0/37230.0 days/days; walltime: 0.3
37187.0/37230.0 days/days; walltime: 0.3
37188.0/37230.0 days/days; walltime: 0.3
37189.0/37230.0 days/days; walltime: 0.1
37190.0/37230.0 days/days; walltime: 0.3
37191.0/37230.0 days/days; walltime: 0.3
37192.0/37230.0 days/days; walltime: 0.3
37193.0/37230.0 days/days; walltime: 0.1
37194.0/37230.0 days/days; walltime: 0.3
37195.0/37230.0 days/days; walltime: 0.3
37196.0/37230.0 days/days; walltime: 0.1
37197.0/37230.0 days/days; walltime: 0.3
37198.0/37230.0 days/days; walltime: 0.1
37199.0/37230.0 days/days; walltime: 0.3
37200.0/37230.0 days/days; walltime: 0.3
37201.0/37230.0 days/days; walltime: 0.1
37202.0/37230.0 days/days; walltime: 0.3
37203.0/37230.0 days/days; walltime: 0.2
37204.0/37230.0 days/days; walltime: 0.1
37205.0/37230.0 days/days; walltime: 0.2
37206.0/37230.0 days/days; walltime: 0.3
37207.0/37230.0 days/days; walltime: 0.1
37208.0/37230.0 days/days; walltime: 0.3
37209.0/37230.0 days/days; walltime: 0.3
37210.0/37230.0 days/days; walltime: 0.1
37211.0/37230.0 days/days; walltime: 0.3
37212.0/37230.0 days/days; walltime: 0.3
37213.0/37230.0 days/days; walltime: 0.1
37214.0/37230.0 days/days; walltime: 0.3
37215.0/37230.0 days/days; walltime: 0.1
37216.0/37230.0 days/days; walltime: 0.3
37217.0/37230.0 days/days; walltime: 0.3
37218.0/37230.0 days/days; walltime: 0.1
37219.0/37230.0 days/days; walltime: 0.3
37220.0/37230.0 days/days; walltime: 0.1
37221.0/37230.0 days/days; walltime: 0.3
37222.0/37230.0 days/days; walltime: 0.1
37223.0/37230.0 days/days; walltime: 0.1
37224.0/37230.0 days/days; walltime: 0.3
37225.0/37230.0 days/days; walltime: 0.2
37226.0/37230.0 days/days; walltime: 0.4
37227.0/37230.0 days/days; walltime: 0.3
37228.0/37230.0 days/days; walltime: 0.3
37229.0/37230.0 days/days; walltime: 0.3
37230.0/37230.0 days/days; walltime: 2.0
Wallclock for model run: 4596.9s
 

fields = 

  struct with fields:

    nodes: [1x1 struct]
    edges: [1x1 struct]
       BC: [1x1 struct]

No cases left; exiting.
