Case 2:
Picked up JAVA_TOOL_OPTIONS: -Xmx2g
Opening log file:  /tmp/java.log.24509

                            < M A T L A B (R) >
                  Copyright 1984-2022 The MathWorks, Inc.
                  R2022a (9.12.0.1884302) 64-bit (glnxa64)
                             February 16, 2022

 
To get started, type doc.
For product information, visit www.mathworks.com.
 

config = 

  struct with fields:

                 k_s: 0.0189
                 l_c: 10
            n_moulin: 68
    creep_const_soft: 0
             mesh_nr: 4
                 k_c: 0.2000
               h_bed: 0.5000
               l_bed: 10
               alpha: 1.5000
                beta: 1.5000
               omega: 0
                 e_v: 1.0000e-04

Running model run (ode15s):
Run to steady
Saving model run to
./RUN/output_102_steady.nc
Fields, IC & BC initialised
Initial phi calculated in 1.9s
0.0/36500.0 days/days; walltime: 24.2
-----------------------------------------------------------------------------------------------------------------------------------------------------------------------------------------------------------------------------------------------1825.0/36500.0 days/days; walltime: 206.2
--------------------------------------------3650.0/36500.0 days/days; walltime: 3.6
--------------5475.0/36500.0 days/days; walltime: 1.2
----------7300.0/36500.0 days/days; walltime: 0.8
---------------------------------------------------------------------------------------------------------------------------------------------------------------------------------------------------------------------------------------------------------------------------------------------------------------------------------------------------------------------------------------9125.0/36500.0 days/days; walltime: 29.0
---------------------------------------------------------------------------------------------------------------------------------------------------------------------------------------------------------------------------------------------------------------------------------------------------------------------------------------------------------------------------------------------------------------------------------------------------------------------------------------------------------------------------------------------------------------------------------------------------------------------------------------------------------------------------------------------------------------------------------------------------------------------------------------------------------------------------------------------------------------------------------------------------------------------------------------------------------------------------------------------------------------------------------------------------------------------------------------------------------------------------------------------------------------------------------------------------------------------------------------------------------------------------------------------------------------------------------------------------------------------------------------------------------------------------------------------------------------------------------------------------------------------------------------------------------------------------------------------------------------------------------------------------------------------------------------------------------------------------------------------------------------------------------------------------------------------------------------------------------------------------------------------------------------------------------------------------------------------------------------------------------------------------------------------------------------------------------------------------------------------------------------------------------------------------------------------------------------------------------------------------------------------------------------------------------------------------------------------------------------------------------------------------------------------------------------------------------------------------------------------------------------------------------------------------------------------------------------------------------------------------------------------------------------------------------------------------------------------------------------------------------------------------------------------------------------------------------------------------------------------------------------------------------------------------------------------------------------------------------------------------------------------------------------------------------------------------------------------------------------------------------------------------------------------------------------------------------------------------------------------------------------------------------------------------------------------------------------------------------------------------------------------------------------------10950.0/36500.0 days/days; walltime: 237.6
-----------------------------------------------------------------------------------------------------------------------------------------------------------------------------------------------------------------------------------------------------------------------------------------------------------------------------------------------------------------------------------------------------------------------12775.0/36500.0 days/days; walltime: 67.9
------------------------------------------------------------------------------------------------------------------------------------14600.0/36500.0 days/days; walltime: 180.3
--------------------------------------16425.0/36500.0 days/days; walltime: 210.8
-------------------------------------------------18250.0/36500.0 days/days; walltime: 126.5
----------20075.0/36500.0 days/days; walltime: 40.2
21900.0/36500.0 days/days; walltime: 5.8
23725.0/36500.0 days/days; walltime: 1.3
25550.0/36500.0 days/days; walltime: 1.2
27375.0/36500.0 days/days; walltime: 1.0
29200.0/36500.0 days/days; walltime: 1.5
31025.0/36500.0 days/days; walltime: 1.4
32850.0/36500.0 days/days; walltime: 2.1
34675.0/36500.0 days/days; walltime: 2.3
36500.0/36500.0 days/days; walltime: 2.3
Wallclock for model run: 1153.5s
 

fields = 

  struct with fields:

    nodes: [1x1 struct]
    edges: [1x1 struct]
       BC: [1x1 struct]

Running model run (ode15s):
Run seasonal
Saving model run to
./RUN/output_102_seasonal.nc
IC initialised from struct
IC initialised from file/given & rest from parameters and given functions
-36500.0/37230.0 days/days; walltime: 24.7
-36501.0/37230.0 days/days; walltime: 74.4
36502.0/37230.0 days/days; walltime: 14.8
36503.0/37230.0 days/days; walltime: 19.7
36504.0/37230.0 days/days; walltime: 9.5
36505.0/37230.0 days/days; walltime: 2.6
36506.0/37230.0 days/days; walltime: 2.5
36507.0/37230.0 days/days; walltime: 3.8
36508.0/37230.0 days/days; walltime: 1.4
36509.0/37230.0 days/days; walltime: 1.5
36510.0/37230.0 days/days; walltime: 1.8
36511.0/37230.0 days/days; walltime: 3.5
36512.0/37230.0 days/days; walltime: 1.1
36513.0/37230.0 days/days; walltime: 0.9
36514.0/37230.0 days/days; walltime: 0.9
36515.0/37230.0 days/days; walltime: 1.1
36516.0/37230.0 days/days; walltime: 0.9
36517.0/37230.0 days/days; walltime: 0.9
36518.0/37230.0 days/days; walltime: 1.0
36519.0/37230.0 days/days; walltime: 0.7
36520.0/37230.0 days/days; walltime: 0.8
36521.0/37230.0 days/days; walltime: 2.9
36522.0/37230.0 days/days; walltime: 0.8
36523.0/37230.0 days/days; walltime: 0.8
36524.0/37230.0 days/days; walltime: 0.5
36525.0/37230.0 days/days; walltime: 2.6
36526.0/37230.0 days/days; walltime: 0.5
36527.0/37230.0 days/days; walltime: 0.4
36528.0/37230.0 days/days; walltime: 0.4
36529.0/37230.0 days/days; walltime: 0.4
36530.0/37230.0 days/days; walltime: 0.4
36531.0/37230.0 days/days; walltime: 0.4
36532.0/37230.0 days/days; walltime: 0.2
36533.0/37230.0 days/days; walltime: 0.4
36534.0/37230.0 days/days; walltime: 0.4
36535.0/37230.0 days/days; walltime: 0.4
36536.0/37230.0 days/days; walltime: 0.2
36537.0/37230.0 days/days; walltime: 0.4
36538.0/37230.0 days/days; walltime: 0.4
36539.0/37230.0 days/days; walltime: 0.4
36540.0/37230.0 days/days; walltime: 0.3
36541.0/37230.0 days/days; walltime: 0.5
---36542.0/37230.0 days/days; walltime: 2.3
-36543.0/37230.0 days/days; walltime: 0.5
36544.0/37230.0 days/days; walltime: 0.4
36545.0/37230.0 days/days; walltime: 0.1
36546.0/37230.0 days/days; walltime: 0.4
-36547.0/37230.0 days/days; walltime: 0.1
36548.0/37230.0 days/days; walltime: 0.3
-36549.0/37230.0 days/days; walltime: 0.1
-36550.0/37230.0 days/days; walltime: 0.3
36551.0/37230.0 days/days; walltime: 0.1
36552.0/37230.0 days/days; walltime: 0.3
36553.0/37230.0 days/days; walltime: 0.1
-36554.0/37230.0 days/days; walltime: 0.3
36555.0/37230.0 days/days; walltime: 0.1
-36556.0/37230.0 days/days; walltime: 0.4
36557.0/37230.0 days/days; walltime: 0.3
36558.0/37230.0 days/days; walltime: 0.4
36559.0/37230.0 days/days; walltime: 0.1
-36560.0/37230.0 days/days; walltime: 0.4
36561.0/37230.0 days/days; walltime: 0.1
----36562.0/37230.0 days/days; walltime: 0.4
-------------------------------------36563.0/37230.0 days/days; walltime: 2.4
---36564.0/37230.0 days/days; walltime: 0.4
-36565.0/37230.0 days/days; walltime: 0.1
--36566.0/37230.0 days/days; walltime: 0.1
--36567.0/37230.0 days/days; walltime: 0.3
-36568.0/37230.0 days/days; walltime: 0.1
-36569.0/37230.0 days/days; walltime: 0.1
--36570.0/37230.0 days/days; walltime: 0.3
-36571.0/37230.0 days/days; walltime: 0.1
---36572.0/37230.0 days/days; walltime: 0.3
-36573.0/37230.0 days/days; walltime: 0.1
--36574.0/37230.0 days/days; walltime: 0.1
36575.0/37230.0 days/days; walltime: 0.3
-36576.0/37230.0 days/days; walltime: 0.1
-36577.0/37230.0 days/days; walltime: 0.1
--36578.0/37230.0 days/days; walltime: 0.3
-36579.0/37230.0 days/days; walltime: 0.1
-36580.0/37230.0 days/days; walltime: 0.1
-36581.0/37230.0 days/days; walltime: 0.3
36582.0/37230.0 days/days; walltime: 0.1
-36583.0/37230.0 days/days; walltime: 0.1
-36584.0/37230.0 days/days; walltime: 0.1
---36585.0/37230.0 days/days; walltime: 0.3
-36586.0/37230.0 days/days; walltime: 0.1
-36587.0/37230.0 days/days; walltime: 0.1
--36588.0/37230.0 days/days; walltime: 0.3
--36589.0/37230.0 days/days; walltime: 0.1
----36590.0/37230.0 days/days; walltime: 0.2
-36591.0/37230.0 days/days; walltime: 0.3
-36592.0/37230.0 days/days; walltime: 0.1
-36593.0/37230.0 days/days; walltime: 0.1
--36594.0/37230.0 days/days; walltime: 0.1
-36595.0/37230.0 days/days; walltime: 0.3
--36596.0/37230.0 days/days; walltime: 0.1
-36597.0/37230.0 days/days; walltime: 0.1
-36598.0/37230.0 days/days; walltime: 0.1
--36599.0/37230.0 days/days; walltime: 0.3
--36600.0/37230.0 days/days; walltime: 0.1
----36601.0/37230.0 days/days; walltime: 0.3
--36602.0/37230.0 days/days; walltime: 0.3
--36603.0/37230.0 days/days; walltime: 0.1
--36604.0/37230.0 days/days; walltime: 0.1
----------------------------------36605.0/37230.0 days/days; walltime: 2.3
-36606.0/37230.0 days/days; walltime: 0.3
--36607.0/37230.0 days/days; walltime: 0.1
--36609.0/37230.0 days/days; walltime: 0.1
--36610.0/37230.0 days/days; walltime: 0.1
--36611.0/37230.0 days/days; walltime: 0.3
-36612.0/37230.0 days/days; walltime: 0.1
-36613.0/37230.0 days/days; walltime: 0.1
-36614.0/37230.0 days/days; walltime: 0.1
--36615.0/37230.0 days/days; walltime: 0.3
-36616.0/37230.0 days/days; walltime: 0.1
-36617.0/37230.0 days/days; walltime: 0.1
-36618.0/37230.0 days/days; walltime: 0.1
--36619.0/37230.0 days/days; walltime: 0.3
-36621.0/37230.0 days/days; walltime: 0.1
---------------------------------------36622.0/37230.0 days/days; walltime: 2.6
-----------------------------------------------------------------------------------------------------------------------------------------------------------------------------------------------------------------------------------------------------------------------------------------------------------------------------------------------------------------------------------------------------------------------------------------------------------------------------------------------------------------------------------------------------------------------------------------------------------------------------------------------------------------------------------------------------------------------------------------------------------------------36623.0/37230.0 days/days; walltime: 54.3
--------------------------------------------------------------------------------------------------------------------------------------------------------------------------------------------------------------------------------------------------------------------------------------------------------------------------------------------------------------------------------------------------------------------------------------------------------------------------------------------------------------------------------------------------------------------------------------------------------------------------------------------------------36624.0/37230.0 days/days; walltime: 47.7
-------------------------36625.0/37230.0 days/days; walltime: 2.1
------------36626.0/37230.0 days/days; walltime: 0.9
----------36627.0/37230.0 days/days; walltime: 0.9
----36628.0/37230.0 days/days; walltime: 0.2
------36629.0/37230.0 days/days; walltime: 0.5
--36630.0/37230.0 days/days; walltime: 0.1
----36631.0/37230.0 days/days; walltime: 0.4
--36632.0/37230.0 days/days; walltime: 0.1
----36633.0/37230.0 days/days; walltime: 0.3
--36634.0/37230.0 days/days; walltime: 0.3
--36635.0/37230.0 days/days; walltime: 0.1
--36636.0/37230.0 days/days; walltime: 0.1
------------------------------------36637.0/37230.0 days/days; walltime: 2.5
-------------------------------------------------------------------------------------------------------------------------------------------------------------------------------------------36638.0/37230.0 days/days; walltime: 13.6
----------------------------------------------------------------------------------------------------------------------------------------------------------------------------------------------------------------------------------------------------------------------------------------------------------------------------------------------------------------------------------------------------------------------------------------------------------------------------------------------------------------------------------------------------------------------------------------------------------------------------------------------------------------------------------------------------------------------------------------------------------------------------------------------------36639.0/37230.0 days/days; walltime: 58.7
-------------------------------------------------------------------------------------------------------------------------------------------------------------------------------------------------------------------------------------------------------------------------------------------------------------------------------------------------------------------------------------------------------------------------------------------------------------------------------------------------------------------------------------------------------------------------------------------------------------------------------------------------------------------------------------------------------------------------------------------------------------------------------------------------------------------------------------------------------------------------------------------------------------------------------------------------------------------------36640.0/37230.0 days/days; walltime: 72.7
------------------------------------------------------------------------------------------------------------------------------------------------------------------------------------------------------------------------------------------------------------------------------------------------------------------------------------------------------------------------------------------------------36641.0/37230.0 days/days; walltime: 29.4
36642.0/37230.0 days/days; walltime: 2.4
36643.0/37230.0 days/days; walltime: 3.1
36644.0/37230.0 days/days; walltime: 0.8
36645.0/37230.0 days/days; walltime: 0.5
36646.0/37230.0 days/days; walltime: 0.7
36647.0/37230.0 days/days; walltime: 0.5
36648.0/37230.0 days/days; walltime: 0.2
36649.0/37230.0 days/days; walltime: 0.4
36650.0/37230.0 days/days; walltime: 0.3
36651.0/37230.0 days/days; walltime: 0.4
-36652.0/37230.0 days/days; walltime: 3.0
36653.0/37230.0 days/days; walltime: 56.2
36654.0/37230.0 days/days; walltime: 102.6
36655.0/37230.0 days/days; walltime: 177.8
36656.0/37230.0 days/days; walltime: 136.0
36657.0/37230.0 days/days; walltime: 163.4
36658.0/37230.0 days/days; walltime: 542.0
36659.0/37230.0 days/days; walltime: 236.5
36660.0/37230.0 days/days; walltime: 429.8
36661.0/37230.0 days/days; walltime: 119.6
36662.0/37230.0 days/days; walltime: 200.6
36663.0/37230.0 days/days; walltime: 92.5
36664.0/37230.0 days/days; walltime: 83.7
36665.0/37230.0 days/days; walltime: 52.6
36666.0/37230.0 days/days; walltime: 219.0
36667.0/37230.0 days/days; walltime: 234.6
36668.0/37230.0 days/days; walltime: 638.5
36669.0/37230.0 days/days; walltime: 259.2
36670.0/37230.0 days/days; walltime: 235.1
36671.0/37230.0 days/days; walltime: 162.4
36672.0/37230.0 days/days; walltime: 122.0
36673.0/37230.0 days/days; walltime: 196.5
36674.0/37230.0 days/days; walltime: 123.4
36675.0/37230.0 days/days; walltime: 118.8
36676.0/37230.0 days/days; walltime: 196.1
36677.0/37230.0 days/days; walltime: 401.9
36678.0/37230.0 days/days; walltime: 135.2
36679.0/37230.0 days/days; walltime: 81.6
36680.0/37230.0 days/days; walltime: 39.8
36681.0/37230.0 days/days; walltime: 57.5
36682.0/37230.0 days/days; walltime: 33.4
36683.0/37230.0 days/days; walltime: 98.5
36684.0/37230.0 days/days; walltime: 58.6
36685.0/37230.0 days/days; walltime: 210.2
36686.0/37230.0 days/days; walltime: 107.2
36687.0/37230.0 days/days; walltime: 176.0
36688.0/37230.0 days/days; walltime: 71.7
36689.0/37230.0 days/days; walltime: 219.9
36690.0/37230.0 days/days; walltime: 421.4
36691.0/37230.0 days/days; walltime: 209.8
36692.0/37230.0 days/days; walltime: 131.4
36693.0/37230.0 days/days; walltime: 62.7
36694.0/37230.0 days/days; walltime: 39.2
36695.0/37230.0 days/days; walltime: 20.5
36696.0/37230.0 days/days; walltime: 28.5
36697.0/37230.0 days/days; walltime: 45.2
36698.0/37230.0 days/days; walltime: 64.7
36699.0/37230.0 days/days; walltime: 20.9
36700.0/37230.0 days/days; walltime: 103.6
36701.0/37230.0 days/days; walltime: 98.1
36702.0/37230.0 days/days; walltime: 63.4
36703.0/37230.0 days/days; walltime: 41.2
36704.0/37230.0 days/days; walltime: 151.8
36705.0/37230.0 days/days; walltime: 245.0
36706.0/37230.0 days/days; walltime: 186.0
36707.0/37230.0 days/days; walltime: 193.2
36708.0/37230.0 days/days; walltime: 138.7
36709.0/37230.0 days/days; walltime: 35.1
36710.0/37230.0 days/days; walltime: 53.2
36711.0/37230.0 days/days; walltime: 185.1
36712.0/37230.0 days/days; walltime: 65.9
36713.0/37230.0 days/days; walltime: 188.3
36714.0/37230.0 days/days; walltime: 22.1
36715.0/37230.0 days/days; walltime: 24.0
36716.0/37230.0 days/days; walltime: 16.8
36717.0/37230.0 days/days; walltime: 17.2
36718.0/37230.0 days/days; walltime: 19.5
36719.0/37230.0 days/days; walltime: 17.3
36720.0/37230.0 days/days; walltime: 71.7
36721.0/37230.0 days/days; walltime: 115.2
36722.0/37230.0 days/days; walltime: 113.0
36723.0/37230.0 days/days; walltime: 282.0
36724.0/37230.0 days/days; walltime: 338.2
36725.0/37230.0 days/days; walltime: 362.0
36726.0/37230.0 days/days; walltime: 278.6
36727.0/37230.0 days/days; walltime: 130.7
36728.0/37230.0 days/days; walltime: 456.5
36729.0/37230.0 days/days; walltime: 1357.8
36730.0/37230.0 days/days; walltime: 1157.8
36731.0/37230.0 days/days; walltime: 350.9
36732.0/37230.0 days/days; walltime: 84.1
36733.0/37230.0 days/days; walltime: 425.1
36734.0/37230.0 days/days; walltime: 165.0
36735.0/37230.0 days/days; walltime: 62.6
36736.0/37230.0 days/days; walltime: 32.1
36737.0/37230.0 days/days; walltime: 11.2
36738.0/37230.0 days/days; walltime: 5.1
36739.0/37230.0 days/days; walltime: 20.6
36740.0/37230.0 days/days; walltime: 19.8
36741.0/37230.0 days/days; walltime: 60.0
36742.0/37230.0 days/days; walltime: 217.0
36743.0/37230.0 days/days; walltime: 219.8
36744.0/37230.0 days/days; walltime: 27.2
36745.0/37230.0 days/days; walltime: 12.0
36746.0/37230.0 days/days; walltime: 15.9
36747.0/37230.0 days/days; walltime: 25.4
36748.0/37230.0 days/days; walltime: 66.3
36749.0/37230.0 days/days; walltime: 62.0
36750.0/37230.0 days/days; walltime: 8.5
36751.0/37230.0 days/days; walltime: 8.2
36752.0/37230.0 days/days; walltime: 25.9
36753.0/37230.0 days/days; walltime: 8.1
36754.0/37230.0 days/days; walltime: 3.0
36755.0/37230.0 days/days; walltime: 3.2
36756.0/37230.0 days/days; walltime: 4.2
36757.0/37230.0 days/days; walltime: 5.9
36758.0/37230.0 days/days; walltime: 3.6
36759.0/37230.0 days/days; walltime: 6.0
36760.0/37230.0 days/days; walltime: 11.0
36761.0/37230.0 days/days; walltime: 95.1
36762.0/37230.0 days/days; walltime: 139.3
36763.0/37230.0 days/days; walltime: 9.2
36764.0/37230.0 days/days; walltime: 104.8
36765.0/37230.0 days/days; walltime: 75.6
36766.0/37230.0 days/days; walltime: 2.1
36767.0/37230.0 days/days; walltime: 1.0
36768.0/37230.0 days/days; walltime: 0.8
36769.0/37230.0 days/days; walltime: 0.6
36770.0/37230.0 days/days; walltime: 0.7
36771.0/37230.0 days/days; walltime: 0.4
36772.0/37230.0 days/days; walltime: 0.6
36773.0/37230.0 days/days; walltime: 0.8
36774.0/37230.0 days/days; walltime: 1.1
36775.0/37230.0 days/days; walltime: 0.6
36776.0/37230.0 days/days; walltime: 0.6
36777.0/37230.0 days/days; walltime: 0.4
36778.0/37230.0 days/days; walltime: 2.5
36779.0/37230.0 days/days; walltime: 0.4
36780.0/37230.0 days/days; walltime: 0.4
36781.0/37230.0 days/days; walltime: 0.1
--36782.0/37230.0 days/days; walltime: 51.4
36783.0/37230.0 days/days; walltime: 111.3
36784.0/37230.0 days/days; walltime: 95.4
36785.0/37230.0 days/days; walltime: 343.4
36786.0/37230.0 days/days; walltime: 16.6
36787.0/37230.0 days/days; walltime: 4.1
36788.0/37230.0 days/days; walltime: 2.6
36789.0/37230.0 days/days; walltime: 2.0
36790.0/37230.0 days/days; walltime: 1.2
36791.0/37230.0 days/days; walltime: 1.1
36792.0/37230.0 days/days; walltime: 3.1
36793.0/37230.0 days/days; walltime: 0.6
36794.0/37230.0 days/days; walltime: 0.9
36795.0/37230.0 days/days; walltime: 0.9
36796.0/37230.0 days/days; walltime: 0.7
36797.0/37230.0 days/days; walltime: 0.7
36798.0/37230.0 days/days; walltime: 0.7
36799.0/37230.0 days/days; walltime: 2.6
36800.0/37230.0 days/days; walltime: 0.4
36801.0/37230.0 days/days; walltime: 0.4
36802.0/37230.0 days/days; walltime: 0.6
36803.0/37230.0 days/days; walltime: 0.5
36804.0/37230.0 days/days; walltime: 0.5
36805.0/37230.0 days/days; walltime: 0.6
36806.0/37230.0 days/days; walltime: 0.2
36807.0/37230.0 days/days; walltime: 0.5
36808.0/37230.0 days/days; walltime: 0.5
36809.0/37230.0 days/days; walltime: 0.2
-36810.0/37230.0 days/days; walltime: 0.4
-36811.0/37230.0 days/days; walltime: 0.2
-36812.0/37230.0 days/days; walltime: 0.4
-36813.0/37230.0 days/days; walltime: 0.2
36814.0/37230.0 days/days; walltime: 0.3
-36815.0/37230.0 days/days; walltime: 0.7
36816.0/37230.0 days/days; walltime: 0.4
-36817.0/37230.0 days/days; walltime: 0.1
-36818.0/37230.0 days/days; walltime: 0.1
--36819.0/37230.0 days/days; walltime: 0.4
36820.0/37230.0 days/days; walltime: 0.1
36821.0/37230.0 days/days; walltime: 2.1
36822.0/37230.0 days/days; walltime: 0.2
36823.0/37230.0 days/days; walltime: 0.3
--36824.0/37230.0 days/days; walltime: 0.2
-36825.0/37230.0 days/days; walltime: 0.1
-36826.0/37230.0 days/days; walltime: 0.3
-36827.0/37230.0 days/days; walltime: 0.1
-36828.0/37230.0 days/days; walltime: 0.1
-36829.0/37230.0 days/days; walltime: 0.1
-36830.0/37230.0 days/days; walltime: 0.3
-36831.0/37230.0 days/days; walltime: 0.1
-36832.0/37230.0 days/days; walltime: 0.1
-36833.0/37230.0 days/days; walltime: 0.1
36834.0/37230.0 days/days; walltime: 0.3
36835.0/37230.0 days/days; walltime: 0.1
36836.0/37230.0 days/days; walltime: 0.1
36837.0/37230.0 days/days; walltime: 0.1
-36838.0/37230.0 days/days; walltime: 0.3
--36840.0/37230.0 days/days; walltime: 2.2
-36841.0/37230.0 days/days; walltime: 0.1
36842.0/37230.0 days/days; walltime: 0.1
-36843.0/37230.0 days/days; walltime: 0.3
-36844.0/37230.0 days/days; walltime: 0.1
36845.0/37230.0 days/days; walltime: 0.1
36847.0/37230.0 days/days; walltime: 0.1
-36848.0/37230.0 days/days; walltime: 0.3
36849.0/37230.0 days/days; walltime: 0.1
--36850.0/37230.0 days/days; walltime: 10.8
36851.0/37230.0 days/days; walltime: 0.4
36852.0/37230.0 days/days; walltime: 0.1
-36853.0/37230.0 days/days; walltime: 0.1
36854.0/37230.0 days/days; walltime: 0.1
-36855.0/37230.0 days/days; walltime: 0.3
-36856.0/37230.0 days/days; walltime: 0.1
-36857.0/37230.0 days/days; walltime: 0.1
-36859.0/37230.0 days/days; walltime: 0.1
36860.0/37230.0 days/days; walltime: 0.1
36862.0/37230.0 days/days; walltime: 0.1
-36863.0/37230.0 days/days; walltime: 0.1
36865.0/37230.0 days/days; walltime: 0.3
36866.0/37230.0 days/days; walltime: 0.1
-36868.0/37230.0 days/days; walltime: 0.1
36869.0/37230.0 days/days; walltime: 0.1
36870.0/37230.0 days/days; walltime: 0.3
36872.0/37230.0 days/days; walltime: 0.1
36874.0/37230.0 days/days; walltime: 0.1
36875.0/37230.0 days/days; walltime: 0.1
36877.0/37230.0 days/days; walltime: 0.3
36878.0/37230.0 days/days; walltime: 0.1
36880.0/37230.0 days/days; walltime: 0.1
36882.0/37230.0 days/days; walltime: 0.1
36883.0/37230.0 days/days; walltime: 0.3
36885.0/37230.0 days/days; walltime: 0.1
36887.0/37230.0 days/days; walltime: 0.1
36888.0/37230.0 days/days; walltime: 0.1
--36890.0/37230.0 days/days; walltime: 0.3
-36892.0/37230.0 days/days; walltime: 0.1
-36894.0/37230.0 days/days; walltime: 0.1
36896.0/37230.0 days/days; walltime: 0.1
36898.0/37230.0 days/days; walltime: 0.3
36900.0/37230.0 days/days; walltime: 0.1
36902.0/37230.0 days/days; walltime: 0.1
36904.0/37230.0 days/days; walltime: 0.1
36906.0/37230.0 days/days; walltime: 0.3
36908.0/37230.0 days/days; walltime: 0.1
36910.0/37230.0 days/days; walltime: 0.1
36912.0/37230.0 days/days; walltime: 0.1
36914.0/37230.0 days/days; walltime: 0.3
36917.0/37230.0 days/days; walltime: 0.1
36919.0/37230.0 days/days; walltime: 0.1
36921.0/37230.0 days/days; walltime: 0.1
36924.0/37230.0 days/days; walltime: 0.3
36926.0/37230.0 days/days; walltime: 0.1
36929.0/37230.0 days/days; walltime: 0.1
36932.0/37230.0 days/days; walltime: 0.1
36934.0/37230.0 days/days; walltime: 0.3
36937.0/37230.0 days/days; walltime: 0.1
36940.0/37230.0 days/days; walltime: 0.1
36942.0/37230.0 days/days; walltime: 0.1
36945.0/37230.0 days/days; walltime: 0.3
36948.0/37230.0 days/days; walltime: 0.1
36951.0/37230.0 days/days; walltime: 0.1
36954.0/37230.0 days/days; walltime: 0.1
36957.0/37230.0 days/days; walltime: 0.3
36960.0/37230.0 days/days; walltime: 0.1
36963.0/37230.0 days/days; walltime: 0.1
36966.0/37230.0 days/days; walltime: 0.1
36969.0/37230.0 days/days; walltime: 0.3
36972.0/37230.0 days/days; walltime: 0.1
36975.0/37230.0 days/days; walltime: 0.1
36978.0/37230.0 days/days; walltime: 0.1
36982.0/37230.0 days/days; walltime: 0.3
--36985.0/37230.0 days/days; walltime: 2.4
36986.0/37230.0 days/days; walltime: 0.1
--36987.0/37230.0 days/days; walltime: 2.5
36988.0/37230.0 days/days; walltime: 59.7
36989.0/37230.0 days/days; walltime: 58.8
36990.0/37230.0 days/days; walltime: 1.7
36991.0/37230.0 days/days; walltime: 0.9
36992.0/37230.0 days/days; walltime: 0.6
36993.0/37230.0 days/days; walltime: 0.5
36994.0/37230.0 days/days; walltime: 0.4
36995.0/37230.0 days/days; walltime: 0.3
36996.0/37230.0 days/days; walltime: 0.2
36997.0/37230.0 days/days; walltime: 0.1
36998.0/37230.0 days/days; walltime: 0.3
36999.0/37230.0 days/days; walltime: 0.1
37000.0/37230.0 days/days; walltime: 11.4
37001.0/37230.0 days/days; walltime: 18.4
37002.0/37230.0 days/days; walltime: 0.6
--37003.0/37230.0 days/days; walltime: 15.9
37004.0/37230.0 days/days; walltime: 58.6
37005.0/37230.0 days/days; walltime: 78.4
37006.0/37230.0 days/days; walltime: 29.5
37007.0/37230.0 days/days; walltime: 4.4
37008.0/37230.0 days/days; walltime: 0.9
37009.0/37230.0 days/days; walltime: 0.7
37010.0/37230.0 days/days; walltime: 0.6
37011.0/37230.0 days/days; walltime: 0.6
37012.0/37230.0 days/days; walltime: 0.4
37013.0/37230.0 days/days; walltime: 0.6
37014.0/37230.0 days/days; walltime: 0.7
37015.0/37230.0 days/days; walltime: 0.4
37016.0/37230.0 days/days; walltime: 0.5
-37017.0/37230.0 days/days; walltime: 2.5
37018.0/37230.0 days/days; walltime: 60.7
37019.0/37230.0 days/days; walltime: 114.5
37020.0/37230.0 days/days; walltime: 190.4
37021.0/37230.0 days/days; walltime: 158.8
37022.0/37230.0 days/days; walltime: 182.8
37023.0/37230.0 days/days; walltime: 618.1
37024.0/37230.0 days/days; walltime: 225.8
37025.0/37230.0 days/days; walltime: 458.8
37026.0/37230.0 days/days; walltime: 101.0
37027.0/37230.0 days/days; walltime: 233.1
37028.0/37230.0 days/days; walltime: 127.7
37029.0/37230.0 days/days; walltime: 66.6
37030.0/37230.0 days/days; walltime: 47.6
37031.0/37230.0 days/days; walltime: 267.8
37032.0/37230.0 days/days; walltime: 314.3
37033.0/37230.0 days/days; walltime: 736.1
37034.0/37230.0 days/days; walltime: 282.8
37035.0/37230.0 days/days; walltime: 170.7
37036.0/37230.0 days/days; walltime: 231.0
37037.0/37230.0 days/days; walltime: 119.7
37038.0/37230.0 days/days; walltime: 207.6
37039.0/37230.0 days/days; walltime: 138.1
37040.0/37230.0 days/days; walltime: 128.9
37041.0/37230.0 days/days; walltime: 229.6
37042.0/37230.0 days/days; walltime: 440.9
37043.0/37230.0 days/days; walltime: 149.4
37044.0/37230.0 days/days; walltime: 67.4
37045.0/37230.0 days/days; walltime: 46.0
37046.0/37230.0 days/days; walltime: 41.5
37047.0/37230.0 days/days; walltime: 28.7
37048.0/37230.0 days/days; walltime: 89.3
37049.0/37230.0 days/days; walltime: 56.9
37050.0/37230.0 days/days; walltime: 251.5
37051.0/37230.0 days/days; walltime: 112.9
37052.0/37230.0 days/days; walltime: 167.2
37053.0/37230.0 days/days; walltime: 83.1
37054.0/37230.0 days/days; walltime: 201.3
37055.0/37230.0 days/days; walltime: 429.7
37056.0/37230.0 days/days; walltime: 223.5
37057.0/37230.0 days/days; walltime: 123.4
37058.0/37230.0 days/days; walltime: 51.1
37059.0/37230.0 days/days; walltime: 37.8
37060.0/37230.0 days/days; walltime: 21.2
37061.0/37230.0 days/days; walltime: 53.5
37062.0/37230.0 days/days; walltime: 41.0
37063.0/37230.0 days/days; walltime: 56.1
37064.0/37230.0 days/days; walltime: 29.8
37065.0/37230.0 days/days; walltime: 97.9
37066.0/37230.0 days/days; walltime: 92.4
37067.0/37230.0 days/days; walltime: 64.3
37068.0/37230.0 days/days; walltime: 45.7
37069.0/37230.0 days/days; walltime: 150.5
37070.0/37230.0 days/days; walltime: 243.8
37071.0/37230.0 days/days; walltime: 179.7
37072.0/37230.0 days/days; walltime: 197.5
37073.0/37230.0 days/days; walltime: 149.7
37074.0/37230.0 days/days; walltime: 30.6
37075.0/37230.0 days/days; walltime: 70.5
37076.0/37230.0 days/days; walltime: 161.7
37077.0/37230.0 days/days; walltime: 89.7
37078.0/37230.0 days/days; walltime: 193.1
37079.0/37230.0 days/days; walltime: 19.2
37080.0/37230.0 days/days; walltime: 17.2
37081.0/37230.0 days/days; walltime: 19.4
37082.0/37230.0 days/days; walltime: 12.6
37083.0/37230.0 days/days; walltime: 12.5
37084.0/37230.0 days/days; walltime: 12.4
37085.0/37230.0 days/days; walltime: 62.7
37086.0/37230.0 days/days; walltime: 109.2
37087.0/37230.0 days/days; walltime: 120.5
37088.0/37230.0 days/days; walltime: 231.7
37089.0/37230.0 days/days; walltime: 245.2
37090.0/37230.0 days/days; walltime: 318.1
37091.0/37230.0 days/days; walltime: 255.1
37092.0/37230.0 days/days; walltime: 87.8
37093.0/37230.0 days/days; walltime: 391.1
37094.0/37230.0 days/days; walltime: 1083.3
37095.0/37230.0 days/days; walltime: 997.1
37096.0/37230.0 days/days; walltime: 223.4
37097.0/37230.0 days/days; walltime: 85.1
37098.0/37230.0 days/days; walltime: 375.4
37099.0/37230.0 days/days; walltime: 177.4
37100.0/37230.0 days/days; walltime: 35.8
37101.0/37230.0 days/days; walltime: 33.7
37102.0/37230.0 days/days; walltime: 17.1
37103.0/37230.0 days/days; walltime: 5.4
37104.0/37230.0 days/days; walltime: 21.5
37105.0/37230.0 days/days; walltime: 19.9
37106.0/37230.0 days/days; walltime: 67.0
37107.0/37230.0 days/days; walltime: 223.9
37108.0/37230.0 days/days; walltime: 220.1
37109.0/37230.0 days/days; walltime: 25.6
37110.0/37230.0 days/days; walltime: 11.6
37111.0/37230.0 days/days; walltime: 15.9
37112.0/37230.0 days/days; walltime: 26.2
37113.0/37230.0 days/days; walltime: 67.3
37114.0/37230.0 days/days; walltime: 63.2
37115.0/37230.0 days/days; walltime: 8.6
37116.0/37230.0 days/days; walltime: 7.4
37117.0/37230.0 days/days; walltime: 26.9
37118.0/37230.0 days/days; walltime: 7.8
37119.0/37230.0 days/days; walltime: 2.4
37120.0/37230.0 days/days; walltime: 3.5
37121.0/37230.0 days/days; walltime: 3.8
37122.0/37230.0 days/days; walltime: 1.6
37123.0/37230.0 days/days; walltime: 3.6
37124.0/37230.0 days/days; walltime: 3.6
37125.0/37230.0 days/days; walltime: 8.8
37126.0/37230.0 days/days; walltime: 108.8
37127.0/37230.0 days/days; walltime: 97.3
37128.0/37230.0 days/days; walltime: 8.2
37129.0/37230.0 days/days; walltime: 78.6
37130.0/37230.0 days/days; walltime: 71.5
37131.0/37230.0 days/days; walltime: 4.5
37132.0/37230.0 days/days; walltime: 3.4
37133.0/37230.0 days/days; walltime: 4.9
37134.0/37230.0 days/days; walltime: 10.0
37135.0/37230.0 days/days; walltime: 2.8
37136.0/37230.0 days/days; walltime: 4.9
37137.0/37230.0 days/days; walltime: 4.6
37138.0/37230.0 days/days; walltime: 11.2
37139.0/37230.0 days/days; walltime: 2.8
37140.0/37230.0 days/days; walltime: 0.5
37141.0/37230.0 days/days; walltime: 0.4
37142.0/37230.0 days/days; walltime: 0.4
37143.0/37230.0 days/days; walltime: 0.4
37144.0/37230.0 days/days; walltime: 0.5
37145.0/37230.0 days/days; walltime: 0.5
37146.0/37230.0 days/days; walltime: 0.5
----37147.0/37230.0 days/days; walltime: 47.8
37148.0/37230.0 days/days; walltime: 103.1
37149.0/37230.0 days/days; walltime: 93.4
37150.0/37230.0 days/days; walltime: 346.8
37151.0/37230.0 days/days; walltime: 11.9
37152.0/37230.0 days/days; walltime: 3.8
37153.0/37230.0 days/days; walltime: 2.8
37154.0/37230.0 days/days; walltime: 1.8
37155.0/37230.0 days/days; walltime: 1.3
37156.0/37230.0 days/days; walltime: 1.1
37157.0/37230.0 days/days; walltime: 2.7
37158.0/37230.0 days/days; walltime: 0.7
37159.0/37230.0 days/days; walltime: 0.9
37160.0/37230.0 days/days; walltime: 1.0
37161.0/37230.0 days/days; walltime: 0.7
37162.0/37230.0 days/days; walltime: 0.6
37163.0/37230.0 days/days; walltime: 0.7
37164.0/37230.0 days/days; walltime: 2.5
37165.0/37230.0 days/days; walltime: 0.5
37166.0/37230.0 days/days; walltime: 0.5
37167.0/37230.0 days/days; walltime: 0.6
37168.0/37230.0 days/days; walltime: 0.5
37169.0/37230.0 days/days; walltime: 0.6
37170.0/37230.0 days/days; walltime: 0.5
37171.0/37230.0 days/days; walltime: 0.2
37172.0/37230.0 days/days; walltime: 0.5
-37173.0/37230.0 days/days; walltime: 0.5
-37174.0/37230.0 days/days; walltime: 0.2
--37175.0/37230.0 days/days; walltime: 0.4
--37176.0/37230.0 days/days; walltime: 0.2
37177.0/37230.0 days/days; walltime: 0.4
--37178.0/37230.0 days/days; walltime: 0.2
--37179.0/37230.0 days/days; walltime: 0.4
-37180.0/37230.0 days/days; walltime: 0.1
-37181.0/37230.0 days/days; walltime: 0.2
-37182.0/37230.0 days/days; walltime: 0.3
-37183.0/37230.0 days/days; walltime: 0.1
---37184.0/37230.0 days/days; walltime: 2.2
-37185.0/37230.0 days/days; walltime: 0.3
-37186.0/37230.0 days/days; walltime: 0.1
-37187.0/37230.0 days/days; walltime: 0.1
37188.0/37230.0 days/days; walltime: 0.1
-37189.0/37230.0 days/days; walltime: 0.3
-37190.0/37230.0 days/days; walltime: 0.2
37191.0/37230.0 days/days; walltime: 0.1
-37192.0/37230.0 days/days; walltime: 0.2
37193.0/37230.0 days/days; walltime: 0.1
-37194.0/37230.0 days/days; walltime: 0.1
-37195.0/37230.0 days/days; walltime: 0.1
-37196.0/37230.0 days/days; walltime: 0.3
-37197.0/37230.0 days/days; walltime: 0.1
37198.0/37230.0 days/days; walltime: 0.1
-37199.0/37230.0 days/days; walltime: 0.1
37201.0/37230.0 days/days; walltime: 0.2
-37202.0/37230.0 days/days; walltime: 0.1
-37203.0/37230.0 days/days; walltime: 0.1
-37204.0/37230.0 days/days; walltime: 0.1
-37205.0/37230.0 days/days; walltime: 0.3
-37207.0/37230.0 days/days; walltime: 0.1
--37208.0/37230.0 days/days; walltime: 0.1
-37209.0/37230.0 days/days; walltime: 0.1
--37210.0/37230.0 days/days; walltime: 0.2
-37212.0/37230.0 days/days; walltime: 0.1
----37213.0/37230.0 days/days; walltime: 2.2
-37215.0/37230.0 days/days; walltime: 0.1
37216.0/37230.0 days/days; walltime: 0.2
37217.0/37230.0 days/days; walltime: 0.1
-37219.0/37230.0 days/days; walltime: 0.1
-37220.0/37230.0 days/days; walltime: 0.1
37222.0/37230.0 days/days; walltime: 0.3
-37223.0/37230.0 days/days; walltime: 0.1
-37225.0/37230.0 days/days; walltime: 0.1
37226.0/37230.0 days/days; walltime: 0.1
-37228.0/37230.0 days/days; walltime: 0.2
37229.0/37230.0 days/days; walltime: 0.3
Wallclock for model run: 34932.1s
 

fields = 

  struct with fields:

    nodes: [1x1 struct]
    edges: [1x1 struct]
       BC: [1x1 struct]

No cases left; exiting.
