Case 1:
Picked up JAVA_TOOL_OPTIONS: -Xmx2g
Opening log file:  /tmp/java.log.24392

                            < M A T L A B (R) >
                  Copyright 1984-2022 The MathWorks, Inc.
                  R2022a (9.12.0.1884302) 64-bit (glnxa64)
                             February 16, 2022

 
To get started, type doc.
For product information, visit www.mathworks.com.
 

config = 

  struct with fields:

                 k_s: 0.0094
                 l_c: 10
            n_moulin: 68
    creep_const_soft: 0
             mesh_nr: 4
                 k_c: 0.2000
               h_bed: 0.5000
               l_bed: 10
               alpha: 1.2500
                beta: 1.5000
               omega: 0
                 e_v: 1.0000e-04

Running model run (ode15s):
Run to steady
Saving model run to
./RUN/output_101_steady.nc
Fields, IC & BC initialised
Initial phi calculated in 1.9s
0.0/36500.0 days/days; walltime: 24.1
-----------------------------------------------------------------------------------------------------------------------------------1825.0/36500.0 days/days; walltime: 234.8
----------------------------------------------------------3650.0/36500.0 days/days; walltime: 4.8
------------------------5475.0/36500.0 days/days; walltime: 2.0
------------7300.0/36500.0 days/days; walltime: 1.1
--------------------------------------------------------------------------------------------------------------------------------------------------------------------9125.0/36500.0 days/days; walltime: 13.2
---------------------------------------------------------------------------------------------------------------------------------------------------------------------------------------------------------------------------------------------------------------------------------------------------------------------------------------------------------------------------------------------------------------------------------------------------------------------------------------------------------------------------------------------------------------------------------------------------------------------------------------------------------------------------------------------------------------------------------------------------------------------------------------------------------------------------------------------------------------------------------------------------------------------------------------------------------------------------------------------------------------------------------------------------------------------------------------------------------------------------------------------------------------------------------------------------------------------------------------------------------------------------------------------------------------------------------------------------------------------------------------------------------------------------------------------------------------------------------------------------------------------------------------------------------------------------------------------------------------------------------------------------------------------------------------------------------------------------------------------------------------------------------------------------------------------------------------------------------------------------------------------------------------------------------------------------------------------------------------------------------------------------------------------------------------------------------------------------------------------------------------------------------------------------------------------------------------------------------------------------------------------------------------------------------------------------------------------------------------------------------------------------------------------------------------------------------------------------------------------------------------------------------------------------------------------------------------------------------------------------------------------------------------------------------------------------------------------------------------------------------------------------------------------------------------------------------------------------------------------------------------------------------------------------------------------------------------------------------------------------------------------------------------------------------------------------------------------------------------------------------------------------------------------------------------------------------------------------------------------------------------------------------------------------------------------------------------------------------------------------------------------------------------------------------------------------------------------------------------------------------------------------------10950.0/36500.0 days/days; walltime: 243.0
-------------------------------------------------------------------------------------------------------------------------------------------------------------------------------------------------------------------------------------------------------------------------------------------------------------------------------------------------------------------------------------------------------------------------------------------------------------------------------------------------------------------------------------------------------------------------------------------------------------------------------------------------------------------------------------------------------------------------------------------------------------------------------------------------------------------------------------------------------------------------------------------------------------------------------------------------------------------------------------------------------------------------------------------------------------------------12775.0/36500.0 days/days; walltime: 80.0
-------------------------------------------------------------------------------------------------------------------------------------------------------------------------------------------------------------------------------------14600.0/36500.0 days/days; walltime: 143.4
---------------------------------------------------------------------------16425.0/36500.0 days/days; walltime: 135.3
------------------------------------------------------18250.0/36500.0 days/days; walltime: 196.5
-------------20075.0/36500.0 days/days; walltime: 32.7
21900.0/36500.0 days/days; walltime: 14.6
23725.0/36500.0 days/days; walltime: 6.3
25550.0/36500.0 days/days; walltime: 10.9
27375.0/36500.0 days/days; walltime: 10.5
29200.0/36500.0 days/days; walltime: 8.4
31025.0/36500.0 days/days; walltime: 3.3
32850.0/36500.0 days/days; walltime: 2.9
34675.0/36500.0 days/days; walltime: 4.0
36500.0/36500.0 days/days; walltime: 1.5
Wallclock for model run: 1179.6s
 

fields = 

  struct with fields:

    nodes: [1x1 struct]
    edges: [1x1 struct]
       BC: [1x1 struct]

Running model run (ode15s):
Run seasonal
Saving model run to
./RUN/output_101_seasonal.nc
IC initialised from struct
IC initialised from file/given & rest from parameters and given functions
-36500.0/37230.0 days/days; walltime: 21.0
36501.0/37230.0 days/days; walltime: 85.2
36502.0/37230.0 days/days; walltime: 36.7
36503.0/37230.0 days/days; walltime: 10.8
--36504.0/37230.0 days/days; walltime: 3.9
36505.0/37230.0 days/days; walltime: 2.2
36506.0/37230.0 days/days; walltime: 4.0
36507.0/37230.0 days/days; walltime: 1.1
36508.0/37230.0 days/days; walltime: 1.5
36509.0/37230.0 days/days; walltime: 1.4
36510.0/37230.0 days/days; walltime: 1.3
36511.0/37230.0 days/days; walltime: 1.3
36512.0/37230.0 days/days; walltime: 3.2
36513.0/37230.0 days/days; walltime: 0.7
36514.0/37230.0 days/days; walltime: 0.8
36515.0/37230.0 days/days; walltime: 0.6
36516.0/37230.0 days/days; walltime: 0.9
36517.0/37230.0 days/days; walltime: 0.6
36518.0/37230.0 days/days; walltime: 0.8
36519.0/37230.0 days/days; walltime: 0.6
36520.0/37230.0 days/days; walltime: 0.6
---36521.0/37230.0 days/days; walltime: 0.6
----------------------------------------36522.0/37230.0 days/days; walltime: 2.7
--------36523.0/37230.0 days/days; walltime: 0.6
36524.0/37230.0 days/days; walltime: 0.2
36525.0/37230.0 days/days; walltime: 0.4
36526.0/37230.0 days/days; walltime: 0.4
36527.0/37230.0 days/days; walltime: 0.4
36528.0/37230.0 days/days; walltime: 0.4
36529.0/37230.0 days/days; walltime: 0.4
-36530.0/37230.0 days/days; walltime: 0.5
36531.0/37230.0 days/days; walltime: 0.3
36532.0/37230.0 days/days; walltime: 0.3
-----------------------------------36533.0/37230.0 days/days; walltime: 2.6
-36534.0/37230.0 days/days; walltime: 0.3
36535.0/37230.0 days/days; walltime: 0.5
36536.0/37230.0 days/days; walltime: 0.1
36537.0/37230.0 days/days; walltime: 0.3
36538.0/37230.0 days/days; walltime: 0.4
36539.0/37230.0 days/days; walltime: 0.1
36540.0/37230.0 days/days; walltime: 0.3
36541.0/37230.0 days/days; walltime: 0.1
-36542.0/37230.0 days/days; walltime: 0.3
-36543.0/37230.0 days/days; walltime: 0.1
-36544.0/37230.0 days/days; walltime: 0.3
36545.0/37230.0 days/days; walltime: 0.1
36546.0/37230.0 days/days; walltime: 0.3
36547.0/37230.0 days/days; walltime: 0.1
36548.0/37230.0 days/days; walltime: 0.1
36549.0/37230.0 days/days; walltime: 0.3
36550.0/37230.0 days/days; walltime: 0.1
36551.0/37230.0 days/days; walltime: 0.3
36552.0/37230.0 days/days; walltime: 0.1
36553.0/37230.0 days/days; walltime: 0.3
36554.0/37230.0 days/days; walltime: 0.1
-36555.0/37230.0 days/days; walltime: 0.3
36556.0/37230.0 days/days; walltime: 0.3
36557.0/37230.0 days/days; walltime: 0.1
36558.0/37230.0 days/days; walltime: 0.1
36559.0/37230.0 days/days; walltime: 0.4
36560.0/37230.0 days/days; walltime: 0.1
36561.0/37230.0 days/days; walltime: 0.1
36562.0/37230.0 days/days; walltime: 0.3
36563.0/37230.0 days/days; walltime: 0.1
36564.0/37230.0 days/days; walltime: 0.1
36565.0/37230.0 days/days; walltime: 0.4
36566.0/37230.0 days/days; walltime: 0.1
36567.0/37230.0 days/days; walltime: 0.1
36568.0/37230.0 days/days; walltime: 2.5
36569.0/37230.0 days/days; walltime: 0.1
36570.0/37230.0 days/days; walltime: 0.1
36571.0/37230.0 days/days; walltime: 0.3
36572.0/37230.0 days/days; walltime: 0.3
36573.0/37230.0 days/days; walltime: 0.1
36574.0/37230.0 days/days; walltime: 0.3
36575.0/37230.0 days/days; walltime: 0.1
36576.0/37230.0 days/days; walltime: 0.1
36577.0/37230.0 days/days; walltime: 0.1
36578.0/37230.0 days/days; walltime: 0.3
36579.0/37230.0 days/days; walltime: 0.1
36580.0/37230.0 days/days; walltime: 0.1
36581.0/37230.0 days/days; walltime: 0.3
36582.0/37230.0 days/days; walltime: 0.1
36583.0/37230.0 days/days; walltime: 0.1
36584.0/37230.0 days/days; walltime: 0.1
36585.0/37230.0 days/days; walltime: 0.3
36586.0/37230.0 days/days; walltime: 0.1
36587.0/37230.0 days/days; walltime: 0.1
36588.0/37230.0 days/days; walltime: 0.1
36590.0/37230.0 days/days; walltime: 0.3
36591.0/37230.0 days/days; walltime: 0.1
36592.0/37230.0 days/days; walltime: 0.1
36593.0/37230.0 days/days; walltime: 0.1
36594.0/37230.0 days/days; walltime: 0.3
36595.0/37230.0 days/days; walltime: 0.1
36596.0/37230.0 days/days; walltime: 0.1
36598.0/37230.0 days/days; walltime: 0.1
36599.0/37230.0 days/days; walltime: 0.3
36600.0/37230.0 days/days; walltime: 0.1
36601.0/37230.0 days/days; walltime: 0.1
36602.0/37230.0 days/days; walltime: 0.1
36604.0/37230.0 days/days; walltime: 0.3
36605.0/37230.0 days/days; walltime: 0.1
36606.0/37230.0 days/days; walltime: 0.1
36607.0/37230.0 days/days; walltime: 0.1
36609.0/37230.0 days/days; walltime: 0.3
36610.0/37230.0 days/days; walltime: 0.1
36611.0/37230.0 days/days; walltime: 0.1
36612.0/37230.0 days/days; walltime: 0.1
36614.0/37230.0 days/days; walltime: 0.3
36615.0/37230.0 days/days; walltime: 0.1
36616.0/37230.0 days/days; walltime: 0.1
36618.0/37230.0 days/days; walltime: 0.1
36619.0/37230.0 days/days; walltime: 0.3
36621.0/37230.0 days/days; walltime: 0.1
--36622.0/37230.0 days/days; walltime: 2.6
--36623.0/37230.0 days/days; walltime: 46.8
36624.0/37230.0 days/days; walltime: 62.9
36625.0/37230.0 days/days; walltime: 1.3
36626.0/37230.0 days/days; walltime: 0.6
36627.0/37230.0 days/days; walltime: 0.5
36628.0/37230.0 days/days; walltime: 0.5
36629.0/37230.0 days/days; walltime: 0.3
36630.0/37230.0 days/days; walltime: 0.1
36631.0/37230.0 days/days; walltime: 0.2
36632.0/37230.0 days/days; walltime: 0.3
36633.0/37230.0 days/days; walltime: 0.1
36634.0/37230.0 days/days; walltime: 0.1
36635.0/37230.0 days/days; walltime: 0.1
36636.0/37230.0 days/days; walltime: 0.3
--36637.0/37230.0 days/days; walltime: 2.4
36638.0/37230.0 days/days; walltime: 10.4
36639.0/37230.0 days/days; walltime: 70.7
36640.0/37230.0 days/days; walltime: 69.6
36641.0/37230.0 days/days; walltime: 29.0
36642.0/37230.0 days/days; walltime: 2.0
36643.0/37230.0 days/days; walltime: 3.1
36644.0/37230.0 days/days; walltime: 0.5
36645.0/37230.0 days/days; walltime: 0.4
36646.0/37230.0 days/days; walltime: 0.4
36647.0/37230.0 days/days; walltime: 0.5
36648.0/37230.0 days/days; walltime: 0.2
36649.0/37230.0 days/days; walltime: 0.4
36650.0/37230.0 days/days; walltime: 0.3
36651.0/37230.0 days/days; walltime: 0.1
-36652.0/37230.0 days/days; walltime: 2.7
36653.0/37230.0 days/days; walltime: 64.1
36654.0/37230.0 days/days; walltime: 97.9
36655.0/37230.0 days/days; walltime: 154.3
36656.0/37230.0 days/days; walltime: 114.7
36657.0/37230.0 days/days; walltime: 151.8
36658.0/37230.0 days/days; walltime: 512.8
36659.0/37230.0 days/days; walltime: 187.3
36660.0/37230.0 days/days; walltime: 380.5
36661.0/37230.0 days/days; walltime: 128.3
36662.0/37230.0 days/days; walltime: 174.1
36663.0/37230.0 days/days; walltime: 102.8
36664.0/37230.0 days/days; walltime: 79.2
36665.0/37230.0 days/days; walltime: 81.8
36666.0/37230.0 days/days; walltime: 173.7
36667.0/37230.0 days/days; walltime: 184.4
36668.0/37230.0 days/days; walltime: 620.8
36669.0/37230.0 days/days; walltime: 256.2
36670.0/37230.0 days/days; walltime: 245.0
36671.0/37230.0 days/days; walltime: 98.5
36672.0/37230.0 days/days; walltime: 93.7
36673.0/37230.0 days/days; walltime: 125.0
36674.0/37230.0 days/days; walltime: 58.8
36675.0/37230.0 days/days; walltime: 132.3
36676.0/37230.0 days/days; walltime: 206.2
36677.0/37230.0 days/days; walltime: 367.5
36678.0/37230.0 days/days; walltime: 123.6
36679.0/37230.0 days/days; walltime: 97.4
36680.0/37230.0 days/days; walltime: 53.3
36681.0/37230.0 days/days; walltime: 39.7
36682.0/37230.0 days/days; walltime: 33.2
36683.0/37230.0 days/days; walltime: 81.9
36684.0/37230.0 days/days; walltime: 29.0
36685.0/37230.0 days/days; walltime: 208.0
36686.0/37230.0 days/days; walltime: 106.5
36687.0/37230.0 days/days; walltime: 169.3
36688.0/37230.0 days/days; walltime: 44.9
36689.0/37230.0 days/days; walltime: 235.0
36690.0/37230.0 days/days; walltime: 391.3
36691.0/37230.0 days/days; walltime: 195.9
36692.0/37230.0 days/days; walltime: 129.6
36693.0/37230.0 days/days; walltime: 54.7
36694.0/37230.0 days/days; walltime: 44.0
36695.0/37230.0 days/days; walltime: 16.3
36696.0/37230.0 days/days; walltime: 16.7
36697.0/37230.0 days/days; walltime: 29.9
36698.0/37230.0 days/days; walltime: 65.3
36699.0/37230.0 days/days; walltime: 24.8
36700.0/37230.0 days/days; walltime: 87.1
36701.0/37230.0 days/days; walltime: 107.3
36702.0/37230.0 days/days; walltime: 72.7
36703.0/37230.0 days/days; walltime: 58.9
36704.0/37230.0 days/days; walltime: 173.0
36705.0/37230.0 days/days; walltime: 246.4
36706.0/37230.0 days/days; walltime: 204.8
36707.0/37230.0 days/days; walltime: 201.6
36708.0/37230.0 days/days; walltime: 123.2
36709.0/37230.0 days/days; walltime: 22.4
36710.0/37230.0 days/days; walltime: 55.2
36711.0/37230.0 days/days; walltime: 153.1
36712.0/37230.0 days/days; walltime: 90.1
36713.0/37230.0 days/days; walltime: 192.8
36714.0/37230.0 days/days; walltime: 23.4
36715.0/37230.0 days/days; walltime: 19.9
36716.0/37230.0 days/days; walltime: 18.5
36717.0/37230.0 days/days; walltime: 13.6
36718.0/37230.0 days/days; walltime: 17.3
36719.0/37230.0 days/days; walltime: 13.1
36720.0/37230.0 days/days; walltime: 64.1
36721.0/37230.0 days/days; walltime: 138.5
36722.0/37230.0 days/days; walltime: 147.7
36723.0/37230.0 days/days; walltime: 246.7
36724.0/37230.0 days/days; walltime: 295.4
36725.0/37230.0 days/days; walltime: 255.6
36726.0/37230.0 days/days; walltime: 308.1
36727.0/37230.0 days/days; walltime: 103.6
36728.0/37230.0 days/days; walltime: 446.3
36729.0/37230.0 days/days; walltime: 872.0
36730.0/37230.0 days/days; walltime: 569.9
36731.0/37230.0 days/days; walltime: 219.5
36732.0/37230.0 days/days; walltime: 165.5
36733.0/37230.0 days/days; walltime: 406.6
36734.0/37230.0 days/days; walltime: 242.5
36735.0/37230.0 days/days; walltime: 74.8
36736.0/37230.0 days/days; walltime: 78.6
36737.0/37230.0 days/days; walltime: 12.2
36738.0/37230.0 days/days; walltime: 9.1
36739.0/37230.0 days/days; walltime: 37.7
36740.0/37230.0 days/days; walltime: 35.0
36741.0/37230.0 days/days; walltime: 86.1
36742.0/37230.0 days/days; walltime: 247.1
36743.0/37230.0 days/days; walltime: 266.4
36744.0/37230.0 days/days; walltime: 32.9
36745.0/37230.0 days/days; walltime: 12.2
36746.0/37230.0 days/days; walltime: 19.7
36747.0/37230.0 days/days; walltime: 31.2
36748.0/37230.0 days/days; walltime: 95.8
36749.0/37230.0 days/days; walltime: 89.8
36750.0/37230.0 days/days; walltime: 12.7
36751.0/37230.0 days/days; walltime: 12.0
36752.0/37230.0 days/days; walltime: 34.9
36753.0/37230.0 days/days; walltime: 14.4
36754.0/37230.0 days/days; walltime: 16.3
36755.0/37230.0 days/days; walltime: 6.7
36756.0/37230.0 days/days; walltime: 9.5
36757.0/37230.0 days/days; walltime: 6.9
36758.0/37230.0 days/days; walltime: 23.0
36759.0/37230.0 days/days; walltime: 10.4
36760.0/37230.0 days/days; walltime: 11.7
36761.0/37230.0 days/days; walltime: 108.3
36762.0/37230.0 days/days; walltime: 119.2
36763.0/37230.0 days/days; walltime: 6.9
36764.0/37230.0 days/days; walltime: 87.2
36765.0/37230.0 days/days; walltime: 96.8
36766.0/37230.0 days/days; walltime: 2.5
36767.0/37230.0 days/days; walltime: 1.1
36768.0/37230.0 days/days; walltime: 0.6
36769.0/37230.0 days/days; walltime: 1.1
36770.0/37230.0 days/days; walltime: 0.7
36771.0/37230.0 days/days; walltime: 0.4
36772.0/37230.0 days/days; walltime: 0.8
36773.0/37230.0 days/days; walltime: 0.6
36774.0/37230.0 days/days; walltime: 0.6
---------------------------------------36775.0/37230.0 days/days; walltime: 3.2
---36776.0/37230.0 days/days; walltime: 0.2
---36777.0/37230.0 days/days; walltime: 0.5
------36778.0/37230.0 days/days; walltime: 0.6
-36779.0/37230.0 days/days; walltime: 0.2
--36780.0/37230.0 days/days; walltime: 0.4
-36781.0/37230.0 days/days; walltime: 0.3
-----36782.0/37230.0 days/days; walltime: 66.4
36783.0/37230.0 days/days; walltime: 131.8
36784.0/37230.0 days/days; walltime: 110.2
36785.0/37230.0 days/days; walltime: 247.6
36786.0/37230.0 days/days; walltime: 10.0
36787.0/37230.0 days/days; walltime: 3.7
36788.0/37230.0 days/days; walltime: 4.2
36789.0/37230.0 days/days; walltime: 1.3
36790.0/37230.0 days/days; walltime: 1.0
36791.0/37230.0 days/days; walltime: 0.9
36792.0/37230.0 days/days; walltime: 0.7
36793.0/37230.0 days/days; walltime: 0.7
36794.0/37230.0 days/days; walltime: 2.9
36795.0/37230.0 days/days; walltime: 0.4
36796.0/37230.0 days/days; walltime: 0.6
36797.0/37230.0 days/days; walltime: 0.6
36798.0/37230.0 days/days; walltime: 0.6
36799.0/37230.0 days/days; walltime: 0.4
36800.0/37230.0 days/days; walltime: 0.6
-36801.0/37230.0 days/days; walltime: 0.5
36802.0/37230.0 days/days; walltime: 0.5
-36803.0/37230.0 days/days; walltime: 0.5
36804.0/37230.0 days/days; walltime: 0.2
36805.0/37230.0 days/days; walltime: 0.4
36806.0/37230.0 days/days; walltime: 2.5
36807.0/37230.0 days/days; walltime: 0.4
36808.0/37230.0 days/days; walltime: 0.2
36809.0/37230.0 days/days; walltime: 0.4
36810.0/37230.0 days/days; walltime: 0.1
36811.0/37230.0 days/days; walltime: 0.4
36812.0/37230.0 days/days; walltime: 0.2
36813.0/37230.0 days/days; walltime: 0.1
-36814.0/37230.0 days/days; walltime: 0.3
36815.0/37230.0 days/days; walltime: 0.2
36816.0/37230.0 days/days; walltime: 0.1
36817.0/37230.0 days/days; walltime: 0.3
36818.0/37230.0 days/days; walltime: 0.1
36819.0/37230.0 days/days; walltime: 0.2
36820.0/37230.0 days/days; walltime: 0.7
36821.0/37230.0 days/days; walltime: 0.1
36822.0/37230.0 days/days; walltime: 0.1
36823.0/37230.0 days/days; walltime: 0.1
36824.0/37230.0 days/days; walltime: 0.3
36825.0/37230.0 days/days; walltime: 0.1
36826.0/37230.0 days/days; walltime: 0.1
36827.0/37230.0 days/days; walltime: 0.1
36828.0/37230.0 days/days; walltime: 0.3
36829.0/37230.0 days/days; walltime: 0.1
36830.0/37230.0 days/days; walltime: 0.1
36831.0/37230.0 days/days; walltime: 0.1
36832.0/37230.0 days/days; walltime: 0.3
36833.0/37230.0 days/days; walltime: 0.1
36834.0/37230.0 days/days; walltime: 0.1
36835.0/37230.0 days/days; walltime: 0.1
36837.0/37230.0 days/days; walltime: 0.3
36838.0/37230.0 days/days; walltime: 0.1
36839.0/37230.0 days/days; walltime: 0.1
36840.0/37230.0 days/days; walltime: 0.1
36841.0/37230.0 days/days; walltime: 0.3
36843.0/37230.0 days/days; walltime: 0.1
36844.0/37230.0 days/days; walltime: 0.1
36845.0/37230.0 days/days; walltime: 0.1
36846.0/37230.0 days/days; walltime: 0.3
36848.0/37230.0 days/days; walltime: 0.1
36849.0/37230.0 days/days; walltime: 0.1
36850.0/37230.0 days/days; walltime: 0.1
36852.0/37230.0 days/days; walltime: 0.3
36853.0/37230.0 days/days; walltime: 0.1
36854.0/37230.0 days/days; walltime: 0.1
36856.0/37230.0 days/days; walltime: 2.2
36857.0/37230.0 days/days; walltime: 0.3
36858.0/37230.0 days/days; walltime: 0.1
36860.0/37230.0 days/days; walltime: 0.1
36861.0/37230.0 days/days; walltime: 0.1
36863.0/37230.0 days/days; walltime: 0.3
36864.0/37230.0 days/days; walltime: 0.1
36866.0/37230.0 days/days; walltime: 0.1
36867.0/37230.0 days/days; walltime: 0.1
36868.0/37230.0 days/days; walltime: 0.3
36870.0/37230.0 days/days; walltime: 0.1
36871.0/37230.0 days/days; walltime: 0.1
36873.0/37230.0 days/days; walltime: 0.1
36875.0/37230.0 days/days; walltime: 2.4
36876.0/37230.0 days/days; walltime: 0.1
36878.0/37230.0 days/days; walltime: 0.1
36879.0/37230.0 days/days; walltime: 0.1
36881.0/37230.0 days/days; walltime: 0.3
36883.0/37230.0 days/days; walltime: 0.1
36884.0/37230.0 days/days; walltime: 0.1
36886.0/37230.0 days/days; walltime: 0.1
36888.0/37230.0 days/days; walltime: 0.3
36889.0/37230.0 days/days; walltime: 0.1
36891.0/37230.0 days/days; walltime: 0.1
36893.0/37230.0 days/days; walltime: 0.1
36895.0/37230.0 days/days; walltime: 0.3
36896.0/37230.0 days/days; walltime: 0.1
36898.0/37230.0 days/days; walltime: 0.1
36900.0/37230.0 days/days; walltime: 0.1
36902.0/37230.0 days/days; walltime: 0.3
36904.0/37230.0 days/days; walltime: 0.1
36906.0/37230.0 days/days; walltime: 0.1
36908.0/37230.0 days/days; walltime: 0.1
36910.0/37230.0 days/days; walltime: 0.3
36912.0/37230.0 days/days; walltime: 0.1
36914.0/37230.0 days/days; walltime: 0.1
36916.0/37230.0 days/days; walltime: 0.1
36918.0/37230.0 days/days; walltime: 0.3
36920.0/37230.0 days/days; walltime: 0.1
36922.0/37230.0 days/days; walltime: 0.1
36925.0/37230.0 days/days; walltime: 0.1
36927.0/37230.0 days/days; walltime: 0.3
36929.0/37230.0 days/days; walltime: 0.1
36932.0/37230.0 days/days; walltime: 0.1
36934.0/37230.0 days/days; walltime: 0.1
36936.0/37230.0 days/days; walltime: 0.3
36939.0/37230.0 days/days; walltime: 0.1
36941.0/37230.0 days/days; walltime: 0.1
-36944.0/37230.0 days/days; walltime: 0.1
36946.0/37230.0 days/days; walltime: 0.3
36949.0/37230.0 days/days; walltime: 0.1
36952.0/37230.0 days/days; walltime: 0.1
36954.0/37230.0 days/days; walltime: 0.1
36957.0/37230.0 days/days; walltime: 0.3
36960.0/37230.0 days/days; walltime: 0.1
-36963.0/37230.0 days/days; walltime: 0.1
-36966.0/37230.0 days/days; walltime: 0.1
36969.0/37230.0 days/days; walltime: 0.3
36972.0/37230.0 days/days; walltime: 0.1
36975.0/37230.0 days/days; walltime: 0.1
36978.0/37230.0 days/days; walltime: 0.1
36982.0/37230.0 days/days; walltime: 0.3
--36985.0/37230.0 days/days; walltime: 2.4
36986.0/37230.0 days/days; walltime: 0.1
--36987.0/37230.0 days/days; walltime: 2.5
--36988.0/37230.0 days/days; walltime: 59.4
36989.0/37230.0 days/days; walltime: 63.7
36990.0/37230.0 days/days; walltime: 1.9
36991.0/37230.0 days/days; walltime: 1.0
36992.0/37230.0 days/days; walltime: 0.4
36993.0/37230.0 days/days; walltime: 0.5
36994.0/37230.0 days/days; walltime: 0.4
36995.0/37230.0 days/days; walltime: 0.1
36996.0/37230.0 days/days; walltime: 0.2
36997.0/37230.0 days/days; walltime: 0.3
36998.0/37230.0 days/days; walltime: 0.1
36999.0/37230.0 days/days; walltime: 0.1
37000.0/37230.0 days/days; walltime: 0.1
37001.0/37230.0 days/days; walltime: 0.3
--37002.0/37230.0 days/days; walltime: 2.4
37003.0/37230.0 days/days; walltime: 13.8
37004.0/37230.0 days/days; walltime: 73.1
37005.0/37230.0 days/days; walltime: 80.9
37006.0/37230.0 days/days; walltime: 29.3
37007.0/37230.0 days/days; walltime: 1.9
37008.0/37230.0 days/days; walltime: 1.2
37009.0/37230.0 days/days; walltime: 2.6
37010.0/37230.0 days/days; walltime: 0.4
37011.0/37230.0 days/days; walltime: 0.4
37012.0/37230.0 days/days; walltime: 0.2
37013.0/37230.0 days/days; walltime: 0.3
37014.0/37230.0 days/days; walltime: 0.1
37015.0/37230.0 days/days; walltime: 0.3
37016.0/37230.0 days/days; walltime: 0.1
37017.0/37230.0 days/days; walltime: 2.7
37018.0/37230.0 days/days; walltime: 69.3
37019.0/37230.0 days/days; walltime: 95.4
37020.0/37230.0 days/days; walltime: 231.8
37021.0/37230.0 days/days; walltime: 127.3
37022.0/37230.0 days/days; walltime: 147.7
37023.0/37230.0 days/days; walltime: 548.4
37024.0/37230.0 days/days; walltime: 246.0
37025.0/37230.0 days/days; walltime: 394.4
37026.0/37230.0 days/days; walltime: 100.0
37027.0/37230.0 days/days; walltime: 181.7
37028.0/37230.0 days/days; walltime: 110.5
37029.0/37230.0 days/days; walltime: 42.7
37030.0/37230.0 days/days; walltime: 51.7
37031.0/37230.0 days/days; walltime: 186.3
37032.0/37230.0 days/days; walltime: 205.8
37033.0/37230.0 days/days; walltime: 619.0
37034.0/37230.0 days/days; walltime: 253.2
37035.0/37230.0 days/days; walltime: 233.2
37036.0/37230.0 days/days; walltime: 117.4
37037.0/37230.0 days/days; walltime: 116.2
37038.0/37230.0 days/days; walltime: 142.2
37039.0/37230.0 days/days; walltime: 67.3
37040.0/37230.0 days/days; walltime: 122.7
37041.0/37230.0 days/days; walltime: 211.4
37042.0/37230.0 days/days; walltime: 375.1
37043.0/37230.0 days/days; walltime: 142.7
37044.0/37230.0 days/days; walltime: 70.7
37045.0/37230.0 days/days; walltime: 46.7
37046.0/37230.0 days/days; walltime: 35.2
37047.0/37230.0 days/days; walltime: 22.5
37048.0/37230.0 days/days; walltime: 82.9
37049.0/37230.0 days/days; walltime: 55.4
37050.0/37230.0 days/days; walltime: 228.4
37051.0/37230.0 days/days; walltime: 104.7
37052.0/37230.0 days/days; walltime: 180.2
37053.0/37230.0 days/days; walltime: 67.8
37054.0/37230.0 days/days; walltime: 238.3
37055.0/37230.0 days/days; walltime: 380.9
37056.0/37230.0 days/days; walltime: 227.5
37057.0/37230.0 days/days; walltime: 110.0
37058.0/37230.0 days/days; walltime: 50.8
37059.0/37230.0 days/days; walltime: 41.9
37060.0/37230.0 days/days; walltime: 23.8
37061.0/37230.0 days/days; walltime: 24.8
37062.0/37230.0 days/days; walltime: 34.8
37063.0/37230.0 days/days; walltime: 52.0
37064.0/37230.0 days/days; walltime: 22.3
37065.0/37230.0 days/days; walltime: 97.4
37066.0/37230.0 days/days; walltime: 82.6
37067.0/37230.0 days/days; walltime: 81.9
37068.0/37230.0 days/days; walltime: 27.3
37069.0/37230.0 days/days; walltime: 171.2
37070.0/37230.0 days/days; walltime: 255.3
37071.0/37230.0 days/days; walltime: 164.6
37072.0/37230.0 days/days; walltime: 195.8
37073.0/37230.0 days/days; walltime: 119.9
37074.0/37230.0 days/days; walltime: 25.7
37075.0/37230.0 days/days; walltime: 56.1
37076.0/37230.0 days/days; walltime: 148.1
37077.0/37230.0 days/days; walltime: 94.4
37078.0/37230.0 days/days; walltime: 196.5
37079.0/37230.0 days/days; walltime: 23.9
37080.0/37230.0 days/days; walltime: 16.1
37081.0/37230.0 days/days; walltime: 13.5
37082.0/37230.0 days/days; walltime: 12.8
37083.0/37230.0 days/days; walltime: 16.7
37084.0/37230.0 days/days; walltime: 12.8
37085.0/37230.0 days/days; walltime: 56.5
37086.0/37230.0 days/days; walltime: 135.9
37087.0/37230.0 days/days; walltime: 136.0
37088.0/37230.0 days/days; walltime: 254.0
37089.0/37230.0 days/days; walltime: 229.5
37090.0/37230.0 days/days; walltime: 248.9
37091.0/37230.0 days/days; walltime: 258.0
37092.0/37230.0 days/days; walltime: 104.0
37093.0/37230.0 days/days; walltime: 362.6
37094.0/37230.0 days/days; walltime: 822.6
37095.0/37230.0 days/days; walltime: 506.3
37096.0/37230.0 days/days; walltime: 220.1
37097.0/37230.0 days/days; walltime: 123.8
37098.0/37230.0 days/days; walltime: 367.7
37099.0/37230.0 days/days; walltime: 176.1
37100.0/37230.0 days/days; walltime: 63.6
37101.0/37230.0 days/days; walltime: 40.9
37102.0/37230.0 days/days; walltime: 10.8
37103.0/37230.0 days/days; walltime: 10.5
37104.0/37230.0 days/days; walltime: 19.4
37105.0/37230.0 days/days; walltime: 22.8
37106.0/37230.0 days/days; walltime: 66.7
37107.0/37230.0 days/days; walltime: 201.7
37108.0/37230.0 days/days; walltime: 232.0
37109.0/37230.0 days/days; walltime: 23.1
37110.0/37230.0 days/days; walltime: 12.7
37111.0/37230.0 days/days; walltime: 13.9
37112.0/37230.0 days/days; walltime: 28.4
37113.0/37230.0 days/days; walltime: 72.7
37114.0/37230.0 days/days; walltime: 72.5
37115.0/37230.0 days/days; walltime: 8.0
37116.0/37230.0 days/days; walltime: 10.1
37117.0/37230.0 days/days; walltime: 27.2
37118.0/37230.0 days/days; walltime: 9.1
37119.0/37230.0 days/days; walltime: 5.3
37120.0/37230.0 days/days; walltime: 3.3
37121.0/37230.0 days/days; walltime: 3.4
37122.0/37230.0 days/days; walltime: 1.2
37123.0/37230.0 days/days; walltime: 5.6
37124.0/37230.0 days/days; walltime: 5.3
37125.0/37230.0 days/days; walltime: 10.0
37126.0/37230.0 days/days; walltime: 89.7
37127.0/37230.0 days/days; walltime: 89.7
37128.0/37230.0 days/days; walltime: 7.7
37129.0/37230.0 days/days; walltime: 73.9
37130.0/37230.0 days/days; walltime: 78.8
37131.0/37230.0 days/days; walltime: 6.3
37132.0/37230.0 days/days; walltime: 9.6
37133.0/37230.0 days/days; walltime: 18.9
37134.0/37230.0 days/days; walltime: 1.1
37135.0/37230.0 days/days; walltime: 0.6
-37136.0/37230.0 days/days; walltime: 0.6
-37137.0/37230.0 days/days; walltime: 0.5
37138.0/37230.0 days/days; walltime: 0.6
37139.0/37230.0 days/days; walltime: 4.0
37140.0/37230.0 days/days; walltime: 0.2
-37141.0/37230.0 days/days; walltime: 0.3
---37142.0/37230.0 days/days; walltime: 0.4
--37143.0/37230.0 days/days; walltime: 0.1
---37144.0/37230.0 days/days; walltime: 0.4
-37145.0/37230.0 days/days; walltime: 0.1
--37146.0/37230.0 days/days; walltime: 0.3
---37147.0/37230.0 days/days; walltime: 49.4
37148.0/37230.0 days/days; walltime: 116.2
37149.0/37230.0 days/days; walltime: 107.3
37150.0/37230.0 days/days; walltime: 272.3
37151.0/37230.0 days/days; walltime: 10.1
37152.0/37230.0 days/days; walltime: 3.7
37153.0/37230.0 days/days; walltime: 4.1
37154.0/37230.0 days/days; walltime: 1.2
37155.0/37230.0 days/days; walltime: 1.1
37156.0/37230.0 days/days; walltime: 0.7
37157.0/37230.0 days/days; walltime: 0.9
37158.0/37230.0 days/days; walltime: 0.9
37159.0/37230.0 days/days; walltime: 2.7
37160.0/37230.0 days/days; walltime: 0.6
37161.0/37230.0 days/days; walltime: 0.6
37162.0/37230.0 days/days; walltime: 0.6
37163.0/37230.0 days/days; walltime: 0.5
37164.0/37230.0 days/days; walltime: 0.6
37165.0/37230.0 days/days; walltime: 0.4
37166.0/37230.0 days/days; walltime: 0.5
37167.0/37230.0 days/days; walltime: 0.5
-37168.0/37230.0 days/days; walltime: 0.5
-37169.0/37230.0 days/days; walltime: 0.4
--37170.0/37230.0 days/days; walltime: 2.4
37171.0/37230.0 days/days; walltime: 0.1
37172.0/37230.0 days/days; walltime: 0.3
-37173.0/37230.0 days/days; walltime: 0.1
-37174.0/37230.0 days/days; walltime: 0.4
37175.0/37230.0 days/days; walltime: 0.2
-37176.0/37230.0 days/days; walltime: 0.3
37177.0/37230.0 days/days; walltime: 0.1
37178.0/37230.0 days/days; walltime: 0.3
-37179.0/37230.0 days/days; walltime: 0.1
37180.0/37230.0 days/days; walltime: 0.1
-37181.0/37230.0 days/days; walltime: 0.4
37182.0/37230.0 days/days; walltime: 0.1
37183.0/37230.0 days/days; walltime: 0.1
37184.0/37230.0 days/days; walltime: 0.1
37185.0/37230.0 days/days; walltime: 0.3
37186.0/37230.0 days/days; walltime: 0.1
37187.0/37230.0 days/days; walltime: 0.1
37188.0/37230.0 days/days; walltime: 0.1
37189.0/37230.0 days/days; walltime: 0.3
37190.0/37230.0 days/days; walltime: 0.1
37191.0/37230.0 days/days; walltime: 0.1
37192.0/37230.0 days/days; walltime: 0.1
-37193.0/37230.0 days/days; walltime: 0.3
-37195.0/37230.0 days/days; walltime: 0.1
37196.0/37230.0 days/days; walltime: 0.1
37197.0/37230.0 days/days; walltime: 0.1
37198.0/37230.0 days/days; walltime: 0.3
37200.0/37230.0 days/days; walltime: 0.1
37201.0/37230.0 days/days; walltime: 0.1
37202.0/37230.0 days/days; walltime: 0.1
37204.0/37230.0 days/days; walltime: 0.3
37205.0/37230.0 days/days; walltime: 0.1
37207.0/37230.0 days/days; walltime: 0.1
37208.0/37230.0 days/days; walltime: 0.1
37209.0/37230.0 days/days; walltime: 0.3
37211.0/37230.0 days/days; walltime: 0.1
37213.0/37230.0 days/days; walltime: 0.1
37214.0/37230.0 days/days; walltime: 0.1
37216.0/37230.0 days/days; walltime: 0.3
37217.0/37230.0 days/days; walltime: 2.2
37219.0/37230.0 days/days; walltime: 0.1
37221.0/37230.0 days/days; walltime: 0.1
37222.0/37230.0 days/days; walltime: 0.3
37224.0/37230.0 days/days; walltime: 0.1
37226.0/37230.0 days/days; walltime: 0.1
37228.0/37230.0 days/days; walltime: 0.1
37230.0/37230.0 days/days; walltime: 0.3
Wallclock for model run: 31559.0s
 

fields = 

  struct with fields:

    nodes: [1x1 struct]
    edges: [1x1 struct]
       BC: [1x1 struct]

No cases left; exiting.
