Case 3:
Picked up JAVA_TOOL_OPTIONS: -Xmx2g
Opening log file:  /tmp/java.log.4653

                            < M A T L A B (R) >
                  Copyright 1984-2022 The MathWorks, Inc.
                  R2022a (9.12.0.1884302) 64-bit (glnxa64)
                             February 16, 2022

 
To get started, type doc.
For product information, visit www.mathworks.com.
 

config = 

  struct with fields:

                 k_s: 0.1000
                 l_c: 10
            n_moulin: 68
    creep_const_soft: 0
             mesh_nr: 4
                 k_c: 0.2000
               h_bed: 0.5000
               l_bed: 10
               alpha: 3
                beta: 2
               omega: 0
                 e_v: 1.0000e-04

Running model run (ode15s):
Run to steady
Saving model run to
./RUN/output_103_steady.nc
Fields, IC & BC initialised
Initial phi calculated in 5.5s
0.0/36500.0 days/days; walltime: 21.6
-------------------------------------------------1825.0/36500.0 days/days; walltime: 214.1
3650.0/36500.0 days/days; walltime: 3.4
5475.0/36500.0 days/days; walltime: 1.9
7300.0/36500.0 days/days; walltime: 1.5
----9125.0/36500.0 days/days; walltime: 5.6
10950.0/36500.0 days/days; walltime: 691.3
12775.0/36500.0 days/days; walltime: 430.0
14600.0/36500.0 days/days; walltime: 301.6
-----16425.0/36500.0 days/days; walltime: 273.0
18250.0/36500.0 days/days; walltime: 257.0
20075.0/36500.0 days/days; walltime: 57.8
21900.0/36500.0 days/days; walltime: 11.3
23725.0/36500.0 days/days; walltime: 5.2
25550.0/36500.0 days/days; walltime: 2.8
27375.0/36500.0 days/days; walltime: 2.9
29200.0/36500.0 days/days; walltime: 2.6
31025.0/36500.0 days/days; walltime: 1.8
32850.0/36500.0 days/days; walltime: 2.0
34675.0/36500.0 days/days; walltime: 1.1
36500.0/36500.0 days/days; walltime: 2.4
Wallclock for model run: 2293.1s
 

fields = 

  struct with fields:

    nodes: [1x1 struct]
    edges: [1x1 struct]
       BC: [1x1 struct]

Running model run (ode15s):
Run seasonal
Saving model run to
./RUN/output_103_seasonal.nc
IC initialised from struct
IC initialised from file/given & rest from parameters and given functions
36500.0/37230.0 days/days; walltime: 18.9
36501.0/37230.0 days/days; walltime: 62.6
36502.0/37230.0 days/days; walltime: 8.8
36503.0/37230.0 days/days; walltime: 8.7
36504.0/37230.0 days/days; walltime: 16.7
36505.0/37230.0 days/days; walltime: 16.7
36506.0/37230.0 days/days; walltime: 5.8
36507.0/37230.0 days/days; walltime: 3.4
36508.0/37230.0 days/days; walltime: 5.6
36509.0/37230.0 days/days; walltime: 7.7
36510.0/37230.0 days/days; walltime: 7.6
36511.0/37230.0 days/days; walltime: 2.1
36512.0/37230.0 days/days; walltime: 4.4
36513.0/37230.0 days/days; walltime: 2.4
36514.0/37230.0 days/days; walltime: 4.1
36515.0/37230.0 days/days; walltime: 1.6
36516.0/37230.0 days/days; walltime: 1.8
36517.0/37230.0 days/days; walltime: 1.8
36518.0/37230.0 days/days; walltime: 1.6
36519.0/37230.0 days/days; walltime: 1.7
36520.0/37230.0 days/days; walltime: 1.6
36521.0/37230.0 days/days; walltime: 1.2
36522.0/37230.0 days/days; walltime: 1.5
36523.0/37230.0 days/days; walltime: 6.4
36524.0/37230.0 days/days; walltime: 1.4
36525.0/37230.0 days/days; walltime: 1.3
36526.0/37230.0 days/days; walltime: 1.3
36527.0/37230.0 days/days; walltime: 1.1
36528.0/37230.0 days/days; walltime: 1.1
36529.0/37230.0 days/days; walltime: 0.9
36530.0/37230.0 days/days; walltime: 0.8
36531.0/37230.0 days/days; walltime: 0.9
36532.0/37230.0 days/days; walltime: 1.0
36533.0/37230.0 days/days; walltime: 0.9
36534.0/37230.0 days/days; walltime: 0.7
36535.0/37230.0 days/days; walltime: 1.0
36536.0/37230.0 days/days; walltime: 2.9
36537.0/37230.0 days/days; walltime: 0.8
36538.0/37230.0 days/days; walltime: 0.5
36539.0/37230.0 days/days; walltime: 0.7
36540.0/37230.0 days/days; walltime: 0.5
36541.0/37230.0 days/days; walltime: 0.5
36542.0/37230.0 days/days; walltime: 0.5
36543.0/37230.0 days/days; walltime: 0.4
36544.0/37230.0 days/days; walltime: 0.5
36545.0/37230.0 days/days; walltime: 0.6
36546.0/37230.0 days/days; walltime: 2.3
36547.0/37230.0 days/days; walltime: 0.5
36548.0/37230.0 days/days; walltime: 0.5
36549.0/37230.0 days/days; walltime: 0.4
36550.0/37230.0 days/days; walltime: 0.5
36551.0/37230.0 days/days; walltime: 0.4
36552.0/37230.0 days/days; walltime: 0.7
36553.0/37230.0 days/days; walltime: 0.4
36554.0/37230.0 days/days; walltime: 0.5
36555.0/37230.0 days/days; walltime: 2.3
36556.0/37230.0 days/days; walltime: 0.4
36557.0/37230.0 days/days; walltime: 0.4
36558.0/37230.0 days/days; walltime: 0.4
36559.0/37230.0 days/days; walltime: 0.4
36560.0/37230.0 days/days; walltime: 0.4
36561.0/37230.0 days/days; walltime: 0.4
36562.0/37230.0 days/days; walltime: 0.6
36563.0/37230.0 days/days; walltime: 0.3
36564.0/37230.0 days/days; walltime: 0.6
36565.0/37230.0 days/days; walltime: 0.5
36566.0/37230.0 days/days; walltime: 2.3
36567.0/37230.0 days/days; walltime: 0.4
36568.0/37230.0 days/days; walltime: 0.4
36569.0/37230.0 days/days; walltime: 0.3
36570.0/37230.0 days/days; walltime: 0.5
36571.0/37230.0 days/days; walltime: 0.3
36572.0/37230.0 days/days; walltime: 0.5
36573.0/37230.0 days/days; walltime: 0.5
36574.0/37230.0 days/days; walltime: 0.5
36575.0/37230.0 days/days; walltime: 0.2
36576.0/37230.0 days/days; walltime: 2.2
36577.0/37230.0 days/days; walltime: 0.4
36578.0/37230.0 days/days; walltime: 0.2
36579.0/37230.0 days/days; walltime: 0.5
36580.0/37230.0 days/days; walltime: 0.2
36581.0/37230.0 days/days; walltime: 0.3
36582.0/37230.0 days/days; walltime: 0.2
36583.0/37230.0 days/days; walltime: 0.3
36584.0/37230.0 days/days; walltime: 0.2
36585.0/37230.0 days/days; walltime: 0.2
36586.0/37230.0 days/days; walltime: 0.3
36587.0/37230.0 days/days; walltime: 0.2
36588.0/37230.0 days/days; walltime: 0.3
36589.0/37230.0 days/days; walltime: 0.2
36590.0/37230.0 days/days; walltime: 0.5
36591.0/37230.0 days/days; walltime: 0.4
36592.0/37230.0 days/days; walltime: 0.3
36593.0/37230.0 days/days; walltime: 0.4
36594.0/37230.0 days/days; walltime: 0.2
36595.0/37230.0 days/days; walltime: 0.5
36596.0/37230.0 days/days; walltime: 0.3
36597.0/37230.0 days/days; walltime: 0.2
36598.0/37230.0 days/days; walltime: 0.3
36599.0/37230.0 days/days; walltime: 0.4
36600.0/37230.0 days/days; walltime: 0.1
36601.0/37230.0 days/days; walltime: 0.3
36602.0/37230.0 days/days; walltime: 0.2
36603.0/37230.0 days/days; walltime: 0.3
36604.0/37230.0 days/days; walltime: 0.1
36605.0/37230.0 days/days; walltime: 0.3
36606.0/37230.0 days/days; walltime: 0.4
36607.0/37230.0 days/days; walltime: 0.1
36608.0/37230.0 days/days; walltime: 0.3
36609.0/37230.0 days/days; walltime: 0.1
36610.0/37230.0 days/days; walltime: 0.3
36611.0/37230.0 days/days; walltime: 0.1
36612.0/37230.0 days/days; walltime: 0.3
36613.0/37230.0 days/days; walltime: 0.1
36614.0/37230.0 days/days; walltime: 0.3
36615.0/37230.0 days/days; walltime: 0.1
36616.0/37230.0 days/days; walltime: 0.3
36617.0/37230.0 days/days; walltime: 0.1
36618.0/37230.0 days/days; walltime: 0.3
36619.0/37230.0 days/days; walltime: 0.1
36620.0/37230.0 days/days; walltime: 0.3
36621.0/37230.0 days/days; walltime: 0.1
-36622.0/37230.0 days/days; walltime: 0.7
--36623.0/37230.0 days/days; walltime: 25.4
36624.0/37230.0 days/days; walltime: 23.2
36625.0/37230.0 days/days; walltime: 2.0
36626.0/37230.0 days/days; walltime: 0.9
36627.0/37230.0 days/days; walltime: 0.5
36628.0/37230.0 days/days; walltime: 0.4
36629.0/37230.0 days/days; walltime: 0.3
36630.0/37230.0 days/days; walltime: 0.3
36631.0/37230.0 days/days; walltime: 0.1
36632.0/37230.0 days/days; walltime: 0.2
36633.0/37230.0 days/days; walltime: 0.1
36634.0/37230.0 days/days; walltime: 0.1
36635.0/37230.0 days/days; walltime: 0.3
36636.0/37230.0 days/days; walltime: 0.1
36637.0/37230.0 days/days; walltime: 0.2
--36638.0/37230.0 days/days; walltime: 9.6
36639.0/37230.0 days/days; walltime: 25.2
36640.0/37230.0 days/days; walltime: 36.2
36641.0/37230.0 days/days; walltime: 25.0
36642.0/37230.0 days/days; walltime: 1.8
36643.0/37230.0 days/days; walltime: 1.3
36644.0/37230.0 days/days; walltime: 0.9
36645.0/37230.0 days/days; walltime: 0.9
36646.0/37230.0 days/days; walltime: 0.9
36647.0/37230.0 days/days; walltime: 1.0
36648.0/37230.0 days/days; walltime: 1.0
36649.0/37230.0 days/days; walltime: 3.0
36650.0/37230.0 days/days; walltime: 0.5
36651.0/37230.0 days/days; walltime: 0.7
36652.0/37230.0 days/days; walltime: 0.8
36653.0/37230.0 days/days; walltime: 30.9
36654.0/37230.0 days/days; walltime: 47.1
36655.0/37230.0 days/days; walltime: 116.4
36656.0/37230.0 days/days; walltime: 94.8
36657.0/37230.0 days/days; walltime: 164.9
36658.0/37230.0 days/days; walltime: 459.5
36659.0/37230.0 days/days; walltime: 147.9
36660.0/37230.0 days/days; walltime: 349.7
36661.0/37230.0 days/days; walltime: 87.8
36662.0/37230.0 days/days; walltime: 236.3
36663.0/37230.0 days/days; walltime: 52.2
36664.0/37230.0 days/days; walltime: 32.4
36665.0/37230.0 days/days; walltime: 33.1
36666.0/37230.0 days/days; walltime: 83.9
36667.0/37230.0 days/days; walltime: 106.2
36668.0/37230.0 days/days; walltime: 524.4
36669.0/37230.0 days/days; walltime: 289.0
36670.0/37230.0 days/days; walltime: 165.6
36671.0/37230.0 days/days; walltime: 97.6
36672.0/37230.0 days/days; walltime: 125.5
36673.0/37230.0 days/days; walltime: 276.2
36674.0/37230.0 days/days; walltime: 222.1
36675.0/37230.0 days/days; walltime: 60.8
36676.0/37230.0 days/days; walltime: 274.7
36677.0/37230.0 days/days; walltime: 444.0
36678.0/37230.0 days/days; walltime: 99.1
36679.0/37230.0 days/days; walltime: 108.5
36680.0/37230.0 days/days; walltime: 79.2
36681.0/37230.0 days/days; walltime: 46.0
36682.0/37230.0 days/days; walltime: 54.2
36683.0/37230.0 days/days; walltime: 159.4
36684.0/37230.0 days/days; walltime: 181.2
36685.0/37230.0 days/days; walltime: 486.2
36686.0/37230.0 days/days; walltime: 442.4
36687.0/37230.0 days/days; walltime: 337.4
36688.0/37230.0 days/days; walltime: 104.9
36689.0/37230.0 days/days; walltime: 306.9
36690.0/37230.0 days/days; walltime: 395.5
36691.0/37230.0 days/days; walltime: 176.5
36692.0/37230.0 days/days; walltime: 114.2
36693.0/37230.0 days/days; walltime: 43.1
36694.0/37230.0 days/days; walltime: 49.8
36695.0/37230.0 days/days; walltime: 61.8
36696.0/37230.0 days/days; walltime: 63.2
36697.0/37230.0 days/days; walltime: 114.1
36698.0/37230.0 days/days; walltime: 250.4
36699.0/37230.0 days/days; walltime: 206.6
36700.0/37230.0 days/days; walltime: 194.5
36701.0/37230.0 days/days; walltime: 121.5
36702.0/37230.0 days/days; walltime: 43.9
36703.0/37230.0 days/days; walltime: 70.4
36704.0/37230.0 days/days; walltime: 210.5
36705.0/37230.0 days/days; walltime: 409.3
36706.0/37230.0 days/days; walltime: 334.4
36707.0/37230.0 days/days; walltime: 166.8
36708.0/37230.0 days/days; walltime: 192.9
36709.0/37230.0 days/days; walltime: 126.7
36710.0/37230.0 days/days; walltime: 97.7
36711.0/37230.0 days/days; walltime: 258.4
36712.0/37230.0 days/days; walltime: 100.5
36713.0/37230.0 days/days; walltime: 333.7
36714.0/37230.0 days/days; walltime: 71.1
36715.0/37230.0 days/days; walltime: 87.7
36716.0/37230.0 days/days; walltime: 53.5
36717.0/37230.0 days/days; walltime: 31.7
36718.0/37230.0 days/days; walltime: 40.0
36719.0/37230.0 days/days; walltime: 31.8
36720.0/37230.0 days/days; walltime: 277.2
36721.0/37230.0 days/days; walltime: 270.7
36722.0/37230.0 days/days; walltime: 387.1
36723.0/37230.0 days/days; walltime: 318.6
36724.0/37230.0 days/days; walltime: 200.1
36725.0/37230.0 days/days; walltime: 302.8
36726.0/37230.0 days/days; walltime: 134.4
36727.0/37230.0 days/days; walltime: 45.8
36728.0/37230.0 days/days; walltime: 545.9
36729.0/37230.0 days/days; walltime: 322.1
36730.0/37230.0 days/days; walltime: 357.2
36731.0/37230.0 days/days; walltime: 181.6
36732.0/37230.0 days/days; walltime: 157.1
36733.0/37230.0 days/days; walltime: 305.8
36734.0/37230.0 days/days; walltime: 122.9
36735.0/37230.0 days/days; walltime: 88.5
36736.0/37230.0 days/days; walltime: 190.6
36737.0/37230.0 days/days; walltime: 58.1
36738.0/37230.0 days/days; walltime: 82.2
36739.0/37230.0 days/days; walltime: 115.5
36740.0/37230.0 days/days; walltime: 105.0
36741.0/37230.0 days/days; walltime: 437.4
36742.0/37230.0 days/days; walltime: 621.6
36743.0/37230.0 days/days; walltime: 963.4
36744.0/37230.0 days/days; walltime: 518.9
36745.0/37230.0 days/days; walltime: 305.2
36746.0/37230.0 days/days; walltime: 185.8
36747.0/37230.0 days/days; walltime: 469.2
36748.0/37230.0 days/days; walltime: 262.1
36749.0/37230.0 days/days; walltime: 621.2
36750.0/37230.0 days/days; walltime: 129.5
36751.0/37230.0 days/days; walltime: 69.1
36752.0/37230.0 days/days; walltime: 205.5
36753.0/37230.0 days/days; walltime: 65.1
36754.0/37230.0 days/days; walltime: 57.5
36755.0/37230.0 days/days; walltime: 38.5
36756.0/37230.0 days/days; walltime: 34.9
36757.0/37230.0 days/days; walltime: 13.1
36758.0/37230.0 days/days; walltime: 5.0
36759.0/37230.0 days/days; walltime: 3.1
36760.0/37230.0 days/days; walltime: 35.7
36761.0/37230.0 days/days; walltime: 151.3
36762.0/37230.0 days/days; walltime: 184.8
36763.0/37230.0 days/days; walltime: 20.9
36764.0/37230.0 days/days; walltime: 125.0
36765.0/37230.0 days/days; walltime: 112.6
36766.0/37230.0 days/days; walltime: 5.7
36767.0/37230.0 days/days; walltime: 2.1
36768.0/37230.0 days/days; walltime: 2.0
36769.0/37230.0 days/days; walltime: 1.9
36770.0/37230.0 days/days; walltime: 1.5
36771.0/37230.0 days/days; walltime: 1.7
36772.0/37230.0 days/days; walltime: 1.5
36773.0/37230.0 days/days; walltime: 1.5
36774.0/37230.0 days/days; walltime: 4.4
36775.0/37230.0 days/days; walltime: 0.9
36776.0/37230.0 days/days; walltime: 1.0
36777.0/37230.0 days/days; walltime: 1.1
36778.0/37230.0 days/days; walltime: 0.7
36779.0/37230.0 days/days; walltime: 0.8
36780.0/37230.0 days/days; walltime: 1.0
36781.0/37230.0 days/days; walltime: 0.9
36782.0/37230.0 days/days; walltime: 43.2
36783.0/37230.0 days/days; walltime: 97.8
36784.0/37230.0 days/days; walltime: 188.7
36785.0/37230.0 days/days; walltime: 578.3
36786.0/37230.0 days/days; walltime: 143.2
36787.0/37230.0 days/days; walltime: 22.6
36788.0/37230.0 days/days; walltime: 5.0
36789.0/37230.0 days/days; walltime: 5.6
36790.0/37230.0 days/days; walltime: 21.9
36791.0/37230.0 days/days; walltime: 18.2
36792.0/37230.0 days/days; walltime: 16.5
36793.0/37230.0 days/days; walltime: 29.1
36794.0/37230.0 days/days; walltime: 10.9
36795.0/37230.0 days/days; walltime: 13.3
36796.0/37230.0 days/days; walltime: 21.4
36797.0/37230.0 days/days; walltime: 12.5
36798.0/37230.0 days/days; walltime: 7.7
36799.0/37230.0 days/days; walltime: 1.0
36800.0/37230.0 days/days; walltime: 5.8
36801.0/37230.0 days/days; walltime: 3.9
36802.0/37230.0 days/days; walltime: 2.8
36803.0/37230.0 days/days; walltime: 1.3
36804.0/37230.0 days/days; walltime: 1.0
36805.0/37230.0 days/days; walltime: 0.8
36806.0/37230.0 days/days; walltime: 3.7
36807.0/37230.0 days/days; walltime: 0.7
36808.0/37230.0 days/days; walltime: 0.5
36809.0/37230.0 days/days; walltime: 0.5
36810.0/37230.0 days/days; walltime: 0.7
36811.0/37230.0 days/days; walltime: 0.5
36812.0/37230.0 days/days; walltime: 0.5
36813.0/37230.0 days/days; walltime: 0.8
36814.0/37230.0 days/days; walltime: 0.6
36815.0/37230.0 days/days; walltime: 0.5
36816.0/37230.0 days/days; walltime: 0.4
36817.0/37230.0 days/days; walltime: 0.4
36818.0/37230.0 days/days; walltime: 0.4
36819.0/37230.0 days/days; walltime: 0.4
36820.0/37230.0 days/days; walltime: 0.4
36821.0/37230.0 days/days; walltime: 0.4
36822.0/37230.0 days/days; walltime: 0.3
36823.0/37230.0 days/days; walltime: 0.4
36824.0/37230.0 days/days; walltime: 0.2
36825.0/37230.0 days/days; walltime: 0.4
36826.0/37230.0 days/days; walltime: 0.3
36827.0/37230.0 days/days; walltime: 0.3
36828.0/37230.0 days/days; walltime: 0.3
36829.0/37230.0 days/days; walltime: 0.2
36830.0/37230.0 days/days; walltime: 0.3
36831.0/37230.0 days/days; walltime: 0.3
36832.0/37230.0 days/days; walltime: 0.2
36833.0/37230.0 days/days; walltime: 0.3
36834.0/37230.0 days/days; walltime: 0.3
36835.0/37230.0 days/days; walltime: 0.1
36836.0/37230.0 days/days; walltime: 0.3
36837.0/37230.0 days/days; walltime: 0.1
36838.0/37230.0 days/days; walltime: 0.3
36839.0/37230.0 days/days; walltime: 0.3
36840.0/37230.0 days/days; walltime: 0.1
36841.0/37230.0 days/days; walltime: 0.3
36842.0/37230.0 days/days; walltime: 0.2
36843.0/37230.0 days/days; walltime: 0.3
36844.0/37230.0 days/days; walltime: 0.1
36845.0/37230.0 days/days; walltime: 0.3
36846.0/37230.0 days/days; walltime: 0.1
36847.0/37230.0 days/days; walltime: 0.3
36848.0/37230.0 days/days; walltime: 0.1
36849.0/37230.0 days/days; walltime: 0.4
36850.0/37230.0 days/days; walltime: 0.3
36851.0/37230.0 days/days; walltime: 0.1
36852.0/37230.0 days/days; walltime: 0.3
36853.0/37230.0 days/days; walltime: 0.1
36854.0/37230.0 days/days; walltime: 0.1
36855.0/37230.0 days/days; walltime: 0.3
36856.0/37230.0 days/days; walltime: 0.1
36857.0/37230.0 days/days; walltime: 0.3
36858.0/37230.0 days/days; walltime: 0.2
36859.0/37230.0 days/days; walltime: 0.3
36860.0/37230.0 days/days; walltime: 0.2
36861.0/37230.0 days/days; walltime: 0.2
36862.0/37230.0 days/days; walltime: 0.2
36863.0/37230.0 days/days; walltime: 0.3
36864.0/37230.0 days/days; walltime: 0.2
36865.0/37230.0 days/days; walltime: 0.1
36866.0/37230.0 days/days; walltime: 0.3
36867.0/37230.0 days/days; walltime: 0.2
36868.0/37230.0 days/days; walltime: 0.2
36869.0/37230.0 days/days; walltime: 0.2
36870.0/37230.0 days/days; walltime: 0.1
36871.0/37230.0 days/days; walltime: 0.3
-36872.0/37230.0 days/days; walltime: 0.2
-36873.0/37230.0 days/days; walltime: 0.2
--36874.0/37230.0 days/days; walltime: 0.2
--36875.0/37230.0 days/days; walltime: 0.1
----36876.0/37230.0 days/days; walltime: 0.3
--36877.0/37230.0 days/days; walltime: 0.1
----36878.0/37230.0 days/days; walltime: 0.2
--36879.0/37230.0 days/days; walltime: 0.1
--36880.0/37230.0 days/days; walltime: 0.2
----36881.0/37230.0 days/days; walltime: 0.2
--36882.0/37230.0 days/days; walltime: 0.1
----36883.0/37230.0 days/days; walltime: 0.3
--36884.0/37230.0 days/days; walltime: 0.1
--36885.0/37230.0 days/days; walltime: 0.1
---------------------------------------36886.0/37230.0 days/days; walltime: 2.5
---36887.0/37230.0 days/days; walltime: 0.3
---36888.0/37230.0 days/days; walltime: 0.2
--36889.0/37230.0 days/days; walltime: 0.2
-36890.0/37230.0 days/days; walltime: 0.1
--36891.0/37230.0 days/days; walltime: 0.1
--36892.0/37230.0 days/days; walltime: 0.2
-36893.0/37230.0 days/days; walltime: 0.1
-36894.0/37230.0 days/days; walltime: 0.1
---36895.0/37230.0 days/days; walltime: 0.3
-36896.0/37230.0 days/days; walltime: 0.1
-36897.0/37230.0 days/days; walltime: 0.1
-36898.0/37230.0 days/days; walltime: 0.1
---36899.0/37230.0 days/days; walltime: 0.3
-36900.0/37230.0 days/days; walltime: 0.1
-36901.0/37230.0 days/days; walltime: 0.1
--36902.0/37230.0 days/days; walltime: 0.2
--36903.0/37230.0 days/days; walltime: 0.1
-36904.0/37230.0 days/days; walltime: 0.1
--36905.0/37230.0 days/days; walltime: 0.2
-36906.0/37230.0 days/days; walltime: 0.1
-36907.0/37230.0 days/days; walltime: 0.1
---36908.0/37230.0 days/days; walltime: 0.3
-36909.0/37230.0 days/days; walltime: 0.1
-36910.0/37230.0 days/days; walltime: 0.1
-36911.0/37230.0 days/days; walltime: 0.1
--36912.0/37230.0 days/days; walltime: 0.2
-36913.0/37230.0 days/days; walltime: 0.1
-36914.0/37230.0 days/days; walltime: 0.1
-36915.0/37230.0 days/days; walltime: 0.1
---36916.0/37230.0 days/days; walltime: 0.3
-36917.0/37230.0 days/days; walltime: 0.1
-36918.0/37230.0 days/days; walltime: 0.1
--36919.0/37230.0 days/days; walltime: 0.2
-36920.0/37230.0 days/days; walltime: 0.1
-36921.0/37230.0 days/days; walltime: 0.1
-36922.0/37230.0 days/days; walltime: 0.1
--36923.0/37230.0 days/days; walltime: 0.2
-36924.0/37230.0 days/days; walltime: 0.1
-36925.0/37230.0 days/days; walltime: 0.1
-36926.0/37230.0 days/days; walltime: 0.1
--36927.0/37230.0 days/days; walltime: 0.2
-36928.0/37230.0 days/days; walltime: 0.1
-36929.0/37230.0 days/days; walltime: 0.1
---36930.0/37230.0 days/days; walltime: 0.3
-36931.0/37230.0 days/days; walltime: 0.1
-36932.0/37230.0 days/days; walltime: 0.1
-36933.0/37230.0 days/days; walltime: 0.1
--36934.0/37230.0 days/days; walltime: 0.2
-36935.0/37230.0 days/days; walltime: 0.1
-36937.0/37230.0 days/days; walltime: 0.1
-36938.0/37230.0 days/days; walltime: 0.1
--36939.0/37230.0 days/days; walltime: 0.2
-36940.0/37230.0 days/days; walltime: 0.1
-36941.0/37230.0 days/days; walltime: 0.1
-36942.0/37230.0 days/days; walltime: 0.1
--36943.0/37230.0 days/days; walltime: 0.2
-36944.0/37230.0 days/days; walltime: 0.1
-36945.0/37230.0 days/days; walltime: 0.1
-36946.0/37230.0 days/days; walltime: 0.1
--36947.0/37230.0 days/days; walltime: 0.2
-36948.0/37230.0 days/days; walltime: 0.1
-36949.0/37230.0 days/days; walltime: 0.1
-36950.0/37230.0 days/days; walltime: 0.1
--36951.0/37230.0 days/days; walltime: 0.2
-36953.0/37230.0 days/days; walltime: 0.1
-36954.0/37230.0 days/days; walltime: 0.1
-36955.0/37230.0 days/days; walltime: 0.1
--36956.0/37230.0 days/days; walltime: 0.2
-36957.0/37230.0 days/days; walltime: 0.1
-36958.0/37230.0 days/days; walltime: 0.1
-36959.0/37230.0 days/days; walltime: 0.1
--36961.0/37230.0 days/days; walltime: 0.2
-36962.0/37230.0 days/days; walltime: 0.1
-36963.0/37230.0 days/days; walltime: 0.1
-36964.0/37230.0 days/days; walltime: 0.1
--36965.0/37230.0 days/days; walltime: 0.2
-36967.0/37230.0 days/days; walltime: 0.1
-36968.0/37230.0 days/days; walltime: 0.1
-36969.0/37230.0 days/days; walltime: 0.1
--36970.0/37230.0 days/days; walltime: 0.2
-36972.0/37230.0 days/days; walltime: 0.1
-36973.0/37230.0 days/days; walltime: 0.1
-36974.0/37230.0 days/days; walltime: 0.1
--36975.0/37230.0 days/days; walltime: 0.2
-36977.0/37230.0 days/days; walltime: 0.1
-36978.0/37230.0 days/days; walltime: 0.1
-36979.0/37230.0 days/days; walltime: 0.1
--36981.0/37230.0 days/days; walltime: 0.2
-36982.0/37230.0 days/days; walltime: 0.1
-36983.0/37230.0 days/days; walltime: 0.1
-36985.0/37230.0 days/days; walltime: 0.1
--36986.0/37230.0 days/days; walltime: 0.2
-36988.0/37230.0 days/days; walltime: 0.1
-36989.0/37230.0 days/days; walltime: 0.1
-36990.0/37230.0 days/days; walltime: 0.1
--36992.0/37230.0 days/days; walltime: 0.2
-36993.0/37230.0 days/days; walltime: 0.1
-36995.0/37230.0 days/days; walltime: 0.1
-36996.0/37230.0 days/days; walltime: 0.1
--36998.0/37230.0 days/days; walltime: 0.2
----36999.0/37230.0 days/days; walltime: 0.3
--37000.0/37230.0 days/days; walltime: 0.1
---37001.0/37230.0 days/days; walltime: 0.3
--------------------------------------------------------------------------------------------------------------------37003.0/37230.0 days/days; walltime: 9.0
-------------------------------------------------------------------------------------------------------------------------------------------------------------------------------------------------------------------------------------37004.0/37230.0 days/days; walltime: 26.4
37005.0/37230.0 days/days; walltime: 35.9
37006.0/37230.0 days/days; walltime: 24.3
37007.0/37230.0 days/days; walltime: 2.5
37008.0/37230.0 days/days; walltime: 1.5
37009.0/37230.0 days/days; walltime: 1.0
37010.0/37230.0 days/days; walltime: 1.0
37011.0/37230.0 days/days; walltime: 1.1
37012.0/37230.0 days/days; walltime: 1.0
37013.0/37230.0 days/days; walltime: 1.1
37014.0/37230.0 days/days; walltime: 1.0
37015.0/37230.0 days/days; walltime: 0.8
37016.0/37230.0 days/days; walltime: 3.9
37017.0/37230.0 days/days; walltime: 1.2
37018.0/37230.0 days/days; walltime: 32.1
37019.0/37230.0 days/days; walltime: 48.2
37020.0/37230.0 days/days; walltime: 119.0
37021.0/37230.0 days/days; walltime: 108.4
37022.0/37230.0 days/days; walltime: 199.6
37023.0/37230.0 days/days; walltime: 548.0
37024.0/37230.0 days/days; walltime: 186.0
37025.0/37230.0 days/days; walltime: 391.3
37026.0/37230.0 days/days; walltime: 85.7
37027.0/37230.0 days/days; walltime: 220.3
37028.0/37230.0 days/days; walltime: 70.8
37029.0/37230.0 days/days; walltime: 45.2
37030.0/37230.0 days/days; walltime: 28.1
37031.0/37230.0 days/days; walltime: 81.5
37032.0/37230.0 days/days; walltime: 90.2
37033.0/37230.0 days/days; walltime: 527.0
37034.0/37230.0 days/days; walltime: 248.2
37035.0/37230.0 days/days; walltime: 260.5
37036.0/37230.0 days/days; walltime: 129.9
37037.0/37230.0 days/days; walltime: 111.0
37038.0/37230.0 days/days; walltime: 236.7
37039.0/37230.0 days/days; walltime: 225.7
37040.0/37230.0 days/days; walltime: 86.3
37041.0/37230.0 days/days; walltime: 294.7
37042.0/37230.0 days/days; walltime: 485.6
37043.0/37230.0 days/days; walltime: 113.3
37044.0/37230.0 days/days; walltime: 117.4
37045.0/37230.0 days/days; walltime: 94.4
37046.0/37230.0 days/days; walltime: 68.0
37047.0/37230.0 days/days; walltime: 39.0
37048.0/37230.0 days/days; walltime: 181.5
37049.0/37230.0 days/days; walltime: 172.0
37050.0/37230.0 days/days; walltime: 502.2
37051.0/37230.0 days/days; walltime: 464.6
37052.0/37230.0 days/days; walltime: 323.4
37053.0/37230.0 days/days; walltime: 134.5
37054.0/37230.0 days/days; walltime: 292.4
37055.0/37230.0 days/days; walltime: 436.1
37056.0/37230.0 days/days; walltime: 171.5
37057.0/37230.0 days/days; walltime: 147.7
37058.0/37230.0 days/days; walltime: 79.7
37059.0/37230.0 days/days; walltime: 39.2
37060.0/37230.0 days/days; walltime: 69.2
37061.0/37230.0 days/days; walltime: 70.1
37062.0/37230.0 days/days; walltime: 123.1
37063.0/37230.0 days/days; walltime: 282.3
37064.0/37230.0 days/days; walltime: 223.6
37065.0/37230.0 days/days; walltime: 189.6
37066.0/37230.0 days/days; walltime: 147.9
37067.0/37230.0 days/days; walltime: 77.5
37068.0/37230.0 days/days; walltime: 84.1
37069.0/37230.0 days/days; walltime: 191.8
37070.0/37230.0 days/days; walltime: 375.1
37071.0/37230.0 days/days; walltime: 261.9
37072.0/37230.0 days/days; walltime: 167.1
37073.0/37230.0 days/days; walltime: 226.2
37074.0/37230.0 days/days; walltime: 98.0
37075.0/37230.0 days/days; walltime: 80.3
37076.0/37230.0 days/days; walltime: 245.1
37077.0/37230.0 days/days; walltime: 121.9
37078.0/37230.0 days/days; walltime: 305.9
37079.0/37230.0 days/days; walltime: 51.0
37080.0/37230.0 days/days; walltime: 71.5
37081.0/37230.0 days/days; walltime: 31.1
37082.0/37230.0 days/days; walltime: 18.8
37083.0/37230.0 days/days; walltime: 36.4
37084.0/37230.0 days/days; walltime: 19.3
37085.0/37230.0 days/days; walltime: 257.8
37086.0/37230.0 days/days; walltime: 287.5
37087.0/37230.0 days/days; walltime: 372.1
37088.0/37230.0 days/days; walltime: 311.2
37089.0/37230.0 days/days; walltime: 196.1
37090.0/37230.0 days/days; walltime: 296.5
37091.0/37230.0 days/days; walltime: 205.3
37092.0/37230.0 days/days; walltime: 80.5
37093.0/37230.0 days/days; walltime: 518.8
37094.0/37230.0 days/days; walltime: 356.3
37095.0/37230.0 days/days; walltime: 345.6
37096.0/37230.0 days/days; walltime: 232.1
37097.0/37230.0 days/days; walltime: 154.8
37098.0/37230.0 days/days; walltime: 329.9
37099.0/37230.0 days/days; walltime: 143.4
37100.0/37230.0 days/days; walltime: 67.5
37101.0/37230.0 days/days; walltime: 235.4
37102.0/37230.0 days/days; walltime: 95.0
37103.0/37230.0 days/days; walltime: 74.5
37104.0/37230.0 days/days; walltime: 114.9
37105.0/37230.0 days/days; walltime: 105.7
37106.0/37230.0 days/days; walltime: 399.7
37107.0/37230.0 days/days; walltime: 641.0
37108.0/37230.0 days/days; walltime: 1025.7
37109.0/37230.0 days/days; walltime: 554.4
37110.0/37230.0 days/days; walltime: 292.1
37111.0/37230.0 days/days; walltime: 181.7
37112.0/37230.0 days/days; walltime: 521.6
37113.0/37230.0 days/days; walltime: 268.1
37114.0/37230.0 days/days; walltime: 656.9
37115.0/37230.0 days/days; walltime: 206.8
37116.0/37230.0 days/days; walltime: 81.5
37117.0/37230.0 days/days; walltime: 209.0
37118.0/37230.0 days/days; walltime: 76.0
37119.0/37230.0 days/days; walltime: 67.8
37120.0/37230.0 days/days; walltime: 21.4
37121.0/37230.0 days/days; walltime: 28.7
37122.0/37230.0 days/days; walltime: 10.2
37123.0/37230.0 days/days; walltime: 12.4
37124.0/37230.0 days/days; walltime: 3.1
37125.0/37230.0 days/days; walltime: 30.6
37126.0/37230.0 days/days; walltime: 153.7
37127.0/37230.0 days/days; walltime: 186.7
37128.0/37230.0 days/days; walltime: 12.8
37129.0/37230.0 days/days; walltime: 148.9
37130.0/37230.0 days/days; walltime: 102.6
37131.0/37230.0 days/days; walltime: 9.4
37132.0/37230.0 days/days; walltime: 2.4
37133.0/37230.0 days/days; walltime: 2.4
37134.0/37230.0 days/days; walltime: 2.2
37135.0/37230.0 days/days; walltime: 1.7
37136.0/37230.0 days/days; walltime: 1.7
37137.0/37230.0 days/days; walltime: 65.1
37138.0/37230.0 days/days; walltime: 1.2
37139.0/37230.0 days/days; walltime: 1.2
37140.0/37230.0 days/days; walltime: 20.7
37141.0/37230.0 days/days; walltime: 1.1
37142.0/37230.0 days/days; walltime: 1.1
37143.0/37230.0 days/days; walltime: 1.0
37144.0/37230.0 days/days; walltime: 1.0
37145.0/37230.0 days/days; walltime: 0.9
37146.0/37230.0 days/days; walltime: 0.9
37147.0/37230.0 days/days; walltime: 50.7
37148.0/37230.0 days/days; walltime: 103.8
37149.0/37230.0 days/days; walltime: 180.4
37150.0/37230.0 days/days; walltime: 595.3
37151.0/37230.0 days/days; walltime: 143.8
37152.0/37230.0 days/days; walltime: 15.0
37153.0/37230.0 days/days; walltime: 10.7
37154.0/37230.0 days/days; walltime: 8.4
37155.0/37230.0 days/days; walltime: 16.9
37156.0/37230.0 days/days; walltime: 26.8
37157.0/37230.0 days/days; walltime: 20.7
37158.0/37230.0 days/days; walltime: 24.6
37159.0/37230.0 days/days; walltime: 15.4
37160.0/37230.0 days/days; walltime: 16.1
37161.0/37230.0 days/days; walltime: 13.5
37162.0/37230.0 days/days; walltime: 13.5
37163.0/37230.0 days/days; walltime: 8.4
37164.0/37230.0 days/days; walltime: 1.6
37165.0/37230.0 days/days; walltime: 10.0
37166.0/37230.0 days/days; walltime: 1.9
37167.0/37230.0 days/days; walltime: 4.6
37168.0/37230.0 days/days; walltime: 3.8
37169.0/37230.0 days/days; walltime: 1.0
37170.0/37230.0 days/days; walltime: 0.5
37171.0/37230.0 days/days; walltime: 0.7
37172.0/37230.0 days/days; walltime: 0.5
37173.0/37230.0 days/days; walltime: 0.7
37174.0/37230.0 days/days; walltime: 0.7
37175.0/37230.0 days/days; walltime: 0.5
37176.0/37230.0 days/days; walltime: 0.8
37177.0/37230.0 days/days; walltime: 0.5
37178.0/37230.0 days/days; walltime: 0.5
37179.0/37230.0 days/days; walltime: 0.4
37180.0/37230.0 days/days; walltime: 0.5
37181.0/37230.0 days/days; walltime: 0.4
37182.0/37230.0 days/days; walltime: 0.4
37183.0/37230.0 days/days; walltime: 0.6
37184.0/37230.0 days/days; walltime: 0.4
37185.0/37230.0 days/days; walltime: 0.2
37186.0/37230.0 days/days; walltime: 0.4
37187.0/37230.0 days/days; walltime: 0.4
37188.0/37230.0 days/days; walltime: 0.4
37189.0/37230.0 days/days; walltime: 0.4
37190.0/37230.0 days/days; walltime: 0.3
37191.0/37230.0 days/days; walltime: 0.4
37192.0/37230.0 days/days; walltime: 0.2
37193.0/37230.0 days/days; walltime: 0.4
37194.0/37230.0 days/days; walltime: 0.4
37195.0/37230.0 days/days; walltime: 0.4
37196.0/37230.0 days/days; walltime: 0.2
37197.0/37230.0 days/days; walltime: 0.4
37198.0/37230.0 days/days; walltime: 0.4
37199.0/37230.0 days/days; walltime: 0.2
37200.0/37230.0 days/days; walltime: 0.5
37201.0/37230.0 days/days; walltime: 0.2
37202.0/37230.0 days/days; walltime: 0.4
37203.0/37230.0 days/days; walltime: 0.5
37204.0/37230.0 days/days; walltime: 0.2
37205.0/37230.0 days/days; walltime: 0.3
37206.0/37230.0 days/days; walltime: 0.2
37207.0/37230.0 days/days; walltime: 2.3
37208.0/37230.0 days/days; walltime: 0.3
37209.0/37230.0 days/days; walltime: 0.1
37210.0/37230.0 days/days; walltime: 0.3
37211.0/37230.0 days/days; walltime: 0.1
37212.0/37230.0 days/days; walltime: 0.3
37213.0/37230.0 days/days; walltime: 0.1
37214.0/37230.0 days/days; walltime: 0.3
37215.0/37230.0 days/days; walltime: 0.1
37216.0/37230.0 days/days; walltime: 0.3
37217.0/37230.0 days/days; walltime: 0.1
37218.0/37230.0 days/days; walltime: 0.3
37219.0/37230.0 days/days; walltime: 0.1
37220.0/37230.0 days/days; walltime: 0.3
37221.0/37230.0 days/days; walltime: 0.1
37222.0/37230.0 days/days; walltime: 0.1
37223.0/37230.0 days/days; walltime: 0.3
37224.0/37230.0 days/days; walltime: 0.1
37225.0/37230.0 days/days; walltime: 0.2
37226.0/37230.0 days/days; walltime: 0.1
37227.0/37230.0 days/days; walltime: 0.3
37228.0/37230.0 days/days; walltime: 0.1
37229.0/37230.0 days/days; walltime: 0.1
37230.0/37230.0 days/days; walltime: 0.5
Wallclock for model run: 47327.0s
 

fields = 

  struct with fields:

    nodes: [1x1 struct]
    edges: [1x1 struct]
       BC: [1x1 struct]

No cases left; exiting.
