Case 2:
Picked up JAVA_TOOL_OPTIONS: -Xmx2g
Opening log file:  /tmp/java.log.6008

                            < M A T L A B (R) >
                  Copyright 1984-2022 The MathWorks, Inc.
                  R2022a (9.12.0.1884302) 64-bit (glnxa64)
                             February 16, 2022

 
To get started, type doc.
For product information, visit www.mathworks.com.
 

config = 

  struct with fields:

                 k_s: 0.0189
                 l_c: 10
            n_moulin: 68
    creep_const_soft: 0
             mesh_nr: 4
                 k_c: 0.2000
               h_bed: 0.5000
               l_bed: 10
               alpha: 1.5000
                beta: 1.5000
               omega: 0
                 e_v: 1.0000e-04

Running model run (ode15s):
Run to steady
Saving model run to
./RUN/output_002_steady.nc
Fields, IC & BC initialised
Initial phi calculated in 4.4s
0.0/36500.0 days/days; walltime: 22.5
------------------------------------------------------------------------------------------------------------------------------------------------------------------------------------------------------------------------------------------------------------------------------------------------------------------------------------------------------------------------------------------------------------------------------------------------------------------------------1825.0/36500.0 days/days; walltime: 188.7
--------------------------------------------------------------------------------------------------------------------------------------------------------------------------------------------------------------------------------------------------------------------------------------------------------------------------------------------------------------------------------------------------------------------------------------------------------------------------------------------------------------------------------------------------------------------------------------------------------------------------------------------------3650.0/36500.0 days/days; walltime: 46.9
------------5475.0/36500.0 days/days; walltime: 0.9
----------7300.0/36500.0 days/days; walltime: 0.9
-----------------------------------------------------------------------------------------------------------------------------------------------------------------------------------------------------------------9125.0/36500.0 days/days; walltime: 15.5
------------------------------------------------------------------------------------------------------------------------------------------------------------------------------------------------------------------------------------------------------------------------------------------------------------------------------------------------------------------------------------------------------------------------------------------------------------------------------------------------------------------------------------------------------------------------------------------------------------------------------------------------------------------------------------------------------------------------------------------------------------------------------------------------------------------------------------------------------------------------------------------------------------------------------------------------------------------------------------------------------------------------------------------------------------------------------------------------------------------------------------------------------------------------------------------------------------------------------------------------------------------------------------------------------------------------------------------------------------------------------------------------------------------------------------------------------------------------------------------------------------------------------------------------------------------------------------------------------------------------------------------------------------------------------------------------------------------------------------------------------------------------------------------------------------------------------------------------------------------------------------------------------------------------------------------------------------------------------------------------------------------------------------------------------------------------------------------------------------------------------------------------------------------------------------------------------------------------------------------------------------------------------------------------------------------------------------------------------------------------------------------------------------------------------------------------------------------------------------------------------------------------------------------------------------------------------------------------------------------------------------------------------------------------------------------------------------------------------------------------------------------------------------------------------------------------------10950.0/36500.0 days/days; walltime: 198.1
---------------------------------------------------------------------------------------------------------------------------------------------------------------------------------------------------------------------------------------------------------------------------------------------------------------------------------------------------------------------------------------------------------------------------------------------------------------------------------------------------------------------------------------------------12775.0/36500.0 days/days; walltime: 69.0
-------------------------------------------------------------------------------------------------------------------------------------------------14600.0/36500.0 days/days; walltime: 179.7
------------------------------------------16425.0/36500.0 days/days; walltime: 214.6
----------------------------------------------------18250.0/36500.0 days/days; walltime: 127.1
---20075.0/36500.0 days/days; walltime: 41.6
21900.0/36500.0 days/days; walltime: 5.9
23725.0/36500.0 days/days; walltime: 1.1
25550.0/36500.0 days/days; walltime: 1.2
27375.0/36500.0 days/days; walltime: 1.0
29200.0/36500.0 days/days; walltime: 1.5
31025.0/36500.0 days/days; walltime: 1.4
32850.0/36500.0 days/days; walltime: 2.2
34675.0/36500.0 days/days; walltime: 2.2
36500.0/36500.0 days/days; walltime: 4.6
Wallclock for model run: 1132.6s
 

fields = 

  struct with fields:

    nodes: [1x1 struct]
    edges: [1x1 struct]
       BC: [1x1 struct]

Running model run (ode15s):
Run seasonal
Saving model run to
./RUN/output_002_seasonal.nc
IC initialised from struct
IC initialised from file/given & rest from parameters and given functions
-36500.0/37230.0 days/days; walltime: 21.0
-36501.0/37230.0 days/days; walltime: 109.2
36502.0/37230.0 days/days; walltime: 6.7
36503.0/37230.0 days/days; walltime: 2.0
36504.0/37230.0 days/days; walltime: 4.7
36505.0/37230.0 days/days; walltime: 2.0
36506.0/37230.0 days/days; walltime: 2.5
36507.0/37230.0 days/days; walltime: 2.3
36508.0/37230.0 days/days; walltime: 3.8
36509.0/37230.0 days/days; walltime: 1.4
36510.0/37230.0 days/days; walltime: 1.3
36511.0/37230.0 days/days; walltime: 1.5
36512.0/37230.0 days/days; walltime: 3.5
36513.0/37230.0 days/days; walltime: 1.0
36514.0/37230.0 days/days; walltime: 0.8
36515.0/37230.0 days/days; walltime: 0.8
36516.0/37230.0 days/days; walltime: 1.2
36517.0/37230.0 days/days; walltime: 1.0
--36518.0/37230.0 days/days; walltime: 2.8
36519.0/37230.0 days/days; walltime: 0.5
36520.0/37230.0 days/days; walltime: 0.7
36521.0/37230.0 days/days; walltime: 0.5
36522.0/37230.0 days/days; walltime: 0.6
36523.0/37230.0 days/days; walltime: 0.6
36524.0/37230.0 days/days; walltime: 0.6
36525.0/37230.0 days/days; walltime: 0.7
36526.0/37230.0 days/days; walltime: 0.5
36527.0/37230.0 days/days; walltime: 0.7
36528.0/37230.0 days/days; walltime: 2.8
36529.0/37230.0 days/days; walltime: 0.5
36530.0/37230.0 days/days; walltime: 0.5
36531.0/37230.0 days/days; walltime: 0.4
36532.0/37230.0 days/days; walltime: 0.7
36533.0/37230.0 days/days; walltime: 0.2
36534.0/37230.0 days/days; walltime: 0.4
36535.0/37230.0 days/days; walltime: 0.5
36536.0/37230.0 days/days; walltime: 0.5
36537.0/37230.0 days/days; walltime: 0.3
36538.0/37230.0 days/days; walltime: 0.5
36539.0/37230.0 days/days; walltime: 0.5
36540.0/37230.0 days/days; walltime: 0.3
36541.0/37230.0 days/days; walltime: 0.5
36542.0/37230.0 days/days; walltime: 0.3
36543.0/37230.0 days/days; walltime: 0.5
36544.0/37230.0 days/days; walltime: 2.7
36545.0/37230.0 days/days; walltime: 0.3
36546.0/37230.0 days/days; walltime: 0.5
36547.0/37230.0 days/days; walltime: 0.3
36548.0/37230.0 days/days; walltime: 0.4
36549.0/37230.0 days/days; walltime: 0.3
36550.0/37230.0 days/days; walltime: 0.4
36551.0/37230.0 days/days; walltime: 0.3
36552.0/37230.0 days/days; walltime: 0.4
36553.0/37230.0 days/days; walltime: 0.3
36554.0/37230.0 days/days; walltime: 0.4
36555.0/37230.0 days/days; walltime: 0.3
36556.0/37230.0 days/days; walltime: 0.4
36557.0/37230.0 days/days; walltime: 0.3
36558.0/37230.0 days/days; walltime: 0.4
36559.0/37230.0 days/days; walltime: 0.1
36560.0/37230.0 days/days; walltime: 0.4
36561.0/37230.0 days/days; walltime: 0.3
36562.0/37230.0 days/days; walltime: 0.4
36563.0/37230.0 days/days; walltime: 0.1
36564.0/37230.0 days/days; walltime: 0.3
36565.0/37230.0 days/days; walltime: 0.3
36566.0/37230.0 days/days; walltime: 0.3
36567.0/37230.0 days/days; walltime: 0.4
36568.0/37230.0 days/days; walltime: 0.1
36569.0/37230.0 days/days; walltime: 0.3
36570.0/37230.0 days/days; walltime: 0.3
36571.0/37230.0 days/days; walltime: 0.1
36572.0/37230.0 days/days; walltime: 0.3
36573.0/37230.0 days/days; walltime: 0.3
36574.0/37230.0 days/days; walltime: 0.3
36575.0/37230.0 days/days; walltime: 0.1
36576.0/37230.0 days/days; walltime: 0.3
36577.0/37230.0 days/days; walltime: 0.3
36578.0/37230.0 days/days; walltime: 0.1
36579.0/37230.0 days/days; walltime: 0.3
36580.0/37230.0 days/days; walltime: 0.3
36581.0/37230.0 days/days; walltime: 0.1
36582.0/37230.0 days/days; walltime: 0.3
36583.0/37230.0 days/days; walltime: 0.1
36584.0/37230.0 days/days; walltime: 0.1
36585.0/37230.0 days/days; walltime: 0.4
36586.0/37230.0 days/days; walltime: 0.1
36587.0/37230.0 days/days; walltime: 0.1
36588.0/37230.0 days/days; walltime: 0.1
36589.0/37230.0 days/days; walltime: 0.3
36590.0/37230.0 days/days; walltime: 0.3
36591.0/37230.0 days/days; walltime: 0.1
36592.0/37230.0 days/days; walltime: 0.3
36593.0/37230.0 days/days; walltime: 0.1
36594.0/37230.0 days/days; walltime: 0.1
36595.0/37230.0 days/days; walltime: 0.1
36596.0/37230.0 days/days; walltime: 0.3
36597.0/37230.0 days/days; walltime: 0.1
36598.0/37230.0 days/days; walltime: 0.1
36599.0/37230.0 days/days; walltime: 0.1
36600.0/37230.0 days/days; walltime: 0.4
36601.0/37230.0 days/days; walltime: 2.4
36602.0/37230.0 days/days; walltime: 0.2
36603.0/37230.0 days/days; walltime: 0.3
36604.0/37230.0 days/days; walltime: 0.1
36605.0/37230.0 days/days; walltime: 0.1
36606.0/37230.0 days/days; walltime: 0.1
36607.0/37230.0 days/days; walltime: 0.3
36608.0/37230.0 days/days; walltime: 0.1
36610.0/37230.0 days/days; walltime: 0.1
36611.0/37230.0 days/days; walltime: 0.1
36612.0/37230.0 days/days; walltime: 0.3
36613.0/37230.0 days/days; walltime: 0.1
36614.0/37230.0 days/days; walltime: 0.1
36615.0/37230.0 days/days; walltime: 0.1
36616.0/37230.0 days/days; walltime: 0.3
36617.0/37230.0 days/days; walltime: 0.1
36618.0/37230.0 days/days; walltime: 0.1
36619.0/37230.0 days/days; walltime: 2.4
36621.0/37230.0 days/days; walltime: 0.3
36622.0/37230.0 days/days; walltime: 62.0
36623.0/37230.0 days/days; walltime: 144.7
36624.0/37230.0 days/days; walltime: 91.7
36625.0/37230.0 days/days; walltime: 1.0
36626.0/37230.0 days/days; walltime: 0.6
36627.0/37230.0 days/days; walltime: 0.5
36628.0/37230.0 days/days; walltime: 0.4
36629.0/37230.0 days/days; walltime: 0.2
36630.0/37230.0 days/days; walltime: 0.4
36631.0/37230.0 days/days; walltime: 0.3
36632.0/37230.0 days/days; walltime: 0.1
36633.0/37230.0 days/days; walltime: 0.3
36634.0/37230.0 days/days; walltime: 0.1
36635.0/37230.0 days/days; walltime: 14.6
36636.0/37230.0 days/days; walltime: 20.2
36637.0/37230.0 days/days; walltime: 0.4
---36638.0/37230.0 days/days; walltime: 12.8
36639.0/37230.0 days/days; walltime: 128.7
36640.0/37230.0 days/days; walltime: 171.5
36641.0/37230.0 days/days; walltime: 37.5
36642.0/37230.0 days/days; walltime: 1.1
36643.0/37230.0 days/days; walltime: 0.9
36644.0/37230.0 days/days; walltime: 0.6
36645.0/37230.0 days/days; walltime: 0.7
36646.0/37230.0 days/days; walltime: 0.6
36647.0/37230.0 days/days; walltime: 2.7
36648.0/37230.0 days/days; walltime: 0.1
36649.0/37230.0 days/days; walltime: 0.4
36650.0/37230.0 days/days; walltime: 0.3
36651.0/37230.0 days/days; walltime: 0.1
36652.0/37230.0 days/days; walltime: 3.0
36653.0/37230.0 days/days; walltime: 124.3
36654.0/37230.0 days/days; walltime: 249.4
36655.0/37230.0 days/days; walltime: 551.7
36656.0/37230.0 days/days; walltime: 489.5
36657.0/37230.0 days/days; walltime: 631.6
36658.0/37230.0 days/days; walltime: 574.5
36659.0/37230.0 days/days; walltime: 467.7
36660.0/37230.0 days/days; walltime: 588.5
36661.0/37230.0 days/days; walltime: 475.6
36662.0/37230.0 days/days; walltime: 376.3
36663.0/37230.0 days/days; walltime: 175.4
36664.0/37230.0 days/days; walltime: 91.0
36665.0/37230.0 days/days; walltime: 104.4
36666.0/37230.0 days/days; walltime: 281.7
36667.0/37230.0 days/days; walltime: 212.9
36668.0/37230.0 days/days; walltime: 726.4
36669.0/37230.0 days/days; walltime: 379.0
36670.0/37230.0 days/days; walltime: 161.2
36671.0/37230.0 days/days; walltime: 80.7
36672.0/37230.0 days/days; walltime: 83.6
36673.0/37230.0 days/days; walltime: 254.1
36674.0/37230.0 days/days; walltime: 152.0
36675.0/37230.0 days/days; walltime: 144.8
36676.0/37230.0 days/days; walltime: 305.3
36677.0/37230.0 days/days; walltime: 478.4
36678.0/37230.0 days/days; walltime: 15.1
36679.0/37230.0 days/days; walltime: 60.3
36680.0/37230.0 days/days; walltime: 69.4
36681.0/37230.0 days/days; walltime: 67.8
36682.0/37230.0 days/days; walltime: 45.5
36683.0/37230.0 days/days; walltime: 114.8
36684.0/37230.0 days/days; walltime: 66.7
36685.0/37230.0 days/days; walltime: 454.9
36686.0/37230.0 days/days; walltime: 273.9
36687.0/37230.0 days/days; walltime: 692.7
36688.0/37230.0 days/days; walltime: 131.0
36689.0/37230.0 days/days; walltime: 495.6
36690.0/37230.0 days/days; walltime: 571.9
36691.0/37230.0 days/days; walltime: 417.1
36692.0/37230.0 days/days; walltime: 93.0
36693.0/37230.0 days/days; walltime: 52.2
36694.0/37230.0 days/days; walltime: 57.8
36695.0/37230.0 days/days; walltime: 44.1
36696.0/37230.0 days/days; walltime: 13.4
36697.0/37230.0 days/days; walltime: 28.0
36698.0/37230.0 days/days; walltime: 75.3
36699.0/37230.0 days/days; walltime: 17.0
36700.0/37230.0 days/days; walltime: 240.2
36701.0/37230.0 days/days; walltime: 173.6
36702.0/37230.0 days/days; walltime: 117.0
36703.0/37230.0 days/days; walltime: 74.6
36704.0/37230.0 days/days; walltime: 149.6
36705.0/37230.0 days/days; walltime: 503.1
36706.0/37230.0 days/days; walltime: 193.2
36707.0/37230.0 days/days; walltime: 138.3
36708.0/37230.0 days/days; walltime: 169.3
36709.0/37230.0 days/days; walltime: 41.9
36710.0/37230.0 days/days; walltime: 100.8
36711.0/37230.0 days/days; walltime: 213.6
36712.0/37230.0 days/days; walltime: 58.5
36713.0/37230.0 days/days; walltime: 220.7
36714.0/37230.0 days/days; walltime: 9.8
36715.0/37230.0 days/days; walltime: 15.2
36716.0/37230.0 days/days; walltime: 17.3
36717.0/37230.0 days/days; walltime: 11.7
36718.0/37230.0 days/days; walltime: 17.1
36719.0/37230.0 days/days; walltime: 10.8
36720.0/37230.0 days/days; walltime: 94.0
36721.0/37230.0 days/days; walltime: 346.9
36722.0/37230.0 days/days; walltime: 207.7
36723.0/37230.0 days/days; walltime: 472.2
36724.0/37230.0 days/days; walltime: 667.3
36725.0/37230.0 days/days; walltime: 465.3
36726.0/37230.0 days/days; walltime: 454.9
36727.0/37230.0 days/days; walltime: 40.3
36728.0/37230.0 days/days; walltime: 679.1
36729.0/37230.0 days/days; walltime: 409.1
36730.0/37230.0 days/days; walltime: 560.2
36731.0/37230.0 days/days; walltime: 126.8
36732.0/37230.0 days/days; walltime: 63.8
36733.0/37230.0 days/days; walltime: 435.4
36734.0/37230.0 days/days; walltime: 51.4
36735.0/37230.0 days/days; walltime: 33.6
36736.0/37230.0 days/days; walltime: 111.3
36737.0/37230.0 days/days; walltime: 31.2
36738.0/37230.0 days/days; walltime: 4.8
36739.0/37230.0 days/days; walltime: 43.4
36740.0/37230.0 days/days; walltime: 45.1
36741.0/37230.0 days/days; walltime: 290.1
36742.0/37230.0 days/days; walltime: 797.4
36743.0/37230.0 days/days; walltime: 643.0
36744.0/37230.0 days/days; walltime: 501.8
36745.0/37230.0 days/days; walltime: 11.3
36746.0/37230.0 days/days; walltime: 31.3
36747.0/37230.0 days/days; walltime: 144.4
36748.0/37230.0 days/days; walltime: 327.9
36749.0/37230.0 days/days; walltime: 308.7
36750.0/37230.0 days/days; walltime: 13.3
36751.0/37230.0 days/days; walltime: 9.3
36752.0/37230.0 days/days; walltime: 46.3
36753.0/37230.0 days/days; walltime: 7.6
36754.0/37230.0 days/days; walltime: 2.7
36755.0/37230.0 days/days; walltime: 2.7
36756.0/37230.0 days/days; walltime: 4.2
36757.0/37230.0 days/days; walltime: 1.6
36758.0/37230.0 days/days; walltime: 1.6
36759.0/37230.0 days/days; walltime: 1.6
36760.0/37230.0 days/days; walltime: 17.8
36761.0/37230.0 days/days; walltime: 126.0
36762.0/37230.0 days/days; walltime: 131.3
36763.0/37230.0 days/days; walltime: 5.4
36764.0/37230.0 days/days; walltime: 132.4
36765.0/37230.0 days/days; walltime: 156.7
36766.0/37230.0 days/days; walltime: 1.4
36767.0/37230.0 days/days; walltime: 0.9
36768.0/37230.0 days/days; walltime: 0.9
36769.0/37230.0 days/days; walltime: 0.7
36770.0/37230.0 days/days; walltime: 0.9
36771.0/37230.0 days/days; walltime: 0.7
36772.0/37230.0 days/days; walltime: 0.6
36773.0/37230.0 days/days; walltime: 0.6
36774.0/37230.0 days/days; walltime: 0.6
36775.0/37230.0 days/days; walltime: 2.6
36776.0/37230.0 days/days; walltime: 0.4
36777.0/37230.0 days/days; walltime: 0.4
36778.0/37230.0 days/days; walltime: 0.5
36779.0/37230.0 days/days; walltime: 0.4
36780.0/37230.0 days/days; walltime: 0.4
36781.0/37230.0 days/days; walltime: 2.4
--36782.0/37230.0 days/days; walltime: 109.5
36783.0/37230.0 days/days; walltime: 307.5
36784.0/37230.0 days/days; walltime: 341.0
36785.0/37230.0 days/days; walltime: 718.1
36786.0/37230.0 days/days; walltime: 19.3
36787.0/37230.0 days/days; walltime: 1.6
36788.0/37230.0 days/days; walltime: 20.4
36789.0/37230.0 days/days; walltime: 1.0
36790.0/37230.0 days/days; walltime: 3.8
36791.0/37230.0 days/days; walltime: 1.0
36792.0/37230.0 days/days; walltime: 1.1
36793.0/37230.0 days/days; walltime: 1.1
36794.0/37230.0 days/days; walltime: 0.9
36795.0/37230.0 days/days; walltime: 1.0
36796.0/37230.0 days/days; walltime: 2.9
36797.0/37230.0 days/days; walltime: 0.5
36798.0/37230.0 days/days; walltime: 0.7
36799.0/37230.0 days/days; walltime: 0.7
36800.0/37230.0 days/days; walltime: 0.6
36801.0/37230.0 days/days; walltime: 0.6
36802.0/37230.0 days/days; walltime: 0.6
36803.0/37230.0 days/days; walltime: 0.6
36804.0/37230.0 days/days; walltime: 0.4
36805.0/37230.0 days/days; walltime: 4.5
36806.0/37230.0 days/days; walltime: 0.6
36807.0/37230.0 days/days; walltime: 0.6
36808.0/37230.0 days/days; walltime: 2.3
36809.0/37230.0 days/days; walltime: 0.4
36810.0/37230.0 days/days; walltime: 0.4
36811.0/37230.0 days/days; walltime: 0.4
36812.0/37230.0 days/days; walltime: 0.2
36813.0/37230.0 days/days; walltime: 0.3
36814.0/37230.0 days/days; walltime: 0.2
36815.0/37230.0 days/days; walltime: 0.8
36816.0/37230.0 days/days; walltime: 0.1
36817.0/37230.0 days/days; walltime: 0.1
36818.0/37230.0 days/days; walltime: 0.4
36819.0/37230.0 days/days; walltime: 0.1
36820.0/37230.0 days/days; walltime: 0.2
36821.0/37230.0 days/days; walltime: 0.3
36822.0/37230.0 days/days; walltime: 0.1
36823.0/37230.0 days/days; walltime: 0.1
36824.0/37230.0 days/days; walltime: 0.4
36825.0/37230.0 days/days; walltime: 0.1
36826.0/37230.0 days/days; walltime: 0.1
36827.0/37230.0 days/days; walltime: 0.1
36828.0/37230.0 days/days; walltime: 0.3
36829.0/37230.0 days/days; walltime: 0.1
36830.0/37230.0 days/days; walltime: 0.1
36831.0/37230.0 days/days; walltime: 0.1
36832.0/37230.0 days/days; walltime: 0.3
36833.0/37230.0 days/days; walltime: 0.1
36834.0/37230.0 days/days; walltime: 0.1
36835.0/37230.0 days/days; walltime: 0.1
36836.0/37230.0 days/days; walltime: 0.3
36837.0/37230.0 days/days; walltime: 0.1
36838.0/37230.0 days/days; walltime: 0.1
36839.0/37230.0 days/days; walltime: 0.1
36840.0/37230.0 days/days; walltime: 0.3
36841.0/37230.0 days/days; walltime: 0.1
36842.0/37230.0 days/days; walltime: 0.1
36843.0/37230.0 days/days; walltime: 0.1
36844.0/37230.0 days/days; walltime: 0.3
36845.0/37230.0 days/days; walltime: 0.1
36846.0/37230.0 days/days; walltime: 0.1
36847.0/37230.0 days/days; walltime: 0.1
36849.0/37230.0 days/days; walltime: 0.3
36850.0/37230.0 days/days; walltime: 0.1
36851.0/37230.0 days/days; walltime: 0.1
36852.0/37230.0 days/days; walltime: 0.1
36853.0/37230.0 days/days; walltime: 0.2
36855.0/37230.0 days/days; walltime: 0.1
36856.0/37230.0 days/days; walltime: 0.1
36857.0/37230.0 days/days; walltime: 2.1
36858.0/37230.0 days/days; walltime: 0.3
36859.0/37230.0 days/days; walltime: 0.1
36861.0/37230.0 days/days; walltime: 0.1
36862.0/37230.0 days/days; walltime: 0.1
36863.0/37230.0 days/days; walltime: 0.3
36865.0/37230.0 days/days; walltime: 0.1
36866.0/37230.0 days/days; walltime: 0.1
36867.0/37230.0 days/days; walltime: 0.1
36869.0/37230.0 days/days; walltime: 0.3
36870.0/37230.0 days/days; walltime: 0.1
36872.0/37230.0 days/days; walltime: 0.1
36873.0/37230.0 days/days; walltime: 0.1
36874.0/37230.0 days/days; walltime: 0.3
36876.0/37230.0 days/days; walltime: 0.1
36877.0/37230.0 days/days; walltime: 0.1
36879.0/37230.0 days/days; walltime: 0.1
36880.0/37230.0 days/days; walltime: 0.3
36882.0/37230.0 days/days; walltime: 0.1
36884.0/37230.0 days/days; walltime: 0.1
36885.0/37230.0 days/days; walltime: 0.1
36887.0/37230.0 days/days; walltime: 0.3
36888.0/37230.0 days/days; walltime: 0.1
36890.0/37230.0 days/days; walltime: 0.1
36892.0/37230.0 days/days; walltime: 0.1
36894.0/37230.0 days/days; walltime: 0.3
36895.0/37230.0 days/days; walltime: 0.1
36897.0/37230.0 days/days; walltime: 0.1
36899.0/37230.0 days/days; walltime: 0.1
36901.0/37230.0 days/days; walltime: 0.3
36903.0/37230.0 days/days; walltime: 0.1
36905.0/37230.0 days/days; walltime: 0.1
36907.0/37230.0 days/days; walltime: 0.1
36909.0/37230.0 days/days; walltime: 0.3
36911.0/37230.0 days/days; walltime: 0.1
36913.0/37230.0 days/days; walltime: 0.1
-36915.0/37230.0 days/days; walltime: 0.1
36917.0/37230.0 days/days; walltime: 0.2
36919.0/37230.0 days/days; walltime: 0.1
36921.0/37230.0 days/days; walltime: 0.1
36924.0/37230.0 days/days; walltime: 0.1
36926.0/37230.0 days/days; walltime: 0.3
36928.0/37230.0 days/days; walltime: 0.1
36930.0/37230.0 days/days; walltime: 0.1
36933.0/37230.0 days/days; walltime: 0.1
36935.0/37230.0 days/days; walltime: 0.3
36937.0/37230.0 days/days; walltime: 0.1
36940.0/37230.0 days/days; walltime: 0.1
36942.0/37230.0 days/days; walltime: 0.1
36945.0/37230.0 days/days; walltime: 0.3
36947.0/37230.0 days/days; walltime: 0.1
36950.0/37230.0 days/days; walltime: 0.1
36952.0/37230.0 days/days; walltime: 0.1
36955.0/37230.0 days/days; walltime: 0.3
36958.0/37230.0 days/days; walltime: 0.1
36960.0/37230.0 days/days; walltime: 0.1
36963.0/37230.0 days/days; walltime: 0.1
36966.0/37230.0 days/days; walltime: 0.3
36968.0/37230.0 days/days; walltime: 0.1
36971.0/37230.0 days/days; walltime: 0.1
36974.0/37230.0 days/days; walltime: 0.1
36977.0/37230.0 days/days; walltime: 0.3
36980.0/37230.0 days/days; walltime: 0.1
36983.0/37230.0 days/days; walltime: 0.1
36986.0/37230.0 days/days; walltime: 0.1
36989.0/37230.0 days/days; walltime: 0.2
36992.0/37230.0 days/days; walltime: 0.1
36995.0/37230.0 days/days; walltime: 0.1
36998.0/37230.0 days/days; walltime: 0.1
--37001.0/37230.0 days/days; walltime: 2.5
37002.0/37230.0 days/days; walltime: 0.1
---37003.0/37230.0 days/days; walltime: 13.5
37004.0/37230.0 days/days; walltime: 136.8
37005.0/37230.0 days/days; walltime: 163.6
37006.0/37230.0 days/days; walltime: 35.2
37007.0/37230.0 days/days; walltime: 1.4
37008.0/37230.0 days/days; walltime: 2.6
37009.0/37230.0 days/days; walltime: 1.0
37010.0/37230.0 days/days; walltime: 0.6
37011.0/37230.0 days/days; walltime: 0.4
37012.0/37230.0 days/days; walltime: 0.5
37013.0/37230.0 days/days; walltime: 0.5
37014.0/37230.0 days/days; walltime: 0.2
37015.0/37230.0 days/days; walltime: 0.4
37016.0/37230.0 days/days; walltime: 0.2
--37017.0/37230.0 days/days; walltime: 2.6
37018.0/37230.0 days/days; walltime: 105.9
37019.0/37230.0 days/days; walltime: 229.9
37020.0/37230.0 days/days; walltime: 556.0
37021.0/37230.0 days/days; walltime: 516.8
37022.0/37230.0 days/days; walltime: 594.3
37023.0/37230.0 days/days; walltime: 577.2
37024.0/37230.0 days/days; walltime: 502.3
37025.0/37230.0 days/days; walltime: 652.0
37026.0/37230.0 days/days; walltime: 461.5
37027.0/37230.0 days/days; walltime: 398.2
37028.0/37230.0 days/days; walltime: 163.7
37029.0/37230.0 days/days; walltime: 87.5
37030.0/37230.0 days/days; walltime: 89.6
37031.0/37230.0 days/days; walltime: 266.5
37032.0/37230.0 days/days; walltime: 207.3
37033.0/37230.0 days/days; walltime: 738.1
37034.0/37230.0 days/days; walltime: 344.5
37035.0/37230.0 days/days; walltime: 175.5
37036.0/37230.0 days/days; walltime: 58.4
37037.0/37230.0 days/days; walltime: 98.3
37038.0/37230.0 days/days; walltime: 220.7
37039.0/37230.0 days/days; walltime: 145.7
37040.0/37230.0 days/days; walltime: 154.5
37041.0/37230.0 days/days; walltime: 286.4
37042.0/37230.0 days/days; walltime: 525.4
37043.0/37230.0 days/days; walltime: 14.7
37044.0/37230.0 days/days; walltime: 66.5
37045.0/37230.0 days/days; walltime: 75.1
37046.0/37230.0 days/days; walltime: 35.5
37047.0/37230.0 days/days; walltime: 36.4
37048.0/37230.0 days/days; walltime: 114.0
37049.0/37230.0 days/days; walltime: 67.6
37050.0/37230.0 days/days; walltime: 465.8
37051.0/37230.0 days/days; walltime: 250.4
37052.0/37230.0 days/days; walltime: 657.0
37053.0/37230.0 days/days; walltime: 114.8
37054.0/37230.0 days/days; walltime: 529.7
37055.0/37230.0 days/days; walltime: 589.6
37056.0/37230.0 days/days; walltime: 405.7
37057.0/37230.0 days/days; walltime: 90.1
37058.0/37230.0 days/days; walltime: 59.0
37059.0/37230.0 days/days; walltime: 40.7
37060.0/37230.0 days/days; walltime: 48.7
37061.0/37230.0 days/days; walltime: 15.8
37062.0/37230.0 days/days; walltime: 27.2
37063.0/37230.0 days/days; walltime: 78.5
37064.0/37230.0 days/days; walltime: 16.2
37065.0/37230.0 days/days; walltime: 242.1
37066.0/37230.0 days/days; walltime: 169.6
37067.0/37230.0 days/days; walltime: 109.2
37068.0/37230.0 days/days; walltime: 74.4
37069.0/37230.0 days/days; walltime: 168.5
37070.0/37230.0 days/days; walltime: 512.8
37071.0/37230.0 days/days; walltime: 180.7
37072.0/37230.0 days/days; walltime: 159.2
37073.0/37230.0 days/days; walltime: 172.3
37074.0/37230.0 days/days; walltime: 53.7
37075.0/37230.0 days/days; walltime: 82.7
37076.0/37230.0 days/days; walltime: 204.8
37077.0/37230.0 days/days; walltime: 59.5
37078.0/37230.0 days/days; walltime: 235.7
37079.0/37230.0 days/days; walltime: 12.2
37080.0/37230.0 days/days; walltime: 14.0
37081.0/37230.0 days/days; walltime: 16.6
37082.0/37230.0 days/days; walltime: 14.0
37083.0/37230.0 days/days; walltime: 17.7
37084.0/37230.0 days/days; walltime: 10.0
37085.0/37230.0 days/days; walltime: 98.0
37086.0/37230.0 days/days; walltime: 357.6
37087.0/37230.0 days/days; walltime: 206.7
37088.0/37230.0 days/days; walltime: 472.0
37089.0/37230.0 days/days; walltime: 658.8
37090.0/37230.0 days/days; walltime: 468.0
37091.0/37230.0 days/days; walltime: 406.6
37092.0/37230.0 days/days; walltime: 37.2
37093.0/37230.0 days/days; walltime: 653.5
37094.0/37230.0 days/days; walltime: 419.6
37095.0/37230.0 days/days; walltime: 570.1
37096.0/37230.0 days/days; walltime: 146.0
37097.0/37230.0 days/days; walltime: 77.9
37098.0/37230.0 days/days; walltime: 482.5
37099.0/37230.0 days/days; walltime: 47.4
37100.0/37230.0 days/days; walltime: 33.6
37101.0/37230.0 days/days; walltime: 113.7
37102.0/37230.0 days/days; walltime: 38.7
37103.0/37230.0 days/days; walltime: 9.1
37104.0/37230.0 days/days; walltime: 44.0
37105.0/37230.0 days/days; walltime: 44.8
37106.0/37230.0 days/days; walltime: 293.9
37107.0/37230.0 days/days; walltime: 773.2
37108.0/37230.0 days/days; walltime: 581.0
37109.0/37230.0 days/days; walltime: 520.8
37110.0/37230.0 days/days; walltime: 12.7
37111.0/37230.0 days/days; walltime: 37.5
37112.0/37230.0 days/days; walltime: 146.6
37113.0/37230.0 days/days; walltime: 337.1
37114.0/37230.0 days/days; walltime: 315.7
37115.0/37230.0 days/days; walltime: 14.9
37116.0/37230.0 days/days; walltime: 9.3
37117.0/37230.0 days/days; walltime: 48.5
37118.0/37230.0 days/days; walltime: 8.1
37119.0/37230.0 days/days; walltime: 2.9
37120.0/37230.0 days/days; walltime: 2.7
37121.0/37230.0 days/days; walltime: 4.4
37122.0/37230.0 days/days; walltime: 1.4
37123.0/37230.0 days/days; walltime: 1.8
37124.0/37230.0 days/days; walltime: 1.7
37125.0/37230.0 days/days; walltime: 18.2
37126.0/37230.0 days/days; walltime: 148.7
37127.0/37230.0 days/days; walltime: 142.8
37128.0/37230.0 days/days; walltime: 5.7
37129.0/37230.0 days/days; walltime: 147.6
37130.0/37230.0 days/days; walltime: 129.8
37131.0/37230.0 days/days; walltime: 1.4
37132.0/37230.0 days/days; walltime: 1.0
37133.0/37230.0 days/days; walltime: 0.9
37134.0/37230.0 days/days; walltime: 0.7
37135.0/37230.0 days/days; walltime: 0.9
37136.0/37230.0 days/days; walltime: 0.7
37137.0/37230.0 days/days; walltime: 0.6
37138.0/37230.0 days/days; walltime: 0.6
37139.0/37230.0 days/days; walltime: 0.6
37140.0/37230.0 days/days; walltime: 2.6
37141.0/37230.0 days/days; walltime: 0.6
37142.0/37230.0 days/days; walltime: 0.2
37143.0/37230.0 days/days; walltime: 0.4
37144.0/37230.0 days/days; walltime: 0.3
37145.0/37230.0 days/days; walltime: 0.4
37146.0/37230.0 days/days; walltime: 0.5
--37147.0/37230.0 days/days; walltime: 112.0
37148.0/37230.0 days/days; walltime: 307.8
37149.0/37230.0 days/days; walltime: 319.3
37150.0/37230.0 days/days; walltime: 719.6
37151.0/37230.0 days/days; walltime: 16.9
37152.0/37230.0 days/days; walltime: 4.1
37153.0/37230.0 days/days; walltime: 11.1
37154.0/37230.0 days/days; walltime: 1.5
37155.0/37230.0 days/days; walltime: 8.4
37156.0/37230.0 days/days; walltime: 1.1
37157.0/37230.0 days/days; walltime: 1.0
37158.0/37230.0 days/days; walltime: 1.1
37159.0/37230.0 days/days; walltime: 1.0
37160.0/37230.0 days/days; walltime: 0.9
37161.0/37230.0 days/days; walltime: 0.7
37162.0/37230.0 days/days; walltime: 2.9
37163.0/37230.0 days/days; walltime: 0.6
37164.0/37230.0 days/days; walltime: 0.6
37165.0/37230.0 days/days; walltime: 0.6
37166.0/37230.0 days/days; walltime: 0.6
37167.0/37230.0 days/days; walltime: 0.6
37168.0/37230.0 days/days; walltime: 0.5
37169.0/37230.0 days/days; walltime: 2.7
37170.0/37230.0 days/days; walltime: 0.4
37171.0/37230.0 days/days; walltime: 0.2
37172.0/37230.0 days/days; walltime: 0.5
37173.0/37230.0 days/days; walltime: 0.5
37174.0/37230.0 days/days; walltime: 0.2
37175.0/37230.0 days/days; walltime: 0.4
37176.0/37230.0 days/days; walltime: 0.2
37177.0/37230.0 days/days; walltime: 0.4
37178.0/37230.0 days/days; walltime: 0.2
37179.0/37230.0 days/days; walltime: 0.4
37180.0/37230.0 days/days; walltime: 0.1
37181.0/37230.0 days/days; walltime: 0.2
37182.0/37230.0 days/days; walltime: 0.3
37183.0/37230.0 days/days; walltime: 0.1
37184.0/37230.0 days/days; walltime: 0.2
37185.0/37230.0 days/days; walltime: 0.3
37186.0/37230.0 days/days; walltime: 0.1
37187.0/37230.0 days/days; walltime: 0.2
37188.0/37230.0 days/days; walltime: 0.3
37189.0/37230.0 days/days; walltime: 0.1
37190.0/37230.0 days/days; walltime: 0.1
37191.0/37230.0 days/days; walltime: 0.1
37192.0/37230.0 days/days; walltime: 0.3
37193.0/37230.0 days/days; walltime: 0.1
37194.0/37230.0 days/days; walltime: 0.2
37195.0/37230.0 days/days; walltime: 0.3
37196.0/37230.0 days/days; walltime: 0.1
37197.0/37230.0 days/days; walltime: 0.1
37198.0/37230.0 days/days; walltime: 2.2
37199.0/37230.0 days/days; walltime: 0.3
37200.0/37230.0 days/days; walltime: 0.1
37202.0/37230.0 days/days; walltime: 0.1
37203.0/37230.0 days/days; walltime: 0.1
37204.0/37230.0 days/days; walltime: 0.3
37205.0/37230.0 days/days; walltime: 0.1
37206.0/37230.0 days/days; walltime: 0.1
37207.0/37230.0 days/days; walltime: 0.1
37209.0/37230.0 days/days; walltime: 0.3
37210.0/37230.0 days/days; walltime: 0.1
37211.0/37230.0 days/days; walltime: 0.1
37213.0/37230.0 days/days; walltime: 0.1
37214.0/37230.0 days/days; walltime: 0.3
37216.0/37230.0 days/days; walltime: 0.1
37217.0/37230.0 days/days; walltime: 0.1
37219.0/37230.0 days/days; walltime: 0.1
37220.0/37230.0 days/days; walltime: 0.3
37222.0/37230.0 days/days; walltime: 0.1
37223.0/37230.0 days/days; walltime: 0.1
37225.0/37230.0 days/days; walltime: 0.1
37226.0/37230.0 days/days; walltime: 0.3
37228.0/37230.0 days/days; walltime: 0.1
37230.0/37230.0 days/days; walltime: 0.3
Wallclock for model run: 51496.7s
 

fields = 

  struct with fields:

    nodes: [1x1 struct]
    edges: [1x1 struct]
       BC: [1x1 struct]

No cases left; exiting.
