Case 5:
Picked up JAVA_TOOL_OPTIONS: -Xmx2g
Opening log file:  /tmp/java.log.19724

                            < M A T L A B (R) >
                  Copyright 1984-2022 The MathWorks, Inc.
                  R2022a (9.12.0.1884302) 64-bit (glnxa64)
                             February 16, 2022

 
To get started, type doc.
For product information, visit www.mathworks.com.
 

config = 

  struct with fields:

                 k_s: 0.1000
                 l_c: 10
            n_moulin: 68
    creep_const_soft: 0
             mesh_nr: 4
                 k_c: 0.2000
               h_bed: 0.5000
               l_bed: 10
               alpha: 1.5000
                beta: 1.5000
               omega: 5.0000e-04
                 e_v: 1.0000e-04

Running model run (ode15s):
Run to steady
Saving model run to
./RUN/output_005_steady.nc
Fields, IC & BC initialised
Initial phi calculated in 4.3s
0.0/36500.0 days/days; walltime: 21.9
-----------------------------------------------------------1825.0/36500.0 days/days; walltime: 179.0
3650.0/36500.0 days/days; walltime: 4.8
5475.0/36500.0 days/days; walltime: 2.8
7300.0/36500.0 days/days; walltime: 1.9
---------9125.0/36500.0 days/days; walltime: 11.1
10950.0/36500.0 days/days; walltime: 711.2
12775.0/36500.0 days/days; walltime: 420.5
---14600.0/36500.0 days/days; walltime: 285.9
16425.0/36500.0 days/days; walltime: 276.3
18250.0/36500.0 days/days; walltime: 300.6
--------20075.0/36500.0 days/days; walltime: 63.7
21900.0/36500.0 days/days; walltime: 12.2
23725.0/36500.0 days/days; walltime: 8.9
25550.0/36500.0 days/days; walltime: 7.3
27375.0/36500.0 days/days; walltime: 1.9
29200.0/36500.0 days/days; walltime: 3.8
31025.0/36500.0 days/days; walltime: 2.1
32850.0/36500.0 days/days; walltime: 2.2
34675.0/36500.0 days/days; walltime: 1.6
36500.0/36500.0 days/days; walltime: 1.5
Wallclock for model run: 2327.5s
 

fields = 

  struct with fields:

    nodes: [1x1 struct]
    edges: [1x1 struct]
       BC: [1x1 struct]

Running model run (ode15s):
Run seasonal
Saving model run to
./RUN/output_005_seasonal.nc
IC initialised from struct
IC initialised from file/given & rest from parameters and given functions
36500.0/37230.0 days/days; walltime: 19.6
36501.0/37230.0 days/days; walltime: 85.6
36502.0/37230.0 days/days; walltime: 12.6
36503.0/37230.0 days/days; walltime: 9.5
36504.0/37230.0 days/days; walltime: 18.5
36505.0/37230.0 days/days; walltime: 13.5
36506.0/37230.0 days/days; walltime: 10.0
36507.0/37230.0 days/days; walltime: 3.7
36508.0/37230.0 days/days; walltime: 5.8
36509.0/37230.0 days/days; walltime: 3.7
36510.0/37230.0 days/days; walltime: 28.5
36511.0/37230.0 days/days; walltime: 7.8
36512.0/37230.0 days/days; walltime: 4.1
36513.0/37230.0 days/days; walltime: 2.0
36514.0/37230.0 days/days; walltime: 1.8
36515.0/37230.0 days/days; walltime: 1.5
36516.0/37230.0 days/days; walltime: 2.0
36517.0/37230.0 days/days; walltime: 1.9
36518.0/37230.0 days/days; walltime: 1.9
36519.0/37230.0 days/days; walltime: 1.7
36520.0/37230.0 days/days; walltime: 20.3
36521.0/37230.0 days/days; walltime: 1.3
36522.0/37230.0 days/days; walltime: 65.6
36523.0/37230.0 days/days; walltime: 1.7
36524.0/37230.0 days/days; walltime: 1.3
36525.0/37230.0 days/days; walltime: 1.3
36526.0/37230.0 days/days; walltime: 1.2
36527.0/37230.0 days/days; walltime: 1.2
36528.0/37230.0 days/days; walltime: 1.1
36529.0/37230.0 days/days; walltime: 1.1
36530.0/37230.0 days/days; walltime: 1.1
36531.0/37230.0 days/days; walltime: 0.8
36532.0/37230.0 days/days; walltime: 0.9
36533.0/37230.0 days/days; walltime: 1.0
36534.0/37230.0 days/days; walltime: 1.1
36535.0/37230.0 days/days; walltime: 2.9
36536.0/37230.0 days/days; walltime: 0.5
36537.0/37230.0 days/days; walltime: 0.9
36538.0/37230.0 days/days; walltime: 0.7
36539.0/37230.0 days/days; walltime: 0.7
36540.0/37230.0 days/days; walltime: 0.7
36541.0/37230.0 days/days; walltime: 0.7
36542.0/37230.0 days/days; walltime: 0.7
36543.0/37230.0 days/days; walltime: 0.7
36544.0/37230.0 days/days; walltime: 0.7
36545.0/37230.0 days/days; walltime: 0.6
36546.0/37230.0 days/days; walltime: 2.5
36547.0/37230.0 days/days; walltime: 0.4
36548.0/37230.0 days/days; walltime: 0.4
36549.0/37230.0 days/days; walltime: 0.4
36550.0/37230.0 days/days; walltime: 0.4
36551.0/37230.0 days/days; walltime: 0.4
36552.0/37230.0 days/days; walltime: 0.4
36553.0/37230.0 days/days; walltime: 0.5
36554.0/37230.0 days/days; walltime: 0.5
36555.0/37230.0 days/days; walltime: 0.5
36556.0/37230.0 days/days; walltime: 0.5
36557.0/37230.0 days/days; walltime: 0.4
36558.0/37230.0 days/days; walltime: 4.3
36559.0/37230.0 days/days; walltime: 1.2
36560.0/37230.0 days/days; walltime: 0.9
36561.0/37230.0 days/days; walltime: 0.4
36562.0/37230.0 days/days; walltime: 0.4
36563.0/37230.0 days/days; walltime: 0.4
36564.0/37230.0 days/days; walltime: 0.4
36565.0/37230.0 days/days; walltime: 0.4
36566.0/37230.0 days/days; walltime: 0.4
36567.0/37230.0 days/days; walltime: 0.2
36568.0/37230.0 days/days; walltime: 0.4
36569.0/37230.0 days/days; walltime: 0.4
36570.0/37230.0 days/days; walltime: 0.4
36571.0/37230.0 days/days; walltime: 0.4
36572.0/37230.0 days/days; walltime: 0.2
36573.0/37230.0 days/days; walltime: 0.4
36574.0/37230.0 days/days; walltime: 0.4
36575.0/37230.0 days/days; walltime: 0.4
36576.0/37230.0 days/days; walltime: 0.2
36577.0/37230.0 days/days; walltime: 0.4
36578.0/37230.0 days/days; walltime: 0.3
36579.0/37230.0 days/days; walltime: 0.2
36580.0/37230.0 days/days; walltime: 0.4
36581.0/37230.0 days/days; walltime: 0.3
36582.0/37230.0 days/days; walltime: 0.2
36583.0/37230.0 days/days; walltime: 0.3
36584.0/37230.0 days/days; walltime: 0.4
36585.0/37230.0 days/days; walltime: 0.1
36586.0/37230.0 days/days; walltime: 0.3
36587.0/37230.0 days/days; walltime: 0.2
36588.0/37230.0 days/days; walltime: 0.3
36589.0/37230.0 days/days; walltime: 0.1
36590.0/37230.0 days/days; walltime: 0.1
36591.0/37230.0 days/days; walltime: 0.4
36592.0/37230.0 days/days; walltime: 0.1
36593.0/37230.0 days/days; walltime: 0.1
36594.0/37230.0 days/days; walltime: 0.1
36595.0/37230.0 days/days; walltime: 0.4
36596.0/37230.0 days/days; walltime: 0.1
36597.0/37230.0 days/days; walltime: 0.1
36598.0/37230.0 days/days; walltime: 0.1
36599.0/37230.0 days/days; walltime: 0.1
36600.0/37230.0 days/days; walltime: 0.5
36601.0/37230.0 days/days; walltime: 0.4
36602.0/37230.0 days/days; walltime: 0.2
36603.0/37230.0 days/days; walltime: 4.7
36604.0/37230.0 days/days; walltime: 0.2
36605.0/37230.0 days/days; walltime: 0.5
36606.0/37230.0 days/days; walltime: 0.3
36607.0/37230.0 days/days; walltime: 0.2
36608.0/37230.0 days/days; walltime: 0.4
36609.0/37230.0 days/days; walltime: 0.3
36610.0/37230.0 days/days; walltime: 0.4
36611.0/37230.0 days/days; walltime: 0.2
36612.0/37230.0 days/days; walltime: 0.4
36613.0/37230.0 days/days; walltime: 0.2
36614.0/37230.0 days/days; walltime: 0.4
36615.0/37230.0 days/days; walltime: 0.2
36616.0/37230.0 days/days; walltime: 0.2
36617.0/37230.0 days/days; walltime: 0.5
36618.0/37230.0 days/days; walltime: 0.6
36619.0/37230.0 days/days; walltime: 36.8
36620.0/37230.0 days/days; walltime: 0.9
36621.0/37230.0 days/days; walltime: 0.2
36622.0/37230.0 days/days; walltime: 0.4
--36623.0/37230.0 days/days; walltime: 92.1
36624.0/37230.0 days/days; walltime: 117.5
36625.0/37230.0 days/days; walltime: 1.3
36626.0/37230.0 days/days; walltime: 0.5
36627.0/37230.0 days/days; walltime: 0.4
36628.0/37230.0 days/days; walltime: 0.1
36629.0/37230.0 days/days; walltime: 0.5
36630.0/37230.0 days/days; walltime: 0.3
36631.0/37230.0 days/days; walltime: 0.2
36632.0/37230.0 days/days; walltime: 0.4
36633.0/37230.0 days/days; walltime: 0.1
36634.0/37230.0 days/days; walltime: 0.4
36635.0/37230.0 days/days; walltime: 14.9
36636.0/37230.0 days/days; walltime: 12.5
36637.0/37230.0 days/days; walltime: 0.4
--36638.0/37230.0 days/days; walltime: 17.8
36639.0/37230.0 days/days; walltime: 102.3
36640.0/37230.0 days/days; walltime: 95.6
36641.0/37230.0 days/days; walltime: 62.8
36642.0/37230.0 days/days; walltime: 1.9
36643.0/37230.0 days/days; walltime: 1.7
36644.0/37230.0 days/days; walltime: 1.4
36645.0/37230.0 days/days; walltime: 1.6
36646.0/37230.0 days/days; walltime: 1.4
36647.0/37230.0 days/days; walltime: 1.4
36648.0/37230.0 days/days; walltime: 3.3
36649.0/37230.0 days/days; walltime: 1.2
36650.0/37230.0 days/days; walltime: 1.1
36651.0/37230.0 days/days; walltime: 1.1
36652.0/37230.0 days/days; walltime: 1.5
36653.0/37230.0 days/days; walltime: 124.9
36654.0/37230.0 days/days; walltime: 120.8
36655.0/37230.0 days/days; walltime: 464.5
36656.0/37230.0 days/days; walltime: 365.8
36657.0/37230.0 days/days; walltime: 554.8
36658.0/37230.0 days/days; walltime: 629.0
36659.0/37230.0 days/days; walltime: 160.1
36660.0/37230.0 days/days; walltime: 732.2
36661.0/37230.0 days/days; walltime: 303.5
36662.0/37230.0 days/days; walltime: 524.4
36663.0/37230.0 days/days; walltime: 253.1
36664.0/37230.0 days/days; walltime: 57.6
36665.0/37230.0 days/days; walltime: 74.7
36666.0/37230.0 days/days; walltime: 182.6
36667.0/37230.0 days/days; walltime: 267.2
36668.0/37230.0 days/days; walltime: 1106.5
36669.0/37230.0 days/days; walltime: 945.6
36670.0/37230.0 days/days; walltime: 119.9
36671.0/37230.0 days/days; walltime: 103.6
36672.0/37230.0 days/days; walltime: 152.5
36673.0/37230.0 days/days; walltime: 521.7
36674.0/37230.0 days/days; walltime: 592.6
36675.0/37230.0 days/days; walltime: 126.3
36676.0/37230.0 days/days; walltime: 621.8
36677.0/37230.0 days/days; walltime: 835.5
36678.0/37230.0 days/days; walltime: 153.9
36679.0/37230.0 days/days; walltime: 374.0
36680.0/37230.0 days/days; walltime: 348.9
36681.0/37230.0 days/days; walltime: 185.1
36682.0/37230.0 days/days; walltime: 125.2
36683.0/37230.0 days/days; walltime: 725.0
36684.0/37230.0 days/days; walltime: 877.2
36685.0/37230.0 days/days; walltime: 1886.3
36686.0/37230.0 days/days; walltime: 1384.3
36687.0/37230.0 days/days; walltime: 926.7
36688.0/37230.0 days/days; walltime: 243.5
36689.0/37230.0 days/days; walltime: 991.1
36690.0/37230.0 days/days; walltime: 1044.5
36691.0/37230.0 days/days; walltime: 492.5
36692.0/37230.0 days/days; walltime: 537.5
36693.0/37230.0 days/days; walltime: 256.0
36694.0/37230.0 days/days; walltime: 117.5
36695.0/37230.0 days/days; walltime: 132.4
36696.0/37230.0 days/days; walltime: 88.4
36697.0/37230.0 days/days; walltime: 403.7
36698.0/37230.0 days/days; walltime: 744.1
36699.0/37230.0 days/days; walltime: 789.2
36700.0/37230.0 days/days; walltime: 586.8
36701.0/37230.0 days/days; walltime: 488.0
36702.0/37230.0 days/days; walltime: 162.6
36703.0/37230.0 days/days; walltime: 209.8
36704.0/37230.0 days/days; walltime: 401.7
36705.0/37230.0 days/days; walltime: 417.1
36706.0/37230.0 days/days; walltime: 478.8
36707.0/37230.0 days/days; walltime: 406.9
36708.0/37230.0 days/days; walltime: 597.0
36709.0/37230.0 days/days; walltime: 328.2
36710.0/37230.0 days/days; walltime: 126.6
36711.0/37230.0 days/days; walltime: 404.5
36712.0/37230.0 days/days; walltime: 228.1
36713.0/37230.0 days/days; walltime: 606.2
36714.0/37230.0 days/days; walltime: 175.9
36715.0/37230.0 days/days; walltime: 157.7
36716.0/37230.0 days/days; walltime: 100.4
36717.0/37230.0 days/days; walltime: 83.6
36718.0/37230.0 days/days; walltime: 87.3
36719.0/37230.0 days/days; walltime: 46.1
36720.0/37230.0 days/days; walltime: 697.4
36721.0/37230.0 days/days; walltime: 790.6
36722.0/37230.0 days/days; walltime: 829.9
36723.0/37230.0 days/days; walltime: 498.8
36724.0/37230.0 days/days; walltime: 537.0
36725.0/37230.0 days/days; walltime: 748.1
36726.0/37230.0 days/days; walltime: 183.8
36727.0/37230.0 days/days; walltime: 207.3
36728.0/37230.0 days/days; walltime: 1246.1
36729.0/37230.0 days/days; walltime: 861.2
36730.0/37230.0 days/days; walltime: 1326.0
36731.0/37230.0 days/days; walltime: 750.4
36732.0/37230.0 days/days; walltime: 195.6
36733.0/37230.0 days/days; walltime: 721.2
36734.0/37230.0 days/days; walltime: 340.8
36735.0/37230.0 days/days; walltime: 98.7
36736.0/37230.0 days/days; walltime: 221.2
36737.0/37230.0 days/days; walltime: 107.2
36738.0/37230.0 days/days; walltime: 127.0
36739.0/37230.0 days/days; walltime: 178.6
36740.0/37230.0 days/days; walltime: 221.1
36741.0/37230.0 days/days; walltime: 875.6
36742.0/37230.0 days/days; walltime: 2381.3
36743.0/37230.0 days/days; walltime: 3004.2
36744.0/37230.0 days/days; walltime: 1073.1
36745.0/37230.0 days/days; walltime: 345.0
36746.0/37230.0 days/days; walltime: 361.3
36747.0/37230.0 days/days; walltime: 854.3
36748.0/37230.0 days/days; walltime: 1166.7
36749.0/37230.0 days/days; walltime: 2154.5
36750.0/37230.0 days/days; walltime: 510.5
36751.0/37230.0 days/days; walltime: 311.4
36752.0/37230.0 days/days; walltime: 648.4
36753.0/37230.0 days/days; walltime: 134.0
36754.0/37230.0 days/days; walltime: 100.8
36755.0/37230.0 days/days; walltime: 62.5
36756.0/37230.0 days/days; walltime: 51.1
36757.0/37230.0 days/days; walltime: 24.6
36758.0/37230.0 days/days; walltime: 6.0
36759.0/37230.0 days/days; walltime: 2.5
36760.0/37230.0 days/days; walltime: 99.2
36761.0/37230.0 days/days; walltime: 352.0
36762.0/37230.0 days/days; walltime: 295.6
36763.0/37230.0 days/days; walltime: 14.6
36764.0/37230.0 days/days; walltime: 202.5
36765.0/37230.0 days/days; walltime: 198.3
36766.0/37230.0 days/days; walltime: 5.2
36767.0/37230.0 days/days; walltime: 22.2
36768.0/37230.0 days/days; walltime: 9.7
36769.0/37230.0 days/days; walltime: 1.9
36770.0/37230.0 days/days; walltime: 1.7
36771.0/37230.0 days/days; walltime: 1.6
36772.0/37230.0 days/days; walltime: 1.5
36773.0/37230.0 days/days; walltime: 4.8
36774.0/37230.0 days/days; walltime: 0.9
36775.0/37230.0 days/days; walltime: 1.0
36776.0/37230.0 days/days; walltime: 0.9
36777.0/37230.0 days/days; walltime: 1.0
36778.0/37230.0 days/days; walltime: 1.0
36779.0/37230.0 days/days; walltime: 1.0
36780.0/37230.0 days/days; walltime: 5.3
36781.0/37230.0 days/days; walltime: 0.8
36782.0/37230.0 days/days; walltime: 96.4
36783.0/37230.0 days/days; walltime: 263.5
36784.0/37230.0 days/days; walltime: 706.0
36785.0/37230.0 days/days; walltime: 696.8
36786.0/37230.0 days/days; walltime: 58.1
36787.0/37230.0 days/days; walltime: 51.7
36788.0/37230.0 days/days; walltime: 31.4
36789.0/37230.0 days/days; walltime: 42.8
36790.0/37230.0 days/days; walltime: 45.4
36791.0/37230.0 days/days; walltime: 24.9
36792.0/37230.0 days/days; walltime: 46.2
36793.0/37230.0 days/days; walltime: 12.6
36794.0/37230.0 days/days; walltime: 31.2
36795.0/37230.0 days/days; walltime: 20.9
36796.0/37230.0 days/days; walltime: 31.9
36797.0/37230.0 days/days; walltime: 1.9
36798.0/37230.0 days/days; walltime: 3.6
36799.0/37230.0 days/days; walltime: 1.0
36800.0/37230.0 days/days; walltime: 1.2
36801.0/37230.0 days/days; walltime: 1.2
36802.0/37230.0 days/days; walltime: 1.2
36803.0/37230.0 days/days; walltime: 1.3
36804.0/37230.0 days/days; walltime: 3.2
36805.0/37230.0 days/days; walltime: 0.9
36806.0/37230.0 days/days; walltime: 0.8
36807.0/37230.0 days/days; walltime: 0.6
36808.0/37230.0 days/days; walltime: 0.7
36809.0/37230.0 days/days; walltime: 0.5
36810.0/37230.0 days/days; walltime: 0.7
36811.0/37230.0 days/days; walltime: 0.5
36812.0/37230.0 days/days; walltime: 0.7
36813.0/37230.0 days/days; walltime: 0.9
36814.0/37230.0 days/days; walltime: 0.5
36815.0/37230.0 days/days; walltime: 0.5
36816.0/37230.0 days/days; walltime: 0.4
36817.0/37230.0 days/days; walltime: 0.7
36818.0/37230.0 days/days; walltime: 0.4
36819.0/37230.0 days/days; walltime: 0.4
36820.0/37230.0 days/days; walltime: 0.5
36821.0/37230.0 days/days; walltime: 0.4
36822.0/37230.0 days/days; walltime: 0.4
36823.0/37230.0 days/days; walltime: 0.6
36824.0/37230.0 days/days; walltime: 0.6
36825.0/37230.0 days/days; walltime: 0.3
36826.0/37230.0 days/days; walltime: 0.5
36827.0/37230.0 days/days; walltime: 3.9
36828.0/37230.0 days/days; walltime: 0.6
36829.0/37230.0 days/days; walltime: 0.4
36830.0/37230.0 days/days; walltime: 0.2
36831.0/37230.0 days/days; walltime: 0.4
36832.0/37230.0 days/days; walltime: 0.4
36833.0/37230.0 days/days; walltime: 0.4
36834.0/37230.0 days/days; walltime: 0.2
36835.0/37230.0 days/days; walltime: 0.3
36836.0/37230.0 days/days; walltime: 0.4
36837.0/37230.0 days/days; walltime: 0.2
36838.0/37230.0 days/days; walltime: 0.3
36839.0/37230.0 days/days; walltime: 0.4
36840.0/37230.0 days/days; walltime: 0.1
36841.0/37230.0 days/days; walltime: 0.4
36842.0/37230.0 days/days; walltime: 0.1
36843.0/37230.0 days/days; walltime: 0.3
36844.0/37230.0 days/days; walltime: 0.4
36845.0/37230.0 days/days; walltime: 0.1
36846.0/37230.0 days/days; walltime: 0.3
36847.0/37230.0 days/days; walltime: 0.1
36848.0/37230.0 days/days; walltime: 0.4
36849.0/37230.0 days/days; walltime: 0.1
36850.0/37230.0 days/days; walltime: 0.4
36851.0/37230.0 days/days; walltime: 0.2
36852.0/37230.0 days/days; walltime: 0.2
36853.0/37230.0 days/days; walltime: 0.3
36854.0/37230.0 days/days; walltime: 0.4
36855.0/37230.0 days/days; walltime: 0.2
36856.0/37230.0 days/days; walltime: 0.4
36857.0/37230.0 days/days; walltime: 0.2
36858.0/37230.0 days/days; walltime: 0.4
36859.0/37230.0 days/days; walltime: 0.2
36860.0/37230.0 days/days; walltime: 4.1
36861.0/37230.0 days/days; walltime: 0.6
36862.0/37230.0 days/days; walltime: 0.2
36863.0/37230.0 days/days; walltime: 0.4
36864.0/37230.0 days/days; walltime: 0.1
36865.0/37230.0 days/days; walltime: 0.3
36866.0/37230.0 days/days; walltime: 0.1
36867.0/37230.0 days/days; walltime: 0.3
36868.0/37230.0 days/days; walltime: 0.1
36869.0/37230.0 days/days; walltime: 0.3
36870.0/37230.0 days/days; walltime: 0.1
36871.0/37230.0 days/days; walltime: 0.3
36872.0/37230.0 days/days; walltime: 0.1
36873.0/37230.0 days/days; walltime: 0.3
36874.0/37230.0 days/days; walltime: 0.1
36875.0/37230.0 days/days; walltime: 0.3
36876.0/37230.0 days/days; walltime: 0.1
36877.0/37230.0 days/days; walltime: 0.2
36878.0/37230.0 days/days; walltime: 0.1
36879.0/37230.0 days/days; walltime: 0.3
36880.0/37230.0 days/days; walltime: 0.1
36881.0/37230.0 days/days; walltime: 0.3
36882.0/37230.0 days/days; walltime: 0.1
36883.0/37230.0 days/days; walltime: 0.1
36884.0/37230.0 days/days; walltime: 0.3
36885.0/37230.0 days/days; walltime: 0.1
36886.0/37230.0 days/days; walltime: 0.2
36887.0/37230.0 days/days; walltime: 0.1
36888.0/37230.0 days/days; walltime: 0.3
36889.0/37230.0 days/days; walltime: 0.1
36890.0/37230.0 days/days; walltime: 0.1
36891.0/37230.0 days/days; walltime: 0.2
36892.0/37230.0 days/days; walltime: 0.1
36893.0/37230.0 days/days; walltime: 0.3
36894.0/37230.0 days/days; walltime: 0.1
36895.0/37230.0 days/days; walltime: 0.1
36896.0/37230.0 days/days; walltime: 0.2
36897.0/37230.0 days/days; walltime: 0.1
36898.0/37230.0 days/days; walltime: 0.1
36899.0/37230.0 days/days; walltime: 0.3
36900.0/37230.0 days/days; walltime: 0.1
36901.0/37230.0 days/days; walltime: 0.3
36902.0/37230.0 days/days; walltime: 0.1
36903.0/37230.0 days/days; walltime: 0.1
36904.0/37230.0 days/days; walltime: 0.3
36905.0/37230.0 days/days; walltime: 0.1
36906.0/37230.0 days/days; walltime: 0.1
36907.0/37230.0 days/days; walltime: 0.1
36908.0/37230.0 days/days; walltime: 0.1
36909.0/37230.0 days/days; walltime: 0.3
36910.0/37230.0 days/days; walltime: 0.1
36911.0/37230.0 days/days; walltime: 0.1
36912.0/37230.0 days/days; walltime: 0.3
36913.0/37230.0 days/days; walltime: 0.1
36914.0/37230.0 days/days; walltime: 0.1
36915.0/37230.0 days/days; walltime: 0.3
36916.0/37230.0 days/days; walltime: 0.1
36917.0/37230.0 days/days; walltime: 0.3
36918.0/37230.0 days/days; walltime: 0.1
36919.0/37230.0 days/days; walltime: 0.1
36920.0/37230.0 days/days; walltime: 0.3
36921.0/37230.0 days/days; walltime: 0.1
36922.0/37230.0 days/days; walltime: 0.1
36923.0/37230.0 days/days; walltime: 0.3
36924.0/37230.0 days/days; walltime: 0.1
36925.0/37230.0 days/days; walltime: 0.1
36926.0/37230.0 days/days; walltime: 0.3
36927.0/37230.0 days/days; walltime: 0.1
36928.0/37230.0 days/days; walltime: 0.1
36929.0/37230.0 days/days; walltime: 0.1
36930.0/37230.0 days/days; walltime: 0.4
36931.0/37230.0 days/days; walltime: 0.1
36932.0/37230.0 days/days; walltime: 0.1
36933.0/37230.0 days/days; walltime: 0.2
36934.0/37230.0 days/days; walltime: 0.2
36935.0/37230.0 days/days; walltime: 0.1
36936.0/37230.0 days/days; walltime: 0.2
36937.0/37230.0 days/days; walltime: 0.1
36938.0/37230.0 days/days; walltime: 0.1
36939.0/37230.0 days/days; walltime: 0.4
36940.0/37230.0 days/days; walltime: 0.1
36941.0/37230.0 days/days; walltime: 0.1
36942.0/37230.0 days/days; walltime: 0.1
36943.0/37230.0 days/days; walltime: 0.2
36944.0/37230.0 days/days; walltime: 0.1
36945.0/37230.0 days/days; walltime: 0.2
36946.0/37230.0 days/days; walltime: 0.2
36947.0/37230.0 days/days; walltime: 0.1
36948.0/37230.0 days/days; walltime: 0.1
36949.0/37230.0 days/days; walltime: 0.1
36950.0/37230.0 days/days; walltime: 0.1
36951.0/37230.0 days/days; walltime: 0.4
36952.0/37230.0 days/days; walltime: 0.1
36953.0/37230.0 days/days; walltime: 0.1
36954.0/37230.0 days/days; walltime: 0.2
36955.0/37230.0 days/days; walltime: 0.1
36956.0/37230.0 days/days; walltime: 0.1
36957.0/37230.0 days/days; walltime: 0.1
36958.0/37230.0 days/days; walltime: 0.2
36959.0/37230.0 days/days; walltime: 0.1
36960.0/37230.0 days/days; walltime: 0.2
36961.0/37230.0 days/days; walltime: 0.1
36962.0/37230.0 days/days; walltime: 0.1
36963.0/37230.0 days/days; walltime: 0.1
36964.0/37230.0 days/days; walltime: 0.2
36965.0/37230.0 days/days; walltime: 0.1
36966.0/37230.0 days/days; walltime: 0.1
36967.0/37230.0 days/days; walltime: 0.1
36968.0/37230.0 days/days; walltime: 10.7
36969.0/37230.0 days/days; walltime: 0.2
36970.0/37230.0 days/days; walltime: 0.5
36971.0/37230.0 days/days; walltime: 0.3
36972.0/37230.0 days/days; walltime: 0.1
36973.0/37230.0 days/days; walltime: 0.1
36974.0/37230.0 days/days; walltime: 0.1
36975.0/37230.0 days/days; walltime: 0.1
36976.0/37230.0 days/days; walltime: 0.1
36977.0/37230.0 days/days; walltime: 0.1
36978.0/37230.0 days/days; walltime: 0.1
36979.0/37230.0 days/days; walltime: 0.1
36980.0/37230.0 days/days; walltime: 0.1
36981.0/37230.0 days/days; walltime: 0.1
36982.0/37230.0 days/days; walltime: 0.1
36983.0/37230.0 days/days; walltime: 0.1
36984.0/37230.0 days/days; walltime: 0.2
36985.0/37230.0 days/days; walltime: 0.1
36986.0/37230.0 days/days; walltime: 0.1
--36987.0/37230.0 days/days; walltime: 2.4
--36988.0/37230.0 days/days; walltime: 77.0
36989.0/37230.0 days/days; walltime: 118.3
36990.0/37230.0 days/days; walltime: 1.4
36991.0/37230.0 days/days; walltime: 0.6
36992.0/37230.0 days/days; walltime: 0.4
36993.0/37230.0 days/days; walltime: 0.3
36994.0/37230.0 days/days; walltime: 0.5
36995.0/37230.0 days/days; walltime: 0.3
36996.0/37230.0 days/days; walltime: 0.3
36997.0/37230.0 days/days; walltime: 0.4
36998.0/37230.0 days/days; walltime: 0.2
36999.0/37230.0 days/days; walltime: 0.4
37000.0/37230.0 days/days; walltime: 0.2
37001.0/37230.0 days/days; walltime: 0.4
37002.0/37230.0 days/days; walltime: 0.2
--37003.0/37230.0 days/days; walltime: 17.7
37004.0/37230.0 days/days; walltime: 108.5
37005.0/37230.0 days/days; walltime: 97.4
37006.0/37230.0 days/days; walltime: 86.2
37007.0/37230.0 days/days; walltime: 1.6
37008.0/37230.0 days/days; walltime: 1.3
37009.0/37230.0 days/days; walltime: 1.5
37010.0/37230.0 days/days; walltime: 1.2
37011.0/37230.0 days/days; walltime: 1.3
37012.0/37230.0 days/days; walltime: 1.1
37013.0/37230.0 days/days; walltime: 1.1
37014.0/37230.0 days/days; walltime: 1.0
37015.0/37230.0 days/days; walltime: 1.0
37016.0/37230.0 days/days; walltime: 0.9
37017.0/37230.0 days/days; walltime: 7.6
37018.0/37230.0 days/days; walltime: 95.2
37019.0/37230.0 days/days; walltime: 139.6
37020.0/37230.0 days/days; walltime: 542.2
37021.0/37230.0 days/days; walltime: 418.6
37022.0/37230.0 days/days; walltime: 654.8
37023.0/37230.0 days/days; walltime: 703.2
37024.0/37230.0 days/days; walltime: 254.2
37025.0/37230.0 days/days; walltime: 677.3
37026.0/37230.0 days/days; walltime: 365.7
37027.0/37230.0 days/days; walltime: 540.3
37028.0/37230.0 days/days; walltime: 272.4
37029.0/37230.0 days/days; walltime: 45.1
37030.0/37230.0 days/days; walltime: 72.8
37031.0/37230.0 days/days; walltime: 186.5
37032.0/37230.0 days/days; walltime: 278.8
37033.0/37230.0 days/days; walltime: 1155.1
37034.0/37230.0 days/days; walltime: 991.6
37035.0/37230.0 days/days; walltime: 70.5
37036.0/37230.0 days/days; walltime: 76.9
37037.0/37230.0 days/days; walltime: 120.5
37038.0/37230.0 days/days; walltime: 561.6
37039.0/37230.0 days/days; walltime: 576.8
37040.0/37230.0 days/days; walltime: 139.6
37041.0/37230.0 days/days; walltime: 677.9
37042.0/37230.0 days/days; walltime: 862.2
37043.0/37230.0 days/days; walltime: 230.9
37044.0/37230.0 days/days; walltime: 432.0
37045.0/37230.0 days/days; walltime: 382.5
37046.0/37230.0 days/days; walltime: 175.8
37047.0/37230.0 days/days; walltime: 126.6
37048.0/37230.0 days/days; walltime: 755.2
37049.0/37230.0 days/days; walltime: 814.1
37050.0/37230.0 days/days; walltime: 1889.7
37051.0/37230.0 days/days; walltime: 1428.1
37052.0/37230.0 days/days; walltime: 901.8
37053.0/37230.0 days/days; walltime: 257.8
37054.0/37230.0 days/days; walltime: 954.9
37055.0/37230.0 days/days; walltime: 1063.8
37056.0/37230.0 days/days; walltime: 546.2
37057.0/37230.0 days/days; walltime: 513.0
37058.0/37230.0 days/days; walltime: 249.8
37059.0/37230.0 days/days; walltime: 133.0
37060.0/37230.0 days/days; walltime: 111.2
37061.0/37230.0 days/days; walltime: 106.6
37062.0/37230.0 days/days; walltime: 438.4
37063.0/37230.0 days/days; walltime: 799.3
37064.0/37230.0 days/days; walltime: 741.7
slurmstepd: error: *** JOB 61293709 ON cdr738 CANCELLED AT 2023-02-28T13:00:54 ***
