Case 3:
Picked up JAVA_TOOL_OPTIONS: -Xmx2g
Opening log file:  /tmp/java.log.3659

                            < M A T L A B (R) >
                  Copyright 1984-2022 The MathWorks, Inc.
                  R2022a (9.12.0.1884302) 64-bit (glnxa64)
                             February 16, 2022

 
To get started, type doc.
For product information, visit www.mathworks.com.
 

config = 

  struct with fields:

                 k_s: 0.2500
                 l_c: 10
            n_moulin: 68
    creep_const_soft: 0
             mesh_nr: 4
                 e_v: 1.0000e-04
                 k_c: 0.1500
               h_bed: 0.5000
               l_bed: 10
               alpha: 3
                beta: 2
               omega: 0

Running model run (ode15s):
Run to steady
Saving model run to
./RUN/output_103_steady.nc
Fields, IC & BC initialised
Initial phi calculated in 0.6s
0.0/36500.0 days/days; walltime: 17.9
----------------------------------------------------------------------------------------------------------------------------------------------------------------------------------------------------------------------------------1825.0/36500.0 days/days; walltime: 184.3
-------------------------------3650.0/36500.0 days/days; walltime: 5.9
-------------5475.0/36500.0 days/days; walltime: 1.1
------7300.0/36500.0 days/days; walltime: 0.4
---------------------------------------------9125.0/36500.0 days/days; walltime: 5.7
-10950.0/36500.0 days/days; walltime: 945.0
12775.0/36500.0 days/days; walltime: 607.5
14600.0/36500.0 days/days; walltime: 443.9
16425.0/36500.0 days/days; walltime: 434.8
-18250.0/36500.0 days/days; walltime: 292.2
20075.0/36500.0 days/days; walltime: 72.5
21900.0/36500.0 days/days; walltime: 4.0
23725.0/36500.0 days/days; walltime: 2.1
25550.0/36500.0 days/days; walltime: 1.0
27375.0/36500.0 days/days; walltime: 0.7
29200.0/36500.0 days/days; walltime: 0.4
31025.0/36500.0 days/days; walltime: 0.4
32850.0/36500.0 days/days; walltime: 0.1
34675.0/36500.0 days/days; walltime: 0.2
Wallclock for model run: 3024.4s
 

fields = 

  struct with fields:

    nodes: [1x1 struct]
    edges: [1x1 struct]
       BC: [1x1 struct]

Running model run (ode15s):
Run seasonal
Saving model run to
./RUN/output_103_seasonal.nc
IC initialised from struct
IC initialised from file/given & rest from parameters and given functions
36500.0/37230.0 days/days; walltime: 13.9
36501.0/37230.0 days/days; walltime: 49.5
36502.0/37230.0 days/days; walltime: 9.5
36503.0/37230.0 days/days; walltime: 26.1
36504.0/37230.0 days/days; walltime: 25.0
36505.0/37230.0 days/days; walltime: 25.5
36506.0/37230.0 days/days; walltime: 16.4
36507.0/37230.0 days/days; walltime: 8.9
36508.0/37230.0 days/days; walltime: 15.0
36509.0/37230.0 days/days; walltime: 3.2
36510.0/37230.0 days/days; walltime: 3.2
36511.0/37230.0 days/days; walltime: 3.3
36512.0/37230.0 days/days; walltime: 2.8
36513.0/37230.0 days/days; walltime: 5.0
36514.0/37230.0 days/days; walltime: 35.7
36515.0/37230.0 days/days; walltime: 1.8
36516.0/37230.0 days/days; walltime: 2.1
36517.0/37230.0 days/days; walltime: 1.6
36518.0/37230.0 days/days; walltime: 1.9
36519.0/37230.0 days/days; walltime: 1.7
36520.0/37230.0 days/days; walltime: 5.8
36521.0/37230.0 days/days; walltime: 1.3
36522.0/37230.0 days/days; walltime: 1.0
36523.0/37230.0 days/days; walltime: 1.2
36524.0/37230.0 days/days; walltime: 1.0
36525.0/37230.0 days/days; walltime: 1.0
36526.0/37230.0 days/days; walltime: 1.2
36527.0/37230.0 days/days; walltime: 1.1
36528.0/37230.0 days/days; walltime: 4.9
36529.0/37230.0 days/days; walltime: 1.0
36530.0/37230.0 days/days; walltime: 0.9
36531.0/37230.0 days/days; walltime: 0.8
36532.0/37230.0 days/days; walltime: 0.9
36533.0/37230.0 days/days; walltime: 0.7
36534.0/37230.0 days/days; walltime: 0.8
36535.0/37230.0 days/days; walltime: 1.1
36536.0/37230.0 days/days; walltime: 2.2
36537.0/37230.0 days/days; walltime: 0.6
36538.0/37230.0 days/days; walltime: 0.7
36539.0/37230.0 days/days; walltime: 0.4
36540.0/37230.0 days/days; walltime: 0.5
36541.0/37230.0 days/days; walltime: 0.3
36542.0/37230.0 days/days; walltime: 2.1
36543.0/37230.0 days/days; walltime: 0.3
36544.0/37230.0 days/days; walltime: 0.3
36545.0/37230.0 days/days; walltime: 0.4
36546.0/37230.0 days/days; walltime: 0.8
36547.0/37230.0 days/days; walltime: 2.0
36548.0/37230.0 days/days; walltime: 0.6
36549.0/37230.0 days/days; walltime: 0.6
36550.0/37230.0 days/days; walltime: 0.4
36551.0/37230.0 days/days; walltime: 0.7
36552.0/37230.0 days/days; walltime: 2.0
36553.0/37230.0 days/days; walltime: 0.5
36554.0/37230.0 days/days; walltime: 0.4
36555.0/37230.0 days/days; walltime: 0.5
36556.0/37230.0 days/days; walltime: 0.7
36557.0/37230.0 days/days; walltime: 0.4
36558.0/37230.0 days/days; walltime: 0.4
36559.0/37230.0 days/days; walltime: 1.6
36560.0/37230.0 days/days; walltime: 0.7
36561.0/37230.0 days/days; walltime: 0.4
36562.0/37230.0 days/days; walltime: 0.4
36563.0/37230.0 days/days; walltime: 0.4
36564.0/37230.0 days/days; walltime: 0.4
36565.0/37230.0 days/days; walltime: 0.4
36566.0/37230.0 days/days; walltime: 1.6
36567.0/37230.0 days/days; walltime: 0.2
36568.0/37230.0 days/days; walltime: 0.2
36569.0/37230.0 days/days; walltime: 0.2
36570.0/37230.0 days/days; walltime: 0.2
36571.0/37230.0 days/days; walltime: 0.2
36572.0/37230.0 days/days; walltime: 0.4
36573.0/37230.0 days/days; walltime: 0.5
36574.0/37230.0 days/days; walltime: 0.4
36575.0/37230.0 days/days; walltime: 0.4
36576.0/37230.0 days/days; walltime: 0.3
36577.0/37230.0 days/days; walltime: 0.3
36578.0/37230.0 days/days; walltime: 0.4
36579.0/37230.0 days/days; walltime: 0.3
36580.0/37230.0 days/days; walltime: 0.3
36581.0/37230.0 days/days; walltime: 0.3
36582.0/37230.0 days/days; walltime: 0.3
36583.0/37230.0 days/days; walltime: 0.3
36584.0/37230.0 days/days; walltime: 0.3
36585.0/37230.0 days/days; walltime: 0.3
36586.0/37230.0 days/days; walltime: 0.3
36587.0/37230.0 days/days; walltime: 0.3
36588.0/37230.0 days/days; walltime: 0.3
36589.0/37230.0 days/days; walltime: 0.3
36590.0/37230.0 days/days; walltime: 0.3
36591.0/37230.0 days/days; walltime: 0.1
36592.0/37230.0 days/days; walltime: 0.3
36593.0/37230.0 days/days; walltime: 0.3
36594.0/37230.0 days/days; walltime: 0.3
36595.0/37230.0 days/days; walltime: 0.3
36596.0/37230.0 days/days; walltime: 0.1
36597.0/37230.0 days/days; walltime: 0.3
36598.0/37230.0 days/days; walltime: 0.1
36599.0/37230.0 days/days; walltime: 0.1
36600.0/37230.0 days/days; walltime: 0.3
36601.0/37230.0 days/days; walltime: 0.3
36602.0/37230.0 days/days; walltime: 0.1
36603.0/37230.0 days/days; walltime: 0.3
36604.0/37230.0 days/days; walltime: 0.1
36605.0/37230.0 days/days; walltime: 0.1
36606.0/37230.0 days/days; walltime: 0.4
36607.0/37230.0 days/days; walltime: 0.2
36608.0/37230.0 days/days; walltime: 0.2
36609.0/37230.0 days/days; walltime: 0.4
36610.0/37230.0 days/days; walltime: 0.2
36611.0/37230.0 days/days; walltime: 0.4
36612.0/37230.0 days/days; walltime: 0.4
36613.0/37230.0 days/days; walltime: 0.2
36614.0/37230.0 days/days; walltime: 0.4
36615.0/37230.0 days/days; walltime: 3.2
36616.0/37230.0 days/days; walltime: 4.6
36617.0/37230.0 days/days; walltime: 3.3
36618.0/37230.0 days/days; walltime: 5.2
36619.0/37230.0 days/days; walltime: 6.3
36620.0/37230.0 days/days; walltime: 7.0
36621.0/37230.0 days/days; walltime: 8.8
36622.0/37230.0 days/days; walltime: 8.3
36623.0/37230.0 days/days; walltime: 7.8
36624.0/37230.0 days/days; walltime: 9.3
36625.0/37230.0 days/days; walltime: 7.8
36626.0/37230.0 days/days; walltime: 8.5
36627.0/37230.0 days/days; walltime: 9.8
36628.0/37230.0 days/days; walltime: 8.4
36629.0/37230.0 days/days; walltime: 9.6
36630.0/37230.0 days/days; walltime: 8.1
36631.0/37230.0 days/days; walltime: 9.2
36632.0/37230.0 days/days; walltime: 9.4
36633.0/37230.0 days/days; walltime: 9.7
36634.0/37230.0 days/days; walltime: 9.5
36635.0/37230.0 days/days; walltime: 8.1
36636.0/37230.0 days/days; walltime: 8.9
36637.0/37230.0 days/days; walltime: 8.6
36638.0/37230.0 days/days; walltime: 8.5
36639.0/37230.0 days/days; walltime: 8.3
36640.0/37230.0 days/days; walltime: 10.2
36641.0/37230.0 days/days; walltime: 7.3
36642.0/37230.0 days/days; walltime: 12.7
36643.0/37230.0 days/days; walltime: 7.4
36644.0/37230.0 days/days; walltime: 14.3
36645.0/37230.0 days/days; walltime: 9.4
36646.0/37230.0 days/days; walltime: 7.3
36647.0/37230.0 days/days; walltime: 6.5
36648.0/37230.0 days/days; walltime: 7.7
36649.0/37230.0 days/days; walltime: 8.0
36650.0/37230.0 days/days; walltime: 8.0
36651.0/37230.0 days/days; walltime: 7.3
36652.0/37230.0 days/days; walltime: 5.4
36653.0/37230.0 days/days; walltime: 7.2
36654.0/37230.0 days/days; walltime: 5.7
36655.0/37230.0 days/days; walltime: 10.6
36656.0/37230.0 days/days; walltime: 6.3
36657.0/37230.0 days/days; walltime: 5.6
36658.0/37230.0 days/days; walltime: 15.7
36659.0/37230.0 days/days; walltime: 6.2
36660.0/37230.0 days/days; walltime: 7.9
36661.0/37230.0 days/days; walltime: 14.7
36662.0/37230.0 days/days; walltime: 23.3
36663.0/37230.0 days/days; walltime: 14.7
36664.0/37230.0 days/days; walltime: 10.6
36665.0/37230.0 days/days; walltime: 11.8
36666.0/37230.0 days/days; walltime: 10.5
36667.0/37230.0 days/days; walltime: 5.8
36668.0/37230.0 days/days; walltime: 8.6
36669.0/37230.0 days/days; walltime: 9.6
36670.0/37230.0 days/days; walltime: 24.5
36671.0/37230.0 days/days; walltime: 12.2
36672.0/37230.0 days/days; walltime: 8.8
36673.0/37230.0 days/days; walltime: 8.5
36674.0/37230.0 days/days; walltime: 14.4
36675.0/37230.0 days/days; walltime: 8.1
36676.0/37230.0 days/days; walltime: 24.8
36677.0/37230.0 days/days; walltime: 21.2
36678.0/37230.0 days/days; walltime: 19.5
36679.0/37230.0 days/days; walltime: 6.1
36680.0/37230.0 days/days; walltime: 23.0
36681.0/37230.0 days/days; walltime: 17.9
36682.0/37230.0 days/days; walltime: 11.5
36683.0/37230.0 days/days; walltime: 20.9
36684.0/37230.0 days/days; walltime: 18.9
36685.0/37230.0 days/days; walltime: 18.1
36686.0/37230.0 days/days; walltime: 7.3
36687.0/37230.0 days/days; walltime: 24.0
36688.0/37230.0 days/days; walltime: 4.4
36689.0/37230.0 days/days; walltime: 9.1
36690.0/37230.0 days/days; walltime: 11.9
36691.0/37230.0 days/days; walltime: 2.6
36692.0/37230.0 days/days; walltime: 7.0
36693.0/37230.0 days/days; walltime: 5.8
36694.0/37230.0 days/days; walltime: 9.8
36695.0/37230.0 days/days; walltime: 5.8
36696.0/37230.0 days/days; walltime: 3.6
36697.0/37230.0 days/days; walltime: 3.5
36698.0/37230.0 days/days; walltime: 8.7
36699.0/37230.0 days/days; walltime: 4.1
36700.0/37230.0 days/days; walltime: 16.2
36701.0/37230.0 days/days; walltime: 9.3
36702.0/37230.0 days/days; walltime: 7.4
36703.0/37230.0 days/days; walltime: 2.8
36704.0/37230.0 days/days; walltime: 4.4
36705.0/37230.0 days/days; walltime: 5.9
36706.0/37230.0 days/days; walltime: 3.2
36707.0/37230.0 days/days; walltime: 2.9
36708.0/37230.0 days/days; walltime: 2.1
36709.0/37230.0 days/days; walltime: 13.9
36710.0/37230.0 days/days; walltime: 6.6
36711.0/37230.0 days/days; walltime: 3.4
36712.0/37230.0 days/days; walltime: 3.5
36713.0/37230.0 days/days; walltime: 4.8
36714.0/37230.0 days/days; walltime: 4.3
36715.0/37230.0 days/days; walltime: 10.1
36716.0/37230.0 days/days; walltime: 5.2
36717.0/37230.0 days/days; walltime: 3.1
36718.0/37230.0 days/days; walltime: 2.6
36719.0/37230.0 days/days; walltime: 3.8
36720.0/37230.0 days/days; walltime: 4.4
36721.0/37230.0 days/days; walltime: 4.3
36722.0/37230.0 days/days; walltime: 5.1
36723.0/37230.0 days/days; walltime: 7.9
36724.0/37230.0 days/days; walltime: 4.2
36725.0/37230.0 days/days; walltime: 13.0
36726.0/37230.0 days/days; walltime: 7.2
36727.0/37230.0 days/days; walltime: 12.0
36728.0/37230.0 days/days; walltime: 8.1
36729.0/37230.0 days/days; walltime: 5.8
36730.0/37230.0 days/days; walltime: 6.0
36731.0/37230.0 days/days; walltime: 8.0
36732.0/37230.0 days/days; walltime: 8.1
36733.0/37230.0 days/days; walltime: 8.6
36734.0/37230.0 days/days; walltime: 8.5
36735.0/37230.0 days/days; walltime: 10.0
36736.0/37230.0 days/days; walltime: 7.9
36737.0/37230.0 days/days; walltime: 8.3
36738.0/37230.0 days/days; walltime: 9.7
36739.0/37230.0 days/days; walltime: 8.9
36740.0/37230.0 days/days; walltime: 8.1
36741.0/37230.0 days/days; walltime: 9.1
36742.0/37230.0 days/days; walltime: 8.1
36743.0/37230.0 days/days; walltime: 8.6
36744.0/37230.0 days/days; walltime: 12.2
36745.0/37230.0 days/days; walltime: 14.4
36746.0/37230.0 days/days; walltime: 9.3
36747.0/37230.0 days/days; walltime: 12.4
36748.0/37230.0 days/days; walltime: 10.8
36749.0/37230.0 days/days; walltime: 4.6
36750.0/37230.0 days/days; walltime: 6.0
36751.0/37230.0 days/days; walltime: 1.9
36752.0/37230.0 days/days; walltime: 1.6
36753.0/37230.0 days/days; walltime: 1.6
36754.0/37230.0 days/days; walltime: 1.6
36755.0/37230.0 days/days; walltime: 3.4
36756.0/37230.0 days/days; walltime: 1.4
36757.0/37230.0 days/days; walltime: 1.0
36758.0/37230.0 days/days; walltime: 1.0
36759.0/37230.0 days/days; walltime: 0.8
36760.0/37230.0 days/days; walltime: 0.9
36761.0/37230.0 days/days; walltime: 0.9
36762.0/37230.0 days/days; walltime: 0.7
36763.0/37230.0 days/days; walltime: 0.8
36764.0/37230.0 days/days; walltime: 0.7
36765.0/37230.0 days/days; walltime: 1.0
36766.0/37230.0 days/days; walltime: 0.9
36767.0/37230.0 days/days; walltime: 0.9
36768.0/37230.0 days/days; walltime: 5.3
36769.0/37230.0 days/days; walltime: 0.3
36770.0/37230.0 days/days; walltime: 0.3
36771.0/37230.0 days/days; walltime: 0.6
36772.0/37230.0 days/days; walltime: 0.4
36773.0/37230.0 days/days; walltime: 0.7
36774.0/37230.0 days/days; walltime: 0.6
36775.0/37230.0 days/days; walltime: 0.6
36776.0/37230.0 days/days; walltime: 0.5
36777.0/37230.0 days/days; walltime: 0.6
36778.0/37230.0 days/days; walltime: 0.6
36779.0/37230.0 days/days; walltime: 5.2
36780.0/37230.0 days/days; walltime: 0.4
36781.0/37230.0 days/days; walltime: 0.6
36782.0/37230.0 days/days; walltime: 0.4
36783.0/37230.0 days/days; walltime: 0.4
36784.0/37230.0 days/days; walltime: 0.4
36785.0/37230.0 days/days; walltime: 0.4
36786.0/37230.0 days/days; walltime: 0.3
36787.0/37230.0 days/days; walltime: 0.4
36788.0/37230.0 days/days; walltime: 0.2
36789.0/37230.0 days/days; walltime: 1.7
36790.0/37230.0 days/days; walltime: 0.4
36791.0/37230.0 days/days; walltime: 0.3
36792.0/37230.0 days/days; walltime: 0.4
36793.0/37230.0 days/days; walltime: 0.3
36794.0/37230.0 days/days; walltime: 0.3
36795.0/37230.0 days/days; walltime: 0.2
36796.0/37230.0 days/days; walltime: 0.2
36797.0/37230.0 days/days; walltime: 0.2
36798.0/37230.0 days/days; walltime: 0.4
36799.0/37230.0 days/days; walltime: 0.3
36800.0/37230.0 days/days; walltime: 0.3
36801.0/37230.0 days/days; walltime: 0.5
36802.0/37230.0 days/days; walltime: 0.3
36803.0/37230.0 days/days; walltime: 0.3
36804.0/37230.0 days/days; walltime: 0.4
36805.0/37230.0 days/days; walltime: 0.3
36806.0/37230.0 days/days; walltime: 0.3
36807.0/37230.0 days/days; walltime: 0.3
36808.0/37230.0 days/days; walltime: 0.3
36809.0/37230.0 days/days; walltime: 0.3
36810.0/37230.0 days/days; walltime: 0.3
36811.0/37230.0 days/days; walltime: 0.3
36812.0/37230.0 days/days; walltime: 0.1
36813.0/37230.0 days/days; walltime: 0.3
36814.0/37230.0 days/days; walltime: 0.8
36815.0/37230.0 days/days; walltime: 0.3
36816.0/37230.0 days/days; walltime: 0.4
36817.0/37230.0 days/days; walltime: 0.4
36818.0/37230.0 days/days; walltime: 0.2
36819.0/37230.0 days/days; walltime: 0.4
36820.0/37230.0 days/days; walltime: 0.4
36821.0/37230.0 days/days; walltime: 0.4
36822.0/37230.0 days/days; walltime: 4.1
36823.0/37230.0 days/days; walltime: 0.3
36824.0/37230.0 days/days; walltime: 0.1
36825.0/37230.0 days/days; walltime: 0.1
36826.0/37230.0 days/days; walltime: 0.1
36827.0/37230.0 days/days; walltime: 0.1
36828.0/37230.0 days/days; walltime: 0.1
36829.0/37230.0 days/days; walltime: 0.1
36830.0/37230.0 days/days; walltime: 0.1
36831.0/37230.0 days/days; walltime: 0.1
36832.0/37230.0 days/days; walltime: 0.1
36833.0/37230.0 days/days; walltime: 0.1
36834.0/37230.0 days/days; walltime: 0.3
36835.0/37230.0 days/days; walltime: 0.3
36836.0/37230.0 days/days; walltime: 0.1
36837.0/37230.0 days/days; walltime: 0.3
36838.0/37230.0 days/days; walltime: 0.3
36839.0/37230.0 days/days; walltime: 0.1
36840.0/37230.0 days/days; walltime: 0.3
36841.0/37230.0 days/days; walltime: 0.3
36842.0/37230.0 days/days; walltime: 0.1
36843.0/37230.0 days/days; walltime: 0.3
36844.0/37230.0 days/days; walltime: 0.2
36845.0/37230.0 days/days; walltime: 0.1
36846.0/37230.0 days/days; walltime: 0.2
36847.0/37230.0 days/days; walltime: 0.3
36848.0/37230.0 days/days; walltime: 0.1
36849.0/37230.0 days/days; walltime: 0.2
36850.0/37230.0 days/days; walltime: 0.1
36851.0/37230.0 days/days; walltime: 0.2
36852.0/37230.0 days/days; walltime: 0.1
36853.0/37230.0 days/days; walltime: 0.2
36854.0/37230.0 days/days; walltime: 0.3
36855.0/37230.0 days/days; walltime: 0.1
36856.0/37230.0 days/days; walltime: 0.2
36857.0/37230.0 days/days; walltime: 0.1
36858.0/37230.0 days/days; walltime: 0.3
36859.0/37230.0 days/days; walltime: 0.1
36860.0/37230.0 days/days; walltime: 0.2
36861.0/37230.0 days/days; walltime: 0.1
36862.0/37230.0 days/days; walltime: 0.3
36863.0/37230.0 days/days; walltime: 0.2
36864.0/37230.0 days/days; walltime: 0.1
36865.0/37230.0 days/days; walltime: 0.2
36866.0/37230.0 days/days; walltime: 0.1
36867.0/37230.0 days/days; walltime: 0.2
36868.0/37230.0 days/days; walltime: 0.1
36869.0/37230.0 days/days; walltime: 0.2
36870.0/37230.0 days/days; walltime: 0.3
36871.0/37230.0 days/days; walltime: 0.1
36872.0/37230.0 days/days; walltime: 0.2
36873.0/37230.0 days/days; walltime: 0.1
36874.0/37230.0 days/days; walltime: 0.3
36875.0/37230.0 days/days; walltime: 0.1
36876.0/37230.0 days/days; walltime: 0.2
36877.0/37230.0 days/days; walltime: 0.1
36878.0/37230.0 days/days; walltime: 0.3
36879.0/37230.0 days/days; walltime: 0.2
36880.0/37230.0 days/days; walltime: 0.1
36881.0/37230.0 days/days; walltime: 0.2
36882.0/37230.0 days/days; walltime: 0.1
36883.0/37230.0 days/days; walltime: 0.2
36884.0/37230.0 days/days; walltime: 0.1
36885.0/37230.0 days/days; walltime: 0.2
36886.0/37230.0 days/days; walltime: 0.1
36887.0/37230.0 days/days; walltime: 0.2
36888.0/37230.0 days/days; walltime: 0.1
36889.0/37230.0 days/days; walltime: 0.2
36890.0/37230.0 days/days; walltime: 0.1
36891.0/37230.0 days/days; walltime: 0.2
36892.0/37230.0 days/days; walltime: 0.0
36893.0/37230.0 days/days; walltime: 0.2
36894.0/37230.0 days/days; walltime: 0.1
36895.0/37230.0 days/days; walltime: 0.2
36896.0/37230.0 days/days; walltime: 0.1
36897.0/37230.0 days/days; walltime: 0.2
36898.0/37230.0 days/days; walltime: 0.1
36899.0/37230.0 days/days; walltime: 0.0
36900.0/37230.0 days/days; walltime: 0.2
36901.0/37230.0 days/days; walltime: 0.1
36902.0/37230.0 days/days; walltime: 0.2
36903.0/37230.0 days/days; walltime: 0.1
36904.0/37230.0 days/days; walltime: 0.2
36905.0/37230.0 days/days; walltime: 0.1
36906.0/37230.0 days/days; walltime: 0.2
36907.0/37230.0 days/days; walltime: 0.3
36908.0/37230.0 days/days; walltime: 0.1
36909.0/37230.0 days/days; walltime: 0.3
36910.0/37230.0 days/days; walltime: 0.2
36911.0/37230.0 days/days; walltime: 0.1
36912.0/37230.0 days/days; walltime: 0.3
36913.0/37230.0 days/days; walltime: 0.1
36914.0/37230.0 days/days; walltime: 0.3
36915.0/37230.0 days/days; walltime: 0.1
36916.0/37230.0 days/days; walltime: 0.2
36917.0/37230.0 days/days; walltime: 0.1
36918.0/37230.0 days/days; walltime: 0.2
36919.0/37230.0 days/days; walltime: 0.2
36920.0/37230.0 days/days; walltime: 0.2
36921.0/37230.0 days/days; walltime: 0.1
36922.0/37230.0 days/days; walltime: 0.1
36923.0/37230.0 days/days; walltime: 0.2
36924.0/37230.0 days/days; walltime: 0.2
36925.0/37230.0 days/days; walltime: 0.2
36926.0/37230.0 days/days; walltime: 0.1
36927.0/37230.0 days/days; walltime: 0.2
36928.0/37230.0 days/days; walltime: 0.2
36929.0/37230.0 days/days; walltime: 0.0
36930.0/37230.0 days/days; walltime: 1.9
36931.0/37230.0 days/days; walltime: 0.2
36932.0/37230.0 days/days; walltime: 0.2
36933.0/37230.0 days/days; walltime: 0.0
36934.0/37230.0 days/days; walltime: 0.0
36935.0/37230.0 days/days; walltime: 0.1
36936.0/37230.0 days/days; walltime: 0.0
36937.0/37230.0 days/days; walltime: 0.2
36938.0/37230.0 days/days; walltime: 0.0
36939.0/37230.0 days/days; walltime: 0.2
36940.0/37230.0 days/days; walltime: 0.0
36941.0/37230.0 days/days; walltime: 0.1
36942.0/37230.0 days/days; walltime: 0.2
36943.0/37230.0 days/days; walltime: 0.1
36944.0/37230.0 days/days; walltime: 0.0
36945.0/37230.0 days/days; walltime: 0.2
36946.0/37230.0 days/days; walltime: 0.1
36947.0/37230.0 days/days; walltime: 0.0
36948.0/37230.0 days/days; walltime: 0.2
36949.0/37230.0 days/days; walltime: 0.1
36950.0/37230.0 days/days; walltime: 0.0
36951.0/37230.0 days/days; walltime: 0.2
36952.0/37230.0 days/days; walltime: 0.1
36953.0/37230.0 days/days; walltime: 0.0
36954.0/37230.0 days/days; walltime: 0.2
36955.0/37230.0 days/days; walltime: 0.1
36956.0/37230.0 days/days; walltime: 0.0
36957.0/37230.0 days/days; walltime: 0.2
36958.0/37230.0 days/days; walltime: 0.0
36959.0/37230.0 days/days; walltime: 0.1
36960.0/37230.0 days/days; walltime: 0.2
36961.0/37230.0 days/days; walltime: 0.0
36962.0/37230.0 days/days; walltime: 0.0
36963.0/37230.0 days/days; walltime: 0.2
36964.0/37230.0 days/days; walltime: 0.0
36965.0/37230.0 days/days; walltime: 0.0
36966.0/37230.0 days/days; walltime: 0.0
36967.0/37230.0 days/days; walltime: 0.2
36968.0/37230.0 days/days; walltime: 0.1
36969.0/37230.0 days/days; walltime: 0.0
36970.0/37230.0 days/days; walltime: 0.2
36971.0/37230.0 days/days; walltime: 0.0
36972.0/37230.0 days/days; walltime: 0.0
36973.0/37230.0 days/days; walltime: 0.0
36974.0/37230.0 days/days; walltime: 0.2
36975.0/37230.0 days/days; walltime: 0.0
36976.0/37230.0 days/days; walltime: 0.1
36977.0/37230.0 days/days; walltime: 0.2
36978.0/37230.0 days/days; walltime: 0.0
36979.0/37230.0 days/days; walltime: 0.0
36980.0/37230.0 days/days; walltime: 1.3
36981.0/37230.0 days/days; walltime: 3.6
36982.0/37230.0 days/days; walltime: 3.2
36983.0/37230.0 days/days; walltime: 5.5
36984.0/37230.0 days/days; walltime: 6.9
36985.0/37230.0 days/days; walltime: 8.3
36986.0/37230.0 days/days; walltime: 10.5
36987.0/37230.0 days/days; walltime: 8.1
36988.0/37230.0 days/days; walltime: 10.1
36989.0/37230.0 days/days; walltime: 9.9
36990.0/37230.0 days/days; walltime: 8.7
36991.0/37230.0 days/days; walltime: 9.8
36992.0/37230.0 days/days; walltime: 9.2
36993.0/37230.0 days/days; walltime: 9.9
36994.0/37230.0 days/days; walltime: 8.7
36995.0/37230.0 days/days; walltime: 9.0
36996.0/37230.0 days/days; walltime: 9.9
36997.0/37230.0 days/days; walltime: 9.3
36998.0/37230.0 days/days; walltime: 10.5
36999.0/37230.0 days/days; walltime: 10.2
37000.0/37230.0 days/days; walltime: 8.4
37001.0/37230.0 days/days; walltime: 9.4
37002.0/37230.0 days/days; walltime: 8.6
37003.0/37230.0 days/days; walltime: 9.4
37004.0/37230.0 days/days; walltime: 7.1
37005.0/37230.0 days/days; walltime: 8.9
37006.0/37230.0 days/days; walltime: 8.1
37007.0/37230.0 days/days; walltime: 15.5
37008.0/37230.0 days/days; walltime: 7.7
37009.0/37230.0 days/days; walltime: 8.8
37010.0/37230.0 days/days; walltime: 9.1
37011.0/37230.0 days/days; walltime: 8.0
37012.0/37230.0 days/days; walltime: 7.6
37013.0/37230.0 days/days; walltime: 7.2
37014.0/37230.0 days/days; walltime: 8.9
37015.0/37230.0 days/days; walltime: 8.2
37016.0/37230.0 days/days; walltime: 7.0
37017.0/37230.0 days/days; walltime: 6.4
37018.0/37230.0 days/days; walltime: 6.5
37019.0/37230.0 days/days; walltime: 6.8
37020.0/37230.0 days/days; walltime: 8.2
37021.0/37230.0 days/days; walltime: 6.7
37022.0/37230.0 days/days; walltime: 5.0
37023.0/37230.0 days/days; walltime: 17.6
37024.0/37230.0 days/days; walltime: 7.9
37025.0/37230.0 days/days; walltime: 11.3
37026.0/37230.0 days/days; walltime: 17.9
37027.0/37230.0 days/days; walltime: 20.0
37028.0/37230.0 days/days; walltime: 11.1
37029.0/37230.0 days/days; walltime: 16.5
37030.0/37230.0 days/days; walltime: 18.0
37031.0/37230.0 days/days; walltime: 16.9
37032.0/37230.0 days/days; walltime: 6.0
37033.0/37230.0 days/days; walltime: 11.4
37034.0/37230.0 days/days; walltime: 8.3
37035.0/37230.0 days/days; walltime: 16.0
37036.0/37230.0 days/days; walltime: 8.0
37037.0/37230.0 days/days; walltime: 24.3
37038.0/37230.0 days/days; walltime: 7.0
37039.0/37230.0 days/days; walltime: 16.8
37040.0/37230.0 days/days; walltime: 7.5
37041.0/37230.0 days/days; walltime: 21.0
37042.0/37230.0 days/days; walltime: 14.2
37043.0/37230.0 days/days; walltime: 9.7
37044.0/37230.0 days/days; walltime: 7.4
37045.0/37230.0 days/days; walltime: 17.2
37046.0/37230.0 days/days; walltime: 18.5
37047.0/37230.0 days/days; walltime: 24.0
37048.0/37230.0 days/days; walltime: 6.3
37049.0/37230.0 days/days; walltime: 31.5
37050.0/37230.0 days/days; walltime: 8.2
37051.0/37230.0 days/days; walltime: 9.6
37052.0/37230.0 days/days; walltime: 18.0
37053.0/37230.0 days/days; walltime: 5.0
37054.0/37230.0 days/days; walltime: 18.5
37055.0/37230.0 days/days; walltime: 14.7
37056.0/37230.0 days/days; walltime: 2.6
37057.0/37230.0 days/days; walltime: 11.1
37058.0/37230.0 days/days; walltime: 11.5
37059.0/37230.0 days/days; walltime: 4.1
37060.0/37230.0 days/days; walltime: 5.3
37061.0/37230.0 days/days; walltime: 7.7
37062.0/37230.0 days/days; walltime: 4.0
37063.0/37230.0 days/days; walltime: 6.7
37064.0/37230.0 days/days; walltime: 11.8
37065.0/37230.0 days/days; walltime: 7.4
37066.0/37230.0 days/days; walltime: 21.5
37067.0/37230.0 days/days; walltime: 6.3
37068.0/37230.0 days/days; walltime: 2.5
37069.0/37230.0 days/days; walltime: 3.2
37070.0/37230.0 days/days; walltime: 4.3
37071.0/37230.0 days/days; walltime: 3.1
37072.0/37230.0 days/days; walltime: 2.9
37073.0/37230.0 days/days; walltime: 2.1
37074.0/37230.0 days/days; walltime: 14.2
37075.0/37230.0 days/days; walltime: 11.1
37076.0/37230.0 days/days; walltime: 3.3
37077.0/37230.0 days/days; walltime: 2.9
37078.0/37230.0 days/days; walltime: 4.2
37079.0/37230.0 days/days; walltime: 3.2
37080.0/37230.0 days/days; walltime: 11.9
37081.0/37230.0 days/days; walltime: 6.2
37082.0/37230.0 days/days; walltime: 3.2
37083.0/37230.0 days/days; walltime: 2.4
37084.0/37230.0 days/days; walltime: 4.6
37085.0/37230.0 days/days; walltime: 2.8
37086.0/37230.0 days/days; walltime: 3.9
37087.0/37230.0 days/days; walltime: 5.9
37088.0/37230.0 days/days; walltime: 17.6
37089.0/37230.0 days/days; walltime: 4.2
37090.0/37230.0 days/days; walltime: 4.9
37091.0/37230.0 days/days; walltime: 7.5
37092.0/37230.0 days/days; walltime: 11.3
37093.0/37230.0 days/days; walltime: 11.3
37094.0/37230.0 days/days; walltime: 7.5
37095.0/37230.0 days/days; walltime: 6.2
37096.0/37230.0 days/days; walltime: 7.3
37097.0/37230.0 days/days; walltime: 9.4
37098.0/37230.0 days/days; walltime: 9.5
37099.0/37230.0 days/days; walltime: 7.6
37100.0/37230.0 days/days; walltime: 9.8
37101.0/37230.0 days/days; walltime: 6.4
37102.0/37230.0 days/days; walltime: 7.5
37103.0/37230.0 days/days; walltime: 9.3
37104.0/37230.0 days/days; walltime: 9.0
37105.0/37230.0 days/days; walltime: 7.8
37106.0/37230.0 days/days; walltime: 9.1
37107.0/37230.0 days/days; walltime: 7.6
37108.0/37230.0 days/days; walltime: 8.9
37109.0/37230.0 days/days; walltime: 43.7
37110.0/37230.0 days/days; walltime: 7.9
37111.0/37230.0 days/days; walltime: 9.9
37112.0/37230.0 days/days; walltime: 27.9
37113.0/37230.0 days/days; walltime: 15.3
37114.0/37230.0 days/days; walltime: 6.0
37115.0/37230.0 days/days; walltime: 5.9
37116.0/37230.0 days/days; walltime: 2.0
37117.0/37230.0 days/days; walltime: 1.6
37118.0/37230.0 days/days; walltime: 1.4
37119.0/37230.0 days/days; walltime: 1.7
37120.0/37230.0 days/days; walltime: 1.7
37121.0/37230.0 days/days; walltime: 3.7
37122.0/37230.0 days/days; walltime: 1.0
37123.0/37230.0 days/days; walltime: 1.0
37124.0/37230.0 days/days; walltime: 1.0
37125.0/37230.0 days/days; walltime: 0.8
37126.0/37230.0 days/days; walltime: 0.9
37127.0/37230.0 days/days; walltime: 0.7
37128.0/37230.0 days/days; walltime: 0.9
37129.0/37230.0 days/days; walltime: 0.7
37130.0/37230.0 days/days; walltime: 0.8
37131.0/37230.0 days/days; walltime: 1.0
37132.0/37230.0 days/days; walltime: 4.9
37133.0/37230.0 days/days; walltime: 0.5
37134.0/37230.0 days/days; walltime: 0.3
37135.0/37230.0 days/days; walltime: 0.3
37136.0/37230.0 days/days; walltime: 0.6
37137.0/37230.0 days/days; walltime: 0.6
37138.0/37230.0 days/days; walltime: 0.4
37139.0/37230.0 days/days; walltime: 0.6
37140.0/37230.0 days/days; walltime: 0.8
37141.0/37230.0 days/days; walltime: 0.6
37142.0/37230.0 days/days; walltime: 0.7
37143.0/37230.0 days/days; walltime: 0.6
37144.0/37230.0 days/days; walltime: 7.6
37145.0/37230.0 days/days; walltime: 0.7
37146.0/37230.0 days/days; walltime: 0.4
37147.0/37230.0 days/days; walltime: 0.5
37148.0/37230.0 days/days; walltime: 0.4
37149.0/37230.0 days/days; walltime: 0.4
37150.0/37230.0 days/days; walltime: 0.4
37151.0/37230.0 days/days; walltime: 0.4
37152.0/37230.0 days/days; walltime: 0.2
37153.0/37230.0 days/days; walltime: 0.2
37154.0/37230.0 days/days; walltime: 1.7
37155.0/37230.0 days/days; walltime: 0.4
37156.0/37230.0 days/days; walltime: 0.3
37157.0/37230.0 days/days; walltime: 0.5
37158.0/37230.0 days/days; walltime: 0.3
37159.0/37230.0 days/days; walltime: 0.2
37160.0/37230.0 days/days; walltime: 0.2
37161.0/37230.0 days/days; walltime: 0.2
37162.0/37230.0 days/days; walltime: 0.2
37163.0/37230.0 days/days; walltime: 0.3
37164.0/37230.0 days/days; walltime: 0.3
37165.0/37230.0 days/days; walltime: 0.3
37166.0/37230.0 days/days; walltime: 0.5
37167.0/37230.0 days/days; walltime: 0.3
37168.0/37230.0 days/days; walltime: 0.3
37169.0/37230.0 days/days; walltime: 0.3
37170.0/37230.0 days/days; walltime: 0.3
37171.0/37230.0 days/days; walltime: 0.3
37172.0/37230.0 days/days; walltime: 0.3
37173.0/37230.0 days/days; walltime: 0.3
37174.0/37230.0 days/days; walltime: 0.1
37175.0/37230.0 days/days; walltime: 0.3
37176.0/37230.0 days/days; walltime: 0.3
37177.0/37230.0 days/days; walltime: 0.3
37178.0/37230.0 days/days; walltime: 0.3
37179.0/37230.0 days/days; walltime: 0.3
37180.0/37230.0 days/days; walltime: 0.3
37181.0/37230.0 days/days; walltime: 0.1
37182.0/37230.0 days/days; walltime: 0.3
37183.0/37230.0 days/days; walltime: 0.3
37184.0/37230.0 days/days; walltime: 0.3
37185.0/37230.0 days/days; walltime: 0.1
37186.0/37230.0 days/days; walltime: 0.4
37187.0/37230.0 days/days; walltime: 0.3
37188.0/37230.0 days/days; walltime: 0.3
37189.0/37230.0 days/days; walltime: 0.2
37190.0/37230.0 days/days; walltime: 0.2
37191.0/37230.0 days/days; walltime: 0.4
37192.0/37230.0 days/days; walltime: 0.4
37193.0/37230.0 days/days; walltime: 0.2
37194.0/37230.0 days/days; walltime: 0.4
37195.0/37230.0 days/days; walltime: 0.4
37196.0/37230.0 days/days; walltime: 2.4
37197.0/37230.0 days/days; walltime: 0.6
37198.0/37230.0 days/days; walltime: 0.4
37199.0/37230.0 days/days; walltime: 0.3
37200.0/37230.0 days/days; walltime: 0.1
37201.0/37230.0 days/days; walltime: 0.2
37202.0/37230.0 days/days; walltime: 0.3
37203.0/37230.0 days/days; walltime: 0.1
37204.0/37230.0 days/days; walltime: 0.3
37205.0/37230.0 days/days; walltime: 0.1
37206.0/37230.0 days/days; walltime: 0.3
37207.0/37230.0 days/days; walltime: 0.2
37208.0/37230.0 days/days; walltime: 0.1
37209.0/37230.0 days/days; walltime: 0.3
37210.0/37230.0 days/days; walltime: 0.1
37211.0/37230.0 days/days; walltime: 0.2
37212.0/37230.0 days/days; walltime: 0.1
37213.0/37230.0 days/days; walltime: 0.3
37214.0/37230.0 days/days; walltime: 0.1
37215.0/37230.0 days/days; walltime: 0.2
37216.0/37230.0 days/days; walltime: 0.1
37217.0/37230.0 days/days; walltime: 0.3
37218.0/37230.0 days/days; walltime: 0.2
37219.0/37230.0 days/days; walltime: 0.1
37220.0/37230.0 days/days; walltime: 0.1
37221.0/37230.0 days/days; walltime: 0.3
37222.0/37230.0 days/days; walltime: 0.1
37223.0/37230.0 days/days; walltime: 0.2
37224.0/37230.0 days/days; walltime: 0.1
37225.0/37230.0 days/days; walltime: 0.1
37226.0/37230.0 days/days; walltime: 0.2
37227.0/37230.0 days/days; walltime: 0.1
37228.0/37230.0 days/days; walltime: 0.1
37229.0/37230.0 days/days; walltime: 0.3
37230.0/37230.0 days/days; walltime: 0.2
Wallclock for model run: 3000.1s
 

fields = 

  struct with fields:

    nodes: [1x1 struct]
    edges: [1x1 struct]
       BC: [1x1 struct]

No cases left; exiting.
