Case 2:
Picked up JAVA_TOOL_OPTIONS: -Xmx2g
Opening log file:  /tmp/java.log.3575

                            < M A T L A B (R) >
                  Copyright 1984-2022 The MathWorks, Inc.
                  R2022a (9.12.0.1884302) 64-bit (glnxa64)
                             February 16, 2022

 
To get started, type doc.
For product information, visit www.mathworks.com.
 

config = 

  struct with fields:

                 k_s: 0.0299
                 l_c: 10
            n_moulin: 68
    creep_const_soft: 0
             mesh_nr: 4
                 e_v: 1.0000e-04
                 k_c: 0.1500
               h_bed: 0.5000
               l_bed: 10
               alpha: 1.5000
                beta: 1.5000
               omega: 0

Running model run (ode15s):
Run to steady
Saving model run to
./RUN/output_102_steady.nc
Fields, IC & BC initialised
Initial phi calculated in 1.4s
0.0/36500.0 days/days; walltime: 19.5
-----------------------------------------------------------------------------------------------------------------------------------------------------------------------------------------------------------------------------------------------------------------------------------------------------------------------------------------------------------------------------------------------------------------------------------------------------------------------------------------------------------------------------------------------------------------------------------------------------------------------------------------------------------------------------------------1825.0/36500.0 days/days; walltime: 202.3
----------------------------------------------3650.0/36500.0 days/days; walltime: 3.3
------------------5475.0/36500.0 days/days; walltime: 1.4
----------------------------------------------7300.0/36500.0 days/days; walltime: 3.0
-----------------------------------------------------------------------------------------------------------------------------------------------------------------------------------9125.0/36500.0 days/days; walltime: 12.1
------------------------------------------------------------------------------------------------------------------------------------------------------------------------------------------------------------------------------------------------------------------------------------------------------------------------------------------------------------------------------------------------------------------------------------------------------------------------------------------------------------------------------------------------------------------------------------------------------------------------------------------------------------------------------------------------------------------------------------------------------------------------------------------------------------------------------------------------------------------------------------------------------------------------------------------------------------------------------------------------------------------------------------------------------------------------------------------------------------------------------------------------------------------------------------------------------------------------------------------------------------------------------------------------------------------------------------------------------------------------------------------------------------------------------------------------------------------------------------------------------------------------------------------------------------------------------------------------------------------------------------------------------------------------------------------------------------------------------------------------------------------------------------------------------------------------------------------------------------------------------------------------------------------------------------------------------------------------------------------------------------------------------------------------------------------------------------------------------------------------------------------------------------------------------------------------------------------------------------------------------------------------------------------------------------------------------------------------------------------------------------------------------------------------------------------------------------------------------------------------------------------------------------------------------------------------------------------------------------------------------------------------------------------------------------------------------------------------------------------------------------------------------------------------------------------------------------------------------------------------------------------------------------------------------------------------------------------------------------------------------------------------------------------------------------------------------------------------------------------------------------------------------------------------------------------------------------------------------------------------------------------------------------------------------------------------------------------------------------------------------------------------------------------------------------------------------------------------------------------------------------------------------------------------------------------------------------------------------------------------------------------------------------------------------------------------------------------------------------------------------------------------------------------------------------------------------------------------------------------------------------------------------------------------------------------------------------------------------------------------------------------------------------------------------------------------------------------------------------------------------------------------------------------------------------------------------------------------------------------------------------------------------------------------------------------------------------------------------------------------------------------------------------------------------------------------------------------------------------------------------------------------------------10950.0/36500.0 days/days; walltime: 266.7
--------------------------------------------------------------------------------------------------------------------------------------------------------------------------------------------------------------------------------------------------------------------------------------------------------------------------------------------------------------------------------------------------------------------------------------------------------------------------------------------------------------------------------------------------------------------------------------------------------------------------------------12775.0/36500.0 days/days; walltime: 157.7
---------------------------14600.0/36500.0 days/days; walltime: 305.7
-------------------------16425.0/36500.0 days/days; walltime: 169.8
------------------18250.0/36500.0 days/days; walltime: 138.8
20075.0/36500.0 days/days; walltime: 58.3
21900.0/36500.0 days/days; walltime: 10.4
23725.0/36500.0 days/days; walltime: 5.6
25550.0/36500.0 days/days; walltime: 1.3
27375.0/36500.0 days/days; walltime: 0.4
29200.0/36500.0 days/days; walltime: 0.2
31025.0/36500.0 days/days; walltime: 0.2
34675.0/36500.0 days/days; walltime: 0.2
Wallclock for model run: 1362.5s
 

fields = 

  struct with fields:

    nodes: [1x1 struct]
    edges: [1x1 struct]
       BC: [1x1 struct]

Running model run (ode15s):
Run seasonal
Saving model run to
./RUN/output_102_seasonal.nc
IC initialised from struct
IC initialised from file/given & rest from parameters and given functions
36500.0/37230.0 days/days; walltime: 15.0
36501.0/37230.0 days/days; walltime: 76.2
36502.0/37230.0 days/days; walltime: 24.5
36503.0/37230.0 days/days; walltime: 3.7
36504.0/37230.0 days/days; walltime: 4.0
36505.0/37230.0 days/days; walltime: 3.5
36506.0/37230.0 days/days; walltime: 2.6
36507.0/37230.0 days/days; walltime: 2.5
36508.0/37230.0 days/days; walltime: 4.0
36509.0/37230.0 days/days; walltime: 1.9
36510.0/37230.0 days/days; walltime: 1.5
36511.0/37230.0 days/days; walltime: 1.5
36512.0/37230.0 days/days; walltime: 1.6
36513.0/37230.0 days/days; walltime: 2.8
36514.0/37230.0 days/days; walltime: 1.0
36515.0/37230.0 days/days; walltime: 1.0
36516.0/37230.0 days/days; walltime: 1.0
36517.0/37230.0 days/days; walltime: 0.8
36518.0/37230.0 days/days; walltime: 0.7
36519.0/37230.0 days/days; walltime: 1.2
36520.0/37230.0 days/days; walltime: 2.4
36521.0/37230.0 days/days; walltime: 0.8
36522.0/37230.0 days/days; walltime: 0.9
36523.0/37230.0 days/days; walltime: 0.6
36524.0/37230.0 days/days; walltime: 0.8
36525.0/37230.0 days/days; walltime: 0.7
36526.0/37230.0 days/days; walltime: 0.6
36527.0/37230.0 days/days; walltime: 0.8
36528.0/37230.0 days/days; walltime: 0.7
36529.0/37230.0 days/days; walltime: 0.8
36530.0/37230.0 days/days; walltime: 0.7
36531.0/37230.0 days/days; walltime: 0.7
36532.0/37230.0 days/days; walltime: 0.7
----------------------------------36533.0/37230.0 days/days; walltime: 2.1
36534.0/37230.0 days/days; walltime: 0.6
36535.0/37230.0 days/days; walltime: 0.7
36536.0/37230.0 days/days; walltime: 0.3
36537.0/37230.0 days/days; walltime: 0.6
36538.0/37230.0 days/days; walltime: 0.4
36539.0/37230.0 days/days; walltime: 0.5
36540.0/37230.0 days/days; walltime: 0.5
36541.0/37230.0 days/days; walltime: 0.5
36542.0/37230.0 days/days; walltime: 0.5
36543.0/37230.0 days/days; walltime: 0.5
36544.0/37230.0 days/days; walltime: 0.4
36545.0/37230.0 days/days; walltime: 0.5
36546.0/37230.0 days/days; walltime: 0.5
36547.0/37230.0 days/days; walltime: 0.4
36548.0/37230.0 days/days; walltime: 0.5
36549.0/37230.0 days/days; walltime: 0.3
36550.0/37230.0 days/days; walltime: 0.4
36551.0/37230.0 days/days; walltime: 0.5
36552.0/37230.0 days/days; walltime: 0.4
36553.0/37230.0 days/days; walltime: 0.4
36554.0/37230.0 days/days; walltime: 0.3
36555.0/37230.0 days/days; walltime: 0.4
36556.0/37230.0 days/days; walltime: 0.2
36557.0/37230.0 days/days; walltime: 0.4
36558.0/37230.0 days/days; walltime: 0.4
36559.0/37230.0 days/days; walltime: 0.4
36560.0/37230.0 days/days; walltime: 0.3
36561.0/37230.0 days/days; walltime: 0.3
36562.0/37230.0 days/days; walltime: 0.4
36563.0/37230.0 days/days; walltime: 0.3
36564.0/37230.0 days/days; walltime: 0.3
36565.0/37230.0 days/days; walltime: 0.4
36566.0/37230.0 days/days; walltime: 0.2
36567.0/37230.0 days/days; walltime: 0.4
36568.0/37230.0 days/days; walltime: 0.2
36569.0/37230.0 days/days; walltime: 0.4
36570.0/37230.0 days/days; walltime: 0.3
36571.0/37230.0 days/days; walltime: 0.3
36572.0/37230.0 days/days; walltime: 0.3
36573.0/37230.0 days/days; walltime: 1.7
36574.0/37230.0 days/days; walltime: 0.4
36575.0/37230.0 days/days; walltime: 0.3
36576.0/37230.0 days/days; walltime: 0.2
36577.0/37230.0 days/days; walltime: 0.3
36578.0/37230.0 days/days; walltime: 0.2
36579.0/37230.0 days/days; walltime: 0.3
36580.0/37230.0 days/days; walltime: 0.2
36581.0/37230.0 days/days; walltime: 0.3
36582.0/37230.0 days/days; walltime: 0.3
36583.0/37230.0 days/days; walltime: 0.2
36584.0/37230.0 days/days; walltime: 0.2
36585.0/37230.0 days/days; walltime: 0.3
36586.0/37230.0 days/days; walltime: 0.2
36587.0/37230.0 days/days; walltime: 0.3
36588.0/37230.0 days/days; walltime: 0.2
36589.0/37230.0 days/days; walltime: 0.3
36590.0/37230.0 days/days; walltime: 0.2
36591.0/37230.0 days/days; walltime: 0.1
36592.0/37230.0 days/days; walltime: 0.3
36593.0/37230.0 days/days; walltime: 0.2
36594.0/37230.0 days/days; walltime: 0.3
36595.0/37230.0 days/days; walltime: 0.1
36596.0/37230.0 days/days; walltime: 0.3
36597.0/37230.0 days/days; walltime: 0.2
36598.0/37230.0 days/days; walltime: 0.1
36599.0/37230.0 days/days; walltime: 0.3
36600.0/37230.0 days/days; walltime: 0.1
36601.0/37230.0 days/days; walltime: 0.3
36602.0/37230.0 days/days; walltime: 0.2
36603.0/37230.0 days/days; walltime: 0.1
36604.0/37230.0 days/days; walltime: 0.3
36605.0/37230.0 days/days; walltime: 0.1
36606.0/37230.0 days/days; walltime: 0.3
36607.0/37230.0 days/days; walltime: 0.1
36608.0/37230.0 days/days; walltime: 0.2
36609.0/37230.0 days/days; walltime: 0.2
36610.0/37230.0 days/days; walltime: 0.2
36611.0/37230.0 days/days; walltime: 0.1
36612.0/37230.0 days/days; walltime: 0.3
36613.0/37230.0 days/days; walltime: 0.1
36614.0/37230.0 days/days; walltime: 0.3
36615.0/37230.0 days/days; walltime: 0.4
36616.0/37230.0 days/days; walltime: 4.5
36617.0/37230.0 days/days; walltime: 3.0
36618.0/37230.0 days/days; walltime: 6.2
36619.0/37230.0 days/days; walltime: 6.0
36620.0/37230.0 days/days; walltime: 8.1
36621.0/37230.0 days/days; walltime: 10.3
36622.0/37230.0 days/days; walltime: 9.1
36623.0/37230.0 days/days; walltime: 15.7
36624.0/37230.0 days/days; walltime: 17.1
36625.0/37230.0 days/days; walltime: 17.3
36626.0/37230.0 days/days; walltime: 28.1
36627.0/37230.0 days/days; walltime: 20.3
36628.0/37230.0 days/days; walltime: 26.4
36629.0/37230.0 days/days; walltime: 23.1
36630.0/37230.0 days/days; walltime: 31.4
36631.0/37230.0 days/days; walltime: 42.3
36632.0/37230.0 days/days; walltime: 32.7
36633.0/37230.0 days/days; walltime: 43.3
36634.0/37230.0 days/days; walltime: 32.6
36635.0/37230.0 days/days; walltime: 33.8
36636.0/37230.0 days/days; walltime: 43.9
36637.0/37230.0 days/days; walltime: 30.8
36638.0/37230.0 days/days; walltime: 35.1
36639.0/37230.0 days/days; walltime: 53.2
36640.0/37230.0 days/days; walltime: 49.4
36641.0/37230.0 days/days; walltime: 37.0
36642.0/37230.0 days/days; walltime: 38.0
36643.0/37230.0 days/days; walltime: 35.7
36644.0/37230.0 days/days; walltime: 32.7
36645.0/37230.0 days/days; walltime: 37.1
36646.0/37230.0 days/days; walltime: 33.5
36647.0/37230.0 days/days; walltime: 41.3
36648.0/37230.0 days/days; walltime: 38.2
36649.0/37230.0 days/days; walltime: 27.9
36650.0/37230.0 days/days; walltime: 26.9
36651.0/37230.0 days/days; walltime: 27.4
36652.0/37230.0 days/days; walltime: 31.4
36653.0/37230.0 days/days; walltime: 21.3
36654.0/37230.0 days/days; walltime: 27.5
36655.0/37230.0 days/days; walltime: 20.8
36656.0/37230.0 days/days; walltime: 31.0
36657.0/37230.0 days/days; walltime: 19.4
36658.0/37230.0 days/days; walltime: 21.7
36659.0/37230.0 days/days; walltime: 14.7
36660.0/37230.0 days/days; walltime: 22.9
36661.0/37230.0 days/days; walltime: 40.8
36662.0/37230.0 days/days; walltime: 18.9
36663.0/37230.0 days/days; walltime: 26.5
36664.0/37230.0 days/days; walltime: 17.5
36665.0/37230.0 days/days; walltime: 17.5
36666.0/37230.0 days/days; walltime: 14.2
36667.0/37230.0 days/days; walltime: 15.9
36668.0/37230.0 days/days; walltime: 12.9
36669.0/37230.0 days/days; walltime: 16.2
36670.0/37230.0 days/days; walltime: 10.6
36671.0/37230.0 days/days; walltime: 9.1
36672.0/37230.0 days/days; walltime: 17.6
36673.0/37230.0 days/days; walltime: 20.9
36674.0/37230.0 days/days; walltime: 9.9
36675.0/37230.0 days/days; walltime: 9.9
36676.0/37230.0 days/days; walltime: 7.1
36677.0/37230.0 days/days; walltime: 10.0
36678.0/37230.0 days/days; walltime: 7.0
36679.0/37230.0 days/days; walltime: 9.7
36680.0/37230.0 days/days; walltime: 13.5
36681.0/37230.0 days/days; walltime: 3.4
36682.0/37230.0 days/days; walltime: 3.3
36683.0/37230.0 days/days; walltime: 3.4
36684.0/37230.0 days/days; walltime: 4.4
36685.0/37230.0 days/days; walltime: 5.8
36686.0/37230.0 days/days; walltime: 2.8
36687.0/37230.0 days/days; walltime: 4.2
36688.0/37230.0 days/days; walltime: 4.3
36689.0/37230.0 days/days; walltime: 2.8
36690.0/37230.0 days/days; walltime: 3.0
36691.0/37230.0 days/days; walltime: 3.3
36692.0/37230.0 days/days; walltime: 3.4
36693.0/37230.0 days/days; walltime: 1.8
36694.0/37230.0 days/days; walltime: 3.9
36695.0/37230.0 days/days; walltime: 4.2
36696.0/37230.0 days/days; walltime: 7.1
36697.0/37230.0 days/days; walltime: 6.5
36698.0/37230.0 days/days; walltime: 6.0
36699.0/37230.0 days/days; walltime: 10.6
36700.0/37230.0 days/days; walltime: 3.5
36701.0/37230.0 days/days; walltime: 3.1
36702.0/37230.0 days/days; walltime: 3.0
36703.0/37230.0 days/days; walltime: 21.0
36704.0/37230.0 days/days; walltime: 3.1
36705.0/37230.0 days/days; walltime: 5.2
36706.0/37230.0 days/days; walltime: 4.9
36707.0/37230.0 days/days; walltime: 6.8
36708.0/37230.0 days/days; walltime: 7.3
36709.0/37230.0 days/days; walltime: 16.0
36710.0/37230.0 days/days; walltime: 5.2
36711.0/37230.0 days/days; walltime: 8.4
36712.0/37230.0 days/days; walltime: 6.1
36713.0/37230.0 days/days; walltime: 7.7
36714.0/37230.0 days/days; walltime: 4.5
36715.0/37230.0 days/days; walltime: 4.7
36716.0/37230.0 days/days; walltime: 7.1
36717.0/37230.0 days/days; walltime: 7.9
36718.0/37230.0 days/days; walltime: 3.1
36719.0/37230.0 days/days; walltime: 3.5
36720.0/37230.0 days/days; walltime: 5.3
36721.0/37230.0 days/days; walltime: 5.7
36722.0/37230.0 days/days; walltime: 6.7
36723.0/37230.0 days/days; walltime: 4.8
36724.0/37230.0 days/days; walltime: 5.4
36725.0/37230.0 days/days; walltime: 3.6
36726.0/37230.0 days/days; walltime: 3.7
36727.0/37230.0 days/days; walltime: 4.6
36728.0/37230.0 days/days; walltime: 6.0
36729.0/37230.0 days/days; walltime: 3.4
36730.0/37230.0 days/days; walltime: 6.2
36731.0/37230.0 days/days; walltime: 4.2
36732.0/37230.0 days/days; walltime: 7.3
36733.0/37230.0 days/days; walltime: 4.6
36734.0/37230.0 days/days; walltime: 5.6
36735.0/37230.0 days/days; walltime: 7.4
36736.0/37230.0 days/days; walltime: 4.2
36737.0/37230.0 days/days; walltime: 6.1
36738.0/37230.0 days/days; walltime: 6.3
36739.0/37230.0 days/days; walltime: 5.0
36740.0/37230.0 days/days; walltime: 7.3
36741.0/37230.0 days/days; walltime: 8.2
36742.0/37230.0 days/days; walltime: 12.3
36743.0/37230.0 days/days; walltime: 11.1
36744.0/37230.0 days/days; walltime: 8.1
36745.0/37230.0 days/days; walltime: 8.0
36746.0/37230.0 days/days; walltime: 4.6
36747.0/37230.0 days/days; walltime: 5.7
36748.0/37230.0 days/days; walltime: 7.2
36749.0/37230.0 days/days; walltime: 5.5
36750.0/37230.0 days/days; walltime: 2.6
36751.0/37230.0 days/days; walltime: 0.8
36752.0/37230.0 days/days; walltime: 0.7
36753.0/37230.0 days/days; walltime: 0.7
36754.0/37230.0 days/days; walltime: 0.4
36755.0/37230.0 days/days; walltime: 0.6
36756.0/37230.0 days/days; walltime: 0.4
36757.0/37230.0 days/days; walltime: 0.4
36758.0/37230.0 days/days; walltime: 0.3
36759.0/37230.0 days/days; walltime: 0.4
36760.0/37230.0 days/days; walltime: 0.3
36761.0/37230.0 days/days; walltime: 0.3
36762.0/37230.0 days/days; walltime: 0.3
36763.0/37230.0 days/days; walltime: 0.4
36764.0/37230.0 days/days; walltime: 0.3
36765.0/37230.0 days/days; walltime: 0.3
36766.0/37230.0 days/days; walltime: 0.3
36767.0/37230.0 days/days; walltime: 0.1
36768.0/37230.0 days/days; walltime: 0.4
36769.0/37230.0 days/days; walltime: 0.3
---36770.0/37230.0 days/days; walltime: 0.4
-----36771.0/37230.0 days/days; walltime: 0.4
-36772.0/37230.0 days/days; walltime: 0.2
-----36773.0/37230.0 days/days; walltime: 0.4
---36774.0/37230.0 days/days; walltime: 0.4
------36775.0/37230.0 days/days; walltime: 0.3
-36776.0/37230.0 days/days; walltime: 0.3
------36777.0/37230.0 days/days; walltime: 0.4
---36778.0/37230.0 days/days; walltime: 0.2
-----36779.0/37230.0 days/days; walltime: 0.4
--36780.0/37230.0 days/days; walltime: 0.1
-------------------------------------36781.0/37230.0 days/days; walltime: 1.9
------36782.0/37230.0 days/days; walltime: 0.4
--36783.0/37230.0 days/days; walltime: 0.1
---36784.0/37230.0 days/days; walltime: 0.3
--36785.0/37230.0 days/days; walltime: 0.1
----36786.0/37230.0 days/days; walltime: 0.3
--36787.0/37230.0 days/days; walltime: 0.1
---36788.0/37230.0 days/days; walltime: 0.3
--36789.0/37230.0 days/days; walltime: 0.1
----36790.0/37230.0 days/days; walltime: 0.3
--36791.0/37230.0 days/days; walltime: 0.1
---36792.0/37230.0 days/days; walltime: 0.3
--36793.0/37230.0 days/days; walltime: 0.1
----36794.0/37230.0 days/days; walltime: 0.3
---36795.0/37230.0 days/days; walltime: 0.3
--36796.0/37230.0 days/days; walltime: 0.1
---36797.0/37230.0 days/days; walltime: 0.3
--36798.0/37230.0 days/days; walltime: 0.1
---36799.0/37230.0 days/days; walltime: 0.3
--36800.0/37230.0 days/days; walltime: 0.1
-36801.0/37230.0 days/days; walltime: 0.3
-36802.0/37230.0 days/days; walltime: 0.1
--36803.0/37230.0 days/days; walltime: 0.3
-36804.0/37230.0 days/days; walltime: 0.1
-36805.0/37230.0 days/days; walltime: 0.3
-36806.0/37230.0 days/days; walltime: 0.1
36807.0/37230.0 days/days; walltime: 0.3
36808.0/37230.0 days/days; walltime: 0.0
-36809.0/37230.0 days/days; walltime: 0.1
-36810.0/37230.0 days/days; walltime: 0.3
36811.0/37230.0 days/days; walltime: 0.1
--36812.0/37230.0 days/days; walltime: 0.3
-36813.0/37230.0 days/days; walltime: 0.0
--36814.0/37230.0 days/days; walltime: 0.3
-36815.0/37230.0 days/days; walltime: 0.3
--36816.0/37230.0 days/days; walltime: 0.5
36817.0/37230.0 days/days; walltime: 0.0
-36818.0/37230.0 days/days; walltime: 0.1
--36819.0/37230.0 days/days; walltime: 0.3
-36820.0/37230.0 days/days; walltime: 0.0
-36821.0/37230.0 days/days; walltime: 0.3
36822.0/37230.0 days/days; walltime: 0.0
-36823.0/37230.0 days/days; walltime: 0.1
--36824.0/37230.0 days/days; walltime: 0.2
-36825.0/37230.0 days/days; walltime: 0.1
--36826.0/37230.0 days/days; walltime: 0.3
-36827.0/37230.0 days/days; walltime: 0.0
-36828.0/37230.0 days/days; walltime: 0.1
--36829.0/37230.0 days/days; walltime: 0.2
36830.0/37230.0 days/days; walltime: 0.0
--36831.0/37230.0 days/days; walltime: 0.1
-36832.0/37230.0 days/days; walltime: 0.2
-36833.0/37230.0 days/days; walltime: 0.1
-36834.0/37230.0 days/days; walltime: 0.0
--36835.0/37230.0 days/days; walltime: 0.2
-36836.0/37230.0 days/days; walltime: 0.1
36837.0/37230.0 days/days; walltime: 0.0
--36838.0/37230.0 days/days; walltime: 0.3
-36839.0/37230.0 days/days; walltime: 0.0
36840.0/37230.0 days/days; walltime: 0.0
--36841.0/37230.0 days/days; walltime: 0.2
-36842.0/37230.0 days/days; walltime: 0.1
36843.0/37230.0 days/days; walltime: 0.0
--36844.0/37230.0 days/days; walltime: 0.2
36845.0/37230.0 days/days; walltime: 0.0
-36846.0/37230.0 days/days; walltime: 0.1
--36847.0/37230.0 days/days; walltime: 0.2
-36848.0/37230.0 days/days; walltime: 0.0
36849.0/37230.0 days/days; walltime: 0.0
-36850.0/37230.0 days/days; walltime: 0.0
--36851.0/37230.0 days/days; walltime: 0.3
-36852.0/37230.0 days/days; walltime: 0.0
36853.0/37230.0 days/days; walltime: 0.0
--36854.0/37230.0 days/days; walltime: 0.2
--36855.0/37230.0 days/days; walltime: 0.1
-36856.0/37230.0 days/days; walltime: 0.1
-36857.0/37230.0 days/days; walltime: 0.1
-36858.0/37230.0 days/days; walltime: 0.2
--36859.0/37230.0 days/days; walltime: 0.2
-36860.0/37230.0 days/days; walltime: 0.1
-36861.0/37230.0 days/days; walltime: 0.2
-36862.0/37230.0 days/days; walltime: 0.1
-36863.0/37230.0 days/days; walltime: 0.1
-36864.0/37230.0 days/days; walltime: 0.1
-36865.0/37230.0 days/days; walltime: 0.2
-36866.0/37230.0 days/days; walltime: 0.1
-36867.0/37230.0 days/days; walltime: 0.1
-36868.0/37230.0 days/days; walltime: 0.1
-36869.0/37230.0 days/days; walltime: 0.2
-36870.0/37230.0 days/days; walltime: 0.1
-36871.0/37230.0 days/days; walltime: 0.1
-36872.0/37230.0 days/days; walltime: 0.1
-36873.0/37230.0 days/days; walltime: 0.2
-36874.0/37230.0 days/days; walltime: 0.1
-36875.0/37230.0 days/days; walltime: 0.1
-36876.0/37230.0 days/days; walltime: 0.1
-36877.0/37230.0 days/days; walltime: 0.2
-36878.0/37230.0 days/days; walltime: 0.1
-36880.0/37230.0 days/days; walltime: 1.7
-36881.0/37230.0 days/days; walltime: 0.0
--36882.0/37230.0 days/days; walltime: 0.2
-36883.0/37230.0 days/days; walltime: 0.0
-36884.0/37230.0 days/days; walltime: 0.0
-36885.0/37230.0 days/days; walltime: 0.0
--36886.0/37230.0 days/days; walltime: 0.2
--36887.0/37230.0 days/days; walltime: 0.1
--36889.0/37230.0 days/days; walltime: 0.1
--36890.0/37230.0 days/days; walltime: 0.1
--36891.0/37230.0 days/days; walltime: 0.2
-36892.0/37230.0 days/days; walltime: 0.0
-36893.0/37230.0 days/days; walltime: 0.0
-36894.0/37230.0 days/days; walltime: 0.0
--36895.0/37230.0 days/days; walltime: 0.2
-36897.0/37230.0 days/days; walltime: 0.0
-36898.0/37230.0 days/days; walltime: 0.0
-36899.0/37230.0 days/days; walltime: 0.0
-36900.0/37230.0 days/days; walltime: 0.0
-36901.0/37230.0 days/days; walltime: 0.0
-36902.0/37230.0 days/days; walltime: 0.0
-36903.0/37230.0 days/days; walltime: 0.0
--36905.0/37230.0 days/days; walltime: 0.2
-36906.0/37230.0 days/days; walltime: 0.0
-36907.0/37230.0 days/days; walltime: 0.0
-36908.0/37230.0 days/days; walltime: 0.0
--36909.0/37230.0 days/days; walltime: 0.2
--36910.0/37230.0 days/days; walltime: 0.1
--36912.0/37230.0 days/days; walltime: 0.1
--36913.0/37230.0 days/days; walltime: 0.1
--36914.0/37230.0 days/days; walltime: 0.2
-36915.0/37230.0 days/days; walltime: 0.0
-36916.0/37230.0 days/days; walltime: 0.0
-36917.0/37230.0 days/days; walltime: 0.0
--36919.0/37230.0 days/days; walltime: 0.2
-36920.0/37230.0 days/days; walltime: 0.0
-36921.0/37230.0 days/days; walltime: 0.0
-36922.0/37230.0 days/days; walltime: 0.0
--36924.0/37230.0 days/days; walltime: 0.2
-36925.0/37230.0 days/days; walltime: 0.0
-36926.0/37230.0 days/days; walltime: 0.0
-36927.0/37230.0 days/days; walltime: 0.0
--36928.0/37230.0 days/days; walltime: 0.2
--36930.0/37230.0 days/days; walltime: 0.1
--36931.0/37230.0 days/days; walltime: 0.1
-36932.0/37230.0 days/days; walltime: 0.0
--36934.0/37230.0 days/days; walltime: 0.2
-36935.0/37230.0 days/days; walltime: 0.0
-36936.0/37230.0 days/days; walltime: 0.0
-36937.0/37230.0 days/days; walltime: 0.0
--36939.0/37230.0 days/days; walltime: 0.2
--36940.0/37230.0 days/days; walltime: 0.1
--36941.0/37230.0 days/days; walltime: 0.1
--36943.0/37230.0 days/days; walltime: 0.1
--36944.0/37230.0 days/days; walltime: 0.2
--36945.0/37230.0 days/days; walltime: 0.1
--36947.0/37230.0 days/days; walltime: 0.1
--36948.0/37230.0 days/days; walltime: 0.1
--36949.0/37230.0 days/days; walltime: 0.2
--36951.0/37230.0 days/days; walltime: 0.1
--36952.0/37230.0 days/days; walltime: 0.1
--36954.0/37230.0 days/days; walltime: 0.1
--36955.0/37230.0 days/days; walltime: 0.2
--36956.0/37230.0 days/days; walltime: 0.1
--36958.0/37230.0 days/days; walltime: 0.1
--36959.0/37230.0 days/days; walltime: 0.1
--36961.0/37230.0 days/days; walltime: 0.2
--36962.0/37230.0 days/days; walltime: 0.1
--36964.0/37230.0 days/days; walltime: 0.1
--36965.0/37230.0 days/days; walltime: 0.1
--36967.0/37230.0 days/days; walltime: 0.2
--36968.0/37230.0 days/days; walltime: 0.1
--36970.0/37230.0 days/days; walltime: 0.1
--36971.0/37230.0 days/days; walltime: 0.1
--36972.0/37230.0 days/days; walltime: 0.2
--36974.0/37230.0 days/days; walltime: 0.1
--36976.0/37230.0 days/days; walltime: 0.1
--36977.0/37230.0 days/days; walltime: 0.1
--36979.0/37230.0 days/days; walltime: 0.2
--------------------------------------------------------------------------------------------------------------------------------------------------------------------------------------------------------------------------------------------------------------------------------------------------------------------------------------------------------------------------------------------------36980.0/37230.0 days/days; walltime: 21.6
-----------------------------------------------36981.0/37230.0 days/days; walltime: 2.5
-----------------------------------------------------------------------------------36982.0/37230.0 days/days; walltime: 4.2
-------------------------------------------------------------------------36983.0/37230.0 days/days; walltime: 4.1
----------------------------------------------------------------------------------------------------------------------------36984.0/37230.0 days/days; walltime: 6.8
---------------------------------------------------------------------------------------------------------------------------------------36985.0/37230.0 days/days; walltime: 7.9
-----------------------------------------------------------------------------------------------------------------------------------------------------------------------------------------------------------------------------------------------------------------36986.0/37230.0 days/days; walltime: 15.7
------------------------------------------------------------------------------------------------------------------------------------------------------------------------------------------------------------------------------------------------------------------------------------------------------------------36987.0/37230.0 days/days; walltime: 16.5
-------------------------------------------------------------------------------------------------------------------------------------------------------------------------------------------------------------------------------------------------------------------------------------------------------------------------------------------------------------------------------------------------------------------36988.0/37230.0 days/days; walltime: 22.1
-------------------------------------------------------------------------------------------------------------------------------------------------------------------------------------------------------------------------------------------------------------------------------------------------------------------------------------------------------------------------------36989.0/37230.0 days/days; walltime: 20.3
-------------------------------------------------------------------------------------------------------------------------------------------------------------------------------------------------------------------------------------------------------------------------------------------------------------------------------36990.0/37230.0 days/days; walltime: 17.4
---------------------------------------------------------------------------------------------------------------------------------------------------------------------------------------------------------------------------------------------------------------------------------------------------------------------------------------------------------------------------------------------------------------------------------------------------------------------------------------------------------------------------------------------------------------------------------------------------------------------------------------------------------------------------------------------------36991.0/37230.0 days/days; walltime: 35.2
-------------------------------------------------------------------------------------------------------------------------------------------------------------------------------------------------------------------------------------------------------------------------------------------------------------------------------------------------------------------------------------------------------------------------------------------------------------------------------------------------36992.0/37230.0 days/days; walltime: 25.6
------------------------------------------------------------------------------------------------------------------------------------------------------------------------------------------------------------------------------------------------------------------------------------------------------------------------------------------------------------------------------------------------------------------------------------------------------------------------------------------------------------------------------------------36993.0/37230.0 days/days; walltime: 27.9
------------------------------------------------------------------------------------------------------------------------------------------------------------------------------------------------------------------------------------------------------------------------------------------------------------------------------------------------------------------------------------------------------------------------------------------------------------------------------------------36994.0/37230.0 days/days; walltime: 25.8
-----------------------------------------------------------------------------------------------------------------------------------------------------------------------------------------------------------------------------------------------------------------------------------------------------------------------------------------------------------------------------------------------------------------------------------------------------------------------------------------------------------------------------36995.0/37230.0 days/days; walltime: 27.2
---------------------------------------------------------------------------------------------------------------------------------------------------------------------------------------------------------------------------------------------------------------------------------------------------------------------------------------------------------------------------------------------------------------------------------------------------------------------------------------------------------------------------------------------------------------------------------------------------------------------------------------------------------------------------------------------------------------------------------------------------------------------------------------------------------------------------------------------------------------------------------------------------------------------------------------36996.0/37230.0 days/days; walltime: 48.0
------------------------------------------------------------------------------------------------------------------------------------------------------------------------------------------------------------------------------------------------------------------------------------------------------------------------------------------------------------------------------------------------------------------------------------------------------------------------------------------------------------------------------------------------------------------------------------------------------------------------------------------------------------------------36997.0/37230.0 days/days; walltime: 34.4
-----------------------------------------------------------------------------------------------------------------------------------------------------------------------------------------------------------------------------------------------------------------------------------------------------------------------------------------------------------------------------------------------------------------------------------------------------------------------------------------------------------------------------------------------------------------------------------------------------------------------------------------------------------------------------------------------------------------------------36998.0/37230.0 days/days; walltime: 36.7
-----------------------------------------------------------------------------------------------------------------------------------------------------------------------------------------------------------------------------------------------------------------------------------------------------------------------------------------------------------------------------------------------------------------------------------------------------------------------------------------------------------------------------------------------------------------------------------------------------------------36999.0/37230.0 days/days; walltime: 31.8
-----------------------------------------------------------------------------------------------------------------------------------------------------------------------------------------------------------------------------------------------------------------------------------------------------------------------------------------------------------------------------------------------------------------------------------------------------------------------------------------------------------37000.0/37230.0 days/days; walltime: 26.1
----------------------------------------------------------------------------------------------------------------------------------------------------------------------------------------------------------------------------------------------------------------------------------------------------------------------------------------------------------------------------------------------------------------------------------------------------------------------------------------------------------------------------------------37001.0/37230.0 days/days; walltime: 27.5
-----------------------------------------------------------------------------------------------------------------------------------------------------------------------------------------------------------------------------------------------------------------------------------------------------------------------------------------------------------------------------------------------------------------------------------------------------------------------------------------------------------------------------------------------------37002.0/37230.0 days/days; walltime: 28.8
-------------------------------------------------------------------------------------------------------------------------------------------------------------------------------------------------------------------------------------------------------------------------------------------------------------------------------------------------------------------------------------------------------------------------------------------------------------------------------------------------------------37003.0/37230.0 days/days; walltime: 26.2
---------------------------------------------------------------------------------------------------------------------------------------------------------------------------------------------------------------------------------------------------------------------------------------------------------------------------------------------------------------------------------------------------------------------------------------------------------------------------------------------------------------------------------------------------------------------------------------------------------------------------------------------------------------------------------------------------------------------------------------------------------------------------------------------------------------------------------------------------------------------------------------------------------------------------------------------------------------------------------------------------------------------------37004.0/37230.0 days/days; walltime: 51.4
-----------------------------------------------------------------------------------------------------------------------------------------------------------------------------------------------------------------------------------------------------------------------------------------------------------------------------------------------------------------------------------------------------------------------------------------------------------------------------------------------------------------------------------------------------------------------------------------------------------------------------------------------------------------------------------------------------------------------------------------------------------------------------------------------------------------------------------------------------------------------------------------------------------------------------------------------------------------------------------------------------37005.0/37230.0 days/days; walltime: 50.0
------------------------------------------------------------------------------------------------------------------------------------------------------------------------------------------------------------------------------------------------------------------------------------------------------------------------------------------------------------------------------------------------------------------------------------------------------------------------------------------------------------------------------------------------------------37006.0/37230.0 days/days; walltime: 29.4
-------------------------------------------------------------------------------------------------------------------------------------------------------------------------------------------------------------------------------------------------------------------------------------------------------------------------------------------------------------------------------------------------------------------------------------------------------------------------------------------------37007.0/37230.0 days/days; walltime: 26.7
-----------------------------------------------------------------------------37008.0/37230.0 days/days; walltime: 25.3
37009.0/37230.0 days/days; walltime: 40.8
37010.0/37230.0 days/days; walltime: 25.5
37011.0/37230.0 days/days; walltime: 26.3
37012.0/37230.0 days/days; walltime: 29.5
37013.0/37230.0 days/days; walltime: 38.4
37014.0/37230.0 days/days; walltime: 34.2
37015.0/37230.0 days/days; walltime: 29.5
37016.0/37230.0 days/days; walltime: 22.2
37017.0/37230.0 days/days; walltime: 35.0
37018.0/37230.0 days/days; walltime: 43.4
37019.0/37230.0 days/days; walltime: 21.8
37020.0/37230.0 days/days; walltime: 18.2
37021.0/37230.0 days/days; walltime: 33.7
37022.0/37230.0 days/days; walltime: 38.0
37023.0/37230.0 days/days; walltime: 14.7
37024.0/37230.0 days/days; walltime: 16.0
37025.0/37230.0 days/days; walltime: 15.0
37026.0/37230.0 days/days; walltime: 15.8
37027.0/37230.0 days/days; walltime: 35.5
37028.0/37230.0 days/days; walltime: 12.8
37029.0/37230.0 days/days; walltime: 12.5
37030.0/37230.0 days/days; walltime: 14.9
37031.0/37230.0 days/days; walltime: 11.4
37032.0/37230.0 days/days; walltime: 16.4
37033.0/37230.0 days/days; walltime: 10.9
37034.0/37230.0 days/days; walltime: 13.4
37035.0/37230.0 days/days; walltime: 10.4
37036.0/37230.0 days/days; walltime: 14.0
37037.0/37230.0 days/days; walltime: 6.1
37038.0/37230.0 days/days; walltime: 10.6
37039.0/37230.0 days/days; walltime: 17.6
37040.0/37230.0 days/days; walltime: 12.9
37041.0/37230.0 days/days; walltime: 7.6
37042.0/37230.0 days/days; walltime: 5.5
37043.0/37230.0 days/days; walltime: 9.2
37044.0/37230.0 days/days; walltime: 8.9
37045.0/37230.0 days/days; walltime: 7.0
37046.0/37230.0 days/days; walltime: 7.3
37047.0/37230.0 days/days; walltime: 5.4
37048.0/37230.0 days/days; walltime: 5.2
37049.0/37230.0 days/days; walltime: 5.3
37050.0/37230.0 days/days; walltime: 6.6
37051.0/37230.0 days/days; walltime: 14.6
37052.0/37230.0 days/days; walltime: 4.8
37053.0/37230.0 days/days; walltime: 6.4
37054.0/37230.0 days/days; walltime: 4.3
37055.0/37230.0 days/days; walltime: 2.9
37056.0/37230.0 days/days; walltime: 4.7
37057.0/37230.0 days/days; walltime: 3.3
37058.0/37230.0 days/days; walltime: 3.6
37059.0/37230.0 days/days; walltime: 3.4
37060.0/37230.0 days/days; walltime: 5.0
37061.0/37230.0 days/days; walltime: 4.6
37062.0/37230.0 days/days; walltime: 2.8
37063.0/37230.0 days/days; walltime: 4.7
37064.0/37230.0 days/days; walltime: 6.7
37065.0/37230.0 days/days; walltime: 3.2
37066.0/37230.0 days/days; walltime: 5.0
37067.0/37230.0 days/days; walltime: 3.0
37068.0/37230.0 days/days; walltime: 2.6
37069.0/37230.0 days/days; walltime: 3.5
37070.0/37230.0 days/days; walltime: 3.4
37071.0/37230.0 days/days; walltime: 12.4
37072.0/37230.0 days/days; walltime: 3.5
37073.0/37230.0 days/days; walltime: 4.4
37074.0/37230.0 days/days; walltime: 12.6
37075.0/37230.0 days/days; walltime: 3.8
37076.0/37230.0 days/days; walltime: 8.7
37077.0/37230.0 days/days; walltime: 4.2
37078.0/37230.0 days/days; walltime: 6.0
37079.0/37230.0 days/days; walltime: 4.5
37080.0/37230.0 days/days; walltime: 4.8
37081.0/37230.0 days/days; walltime: 5.8
37082.0/37230.0 days/days; walltime: 6.7
37083.0/37230.0 days/days; walltime: 7.1
37084.0/37230.0 days/days; walltime: 3.1
37085.0/37230.0 days/days; walltime: 5.3
37086.0/37230.0 days/days; walltime: 6.4
37087.0/37230.0 days/days; walltime: 10.7
37088.0/37230.0 days/days; walltime: 4.8
37089.0/37230.0 days/days; walltime: 3.9
37090.0/37230.0 days/days; walltime: 6.8
37091.0/37230.0 days/days; walltime: 2.7
37092.0/37230.0 days/days; walltime: 7.2
37093.0/37230.0 days/days; walltime: 4.7
37094.0/37230.0 days/days; walltime: 4.8
37095.0/37230.0 days/days; walltime: 5.3
37096.0/37230.0 days/days; walltime: 6.4
37097.0/37230.0 days/days; walltime: 9.9
37098.0/37230.0 days/days; walltime: 4.7
37099.0/37230.0 days/days; walltime: 5.9
37100.0/37230.0 days/days; walltime: 7.8
37101.0/37230.0 days/days; walltime: 4.7
37102.0/37230.0 days/days; walltime: 6.8
37103.0/37230.0 days/days; walltime: 5.1
37104.0/37230.0 days/days; walltime: 8.3
37105.0/37230.0 days/days; walltime: 5.0
37106.0/37230.0 days/days; walltime: 6.5
37107.0/37230.0 days/days; walltime: 14.9
37108.0/37230.0 days/days; walltime: 15.0
37109.0/37230.0 days/days; walltime: 8.3
37110.0/37230.0 days/days; walltime: 7.2
37111.0/37230.0 days/days; walltime: 4.3
37112.0/37230.0 days/days; walltime: 5.7
37113.0/37230.0 days/days; walltime: 8.2
37114.0/37230.0 days/days; walltime: 5.1
37115.0/37230.0 days/days; walltime: 2.5
37116.0/37230.0 days/days; walltime: 0.7
37117.0/37230.0 days/days; walltime: 0.7
37118.0/37230.0 days/days; walltime: 0.6
37119.0/37230.0 days/days; walltime: 0.4
37120.0/37230.0 days/days; walltime: 0.4
37121.0/37230.0 days/days; walltime: 0.6
37122.0/37230.0 days/days; walltime: 0.4
37123.0/37230.0 days/days; walltime: 0.3
37124.0/37230.0 days/days; walltime: 0.3
37125.0/37230.0 days/days; walltime: 0.4
37126.0/37230.0 days/days; walltime: 0.3
-----37127.0/37230.0 days/days; walltime: 0.4
---37128.0/37230.0 days/days; walltime: 0.3
-------------------------------------------37129.0/37230.0 days/days; walltime: 2.2
---37130.0/37230.0 days/days; walltime: 0.1
----37131.0/37230.0 days/days; walltime: 0.3
37132.0/37230.0 days/days; walltime: 0.3
-37133.0/37230.0 days/days; walltime: 0.4
--37134.0/37230.0 days/days; walltime: 0.3
37135.0/37230.0 days/days; walltime: 0.1
37136.0/37230.0 days/days; walltime: 0.3
-37137.0/37230.0 days/days; walltime: 0.3
37138.0/37230.0 days/days; walltime: 0.1
-37139.0/37230.0 days/days; walltime: 0.3
---37140.0/37230.0 days/days; walltime: 0.3
--37141.0/37230.0 days/days; walltime: 0.1
37142.0/37230.0 days/days; walltime: 0.3
-37143.0/37230.0 days/days; walltime: 0.1
-------------------------------------37144.0/37230.0 days/days; walltime: 1.9
37145.0/37230.0 days/days; walltime: 0.1
37146.0/37230.0 days/days; walltime: 0.3
-37147.0/37230.0 days/days; walltime: 0.3
-37148.0/37230.0 days/days; walltime: 0.1
37149.0/37230.0 days/days; walltime: 0.3
37150.0/37230.0 days/days; walltime: 0.1
-37151.0/37230.0 days/days; walltime: 0.3
37152.0/37230.0 days/days; walltime: 0.1
37153.0/37230.0 days/days; walltime: 0.0
37154.0/37230.0 days/days; walltime: 0.3
37155.0/37230.0 days/days; walltime: 0.1
-37156.0/37230.0 days/days; walltime: 0.3
-37157.0/37230.0 days/days; walltime: 0.1
37158.0/37230.0 days/days; walltime: 0.3
37159.0/37230.0 days/days; walltime: 0.0
37160.0/37230.0 days/days; walltime: 0.3
37161.0/37230.0 days/days; walltime: 0.1
37162.0/37230.0 days/days; walltime: 0.3
37163.0/37230.0 days/days; walltime: 0.0
37164.0/37230.0 days/days; walltime: 0.1
--37165.0/37230.0 days/days; walltime: 0.3
37166.0/37230.0 days/days; walltime: 0.1
---37167.0/37230.0 days/days; walltime: 0.3
---37168.0/37230.0 days/days; walltime: 0.2
37169.0/37230.0 days/days; walltime: 0.1
-37170.0/37230.0 days/days; walltime: 0.3
--37171.0/37230.0 days/days; walltime: 0.1
---37172.0/37230.0 days/days; walltime: 0.3
-37173.0/37230.0 days/days; walltime: 0.1
-37174.0/37230.0 days/days; walltime: 0.2
--37175.0/37230.0 days/days; walltime: 0.2
----37176.0/37230.0 days/days; walltime: 0.2
--37177.0/37230.0 days/days; walltime: 0.1
37178.0/37230.0 days/days; walltime: 0.3
-37179.0/37230.0 days/days; walltime: 0.0
--------------------------------------------37180.0/37230.0 days/days; walltime: 2.3
------------------------------------37181.0/37230.0 days/days; walltime: 2.0
37182.0/37230.0 days/days; walltime: 0.1
--37183.0/37230.0 days/days; walltime: 0.3
-37184.0/37230.0 days/days; walltime: 0.0
-37185.0/37230.0 days/days; walltime: 0.0
---37186.0/37230.0 days/days; walltime: 0.3
-37187.0/37230.0 days/days; walltime: 0.0
-37188.0/37230.0 days/days; walltime: 0.0
---37189.0/37230.0 days/days; walltime: 0.3
-37190.0/37230.0 days/days; walltime: 0.0
-37191.0/37230.0 days/days; walltime: 0.0
-37192.0/37230.0 days/days; walltime: 0.0
37193.0/37230.0 days/days; walltime: 0.3
37194.0/37230.0 days/days; walltime: 0.0
37195.0/37230.0 days/days; walltime: 0.0
37196.0/37230.0 days/days; walltime: 0.2
37197.0/37230.0 days/days; walltime: 0.0
37198.0/37230.0 days/days; walltime: 0.1
37199.0/37230.0 days/days; walltime: 0.2
37200.0/37230.0 days/days; walltime: 0.0
37201.0/37230.0 days/days; walltime: 0.0
37202.0/37230.0 days/days; walltime: 0.0
37203.0/37230.0 days/days; walltime: 0.2
37204.0/37230.0 days/days; walltime: 0.0
37205.0/37230.0 days/days; walltime: 0.0
37206.0/37230.0 days/days; walltime: 0.0
37207.0/37230.0 days/days; walltime: 0.2
37208.0/37230.0 days/days; walltime: 0.0
37209.0/37230.0 days/days; walltime: 0.0
37210.0/37230.0 days/days; walltime: 0.3
37211.0/37230.0 days/days; walltime: 0.0
37212.0/37230.0 days/days; walltime: 0.0
37214.0/37230.0 days/days; walltime: 0.0
37215.0/37230.0 days/days; walltime: 0.2
37216.0/37230.0 days/days; walltime: 0.0
37217.0/37230.0 days/days; walltime: 0.0
37218.0/37230.0 days/days; walltime: 0.0
37219.0/37230.0 days/days; walltime: 0.2
37220.0/37230.0 days/days; walltime: 0.0
37221.0/37230.0 days/days; walltime: 0.0
37222.0/37230.0 days/days; walltime: 0.0
37223.0/37230.0 days/days; walltime: 0.2
37224.0/37230.0 days/days; walltime: 0.0
37226.0/37230.0 days/days; walltime: 0.0
37227.0/37230.0 days/days; walltime: 0.0
37228.0/37230.0 days/days; walltime: 0.2
37229.0/37230.0 days/days; walltime: 0.0
37230.0/37230.0 days/days; walltime: 0.2
Wallclock for model run: 4053.2s
 

fields = 

  struct with fields:

    nodes: [1x1 struct]
    edges: [1x1 struct]
       BC: [1x1 struct]

No cases left; exiting.
