Picked up JAVA_TOOL_OPTIONS: -Xmx2g
Opening log file:  /tmp/java.log.29935

                            < M A T L A B (R) >
                  Copyright 1984-2022 The MathWorks, Inc.
                  R2022a (9.12.0.1884302) 64-bit (glnxa64)
                             February 16, 2022

 
To get started, type doc.
For product information, visit www.mathworks.com.
 

config = 

  struct with fields:

                 k_s: 0.1000
                 l_c: 10
            n_moulin: 68
    creep_const_soft: 0
             mesh_nr: 4
                 k_c: 0.2000
               h_bed: 0.5000
               l_bed: 10
               alpha: 4
                beta: 2
               omega: 0
                 e_v: 1.0000e-04

Running model run (ode15s):
Run to steady
Saving model run to
./RUN/output_006_steady.nc
Fields, IC & BC initialised
Initial phi calculated in 1.8s
0.0/36500.0 days/days; walltime: 22.5
------------------------------------1825.0/36500.0 days/days; walltime: 157.3
3650.0/36500.0 days/days; walltime: 1.9
5475.0/36500.0 days/days; walltime: 0.7
7300.0/36500.0 days/days; walltime: 0.5
------------9125.0/36500.0 days/days; walltime: 12.6
10950.0/36500.0 days/days; walltime: 738.7
12775.0/36500.0 days/days; walltime: 320.6
14600.0/36500.0 days/days; walltime: 220.9
-16425.0/36500.0 days/days; walltime: 227.5
18250.0/36500.0 days/days; walltime: 129.1
20075.0/36500.0 days/days; walltime: 36.9
21900.0/36500.0 days/days; walltime: 14.7
23725.0/36500.0 days/days; walltime: 9.6
25550.0/36500.0 days/days; walltime: 4.6
27375.0/36500.0 days/days; walltime: 2.3
29200.0/36500.0 days/days; walltime: 1.4
31025.0/36500.0 days/days; walltime: 1.1
32850.0/36500.0 days/days; walltime: 3.0
34675.0/36500.0 days/days; walltime: 0.5
36500.0/36500.0 days/days; walltime: 0.6
Wallclock for model run: 1911.5s
 

fields = 

  struct with fields:

    nodes: [1x1 struct]
    edges: [1x1 struct]
       BC: [1x1 struct]

Running model run (ode15s):
Run seasonal
Saving model run to
./RUN/output_006_seasonal.nc
IC initialised from struct
IC initialised from file/given & rest from parameters and given functions
36500.0/37230.0 days/days; walltime: 19.5
36501.0/37230.0 days/days; walltime: 69.9
36502.0/37230.0 days/days; walltime: 11.1
36503.0/37230.0 days/days; walltime: 13.4
36504.0/37230.0 days/days; walltime: 13.9
36505.0/37230.0 days/days; walltime: 4.2
36506.0/37230.0 days/days; walltime: 7.3
36507.0/37230.0 days/days; walltime: 16.0
36508.0/37230.0 days/days; walltime: 4.6
36509.0/37230.0 days/days; walltime: 13.0
36510.0/37230.0 days/days; walltime: 2.4
36511.0/37230.0 days/days; walltime: 8.6
36512.0/37230.0 days/days; walltime: 2.3
36513.0/37230.0 days/days; walltime: 11.1
36514.0/37230.0 days/days; walltime: 1.5
36515.0/37230.0 days/days; walltime: 1.3
36516.0/37230.0 days/days; walltime: 1.5
36517.0/37230.0 days/days; walltime: 14.7
36518.0/37230.0 days/days; walltime: 1.2
36519.0/37230.0 days/days; walltime: 1.6
36520.0/37230.0 days/days; walltime: 1.4
36521.0/37230.0 days/days; walltime: 5.4
36522.0/37230.0 days/days; walltime: 0.9
36523.0/37230.0 days/days; walltime: 0.9
36524.0/37230.0 days/days; walltime: 1.0
36525.0/37230.0 days/days; walltime: 0.9
36526.0/37230.0 days/days; walltime: 1.2
36527.0/37230.0 days/days; walltime: 1.1
36528.0/37230.0 days/days; walltime: 1.2
36529.0/37230.0 days/days; walltime: 0.9
36530.0/37230.0 days/days; walltime: 2.7
36531.0/37230.0 days/days; walltime: 1.1
36532.0/37230.0 days/days; walltime: 0.8
36533.0/37230.0 days/days; walltime: 0.9
36534.0/37230.0 days/days; walltime: 0.8
36535.0/37230.0 days/days; walltime: 0.9
36536.0/37230.0 days/days; walltime: 0.7
36537.0/37230.0 days/days; walltime: 0.8
36538.0/37230.0 days/days; walltime: 0.7
36539.0/37230.0 days/days; walltime: 0.8
36540.0/37230.0 days/days; walltime: 0.7
36541.0/37230.0 days/days; walltime: 0.7
36542.0/37230.0 days/days; walltime: 0.7
36543.0/37230.0 days/days; walltime: 0.6
36544.0/37230.0 days/days; walltime: 0.8
36545.0/37230.0 days/days; walltime: 0.6
36546.0/37230.0 days/days; walltime: 0.7
36547.0/37230.0 days/days; walltime: 0.6
36548.0/37230.0 days/days; walltime: 0.6
36549.0/37230.0 days/days; walltime: 0.6
36550.0/37230.0 days/days; walltime: 2.5
36551.0/37230.0 days/days; walltime: 0.6
36552.0/37230.0 days/days; walltime: 0.5
36553.0/37230.0 days/days; walltime: 0.6
36554.0/37230.0 days/days; walltime: 0.3
36555.0/37230.0 days/days; walltime: 0.6
36556.0/37230.0 days/days; walltime: 0.5
36557.0/37230.0 days/days; walltime: 0.5
36558.0/37230.0 days/days; walltime: 0.3
36559.0/37230.0 days/days; walltime: 0.5
36560.0/37230.0 days/days; walltime: 0.3
36561.0/37230.0 days/days; walltime: 0.3
36562.0/37230.0 days/days; walltime: 0.6
36563.0/37230.0 days/days; walltime: 0.5
36564.0/37230.0 days/days; walltime: 0.5
36565.0/37230.0 days/days; walltime: 0.6
36566.0/37230.0 days/days; walltime: 0.5
36567.0/37230.0 days/days; walltime: 0.3
36568.0/37230.0 days/days; walltime: 0.5
36569.0/37230.0 days/days; walltime: 0.5
36570.0/37230.0 days/days; walltime: 0.5
36571.0/37230.0 days/days; walltime: 0.3
36572.0/37230.0 days/days; walltime: 0.5
36573.0/37230.0 days/days; walltime: 0.5
36574.0/37230.0 days/days; walltime: 0.5
36575.0/37230.0 days/days; walltime: 0.3
36576.0/37230.0 days/days; walltime: 0.4
36577.0/37230.0 days/days; walltime: 2.4
36578.0/37230.0 days/days; walltime: 0.3
36579.0/37230.0 days/days; walltime: 0.4
36580.0/37230.0 days/days; walltime: 0.5
36581.0/37230.0 days/days; walltime: 0.2
36582.0/37230.0 days/days; walltime: 0.5
36583.0/37230.0 days/days; walltime: 0.2
36584.0/37230.0 days/days; walltime: 0.5
36585.0/37230.0 days/days; walltime: 0.4
36586.0/37230.0 days/days; walltime: 0.2
36587.0/37230.0 days/days; walltime: 0.5
36588.0/37230.0 days/days; walltime: 0.2
36589.0/37230.0 days/days; walltime: 0.4
36590.0/37230.0 days/days; walltime: 0.2
36591.0/37230.0 days/days; walltime: 0.5
36592.0/37230.0 days/days; walltime: 0.4
36593.0/37230.0 days/days; walltime: 0.2
36594.0/37230.0 days/days; walltime: 0.3
36595.0/37230.0 days/days; walltime: 0.2
36596.0/37230.0 days/days; walltime: 0.2
36597.0/37230.0 days/days; walltime: 0.4
36598.0/37230.0 days/days; walltime: 0.2
36599.0/37230.0 days/days; walltime: 0.3
36600.0/37230.0 days/days; walltime: 0.2
36601.0/37230.0 days/days; walltime: 0.4
36602.0/37230.0 days/days; walltime: 25.6
36603.0/37230.0 days/days; walltime: 0.6
36604.0/37230.0 days/days; walltime: 0.4
36605.0/37230.0 days/days; walltime: 0.2
36606.0/37230.0 days/days; walltime: 0.5
36607.0/37230.0 days/days; walltime: 0.2
36608.0/37230.0 days/days; walltime: 0.4
36609.0/37230.0 days/days; walltime: 0.2
36610.0/37230.0 days/days; walltime: 0.4
36611.0/37230.0 days/days; walltime: 0.1
36612.0/37230.0 days/days; walltime: 0.4
36613.0/37230.0 days/days; walltime: 0.2
36614.0/37230.0 days/days; walltime: 0.4
36615.0/37230.0 days/days; walltime: 0.2
36616.0/37230.0 days/days; walltime: 0.4
36617.0/37230.0 days/days; walltime: 0.2
36618.0/37230.0 days/days; walltime: 0.4
36619.0/37230.0 days/days; walltime: 0.1
36620.0/37230.0 days/days; walltime: 0.2
36621.0/37230.0 days/days; walltime: 0.4
--36622.0/37230.0 days/days; walltime: 2.5
36623.0/37230.0 days/days; walltime: 59.7
36624.0/37230.0 days/days; walltime: 97.6
36625.0/37230.0 days/days; walltime: 45.0
36626.0/37230.0 days/days; walltime: 7.4
36627.0/37230.0 days/days; walltime: 2.1
36628.0/37230.0 days/days; walltime: 1.3
36629.0/37230.0 days/days; walltime: 5.4
36630.0/37230.0 days/days; walltime: 1.2
36631.0/37230.0 days/days; walltime: 0.8
36632.0/37230.0 days/days; walltime: 0.9
36633.0/37230.0 days/days; walltime: 0.7
36634.0/37230.0 days/days; walltime: 26.7
36635.0/37230.0 days/days; walltime: 11.0
36636.0/37230.0 days/days; walltime: 13.9
36637.0/37230.0 days/days; walltime: 0.9
36638.0/37230.0 days/days; walltime: 28.1
36639.0/37230.0 days/days; walltime: 71.7
36640.0/37230.0 days/days; walltime: 277.3
36641.0/37230.0 days/days; walltime: 148.8
36642.0/37230.0 days/days; walltime: 29.0
36643.0/37230.0 days/days; walltime: 3.2
36644.0/37230.0 days/days; walltime: 4.3
36645.0/37230.0 days/days; walltime: 1.5
36646.0/37230.0 days/days; walltime: 1.0
36647.0/37230.0 days/days; walltime: 1.8
36648.0/37230.0 days/days; walltime: 0.8
36649.0/37230.0 days/days; walltime: 2.9
36650.0/37230.0 days/days; walltime: 2.8
36651.0/37230.0 days/days; walltime: 0.5
36652.0/37230.0 days/days; walltime: 5.0
36653.0/37230.0 days/days; walltime: 74.1
36654.0/37230.0 days/days; walltime: 282.6
36655.0/37230.0 days/days; walltime: 656.6
36656.0/37230.0 days/days; walltime: 343.8
36657.0/37230.0 days/days; walltime: 435.3
36658.0/37230.0 days/days; walltime: 823.2
36659.0/37230.0 days/days; walltime: 566.7
36660.0/37230.0 days/days; walltime: 596.7
36661.0/37230.0 days/days; walltime: 234.7
36662.0/37230.0 days/days; walltime: 411.4
36663.0/37230.0 days/days; walltime: 207.4
36664.0/37230.0 days/days; walltime: 192.4
36665.0/37230.0 days/days; walltime: 124.7
36666.0/37230.0 days/days; walltime: 111.3
36667.0/37230.0 days/days; walltime: 205.7
36668.0/37230.0 days/days; walltime: 536.8
36669.0/37230.0 days/days; walltime: 263.1
36670.0/37230.0 days/days; walltime: 235.1
36671.0/37230.0 days/days; walltime: 102.1
36672.0/37230.0 days/days; walltime: 144.0
36673.0/37230.0 days/days; walltime: 189.0
36674.0/37230.0 days/days; walltime: 160.9
36675.0/37230.0 days/days; walltime: 75.4
36676.0/37230.0 days/days; walltime: 295.1
36677.0/37230.0 days/days; walltime: 572.6
36678.0/37230.0 days/days; walltime: 259.2
36679.0/37230.0 days/days; walltime: 262.8
36680.0/37230.0 days/days; walltime: 233.5
36681.0/37230.0 days/days; walltime: 161.1
36682.0/37230.0 days/days; walltime: 105.5
36683.0/37230.0 days/days; walltime: 306.0
36684.0/37230.0 days/days; walltime: 345.5
36685.0/37230.0 days/days; walltime: 726.1
36686.0/37230.0 days/days; walltime: 546.5
36687.0/37230.0 days/days; walltime: 787.0
36688.0/37230.0 days/days; walltime: 433.7
36689.0/37230.0 days/days; walltime: 691.9
36690.0/37230.0 days/days; walltime: 905.4
36691.0/37230.0 days/days; walltime: 293.9
36692.0/37230.0 days/days; walltime: 450.8
36693.0/37230.0 days/days; walltime: 232.0
36694.0/37230.0 days/days; walltime: 179.9
36695.0/37230.0 days/days; walltime: 159.5
36696.0/37230.0 days/days; walltime: 156.0
36697.0/37230.0 days/days; walltime: 338.1
36698.0/37230.0 days/days; walltime: 440.2
36699.0/37230.0 days/days; walltime: 198.6
36700.0/37230.0 days/days; walltime: 474.1
36701.0/37230.0 days/days; walltime: 288.0
36702.0/37230.0 days/days; walltime: 311.7
36703.0/37230.0 days/days; walltime: 304.9
36704.0/37230.0 days/days; walltime: 358.1
36705.0/37230.0 days/days; walltime: 619.2
36706.0/37230.0 days/days; walltime: 506.8
36707.0/37230.0 days/days; walltime: 380.9
36708.0/37230.0 days/days; walltime: 521.1
36709.0/37230.0 days/days; walltime: 137.3
36710.0/37230.0 days/days; walltime: 217.4
36711.0/37230.0 days/days; walltime: 418.2
36712.0/37230.0 days/days; walltime: 219.2
36713.0/37230.0 days/days; walltime: 612.3
36714.0/37230.0 days/days; walltime: 207.7
36715.0/37230.0 days/days; walltime: 273.3
36716.0/37230.0 days/days; walltime: 143.9
36717.0/37230.0 days/days; walltime: 154.4
36718.0/37230.0 days/days; walltime: 147.2
36719.0/37230.0 days/days; walltime: 113.5
36720.0/37230.0 days/days; walltime: 416.8
36721.0/37230.0 days/days; walltime: 652.1
36722.0/37230.0 days/days; walltime: 543.7
36723.0/37230.0 days/days; walltime: 761.6
36724.0/37230.0 days/days; walltime: 719.3
36725.0/37230.0 days/days; walltime: 776.2
36726.0/37230.0 days/days; walltime: 414.2
36727.0/37230.0 days/days; walltime: 150.2
36728.0/37230.0 days/days; walltime: 941.2
36729.0/37230.0 days/days; walltime: 425.2
36730.0/37230.0 days/days; walltime: 664.1
36731.0/37230.0 days/days; walltime: 264.4
36732.0/37230.0 days/days; walltime: 167.1
36733.0/37230.0 days/days; walltime: 561.2
36734.0/37230.0 days/days; walltime: 199.7
36735.0/37230.0 days/days; walltime: 218.3
36736.0/37230.0 days/days; walltime: 287.6
36737.0/37230.0 days/days; walltime: 141.2
36738.0/37230.0 days/days; walltime: 143.9
36739.0/37230.0 days/days; walltime: 133.4
36740.0/37230.0 days/days; walltime: 110.2
36741.0/37230.0 days/days; walltime: 368.7
36742.0/37230.0 days/days; walltime: 1005.1
36743.0/37230.0 days/days; walltime: 1489.6
36744.0/37230.0 days/days; walltime: 765.9
36745.0/37230.0 days/days; walltime: 315.4
36746.0/37230.0 days/days; walltime: 262.3
36747.0/37230.0 days/days; walltime: 792.6
36748.0/37230.0 days/days; walltime: 469.6
36749.0/37230.0 days/days; walltime: 1068.0
36750.0/37230.0 days/days; walltime: 294.8
36751.0/37230.0 days/days; walltime: 102.5
36752.0/37230.0 days/days; walltime: 308.4
36753.0/37230.0 days/days; walltime: 138.9
36754.0/37230.0 days/days; walltime: 97.0
36755.0/37230.0 days/days; walltime: 90.0
36756.0/37230.0 days/days; walltime: 51.0
36757.0/37230.0 days/days; walltime: 59.9
36758.0/37230.0 days/days; walltime: 37.6
36759.0/37230.0 days/days; walltime: 27.7
36760.0/37230.0 days/days; walltime: 26.6
36761.0/37230.0 days/days; walltime: 147.5
36762.0/37230.0 days/days; walltime: 169.9
36763.0/37230.0 days/days; walltime: 17.2
36764.0/37230.0 days/days; walltime: 142.6
36765.0/37230.0 days/days; walltime: 158.9
36766.0/37230.0 days/days; walltime: 8.9
36767.0/37230.0 days/days; walltime: 18.4
36768.0/37230.0 days/days; walltime: 10.9
36769.0/37230.0 days/days; walltime: 3.7
36770.0/37230.0 days/days; walltime: 18.0
36771.0/37230.0 days/days; walltime: 1.6
36772.0/37230.0 days/days; walltime: 1.5
36773.0/37230.0 days/days; walltime: 1.3
36774.0/37230.0 days/days; walltime: 3.8
36775.0/37230.0 days/days; walltime: 3.0
36776.0/37230.0 days/days; walltime: 4.0
36777.0/37230.0 days/days; walltime: 3.1
36778.0/37230.0 days/days; walltime: 1.2
36779.0/37230.0 days/days; walltime: 1.0
36780.0/37230.0 days/days; walltime: 0.8
36781.0/37230.0 days/days; walltime: 1.0
36782.0/37230.0 days/days; walltime: 133.0
36783.0/37230.0 days/days; walltime: 1229.5
36784.0/37230.0 days/days; walltime: 1414.2
36785.0/37230.0 days/days; walltime: 1288.3
36786.0/37230.0 days/days; walltime: 538.5
36787.0/37230.0 days/days; walltime: 212.6
36788.0/37230.0 days/days; walltime: 102.2
36789.0/37230.0 days/days; walltime: 50.0
36790.0/37230.0 days/days; walltime: 81.8
36791.0/37230.0 days/days; walltime: 21.8
36792.0/37230.0 days/days; walltime: 19.0
36793.0/37230.0 days/days; walltime: 17.4
36794.0/37230.0 days/days; walltime: 40.0
36795.0/37230.0 days/days; walltime: 15.2
36796.0/37230.0 days/days; walltime: 12.8
36797.0/37230.0 days/days; walltime: 32.7
36798.0/37230.0 days/days; walltime: 23.0
36799.0/37230.0 days/days; walltime: 19.8
36800.0/37230.0 days/days; walltime: 19.9
36801.0/37230.0 days/days; walltime: 16.0
36802.0/37230.0 days/days; walltime: 20.0
36803.0/37230.0 days/days; walltime: 3.3
36804.0/37230.0 days/days; walltime: 7.1
36805.0/37230.0 days/days; walltime: 13.7
36806.0/37230.0 days/days; walltime: 14.6
36807.0/37230.0 days/days; walltime: 1.2
36808.0/37230.0 days/days; walltime: 0.9
36809.0/37230.0 days/days; walltime: 0.8
36810.0/37230.0 days/days; walltime: 2.9
36811.0/37230.0 days/days; walltime: 1.2
36812.0/37230.0 days/days; walltime: 3.4
36813.0/37230.0 days/days; walltime: 1.4
36814.0/37230.0 days/days; walltime: 0.6
36815.0/37230.0 days/days; walltime: 0.5
36816.0/37230.0 days/days; walltime: 0.8
36817.0/37230.0 days/days; walltime: 0.4
36818.0/37230.0 days/days; walltime: 0.7
36819.0/37230.0 days/days; walltime: 0.5
36820.0/37230.0 days/days; walltime: 0.6
36821.0/37230.0 days/days; walltime: 0.6
36822.0/37230.0 days/days; walltime: 0.4
36823.0/37230.0 days/days; walltime: 0.6
36824.0/37230.0 days/days; walltime: 0.5
36825.0/37230.0 days/days; walltime: 0.6
36826.0/37230.0 days/days; walltime: 0.5
36827.0/37230.0 days/days; walltime: 0.5
36828.0/37230.0 days/days; walltime: 0.6
36829.0/37230.0 days/days; walltime: 0.4
36830.0/37230.0 days/days; walltime: 0.5
36831.0/37230.0 days/days; walltime: 0.6
36832.0/37230.0 days/days; walltime: 0.5
36833.0/37230.0 days/days; walltime: 0.5
36834.0/37230.0 days/days; walltime: 4.2
36835.0/37230.0 days/days; walltime: 0.4
36836.0/37230.0 days/days; walltime: 0.4
36837.0/37230.0 days/days; walltime: 0.2
36838.0/37230.0 days/days; walltime: 0.4
36839.0/37230.0 days/days; walltime: 0.3
36840.0/37230.0 days/days; walltime: 0.2
36841.0/37230.0 days/days; walltime: 0.4
36842.0/37230.0 days/days; walltime: 0.3
36843.0/37230.0 days/days; walltime: 0.2
36844.0/37230.0 days/days; walltime: 0.4
36845.0/37230.0 days/days; walltime: 0.4
36846.0/37230.0 days/days; walltime: 0.4
36847.0/37230.0 days/days; walltime: 0.2
36848.0/37230.0 days/days; walltime: 0.5
36849.0/37230.0 days/days; walltime: 0.2
36850.0/37230.0 days/days; walltime: 0.5
36851.0/37230.0 days/days; walltime: 0.2
36852.0/37230.0 days/days; walltime: 0.5
36853.0/37230.0 days/days; walltime: 0.2
36854.0/37230.0 days/days; walltime: 0.4
36855.0/37230.0 days/days; walltime: 95.9
36856.0/37230.0 days/days; walltime: 0.7
36857.0/37230.0 days/days; walltime: 0.5
36858.0/37230.0 days/days; walltime: 0.4
36859.0/37230.0 days/days; walltime: 0.4
36860.0/37230.0 days/days; walltime: 0.2
36861.0/37230.0 days/days; walltime: 0.4
36862.0/37230.0 days/days; walltime: 0.2
36863.0/37230.0 days/days; walltime: 0.5
36864.0/37230.0 days/days; walltime: 0.4
36865.0/37230.0 days/days; walltime: 0.2
36866.0/37230.0 days/days; walltime: 0.4
36867.0/37230.0 days/days; walltime: 0.2
36868.0/37230.0 days/days; walltime: 0.4
36869.0/37230.0 days/days; walltime: 0.2
36870.0/37230.0 days/days; walltime: 37.8
36871.0/37230.0 days/days; walltime: 0.8
36872.0/37230.0 days/days; walltime: 0.2
36873.0/37230.0 days/days; walltime: 0.4
36874.0/37230.0 days/days; walltime: 0.2
36875.0/37230.0 days/days; walltime: 0.4
36876.0/37230.0 days/days; walltime: 0.2
36877.0/37230.0 days/days; walltime: 0.4
36878.0/37230.0 days/days; walltime: 0.1
36879.0/37230.0 days/days; walltime: 0.2
36880.0/37230.0 days/days; walltime: 0.4
36881.0/37230.0 days/days; walltime: 0.2
36882.0/37230.0 days/days; walltime: 0.2
36883.0/37230.0 days/days; walltime: 0.2
36884.0/37230.0 days/days; walltime: 0.4
36885.0/37230.0 days/days; walltime: 0.1
36886.0/37230.0 days/days; walltime: 0.2
36887.0/37230.0 days/days; walltime: 2.3
36888.0/37230.0 days/days; walltime: 0.2
36889.0/37230.0 days/days; walltime: 0.3
36890.0/37230.0 days/days; walltime: 0.2
36891.0/37230.0 days/days; walltime: 0.2
36892.0/37230.0 days/days; walltime: 0.1
36893.0/37230.0 days/days; walltime: 0.2
36894.0/37230.0 days/days; walltime: 0.1
36895.0/37230.0 days/days; walltime: 0.4
36896.0/37230.0 days/days; walltime: 0.1
36897.0/37230.0 days/days; walltime: 0.5
36898.0/37230.0 days/days; walltime: 0.2
36899.0/37230.0 days/days; walltime: 2.3
36900.0/37230.0 days/days; walltime: 0.1
36901.0/37230.0 days/days; walltime: 0.1
36902.0/37230.0 days/days; walltime: 0.1
36903.0/37230.0 days/days; walltime: 0.4
36904.0/37230.0 days/days; walltime: 0.4
36905.0/37230.0 days/days; walltime: 0.2
36906.0/37230.0 days/days; walltime: 0.2
36907.0/37230.0 days/days; walltime: 0.2
36908.0/37230.0 days/days; walltime: 0.2
36909.0/37230.0 days/days; walltime: 2.6
36910.0/37230.0 days/days; walltime: 0.2
36911.0/37230.0 days/days; walltime: 0.1
36912.0/37230.0 days/days; walltime: 0.2
36913.0/37230.0 days/days; walltime: 0.2
36914.0/37230.0 days/days; walltime: 2.2
36915.0/37230.0 days/days; walltime: 0.4
36916.0/37230.0 days/days; walltime: 0.4
36917.0/37230.0 days/days; walltime: 0.2
36918.0/37230.0 days/days; walltime: 0.4
36919.0/37230.0 days/days; walltime: 0.6
36920.0/37230.0 days/days; walltime: 0.4
36921.0/37230.0 days/days; walltime: 0.5
36922.0/37230.0 days/days; walltime: 2.4
36923.0/37230.0 days/days; walltime: 0.6
36924.0/37230.0 days/days; walltime: 0.5
36925.0/37230.0 days/days; walltime: 0.6
36926.0/37230.0 days/days; walltime: 0.5
36927.0/37230.0 days/days; walltime: 0.5
36928.0/37230.0 days/days; walltime: 0.5
36929.0/37230.0 days/days; walltime: 2.5
36930.0/37230.0 days/days; walltime: 0.2
36931.0/37230.0 days/days; walltime: 0.2
36932.0/37230.0 days/days; walltime: 0.2
36933.0/37230.0 days/days; walltime: 0.2
36934.0/37230.0 days/days; walltime: 2.6
36935.0/37230.0 days/days; walltime: 0.3
36936.0/37230.0 days/days; walltime: 0.3
36937.0/37230.0 days/days; walltime: 0.5
36938.0/37230.0 days/days; walltime: 0.8
36939.0/37230.0 days/days; walltime: 0.5
36940.0/37230.0 days/days; walltime: 0.6
36941.0/37230.0 days/days; walltime: 2.6
36942.0/37230.0 days/days; walltime: 0.4
36943.0/37230.0 days/days; walltime: 0.7
36944.0/37230.0 days/days; walltime: 0.7
36945.0/37230.0 days/days; walltime: 0.6
36946.0/37230.0 days/days; walltime: 0.8
36947.0/37230.0 days/days; walltime: 2.5
36948.0/37230.0 days/days; walltime: 0.3
36949.0/37230.0 days/days; walltime: 0.3
36950.0/37230.0 days/days; walltime: 0.3
36951.0/37230.0 days/days; walltime: 3.2
36952.0/37230.0 days/days; walltime: 0.6
36953.0/37230.0 days/days; walltime: 0.6
36954.0/37230.0 days/days; walltime: 0.7
36955.0/37230.0 days/days; walltime: 0.6
36956.0/37230.0 days/days; walltime: 0.7
36957.0/37230.0 days/days; walltime: 2.6
36958.0/37230.0 days/days; walltime: 0.7
36959.0/37230.0 days/days; walltime: 0.6
36960.0/37230.0 days/days; walltime: 0.6
36961.0/37230.0 days/days; walltime: 0.7
36962.0/37230.0 days/days; walltime: 0.7
36963.0/37230.0 days/days; walltime: 2.8
36964.0/37230.0 days/days; walltime: 0.7
36965.0/37230.0 days/days; walltime: 0.7
36966.0/37230.0 days/days; walltime: 0.6
36967.0/37230.0 days/days; walltime: 0.7
36968.0/37230.0 days/days; walltime: 2.8
36969.0/37230.0 days/days; walltime: 0.6
36970.0/37230.0 days/days; walltime: 0.6
36971.0/37230.0 days/days; walltime: 0.8
36972.0/37230.0 days/days; walltime: 0.7
36973.0/37230.0 days/days; walltime: 0.7
36974.0/37230.0 days/days; walltime: 2.6
36975.0/37230.0 days/days; walltime: 0.7
36976.0/37230.0 days/days; walltime: 0.9
36977.0/37230.0 days/days; walltime: 0.6
36978.0/37230.0 days/days; walltime: 0.6
36979.0/37230.0 days/days; walltime: 2.7
36980.0/37230.0 days/days; walltime: 0.6
36981.0/37230.0 days/days; walltime: 0.4
36982.0/37230.0 days/days; walltime: 0.5
36983.0/37230.0 days/days; walltime: 0.6
36984.0/37230.0 days/days; walltime: 2.5
36985.0/37230.0 days/days; walltime: 0.4
36986.0/37230.0 days/days; walltime: 0.4
36987.0/37230.0 days/days; walltime: 0.5
-36988.0/37230.0 days/days; walltime: 29.0
36989.0/37230.0 days/days; walltime: 37.6
36990.0/37230.0 days/days; walltime: 5.3
36991.0/37230.0 days/days; walltime: 1.3
36992.0/37230.0 days/days; walltime: 0.9
36993.0/37230.0 days/days; walltime: 0.7
36994.0/37230.0 days/days; walltime: 0.4
36995.0/37230.0 days/days; walltime: 0.4
36996.0/37230.0 days/days; walltime: 0.2
36997.0/37230.0 days/days; walltime: 0.4
36998.0/37230.0 days/days; walltime: 0.1
36999.0/37230.0 days/days; walltime: 0.4
37000.0/37230.0 days/days; walltime: 0.2
37001.0/37230.0 days/days; walltime: 0.1
37002.0/37230.0 days/days; walltime: 0.4
37003.0/37230.0 days/days; walltime: 13.6
37004.0/37230.0 days/days; walltime: 32.6
37005.0/37230.0 days/days; walltime: 73.8
37006.0/37230.0 days/days; walltime: 44.9
37007.0/37230.0 days/days; walltime: 3.8
37008.0/37230.0 days/days; walltime: 2.4
37009.0/37230.0 days/days; walltime: 1.9
37010.0/37230.0 days/days; walltime: 1.2
37011.0/37230.0 days/days; walltime: 4.7
37012.0/37230.0 days/days; walltime: 10.2
37013.0/37230.0 days/days; walltime: 0.6
37014.0/37230.0 days/days; walltime: 0.6
37015.0/37230.0 days/days; walltime: 0.6
37016.0/37230.0 days/days; walltime: 0.9
37017.0/37230.0 days/days; walltime: 0.6
37018.0/37230.0 days/days; walltime: 49.0
37019.0/37230.0 days/days; walltime: 50.3
37020.0/37230.0 days/days; walltime: 189.3
37021.0/37230.0 days/days; walltime: 139.8
37022.0/37230.0 days/days; walltime: 282.5
37023.0/37230.0 days/days; walltime: 511.0
37024.0/37230.0 days/days; walltime: 228.1
37025.0/37230.0 days/days; walltime: 427.6
37026.0/37230.0 days/days; walltime: 95.5
37027.0/37230.0 days/days; walltime: 332.6
37028.0/37230.0 days/days; walltime: 82.2
37029.0/37230.0 days/days; walltime: 76.7
37030.0/37230.0 days/days; walltime: 64.0
37031.0/37230.0 days/days; walltime: 96.4
37032.0/37230.0 days/days; walltime: 136.8
37033.0/37230.0 days/days; walltime: 512.9
37034.0/37230.0 days/days; walltime: 257.7
37035.0/37230.0 days/days; walltime: 184.7
37036.0/37230.0 days/days; walltime: 154.4
37037.0/37230.0 days/days; walltime: 117.4
37038.0/37230.0 days/days; walltime: 214.0
37039.0/37230.0 days/days; walltime: 219.6
37040.0/37230.0 days/days; walltime: 66.7
37041.0/37230.0 days/days; walltime: 239.1
37042.0/37230.0 days/days; walltime: 649.6
37043.0/37230.0 days/days; walltime: 207.7
37044.0/37230.0 days/days; walltime: 262.9
37045.0/37230.0 days/days; walltime: 175.7
37046.0/37230.0 days/days; walltime: 159.9
37047.0/37230.0 days/days; walltime: 115.2
37048.0/37230.0 days/days; walltime: 200.0
37049.0/37230.0 days/days; walltime: 230.4
37050.0/37230.0 days/days; walltime: 678.8
37051.0/37230.0 days/days; walltime: 568.9
37052.0/37230.0 days/days; walltime: 467.9
37053.0/37230.0 days/days; walltime: 284.2
37054.0/37230.0 days/days; walltime: 700.0
37055.0/37230.0 days/days; walltime: 697.5
37056.0/37230.0 days/days; walltime: 277.0
37057.0/37230.0 days/days; walltime: 295.3
37058.0/37230.0 days/days; walltime: 133.3
37059.0/37230.0 days/days; walltime: 125.4
37060.0/37230.0 days/days; walltime: 111.4
37061.0/37230.0 days/days; walltime: 114.3
37062.0/37230.0 days/days; walltime: 145.8
37063.0/37230.0 days/days; walltime: 345.8
37064.0/37230.0 days/days; walltime: 153.1
37065.0/37230.0 days/days; walltime: 440.9
37066.0/37230.0 days/days; walltime: 366.4
37067.0/37230.0 days/days; walltime: 252.7
37068.0/37230.0 days/days; walltime: 165.7
37069.0/37230.0 days/days; walltime: 318.9
37070.0/37230.0 days/days; walltime: 639.4
37071.0/37230.0 days/days; walltime: 395.1
37072.0/37230.0 days/days; walltime: 325.2
37073.0/37230.0 days/days; walltime: 335.6
37074.0/37230.0 days/days; walltime: 121.1
37075.0/37230.0 days/days; walltime: 125.7
37076.0/37230.0 days/days; walltime: 365.4
37077.0/37230.0 days/days; walltime: 229.4
37078.0/37230.0 days/days; walltime: 649.1
37079.0/37230.0 days/days; walltime: 229.3
37080.0/37230.0 days/days; walltime: 160.4
37081.0/37230.0 days/days; walltime: 103.8
37082.0/37230.0 days/days; walltime: 102.7
37083.0/37230.0 days/days; walltime: 96.6
37084.0/37230.0 days/days; walltime: 93.5
37085.0/37230.0 days/days; walltime: 412.5
37086.0/37230.0 days/days; walltime: 675.1
37087.0/37230.0 days/days; walltime: 669.0
37088.0/37230.0 days/days; walltime: 650.5
37089.0/37230.0 days/days; walltime: 684.9
37090.0/37230.0 days/days; walltime: 738.9
37091.0/37230.0 days/days; walltime: 418.4
37092.0/37230.0 days/days; walltime: 191.2
37093.0/37230.0 days/days; walltime: 913.1
37094.0/37230.0 days/days; walltime: 504.9
37095.0/37230.0 days/days; walltime: 637.5
37096.0/37230.0 days/days; walltime: 311.1
37097.0/37230.0 days/days; walltime: 200.7
37098.0/37230.0 days/days; walltime: 652.3
