Picked up JAVA_TOOL_OPTIONS: -Xmx2g
Opening log file:  /tmp/java.log.928

                            < M A T L A B (R) >
                  Copyright 1984-2022 The MathWorks, Inc.
                  R2022a (9.12.0.1884302) 64-bit (glnxa64)
                             February 16, 2022

 
To get started, type doc.
For product information, visit www.mathworks.com.
 

config = 

  struct with fields:

                 k_s: 0.1000
                 l_c: 10
            n_moulin: 68
    creep_const_soft: 0
             mesh_nr: 4
                 k_c: 0.2000
               h_bed: 0.5000
               l_bed: 10
               alpha: 4
                beta: 2
               omega: 0
                 e_v: 1.0000e-04

Running model run (ode15s):
Run to steady
Saving model run to
./RUN/output_006_steady.nc
Fields, IC & BC initialised
Initial phi calculated in 2.2s
0.0/36500.0 days/days; walltime: 23.7
------------------------------------1825.0/36500.0 days/days; walltime: 173.9
3650.0/36500.0 days/days; walltime: 2.1
5475.0/36500.0 days/days; walltime: 0.8
7300.0/36500.0 days/days; walltime: 0.5
------------9125.0/36500.0 days/days; walltime: 13.7
10950.0/36500.0 days/days; walltime: 812.2
12775.0/36500.0 days/days; walltime: 354.7
14600.0/36500.0 days/days; walltime: 240.7
-16425.0/36500.0 days/days; walltime: 250.7
18250.0/36500.0 days/days; walltime: 142.8
20075.0/36500.0 days/days; walltime: 40.1
21900.0/36500.0 days/days; walltime: 16.1
23725.0/36500.0 days/days; walltime: 10.4
25550.0/36500.0 days/days; walltime: 5.0
27375.0/36500.0 days/days; walltime: 2.6
29200.0/36500.0 days/days; walltime: 1.5
31025.0/36500.0 days/days; walltime: 1.2
32850.0/36500.0 days/days; walltime: 3.2
34675.0/36500.0 days/days; walltime: 0.6
36500.0/36500.0 days/days; walltime: 0.6
Wallclock for model run: 2101.5s
 

fields = 

  struct with fields:

    nodes: [1x1 struct]
    edges: [1x1 struct]
       BC: [1x1 struct]

Running model run (ode15s):
Run seasonal
Saving model run to
./RUN/output_006_seasonal.nc
IC initialised from struct
IC initialised from file/given & rest from parameters and given functions
36500.0/37230.0 days/days; walltime: 21.4
36501.0/37230.0 days/days; walltime: 77.8
36502.0/37230.0 days/days; walltime: 12.1
36503.0/37230.0 days/days; walltime: 15.2
36504.0/37230.0 days/days; walltime: 15.3
36505.0/37230.0 days/days; walltime: 4.7
36506.0/37230.0 days/days; walltime: 8.3
36507.0/37230.0 days/days; walltime: 17.9
36508.0/37230.0 days/days; walltime: 5.1
36509.0/37230.0 days/days; walltime: 14.4
36510.0/37230.0 days/days; walltime: 2.7
36511.0/37230.0 days/days; walltime: 9.6
36512.0/37230.0 days/days; walltime: 2.6
36513.0/37230.0 days/days; walltime: 12.5
36514.0/37230.0 days/days; walltime: 1.7
36515.0/37230.0 days/days; walltime: 1.4
36516.0/37230.0 days/days; walltime: 1.7
36517.0/37230.0 days/days; walltime: 16.5
36518.0/37230.0 days/days; walltime: 1.4
36519.0/37230.0 days/days; walltime: 1.7
36520.0/37230.0 days/days; walltime: 1.6
36521.0/37230.0 days/days; walltime: 5.8
36522.0/37230.0 days/days; walltime: 1.0
36523.0/37230.0 days/days; walltime: 0.9
36524.0/37230.0 days/days; walltime: 1.1
36525.0/37230.0 days/days; walltime: 1.0
36526.0/37230.0 days/days; walltime: 1.3
36527.0/37230.0 days/days; walltime: 1.2
36528.0/37230.0 days/days; walltime: 1.3
36529.0/37230.0 days/days; walltime: 1.1
36530.0/37230.0 days/days; walltime: 3.1
36531.0/37230.0 days/days; walltime: 1.2
36532.0/37230.0 days/days; walltime: 0.9
36533.0/37230.0 days/days; walltime: 1.0
36534.0/37230.0 days/days; walltime: 0.9
36535.0/37230.0 days/days; walltime: 1.0
36536.0/37230.0 days/days; walltime: 0.8
36537.0/37230.0 days/days; walltime: 0.9
36538.0/37230.0 days/days; walltime: 0.8
36539.0/37230.0 days/days; walltime: 0.9
36540.0/37230.0 days/days; walltime: 0.8
36541.0/37230.0 days/days; walltime: 0.8
36542.0/37230.0 days/days; walltime: 0.8
36543.0/37230.0 days/days; walltime: 0.7
36544.0/37230.0 days/days; walltime: 0.9
36545.0/37230.0 days/days; walltime: 0.6
36546.0/37230.0 days/days; walltime: 0.8
36547.0/37230.0 days/days; walltime: 0.6
36548.0/37230.0 days/days; walltime: 0.6
36549.0/37230.0 days/days; walltime: 0.6
36550.0/37230.0 days/days; walltime: 2.8
36551.0/37230.0 days/days; walltime: 0.7
36552.0/37230.0 days/days; walltime: 0.5
36553.0/37230.0 days/days; walltime: 0.6
36554.0/37230.0 days/days; walltime: 0.4
36555.0/37230.0 days/days; walltime: 0.6
36556.0/37230.0 days/days; walltime: 0.5
36557.0/37230.0 days/days; walltime: 0.5
36558.0/37230.0 days/days; walltime: 0.4
36559.0/37230.0 days/days; walltime: 0.5
36560.0/37230.0 days/days; walltime: 0.4
36561.0/37230.0 days/days; walltime: 0.4
36562.0/37230.0 days/days; walltime: 0.6
36563.0/37230.0 days/days; walltime: 0.5
36564.0/37230.0 days/days; walltime: 0.5
36565.0/37230.0 days/days; walltime: 0.6
36566.0/37230.0 days/days; walltime: 0.5
36567.0/37230.0 days/days; walltime: 0.4
36568.0/37230.0 days/days; walltime: 0.5
36569.0/37230.0 days/days; walltime: 0.5
36570.0/37230.0 days/days; walltime: 0.5
36571.0/37230.0 days/days; walltime: 0.4
36572.0/37230.0 days/days; walltime: 0.5
36573.0/37230.0 days/days; walltime: 0.5
36574.0/37230.0 days/days; walltime: 0.5
36575.0/37230.0 days/days; walltime: 0.4
36576.0/37230.0 days/days; walltime: 0.4
36577.0/37230.0 days/days; walltime: 2.7
36578.0/37230.0 days/days; walltime: 0.4
36579.0/37230.0 days/days; walltime: 0.4
36580.0/37230.0 days/days; walltime: 0.5
36581.0/37230.0 days/days; walltime: 0.3
36582.0/37230.0 days/days; walltime: 0.5
36583.0/37230.0 days/days; walltime: 0.3
36584.0/37230.0 days/days; walltime: 0.5
36585.0/37230.0 days/days; walltime: 0.4
36586.0/37230.0 days/days; walltime: 0.3
36587.0/37230.0 days/days; walltime: 0.5
36588.0/37230.0 days/days; walltime: 0.3
36589.0/37230.0 days/days; walltime: 0.4
36590.0/37230.0 days/days; walltime: 0.3
36591.0/37230.0 days/days; walltime: 0.5
36592.0/37230.0 days/days; walltime: 0.4
36593.0/37230.0 days/days; walltime: 0.3
36594.0/37230.0 days/days; walltime: 0.4
36595.0/37230.0 days/days; walltime: 0.3
36596.0/37230.0 days/days; walltime: 0.3
36597.0/37230.0 days/days; walltime: 0.4
36598.0/37230.0 days/days; walltime: 0.3
36599.0/37230.0 days/days; walltime: 0.4
36600.0/37230.0 days/days; walltime: 0.3
36601.0/37230.0 days/days; walltime: 0.4
36602.0/37230.0 days/days; walltime: 28.6
36603.0/37230.0 days/days; walltime: 0.7
36604.0/37230.0 days/days; walltime: 0.4
36605.0/37230.0 days/days; walltime: 0.3
36606.0/37230.0 days/days; walltime: 0.5
36607.0/37230.0 days/days; walltime: 0.3
36608.0/37230.0 days/days; walltime: 0.4
36609.0/37230.0 days/days; walltime: 0.3
36610.0/37230.0 days/days; walltime: 0.4
36611.0/37230.0 days/days; walltime: 0.1
36612.0/37230.0 days/days; walltime: 0.4
36613.0/37230.0 days/days; walltime: 0.3
36614.0/37230.0 days/days; walltime: 0.4
36615.0/37230.0 days/days; walltime: 0.3
36616.0/37230.0 days/days; walltime: 0.4
36617.0/37230.0 days/days; walltime: 0.3
36618.0/37230.0 days/days; walltime: 0.4
36619.0/37230.0 days/days; walltime: 0.1
36620.0/37230.0 days/days; walltime: 0.3
36621.0/37230.0 days/days; walltime: 0.4
--36622.0/37230.0 days/days; walltime: 2.8
36623.0/37230.0 days/days; walltime: 67.2
36624.0/37230.0 days/days; walltime: 109.9
36625.0/37230.0 days/days; walltime: 51.1
36626.0/37230.0 days/days; walltime: 8.5
36627.0/37230.0 days/days; walltime: 2.4
36628.0/37230.0 days/days; walltime: 1.5
36629.0/37230.0 days/days; walltime: 6.2
36630.0/37230.0 days/days; walltime: 1.3
36631.0/37230.0 days/days; walltime: 0.9
36632.0/37230.0 days/days; walltime: 1.1
36633.0/37230.0 days/days; walltime: 0.8
36634.0/37230.0 days/days; walltime: 27.0
36635.0/37230.0 days/days; walltime: 12.7
36636.0/37230.0 days/days; walltime: 15.7
36637.0/37230.0 days/days; walltime: 1.1
36638.0/37230.0 days/days; walltime: 31.9
36639.0/37230.0 days/days; walltime: 76.0
36640.0/37230.0 days/days; walltime: 308.8
36641.0/37230.0 days/days; walltime: 166.9
36642.0/37230.0 days/days; walltime: 32.8
36643.0/37230.0 days/days; walltime: 3.6
36644.0/37230.0 days/days; walltime: 4.8
36645.0/37230.0 days/days; walltime: 1.7
36646.0/37230.0 days/days; walltime: 1.1
36647.0/37230.0 days/days; walltime: 2.0
36648.0/37230.0 days/days; walltime: 0.9
36649.0/37230.0 days/days; walltime: 3.2
36650.0/37230.0 days/days; walltime: 3.1
36651.0/37230.0 days/days; walltime: 0.6
36652.0/37230.0 days/days; walltime: 5.8
36653.0/37230.0 days/days; walltime: 81.8
36654.0/37230.0 days/days; walltime: 302.2
36655.0/37230.0 days/days; walltime: 709.2
36656.0/37230.0 days/days; walltime: 385.1
36657.0/37230.0 days/days; walltime: 470.4
36658.0/37230.0 days/days; walltime: 922.9
36659.0/37230.0 days/days; walltime: 639.2
36660.0/37230.0 days/days; walltime: 648.1
36661.0/37230.0 days/days; walltime: 261.5
36662.0/37230.0 days/days; walltime: 462.2
36663.0/37230.0 days/days; walltime: 230.1
36664.0/37230.0 days/days; walltime: 214.0
36665.0/37230.0 days/days; walltime: 139.8
36666.0/37230.0 days/days; walltime: 125.4
36667.0/37230.0 days/days; walltime: 231.3
36668.0/37230.0 days/days; walltime: 602.2
36669.0/37230.0 days/days; walltime: 293.3
36670.0/37230.0 days/days; walltime: 265.1
36671.0/37230.0 days/days; walltime: 114.5
36672.0/37230.0 days/days; walltime: 160.3
36673.0/37230.0 days/days; walltime: 205.8
36674.0/37230.0 days/days; walltime: 174.4
36675.0/37230.0 days/days; walltime: 82.0
36676.0/37230.0 days/days; walltime: 315.3
36677.0/37230.0 days/days; walltime: 627.2
36678.0/37230.0 days/days; walltime: 287.2
36679.0/37230.0 days/days; walltime: 286.9
36680.0/37230.0 days/days; walltime: 256.7
36681.0/37230.0 days/days; walltime: 179.0
36682.0/37230.0 days/days; walltime: 118.0
36683.0/37230.0 days/days; walltime: 329.3
36684.0/37230.0 days/days; walltime: 366.0
36685.0/37230.0 days/days; walltime: 783.9
36686.0/37230.0 days/days; walltime: 586.3
36687.0/37230.0 days/days; walltime: 843.0
36688.0/37230.0 days/days; walltime: 477.4
36689.0/37230.0 days/days; walltime: 731.1
36690.0/37230.0 days/days; walltime: 953.2
36691.0/37230.0 days/days; walltime: 318.3
36692.0/37230.0 days/days; walltime: 479.4
36693.0/37230.0 days/days; walltime: 236.3
36694.0/37230.0 days/days; walltime: 185.1
36695.0/37230.0 days/days; walltime: 167.3
36696.0/37230.0 days/days; walltime: 164.7
36697.0/37230.0 days/days; walltime: 358.1
36698.0/37230.0 days/days; walltime: 464.9
36699.0/37230.0 days/days; walltime: 211.1
36700.0/37230.0 days/days; walltime: 494.1
36701.0/37230.0 days/days; walltime: 305.9
36702.0/37230.0 days/days; walltime: 329.5
36703.0/37230.0 days/days; walltime: 321.1
36704.0/37230.0 days/days; walltime: 389.0
36705.0/37230.0 days/days; walltime: 665.5
36706.0/37230.0 days/days; walltime: 535.1
36707.0/37230.0 days/days; walltime: 404.7
36708.0/37230.0 days/days; walltime: 566.4
36709.0/37230.0 days/days; walltime: 150.1
36710.0/37230.0 days/days; walltime: 228.8
36711.0/37230.0 days/days; walltime: 434.8
36712.0/37230.0 days/days; walltime: 229.7
36713.0/37230.0 days/days; walltime: 662.9
36714.0/37230.0 days/days; walltime: 226.6
36715.0/37230.0 days/days; walltime: 292.7
36716.0/37230.0 days/days; walltime: 145.2
36717.0/37230.0 days/days; walltime: 151.1
36718.0/37230.0 days/days; walltime: 152.4
36719.0/37230.0 days/days; walltime: 117.2
36720.0/37230.0 days/days; walltime: 438.5
36721.0/37230.0 days/days; walltime: 686.5
36722.0/37230.0 days/days; walltime: 570.9
36723.0/37230.0 days/days; walltime: 809.2
36724.0/37230.0 days/days; walltime: 776.7
36725.0/37230.0 days/days; walltime: 823.2
36726.0/37230.0 days/days; walltime: 444.0
36727.0/37230.0 days/days; walltime: 162.5
36728.0/37230.0 days/days; walltime: 999.4
36729.0/37230.0 days/days; walltime: 453.4
36730.0/37230.0 days/days; walltime: 691.2
36731.0/37230.0 days/days; walltime: 278.0
36732.0/37230.0 days/days; walltime: 179.6
36733.0/37230.0 days/days; walltime: 613.3
36734.0/37230.0 days/days; walltime: 215.6
36735.0/37230.0 days/days; walltime: 235.6
36736.0/37230.0 days/days; walltime: 308.5
36737.0/37230.0 days/days; walltime: 146.6
36738.0/37230.0 days/days; walltime: 149.6
36739.0/37230.0 days/days; walltime: 141.9
36740.0/37230.0 days/days; walltime: 117.3
36741.0/37230.0 days/days; walltime: 395.6
36742.0/37230.0 days/days; walltime: 1075.8
36743.0/37230.0 days/days; walltime: 1580.4
36744.0/37230.0 days/days; walltime: 820.3
36745.0/37230.0 days/days; walltime: 331.2
36746.0/37230.0 days/days; walltime: 275.2
36747.0/37230.0 days/days; walltime: 836.6
36748.0/37230.0 days/days; walltime: 512.8
36749.0/37230.0 days/days; walltime: 1106.9
36750.0/37230.0 days/days; walltime: 317.6
36751.0/37230.0 days/days; walltime: 112.4
36752.0/37230.0 days/days; walltime: 329.0
36753.0/37230.0 days/days; walltime: 149.2
36754.0/37230.0 days/days; walltime: 104.4
36755.0/37230.0 days/days; walltime: 93.7
36756.0/37230.0 days/days; walltime: 52.1
36757.0/37230.0 days/days; walltime: 60.9
36758.0/37230.0 days/days; walltime: 38.5
36759.0/37230.0 days/days; walltime: 28.8
36760.0/37230.0 days/days; walltime: 27.3
36761.0/37230.0 days/days; walltime: 152.0
36762.0/37230.0 days/days; walltime: 179.2
36763.0/37230.0 days/days; walltime: 18.1
36764.0/37230.0 days/days; walltime: 151.2
36765.0/37230.0 days/days; walltime: 169.0
36766.0/37230.0 days/days; walltime: 9.6
36767.0/37230.0 days/days; walltime: 19.6
36768.0/37230.0 days/days; walltime: 11.7
36769.0/37230.0 days/days; walltime: 4.0
36770.0/37230.0 days/days; walltime: 19.4
36771.0/37230.0 days/days; walltime: 1.7
36772.0/37230.0 days/days; walltime: 1.6
36773.0/37230.0 days/days; walltime: 1.4
36774.0/37230.0 days/days; walltime: 4.0
36775.0/37230.0 days/days; walltime: 3.2
36776.0/37230.0 days/days; walltime: 4.3
36777.0/37230.0 days/days; walltime: 3.3
36778.0/37230.0 days/days; walltime: 1.2
36779.0/37230.0 days/days; walltime: 1.0
36780.0/37230.0 days/days; walltime: 0.9
36781.0/37230.0 days/days; walltime: 1.1
36782.0/37230.0 days/days; walltime: 140.3
36783.0/37230.0 days/days; walltime: 1304.7
36784.0/37230.0 days/days; walltime: 1490.3
36785.0/37230.0 days/days; walltime: 1353.5
36786.0/37230.0 days/days; walltime: 574.5
36787.0/37230.0 days/days; walltime: 232.4
36788.0/37230.0 days/days; walltime: 110.9
36789.0/37230.0 days/days; walltime: 54.5
36790.0/37230.0 days/days; walltime: 89.6
36791.0/37230.0 days/days; walltime: 23.6
36792.0/37230.0 days/days; walltime: 20.8
36793.0/37230.0 days/days; walltime: 19.1
36794.0/37230.0 days/days; walltime: 42.5
36795.0/37230.0 days/days; walltime: 15.7
36796.0/37230.0 days/days; walltime: 13.1
36797.0/37230.0 days/days; walltime: 33.4
36798.0/37230.0 days/days; walltime: 23.3
36799.0/37230.0 days/days; walltime: 19.8
36800.0/37230.0 days/days; walltime: 19.8
36801.0/37230.0 days/days; walltime: 16.0
36802.0/37230.0 days/days; walltime: 20.1
36803.0/37230.0 days/days; walltime: 3.4
36804.0/37230.0 days/days; walltime: 7.1
36805.0/37230.0 days/days; walltime: 13.7
36806.0/37230.0 days/days; walltime: 14.6
36807.0/37230.0 days/days; walltime: 1.2
36808.0/37230.0 days/days; walltime: 0.9
36809.0/37230.0 days/days; walltime: 0.9
36810.0/37230.0 days/days; walltime: 2.9
36811.0/37230.0 days/days; walltime: 1.2
36812.0/37230.0 days/days; walltime: 3.4
36813.0/37230.0 days/days; walltime: 1.4
36814.0/37230.0 days/days; walltime: 0.6
36815.0/37230.0 days/days; walltime: 0.5
36816.0/37230.0 days/days; walltime: 0.9
36817.0/37230.0 days/days; walltime: 0.4
36818.0/37230.0 days/days; walltime: 0.7
36819.0/37230.0 days/days; walltime: 0.5
36820.0/37230.0 days/days; walltime: 0.6
36821.0/37230.0 days/days; walltime: 0.6
36822.0/37230.0 days/days; walltime: 0.4
36823.0/37230.0 days/days; walltime: 0.6
36824.0/37230.0 days/days; walltime: 0.5
36825.0/37230.0 days/days; walltime: 0.6
36826.0/37230.0 days/days; walltime: 0.5
36827.0/37230.0 days/days; walltime: 0.5
36828.0/37230.0 days/days; walltime: 0.6
36829.0/37230.0 days/days; walltime: 0.4
36830.0/37230.0 days/days; walltime: 0.5
36831.0/37230.0 days/days; walltime: 0.6
36832.0/37230.0 days/days; walltime: 0.5
36833.0/37230.0 days/days; walltime: 0.5
36834.0/37230.0 days/days; walltime: 4.2
36835.0/37230.0 days/days; walltime: 0.4
36836.0/37230.0 days/days; walltime: 0.4
36837.0/37230.0 days/days; walltime: 0.2
36838.0/37230.0 days/days; walltime: 0.4
36839.0/37230.0 days/days; walltime: 0.3
36840.0/37230.0 days/days; walltime: 0.2
36841.0/37230.0 days/days; walltime: 0.4
36842.0/37230.0 days/days; walltime: 0.3
36843.0/37230.0 days/days; walltime: 0.2
36844.0/37230.0 days/days; walltime: 0.4
36845.0/37230.0 days/days; walltime: 0.4
36846.0/37230.0 days/days; walltime: 0.4
36847.0/37230.0 days/days; walltime: 0.2
36848.0/37230.0 days/days; walltime: 0.5
36849.0/37230.0 days/days; walltime: 0.3
36850.0/37230.0 days/days; walltime: 0.5
36851.0/37230.0 days/days; walltime: 0.2
36852.0/37230.0 days/days; walltime: 0.5
36853.0/37230.0 days/days; walltime: 0.2
36854.0/37230.0 days/days; walltime: 0.4
36855.0/37230.0 days/days; walltime: 97.4
36856.0/37230.0 days/days; walltime: 0.8
36857.0/37230.0 days/days; walltime: 0.5
36858.0/37230.0 days/days; walltime: 0.4
36859.0/37230.0 days/days; walltime: 0.4
36860.0/37230.0 days/days; walltime: 0.3
36861.0/37230.0 days/days; walltime: 0.4
36862.0/37230.0 days/days; walltime: 0.3
36863.0/37230.0 days/days; walltime: 0.5
36864.0/37230.0 days/days; walltime: 0.4
36865.0/37230.0 days/days; walltime: 0.2
36866.0/37230.0 days/days; walltime: 0.4
36867.0/37230.0 days/days; walltime: 0.2
36868.0/37230.0 days/days; walltime: 0.4
36869.0/37230.0 days/days; walltime: 0.2
36870.0/37230.0 days/days; walltime: 38.6
36871.0/37230.0 days/days; walltime: 0.8
36872.0/37230.0 days/days; walltime: 0.2
36873.0/37230.0 days/days; walltime: 0.4
36874.0/37230.0 days/days; walltime: 0.3
36875.0/37230.0 days/days; walltime: 0.4
36876.0/37230.0 days/days; walltime: 0.2
36877.0/37230.0 days/days; walltime: 0.4
36878.0/37230.0 days/days; walltime: 0.1
36879.0/37230.0 days/days; walltime: 0.2
36880.0/37230.0 days/days; walltime: 0.4
36881.0/37230.0 days/days; walltime: 0.2
36882.0/37230.0 days/days; walltime: 0.3
36883.0/37230.0 days/days; walltime: 0.2
36884.0/37230.0 days/days; walltime: 0.4
36885.0/37230.0 days/days; walltime: 0.1
36886.0/37230.0 days/days; walltime: 0.2
36887.0/37230.0 days/days; walltime: 2.3
36888.0/37230.0 days/days; walltime: 0.2
36889.0/37230.0 days/days; walltime: 0.3
36890.0/37230.0 days/days; walltime: 0.1
36891.0/37230.0 days/days; walltime: 0.2
36892.0/37230.0 days/days; walltime: 0.1
36893.0/37230.0 days/days; walltime: 0.2
36894.0/37230.0 days/days; walltime: 0.1
36895.0/37230.0 days/days; walltime: 0.4
36896.0/37230.0 days/days; walltime: 0.1
36897.0/37230.0 days/days; walltime: 0.5
36898.0/37230.0 days/days; walltime: 0.2
36899.0/37230.0 days/days; walltime: 2.3
36900.0/37230.0 days/days; walltime: 0.1
36901.0/37230.0 days/days; walltime: 0.1
36902.0/37230.0 days/days; walltime: 0.1
36903.0/37230.0 days/days; walltime: 0.4
36904.0/37230.0 days/days; walltime: 0.4
36905.0/37230.0 days/days; walltime: 0.2
36906.0/37230.0 days/days; walltime: 0.2
36907.0/37230.0 days/days; walltime: 0.2
36908.0/37230.0 days/days; walltime: 0.2
36909.0/37230.0 days/days; walltime: 2.6
36910.0/37230.0 days/days; walltime: 0.2
36911.0/37230.0 days/days; walltime: 0.1
36912.0/37230.0 days/days; walltime: 0.2
36913.0/37230.0 days/days; walltime: 0.2
36914.0/37230.0 days/days; walltime: 2.2
36915.0/37230.0 days/days; walltime: 0.4
36916.0/37230.0 days/days; walltime: 0.4
36917.0/37230.0 days/days; walltime: 0.2
36918.0/37230.0 days/days; walltime: 0.4
36919.0/37230.0 days/days; walltime: 0.6
36920.0/37230.0 days/days; walltime: 0.4
36921.0/37230.0 days/days; walltime: 0.5
36922.0/37230.0 days/days; walltime: 2.4
36923.0/37230.0 days/days; walltime: 0.6
36924.0/37230.0 days/days; walltime: 0.5
36925.0/37230.0 days/days; walltime: 0.6
36926.0/37230.0 days/days; walltime: 0.5
36927.0/37230.0 days/days; walltime: 0.5
36928.0/37230.0 days/days; walltime: 0.5
36929.0/37230.0 days/days; walltime: 2.6
36930.0/37230.0 days/days; walltime: 0.2
36931.0/37230.0 days/days; walltime: 0.2
36932.0/37230.0 days/days; walltime: 0.2
36933.0/37230.0 days/days; walltime: 0.2
36934.0/37230.0 days/days; walltime: 2.6
36935.0/37230.0 days/days; walltime: 0.3
36936.0/37230.0 days/days; walltime: 0.3
36937.0/37230.0 days/days; walltime: 0.5
36938.0/37230.0 days/days; walltime: 0.7
36939.0/37230.0 days/days; walltime: 0.5
36940.0/37230.0 days/days; walltime: 0.6
36941.0/37230.0 days/days; walltime: 2.6
36942.0/37230.0 days/days; walltime: 0.4
36943.0/37230.0 days/days; walltime: 0.7
36944.0/37230.0 days/days; walltime: 0.7
36945.0/37230.0 days/days; walltime: 0.6
36946.0/37230.0 days/days; walltime: 0.9
36947.0/37230.0 days/days; walltime: 2.5
36948.0/37230.0 days/days; walltime: 0.3
36949.0/37230.0 days/days; walltime: 0.3
36950.0/37230.0 days/days; walltime: 0.3
36951.0/37230.0 days/days; walltime: 3.2
36952.0/37230.0 days/days; walltime: 0.6
36953.0/37230.0 days/days; walltime: 0.6
36954.0/37230.0 days/days; walltime: 0.7
36955.0/37230.0 days/days; walltime: 0.6
36956.0/37230.0 days/days; walltime: 0.7
36957.0/37230.0 days/days; walltime: 2.7
36958.0/37230.0 days/days; walltime: 0.7
36959.0/37230.0 days/days; walltime: 0.6
36960.0/37230.0 days/days; walltime: 0.6
36961.0/37230.0 days/days; walltime: 0.7
36962.0/37230.0 days/days; walltime: 0.7
36963.0/37230.0 days/days; walltime: 2.8
36964.0/37230.0 days/days; walltime: 0.6
36965.0/37230.0 days/days; walltime: 0.8
36966.0/37230.0 days/days; walltime: 0.6
36967.0/37230.0 days/days; walltime: 0.7
36968.0/37230.0 days/days; walltime: 2.8
36969.0/37230.0 days/days; walltime: 0.6
36970.0/37230.0 days/days; walltime: 0.6
36971.0/37230.0 days/days; walltime: 0.9
36972.0/37230.0 days/days; walltime: 0.7
36973.0/37230.0 days/days; walltime: 0.7
36974.0/37230.0 days/days; walltime: 2.6
36975.0/37230.0 days/days; walltime: 0.7
36976.0/37230.0 days/days; walltime: 0.9
36977.0/37230.0 days/days; walltime: 0.6
36978.0/37230.0 days/days; walltime: 0.6
36979.0/37230.0 days/days; walltime: 2.7
36980.0/37230.0 days/days; walltime: 0.6
36981.0/37230.0 days/days; walltime: 0.4
36982.0/37230.0 days/days; walltime: 0.5
36983.0/37230.0 days/days; walltime: 0.5
36984.0/37230.0 days/days; walltime: 2.6
36985.0/37230.0 days/days; walltime: 0.4
36986.0/37230.0 days/days; walltime: 0.4
36987.0/37230.0 days/days; walltime: 0.5
-36988.0/37230.0 days/days; walltime: 29.8
36989.0/37230.0 days/days; walltime: 38.6
36990.0/37230.0 days/days; walltime: 5.3
36991.0/37230.0 days/days; walltime: 1.3
36992.0/37230.0 days/days; walltime: 0.9
36993.0/37230.0 days/days; walltime: 0.8
36994.0/37230.0 days/days; walltime: 0.4
36995.0/37230.0 days/days; walltime: 0.4
36996.0/37230.0 days/days; walltime: 0.2
36997.0/37230.0 days/days; walltime: 0.4
36998.0/37230.0 days/days; walltime: 0.1
36999.0/37230.0 days/days; walltime: 0.4
37000.0/37230.0 days/days; walltime: 0.2
37001.0/37230.0 days/days; walltime: 0.1
37002.0/37230.0 days/days; walltime: 0.4
37003.0/37230.0 days/days; walltime: 14.1
37004.0/37230.0 days/days; walltime: 33.3
37005.0/37230.0 days/days; walltime: 76.0
37006.0/37230.0 days/days; walltime: 46.6
37007.0/37230.0 days/days; walltime: 3.8
37008.0/37230.0 days/days; walltime: 2.5
37009.0/37230.0 days/days; walltime: 1.9
37010.0/37230.0 days/days; walltime: 1.3
37011.0/37230.0 days/days; walltime: 5.0
37012.0/37230.0 days/days; walltime: 10.6
37013.0/37230.0 days/days; walltime: 0.6
37014.0/37230.0 days/days; walltime: 0.6
37015.0/37230.0 days/days; walltime: 0.6
37016.0/37230.0 days/days; walltime: 0.9
37017.0/37230.0 days/days; walltime: 0.6
37018.0/37230.0 days/days; walltime: 50.7
37019.0/37230.0 days/days; walltime: 52.3
37020.0/37230.0 days/days; walltime: 201.8
37021.0/37230.0 days/days; walltime: 150.8
37022.0/37230.0 days/days; walltime: 306.8
37023.0/37230.0 days/days; walltime: 526.7
37024.0/37230.0 days/days; walltime: 235.5
37025.0/37230.0 days/days; walltime: 452.9
37026.0/37230.0 days/days; walltime: 104.3
37027.0/37230.0 days/days; walltime: 364.5
37028.0/37230.0 days/days; walltime: 89.7
37029.0/37230.0 days/days; walltime: 84.4
37030.0/37230.0 days/days; walltime: 70.4
37031.0/37230.0 days/days; walltime: 101.8
37032.0/37230.0 days/days; walltime: 137.7
37033.0/37230.0 days/days; walltime: 525.8
37034.0/37230.0 days/days; walltime: 270.3
37035.0/37230.0 days/days; walltime: 198.2
37036.0/37230.0 days/days; walltime: 168.2
37037.0/37230.0 days/days; walltime: 127.9
37038.0/37230.0 days/days; walltime: 233.2
37039.0/37230.0 days/days; walltime: 233.3
37040.0/37230.0 days/days; walltime: 68.1
37041.0/37230.0 days/days; walltime: 244.6
37042.0/37230.0 days/days; walltime: 678.9
37043.0/37230.0 days/days; walltime: 223.6
37044.0/37230.0 days/days; walltime: 285.1
37045.0/37230.0 days/days; walltime: 186.5
37046.0/37230.0 days/days; walltime: 170.0
37047.0/37230.0 days/days; walltime: 122.9
37048.0/37230.0 days/days; walltime: 208.6
37049.0/37230.0 days/days; walltime: 239.8
37050.0/37230.0 days/days; walltime: 706.9
37051.0/37230.0 days/days; walltime: 612.1
37052.0/37230.0 days/days; walltime: 504.9
37053.0/37230.0 days/days; walltime: 288.8
37054.0/37230.0 days/days; walltime: 733.9
37055.0/37230.0 days/days; walltime: 752.4
37056.0/37230.0 days/days; walltime: 287.4
37057.0/37230.0 days/days; walltime: 304.3
37058.0/37230.0 days/days; walltime: 140.2
37059.0/37230.0 days/days; walltime: 131.8
37060.0/37230.0 days/days; walltime: 118.9
37061.0/37230.0 days/days; walltime: 120.5
37062.0/37230.0 days/days; walltime: 155.4
37063.0/37230.0 days/days; walltime: 365.6
37064.0/37230.0 days/days; walltime: 162.6
37065.0/37230.0 days/days; walltime: 467.6
37066.0/37230.0 days/days; walltime: 380.8
37067.0/37230.0 days/days; walltime: 262.3
37068.0/37230.0 days/days; walltime: 169.7
37069.0/37230.0 days/days; walltime: 334.0
37070.0/37230.0 days/days; walltime: 691.9
37071.0/37230.0 days/days; walltime: 407.1
37072.0/37230.0 days/days; walltime: 332.6
37073.0/37230.0 days/days; walltime: 349.4
37074.0/37230.0 days/days; walltime: 129.7
37075.0/37230.0 days/days; walltime: 136.1
37076.0/37230.0 days/days; walltime: 395.6
37077.0/37230.0 days/days; walltime: 244.0
37078.0/37230.0 days/days; walltime: 664.3
37079.0/37230.0 days/days; walltime: 240.4
37080.0/37230.0 days/days; walltime: 170.6
37081.0/37230.0 days/days; walltime: 111.7
37082.0/37230.0 days/days; walltime: 111.1
37083.0/37230.0 days/days; walltime: 103.0
37084.0/37230.0 days/days; walltime: 96.4
37085.0/37230.0 days/days; walltime: 424.9
37086.0/37230.0 days/days; walltime: 721.8
37087.0/37230.0 days/days; walltime: 713.0
37088.0/37230.0 days/days; walltime: 829.3
37089.0/37230.0 days/days; walltime: 735.3
37090.0/37230.0 days/days; walltime: 755.1
37091.0/37230.0 days/days; walltime: 433.2
37092.0/37230.0 days/days; walltime: 201.9
37093.0/37230.0 days/days; walltime: 950.7
37094.0/37230.0 days/days; walltime: 518.3
37095.0/37230.0 days/days; walltime: 666.1
37096.0/37230.0 days/days; walltime: 333.6
37097.0/37230.0 days/days; walltime: 206.2
37098.0/37230.0 days/days; walltime: 660.0
37099.0/37230.0 days/days; walltime: 220.2
37100.0/37230.0 days/days; walltime: 202.8
37101.0/37230.0 days/days; walltime: 328.3
37102.0/37230.0 days/days; walltime: 191.3
37103.0/37230.0 days/days; walltime: 125.8
37104.0/37230.0 days/days; walltime: 129.1
37105.0/37230.0 days/days; walltime: 125.6
37106.0/37230.0 days/days; walltime: 443.4
37107.0/37230.0 days/days; walltime: 1092.8
37108.0/37230.0 days/days; walltime: 1594.4
37109.0/37230.0 days/days; walltime: 923.0
37110.0/37230.0 days/days; walltime: 381.8
37111.0/37230.0 days/days; walltime: 385.7
37112.0/37230.0 days/days; walltime: 793.9
37113.0/37230.0 days/days; walltime: 477.1
37114.0/37230.0 days/days; walltime: 1124.9
37115.0/37230.0 days/days; walltime: 282.6
37116.0/37230.0 days/days; walltime: 118.2
37117.0/37230.0 days/days; walltime: 380.7
37118.0/37230.0 days/days; walltime: 113.0
37119.0/37230.0 days/days; walltime: 118.1
37120.0/37230.0 days/days; walltime: 85.2
37121.0/37230.0 days/days; walltime: 80.1
37122.0/37230.0 days/days; walltime: 38.3
37123.0/37230.0 days/days; walltime: 27.3
37124.0/37230.0 days/days; walltime: 41.6
37125.0/37230.0 days/days; walltime: 32.8
37126.0/37230.0 days/days; walltime: 161.8
37127.0/37230.0 days/days; walltime: 165.7
37128.0/37230.0 days/days; walltime: 21.7
37129.0/37230.0 days/days; walltime: 148.2
37130.0/37230.0 days/days; walltime: 156.6
37131.0/37230.0 days/days; walltime: 13.8
37132.0/37230.0 days/days; walltime: 12.7
37133.0/37230.0 days/days; walltime: 2.0
37134.0/37230.0 days/days; walltime: 23.4
37135.0/37230.0 days/days; walltime: 7.4
37136.0/37230.0 days/days; walltime: 14.7
37137.0/37230.0 days/days; walltime: 1.7
37138.0/37230.0 days/days; walltime: 35.9
37139.0/37230.0 days/days; walltime: 1.0
37140.0/37230.0 days/days; walltime: 1.0
37141.0/37230.0 days/days; walltime: 0.8
37142.0/37230.0 days/days; walltime: 3.2
37143.0/37230.0 days/days; walltime: 1.0
37144.0/37230.0 days/days; walltime: 0.9
37145.0/37230.0 days/days; walltime: 0.8
37146.0/37230.0 days/days; walltime: 5.2
37147.0/37230.0 days/days; walltime: 173.2
37148.0/37230.0 days/days; walltime: 1049.7
37149.0/37230.0 days/days; walltime: 1478.0
37150.0/37230.0 days/days; walltime: 1392.8
37151.0/37230.0 days/days; walltime: 526.5
37152.0/37230.0 days/days; walltime: 264.3
37153.0/37230.0 days/days; walltime: 103.3
37154.0/37230.0 days/days; walltime: 72.9
37155.0/37230.0 days/days; walltime: 68.7
37156.0/37230.0 days/days; walltime: 54.4
37157.0/37230.0 days/days; walltime: 48.9
37158.0/37230.0 days/days; walltime: 30.5
37159.0/37230.0 days/days; walltime: 35.7
37160.0/37230.0 days/days; walltime: 34.7
37161.0/37230.0 days/days; walltime: 21.4
37162.0/37230.0 days/days; walltime: 18.2
37163.0/37230.0 days/days; walltime: 16.0
37164.0/37230.0 days/days; walltime: 22.5
37165.0/37230.0 days/days; walltime: 17.9
37166.0/37230.0 days/days; walltime: 15.9
37167.0/37230.0 days/days; walltime: 17.6
37168.0/37230.0 days/days; walltime: 25.0
37169.0/37230.0 days/days; walltime: 20.6
37170.0/37230.0 days/days; walltime: 5.6
37171.0/37230.0 days/days; walltime: 19.8
37172.0/37230.0 days/days; walltime: 6.3
37173.0/37230.0 days/days; walltime: 5.9
37174.0/37230.0 days/days; walltime: 1.1
37175.0/37230.0 days/days; walltime: 0.8
37176.0/37230.0 days/days; walltime: 4.2
37177.0/37230.0 days/days; walltime: 3.8
37178.0/37230.0 days/days; walltime: 0.8
37179.0/37230.0 days/days; walltime: 0.7
37180.0/37230.0 days/days; walltime: 6.1
37181.0/37230.0 days/days; walltime: 0.9
37182.0/37230.0 days/days; walltime: 3.0
37183.0/37230.0 days/days; walltime: 0.6
37184.0/37230.0 days/days; walltime: 0.5
37185.0/37230.0 days/days; walltime: 0.7
37186.0/37230.0 days/days; walltime: 0.5
37187.0/37230.0 days/days; walltime: 0.6
37188.0/37230.0 days/days; walltime: 0.5
37189.0/37230.0 days/days; walltime: 0.6
37190.0/37230.0 days/days; walltime: 0.5
37191.0/37230.0 days/days; walltime: 0.4
37192.0/37230.0 days/days; walltime: 0.7
37193.0/37230.0 days/days; walltime: 0.2
37194.0/37230.0 days/days; walltime: 0.5
37195.0/37230.0 days/days; walltime: 0.4
37196.0/37230.0 days/days; walltime: 0.5
37197.0/37230.0 days/days; walltime: 0.5
37198.0/37230.0 days/days; walltime: 0.2
37199.0/37230.0 days/days; walltime: 0.5
37200.0/37230.0 days/days; walltime: 0.5
37201.0/37230.0 days/days; walltime: 2.7
37202.0/37230.0 days/days; walltime: 0.6
37203.0/37230.0 days/days; walltime: 0.5
37204.0/37230.0 days/days; walltime: 0.4
37205.0/37230.0 days/days; walltime: 0.4
37206.0/37230.0 days/days; walltime: 0.3
37207.0/37230.0 days/days; walltime: 0.4
37208.0/37230.0 days/days; walltime: 0.3
37209.0/37230.0 days/days; walltime: 0.5
37210.0/37230.0 days/days; walltime: 0.3
37211.0/37230.0 days/days; walltime: 0.4
37212.0/37230.0 days/days; walltime: 0.3
37213.0/37230.0 days/days; walltime: 0.1
37214.0/37230.0 days/days; walltime: 0.5
37215.0/37230.0 days/days; walltime: 0.3
37216.0/37230.0 days/days; walltime: 0.4
37217.0/37230.0 days/days; walltime: 0.3
37218.0/37230.0 days/days; walltime: 0.5
37219.0/37230.0 days/days; walltime: 0.4
37220.0/37230.0 days/days; walltime: 2.4
37221.0/37230.0 days/days; walltime: 0.3
37222.0/37230.0 days/days; walltime: 0.1
37223.0/37230.0 days/days; walltime: 0.3
37224.0/37230.0 days/days; walltime: 0.1
37225.0/37230.0 days/days; walltime: 0.3
37226.0/37230.0 days/days; walltime: 0.1
37227.0/37230.0 days/days; walltime: 0.3
37228.0/37230.0 days/days; walltime: 0.1
37229.0/37230.0 days/days; walltime: 0.3
37230.0/37230.0 days/days; walltime: 0.4
Wallclock for model run: 92467.1s
 

fields = 

  struct with fields:

    nodes: [1x1 struct]
    edges: [1x1 struct]
       BC: [1x1 struct]

