Case 5:
Picked up JAVA_TOOL_OPTIONS: -Xmx2g
Opening log file:  /tmp/java.log.23334

                            < M A T L A B (R) >
                  Copyright 1984-2022 The MathWorks, Inc.
                  R2022a (9.12.0.1884302) 64-bit (glnxa64)
                             February 16, 2022

 
To get started, type doc.
For product information, visit www.mathworks.com.
 

config = 

  struct with fields:

                 k_s: 0.2500
                 l_c: 10
            n_moulin: 68
    creep_const_soft: 0
             mesh_nr: 4
                 k_c: 0.1500
               h_bed: 0.5000
               l_bed: 10
               alpha: 1.5000
                beta: 1.5000
               omega: 5.0000e-04

Running model run (ode15s):
Run to steady
Saving model run to
./RUN/output_105_steady.nc
Fields, IC & BC initialised
Initial phi calculated in 1.2s
0.0/36500.0 days/days; walltime: 89.4
-----------------------------------------------------------------------------------------------------------------------------------------------------------------------------------------------------------------------------------------------------------------------------------------------------------------------------------------------------------------------------------------------------------------------------------------------------------------------------------------------------------------------------------------------------------------------------------------------------------------------------------------------------------------------------------------------------------------------------------------------------------------------------------------------------------------------------------------------------------------------------------------------------------------------------------------------------------------------------------------------------------------------------------------------------------------------------------------------------------------------------------------------------------------------------------------------------------------------------------------------------------------------------------------------------------------------------------------------------------------------------------------------------------------------------------------------------------------------------------------------------------------------------------------------------------------------------------------------------------------------------------------------------------------------------------------------------------------------------------------------------------------------------------------------------------------------------------------------------------------------------------------------------------------------------------------------------------------------------------------------------------------------------------------------------------------------------------------------------1825.0/36500.0 days/days; walltime: 2619.3
--------------------------------------------------------------------------------------------------------------------------------------------------------------------------------------------------------------------3650.0/36500.0 days/days; walltime: 13.2
--------------------------------------------5475.0/36500.0 days/days; walltime: 2.8
-------------------------------------7300.0/36500.0 days/days; walltime: 2.4
-----------------------------------------------------------------------------------------------------------------------------------------------------------------------------------------------------------------------9125.0/36500.0 days/days; walltime: 13.5
--------------------------------------------------------------------------------------------------------------------------------------------------------------------------------------------------------------------------------------------------------------------------------------------------------------------------------------------------------------------------------------------------------------------------------------------------------------------------------------------------------------------------------------------------------------------------------------------------------------------------------------------------------------------------------------------------------------------------------------------------------------------------------------------------------------------------------------------------------------------------------------------------------------------------------------------------------------------------------------------------------------------------------------------------------------------------------------------------------------------------------------------------------------------------------------------------------------------------------------------------------------------------------------------------------------------------------------------------------------------------------------------------------------------------------------------------------------------------------------------------------------------------------------------------------------------------------------------------------------------------------------------------------------------------------------------------------------------------------------------------------------------------------------------------------------------------------------------------------------------------------------------------------------------------------------------------------------------------------------------------------------------------------------------------------------------------------------------------------------------------------------------------------------------------------------------------------------------------------------------------------------------------------------------------------------------------------------------------------------------------------------------------------------------------------------------------------------------------------------------------------------------------------------------------------------------------------------------------------------------------------------------------------------------------------------------------------------------------------------------------------------------------------------------------------------------------------------------------------------------------------------------------------------------------------------------------------------------------------------------------------------------------------------------------------------------------------------------------------------------------------------------------------------------------------------------------------------------------------10950.0/36500.0 days/days; walltime: 2846.9
-----------------------------12775.0/36500.0 days/days; walltime: 1055.1
-------------14600.0/36500.0 days/days; walltime: 984.5
----16425.0/36500.0 days/days; walltime: 478.1
-------18250.0/36500.0 days/days; walltime: 404.6
----20075.0/36500.0 days/days; walltime: 114.9
----21900.0/36500.0 days/days; walltime: 39.4
23725.0/36500.0 days/days; walltime: 7.4
25550.0/36500.0 days/days; walltime: 3.4
27375.0/36500.0 days/days; walltime: 1.3
29200.0/36500.0 days/days; walltime: 2.4
31025.0/36500.0 days/days; walltime: 0.1
32850.0/36500.0 days/days; walltime: 0.2
36500.0/36500.0 days/days; walltime: 0.2
Wallclock for model run: 8669.0s
 

fields = 

  struct with fields:

    nodes: [1x1 struct]
    edges: [1x1 struct]
       BC: [1x1 struct]

Running model run (ode15s):
Run seasonal
Saving model run to
./RUN/output_105_seasonal.nc
IC initialised from struct
IC initialised from file/given & rest from parameters and given functions
36500.0/37230.0 days/days; walltime: 12.5
36501.0/37230.0 days/days; walltime: 57.1
36502.0/37230.0 days/days; walltime: 14.2
36503.0/37230.0 days/days; walltime: 29.1
36504.0/37230.0 days/days; walltime: 34.2
36505.0/37230.0 days/days; walltime: 11.7
36506.0/37230.0 days/days; walltime: 11.3
36507.0/37230.0 days/days; walltime: 7.0
36508.0/37230.0 days/days; walltime: 4.3
36509.0/37230.0 days/days; walltime: 6.2
36510.0/37230.0 days/days; walltime: 6.2
36511.0/37230.0 days/days; walltime: 2.6
36512.0/37230.0 days/days; walltime: 2.4
36513.0/37230.0 days/days; walltime: 5.5
36514.0/37230.0 days/days; walltime: 1.0
36515.0/37230.0 days/days; walltime: 1.6
36516.0/37230.0 days/days; walltime: 1.6
36517.0/37230.0 days/days; walltime: 1.8
36518.0/37230.0 days/days; walltime: 4.3
36519.0/37230.0 days/days; walltime: 0.9
36520.0/37230.0 days/days; walltime: 1.1
36521.0/37230.0 days/days; walltime: 1.1
36522.0/37230.0 days/days; walltime: 1.0
36523.0/37230.0 days/days; walltime: 1.3
36524.0/37230.0 days/days; walltime: 1.1
36525.0/37230.0 days/days; walltime: 1.0
36526.0/37230.0 days/days; walltime: 5.7
36527.0/37230.0 days/days; walltime: 2.1
36528.0/37230.0 days/days; walltime: 0.8
36529.0/37230.0 days/days; walltime: 0.9
36530.0/37230.0 days/days; walltime: 0.7
36531.0/37230.0 days/days; walltime: 2.4
36532.0/37230.0 days/days; walltime: 2.2
36533.0/37230.0 days/days; walltime: 0.5
36534.0/37230.0 days/days; walltime: 0.7
36535.0/37230.0 days/days; walltime: 2.9
36536.0/37230.0 days/days; walltime: 0.9
36537.0/37230.0 days/days; walltime: 3.7
36538.0/37230.0 days/days; walltime: 0.6
36539.0/37230.0 days/days; walltime: 0.6
36540.0/37230.0 days/days; walltime: 0.4
36541.0/37230.0 days/days; walltime: 0.3
36542.0/37230.0 days/days; walltime: 0.5
36543.0/37230.0 days/days; walltime: 2.0
36544.0/37230.0 days/days; walltime: 0.6
36545.0/37230.0 days/days; walltime: 0.6
36546.0/37230.0 days/days; walltime: 0.6
36547.0/37230.0 days/days; walltime: 0.6
36548.0/37230.0 days/days; walltime: 0.7
36549.0/37230.0 days/days; walltime: 0.7
36550.0/37230.0 days/days; walltime: 0.6
36551.0/37230.0 days/days; walltime: 3.1
36552.0/37230.0 days/days; walltime: 0.4
36553.0/37230.0 days/days; walltime: 0.6
36554.0/37230.0 days/days; walltime: 0.6
36555.0/37230.0 days/days; walltime: 0.5
36556.0/37230.0 days/days; walltime: 0.4
36557.0/37230.0 days/days; walltime: 0.6
36558.0/37230.0 days/days; walltime: 0.5
36559.0/37230.0 days/days; walltime: 0.7
36560.0/37230.0 days/days; walltime: 0.4
36561.0/37230.0 days/days; walltime: 0.6
36562.0/37230.0 days/days; walltime: 3.3
36563.0/37230.0 days/days; walltime: 0.2
36564.0/37230.0 days/days; walltime: 0.5
36565.0/37230.0 days/days; walltime: 0.5
36566.0/37230.0 days/days; walltime: 0.5
36567.0/37230.0 days/days; walltime: 0.3
36568.0/37230.0 days/days; walltime: 0.6
36569.0/37230.0 days/days; walltime: 0.4
36570.0/37230.0 days/days; walltime: 0.5
36571.0/37230.0 days/days; walltime: 0.3
36572.0/37230.0 days/days; walltime: 0.3
36573.0/37230.0 days/days; walltime: 0.4
36574.0/37230.0 days/days; walltime: 0.3
36575.0/37230.0 days/days; walltime: 0.4
36576.0/37230.0 days/days; walltime: 1.9
36577.0/37230.0 days/days; walltime: 1.9
36578.0/37230.0 days/days; walltime: 0.9
36579.0/37230.0 days/days; walltime: 0.4
36580.0/37230.0 days/days; walltime: 1.6
36581.0/37230.0 days/days; walltime: 0.3
36582.0/37230.0 days/days; walltime: 0.3
36583.0/37230.0 days/days; walltime: 0.3
36584.0/37230.0 days/days; walltime: 0.3
36585.0/37230.0 days/days; walltime: 0.4
36586.0/37230.0 days/days; walltime: 0.2
36587.0/37230.0 days/days; walltime: 0.3
36588.0/37230.0 days/days; walltime: 0.3
36589.0/37230.0 days/days; walltime: 0.3
36590.0/37230.0 days/days; walltime: 0.4
36591.0/37230.0 days/days; walltime: 1.5
36592.0/37230.0 days/days; walltime: 0.1
36593.0/37230.0 days/days; walltime: 0.3
36594.0/37230.0 days/days; walltime: 0.3
36595.0/37230.0 days/days; walltime: 0.3
36596.0/37230.0 days/days; walltime: 0.1
36597.0/37230.0 days/days; walltime: 0.3
36598.0/37230.0 days/days; walltime: 0.3
36599.0/37230.0 days/days; walltime: 2.2
36600.0/37230.0 days/days; walltime: 0.3
36601.0/37230.0 days/days; walltime: 0.3
36602.0/37230.0 days/days; walltime: 0.1
36603.0/37230.0 days/days; walltime: 0.3
36604.0/37230.0 days/days; walltime: 0.3
36605.0/37230.0 days/days; walltime: 0.3
36606.0/37230.0 days/days; walltime: 0.1
36607.0/37230.0 days/days; walltime: 0.3
36608.0/37230.0 days/days; walltime: 0.3
36609.0/37230.0 days/days; walltime: 0.1
36610.0/37230.0 days/days; walltime: 0.3
36611.0/37230.0 days/days; walltime: 0.3
36612.0/37230.0 days/days; walltime: 0.2
36613.0/37230.0 days/days; walltime: 0.3
36614.0/37230.0 days/days; walltime: 0.2
-36615.0/37230.0 days/days; walltime: 1.5
36616.0/37230.0 days/days; walltime: 6.0
36617.0/37230.0 days/days; walltime: 8.1
36618.0/37230.0 days/days; walltime: 11.8
36619.0/37230.0 days/days; walltime: 15.9
36620.0/37230.0 days/days; walltime: 16.0
36621.0/37230.0 days/days; walltime: 15.1
36622.0/37230.0 days/days; walltime: 15.8
36623.0/37230.0 days/days; walltime: 17.4
36624.0/37230.0 days/days; walltime: 18.3
36625.0/37230.0 days/days; walltime: 16.4
36626.0/37230.0 days/days; walltime: 17.2
36627.0/37230.0 days/days; walltime: 17.3
36628.0/37230.0 days/days; walltime: 17.2
36629.0/37230.0 days/days; walltime: 19.2
36630.0/37230.0 days/days; walltime: 20.8
36631.0/37230.0 days/days; walltime: 22.1
36632.0/37230.0 days/days; walltime: 37.0
36633.0/37230.0 days/days; walltime: 18.0
36634.0/37230.0 days/days; walltime: 24.7
36635.0/37230.0 days/days; walltime: 23.2
36636.0/37230.0 days/days; walltime: 23.0
------36637.0/37230.0 days/days; walltime: 29.5
36638.0/37230.0 days/days; walltime: 42.1
------36639.0/37230.0 days/days; walltime: 40.0
36640.0/37230.0 days/days; walltime: 17.4
36641.0/37230.0 days/days; walltime: 41.9
----36642.0/37230.0 days/days; walltime: 36.7
----36643.0/37230.0 days/days; walltime: 41.6
----36644.0/37230.0 days/days; walltime: 45.7
----------36645.0/37230.0 days/days; walltime: 85.2
--36646.0/37230.0 days/days; walltime: 66.4
--------36647.0/37230.0 days/days; walltime: 56.9
------36648.0/37230.0 days/days; walltime: 44.2
--------36649.0/37230.0 days/days; walltime: 54.1
-----------------------36650.0/37230.0 days/days; walltime: 99.3
-------------------36651.0/37230.0 days/days; walltime: 54.8
-----36652.0/37230.0 days/days; walltime: 44.1
---------36653.0/37230.0 days/days; walltime: 64.4
----------------36654.0/37230.0 days/days; walltime: 124.1
-------------------------36655.0/37230.0 days/days; walltime: 131.1
----36656.0/37230.0 days/days; walltime: 112.5
---------36657.0/37230.0 days/days; walltime: 62.0
-----------36658.0/37230.0 days/days; walltime: 63.5
-----------36659.0/37230.0 days/days; walltime: 63.8
--------36660.0/37230.0 days/days; walltime: 64.8
---------------------36661.0/37230.0 days/days; walltime: 83.9
------------------36662.0/37230.0 days/days; walltime: 138.3
-------------------------------------36663.0/37230.0 days/days; walltime: 99.5
---------------------36664.0/37230.0 days/days; walltime: 75.6
---------------36665.0/37230.0 days/days; walltime: 85.9
-----36666.0/37230.0 days/days; walltime: 57.4
-----------------36667.0/37230.0 days/days; walltime: 92.3
----------36668.0/37230.0 days/days; walltime: 152.0
-------------36669.0/37230.0 days/days; walltime: 131.7
--------------------------36670.0/37230.0 days/days; walltime: 116.3
-------------------36671.0/37230.0 days/days; walltime: 118.4
-------36672.0/37230.0 days/days; walltime: 80.2
-------------------------------------36673.0/37230.0 days/days; walltime: 94.6
--------------------36674.0/37230.0 days/days; walltime: 114.6
-------------36675.0/37230.0 days/days; walltime: 75.8
-----------------------36676.0/37230.0 days/days; walltime: 254.3
-----------36677.0/37230.0 days/days; walltime: 162.8
----------36678.0/37230.0 days/days; walltime: 84.1
--------------------36679.0/37230.0 days/days; walltime: 185.9
------36680.0/37230.0 days/days; walltime: 6983.5
----36681.0/37230.0 days/days; walltime: 78.9
--------------36682.0/37230.0 days/days; walltime: 70.2
--36683.0/37230.0 days/days; walltime: 65.4
----36684.0/37230.0 days/days; walltime: 73.1
---------------------36685.0/37230.0 days/days; walltime: 90.5
----36686.0/37230.0 days/days; walltime: 86.6
--------------------36687.0/37230.0 days/days; walltime: 98.3
-----------36688.0/37230.0 days/days; walltime: 61.5
----------36689.0/37230.0 days/days; walltime: 108.4
---------------------36690.0/37230.0 days/days; walltime: 109.0
------------36691.0/37230.0 days/days; walltime: 165.2
----------36692.0/37230.0 days/days; walltime: 319.7
-------------36693.0/37230.0 days/days; walltime: 61.8
36694.0/37230.0 days/days; walltime: 30.6
------36695.0/37230.0 days/days; walltime: 71.0
--------36696.0/37230.0 days/days; walltime: 78.1
----36697.0/37230.0 days/days; walltime: 61.8
---36698.0/37230.0 days/days; walltime: 66.5
-------36699.0/37230.0 days/days; walltime: 86.7
----36700.0/37230.0 days/days; walltime: 63.8
36701.0/37230.0 days/days; walltime: 36.5
---------36702.0/37230.0 days/days; walltime: 76.0
--36703.0/37230.0 days/days; walltime: 61.4
-36704.0/37230.0 days/days; walltime: 55.5
--36705.0/37230.0 days/days; walltime: 49.3
36706.0/37230.0 days/days; walltime: 27.8
----36707.0/37230.0 days/days; walltime: 39.1
36708.0/37230.0 days/days; walltime: 33.1
----36709.0/37230.0 days/days; walltime: 20.3
36710.0/37230.0 days/days; walltime: 36.1
--36711.0/37230.0 days/days; walltime: 38.5
36712.0/37230.0 days/days; walltime: 22.4
36713.0/37230.0 days/days; walltime: 18.8
----36714.0/37230.0 days/days; walltime: 27.1
36715.0/37230.0 days/days; walltime: 10.5
--36716.0/37230.0 days/days; walltime: 31.2
36717.0/37230.0 days/days; walltime: 18.3
-----36718.0/37230.0 days/days; walltime: 17.4
36719.0/37230.0 days/days; walltime: 19.8
36720.0/37230.0 days/days; walltime: 16.2
36721.0/37230.0 days/days; walltime: 13.7
36722.0/37230.0 days/days; walltime: 9.2
36723.0/37230.0 days/days; walltime: 16.5
36724.0/37230.0 days/days; walltime: 12.9
36725.0/37230.0 days/days; walltime: 16.5
36726.0/37230.0 days/days; walltime: 14.3
36727.0/37230.0 days/days; walltime: 15.0
36728.0/37230.0 days/days; walltime: 16.0
36729.0/37230.0 days/days; walltime: 18.7
36730.0/37230.0 days/days; walltime: 14.5
36731.0/37230.0 days/days; walltime: 19.2
36732.0/37230.0 days/days; walltime: 20.0
36733.0/37230.0 days/days; walltime: 14.8
36734.0/37230.0 days/days; walltime: 18.3
36735.0/37230.0 days/days; walltime: 17.4
36736.0/37230.0 days/days; walltime: 13.5
36737.0/37230.0 days/days; walltime: 15.7
36738.0/37230.0 days/days; walltime: 14.9
36739.0/37230.0 days/days; walltime: 13.1
36740.0/37230.0 days/days; walltime: 15.0
36741.0/37230.0 days/days; walltime: 13.9
36742.0/37230.0 days/days; walltime: 13.3
36743.0/37230.0 days/days; walltime: 14.9
36744.0/37230.0 days/days; walltime: 13.2
36745.0/37230.0 days/days; walltime: 11.2
36746.0/37230.0 days/days; walltime: 10.3
36747.0/37230.0 days/days; walltime: 10.0
36748.0/37230.0 days/days; walltime: 14.4
36749.0/37230.0 days/days; walltime: 5.5
36750.0/37230.0 days/days; walltime: 9.3
36751.0/37230.0 days/days; walltime: 3.8
36752.0/37230.0 days/days; walltime: 2.2
36753.0/37230.0 days/days; walltime: 1.9
36754.0/37230.0 days/days; walltime: 1.8
36755.0/37230.0 days/days; walltime: 1.7
36756.0/37230.0 days/days; walltime: 4.3
36757.0/37230.0 days/days; walltime: 1.0
36758.0/37230.0 days/days; walltime: 1.1
36759.0/37230.0 days/days; walltime: 1.0
36760.0/37230.0 days/days; walltime: 1.0
36761.0/37230.0 days/days; walltime: 0.9
36762.0/37230.0 days/days; walltime: 1.2
36763.0/37230.0 days/days; walltime: 2.2
36764.0/37230.0 days/days; walltime: 0.6
36765.0/37230.0 days/days; walltime: 0.6
36766.0/37230.0 days/days; walltime: 0.9
36767.0/37230.0 days/days; walltime: 0.8
36768.0/37230.0 days/days; walltime: 0.8
36769.0/37230.0 days/days; walltime: 0.9
36770.0/37230.0 days/days; walltime: 0.6
36771.0/37230.0 days/days; walltime: 4.9
36772.0/37230.0 days/days; walltime: 0.6
36773.0/37230.0 days/days; walltime: 0.5
36774.0/37230.0 days/days; walltime: 0.5
36775.0/37230.0 days/days; walltime: 0.5
36776.0/37230.0 days/days; walltime: 0.7
36777.0/37230.0 days/days; walltime: 0.4
36778.0/37230.0 days/days; walltime: 0.7
36779.0/37230.0 days/days; walltime: 0.6
36780.0/37230.0 days/days; walltime: 0.7
36781.0/37230.0 days/days; walltime: 0.6
36782.0/37230.0 days/days; walltime: 0.6
36783.0/37230.0 days/days; walltime: 0.6
36784.0/37230.0 days/days; walltime: 0.7
36785.0/37230.0 days/days; walltime: 0.6
36786.0/37230.0 days/days; walltime: 0.5
36787.0/37230.0 days/days; walltime: 0.5
36788.0/37230.0 days/days; walltime: 0.5
36789.0/37230.0 days/days; walltime: 0.5
36790.0/37230.0 days/days; walltime: 0.4
36791.0/37230.0 days/days; walltime: 1.7
36792.0/37230.0 days/days; walltime: 0.3
36793.0/37230.0 days/days; walltime: 0.5
36794.0/37230.0 days/days; walltime: 0.4
36795.0/37230.0 days/days; walltime: 2.5
36796.0/37230.0 days/days; walltime: 0.5
36797.0/37230.0 days/days; walltime: 0.4
36798.0/37230.0 days/days; walltime: 0.4
36799.0/37230.0 days/days; walltime: 0.3
36800.0/37230.0 days/days; walltime: 0.5
36801.0/37230.0 days/days; walltime: 0.3
36802.0/37230.0 days/days; walltime: 0.3
36803.0/37230.0 days/days; walltime: 0.5
36804.0/37230.0 days/days; walltime: 0.5
36805.0/37230.0 days/days; walltime: 0.5
36806.0/37230.0 days/days; walltime: 0.5
36807.0/37230.0 days/days; walltime: 0.5
36808.0/37230.0 days/days; walltime: 0.3
36809.0/37230.0 days/days; walltime: 0.7
36810.0/37230.0 days/days; walltime: 0.6
36811.0/37230.0 days/days; walltime: 0.5
36812.0/37230.0 days/days; walltime: 0.7
36813.0/37230.0 days/days; walltime: 0.5
36814.0/37230.0 days/days; walltime: 2.4
36815.0/37230.0 days/days; walltime: 0.7
36816.0/37230.0 days/days; walltime: 0.5
36817.0/37230.0 days/days; walltime: 0.3
36818.0/37230.0 days/days; walltime: 0.3
36819.0/37230.0 days/days; walltime: 0.6
36820.0/37230.0 days/days; walltime: 0.5
36821.0/37230.0 days/days; walltime: 0.3
36822.0/37230.0 days/days; walltime: 0.4
36823.0/37230.0 days/days; walltime: 0.3
36824.0/37230.0 days/days; walltime: 0.3
36825.0/37230.0 days/days; walltime: 0.1
36826.0/37230.0 days/days; walltime: 0.6
36827.0/37230.0 days/days; walltime: 0.4
36828.0/37230.0 days/days; walltime: 0.4
36829.0/37230.0 days/days; walltime: 0.3
36830.0/37230.0 days/days; walltime: 2.3
36831.0/37230.0 days/days; walltime: 0.5
36832.0/37230.0 days/days; walltime: 0.5
36833.0/37230.0 days/days; walltime: 0.3
36834.0/37230.0 days/days; walltime: 0.4
36835.0/37230.0 days/days; walltime: 0.3
36836.0/37230.0 days/days; walltime: 1.9
36837.0/37230.0 days/days; walltime: 0.3
36838.0/37230.0 days/days; walltime: 0.3
36839.0/37230.0 days/days; walltime: 0.1
36840.0/37230.0 days/days; walltime: 0.1
36841.0/37230.0 days/days; walltime: 1.8
36842.0/37230.0 days/days; walltime: 0.2
36843.0/37230.0 days/days; walltime: 0.1
36844.0/37230.0 days/days; walltime: 0.1
36845.0/37230.0 days/days; walltime: 0.3
36846.0/37230.0 days/days; walltime: 0.1
36847.0/37230.0 days/days; walltime: 0.3
36848.0/37230.0 days/days; walltime: 0.1
36849.0/37230.0 days/days; walltime: 0.2
36850.0/37230.0 days/days; walltime: 0.2
36851.0/37230.0 days/days; walltime: 0.2
36852.0/37230.0 days/days; walltime: 1.4
36853.0/37230.0 days/days; walltime: 0.1
36854.0/37230.0 days/days; walltime: 0.4
36855.0/37230.0 days/days; walltime: 0.3
36856.0/37230.0 days/days; walltime: 0.3
36857.0/37230.0 days/days; walltime: 0.3
36858.0/37230.0 days/days; walltime: 0.1
36859.0/37230.0 days/days; walltime: 1.6
36860.0/37230.0 days/days; walltime: 0.4
36861.0/37230.0 days/days; walltime: 1.6
36862.0/37230.0 days/days; walltime: 1.5
36863.0/37230.0 days/days; walltime: 0.2
36864.0/37230.0 days/days; walltime: 0.1
36865.0/37230.0 days/days; walltime: 0.2
36866.0/37230.0 days/days; walltime: 0.4
36867.0/37230.0 days/days; walltime: 0.4
36868.0/37230.0 days/days; walltime: 0.3
36869.0/37230.0 days/days; walltime: 0.1
36870.0/37230.0 days/days; walltime: 0.3
36871.0/37230.0 days/days; walltime: 0.1
36872.0/37230.0 days/days; walltime: 0.1
36873.0/37230.0 days/days; walltime: 0.2
36874.0/37230.0 days/days; walltime: 0.1
36875.0/37230.0 days/days; walltime: 0.1
36876.0/37230.0 days/days; walltime: 0.2
36877.0/37230.0 days/days; walltime: 0.2
36878.0/37230.0 days/days; walltime: 0.1
36879.0/37230.0 days/days; walltime: 0.2
36880.0/37230.0 days/days; walltime: 0.1
36881.0/37230.0 days/days; walltime: 0.2
36882.0/37230.0 days/days; walltime: 0.1
36883.0/37230.0 days/days; walltime: 0.2
36884.0/37230.0 days/days; walltime: 0.1
36885.0/37230.0 days/days; walltime: 0.2
36886.0/37230.0 days/days; walltime: 0.2
36887.0/37230.0 days/days; walltime: 0.1
36888.0/37230.0 days/days; walltime: 0.2
36889.0/37230.0 days/days; walltime: 0.3
36890.0/37230.0 days/days; walltime: 0.4
36891.0/37230.0 days/days; walltime: 0.2
36892.0/37230.0 days/days; walltime: 0.2
36893.0/37230.0 days/days; walltime: 0.1
36894.0/37230.0 days/days; walltime: 0.2
36895.0/37230.0 days/days; walltime: 0.1
36896.0/37230.0 days/days; walltime: 0.2
36897.0/37230.0 days/days; walltime: 0.1
36898.0/37230.0 days/days; walltime: 0.2
36899.0/37230.0 days/days; walltime: 0.1
36900.0/37230.0 days/days; walltime: 0.2
36901.0/37230.0 days/days; walltime: 0.1
36902.0/37230.0 days/days; walltime: 0.3
36903.0/37230.0 days/days; walltime: 0.1
36904.0/37230.0 days/days; walltime: 0.2
36905.0/37230.0 days/days; walltime: 0.1
36906.0/37230.0 days/days; walltime: 0.2
36907.0/37230.0 days/days; walltime: 0.0
36908.0/37230.0 days/days; walltime: 0.1
36909.0/37230.0 days/days; walltime: 0.2
36910.0/37230.0 days/days; walltime: 0.0
36911.0/37230.0 days/days; walltime: 0.2
36912.0/37230.0 days/days; walltime: 0.1
36913.0/37230.0 days/days; walltime: 0.0
36914.0/37230.0 days/days; walltime: 0.2
--36915.0/37230.0 days/days; walltime: 1.5
36916.0/37230.0 days/days; walltime: 0.4
36917.0/37230.0 days/days; walltime: 0.3
36918.0/37230.0 days/days; walltime: 0.3
-36919.0/37230.0 days/days; walltime: 0.1
-36920.0/37230.0 days/days; walltime: 0.1
36921.0/37230.0 days/days; walltime: 0.2
36922.0/37230.0 days/days; walltime: 0.1
36923.0/37230.0 days/days; walltime: 0.1
36924.0/37230.0 days/days; walltime: 0.2
36925.0/37230.0 days/days; walltime: 0.1
-36926.0/37230.0 days/days; walltime: 0.0
--36927.0/37230.0 days/days; walltime: 0.2
36928.0/37230.0 days/days; walltime: 0.1
36929.0/37230.0 days/days; walltime: 0.2
36930.0/37230.0 days/days; walltime: 0.1
--36931.0/37230.0 days/days; walltime: 0.1
-36932.0/37230.0 days/days; walltime: 0.2
-36933.0/37230.0 days/days; walltime: 1.4
36934.0/37230.0 days/days; walltime: 0.3
36935.0/37230.0 days/days; walltime: 0.4
36936.0/37230.0 days/days; walltime: 0.1
--36937.0/37230.0 days/days; walltime: 0.4
36938.0/37230.0 days/days; walltime: 0.2
36939.0/37230.0 days/days; walltime: 0.2
36940.0/37230.0 days/days; walltime: 0.4
36941.0/37230.0 days/days; walltime: 0.1
36942.0/37230.0 days/days; walltime: 0.2
36943.0/37230.0 days/days; walltime: 0.1
36944.0/37230.0 days/days; walltime: 0.1
36945.0/37230.0 days/days; walltime: 0.2
36946.0/37230.0 days/days; walltime: 0.1
36947.0/37230.0 days/days; walltime: 0.2
36948.0/37230.0 days/days; walltime: 0.0
36949.0/37230.0 days/days; walltime: 0.1
36950.0/37230.0 days/days; walltime: 0.2
36951.0/37230.0 days/days; walltime: 0.1
36952.0/37230.0 days/days; walltime: 0.0
36953.0/37230.0 days/days; walltime: 1.5
36954.0/37230.0 days/days; walltime: 0.0
36955.0/37230.0 days/days; walltime: 0.2
36956.0/37230.0 days/days; walltime: 0.1
36957.0/37230.0 days/days; walltime: 0.0
36958.0/37230.0 days/days; walltime: 0.2
36959.0/37230.0 days/days; walltime: 0.0
36960.0/37230.0 days/days; walltime: 0.0
36961.0/37230.0 days/days; walltime: 0.2
36962.0/37230.0 days/days; walltime: 0.0
36963.0/37230.0 days/days; walltime: 0.0
36964.0/37230.0 days/days; walltime: 0.2
36965.0/37230.0 days/days; walltime: 0.1
36966.0/37230.0 days/days; walltime: 0.0
36967.0/37230.0 days/days; walltime: 0.2
36968.0/37230.0 days/days; walltime: 0.1
36969.0/37230.0 days/days; walltime: 1.6
36970.0/37230.0 days/days; walltime: 0.2
36971.0/37230.0 days/days; walltime: 0.4
-36972.0/37230.0 days/days; walltime: 0.3
-36973.0/37230.0 days/days; walltime: 0.1
36974.0/37230.0 days/days; walltime: 0.1
36975.0/37230.0 days/days; walltime: 0.1
36976.0/37230.0 days/days; walltime: 0.2
36977.0/37230.0 days/days; walltime: 1.5
36978.0/37230.0 days/days; walltime: 1.5
36979.0/37230.0 days/days; walltime: 0.0
36980.0/37230.0 days/days; walltime: 1.4
36981.0/37230.0 days/days; walltime: 7.0
36982.0/37230.0 days/days; walltime: 6.8
36983.0/37230.0 days/days; walltime: 9.8
36984.0/37230.0 days/days; walltime: 13.2
36985.0/37230.0 days/days; walltime: 14.5
36986.0/37230.0 days/days; walltime: 15.6
36987.0/37230.0 days/days; walltime: 15.8
36988.0/37230.0 days/days; walltime: 16.5
36989.0/37230.0 days/days; walltime: 17.3
36990.0/37230.0 days/days; walltime: 19.9
36991.0/37230.0 days/days; walltime: 19.1
36992.0/37230.0 days/days; walltime: 22.9
36993.0/37230.0 days/days; walltime: 21.0
36994.0/37230.0 days/days; walltime: 19.5
36995.0/37230.0 days/days; walltime: 21.0
36996.0/37230.0 days/days; walltime: 24.7
36997.0/37230.0 days/days; walltime: 32.2
36998.0/37230.0 days/days; walltime: 19.7
36999.0/37230.0 days/days; walltime: 28.0
--37000.0/37230.0 days/days; walltime: 30.7
37001.0/37230.0 days/days; walltime: 20.8
--37002.0/37230.0 days/days; walltime: 23.1
37003.0/37230.0 days/days; walltime: 28.2
----37004.0/37230.0 days/days; walltime: 33.3
----37005.0/37230.0 days/days; walltime: 25.2
----37006.0/37230.0 days/days; walltime: 28.3
---37007.0/37230.0 days/days; walltime: 37.5
---------37008.0/37230.0 days/days; walltime: 42.5
----37009.0/37230.0 days/days; walltime: 53.9
----------37010.0/37230.0 days/days; walltime: 98.3
----37011.0/37230.0 days/days; walltime: 47.4
------------37012.0/37230.0 days/days; walltime: 62.7
------37013.0/37230.0 days/days; walltime: 50.2
----------37014.0/37230.0 days/days; walltime: 60.7
-----------------37015.0/37230.0 days/days; walltime: 80.9
-----------------37016.0/37230.0 days/days; walltime: 57.0
----------------37017.0/37230.0 days/days; walltime: 46.2
--------37018.0/37230.0 days/days; walltime: 52.8
-------------------37019.0/37230.0 days/days; walltime: 84.0
-----------------------37020.0/37230.0 days/days; walltime: 99.0
---------------37021.0/37230.0 days/days; walltime: 88.1
----------37022.0/37230.0 days/days; walltime: 105.4
---------------37023.0/37230.0 days/days; walltime: 119.4
----37024.0/37230.0 days/days; walltime: 47.8
---37025.0/37230.0 days/days; walltime: 56.5
-------------------------37026.0/37230.0 days/days; walltime: 101.1
-------------------37027.0/37230.0 days/days; walltime: 89.7
-------------------------37028.0/37230.0 days/days; walltime: 94.8
------------------37029.0/37230.0 days/days; walltime: 74.4
----------37030.0/37230.0 days/days; walltime: 113.6
----37031.0/37230.0 days/days; walltime: 59.8
---------------------37032.0/37230.0 days/days; walltime: 126.2
--------------37033.0/37230.0 days/days; walltime: 78.9
-----------------37034.0/37230.0 days/days; walltime: 110.8
----------37035.0/37230.0 days/days; walltime: 73.8
----------------------37036.0/37230.0 days/days; walltime: 102.6
-----------37037.0/37230.0 days/days; walltime: 97.4
-----------------------------------37038.0/37230.0 days/days; walltime: 145.3
-----------------37039.0/37230.0 days/days; walltime: 111.3
--------------37040.0/37230.0 days/days; walltime: 91.7
------------------------37041.0/37230.0 days/days; walltime: 165.2
--------37042.0/37230.0 days/days; walltime: 79.0
---------37043.0/37230.0 days/days; walltime: 83.1
---------------------------37044.0/37230.0 days/days; walltime: 121.1
----37045.0/37230.0 days/days; walltime: 143.5
------37046.0/37230.0 days/days; walltime: 114.8
---------------------37047.0/37230.0 days/days; walltime: 76.0
37048.0/37230.0 days/days; walltime: 89.1
------37049.0/37230.0 days/days; walltime: 112.5
------------------37050.0/37230.0 days/days; walltime: 106.6
--37051.0/37230.0 days/days; walltime: 65.6
------------------------37052.0/37230.0 days/days; walltime: 126.7
------37053.0/37230.0 days/days; walltime: 109.3
---------------37054.0/37230.0 days/days; walltime: 121.6
-----------------37055.0/37230.0 days/days; walltime: 68.3
---------------37056.0/37230.0 days/days; walltime: 229.4
---------37057.0/37230.0 days/days; walltime: 132.8
------------37058.0/37230.0 days/days; walltime: 97.3
37059.0/37230.0 days/days; walltime: 38.9
-----37060.0/37230.0 days/days; walltime: 47.3
---37061.0/37230.0 days/days; walltime: 78.5
--37062.0/37230.0 days/days; walltime: 53.9
-----37063.0/37230.0 days/days; walltime: 55.8
----------37064.0/37230.0 days/days; walltime: 51.2
----slurmstepd: error: *** JOB 61283506 ON cdr556 CANCELLED AT 2023-02-27T19:45:22 DUE TO TIME LIMIT ***
