Case 2:
Picked up JAVA_TOOL_OPTIONS: -Xmx2g
Opening log file:  /tmp/java.log.26026

                            < M A T L A B (R) >
                  Copyright 1984-2022 The MathWorks, Inc.
                  R2022a (9.12.0.1884302) 64-bit (glnxa64)
                             February 16, 2022

 
To get started, type doc.
For product information, visit www.mathworks.com.
 

config = 

  struct with fields:

                 k_s: 0.0299
                 l_c: 10
            n_moulin: 68
    creep_const_soft: 0
             mesh_nr: 4
                 k_c: 0.1500
               h_bed: 0.5000
               l_bed: 10
               alpha: 1.5000
                beta: 1.5000
               omega: 0

Running model run (ode15s):
Run to steady
Creating output dir: ./RUN/
Saving model run to
./RUN/output_102_steady.nc
Fields, IC & BC initialised
Initial phi calculated in 4.0s
0.0/36500.0 days/days; walltime: 20.2
------------------------------------------------------------------------------------------------------------------------------------------------------------------------------------------------------------------------------------------------------------------------------------------------------------------------------------------------------------------------------------------------------------------------------------------------------------------------------------------------------------------------------------------------------------------------------------------------------------------------------------------------------------------------------------------------------------------------------------------------------------------1825.0/36500.0 days/days; walltime: 278.4
--------------------3650.0/36500.0 days/days; walltime: 1.6
----5475.0/36500.0 days/days; walltime: 0.4
-7300.0/36500.0 days/days; walltime: 0.1
---------------------------------------------------------------------------------------------------------------------------------------------------------------------------------------------------------------------9125.0/36500.0 days/days; walltime: 14.3
------------------------------------------------------------------------------------------------------------------------------------------------------------------------------------------------------------------------------------------------------------------------------------------------------------------------------------------------------------------------------------------------------------------------------------------------------------------------------------------------------------------------------------------------------------------------------------------------------------------------------------------------------------------------------------------------------------------------------------------------------------------------------------------------------------------------------------------------------------------------------------------------------------------------------------------------------------------------------------------------------------------------------------------------------------------------------------------------------------------------------------------------------------------------------------------------------------------------------------------------------------------------------------------------------------------------------------------------------------------------------------------------------------------------------------------------------------------------------------------------------------------------------------------------------------------------------------------------------------------------------------------------------------------------------------------------------------------------------------------------------------------------------------------------------------------------------------------------------------------------------------------------------------------------------------------------------------------------------------------------------------------------------------------------------------------------------------------------------------------------------------------------------------------------------------------------------------------------------------------------------------------------------------------------------------------------------------------------------------------------------------------------------------------------------------------------------------------------------------------------------------------------------------------------------------------------------------------------------------------------------------------------------------------------------------------------------------------------------------------------------------------------------------------------------------------------------------------------------------------------------------------------------------------------------------------------------------------------------------------------------------------------------------------------------------------------------------------------------------------------------------------------------------------------------------------------------------------------------------------------------------------------------------------------------------------------------------------------------------------------------------------------------------------------------------------------------------------------------------------------------------------------------------------------------------------------------------------------------------------------------------------------------------------------------------------------------------------------------------------------------------------------------------------------------------------------------------------------------------------------------------------------------------------------------------------------------------------------------------------------------------------------------------------------------------------------------------------------------------------------------------------------------------------------------------------------------------------------------------------------------------------------------------------------------------------------------------------------------------------10950.0/36500.0 days/days; walltime: 576.6
--------------------------------------------------------------------------------------------------------------------------------------------------------------------------------------------------------------------------------------------------------------------------------------------------------------------------------------------------------------------------------------------------------------------------------------------------------------------------------------------------------------------------------------------------------------------------------------------------------------------------------------------------------------12775.0/36500.0 days/days; walltime: 956.1
---------------------------------------------------------------------------------------------------------------------------------------------------------------------------------------------------------------------------------------------------------------------------------------------------------------------------------------------------------------------------------------------------------------------------------------------------------------------------------------------------------------------------------------------------------------------------------------------------------------------------------------------------------------------------------------------------------------------------------------------------------------------------14600.0/36500.0 days/days; walltime: 806.3
----------------------------------------------------------------------------------------------------------------------------------------------------------------------------------------------------------------------------------------------------------------------------------------------------------------------------------------------------------------------------------------------------------------16425.0/36500.0 days/days; walltime: 475.4
---------------------------------------------------------------------------------------------------------------------------------------------18250.0/36500.0 days/days; walltime: 354.4
-------------------------20075.0/36500.0 days/days; walltime: 122.3
21900.0/36500.0 days/days; walltime: 31.5
23725.0/36500.0 days/days; walltime: 44.1
25550.0/36500.0 days/days; walltime: 6.0
27375.0/36500.0 days/days; walltime: 2.6
29200.0/36500.0 days/days; walltime: 1.1
31025.0/36500.0 days/days; walltime: 2.3
32850.0/36500.0 days/days; walltime: 0.1
34675.0/36500.0 days/days; walltime: 0.1
36500.0/36500.0 days/days; walltime: 0.2
Wallclock for model run: 3698.7s
 

fields = 

  struct with fields:

    nodes: [1x1 struct]
    edges: [1x1 struct]
       BC: [1x1 struct]

Running model run (ode15s):
Run seasonal
Saving model run to
./RUN/output_102_seasonal.nc
IC initialised from struct
IC initialised from file/given & rest from parameters and given functions
36500.0/37230.0 days/days; walltime: 15.0
36501.0/37230.0 days/days; walltime: 103.3
36502.0/37230.0 days/days; walltime: 5.4
36503.0/37230.0 days/days; walltime: 5.7
36504.0/37230.0 days/days; walltime: 3.6
36505.0/37230.0 days/days; walltime: 5.7
36506.0/37230.0 days/days; walltime: 3.5
36507.0/37230.0 days/days; walltime: 12.4
36508.0/37230.0 days/days; walltime: 8.8
36509.0/37230.0 days/days; walltime: 2.0
36510.0/37230.0 days/days; walltime: 2.2
36511.0/37230.0 days/days; walltime: 4.1
36512.0/37230.0 days/days; walltime: 0.8
36513.0/37230.0 days/days; walltime: 0.8
36514.0/37230.0 days/days; walltime: 3.6
36515.0/37230.0 days/days; walltime: 1.4
36516.0/37230.0 days/days; walltime: 1.3
36517.0/37230.0 days/days; walltime: 1.4
36518.0/37230.0 days/days; walltime: 1.3
36519.0/37230.0 days/days; walltime: 1.2
36520.0/37230.0 days/days; walltime: 5.7
36521.0/37230.0 days/days; walltime: 0.7
36522.0/37230.0 days/days; walltime: 0.7
36523.0/37230.0 days/days; walltime: 0.7
36524.0/37230.0 days/days; walltime: 0.6
36525.0/37230.0 days/days; walltime: 0.6
36526.0/37230.0 days/days; walltime: 0.4
36527.0/37230.0 days/days; walltime: 0.6
36528.0/37230.0 days/days; walltime: 0.4
36529.0/37230.0 days/days; walltime: 0.6
36530.0/37230.0 days/days; walltime: 7.3
36531.0/37230.0 days/days; walltime: 0.5
36532.0/37230.0 days/days; walltime: 0.4
36533.0/37230.0 days/days; walltime: 0.6
-36534.0/37230.0 days/days; walltime: 0.5
36535.0/37230.0 days/days; walltime: 0.4
36536.0/37230.0 days/days; walltime: 0.4
36537.0/37230.0 days/days; walltime: 0.4
36538.0/37230.0 days/days; walltime: 0.4
36539.0/37230.0 days/days; walltime: 0.5
36540.0/37230.0 days/days; walltime: 0.5
36541.0/37230.0 days/days; walltime: 2.0
36542.0/37230.0 days/days; walltime: 0.3
36543.0/37230.0 days/days; walltime: 0.3
36544.0/37230.0 days/days; walltime: 0.3
36545.0/37230.0 days/days; walltime: 0.3
36546.0/37230.0 days/days; walltime: 0.3
36547.0/37230.0 days/days; walltime: 0.1
-36548.0/37230.0 days/days; walltime: 0.3
-36549.0/37230.0 days/days; walltime: 0.3
36550.0/37230.0 days/days; walltime: 0.3
-36551.0/37230.0 days/days; walltime: 0.3
36552.0/37230.0 days/days; walltime: 0.1
36553.0/37230.0 days/days; walltime: 0.3
36554.0/37230.0 days/days; walltime: 0.3
36555.0/37230.0 days/days; walltime: 0.3
36556.0/37230.0 days/days; walltime: 0.1
36557.0/37230.0 days/days; walltime: 0.3
36558.0/37230.0 days/days; walltime: 0.3
36559.0/37230.0 days/days; walltime: 0.1
36560.0/37230.0 days/days; walltime: 0.3
36561.0/37230.0 days/days; walltime: 0.3
36562.0/37230.0 days/days; walltime: 0.1
36563.0/37230.0 days/days; walltime: 0.3
36564.0/37230.0 days/days; walltime: 0.1
36565.0/37230.0 days/days; walltime: 0.3
36566.0/37230.0 days/days; walltime: 0.3
-36567.0/37230.0 days/days; walltime: 0.3
----36568.0/37230.0 days/days; walltime: 0.3
----36569.0/37230.0 days/days; walltime: 0.2
-36570.0/37230.0 days/days; walltime: 0.3
------36571.0/37230.0 days/days; walltime: 0.4
----36572.0/37230.0 days/days; walltime: 0.2
---36573.0/37230.0 days/days; walltime: 0.3
----36574.0/37230.0 days/days; walltime: 0.2
----36575.0/37230.0 days/days; walltime: 0.3
---36576.0/37230.0 days/days; walltime: 0.2
----36577.0/37230.0 days/days; walltime: 0.3
-------------------------------------------------36578.0/37230.0 days/days; walltime: 2.3
----36579.0/37230.0 days/days; walltime: 0.3
----36580.0/37230.0 days/days; walltime: 0.2
----36581.0/37230.0 days/days; walltime: 0.3
-36582.0/37230.0 days/days; walltime: 0.0
--36583.0/37230.0 days/days; walltime: 0.1
----36584.0/37230.0 days/days; walltime: 0.3
----36585.0/37230.0 days/days; walltime: 0.2
--36586.0/37230.0 days/days; walltime: 0.2
----36587.0/37230.0 days/days; walltime: 0.2
----36588.0/37230.0 days/days; walltime: 0.3
--36589.0/37230.0 days/days; walltime: 0.1
----36590.0/37230.0 days/days; walltime: 0.2
--36591.0/37230.0 days/days; walltime: 0.2
----36592.0/37230.0 days/days; walltime: 0.2
----36593.0/37230.0 days/days; walltime: 0.3
--36594.0/37230.0 days/days; walltime: 0.1
--36595.0/37230.0 days/days; walltime: 0.1
----36596.0/37230.0 days/days; walltime: 0.3
--36597.0/37230.0 days/days; walltime: 0.1
----36598.0/37230.0 days/days; walltime: 0.2
--36599.0/37230.0 days/days; walltime: 0.2
----36600.0/37230.0 days/days; walltime: 0.2
--36601.0/37230.0 days/days; walltime: 0.1
--36602.0/37230.0 days/days; walltime: 0.2
----36603.0/37230.0 days/days; walltime: 0.2
--36604.0/37230.0 days/days; walltime: 0.1
--36605.0/37230.0 days/days; walltime: 0.2
----36606.0/37230.0 days/days; walltime: 0.2
--36607.0/37230.0 days/days; walltime: 0.1
--36608.0/37230.0 days/days; walltime: 0.2
----36609.0/37230.0 days/days; walltime: 0.2
--36610.0/37230.0 days/days; walltime: 0.1
--36611.0/37230.0 days/days; walltime: 0.2
--36612.0/37230.0 days/days; walltime: 0.1
----36613.0/37230.0 days/days; walltime: 0.2
--36614.0/37230.0 days/days; walltime: 0.2
----36615.0/37230.0 days/days; walltime: 0.3
---------------------------------------------------------------------------------------------------36616.0/37230.0 days/days; walltime: 4.6
---------------------------------------------------------------------36617.0/37230.0 days/days; walltime: 3.6
--------------------------------------------------------------------------------------------------------------------------------------------------------------------------------------36618.0/37230.0 days/days; walltime: 9.3
----------------------------------------------------------------------------------------------------------------------------------------------------------------------------------------------------36619.0/37230.0 days/days; walltime: 10.2
--------------------------------------------------------------------------------------------------------------------------------------------------------------------------------------------------36620.0/37230.0 days/days; walltime: 11.2
-------------------------------------------------------------------------------------------------------------------------------------------------------------------------------------------------------------------------------------------------------------------------------------------36621.0/37230.0 days/days; walltime: 15.6
-----------------------------------------------------------------------------------------------------------------------------------------------------------------------------------------------------------------------------------------------------------------------------------------------------------------------------------------------------------------------------------------------------------------------------------------------------------------------------------------------------------36622.0/37230.0 days/days; walltime: 26.9
---------------------------------------------------------------------------------------------------------------------------------------------------------------------------------------------------------------------------------------------------------------------------------------------------------------------------------------------------------------------------------------------------------------------------------------------------------------------------------------------------------------------------------------------------------------------------36623.0/37230.0 days/days; walltime: 29.7
---------------------------------------------------------------------------------------------------------------------------------------------------------------------------------------------------------------------------------------------------------------------------------------------------------------------------------------------------------------------------------------------------------------------------------------------------------------------------------------------------------------------------------------------------------------------------------------------------------------------------------------------------------------------------------------------------------------------------------------------------------------------------------------------------------------36624.0/37230.0 days/days; walltime: 41.9
---------------------------------------------------------------------------------------------------------------------------------------------------------------------------------------------------------------------------------------------------------------------------------------------------------------------------------------------------------------------------------------------------------------------------------------------------------------------------------------------------------------------------------------------------------------------------------------------------------------------------------------------------------------------------------------------36625.0/37230.0 days/days; walltime: 36.6
-----------------------------------------------------------------------------------------------------------------------------------------------------------------------------------------------------------------------------------------------------------------------------------------------------------------------------------------------------------------------------------------------------------------------------------------------------------------------------------------------------------------------------------------------------------------------------------------------------------------------------------------------36626.0/37230.0 days/days; walltime: 35.2
-----36627.0/37230.0 days/days; walltime: 40.0
36628.0/37230.0 days/days; walltime: 54.2
36629.0/37230.0 days/days; walltime: 47.5
36630.0/37230.0 days/days; walltime: 50.5
36631.0/37230.0 days/days; walltime: 49.9
36632.0/37230.0 days/days; walltime: 37.4
36633.0/37230.0 days/days; walltime: 54.7
36634.0/37230.0 days/days; walltime: 38.9
36635.0/37230.0 days/days; walltime: 39.0
36636.0/37230.0 days/days; walltime: 46.6
36637.0/37230.0 days/days; walltime: 42.3
36638.0/37230.0 days/days; walltime: 41.5
36639.0/37230.0 days/days; walltime: 40.5
36640.0/37230.0 days/days; walltime: 41.5
36641.0/37230.0 days/days; walltime: 42.9
36642.0/37230.0 days/days; walltime: 44.1
36643.0/37230.0 days/days; walltime: 41.9
36644.0/37230.0 days/days; walltime: 39.4
36645.0/37230.0 days/days; walltime: 56.4
36646.0/37230.0 days/days; walltime: 37.6
36647.0/37230.0 days/days; walltime: 29.8
36648.0/37230.0 days/days; walltime: 34.1
36649.0/37230.0 days/days; walltime: 42.4
36650.0/37230.0 days/days; walltime: 34.5
36651.0/37230.0 days/days; walltime: 31.7
36652.0/37230.0 days/days; walltime: 39.9
---36653.0/37230.0 days/days; walltime: 37.0
36654.0/37230.0 days/days; walltime: 30.5
36655.0/37230.0 days/days; walltime: 37.9
36656.0/37230.0 days/days; walltime: 47.8
36657.0/37230.0 days/days; walltime: 36.9
36658.0/37230.0 days/days; walltime: 54.7
36659.0/37230.0 days/days; walltime: 13.4
36660.0/37230.0 days/days; walltime: 10.8
36661.0/37230.0 days/days; walltime: 16.6
36662.0/37230.0 days/days; walltime: 13.7
----36663.0/37230.0 days/days; walltime: 26.9
36664.0/37230.0 days/days; walltime: 8.9
36665.0/37230.0 days/days; walltime: 25.9
36666.0/37230.0 days/days; walltime: 15.2
36667.0/37230.0 days/days; walltime: 16.8
----36668.0/37230.0 days/days; walltime: 27.8
---36669.0/37230.0 days/days; walltime: 32.5
36670.0/37230.0 days/days; walltime: 24.2
36671.0/37230.0 days/days; walltime: 22.4
36672.0/37230.0 days/days; walltime: 31.5
36673.0/37230.0 days/days; walltime: 24.9
36674.0/37230.0 days/days; walltime: 23.4
36675.0/37230.0 days/days; walltime: 25.2
-36676.0/37230.0 days/days; walltime: 10.8
36677.0/37230.0 days/days; walltime: 28.0
-------36678.0/37230.0 days/days; walltime: 26.1
--36679.0/37230.0 days/days; walltime: 25.5
36680.0/37230.0 days/days; walltime: 29.9
--36681.0/37230.0 days/days; walltime: 30.8
36682.0/37230.0 days/days; walltime: 31.4
--------36683.0/37230.0 days/days; walltime: 45.1
----36684.0/37230.0 days/days; walltime: 27.8
--36685.0/37230.0 days/days; walltime: 30.0
-----------36686.0/37230.0 days/days; walltime: 37.1
------36687.0/37230.0 days/days; walltime: 23.2
36688.0/37230.0 days/days; walltime: 23.2
36689.0/37230.0 days/days; walltime: 18.0
----36690.0/37230.0 days/days; walltime: 94.5
36691.0/37230.0 days/days; walltime: 24.0
36692.0/37230.0 days/days; walltime: 15.5
----------36693.0/37230.0 days/days; walltime: 33.0
------36694.0/37230.0 days/days; walltime: 42.7
36695.0/37230.0 days/days; walltime: 19.3
--36696.0/37230.0 days/days; walltime: 14.8
36697.0/37230.0 days/days; walltime: 13.1
36698.0/37230.0 days/days; walltime: 23.7
36699.0/37230.0 days/days; walltime: 56.1
36700.0/37230.0 days/days; walltime: 16.8
------36701.0/37230.0 days/days; walltime: 21.9
36702.0/37230.0 days/days; walltime: 29.2
36703.0/37230.0 days/days; walltime: 3.6
--------36704.0/37230.0 days/days; walltime: 139.2
-36705.0/37230.0 days/days; walltime: 21.9
36706.0/37230.0 days/days; walltime: 13.9
36707.0/37230.0 days/days; walltime: 4.5
----36708.0/37230.0 days/days; walltime: 11.4
36709.0/37230.0 days/days; walltime: 11.5
36710.0/37230.0 days/days; walltime: 18.4
36711.0/37230.0 days/days; walltime: 18.2
36712.0/37230.0 days/days; walltime: 17.4
36713.0/37230.0 days/days; walltime: 11.0
--36714.0/37230.0 days/days; walltime: 13.6
36715.0/37230.0 days/days; walltime: 24.8
--36716.0/37230.0 days/days; walltime: 55.2
36717.0/37230.0 days/days; walltime: 9.8
36718.0/37230.0 days/days; walltime: 57.2
36719.0/37230.0 days/days; walltime: 28.1
36720.0/37230.0 days/days; walltime: 15.7
36721.0/37230.0 days/days; walltime: 9.4
36722.0/37230.0 days/days; walltime: 30.4
36723.0/37230.0 days/days; walltime: 7.7
36724.0/37230.0 days/days; walltime: 12.8
36725.0/37230.0 days/days; walltime: 8.7
36726.0/37230.0 days/days; walltime: 29.9
36727.0/37230.0 days/days; walltime: 10.1
36728.0/37230.0 days/days; walltime: 17.9
36729.0/37230.0 days/days; walltime: 69.1
36730.0/37230.0 days/days; walltime: 16.7
36731.0/37230.0 days/days; walltime: 14.6
36732.0/37230.0 days/days; walltime: 28.6
36733.0/37230.0 days/days; walltime: 19.9
36734.0/37230.0 days/days; walltime: 10.9
36735.0/37230.0 days/days; walltime: 14.2
36736.0/37230.0 days/days; walltime: 15.3
36737.0/37230.0 days/days; walltime: 27.7
36738.0/37230.0 days/days; walltime: 30.2
36739.0/37230.0 days/days; walltime: 15.8
36740.0/37230.0 days/days; walltime: 13.1
36741.0/37230.0 days/days; walltime: 9.5
36742.0/37230.0 days/days; walltime: 19.4
36743.0/37230.0 days/days; walltime: 10.2
36744.0/37230.0 days/days; walltime: 8.9
36745.0/37230.0 days/days; walltime: 7.6
36746.0/37230.0 days/days; walltime: 8.4
36747.0/37230.0 days/days; walltime: 4.2
36748.0/37230.0 days/days; walltime: 6.9
36749.0/37230.0 days/days; walltime: 5.0
36750.0/37230.0 days/days; walltime: 2.6
36751.0/37230.0 days/days; walltime: 0.9
36752.0/37230.0 days/days; walltime: 0.9
36753.0/37230.0 days/days; walltime: 0.5
36754.0/37230.0 days/days; walltime: 0.8
36755.0/37230.0 days/days; walltime: 0.6
36756.0/37230.0 days/days; walltime: 0.5
36757.0/37230.0 days/days; walltime: 0.5
36758.0/37230.0 days/days; walltime: 0.5
36759.0/37230.0 days/days; walltime: 0.3
36760.0/37230.0 days/days; walltime: 0.5
36761.0/37230.0 days/days; walltime: 0.5
36762.0/37230.0 days/days; walltime: 0.5
------36763.0/37230.0 days/days; walltime: 0.4
-------36764.0/37230.0 days/days; walltime: 0.5
------36765.0/37230.0 days/days; walltime: 0.4
----------------------------------------------36766.0/37230.0 days/days; walltime: 2.2
------36767.0/37230.0 days/days; walltime: 0.3
------36768.0/37230.0 days/days; walltime: 0.4
------36769.0/37230.0 days/days; walltime: 0.4
------36770.0/37230.0 days/days; walltime: 0.4
------36771.0/37230.0 days/days; walltime: 0.3
------36772.0/37230.0 days/days; walltime: 0.4
------36773.0/37230.0 days/days; walltime: 0.4
----36774.0/37230.0 days/days; walltime: 0.2
----------------------------------------------36775.0/37230.0 days/days; walltime: 2.2
-----36776.0/37230.0 days/days; walltime: 0.3
--36777.0/37230.0 days/days; walltime: 0.1
-------36778.0/37230.0 days/days; walltime: 0.4
----36779.0/37230.0 days/days; walltime: 0.3
----36780.0/37230.0 days/days; walltime: 0.2
-----36781.0/37230.0 days/days; walltime: 0.3
--36782.0/37230.0 days/days; walltime: 0.1
----------------------------------------------36783.0/37230.0 days/days; walltime: 2.3
------36784.0/37230.0 days/days; walltime: 0.4
----36785.0/37230.0 days/days; walltime: 0.2
----36786.0/37230.0 days/days; walltime: 0.2
-----36787.0/37230.0 days/days; walltime: 0.3
--36788.0/37230.0 days/days; walltime: 0.1
---36789.0/37230.0 days/days; walltime: 0.3
--36790.0/37230.0 days/days; walltime: 0.1
---36791.0/37230.0 days/days; walltime: 0.2
--36792.0/37230.0 days/days; walltime: 0.1
---36793.0/37230.0 days/days; walltime: 0.2
--36794.0/37230.0 days/days; walltime: 0.1
---36795.0/37230.0 days/days; walltime: 0.2
--36796.0/37230.0 days/days; walltime: 0.1
---36797.0/37230.0 days/days; walltime: 0.2
--36798.0/37230.0 days/days; walltime: 0.1
--36799.0/37230.0 days/days; walltime: 0.2
--36800.0/37230.0 days/days; walltime: 0.1
---36801.0/37230.0 days/days; walltime: 0.3
--36802.0/37230.0 days/days; walltime: 0.1
---36803.0/37230.0 days/days; walltime: 0.3
-36804.0/37230.0 days/days; walltime: 0.0
--36805.0/37230.0 days/days; walltime: 0.1
---36806.0/37230.0 days/days; walltime: 0.3
-36807.0/37230.0 days/days; walltime: 0.0
---36808.0/37230.0 days/days; walltime: 0.3
--36809.0/37230.0 days/days; walltime: 0.1
-36810.0/37230.0 days/days; walltime: 0.0
---36811.0/37230.0 days/days; walltime: 0.3
-36812.0/37230.0 days/days; walltime: 0.0
---36813.0/37230.0 days/days; walltime: 0.6
--36814.0/37230.0 days/days; walltime: 0.1
-36815.0/37230.0 days/days; walltime: 0.0
---36816.0/37230.0 days/days; walltime: 0.3
-36817.0/37230.0 days/days; walltime: 0.0
-36818.0/37230.0 days/days; walltime: 0.0
---36819.0/37230.0 days/days; walltime: 0.3
-36820.0/37230.0 days/days; walltime: 0.0
---36821.0/37230.0 days/days; walltime: 0.3
-36822.0/37230.0 days/days; walltime: 0.0
--36823.0/37230.0 days/days; walltime: 0.1
--36824.0/37230.0 days/days; walltime: 0.2
-36825.0/37230.0 days/days; walltime: 0.0
--36826.0/37230.0 days/days; walltime: 0.1
--36827.0/37230.0 days/days; walltime: 0.2
--36828.0/37230.0 days/days; walltime: 0.1
-36829.0/37230.0 days/days; walltime: 0.0
--36830.0/37230.0 days/days; walltime: 0.2
--36831.0/37230.0 days/days; walltime: 0.1
-36832.0/37230.0 days/days; walltime: 0.0
--36833.0/37230.0 days/days; walltime: 0.2
--36834.0/37230.0 days/days; walltime: 0.1
-36835.0/37230.0 days/days; walltime: 0.0
--36836.0/37230.0 days/days; walltime: 0.2
--36837.0/37230.0 days/days; walltime: 0.1
-36838.0/37230.0 days/days; walltime: 0.0
--36839.0/37230.0 days/days; walltime: 0.2
--36840.0/37230.0 days/days; walltime: 0.1
-36841.0/37230.0 days/days; walltime: 0.0
--36842.0/37230.0 days/days; walltime: 0.2
--36843.0/37230.0 days/days; walltime: 0.1
-36844.0/37230.0 days/days; walltime: 0.0
--36845.0/37230.0 days/days; walltime: 0.2
-36846.0/37230.0 days/days; walltime: 0.0
--36847.0/37230.0 days/days; walltime: 0.1
--36848.0/37230.0 days/days; walltime: 0.2
-36849.0/37230.0 days/days; walltime: 0.0
-36850.0/37230.0 days/days; walltime: 0.0
-36851.0/37230.0 days/days; walltime: 0.0
---36852.0/37230.0 days/days; walltime: 0.2
-36853.0/37230.0 days/days; walltime: 0.0
-36854.0/37230.0 days/days; walltime: 0.0
--36855.0/37230.0 days/days; walltime: 0.2
-36856.0/37230.0 days/days; walltime: 0.0
-36857.0/37230.0 days/days; walltime: 0.0
---36858.0/37230.0 days/days; walltime: 0.2
-36859.0/37230.0 days/days; walltime: 0.0
-36860.0/37230.0 days/days; walltime: 0.0
-36861.0/37230.0 days/days; walltime: 0.0
--36862.0/37230.0 days/days; walltime: 0.2
--36863.0/37230.0 days/days; walltime: 0.1
--36864.0/37230.0 days/days; walltime: 0.1
--36865.0/37230.0 days/days; walltime: 0.1
---36866.0/37230.0 days/days; walltime: 0.3
-36867.0/37230.0 days/days; walltime: 0.0
-36868.0/37230.0 days/days; walltime: 0.0
-36869.0/37230.0 days/days; walltime: 0.0
--36870.0/37230.0 days/days; walltime: 0.2
--36871.0/37230.0 days/days; walltime: 0.1
--36872.0/37230.0 days/days; walltime: 0.1
--36873.0/37230.0 days/days; walltime: 0.1
--36874.0/37230.0 days/days; walltime: 0.1
--36875.0/37230.0 days/days; walltime: 0.1
--36876.0/37230.0 days/days; walltime: 0.1
--36877.0/37230.0 days/days; walltime: 0.2
--36878.0/37230.0 days/days; walltime: 0.1
--36879.0/37230.0 days/days; walltime: 0.1
--36880.0/37230.0 days/days; walltime: 0.1
--36881.0/37230.0 days/days; walltime: 0.2
--36882.0/37230.0 days/days; walltime: 0.1
--36883.0/37230.0 days/days; walltime: 0.1
--36884.0/37230.0 days/days; walltime: 0.1
--36885.0/37230.0 days/days; walltime: 0.2
--36887.0/37230.0 days/days; walltime: 0.1
--36888.0/37230.0 days/days; walltime: 0.1
--36889.0/37230.0 days/days; walltime: 0.1
--36890.0/37230.0 days/days; walltime: 0.2
--36891.0/37230.0 days/days; walltime: 0.1
--36892.0/37230.0 days/days; walltime: 0.1
--36893.0/37230.0 days/days; walltime: 0.1
--36894.0/37230.0 days/days; walltime: 0.2
--36895.0/37230.0 days/days; walltime: 0.1
--36896.0/37230.0 days/days; walltime: 0.1
--36898.0/37230.0 days/days; walltime: 0.1
--36899.0/37230.0 days/days; walltime: 0.2
--36900.0/37230.0 days/days; walltime: 0.1
--36901.0/37230.0 days/days; walltime: 0.1
--36902.0/37230.0 days/days; walltime: 0.1
--36903.0/37230.0 days/days; walltime: 0.2
--36905.0/37230.0 days/days; walltime: 0.1
--36906.0/37230.0 days/days; walltime: 0.1
--36907.0/37230.0 days/days; walltime: 0.1
--36908.0/37230.0 days/days; walltime: 0.2
--36909.0/37230.0 days/days; walltime: 0.1
--36911.0/37230.0 days/days; walltime: 0.1
--36912.0/37230.0 days/days; walltime: 0.1
--36913.0/37230.0 days/days; walltime: 0.2
--36915.0/37230.0 days/days; walltime: 0.1
--36916.0/37230.0 days/days; walltime: 0.1
-------------------------------------------36917.0/37230.0 days/days; walltime: 2.0
--36918.0/37230.0 days/days; walltime: 0.2
--36920.0/37230.0 days/days; walltime: 0.1
--36921.0/37230.0 days/days; walltime: 0.1
--36922.0/37230.0 days/days; walltime: 0.1
--36924.0/37230.0 days/days; walltime: 0.2
-36925.0/37230.0 days/days; walltime: 0.0
-36927.0/37230.0 days/days; walltime: 0.0
-36928.0/37230.0 days/days; walltime: 0.0
--36929.0/37230.0 days/days; walltime: 0.2
-36931.0/37230.0 days/days; walltime: 0.0
-36932.0/37230.0 days/days; walltime: 0.0
-36934.0/37230.0 days/days; walltime: 0.0
--36935.0/37230.0 days/days; walltime: 0.2
-36937.0/37230.0 days/days; walltime: 0.0
-36938.0/37230.0 days/days; walltime: 0.0
-36940.0/37230.0 days/days; walltime: 0.0
--36941.0/37230.0 days/days; walltime: 0.2
-36943.0/37230.0 days/days; walltime: 0.0
-36944.0/37230.0 days/days; walltime: 0.1
-36946.0/37230.0 days/days; walltime: 0.0
-36947.0/37230.0 days/days; walltime: 0.0
--36949.0/37230.0 days/days; walltime: 0.2
-36950.0/37230.0 days/days; walltime: 0.0
-36952.0/37230.0 days/days; walltime: 0.0
-36954.0/37230.0 days/days; walltime: 0.0
--36955.0/37230.0 days/days; walltime: 0.2
-36957.0/37230.0 days/days; walltime: 0.0
-36958.0/37230.0 days/days; walltime: 0.0
-36960.0/37230.0 days/days; walltime: 0.0
--36961.0/37230.0 days/days; walltime: 0.2
-36963.0/37230.0 days/days; walltime: 0.0
-36965.0/37230.0 days/days; walltime: 0.0
-36966.0/37230.0 days/days; walltime: 0.0
--36968.0/37230.0 days/days; walltime: 0.2
-36969.0/37230.0 days/days; walltime: 0.0
-36971.0/37230.0 days/days; walltime: 0.0
-36973.0/37230.0 days/days; walltime: 0.0
--36974.0/37230.0 days/days; walltime: 0.2
-36976.0/37230.0 days/days; walltime: 0.0
-36978.0/37230.0 days/days; walltime: 0.0
-36979.0/37230.0 days/days; walltime: 0.0
-----------------------------------------------------------------------------------------------36981.0/37230.0 days/days; walltime: 4.8
------------------------------------------------------------------------------36982.0/37230.0 days/days; walltime: 4.3
-----------------------------------------------------------------------36983.0/37230.0 days/days; walltime: 3.7
------------------------------------------------------------------------------------------------------------------------------------------------36984.0/37230.0 days/days; walltime: 7.6
-------------------------------------------------------------------------------------------------------------------------------------------------------------------------------------------------------------------------------------------36985.0/37230.0 days/days; walltime: 12.7
---------------------------------------------------------------------------------------------------------------------------------------------------------------------------------------------------------------------------------------------------------------------------------------------------------36986.0/37230.0 days/days; walltime: 16.0
-------------------------------------------------------------------------------------------------------------------------------------------------------------------------------------------------------------------------------------------------------------------------------------------------------------------------------------------------------------------------------------------------------------------------------------------------------------------------------------------------------------------------------------------------------------------------36987.0/37230.0 days/days; walltime: 29.2
--------------------------------------------------------------------------------------------------------------------------------------------------------------------------------------------------------------------------------------------------------------------------------------------------------------------------------------------------------------------------------------------------------------------------------------------------------------------------------------------------------------------------------------------------------------------------------------------------------------------------------------------------------------------------------------------------------36988.0/37230.0 days/days; walltime: 35.9
--------------------------------------------------------------------------------------------------------------------------------------------------------------------------------------------------------------------------------------------------------------------------------------------------------------------------------------------------------------------------------------------------------------------------------------------------------------------------------------------------------------------------------------------------------------------------------------------------------------------------------------------------------------------------------36989.0/37230.0 days/days; walltime: 36.1
-------------------------------------------------------------------------------------------------------------------------------------------------------------------------------------------------------------------------------------------------------------------------------------------------------------------------------------------------------------------------------------------------------------------------------------------------------------------------------------------------------------------------------------------------------------------------------------------------------------------------------------------------------------------------------------------------36990.0/37230.0 days/days; walltime: 36.5
--------36991.0/37230.0 days/days; walltime: 46.1
36992.0/37230.0 days/days; walltime: 36.6
36993.0/37230.0 days/days; walltime: 37.6
36994.0/37230.0 days/days; walltime: 52.8
36995.0/37230.0 days/days; walltime: 46.1
36996.0/37230.0 days/days; walltime: 41.1
36997.0/37230.0 days/days; walltime: 41.4
36998.0/37230.0 days/days; walltime: 55.5
36999.0/37230.0 days/days; walltime: 41.6
37000.0/37230.0 days/days; walltime: 38.6
37001.0/37230.0 days/days; walltime: 39.1
37002.0/37230.0 days/days; walltime: 34.9
37003.0/37230.0 days/days; walltime: 46.9
37004.0/37230.0 days/days; walltime: 51.0
37005.0/37230.0 days/days; walltime: 42.1
37006.0/37230.0 days/days; walltime: 48.7
37007.0/37230.0 days/days; walltime: 35.2
37008.0/37230.0 days/days; walltime: 42.2
37009.0/37230.0 days/days; walltime: 40.7
37010.0/37230.0 days/days; walltime: 48.9
37011.0/37230.0 days/days; walltime: 36.4
37012.0/37230.0 days/days; walltime: 30.1
37013.0/37230.0 days/days; walltime: 28.9
37014.0/37230.0 days/days; walltime: 38.3
37015.0/37230.0 days/days; walltime: 29.2
37016.0/37230.0 days/days; walltime: 30.7
37017.0/37230.0 days/days; walltime: 32.2
37018.0/37230.0 days/days; walltime: 35.1
37019.0/37230.0 days/days; walltime: 35.2
37020.0/37230.0 days/days; walltime: 30.2
37021.0/37230.0 days/days; walltime: 33.3
37022.0/37230.0 days/days; walltime: 28.1
37023.0/37230.0 days/days; walltime: 51.9
37024.0/37230.0 days/days; walltime: 12.6
37025.0/37230.0 days/days; walltime: 14.2
37026.0/37230.0 days/days; walltime: 14.1
37027.0/37230.0 days/days; walltime: 9.7
--37028.0/37230.0 days/days; walltime: 25.7
37029.0/37230.0 days/days; walltime: 9.8
37030.0/37230.0 days/days; walltime: 12.1
---37031.0/37230.0 days/days; walltime: 21.0
37032.0/37230.0 days/days; walltime: 17.7
--37033.0/37230.0 days/days; walltime: 20.6
-----37034.0/37230.0 days/days; walltime: 31.3
37035.0/37230.0 days/days; walltime: 15.4
37036.0/37230.0 days/days; walltime: 23.6
37037.0/37230.0 days/days; walltime: 27.6
37038.0/37230.0 days/days; walltime: 26.3
37039.0/37230.0 days/days; walltime: 21.7
--37040.0/37230.0 days/days; walltime: 18.7
----37041.0/37230.0 days/days; walltime: 12.0
37042.0/37230.0 days/days; walltime: 15.2
------37043.0/37230.0 days/days; walltime: 19.9
---37044.0/37230.0 days/days; walltime: 22.6
37045.0/37230.0 days/days; walltime: 13.7
----37046.0/37230.0 days/days; walltime: 27.0
37047.0/37230.0 days/days; walltime: 30.3
-------37048.0/37230.0 days/days; walltime: 35.1
---------37049.0/37230.0 days/days; walltime: 19.5
----37050.0/37230.0 days/days; walltime: 25.1
-------37051.0/37230.0 days/days; walltime: 38.0
------37052.0/37230.0 days/days; walltime: 18.9
37053.0/37230.0 days/days; walltime: 30.2
37054.0/37230.0 days/days; walltime: 25.1
--37055.0/37230.0 days/days; walltime: 36.7
37056.0/37230.0 days/days; walltime: 19.7
------37057.0/37230.0 days/days; walltime: 17.3
------------37058.0/37230.0 days/days; walltime: 27.2
------------37059.0/37230.0 days/days; walltime: 31.6
37060.0/37230.0 days/days; walltime: 17.0
--37061.0/37230.0 days/days; walltime: 35.9
37062.0/37230.0 days/days; walltime: 24.1
37063.0/37230.0 days/days; walltime: 15.4
--37064.0/37230.0 days/days; walltime: 23.9
--37065.0/37230.0 days/days; walltime: 16.5
----37066.0/37230.0 days/days; walltime: 25.2
37067.0/37230.0 days/days; walltime: 14.9
37068.0/37230.0 days/days; walltime: 8.0
-----37069.0/37230.0 days/days; walltime: 87.2
--37070.0/37230.0 days/days; walltime: 12.3
37071.0/37230.0 days/days; walltime: 10.0
37072.0/37230.0 days/days; walltime: 4.9
----37073.0/37230.0 days/days; walltime: 22.5
37074.0/37230.0 days/days; walltime: 16.1
--37075.0/37230.0 days/days; walltime: 17.0
--37076.0/37230.0 days/days; walltime: 26.0
--37077.0/37230.0 days/days; walltime: 15.6
37078.0/37230.0 days/days; walltime: 10.3
----37079.0/37230.0 days/days; walltime: 6.2
37080.0/37230.0 days/days; walltime: 21.3
37081.0/37230.0 days/days; walltime: 12.1
37082.0/37230.0 days/days; walltime: 9.1
37083.0/37230.0 days/days; walltime: 9.3
37084.0/37230.0 days/days; walltime: 27.7
37085.0/37230.0 days/days; walltime: 10.0
37086.0/37230.0 days/days; walltime: 10.7
37087.0/37230.0 days/days; walltime: 12.3
37088.0/37230.0 days/days; walltime: 23.0
37089.0/37230.0 days/days; walltime: 11.1
37090.0/37230.0 days/days; walltime: 10.7
37091.0/37230.0 days/days; walltime: 17.9
37092.0/37230.0 days/days; walltime: 12.7
37093.0/37230.0 days/days; walltime: 14.5
37094.0/37230.0 days/days; walltime: 6.6
37095.0/37230.0 days/days; walltime: 15.3
37096.0/37230.0 days/days; walltime: 13.8
37097.0/37230.0 days/days; walltime: 14.4
37098.0/37230.0 days/days; walltime: 18.5
37099.0/37230.0 days/days; walltime: 10.4
37100.0/37230.0 days/days; walltime: 11.6
37101.0/37230.0 days/days; walltime: 14.7
37102.0/37230.0 days/days; walltime: 16.2
37103.0/37230.0 days/days; walltime: 23.6
37104.0/37230.0 days/days; walltime: 13.4
37105.0/37230.0 days/days; walltime: 11.7
37106.0/37230.0 days/days; walltime: 10.4
37107.0/37230.0 days/days; walltime: 26.8
37108.0/37230.0 days/days; walltime: 10.0
37109.0/37230.0 days/days; walltime: 8.5
37110.0/37230.0 days/days; walltime: 7.2
37111.0/37230.0 days/days; walltime: 6.7
37112.0/37230.0 days/days; walltime: 7.9
37113.0/37230.0 days/days; walltime: 4.3
37114.0/37230.0 days/days; walltime: 4.8
37115.0/37230.0 days/days; walltime: 2.6
37116.0/37230.0 days/days; walltime: 0.8
37117.0/37230.0 days/days; walltime: 0.6
37118.0/37230.0 days/days; walltime: 0.6
37119.0/37230.0 days/days; walltime: 0.4
37120.0/37230.0 days/days; walltime: 0.4
37121.0/37230.0 days/days; walltime: 0.6
37122.0/37230.0 days/days; walltime: 0.3
37123.0/37230.0 days/days; walltime: 0.4
37124.0/37230.0 days/days; walltime: 0.3
37125.0/37230.0 days/days; walltime: 0.3
37126.0/37230.0 days/days; walltime: 0.3
37127.0/37230.0 days/days; walltime: 0.3
37128.0/37230.0 days/days; walltime: 0.5
37129.0/37230.0 days/days; walltime: 0.1
---37130.0/37230.0 days/days; walltime: 2.5
37131.0/37230.0 days/days; walltime: 0.3
37132.0/37230.0 days/days; walltime: 0.3
37133.0/37230.0 days/days; walltime: 0.3
37134.0/37230.0 days/days; walltime: 0.1
37135.0/37230.0 days/days; walltime: 0.3
37136.0/37230.0 days/days; walltime: 0.3
37137.0/37230.0 days/days; walltime: 0.1
37138.0/37230.0 days/days; walltime: 0.3
37139.0/37230.0 days/days; walltime: 0.3
37140.0/37230.0 days/days; walltime: 0.1
37141.0/37230.0 days/days; walltime: 0.2
37142.0/37230.0 days/days; walltime: 0.1
37143.0/37230.0 days/days; walltime: 0.3
37144.0/37230.0 days/days; walltime: 0.1
37145.0/37230.0 days/days; walltime: 0.2
37146.0/37230.0 days/days; walltime: 0.1
37147.0/37230.0 days/days; walltime: 0.3
37148.0/37230.0 days/days; walltime: 0.1
37149.0/37230.0 days/days; walltime: 0.2
37150.0/37230.0 days/days; walltime: 0.1
37151.0/37230.0 days/days; walltime: 0.3
37152.0/37230.0 days/days; walltime: 0.1
37153.0/37230.0 days/days; walltime: 0.3
37154.0/37230.0 days/days; walltime: 0.1
37155.0/37230.0 days/days; walltime: 0.2
37156.0/37230.0 days/days; walltime: 0.1
37157.0/37230.0 days/days; walltime: 0.3
37158.0/37230.0 days/days; walltime: 0.1
37159.0/37230.0 days/days; walltime: 0.0
37160.0/37230.0 days/days; walltime: 0.3
37161.0/37230.0 days/days; walltime: 0.1
37162.0/37230.0 days/days; walltime: 0.2
37163.0/37230.0 days/days; walltime: 0.1
37164.0/37230.0 days/days; walltime: 0.0
37165.0/37230.0 days/days; walltime: 0.3
37166.0/37230.0 days/days; walltime: 0.0
37167.0/37230.0 days/days; walltime: 0.3
37168.0/37230.0 days/days; walltime: 0.0
-37169.0/37230.0 days/days; walltime: 0.1
-37170.0/37230.0 days/days; walltime: 0.2
37171.0/37230.0 days/days; walltime: 0.1
37172.0/37230.0 days/days; walltime: 0.0
--37173.0/37230.0 days/days; walltime: 0.3
--37174.0/37230.0 days/days; walltime: 0.1
---37175.0/37230.0 days/days; walltime: 0.3
37176.0/37230.0 days/days; walltime: 0.0
-37177.0/37230.0 days/days; walltime: 0.0
---37178.0/37230.0 days/days; walltime: 0.3
-37179.0/37230.0 days/days; walltime: 0.1
--37180.0/37230.0 days/days; walltime: 0.1
-37181.0/37230.0 days/days; walltime: 0.1
-37182.0/37230.0 days/days; walltime: 0.3
-37183.0/37230.0 days/days; walltime: 0.0
-37184.0/37230.0 days/days; walltime: 0.0
--37185.0/37230.0 days/days; walltime: 0.2
------------------------------------------------------------------------------------------------------------------37186.0/37230.0 days/days; walltime: 6.3
37187.0/37230.0 days/days; walltime: 0.2
37188.0/37230.0 days/days; walltime: 0.3
37189.0/37230.0 days/days; walltime: 0.1
37190.0/37230.0 days/days; walltime: 0.1
37191.0/37230.0 days/days; walltime: 0.2
-37192.0/37230.0 days/days; walltime: 0.0
37193.0/37230.0 days/days; walltime: 0.0
37194.0/37230.0 days/days; walltime: 0.2
37195.0/37230.0 days/days; walltime: 0.1
37196.0/37230.0 days/days; walltime: 0.1
37197.0/37230.0 days/days; walltime: 0.1
37198.0/37230.0 days/days; walltime: 0.2
37199.0/37230.0 days/days; walltime: 0.0
37200.0/37230.0 days/days; walltime: 0.0
37201.0/37230.0 days/days; walltime: 0.0
37202.0/37230.0 days/days; walltime: 0.2
37203.0/37230.0 days/days; walltime: 0.0
37204.0/37230.0 days/days; walltime: 0.0
37205.0/37230.0 days/days; walltime: 0.2
37206.0/37230.0 days/days; walltime: 0.0
37207.0/37230.0 days/days; walltime: 0.0
37208.0/37230.0 days/days; walltime: 0.0
37209.0/37230.0 days/days; walltime: 0.2
37210.0/37230.0 days/days; walltime: 0.0
37211.0/37230.0 days/days; walltime: 0.0
37212.0/37230.0 days/days; walltime: 0.0
37213.0/37230.0 days/days; walltime: 0.2
37214.0/37230.0 days/days; walltime: 0.0
37215.0/37230.0 days/days; walltime: 0.0
37216.0/37230.0 days/days; walltime: 0.0
37217.0/37230.0 days/days; walltime: 0.2
37218.0/37230.0 days/days; walltime: 0.0
37220.0/37230.0 days/days; walltime: 0.0
37221.0/37230.0 days/days; walltime: 0.0
37222.0/37230.0 days/days; walltime: 0.2
37223.0/37230.0 days/days; walltime: 0.0
37224.0/37230.0 days/days; walltime: 0.0
37225.0/37230.0 days/days; walltime: 0.0
37226.0/37230.0 days/days; walltime: 0.2
37227.0/37230.0 days/days; walltime: 0.0
37228.0/37230.0 days/days; walltime: 0.0
37229.0/37230.0 days/days; walltime: 0.2
Wallclock for model run: 7127.5s
 

fields = 

  struct with fields:

    nodes: [1x1 struct]
    edges: [1x1 struct]
       BC: [1x1 struct]

No cases left; exiting.
