Case 5:
Picked up JAVA_TOOL_OPTIONS: -Xmx2g
Opening log file:  /tmp/java.log.28413

                            < M A T L A B (R) >
                  Copyright 1984-2022 The MathWorks, Inc.
                  R2022a (9.12.0.1884302) 64-bit (glnxa64)
                             February 16, 2022

 
To get started, type doc.
For product information, visit www.mathworks.com.
 

config = 

  struct with fields:

                 k_s: 0.2500
                 l_c: 10
            n_moulin: 68
    creep_const_soft: 0
             mesh_nr: 4
                 k_c: 0.1500
               h_bed: 0.5000
               l_bed: 10
               alpha: 1.5000
                beta: 1.5000
               omega: 5.0000e-04

Running model run (ode15s):
Run to steady
Saving model run to
./RUN/output_105_steady.nc
Fields, IC & BC initialised
Initial phi calculated in 2.1s
0.0/36500.0 days/days; walltime: 103.4
-----------------------------------------------------------------------------------------------------------------------------------------------------------------------------------------------------------------------------------------------------------------------------------------------------------------------------------------------------------------------------------------------------------------------------------------------------------------------------------------------------------------------------------------------------------------------------------------------------------------------------------------------------------------------------------------------------------------------------------------------------------------------------------------------------------------------------------------------------------------------------------------------------------------------------------------------------------------------------------------------------------------------------------------------------------------------------------------------------------------------------------------------------------------------------------------------------------------------------------------------------------------------------------------------------------------------------------------------------------------------------------------------------------------------------------------------------------------------------------------------------------------------------------------------------------------------------------------------------------------------------------------------------------------------------------------------------------------------------------------------------------------------------------------------------------------------------------------------------------------------------------------------------------------------------------------------------------------------------------------------------------------------------------------------------------------------------------------------------1825.0/36500.0 days/days; walltime: 2966.7
--------------------------------------------------------------------------------------------------------------------------------------------------------------------------------------------------------------------3650.0/36500.0 days/days; walltime: 15.3
--------------------------------------------5475.0/36500.0 days/days; walltime: 3.2
-------------------------------------7300.0/36500.0 days/days; walltime: 2.6
-----------------------------------------------------------------------------------------------------------------------------------------------------------------------------------------------------------------------9125.0/36500.0 days/days; walltime: 15.6
--------------------------------------------------------------------------------------------------------------------------------------------------------------------------------------------------------------------------------------------------------------------------------------------------------------------------------------------------------------------------------------------------------------------------------------------------------------------------------------------------------------------------------------------------------------------------------------------------------------------------------------------------------------------------------------------------------------------------------------------------------------------------------------------------------------------------------------------------------------------------------------------------------------------------------------------------------------------------------------------------------------------------------------------------------------------------------------------------------------------------------------------------------------------------------------------------------------------------------------------------------------------------------------------------------------------------------------------------------------------------------------------------------------------------------------------------------------------------------------------------------------------------------------------------------------------------------------------------------------------------------------------------------------------------------------------------------------------------------------------------------------------------------------------------------------------------------------------------------------------------------------------------------------------------------------------------------------------------------------------------------------------------------------------------------------------------------------------------------------------------------------------------------------------------------------------------------------------------------------------------------------------------------------------------------------------------------------------------------------------------------------------------------------------------------------------------------------------------------------------------------------------------------------------------------------------------------------------------------------------------------------------------------------------------------------------------------------------------------------------------------------------------------------------------------------------------------------------------------------------------------------------------------------------------------------------------------------------------------------------------------------------------------------------------------------------------------------------------------------------------------------------------------------------------------------------------------------------------------10950.0/36500.0 days/days; walltime: 3137.4
-----------------------------12775.0/36500.0 days/days; walltime: 1149.6
-------------14600.0/36500.0 days/days; walltime: 931.3
----16425.0/36500.0 days/days; walltime: 522.3
-------18250.0/36500.0 days/days; walltime: 479.2
----20075.0/36500.0 days/days; walltime: 145.0
----21900.0/36500.0 days/days; walltime: 49.1
23725.0/36500.0 days/days; walltime: 9.2
25550.0/36500.0 days/days; walltime: 4.3
27375.0/36500.0 days/days; walltime: 1.7
29200.0/36500.0 days/days; walltime: 3.0
31025.0/36500.0 days/days; walltime: 0.1
32850.0/36500.0 days/days; walltime: 0.3
36500.0/36500.0 days/days; walltime: 0.3
Wallclock for model run: 9542.0s
 

fields = 

  struct with fields:

    nodes: [1x1 struct]
    edges: [1x1 struct]
       BC: [1x1 struct]

Running model run (ode15s):
Run seasonal
Saving model run to
./RUN/output_105_seasonal.nc
IC initialised from struct
IC initialised from file/given & rest from parameters and given functions
36500.0/37230.0 days/days; walltime: 15.8
36501.0/37230.0 days/days; walltime: 71.8
36502.0/37230.0 days/days; walltime: 18.0
36503.0/37230.0 days/days; walltime: 36.6
36504.0/37230.0 days/days; walltime: 43.0
36505.0/37230.0 days/days; walltime: 14.5
36506.0/37230.0 days/days; walltime: 14.1
36507.0/37230.0 days/days; walltime: 8.8
36508.0/37230.0 days/days; walltime: 5.3
36509.0/37230.0 days/days; walltime: 7.8
36510.0/37230.0 days/days; walltime: 7.7
36511.0/37230.0 days/days; walltime: 3.2
36512.0/37230.0 days/days; walltime: 3.0
36513.0/37230.0 days/days; walltime: 6.7
36514.0/37230.0 days/days; walltime: 1.3
36515.0/37230.0 days/days; walltime: 1.9
36516.0/37230.0 days/days; walltime: 1.9
36517.0/37230.0 days/days; walltime: 2.2
36518.0/37230.0 days/days; walltime: 5.5
36519.0/37230.0 days/days; walltime: 1.2
36520.0/37230.0 days/days; walltime: 1.3
36521.0/37230.0 days/days; walltime: 1.4
36522.0/37230.0 days/days; walltime: 1.3
36523.0/37230.0 days/days; walltime: 1.6
36524.0/37230.0 days/days; walltime: 1.4
36525.0/37230.0 days/days; walltime: 1.3
36526.0/37230.0 days/days; walltime: 7.1
36527.0/37230.0 days/days; walltime: 2.6
36528.0/37230.0 days/days; walltime: 1.1
36529.0/37230.0 days/days; walltime: 1.1
36530.0/37230.0 days/days; walltime: 0.8
36531.0/37230.0 days/days; walltime: 3.0
36532.0/37230.0 days/days; walltime: 2.8
36533.0/37230.0 days/days; walltime: 0.7
36534.0/37230.0 days/days; walltime: 0.8
36535.0/37230.0 days/days; walltime: 3.6
36536.0/37230.0 days/days; walltime: 1.1
36537.0/37230.0 days/days; walltime: 4.6
36538.0/37230.0 days/days; walltime: 0.7
36539.0/37230.0 days/days; walltime: 0.7
36540.0/37230.0 days/days; walltime: 0.6
36541.0/37230.0 days/days; walltime: 0.4
36542.0/37230.0 days/days; walltime: 0.6
36543.0/37230.0 days/days; walltime: 2.6
36544.0/37230.0 days/days; walltime: 0.7
36545.0/37230.0 days/days; walltime: 0.7
36546.0/37230.0 days/days; walltime: 0.7
36547.0/37230.0 days/days; walltime: 0.7
36548.0/37230.0 days/days; walltime: 0.9
36549.0/37230.0 days/days; walltime: 0.8
36550.0/37230.0 days/days; walltime: 0.8
36551.0/37230.0 days/days; walltime: 4.0
36552.0/37230.0 days/days; walltime: 0.5
36553.0/37230.0 days/days; walltime: 0.7
36554.0/37230.0 days/days; walltime: 0.8
36555.0/37230.0 days/days; walltime: 0.7
36556.0/37230.0 days/days; walltime: 0.6
36557.0/37230.0 days/days; walltime: 0.8
36558.0/37230.0 days/days; walltime: 0.6
36559.0/37230.0 days/days; walltime: 0.8
36560.0/37230.0 days/days; walltime: 0.5
36561.0/37230.0 days/days; walltime: 0.8
36562.0/37230.0 days/days; walltime: 4.2
36563.0/37230.0 days/days; walltime: 0.3
36564.0/37230.0 days/days; walltime: 0.6
36565.0/37230.0 days/days; walltime: 0.6
36566.0/37230.0 days/days; walltime: 0.6
36567.0/37230.0 days/days; walltime: 0.4
36568.0/37230.0 days/days; walltime: 0.7
36569.0/37230.0 days/days; walltime: 0.5
36570.0/37230.0 days/days; walltime: 0.6
36571.0/37230.0 days/days; walltime: 0.4
36572.0/37230.0 days/days; walltime: 0.4
36573.0/37230.0 days/days; walltime: 0.5
36574.0/37230.0 days/days; walltime: 0.4
36575.0/37230.0 days/days; walltime: 0.5
36576.0/37230.0 days/days; walltime: 2.3
36577.0/37230.0 days/days; walltime: 2.3
36578.0/37230.0 days/days; walltime: 1.2
36579.0/37230.0 days/days; walltime: 0.5
36580.0/37230.0 days/days; walltime: 2.1
36581.0/37230.0 days/days; walltime: 0.4
36582.0/37230.0 days/days; walltime: 0.3
36583.0/37230.0 days/days; walltime: 0.4
36584.0/37230.0 days/days; walltime: 0.4
36585.0/37230.0 days/days; walltime: 0.5
36586.0/37230.0 days/days; walltime: 0.3
36587.0/37230.0 days/days; walltime: 0.4
36588.0/37230.0 days/days; walltime: 0.3
36589.0/37230.0 days/days; walltime: 0.4
36590.0/37230.0 days/days; walltime: 0.5
36591.0/37230.0 days/days; walltime: 1.9
36592.0/37230.0 days/days; walltime: 0.1
36593.0/37230.0 days/days; walltime: 0.3
36594.0/37230.0 days/days; walltime: 0.3
36595.0/37230.0 days/days; walltime: 0.3
36596.0/37230.0 days/days; walltime: 0.1
36597.0/37230.0 days/days; walltime: 0.3
36598.0/37230.0 days/days; walltime: 0.3
36599.0/37230.0 days/days; walltime: 2.7
36600.0/37230.0 days/days; walltime: 0.4
36601.0/37230.0 days/days; walltime: 0.3
36602.0/37230.0 days/days; walltime: 0.1
36603.0/37230.0 days/days; walltime: 0.3
36604.0/37230.0 days/days; walltime: 0.3
36605.0/37230.0 days/days; walltime: 0.3
36606.0/37230.0 days/days; walltime: 0.1
36607.0/37230.0 days/days; walltime: 0.3
36608.0/37230.0 days/days; walltime: 0.3
36609.0/37230.0 days/days; walltime: 0.1
36610.0/37230.0 days/days; walltime: 0.4
36611.0/37230.0 days/days; walltime: 0.4
36612.0/37230.0 days/days; walltime: 0.2
36613.0/37230.0 days/days; walltime: 0.4
36614.0/37230.0 days/days; walltime: 0.2
-36615.0/37230.0 days/days; walltime: 1.9
36616.0/37230.0 days/days; walltime: 7.4
36617.0/37230.0 days/days; walltime: 10.1
36618.0/37230.0 days/days; walltime: 14.7
36619.0/37230.0 days/days; walltime: 20.2
36620.0/37230.0 days/days; walltime: 20.3
36621.0/37230.0 days/days; walltime: 19.2
36622.0/37230.0 days/days; walltime: 19.8
36623.0/37230.0 days/days; walltime: 22.0
36624.0/37230.0 days/days; walltime: 23.1
36625.0/37230.0 days/days; walltime: 20.9
36626.0/37230.0 days/days; walltime: 22.1
36627.0/37230.0 days/days; walltime: 22.2
36628.0/37230.0 days/days; walltime: 22.4
36629.0/37230.0 days/days; walltime: 24.5
36630.0/37230.0 days/days; walltime: 26.8
36631.0/37230.0 days/days; walltime: 28.3
36632.0/37230.0 days/days; walltime: 47.9
36633.0/37230.0 days/days; walltime: 23.3
36634.0/37230.0 days/days; walltime: 31.9
36635.0/37230.0 days/days; walltime: 30.0
36636.0/37230.0 days/days; walltime: 29.3
------36637.0/37230.0 days/days; walltime: 37.8
36638.0/37230.0 days/days; walltime: 51.9
------36639.0/37230.0 days/days; walltime: 50.0
36640.0/37230.0 days/days; walltime: 22.1
36641.0/37230.0 days/days; walltime: 53.3
----36642.0/37230.0 days/days; walltime: 46.7
----36643.0/37230.0 days/days; walltime: 52.9
----36644.0/37230.0 days/days; walltime: 58.1
----------36645.0/37230.0 days/days; walltime: 105.7
--36646.0/37230.0 days/days; walltime: 81.9
--------36647.0/37230.0 days/days; walltime: 70.9
------36648.0/37230.0 days/days; walltime: 56.2
--------36649.0/37230.0 days/days; walltime: 69.1
-----------------------36650.0/37230.0 days/days; walltime: 125.9
-------------------36651.0/37230.0 days/days; walltime: 68.3
-----36652.0/37230.0 days/days; walltime: 53.2
---------36653.0/37230.0 days/days; walltime: 76.9
----------------36654.0/37230.0 days/days; walltime: 147.3
-------------------------36655.0/37230.0 days/days; walltime: 155.3
----36656.0/37230.0 days/days; walltime: 132.9
---------36657.0/37230.0 days/days; walltime: 73.9
-----------36658.0/37230.0 days/days; walltime: 77.1
-----------36659.0/37230.0 days/days; walltime: 78.0
--------36660.0/37230.0 days/days; walltime: 79.1
---------------------36661.0/37230.0 days/days; walltime: 102.5
------------------36662.0/37230.0 days/days; walltime: 168.9
-------------------------------------36663.0/37230.0 days/days; walltime: 120.6
---------------------36664.0/37230.0 days/days; walltime: 87.5
---------------36665.0/37230.0 days/days; walltime: 98.5
-----36666.0/37230.0 days/days; walltime: 65.6
-----------------36667.0/37230.0 days/days; walltime: 105.6
----------36668.0/37230.0 days/days; walltime: 174.7
-------------36669.0/37230.0 days/days; walltime: 166.5
--------------------------36670.0/37230.0 days/days; walltime: 146.0
-------------------36671.0/37230.0 days/days; walltime: 135.4
-------36672.0/37230.0 days/days; walltime: 92.1
-------------------------------------36673.0/37230.0 days/days; walltime: 108.7
--------------------36674.0/37230.0 days/days; walltime: 132.6
-------------36675.0/37230.0 days/days; walltime: 87.9
-----------------------36676.0/37230.0 days/days; walltime: 286.9
-----------36677.0/37230.0 days/days; walltime: 209.0
----------36678.0/37230.0 days/days; walltime: 111.4
--------------------36679.0/37230.0 days/days; walltime: 243.8
------36680.0/37230.0 days/days; walltime: 8579.1
----36681.0/37230.0 days/days; walltime: 94.6
--------------36682.0/37230.0 days/days; walltime: 84.4
--36683.0/37230.0 days/days; walltime: 85.6
----36684.0/37230.0 days/days; walltime: 99.5
---------------------36685.0/37230.0 days/days; walltime: 124.2
----36686.0/37230.0 days/days; walltime: 119.1
--------------------36687.0/37230.0 days/days; walltime: 134.0
-----------36688.0/37230.0 days/days; walltime: 82.6
----------36689.0/37230.0 days/days; walltime: 142.4
---------------------36690.0/37230.0 days/days; walltime: 126.1
------------36691.0/37230.0 days/days; walltime: 195.1
----------36692.0/37230.0 days/days; walltime: 379.3
-------------36693.0/37230.0 days/days; walltime: 73.5
36694.0/37230.0 days/days; walltime: 36.4
------36695.0/37230.0 days/days; walltime: 84.6
--------36696.0/37230.0 days/days; walltime: 92.8
----36697.0/37230.0 days/days; walltime: 73.7
---36698.0/37230.0 days/days; walltime: 79.1
-------36699.0/37230.0 days/days; walltime: 103.6
----36700.0/37230.0 days/days; walltime: 76.0
36701.0/37230.0 days/days; walltime: 43.4
---------36702.0/37230.0 days/days; walltime: 90.2
--36703.0/37230.0 days/days; walltime: 72.1
-36704.0/37230.0 days/days; walltime: 65.9
--36705.0/37230.0 days/days; walltime: 58.7
36706.0/37230.0 days/days; walltime: 33.1
----36707.0/37230.0 days/days; walltime: 46.6
36708.0/37230.0 days/days; walltime: 39.5
----36709.0/37230.0 days/days; walltime: 24.3
36710.0/37230.0 days/days; walltime: 44.1
--36711.0/37230.0 days/days; walltime: 48.0
36712.0/37230.0 days/days; walltime: 27.8
36713.0/37230.0 days/days; walltime: 23.6
----36714.0/37230.0 days/days; walltime: 34.7
36715.0/37230.0 days/days; walltime: 13.6
--36716.0/37230.0 days/days; walltime: 39.8
36717.0/37230.0 days/days; walltime: 23.6
-----36718.0/37230.0 days/days; walltime: 22.6
36719.0/37230.0 days/days; walltime: 25.5
36720.0/37230.0 days/days; walltime: 20.8
36721.0/37230.0 days/days; walltime: 17.6
36722.0/37230.0 days/days; walltime: 12.0
36723.0/37230.0 days/days; walltime: 21.4
36724.0/37230.0 days/days; walltime: 16.6
36725.0/37230.0 days/days; walltime: 21.2
36726.0/37230.0 days/days; walltime: 18.5
36727.0/37230.0 days/days; walltime: 19.5
36728.0/37230.0 days/days; walltime: 20.9
36729.0/37230.0 days/days; walltime: 24.1
36730.0/37230.0 days/days; walltime: 19.9
36731.0/37230.0 days/days; walltime: 26.0
36732.0/37230.0 days/days; walltime: 28.2
36733.0/37230.0 days/days; walltime: 21.0
36734.0/37230.0 days/days; walltime: 25.9
36735.0/37230.0 days/days; walltime: 24.3
36736.0/37230.0 days/days; walltime: 19.1
36737.0/37230.0 days/days; walltime: 22.4
36738.0/37230.0 days/days; walltime: 21.1
36739.0/37230.0 days/days; walltime: 18.7
36740.0/37230.0 days/days; walltime: 21.2
36741.0/37230.0 days/days; walltime: 19.7
36742.0/37230.0 days/days; walltime: 19.1
36743.0/37230.0 days/days; walltime: 21.3
36744.0/37230.0 days/days; walltime: 18.7
36745.0/37230.0 days/days; walltime: 16.1
36746.0/37230.0 days/days; walltime: 14.0
36747.0/37230.0 days/days; walltime: 14.1
36748.0/37230.0 days/days; walltime: 19.2
36749.0/37230.0 days/days; walltime: 6.3
36750.0/37230.0 days/days; walltime: 10.6
36751.0/37230.0 days/days; walltime: 4.4
36752.0/37230.0 days/days; walltime: 2.5
36753.0/37230.0 days/days; walltime: 2.2
36754.0/37230.0 days/days; walltime: 2.1
36755.0/37230.0 days/days; walltime: 2.0
36756.0/37230.0 days/days; walltime: 4.9
36757.0/37230.0 days/days; walltime: 1.1
36758.0/37230.0 days/days; walltime: 1.3
36759.0/37230.0 days/days; walltime: 1.1
36760.0/37230.0 days/days; walltime: 1.1
36761.0/37230.0 days/days; walltime: 1.0
36762.0/37230.0 days/days; walltime: 1.4
36763.0/37230.0 days/days; walltime: 2.5
36764.0/37230.0 days/days; walltime: 0.6
36765.0/37230.0 days/days; walltime: 0.7
36766.0/37230.0 days/days; walltime: 1.0
36767.0/37230.0 days/days; walltime: 0.9
36768.0/37230.0 days/days; walltime: 0.9
36769.0/37230.0 days/days; walltime: 1.0
36770.0/37230.0 days/days; walltime: 0.7
36771.0/37230.0 days/days; walltime: 5.5
36772.0/37230.0 days/days; walltime: 0.7
36773.0/37230.0 days/days; walltime: 0.6
36774.0/37230.0 days/days; walltime: 0.5
36775.0/37230.0 days/days; walltime: 0.5
36776.0/37230.0 days/days; walltime: 0.8
36777.0/37230.0 days/days; walltime: 0.5
36778.0/37230.0 days/days; walltime: 0.8
36779.0/37230.0 days/days; walltime: 0.7
36780.0/37230.0 days/days; walltime: 0.8
36781.0/37230.0 days/days; walltime: 0.7
36782.0/37230.0 days/days; walltime: 0.7
36783.0/37230.0 days/days; walltime: 0.7
36784.0/37230.0 days/days; walltime: 0.8
36785.0/37230.0 days/days; walltime: 0.7
36786.0/37230.0 days/days; walltime: 0.6
36787.0/37230.0 days/days; walltime: 0.6
36788.0/37230.0 days/days; walltime: 0.6
36789.0/37230.0 days/days; walltime: 0.6
36790.0/37230.0 days/days; walltime: 0.4
36791.0/37230.0 days/days; walltime: 2.0
36792.0/37230.0 days/days; walltime: 0.4
36793.0/37230.0 days/days; walltime: 0.6
36794.0/37230.0 days/days; walltime: 0.5
36795.0/37230.0 days/days; walltime: 2.9
36796.0/37230.0 days/days; walltime: 0.6
36797.0/37230.0 days/days; walltime: 0.5
36798.0/37230.0 days/days; walltime: 0.4
36799.0/37230.0 days/days; walltime: 0.4
36800.0/37230.0 days/days; walltime: 0.6
36801.0/37230.0 days/days; walltime: 0.4
36802.0/37230.0 days/days; walltime: 0.4
36803.0/37230.0 days/days; walltime: 0.6
36804.0/37230.0 days/days; walltime: 0.5
36805.0/37230.0 days/days; walltime: 0.5
36806.0/37230.0 days/days; walltime: 0.5
36807.0/37230.0 days/days; walltime: 0.5
36808.0/37230.0 days/days; walltime: 0.4
36809.0/37230.0 days/days; walltime: 0.9
36810.0/37230.0 days/days; walltime: 0.7
36811.0/37230.0 days/days; walltime: 0.5
36812.0/37230.0 days/days; walltime: 0.9
36813.0/37230.0 days/days; walltime: 0.6
36814.0/37230.0 days/days; walltime: 2.8
36815.0/37230.0 days/days; walltime: 0.8
36816.0/37230.0 days/days; walltime: 0.6
36817.0/37230.0 days/days; walltime: 0.3
36818.0/37230.0 days/days; walltime: 0.4
36819.0/37230.0 days/days; walltime: 0.7
36820.0/37230.0 days/days; walltime: 0.6
36821.0/37230.0 days/days; walltime: 0.3
36822.0/37230.0 days/days; walltime: 0.4
36823.0/37230.0 days/days; walltime: 0.4
36824.0/37230.0 days/days; walltime: 0.3
36825.0/37230.0 days/days; walltime: 0.1
36826.0/37230.0 days/days; walltime: 0.7
36827.0/37230.0 days/days; walltime: 0.5
36828.0/37230.0 days/days; walltime: 0.4
36829.0/37230.0 days/days; walltime: 0.3
36830.0/37230.0 days/days; walltime: 2.7
36831.0/37230.0 days/days; walltime: 0.5
36832.0/37230.0 days/days; walltime: 0.5
36833.0/37230.0 days/days; walltime: 0.3
36834.0/37230.0 days/days; walltime: 0.4
36835.0/37230.0 days/days; walltime: 0.3
36836.0/37230.0 days/days; walltime: 2.1
36837.0/37230.0 days/days; walltime: 0.3
36838.0/37230.0 days/days; walltime: 0.3
36839.0/37230.0 days/days; walltime: 0.1
36840.0/37230.0 days/days; walltime: 0.1
36841.0/37230.0 days/days; walltime: 2.1
36842.0/37230.0 days/days; walltime: 0.3
36843.0/37230.0 days/days; walltime: 0.2
36844.0/37230.0 days/days; walltime: 0.1
36845.0/37230.0 days/days; walltime: 0.3
36846.0/37230.0 days/days; walltime: 0.1
36847.0/37230.0 days/days; walltime: 0.3
36848.0/37230.0 days/days; walltime: 0.1
36849.0/37230.0 days/days; walltime: 0.3
36850.0/37230.0 days/days; walltime: 0.4
36851.0/37230.0 days/days; walltime: 0.2
36852.0/37230.0 days/days; walltime: 2.0
36853.0/37230.0 days/days; walltime: 0.1
36854.0/37230.0 days/days; walltime: 0.5
36855.0/37230.0 days/days; walltime: 0.4
36856.0/37230.0 days/days; walltime: 0.4
36857.0/37230.0 days/days; walltime: 0.4
36858.0/37230.0 days/days; walltime: 0.2
36859.0/37230.0 days/days; walltime: 2.2
36860.0/37230.0 days/days; walltime: 0.6
36861.0/37230.0 days/days; walltime: 2.3
36862.0/37230.0 days/days; walltime: 2.1
36863.0/37230.0 days/days; walltime: 0.3
36864.0/37230.0 days/days; walltime: 0.1
36865.0/37230.0 days/days; walltime: 0.3
36866.0/37230.0 days/days; walltime: 0.6
36867.0/37230.0 days/days; walltime: 0.5
36868.0/37230.0 days/days; walltime: 0.4
36869.0/37230.0 days/days; walltime: 0.2
36870.0/37230.0 days/days; walltime: 0.4
36871.0/37230.0 days/days; walltime: 0.2
36872.0/37230.0 days/days; walltime: 0.2
36873.0/37230.0 days/days; walltime: 0.3
36874.0/37230.0 days/days; walltime: 0.2
36875.0/37230.0 days/days; walltime: 0.2
36876.0/37230.0 days/days; walltime: 0.3
36877.0/37230.0 days/days; walltime: 0.3
36878.0/37230.0 days/days; walltime: 0.1
36879.0/37230.0 days/days; walltime: 0.3
36880.0/37230.0 days/days; walltime: 0.1
36881.0/37230.0 days/days; walltime: 0.3
36882.0/37230.0 days/days; walltime: 0.1
36883.0/37230.0 days/days; walltime: 0.3
36884.0/37230.0 days/days; walltime: 0.1
36885.0/37230.0 days/days; walltime: 0.3
36886.0/37230.0 days/days; walltime: 0.3
36887.0/37230.0 days/days; walltime: 0.1
36888.0/37230.0 days/days; walltime: 0.3
36889.0/37230.0 days/days; walltime: 0.4
36890.0/37230.0 days/days; walltime: 0.6
36891.0/37230.0 days/days; walltime: 0.3
36892.0/37230.0 days/days; walltime: 0.3
36893.0/37230.0 days/days; walltime: 0.2
36894.0/37230.0 days/days; walltime: 0.3
36895.0/37230.0 days/days; walltime: 0.2
36896.0/37230.0 days/days; walltime: 0.3
36897.0/37230.0 days/days; walltime: 0.1
36898.0/37230.0 days/days; walltime: 0.3
36899.0/37230.0 days/days; walltime: 0.2
36900.0/37230.0 days/days; walltime: 0.3
36901.0/37230.0 days/days; walltime: 0.2
36902.0/37230.0 days/days; walltime: 0.4
36903.0/37230.0 days/days; walltime: 0.1
36904.0/37230.0 days/days; walltime: 0.3
36905.0/37230.0 days/days; walltime: 0.2
36906.0/37230.0 days/days; walltime: 0.3
36907.0/37230.0 days/days; walltime: 0.1
36908.0/37230.0 days/days; walltime: 0.1
36909.0/37230.0 days/days; walltime: 0.3
36910.0/37230.0 days/days; walltime: 0.1
36911.0/37230.0 days/days; walltime: 0.3
36912.0/37230.0 days/days; walltime: 0.1
36913.0/37230.0 days/days; walltime: 0.0
36914.0/37230.0 days/days; walltime: 0.3
--36915.0/37230.0 days/days; walltime: 2.2
36916.0/37230.0 days/days; walltime: 0.6
36917.0/37230.0 days/days; walltime: 0.4
36918.0/37230.0 days/days; walltime: 0.4
-36919.0/37230.0 days/days; walltime: 0.1
-36920.0/37230.0 days/days; walltime: 0.2
36921.0/37230.0 days/days; walltime: 0.2
36922.0/37230.0 days/days; walltime: 0.2
36923.0/37230.0 days/days; walltime: 0.1
36924.0/37230.0 days/days; walltime: 0.2
36925.0/37230.0 days/days; walltime: 0.1
-36926.0/37230.0 days/days; walltime: 0.1
--36927.0/37230.0 days/days; walltime: 0.3
36928.0/37230.0 days/days; walltime: 0.1
36929.0/37230.0 days/days; walltime: 0.3
36930.0/37230.0 days/days; walltime: 0.1
--36931.0/37230.0 days/days; walltime: 0.2
-36932.0/37230.0 days/days; walltime: 0.2
-36933.0/37230.0 days/days; walltime: 2.0
36934.0/37230.0 days/days; walltime: 0.5
36935.0/37230.0 days/days; walltime: 0.6
36936.0/37230.0 days/days; walltime: 0.2
--36937.0/37230.0 days/days; walltime: 0.5
36938.0/37230.0 days/days; walltime: 0.3
36939.0/37230.0 days/days; walltime: 0.3
36940.0/37230.0 days/days; walltime: 0.6
36941.0/37230.0 days/days; walltime: 0.2
36942.0/37230.0 days/days; walltime: 0.3
36943.0/37230.0 days/days; walltime: 0.2
36944.0/37230.0 days/days; walltime: 0.1
36945.0/37230.0 days/days; walltime: 0.3
36946.0/37230.0 days/days; walltime: 0.1
36947.0/37230.0 days/days; walltime: 0.3
36948.0/37230.0 days/days; walltime: 0.0
36949.0/37230.0 days/days; walltime: 0.1
36950.0/37230.0 days/days; walltime: 0.2
36951.0/37230.0 days/days; walltime: 0.1
36952.0/37230.0 days/days; walltime: 0.1
36953.0/37230.0 days/days; walltime: 2.1
36954.0/37230.0 days/days; walltime: 0.1
36955.0/37230.0 days/days; walltime: 0.3
36956.0/37230.0 days/days; walltime: 0.1
36957.0/37230.0 days/days; walltime: 0.1
36958.0/37230.0 days/days; walltime: 0.3
36959.0/37230.0 days/days; walltime: 0.0
36960.0/37230.0 days/days; walltime: 0.0
36961.0/37230.0 days/days; walltime: 0.3
36962.0/37230.0 days/days; walltime: 0.0
36963.0/37230.0 days/days; walltime: 0.1
36964.0/37230.0 days/days; walltime: 0.2
36965.0/37230.0 days/days; walltime: 0.1
36966.0/37230.0 days/days; walltime: 0.0
36967.0/37230.0 days/days; walltime: 0.2
36968.0/37230.0 days/days; walltime: 0.1
36969.0/37230.0 days/days; walltime: 2.3
36970.0/37230.0 days/days; walltime: 0.3
36971.0/37230.0 days/days; walltime: 0.5
-36972.0/37230.0 days/days; walltime: 0.4
-36973.0/37230.0 days/days; walltime: 0.1
36974.0/37230.0 days/days; walltime: 0.1
36975.0/37230.0 days/days; walltime: 0.1
36976.0/37230.0 days/days; walltime: 0.2
36977.0/37230.0 days/days; walltime: 2.1
36978.0/37230.0 days/days; walltime: 2.1
36979.0/37230.0 days/days; walltime: 0.0
36980.0/37230.0 days/days; walltime: 2.1
36981.0/37230.0 days/days; walltime: 9.8
36982.0/37230.0 days/days; walltime: 9.7
36983.0/37230.0 days/days; walltime: 13.8
36984.0/37230.0 days/days; walltime: 18.7
36985.0/37230.0 days/days; walltime: 20.5
36986.0/37230.0 days/days; walltime: 22.2
36987.0/37230.0 days/days; walltime: 22.3
36988.0/37230.0 days/days; walltime: 23.2
36989.0/37230.0 days/days; walltime: 23.5
36990.0/37230.0 days/days; walltime: 24.4
36991.0/37230.0 days/days; walltime: 23.4
36992.0/37230.0 days/days; walltime: 28.1
36993.0/37230.0 days/days; walltime: 25.8
36994.0/37230.0 days/days; walltime: 23.9
36995.0/37230.0 days/days; walltime: 25.7
36996.0/37230.0 days/days; walltime: 30.3
36997.0/37230.0 days/days; walltime: 40.9
36998.0/37230.0 days/days; walltime: 26.1
36999.0/37230.0 days/days; walltime: 37.3
--37000.0/37230.0 days/days; walltime: 42.2
37001.0/37230.0 days/days; walltime: 29.4
--37002.0/37230.0 days/days; walltime: 32.2
37003.0/37230.0 days/days; walltime: 39.9
----37004.0/37230.0 days/days; walltime: 47.2
----37005.0/37230.0 days/days; walltime: 35.8
----37006.0/37230.0 days/days; walltime: 42.2
---37007.0/37230.0 days/days; walltime: 55.7
---------37008.0/37230.0 days/days; walltime: 59.0
----37009.0/37230.0 days/days; walltime: 63.7
----------37010.0/37230.0 days/days; walltime: 122.5
----37011.0/37230.0 days/days; walltime: 64.9
------------37012.0/37230.0 days/days; walltime: 85.7
------37013.0/37230.0 days/days; walltime: 69.0
----------37014.0/37230.0 days/days; walltime: 82.5
-----------------37015.0/37230.0 days/days; walltime: 110.6
-----------------37016.0/37230.0 days/days; walltime: 78.1
----------------37017.0/37230.0 days/days; walltime: 60.1
--------37018.0/37230.0 days/days; walltime: 62.7
-------------------37019.0/37230.0 days/days; walltime: 108.7
-----------------------37020.0/37230.0 days/days; walltime: 135.6
---------------37021.0/37230.0 days/days; walltime: 120.8
----------37022.0/37230.0 days/days; walltime: 144.4
---------------37023.0/37230.0 days/days; walltime: 146.1
----37024.0/37230.0 days/days; walltime: 64.7
---37025.0/37230.0 days/days; walltime: 74.9
-------------------------37026.0/37230.0 days/days; walltime: 129.8
-------------------37027.0/37230.0 days/days; walltime: 117.6
-------------------------37028.0/37230.0 days/days; walltime: 128.9
------------------37029.0/37230.0 days/days; walltime: 94.4
----------37030.0/37230.0 days/days; walltime: 156.8
----37031.0/37230.0 days/days; walltime: 77.9
---------------------37032.0/37230.0 days/days; walltime: 169.8
--------------37033.0/37230.0 days/days; walltime: 101.1
-----------------37034.0/37230.0 days/days; walltime: 158.9
----------37035.0/37230.0 days/days; walltime: 96.3
----------------------37036.0/37230.0 days/days; walltime: 141.3
-----------37037.0/37230.0 days/days; walltime: 135.4
-----------------------------------37038.0/37230.0 days/days; walltime: 193.7
-----------------37039.0/37230.0 days/days; walltime: 149.9
--------------37040.0/37230.0 days/days; walltime: 133.3
------------------------37041.0/37230.0 days/days; walltime: 222.4
--------37042.0/37230.0 days/days; walltime: 96.4
---------37043.0/37230.0 days/days; walltime: 107.0
---------------------------37044.0/37230.0 days/days; walltime: 155.0
----37045.0/37230.0 days/days; walltime: 194.5
------37046.0/37230.0 days/days; walltime: 154.8
---------------------37047.0/37230.0 days/days; walltime: 95.8
37048.0/37230.0 days/days; walltime: 118.7
------37049.0/37230.0 days/days; walltime: 141.4
------------------37050.0/37230.0 days/days; walltime: 138.7
--37051.0/37230.0 days/days; walltime: 86.1
------------------------37052.0/37230.0 days/days; walltime: 169.6
------37053.0/37230.0 days/days; walltime: 157.7
---------------37054.0/37230.0 days/days; walltime: 170.6
-----------------37055.0/37230.0 days/days; walltime: 87.8
---------------37056.0/37230.0 days/days; walltime: 315.3
---------37057.0/37230.0 days/days; walltime: 170.3
------------37058.0/37230.0 days/days; walltime: 130.3
37059.0/37230.0 days/days; walltime: 45.5
-----37060.0/37230.0 days/days; walltime: 66.1
---37061.0/37230.0 days/days; walltime: 113.2
--37062.0/37230.0 days/days; walltime: 64.1
-----37063.0/37230.0 days/days; walltime: 78.6
----------37064.0/37230.0 days/days; walltime: 73.7
----37065.0/37230.0 days/days; walltime: 54.3
--------37066.0/37230.0 days/days; walltime: 169.7
---37067.0/37230.0 days/days; walltime: 85.2
37068.0/37230.0 days/days; walltime: 81.1
37069.0/37230.0 days/days; walltime: 67.6
------37070.0/37230.0 days/days; walltime: 61.6
----37071.0/37230.0 days/days; walltime: 52.3
--37072.0/37230.0 days/days; walltime: 51.4
37073.0/37230.0 days/days; walltime: 42.2
37074.0/37230.0 days/days; walltime: 25.1
37075.0/37230.0 days/days; walltime: 38.4
37076.0/37230.0 days/days; walltime: 39.8
37077.0/37230.0 days/days; walltime: 22.7
37078.0/37230.0 days/days; walltime: 21.2
37079.0/37230.0 days/days; walltime: 38.4
37080.0/37230.0 days/days; walltime: 12.2
37081.0/37230.0 days/days; walltime: 22.2
37082.0/37230.0 days/days; walltime: 23.3
37083.0/37230.0 days/days; walltime: 19.2
37084.0/37230.0 days/days; walltime: 19.7
37085.0/37230.0 days/days; walltime: 25.9
37086.0/37230.0 days/days; walltime: 17.6
--37087.0/37230.0 days/days; walltime: 20.1
37088.0/37230.0 days/days; walltime: 18.4
37089.0/37230.0 days/days; walltime: 15.2
37090.0/37230.0 days/days; walltime: 19.7
37091.0/37230.0 days/days; walltime: 16.9
37092.0/37230.0 days/days; walltime: 20.9
37093.0/37230.0 days/days; walltime: 20.5
37094.0/37230.0 days/days; walltime: 21.4
37095.0/37230.0 days/days; walltime: 18.2
37096.0/37230.0 days/days; walltime: 26.7
37097.0/37230.0 days/days; walltime: 30.1
37098.0/37230.0 days/days; walltime: 22.1
37099.0/37230.0 days/days; walltime: 26.4
37100.0/37230.0 days/days; walltime: 21.4
37101.0/37230.0 days/days; walltime: 23.2
37102.0/37230.0 days/days; walltime: 20.9
37103.0/37230.0 days/days; walltime: 21.7
37104.0/37230.0 days/days; walltime: 21.5
37105.0/37230.0 days/days; walltime: 18.7
37106.0/37230.0 days/days; walltime: 20.9
37107.0/37230.0 days/days; walltime: 24.4
37108.0/37230.0 days/days; walltime: 17.5
37109.0/37230.0 days/days; walltime: 16.7
37110.0/37230.0 days/days; walltime: 12.8
37111.0/37230.0 days/days; walltime: 15.3
37112.0/37230.0 days/days; walltime: 30.3
37113.0/37230.0 days/days; walltime: 23.1
37114.0/37230.0 days/days; walltime: 10.8
37115.0/37230.0 days/days; walltime: 8.9
37116.0/37230.0 days/days; walltime: 2.8
37117.0/37230.0 days/days; walltime: 2.6
37118.0/37230.0 days/days; walltime: 2.2
37119.0/37230.0 days/days; walltime: 2.1
37120.0/37230.0 days/days; walltime: 4.7
37121.0/37230.0 days/days; walltime: 1.2
37122.0/37230.0 days/days; walltime: 1.1
37123.0/37230.0 days/days; walltime: 1.1
37124.0/37230.0 days/days; walltime: 1.1
37125.0/37230.0 days/days; walltime: 1.2
37126.0/37230.0 days/days; walltime: 3.0
37127.0/37230.0 days/days; walltime: 1.5
37128.0/37230.0 days/days; walltime: 3.0
37129.0/37230.0 days/days; walltime: 1.0
37130.0/37230.0 days/days; walltime: 0.8
37131.0/37230.0 days/days; walltime: 0.8
37132.0/37230.0 days/days; walltime: 0.9
37133.0/37230.0 days/days; walltime: 0.9
37134.0/37230.0 days/days; walltime: 0.9
37135.0/37230.0 days/days; walltime: 5.1
37136.0/37230.0 days/days; walltime: 1.1
37137.0/37230.0 days/days; walltime: 0.7
37138.0/37230.0 days/days; walltime: 0.8
37139.0/37230.0 days/days; walltime: 0.8
37140.0/37230.0 days/days; walltime: 0.6
37141.0/37230.0 days/days; walltime: 0.9
37142.0/37230.0 days/days; walltime: 0.6
37143.0/37230.0 days/days; walltime: 0.9
37144.0/37230.0 days/days; walltime: 0.7
37145.0/37230.0 days/days; walltime: 0.8
37146.0/37230.0 days/days; walltime: 0.7
37147.0/37230.0 days/days; walltime: 0.9
37148.0/37230.0 days/days; walltime: 0.6
37149.0/37230.0 days/days; walltime: 0.6
37150.0/37230.0 days/days; walltime: 0.9
37151.0/37230.0 days/days; walltime: 0.5
37152.0/37230.0 days/days; walltime: 2.1
37153.0/37230.0 days/days; walltime: 0.6
37154.0/37230.0 days/days; walltime: 0.6
37155.0/37230.0 days/days; walltime: 0.4
37156.0/37230.0 days/days; walltime: 0.4
37157.0/37230.0 days/days; walltime: 0.4
37158.0/37230.0 days/days; walltime: 0.4
37159.0/37230.0 days/days; walltime: 0.7
37160.0/37230.0 days/days; walltime: 1.2
37161.0/37230.0 days/days; walltime: 0.5
37162.0/37230.0 days/days; walltime: 0.6
37163.0/37230.0 days/days; walltime: 0.4
37164.0/37230.0 days/days; walltime: 0.5
37165.0/37230.0 days/days; walltime: 0.6
37166.0/37230.0 days/days; walltime: 0.5
37167.0/37230.0 days/days; walltime: 0.5
37168.0/37230.0 days/days; walltime: 0.5
37169.0/37230.0 days/days; walltime: 0.5
37170.0/37230.0 days/days; walltime: 0.5
37171.0/37230.0 days/days; walltime: 0.5
37172.0/37230.0 days/days; walltime: 0.4
37173.0/37230.0 days/days; walltime: 0.8
37174.0/37230.0 days/days; walltime: 0.7
37175.0/37230.0 days/days; walltime: 0.6
37176.0/37230.0 days/days; walltime: 0.4
37177.0/37230.0 days/days; walltime: 0.8
37178.0/37230.0 days/days; walltime: 0.6
37179.0/37230.0 days/days; walltime: 0.6
37180.0/37230.0 days/days; walltime: 2.0
37181.0/37230.0 days/days; walltime: 0.4
37182.0/37230.0 days/days; walltime: 0.4
37183.0/37230.0 days/days; walltime: 0.4
37184.0/37230.0 days/days; walltime: 0.4
37185.0/37230.0 days/days; walltime: 0.5
37186.0/37230.0 days/days; walltime: 0.8
37187.0/37230.0 days/days; walltime: 0.5
37188.0/37230.0 days/days; walltime: 0.4
37189.0/37230.0 days/days; walltime: 0.4
37190.0/37230.0 days/days; walltime: 0.4
37191.0/37230.0 days/days; walltime: 0.6
37192.0/37230.0 days/days; walltime: 0.3
37193.0/37230.0 days/days; walltime: 0.3
37194.0/37230.0 days/days; walltime: 2.7
37195.0/37230.0 days/days; walltime: 0.4
37196.0/37230.0 days/days; walltime: 0.3
37197.0/37230.0 days/days; walltime: 0.3
37198.0/37230.0 days/days; walltime: 0.5
37199.0/37230.0 days/days; walltime: 0.4
37200.0/37230.0 days/days; walltime: 0.3
37201.0/37230.0 days/days; walltime: 0.3
37202.0/37230.0 days/days; walltime: 0.4
37203.0/37230.0 days/days; walltime: 0.1
37204.0/37230.0 days/days; walltime: 0.1
37205.0/37230.0 days/days; walltime: 0.9
37206.0/37230.0 days/days; walltime: 0.6
37207.0/37230.0 days/days; walltime: 0.3
37208.0/37230.0 days/days; walltime: 0.4
37209.0/37230.0 days/days; walltime: 0.2
37210.0/37230.0 days/days; walltime: 0.4
37211.0/37230.0 days/days; walltime: 0.3
37212.0/37230.0 days/days; walltime: 0.3
37213.0/37230.0 days/days; walltime: 0.3
37214.0/37230.0 days/days; walltime: 1.8
37215.0/37230.0 days/days; walltime: 0.3
37216.0/37230.0 days/days; walltime: 0.3
37217.0/37230.0 days/days; walltime: 0.2
37218.0/37230.0 days/days; walltime: 0.3
37219.0/37230.0 days/days; walltime: 1.9
37220.0/37230.0 days/days; walltime: 0.3
37221.0/37230.0 days/days; walltime: 0.4
37222.0/37230.0 days/days; walltime: 0.5
37223.0/37230.0 days/days; walltime: 0.2
37224.0/37230.0 days/days; walltime: 2.6
37225.0/37230.0 days/days; walltime: 0.5
37226.0/37230.0 days/days; walltime: 0.8
37227.0/37230.0 days/days; walltime: 0.6
37228.0/37230.0 days/days; walltime: 0.3
37229.0/37230.0 days/days; walltime: 0.3
37230.0/37230.0 days/days; walltime: 0.3
Wallclock for model run: 26946.1s
 

fields = 

  struct with fields:

    nodes: [1x1 struct]
    edges: [1x1 struct]
       BC: [1x1 struct]

No cases left; exiting.
