Case 3:
Picked up JAVA_TOOL_OPTIONS: -Xmx2g
Opening log file:  /tmp/java.log.23217

                            < M A T L A B (R) >
                  Copyright 1984-2022 The MathWorks, Inc.
                  R2022a (9.12.0.1884302) 64-bit (glnxa64)
                             February 16, 2022

 
To get started, type doc.
For product information, visit www.mathworks.com.
 

config = 

  struct with fields:

                 k_s: 0.2500
                 l_c: 10
            n_moulin: 68
    creep_const_soft: 0
             mesh_nr: 4
                 k_c: 0.1500
               h_bed: 0.5000
               l_bed: 10
               alpha: 3
                beta: 2
               omega: 0

Running model run (ode15s):
Run to steady
Saving model run to
./RUN/output_103_steady.nc
Fields, IC & BC initialised
Initial phi calculated in 0.7s
0.0/36500.0 days/days; walltime: 71.0
----------------------------------------------------------------------------------------------------------------------------------------------------------------------------------------------------------------------------------------------------------------------------------------------------------------------------------------------------------------------------------------------------------------------------------------------------------------------------------------------------------------------------------------------------------------------------------------------------------------------------------------------------------------------------------------------------------------------------------------------------------1825.0/36500.0 days/days; walltime: 2578.1
------------3650.0/36500.0 days/days; walltime: 1.1
-----------------------------------------5475.0/36500.0 days/days; walltime: 2.5
-----------------------------------------7300.0/36500.0 days/days; walltime: 2.4
-----------------------------------------------------------------------------------------------------------------------------------------------9125.0/36500.0 days/days; walltime: 9.5
---------------------------------------------------------------------------------------------------------------------------------------------------------------------------------------------------------------------------------------------------------------------------------------------------------------------------------------------------------------------------------------------------------------------------------------------------------------------------------------------------------------------------------------------------------------------------------------------------------------------------------------------------------------------------------------------------------------------------------------------------------------------------------------------------------------------------------------------------------------------------------------------------------------------------------------------------------------------------------------------------------------------------------------------------------------------------------------------------------------------------------------------------------------------------------------------------------------------------------------------------------------------------------------------------------------------------------------------------------------------------------------------------------------------------------------------------------------------------------------------------------------------------------------------------------------------------------------------------------------------------------------------------------------------------------------------------------------------------------------------------------------------------------------------------------------------------------------------------------------------------------------------------------------------------------------------------------------------------------------------------------------------------------------------------------------------------------------------------------------------------------------------------------------------------------------------------------------------------------------------------------------------------------------------------------------------------------------------------------------------------------------------------------------------------------------------------------------------------------------------------------------------------------------------------------------------------------------------------------------------------------------------------------------------------------------------------------------------------------------------------------------------------------------------------------------------------------------------------------------------------------------------------------------------------------------------------------------------------------------------------------------------------------------------------------------------------------------------------------------------------------------------------------------------------------------------------------------------------------------------------------------------------------------------------------------------------------------------------------------------------------------------------------------------------------------------------------------------------------------------------------------------------------------------------------------------------------------------------------------------------------------------------------------------------------------------------------------------------------------------------------------------------------------------------------------------------------------------------------------------------------------------------------------------------------------------------------------------------------------------------------------------------------------------------------------------------------------------------------------------------------------------------------------------------------------------------------------------------------------------------------------------------------------------------------------------------------------------------------------------------------------------------------------------------------------------------------------------------------------------------------------------------------------------------------------------------------------------------------------------------------------------------------------------------------------------------------------------------------------------------------------------------------------------------10950.0/36500.0 days/days; walltime: 2590.8
------------------------12775.0/36500.0 days/days; walltime: 1207.9
-----------------14600.0/36500.0 days/days; walltime: 923.1
16425.0/36500.0 days/days; walltime: 433.3
18250.0/36500.0 days/days; walltime: 414.0
20075.0/36500.0 days/days; walltime: 190.5
21900.0/36500.0 days/days; walltime: 1.7
23725.0/36500.0 days/days; walltime: 0.3
25550.0/36500.0 days/days; walltime: 0.0
27375.0/36500.0 days/days; walltime: 0.2
31025.0/36500.0 days/days; walltime: 0.1
34675.0/36500.0 days/days; walltime: 0.2
Wallclock for model run: 8421.8s
 

fields = 

  struct with fields:

    nodes: [1x1 struct]
    edges: [1x1 struct]
       BC: [1x1 struct]

Running model run (ode15s):
Run seasonal
Saving model run to
./RUN/output_103_seasonal.nc
IC initialised from struct
IC initialised from file/given & rest from parameters and given functions
36500.0/37230.0 days/days; walltime: 12.3
36501.0/37230.0 days/days; walltime: 56.8
36502.0/37230.0 days/days; walltime: 11.7
36503.0/37230.0 days/days; walltime: 48.2
36504.0/37230.0 days/days; walltime: 17.9
36505.0/37230.0 days/days; walltime: 11.7
36506.0/37230.0 days/days; walltime: 12.5
36507.0/37230.0 days/days; walltime: 14.5
36508.0/37230.0 days/days; walltime: 6.1
36509.0/37230.0 days/days; walltime: 2.8
36510.0/37230.0 days/days; walltime: 4.1
36511.0/37230.0 days/days; walltime: 2.5
36512.0/37230.0 days/days; walltime: 2.1
36513.0/37230.0 days/days; walltime: 2.0
36514.0/37230.0 days/days; walltime: 4.8
36515.0/37230.0 days/days; walltime: 1.6
36516.0/37230.0 days/days; walltime: 1.4
36517.0/37230.0 days/days; walltime: 1.2
36518.0/37230.0 days/days; walltime: 1.0
36519.0/37230.0 days/days; walltime: 2.1
36520.0/37230.0 days/days; walltime: 1.0
36521.0/37230.0 days/days; walltime: 1.1
36522.0/37230.0 days/days; walltime: 1.0
36523.0/37230.0 days/days; walltime: 1.0
36524.0/37230.0 days/days; walltime: 1.0
36525.0/37230.0 days/days; walltime: 1.3
36526.0/37230.0 days/days; walltime: 2.2
36527.0/37230.0 days/days; walltime: 1.0
36528.0/37230.0 days/days; walltime: 0.8
36529.0/37230.0 days/days; walltime: 2.1
36530.0/37230.0 days/days; walltime: 3.9
36531.0/37230.0 days/days; walltime: 0.4
36532.0/37230.0 days/days; walltime: 0.4
36533.0/37230.0 days/days; walltime: 0.8
36534.0/37230.0 days/days; walltime: 2.1
36535.0/37230.0 days/days; walltime: 3.6
36536.0/37230.0 days/days; walltime: 0.6
36537.0/37230.0 days/days; walltime: 0.6
36538.0/37230.0 days/days; walltime: 0.6
36539.0/37230.0 days/days; walltime: 0.6
36540.0/37230.0 days/days; walltime: 0.3
36541.0/37230.0 days/days; walltime: 1.8
36542.0/37230.0 days/days; walltime: 0.6
36543.0/37230.0 days/days; walltime: 0.5
36544.0/37230.0 days/days; walltime: 0.7
36545.0/37230.0 days/days; walltime: 0.5
36546.0/37230.0 days/days; walltime: 0.5
36547.0/37230.0 days/days; walltime: 0.4
36548.0/37230.0 days/days; walltime: 0.5
36549.0/37230.0 days/days; walltime: 0.4
36550.0/37230.0 days/days; walltime: 0.6
36551.0/37230.0 days/days; walltime: 1.7
36552.0/37230.0 days/days; walltime: 0.5
36553.0/37230.0 days/days; walltime: 0.2
36554.0/37230.0 days/days; walltime: 0.2
36555.0/37230.0 days/days; walltime: 0.6
36556.0/37230.0 days/days; walltime: 0.5
36557.0/37230.0 days/days; walltime: 0.5
36558.0/37230.0 days/days; walltime: 0.6
36559.0/37230.0 days/days; walltime: 0.4
36560.0/37230.0 days/days; walltime: 0.4
36561.0/37230.0 days/days; walltime: 0.5
36562.0/37230.0 days/days; walltime: 3.4
36563.0/37230.0 days/days; walltime: 0.6
36564.0/37230.0 days/days; walltime: 0.5
36565.0/37230.0 days/days; walltime: 0.4
36566.0/37230.0 days/days; walltime: 0.4
36567.0/37230.0 days/days; walltime: 0.4
36568.0/37230.0 days/days; walltime: 0.4
36569.0/37230.0 days/days; walltime: 0.4
36570.0/37230.0 days/days; walltime: 0.5
36571.0/37230.0 days/days; walltime: 0.4
36572.0/37230.0 days/days; walltime: 0.4
36573.0/37230.0 days/days; walltime: 1.6
36574.0/37230.0 days/days; walltime: 0.4
36575.0/37230.0 days/days; walltime: 0.3
36576.0/37230.0 days/days; walltime: 1.5
36577.0/37230.0 days/days; walltime: 0.4
36578.0/37230.0 days/days; walltime: 0.6
36579.0/37230.0 days/days; walltime: 0.5
36580.0/37230.0 days/days; walltime: 0.3
36581.0/37230.0 days/days; walltime: 0.3
36582.0/37230.0 days/days; walltime: 0.3
36583.0/37230.0 days/days; walltime: 0.3
36584.0/37230.0 days/days; walltime: 0.4
36585.0/37230.0 days/days; walltime: 0.3
36586.0/37230.0 days/days; walltime: 0.3
36587.0/37230.0 days/days; walltime: 0.3
36588.0/37230.0 days/days; walltime: 0.2
36589.0/37230.0 days/days; walltime: 1.7
36590.0/37230.0 days/days; walltime: 0.3
36591.0/37230.0 days/days; walltime: 0.3
36592.0/37230.0 days/days; walltime: 0.3
36593.0/37230.0 days/days; walltime: 0.2
36594.0/37230.0 days/days; walltime: 0.3
36595.0/37230.0 days/days; walltime: 0.3
36596.0/37230.0 days/days; walltime: 0.8
36597.0/37230.0 days/days; walltime: 0.4
36598.0/37230.0 days/days; walltime: 0.4
36599.0/37230.0 days/days; walltime: 0.5
36600.0/37230.0 days/days; walltime: 0.6
36601.0/37230.0 days/days; walltime: 0.2
36602.0/37230.0 days/days; walltime: 0.3
36603.0/37230.0 days/days; walltime: 0.2
36604.0/37230.0 days/days; walltime: 0.2
36605.0/37230.0 days/days; walltime: 0.1
36606.0/37230.0 days/days; walltime: 0.2
36607.0/37230.0 days/days; walltime: 0.3
36608.0/37230.0 days/days; walltime: 0.3
36609.0/37230.0 days/days; walltime: 0.2
36610.0/37230.0 days/days; walltime: 0.3
36611.0/37230.0 days/days; walltime: 0.2
36612.0/37230.0 days/days; walltime: 0.2
36613.0/37230.0 days/days; walltime: 0.3
36614.0/37230.0 days/days; walltime: 0.2
-36615.0/37230.0 days/days; walltime: 1.1
36616.0/37230.0 days/days; walltime: 5.0
36617.0/37230.0 days/days; walltime: 7.6
36618.0/37230.0 days/days; walltime: 14.8
36619.0/37230.0 days/days; walltime: 14.1
36620.0/37230.0 days/days; walltime: 18.8
36621.0/37230.0 days/days; walltime: 13.7
36622.0/37230.0 days/days; walltime: 14.1
36623.0/37230.0 days/days; walltime: 17.1
36624.0/37230.0 days/days; walltime: 16.6
36625.0/37230.0 days/days; walltime: 15.8
36626.0/37230.0 days/days; walltime: 16.5
36627.0/37230.0 days/days; walltime: 18.6
36628.0/37230.0 days/days; walltime: 19.7
36629.0/37230.0 days/days; walltime: 19.1
36630.0/37230.0 days/days; walltime: 21.7
36631.0/37230.0 days/days; walltime: 19.4
36632.0/37230.0 days/days; walltime: 22.2
36633.0/37230.0 days/days; walltime: 21.2
--36634.0/37230.0 days/days; walltime: 17.7
36635.0/37230.0 days/days; walltime: 18.8
--36636.0/37230.0 days/days; walltime: 19.2
36637.0/37230.0 days/days; walltime: 29.3
--36638.0/37230.0 days/days; walltime: 23.0
----36639.0/37230.0 days/days; walltime: 23.2
--36640.0/37230.0 days/days; walltime: 25.8
-36641.0/37230.0 days/days; walltime: 26.9
--36642.0/37230.0 days/days; walltime: 27.1
------36643.0/37230.0 days/days; walltime: 31.6
--36644.0/37230.0 days/days; walltime: 38.1
--------36645.0/37230.0 days/days; walltime: 49.2
--------36646.0/37230.0 days/days; walltime: 59.5
36647.0/37230.0 days/days; walltime: 40.7
------36648.0/37230.0 days/days; walltime: 41.3
-----36649.0/37230.0 days/days; walltime: 53.9
-------36650.0/37230.0 days/days; walltime: 67.3
----------------------36651.0/37230.0 days/days; walltime: 65.1
--------------36652.0/37230.0 days/days; walltime: 69.0
--------------------36653.0/37230.0 days/days; walltime: 63.1
-----------------36654.0/37230.0 days/days; walltime: 58.9
-----------------36655.0/37230.0 days/days; walltime: 49.5
--------36656.0/37230.0 days/days; walltime: 84.8
----------36657.0/37230.0 days/days; walltime: 100.5
-----------36658.0/37230.0 days/days; walltime: 112.1
--------36659.0/37230.0 days/days; walltime: 111.2
----------36660.0/37230.0 days/days; walltime: 75.0
-------------36661.0/37230.0 days/days; walltime: 90.4
-----------------36662.0/37230.0 days/days; walltime: 64.1
----------------------36663.0/37230.0 days/days; walltime: 100.9
-------------36664.0/37230.0 days/days; walltime: 71.4
---------------36665.0/37230.0 days/days; walltime: 75.1
----------36666.0/37230.0 days/days; walltime: 97.4
--------36667.0/37230.0 days/days; walltime: 96.2
------------36668.0/37230.0 days/days; walltime: 64.7
--------------36669.0/37230.0 days/days; walltime: 77.3
------------------36670.0/37230.0 days/days; walltime: 181.4
-------------------36671.0/37230.0 days/days; walltime: 142.0
----------------36672.0/37230.0 days/days; walltime: 78.7
--------36673.0/37230.0 days/days; walltime: 66.5
-------------------------------36674.0/37230.0 days/days; walltime: 113.7
------36675.0/37230.0 days/days; walltime: 73.8
-----------36676.0/37230.0 days/days; walltime: 62.2
----------36677.0/37230.0 days/days; walltime: 87.5
-----------------36678.0/37230.0 days/days; walltime: 115.6
--------------36679.0/37230.0 days/days; walltime: 136.0
--36680.0/37230.0 days/days; walltime: 61.1
--36681.0/37230.0 days/days; walltime: 74.7
--36682.0/37230.0 days/days; walltime: 38.5
-----------------36683.0/37230.0 days/days; walltime: 86.2
----36684.0/37230.0 days/days; walltime: 61.2
--------36685.0/37230.0 days/days; walltime: 97.2
------36686.0/37230.0 days/days; walltime: 59.5
----------------36687.0/37230.0 days/days; walltime: 66.0
----36688.0/37230.0 days/days; walltime: 48.6
------36689.0/37230.0 days/days; walltime: 52.9
--------36690.0/37230.0 days/days; walltime: 54.9
--------------36691.0/37230.0 days/days; walltime: 52.2
-----------36692.0/37230.0 days/days; walltime: 63.9
--36693.0/37230.0 days/days; walltime: 51.7
---------36694.0/37230.0 days/days; walltime: 61.2
36695.0/37230.0 days/days; walltime: 99.7
------36696.0/37230.0 days/days; walltime: 146.1
--36697.0/37230.0 days/days; walltime: 82.8
--36698.0/37230.0 days/days; walltime: 40.1
----36699.0/37230.0 days/days; walltime: 35.7
--36700.0/37230.0 days/days; walltime: 48.9
-------36701.0/37230.0 days/days; walltime: 45.6
----36702.0/37230.0 days/days; walltime: 29.8
------36703.0/37230.0 days/days; walltime: 43.2
36704.0/37230.0 days/days; walltime: 35.2
36705.0/37230.0 days/days; walltime: 23.7
--36706.0/37230.0 days/days; walltime: 22.9
36707.0/37230.0 days/days; walltime: 22.5
36708.0/37230.0 days/days; walltime: 4.8
----------36709.0/37230.0 days/days; walltime: 39.9
36710.0/37230.0 days/days; walltime: 30.9
36711.0/37230.0 days/days; walltime: 25.9
36712.0/37230.0 days/days; walltime: 6.2
36713.0/37230.0 days/days; walltime: 9.8
--36714.0/37230.0 days/days; walltime: 19.8
36715.0/37230.0 days/days; walltime: 12.8
36716.0/37230.0 days/days; walltime: 14.8
36717.0/37230.0 days/days; walltime: 10.1
36718.0/37230.0 days/days; walltime: 12.2
36719.0/37230.0 days/days; walltime: 17.2
36720.0/37230.0 days/days; walltime: 11.0
36721.0/37230.0 days/days; walltime: 16.0
36722.0/37230.0 days/days; walltime: 13.8
36723.0/37230.0 days/days; walltime: 8.3
36724.0/37230.0 days/days; walltime: 16.9
36725.0/37230.0 days/days; walltime: 20.5
36726.0/37230.0 days/days; walltime: 12.8
36727.0/37230.0 days/days; walltime: 27.9
36728.0/37230.0 days/days; walltime: 15.8
36729.0/37230.0 days/days; walltime: 16.2
36730.0/37230.0 days/days; walltime: 16.1
36731.0/37230.0 days/days; walltime: 22.0
36732.0/37230.0 days/days; walltime: 19.3
36733.0/37230.0 days/days; walltime: 17.3
36734.0/37230.0 days/days; walltime: 18.4
36735.0/37230.0 days/days; walltime: 18.8
36736.0/37230.0 days/days; walltime: 15.7
36737.0/37230.0 days/days; walltime: 18.0
36738.0/37230.0 days/days; walltime: 16.8
36739.0/37230.0 days/days; walltime: 16.8
36740.0/37230.0 days/days; walltime: 17.2
36741.0/37230.0 days/days; walltime: 15.5
36742.0/37230.0 days/days; walltime: 18.8
36743.0/37230.0 days/days; walltime: 17.6
36744.0/37230.0 days/days; walltime: 11.7
36745.0/37230.0 days/days; walltime: 14.2
36746.0/37230.0 days/days; walltime: 17.7
36747.0/37230.0 days/days; walltime: 16.0
36748.0/37230.0 days/days; walltime: 21.9
36749.0/37230.0 days/days; walltime: 6.1
36750.0/37230.0 days/days; walltime: 5.8
36751.0/37230.0 days/days; walltime: 6.2
36752.0/37230.0 days/days; walltime: 1.8
36753.0/37230.0 days/days; walltime: 1.5
36754.0/37230.0 days/days; walltime: 1.4
36755.0/37230.0 days/days; walltime: 1.6
36756.0/37230.0 days/days; walltime: 4.4
36757.0/37230.0 days/days; walltime: 1.2
36758.0/37230.0 days/days; walltime: 0.7
36759.0/37230.0 days/days; walltime: 0.9
36760.0/37230.0 days/days; walltime: 1.0
36761.0/37230.0 days/days; walltime: 0.9
36762.0/37230.0 days/days; walltime: 2.1
36763.0/37230.0 days/days; walltime: 0.7
36764.0/37230.0 days/days; walltime: 0.5
36765.0/37230.0 days/days; walltime: 0.5
36766.0/37230.0 days/days; walltime: 0.4
36767.0/37230.0 days/days; walltime: 0.8
36768.0/37230.0 days/days; walltime: 0.8
36769.0/37230.0 days/days; walltime: 0.9
36770.0/37230.0 days/days; walltime: 0.7
36771.0/37230.0 days/days; walltime: 2.3
36772.0/37230.0 days/days; walltime: 0.7
36773.0/37230.0 days/days; walltime: 0.7
36774.0/37230.0 days/days; walltime: 0.6
36775.0/37230.0 days/days; walltime: 0.5
36776.0/37230.0 days/days; walltime: 0.8
36777.0/37230.0 days/days; walltime: 0.7
36778.0/37230.0 days/days; walltime: 0.5
36779.0/37230.0 days/days; walltime: 0.5
36780.0/37230.0 days/days; walltime: 0.7
36781.0/37230.0 days/days; walltime: 0.7
36782.0/37230.0 days/days; walltime: 0.5
36783.0/37230.0 days/days; walltime: 0.5
36784.0/37230.0 days/days; walltime: 0.7
36785.0/37230.0 days/days; walltime: 0.8
36786.0/37230.0 days/days; walltime: 0.5
36787.0/37230.0 days/days; walltime: 0.4
36788.0/37230.0 days/days; walltime: 0.3
36789.0/37230.0 days/days; walltime: 0.3
36790.0/37230.0 days/days; walltime: 0.5
36791.0/37230.0 days/days; walltime: 0.4
36792.0/37230.0 days/days; walltime: 0.3
36793.0/37230.0 days/days; walltime: 0.5
36794.0/37230.0 days/days; walltime: 1.9
36795.0/37230.0 days/days; walltime: 0.7
36796.0/37230.0 days/days; walltime: 0.4
36797.0/37230.0 days/days; walltime: 0.5
36798.0/37230.0 days/days; walltime: 0.5
36799.0/37230.0 days/days; walltime: 0.4
36800.0/37230.0 days/days; walltime: 0.3
36801.0/37230.0 days/days; walltime: 0.3
36802.0/37230.0 days/days; walltime: 0.3
36803.0/37230.0 days/days; walltime: 0.3
36804.0/37230.0 days/days; walltime: 0.4
36805.0/37230.0 days/days; walltime: 0.3
36806.0/37230.0 days/days; walltime: 0.4
36807.0/37230.0 days/days; walltime: 2.0
36808.0/37230.0 days/days; walltime: 0.5
36809.0/37230.0 days/days; walltime: 0.4
36810.0/37230.0 days/days; walltime: 0.3
36811.0/37230.0 days/days; walltime: 0.3
36812.0/37230.0 days/days; walltime: 0.3
36813.0/37230.0 days/days; walltime: 0.1
36814.0/37230.0 days/days; walltime: 1.8
36815.0/37230.0 days/days; walltime: 0.8
36816.0/37230.0 days/days; walltime: 0.9
36817.0/37230.0 days/days; walltime: 0.5
36818.0/37230.0 days/days; walltime: 1.8
36819.0/37230.0 days/days; walltime: 0.3
36820.0/37230.0 days/days; walltime: 0.2
36821.0/37230.0 days/days; walltime: 0.1
36822.0/37230.0 days/days; walltime: 0.3
36823.0/37230.0 days/days; walltime: 0.3
36824.0/37230.0 days/days; walltime: 0.3
36825.0/37230.0 days/days; walltime: 0.1
36826.0/37230.0 days/days; walltime: 0.3
36827.0/37230.0 days/days; walltime: 0.3
36828.0/37230.0 days/days; walltime: 0.2
36829.0/37230.0 days/days; walltime: 0.6
36830.0/37230.0 days/days; walltime: 0.4
36831.0/37230.0 days/days; walltime: 0.2
36832.0/37230.0 days/days; walltime: 0.4
36833.0/37230.0 days/days; walltime: 0.3
36834.0/37230.0 days/days; walltime: 0.2
36835.0/37230.0 days/days; walltime: 1.6
36836.0/37230.0 days/days; walltime: 0.4
36837.0/37230.0 days/days; walltime: 0.4
36838.0/37230.0 days/days; walltime: 0.5
36839.0/37230.0 days/days; walltime: 0.4
36840.0/37230.0 days/days; walltime: 0.2
36841.0/37230.0 days/days; walltime: 0.3
36842.0/37230.0 days/days; walltime: 2.1
36843.0/37230.0 days/days; walltime: 1.4
36844.0/37230.0 days/days; walltime: 0.3
36845.0/37230.0 days/days; walltime: 0.2
36846.0/37230.0 days/days; walltime: 0.1
36847.0/37230.0 days/days; walltime: 0.1
36848.0/37230.0 days/days; walltime: 1.6
36849.0/37230.0 days/days; walltime: 0.1
36850.0/37230.0 days/days; walltime: 0.5
36851.0/37230.0 days/days; walltime: 0.6
36852.0/37230.0 days/days; walltime: 0.5
36853.0/37230.0 days/days; walltime: 0.3
36854.0/37230.0 days/days; walltime: 0.2
36855.0/37230.0 days/days; walltime: 0.2
36856.0/37230.0 days/days; walltime: 0.2
36857.0/37230.0 days/days; walltime: 0.2
36858.0/37230.0 days/days; walltime: 0.2
36859.0/37230.0 days/days; walltime: 0.2
36860.0/37230.0 days/days; walltime: 0.2
36861.0/37230.0 days/days; walltime: 0.2
36862.0/37230.0 days/days; walltime: 1.7
36863.0/37230.0 days/days; walltime: 0.5
36864.0/37230.0 days/days; walltime: 0.3
36865.0/37230.0 days/days; walltime: 1.7
36866.0/37230.0 days/days; walltime: 1.9
36867.0/37230.0 days/days; walltime: 0.1
36868.0/37230.0 days/days; walltime: 0.2
36869.0/37230.0 days/days; walltime: 0.5
36870.0/37230.0 days/days; walltime: 0.4
36871.0/37230.0 days/days; walltime: 0.4
36872.0/37230.0 days/days; walltime: 0.2
36873.0/37230.0 days/days; walltime: 0.3
36874.0/37230.0 days/days; walltime: 0.1
36875.0/37230.0 days/days; walltime: 0.3
36876.0/37230.0 days/days; walltime: 0.1
36877.0/37230.0 days/days; walltime: 0.3
36878.0/37230.0 days/days; walltime: 0.2
36879.0/37230.0 days/days; walltime: 0.3
36880.0/37230.0 days/days; walltime: 0.1
36881.0/37230.0 days/days; walltime: 0.2
36882.0/37230.0 days/days; walltime: 0.3
36883.0/37230.0 days/days; walltime: 0.2
36884.0/37230.0 days/days; walltime: 0.2
36885.0/37230.0 days/days; walltime: 0.0
36886.0/37230.0 days/days; walltime: 0.3
36887.0/37230.0 days/days; walltime: 0.1
--36888.0/37230.0 days/days; walltime: 2.1
36889.0/37230.0 days/days; walltime: 0.4
36890.0/37230.0 days/days; walltime: 0.3
36891.0/37230.0 days/days; walltime: 0.1
36892.0/37230.0 days/days; walltime: 0.3
36893.0/37230.0 days/days; walltime: 0.1
36894.0/37230.0 days/days; walltime: 0.0
36895.0/37230.0 days/days; walltime: 0.3
36896.0/37230.0 days/days; walltime: 0.0
36897.0/37230.0 days/days; walltime: 0.2
36898.0/37230.0 days/days; walltime: 0.0
36899.0/37230.0 days/days; walltime: 0.1
36900.0/37230.0 days/days; walltime: 0.2
--36901.0/37230.0 days/days; walltime: 2.2
36902.0/37230.0 days/days; walltime: 0.2
36903.0/37230.0 days/days; walltime: 0.3
36904.0/37230.0 days/days; walltime: 0.2
36905.0/37230.0 days/days; walltime: 0.3
36906.0/37230.0 days/days; walltime: 0.1
36907.0/37230.0 days/days; walltime: 0.1
--36908.0/37230.0 days/days; walltime: 0.3
36909.0/37230.0 days/days; walltime: 0.1
36910.0/37230.0 days/days; walltime: 0.1
36911.0/37230.0 days/days; walltime: 0.3
36912.0/37230.0 days/days; walltime: 0.1
36913.0/37230.0 days/days; walltime: 0.1
--36914.0/37230.0 days/days; walltime: 1.9
36915.0/37230.0 days/days; walltime: 0.4
36916.0/37230.0 days/days; walltime: 0.2
36917.0/37230.0 days/days; walltime: 0.2
36918.0/37230.0 days/days; walltime: 0.3
36919.0/37230.0 days/days; walltime: 0.3
36920.0/37230.0 days/days; walltime: 1.7
36921.0/37230.0 days/days; walltime: 0.5
36922.0/37230.0 days/days; walltime: 0.4
-36923.0/37230.0 days/days; walltime: 1.8
36924.0/37230.0 days/days; walltime: 0.0
36925.0/37230.0 days/days; walltime: 0.0
36926.0/37230.0 days/days; walltime: 0.0
36927.0/37230.0 days/days; walltime: 0.2
36928.0/37230.0 days/days; walltime: 0.0
36929.0/37230.0 days/days; walltime: 0.0
36930.0/37230.0 days/days; walltime: 0.0
36931.0/37230.0 days/days; walltime: 0.3
36932.0/37230.0 days/days; walltime: 0.1
36933.0/37230.0 days/days; walltime: 0.1
36934.0/37230.0 days/days; walltime: 1.9
36935.0/37230.0 days/days; walltime: 0.2
36936.0/37230.0 days/days; walltime: 0.3
36937.0/37230.0 days/days; walltime: 0.2
36938.0/37230.0 days/days; walltime: 0.3
36939.0/37230.0 days/days; walltime: 0.1
36940.0/37230.0 days/days; walltime: 0.3
36942.0/37230.0 days/days; walltime: 0.1
36943.0/37230.0 days/days; walltime: 0.1
36944.0/37230.0 days/days; walltime: 0.1
36945.0/37230.0 days/days; walltime: 0.1
-36946.0/37230.0 days/days; walltime: 0.1
36947.0/37230.0 days/days; walltime: 0.1
36948.0/37230.0 days/days; walltime: 0.1
36949.0/37230.0 days/days; walltime: 0.1
36950.0/37230.0 days/days; walltime: 0.1
36951.0/37230.0 days/days; walltime: 0.1
36952.0/37230.0 days/days; walltime: 0.2
36953.0/37230.0 days/days; walltime: 0.1
36954.0/37230.0 days/days; walltime: 0.1
36955.0/37230.0 days/days; walltime: 0.1
36956.0/37230.0 days/days; walltime: 0.2
36958.0/37230.0 days/days; walltime: 0.1
36959.0/37230.0 days/days; walltime: 0.1
36960.0/37230.0 days/days; walltime: 0.1
36961.0/37230.0 days/days; walltime: 0.2
36962.0/37230.0 days/days; walltime: 0.1
36963.0/37230.0 days/days; walltime: 0.1
36964.0/37230.0 days/days; walltime: 0.1
36965.0/37230.0 days/days; walltime: 0.2
36966.0/37230.0 days/days; walltime: 0.1
36967.0/37230.0 days/days; walltime: 0.1
36968.0/37230.0 days/days; walltime: 0.1
36969.0/37230.0 days/days; walltime: 0.2
36970.0/37230.0 days/days; walltime: 0.1
36971.0/37230.0 days/days; walltime: 0.1
36972.0/37230.0 days/days; walltime: 0.1
36974.0/37230.0 days/days; walltime: 0.2
36975.0/37230.0 days/days; walltime: 1.8
36976.0/37230.0 days/days; walltime: 0.5
36977.0/37230.0 days/days; walltime: 0.2
--36978.0/37230.0 days/days; walltime: 2.0
36979.0/37230.0 days/days; walltime: 0.1
36980.0/37230.0 days/days; walltime: 1.4
36981.0/37230.0 days/days; walltime: 4.7
36982.0/37230.0 days/days; walltime: 7.4
36983.0/37230.0 days/days; walltime: 14.3
36984.0/37230.0 days/days; walltime: 17.2
36985.0/37230.0 days/days; walltime: 17.9
36986.0/37230.0 days/days; walltime: 21.1
36987.0/37230.0 days/days; walltime: 16.5
36988.0/37230.0 days/days; walltime: 17.7
36989.0/37230.0 days/days; walltime: 19.7
36990.0/37230.0 days/days; walltime: 19.8
36991.0/37230.0 days/days; walltime: 18.2
36992.0/37230.0 days/days; walltime: 20.9
36993.0/37230.0 days/days; walltime: 21.5
36994.0/37230.0 days/days; walltime: 21.4
36995.0/37230.0 days/days; walltime: 20.9
36996.0/37230.0 days/days; walltime: 25.1
36997.0/37230.0 days/days; walltime: 20.8
36998.0/37230.0 days/days; walltime: 22.4
36999.0/37230.0 days/days; walltime: 17.7
37000.0/37230.0 days/days; walltime: 21.4
37001.0/37230.0 days/days; walltime: 18.8
37002.0/37230.0 days/days; walltime: 31.1
37003.0/37230.0 days/days; walltime: 24.7
----37004.0/37230.0 days/days; walltime: 28.9
--37005.0/37230.0 days/days; walltime: 26.1
--37006.0/37230.0 days/days; walltime: 32.7
--37007.0/37230.0 days/days; walltime: 25.2
-37008.0/37230.0 days/days; walltime: 38.5
--37009.0/37230.0 days/days; walltime: 43.0
----37010.0/37230.0 days/days; walltime: 44.2
------------37011.0/37230.0 days/days; walltime: 55.7
37012.0/37230.0 days/days; walltime: 64.5
-------37013.0/37230.0 days/days; walltime: 57.5
---------37014.0/37230.0 days/days; walltime: 54.1
----------37015.0/37230.0 days/days; walltime: 73.7
----------37016.0/37230.0 days/days; walltime: 57.4
-----37017.0/37230.0 days/days; walltime: 81.4
---------------------------------37018.0/37230.0 days/days; walltime: 76.7
-------37019.0/37230.0 days/days; walltime: 41.2
----------------37020.0/37230.0 days/days; walltime: 57.3
------------37021.0/37230.0 days/days; walltime: 150.9
------------------------37022.0/37230.0 days/days; walltime: 77.2
------------------37023.0/37230.0 days/days; walltime: 119.4
--------37024.0/37230.0 days/days; walltime: 51.6
--------37025.0/37230.0 days/days; walltime: 68.3
----------------37026.0/37230.0 days/days; walltime: 91.3
----------------------------------37027.0/37230.0 days/days; walltime: 91.6
----------37028.0/37230.0 days/days; walltime: 129.6
---------------------37029.0/37230.0 days/days; walltime: 69.2
----------------37030.0/37230.0 days/days; walltime: 48.9
---------------37031.0/37230.0 days/days; walltime: 61.4
---------37032.0/37230.0 days/days; walltime: 64.7
-----------37033.0/37230.0 days/days; walltime: 77.1
-----------------37034.0/37230.0 days/days; walltime: 60.8
-------------37035.0/37230.0 days/days; walltime: 82.2
-------------------------37036.0/37230.0 days/days; walltime: 111.1
---------------------------37037.0/37230.0 days/days; walltime: 54.1
-----------37038.0/37230.0 days/days; walltime: 50.0
--------------------------37039.0/37230.0 days/days; walltime: 84.6
-----37040.0/37230.0 days/days; walltime: 58.1
---37041.0/37230.0 days/days; walltime: 55.0
-------------------37042.0/37230.0 days/days; walltime: 191.6
---------------37043.0/37230.0 days/days; walltime: 67.1
--------37044.0/37230.0 days/days; walltime: 58.4
--37045.0/37230.0 days/days; walltime: 103.7
----37046.0/37230.0 days/days; walltime: 35.3
----37047.0/37230.0 days/days; walltime: 39.4
----------------37048.0/37230.0 days/days; walltime: 119.0
------37049.0/37230.0 days/days; walltime: 63.2
-------37050.0/37230.0 days/days; walltime: 103.2
-------37051.0/37230.0 days/days; walltime: 182.0
--------------------37052.0/37230.0 days/days; walltime: 64.4
----37053.0/37230.0 days/days; walltime: 70.9
------37054.0/37230.0 days/days; walltime: 68.7
------37055.0/37230.0 days/days; walltime: 78.5
-------37056.0/37230.0 days/days; walltime: 115.0
-------37057.0/37230.0 days/days; walltime: 89.1
--37058.0/37230.0 days/days; walltime: 68.0
-------------37059.0/37230.0 days/days; walltime: 67.8
--37060.0/37230.0 days/days; walltime: 86.9
----37061.0/37230.0 days/days; walltime: 187.9
------37062.0/37230.0 days/days; walltime: 96.4
----37063.0/37230.0 days/days; walltime: 28.9
------37064.0/37230.0 days/days; walltime: 112.8
37065.0/37230.0 days/days; walltime: 27.1
------------37066.0/37230.0 days/days; walltime: 57.4
--37067.0/37230.0 days/days; walltime: 28.6
--------37068.0/37230.0 days/days; walltime: 66.3
37069.0/37230.0 days/days; walltime: 36.7
37070.0/37230.0 days/days; walltime: 23.2
----37071.0/37230.0 days/days; walltime: 31.7
37072.0/37230.0 days/days; walltime: 26.2
37073.0/37230.0 days/days; walltime: 6.9
----37074.0/37230.0 days/days; walltime: 30.6
--37075.0/37230.0 days/days; walltime: 31.1
37076.0/37230.0 days/days; walltime: 24.7
--37077.0/37230.0 days/days; walltime: 10.2
37078.0/37230.0 days/days; walltime: 10.3
37079.0/37230.0 days/days; walltime: 18.6
37080.0/37230.0 days/days; walltime: 20.4
37081.0/37230.0 days/days; walltime: 14.1
37082.0/37230.0 days/days; walltime: 9.2
37083.0/37230.0 days/days; walltime: 12.9
37084.0/37230.0 days/days; walltime: 15.1
37085.0/37230.0 days/days; walltime: 12.9
37086.0/37230.0 days/days; walltime: 16.6
37087.0/37230.0 days/days; walltime: 12.5
37088.0/37230.0 days/days; walltime: 7.1
37089.0/37230.0 days/days; walltime: 16.6
37090.0/37230.0 days/days; walltime: 14.6
37091.0/37230.0 days/days; walltime: 13.1
37092.0/37230.0 days/days; walltime: 26.3
37093.0/37230.0 days/days; walltime: 13.5
37094.0/37230.0 days/days; walltime: 14.5
37095.0/37230.0 days/days; walltime: 12.9
37096.0/37230.0 days/days; walltime: 19.6
37097.0/37230.0 days/days; walltime: 13.7
37098.0/37230.0 days/days; walltime: 14.9
37099.0/37230.0 days/days; walltime: 15.6
37100.0/37230.0 days/days; walltime: 15.9
37101.0/37230.0 days/days; walltime: 14.5
37102.0/37230.0 days/days; walltime: 14.5
37103.0/37230.0 days/days; walltime: 15.0
37104.0/37230.0 days/days; walltime: 14.6
37105.0/37230.0 days/days; walltime: 14.3
37106.0/37230.0 days/days; walltime: 13.8
37107.0/37230.0 days/days; walltime: 14.2
37108.0/37230.0 days/days; walltime: 15.7
37109.0/37230.0 days/days; walltime: 12.6
37110.0/37230.0 days/days; walltime: 10.2
37111.0/37230.0 days/days; walltime: 10.9
37112.0/37230.0 days/days; walltime: 28.7
37113.0/37230.0 days/days; walltime: 8.9
37114.0/37230.0 days/days; walltime: 5.6
37115.0/37230.0 days/days; walltime: 7.4
37116.0/37230.0 days/days; walltime: 1.7
37117.0/37230.0 days/days; walltime: 1.4
37118.0/37230.0 days/days; walltime: 1.2
37119.0/37230.0 days/days; walltime: 1.5
37120.0/37230.0 days/days; walltime: 1.2
37121.0/37230.0 days/days; walltime: 3.8
37122.0/37230.0 days/days; walltime: 0.8
37123.0/37230.0 days/days; walltime: 0.8
37124.0/37230.0 days/days; walltime: 0.8
37125.0/37230.0 days/days; walltime: 10.5
37126.0/37230.0 days/days; walltime: 0.8
37127.0/37230.0 days/days; walltime: 0.8
37128.0/37230.0 days/days; walltime: 1.0
37129.0/37230.0 days/days; walltime: 0.6
37130.0/37230.0 days/days; walltime: 0.7
37131.0/37230.0 days/days; walltime: 0.7
37132.0/37230.0 days/days; walltime: 0.7
37133.0/37230.0 days/days; walltime: 2.0
37134.0/37230.0 days/days; walltime: 0.7
37135.0/37230.0 days/days; walltime: 0.6
37136.0/37230.0 days/days; walltime: 0.6
37137.0/37230.0 days/days; walltime: 0.8
37138.0/37230.0 days/days; walltime: 0.6
37139.0/37230.0 days/days; walltime: 0.6
37140.0/37230.0 days/days; walltime: 0.6
37141.0/37230.0 days/days; walltime: 0.7
37142.0/37230.0 days/days; walltime: 0.6
37143.0/37230.0 days/days; walltime: 0.7
37144.0/37230.0 days/days; walltime: 0.4
37145.0/37230.0 days/days; walltime: 0.5
37146.0/37230.0 days/days; walltime: 0.9
37147.0/37230.0 days/days; walltime: 0.5
37148.0/37230.0 days/days; walltime: 0.4
37149.0/37230.0 days/days; walltime: 1.9
37150.0/37230.0 days/days; walltime: 0.6
37151.0/37230.0 days/days; walltime: 0.6
37152.0/37230.0 days/days; walltime: 0.3
37153.0/37230.0 days/days; walltime: 0.3
37154.0/37230.0 days/days; walltime: 0.3
37155.0/37230.0 days/days; walltime: 0.5
37156.0/37230.0 days/days; walltime: 0.4
37157.0/37230.0 days/days; walltime: 0.3
37158.0/37230.0 days/days; walltime: 0.3
37159.0/37230.0 days/days; walltime: 1.7
37160.0/37230.0 days/days; walltime: 0.6
37161.0/37230.0 days/days; walltime: 0.3
37162.0/37230.0 days/days; walltime: 0.3
37163.0/37230.0 days/days; walltime: 0.5
37164.0/37230.0 days/days; walltime: 0.4
37165.0/37230.0 days/days; walltime: 0.3
37166.0/37230.0 days/days; walltime: 0.3
37167.0/37230.0 days/days; walltime: 0.3
37168.0/37230.0 days/days; walltime: 0.3
37169.0/37230.0 days/days; walltime: 0.4
37170.0/37230.0 days/days; walltime: 0.3
37171.0/37230.0 days/days; walltime: 0.4
37172.0/37230.0 days/days; walltime: 2.0
37173.0/37230.0 days/days; walltime: 0.5
37174.0/37230.0 days/days; walltime: 0.3
37175.0/37230.0 days/days; walltime: 0.3
37176.0/37230.0 days/days; walltime: 0.2
37177.0/37230.0 days/days; walltime: 0.1
37178.0/37230.0 days/days; walltime: 0.2
37179.0/37230.0 days/days; walltime: 1.6
37180.0/37230.0 days/days; walltime: 0.3
37181.0/37230.0 days/days; walltime: 1.7
37182.0/37230.0 days/days; walltime: 0.4
37183.0/37230.0 days/days; walltime: 1.9
37184.0/37230.0 days/days; walltime: 0.3
37185.0/37230.0 days/days; walltime: 0.2
37186.0/37230.0 days/days; walltime: 0.1
37187.0/37230.0 days/days; walltime: 0.3
37188.0/37230.0 days/days; walltime: 0.3
37189.0/37230.0 days/days; walltime: 0.1
37190.0/37230.0 days/days; walltime: 0.3
37191.0/37230.0 days/days; walltime: 0.2
37192.0/37230.0 days/days; walltime: 0.1
37193.0/37230.0 days/days; walltime: 1.9
37194.0/37230.0 days/days; walltime: 0.3
37195.0/37230.0 days/days; walltime: 0.2
37196.0/37230.0 days/days; walltime: 0.3
37197.0/37230.0 days/days; walltime: 0.3
37198.0/37230.0 days/days; walltime: 0.1
37199.0/37230.0 days/days; walltime: 0.2
37200.0/37230.0 days/days; walltime: 1.4
37201.0/37230.0 days/days; walltime: 1.6
37202.0/37230.0 days/days; walltime: 0.3
37203.0/37230.0 days/days; walltime: 0.2
37204.0/37230.0 days/days; walltime: 0.3
37205.0/37230.0 days/days; walltime: 0.4
37206.0/37230.0 days/days; walltime: 0.1
37207.0/37230.0 days/days; walltime: 1.6
37208.0/37230.0 days/days; walltime: 0.5
37209.0/37230.0 days/days; walltime: 0.4
37210.0/37230.0 days/days; walltime: 0.2
37211.0/37230.0 days/days; walltime: 1.4
37212.0/37230.0 days/days; walltime: 0.1
37213.0/37230.0 days/days; walltime: 0.1
37214.0/37230.0 days/days; walltime: 0.1
37215.0/37230.0 days/days; walltime: 0.4
37216.0/37230.0 days/days; walltime: 0.4
37217.0/37230.0 days/days; walltime: 0.2
37218.0/37230.0 days/days; walltime: 0.3
37219.0/37230.0 days/days; walltime: 0.1
37220.0/37230.0 days/days; walltime: 0.1
37221.0/37230.0 days/days; walltime: 0.1
37222.0/37230.0 days/days; walltime: 0.2
37223.0/37230.0 days/days; walltime: 0.1
37224.0/37230.0 days/days; walltime: 0.1
37225.0/37230.0 days/days; walltime: 1.8
-37226.0/37230.0 days/days; walltime: 0.5
--37227.0/37230.0 days/days; walltime: 0.1
37228.0/37230.0 days/days; walltime: 0.1
37229.0/37230.0 days/days; walltime: 0.2
37230.0/37230.0 days/days; walltime: 0.2
Wallclock for model run: 12264.2s
 

fields = 

  struct with fields:

    nodes: [1x1 struct]
    edges: [1x1 struct]
       BC: [1x1 struct]

No cases left; exiting.
