Case 1:
Picked up JAVA_TOOL_OPTIONS: -Xmx2g
Opening log file:  /tmp/java.log.26015

                            < M A T L A B (R) >
                  Copyright 1984-2022 The MathWorks, Inc.
                  R2022a (9.12.0.1884302) 64-bit (glnxa64)
                             February 16, 2022

 
To get started, type doc.
For product information, visit www.mathworks.com.
 

config = 

  struct with fields:

                 k_s: 0.0138
                 l_c: 10
            n_moulin: 68
    creep_const_soft: 0
             mesh_nr: 4
                 k_c: 0.1500
               h_bed: 0.5000
               l_bed: 10
               alpha: 1.2500
                beta: 1.5000
               omega: 0

Running model run (ode15s):
Run to steady
Saving model run to
./RUN/output_101_steady.nc
Fields, IC & BC initialised
Initial phi calculated in 4.1s
0.0/36500.0 days/days; walltime: 20.3
-----------------------------------------------------------------------------------------------------------------------------------------------------------------------------------------------------------------------------------------------------------------------------------------------------------------------------------------------------------------------------------------------------------------------------------------------------------------------------------------------------------------------------------------------------------------------------------------------------------------------------------------------------------------------------------------------------------------------------------------------------------------------------------------------------------------------------------------------------------------------------------------------------------------------------------------------------------------------------------------------------------------------------------------------------------------------------------------------------------------------------------------------------------------------------------------------------------------------------------------------------------------------------------------------------------------------------------------------------------------------------------------------------------------------------------------------------------------------------------------------------------------------------------------------------------------------------------------------------------------------------------------------------------------------------------------------------------------------------------------------------------------------------------------------------------------------------------------------------------------------------------------------------------------------------------------------------------------------------------------------------------------------------------------------------------------------------------------------------------------------------------------------------------------------------------------------------------------------------------------------------------------------------------------------------------------------------------------------------------------------------------------------------------------------------------------------------------------------------------------------------------------------------------------------------------------------------------------------------------------------------------------------------------------------------------------------------------------------------------------------------------------------------------------------------------------------------------------------------------------------------------------------------------------------------------------------------------------------------------------------------------------------------------------------------------------------------------------------------------------------------------------------------------------------------------------------------------------------------------------------------------------------------------------------------------------------------------------------------------------------------------------------------------------------------------------------------------------------------------------------------------------------------------------------------------------------------------------------------------------------------------------------------------------------------------------------------------------------------------------------1825.0/36500.0 days/days; walltime: 290.6
--------------------3650.0/36500.0 days/days; walltime: 1.6
---5475.0/36500.0 days/days; walltime: 0.2
-----------------------------------------------------------------------7300.0/36500.0 days/days; walltime: 4.6
----------------------------------------------------------------------------------------------------------------------------------------------------------------------------------------------------------9125.0/36500.0 days/days; walltime: 14.1
------------------------------------------------------------------------------------------------------------------------------------------------------------------------------------------------------------------------------------------------------------------------------------------------------------------------------------------------------------------------------------------------------------------------------------------------------------------------------------------------------------------------------------------------------------------------------------------------------------------------------------------------------------------------------------------------------------------------------------------------------------------------------------------------------------------------------------------------------------------------------------------------------------------------------------------------------------------------------------------------------------------------------------------------------------------------------------------------------------------------------------------------------------------------------------------------------------------------------------------------------------------------------------------------------------------------------------------------------------------------------------------------------------------------------------------------------------------------------------------------------------------------------------------------------------------------------------------------------------------------------------------------------------------------------------------------------------------------------------------------------------------------------------------------------------------------------------------------------------------------------------------------------------------------------------------------------------------------------------------------------------------------------------------------------------------------------------------------------------------------------------------------------------------------------------------------------------------------------------------------------------------------------------------------------------------------------------------------------------------------------------------------------------------------------------------------------------------------------------------------------------------------------------------------------------------------------------------------------------------------------------------------------------------------------------------------------------------------------------------------------------------------------------------------------------------------------------------------------------------------------------------------------------------------------------------------------------------------------------------------------------------------------------------------------------------------------------------------------------------------------------------------------------------------------------------------------------------------------------------------------------------------------------------------------------------------------------------------------------------------------------------------------------------------------------------------------------------------------------------------------------------------------------------------------------------------------------------------------------------------------------------------------------------------------------------------------------------------------------------------------------------------------------------------------------------------------------------------------------------------------------------------------------------------------------------------------------------------------------------------------------------------------------------------------------------------------------------------------------------------------------------------------------------------------------------------------------------------------------------------------------------------------------------------------------------------------------------------------------------------------------------------------------------------------------------------------------------------------------------------------------------------------------------------------------------------------------------------------------------------------------------------------------------------------------------------------------------------------------------------------------------------------------------------------------------------------------------------------------------------------------------------------------------------------------------------------------------------------------------------------------------------------------------------------------------------------------------------------------------------------------------------------------------------------------------------------------------------------------------------------------------------------------------------------------------------------------------------------------------------------------------------------------------------------------------------------------------------------------------------------------------------------------------------------------------------------------------------------------------------------------------------------------------------------------------------------------------------------------------------------------------------------------------------------------------------------------------------------------------------------------------------------------------------------------------------------------------------------------------------------------------------------------------------------------------------------------------------------------------------------------------------------------------------------------------------------------------------------------------------------------------------------------------------------------------------------------------------------------------------------------------------------------------------------------------------------------------------------------------------------------------------------------------------------------------------------------------------------------------------------------------------------------------------------------------------------------------------------------------------------------------------------------------------------------------------------------------------------------------------------------------------------------------------------------------------------------------------------------------------------------------------------------------------------------------------------------------------------------------------------------------------------------------------------------------------------------------------------------------------------------------------------------------------------------------------------------------------------------------------------------------------------------------------------------------------------------------------------------------------------------------------------------------------------------------------------------------------------------------------------------------------------------------------------------------------------------------------------------------------------------------------------------------------------------------------------------------------------------------------------------------------------------------------------------------------------------------------------------------------------------------------------------------------------------------------------------------------------------------------------------------------------------------------------------------------------------------------------------------------------------------------------------------------------------------------------------------------------------------------------------------------------------------------------------------------------------------------------------------------------------------------------------------------------------------------------------------------------------------------------------------------------------------------------------------------------------------------------------------------------------------------------------------------------------------------------------------------------------------------------------------------------------------------------------------------------10950.0/36500.0 days/days; walltime: 571.6
-----------------------------------------------------------------------------------------------------------------------------------------------------------------------------------------------------------------------------------------------------------------------------------------------------------------------------------------------------------------------------------------------------------------------------------------------------------------------------------------------------------------------------------------------------------------------------------------------------------------------------------------------------------------------------------------------------------------------------------------------------------------------------------------------------------------------------------------------------------------------------------------------------------------------------------------------------------------------------------------------------------------------------------------------------------------------------------------------------------------------------------------------------------------------------------------------------------------------------------------------------------------------------------------------------------------------------------------------------------------------------------------------------------------------------------------------------------------------------------------------------------------------------------------------------------------------------------------------------------------------------------------------------------------------------------------------------------------------------------------------------------------------------------------------------------------------------------------------------------------------------------------------------------------------------------------------------------------------------------------------------------------------------------------------------------------------------------------------------------------------------------------------------------------------------------------------------------------------------------------------------------------------------------------------------------------------------------------------------------------------------------------------------------------------------------------------------------------------------------------------------------------------------------------------------------------------------------------------------------------------------------------------------------------------------------------------------------------------------------------------------------------------------------------------------------------------------------------------------------------------------------------------------------------------------------------------------------------------------------------------------------------------------------------------------------------------------------------------------------------------------------------------------------------------------------------------------------------------------------------------------------------------------------------------------------------------------------------------------------------------------------------------------------------------------------------------------------------------------------------------------------------------------------------------------------------------------------------------------------------------------------------------------------------------------------------------------------------------------------------------------------------------------------------------------------------------------------------------------------------------------------------------------------------------------------------------------------------------------------------------------------------------------------------------------------------------------------------------------------------------------------------------------------------------------------------------------------------------------------------------------------------------------------------------------------------------------------------------------------------------------------------------------------------------------------------------------------------------------------------------------------------------------------------------------------------------------------------------------------------------------------------------------------------------------------------------------------------------------------------------------------------------------------------------------------------------------------------------------------------------------------------------------------------------------------------------------------------------------------------------------------------------------------------------------------------------------------------------------------------------------------------------------------------------------------------------------------------------------------------------------------------------------------------------------------------------------------------------------------------------------------------------------------------------------------------------------------------------------------------------------------------------------------------------------------------------------------------------------------------------------------------------------------------------------------------------------------------------------------------------------------------------------------------------------------------------------------------------------------------------------------------------------------------------------------------------------------------------------------------------------------------------------------------------------------------------------------------------------------------------------------------------------------------------------------------------------------------------------------------------------------------------------------------------------------------------------------------------------------------------------------------------------------------------------------------------------------------------------------------------------------------------------------------------------------------------------------------------------------------------------------------------------------------------------------------------------------------------------------------------------------------------------------------------------------------------------------------------------------------------------------------------------------------------------------------------------------------------------------------------------------------------------------------------------------------------------------------------------------------------------------------------------------------------------------------------------------------------------------------------------------------------------------------------------------------------------------------------------------------------------------------------------------------------------------------------------------------------------------------------------------------------------------------------------------------------------------------------------------------------------------------------------------------------------------------------------------------------------------------------------------------------------------------------------------------------------------------------------------------------------------------------------------------------------------------------------------------------------------------------------------------------------------------------------------------------------------------------------------------------------------------------------------------------------------------------------------------------------------------------------------------------------------------------------------------------------------------------------------------------------------------------------------------------------------------------------------------------------------------------------------------------------------------------------------------------------------------------------------------------------------------------------------------------------------------------------------------------------------------------------------------------------------------------------------------------------------------------------------------------------------------------------------------------------------------------------------------------------------------------------------------------------------------------------------------------------------------------------------------------------------------------------------------------------------------------------------------------------------------------------------------------------------------------------------------------------------------------------------------------------------------------------------------------------------------------------------------------------------------------------------------------------------------------------------------------------------------------------------------------------------------------------------------------------------------------------------------------------------------------------------------------------------------------------------------------------------------------------------------------------------------------------------------------------------------------------------------------------------------------------------------------------------------------------------------------------------------------------------------------------------------------------------------------------------------------------------------------------------------------------------------------------------------------------------------------------------------------------------------------------------------------------------------------------------------------------------------------------------------------------------------------------------------------------------------------------------------------------------------------------------------------------------------------------------------------------------------------------------------------------------------------------------------------------------------------------------------------------------------------------------------------------------------------------------------------------------------------------------------------------------------------------------------------------------------------------------------------------------------------------------------------------------------------------------------------------------------------------------------------------------------------------------------------------------------------------------------------------------------------------------------------------------------------------------------------------------------------------------------------------------------------------------------------------------------------------------------------------------------------------------------------------------------------------------------------------------------------------------------------------------------------------------------------------------------------------------------------------------------------------------------------------------------------------------------------------------------------------------------------------------------------------------------------------------------------------------------------------------------------------------------------------------------------------------------------------------------------------------------------------------------------------------------------------------------------------------------------------------------------------------------------------------------------------------------------------------------------------------------------------------------------------------------------------------------------------------------------------------------------------------------------------------------------------------------------------------------------------------------------------------------------------------------------------------------------------------------------------------------------------------------------------------------------------------------------------------------------------------------------------------------------------------------------------------------------------------------------------------------------------------------------------------------------------------------------------------------------------------------------------------------------------------------------------------------------------------------------------------------------------------------------------------------------------------------------------------------------------------------------------------------------------------------------------------------------------------------------------------------------------------------------------------------------------------------------------------------------------------------------------------------------------------------------------------------------------------------------------------------------------------------------------------------------------------------------------------------------------------------------------------------------------------------------------------------------------------------------------------------------------------------------------------------------------------------------------------------------------------------------------------------------------------------------------------------------------------------------------------------------------------------------------------------------------------------------------------------------------------------------12775.0/36500.0 days/days; walltime: 901.6
------------------------------------------------------------------------------------------------------------------------------------------------------------------------------------------------------------------------------------------------------------------------------------------------------------------------------------------------------------------------------------------------------------------------------------------------------------------------------------------------------------------------------------------------------------------------------------------------------------------------------------------------------------------------------------------------------------------------------------------------------------------------------------------------------------------------------------14600.0/36500.0 days/days; walltime: 600.5
-------------------------------------------------------------------------------------------------------------------------------------------------------------------------------------------------------------------------------------------------------------------------16425.0/36500.0 days/days; walltime: 437.3
--------------------------------------------------------------------18250.0/36500.0 days/days; walltime: 284.3
---------------------------------------------------------------------------------------------------------------------------------------------------------------------------------------------------------------------------------------------------------------------------------------------------------------------------------------------------------------------------------------------------------------------------------------------------------------------------------20075.0/36500.0 days/days; walltime: 96.1
21900.0/36500.0 days/days; walltime: 5.5
23725.0/36500.0 days/days; walltime: 2.0
25550.0/36500.0 days/days; walltime: 1.0
27375.0/36500.0 days/days; walltime: 0.6
29200.0/36500.0 days/days; walltime: 0.4
31025.0/36500.0 days/days; walltime: 0.2
32850.0/36500.0 days/days; walltime: 0.3
Wallclock for model run: 3237.1s
 

fields = 

  struct with fields:

    nodes: [1x1 struct]
    edges: [1x1 struct]
       BC: [1x1 struct]

Running model run (ode15s):
Run seasonal
Saving model run to
./RUN/output_101_seasonal.nc
IC initialised from struct
IC initialised from file/given & rest from parameters and given functions
36500.0/37230.0 days/days; walltime: 14.7
36501.0/37230.0 days/days; walltime: 107.7
36502.0/37230.0 days/days; walltime: 4.8
36503.0/37230.0 days/days; walltime: 5.2
36504.0/37230.0 days/days; walltime: 11.9
36505.0/37230.0 days/days; walltime: 6.7
36506.0/37230.0 days/days; walltime: 12.8
36507.0/37230.0 days/days; walltime: 11.5
36508.0/37230.0 days/days; walltime: 1.7
36509.0/37230.0 days/days; walltime: 1.6
36510.0/37230.0 days/days; walltime: 3.1
36511.0/37230.0 days/days; walltime: 1.3
36512.0/37230.0 days/days; walltime: 1.4
36513.0/37230.0 days/days; walltime: 1.5
36514.0/37230.0 days/days; walltime: 1.4
36515.0/37230.0 days/days; walltime: 6.2
36516.0/37230.0 days/days; walltime: 0.5
36517.0/37230.0 days/days; walltime: 0.7
36518.0/37230.0 days/days; walltime: 0.8
36519.0/37230.0 days/days; walltime: 0.7
-36520.0/37230.0 days/days; walltime: 0.5
36521.0/37230.0 days/days; walltime: 0.8
36522.0/37230.0 days/days; walltime: 0.8
36523.0/37230.0 days/days; walltime: 0.6
------------------------------------------------36524.0/37230.0 days/days; walltime: 4.1
--------36525.0/37230.0 days/days; walltime: 0.5
---------36526.0/37230.0 days/days; walltime: 0.5
----------36527.0/37230.0 days/days; walltime: 0.7
-------36528.0/37230.0 days/days; walltime: 0.4
--------36529.0/37230.0 days/days; walltime: 0.5
-------36530.0/37230.0 days/days; walltime: 0.4
------36531.0/37230.0 days/days; walltime: 0.4
-------36532.0/37230.0 days/days; walltime: 0.4
--------36533.0/37230.0 days/days; walltime: 0.5
--------36534.0/37230.0 days/days; walltime: 0.5
------36535.0/37230.0 days/days; walltime: 0.4
-----36536.0/37230.0 days/days; walltime: 0.3
--------36537.0/37230.0 days/days; walltime: 0.5
------36538.0/37230.0 days/days; walltime: 0.4
--------36539.0/37230.0 days/days; walltime: 0.5
----------------------------------------36540.0/37230.0 days/days; walltime: 1.8
------------------------------------------36541.0/37230.0 days/days; walltime: 2.0
-----36542.0/37230.0 days/days; walltime: 0.3
----36543.0/37230.0 days/days; walltime: 0.3
---36544.0/37230.0 days/days; walltime: 0.1
----36545.0/37230.0 days/days; walltime: 0.3
---36546.0/37230.0 days/days; walltime: 0.2
---36547.0/37230.0 days/days; walltime: 0.1
----36548.0/37230.0 days/days; walltime: 0.3
---36549.0/37230.0 days/days; walltime: 0.2
---36550.0/37230.0 days/days; walltime: 0.1
---36551.0/37230.0 days/days; walltime: 0.2
----36552.0/37230.0 days/days; walltime: 0.3
--36553.0/37230.0 days/days; walltime: 0.1
---36554.0/37230.0 days/days; walltime: 0.2
---36555.0/37230.0 days/days; walltime: 0.1
---36556.0/37230.0 days/days; walltime: 0.2
--36557.0/37230.0 days/days; walltime: 0.1
---36558.0/37230.0 days/days; walltime: 0.2
----36559.0/37230.0 days/days; walltime: 0.3
--36560.0/37230.0 days/days; walltime: 0.1
---36561.0/37230.0 days/days; walltime: 0.2
--36562.0/37230.0 days/days; walltime: 0.1
---36563.0/37230.0 days/days; walltime: 0.2
--36564.0/37230.0 days/days; walltime: 0.1
---36565.0/37230.0 days/days; walltime: 0.2
----36566.0/37230.0 days/days; walltime: 0.2
----36567.0/37230.0 days/days; walltime: 0.3
--36568.0/37230.0 days/days; walltime: 0.1
----36569.0/37230.0 days/days; walltime: 0.2
----36570.0/37230.0 days/days; walltime: 0.3
----36571.0/37230.0 days/days; walltime: 0.2
---------------------------------------36572.0/37230.0 days/days; walltime: 1.8
--36573.0/37230.0 days/days; walltime: 0.1
----36574.0/37230.0 days/days; walltime: 0.3
----36575.0/37230.0 days/days; walltime: 0.2
--36576.0/37230.0 days/days; walltime: 0.1
---36577.0/37230.0 days/days; walltime: 0.2
--36578.0/37230.0 days/days; walltime: 0.1
--36579.0/37230.0 days/days; walltime: 0.2
--36580.0/37230.0 days/days; walltime: 0.1
-36581.0/37230.0 days/days; walltime: 0.0
---36582.0/37230.0 days/days; walltime: 0.2
-36583.0/37230.0 days/days; walltime: 0.0
-36584.0/37230.0 days/days; walltime: 0.0
---36585.0/37230.0 days/days; walltime: 0.2
-36586.0/37230.0 days/days; walltime: 0.0
---36587.0/37230.0 days/days; walltime: 0.2
-36588.0/37230.0 days/days; walltime: 0.0
-36589.0/37230.0 days/days; walltime: 0.0
-36590.0/37230.0 days/days; walltime: 0.0
---36591.0/37230.0 days/days; walltime: 0.2
-36592.0/37230.0 days/days; walltime: 0.0
-36593.0/37230.0 days/days; walltime: 0.0
--36594.0/37230.0 days/days; walltime: 0.2
--36595.0/37230.0 days/days; walltime: 0.1
-36596.0/37230.0 days/days; walltime: 0.0
--36597.0/37230.0 days/days; walltime: 0.2
-36598.0/37230.0 days/days; walltime: 0.0
-36599.0/37230.0 days/days; walltime: 0.0
-36600.0/37230.0 days/days; walltime: 0.0
---36601.0/37230.0 days/days; walltime: 0.2
-36602.0/37230.0 days/days; walltime: 0.0
-36603.0/37230.0 days/days; walltime: 0.0
--36604.0/37230.0 days/days; walltime: 0.2
-36605.0/37230.0 days/days; walltime: 0.0
-36606.0/37230.0 days/days; walltime: 0.0
-36607.0/37230.0 days/days; walltime: 0.0
--36608.0/37230.0 days/days; walltime: 0.2
-36609.0/37230.0 days/days; walltime: 0.0
-36610.0/37230.0 days/days; walltime: 0.0
-36611.0/37230.0 days/days; walltime: 0.0
--36612.0/37230.0 days/days; walltime: 0.2
-36613.0/37230.0 days/days; walltime: 0.0
-36614.0/37230.0 days/days; walltime: 0.0
-36615.0/37230.0 days/days; walltime: 0.0
-----------------------------------------------------------------------------------------36616.0/37230.0 days/days; walltime: 4.2
-----------------------------------------------------------36617.0/37230.0 days/days; walltime: 2.8
--------------------------------------------------------------------36618.0/37230.0 days/days; walltime: 3.4
-------------------------------------------------------------------------------------------------------------36619.0/37230.0 days/days; walltime: 5.4
-----------------------------------------------------------------------------------------------------------------------------------------------------------------------------------------------36620.0/37230.0 days/days; walltime: 10.0
------------------------------------------------------------------------------------------------------------------------------------------------------------------------------------------------------------------------------------------------------------------------------------------------36621.0/37230.0 days/days; walltime: 14.6
--------------------------------------------------------------------------------------------------------------------------------------------------------------------------------------------------------------------------------------------------------------------------------------------------------------36622.0/37230.0 days/days; walltime: 15.7
-------------------------------------------------------------------------------------------------------------------------------------------------------------------------------------------------------------------------------------------------------------------------------------------------------------------------------------------------------------------------------------------------------------------------------------------------------------------------------36623.0/37230.0 days/days; walltime: 23.9
---------------------------------------------------------------------------------------------------------------------------------------------------------------------------------------------------------------------------------------------------------------------------------------------------------------------------------------------------------------------------------------------------------------------------------------------------------------------------36624.0/37230.0 days/days; walltime: 24.6
----------------------------------------------------------------------------------------------------------------------------------------------------------------------------------------------------------------------------------------------------------------------------------------------------------------------------------------------------------------------------------------------------------------------------------------------------------------------------36625.0/37230.0 days/days; walltime: 24.4
-----------------------------------------------------------------------------------------------------------------------------------------------------------------------------------------------------------------------------------------------------------------------------------------------------------------------------------------------------------------------------------------------------------------------------------------------------------------------------------------------------------------------------------------------------------------------------------------------------------------------------------------------------------------------------------------------------------------------------------------------36626.0/37230.0 days/days; walltime: 36.6
-------------------------------------------------------------------------------------------------------------------------------------------------------------------------------------------------------------------------------------------------------------------------------------------------------------------------------------------------------------------------------------------------------------------------------------------------------------------------------------------------------------------------------------------------36627.0/37230.0 days/days; walltime: 27.2
-----------------------------------------------------------------------------------------------------------------------------------------------------------------------------------------------------------------------------------------------------------------------------------------------------------------------------------------------------------------------------------------------------------------------------------------------------------------------------------------------------------------------------------------------------------------------------------------------------------------------------36628.0/37230.0 days/days; walltime: 30.3
----------------------------------------------------------------------------------------------------------------------------------------------------------------------------------------------------------------------------------------------------------------------------------------------------------------------------------------------------------------------------------------------------------------------------------------------------------------------------------------------------------------------------------------------------------------------------------------------------------------------------------------------------------------------------------------------------------------------------------------------------------------------------------------------------------------------------------------------------------------------------------------------------------------36629.0/37230.0 days/days; walltime: 45.1
-----------------------------------------------------------------------------------------------------------------------------------------------------------------------------------------------------------------------------------------------------------------------------------------------------------------------------------------------------------------------------------------------------------------------------------------------------------------------------------------------------------------------------------------------------------------------------------------------------------------------------------------------------------------------------------------------------------------------------------------------------------------------------------------------------------------------------------------------------------------36630.0/37230.0 days/days; walltime: 43.7
---------------------------------------------------36631.0/37230.0 days/days; walltime: 44.1
36632.0/37230.0 days/days; walltime: 42.2
36633.0/37230.0 days/days; walltime: 40.6
36634.0/37230.0 days/days; walltime: 36.9
36635.0/37230.0 days/days; walltime: 37.5
36636.0/37230.0 days/days; walltime: 38.9
36637.0/37230.0 days/days; walltime: 40.1
36638.0/37230.0 days/days; walltime: 40.2
36639.0/37230.0 days/days; walltime: 35.6
36640.0/37230.0 days/days; walltime: 36.1
36641.0/37230.0 days/days; walltime: 34.2
36642.0/37230.0 days/days; walltime: 39.8
36643.0/37230.0 days/days; walltime: 34.9
36644.0/37230.0 days/days; walltime: 32.9
36645.0/37230.0 days/days; walltime: 43.1
36646.0/37230.0 days/days; walltime: 35.6
36647.0/37230.0 days/days; walltime: 34.5
36648.0/37230.0 days/days; walltime: 31.4
36649.0/37230.0 days/days; walltime: 46.3
--36650.0/37230.0 days/days; walltime: 53.0
-36651.0/37230.0 days/days; walltime: 32.4
36652.0/37230.0 days/days; walltime: 11.7
36653.0/37230.0 days/days; walltime: 18.0
36654.0/37230.0 days/days; walltime: 15.9
36655.0/37230.0 days/days; walltime: 17.9
36656.0/37230.0 days/days; walltime: 17.6
36657.0/37230.0 days/days; walltime: 18.5
36658.0/37230.0 days/days; walltime: 16.5
36659.0/37230.0 days/days; walltime: 13.2
36660.0/37230.0 days/days; walltime: 80.1
36661.0/37230.0 days/days; walltime: 22.9
36662.0/37230.0 days/days; walltime: 16.9
--36663.0/37230.0 days/days; walltime: 38.9
36664.0/37230.0 days/days; walltime: 28.7
36665.0/37230.0 days/days; walltime: 50.7
36666.0/37230.0 days/days; walltime: 21.6
36667.0/37230.0 days/days; walltime: 18.8
36668.0/37230.0 days/days; walltime: 21.7
36669.0/37230.0 days/days; walltime: 32.2
--36670.0/37230.0 days/days; walltime: 35.3
--36671.0/37230.0 days/days; walltime: 38.8
--36672.0/37230.0 days/days; walltime: 19.9
36673.0/37230.0 days/days; walltime: 13.2
----36674.0/37230.0 days/days; walltime: 17.6
36675.0/37230.0 days/days; walltime: 19.0
---36676.0/37230.0 days/days; walltime: 22.4
--36677.0/37230.0 days/days; walltime: 27.7
-----36678.0/37230.0 days/days; walltime: 72.0
----36679.0/37230.0 days/days; walltime: 19.6
36680.0/37230.0 days/days; walltime: 31.0
36681.0/37230.0 days/days; walltime: 12.0
--36682.0/37230.0 days/days; walltime: 70.6
--36683.0/37230.0 days/days; walltime: 23.7
--36684.0/37230.0 days/days; walltime: 16.5
------36685.0/37230.0 days/days; walltime: 24.2
--36686.0/37230.0 days/days; walltime: 29.0
36687.0/37230.0 days/days; walltime: 16.4
36688.0/37230.0 days/days; walltime: 24.0
36689.0/37230.0 days/days; walltime: 26.5
36690.0/37230.0 days/days; walltime: 23.1
--36691.0/37230.0 days/days; walltime: 17.7
--36692.0/37230.0 days/days; walltime: 19.8
36693.0/37230.0 days/days; walltime: 30.1
36694.0/37230.0 days/days; walltime: 22.0
--36695.0/37230.0 days/days; walltime: 19.4
--36696.0/37230.0 days/days; walltime: 34.4
36697.0/37230.0 days/days; walltime: 25.6
--36698.0/37230.0 days/days; walltime: 19.5
--36699.0/37230.0 days/days; walltime: 38.3
36700.0/37230.0 days/days; walltime: 66.8
--36701.0/37230.0 days/days; walltime: 34.1
36702.0/37230.0 days/days; walltime: 23.8
36703.0/37230.0 days/days; walltime: 30.5
--36704.0/37230.0 days/days; walltime: 14.5
36705.0/37230.0 days/days; walltime: 6.9
36706.0/37230.0 days/days; walltime: 21.1
36707.0/37230.0 days/days; walltime: 9.6
--36708.0/37230.0 days/days; walltime: 17.1
36709.0/37230.0 days/days; walltime: 55.2
--36710.0/37230.0 days/days; walltime: 24.0
36711.0/37230.0 days/days; walltime: 8.8
36712.0/37230.0 days/days; walltime: 8.0
36713.0/37230.0 days/days; walltime: 24.9
36714.0/37230.0 days/days; walltime: 44.2
36715.0/37230.0 days/days; walltime: 36.7
36716.0/37230.0 days/days; walltime: 28.1
36717.0/37230.0 days/days; walltime: 8.9
36718.0/37230.0 days/days; walltime: 8.3
36719.0/37230.0 days/days; walltime: 7.8
36720.0/37230.0 days/days; walltime: 13.4
36721.0/37230.0 days/days; walltime: 10.6
36722.0/37230.0 days/days; walltime: 15.4
36723.0/37230.0 days/days; walltime: 12.9
36724.0/37230.0 days/days; walltime: 13.2
36725.0/37230.0 days/days; walltime: 11.0
36726.0/37230.0 days/days; walltime: 6.9
36727.0/37230.0 days/days; walltime: 21.7
36728.0/37230.0 days/days; walltime: 13.3
36729.0/37230.0 days/days; walltime: 27.2
36730.0/37230.0 days/days; walltime: 25.7
36731.0/37230.0 days/days; walltime: 9.7
36732.0/37230.0 days/days; walltime: 11.5
36733.0/37230.0 days/days; walltime: 23.1
-36734.0/37230.0 days/days; walltime: 13.5
36735.0/37230.0 days/days; walltime: 28.6
36736.0/37230.0 days/days; walltime: 12.0
36737.0/37230.0 days/days; walltime: 23.1
36738.0/37230.0 days/days; walltime: 36.2
36739.0/37230.0 days/days; walltime: 12.4
36740.0/37230.0 days/days; walltime: 10.4
36741.0/37230.0 days/days; walltime: 15.0
36742.0/37230.0 days/days; walltime: 10.0
36743.0/37230.0 days/days; walltime: 8.3
36744.0/37230.0 days/days; walltime: 10.0
36745.0/37230.0 days/days; walltime: 6.4
36746.0/37230.0 days/days; walltime: 6.2
36747.0/37230.0 days/days; walltime: 6.9
36748.0/37230.0 days/days; walltime: 3.6
36749.0/37230.0 days/days; walltime: 9.7
36750.0/37230.0 days/days; walltime: 2.5
36751.0/37230.0 days/days; walltime: 0.6
36752.0/37230.0 days/days; walltime: 0.7
36753.0/37230.0 days/days; walltime: 0.4
36754.0/37230.0 days/days; walltime: 0.4
36755.0/37230.0 days/days; walltime: 0.4
36756.0/37230.0 days/days; walltime: 0.4
36757.0/37230.0 days/days; walltime: 0.4
36758.0/37230.0 days/days; walltime: 0.3
36759.0/37230.0 days/days; walltime: 0.4
36760.0/37230.0 days/days; walltime: 0.1
36761.0/37230.0 days/days; walltime: 0.3
36762.0/37230.0 days/days; walltime: 0.3
36763.0/37230.0 days/days; walltime: 0.3
36764.0/37230.0 days/days; walltime: 0.1
36765.0/37230.0 days/days; walltime: 0.3
36766.0/37230.0 days/days; walltime: 0.4
36767.0/37230.0 days/days; walltime: 0.2
36768.0/37230.0 days/days; walltime: 0.4
-36769.0/37230.0 days/days; walltime: 1.8
36770.0/37230.0 days/days; walltime: 0.3
36771.0/37230.0 days/days; walltime: 0.2
36772.0/37230.0 days/days; walltime: 0.4
36773.0/37230.0 days/days; walltime: 0.3
36774.0/37230.0 days/days; walltime: 0.1
36775.0/37230.0 days/days; walltime: 0.3
36776.0/37230.0 days/days; walltime: 0.1
36777.0/37230.0 days/days; walltime: 0.3
36778.0/37230.0 days/days; walltime: 0.1
36779.0/37230.0 days/days; walltime: 0.3
36780.0/37230.0 days/days; walltime: 0.1
36781.0/37230.0 days/days; walltime: 0.3
-36782.0/37230.0 days/days; walltime: 0.1
36783.0/37230.0 days/days; walltime: 0.3
36784.0/37230.0 days/days; walltime: 0.1
36785.0/37230.0 days/days; walltime: 0.3
36786.0/37230.0 days/days; walltime: 0.1
36787.0/37230.0 days/days; walltime: 0.3
36788.0/37230.0 days/days; walltime: 0.1
36789.0/37230.0 days/days; walltime: 0.0
36790.0/37230.0 days/days; walltime: 0.3
36791.0/37230.0 days/days; walltime: 0.1
36792.0/37230.0 days/days; walltime: 0.3
36793.0/37230.0 days/days; walltime: 0.0
36794.0/37230.0 days/days; walltime: 0.3
36795.0/37230.0 days/days; walltime: 0.1
36796.0/37230.0 days/days; walltime: 0.1
36797.0/37230.0 days/days; walltime: 0.3
36798.0/37230.0 days/days; walltime: 0.1
36799.0/37230.0 days/days; walltime: 0.2
36800.0/37230.0 days/days; walltime: 0.1
36801.0/37230.0 days/days; walltime: 0.3
36802.0/37230.0 days/days; walltime: 0.1
36803.0/37230.0 days/days; walltime: 0.1
36804.0/37230.0 days/days; walltime: 0.2
36805.0/37230.0 days/days; walltime: 0.1
36806.0/37230.0 days/days; walltime: 0.1
36807.0/37230.0 days/days; walltime: 0.3
36808.0/37230.0 days/days; walltime: 0.1
36809.0/37230.0 days/days; walltime: 0.3
36810.0/37230.0 days/days; walltime: 0.1
36811.0/37230.0 days/days; walltime: 0.1
36812.0/37230.0 days/days; walltime: 0.3
36813.0/37230.0 days/days; walltime: 0.1
36814.0/37230.0 days/days; walltime: 0.1
36815.0/37230.0 days/days; walltime: 0.7
36816.0/37230.0 days/days; walltime: 0.1
36817.0/37230.0 days/days; walltime: 0.1
36818.0/37230.0 days/days; walltime: 0.2
36819.0/37230.0 days/days; walltime: 0.1
36820.0/37230.0 days/days; walltime: 0.1
36821.0/37230.0 days/days; walltime: 0.2
36822.0/37230.0 days/days; walltime: 0.1
36823.0/37230.0 days/days; walltime: 0.1
36824.0/37230.0 days/days; walltime: 0.3
36825.0/37230.0 days/days; walltime: 0.1
36826.0/37230.0 days/days; walltime: 0.1
36827.0/37230.0 days/days; walltime: 0.1
36828.0/37230.0 days/days; walltime: 0.2
36829.0/37230.0 days/days; walltime: 0.1
36830.0/37230.0 days/days; walltime: 0.1
-36831.0/37230.0 days/days; walltime: 0.3
36832.0/37230.0 days/days; walltime: 0.1
36833.0/37230.0 days/days; walltime: 0.1
36834.0/37230.0 days/days; walltime: 0.1
36835.0/37230.0 days/days; walltime: 0.2
36836.0/37230.0 days/days; walltime: 0.1
36837.0/37230.0 days/days; walltime: 0.1
36838.0/37230.0 days/days; walltime: 0.1
36839.0/37230.0 days/days; walltime: 0.3
-36840.0/37230.0 days/days; walltime: 0.1
--36841.0/37230.0 days/days; walltime: 0.1
--36842.0/37230.0 days/days; walltime: 0.2
--36843.0/37230.0 days/days; walltime: 0.1
--36844.0/37230.0 days/days; walltime: 0.1
-36845.0/37230.0 days/days; walltime: 0.1
-36846.0/37230.0 days/days; walltime: 0.2
--36847.0/37230.0 days/days; walltime: 0.1
--36848.0/37230.0 days/days; walltime: 0.1
--36850.0/37230.0 days/days; walltime: 0.1
--36851.0/37230.0 days/days; walltime: 0.2
-36852.0/37230.0 days/days; walltime: 0.1
-36853.0/37230.0 days/days; walltime: 0.1
--36854.0/37230.0 days/days; walltime: 0.1
--36855.0/37230.0 days/days; walltime: 0.2
--36856.0/37230.0 days/days; walltime: 0.1
--36857.0/37230.0 days/days; walltime: 0.1
-36858.0/37230.0 days/days; walltime: 0.1
--------------------------------------36859.0/37230.0 days/days; walltime: 2.3
----------------------------------------36860.0/37230.0 days/days; walltime: 2.0
------------------------------------------36861.0/37230.0 days/days; walltime: 2.8
--36862.0/37230.0 days/days; walltime: 0.1
--36863.0/37230.0 days/days; walltime: 0.1
--36864.0/37230.0 days/days; walltime: 0.1
--36865.0/37230.0 days/days; walltime: 0.2
-36867.0/37230.0 days/days; walltime: 0.1
-36868.0/37230.0 days/days; walltime: 0.1
-36869.0/37230.0 days/days; walltime: 0.0
-36870.0/37230.0 days/days; walltime: 0.1
-36871.0/37230.0 days/days; walltime: 0.1
-36872.0/37230.0 days/days; walltime: 0.1
-36873.0/37230.0 days/days; walltime: 0.1
-36875.0/37230.0 days/days; walltime: 0.1
-36876.0/37230.0 days/days; walltime: 0.1
--36877.0/37230.0 days/days; walltime: 0.2
-36878.0/37230.0 days/days; walltime: 0.1
-36879.0/37230.0 days/days; walltime: 0.1
-36880.0/37230.0 days/days; walltime: 0.1
--36882.0/37230.0 days/days; walltime: 0.2
-36883.0/37230.0 days/days; walltime: 0.1
-36884.0/37230.0 days/days; walltime: 0.1
-36885.0/37230.0 days/days; walltime: 0.1
--36886.0/37230.0 days/days; walltime: 0.2
-36888.0/37230.0 days/days; walltime: 0.1
-36889.0/37230.0 days/days; walltime: 0.1
-36890.0/37230.0 days/days; walltime: 0.1
--36891.0/37230.0 days/days; walltime: 0.2
-36892.0/37230.0 days/days; walltime: 0.1
-36894.0/37230.0 days/days; walltime: 0.1
-36895.0/37230.0 days/days; walltime: 0.1
--36896.0/37230.0 days/days; walltime: 0.2
-36897.0/37230.0 days/days; walltime: 0.1
-36899.0/37230.0 days/days; walltime: 0.1
-36900.0/37230.0 days/days; walltime: 0.1
--36901.0/37230.0 days/days; walltime: 0.2
-36903.0/37230.0 days/days; walltime: 0.1
-36904.0/37230.0 days/days; walltime: 0.1
-36905.0/37230.0 days/days; walltime: 0.1
--36906.0/37230.0 days/days; walltime: 0.2
-36908.0/37230.0 days/days; walltime: 0.1
-36909.0/37230.0 days/days; walltime: 0.1
-36910.0/37230.0 days/days; walltime: 0.0
--36912.0/37230.0 days/days; walltime: 0.2
-36913.0/37230.0 days/days; walltime: 0.0
-36914.0/37230.0 days/days; walltime: 0.0
-36916.0/37230.0 days/days; walltime: 0.0
--36917.0/37230.0 days/days; walltime: 0.2
-36918.0/37230.0 days/days; walltime: 0.0
-36920.0/37230.0 days/days; walltime: 0.0
-36921.0/37230.0 days/days; walltime: 0.0
--36923.0/37230.0 days/days; walltime: 0.2
-36924.0/37230.0 days/days; walltime: 0.0
-36925.0/37230.0 days/days; walltime: 0.0
-36927.0/37230.0 days/days; walltime: 0.0
--36928.0/37230.0 days/days; walltime: 0.2
-36930.0/37230.0 days/days; walltime: 0.0
-36931.0/37230.0 days/days; walltime: 0.0
-36933.0/37230.0 days/days; walltime: 0.0
--36934.0/37230.0 days/days; walltime: 0.2
-36936.0/37230.0 days/days; walltime: 0.0
-36937.0/37230.0 days/days; walltime: 0.0
-36939.0/37230.0 days/days; walltime: 0.0
--36940.0/37230.0 days/days; walltime: 0.2
-36942.0/37230.0 days/days; walltime: 0.1
-36943.0/37230.0 days/days; walltime: 0.1
-36945.0/37230.0 days/days; walltime: 0.0
--36946.0/37230.0 days/days; walltime: 0.2
-36948.0/37230.0 days/days; walltime: 0.1
-36949.0/37230.0 days/days; walltime: 0.1
-36951.0/37230.0 days/days; walltime: 0.1
--36952.0/37230.0 days/days; walltime: 0.2
-36954.0/37230.0 days/days; walltime: 0.1
-36956.0/37230.0 days/days; walltime: 0.1
-36957.0/37230.0 days/days; walltime: 0.1
--36959.0/37230.0 days/days; walltime: 0.2
-36961.0/37230.0 days/days; walltime: 0.0
-36962.0/37230.0 days/days; walltime: 0.0
-36964.0/37230.0 days/days; walltime: 0.1
--36965.0/37230.0 days/days; walltime: 0.2
-36967.0/37230.0 days/days; walltime: 0.1
-36969.0/37230.0 days/days; walltime: 0.1
-36971.0/37230.0 days/days; walltime: 0.1
--36972.0/37230.0 days/days; walltime: 0.2
-36974.0/37230.0 days/days; walltime: 0.1
-36976.0/37230.0 days/days; walltime: 0.1
-36978.0/37230.0 days/days; walltime: 0.1
------36979.0/37230.0 days/days; walltime: 0.6
-------------------------------------36980.0/37230.0 days/days; walltime: 2.0
------------------------------------------------36981.0/37230.0 days/days; walltime: 2.5
----------------------------------------------------36982.0/37230.0 days/days; walltime: 2.9
--------------------------------------------------------------36983.0/37230.0 days/days; walltime: 3.3
-------------------------------------------------------------------------------------------------------------------------------------------------------36984.0/37230.0 days/days; walltime: 8.4
--------------------------------------------------------------------------------------------------------------------------------------------------------------------------------------------------------36985.0/37230.0 days/days; walltime: 12.1
--------------------------------------------------------------------------------------------------------------------------------------------------------------------------------------------------------------------------------------------------36986.0/37230.0 days/days; walltime: 14.6
-----------------------------------------------------------------------------------------------------------------------------------------------------36987.0/37230.0 days/days; walltime: 18.9
36988.0/37230.0 days/days; walltime: 30.0
36989.0/37230.0 days/days; walltime: 26.7
36990.0/37230.0 days/days; walltime: 38.6
36991.0/37230.0 days/days; walltime: 40.3
36992.0/37230.0 days/days; walltime: 31.0
36993.0/37230.0 days/days; walltime: 40.0
36994.0/37230.0 days/days; walltime: 35.1
36995.0/37230.0 days/days; walltime: 48.8
36996.0/37230.0 days/days; walltime: 51.9
36997.0/37230.0 days/days; walltime: 45.6
36998.0/37230.0 days/days; walltime: 43.7
36999.0/37230.0 days/days; walltime: 36.8
37000.0/37230.0 days/days; walltime: 37.2
37001.0/37230.0 days/days; walltime: 40.8
37002.0/37230.0 days/days; walltime: 37.0
37003.0/37230.0 days/days; walltime: 36.3
37004.0/37230.0 days/days; walltime: 33.4
37005.0/37230.0 days/days; walltime: 43.7
37006.0/37230.0 days/days; walltime: 32.2
37007.0/37230.0 days/days; walltime: 36.8
37008.0/37230.0 days/days; walltime: 39.5
37009.0/37230.0 days/days; walltime: 29.8
37010.0/37230.0 days/days; walltime: 37.3
37011.0/37230.0 days/days; walltime: 34.7
37012.0/37230.0 days/days; walltime: 29.5
37013.0/37230.0 days/days; walltime: 25.5
37014.0/37230.0 days/days; walltime: 37.5
37015.0/37230.0 days/days; walltime: 41.3
-37016.0/37230.0 days/days; walltime: 63.5
37017.0/37230.0 days/days; walltime: 13.9
37018.0/37230.0 days/days; walltime: 15.5
37019.0/37230.0 days/days; walltime: 17.6
37020.0/37230.0 days/days; walltime: 16.6
37021.0/37230.0 days/days; walltime: 13.9
37022.0/37230.0 days/days; walltime: 16.4
37023.0/37230.0 days/days; walltime: 19.5
37024.0/37230.0 days/days; walltime: 11.5
37025.0/37230.0 days/days; walltime: 23.7
37026.0/37230.0 days/days; walltime: 11.5
37027.0/37230.0 days/days; walltime: 12.5
37028.0/37230.0 days/days; walltime: 24.8
37029.0/37230.0 days/days; walltime: 15.1
----37030.0/37230.0 days/days; walltime: 64.0
---37031.0/37230.0 days/days; walltime: 21.0
37032.0/37230.0 days/days; walltime: 15.1
37033.0/37230.0 days/days; walltime: 21.2
37034.0/37230.0 days/days; walltime: 37.5
37035.0/37230.0 days/days; walltime: 30.2
37036.0/37230.0 days/days; walltime: 36.2
37037.0/37230.0 days/days; walltime: 19.3
37038.0/37230.0 days/days; walltime: 8.7
----37039.0/37230.0 days/days; walltime: 12.1
--37040.0/37230.0 days/days; walltime: 30.2
-----------37041.0/37230.0 days/days; walltime: 20.7
-----37042.0/37230.0 days/days; walltime: 21.4
----37043.0/37230.0 days/days; walltime: 45.9
------37044.0/37230.0 days/days; walltime: 20.5
37045.0/37230.0 days/days; walltime: 24.1
37046.0/37230.0 days/days; walltime: 14.5
37047.0/37230.0 days/days; walltime: 31.2
37048.0/37230.0 days/days; walltime: 52.4
--37049.0/37230.0 days/days; walltime: 26.2
----37050.0/37230.0 days/days; walltime: 24.9
37051.0/37230.0 days/days; walltime: 105.7
----37052.0/37230.0 days/days; walltime: 20.7
37053.0/37230.0 days/days; walltime: 16.3
37054.0/37230.0 days/days; walltime: 73.7
37055.0/37230.0 days/days; walltime: 31.6
--37056.0/37230.0 days/days; walltime: 14.4
--37057.0/37230.0 days/days; walltime: 16.7
37058.0/37230.0 days/days; walltime: 14.1
37059.0/37230.0 days/days; walltime: 28.8
37060.0/37230.0 days/days; walltime: 15.4
--37061.0/37230.0 days/days; walltime: 27.4
37062.0/37230.0 days/days; walltime: 18.4
slurmstepd: error: *** JOB 61283585 ON cdr555 CANCELLED AT 2023-02-27T19:45:22 DUE TO TIME LIMIT ***
