Case 4:
Picked up JAVA_TOOL_OPTIONS: -Xmx2g
Opening log file:  /tmp/java.log.17941

                            < M A T L A B (R) >
                  Copyright 1984-2022 The MathWorks, Inc.
                  R2022a (9.12.0.1884302) 64-bit (glnxa64)
                             February 16, 2022

 
To get started, type doc.
For product information, visit www.mathworks.com.
 

config = 

  struct with fields:

                 k_s: 0.1000
                 l_c: 10
            n_moulin: 68
    creep_const_soft: 0
             mesh_nr: 4
                 k_c: 0.2500
               h_bed: 0.5000
               l_bed: 10
               alpha: 1.2500
                beta: 1.5000
               omega: 5.0000e-04
                 e_v: 1.0000e-04

Running model run (ode15s):
Run to steady
Saving model run to
./RUN/output_104_steady.nc
Fields, IC & BC initialised
Initial phi calculated in 4.7s
0.0/36500.0 days/days; walltime: 22.3
----------------------------------------------------1825.0/36500.0 days/days; walltime: 187.5
3650.0/36500.0 days/days; walltime: 4.8
5475.0/36500.0 days/days; walltime: 2.8
7300.0/36500.0 days/days; walltime: 2.3
--------9125.0/36500.0 days/days; walltime: 8.5
10950.0/36500.0 days/days; walltime: 743.9
-12775.0/36500.0 days/days; walltime: 447.3
14600.0/36500.0 days/days; walltime: 296.5
16425.0/36500.0 days/days; walltime: 328.1
-18250.0/36500.0 days/days; walltime: 212.8
20075.0/36500.0 days/days; walltime: 50.3
21900.0/36500.0 days/days; walltime: 12.6
23725.0/36500.0 days/days; walltime: 8.3
25550.0/36500.0 days/days; walltime: 4.3
27375.0/36500.0 days/days; walltime: 5.1
29200.0/36500.0 days/days; walltime: 3.2
31025.0/36500.0 days/days; walltime: 2.2
32850.0/36500.0 days/days; walltime: 2.2
34675.0/36500.0 days/days; walltime: 2.1
36500.0/36500.0 days/days; walltime: 3.7
Wallclock for model run: 2355.6s
 

fields = 

  struct with fields:

    nodes: [1x1 struct]
    edges: [1x1 struct]
       BC: [1x1 struct]

Running model run (ode15s):
Run seasonal
Saving model run to
./RUN/output_104_seasonal.nc
IC initialised from struct
IC initialised from file/given & rest from parameters and given functions
36500.0/37230.0 days/days; walltime: 19.4
36501.0/37230.0 days/days; walltime: 82.0
36502.0/37230.0 days/days; walltime: 14.5
36503.0/37230.0 days/days; walltime: 10.3
36504.0/37230.0 days/days; walltime: 25.5
36505.0/37230.0 days/days; walltime: 25.5
36506.0/37230.0 days/days; walltime: 9.1
36507.0/37230.0 days/days; walltime: 3.3
36508.0/37230.0 days/days; walltime: 5.7
36509.0/37230.0 days/days; walltime: 3.4
36510.0/37230.0 days/days; walltime: 34.4
36511.0/37230.0 days/days; walltime: 36.3
36512.0/37230.0 days/days; walltime: 2.8
36513.0/37230.0 days/days; walltime: 1.8
36514.0/37230.0 days/days; walltime: 2.0
36515.0/37230.0 days/days; walltime: 2.0
36516.0/37230.0 days/days; walltime: 2.0
36517.0/37230.0 days/days; walltime: 1.9
36518.0/37230.0 days/days; walltime: 1.7
36519.0/37230.0 days/days; walltime: 9.7
36520.0/37230.0 days/days; walltime: 1.3
36521.0/37230.0 days/days; walltime: 1.0
36522.0/37230.0 days/days; walltime: 1.1
36523.0/37230.0 days/days; walltime: 0.9
36524.0/37230.0 days/days; walltime: 1.0
36525.0/37230.0 days/days; walltime: 1.2
36526.0/37230.0 days/days; walltime: 1.2
36527.0/37230.0 days/days; walltime: 1.2
36528.0/37230.0 days/days; walltime: 0.9
36529.0/37230.0 days/days; walltime: 58.6
36530.0/37230.0 days/days; walltime: 0.8
36531.0/37230.0 days/days; walltime: 17.5
36532.0/37230.0 days/days; walltime: 1.1
36533.0/37230.0 days/days; walltime: 1.1
36534.0/37230.0 days/days; walltime: 0.8
36535.0/37230.0 days/days; walltime: 1.1
36536.0/37230.0 days/days; walltime: 0.7
36537.0/37230.0 days/days; walltime: 0.9
36538.0/37230.0 days/days; walltime: 0.8
36539.0/37230.0 days/days; walltime: 0.7
36540.0/37230.0 days/days; walltime: 0.8
36541.0/37230.0 days/days; walltime: 0.7
36542.0/37230.0 days/days; walltime: 0.7
36543.0/37230.0 days/days; walltime: 0.7
36544.0/37230.0 days/days; walltime: 2.5
36545.0/37230.0 days/days; walltime: 0.8
36546.0/37230.0 days/days; walltime: 0.6
36547.0/37230.0 days/days; walltime: 0.6
36548.0/37230.0 days/days; walltime: 0.6
36549.0/37230.0 days/days; walltime: 0.6
36550.0/37230.0 days/days; walltime: 0.6
36551.0/37230.0 days/days; walltime: 0.6
36552.0/37230.0 days/days; walltime: 0.6
36553.0/37230.0 days/days; walltime: 0.6
36554.0/37230.0 days/days; walltime: 0.6
36555.0/37230.0 days/days; walltime: 35.9
36556.0/37230.0 days/days; walltime: 0.7
36557.0/37230.0 days/days; walltime: 0.6
36558.0/37230.0 days/days; walltime: 0.6
36559.0/37230.0 days/days; walltime: 0.5
36560.0/37230.0 days/days; walltime: 0.6
36561.0/37230.0 days/days; walltime: 0.6
36562.0/37230.0 days/days; walltime: 0.5
36563.0/37230.0 days/days; walltime: 0.6
36564.0/37230.0 days/days; walltime: 0.3
36565.0/37230.0 days/days; walltime: 0.6
36566.0/37230.0 days/days; walltime: 0.5
36567.0/37230.0 days/days; walltime: 0.5
36568.0/37230.0 days/days; walltime: 0.5
36569.0/37230.0 days/days; walltime: 0.3
36570.0/37230.0 days/days; walltime: 0.5
36571.0/37230.0 days/days; walltime: 0.5
36572.0/37230.0 days/days; walltime: 0.5
36573.0/37230.0 days/days; walltime: 0.3
36574.0/37230.0 days/days; walltime: 0.5
36575.0/37230.0 days/days; walltime: 0.5
36576.0/37230.0 days/days; walltime: 0.2
36577.0/37230.0 days/days; walltime: 0.5
36578.0/37230.0 days/days; walltime: 0.5
36579.0/37230.0 days/days; walltime: 0.2
36580.0/37230.0 days/days; walltime: 0.5
36581.0/37230.0 days/days; walltime: 0.4
36582.0/37230.0 days/days; walltime: 0.2
36583.0/37230.0 days/days; walltime: 0.5
36584.0/37230.0 days/days; walltime: 0.2
36585.0/37230.0 days/days; walltime: 0.4
36586.0/37230.0 days/days; walltime: 0.3
36587.0/37230.0 days/days; walltime: 0.4
36588.0/37230.0 days/days; walltime: 0.2
36589.0/37230.0 days/days; walltime: 0.4
36590.0/37230.0 days/days; walltime: 0.3
36591.0/37230.0 days/days; walltime: 0.2
36592.0/37230.0 days/days; walltime: 0.4
36593.0/37230.0 days/days; walltime: 0.2
36594.0/37230.0 days/days; walltime: 0.5
36595.0/37230.0 days/days; walltime: 0.2
36596.0/37230.0 days/days; walltime: 0.2
36597.0/37230.0 days/days; walltime: 0.4
36598.0/37230.0 days/days; walltime: 0.3
36599.0/37230.0 days/days; walltime: 0.4
36600.0/37230.0 days/days; walltime: 0.2
36601.0/37230.0 days/days; walltime: 0.2
36602.0/37230.0 days/days; walltime: 0.5
36603.0/37230.0 days/days; walltime: 0.4
36604.0/37230.0 days/days; walltime: 0.2
36605.0/37230.0 days/days; walltime: 0.4
36606.0/37230.0 days/days; walltime: 0.2
36607.0/37230.0 days/days; walltime: 0.5
36608.0/37230.0 days/days; walltime: 0.2
36609.0/37230.0 days/days; walltime: 0.4
36610.0/37230.0 days/days; walltime: 0.2
36611.0/37230.0 days/days; walltime: 0.4
36612.0/37230.0 days/days; walltime: 25.9
36613.0/37230.0 days/days; walltime: 0.3
36614.0/37230.0 days/days; walltime: 0.5
36615.0/37230.0 days/days; walltime: 0.2
36616.0/37230.0 days/days; walltime: 0.2
36617.0/37230.0 days/days; walltime: 0.1
36618.0/37230.0 days/days; walltime: 0.2
36619.0/37230.0 days/days; walltime: 0.2
36620.0/37230.0 days/days; walltime: 0.2
36621.0/37230.0 days/days; walltime: 0.4
--36622.0/37230.0 days/days; walltime: 22.8
36623.0/37230.0 days/days; walltime: 64.0
36624.0/37230.0 days/days; walltime: 87.3
36625.0/37230.0 days/days; walltime: 1.8
36626.0/37230.0 days/days; walltime: 0.5
36627.0/37230.0 days/days; walltime: 0.5
36628.0/37230.0 days/days; walltime: 0.2
36629.0/37230.0 days/days; walltime: 0.4
36630.0/37230.0 days/days; walltime: 0.2
36631.0/37230.0 days/days; walltime: 0.4
36632.0/37230.0 days/days; walltime: 0.2
36633.0/37230.0 days/days; walltime: 0.4
36634.0/37230.0 days/days; walltime: 0.2
36635.0/37230.0 days/days; walltime: 28.3
36636.0/37230.0 days/days; walltime: 31.8
36637.0/37230.0 days/days; walltime: 0.5
36638.0/37230.0 days/days; walltime: 33.1
36639.0/37230.0 days/days; walltime: 89.6
36640.0/37230.0 days/days; walltime: 88.3
36641.0/37230.0 days/days; walltime: 76.7
36642.0/37230.0 days/days; walltime: 1.8
36643.0/37230.0 days/days; walltime: 1.4
36644.0/37230.0 days/days; walltime: 1.6
36645.0/37230.0 days/days; walltime: 1.4
36646.0/37230.0 days/days; walltime: 3.2
36647.0/37230.0 days/days; walltime: 1.3
36648.0/37230.0 days/days; walltime: 1.1
36649.0/37230.0 days/days; walltime: 1.2
36650.0/37230.0 days/days; walltime: 1.1
36651.0/37230.0 days/days; walltime: 0.8
36652.0/37230.0 days/days; walltime: 5.5
36653.0/37230.0 days/days; walltime: 120.1
36654.0/37230.0 days/days; walltime: 141.0
36655.0/37230.0 days/days; walltime: 479.7
36656.0/37230.0 days/days; walltime: 378.8
36657.0/37230.0 days/days; walltime: 583.2
36658.0/37230.0 days/days; walltime: 721.3
36659.0/37230.0 days/days; walltime: 69.6
36660.0/37230.0 days/days; walltime: 721.3
36661.0/37230.0 days/days; walltime: 364.2
36662.0/37230.0 days/days; walltime: 529.8
36663.0/37230.0 days/days; walltime: 335.5
36664.0/37230.0 days/days; walltime: 52.5
36665.0/37230.0 days/days; walltime: 83.0
36666.0/37230.0 days/days; walltime: 160.8
36667.0/37230.0 days/days; walltime: 255.1
36668.0/37230.0 days/days; walltime: 1199.9
36669.0/37230.0 days/days; walltime: 918.8
36670.0/37230.0 days/days; walltime: 103.3
36671.0/37230.0 days/days; walltime: 72.7
36672.0/37230.0 days/days; walltime: 225.6
36673.0/37230.0 days/days; walltime: 520.1
36674.0/37230.0 days/days; walltime: 556.8
36675.0/37230.0 days/days; walltime: 196.7
36676.0/37230.0 days/days; walltime: 703.9
36677.0/37230.0 days/days; walltime: 802.2
36678.0/37230.0 days/days; walltime: 227.3
36679.0/37230.0 days/days; walltime: 455.4
36680.0/37230.0 days/days; walltime: 363.7
36681.0/37230.0 days/days; walltime: 205.2
36682.0/37230.0 days/days; walltime: 202.5
36683.0/37230.0 days/days; walltime: 728.6
36684.0/37230.0 days/days; walltime: 893.2
36685.0/37230.0 days/days; walltime: 2077.8
36686.0/37230.0 days/days; walltime: 1464.4
36687.0/37230.0 days/days; walltime: 974.4
36688.0/37230.0 days/days; walltime: 340.1
36689.0/37230.0 days/days; walltime: 1079.9
36690.0/37230.0 days/days; walltime: 1210.5
36691.0/37230.0 days/days; walltime: 444.2
36692.0/37230.0 days/days; walltime: 689.4
36693.0/37230.0 days/days; walltime: 409.9
36694.0/37230.0 days/days; walltime: 135.2
36695.0/37230.0 days/days; walltime: 139.7
36696.0/37230.0 days/days; walltime: 109.1
36697.0/37230.0 days/days; walltime: 511.3
36698.0/37230.0 days/days; walltime: 914.9
36699.0/37230.0 days/days; walltime: 942.5
36700.0/37230.0 days/days; walltime: 592.8
36701.0/37230.0 days/days; walltime: 492.0
36702.0/37230.0 days/days; walltime: 216.5
36703.0/37230.0 days/days; walltime: 276.3
36704.0/37230.0 days/days; walltime: 431.3
36705.0/37230.0 days/days; walltime: 459.0
36706.0/37230.0 days/days; walltime: 675.9
36707.0/37230.0 days/days; walltime: 523.4
36708.0/37230.0 days/days; walltime: 728.3
36709.0/37230.0 days/days; walltime: 482.4
36710.0/37230.0 days/days; walltime: 125.4
36711.0/37230.0 days/days; walltime: 535.0
36712.0/37230.0 days/days; walltime: 226.5
36713.0/37230.0 days/days; walltime: 680.2
36714.0/37230.0 days/days; walltime: 222.8
36715.0/37230.0 days/days; walltime: 228.7
36716.0/37230.0 days/days; walltime: 184.9
36717.0/37230.0 days/days; walltime: 135.6
36718.0/37230.0 days/days; walltime: 95.7
36719.0/37230.0 days/days; walltime: 44.0
36720.0/37230.0 days/days; walltime: 731.5
36721.0/37230.0 days/days; walltime: 746.7
36722.0/37230.0 days/days; walltime: 1011.9
36723.0/37230.0 days/days; walltime: 588.3
36724.0/37230.0 days/days; walltime: 669.8
36725.0/37230.0 days/days; walltime: 831.1
36726.0/37230.0 days/days; walltime: 175.4
36727.0/37230.0 days/days; walltime: 139.4
36728.0/37230.0 days/days; walltime: 1323.5
36729.0/37230.0 days/days; walltime: 1211.5
36730.0/37230.0 days/days; walltime: 1716.3
36731.0/37230.0 days/days; walltime: 697.3
36732.0/37230.0 days/days; walltime: 228.6
36733.0/37230.0 days/days; walltime: 638.6
36734.0/37230.0 days/days; walltime: 411.2
36735.0/37230.0 days/days; walltime: 145.3
36736.0/37230.0 days/days; walltime: 331.2
36737.0/37230.0 days/days; walltime: 87.2
36738.0/37230.0 days/days; walltime: 80.9
36739.0/37230.0 days/days; walltime: 226.6
36740.0/37230.0 days/days; walltime: 196.1
36741.0/37230.0 days/days; walltime: 846.0
slurmstepd: error: *** JOB 61423563 ON cdr608 CANCELLED AT 2023-03-01T09:58:17 ***
