Case 5:
Picked up JAVA_TOOL_OPTIONS: -Xmx2g
Opening log file:  /tmp/java.log.18073

                            < M A T L A B (R) >
                  Copyright 1984-2022 The MathWorks, Inc.
                  R2022a (9.12.0.1884302) 64-bit (glnxa64)
                             February 16, 2022

 
To get started, type doc.
For product information, visit www.mathworks.com.
 

config = 

  struct with fields:

                 k_s: 0.1000
                 l_c: 10
            n_moulin: 68
    creep_const_soft: 0
             mesh_nr: 4
                 k_c: 0.2500
               h_bed: 0.5000
               l_bed: 10
               alpha: 1.5000
                beta: 1.5000
               omega: 5.0000e-04
                 e_v: 1.0000e-04

Running model run (ode15s):
Run to steady
Saving model run to
./RUN/output_105_steady.nc
Fields, IC & BC initialised
Initial phi calculated in 4.7s
0.0/36500.0 days/days; walltime: 22.2
-----------------------------------------------------------------------------------------------------1825.0/36500.0 days/days; walltime: 246.4
--------------3650.0/36500.0 days/days; walltime: 6.8
5475.0/36500.0 days/days; walltime: 2.1
7300.0/36500.0 days/days; walltime: 1.6
------9125.0/36500.0 days/days; walltime: 5.1
10950.0/36500.0 days/days; walltime: 745.1
12775.0/36500.0 days/days; walltime: 422.8
14600.0/36500.0 days/days; walltime: 281.3
16425.0/36500.0 days/days; walltime: 289.3
18250.0/36500.0 days/days; walltime: 193.9
----20075.0/36500.0 days/days; walltime: 48.3
21900.0/36500.0 days/days; walltime: 11.6
23725.0/36500.0 days/days; walltime: 6.8
25550.0/36500.0 days/days; walltime: 5.6
27375.0/36500.0 days/days; walltime: 3.1
29200.0/36500.0 days/days; walltime: 2.7
31025.0/36500.0 days/days; walltime: 4.0
32850.0/36500.0 days/days; walltime: 2.2
34675.0/36500.0 days/days; walltime: 1.6
36500.0/36500.0 days/days; walltime: 2.2
Wallclock for model run: 2310.2s
 

fields = 

  struct with fields:

    nodes: [1x1 struct]
    edges: [1x1 struct]
       BC: [1x1 struct]

Running model run (ode15s):
Run seasonal
Saving model run to
./RUN/output_105_seasonal.nc
IC initialised from struct
IC initialised from file/given & rest from parameters and given functions
36500.0/37230.0 days/days; walltime: 21.6
36501.0/37230.0 days/days; walltime: 83.8
36502.0/37230.0 days/days; walltime: 10.0
36503.0/37230.0 days/days; walltime: 26.8
36504.0/37230.0 days/days; walltime: 16.7
36505.0/37230.0 days/days; walltime: 10.7
36506.0/37230.0 days/days; walltime: 3.9
36507.0/37230.0 days/days; walltime: 5.7
36508.0/37230.0 days/days; walltime: 3.9
36509.0/37230.0 days/days; walltime: 8.0
36510.0/37230.0 days/days; walltime: 66.4
36511.0/37230.0 days/days; walltime: 24.3
36512.0/37230.0 days/days; walltime: 6.0
36513.0/37230.0 days/days; walltime: 1.7
36514.0/37230.0 days/days; walltime: 1.6
36515.0/37230.0 days/days; walltime: 2.0
36516.0/37230.0 days/days; walltime: 1.9
36517.0/37230.0 days/days; walltime: 1.9
36518.0/37230.0 days/days; walltime: 1.7
36519.0/37230.0 days/days; walltime: 1.7
36520.0/37230.0 days/days; walltime: 27.3
36521.0/37230.0 days/days; walltime: 1.7
36522.0/37230.0 days/days; walltime: 1.3
36523.0/37230.0 days/days; walltime: 1.8
36524.0/37230.0 days/days; walltime: 123.3
36525.0/37230.0 days/days; walltime: 1.1
36526.0/37230.0 days/days; walltime: 0.9
36527.0/37230.0 days/days; walltime: 0.8
36528.0/37230.0 days/days; walltime: 0.6
36529.0/37230.0 days/days; walltime: 0.8
36530.0/37230.0 days/days; walltime: 0.4
36531.0/37230.0 days/days; walltime: 1.0
36532.0/37230.0 days/days; walltime: 1.1
36533.0/37230.0 days/days; walltime: 0.9
36534.0/37230.0 days/days; walltime: 2.8
36535.0/37230.0 days/days; walltime: 0.5
36536.0/37230.0 days/days; walltime: 0.7
36537.0/37230.0 days/days; walltime: 0.5
36538.0/37230.0 days/days; walltime: 0.7
36539.0/37230.0 days/days; walltime: 0.5
36540.0/37230.0 days/days; walltime: 0.5
36541.0/37230.0 days/days; walltime: 0.7
36542.0/37230.0 days/days; walltime: 0.5
36543.0/37230.0 days/days; walltime: 0.5
36544.0/37230.0 days/days; walltime: 0.7
36545.0/37230.0 days/days; walltime: 0.6
36546.0/37230.0 days/days; walltime: 2.5
36547.0/37230.0 days/days; walltime: 0.4
36548.0/37230.0 days/days; walltime: 0.4
36549.0/37230.0 days/days; walltime: 0.4
36550.0/37230.0 days/days; walltime: 0.2
36551.0/37230.0 days/days; walltime: 0.5
36552.0/37230.0 days/days; walltime: 0.5
36553.0/37230.0 days/days; walltime: 0.4
36554.0/37230.0 days/days; walltime: 0.5
36555.0/37230.0 days/days; walltime: 0.6
36556.0/37230.0 days/days; walltime: 2.5
36557.0/37230.0 days/days; walltime: 0.4
36558.0/37230.0 days/days; walltime: 0.4
36559.0/37230.0 days/days; walltime: 0.2
36560.0/37230.0 days/days; walltime: 0.6
36561.0/37230.0 days/days; walltime: 0.6
36562.0/37230.0 days/days; walltime: 0.5
36563.0/37230.0 days/days; walltime: 0.6
36564.0/37230.0 days/days; walltime: 0.5
36565.0/37230.0 days/days; walltime: 0.6
36566.0/37230.0 days/days; walltime: 0.5
36567.0/37230.0 days/days; walltime: 0.3
36568.0/37230.0 days/days; walltime: 0.5
36569.0/37230.0 days/days; walltime: 0.5
36570.0/37230.0 days/days; walltime: 0.5
36571.0/37230.0 days/days; walltime: 0.3
36572.0/37230.0 days/days; walltime: 0.5
36573.0/37230.0 days/days; walltime: 0.5
36574.0/37230.0 days/days; walltime: 0.5
36575.0/37230.0 days/days; walltime: 0.3
36576.0/37230.0 days/days; walltime: 0.5
36577.0/37230.0 days/days; walltime: 0.4
36578.0/37230.0 days/days; walltime: 0.3
36579.0/37230.0 days/days; walltime: 0.4
36580.0/37230.0 days/days; walltime: 0.5
36581.0/37230.0 days/days; walltime: 0.2
36582.0/37230.0 days/days; walltime: 0.5
36583.0/37230.0 days/days; walltime: 0.2
36584.0/37230.0 days/days; walltime: 0.4
36585.0/37230.0 days/days; walltime: 0.5
36586.0/37230.0 days/days; walltime: 0.2
36587.0/37230.0 days/days; walltime: 0.2
36588.0/37230.0 days/days; walltime: 0.4
36589.0/37230.0 days/days; walltime: 0.5
36590.0/37230.0 days/days; walltime: 0.2
36591.0/37230.0 days/days; walltime: 0.2
36592.0/37230.0 days/days; walltime: 0.2
36593.0/37230.0 days/days; walltime: 0.5
36594.0/37230.0 days/days; walltime: 0.2
36595.0/37230.0 days/days; walltime: 0.2
36596.0/37230.0 days/days; walltime: 0.2
36597.0/37230.0 days/days; walltime: 0.3
36598.0/37230.0 days/days; walltime: 0.4
36599.0/37230.0 days/days; walltime: 0.2
36600.0/37230.0 days/days; walltime: 0.4
36601.0/37230.0 days/days; walltime: 0.3
36602.0/37230.0 days/days; walltime: 0.2
36603.0/37230.0 days/days; walltime: 0.4
36604.0/37230.0 days/days; walltime: 0.2
36605.0/37230.0 days/days; walltime: 0.4
36606.0/37230.0 days/days; walltime: 0.3
36607.0/37230.0 days/days; walltime: 0.2
36608.0/37230.0 days/days; walltime: 0.2
36609.0/37230.0 days/days; walltime: 0.4
36610.0/37230.0 days/days; walltime: 10.0
36611.0/37230.0 days/days; walltime: 0.5
36612.0/37230.0 days/days; walltime: 0.5
36613.0/37230.0 days/days; walltime: 0.2
36614.0/37230.0 days/days; walltime: 0.3
36615.0/37230.0 days/days; walltime: 0.1
36616.0/37230.0 days/days; walltime: 0.3
36617.0/37230.0 days/days; walltime: 0.1
36618.0/37230.0 days/days; walltime: 0.3
36619.0/37230.0 days/days; walltime: 0.1
36620.0/37230.0 days/days; walltime: 0.3
36621.0/37230.0 days/days; walltime: 0.1
36622.0/37230.0 days/days; walltime: 10.1
36623.0/37230.0 days/days; walltime: 70.4
36624.0/37230.0 days/days; walltime: 83.0
36625.0/37230.0 days/days; walltime: 1.1
36626.0/37230.0 days/days; walltime: 0.5
36627.0/37230.0 days/days; walltime: 47.0
36628.0/37230.0 days/days; walltime: 9.3
36629.0/37230.0 days/days; walltime: 2.6
36630.0/37230.0 days/days; walltime: 0.4
36631.0/37230.0 days/days; walltime: 0.1
36632.0/37230.0 days/days; walltime: 0.4
36633.0/37230.0 days/days; walltime: 0.3
36634.0/37230.0 days/days; walltime: 0.1
36635.0/37230.0 days/days; walltime: 15.4
36636.0/37230.0 days/days; walltime: 12.6
36637.0/37230.0 days/days; walltime: 0.4
36638.0/37230.0 days/days; walltime: 27.0
36639.0/37230.0 days/days; walltime: 106.9
36640.0/37230.0 days/days; walltime: 104.5
36641.0/37230.0 days/days; walltime: 95.4
36642.0/37230.0 days/days; walltime: 1.6
36643.0/37230.0 days/days; walltime: 1.2
36644.0/37230.0 days/days; walltime: 1.0
36645.0/37230.0 days/days; walltime: 1.2
36646.0/37230.0 days/days; walltime: 1.0
36647.0/37230.0 days/days; walltime: 0.9
36648.0/37230.0 days/days; walltime: 1.1
36649.0/37230.0 days/days; walltime: 1.1
36650.0/37230.0 days/days; walltime: 1.2
36651.0/37230.0 days/days; walltime: 1.0
36652.0/37230.0 days/days; walltime: 7.2
36653.0/37230.0 days/days; walltime: 84.9
36654.0/37230.0 days/days; walltime: 147.0
36655.0/37230.0 days/days; walltime: 591.5
36656.0/37230.0 days/days; walltime: 378.4
36657.0/37230.0 days/days; walltime: 640.0
36658.0/37230.0 days/days; walltime: 788.3
36659.0/37230.0 days/days; walltime: 125.7
36660.0/37230.0 days/days; walltime: 733.6
36661.0/37230.0 days/days; walltime: 443.8
36662.0/37230.0 days/days; walltime: 517.4
36663.0/37230.0 days/days; walltime: 378.2
36664.0/37230.0 days/days; walltime: 96.3
36665.0/37230.0 days/days; walltime: 101.4
36666.0/37230.0 days/days; walltime: 151.3
36667.0/37230.0 days/days; walltime: 308.3
36668.0/37230.0 days/days; walltime: 1343.5
36669.0/37230.0 days/days; walltime: 997.4
36670.0/37230.0 days/days; walltime: 125.4
36671.0/37230.0 days/days; walltime: 114.2
36672.0/37230.0 days/days; walltime: 212.8
36673.0/37230.0 days/days; walltime: 559.4
36674.0/37230.0 days/days; walltime: 639.6
36675.0/37230.0 days/days; walltime: 237.0
36676.0/37230.0 days/days; walltime: 752.8
36677.0/37230.0 days/days; walltime: 1010.2
36678.0/37230.0 days/days; walltime: 240.2
36679.0/37230.0 days/days; walltime: 558.3
36680.0/37230.0 days/days; walltime: 536.5
36681.0/37230.0 days/days; walltime: 273.2
36682.0/37230.0 days/days; walltime: 132.9
36683.0/37230.0 days/days; walltime: 688.5
36684.0/37230.0 days/days; walltime: 864.2
36685.0/37230.0 days/days; walltime: 2224.7
36686.0/37230.0 days/days; walltime: 1924.0
36687.0/37230.0 days/days; walltime: 1010.9
36688.0/37230.0 days/days; walltime: 367.8
36689.0/37230.0 days/days; walltime: 1190.0
36690.0/37230.0 days/days; walltime: 1374.1
36691.0/37230.0 days/days; walltime: 574.8
36692.0/37230.0 days/days; walltime: 736.4
36693.0/37230.0 days/days; walltime: 465.6
36694.0/37230.0 days/days; walltime: 154.2
36695.0/37230.0 days/days; walltime: 186.5
36696.0/37230.0 days/days; walltime: 166.7
36697.0/37230.0 days/days; walltime: 450.2
36698.0/37230.0 days/days; walltime: 883.2
36699.0/37230.0 days/days; walltime: 829.8
36700.0/37230.0 days/days; walltime: 785.6
36701.0/37230.0 days/days; walltime: 741.2
36702.0/37230.0 days/days; walltime: 323.0
36703.0/37230.0 days/days; walltime: 381.0
36704.0/37230.0 days/days; walltime: 404.4
36705.0/37230.0 days/days; walltime: 457.9
36706.0/37230.0 days/days; walltime: 760.1
36707.0/37230.0 days/days; walltime: 635.3
36708.0/37230.0 days/days; walltime: 950.9
36709.0/37230.0 days/days; walltime: 645.8
36710.0/37230.0 days/days; walltime: 167.6
36711.0/37230.0 days/days; walltime: 648.3
36712.0/37230.0 days/days; walltime: 292.2
36713.0/37230.0 days/days; walltime: 734.2
36714.0/37230.0 days/days; walltime: 149.8
36715.0/37230.0 days/days; walltime: 240.1
36716.0/37230.0 days/days; walltime: 220.0
36717.0/37230.0 days/days; walltime: 94.8
36718.0/37230.0 days/days; walltime: 76.9
36719.0/37230.0 days/days; walltime: 37.6
36720.0/37230.0 days/days; walltime: 731.0
36721.0/37230.0 days/days; walltime: 824.2
36722.0/37230.0 days/days; walltime: 942.3
36723.0/37230.0 days/days; walltime: 671.5
36724.0/37230.0 days/days; walltime: 899.3
36725.0/37230.0 days/days; walltime: 964.9
36726.0/37230.0 days/days; walltime: 120.1
36727.0/37230.0 days/days; walltime: 148.7
36728.0/37230.0 days/days; walltime: 1274.8
36729.0/37230.0 days/days; walltime: 1246.8
36730.0/37230.0 days/days; walltime: 1879.4
slurmstepd: error: *** JOB 61423562 ON cdr608 CANCELLED AT 2023-03-01T09:58:16 ***
