Case 3:
Picked up JAVA_TOOL_OPTIONS: -Xmx2g
Opening log file:  /tmp/java.log.23477

                            < M A T L A B (R) >
                  Copyright 1984-2022 The MathWorks, Inc.
                  R2022a (9.12.0.1884302) 64-bit (glnxa64)
                             February 16, 2022

 
To get started, type doc.
For product information, visit www.mathworks.com.
 

config = 

  struct with fields:

                 k_s: 0.1000
                 l_c: 10
            n_moulin: 68
    creep_const_soft: 0
             mesh_nr: 4
                 k_c: 0.2500
               h_bed: 0.5000
               l_bed: 10
               alpha: 3
                beta: 2
               omega: 0
                 e_v: 1.0000e-04

Running model run (ode15s):
Run to steady
Saving model run to
./RUN/output_103_steady.nc
Fields, IC & BC initialised
Initial phi calculated in 0.7s
0.0/36500.0 days/days; walltime: 18.2
-----1825.0/36500.0 days/days; walltime: 189.9
3650.0/36500.0 days/days; walltime: 3.5
5475.0/36500.0 days/days; walltime: 1.9
7300.0/36500.0 days/days; walltime: 1.2
----9125.0/36500.0 days/days; walltime: 5.2
10950.0/36500.0 days/days; walltime: 651.5
-------------------12775.0/36500.0 days/days; walltime: 386.5
14600.0/36500.0 days/days; walltime: 253.7
16425.0/36500.0 days/days; walltime: 282.9
----18250.0/36500.0 days/days; walltime: 197.2
20075.0/36500.0 days/days; walltime: 36.4
21900.0/36500.0 days/days; walltime: 13.3
23725.0/36500.0 days/days; walltime: 5.2
25550.0/36500.0 days/days; walltime: 2.9
27375.0/36500.0 days/days; walltime: 2.7
29200.0/36500.0 days/days; walltime: 1.8
31025.0/36500.0 days/days; walltime: 1.5
32850.0/36500.0 days/days; walltime: 2.2
34675.0/36500.0 days/days; walltime: 2.5
36500.0/36500.0 days/days; walltime: 3.4
Wallclock for model run: 2067.7s
 

fields = 

  struct with fields:

    nodes: [1x1 struct]
    edges: [1x1 struct]
       BC: [1x1 struct]

Running model run (ode15s):
Run seasonal
Saving model run to
./RUN/output_103_seasonal.nc
IC initialised from struct
IC initialised from file/given & rest from parameters and given functions
36500.0/36682.0 days/days; walltime: 20.4
36501.0/36682.0 days/days; walltime: 71.7
36502.0/36682.0 days/days; walltime: 8.6
36503.0/36682.0 days/days; walltime: 11.2
36504.0/36682.0 days/days; walltime: 18.1
36505.0/36682.0 days/days; walltime: 7.5
36506.0/36682.0 days/days; walltime: 7.9
36507.0/36682.0 days/days; walltime: 2.8
36508.0/36682.0 days/days; walltime: 4.7
36509.0/36682.0 days/days; walltime: 8.0
36510.0/36682.0 days/days; walltime: 9.5
36511.0/36682.0 days/days; walltime: 17.5
36512.0/36682.0 days/days; walltime: 1.6
36513.0/36682.0 days/days; walltime: 1.9
36514.0/36682.0 days/days; walltime: 1.9
36515.0/36682.0 days/days; walltime: 1.7
36516.0/36682.0 days/days; walltime: 1.8
36517.0/36682.0 days/days; walltime: 1.5
36518.0/36682.0 days/days; walltime: 1.3
36519.0/36682.0 days/days; walltime: 15.7
36520.0/36682.0 days/days; walltime: 1.0
36521.0/36682.0 days/days; walltime: 0.8
36522.0/36682.0 days/days; walltime: 1.0
36523.0/36682.0 days/days; walltime: 0.8
36524.0/36682.0 days/days; walltime: 0.8
36525.0/36682.0 days/days; walltime: 1.0
36526.0/36682.0 days/days; walltime: 1.0
36527.0/36682.0 days/days; walltime: 2.7
36528.0/36682.0 days/days; walltime: 0.7
36529.0/36682.0 days/days; walltime: 0.7
36530.0/36682.0 days/days; walltime: 0.7
36531.0/36682.0 days/days; walltime: 0.7
36532.0/36682.0 days/days; walltime: 0.5
36533.0/36682.0 days/days; walltime: 0.6
36534.0/36682.0 days/days; walltime: 0.5
36535.0/36682.0 days/days; walltime: 0.7
36536.0/36682.0 days/days; walltime: 0.7
36537.0/36682.0 days/days; walltime: 2.4
36538.0/36682.0 days/days; walltime: 0.4
36539.0/36682.0 days/days; walltime: 0.4
36540.0/36682.0 days/days; walltime: 0.6
36541.0/36682.0 days/days; walltime: 0.4
36542.0/36682.0 days/days; walltime: 0.4
36543.0/36682.0 days/days; walltime: 0.4
36544.0/36682.0 days/days; walltime: 0.4
36545.0/36682.0 days/days; walltime: 0.5
36546.0/36682.0 days/days; walltime: 0.7
36547.0/36682.0 days/days; walltime: 0.5
36548.0/36682.0 days/days; walltime: 2.1
36549.0/36682.0 days/days; walltime: 0.4
36550.0/36682.0 days/days; walltime: 0.4
36551.0/36682.0 days/days; walltime: 0.4
36552.0/36682.0 days/days; walltime: 0.4
36553.0/36682.0 days/days; walltime: 0.4
36554.0/36682.0 days/days; walltime: 0.5
36555.0/36682.0 days/days; walltime: 0.5
36556.0/36682.0 days/days; walltime: 0.5
36557.0/36682.0 days/days; walltime: 0.4
36558.0/36682.0 days/days; walltime: 0.5
36559.0/36682.0 days/days; walltime: 2.1
36560.0/36682.0 days/days; walltime: 0.3
36561.0/36682.0 days/days; walltime: 0.4
36562.0/36682.0 days/days; walltime: 0.3
36563.0/36682.0 days/days; walltime: 0.1
36564.0/36682.0 days/days; walltime: 0.4
36565.0/36682.0 days/days; walltime: 0.3
36566.0/36682.0 days/days; walltime: 0.3
36567.0/36682.0 days/days; walltime: 0.3
36568.0/36682.0 days/days; walltime: 0.3
36569.0/36682.0 days/days; walltime: 0.4
36570.0/36682.0 days/days; walltime: 0.4
36571.0/36682.0 days/days; walltime: 0.2
36572.0/36682.0 days/days; walltime: 0.4
36573.0/36682.0 days/days; walltime: 0.4
36574.0/36682.0 days/days; walltime: 0.2
36575.0/36682.0 days/days; walltime: 0.4
36576.0/36682.0 days/days; walltime: 0.3
36577.0/36682.0 days/days; walltime: 0.3
36578.0/36682.0 days/days; walltime: 0.3
36579.0/36682.0 days/days; walltime: 0.3
36580.0/36682.0 days/days; walltime: 0.3
36581.0/36682.0 days/days; walltime: 0.4
36582.0/36682.0 days/days; walltime: 0.1
36583.0/36682.0 days/days; walltime: 0.3
36584.0/36682.0 days/days; walltime: 0.1
36585.0/36682.0 days/days; walltime: 0.3
36586.0/36682.0 days/days; walltime: 0.3
36587.0/36682.0 days/days; walltime: 0.1
36588.0/36682.0 days/days; walltime: 0.3
36589.0/36682.0 days/days; walltime: 0.1
36590.0/36682.0 days/days; walltime: 0.3
36591.0/36682.0 days/days; walltime: 0.2
36592.0/36682.0 days/days; walltime: 0.3
36593.0/36682.0 days/days; walltime: 0.2
36594.0/36682.0 days/days; walltime: 0.3
36595.0/36682.0 days/days; walltime: 0.3
36596.0/36682.0 days/days; walltime: 0.1
36597.0/36682.0 days/days; walltime: 0.4
36598.0/36682.0 days/days; walltime: 0.3
36599.0/36682.0 days/days; walltime: 0.4
36600.0/36682.0 days/days; walltime: 0.1
36601.0/36682.0 days/days; walltime: 0.3
36602.0/36682.0 days/days; walltime: 0.3
36603.0/36682.0 days/days; walltime: 0.1
36604.0/36682.0 days/days; walltime: 0.3
36605.0/36682.0 days/days; walltime: 0.1
36606.0/36682.0 days/days; walltime: 0.3
36607.0/36682.0 days/days; walltime: 0.1
36608.0/36682.0 days/days; walltime: 0.3
36609.0/36682.0 days/days; walltime: 0.1
36610.0/36682.0 days/days; walltime: 0.3
36611.0/36682.0 days/days; walltime: 0.2
36612.0/36682.0 days/days; walltime: 0.3
36613.0/36682.0 days/days; walltime: 0.2
36614.0/36682.0 days/days; walltime: 0.3
36615.0/36682.0 days/days; walltime: 0.2
36616.0/36682.0 days/days; walltime: 0.3
36617.0/36682.0 days/days; walltime: 0.2
36618.0/36682.0 days/days; walltime: 0.1
36619.0/36682.0 days/days; walltime: 0.3
36620.0/36682.0 days/days; walltime: 0.2
36621.0/36682.0 days/days; walltime: 0.3
36622.0/36682.0 days/days; walltime: 3.5
--36623.0/36682.0 days/days; walltime: 56.2
36624.0/36682.0 days/days; walltime: 47.0
36625.0/36682.0 days/days; walltime: 1.4
36626.0/36682.0 days/days; walltime: 0.5
36627.0/36682.0 days/days; walltime: 0.3
36628.0/36682.0 days/days; walltime: 0.3
36629.0/36682.0 days/days; walltime: 0.2
36630.0/36682.0 days/days; walltime: 0.3
36631.0/36682.0 days/days; walltime: 0.2
36632.0/36682.0 days/days; walltime: 0.3
36633.0/36682.0 days/days; walltime: 0.2
36634.0/36682.0 days/days; walltime: 0.3
36635.0/36682.0 days/days; walltime: 0.1
36636.0/36682.0 days/days; walltime: 0.3
36637.0/36682.0 days/days; walltime: 0.1
36638.0/36682.0 days/days; walltime: 18.6
36639.0/36682.0 days/days; walltime: 62.5
36640.0/36682.0 days/days; walltime: 70.2
36641.0/36682.0 days/days; walltime: 56.7
36642.0/36682.0 days/days; walltime: 1.3
36643.0/36682.0 days/days; walltime: 1.1
36644.0/36682.0 days/days; walltime: 1.2
36645.0/36682.0 days/days; walltime: 1.2
36646.0/36682.0 days/days; walltime: 1.1
36647.0/36682.0 days/days; walltime: 1.0
36648.0/36682.0 days/days; walltime: 0.9
36649.0/36682.0 days/days; walltime: 0.8
36650.0/36682.0 days/days; walltime: 0.8
36651.0/36682.0 days/days; walltime: 3.9
36652.0/36682.0 days/days; walltime: 1.2
36653.0/36682.0 days/days; walltime: 63.2
36654.0/36682.0 days/days; walltime: 99.7
36655.0/36682.0 days/days; walltime: 359.7
36656.0/36682.0 days/days; walltime: 369.2
36657.0/36682.0 days/days; walltime: 430.0
36658.0/36682.0 days/days; walltime: 600.8
36659.0/36682.0 days/days; walltime: 74.0
36660.0/36682.0 days/days; walltime: 631.0
36661.0/36682.0 days/days; walltime: 292.7
36662.0/36682.0 days/days; walltime: 387.9
36663.0/36682.0 days/days; walltime: 373.4
36664.0/36682.0 days/days; walltime: 49.4
36665.0/36682.0 days/days; walltime: 85.6
36666.0/36682.0 days/days; walltime: 135.0
36667.0/36682.0 days/days; walltime: 193.5
36668.0/36682.0 days/days; walltime: 982.8
36669.0/36682.0 days/days; walltime: 629.0
36670.0/36682.0 days/days; walltime: 106.6
36671.0/36682.0 days/days; walltime: 83.0
36672.0/36682.0 days/days; walltime: 173.0
36673.0/36682.0 days/days; walltime: 404.0
36674.0/36682.0 days/days; walltime: 425.5
36675.0/36682.0 days/days; walltime: 152.9
36676.0/36682.0 days/days; walltime: 639.7
36677.0/36682.0 days/days; walltime: 585.7
36678.0/36682.0 days/days; walltime: 164.4
36679.0/36682.0 days/days; walltime: 338.8
36680.0/36682.0 days/days; walltime: 304.3
36681.0/36682.0 days/days; walltime: 182.5
36682.0/36682.0 days/days; walltime: 131.7
Wallclock for model run: 10044.0s
 

fields = 

  struct with fields:

    nodes: [1x1 struct]
    edges: [1x1 struct]
       BC: [1x1 struct]


ans =

   366


mean_melt =

    0.9566

No cases left; exiting.
