Case 2:
Picked up JAVA_TOOL_OPTIONS: -Xmx2g
Opening log file:  /tmp/java.log.17814

                            < M A T L A B (R) >
                  Copyright 1984-2022 The MathWorks, Inc.
                  R2022a (9.12.0.1884302) 64-bit (glnxa64)
                             February 16, 2022

 
To get started, type doc.
For product information, visit www.mathworks.com.
 

config = 

  struct with fields:

                 k_s: 0.0189
                 l_c: 10
            n_moulin: 68
    creep_const_soft: 0
             mesh_nr: 4
                 k_c: 0.2500
               h_bed: 0.5000
               l_bed: 10
               alpha: 1.5000
                beta: 1.5000
               omega: 0
                 e_v: 1.0000e-04

Running model run (ode15s):
Run to steady
Saving model run to
./RUN/output_102_steady.nc
Fields, IC & BC initialised
Initial phi calculated in 4.9s
0.0/36500.0 days/days; walltime: 23.8
------------------------------------------------------------------------1825.0/36500.0 days/days; walltime: 427.5
------------------------3650.0/36500.0 days/days; walltime: 2.0
------------5475.0/36500.0 days/days; walltime: 1.1
----------7300.0/36500.0 days/days; walltime: 0.8
--------------------------------------------------------------------------------------------------------------------------------------------------------------------------------------------------------------------------------------------------------------------------------------------------------------------------------------------------------------------------------------------------------------------------------------------------------------------------------------------------------------------------------------------------------------------------------------------------------------------------------------------------------------------------------------------------------------------------------------------------------------------------------------------------------------------------------------------------------------------------------------------------------------------------------------------------------------------------------------------------------------------------------------------------------------------------------------------------------------------------------------------------------------------------------------------------------------------------------------------------------------------------------------------------------------------------------------------------------------------------------------------------------------------------------------------------------------------------------------------------------------------------------------------------------------------------------------------------------------------------------------------------------------------------------------------------------------------------------------------------------------------------------------------------------------------------------------------------------------------------------------------------------------------------------------------------------------------9125.0/36500.0 days/days; walltime: 157.6
------------------------------------------------------------------------------------------------------------------------------------------------------------------------------------------------------------------------------------------------------------------------------------------------------------------------------------------------------------------------------------------------------------------------------------------------------------------------------------------------------------------------------------------------------------------------------------------------------------------------------------------------------------------------------------------------------------------------------------------------------------------------------------------------------------------------------------------------------------------------------------------------------------------------------------------------------------------------------------------------------------------------------------------------------------------------------------------------------------------------------------------------------------------------------------------------------------------------------------------------------------------------------------------------------------------------------------------------------------------------------------------------------------------------------------------------------------------------------------------------------------------------------------------------------------------------------------------------------------------------------------------------------------------------------------------------------------------------------------------------------------------------------------------------------------------------------------------------------------------------------------------------------------------------------------------------------------------------------------------------------------------------------------------------------------------------------------------------------------------------------------------------------------------------------------------------------------------------------------------------------------------------------------------------------------------------------10950.0/36500.0 days/days; walltime: 185.2
---------------------------------------------------------------------------------------------------------------------------------------------------------------------------------------------------------------------------------------------------------------------------------------------------------------------------------------------------------------------------------------------------------------------------------------------------------------12775.0/36500.0 days/days; walltime: 103.7
--------------------------------------------------------------------------------------------------------------------------------14600.0/36500.0 days/days; walltime: 189.9
-------------------------------------------------16425.0/36500.0 days/days; walltime: 152.8
---------------------------------18250.0/36500.0 days/days; walltime: 187.2
--20075.0/36500.0 days/days; walltime: 37.3
--21900.0/36500.0 days/days; walltime: 8.9
-23725.0/36500.0 days/days; walltime: 7.1
25550.0/36500.0 days/days; walltime: 4.7
27375.0/36500.0 days/days; walltime: 2.3
29200.0/36500.0 days/days; walltime: 1.4
31025.0/36500.0 days/days; walltime: 0.8
32850.0/36500.0 days/days; walltime: 0.6
34675.0/36500.0 days/days; walltime: 0.9
36500.0/36500.0 days/days; walltime: 0.9
Wallclock for model run: 1502.3s
 

fields = 

  struct with fields:

    nodes: [1x1 struct]
    edges: [1x1 struct]
       BC: [1x1 struct]

Running model run (ode15s):
Run seasonal
Saving model run to
./RUN/output_102_seasonal.nc
IC initialised from struct
IC initialised from file/given & rest from parameters and given functions
-36500.0/37230.0 days/days; walltime: 21.5
-36501.0/37230.0 days/days; walltime: 116.8
36502.0/37230.0 days/days; walltime: 3.3
36503.0/37230.0 days/days; walltime: 4.9
36504.0/37230.0 days/days; walltime: 2.4
36505.0/37230.0 days/days; walltime: 3.1
36506.0/37230.0 days/days; walltime: 4.5
36507.0/37230.0 days/days; walltime: 1.9
36508.0/37230.0 days/days; walltime: 2.0
36509.0/37230.0 days/days; walltime: 1.8
36510.0/37230.0 days/days; walltime: 3.7
36511.0/37230.0 days/days; walltime: 1.0
36512.0/37230.0 days/days; walltime: 0.9
36513.0/37230.0 days/days; walltime: 1.1
36514.0/37230.0 days/days; walltime: 1.2
----36515.0/37230.0 days/days; walltime: 3.3
36516.0/37230.0 days/days; walltime: 0.9
36517.0/37230.0 days/days; walltime: 0.7
36518.0/37230.0 days/days; walltime: 0.9
36519.0/37230.0 days/days; walltime: 0.8
-36520.0/37230.0 days/days; walltime: 0.9
36521.0/37230.0 days/days; walltime: 0.8
36522.0/37230.0 days/days; walltime: 0.7
36523.0/37230.0 days/days; walltime: 0.7
36524.0/37230.0 days/days; walltime: 0.6
36525.0/37230.0 days/days; walltime: 2.8
36526.0/37230.0 days/days; walltime: 0.6
36527.0/37230.0 days/days; walltime: 0.5
36528.0/37230.0 days/days; walltime: 0.7
36529.0/37230.0 days/days; walltime: 0.4
36530.0/37230.0 days/days; walltime: 0.5
36531.0/37230.0 days/days; walltime: 2.9
36532.0/37230.0 days/days; walltime: 0.5
36533.0/37230.0 days/days; walltime: 0.1
36534.0/37230.0 days/days; walltime: 0.4
36535.0/37230.0 days/days; walltime: 0.4
36536.0/37230.0 days/days; walltime: 0.1
36537.0/37230.0 days/days; walltime: 0.4
36538.0/37230.0 days/days; walltime: 0.5
36539.0/37230.0 days/days; walltime: 0.3
36540.0/37230.0 days/days; walltime: 0.4
36541.0/37230.0 days/days; walltime: 0.5
36542.0/37230.0 days/days; walltime: 0.3
36543.0/37230.0 days/days; walltime: 0.4
36544.0/37230.0 days/days; walltime: 0.3
36545.0/37230.0 days/days; walltime: 0.5
36546.0/37230.0 days/days; walltime: 0.3
36547.0/37230.0 days/days; walltime: 0.4
36548.0/37230.0 days/days; walltime: 0.3
36549.0/37230.0 days/days; walltime: 0.4
36550.0/37230.0 days/days; walltime: 0.3
36551.0/37230.0 days/days; walltime: 0.3
36552.0/37230.0 days/days; walltime: 0.3
36553.0/37230.0 days/days; walltime: 0.4
36554.0/37230.0 days/days; walltime: 0.3
36555.0/37230.0 days/days; walltime: 0.4
36556.0/37230.0 days/days; walltime: 2.3
36557.0/37230.0 days/days; walltime: 0.3
36558.0/37230.0 days/days; walltime: 0.3
36559.0/37230.0 days/days; walltime: 0.3
36560.0/37230.0 days/days; walltime: 0.4
36561.0/37230.0 days/days; walltime: 0.1
36562.0/37230.0 days/days; walltime: 0.3
36563.0/37230.0 days/days; walltime: 0.3
36564.0/37230.0 days/days; walltime: 0.3
36565.0/37230.0 days/days; walltime: 0.1
36566.0/37230.0 days/days; walltime: 0.3
36567.0/37230.0 days/days; walltime: 0.3
36568.0/37230.0 days/days; walltime: 0.1
36569.0/37230.0 days/days; walltime: 0.4
36570.0/37230.0 days/days; walltime: 0.1
36571.0/37230.0 days/days; walltime: 0.1
36572.0/37230.0 days/days; walltime: 0.4
36573.0/37230.0 days/days; walltime: 0.1
36574.0/37230.0 days/days; walltime: 0.1
36575.0/37230.0 days/days; walltime: 0.3
36576.0/37230.0 days/days; walltime: 0.3
36577.0/37230.0 days/days; walltime: 0.1
36578.0/37230.0 days/days; walltime: 0.3
36579.0/37230.0 days/days; walltime: 0.1
36580.0/37230.0 days/days; walltime: 0.1
36581.0/37230.0 days/days; walltime: 0.4
36582.0/37230.0 days/days; walltime: 0.1
36583.0/37230.0 days/days; walltime: 0.1
36584.0/37230.0 days/days; walltime: 0.1
36585.0/37230.0 days/days; walltime: 0.3
36586.0/37230.0 days/days; walltime: 0.1
36587.0/37230.0 days/days; walltime: 0.1
36588.0/37230.0 days/days; walltime: 0.1
36589.0/37230.0 days/days; walltime: 0.3
36590.0/37230.0 days/days; walltime: 0.1
36591.0/37230.0 days/days; walltime: 2.3
36592.0/37230.0 days/days; walltime: 0.1
36593.0/37230.0 days/days; walltime: 0.3
36594.0/37230.0 days/days; walltime: 0.1
36595.0/37230.0 days/days; walltime: 0.1
36596.0/37230.0 days/days; walltime: 0.1
36597.0/37230.0 days/days; walltime: 0.3
36598.0/37230.0 days/days; walltime: 0.1
36599.0/37230.0 days/days; walltime: 0.1
36600.0/37230.0 days/days; walltime: 0.1
36601.0/37230.0 days/days; walltime: 0.3
36602.0/37230.0 days/days; walltime: 0.1
36603.0/37230.0 days/days; walltime: 0.1
36604.0/37230.0 days/days; walltime: 0.1
36605.0/37230.0 days/days; walltime: 0.3
36607.0/37230.0 days/days; walltime: 0.1
36608.0/37230.0 days/days; walltime: 0.1
36609.0/37230.0 days/days; walltime: 0.1
36610.0/37230.0 days/days; walltime: 0.3
36611.0/37230.0 days/days; walltime: 0.1
36613.0/37230.0 days/days; walltime: 0.1
36614.0/37230.0 days/days; walltime: 0.1
36615.0/37230.0 days/days; walltime: 0.3
36616.0/37230.0 days/days; walltime: 0.1
36618.0/37230.0 days/days; walltime: 0.1
36619.0/37230.0 days/days; walltime: 0.1
36620.0/37230.0 days/days; walltime: 0.3
--36622.0/37230.0 days/days; walltime: 60.1
36623.0/37230.0 days/days; walltime: 98.7
36624.0/37230.0 days/days; walltime: 94.9
36625.0/37230.0 days/days; walltime: 1.2
36626.0/37230.0 days/days; walltime: 0.5
36627.0/37230.0 days/days; walltime: 0.3
36628.0/37230.0 days/days; walltime: 0.5
36629.0/37230.0 days/days; walltime: 0.3
36630.0/37230.0 days/days; walltime: 0.4
36631.0/37230.0 days/days; walltime: 0.1
36632.0/37230.0 days/days; walltime: 0.4
36633.0/37230.0 days/days; walltime: 0.1
36634.0/37230.0 days/days; walltime: 0.1
36635.0/37230.0 days/days; walltime: 0.1
36636.0/37230.0 days/days; walltime: 0.3
36637.0/37230.0 days/days; walltime: 0.5
--36638.0/37230.0 days/days; walltime: 14.8
36639.0/37230.0 days/days; walltime: 134.7
36640.0/37230.0 days/days; walltime: 156.3
36641.0/37230.0 days/days; walltime: 41.7
36642.0/37230.0 days/days; walltime: 1.0
36643.0/37230.0 days/days; walltime: 2.2
36644.0/37230.0 days/days; walltime: 0.6
36645.0/37230.0 days/days; walltime: 3.8
36646.0/37230.0 days/days; walltime: 0.4
36647.0/37230.0 days/days; walltime: 0.2
36648.0/37230.0 days/days; walltime: 0.4
36649.0/37230.0 days/days; walltime: 0.4
36650.0/37230.0 days/days; walltime: 0.1
36651.0/37230.0 days/days; walltime: 0.3
36652.0/37230.0 days/days; walltime: 2.6
36653.0/37230.0 days/days; walltime: 121.5
36654.0/37230.0 days/days; walltime: 249.5
36655.0/37230.0 days/days; walltime: 552.0
36656.0/37230.0 days/days; walltime: 537.3
36657.0/37230.0 days/days; walltime: 684.4
36658.0/37230.0 days/days; walltime: 591.1
36659.0/37230.0 days/days; walltime: 493.2
36660.0/37230.0 days/days; walltime: 699.0
36661.0/37230.0 days/days; walltime: 491.1
36662.0/37230.0 days/days; walltime: 432.9
36663.0/37230.0 days/days; walltime: 140.2
36664.0/37230.0 days/days; walltime: 79.5
36665.0/37230.0 days/days; walltime: 86.3
36666.0/37230.0 days/days; walltime: 279.9
36667.0/37230.0 days/days; walltime: 256.0
36668.0/37230.0 days/days; walltime: 834.4
36669.0/37230.0 days/days; walltime: 513.3
36670.0/37230.0 days/days; walltime: 218.5
36671.0/37230.0 days/days; walltime: 68.8
36672.0/37230.0 days/days; walltime: 116.8
36673.0/37230.0 days/days; walltime: 267.3
36674.0/37230.0 days/days; walltime: 124.0
36675.0/37230.0 days/days; walltime: 163.1
36676.0/37230.0 days/days; walltime: 354.0
36677.0/37230.0 days/days; walltime: 495.7
36678.0/37230.0 days/days; walltime: 13.0
36679.0/37230.0 days/days; walltime: 59.2
36680.0/37230.0 days/days; walltime: 102.1
36681.0/37230.0 days/days; walltime: 64.1
36682.0/37230.0 days/days; walltime: 44.6
36683.0/37230.0 days/days; walltime: 114.9
36684.0/37230.0 days/days; walltime: 91.5
36685.0/37230.0 days/days; walltime: 517.8
36686.0/37230.0 days/days; walltime: 286.1
36687.0/37230.0 days/days; walltime: 713.2
36688.0/37230.0 days/days; walltime: 128.2
36689.0/37230.0 days/days; walltime: 541.8
36690.0/37230.0 days/days; walltime: 629.8
36691.0/37230.0 days/days; walltime: 428.1
36692.0/37230.0 days/days; walltime: 101.3
36693.0/37230.0 days/days; walltime: 61.8
36694.0/37230.0 days/days; walltime: 39.9
36695.0/37230.0 days/days; walltime: 46.4
36696.0/37230.0 days/days; walltime: 29.8
36697.0/37230.0 days/days; walltime: 38.3
36698.0/37230.0 days/days; walltime: 80.5
36699.0/37230.0 days/days; walltime: 18.5
36700.0/37230.0 days/days; walltime: 259.9
36701.0/37230.0 days/days; walltime: 184.0
36702.0/37230.0 days/days; walltime: 122.2
36703.0/37230.0 days/days; walltime: 94.8
36704.0/37230.0 days/days; walltime: 168.0
36705.0/37230.0 days/days; walltime: 540.5
36706.0/37230.0 days/days; walltime: 187.4
36707.0/37230.0 days/days; walltime: 144.4
36708.0/37230.0 days/days; walltime: 184.0
36709.0/37230.0 days/days; walltime: 47.8
36710.0/37230.0 days/days; walltime: 111.2
36711.0/37230.0 days/days; walltime: 237.3
36712.0/37230.0 days/days; walltime: 72.4
36713.0/37230.0 days/days; walltime: 274.2
36714.0/37230.0 days/days; walltime: 24.3
36715.0/37230.0 days/days; walltime: 19.2
36716.0/37230.0 days/days; walltime: 14.6
36717.0/37230.0 days/days; walltime: 16.8
36718.0/37230.0 days/days; walltime: 19.5
36719.0/37230.0 days/days; walltime: 11.1
36720.0/37230.0 days/days; walltime: 105.5
36721.0/37230.0 days/days; walltime: 384.1
36722.0/37230.0 days/days; walltime: 218.9
36723.0/37230.0 days/days; walltime: 556.9
36724.0/37230.0 days/days; walltime: 634.2
36725.0/37230.0 days/days; walltime: 533.9
36726.0/37230.0 days/days; walltime: 397.7
36727.0/37230.0 days/days; walltime: 56.6
36728.0/37230.0 days/days; walltime: 734.0
36729.0/37230.0 days/days; walltime: 489.5
36730.0/37230.0 days/days; walltime: 654.1
36731.0/37230.0 days/days; walltime: 154.5
36732.0/37230.0 days/days; walltime: 56.1
36733.0/37230.0 days/days; walltime: 404.4
36734.0/37230.0 days/days; walltime: 23.9
36735.0/37230.0 days/days; walltime: 23.7
36736.0/37230.0 days/days; walltime: 78.3
36737.0/37230.0 days/days; walltime: 13.0
36738.0/37230.0 days/days; walltime: 5.1
36739.0/37230.0 days/days; walltime: 49.6
36740.0/37230.0 days/days; walltime: 51.4
36741.0/37230.0 days/days; walltime: 390.4
36742.0/37230.0 days/days; walltime: 1176.3
36743.0/37230.0 days/days; walltime: 744.1
36744.0/37230.0 days/days; walltime: 595.0
36745.0/37230.0 days/days; walltime: 13.0
36746.0/37230.0 days/days; walltime: 38.9
36747.0/37230.0 days/days; walltime: 164.1
36748.0/37230.0 days/days; walltime: 407.1
36749.0/37230.0 days/days; walltime: 391.1
36750.0/37230.0 days/days; walltime: 14.9
36751.0/37230.0 days/days; walltime: 9.5
36752.0/37230.0 days/days; walltime: 48.4
36753.0/37230.0 days/days; walltime: 8.3
36754.0/37230.0 days/days; walltime: 2.9
36755.0/37230.0 days/days; walltime: 2.6
36756.0/37230.0 days/days; walltime: 4.3
36757.0/37230.0 days/days; walltime: 1.8
36758.0/37230.0 days/days; walltime: 1.7
36759.0/37230.0 days/days; walltime: 1.6
36760.0/37230.0 days/days; walltime: 17.4
36761.0/37230.0 days/days; walltime: 115.5
36762.0/37230.0 days/days; walltime: 122.8
36763.0/37230.0 days/days; walltime: 5.4
36764.0/37230.0 days/days; walltime: 141.9
36765.0/37230.0 days/days; walltime: 157.5
36766.0/37230.0 days/days; walltime: 1.4
36767.0/37230.0 days/days; walltime: 1.0
36768.0/37230.0 days/days; walltime: 0.8
36769.0/37230.0 days/days; walltime: 0.8
36770.0/37230.0 days/days; walltime: 0.9
36771.0/37230.0 days/days; walltime: 0.8
36772.0/37230.0 days/days; walltime: 0.7
36773.0/37230.0 days/days; walltime: 0.6
36774.0/37230.0 days/days; walltime: 0.5
36775.0/37230.0 days/days; walltime: 2.8
36776.0/37230.0 days/days; walltime: 0.4
36777.0/37230.0 days/days; walltime: 0.5
36778.0/37230.0 days/days; walltime: 0.5
36779.0/37230.0 days/days; walltime: 0.4
36780.0/37230.0 days/days; walltime: 0.3
36781.0/37230.0 days/days; walltime: 0.5
36782.0/37230.0 days/days; walltime: 119.5
36783.0/37230.0 days/days; walltime: 328.2
36784.0/37230.0 days/days; walltime: 358.4
36785.0/37230.0 days/days; walltime: 700.6
36786.0/37230.0 days/days; walltime: 32.2
36787.0/37230.0 days/days; walltime: 11.3
36788.0/37230.0 days/days; walltime: 1.0
36789.0/37230.0 days/days; walltime: 7.3
36790.0/37230.0 days/days; walltime: 14.0
36791.0/37230.0 days/days; walltime: 0.8
36792.0/37230.0 days/days; walltime: 1.2
36793.0/37230.0 days/days; walltime: 1.2
36794.0/37230.0 days/days; walltime: 0.9
36795.0/37230.0 days/days; walltime: 0.9
36796.0/37230.0 days/days; walltime: 0.9
36797.0/37230.0 days/days; walltime: 2.8
36798.0/37230.0 days/days; walltime: 0.7
36799.0/37230.0 days/days; walltime: 0.9
36800.0/37230.0 days/days; walltime: 0.6
36801.0/37230.0 days/days; walltime: 0.6
36802.0/37230.0 days/days; walltime: 0.4
36803.0/37230.0 days/days; walltime: 0.7
36804.0/37230.0 days/days; walltime: 0.5
36805.0/37230.0 days/days; walltime: 4.8
36806.0/37230.0 days/days; walltime: 0.5
36807.0/37230.0 days/days; walltime: 0.3
36808.0/37230.0 days/days; walltime: 2.8
36809.0/37230.0 days/days; walltime: 0.3
36810.0/37230.0 days/days; walltime: 0.4
36811.0/37230.0 days/days; walltime: 0.3
36812.0/37230.0 days/days; walltime: 0.4
36813.0/37230.0 days/days; walltime: 0.3
36814.0/37230.0 days/days; walltime: 0.3
36815.0/37230.0 days/days; walltime: 0.3
36816.0/37230.0 days/days; walltime: 0.1
36817.0/37230.0 days/days; walltime: 0.9
36818.0/37230.0 days/days; walltime: 0.1
36819.0/37230.0 days/days; walltime: 0.4
36820.0/37230.0 days/days; walltime: 0.1
36821.0/37230.0 days/days; walltime: 0.1
36822.0/37230.0 days/days; walltime: 0.4
36823.0/37230.0 days/days; walltime: 0.1
36824.0/37230.0 days/days; walltime: 0.1
36825.0/37230.0 days/days; walltime: 0.4
36826.0/37230.0 days/days; walltime: 0.1
36827.0/37230.0 days/days; walltime: 0.1
36828.0/37230.0 days/days; walltime: 0.1
36829.0/37230.0 days/days; walltime: 0.3
36830.0/37230.0 days/days; walltime: 0.1
36831.0/37230.0 days/days; walltime: 0.1
36832.0/37230.0 days/days; walltime: 0.1
36833.0/37230.0 days/days; walltime: 0.3
36834.0/37230.0 days/days; walltime: 0.1
36835.0/37230.0 days/days; walltime: 0.1
36836.0/37230.0 days/days; walltime: 0.1
36837.0/37230.0 days/days; walltime: 0.3
36838.0/37230.0 days/days; walltime: 0.1
36839.0/37230.0 days/days; walltime: 0.1
36840.0/37230.0 days/days; walltime: 0.1
36841.0/37230.0 days/days; walltime: 0.3
36842.0/37230.0 days/days; walltime: 0.1
36843.0/37230.0 days/days; walltime: 0.1
36845.0/37230.0 days/days; walltime: 0.1
36846.0/37230.0 days/days; walltime: 0.3
36847.0/37230.0 days/days; walltime: 0.1
36848.0/37230.0 days/days; walltime: 0.1
36850.0/37230.0 days/days; walltime: 0.1
36851.0/37230.0 days/days; walltime: 0.3
36853.0/37230.0 days/days; walltime: 0.1
36854.0/37230.0 days/days; walltime: 22.9
36855.0/37230.0 days/days; walltime: 0.4
36856.0/37230.0 days/days; walltime: 0.1
36857.0/37230.0 days/days; walltime: 0.1
36858.0/37230.0 days/days; walltime: 0.3
36860.0/37230.0 days/days; walltime: 0.1
36862.0/37230.0 days/days; walltime: 0.1
36863.0/37230.0 days/days; walltime: 0.1
36865.0/37230.0 days/days; walltime: 0.1
36867.0/37230.0 days/days; walltime: 0.1
36868.0/37230.0 days/days; walltime: 0.1
36870.0/37230.0 days/days; walltime: 0.3
36872.0/37230.0 days/days; walltime: 0.1
36874.0/37230.0 days/days; walltime: 0.1
36875.0/37230.0 days/days; walltime: 0.1
36877.0/37230.0 days/days; walltime: 0.3
36879.0/37230.0 days/days; walltime: 0.1
36881.0/37230.0 days/days; walltime: 0.1
36882.0/37230.0 days/days; walltime: 0.1
36884.0/37230.0 days/days; walltime: 0.3
36886.0/37230.0 days/days; walltime: 0.1
36888.0/37230.0 days/days; walltime: 0.1
36890.0/37230.0 days/days; walltime: 0.1
36892.0/37230.0 days/days; walltime: 0.3
36894.0/37230.0 days/days; walltime: 0.1
36896.0/37230.0 days/days; walltime: 0.1
36898.0/37230.0 days/days; walltime: 0.1
36900.0/37230.0 days/days; walltime: 0.3
36902.0/37230.0 days/days; walltime: 0.1
36904.0/37230.0 days/days; walltime: 0.1
36906.0/37230.0 days/days; walltime: 0.1
36908.0/37230.0 days/days; walltime: 0.3
36910.0/37230.0 days/days; walltime: 0.1
-36913.0/37230.0 days/days; walltime: 0.1
36915.0/37230.0 days/days; walltime: 0.1
36917.0/37230.0 days/days; walltime: 0.3
36919.0/37230.0 days/days; walltime: 0.1
36922.0/37230.0 days/days; walltime: 0.1
36924.0/37230.0 days/days; walltime: 0.1
36926.0/37230.0 days/days; walltime: 0.3
36929.0/37230.0 days/days; walltime: 0.1
36931.0/37230.0 days/days; walltime: 0.1
36934.0/37230.0 days/days; walltime: 0.1
36936.0/37230.0 days/days; walltime: 0.3
36939.0/37230.0 days/days; walltime: 0.1
36942.0/37230.0 days/days; walltime: 0.1
36944.0/37230.0 days/days; walltime: 0.1
36947.0/37230.0 days/days; walltime: 0.3
36950.0/37230.0 days/days; walltime: 0.1
36953.0/37230.0 days/days; walltime: 0.1
36956.0/37230.0 days/days; walltime: 0.1
36958.0/37230.0 days/days; walltime: 0.3
36962.0/37230.0 days/days; walltime: 0.1
36965.0/37230.0 days/days; walltime: 0.1
36968.0/37230.0 days/days; walltime: 0.1
36971.0/37230.0 days/days; walltime: 0.3
36974.0/37230.0 days/days; walltime: 0.1
36977.0/37230.0 days/days; walltime: 0.1
36981.0/37230.0 days/days; walltime: 0.1
36984.0/37230.0 days/days; walltime: 0.3
36987.0/37230.0 days/days; walltime: 0.1
36991.0/37230.0 days/days; walltime: 0.1
36994.0/37230.0 days/days; walltime: 0.1
36998.0/37230.0 days/days; walltime: 0.3
---37002.0/37230.0 days/days; walltime: 2.6
--37003.0/37230.0 days/days; walltime: 18.6
37004.0/37230.0 days/days; walltime: 141.1
37005.0/37230.0 days/days; walltime: 177.5
37006.0/37230.0 days/days; walltime: 42.7
37007.0/37230.0 days/days; walltime: 1.3
37008.0/37230.0 days/days; walltime: 0.8
37009.0/37230.0 days/days; walltime: 0.8
37010.0/37230.0 days/days; walltime: 0.6
37011.0/37230.0 days/days; walltime: 2.6
37012.0/37230.0 days/days; walltime: 0.4
37013.0/37230.0 days/days; walltime: 0.4
37014.0/37230.0 days/days; walltime: 0.3
37015.0/37230.0 days/days; walltime: 0.1
37016.0/37230.0 days/days; walltime: 0.3
-37017.0/37230.0 days/days; walltime: 2.5
37018.0/37230.0 days/days; walltime: 117.5
37019.0/37230.0 days/days; walltime: 236.1
37020.0/37230.0 days/days; walltime: 622.2
37021.0/37230.0 days/days; walltime: 548.0
37022.0/37230.0 days/days; walltime: 691.0
37023.0/37230.0 days/days; walltime: 592.7
37024.0/37230.0 days/days; walltime: 510.9
37025.0/37230.0 days/days; walltime: 708.2
37026.0/37230.0 days/days; walltime: 487.5
37027.0/37230.0 days/days; walltime: 464.5
37028.0/37230.0 days/days; walltime: 130.9
37029.0/37230.0 days/days; walltime: 75.1
37030.0/37230.0 days/days; walltime: 91.3
37031.0/37230.0 days/days; walltime: 288.2
37032.0/37230.0 days/days; walltime: 279.8
37033.0/37230.0 days/days; walltime: 872.3
37034.0/37230.0 days/days; walltime: 554.8
37035.0/37230.0 days/days; walltime: 272.6
37036.0/37230.0 days/days; walltime: 71.4
37037.0/37230.0 days/days; walltime: 94.0
37038.0/37230.0 days/days; walltime: 291.5
37039.0/37230.0 days/days; walltime: 135.4
37040.0/37230.0 days/days; walltime: 159.5
37041.0/37230.0 days/days; walltime: 379.2
37042.0/37230.0 days/days; walltime: 511.9
37043.0/37230.0 days/days; walltime: 15.0
37044.0/37230.0 days/days; walltime: 67.1
37045.0/37230.0 days/days; walltime: 78.1
37046.0/37230.0 days/days; walltime: 54.1
37047.0/37230.0 days/days; walltime: 44.4
37048.0/37230.0 days/days; walltime: 102.0
37049.0/37230.0 days/days; walltime: 105.7
37050.0/37230.0 days/days; walltime: 492.2
37051.0/37230.0 days/days; walltime: 299.6
37052.0/37230.0 days/days; walltime: 709.2
37053.0/37230.0 days/days; walltime: 131.0
37054.0/37230.0 days/days; walltime: 565.8
37055.0/37230.0 days/days; walltime: 666.4
37056.0/37230.0 days/days; walltime: 471.5
37057.0/37230.0 days/days; walltime: 106.7
37058.0/37230.0 days/days; walltime: 69.0
37059.0/37230.0 days/days; walltime: 32.5
37060.0/37230.0 days/days; walltime: 57.2
37061.0/37230.0 days/days; walltime: 32.6
37062.0/37230.0 days/days; walltime: 36.3
37063.0/37230.0 days/days; walltime: 93.7
37064.0/37230.0 days/days; walltime: 18.6
37065.0/37230.0 days/days; walltime: 270.7
37066.0/37230.0 days/days; walltime: 193.8
37067.0/37230.0 days/days; walltime: 151.7
37068.0/37230.0 days/days; walltime: 98.4
37069.0/37230.0 days/days; walltime: 165.5
37070.0/37230.0 days/days; walltime: 545.7
37071.0/37230.0 days/days; walltime: 179.2
37072.0/37230.0 days/days; walltime: 201.2
37073.0/37230.0 days/days; walltime: 170.2
37074.0/37230.0 days/days; walltime: 48.3
37075.0/37230.0 days/days; walltime: 98.2
37076.0/37230.0 days/days; walltime: 229.9
37077.0/37230.0 days/days; walltime: 70.3
37078.0/37230.0 days/days; walltime: 292.1
37079.0/37230.0 days/days; walltime: 33.0
37080.0/37230.0 days/days; walltime: 10.5
37081.0/37230.0 days/days; walltime: 14.1
37082.0/37230.0 days/days; walltime: 14.4
37083.0/37230.0 days/days; walltime: 20.2
37084.0/37230.0 days/days; walltime: 10.0
37085.0/37230.0 days/days; walltime: 94.1
37086.0/37230.0 days/days; walltime: 363.9
37087.0/37230.0 days/days; walltime: 227.2
37088.0/37230.0 days/days; walltime: 536.7
