Case 1:
Picked up JAVA_TOOL_OPTIONS: -Xmx2g
Opening log file:  /tmp/java.log.27434

                            < M A T L A B (R) >
                  Copyright 1984-2022 The MathWorks, Inc.
                  R2022a (9.12.0.1884302) 64-bit (glnxa64)
                             February 16, 2022

 
To get started, type doc.
For product information, visit www.mathworks.com.
 

config = 

  struct with fields:

                 k_s: 0.0094
                 l_c: 10
            n_moulin: 68
    creep_const_soft: 0
             mesh_nr: 4
                 k_c: 0.2500
               h_bed: 0.5000
               l_bed: 10
               alpha: 1.2500
                beta: 1.5000
               omega: 0
                 e_v: 1.0000e-04

Running model run (ode15s):
Run to steady
Saving model run to
./RUN/output_101_steady.nc
Fields, IC & BC initialised
Initial phi calculated in 1.6s
0.0/36500.0 days/days; walltime: 22.8
-----------------------------------------------------------------------------------------------------------------------------------------------------1825.0/36500.0 days/days; walltime: 287.3
--------------3650.0/36500.0 days/days; walltime: 1.6
-----------5475.0/36500.0 days/days; walltime: 1.0
--------7300.0/36500.0 days/days; walltime: 0.7
------------------------------------------------------------------------------------------------------------------------------------------------------------------------------------------9125.0/36500.0 days/days; walltime: 14.5
------------------------------------------------------------------------------------------------------------------------------------------------------------------------------------------------------------------------------------------------------------------------------------------------------------------------------------------------------------------------------------------------------------------------------------------------------------------------------------------------------------------------------------------------------------------------------------------------------------------------------------------------------------------------------------------------------------------------------------------------------------------------------------------------------------------------------------------------------------------------------------------------------------------------------------------------------------------------------------------------------------------------------------------------------------------------------------------------------------------------------------------------------------------------------------------------------------------------------------------------------------------------------------------------------------------------------------------------------------------------------------------------------------------------------------------------------------------------------------------------------------------------------------------------------------------------------------------------------------------------------------------------------------------------------------------------------------------------------------------------------------------------------------------------------------------------------------------------------------------------------------------------------------------------------------------------------------------------------------------------------10950.0/36500.0 days/days; walltime: 140.8
--------------------------------------------------------------------------------------------------------------------------------------------------------------------------------------------------------------------------------------------------------------------------------------------------------------------------------------------------------------------------------------------------------------------------------------------------------------------------------------------------------------------------------------------------------------------------------------------------------------------------------------------------------------------------------------------------------------------------------------------------------------------------------------------------------------------------------------------------------------------------------------------------------------------------------------------------------------------------------------------------------------------------------------------------------12775.0/36500.0 days/days; walltime: 92.8
----------------------------------------------------------------------------------------------------------------------------14600.0/36500.0 days/days; walltime: 166.4
---------------------------------------------------------------------------16425.0/36500.0 days/days; walltime: 121.4
-----------------------------------------------------------------------------18250.0/36500.0 days/days; walltime: 92.7
20075.0/36500.0 days/days; walltime: 30.3
21900.0/36500.0 days/days; walltime: 9.9
23725.0/36500.0 days/days; walltime: 6.6
25550.0/36500.0 days/days; walltime: 5.9
27375.0/36500.0 days/days; walltime: 2.2
29200.0/36500.0 days/days; walltime: 2.0
-31025.0/36500.0 days/days; walltime: 1.9
32850.0/36500.0 days/days; walltime: 1.7
34675.0/36500.0 days/days; walltime: 3.5
36500.0/36500.0 days/days; walltime: 0.9
Wallclock for model run: 1013.4s
 

fields = 

  struct with fields:

    nodes: [1x1 struct]
    edges: [1x1 struct]
       BC: [1x1 struct]

Running model run (ode15s):
Run seasonal
Saving model run to
./RUN/output_101_seasonal.nc
IC initialised from struct
IC initialised from file/given & rest from parameters and given functions
36500.0/37230.0 days/days; walltime: 19.8
36501.0/37230.0 days/days; walltime: 113.5
36502.0/37230.0 days/days; walltime: 2.9
36503.0/37230.0 days/days; walltime: 3.7
36504.0/37230.0 days/days; walltime: 2.5
------------------------------------36505.0/37230.0 days/days; walltime: 4.1
-36506.0/37230.0 days/days; walltime: 1.8
-----36507.0/37230.0 days/days; walltime: 1.8
------36508.0/37230.0 days/days; walltime: 3.5
36509.0/37230.0 days/days; walltime: 1.1
36510.0/37230.0 days/days; walltime: 1.0
36511.0/37230.0 days/days; walltime: 1.2
36512.0/37230.0 days/days; walltime: 1.1
36513.0/37230.0 days/days; walltime: 1.1
36514.0/37230.0 days/days; walltime: 2.7
36515.0/37230.0 days/days; walltime: 0.7
36516.0/37230.0 days/days; walltime: 0.8
36517.0/37230.0 days/days; walltime: 0.7
36518.0/37230.0 days/days; walltime: 0.7
36519.0/37230.0 days/days; walltime: 0.6
36520.0/37230.0 days/days; walltime: 0.7
36521.0/37230.0 days/days; walltime: 2.5
36522.0/37230.0 days/days; walltime: 0.5
36523.0/37230.0 days/days; walltime: 0.6
36524.0/37230.0 days/days; walltime: 0.5
36525.0/37230.0 days/days; walltime: 0.6
36526.0/37230.0 days/days; walltime: 0.5
36527.0/37230.0 days/days; walltime: 0.3
36528.0/37230.0 days/days; walltime: 11.6
36529.0/37230.0 days/days; walltime: 0.7
36530.0/37230.0 days/days; walltime: 0.1
36531.0/37230.0 days/days; walltime: 0.2
36532.0/37230.0 days/days; walltime: 0.1
36533.0/37230.0 days/days; walltime: 0.4
36534.0/37230.0 days/days; walltime: 0.2
36535.0/37230.0 days/days; walltime: 0.5
36536.0/37230.0 days/days; walltime: 0.4
36537.0/37230.0 days/days; walltime: 0.2
36538.0/37230.0 days/days; walltime: 0.4
36539.0/37230.0 days/days; walltime: 0.2
36540.0/37230.0 days/days; walltime: 0.4
36541.0/37230.0 days/days; walltime: 0.2
36542.0/37230.0 days/days; walltime: 0.4
36543.0/37230.0 days/days; walltime: 0.2
36544.0/37230.0 days/days; walltime: 0.4
36545.0/37230.0 days/days; walltime: 0.2
36546.0/37230.0 days/days; walltime: 0.4
36547.0/37230.0 days/days; walltime: 0.1
36548.0/37230.0 days/days; walltime: 0.2
36549.0/37230.0 days/days; walltime: 0.4
36550.0/37230.0 days/days; walltime: 0.2
36551.0/37230.0 days/days; walltime: 0.2
36552.0/37230.0 days/days; walltime: 0.2
36553.0/37230.0 days/days; walltime: 0.1
36554.0/37230.0 days/days; walltime: 2.3
36555.0/37230.0 days/days; walltime: 0.2
36556.0/37230.0 days/days; walltime: 0.2
36557.0/37230.0 days/days; walltime: 0.1
36558.0/37230.0 days/days; walltime: 0.2
36559.0/37230.0 days/days; walltime: 0.2
36560.0/37230.0 days/days; walltime: 0.2
36561.0/37230.0 days/days; walltime: 0.1
36562.0/37230.0 days/days; walltime: 0.2
36563.0/37230.0 days/days; walltime: 0.2
36564.0/37230.0 days/days; walltime: 0.1
36565.0/37230.0 days/days; walltime: 0.2
36566.0/37230.0 days/days; walltime: 0.1
36567.0/37230.0 days/days; walltime: 0.2
36568.0/37230.0 days/days; walltime: 0.2
36569.0/37230.0 days/days; walltime: 0.1
36570.0/37230.0 days/days; walltime: 0.1
36571.0/37230.0 days/days; walltime: 0.1
36572.0/37230.0 days/days; walltime: 0.4
36573.0/37230.0 days/days; walltime: 0.1
36574.0/37230.0 days/days; walltime: 0.1
36575.0/37230.0 days/days; walltime: 0.2
36576.0/37230.0 days/days; walltime: 0.1
36577.0/37230.0 days/days; walltime: 0.1
36578.0/37230.0 days/days; walltime: 0.1
-36579.0/37230.0 days/days; walltime: 0.2
36580.0/37230.0 days/days; walltime: 0.1
36581.0/37230.0 days/days; walltime: 2.1
36582.0/37230.0 days/days; walltime: 0.1
36583.0/37230.0 days/days; walltime: 0.2
36584.0/37230.0 days/days; walltime: 0.1
36585.0/37230.0 days/days; walltime: 0.1
36586.0/37230.0 days/days; walltime: 0.1
36587.0/37230.0 days/days; walltime: 0.2
36588.0/37230.0 days/days; walltime: 0.1
36589.0/37230.0 days/days; walltime: 0.1
36590.0/37230.0 days/days; walltime: 0.1
36591.0/37230.0 days/days; walltime: 0.2
36592.0/37230.0 days/days; walltime: 0.1
36593.0/37230.0 days/days; walltime: 0.1
36594.0/37230.0 days/days; walltime: 0.1
36595.0/37230.0 days/days; walltime: 0.2
-36596.0/37230.0 days/days; walltime: 0.1
36598.0/37230.0 days/days; walltime: 0.1
36599.0/37230.0 days/days; walltime: 0.1
36600.0/37230.0 days/days; walltime: 0.2
36601.0/37230.0 days/days; walltime: 0.1
36602.0/37230.0 days/days; walltime: 0.1
36604.0/37230.0 days/days; walltime: 0.1
36605.0/37230.0 days/days; walltime: 0.2
36606.0/37230.0 days/days; walltime: 0.1
36607.0/37230.0 days/days; walltime: 0.1
36609.0/37230.0 days/days; walltime: 0.1
36610.0/37230.0 days/days; walltime: 0.2
36611.0/37230.0 days/days; walltime: 0.1
36613.0/37230.0 days/days; walltime: 0.1
36614.0/37230.0 days/days; walltime: 0.1
36615.0/37230.0 days/days; walltime: 0.2
36617.0/37230.0 days/days; walltime: 0.1
36618.0/37230.0 days/days; walltime: 0.1
36620.0/37230.0 days/days; walltime: 0.1
36621.0/37230.0 days/days; walltime: 0.2
36623.0/37230.0 days/days; walltime: 0.1
36624.0/37230.0 days/days; walltime: 0.1
36626.0/37230.0 days/days; walltime: 0.1
36627.0/37230.0 days/days; walltime: 0.2
36629.0/37230.0 days/days; walltime: 0.1
36631.0/37230.0 days/days; walltime: 0.1
36632.0/37230.0 days/days; walltime: 0.1
--36634.0/37230.0 days/days; walltime: 28.6
36635.0/37230.0 days/days; walltime: 30.0
36636.0/37230.0 days/days; walltime: 16.9
36637.0/37230.0 days/days; walltime: 0.2
--36638.0/37230.0 days/days; walltime: 13.2
36639.0/37230.0 days/days; walltime: 131.4
36640.0/37230.0 days/days; walltime: 132.4
36641.0/37230.0 days/days; walltime: 34.4
36642.0/37230.0 days/days; walltime: 1.4
36643.0/37230.0 days/days; walltime: 0.7
36644.0/37230.0 days/days; walltime: 0.7
36645.0/37230.0 days/days; walltime: 0.6
36646.0/37230.0 days/days; walltime: 0.5
36647.0/37230.0 days/days; walltime: 0.5
36648.0/37230.0 days/days; walltime: 0.2
36649.0/37230.0 days/days; walltime: 2.4
36650.0/37230.0 days/days; walltime: 0.1
36651.0/37230.0 days/days; walltime: 0.3
36652.0/37230.0 days/days; walltime: 0.1
--36653.0/37230.0 days/days; walltime: 116.8
36654.0/37230.0 days/days; walltime: 260.6
36655.0/37230.0 days/days; walltime: 395.6
36656.0/37230.0 days/days; walltime: 324.8
36657.0/37230.0 days/days; walltime: 516.8
36658.0/37230.0 days/days; walltime: 706.0
36659.0/37230.0 days/days; walltime: 162.1
36660.0/37230.0 days/days; walltime: 512.0
36661.0/37230.0 days/days; walltime: 486.0
36662.0/37230.0 days/days; walltime: 320.3
36663.0/37230.0 days/days; walltime: 170.5
36664.0/37230.0 days/days; walltime: 72.8
36665.0/37230.0 days/days; walltime: 98.0
36666.0/37230.0 days/days; walltime: 204.2
36667.0/37230.0 days/days; walltime: 190.9
36668.0/37230.0 days/days; walltime: 657.4
36669.0/37230.0 days/days; walltime: 337.2
36670.0/37230.0 days/days; walltime: 83.3
36671.0/37230.0 days/days; walltime: 54.7
36672.0/37230.0 days/days; walltime: 91.3
36673.0/37230.0 days/days; walltime: 202.1
36674.0/37230.0 days/days; walltime: 95.5
36675.0/37230.0 days/days; walltime: 141.0
36676.0/37230.0 days/days; walltime: 255.4
36677.0/37230.0 days/days; walltime: 445.6
36678.0/37230.0 days/days; walltime: 18.5
36679.0/37230.0 days/days; walltime: 67.3
36680.0/37230.0 days/days; walltime: 60.8
36681.0/37230.0 days/days; walltime: 60.5
36682.0/37230.0 days/days; walltime: 51.3
36683.0/37230.0 days/days; walltime: 62.9
36684.0/37230.0 days/days; walltime: 107.0
36685.0/37230.0 days/days; walltime: 443.7
36686.0/37230.0 days/days; walltime: 269.9
36687.0/37230.0 days/days; walltime: 849.4
36688.0/37230.0 days/days; walltime: 72.4
36689.0/37230.0 days/days; walltime: 452.2
36690.0/37230.0 days/days; walltime: 504.1
36691.0/37230.0 days/days; walltime: 419.9
36692.0/37230.0 days/days; walltime: 111.5
36693.0/37230.0 days/days; walltime: 68.8
36694.0/37230.0 days/days; walltime: 43.6
36695.0/37230.0 days/days; walltime: 15.8
36696.0/37230.0 days/days; walltime: 28.9
36697.0/37230.0 days/days; walltime: 30.7
36698.0/37230.0 days/days; walltime: 78.3
36699.0/37230.0 days/days; walltime: 15.5
36700.0/37230.0 days/days; walltime: 255.2
36701.0/37230.0 days/days; walltime: 195.7
36702.0/37230.0 days/days; walltime: 140.4
36703.0/37230.0 days/days; walltime: 71.0
36704.0/37230.0 days/days; walltime: 113.9
36705.0/37230.0 days/days; walltime: 543.2
36706.0/37230.0 days/days; walltime: 171.5
36707.0/37230.0 days/days; walltime: 150.4
36708.0/37230.0 days/days; walltime: 183.7
36709.0/37230.0 days/days; walltime: 32.9
36710.0/37230.0 days/days; walltime: 94.5
36711.0/37230.0 days/days; walltime: 188.9
36712.0/37230.0 days/days; walltime: 87.5
36713.0/37230.0 days/days; walltime: 266.5
36714.0/37230.0 days/days; walltime: 26.5
36715.0/37230.0 days/days; walltime: 9.7
36716.0/37230.0 days/days; walltime: 14.2
36717.0/37230.0 days/days; walltime: 13.4
36718.0/37230.0 days/days; walltime: 16.8
36719.0/37230.0 days/days; walltime: 9.9
36720.0/37230.0 days/days; walltime: 95.3
36721.0/37230.0 days/days; walltime: 354.2
36722.0/37230.0 days/days; walltime: 234.3
36723.0/37230.0 days/days; walltime: 557.8
36724.0/37230.0 days/days; walltime: 620.3
36725.0/37230.0 days/days; walltime: 418.6
36726.0/37230.0 days/days; walltime: 356.4
36727.0/37230.0 days/days; walltime: 37.7
36728.0/37230.0 days/days; walltime: 691.1
36729.0/37230.0 days/days; walltime: 169.6
36730.0/37230.0 days/days; walltime: 601.1
36731.0/37230.0 days/days; walltime: 107.6
36732.0/37230.0 days/days; walltime: 67.0
36733.0/37230.0 days/days; walltime: 441.6
36734.0/37230.0 days/days; walltime: 23.2
36735.0/37230.0 days/days; walltime: 12.2
36736.0/37230.0 days/days; walltime: 86.1
36737.0/37230.0 days/days; walltime: 10.3
36738.0/37230.0 days/days; walltime: 6.2
36739.0/37230.0 days/days; walltime: 43.1
36740.0/37230.0 days/days; walltime: 44.8
36741.0/37230.0 days/days; walltime: 354.3
36742.0/37230.0 days/days; walltime: 1042.0
36743.0/37230.0 days/days; walltime: 716.1
36744.0/37230.0 days/days; walltime: 616.2
36745.0/37230.0 days/days; walltime: 13.2
36746.0/37230.0 days/days; walltime: 33.8
36747.0/37230.0 days/days; walltime: 160.5
36748.0/37230.0 days/days; walltime: 374.5
36749.0/37230.0 days/days; walltime: 344.2
36750.0/37230.0 days/days; walltime: 10.6
36751.0/37230.0 days/days; walltime: 8.5
36752.0/37230.0 days/days; walltime: 44.9
36753.0/37230.0 days/days; walltime: 7.6
36754.0/37230.0 days/days; walltime: 2.4
36755.0/37230.0 days/days; walltime: 2.0
36756.0/37230.0 days/days; walltime: 4.2
36757.0/37230.0 days/days; walltime: 1.4
36758.0/37230.0 days/days; walltime: 1.6
36759.0/37230.0 days/days; walltime: 1.4
36760.0/37230.0 days/days; walltime: 18.6
36761.0/37230.0 days/days; walltime: 113.7
36762.0/37230.0 days/days; walltime: 140.9
36763.0/37230.0 days/days; walltime: 3.7
36764.0/37230.0 days/days; walltime: 118.9
36765.0/37230.0 days/days; walltime: 93.2
36766.0/37230.0 days/days; walltime: 1.6
36767.0/37230.0 days/days; walltime: 0.6
36768.0/37230.0 days/days; walltime: 0.7
36769.0/37230.0 days/days; walltime: 0.6
36770.0/37230.0 days/days; walltime: 0.6
36771.0/37230.0 days/days; walltime: 0.5
36772.0/37230.0 days/days; walltime: 2.4
36773.0/37230.0 days/days; walltime: 0.5
36774.0/37230.0 days/days; walltime: 0.5
36775.0/37230.0 days/days; walltime: 0.5
36776.0/37230.0 days/days; walltime: 0.4
36777.0/37230.0 days/days; walltime: 0.4
36778.0/37230.0 days/days; walltime: 0.3
36779.0/37230.0 days/days; walltime: 0.4
36780.0/37230.0 days/days; walltime: 0.5
36781.0/37230.0 days/days; walltime: 0.3
--36782.0/37230.0 days/days; walltime: 127.5
36783.0/37230.0 days/days; walltime: 356.7
36784.0/37230.0 days/days; walltime: 409.7
36785.0/37230.0 days/days; walltime: 762.6
36786.0/37230.0 days/days; walltime: 18.2
36787.0/37230.0 days/days; walltime: 4.5
36788.0/37230.0 days/days; walltime: 1.2
36789.0/37230.0 days/days; walltime: 1.9
36790.0/37230.0 days/days; walltime: 0.9
36791.0/37230.0 days/days; walltime: 1.0
36792.0/37230.0 days/days; walltime: 2.8
36793.0/37230.0 days/days; walltime: 0.9
36794.0/37230.0 days/days; walltime: 0.8
36795.0/37230.0 days/days; walltime: 0.6
36796.0/37230.0 days/days; walltime: 0.8
36797.0/37230.0 days/days; walltime: 2.7
36798.0/37230.0 days/days; walltime: 0.4
36799.0/37230.0 days/days; walltime: 0.6
36800.0/37230.0 days/days; walltime: 0.5
36801.0/37230.0 days/days; walltime: 0.4
36802.0/37230.0 days/days; walltime: 0.5
36803.0/37230.0 days/days; walltime: 0.5
36804.0/37230.0 days/days; walltime: 0.2
36805.0/37230.0 days/days; walltime: 0.5
36806.0/37230.0 days/days; walltime: 0.4
36807.0/37230.0 days/days; walltime: 0.2
36808.0/37230.0 days/days; walltime: 0.5
36809.0/37230.0 days/days; walltime: 2.3
36810.0/37230.0 days/days; walltime: 0.3
36811.0/37230.0 days/days; walltime: 0.2
36812.0/37230.0 days/days; walltime: 0.4
36813.0/37230.0 days/days; walltime: 0.2
36814.0/37230.0 days/days; walltime: 0.1
36815.0/37230.0 days/days; walltime: 0.4
36816.0/37230.0 days/days; walltime: 0.1
36817.0/37230.0 days/days; walltime: 0.4
36818.0/37230.0 days/days; walltime: 0.1
36819.0/37230.0 days/days; walltime: 0.1
36820.0/37230.0 days/days; walltime: 0.4
36821.0/37230.0 days/days; walltime: 0.1
36822.0/37230.0 days/days; walltime: 0.1
36823.0/37230.0 days/days; walltime: 0.1
36824.0/37230.0 days/days; walltime: 0.7
36825.0/37230.0 days/days; walltime: 0.1
36826.0/37230.0 days/days; walltime: 0.1
36827.0/37230.0 days/days; walltime: 0.1
36828.0/37230.0 days/days; walltime: 0.3
36829.0/37230.0 days/days; walltime: 0.1
36830.0/37230.0 days/days; walltime: 0.1
36831.0/37230.0 days/days; walltime: 0.1
36832.0/37230.0 days/days; walltime: 0.3
36833.0/37230.0 days/days; walltime: 0.1
-36834.0/37230.0 days/days; walltime: 0.1
36835.0/37230.0 days/days; walltime: 0.1
36836.0/37230.0 days/days; walltime: 0.3
36838.0/37230.0 days/days; walltime: 0.1
36839.0/37230.0 days/days; walltime: 0.1
36840.0/37230.0 days/days; walltime: 0.1
36841.0/37230.0 days/days; walltime: 0.3
36842.0/37230.0 days/days; walltime: 0.1
36844.0/37230.0 days/days; walltime: 0.1
36845.0/37230.0 days/days; walltime: 0.1
36846.0/37230.0 days/days; walltime: 0.3
36847.0/37230.0 days/days; walltime: 0.1
36849.0/37230.0 days/days; walltime: 0.1
36850.0/37230.0 days/days; walltime: 0.1
-36851.0/37230.0 days/days; walltime: 0.3
36853.0/37230.0 days/days; walltime: 0.1
36854.0/37230.0 days/days; walltime: 0.1
36855.0/37230.0 days/days; walltime: 0.1
36857.0/37230.0 days/days; walltime: 0.3
36858.0/37230.0 days/days; walltime: 0.1
36860.0/37230.0 days/days; walltime: 0.1
36861.0/37230.0 days/days; walltime: 0.1
36862.0/37230.0 days/days; walltime: 0.3
36864.0/37230.0 days/days; walltime: 0.1
36865.0/37230.0 days/days; walltime: 0.1
36867.0/37230.0 days/days; walltime: 0.1
36868.0/37230.0 days/days; walltime: 0.3
36870.0/37230.0 days/days; walltime: 0.1
36871.0/37230.0 days/days; walltime: 0.1
36873.0/37230.0 days/days; walltime: 0.1
36875.0/37230.0 days/days; walltime: 0.3
36876.0/37230.0 days/days; walltime: 0.1
36878.0/37230.0 days/days; walltime: 0.1
36879.0/37230.0 days/days; walltime: 0.1
36881.0/37230.0 days/days; walltime: 0.3
36883.0/37230.0 days/days; walltime: 0.1
36884.0/37230.0 days/days; walltime: 0.1
36886.0/37230.0 days/days; walltime: 0.1
36887.0/37230.0 days/days; walltime: 0.3
36889.0/37230.0 days/days; walltime: 0.1
36891.0/37230.0 days/days; walltime: 0.1
36893.0/37230.0 days/days; walltime: 0.1
36894.0/37230.0 days/days; walltime: 0.3
36896.0/37230.0 days/days; walltime: 0.1
36898.0/37230.0 days/days; walltime: 0.1
36900.0/37230.0 days/days; walltime: 0.1
36901.0/37230.0 days/days; walltime: 0.3
36903.0/37230.0 days/days; walltime: 0.1
36905.0/37230.0 days/days; walltime: 0.1
36907.0/37230.0 days/days; walltime: 0.1
36909.0/37230.0 days/days; walltime: 2.3
36911.0/37230.0 days/days; walltime: 0.1
36913.0/37230.0 days/days; walltime: 0.1
36914.0/37230.0 days/days; walltime: 0.1
36916.0/37230.0 days/days; walltime: 0.3
36918.0/37230.0 days/days; walltime: 0.1
36920.0/37230.0 days/days; walltime: 0.1
36922.0/37230.0 days/days; walltime: 0.1
36924.0/37230.0 days/days; walltime: 0.3
36926.0/37230.0 days/days; walltime: 0.1
36929.0/37230.0 days/days; walltime: 0.1
36931.0/37230.0 days/days; walltime: 0.1
36933.0/37230.0 days/days; walltime: 0.3
36935.0/37230.0 days/days; walltime: 0.1
36937.0/37230.0 days/days; walltime: 0.1
36939.0/37230.0 days/days; walltime: 0.1
36941.0/37230.0 days/days; walltime: 0.3
36944.0/37230.0 days/days; walltime: 0.1
36946.0/37230.0 days/days; walltime: 0.1
36948.0/37230.0 days/days; walltime: 0.1
36951.0/37230.0 days/days; walltime: 0.3
36953.0/37230.0 days/days; walltime: 0.1
36955.0/37230.0 days/days; walltime: 0.1
36958.0/37230.0 days/days; walltime: 0.1
36960.0/37230.0 days/days; walltime: 0.3
36963.0/37230.0 days/days; walltime: 0.1
36965.0/37230.0 days/days; walltime: 0.1
36968.0/37230.0 days/days; walltime: 0.1
36970.0/37230.0 days/days; walltime: 0.3
36973.0/37230.0 days/days; walltime: 0.1
36976.0/37230.0 days/days; walltime: 0.1
36978.0/37230.0 days/days; walltime: 0.1
36981.0/37230.0 days/days; walltime: 0.3
36984.0/37230.0 days/days; walltime: 0.1
36987.0/37230.0 days/days; walltime: 0.1
36990.0/37230.0 days/days; walltime: 0.1
36992.0/37230.0 days/days; walltime: 0.3
36995.0/37230.0 days/days; walltime: 0.1
36998.0/37230.0 days/days; walltime: 0.1
--37002.0/37230.0 days/days; walltime: 24.2
----37003.0/37230.0 days/days; walltime: 18.8
37004.0/37230.0 days/days; walltime: 133.3
37005.0/37230.0 days/days; walltime: 157.9
37006.0/37230.0 days/days; walltime: 39.6
37007.0/37230.0 days/days; walltime: 1.2
37008.0/37230.0 days/days; walltime: 1.0
37009.0/37230.0 days/days; walltime: 0.8
37010.0/37230.0 days/days; walltime: 0.6
37011.0/37230.0 days/days; walltime: 2.6
37012.0/37230.0 days/days; walltime: 0.4
37013.0/37230.0 days/days; walltime: 0.2
37014.0/37230.0 days/days; walltime: 0.4
37015.0/37230.0 days/days; walltime: 0.1
37016.0/37230.0 days/days; walltime: 0.3
37017.0/37230.0 days/days; walltime: 2.5
37018.0/37230.0 days/days; walltime: 131.9
37019.0/37230.0 days/days; walltime: 259.7
37020.0/37230.0 days/days; walltime: 434.6
37021.0/37230.0 days/days; walltime: 362.7
37022.0/37230.0 days/days; walltime: 616.5
37023.0/37230.0 days/days; walltime: 787.0
37024.0/37230.0 days/days; walltime: 152.8
37025.0/37230.0 days/days; walltime: 509.0
37026.0/37230.0 days/days; walltime: 306.6
37027.0/37230.0 days/days; walltime: 337.7
37028.0/37230.0 days/days; walltime: 145.9
37029.0/37230.0 days/days; walltime: 93.1
37030.0/37230.0 days/days; walltime: 103.6
37031.0/37230.0 days/days; walltime: 223.5
37032.0/37230.0 days/days; walltime: 232.1
37033.0/37230.0 days/days; walltime: 721.2
37034.0/37230.0 days/days; walltime: 332.1
37035.0/37230.0 days/days; walltime: 108.5
37036.0/37230.0 days/days; walltime: 48.6
37037.0/37230.0 days/days; walltime: 74.1
37038.0/37230.0 days/days; walltime: 237.1
37039.0/37230.0 days/days; walltime: 78.8
37040.0/37230.0 days/days; walltime: 143.4
37041.0/37230.0 days/days; walltime: 236.8
37042.0/37230.0 days/days; walltime: 486.0
37043.0/37230.0 days/days; walltime: 23.3
37044.0/37230.0 days/days; walltime: 53.2
37045.0/37230.0 days/days; walltime: 75.6
37046.0/37230.0 days/days; walltime: 57.8
37047.0/37230.0 days/days; walltime: 46.1
37048.0/37230.0 days/days; walltime: 60.3
37049.0/37230.0 days/days; walltime: 54.8
37050.0/37230.0 days/days; walltime: 449.7
37051.0/37230.0 days/days; walltime: 265.3
37052.0/37230.0 days/days; walltime: 807.3
37053.0/37230.0 days/days; walltime: 128.5
37054.0/37230.0 days/days; walltime: 514.4
37055.0/37230.0 days/days; walltime: 565.9
37056.0/37230.0 days/days; walltime: 413.7
37057.0/37230.0 days/days; walltime: 115.7
37058.0/37230.0 days/days; walltime: 84.5
37059.0/37230.0 days/days; walltime: 55.3
37060.0/37230.0 days/days; walltime: 14.5
37061.0/37230.0 days/days; walltime: 19.7
37062.0/37230.0 days/days; walltime: 29.7
37063.0/37230.0 days/days; walltime: 78.1
37064.0/37230.0 days/days; walltime: 19.6
37065.0/37230.0 days/days; walltime: 271.8
37066.0/37230.0 days/days; walltime: 194.1
37067.0/37230.0 days/days; walltime: 163.7
37068.0/37230.0 days/days; walltime: 76.1
37069.0/37230.0 days/days; walltime: 134.5
37070.0/37230.0 days/days; walltime: 588.5
37071.0/37230.0 days/days; walltime: 208.4
37072.0/37230.0 days/days; walltime: 167.4
37073.0/37230.0 days/days; walltime: 205.7
37074.0/37230.0 days/days; walltime: 36.1
37075.0/37230.0 days/days; walltime: 81.4
37076.0/37230.0 days/days; walltime: 215.5
37077.0/37230.0 days/days; walltime: 101.7
37078.0/37230.0 days/days; walltime: 274.7
37079.0/37230.0 days/days; walltime: 34.9
37080.0/37230.0 days/days; walltime: 11.3
37081.0/37230.0 days/days; walltime: 15.8
37082.0/37230.0 days/days; walltime: 14.0
37083.0/37230.0 days/days; walltime: 16.9
37084.0/37230.0 days/days; walltime: 9.9
37085.0/37230.0 days/days; walltime: 99.1
37086.0/37230.0 days/days; walltime: 361.2
37087.0/37230.0 days/days; walltime: 230.3
37088.0/37230.0 days/days; walltime: 531.2
37089.0/37230.0 days/days; walltime: 661.2
37090.0/37230.0 days/days; walltime: 464.4
37091.0/37230.0 days/days; walltime: 420.6
37092.0/37230.0 days/days; walltime: 48.9
37093.0/37230.0 days/days; walltime: 705.3
37094.0/37230.0 days/days; walltime: 175.1
37095.0/37230.0 days/days; walltime: 544.8
37096.0/37230.0 days/days; walltime: 125.6
37097.0/37230.0 days/days; walltime: 61.3
37098.0/37230.0 days/days; walltime: 424.6
37099.0/37230.0 days/days; walltime: 19.4
37100.0/37230.0 days/days; walltime: 10.8
37101.0/37230.0 days/days; walltime: 74.2
37102.0/37230.0 days/days; walltime: 10.5
37103.0/37230.0 days/days; walltime: 11.9
37104.0/37230.0 days/days; walltime: 42.0
37105.0/37230.0 days/days; walltime: 44.2
37106.0/37230.0 days/days; walltime: 368.4
37107.0/37230.0 days/days; walltime: 1120.7
37108.0/37230.0 days/days; walltime: 706.3
37109.0/37230.0 days/days; walltime: 640.1
37110.0/37230.0 days/days; walltime: 11.9
37111.0/37230.0 days/days; walltime: 31.2
37112.0/37230.0 days/days; walltime: 152.9
