Case 3:
Picked up JAVA_TOOL_OPTIONS: -Xmx2g
Opening log file:  /tmp/java.log.17917

                            < M A T L A B (R) >
                  Copyright 1984-2022 The MathWorks, Inc.
                  R2022a (9.12.0.1884302) 64-bit (glnxa64)
                             February 16, 2022

 
To get started, type doc.
For product information, visit www.mathworks.com.
 

config = 

  struct with fields:

                 k_s: 0.1000
                 l_c: 10
            n_moulin: 68
    creep_const_soft: 0
             mesh_nr: 4
                 k_c: 0.2500
               h_bed: 0.5000
               l_bed: 10
               alpha: 3
                beta: 2
               omega: 0
                 e_v: 1.0000e-04

Running model run (ode15s):
Run to steady
Saving model run to
./RUN/output_103_steady.nc
Fields, IC & BC initialised
Initial phi calculated in 4.1s
0.0/36500.0 days/days; walltime: 21.9
-----1825.0/36500.0 days/days; walltime: 205.8
3650.0/36500.0 days/days; walltime: 4.0
5475.0/36500.0 days/days; walltime: 2.2
7300.0/36500.0 days/days; walltime: 1.3
----9125.0/36500.0 days/days; walltime: 5.9
10950.0/36500.0 days/days; walltime: 740.4
-------------------12775.0/36500.0 days/days; walltime: 439.4
14600.0/36500.0 days/days; walltime: 290.6
16425.0/36500.0 days/days; walltime: 319.3
----18250.0/36500.0 days/days; walltime: 222.0
20075.0/36500.0 days/days; walltime: 41.6
21900.0/36500.0 days/days; walltime: 13.6
23725.0/36500.0 days/days; walltime: 5.8
25550.0/36500.0 days/days; walltime: 4.4
27375.0/36500.0 days/days; walltime: 3.1
29200.0/36500.0 days/days; walltime: 2.1
31025.0/36500.0 days/days; walltime: 1.7
32850.0/36500.0 days/days; walltime: 2.4
34675.0/36500.0 days/days; walltime: 2.7
36500.0/36500.0 days/days; walltime: 3.8
Wallclock for model run: 2338.4s
 

fields = 

  struct with fields:

    nodes: [1x1 struct]
    edges: [1x1 struct]
       BC: [1x1 struct]

Running model run (ode15s):
Run seasonal
Saving model run to
./RUN/output_103_seasonal.nc
IC initialised from struct
IC initialised from file/given & rest from parameters and given functions
36500.0/37230.0 days/days; walltime: 21.3
36501.0/37230.0 days/days; walltime: 81.7
36502.0/37230.0 days/days; walltime: 9.7
36503.0/37230.0 days/days; walltime: 12.8
36504.0/37230.0 days/days; walltime: 20.2
36505.0/37230.0 days/days; walltime: 8.6
36506.0/37230.0 days/days; walltime: 9.0
36507.0/37230.0 days/days; walltime: 3.1
36508.0/37230.0 days/days; walltime: 5.4
36509.0/37230.0 days/days; walltime: 9.1
36510.0/37230.0 days/days; walltime: 10.8
36511.0/37230.0 days/days; walltime: 20.0
36512.0/37230.0 days/days; walltime: 1.8
36513.0/37230.0 days/days; walltime: 1.7
36514.0/37230.0 days/days; walltime: 1.5
36515.0/37230.0 days/days; walltime: 2.0
36516.0/37230.0 days/days; walltime: 2.1
36517.0/37230.0 days/days; walltime: 1.7
36518.0/37230.0 days/days; walltime: 1.5
36519.0/37230.0 days/days; walltime: 17.8
36520.0/37230.0 days/days; walltime: 1.2
36521.0/37230.0 days/days; walltime: 1.0
36522.0/37230.0 days/days; walltime: 1.1
36523.0/37230.0 days/days; walltime: 0.9
36524.0/37230.0 days/days; walltime: 0.9
36525.0/37230.0 days/days; walltime: 1.2
36526.0/37230.0 days/days; walltime: 1.2
36527.0/37230.0 days/days; walltime: 3.1
36528.0/37230.0 days/days; walltime: 0.8
36529.0/37230.0 days/days; walltime: 0.8
36530.0/37230.0 days/days; walltime: 0.8
36531.0/37230.0 days/days; walltime: 0.8
36532.0/37230.0 days/days; walltime: 0.6
36533.0/37230.0 days/days; walltime: 0.7
36534.0/37230.0 days/days; walltime: 0.5
36535.0/37230.0 days/days; walltime: 0.8
36536.0/37230.0 days/days; walltime: 0.8
36537.0/37230.0 days/days; walltime: 2.8
36538.0/37230.0 days/days; walltime: 0.5
36539.0/37230.0 days/days; walltime: 0.5
36540.0/37230.0 days/days; walltime: 0.7
36541.0/37230.0 days/days; walltime: 0.5
36542.0/37230.0 days/days; walltime: 0.4
36543.0/37230.0 days/days; walltime: 0.5
36544.0/37230.0 days/days; walltime: 0.5
36545.0/37230.0 days/days; walltime: 0.6
36546.0/37230.0 days/days; walltime: 0.8
36547.0/37230.0 days/days; walltime: 0.6
36548.0/37230.0 days/days; walltime: 2.5
36549.0/37230.0 days/days; walltime: 0.5
36550.0/37230.0 days/days; walltime: 0.4
36551.0/37230.0 days/days; walltime: 0.4
36552.0/37230.0 days/days; walltime: 0.5
36553.0/37230.0 days/days; walltime: 0.4
36554.0/37230.0 days/days; walltime: 0.6
36555.0/37230.0 days/days; walltime: 0.6
36556.0/37230.0 days/days; walltime: 0.6
36557.0/37230.0 days/days; walltime: 0.5
36558.0/37230.0 days/days; walltime: 0.6
36559.0/37230.0 days/days; walltime: 2.4
36560.0/37230.0 days/days; walltime: 0.4
36561.0/37230.0 days/days; walltime: 0.4
36562.0/37230.0 days/days; walltime: 0.4
36563.0/37230.0 days/days; walltime: 0.2
36564.0/37230.0 days/days; walltime: 0.4
36565.0/37230.0 days/days; walltime: 0.4
36566.0/37230.0 days/days; walltime: 0.4
36567.0/37230.0 days/days; walltime: 0.4
36568.0/37230.0 days/days; walltime: 0.3
36569.0/37230.0 days/days; walltime: 0.5
36570.0/37230.0 days/days; walltime: 0.5
36571.0/37230.0 days/days; walltime: 0.2
36572.0/37230.0 days/days; walltime: 0.5
36573.0/37230.0 days/days; walltime: 0.5
36574.0/37230.0 days/days; walltime: 0.2
36575.0/37230.0 days/days; walltime: 0.5
36576.0/37230.0 days/days; walltime: 0.4
36577.0/37230.0 days/days; walltime: 0.3
36578.0/37230.0 days/days; walltime: 0.4
36579.0/37230.0 days/days; walltime: 0.3
36580.0/37230.0 days/days; walltime: 0.4
36581.0/37230.0 days/days; walltime: 0.5
36582.0/37230.0 days/days; walltime: 0.1
36583.0/37230.0 days/days; walltime: 0.3
36584.0/37230.0 days/days; walltime: 0.2
36585.0/37230.0 days/days; walltime: 0.3
36586.0/37230.0 days/days; walltime: 0.4
36587.0/37230.0 days/days; walltime: 0.1
36588.0/37230.0 days/days; walltime: 0.4
36589.0/37230.0 days/days; walltime: 0.1
36590.0/37230.0 days/days; walltime: 0.3
36591.0/37230.0 days/days; walltime: 0.2
36592.0/37230.0 days/days; walltime: 0.3
36593.0/37230.0 days/days; walltime: 0.2
36594.0/37230.0 days/days; walltime: 0.3
36595.0/37230.0 days/days; walltime: 0.4
36596.0/37230.0 days/days; walltime: 0.1
36597.0/37230.0 days/days; walltime: 0.3
36598.0/37230.0 days/days; walltime: 0.2
36599.0/37230.0 days/days; walltime: 0.3
36600.0/37230.0 days/days; walltime: 0.1
36601.0/37230.0 days/days; walltime: 0.3
36602.0/37230.0 days/days; walltime: 0.4
36603.0/37230.0 days/days; walltime: 0.1
36604.0/37230.0 days/days; walltime: 0.3
36605.0/37230.0 days/days; walltime: 0.1
36606.0/37230.0 days/days; walltime: 0.3
36607.0/37230.0 days/days; walltime: 0.1
36608.0/37230.0 days/days; walltime: 0.3
36609.0/37230.0 days/days; walltime: 0.1
36610.0/37230.0 days/days; walltime: 0.3
36611.0/37230.0 days/days; walltime: 0.2
36612.0/37230.0 days/days; walltime: 0.4
36613.0/37230.0 days/days; walltime: 0.2
36614.0/37230.0 days/days; walltime: 0.4
36615.0/37230.0 days/days; walltime: 0.2
36616.0/37230.0 days/days; walltime: 0.4
36617.0/37230.0 days/days; walltime: 0.2
36618.0/37230.0 days/days; walltime: 0.1
36619.0/37230.0 days/days; walltime: 0.4
36620.0/37230.0 days/days; walltime: 0.2
36621.0/37230.0 days/days; walltime: 0.4
36622.0/37230.0 days/days; walltime: 4.0
--36623.0/37230.0 days/days; walltime: 60.0
36624.0/37230.0 days/days; walltime: 50.6
36625.0/37230.0 days/days; walltime: 1.6
36626.0/37230.0 days/days; walltime: 0.6
36627.0/37230.0 days/days; walltime: 0.3
36628.0/37230.0 days/days; walltime: 0.4
36629.0/37230.0 days/days; walltime: 0.2
36630.0/37230.0 days/days; walltime: 0.4
36631.0/37230.0 days/days; walltime: 0.2
36632.0/37230.0 days/days; walltime: 0.4
36633.0/37230.0 days/days; walltime: 0.2
36634.0/37230.0 days/days; walltime: 0.4
36635.0/37230.0 days/days; walltime: 0.1
36636.0/37230.0 days/days; walltime: 0.4
36637.0/37230.0 days/days; walltime: 0.1
36638.0/37230.0 days/days; walltime: 20.9
36639.0/37230.0 days/days; walltime: 67.1
36640.0/37230.0 days/days; walltime: 77.8
36641.0/37230.0 days/days; walltime: 62.3
36642.0/37230.0 days/days; walltime: 1.5
36643.0/37230.0 days/days; walltime: 1.2
36644.0/37230.0 days/days; walltime: 1.4
36645.0/37230.0 days/days; walltime: 1.3
36646.0/37230.0 days/days; walltime: 1.2
36647.0/37230.0 days/days; walltime: 1.1
36648.0/37230.0 days/days; walltime: 1.0
36649.0/37230.0 days/days; walltime: 0.9
36650.0/37230.0 days/days; walltime: 0.9
36651.0/37230.0 days/days; walltime: 4.4
36652.0/37230.0 days/days; walltime: 1.4
36653.0/37230.0 days/days; walltime: 71.9
36654.0/37230.0 days/days; walltime: 113.1
36655.0/37230.0 days/days; walltime: 409.8
36656.0/37230.0 days/days; walltime: 420.9
36657.0/37230.0 days/days; walltime: 487.9
36658.0/37230.0 days/days; walltime: 684.2
36659.0/37230.0 days/days; walltime: 84.4
36660.0/37230.0 days/days; walltime: 709.5
36661.0/37230.0 days/days; walltime: 329.9
36662.0/37230.0 days/days; walltime: 446.3
36663.0/37230.0 days/days; walltime: 425.0
36664.0/37230.0 days/days; walltime: 55.6
36665.0/37230.0 days/days; walltime: 96.9
36666.0/37230.0 days/days; walltime: 151.6
36667.0/37230.0 days/days; walltime: 217.8
36668.0/37230.0 days/days; walltime: 1108.7
36669.0/37230.0 days/days; walltime: 744.0
36670.0/37230.0 days/days; walltime: 128.2
36671.0/37230.0 days/days; walltime: 99.3
36672.0/37230.0 days/days; walltime: 207.0
36673.0/37230.0 days/days; walltime: 476.7
36674.0/37230.0 days/days; walltime: 522.8
36675.0/37230.0 days/days; walltime: 188.7
36676.0/37230.0 days/days; walltime: 801.2
36677.0/37230.0 days/days; walltime: 706.6
36678.0/37230.0 days/days; walltime: 196.6
36679.0/37230.0 days/days; walltime: 402.6
36680.0/37230.0 days/days; walltime: 360.7
36681.0/37230.0 days/days; walltime: 229.0
36682.0/37230.0 days/days; walltime: 160.2
36683.0/37230.0 days/days; walltime: 694.2
36684.0/37230.0 days/days; walltime: 766.0
36685.0/37230.0 days/days; walltime: 1871.8
36686.0/37230.0 days/days; walltime: 1088.7
36687.0/37230.0 days/days; walltime: 811.0
36688.0/37230.0 days/days; walltime: 296.3
36689.0/37230.0 days/days; walltime: 898.9
36690.0/37230.0 days/days; walltime: 1110.5
36691.0/37230.0 days/days; walltime: 415.2
36692.0/37230.0 days/days; walltime: 650.1
36693.0/37230.0 days/days; walltime: 362.9
36694.0/37230.0 days/days; walltime: 113.9
36695.0/37230.0 days/days; walltime: 133.7
36696.0/37230.0 days/days; walltime: 119.0
36697.0/37230.0 days/days; walltime: 428.8
36698.0/37230.0 days/days; walltime: 821.3
36699.0/37230.0 days/days; walltime: 894.6
36700.0/37230.0 days/days; walltime: 557.1
36701.0/37230.0 days/days; walltime: 413.1
36702.0/37230.0 days/days; walltime: 142.2
36703.0/37230.0 days/days; walltime: 224.1
36704.0/37230.0 days/days; walltime: 376.0
36705.0/37230.0 days/days; walltime: 434.5
36706.0/37230.0 days/days; walltime: 582.0
36707.0/37230.0 days/days; walltime: 502.0
36708.0/37230.0 days/days; walltime: 632.1
36709.0/37230.0 days/days; walltime: 389.7
36710.0/37230.0 days/days; walltime: 144.1
36711.0/37230.0 days/days; walltime: 430.9
36712.0/37230.0 days/days; walltime: 215.3
36713.0/37230.0 days/days; walltime: 610.2
36714.0/37230.0 days/days; walltime: 187.0
36715.0/37230.0 days/days; walltime: 217.8
36716.0/37230.0 days/days; walltime: 167.6
36717.0/37230.0 days/days; walltime: 111.7
36718.0/37230.0 days/days; walltime: 92.7
36719.0/37230.0 days/days; walltime: 60.4
36720.0/37230.0 days/days; walltime: 736.0
36721.0/37230.0 days/days; walltime: 844.9
36722.0/37230.0 days/days; walltime: 924.0
36723.0/37230.0 days/days; walltime: 492.0
36724.0/37230.0 days/days; walltime: 554.4
36725.0/37230.0 days/days; walltime: 763.5
36726.0/37230.0 days/days; walltime: 169.9
36727.0/37230.0 days/days; walltime: 189.2
36728.0/37230.0 days/days; walltime: 1214.6
36729.0/37230.0 days/days; walltime: 1107.4
36730.0/37230.0 days/days; walltime: 1322.6
36731.0/37230.0 days/days; walltime: 693.5
36732.0/37230.0 days/days; walltime: 241.8
36733.0/37230.0 days/days; walltime: 671.1
36734.0/37230.0 days/days; walltime: 427.9
36735.0/37230.0 days/days; walltime: 121.5
36736.0/37230.0 days/days; walltime: 368.0
36737.0/37230.0 days/days; walltime: 143.0
36738.0/37230.0 days/days; walltime: 74.6
36739.0/37230.0 days/days; walltime: 222.4
36740.0/37230.0 days/days; walltime: 225.3
36741.0/37230.0 days/days; walltime: 937.1
36742.0/37230.0 days/days; walltime: 2348.0
slurmstepd: error: *** JOB 61423561 ON cdr608 CANCELLED AT 2023-03-01T09:58:16 ***
