Case 4:
Picked up JAVA_TOOL_OPTIONS: -Xmx2g
Opening log file:  /tmp/java.log.23537

                            < M A T L A B (R) >
                  Copyright 1984-2022 The MathWorks, Inc.
                  R2022a (9.12.0.1884302) 64-bit (glnxa64)
                             February 16, 2022

 
To get started, type doc.
For product information, visit www.mathworks.com.
 

config = 

  struct with fields:

                 k_s: 0.1000
                 l_c: 10
            n_moulin: 68
    creep_const_soft: 0
             mesh_nr: 4
                 k_c: 0.2500
               h_bed: 0.5000
               l_bed: 10
               alpha: 1.2500
                beta: 1.5000
               omega: 5.0000e-04
                 e_v: 1.0000e-04

Running model run (ode15s):
Run to steady
Saving model run to
./RUN/output_104_steady.nc
Fields, IC & BC initialised
Initial phi calculated in 1.2s
0.0/36500.0 days/days; walltime: 18.6
----------------------------------------------------1825.0/36500.0 days/days; walltime: 174.0
3650.0/36500.0 days/days; walltime: 4.2
5475.0/36500.0 days/days; walltime: 2.4
7300.0/36500.0 days/days; walltime: 2.0
--------9125.0/36500.0 days/days; walltime: 7.5
10950.0/36500.0 days/days; walltime: 653.4
-12775.0/36500.0 days/days; walltime: 393.1
14600.0/36500.0 days/days; walltime: 258.1
16425.0/36500.0 days/days; walltime: 290.6
-18250.0/36500.0 days/days; walltime: 189.2
20075.0/36500.0 days/days; walltime: 43.8
21900.0/36500.0 days/days; walltime: 11.6
23725.0/36500.0 days/days; walltime: 7.3
25550.0/36500.0 days/days; walltime: 3.9
27375.0/36500.0 days/days; walltime: 3.9
29200.0/36500.0 days/days; walltime: 3.1
31025.0/36500.0 days/days; walltime: 3.2
32850.0/36500.0 days/days; walltime: 1.9
34675.0/36500.0 days/days; walltime: 1.8
36500.0/36500.0 days/days; walltime: 3.3
Wallclock for model run: 2081.5s
 

fields = 

  struct with fields:

    nodes: [1x1 struct]
    edges: [1x1 struct]
       BC: [1x1 struct]

Running model run (ode15s):
Run seasonal
Saving model run to
./RUN/output_104_seasonal.nc
IC initialised from struct
IC initialised from file/given & rest from parameters and given functions
36500.0/36682.0 days/days; walltime: 17.5
36501.0/36682.0 days/days; walltime: 71.8
36502.0/36682.0 days/days; walltime: 13.2
36503.0/36682.0 days/days; walltime: 8.9
36504.0/36682.0 days/days; walltime: 22.3
36505.0/36682.0 days/days; walltime: 22.4
36506.0/36682.0 days/days; walltime: 7.9
36507.0/36682.0 days/days; walltime: 2.9
36508.0/36682.0 days/days; walltime: 5.0
36509.0/36682.0 days/days; walltime: 3.0
36510.0/36682.0 days/days; walltime: 31.2
36511.0/36682.0 days/days; walltime: 31.7
36512.0/36682.0 days/days; walltime: 2.5
36513.0/36682.0 days/days; walltime: 1.6
36514.0/36682.0 days/days; walltime: 2.2
36515.0/36682.0 days/days; walltime: 1.8
36516.0/36682.0 days/days; walltime: 1.8
36517.0/36682.0 days/days; walltime: 1.7
36518.0/36682.0 days/days; walltime: 1.5
36519.0/36682.0 days/days; walltime: 8.6
36520.0/36682.0 days/days; walltime: 1.1
36521.0/36682.0 days/days; walltime: 0.9
36522.0/36682.0 days/days; walltime: 1.0
36523.0/36682.0 days/days; walltime: 0.8
36524.0/36682.0 days/days; walltime: 0.9
36525.0/36682.0 days/days; walltime: 1.1
36526.0/36682.0 days/days; walltime: 1.1
36527.0/36682.0 days/days; walltime: 1.0
36528.0/36682.0 days/days; walltime: 0.8
36529.0/36682.0 days/days; walltime: 54.5
36530.0/36682.0 days/days; walltime: 0.7
36531.0/36682.0 days/days; walltime: 17.6
36532.0/36682.0 days/days; walltime: 1.0
36533.0/36682.0 days/days; walltime: 1.0
36534.0/36682.0 days/days; walltime: 0.7
36535.0/36682.0 days/days; walltime: 1.0
36536.0/36682.0 days/days; walltime: 0.6
36537.0/36682.0 days/days; walltime: 0.8
36538.0/36682.0 days/days; walltime: 0.7
36539.0/36682.0 days/days; walltime: 0.6
36540.0/36682.0 days/days; walltime: 0.7
36541.0/36682.0 days/days; walltime: 0.6
36542.0/36682.0 days/days; walltime: 0.6
36543.0/36682.0 days/days; walltime: 0.6
36544.0/36682.0 days/days; walltime: 2.2
36545.0/36682.0 days/days; walltime: 0.8
36546.0/36682.0 days/days; walltime: 0.5
36547.0/36682.0 days/days; walltime: 0.5
36548.0/36682.0 days/days; walltime: 0.5
36549.0/36682.0 days/days; walltime: 0.5
36550.0/36682.0 days/days; walltime: 0.5
36551.0/36682.0 days/days; walltime: 0.5
36552.0/36682.0 days/days; walltime: 0.5
36553.0/36682.0 days/days; walltime: 0.5
36554.0/36682.0 days/days; walltime: 0.5
36555.0/36682.0 days/days; walltime: 33.4
36556.0/36682.0 days/days; walltime: 0.6
36557.0/36682.0 days/days; walltime: 0.5
36558.0/36682.0 days/days; walltime: 0.5
36559.0/36682.0 days/days; walltime: 0.4
36560.0/36682.0 days/days; walltime: 0.5
36561.0/36682.0 days/days; walltime: 0.5
36562.0/36682.0 days/days; walltime: 0.4
36563.0/36682.0 days/days; walltime: 0.5
36564.0/36682.0 days/days; walltime: 0.3
36565.0/36682.0 days/days; walltime: 0.5
36566.0/36682.0 days/days; walltime: 0.4
36567.0/36682.0 days/days; walltime: 0.4
36568.0/36682.0 days/days; walltime: 0.4
36569.0/36682.0 days/days; walltime: 0.3
36570.0/36682.0 days/days; walltime: 0.4
36571.0/36682.0 days/days; walltime: 0.4
36572.0/36682.0 days/days; walltime: 0.4
36573.0/36682.0 days/days; walltime: 0.3
36574.0/36682.0 days/days; walltime: 0.4
36575.0/36682.0 days/days; walltime: 0.4
36576.0/36682.0 days/days; walltime: 0.2
36577.0/36682.0 days/days; walltime: 0.4
36578.0/36682.0 days/days; walltime: 0.4
36579.0/36682.0 days/days; walltime: 0.2
36580.0/36682.0 days/days; walltime: 0.4
36581.0/36682.0 days/days; walltime: 0.3
36582.0/36682.0 days/days; walltime: 0.2
36583.0/36682.0 days/days; walltime: 0.4
36584.0/36682.0 days/days; walltime: 0.2
36585.0/36682.0 days/days; walltime: 0.3
36586.0/36682.0 days/days; walltime: 0.3
36587.0/36682.0 days/days; walltime: 0.3
36588.0/36682.0 days/days; walltime: 0.2
36589.0/36682.0 days/days; walltime: 0.3
36590.0/36682.0 days/days; walltime: 0.3
36591.0/36682.0 days/days; walltime: 0.2
36592.0/36682.0 days/days; walltime: 0.3
36593.0/36682.0 days/days; walltime: 0.2
36594.0/36682.0 days/days; walltime: 0.4
36595.0/36682.0 days/days; walltime: 0.2
36596.0/36682.0 days/days; walltime: 0.2
36597.0/36682.0 days/days; walltime: 0.3
36598.0/36682.0 days/days; walltime: 0.3
36599.0/36682.0 days/days; walltime: 0.3
36600.0/36682.0 days/days; walltime: 0.2
36601.0/36682.0 days/days; walltime: 0.2
36602.0/36682.0 days/days; walltime: 0.4
36603.0/36682.0 days/days; walltime: 0.3
36604.0/36682.0 days/days; walltime: 0.2
36605.0/36682.0 days/days; walltime: 0.3
36606.0/36682.0 days/days; walltime: 0.2
36607.0/36682.0 days/days; walltime: 0.4
36608.0/36682.0 days/days; walltime: 0.2
36609.0/36682.0 days/days; walltime: 0.3
36610.0/36682.0 days/days; walltime: 0.2
36611.0/36682.0 days/days; walltime: 0.3
36612.0/36682.0 days/days; walltime: 23.8
36613.0/36682.0 days/days; walltime: 0.3
36614.0/36682.0 days/days; walltime: 0.4
36615.0/36682.0 days/days; walltime: 0.2
36616.0/36682.0 days/days; walltime: 0.2
36617.0/36682.0 days/days; walltime: 0.1
36618.0/36682.0 days/days; walltime: 0.2
36619.0/36682.0 days/days; walltime: 0.2
36620.0/36682.0 days/days; walltime: 0.2
36621.0/36682.0 days/days; walltime: 0.3
--36622.0/36682.0 days/days; walltime: 20.0
36623.0/36682.0 days/days; walltime: 58.0
36624.0/36682.0 days/days; walltime: 78.4
36625.0/36682.0 days/days; walltime: 1.6
36626.0/36682.0 days/days; walltime: 0.4
36627.0/36682.0 days/days; walltime: 0.4
36628.0/36682.0 days/days; walltime: 0.2
36629.0/36682.0 days/days; walltime: 0.3
36630.0/36682.0 days/days; walltime: 0.2
36631.0/36682.0 days/days; walltime: 0.3
36632.0/36682.0 days/days; walltime: 0.2
36633.0/36682.0 days/days; walltime: 0.3
36634.0/36682.0 days/days; walltime: 0.2
36635.0/36682.0 days/days; walltime: 24.8
36636.0/36682.0 days/days; walltime: 27.6
36637.0/36682.0 days/days; walltime: 0.4
36638.0/36682.0 days/days; walltime: 28.0
36639.0/36682.0 days/days; walltime: 79.5
36640.0/36682.0 days/days; walltime: 78.0
36641.0/36682.0 days/days; walltime: 67.4
36642.0/36682.0 days/days; walltime: 1.5
36643.0/36682.0 days/days; walltime: 1.2
36644.0/36682.0 days/days; walltime: 1.4
36645.0/36682.0 days/days; walltime: 1.3
36646.0/36682.0 days/days; walltime: 2.8
36647.0/36682.0 days/days; walltime: 1.1
36648.0/36682.0 days/days; walltime: 0.9
36649.0/36682.0 days/days; walltime: 1.0
36650.0/36682.0 days/days; walltime: 0.9
36651.0/36682.0 days/days; walltime: 0.7
36652.0/36682.0 days/days; walltime: 4.8
36653.0/36682.0 days/days; walltime: 106.4
36654.0/36682.0 days/days; walltime: 121.9
36655.0/36682.0 days/days; walltime: 420.0
36656.0/36682.0 days/days; walltime: 335.0
36657.0/36682.0 days/days; walltime: 512.2
36658.0/36682.0 days/days; walltime: 637.1
36659.0/36682.0 days/days; walltime: 60.8
36660.0/36682.0 days/days; walltime: 635.6
36661.0/36682.0 days/days; walltime: 319.7
36662.0/36682.0 days/days; walltime: 468.3
36663.0/36682.0 days/days; walltime: 301.2
36664.0/36682.0 days/days; walltime: 47.8
36665.0/36682.0 days/days; walltime: 74.2
36666.0/36682.0 days/days; walltime: 144.4
36667.0/36682.0 days/days; walltime: 225.1
36668.0/36682.0 days/days; walltime: 1038.2
36669.0/36682.0 days/days; walltime: 776.9
36670.0/36682.0 days/days; walltime: 84.6
36671.0/36682.0 days/days; walltime: 60.1
36672.0/36682.0 days/days; walltime: 183.9
36673.0/36682.0 days/days; walltime: 424.0
36674.0/36682.0 days/days; walltime: 444.3
36675.0/36682.0 days/days; walltime: 164.3
36676.0/36682.0 days/days; walltime: 586.5
36677.0/36682.0 days/days; walltime: 677.4
36678.0/36682.0 days/days; walltime: 182.7
36679.0/36682.0 days/days; walltime: 378.3
