Case 1:
Picked up JAVA_TOOL_OPTIONS: -Xmx2g
Opening log file:  /tmp/java.log.5800

                            < M A T L A B (R) >
                  Copyright 1984-2022 The MathWorks, Inc.
                  R2022a (9.12.0.1884302) 64-bit (glnxa64)
                             February 16, 2022

 
To get started, type doc.
For product information, visit www.mathworks.com.
 

config = 

  struct with fields:

                 k_s: 0.0094
                 l_c: 10
            n_moulin: 68
    creep_const_soft: 0
             mesh_nr: 4
                 k_c: 0.2000
               h_bed: 0.5000
               l_bed: 10
               alpha: 1.2500
                beta: 1.5000
               omega: 0
                 e_v: 1.0000e-04

Running model run (ode15s):
Run to steady
Creating output dir: ./RUN/
Saving model run to
./RUN/output_101_steady.nc
Fields, IC & BC initialised
Initial phi calculated in 2.1s
0.0/36500.0 days/days; walltime: 24.7
----------------------------------------------------------------------------------------------------------------------------------------------------------------------------------------------------------------------------------------------------------------------------------------------------------------------------------------------------------------------------------------------------------------------------------------------------------------------------------------------------------------------------------------------------------------------------------------------------------------------------------------------------------------------------------------------------------------------------------------------------------------------------------------------------------------------------------------------------------------------------------------------------------1825.0/36500.0 days/days; walltime: 225.6
-------------------------------------------------------------------------------3650.0/36500.0 days/days; walltime: 6.3
---------------5475.0/36500.0 days/days; walltime: 1.4
---------7300.0/36500.0 days/days; walltime: 0.9
---------------------------------------------------------------------------------------------9125.0/36500.0 days/days; walltime: 7.4
-----------------------------------------------------------------------------------------------------------------------------------------------------------------------------------------------------------------------------------------------------------------------------------------------------------------------------------------------------------------------------------------------------------------------------------------------------------------------------------------------------------------------------------------------------------------------------------------------------------------------------------------------------------------------------------------------------------------------------------------------------------------------------------------------------------------------------------------------------------------------------------------------------------------------------------------------------------------------------------------------------------------------------------------------------------------------------------------------------------------------------------------------------------------------------------------------------------------------------------------------------------------------------------------------------------------------------------------------------------------------------------------------------------------------------------------------------------------------------------------------------------------------------------------------------------------------------------------------------------------------------------------------------------------------------------------------------------------------------------------------------------------------------------------------------------------------------------------------------------------------------------------------------------------------------------------------------------------------------------------------------------------------------------------------------------------------------------------------------------------------------------------------------------------------------------------------------------------------------------------------------------------------------------------------------------------------------------------------------------------------------------------------------------------------------------------------------------------------------------------------------------------------------------------------------------------------------------------------------------------------------------------------------------------------------------------------------------------------------------------------------------------------------------------------------------------------------------------------------------------------------------------------------------------------------------------------------------------------------------------------------------------------------------------------------------------------------------------------------------------------------------------------------------------------------------------------------------------------------------------------------------------------------------------------------------------------------------------------------------------------------------------------------------------------------------------------------------------------------------------------------------------------------------------------------------------------------------------------------------------------------------------------------------------------------------------------------------------------------------------------------------------------------------------------------------------------------------------------------------------------------------------------------------------------------------------------------------------------------------------------------------------------------------------------------------------------------------------------------------------------------------------------------------------------------------------------------------------------------------------------------------------------------------------------------------------------------------------------------------------------------------------------------------------------------------------------------------------------------------------------------------------------------------------------------------------------------------------------------------------------------------------------------------------------------------------------------------------------------------------------------------------------------------------------------------------------------------------------------------------------------------------------------------------------------------------------------------------------------------------------------------------------------------------------------------------------------------------------------------------------------------------------------------------------------------------------------------------------------------------------------------------------------------------------------------------------------------------------------------------------------------------------------------------------------------------------------------------------------------------------------------------------------------------------------------------------------------------------------------------------------------------------------------------------------------------------------------------------------------------------------------------------------------------------------------------------------------------------------------------------------10950.0/36500.0 days/days; walltime: 397.4
-------------------------------------------------------------------------------------------------------------------------------------------------------------------------------------------------------------------------------------------------------------------------------------------------------------------------------------------------------------------------------------------------------------------------------------------------------------------------------------------------------------------------------------------------------------------------------------------------------------------------------------------------------------------------------------------------------------------------------------------------------------------------------------------------------------------------------------------------------------------------------------------------------------------------------------------12775.0/36500.0 days/days; walltime: 180.1
-------------------------------------------------------------------------------------------------------------------------------------------------------------------------------------------------------------------------14600.0/36500.0 days/days; walltime: 411.3
----------------------------------------------------------------------------------------------------------------------------------------------------------------------------------------------------------------16425.0/36500.0 days/days; walltime: 357.5
----------------------------------------------------------------------------------------------------------------------------------------------------------------------------------------------------------------18250.0/36500.0 days/days; walltime: 199.1
-------------20075.0/36500.0 days/days; walltime: 191.2
21900.0/36500.0 days/days; walltime: 58.0
------23725.0/36500.0 days/days; walltime: 54.4
25550.0/36500.0 days/days; walltime: 21.1
27375.0/36500.0 days/days; walltime: 3.2
29200.0/36500.0 days/days; walltime: 17.2
31025.0/36500.0 days/days; walltime: 0.8
32850.0/36500.0 days/days; walltime: 0.5
34675.0/36500.0 days/days; walltime: 0.1
36500.0/36500.0 days/days; walltime: 0.3
Wallclock for model run: 2163.3s
 

fields = 

  struct with fields:

    nodes: [1x1 struct]
    edges: [1x1 struct]
       BC: [1x1 struct]

Running model run (ode15s):
Run seasonal
Saving model run to
./RUN/output_101_seasonal.nc
IC initialised from struct
IC initialised from file/given & rest from parameters and given functions
36500.0/37230.0 days/days; walltime: 21.1
36501.0/37230.0 days/days; walltime: 90.1
36502.0/37230.0 days/days; walltime: 26.1
36503.0/37230.0 days/days; walltime: 17.2
--36504.0/37230.0 days/days; walltime: 3.6
36505.0/37230.0 days/days; walltime: 2.2
36506.0/37230.0 days/days; walltime: 4.1
36507.0/37230.0 days/days; walltime: 3.0
36508.0/37230.0 days/days; walltime: 1.8
36509.0/37230.0 days/days; walltime: 5.2
36510.0/37230.0 days/days; walltime: 1.3
36511.0/37230.0 days/days; walltime: 1.4
36512.0/37230.0 days/days; walltime: 2.7
36513.0/37230.0 days/days; walltime: 4.3
36514.0/37230.0 days/days; walltime: 1.0
36515.0/37230.0 days/days; walltime: 0.6
36516.0/37230.0 days/days; walltime: 1.0
36517.0/37230.0 days/days; walltime: 0.9
36518.0/37230.0 days/days; walltime: 0.9
36519.0/37230.0 days/days; walltime: 0.8
36520.0/37230.0 days/days; walltime: 0.8
36521.0/37230.0 days/days; walltime: 0.6
-------36522.0/37230.0 days/days; walltime: 2.8
-36523.0/37230.0 days/days; walltime: 0.7
36524.0/37230.0 days/days; walltime: 0.4
36525.0/37230.0 days/days; walltime: 0.5
36526.0/37230.0 days/days; walltime: 0.6
36527.0/37230.0 days/days; walltime: 0.6
36528.0/37230.0 days/days; walltime: 0.5
-36529.0/37230.0 days/days; walltime: 0.5
36530.0/37230.0 days/days; walltime: 0.4
---36531.0/37230.0 days/days; walltime: 0.7
-36532.0/37230.0 days/days; walltime: 0.4
-----36533.0/37230.0 days/days; walltime: 0.5
-----------------------------------------36534.0/37230.0 days/days; walltime: 2.6
--36535.0/37230.0 days/days; walltime: 0.4
36536.0/37230.0 days/days; walltime: 0.3
36537.0/37230.0 days/days; walltime: 0.2
36538.0/37230.0 days/days; walltime: 0.3
-36539.0/37230.0 days/days; walltime: 0.4
36540.0/37230.0 days/days; walltime: 0.1
36541.0/37230.0 days/days; walltime: 0.3
36542.0/37230.0 days/days; walltime: 0.1
36543.0/37230.0 days/days; walltime: 0.3
-36544.0/37230.0 days/days; walltime: 0.1
36545.0/37230.0 days/days; walltime: 0.3
-36546.0/37230.0 days/days; walltime: 0.1
36547.0/37230.0 days/days; walltime: 0.3
36548.0/37230.0 days/days; walltime: 0.1
36549.0/37230.0 days/days; walltime: 0.3
36550.0/37230.0 days/days; walltime: 0.1
36551.0/37230.0 days/days; walltime: 0.1
36552.0/37230.0 days/days; walltime: 0.4
36553.0/37230.0 days/days; walltime: 0.1
36554.0/37230.0 days/days; walltime: 0.3
36555.0/37230.0 days/days; walltime: 0.3
36556.0/37230.0 days/days; walltime: 0.1
36557.0/37230.0 days/days; walltime: 0.3
36558.0/37230.0 days/days; walltime: 0.1
36559.0/37230.0 days/days; walltime: 0.3
36560.0/37230.0 days/days; walltime: 0.1
36561.0/37230.0 days/days; walltime: 0.3
36562.0/37230.0 days/days; walltime: 0.3
36563.0/37230.0 days/days; walltime: 0.1
36564.0/37230.0 days/days; walltime: 0.1
36565.0/37230.0 days/days; walltime: 2.7
36566.0/37230.0 days/days; walltime: 0.4
36567.0/37230.0 days/days; walltime: 0.3
36568.0/37230.0 days/days; walltime: 0.1
36569.0/37230.0 days/days; walltime: 0.3
36570.0/37230.0 days/days; walltime: 0.1
36571.0/37230.0 days/days; walltime: 0.1
36572.0/37230.0 days/days; walltime: 0.3
36573.0/37230.0 days/days; walltime: 0.1
36574.0/37230.0 days/days; walltime: 0.1
36575.0/37230.0 days/days; walltime: 0.1
36576.0/37230.0 days/days; walltime: 0.3
36577.0/37230.0 days/days; walltime: 0.1
36578.0/37230.0 days/days; walltime: 0.1
36579.0/37230.0 days/days; walltime: 0.3
36580.0/37230.0 days/days; walltime: 0.1
36581.0/37230.0 days/days; walltime: 0.1
36582.0/37230.0 days/days; walltime: 0.1
36583.0/37230.0 days/days; walltime: 0.3
36584.0/37230.0 days/days; walltime: 0.1
36585.0/37230.0 days/days; walltime: 0.1
36586.0/37230.0 days/days; walltime: 0.1
36587.0/37230.0 days/days; walltime: 0.3
36588.0/37230.0 days/days; walltime: 0.1
-36590.0/37230.0 days/days; walltime: 0.1
36591.0/37230.0 days/days; walltime: 0.1
36592.0/37230.0 days/days; walltime: 0.3
36593.0/37230.0 days/days; walltime: 0.1
36594.0/37230.0 days/days; walltime: 0.1
36595.0/37230.0 days/days; walltime: 0.1
36596.0/37230.0 days/days; walltime: 0.3
36598.0/37230.0 days/days; walltime: 0.1
36599.0/37230.0 days/days; walltime: 0.1
36600.0/37230.0 days/days; walltime: 0.1
36601.0/37230.0 days/days; walltime: 0.3
36603.0/37230.0 days/days; walltime: 0.1
36604.0/37230.0 days/days; walltime: 0.1
36605.0/37230.0 days/days; walltime: 0.1
36606.0/37230.0 days/days; walltime: 0.3
36608.0/37230.0 days/days; walltime: 0.1
36609.0/37230.0 days/days; walltime: 0.1
36611.0/37230.0 days/days; walltime: 0.1
--36612.0/37230.0 days/days; walltime: 0.3
-36614.0/37230.0 days/days; walltime: 0.1
36615.0/37230.0 days/days; walltime: 0.1
36616.0/37230.0 days/days; walltime: 0.1
36618.0/37230.0 days/days; walltime: 0.3
36619.0/37230.0 days/days; walltime: 0.1
36621.0/37230.0 days/days; walltime: 0.1
36622.0/37230.0 days/days; walltime: 0.1
36624.0/37230.0 days/days; walltime: 0.3
36626.0/37230.0 days/days; walltime: 0.1
36627.0/37230.0 days/days; walltime: 0.1
36629.0/37230.0 days/days; walltime: 0.1
36630.0/37230.0 days/days; walltime: 0.3
36632.0/37230.0 days/days; walltime: 0.1
36634.0/37230.0 days/days; walltime: 0.1
36635.0/37230.0 days/days; walltime: 0.1
--36637.0/37230.0 days/days; walltime: 2.6
--36638.0/37230.0 days/days; walltime: 12.4
36639.0/37230.0 days/days; walltime: 62.6
36640.0/37230.0 days/days; walltime: 78.3
36641.0/37230.0 days/days; walltime: 24.0
36642.0/37230.0 days/days; walltime: 1.9
36643.0/37230.0 days/days; walltime: 1.3
36644.0/37230.0 days/days; walltime: 2.8
36645.0/37230.0 days/days; walltime: 0.4
36646.0/37230.0 days/days; walltime: 0.4
36647.0/37230.0 days/days; walltime: 0.4
36648.0/37230.0 days/days; walltime: 0.1
36649.0/37230.0 days/days; walltime: 0.3
36650.0/37230.0 days/days; walltime: 0.1
36651.0/37230.0 days/days; walltime: 0.3
36652.0/37230.0 days/days; walltime: 2.6
36653.0/37230.0 days/days; walltime: 61.8
36654.0/37230.0 days/days; walltime: 90.9
36655.0/37230.0 days/days; walltime: 148.4
36656.0/37230.0 days/days; walltime: 126.2
36657.0/37230.0 days/days; walltime: 107.8
36658.0/37230.0 days/days; walltime: 520.3
36659.0/37230.0 days/days; walltime: 129.4
36660.0/37230.0 days/days; walltime: 325.5
36661.0/37230.0 days/days; walltime: 123.8
36662.0/37230.0 days/days; walltime: 201.8
36663.0/37230.0 days/days; walltime: 90.5
36664.0/37230.0 days/days; walltime: 39.8
36665.0/37230.0 days/days; walltime: 51.3
36666.0/37230.0 days/days; walltime: 157.8
36667.0/37230.0 days/days; walltime: 205.4
36668.0/37230.0 days/days; walltime: 537.2
36669.0/37230.0 days/days; walltime: 188.9
36670.0/37230.0 days/days; walltime: 164.9
36671.0/37230.0 days/days; walltime: 76.4
36672.0/37230.0 days/days; walltime: 101.0
36673.0/37230.0 days/days; walltime: 62.8
36674.0/37230.0 days/days; walltime: 44.5
36675.0/37230.0 days/days; walltime: 73.4
36676.0/37230.0 days/days; walltime: 181.5
36677.0/37230.0 days/days; walltime: 297.1
36678.0/37230.0 days/days; walltime: 139.1
36679.0/37230.0 days/days; walltime: 59.3
36680.0/37230.0 days/days; walltime: 41.7
36681.0/37230.0 days/days; walltime: 24.9
36682.0/37230.0 days/days; walltime: 18.7
36683.0/37230.0 days/days; walltime: 39.8
36684.0/37230.0 days/days; walltime: 54.5
36685.0/37230.0 days/days; walltime: 170.7
36686.0/37230.0 days/days; walltime: 117.4
36687.0/37230.0 days/days; walltime: 135.1
36688.0/37230.0 days/days; walltime: 64.2
36689.0/37230.0 days/days; walltime: 202.4
36690.0/37230.0 days/days; walltime: 389.3
36691.0/37230.0 days/days; walltime: 186.7
36692.0/37230.0 days/days; walltime: 89.2
36693.0/37230.0 days/days; walltime: 41.1
36694.0/37230.0 days/days; walltime: 36.0
36695.0/37230.0 days/days; walltime: 24.9
36696.0/37230.0 days/days; walltime: 31.1
36697.0/37230.0 days/days; walltime: 30.1
36698.0/37230.0 days/days; walltime: 66.3
36699.0/37230.0 days/days; walltime: 21.3
36700.0/37230.0 days/days; walltime: 104.6
36701.0/37230.0 days/days; walltime: 104.8
36702.0/37230.0 days/days; walltime: 70.2
36703.0/37230.0 days/days; walltime: 62.1
36704.0/37230.0 days/days; walltime: 148.9
36705.0/37230.0 days/days; walltime: 223.6
36706.0/37230.0 days/days; walltime: 200.0
36707.0/37230.0 days/days; walltime: 171.6
36708.0/37230.0 days/days; walltime: 106.2
36709.0/37230.0 days/days; walltime: 18.8
36710.0/37230.0 days/days; walltime: 80.0
36711.0/37230.0 days/days; walltime: 143.6
36712.0/37230.0 days/days; walltime: 82.5
36713.0/37230.0 days/days; walltime: 203.1
36714.0/37230.0 days/days; walltime: 20.1
36715.0/37230.0 days/days; walltime: 22.4
36716.0/37230.0 days/days; walltime: 19.8
36717.0/37230.0 days/days; walltime: 17.8
36718.0/37230.0 days/days; walltime: 21.9
36719.0/37230.0 days/days; walltime: 15.1
36720.0/37230.0 days/days; walltime: 45.4
36721.0/37230.0 days/days; walltime: 137.5
36722.0/37230.0 days/days; walltime: 121.0
36723.0/37230.0 days/days; walltime: 238.6
36724.0/37230.0 days/days; walltime: 331.8
36725.0/37230.0 days/days; walltime: 271.6
36726.0/37230.0 days/days; walltime: 257.0
36727.0/37230.0 days/days; walltime: 108.5
36728.0/37230.0 days/days; walltime: 261.7
36729.0/37230.0 days/days; walltime: 527.0
36730.0/37230.0 days/days; walltime: 553.8
36731.0/37230.0 days/days; walltime: 219.8
36732.0/37230.0 days/days; walltime: 108.2
36733.0/37230.0 days/days; walltime: 341.4
36734.0/37230.0 days/days; walltime: 138.2
36735.0/37230.0 days/days; walltime: 95.4
36736.0/37230.0 days/days; walltime: 73.4
36737.0/37230.0 days/days; walltime: 7.8
36738.0/37230.0 days/days; walltime: 11.1
36739.0/37230.0 days/days; walltime: 56.6
36740.0/37230.0 days/days; walltime: 61.5
36741.0/37230.0 days/days; walltime: 139.4
36742.0/37230.0 days/days; walltime: 222.1
36743.0/37230.0 days/days; walltime: 251.6
36744.0/37230.0 days/days; walltime: 43.9
36745.0/37230.0 days/days; walltime: 13.0
36746.0/37230.0 days/days; walltime: 29.6
36747.0/37230.0 days/days; walltime: 43.9
36748.0/37230.0 days/days; walltime: 66.8
36749.0/37230.0 days/days; walltime: 94.0
36750.0/37230.0 days/days; walltime: 10.9
36751.0/37230.0 days/days; walltime: 9.6
36752.0/37230.0 days/days; walltime: 33.2
36753.0/37230.0 days/days; walltime: 8.9
36754.0/37230.0 days/days; walltime: 6.8
36755.0/37230.0 days/days; walltime: 8.5
36756.0/37230.0 days/days; walltime: 7.1
36757.0/37230.0 days/days; walltime: 17.7
36758.0/37230.0 days/days; walltime: 13.9
36759.0/37230.0 days/days; walltime: 6.3
36760.0/37230.0 days/days; walltime: 16.0
36761.0/37230.0 days/days; walltime: 66.1
36762.0/37230.0 days/days; walltime: 75.0
36763.0/37230.0 days/days; walltime: 5.1
36764.0/37230.0 days/days; walltime: 60.9
36765.0/37230.0 days/days; walltime: 53.1
36766.0/37230.0 days/days; walltime: 3.0
36767.0/37230.0 days/days; walltime: 1.4
36768.0/37230.0 days/days; walltime: 1.1
36769.0/37230.0 days/days; walltime: 0.6
36770.0/37230.0 days/days; walltime: 0.7
36771.0/37230.0 days/days; walltime: 0.4
-36772.0/37230.0 days/days; walltime: 0.5
---36773.0/37230.0 days/days; walltime: 0.5
----36774.0/37230.0 days/days; walltime: 2.7
---36775.0/37230.0 days/days; walltime: 0.5
--36776.0/37230.0 days/days; walltime: 0.3
--36777.0/37230.0 days/days; walltime: 0.1
---36778.0/37230.0 days/days; walltime: 0.4
--36779.0/37230.0 days/days; walltime: 0.3
--36780.0/37230.0 days/days; walltime: 0.3
-36781.0/37230.0 days/days; walltime: 0.4
36782.0/37230.0 days/days; walltime: 54.0
36783.0/37230.0 days/days; walltime: 109.0
36784.0/37230.0 days/days; walltime: 96.4
36785.0/37230.0 days/days; walltime: 313.1
36786.0/37230.0 days/days; walltime: 15.1
36787.0/37230.0 days/days; walltime: 3.9
36788.0/37230.0 days/days; walltime: 7.0
36789.0/37230.0 days/days; walltime: 1.5
36790.0/37230.0 days/days; walltime: 1.3
36791.0/37230.0 days/days; walltime: 5.3
36792.0/37230.0 days/days; walltime: 0.7
36793.0/37230.0 days/days; walltime: 0.5
36794.0/37230.0 days/days; walltime: 0.8
36795.0/37230.0 days/days; walltime: 0.9
36796.0/37230.0 days/days; walltime: 0.6
36797.0/37230.0 days/days; walltime: 2.8
36798.0/37230.0 days/days; walltime: 0.5
36799.0/37230.0 days/days; walltime: 0.4
36800.0/37230.0 days/days; walltime: 0.5
36801.0/37230.0 days/days; walltime: 0.5
36802.0/37230.0 days/days; walltime: 0.3
36803.0/37230.0 days/days; walltime: 0.5
-36804.0/37230.0 days/days; walltime: 0.4
36805.0/37230.0 days/days; walltime: 0.3
-36806.0/37230.0 days/days; walltime: 0.4
36807.0/37230.0 days/days; walltime: 0.1
36808.0/37230.0 days/days; walltime: 0.3
36809.0/37230.0 days/days; walltime: 0.4
36810.0/37230.0 days/days; walltime: 0.1
36811.0/37230.0 days/days; walltime: 0.4
36812.0/37230.0 days/days; walltime: 0.1
36813.0/37230.0 days/days; walltime: 0.3
36814.0/37230.0 days/days; walltime: 0.3
36815.0/37230.0 days/days; walltime: 0.1
36816.0/37230.0 days/days; walltime: 0.3
36817.0/37230.0 days/days; walltime: 0.3
36818.0/37230.0 days/days; walltime: 0.1
36819.0/37230.0 days/days; walltime: 2.3
36820.0/37230.0 days/days; walltime: 2.7
36821.0/37230.0 days/days; walltime: 0.4
36822.0/37230.0 days/days; walltime: 0.1
36823.0/37230.0 days/days; walltime: 0.1
36825.0/37230.0 days/days; walltime: 0.1
36826.0/37230.0 days/days; walltime: 0.3
36827.0/37230.0 days/days; walltime: 0.1
36828.0/37230.0 days/days; walltime: 0.2
36829.0/37230.0 days/days; walltime: 0.2
36830.0/37230.0 days/days; walltime: 0.5
36832.0/37230.0 days/days; walltime: 0.1
36833.0/37230.0 days/days; walltime: 0.1
36834.0/37230.0 days/days; walltime: 0.1
36835.0/37230.0 days/days; walltime: 0.3
36837.0/37230.0 days/days; walltime: 0.1
36838.0/37230.0 days/days; walltime: 0.1
36839.0/37230.0 days/days; walltime: 0.1
36840.0/37230.0 days/days; walltime: 0.3
36842.0/37230.0 days/days; walltime: 0.1
36843.0/37230.0 days/days; walltime: 0.1
--36845.0/37230.0 days/days; walltime: 0.1
--36846.0/37230.0 days/days; walltime: 0.3
36848.0/37230.0 days/days; walltime: 0.1
36849.0/37230.0 days/days; walltime: 0.1
36850.0/37230.0 days/days; walltime: 0.1
36852.0/37230.0 days/days; walltime: 0.3
36854.0/37230.0 days/days; walltime: 0.1
-36855.0/37230.0 days/days; walltime: 0.1
36857.0/37230.0 days/days; walltime: 0.1
36858.0/37230.0 days/days; walltime: 0.3
36860.0/37230.0 days/days; walltime: 0.1
36861.0/37230.0 days/days; walltime: 0.1
36863.0/37230.0 days/days; walltime: 0.1
36865.0/37230.0 days/days; walltime: 0.3
36866.0/37230.0 days/days; walltime: 0.1
36868.0/37230.0 days/days; walltime: 0.1
36870.0/37230.0 days/days; walltime: 0.1
36871.0/37230.0 days/days; walltime: 0.3
36873.0/37230.0 days/days; walltime: 0.1
36875.0/37230.0 days/days; walltime: 0.1
36877.0/37230.0 days/days; walltime: 0.1
36878.0/37230.0 days/days; walltime: 0.3
36880.0/37230.0 days/days; walltime: 0.1
36882.0/37230.0 days/days; walltime: 0.1
36884.0/37230.0 days/days; walltime: 0.1
36886.0/37230.0 days/days; walltime: 0.3
36888.0/37230.0 days/days; walltime: 0.1
36890.0/37230.0 days/days; walltime: 0.1
36891.0/37230.0 days/days; walltime: 0.1
36893.0/37230.0 days/days; walltime: 0.3
36895.0/37230.0 days/days; walltime: 0.1
36898.0/37230.0 days/days; walltime: 0.1
36900.0/37230.0 days/days; walltime: 0.1
36902.0/37230.0 days/days; walltime: 0.3
36904.0/37230.0 days/days; walltime: 0.1
36906.0/37230.0 days/days; walltime: 0.1
36908.0/37230.0 days/days; walltime: 0.1
36910.0/37230.0 days/days; walltime: 0.3
36913.0/37230.0 days/days; walltime: 0.1
36915.0/37230.0 days/days; walltime: 0.1
36917.0/37230.0 days/days; walltime: 0.1
36920.0/37230.0 days/days; walltime: 0.3
36922.0/37230.0 days/days; walltime: 0.1
36924.0/37230.0 days/days; walltime: 2.3
36927.0/37230.0 days/days; walltime: 0.2
36929.0/37230.0 days/days; walltime: 0.3
36932.0/37230.0 days/days; walltime: 0.1
36935.0/37230.0 days/days; walltime: 0.1
36937.0/37230.0 days/days; walltime: 0.1
36940.0/37230.0 days/days; walltime: 2.6
36941.0/37230.0 days/days; walltime: 0.1
36942.0/37230.0 days/days; walltime: 0.1
36943.0/37230.0 days/days; walltime: 0.3
36946.0/37230.0 days/days; walltime: 0.1
36949.0/37230.0 days/days; walltime: 0.1
36952.0/37230.0 days/days; walltime: 0.1
36955.0/37230.0 days/days; walltime: 0.3
-36959.0/37230.0 days/days; walltime: 0.1
36962.0/37230.0 days/days; walltime: 0.1
36965.0/37230.0 days/days; walltime: 0.1
36968.0/37230.0 days/days; walltime: 0.3
36971.0/37230.0 days/days; walltime: 0.1
36975.0/37230.0 days/days; walltime: 0.1
36978.0/37230.0 days/days; walltime: 0.1
36981.0/37230.0 days/days; walltime: 0.3
--36985.0/37230.0 days/days; walltime: 2.5
36986.0/37230.0 days/days; walltime: 0.1
--36987.0/37230.0 days/days; walltime: 2.6
36988.0/37230.0 days/days; walltime: 66.3
36989.0/37230.0 days/days; walltime: 67.8
36990.0/37230.0 days/days; walltime: 1.7
36991.0/37230.0 days/days; walltime: 1.0
36992.0/37230.0 days/days; walltime: 0.7
36993.0/37230.0 days/days; walltime: 0.3
36994.0/37230.0 days/days; walltime: 0.4
36995.0/37230.0 days/days; walltime: 0.3
36996.0/37230.0 days/days; walltime: 0.3
36997.0/37230.0 days/days; walltime: 0.3
36998.0/37230.0 days/days; walltime: 0.1
36999.0/37230.0 days/days; walltime: 0.3
37000.0/37230.0 days/days; walltime: 0.1
37002.0/37230.0 days/days; walltime: 0.1
--37003.0/37230.0 days/days; walltime: 16.0
37004.0/37230.0 days/days; walltime: 82.0
37005.0/37230.0 days/days; walltime: 88.4
37006.0/37230.0 days/days; walltime: 29.3
37007.0/37230.0 days/days; walltime: 2.1
37008.0/37230.0 days/days; walltime: 3.2
37009.0/37230.0 days/days; walltime: 0.5
37010.0/37230.0 days/days; walltime: 0.5
37011.0/37230.0 days/days; walltime: 0.5
37012.0/37230.0 days/days; walltime: 0.2
37013.0/37230.0 days/days; walltime: 0.4
37014.0/37230.0 days/days; walltime: 0.3
37015.0/37230.0 days/days; walltime: 0.4
37016.0/37230.0 days/days; walltime: 0.1
37017.0/37230.0 days/days; walltime: 3.3
37018.0/37230.0 days/days; walltime: 77.0
37019.0/37230.0 days/days; walltime: 89.7
37020.0/37230.0 days/days; walltime: 167.4
37021.0/37230.0 days/days; walltime: 148.8
37022.0/37230.0 days/days; walltime: 138.2
37023.0/37230.0 days/days; walltime: 518.6
37024.0/37230.0 days/days; walltime: 223.5
37025.0/37230.0 days/days; walltime: 414.8
37026.0/37230.0 days/days; walltime: 103.7
37027.0/37230.0 days/days; walltime: 194.5
37028.0/37230.0 days/days; walltime: 91.8
37029.0/37230.0 days/days; walltime: 51.1
37030.0/37230.0 days/days; walltime: 54.4
37031.0/37230.0 days/days; walltime: 186.9
37032.0/37230.0 days/days; walltime: 253.4
37033.0/37230.0 days/days; walltime: 603.1
37034.0/37230.0 days/days; walltime: 234.2
37035.0/37230.0 days/days; walltime: 144.7
37036.0/37230.0 days/days; walltime: 126.4
37037.0/37230.0 days/days; walltime: 101.0
37038.0/37230.0 days/days; walltime: 126.9
37039.0/37230.0 days/days; walltime: 57.0
37040.0/37230.0 days/days; walltime: 86.0
37041.0/37230.0 days/days; walltime: 199.0
37042.0/37230.0 days/days; walltime: 415.7
37043.0/37230.0 days/days; walltime: 180.7
37044.0/37230.0 days/days; walltime: 78.3
37045.0/37230.0 days/days; walltime: 33.2
37046.0/37230.0 days/days; walltime: 36.8
37047.0/37230.0 days/days; walltime: 14.4
37048.0/37230.0 days/days; walltime: 55.3
37049.0/37230.0 days/days; walltime: 60.8
37050.0/37230.0 days/days; walltime: 163.1
37051.0/37230.0 days/days; walltime: 128.1
37052.0/37230.0 days/days; walltime: 170.8
37053.0/37230.0 days/days; walltime: 72.6
37054.0/37230.0 days/days; walltime: 223.3
37055.0/37230.0 days/days; walltime: 450.4
37056.0/37230.0 days/days; walltime: 197.8
37057.0/37230.0 days/days; walltime: 108.2
37058.0/37230.0 days/days; walltime: 41.7
37059.0/37230.0 days/days; walltime: 37.2
37060.0/37230.0 days/days; walltime: 23.3
37061.0/37230.0 days/days; walltime: 42.9
37062.0/37230.0 days/days; walltime: 28.7
37063.0/37230.0 days/days; walltime: 64.2
37064.0/37230.0 days/days; walltime: 14.7
37065.0/37230.0 days/days; walltime: 107.3
37066.0/37230.0 days/days; walltime: 114.7
37067.0/37230.0 days/days; walltime: 85.5
37068.0/37230.0 days/days; walltime: 54.5
37069.0/37230.0 days/days; walltime: 158.9
37070.0/37230.0 days/days; walltime: 245.7
37071.0/37230.0 days/days; walltime: 182.7
37072.0/37230.0 days/days; walltime: 167.6
37073.0/37230.0 days/days; walltime: 122.1
37074.0/37230.0 days/days; walltime: 22.3
37075.0/37230.0 days/days; walltime: 41.9
37076.0/37230.0 days/days; walltime: 133.2
37077.0/37230.0 days/days; walltime: 111.8
37078.0/37230.0 days/days; walltime: 203.2
37079.0/37230.0 days/days; walltime: 36.7
37080.0/37230.0 days/days; walltime: 22.6
37081.0/37230.0 days/days; walltime: 26.0
37082.0/37230.0 days/days; walltime: 11.6
37083.0/37230.0 days/days; walltime: 17.0
37084.0/37230.0 days/days; walltime: 23.8
37085.0/37230.0 days/days; walltime: 41.5
37086.0/37230.0 days/days; walltime: 125.3
37087.0/37230.0 days/days; walltime: 110.6
37088.0/37230.0 days/days; walltime: 214.6
37089.0/37230.0 days/days; walltime: 245.1
37090.0/37230.0 days/days; walltime: 313.5
37091.0/37230.0 days/days; walltime: 252.6
37092.0/37230.0 days/days; walltime: 118.8
37093.0/37230.0 days/days; walltime: 269.4
37094.0/37230.0 days/days; walltime: 699.0
37095.0/37230.0 days/days; walltime: 647.6
37096.0/37230.0 days/days; walltime: 249.4
37097.0/37230.0 days/days; walltime: 132.4
37098.0/37230.0 days/days; walltime: 412.5
37099.0/37230.0 days/days; walltime: 133.1
37100.0/37230.0 days/days; walltime: 78.9
37101.0/37230.0 days/days; walltime: 51.1
37102.0/37230.0 days/days; walltime: 13.3
37103.0/37230.0 days/days; walltime: 19.1
37104.0/37230.0 days/days; walltime: 44.3
37105.0/37230.0 days/days; walltime: 60.4
37106.0/37230.0 days/days; walltime: 134.0
37107.0/37230.0 days/days; walltime: 248.6
37108.0/37230.0 days/days; walltime: 241.4
37109.0/37230.0 days/days; walltime: 44.3
37110.0/37230.0 days/days; walltime: 16.0
37111.0/37230.0 days/days; walltime: 21.2
37112.0/37230.0 days/days; walltime: 50.4
37113.0/37230.0 days/days; walltime: 66.3
37114.0/37230.0 days/days; walltime: 89.8
37115.0/37230.0 days/days; walltime: 8.9
37116.0/37230.0 days/days; walltime: 9.9
37117.0/37230.0 days/days; walltime: 33.1
37118.0/37230.0 days/days; walltime: 6.4
37119.0/37230.0 days/days; walltime: 4.8
37120.0/37230.0 days/days; walltime: 5.3
37121.0/37230.0 days/days; walltime: 5.0
37122.0/37230.0 days/days; walltime: 10.5
37123.0/37230.0 days/days; walltime: 4.3
37124.0/37230.0 days/days; walltime: 3.9
37125.0/37230.0 days/days; walltime: 14.3
37126.0/37230.0 days/days; walltime: 60.7
37127.0/37230.0 days/days; walltime: 78.8
37128.0/37230.0 days/days; walltime: 6.2
37129.0/37230.0 days/days; walltime: 59.6
37130.0/37230.0 days/days; walltime: 53.5
37131.0/37230.0 days/days; walltime: 7.0
37132.0/37230.0 days/days; walltime: 12.5
37133.0/37230.0 days/days; walltime: 15.7
37134.0/37230.0 days/days; walltime: 5.4
-----37135.0/37230.0 days/days; walltime: 10.2
37136.0/37230.0 days/days; walltime: 10.4
37137.0/37230.0 days/days; walltime: 18.6
--37138.0/37230.0 days/days; walltime: 0.8
---37139.0/37230.0 days/days; walltime: 0.5
--37140.0/37230.0 days/days; walltime: 0.3
---37141.0/37230.0 days/days; walltime: 0.5
--37142.0/37230.0 days/days; walltime: 0.3
-----37143.0/37230.0 days/days; walltime: 0.5
----37144.0/37230.0 days/days; walltime: 0.4
---37145.0/37230.0 days/days; walltime: 3.6
-37146.0/37230.0 days/days; walltime: 0.8
-----37147.0/37230.0 days/days; walltime: 49.3
37148.0/37230.0 days/days; walltime: 106.9
37149.0/37230.0 days/days; walltime: 101.1
37150.0/37230.0 days/days; walltime: 308.7
37151.0/37230.0 days/days; walltime: 13.4
37152.0/37230.0 days/days; walltime: 3.9
37153.0/37230.0 days/days; walltime: 7.0
37154.0/37230.0 days/days; walltime: 1.5
37155.0/37230.0 days/days; walltime: 1.3
37156.0/37230.0 days/days; walltime: 6.1
37157.0/37230.0 days/days; walltime: 1.3
37158.0/37230.0 days/days; walltime: 0.5
37159.0/37230.0 days/days; walltime: 0.6
37160.0/37230.0 days/days; walltime: 0.7
37161.0/37230.0 days/days; walltime: 0.7
37162.0/37230.0 days/days; walltime: 0.7
37163.0/37230.0 days/days; walltime: 2.9
--37164.0/37230.0 days/days; walltime: 0.2
37165.0/37230.0 days/days; walltime: 0.5
-37166.0/37230.0 days/days; walltime: 0.5
---37167.0/37230.0 days/days; walltime: 0.5
-37168.0/37230.0 days/days; walltime: 0.3
--37169.0/37230.0 days/days; walltime: 0.4
-37170.0/37230.0 days/days; walltime: 0.3
37171.0/37230.0 days/days; walltime: 0.4
-37172.0/37230.0 days/days; walltime: 0.3
37173.0/37230.0 days/days; walltime: 0.1
-37174.0/37230.0 days/days; walltime: 0.4
37175.0/37230.0 days/days; walltime: 0.1
-37176.0/37230.0 days/days; walltime: 0.4
37177.0/37230.0 days/days; walltime: 0.1
37178.0/37230.0 days/days; walltime: 0.3
37179.0/37230.0 days/days; walltime: 0.3
37180.0/37230.0 days/days; walltime: 0.1
37181.0/37230.0 days/days; walltime: 0.3
37182.0/37230.0 days/days; walltime: 0.3
--37183.0/37230.0 days/days; walltime: 0.1
37184.0/37230.0 days/days; walltime: 0.1
37185.0/37230.0 days/days; walltime: 0.1
-37186.0/37230.0 days/days; walltime: 0.3
37187.0/37230.0 days/days; walltime: 0.1
37188.0/37230.0 days/days; walltime: 0.1
37189.0/37230.0 days/days; walltime: 0.1
37190.0/37230.0 days/days; walltime: 0.3
37192.0/37230.0 days/days; walltime: 0.1
37193.0/37230.0 days/days; walltime: 2.3
37194.0/37230.0 days/days; walltime: 0.1
37195.0/37230.0 days/days; walltime: 0.3
37197.0/37230.0 days/days; walltime: 2.7
37198.0/37230.0 days/days; walltime: 0.5
37200.0/37230.0 days/days; walltime: 0.1
37201.0/37230.0 days/days; walltime: 0.1
37203.0/37230.0 days/days; walltime: 0.1
37204.0/37230.0 days/days; walltime: 0.3
37206.0/37230.0 days/days; walltime: 0.1
37208.0/37230.0 days/days; walltime: 0.1
37209.0/37230.0 days/days; walltime: 0.1
37211.0/37230.0 days/days; walltime: 0.3
37212.0/37230.0 days/days; walltime: 0.1
37214.0/37230.0 days/days; walltime: 0.1
37216.0/37230.0 days/days; walltime: 0.1
-37217.0/37230.0 days/days; walltime: 0.3
37219.0/37230.0 days/days; walltime: 0.1
--37221.0/37230.0 days/days; walltime: 0.1
--37223.0/37230.0 days/days; walltime: 0.1
37224.0/37230.0 days/days; walltime: 0.3
37226.0/37230.0 days/days; walltime: 0.1
37228.0/37230.0 days/days; walltime: 0.1
37230.0/37230.0 days/days; walltime: 0.3
Wallclock for model run: 29779.5s
 

fields = 

  struct with fields:

    nodes: [1x1 struct]
    edges: [1x1 struct]
       BC: [1x1 struct]

No cases left; exiting.
