Case 3:
Picked up JAVA_TOOL_OPTIONS: -Xmx2g
Opening log file:  /tmp/java.log.5857

                            < M A T L A B (R) >
                  Copyright 1984-2022 The MathWorks, Inc.
                  R2022a (9.12.0.1884302) 64-bit (glnxa64)
                             February 16, 2022

 
To get started, type doc.
For product information, visit www.mathworks.com.
 

config = 

  struct with fields:

                 k_s: 0.1000
                 l_c: 10
            n_moulin: 68
    creep_const_soft: 0
             mesh_nr: 4
                 k_c: 0.2000
               h_bed: 0.5000
               l_bed: 10
               alpha: 3
                beta: 2
               omega: 0
                 e_v: 1.0000e-04

Running model run (ode15s):
Run to steady
Saving model run to
./RUN/output_103_steady.nc
Fields, IC & BC initialised
Initial phi calculated in 2.4s
0.0/36500.0 days/days; walltime: 81.4
------------------------------------------------------------------------------------------------------------------------------------------------------------------------------------------------------1825.0/36500.0 days/days; walltime: 3409.7
--------------------------------------------------------------------------------------3650.0/36500.0 days/days; walltime: 28.2
-------5475.0/36500.0 days/days; walltime: 4.4
--------------------------------------7300.0/36500.0 days/days; walltime: 5.2
-------------------------------------------------------------------------------------9125.0/36500.0 days/days; walltime: 29.1
----10950.0/36500.0 days/days; walltime: 2223.8
12775.0/36500.0 days/days; walltime: 1109.8
14600.0/36500.0 days/days; walltime: 684.4
--16425.0/36500.0 days/days; walltime: 769.0
--18250.0/36500.0 days/days; walltime: 496.2
----20075.0/36500.0 days/days; walltime: 240.0
21900.0/36500.0 days/days; walltime: 48.7
23725.0/36500.0 days/days; walltime: 23.1
25550.0/36500.0 days/days; walltime: 15.4
27375.0/36500.0 days/days; walltime: 6.8
29200.0/36500.0 days/days; walltime: 3.1
31025.0/36500.0 days/days; walltime: 1.8
32850.0/36500.0 days/days; walltime: 4.7
36500.0/36500.0 days/days; walltime: 0.5
Wallclock for model run: 9191.0s
 

fields = 

  struct with fields:

    nodes: [1x1 struct]
    edges: [1x1 struct]
       BC: [1x1 struct]

Running model run (ode15s):
Run seasonal
Saving model run to
./RUN/output_103_seasonal.nc
IC initialised from struct
IC initialised from file/given & rest from parameters and given functions
36500.0/37230.0 days/days; walltime: 37.5
36501.0/37230.0 days/days; walltime: 118.8
36502.0/37230.0 days/days; walltime: 19.7
36503.0/37230.0 days/days; walltime: 14.4
36504.0/37230.0 days/days; walltime: 26.3
36505.0/37230.0 days/days; walltime: 35.9
36506.0/37230.0 days/days; walltime: 38.2
36507.0/37230.0 days/days; walltime: 12.1
36508.0/37230.0 days/days; walltime: 8.2
36509.0/37230.0 days/days; walltime: 36.8
36510.0/37230.0 days/days; walltime: 14.6
36511.0/37230.0 days/days; walltime: 4.7
36512.0/37230.0 days/days; walltime: 17.9
36513.0/37230.0 days/days; walltime: 4.3
36514.0/37230.0 days/days; walltime: 4.2
36515.0/37230.0 days/days; walltime: 7.3
36516.0/37230.0 days/days; walltime: 3.8
36517.0/37230.0 days/days; walltime: 3.4
36518.0/37230.0 days/days; walltime: 3.0
36519.0/37230.0 days/days; walltime: 2.6
36520.0/37230.0 days/days; walltime: 2.6
36521.0/37230.0 days/days; walltime: 2.7
36522.0/37230.0 days/days; walltime: 2.7
36523.0/37230.0 days/days; walltime: 2.3
36524.0/37230.0 days/days; walltime: 8.4
36525.0/37230.0 days/days; walltime: 2.3
36526.0/37230.0 days/days; walltime: 1.8
36527.0/37230.0 days/days; walltime: 1.7
36528.0/37230.0 days/days; walltime: 1.5
36529.0/37230.0 days/days; walltime: 1.4
36530.0/37230.0 days/days; walltime: 1.5
36531.0/37230.0 days/days; walltime: 1.4
36532.0/37230.0 days/days; walltime: 1.3
36533.0/37230.0 days/days; walltime: 1.9
36534.0/37230.0 days/days; walltime: 1.7
36535.0/37230.0 days/days; walltime: 9.7
36536.0/37230.0 days/days; walltime: 1.6
36537.0/37230.0 days/days; walltime: 0.9
36538.0/37230.0 days/days; walltime: 1.2
36539.0/37230.0 days/days; walltime: 0.9
36540.0/37230.0 days/days; walltime: 0.8
36541.0/37230.0 days/days; walltime: 0.9
36542.0/37230.0 days/days; walltime: 1.2
36543.0/37230.0 days/days; walltime: 0.9
36544.0/37230.0 days/days; walltime: 0.9
36545.0/37230.0 days/days; walltime: 0.9
36546.0/37230.0 days/days; walltime: 1.2
36547.0/37230.0 days/days; walltime: 4.7
36548.0/37230.0 days/days; walltime: 0.9
36549.0/37230.0 days/days; walltime: 0.8
36550.0/37230.0 days/days; walltime: 0.8
36551.0/37230.0 days/days; walltime: 0.8
36552.0/37230.0 days/days; walltime: 0.9
36553.0/37230.0 days/days; walltime: 1.1
36554.0/37230.0 days/days; walltime: 1.1
36555.0/37230.0 days/days; walltime: 0.9
36556.0/37230.0 days/days; walltime: 4.6
36557.0/37230.0 days/days; walltime: 1.0
36558.0/37230.0 days/days; walltime: 1.1
36559.0/37230.0 days/days; walltime: 0.6
36560.0/37230.0 days/days; walltime: 0.8
36561.0/37230.0 days/days; walltime: 0.7
36562.0/37230.0 days/days; walltime: 0.7
36563.0/37230.0 days/days; walltime: 0.8
36564.0/37230.0 days/days; walltime: 0.7
36565.0/37230.0 days/days; walltime: 0.8
36566.0/37230.0 days/days; walltime: 0.6
36567.0/37230.0 days/days; walltime: 0.9
36568.0/37230.0 days/days; walltime: 4.2
36569.0/37230.0 days/days; walltime: 0.8
36570.0/37230.0 days/days; walltime: 0.6
36571.0/37230.0 days/days; walltime: 0.3
36572.0/37230.0 days/days; walltime: 0.7
36573.0/37230.0 days/days; walltime: 0.6
36574.0/37230.0 days/days; walltime: 0.7
36575.0/37230.0 days/days; walltime: 0.4
36576.0/37230.0 days/days; walltime: 0.9
36577.0/37230.0 days/days; walltime: 0.9
36578.0/37230.0 days/days; walltime: 0.6
36579.0/37230.0 days/days; walltime: 0.6
36580.0/37230.0 days/days; walltime: 0.8
36581.0/37230.0 days/days; walltime: 3.9
36582.0/37230.0 days/days; walltime: 0.5
36583.0/37230.0 days/days; walltime: 4.2
36584.0/37230.0 days/days; walltime: 0.4
36585.0/37230.0 days/days; walltime: 0.9
36586.0/37230.0 days/days; walltime: 3.9
36587.0/37230.0 days/days; walltime: 0.6
36588.0/37230.0 days/days; walltime: 0.7
36589.0/37230.0 days/days; walltime: 0.6
36590.0/37230.0 days/days; walltime: 0.4
36591.0/37230.0 days/days; walltime: 4.2
36592.0/37230.0 days/days; walltime: 0.5
36593.0/37230.0 days/days; walltime: 0.4
36594.0/37230.0 days/days; walltime: 0.9
36595.0/37230.0 days/days; walltime: 0.6
36596.0/37230.0 days/days; walltime: 1.1
36597.0/37230.0 days/days; walltime: 0.6
36598.0/37230.0 days/days; walltime: 0.8
36599.0/37230.0 days/days; walltime: 0.6
36600.0/37230.0 days/days; walltime: 0.9
36601.0/37230.0 days/days; walltime: 0.6
36602.0/37230.0 days/days; walltime: 0.8
36603.0/37230.0 days/days; walltime: 0.8
36604.0/37230.0 days/days; walltime: 0.4
36605.0/37230.0 days/days; walltime: 0.6
36606.0/37230.0 days/days; walltime: 0.4
36607.0/37230.0 days/days; walltime: 0.6
36608.0/37230.0 days/days; walltime: 0.4
36609.0/37230.0 days/days; walltime: 0.4
36610.0/37230.0 days/days; walltime: 0.4
36611.0/37230.0 days/days; walltime: 0.6
36612.0/37230.0 days/days; walltime: 0.4
36613.0/37230.0 days/days; walltime: 0.4
36614.0/37230.0 days/days; walltime: 0.4
36615.0/37230.0 days/days; walltime: 0.4
36616.0/37230.0 days/days; walltime: 0.4
36617.0/37230.0 days/days; walltime: 0.4
36618.0/37230.0 days/days; walltime: 0.7
36619.0/37230.0 days/days; walltime: 0.4
36620.0/37230.0 days/days; walltime: 4.2
36621.0/37230.0 days/days; walltime: 0.4
36622.0/37230.0 days/days; walltime: 0.4
--36623.0/37230.0 days/days; walltime: 47.3
36624.0/37230.0 days/days; walltime: 56.3
36625.0/37230.0 days/days; walltime: 4.0
36626.0/37230.0 days/days; walltime: 2.1
36627.0/37230.0 days/days; walltime: 1.6
36628.0/37230.0 days/days; walltime: 0.8
36629.0/37230.0 days/days; walltime: 1.0
36630.0/37230.0 days/days; walltime: 0.7
36631.0/37230.0 days/days; walltime: 0.4
36632.0/37230.0 days/days; walltime: 0.6
36633.0/37230.0 days/days; walltime: 0.4
36634.0/37230.0 days/days; walltime: 0.2
36635.0/37230.0 days/days; walltime: 0.7
36636.0/37230.0 days/days; walltime: 0.2
36637.0/37230.0 days/days; walltime: 0.7
--36638.0/37230.0 days/days; walltime: 18.8
36639.0/37230.0 days/days; walltime: 50.5
36640.0/37230.0 days/days; walltime: 115.7
36641.0/37230.0 days/days; walltime: 49.6
36642.0/37230.0 days/days; walltime: 7.6
36643.0/37230.0 days/days; walltime: 2.2
36644.0/37230.0 days/days; walltime: 1.0
36645.0/37230.0 days/days; walltime: 1.3
36646.0/37230.0 days/days; walltime: 2.2
36647.0/37230.0 days/days; walltime: 1.8
36648.0/37230.0 days/days; walltime: 7.2
36649.0/37230.0 days/days; walltime: 1.6
36650.0/37230.0 days/days; walltime: 1.2
36651.0/37230.0 days/days; walltime: 1.3
36652.0/37230.0 days/days; walltime: 0.9
36653.0/37230.0 days/days; walltime: 64.5
36654.0/37230.0 days/days; walltime: 90.0
36655.0/37230.0 days/days; walltime: 250.4
36656.0/37230.0 days/days; walltime: 263.2
36657.0/37230.0 days/days; walltime: 350.8
36658.0/37230.0 days/days; walltime: 808.9
36659.0/37230.0 days/days; walltime: 300.9
36660.0/37230.0 days/days; walltime: 749.2
36661.0/37230.0 days/days; walltime: 142.9
36662.0/37230.0 days/days; walltime: 402.1
36663.0/37230.0 days/days; walltime: 140.4
36664.0/37230.0 days/days; walltime: 89.9
36665.0/37230.0 days/days; walltime: 55.6
36666.0/37230.0 days/days; walltime: 150.2
36667.0/37230.0 days/days; walltime: 157.3
36668.0/37230.0 days/days; walltime: 971.2
36669.0/37230.0 days/days; walltime: 509.2
36670.0/37230.0 days/days; walltime: 409.2
36671.0/37230.0 days/days; walltime: 229.9
--36672.0/37230.0 days/days; walltime: 227.0
36673.0/37230.0 days/days; walltime: 549.8
36674.0/37230.0 days/days; walltime: 357.2
36675.0/37230.0 days/days; walltime: 141.8
36676.0/37230.0 days/days; walltime: 516.9
36677.0/37230.0 days/days; walltime: 821.2
--36678.0/37230.0 days/days; walltime: 260.2
36679.0/37230.0 days/days; walltime: 335.8
--36680.0/37230.0 days/days; walltime: 287.7
36681.0/37230.0 days/days; walltime: 139.2
36682.0/37230.0 days/days; walltime: 99.0
36683.0/37230.0 days/days; walltime: 473.2
36684.0/37230.0 days/days; walltime: 465.9
36685.0/37230.0 days/days; walltime: 813.0
36686.0/37230.0 days/days; walltime: 955.4
36687.0/37230.0 days/days; walltime: 645.6
36688.0/37230.0 days/days; walltime: 326.5
36689.0/37230.0 days/days; walltime: 539.8
36690.0/37230.0 days/days; walltime: 864.1
36691.0/37230.0 days/days; walltime: 300.0
36692.0/37230.0 days/days; walltime: 366.3
36693.0/37230.0 days/days; walltime: 126.7
36694.0/37230.0 days/days; walltime: 129.9
36695.0/37230.0 days/days; walltime: 83.2
36696.0/37230.0 days/days; walltime: 101.0
36697.0/37230.0 days/days; walltime: 247.9
36698.0/37230.0 days/days; walltime: 610.1
36699.0/37230.0 days/days; walltime: 449.5
36700.0/37230.0 days/days; walltime: 446.0
36701.0/37230.0 days/days; walltime: 358.7
36702.0/37230.0 days/days; walltime: 296.5
36703.0/37230.0 days/days; walltime: 203.2
36704.0/37230.0 days/days; walltime: 459.0
36705.0/37230.0 days/days; walltime: 696.0
36706.0/37230.0 days/days; walltime: 418.2
36707.0/37230.0 days/days; walltime: 428.9
36708.0/37230.0 days/days; walltime: 512.6
36709.0/37230.0 days/days; walltime: 478.5
36710.0/37230.0 days/days; walltime: 227.5
36711.0/37230.0 days/days; walltime: 420.6
36712.0/37230.0 days/days; walltime: 196.9
36713.0/37230.0 days/days; walltime: 592.1
36714.0/37230.0 days/days; walltime: 188.6
36715.0/37230.0 days/days; walltime: 220.6
36716.0/37230.0 days/days; walltime: 145.5
36717.0/37230.0 days/days; walltime: 245.3
36718.0/37230.0 days/days; walltime: 184.1
36719.0/37230.0 days/days; walltime: 75.0
36720.0/37230.0 days/days; walltime: 714.9
36721.0/37230.0 days/days; walltime: 809.9
36722.0/37230.0 days/days; walltime: 717.6
36723.0/37230.0 days/days; walltime: 919.0
36724.0/37230.0 days/days; walltime: 445.6
36725.0/37230.0 days/days; walltime: 644.3
36726.0/37230.0 days/days; walltime: 327.6
36727.0/37230.0 days/days; walltime: 127.7
36728.0/37230.0 days/days; walltime: 1004.6
36729.0/37230.0 days/days; walltime: 807.3
36730.0/37230.0 days/days; walltime: 679.3
36731.0/37230.0 days/days; walltime: 228.8
36732.0/37230.0 days/days; walltime: 290.9
36733.0/37230.0 days/days; walltime: 570.0
36734.0/37230.0 days/days; walltime: 291.2
36735.0/37230.0 days/days; walltime: 266.0
36736.0/37230.0 days/days; walltime: 309.7
36737.0/37230.0 days/days; walltime: 249.0
36738.0/37230.0 days/days; walltime: 159.4
36739.0/37230.0 days/days; walltime: 221.1
36740.0/37230.0 days/days; walltime: 219.8
36741.0/37230.0 days/days; walltime: 654.3
36742.0/37230.0 days/days; walltime: 1208.0
36743.0/37230.0 days/days; walltime: 1985.4
36744.0/37230.0 days/days; walltime: 1340.3
36745.0/37230.0 days/days; walltime: 608.0
36746.0/37230.0 days/days; walltime: 299.7
36747.0/37230.0 days/days; walltime: 1289.4
36748.0/37230.0 days/days; walltime: 741.2
36749.0/37230.0 days/days; walltime: 1513.8
36750.0/37230.0 days/days; walltime: 418.8
36751.0/37230.0 days/days; walltime: 221.0
36752.0/37230.0 days/days; walltime: 454.8
36753.0/37230.0 days/days; walltime: 149.2
36754.0/37230.0 days/days; walltime: 138.9
36755.0/37230.0 days/days; walltime: 67.0
36756.0/37230.0 days/days; walltime: 55.0
36757.0/37230.0 days/days; walltime: 21.5
36758.0/37230.0 days/days; walltime: 20.5
36759.0/37230.0 days/days; walltime: 6.1
36760.0/37230.0 days/days; walltime: 57.5
36761.0/37230.0 days/days; walltime: 255.6
36762.0/37230.0 days/days; walltime: 265.7
36763.0/37230.0 days/days; walltime: 15.1
36764.0/37230.0 days/days; walltime: 139.8
36765.0/37230.0 days/days; walltime: 144.6
36766.0/37230.0 days/days; walltime: 10.0
36767.0/37230.0 days/days; walltime: 11.9
36768.0/37230.0 days/days; walltime: 8.1
36769.0/37230.0 days/days; walltime: 7.5
36770.0/37230.0 days/days; walltime: 3.5
36771.0/37230.0 days/days; walltime: 3.3
36772.0/37230.0 days/days; walltime: 2.9
36773.0/37230.0 days/days; walltime: 2.9
36774.0/37230.0 days/days; walltime: 2.2
36775.0/37230.0 days/days; walltime: 8.5
36776.0/37230.0 days/days; walltime: 1.4
36777.0/37230.0 days/days; walltime: 1.3
36778.0/37230.0 days/days; walltime: 0.9
36779.0/37230.0 days/days; walltime: 1.3
36780.0/37230.0 days/days; walltime: 1.3
36781.0/37230.0 days/days; walltime: 0.9
36782.0/37230.0 days/days; walltime: 70.3
36783.0/37230.0 days/days; walltime: 251.8
36784.0/37230.0 days/days; walltime: 500.1
36785.0/37230.0 days/days; walltime: 1114.5
36786.0/37230.0 days/days; walltime: 319.2
36787.0/37230.0 days/days; walltime: 41.3
36788.0/37230.0 days/days; walltime: 45.5
36789.0/37230.0 days/days; walltime: 17.3
36790.0/37230.0 days/days; walltime: 28.0
36791.0/37230.0 days/days; walltime: 69.4
36792.0/37230.0 days/days; walltime: 34.7
36793.0/37230.0 days/days; walltime: 36.1
36794.0/37230.0 days/days; walltime: 49.2
36795.0/37230.0 days/days; walltime: 48.5
36796.0/37230.0 days/days; walltime: 10.4
36797.0/37230.0 days/days; walltime: 20.9
36798.0/37230.0 days/days; walltime: 17.5
36799.0/37230.0 days/days; walltime: 7.6
36800.0/37230.0 days/days; walltime: 2.4
36801.0/37230.0 days/days; walltime: 3.8
36802.0/37230.0 days/days; walltime: 7.7
36803.0/37230.0 days/days; walltime: 10.4
36804.0/37230.0 days/days; walltime: 2.3
36805.0/37230.0 days/days; walltime: 1.4
36806.0/37230.0 days/days; walltime: 1.4
36807.0/37230.0 days/days; walltime: 1.5
36808.0/37230.0 days/days; walltime: 1.7
36809.0/37230.0 days/days; walltime: 1.2
36810.0/37230.0 days/days; walltime: 1.5
36811.0/37230.0 days/days; walltime: 1.5
36812.0/37230.0 days/days; walltime: 4.5
36813.0/37230.0 days/days; walltime: 4.3
36814.0/37230.0 days/days; walltime: 9.6
36815.0/37230.0 days/days; walltime: 1.0
36816.0/37230.0 days/days; walltime: 1.4
36817.0/37230.0 days/days; walltime: 1.1
36818.0/37230.0 days/days; walltime: 1.0
36819.0/37230.0 days/days; walltime: 1.2
36820.0/37230.0 days/days; walltime: 0.6
36821.0/37230.0 days/days; walltime: 1.0
36822.0/37230.0 days/days; walltime: 1.0
36823.0/37230.0 days/days; walltime: 0.6
36824.0/37230.0 days/days; walltime: 1.0
36825.0/37230.0 days/days; walltime: 0.8
36826.0/37230.0 days/days; walltime: 0.8
36827.0/37230.0 days/days; walltime: 0.8
36828.0/37230.0 days/days; walltime: 0.4
36829.0/37230.0 days/days; walltime: 0.8
36830.0/37230.0 days/days; walltime: 0.8
36831.0/37230.0 days/days; walltime: 3.8
36832.0/37230.0 days/days; walltime: 0.6
36833.0/37230.0 days/days; walltime: 0.4
36834.0/37230.0 days/days; walltime: 0.6
36835.0/37230.0 days/days; walltime: 0.6
36836.0/37230.0 days/days; walltime: 0.2
36837.0/37230.0 days/days; walltime: 0.7
36838.0/37230.0 days/days; walltime: 0.4
36839.0/37230.0 days/days; walltime: 0.6
36840.0/37230.0 days/days; walltime: 0.8
36841.0/37230.0 days/days; walltime: 0.4
36842.0/37230.0 days/days; walltime: 0.6
36843.0/37230.0 days/days; walltime: 0.4
36844.0/37230.0 days/days; walltime: 0.4
36845.0/37230.0 days/days; walltime: 0.6
36846.0/37230.0 days/days; walltime: 0.4
36847.0/37230.0 days/days; walltime: 0.4
36848.0/37230.0 days/days; walltime: 0.4
36849.0/37230.0 days/days; walltime: 0.6
36850.0/37230.0 days/days; walltime: 0.4
36851.0/37230.0 days/days; walltime: 0.6
36852.0/37230.0 days/days; walltime: 0.4
36853.0/37230.0 days/days; walltime: 0.5
36854.0/37230.0 days/days; walltime: 0.2
36855.0/37230.0 days/days; walltime: 0.6
36856.0/37230.0 days/days; walltime: 0.4
36857.0/37230.0 days/days; walltime: 0.6
36858.0/37230.0 days/days; walltime: 0.4
36859.0/37230.0 days/days; walltime: 0.6
36860.0/37230.0 days/days; walltime: 0.2
36861.0/37230.0 days/days; walltime: 0.6
36862.0/37230.0 days/days; walltime: 0.4
36863.0/37230.0 days/days; walltime: 0.6
36864.0/37230.0 days/days; walltime: 0.2
36865.0/37230.0 days/days; walltime: 0.4
36866.0/37230.0 days/days; walltime: 0.6
36867.0/37230.0 days/days; walltime: 0.4
36868.0/37230.0 days/days; walltime: 0.4
36869.0/37230.0 days/days; walltime: 0.4
36870.0/37230.0 days/days; walltime: 0.2
36871.0/37230.0 days/days; walltime: 0.6
36872.0/37230.0 days/days; walltime: 0.4
36873.0/37230.0 days/days; walltime: 0.4
36874.0/37230.0 days/days; walltime: 0.4
36875.0/37230.0 days/days; walltime: 0.2
36876.0/37230.0 days/days; walltime: 0.6
36877.0/37230.0 days/days; walltime: 0.2
36878.0/37230.0 days/days; walltime: 0.6
36879.0/37230.0 days/days; walltime: 0.2
36880.0/37230.0 days/days; walltime: 0.4
36881.0/37230.0 days/days; walltime: 0.4
36882.0/37230.0 days/days; walltime: 0.4
36883.0/37230.0 days/days; walltime: 0.2
36884.0/37230.0 days/days; walltime: 0.4
36885.0/37230.0 days/days; walltime: 0.4
36886.0/37230.0 days/days; walltime: 0.2
36887.0/37230.0 days/days; walltime: 0.4
36888.0/37230.0 days/days; walltime: 0.4
36889.0/37230.0 days/days; walltime: 0.2
36890.0/37230.0 days/days; walltime: 0.4
36891.0/37230.0 days/days; walltime: 0.4
36892.0/37230.0 days/days; walltime: 0.2
36893.0/37230.0 days/days; walltime: 0.4
36894.0/37230.0 days/days; walltime: 0.3
36895.0/37230.0 days/days; walltime: 0.4
36896.0/37230.0 days/days; walltime: 0.4
36897.0/37230.0 days/days; walltime: 0.2
36898.0/37230.0 days/days; walltime: 0.2
36899.0/37230.0 days/days; walltime: 0.2
36900.0/37230.0 days/days; walltime: 0.4
36901.0/37230.0 days/days; walltime: 0.4
36902.0/37230.0 days/days; walltime: 0.2
36903.0/37230.0 days/days; walltime: 0.4
36904.0/37230.0 days/days; walltime: 0.3
36905.0/37230.0 days/days; walltime: 0.2
36906.0/37230.0 days/days; walltime: 0.2
36907.0/37230.0 days/days; walltime: 0.4
36908.0/37230.0 days/days; walltime: 0.2
36909.0/37230.0 days/days; walltime: 0.2
36910.0/37230.0 days/days; walltime: 0.2
36911.0/37230.0 days/days; walltime: 0.4
36912.0/37230.0 days/days; walltime: 0.2
36913.0/37230.0 days/days; walltime: 0.2
36914.0/37230.0 days/days; walltime: 0.2
36915.0/37230.0 days/days; walltime: 0.4
36916.0/37230.0 days/days; walltime: 0.2
36917.0/37230.0 days/days; walltime: 0.2
36918.0/37230.0 days/days; walltime: 0.2
36919.0/37230.0 days/days; walltime: 0.4
36920.0/37230.0 days/days; walltime: 0.4
36921.0/37230.0 days/days; walltime: 0.2
36922.0/37230.0 days/days; walltime: 3.6
36923.0/37230.0 days/days; walltime: 0.1
36924.0/37230.0 days/days; walltime: 0.4
36925.0/37230.0 days/days; walltime: 0.2
36926.0/37230.0 days/days; walltime: 0.2
36927.0/37230.0 days/days; walltime: 3.6
36929.0/37230.0 days/days; walltime: 0.4
36930.0/37230.0 days/days; walltime: 0.2
36931.0/37230.0 days/days; walltime: 0.2
36932.0/37230.0 days/days; walltime: 0.2
36933.0/37230.0 days/days; walltime: 0.4
36935.0/37230.0 days/days; walltime: 0.1
36936.0/37230.0 days/days; walltime: 0.1
36937.0/37230.0 days/days; walltime: 0.1
36939.0/37230.0 days/days; walltime: 0.4
36940.0/37230.0 days/days; walltime: 0.1
36941.0/37230.0 days/days; walltime: 0.1
36943.0/37230.0 days/days; walltime: 0.1
36944.0/37230.0 days/days; walltime: 0.4
36945.0/37230.0 days/days; walltime: 0.2
36947.0/37230.0 days/days; walltime: 0.2
36948.0/37230.0 days/days; walltime: 0.2
36950.0/37230.0 days/days; walltime: 0.2
36951.0/37230.0 days/days; walltime: 0.4
36953.0/37230.0 days/days; walltime: 0.2
36954.0/37230.0 days/days; walltime: 0.2
36956.0/37230.0 days/days; walltime: 0.2
36957.0/37230.0 days/days; walltime: 0.4
36959.0/37230.0 days/days; walltime: 0.2
36961.0/37230.0 days/days; walltime: 0.2
36962.0/37230.0 days/days; walltime: 0.2
36964.0/37230.0 days/days; walltime: 4.3
36965.0/37230.0 days/days; walltime: 0.2
36966.0/37230.0 days/days; walltime: 0.5
36967.0/37230.0 days/days; walltime: 0.3
36968.0/37230.0 days/days; walltime: 0.3
36970.0/37230.0 days/days; walltime: 0.2
36971.0/37230.0 days/days; walltime: 0.6
36973.0/37230.0 days/days; walltime: 0.3
36974.0/37230.0 days/days; walltime: 0.2
36976.0/37230.0 days/days; walltime: 4.4
36977.0/37230.0 days/days; walltime: 0.2
36978.0/37230.0 days/days; walltime: 0.5
36979.0/37230.0 days/days; walltime: 0.1
36980.0/37230.0 days/days; walltime: 0.1
36981.0/37230.0 days/days; walltime: 0.1
36982.0/37230.0 days/days; walltime: 0.4
36984.0/37230.0 days/days; walltime: 0.2
36985.0/37230.0 days/days; walltime: 0.2
36987.0/37230.0 days/days; walltime: 0.2
36989.0/37230.0 days/days; walltime: 0.5
36991.0/37230.0 days/days; walltime: 0.3
36992.0/37230.0 days/days; walltime: 0.3
36994.0/37230.0 days/days; walltime: 0.3
36996.0/37230.0 days/days; walltime: 0.2
36997.0/37230.0 days/days; walltime: 0.2
36999.0/37230.0 days/days; walltime: 0.2
37001.0/37230.0 days/days; walltime: 0.2
--37002.0/37230.0 days/days; walltime: 4.2
--37003.0/37230.0 days/days; walltime: 17.0
37004.0/37230.0 days/days; walltime: 52.2
37005.0/37230.0 days/days; walltime: 130.3
37006.0/37230.0 days/days; walltime: 64.2
37007.0/37230.0 days/days; walltime: 4.1
37008.0/37230.0 days/days; walltime: 2.3
37009.0/37230.0 days/days; walltime: 1.3
37010.0/37230.0 days/days; walltime: 1.4
37011.0/37230.0 days/days; walltime: 1.8
37012.0/37230.0 days/days; walltime: 2.3
37013.0/37230.0 days/days; walltime: 2.1
37014.0/37230.0 days/days; walltime: 12.9
37015.0/37230.0 days/days; walltime: 1.6
37016.0/37230.0 days/days; walltime: 1.6
37017.0/37230.0 days/days; walltime: 1.3
37018.0/37230.0 days/days; walltime: 63.4
37019.0/37230.0 days/days; walltime: 91.7
37020.0/37230.0 days/days; walltime: 273.7
37021.0/37230.0 days/days; walltime: 263.2
37022.0/37230.0 days/days; walltime: 349.5
37023.0/37230.0 days/days; walltime: 913.5
37024.0/37230.0 days/days; walltime: 335.7
37025.0/37230.0 days/days; walltime: 740.4
37026.0/37230.0 days/days; walltime: 204.8
37027.0/37230.0 days/days; walltime: 453.0
37028.0/37230.0 days/days; walltime: 112.5
--37029.0/37230.0 days/days; walltime: 64.2
37030.0/37230.0 days/days; walltime: 77.1
37031.0/37230.0 days/days; walltime: 141.6
37032.0/37230.0 days/days; walltime: 187.0
37033.0/37230.0 days/days; walltime: 941.0
--37034.0/37230.0 days/days; walltime: 620.0
37035.0/37230.0 days/days; walltime: 439.5
37036.0/37230.0 days/days; walltime: 169.2
37037.0/37230.0 days/days; walltime: 194.8
37038.0/37230.0 days/days; walltime: 581.1
37039.0/37230.0 days/days; walltime: 333.7
37040.0/37230.0 days/days; walltime: 192.7
37041.0/37230.0 days/days; walltime: 577.5
