Case 2:
Picked up JAVA_TOOL_OPTIONS: -Xmx2g
Opening log file:  /tmp/java.log.21063

                            < M A T L A B (R) >
                  Copyright 1984-2022 The MathWorks, Inc.
                  R2022a (9.12.0.1884302) 64-bit (glnxa64)
                             February 16, 2022

 
To get started, type doc.
For product information, visit www.mathworks.com.
 

config = 

  struct with fields:

                 k_s: 0.0189
                 l_c: 10
            n_moulin: 68
    creep_const_soft: 0
             mesh_nr: 4
                 k_c: 0.2000
               h_bed: 0.5000
               l_bed: 10
               alpha: 1.5000
                beta: 1.5000
               omega: 0
                 e_v: 1.0000e-04

Running model run (ode15s):
Run to steady
Saving model run to
./RUN/output_102_steady.nc
Fields, IC & BC initialised
Initial phi calculated in 4.3s
0.0/36500.0 days/days; walltime: 24.7
---------------------------------------------------------------------------------------------------------------------------------------------------------------------------------------------------------------------------------------------------------------------1825.0/36500.0 days/days; walltime: 253.3
-------------------------------3650.0/36500.0 days/days; walltime: 3.0
---------5475.0/36500.0 days/days; walltime: 0.9
---7300.0/36500.0 days/days; walltime: 0.2
-------------------------------------------------------------------------------------------------------------------------------------------------------------------------------------------------------------9125.0/36500.0 days/days; walltime: 15.9
-------------------------------------------------------------------------------------------------------------------------------------------------------------------------------------------------------------------------------------------------------------------------------------------------------------------------------------------------------------------------------------------------------------------------------------------------------------------------------------------------------------------------------------------------------------------------------------------------------------------------------------------------------------------------------------------------------------------------------------------------------------------------------------------------------------------------------------------------------------------------------------------------------------------------------------------------------------------------------------------------------------------------------------------------------------------------------------------------------------------------------------------------------------------------------------------------------------------------------------------------------------------------------------------------------------------------------------------------------------------------------------------------------------------------------------------------------------------------------------------------------------------------------------------------------------------------------------------------------------------------------------------------------------------------------------------------------------------------------------------------------------------------------------------------------------------------------------------------------------------------------------------------------------------------------------------------------------------------------------------------------------------------------------------------------------------------------------------------------------------------------------------------------------------------------------------------------------------------------------------------------------------------------------------------------------------------------------------------------------------------------------------------------------------------------------------------------------------------------------------------------------------------------------------------------------------------------------------------------------------------------------------------------------------------------------------------------------------------------------------------------------------------------------------------------------------------------------------------------------------------------------------------------------------------------------------------------------------------------------------------------------------------------------------------------------------------------------------------------------------------------------------------------------------------------------------------------------------------------------------------------------------------------------------------------------------------------------------------------------------------------------------------------------------------------------------------------10950.0/36500.0 days/days; walltime: 242.0
------------------------------------------------------------------------------------------------------------------------------------------------------------------------------------------------------------------------------------------------------------------------------------------------------------------------------------------------------------------------------------------------------------------------------------------------------------------------------------------------------------------------------------------------------------------------------------------------------------------------------------------------------------------------------------------------------------------------------------------------------------------------------------------------------------------------------------------------------------------------------------------------------------------------------------------------------------------------------------------------------------------------------------------------------------------------------------------------------------------------12775.0/36500.0 days/days; walltime: 236.4
----------------------------------------------------------------------------------------------------------------------------------------------------------------------------------------------------------------------------------------------------------------------------------------------------14600.0/36500.0 days/days; walltime: 527.5
------------------------------------------------------------------------------------16425.0/36500.0 days/days; walltime: 362.9
---------------------------------------------------------------------18250.0/36500.0 days/days; walltime: 262.3
----------20075.0/36500.0 days/days; walltime: 257.2
-----21900.0/36500.0 days/days; walltime: 36.3
23725.0/36500.0 days/days; walltime: 0.7
25550.0/36500.0 days/days; walltime: 0.1
27375.0/36500.0 days/days; walltime: 0.3
31025.0/36500.0 days/days; walltime: 0.1
34675.0/36500.0 days/days; walltime: 0.3
Wallclock for model run: 2229.5s
 

fields = 

  struct with fields:

    nodes: [1x1 struct]
    edges: [1x1 struct]
       BC: [1x1 struct]

Running model run (ode15s):
Run seasonal
Saving model run to
./RUN/output_102_seasonal.nc
IC initialised from struct
IC initialised from file/given & rest from parameters and given functions
36500.0/37230.0 days/days; walltime: 21.3
36501.0/37230.0 days/days; walltime: 83.3
36502.0/37230.0 days/days; walltime: 15.0
36503.0/37230.0 days/days; walltime: 19.5
36504.0/37230.0 days/days; walltime: 9.6
36505.0/37230.0 days/days; walltime: 3.2
36506.0/37230.0 days/days; walltime: 4.6
36507.0/37230.0 days/days; walltime: 2.0
36508.0/37230.0 days/days; walltime: 2.4
36509.0/37230.0 days/days; walltime: 3.8
36510.0/37230.0 days/days; walltime: 1.4
36511.0/37230.0 days/days; walltime: 1.4
36512.0/37230.0 days/days; walltime: 3.6
36513.0/37230.0 days/days; walltime: 1.1
36514.0/37230.0 days/days; walltime: 0.9
36515.0/37230.0 days/days; walltime: 0.9
36516.0/37230.0 days/days; walltime: 0.9
36517.0/37230.0 days/days; walltime: 1.0
36518.0/37230.0 days/days; walltime: 1.0
36519.0/37230.0 days/days; walltime: 0.9
36520.0/37230.0 days/days; walltime: 0.9
36521.0/37230.0 days/days; walltime: 0.9
36522.0/37230.0 days/days; walltime: 0.7
36523.0/37230.0 days/days; walltime: 5.4
36524.0/37230.0 days/days; walltime: 0.8
36525.0/37230.0 days/days; walltime: 0.5
36526.0/37230.0 days/days; walltime: 0.5
36527.0/37230.0 days/days; walltime: 0.5
36528.0/37230.0 days/days; walltime: 0.4
36529.0/37230.0 days/days; walltime: 0.4
36530.0/37230.0 days/days; walltime: 0.4
36531.0/37230.0 days/days; walltime: 0.4
36532.0/37230.0 days/days; walltime: 0.4
36533.0/37230.0 days/days; walltime: 0.4
36534.0/37230.0 days/days; walltime: 0.4
36535.0/37230.0 days/days; walltime: 0.4
36536.0/37230.0 days/days; walltime: 0.2
36537.0/37230.0 days/days; walltime: 0.4
36538.0/37230.0 days/days; walltime: 0.4
-36539.0/37230.0 days/days; walltime: 0.5
-----36540.0/37230.0 days/days; walltime: 0.4
----36541.0/37230.0 days/days; walltime: 0.4
------------------------------------36542.0/37230.0 days/days; walltime: 2.6
-36543.0/37230.0 days/days; walltime: 0.1
36544.0/37230.0 days/days; walltime: 0.4
36545.0/37230.0 days/days; walltime: 0.1
-36546.0/37230.0 days/days; walltime: 0.4
--36547.0/37230.0 days/days; walltime: 0.3
36548.0/37230.0 days/days; walltime: 0.1
36549.0/37230.0 days/days; walltime: 0.3
-36550.0/37230.0 days/days; walltime: 0.2
-36551.0/37230.0 days/days; walltime: 0.4
36552.0/37230.0 days/days; walltime: 0.2
36553.0/37230.0 days/days; walltime: 0.4
36554.0/37230.0 days/days; walltime: 0.2
-36555.0/37230.0 days/days; walltime: 0.4
36556.0/37230.0 days/days; walltime: 0.1
-36557.0/37230.0 days/days; walltime: 0.4
--36558.0/37230.0 days/days; walltime: 2.3
-36559.0/37230.0 days/days; walltime: 0.4
-36560.0/37230.0 days/days; walltime: 0.2
36561.0/37230.0 days/days; walltime: 0.1
-36562.0/37230.0 days/days; walltime: 0.3
-36563.0/37230.0 days/days; walltime: 0.1
36564.0/37230.0 days/days; walltime: 0.3
36565.0/37230.0 days/days; walltime: 0.2
36566.0/37230.0 days/days; walltime: 0.1
-36567.0/37230.0 days/days; walltime: 0.4
36568.0/37230.0 days/days; walltime: 0.1
36569.0/37230.0 days/days; walltime: 0.4
-36570.0/37230.0 days/days; walltime: 0.1
-36571.0/37230.0 days/days; walltime: 0.1
--36572.0/37230.0 days/days; walltime: 0.3
--36573.0/37230.0 days/days; walltime: 0.1
---36574.0/37230.0 days/days; walltime: 0.2
--36575.0/37230.0 days/days; walltime: 0.3
--36576.0/37230.0 days/days; walltime: 0.2
36577.0/37230.0 days/days; walltime: 0.1
36578.0/37230.0 days/days; walltime: 0.3
36579.0/37230.0 days/days; walltime: 0.1
-36580.0/37230.0 days/days; walltime: 0.1
--36581.0/37230.0 days/days; walltime: 0.3
--36582.0/37230.0 days/days; walltime: 0.1
36583.0/37230.0 days/days; walltime: 0.1
-36584.0/37230.0 days/days; walltime: 0.4
-36585.0/37230.0 days/days; walltime: 0.1
-36586.0/37230.0 days/days; walltime: 0.1
-36587.0/37230.0 days/days; walltime: 0.1
-36588.0/37230.0 days/days; walltime: 0.3
36589.0/37230.0 days/days; walltime: 0.1
36590.0/37230.0 days/days; walltime: 0.1
-36591.0/37230.0 days/days; walltime: 0.4
36592.0/37230.0 days/days; walltime: 0.1
36593.0/37230.0 days/days; walltime: 0.1
36594.0/37230.0 days/days; walltime: 0.1
-36595.0/37230.0 days/days; walltime: 0.3
-36596.0/37230.0 days/days; walltime: 0.1
--36597.0/37230.0 days/days; walltime: 0.1
--36598.0/37230.0 days/days; walltime: 0.1
--36599.0/37230.0 days/days; walltime: 0.3
--36600.0/37230.0 days/days; walltime: 0.1
------------------------------------36601.0/37230.0 days/days; walltime: 2.3
-36602.0/37230.0 days/days; walltime: 0.1
-36604.0/37230.0 days/days; walltime: 0.3
36605.0/37230.0 days/days; walltime: 0.1
-36606.0/37230.0 days/days; walltime: 0.1
36607.0/37230.0 days/days; walltime: 0.1
-36608.0/37230.0 days/days; walltime: 0.3
36609.0/37230.0 days/days; walltime: 0.1
-36610.0/37230.0 days/days; walltime: 0.1
-36612.0/37230.0 days/days; walltime: 0.1
--36613.0/37230.0 days/days; walltime: 0.3
-36614.0/37230.0 days/days; walltime: 0.1
36615.0/37230.0 days/days; walltime: 0.1
-36616.0/37230.0 days/days; walltime: 0.1
--36618.0/37230.0 days/days; walltime: 0.3
36619.0/37230.0 days/days; walltime: 0.1
-36620.0/37230.0 days/days; walltime: 0.1
-36621.0/37230.0 days/days; walltime: 0.1
-36623.0/37230.0 days/days; walltime: 0.3
36624.0/37230.0 days/days; walltime: 0.1
-36625.0/37230.0 days/days; walltime: 0.1
-36627.0/37230.0 days/days; walltime: 0.1
-36628.0/37230.0 days/days; walltime: 0.3
36629.0/37230.0 days/days; walltime: 0.1
-36631.0/37230.0 days/days; walltime: 0.1
-36632.0/37230.0 days/days; walltime: 0.1
--36633.0/37230.0 days/days; walltime: 0.3
-36635.0/37230.0 days/days; walltime: 0.1
-36636.0/37230.0 days/days; walltime: 0.1
-------------------------------36637.0/37230.0 days/days; walltime: 2.4
36638.0/37230.0 days/days; walltime: 5.9
36639.0/37230.0 days/days; walltime: 66.8
36640.0/37230.0 days/days; walltime: 72.0
36641.0/37230.0 days/days; walltime: 28.1
36642.0/37230.0 days/days; walltime: 3.9
36643.0/37230.0 days/days; walltime: 1.1
36644.0/37230.0 days/days; walltime: 0.6
36645.0/37230.0 days/days; walltime: 0.6
36646.0/37230.0 days/days; walltime: 0.6
36647.0/37230.0 days/days; walltime: 0.5
36648.0/37230.0 days/days; walltime: 0.2
36649.0/37230.0 days/days; walltime: 0.5
36650.0/37230.0 days/days; walltime: 0.2
36651.0/37230.0 days/days; walltime: 0.3
36652.0/37230.0 days/days; walltime: 2.6
36653.0/37230.0 days/days; walltime: 57.1
36654.0/37230.0 days/days; walltime: 96.0
36655.0/37230.0 days/days; walltime: 156.1
36656.0/37230.0 days/days; walltime: 150.7
36657.0/37230.0 days/days; walltime: 134.9
36658.0/37230.0 days/days; walltime: 521.0
36659.0/37230.0 days/days; walltime: 236.1
36660.0/37230.0 days/days; walltime: 436.2
36661.0/37230.0 days/days; walltime: 125.9
36662.0/37230.0 days/days; walltime: 177.7
36663.0/37230.0 days/days; walltime: 90.1
36664.0/37230.0 days/days; walltime: 43.4
36665.0/37230.0 days/days; walltime: 51.2
36666.0/37230.0 days/days; walltime: 181.5
36667.0/37230.0 days/days; walltime: 240.9
36668.0/37230.0 days/days; walltime: 622.7
36669.0/37230.0 days/days; walltime: 315.6
36670.0/37230.0 days/days; walltime: 234.8
36671.0/37230.0 days/days; walltime: 195.1
36672.0/37230.0 days/days; walltime: 116.7
36673.0/37230.0 days/days; walltime: 92.7
36674.0/37230.0 days/days; walltime: 60.6
36675.0/37230.0 days/days; walltime: 59.7
36676.0/37230.0 days/days; walltime: 170.2
36677.0/37230.0 days/days; walltime: 351.2
36678.0/37230.0 days/days; walltime: 135.4
36679.0/37230.0 days/days; walltime: 43.8
36680.0/37230.0 days/days; walltime: 41.3
36681.0/37230.0 days/days; walltime: 40.1
36682.0/37230.0 days/days; walltime: 15.3
36683.0/37230.0 days/days; walltime: 63.0
36684.0/37230.0 days/days; walltime: 80.5
36685.0/37230.0 days/days; walltime: 175.2
36686.0/37230.0 days/days; walltime: 121.0
36687.0/37230.0 days/days; walltime: 157.6
36688.0/37230.0 days/days; walltime: 63.1
36689.0/37230.0 days/days; walltime: 206.3
36690.0/37230.0 days/days; walltime: 452.4
36691.0/37230.0 days/days; walltime: 193.9
36692.0/37230.0 days/days; walltime: 102.6
36693.0/37230.0 days/days; walltime: 70.3
36694.0/37230.0 days/days; walltime: 27.9
36695.0/37230.0 days/days; walltime: 10.9
36696.0/37230.0 days/days; walltime: 9.8
36697.0/37230.0 days/days; walltime: 15.7
36698.0/37230.0 days/days; walltime: 46.7
36699.0/37230.0 days/days; walltime: 14.8
36700.0/37230.0 days/days; walltime: 97.1
36701.0/37230.0 days/days; walltime: 84.4
36702.0/37230.0 days/days; walltime: 86.3
36703.0/37230.0 days/days; walltime: 59.9
36704.0/37230.0 days/days; walltime: 157.1
36705.0/37230.0 days/days; walltime: 265.5
36706.0/37230.0 days/days; walltime: 161.9
36707.0/37230.0 days/days; walltime: 182.2
36708.0/37230.0 days/days; walltime: 99.2
36709.0/37230.0 days/days; walltime: 34.2
36710.0/37230.0 days/days; walltime: 46.6
36711.0/37230.0 days/days; walltime: 160.0
36712.0/37230.0 days/days; walltime: 43.5
36713.0/37230.0 days/days; walltime: 195.1
36714.0/37230.0 days/days; walltime: 33.0
36715.0/37230.0 days/days; walltime: 15.6
36716.0/37230.0 days/days; walltime: 14.8
36717.0/37230.0 days/days; walltime: 11.4
36718.0/37230.0 days/days; walltime: 13.4
36719.0/37230.0 days/days; walltime: 9.7
36720.0/37230.0 days/days; walltime: 40.8
36721.0/37230.0 days/days; walltime: 138.6
36722.0/37230.0 days/days; walltime: 138.1
36723.0/37230.0 days/days; walltime: 289.3
36724.0/37230.0 days/days; walltime: 276.9
36725.0/37230.0 days/days; walltime: 290.4
36726.0/37230.0 days/days; walltime: 224.2
36727.0/37230.0 days/days; walltime: 100.0
36728.0/37230.0 days/days; walltime: 296.7
36729.0/37230.0 days/days; walltime: 775.9
36730.0/37230.0 days/days; walltime: 855.0
36731.0/37230.0 days/days; walltime: 264.4
36732.0/37230.0 days/days; walltime: 126.4
36733.0/37230.0 days/days; walltime: 411.2
36734.0/37230.0 days/days; walltime: 140.6
36735.0/37230.0 days/days; walltime: 43.5
36736.0/37230.0 days/days; walltime: 44.9
36737.0/37230.0 days/days; walltime: 34.6
36738.0/37230.0 days/days; walltime: 10.0
36739.0/37230.0 days/days; walltime: 24.6
36740.0/37230.0 days/days; walltime: 30.0
36741.0/37230.0 days/days; walltime: 125.5
36742.0/37230.0 days/days; walltime: 241.8
36743.0/37230.0 days/days; walltime: 270.3
36744.0/37230.0 days/days; walltime: 38.9
36745.0/37230.0 days/days; walltime: 11.9
36746.0/37230.0 days/days; walltime: 19.9
36747.0/37230.0 days/days; walltime: 45.0
36748.0/37230.0 days/days; walltime: 61.7
36749.0/37230.0 days/days; walltime: 72.8
36750.0/37230.0 days/days; walltime: 12.8
36751.0/37230.0 days/days; walltime: 8.4
36752.0/37230.0 days/days; walltime: 46.2
36753.0/37230.0 days/days; walltime: 23.1
36754.0/37230.0 days/days; walltime: 2.7
36755.0/37230.0 days/days; walltime: 4.7
36756.0/37230.0 days/days; walltime: 6.7
36757.0/37230.0 days/days; walltime: 28.9
36758.0/37230.0 days/days; walltime: 4.6
36759.0/37230.0 days/days; walltime: 4.1
36760.0/37230.0 days/days; walltime: 14.7
36761.0/37230.0 days/days; walltime: 94.5
36762.0/37230.0 days/days; walltime: 78.0
36763.0/37230.0 days/days; walltime: 12.7
36764.0/37230.0 days/days; walltime: 66.4
36765.0/37230.0 days/days; walltime: 66.1
36766.0/37230.0 days/days; walltime: 3.3
36767.0/37230.0 days/days; walltime: 1.5
36768.0/37230.0 days/days; walltime: 1.0
36769.0/37230.0 days/days; walltime: 0.9
36770.0/37230.0 days/days; walltime: 0.8
36771.0/37230.0 days/days; walltime: 0.8
36772.0/37230.0 days/days; walltime: 2.7
36773.0/37230.0 days/days; walltime: 0.5
36774.0/37230.0 days/days; walltime: 0.4
36775.0/37230.0 days/days; walltime: 0.5
36776.0/37230.0 days/days; walltime: 0.4
36777.0/37230.0 days/days; walltime: 0.2
36778.0/37230.0 days/days; walltime: 0.4
36779.0/37230.0 days/days; walltime: 0.4
36780.0/37230.0 days/days; walltime: 0.4
36781.0/37230.0 days/days; walltime: 0.4
--36782.0/37230.0 days/days; walltime: 55.9
36783.0/37230.0 days/days; walltime: 118.1
36784.0/37230.0 days/days; walltime: 102.7
36785.0/37230.0 days/days; walltime: 361.4
36786.0/37230.0 days/days; walltime: 11.6
36787.0/37230.0 days/days; walltime: 3.9
36788.0/37230.0 days/days; walltime: 2.9
36789.0/37230.0 days/days; walltime: 1.9
36790.0/37230.0 days/days; walltime: 1.4
36791.0/37230.0 days/days; walltime: 16.0
36792.0/37230.0 days/days; walltime: 1.1
36793.0/37230.0 days/days; walltime: 0.8
36794.0/37230.0 days/days; walltime: 1.0
36795.0/37230.0 days/days; walltime: 0.8
36796.0/37230.0 days/days; walltime: 0.8
36797.0/37230.0 days/days; walltime: 0.9
36798.0/37230.0 days/days; walltime: 2.7
36799.0/37230.0 days/days; walltime: 0.5
36800.0/37230.0 days/days; walltime: 0.6
36801.0/37230.0 days/days; walltime: 0.5
36802.0/37230.0 days/days; walltime: 0.4
36803.0/37230.0 days/days; walltime: 0.5
-36804.0/37230.0 days/days; walltime: 0.5
36805.0/37230.0 days/days; walltime: 0.3
---36806.0/37230.0 days/days; walltime: 0.5
-36807.0/37230.0 days/days; walltime: 0.4
36808.0/37230.0 days/days; walltime: 0.3
--36809.0/37230.0 days/days; walltime: 0.4
36810.0/37230.0 days/days; walltime: 0.3
-36811.0/37230.0 days/days; walltime: 0.4
--36812.0/37230.0 days/days; walltime: 0.3
-36813.0/37230.0 days/days; walltime: 0.4
36814.0/37230.0 days/days; walltime: 0.1
---36815.0/37230.0 days/days; walltime: 2.3
-36816.0/37230.0 days/days; walltime: 0.3
-36817.0/37230.0 days/days; walltime: 0.3
36818.0/37230.0 days/days; walltime: 0.1
-36819.0/37230.0 days/days; walltime: 0.4
-36820.0/37230.0 days/days; walltime: 0.1
-36821.0/37230.0 days/days; walltime: 0.1
--36822.0/37230.0 days/days; walltime: 0.4
36823.0/37230.0 days/days; walltime: 0.4
-36824.0/37230.0 days/days; walltime: 0.3
-36825.0/37230.0 days/days; walltime: 0.3
36826.0/37230.0 days/days; walltime: 0.1
-36827.0/37230.0 days/days; walltime: 0.1
36828.0/37230.0 days/days; walltime: 0.1
-36829.0/37230.0 days/days; walltime: 0.3
-36830.0/37230.0 days/days; walltime: 0.2
36831.0/37230.0 days/days; walltime: 0.1
36833.0/37230.0 days/days; walltime: 0.1
-36834.0/37230.0 days/days; walltime: 0.3
-36835.0/37230.0 days/days; walltime: 0.1
-36836.0/37230.0 days/days; walltime: 0.1
-36837.0/37230.0 days/days; walltime: 0.1
-36839.0/37230.0 days/days; walltime: 0.3
------36840.0/37230.0 days/days; walltime: 2.3
-36841.0/37230.0 days/days; walltime: 0.1
-36843.0/37230.0 days/days; walltime: 0.1
-36844.0/37230.0 days/days; walltime: 0.3
-36845.0/37230.0 days/days; walltime: 0.1
36847.0/37230.0 days/days; walltime: 0.1
--36848.0/37230.0 days/days; walltime: 0.1
36849.0/37230.0 days/days; walltime: 0.3
36851.0/37230.0 days/days; walltime: 0.1
36852.0/37230.0 days/days; walltime: 0.1
36854.0/37230.0 days/days; walltime: 0.1
--36855.0/37230.0 days/days; walltime: 0.3
36857.0/37230.0 days/days; walltime: 0.1
36859.0/37230.0 days/days; walltime: 0.1
36860.0/37230.0 days/days; walltime: 0.1
-36862.0/37230.0 days/days; walltime: 0.3
36864.0/37230.0 days/days; walltime: 0.1
36866.0/37230.0 days/days; walltime: 0.1
36867.0/37230.0 days/days; walltime: 0.1
36869.0/37230.0 days/days; walltime: 0.3
-36871.0/37230.0 days/days; walltime: 0.1
-36873.0/37230.0 days/days; walltime: 0.1
36875.0/37230.0 days/days; walltime: 0.1
36877.0/37230.0 days/days; walltime: 0.3
36878.0/37230.0 days/days; walltime: 0.1
36880.0/37230.0 days/days; walltime: 0.1
36882.0/37230.0 days/days; walltime: 0.1
36884.0/37230.0 days/days; walltime: 0.3
36886.0/37230.0 days/days; walltime: 0.1
36889.0/37230.0 days/days; walltime: 0.1
--36891.0/37230.0 days/days; walltime: 0.1
36893.0/37230.0 days/days; walltime: 0.3
36895.0/37230.0 days/days; walltime: 0.1
36897.0/37230.0 days/days; walltime: 0.1
36899.0/37230.0 days/days; walltime: 0.1
36902.0/37230.0 days/days; walltime: 0.3
36904.0/37230.0 days/days; walltime: 0.1
36906.0/37230.0 days/days; walltime: 0.1
36909.0/37230.0 days/days; walltime: 0.1
36911.0/37230.0 days/days; walltime: 0.3
36913.0/37230.0 days/days; walltime: 0.1
36916.0/37230.0 days/days; walltime: 0.1
36918.0/37230.0 days/days; walltime: 0.1
36921.0/37230.0 days/days; walltime: 0.3
36924.0/37230.0 days/days; walltime: 0.1
36926.0/37230.0 days/days; walltime: 0.1
36929.0/37230.0 days/days; walltime: 0.1
36932.0/37230.0 days/days; walltime: 0.3
36935.0/37230.0 days/days; walltime: 0.1
36937.0/37230.0 days/days; walltime: 0.1
36940.0/37230.0 days/days; walltime: 0.1
36943.0/37230.0 days/days; walltime: 0.3
36946.0/37230.0 days/days; walltime: 0.1
36949.0/37230.0 days/days; walltime: 0.1
-36953.0/37230.0 days/days; walltime: 0.2
-36956.0/37230.0 days/days; walltime: 0.3
36959.0/37230.0 days/days; walltime: 0.2
36962.0/37230.0 days/days; walltime: 0.1
-36966.0/37230.0 days/days; walltime: 0.1
--36969.0/37230.0 days/days; walltime: 0.3
--36973.0/37230.0 days/days; walltime: 0.1
--36977.0/37230.0 days/days; walltime: 0.1
--36981.0/37230.0 days/days; walltime: 0.1
-------------------------------------36984.0/37230.0 days/days; walltime: 2.6
--36985.0/37230.0 days/days; walltime: 0.1
-------------------------------------36987.0/37230.0 days/days; walltime: 2.6
----------------------------------------------------------------------------------------------------------------------------------------------------------------------------------------------------------------------------------------------------------------------------------------------------------------------------------------36988.0/37230.0 days/days; walltime: 56.8
36989.0/37230.0 days/days; walltime: 54.1
36990.0/37230.0 days/days; walltime: 2.2
36991.0/37230.0 days/days; walltime: 0.9
36992.0/37230.0 days/days; walltime: 0.6
36993.0/37230.0 days/days; walltime: 0.5
36994.0/37230.0 days/days; walltime: 0.2
36995.0/37230.0 days/days; walltime: 0.4
36996.0/37230.0 days/days; walltime: 0.2
36997.0/37230.0 days/days; walltime: 0.3
36998.0/37230.0 days/days; walltime: 0.1
36999.0/37230.0 days/days; walltime: 0.2
37000.0/37230.0 days/days; walltime: 0.3
37001.0/37230.0 days/days; walltime: 0.1
-37002.0/37230.0 days/days; walltime: 2.4
37003.0/37230.0 days/days; walltime: 12.5
37004.0/37230.0 days/days; walltime: 66.6
37005.0/37230.0 days/days; walltime: 90.8
37006.0/37230.0 days/days; walltime: 25.1
37007.0/37230.0 days/days; walltime: 4.3
37008.0/37230.0 days/days; walltime: 0.9
37009.0/37230.0 days/days; walltime: 1.0
37010.0/37230.0 days/days; walltime: 0.6
37011.0/37230.0 days/days; walltime: 0.5
37012.0/37230.0 days/days; walltime: 0.4
37013.0/37230.0 days/days; walltime: 0.5
37014.0/37230.0 days/days; walltime: 0.4
37015.0/37230.0 days/days; walltime: 0.2
37016.0/37230.0 days/days; walltime: 0.4
37017.0/37230.0 days/days; walltime: 2.2
--37018.0/37230.0 days/days; walltime: 63.5
37019.0/37230.0 days/days; walltime: 108.3
37020.0/37230.0 days/days; walltime: 179.0
37021.0/37230.0 days/days; walltime: 152.6
37022.0/37230.0 days/days; walltime: 196.3
37023.0/37230.0 days/days; walltime: 608.1
37024.0/37230.0 days/days; walltime: 251.4
37025.0/37230.0 days/days; walltime: 495.1
37026.0/37230.0 days/days; walltime: 102.7
37027.0/37230.0 days/days; walltime: 180.9
37028.0/37230.0 days/days; walltime: 131.3
37029.0/37230.0 days/days; walltime: 58.3
37030.0/37230.0 days/days; walltime: 46.3
37031.0/37230.0 days/days; walltime: 261.6
37032.0/37230.0 days/days; walltime: 346.7
37033.0/37230.0 days/days; walltime: 616.6
37034.0/37230.0 days/days; walltime: 353.4
37035.0/37230.0 days/days; walltime: 157.5
37036.0/37230.0 days/days; walltime: 144.9
37037.0/37230.0 days/days; walltime: 171.6
37038.0/37230.0 days/days; walltime: 162.7
37039.0/37230.0 days/days; walltime: 56.3
37040.0/37230.0 days/days; walltime: 72.2
37041.0/37230.0 days/days; walltime: 217.0
37042.0/37230.0 days/days; walltime: 397.8
37043.0/37230.0 days/days; walltime: 124.6
37044.0/37230.0 days/days; walltime: 43.0
37045.0/37230.0 days/days; walltime: 40.9
37046.0/37230.0 days/days; walltime: 33.4
37047.0/37230.0 days/days; walltime: 24.7
37048.0/37230.0 days/days; walltime: 84.0
37049.0/37230.0 days/days; walltime: 81.8
37050.0/37230.0 days/days; walltime: 210.0
37051.0/37230.0 days/days; walltime: 134.8
37052.0/37230.0 days/days; walltime: 175.4
37053.0/37230.0 days/days; walltime: 90.4
37054.0/37230.0 days/days; walltime: 252.1
37055.0/37230.0 days/days; walltime: 447.7
37056.0/37230.0 days/days; walltime: 192.4
37057.0/37230.0 days/days; walltime: 88.0
37058.0/37230.0 days/days; walltime: 53.2
37059.0/37230.0 days/days; walltime: 38.5
37060.0/37230.0 days/days; walltime: 15.6
37061.0/37230.0 days/days; walltime: 19.4
37062.0/37230.0 days/days; walltime: 25.4
37063.0/37230.0 days/days; walltime: 53.6
37064.0/37230.0 days/days; walltime: 15.0
37065.0/37230.0 days/days; walltime: 94.0
37066.0/37230.0 days/days; walltime: 85.0
37067.0/37230.0 days/days; walltime: 78.2
37068.0/37230.0 days/days; walltime: 58.6
37069.0/37230.0 days/days; walltime: 151.7
37070.0/37230.0 days/days; walltime: 265.3
37071.0/37230.0 days/days; walltime: 145.3
37072.0/37230.0 days/days; walltime: 258.2
37073.0/37230.0 days/days; walltime: 90.2
37074.0/37230.0 days/days; walltime: 27.8
37075.0/37230.0 days/days; walltime: 56.5
37076.0/37230.0 days/days; walltime: 189.9
37077.0/37230.0 days/days; walltime: 62.0
37078.0/37230.0 days/days; walltime: 170.0
37079.0/37230.0 days/days; walltime: 17.4
37080.0/37230.0 days/days; walltime: 12.3
37081.0/37230.0 days/days; walltime: 23.7
37082.0/37230.0 days/days; walltime: 16.5
37083.0/37230.0 days/days; walltime: 22.2
37084.0/37230.0 days/days; walltime: 15.2
37085.0/37230.0 days/days; walltime: 56.6
37086.0/37230.0 days/days; walltime: 141.6
37087.0/37230.0 days/days; walltime: 136.2
37088.0/37230.0 days/days; walltime: 323.2
37089.0/37230.0 days/days; walltime: 320.8
37090.0/37230.0 days/days; walltime: 349.3
37091.0/37230.0 days/days; walltime: 272.2
37092.0/37230.0 days/days; walltime: 99.4
37093.0/37230.0 days/days; walltime: 323.7
37094.0/37230.0 days/days; walltime: 976.6
37095.0/37230.0 days/days; walltime: 891.6
37096.0/37230.0 days/days; walltime: 349.9
37097.0/37230.0 days/days; walltime: 117.5
37098.0/37230.0 days/days; walltime: 347.3
37099.0/37230.0 days/days; walltime: 203.5
37100.0/37230.0 days/days; walltime: 46.3
37101.0/37230.0 days/days; walltime: 52.3
37102.0/37230.0 days/days; walltime: 33.2
37103.0/37230.0 days/days; walltime: 8.5
37104.0/37230.0 days/days; walltime: 22.2
37105.0/37230.0 days/days; walltime: 28.8
37106.0/37230.0 days/days; walltime: 161.9
37107.0/37230.0 days/days; walltime: 235.3
37108.0/37230.0 days/days; walltime: 304.8
37109.0/37230.0 days/days; walltime: 37.0
37110.0/37230.0 days/days; walltime: 11.7
37111.0/37230.0 days/days; walltime: 23.3
37112.0/37230.0 days/days; walltime: 58.9
37113.0/37230.0 days/days; walltime: 66.5
37114.0/37230.0 days/days; walltime: 94.0
37115.0/37230.0 days/days; walltime: 11.0
37116.0/37230.0 days/days; walltime: 14.4
37117.0/37230.0 days/days; walltime: 45.8
37118.0/37230.0 days/days; walltime: 13.8
37119.0/37230.0 days/days; walltime: 5.6
37120.0/37230.0 days/days; walltime: 4.3
37121.0/37230.0 days/days; walltime: 5.0
37122.0/37230.0 days/days; walltime: 27.2
37123.0/37230.0 days/days; walltime: 9.5
37124.0/37230.0 days/days; walltime: 4.1
37125.0/37230.0 days/days; walltime: 9.9
37126.0/37230.0 days/days; walltime: 97.0
37127.0/37230.0 days/days; walltime: 86.1
37128.0/37230.0 days/days; walltime: 3.6
37129.0/37230.0 days/days; walltime: 64.3
37130.0/37230.0 days/days; walltime: 63.5
37131.0/37230.0 days/days; walltime: 4.9
37132.0/37230.0 days/days; walltime: 3.6
37133.0/37230.0 days/days; walltime: 3.0
-37134.0/37230.0 days/days; walltime: 5.3
37135.0/37230.0 days/days; walltime: 2.7
-----------------------------------------------37136.0/37230.0 days/days; walltime: 5.9
37137.0/37230.0 days/days; walltime: 9.3
37138.0/37230.0 days/days; walltime: 9.8
37139.0/37230.0 days/days; walltime: 12.5
37140.0/37230.0 days/days; walltime: 0.8
37141.0/37230.0 days/days; walltime: 0.5
-37142.0/37230.0 days/days; walltime: 0.2
-37143.0/37230.0 days/days; walltime: 0.5
--37144.0/37230.0 days/days; walltime: 0.5
--37145.0/37230.0 days/days; walltime: 0.4
-37146.0/37230.0 days/days; walltime: 0.3
----37147.0/37230.0 days/days; walltime: 56.7
37148.0/37230.0 days/days; walltime: 123.8
37149.0/37230.0 days/days; walltime: 102.2
37150.0/37230.0 days/days; walltime: 346.1
37151.0/37230.0 days/days; walltime: 13.2
37152.0/37230.0 days/days; walltime: 4.0
37153.0/37230.0 days/days; walltime: 2.9
37154.0/37230.0 days/days; walltime: 4.7
37155.0/37230.0 days/days; walltime: 1.7
37156.0/37230.0 days/days; walltime: 14.2
37157.0/37230.0 days/days; walltime: 1.3
37158.0/37230.0 days/days; walltime: 0.9
37159.0/37230.0 days/days; walltime: 1.0
37160.0/37230.0 days/days; walltime: 0.9
37161.0/37230.0 days/days; walltime: 0.8
37162.0/37230.0 days/days; walltime: 0.9
37163.0/37230.0 days/days; walltime: 2.5
37164.0/37230.0 days/days; walltime: 0.4
37165.0/37230.0 days/days; walltime: 0.6
37166.0/37230.0 days/days; walltime: 0.6
37167.0/37230.0 days/days; walltime: 0.4
---37168.0/37230.0 days/days; walltime: 0.5
37169.0/37230.0 days/days; walltime: 0.4
-37170.0/37230.0 days/days; walltime: 0.4
--37171.0/37230.0 days/days; walltime: 0.4
-37172.0/37230.0 days/days; walltime: 0.2
--37173.0/37230.0 days/days; walltime: 0.5
-37174.0/37230.0 days/days; walltime: 0.4
--37175.0/37230.0 days/days; walltime: 0.3
-37176.0/37230.0 days/days; walltime: 0.4
-37177.0/37230.0 days/days; walltime: 0.1
--37178.0/37230.0 days/days; walltime: 0.2
--37179.0/37230.0 days/days; walltime: 0.4
--37180.0/37230.0 days/days; walltime: 2.2
--37181.0/37230.0 days/days; walltime: 7.8
-37182.0/37230.0 days/days; walltime: 0.4
37183.0/37230.0 days/days; walltime: 0.1
--37184.0/37230.0 days/days; walltime: 0.4
-37185.0/37230.0 days/days; walltime: 0.1
37186.0/37230.0 days/days; walltime: 0.1
--37187.0/37230.0 days/days; walltime: 0.3
-37188.0/37230.0 days/days; walltime: 0.1
-37189.0/37230.0 days/days; walltime: 0.1
-37190.0/37230.0 days/days; walltime: 0.1
-37191.0/37230.0 days/days; walltime: 0.3
-37192.0/37230.0 days/days; walltime: 0.1
-37193.0/37230.0 days/days; walltime: 0.1
-37194.0/37230.0 days/days; walltime: 0.1
-37195.0/37230.0 days/days; walltime: 0.3
37197.0/37230.0 days/days; walltime: 0.1
-37198.0/37230.0 days/days; walltime: 0.1
-37199.0/37230.0 days/days; walltime: 0.1
-37200.0/37230.0 days/days; walltime: 0.3
--37201.0/37230.0 days/days; walltime: 0.1
-37203.0/37230.0 days/days; walltime: 0.1
-37204.0/37230.0 days/days; walltime: 0.1
-37205.0/37230.0 days/days; walltime: 0.3
-37206.0/37230.0 days/days; walltime: 0.1
----37208.0/37230.0 days/days; walltime: 2.2
-37209.0/37230.0 days/days; walltime: 0.1
-37210.0/37230.0 days/days; walltime: 0.3
37212.0/37230.0 days/days; walltime: 0.1
-37213.0/37230.0 days/days; walltime: 0.1
-37215.0/37230.0 days/days; walltime: 0.1
--37216.0/37230.0 days/days; walltime: 0.3
-37218.0/37230.0 days/days; walltime: 0.1
-37219.0/37230.0 days/days; walltime: 0.1
-37221.0/37230.0 days/days; walltime: 0.1
--37222.0/37230.0 days/days; walltime: 0.3
-37224.0/37230.0 days/days; walltime: 0.1
-37225.0/37230.0 days/days; walltime: 0.1
-37227.0/37230.0 days/days; walltime: 0.1
37228.0/37230.0 days/days; walltime: 0.3
37230.0/37230.0 days/days; walltime: 0.3
Wallclock for model run: 33087.6s
 

fields = 

  struct with fields:

    nodes: [1x1 struct]
    edges: [1x1 struct]
       BC: [1x1 struct]

No cases left; exiting.
