Case 3:
Picked up JAVA_TOOL_OPTIONS: -Xmx2g
Opening log file:  /tmp/java.log.24627

                            < M A T L A B (R) >
                  Copyright 1984-2022 The MathWorks, Inc.
                  R2022a (9.12.0.1884302) 64-bit (glnxa64)
                             February 16, 2022

 
To get started, type doc.
For product information, visit www.mathworks.com.
 

config = 

  struct with fields:

                 k_s: 0.1000
                 l_c: 10
            n_moulin: 68
    creep_const_soft: 0
             mesh_nr: 4
                 k_c: 0.2000
               h_bed: 0.5000
               l_bed: 10
               alpha: 3
                beta: 2
               omega: 0
                 e_v: 1.0000e-04

Running model run (ode15s):
Run to steady
Saving model run to
./RUN/output_103_steady.nc
Fields, IC & BC initialised
Initial phi calculated in 4.0s
0.0/36500.0 days/days; walltime: 45.6
------------------------------------------------------------------------------------------------------------------------------------------------------------------------------------------------------1825.0/36500.0 days/days; walltime: 1898.3
--------------------------------------------------------------------------------------3650.0/36500.0 days/days; walltime: 15.6
-------5475.0/36500.0 days/days; walltime: 2.4
--------------------------------------7300.0/36500.0 days/days; walltime: 2.9
-------------------------------------------------------------------------------------9125.0/36500.0 days/days; walltime: 15.9
----10950.0/36500.0 days/days; walltime: 1228.1
12775.0/36500.0 days/days; walltime: 619.4
14600.0/36500.0 days/days; walltime: 386.9
--16425.0/36500.0 days/days; walltime: 443.3
--18250.0/36500.0 days/days; walltime: 278.3
----20075.0/36500.0 days/days; walltime: 133.6
21900.0/36500.0 days/days; walltime: 27.2
23725.0/36500.0 days/days; walltime: 12.9
25550.0/36500.0 days/days; walltime: 8.8
27375.0/36500.0 days/days; walltime: 3.9
29200.0/36500.0 days/days; walltime: 1.8
31025.0/36500.0 days/days; walltime: 1.0
32850.0/36500.0 days/days; walltime: 2.7
36500.0/36500.0 days/days; walltime: 0.3
Wallclock for model run: 5130.2s
 

fields = 

  struct with fields:

    nodes: [1x1 struct]
    edges: [1x1 struct]
       BC: [1x1 struct]

Running model run (ode15s):
Run seasonal
Saving model run to
./RUN/output_103_seasonal.nc
IC initialised from struct
IC initialised from file/given & rest from parameters and given functions
36500.0/37230.0 days/days; walltime: 20.1
36501.0/37230.0 days/days; walltime: 66.5
36502.0/37230.0 days/days; walltime: 10.6
36503.0/37230.0 days/days; walltime: 7.8
36504.0/37230.0 days/days; walltime: 14.3
36505.0/37230.0 days/days; walltime: 19.8
36506.0/37230.0 days/days; walltime: 21.2
36507.0/37230.0 days/days; walltime: 6.7
36508.0/37230.0 days/days; walltime: 4.5
36509.0/37230.0 days/days; walltime: 20.3
36510.0/37230.0 days/days; walltime: 7.9
36511.0/37230.0 days/days; walltime: 2.6
36512.0/37230.0 days/days; walltime: 9.8
36513.0/37230.0 days/days; walltime: 2.5
36514.0/37230.0 days/days; walltime: 2.4
36515.0/37230.0 days/days; walltime: 4.1
36516.0/37230.0 days/days; walltime: 2.1
36517.0/37230.0 days/days; walltime: 1.9
36518.0/37230.0 days/days; walltime: 1.7
36519.0/37230.0 days/days; walltime: 1.4
36520.0/37230.0 days/days; walltime: 1.5
36521.0/37230.0 days/days; walltime: 1.5
36522.0/37230.0 days/days; walltime: 1.6
36523.0/37230.0 days/days; walltime: 1.3
36524.0/37230.0 days/days; walltime: 4.7
36525.0/37230.0 days/days; walltime: 1.3
36526.0/37230.0 days/days; walltime: 1.0
36527.0/37230.0 days/days; walltime: 1.0
36528.0/37230.0 days/days; walltime: 0.8
36529.0/37230.0 days/days; walltime: 0.8
36530.0/37230.0 days/days; walltime: 0.8
36531.0/37230.0 days/days; walltime: 0.8
36532.0/37230.0 days/days; walltime: 0.7
36533.0/37230.0 days/days; walltime: 1.1
36534.0/37230.0 days/days; walltime: 1.0
36535.0/37230.0 days/days; walltime: 5.5
36536.0/37230.0 days/days; walltime: 0.9
36537.0/37230.0 days/days; walltime: 0.5
36538.0/37230.0 days/days; walltime: 0.7
36539.0/37230.0 days/days; walltime: 0.5
36540.0/37230.0 days/days; walltime: 0.5
36541.0/37230.0 days/days; walltime: 0.5
36542.0/37230.0 days/days; walltime: 0.7
36543.0/37230.0 days/days; walltime: 0.5
36544.0/37230.0 days/days; walltime: 0.5
36545.0/37230.0 days/days; walltime: 0.5
36546.0/37230.0 days/days; walltime: 0.7
36547.0/37230.0 days/days; walltime: 2.6
36548.0/37230.0 days/days; walltime: 0.5
36549.0/37230.0 days/days; walltime: 0.4
36550.0/37230.0 days/days; walltime: 0.4
36551.0/37230.0 days/days; walltime: 0.4
36552.0/37230.0 days/days; walltime: 0.5
36553.0/37230.0 days/days; walltime: 0.6
36554.0/37230.0 days/days; walltime: 0.6
36555.0/37230.0 days/days; walltime: 0.5
36556.0/37230.0 days/days; walltime: 2.6
36557.0/37230.0 days/days; walltime: 0.5
36558.0/37230.0 days/days; walltime: 0.6
36559.0/37230.0 days/days; walltime: 0.4
36560.0/37230.0 days/days; walltime: 0.4
36561.0/37230.0 days/days; walltime: 0.4
36562.0/37230.0 days/days; walltime: 0.4
36563.0/37230.0 days/days; walltime: 0.4
36564.0/37230.0 days/days; walltime: 0.4
36565.0/37230.0 days/days; walltime: 0.4
36566.0/37230.0 days/days; walltime: 0.4
36567.0/37230.0 days/days; walltime: 0.5
36568.0/37230.0 days/days; walltime: 2.4
36569.0/37230.0 days/days; walltime: 0.4
36570.0/37230.0 days/days; walltime: 0.4
36571.0/37230.0 days/days; walltime: 0.2
36572.0/37230.0 days/days; walltime: 0.4
36573.0/37230.0 days/days; walltime: 0.4
36574.0/37230.0 days/days; walltime: 0.4
36575.0/37230.0 days/days; walltime: 0.2
36576.0/37230.0 days/days; walltime: 0.5
36577.0/37230.0 days/days; walltime: 0.5
36578.0/37230.0 days/days; walltime: 0.4
36579.0/37230.0 days/days; walltime: 0.4
36580.0/37230.0 days/days; walltime: 0.5
36581.0/37230.0 days/days; walltime: 2.2
36582.0/37230.0 days/days; walltime: 0.3
36583.0/37230.0 days/days; walltime: 2.3
36584.0/37230.0 days/days; walltime: 0.2
36585.0/37230.0 days/days; walltime: 0.5
36586.0/37230.0 days/days; walltime: 2.1
36587.0/37230.0 days/days; walltime: 0.3
36588.0/37230.0 days/days; walltime: 0.3
36589.0/37230.0 days/days; walltime: 0.4
36590.0/37230.0 days/days; walltime: 0.2
36591.0/37230.0 days/days; walltime: 2.3
36592.0/37230.0 days/days; walltime: 0.3
36593.0/37230.0 days/days; walltime: 0.2
36594.0/37230.0 days/days; walltime: 0.5
36595.0/37230.0 days/days; walltime: 0.3
36596.0/37230.0 days/days; walltime: 0.6
36597.0/37230.0 days/days; walltime: 0.3
36598.0/37230.0 days/days; walltime: 0.5
36599.0/37230.0 days/days; walltime: 0.3
36600.0/37230.0 days/days; walltime: 0.5
36601.0/37230.0 days/days; walltime: 0.3
36602.0/37230.0 days/days; walltime: 0.4
36603.0/37230.0 days/days; walltime: 0.4
36604.0/37230.0 days/days; walltime: 0.2
36605.0/37230.0 days/days; walltime: 0.4
36606.0/37230.0 days/days; walltime: 0.2
36607.0/37230.0 days/days; walltime: 0.4
36608.0/37230.0 days/days; walltime: 0.2
36609.0/37230.0 days/days; walltime: 0.2
36610.0/37230.0 days/days; walltime: 0.2
36611.0/37230.0 days/days; walltime: 0.3
36612.0/37230.0 days/days; walltime: 0.2
36613.0/37230.0 days/days; walltime: 0.2
36614.0/37230.0 days/days; walltime: 0.2
36615.0/37230.0 days/days; walltime: 0.2
36616.0/37230.0 days/days; walltime: 0.2
36617.0/37230.0 days/days; walltime: 0.2
36618.0/37230.0 days/days; walltime: 0.4
36619.0/37230.0 days/days; walltime: 0.2
36620.0/37230.0 days/days; walltime: 2.3
36621.0/37230.0 days/days; walltime: 0.2
36622.0/37230.0 days/days; walltime: 0.2
--36623.0/37230.0 days/days; walltime: 26.2
36624.0/37230.0 days/days; walltime: 30.3
36625.0/37230.0 days/days; walltime: 2.2
36626.0/37230.0 days/days; walltime: 1.2
36627.0/37230.0 days/days; walltime: 0.9
36628.0/37230.0 days/days; walltime: 0.4
36629.0/37230.0 days/days; walltime: 0.5
36630.0/37230.0 days/days; walltime: 0.4
36631.0/37230.0 days/days; walltime: 0.2
36632.0/37230.0 days/days; walltime: 0.4
36633.0/37230.0 days/days; walltime: 0.2
36634.0/37230.0 days/days; walltime: 0.1
36635.0/37230.0 days/days; walltime: 0.4
36636.0/37230.0 days/days; walltime: 0.1
36637.0/37230.0 days/days; walltime: 0.4
--36638.0/37230.0 days/days; walltime: 10.4
36639.0/37230.0 days/days; walltime: 28.2
36640.0/37230.0 days/days; walltime: 64.6
36641.0/37230.0 days/days; walltime: 28.6
36642.0/37230.0 days/days; walltime: 4.4
36643.0/37230.0 days/days; walltime: 1.3
36644.0/37230.0 days/days; walltime: 0.6
36645.0/37230.0 days/days; walltime: 0.8
36646.0/37230.0 days/days; walltime: 1.3
36647.0/37230.0 days/days; walltime: 1.0
36648.0/37230.0 days/days; walltime: 4.1
36649.0/37230.0 days/days; walltime: 0.9
36650.0/37230.0 days/days; walltime: 0.7
36651.0/37230.0 days/days; walltime: 0.7
36652.0/37230.0 days/days; walltime: 0.5
36653.0/37230.0 days/days; walltime: 37.3
36654.0/37230.0 days/days; walltime: 51.5
36655.0/37230.0 days/days; walltime: 144.0
36656.0/37230.0 days/days; walltime: 152.3
36657.0/37230.0 days/days; walltime: 201.8
36658.0/37230.0 days/days; walltime: 449.3
36659.0/37230.0 days/days; walltime: 161.9
36660.0/37230.0 days/days; walltime: 410.1
36661.0/37230.0 days/days; walltime: 80.1
36662.0/37230.0 days/days; walltime: 218.0
36663.0/37230.0 days/days; walltime: 76.3
36664.0/37230.0 days/days; walltime: 49.2
36665.0/37230.0 days/days; walltime: 30.3
36666.0/37230.0 days/days; walltime: 82.9
36667.0/37230.0 days/days; walltime: 85.7
36668.0/37230.0 days/days; walltime: 524.6
36669.0/37230.0 days/days; walltime: 279.9
36670.0/37230.0 days/days; walltime: 229.4
36671.0/37230.0 days/days; walltime: 128.6
--36672.0/37230.0 days/days; walltime: 126.8
36673.0/37230.0 days/days; walltime: 308.9
36674.0/37230.0 days/days; walltime: 201.7
36675.0/37230.0 days/days; walltime: 79.8
36676.0/37230.0 days/days; walltime: 292.3
36677.0/37230.0 days/days; walltime: 450.2
--36678.0/37230.0 days/days; walltime: 142.0
36679.0/37230.0 days/days; walltime: 186.3
--36680.0/37230.0 days/days; walltime: 160.1
36681.0/37230.0 days/days; walltime: 78.1
36682.0/37230.0 days/days; walltime: 55.3
36683.0/37230.0 days/days; walltime: 273.2
36684.0/37230.0 days/days; walltime: 268.6
36685.0/37230.0 days/days; walltime: 479.6
36686.0/37230.0 days/days; walltime: 576.8
36687.0/37230.0 days/days; walltime: 392.9
36688.0/37230.0 days/days; walltime: 190.2
36689.0/37230.0 days/days; walltime: 304.3
36690.0/37230.0 days/days; walltime: 495.4
36691.0/37230.0 days/days; walltime: 163.0
36692.0/37230.0 days/days; walltime: 199.1
36693.0/37230.0 days/days; walltime: 69.3
36694.0/37230.0 days/days; walltime: 69.6
36695.0/37230.0 days/days; walltime: 45.3
36696.0/37230.0 days/days; walltime: 55.6
36697.0/37230.0 days/days; walltime: 135.9
36698.0/37230.0 days/days; walltime: 332.8
36699.0/37230.0 days/days; walltime: 249.3
36700.0/37230.0 days/days; walltime: 249.7
36701.0/37230.0 days/days; walltime: 201.2
36702.0/37230.0 days/days; walltime: 166.0
36703.0/37230.0 days/days; walltime: 113.8
36704.0/37230.0 days/days; walltime: 257.1
36705.0/37230.0 days/days; walltime: 389.0
36706.0/37230.0 days/days; walltime: 234.3
36707.0/37230.0 days/days; walltime: 241.6
36708.0/37230.0 days/days; walltime: 289.8
36709.0/37230.0 days/days; walltime: 267.8
36710.0/37230.0 days/days; walltime: 127.4
36711.0/37230.0 days/days; walltime: 234.8
36712.0/37230.0 days/days; walltime: 110.5
36713.0/37230.0 days/days; walltime: 332.6
36714.0/37230.0 days/days; walltime: 106.2
36715.0/37230.0 days/days; walltime: 123.8
36716.0/37230.0 days/days; walltime: 81.8
36717.0/37230.0 days/days; walltime: 137.9
36718.0/37230.0 days/days; walltime: 103.7
36719.0/37230.0 days/days; walltime: 42.3
36720.0/37230.0 days/days; walltime: 402.1
36721.0/37230.0 days/days; walltime: 455.0
36722.0/37230.0 days/days; walltime: 404.2
36723.0/37230.0 days/days; walltime: 520.4
36724.0/37230.0 days/days; walltime: 262.5
36725.0/37230.0 days/days; walltime: 367.1
36726.0/37230.0 days/days; walltime: 184.9
36727.0/37230.0 days/days; walltime: 72.4
36728.0/37230.0 days/days; walltime: 569.7
36729.0/37230.0 days/days; walltime: 470.5
36730.0/37230.0 days/days; walltime: 393.6
36731.0/37230.0 days/days; walltime: 132.2
36732.0/37230.0 days/days; walltime: 170.2
36733.0/37230.0 days/days; walltime: 333.3
36734.0/37230.0 days/days; walltime: 170.8
36735.0/37230.0 days/days; walltime: 161.1
36736.0/37230.0 days/days; walltime: 183.8
36737.0/37230.0 days/days; walltime: 146.0
36738.0/37230.0 days/days; walltime: 93.2
36739.0/37230.0 days/days; walltime: 131.0
36740.0/37230.0 days/days; walltime: 132.7
36741.0/37230.0 days/days; walltime: 382.8
36742.0/37230.0 days/days; walltime: 712.3
36743.0/37230.0 days/days; walltime: 1256.9
36744.0/37230.0 days/days; walltime: 771.4
36745.0/37230.0 days/days; walltime: 354.4
36746.0/37230.0 days/days; walltime: 175.3
36747.0/37230.0 days/days; walltime: 759.8
36748.0/37230.0 days/days; walltime: 438.8
36749.0/37230.0 days/days; walltime: 886.5
36750.0/37230.0 days/days; walltime: 243.7
36751.0/37230.0 days/days; walltime: 128.8
36752.0/37230.0 days/days; walltime: 268.1
36753.0/37230.0 days/days; walltime: 90.6
36754.0/37230.0 days/days; walltime: 80.8
36755.0/37230.0 days/days; walltime: 39.2
36756.0/37230.0 days/days; walltime: 32.1
36757.0/37230.0 days/days; walltime: 12.4
36758.0/37230.0 days/days; walltime: 11.9
36759.0/37230.0 days/days; walltime: 3.5
36760.0/37230.0 days/days; walltime: 33.5
36761.0/37230.0 days/days; walltime: 149.6
36762.0/37230.0 days/days; walltime: 154.3
36763.0/37230.0 days/days; walltime: 8.8
36764.0/37230.0 days/days; walltime: 80.5
36765.0/37230.0 days/days; walltime: 83.6
36766.0/37230.0 days/days; walltime: 5.7
36767.0/37230.0 days/days; walltime: 6.9
36768.0/37230.0 days/days; walltime: 4.7
36769.0/37230.0 days/days; walltime: 4.4
36770.0/37230.0 days/days; walltime: 2.0
36771.0/37230.0 days/days; walltime: 1.9
36772.0/37230.0 days/days; walltime: 1.7
36773.0/37230.0 days/days; walltime: 1.7
36774.0/37230.0 days/days; walltime: 1.3
36775.0/37230.0 days/days; walltime: 5.0
36776.0/37230.0 days/days; walltime: 0.8
36777.0/37230.0 days/days; walltime: 0.8
36778.0/37230.0 days/days; walltime: 0.5
36779.0/37230.0 days/days; walltime: 0.8
36780.0/37230.0 days/days; walltime: 0.7
36781.0/37230.0 days/days; walltime: 0.5
36782.0/37230.0 days/days; walltime: 40.7
36783.0/37230.0 days/days; walltime: 146.4
36784.0/37230.0 days/days; walltime: 293.4
36785.0/37230.0 days/days; walltime: 656.3
36786.0/37230.0 days/days; walltime: 186.5
36787.0/37230.0 days/days; walltime: 24.3
36788.0/37230.0 days/days; walltime: 27.0
36789.0/37230.0 days/days; walltime: 10.3
36790.0/37230.0 days/days; walltime: 16.6
36791.0/37230.0 days/days; walltime: 40.5
36792.0/37230.0 days/days; walltime: 20.0
36793.0/37230.0 days/days; walltime: 20.9
36794.0/37230.0 days/days; walltime: 28.7
36795.0/37230.0 days/days; walltime: 28.6
36796.0/37230.0 days/days; walltime: 6.1
36797.0/37230.0 days/days; walltime: 12.2
36798.0/37230.0 days/days; walltime: 10.2
36799.0/37230.0 days/days; walltime: 4.5
36800.0/37230.0 days/days; walltime: 1.4
36801.0/37230.0 days/days; walltime: 2.3
36802.0/37230.0 days/days; walltime: 4.5
36803.0/37230.0 days/days; walltime: 6.0
36804.0/37230.0 days/days; walltime: 1.3
36805.0/37230.0 days/days; walltime: 0.8
36806.0/37230.0 days/days; walltime: 0.8
36807.0/37230.0 days/days; walltime: 0.9
36808.0/37230.0 days/days; walltime: 1.0
36809.0/37230.0 days/days; walltime: 0.7
36810.0/37230.0 days/days; walltime: 0.9
36811.0/37230.0 days/days; walltime: 0.9
36812.0/37230.0 days/days; walltime: 2.6
36813.0/37230.0 days/days; walltime: 2.5
36814.0/37230.0 days/days; walltime: 5.6
36815.0/37230.0 days/days; walltime: 0.6
36816.0/37230.0 days/days; walltime: 0.8
36817.0/37230.0 days/days; walltime: 0.7
36818.0/37230.0 days/days; walltime: 0.6
36819.0/37230.0 days/days; walltime: 0.7
36820.0/37230.0 days/days; walltime: 0.4
36821.0/37230.0 days/days; walltime: 0.6
36822.0/37230.0 days/days; walltime: 0.6
36823.0/37230.0 days/days; walltime: 0.4
36824.0/37230.0 days/days; walltime: 0.6
36825.0/37230.0 days/days; walltime: 0.5
36826.0/37230.0 days/days; walltime: 0.5
36827.0/37230.0 days/days; walltime: 0.5
36828.0/37230.0 days/days; walltime: 0.2
36829.0/37230.0 days/days; walltime: 0.5
36830.0/37230.0 days/days; walltime: 0.5
36831.0/37230.0 days/days; walltime: 2.2
36832.0/37230.0 days/days; walltime: 0.4
36833.0/37230.0 days/days; walltime: 0.2
36834.0/37230.0 days/days; walltime: 0.4
36835.0/37230.0 days/days; walltime: 0.4
36836.0/37230.0 days/days; walltime: 0.1
36837.0/37230.0 days/days; walltime: 0.4
36838.0/37230.0 days/days; walltime: 0.2
36839.0/37230.0 days/days; walltime: 0.4
36840.0/37230.0 days/days; walltime: 0.5
36841.0/37230.0 days/days; walltime: 0.2
36842.0/37230.0 days/days; walltime: 0.4
36843.0/37230.0 days/days; walltime: 0.2
36844.0/37230.0 days/days; walltime: 0.2
36845.0/37230.0 days/days; walltime: 0.4
36846.0/37230.0 days/days; walltime: 0.2
36847.0/37230.0 days/days; walltime: 0.2
36848.0/37230.0 days/days; walltime: 0.2
36849.0/37230.0 days/days; walltime: 0.4
36850.0/37230.0 days/days; walltime: 0.2
36851.0/37230.0 days/days; walltime: 0.4
36852.0/37230.0 days/days; walltime: 0.2
36853.0/37230.0 days/days; walltime: 0.3
36854.0/37230.0 days/days; walltime: 0.1
36855.0/37230.0 days/days; walltime: 0.4
36856.0/37230.0 days/days; walltime: 0.2
36857.0/37230.0 days/days; walltime: 0.4
36858.0/37230.0 days/days; walltime: 0.2
36859.0/37230.0 days/days; walltime: 0.4
36860.0/37230.0 days/days; walltime: 0.1
36861.0/37230.0 days/days; walltime: 0.4
36862.0/37230.0 days/days; walltime: 0.2
36863.0/37230.0 days/days; walltime: 0.4
36864.0/37230.0 days/days; walltime: 0.1
36865.0/37230.0 days/days; walltime: 0.2
36866.0/37230.0 days/days; walltime: 0.4
36867.0/37230.0 days/days; walltime: 0.2
36868.0/37230.0 days/days; walltime: 0.2
36869.0/37230.0 days/days; walltime: 0.2
36870.0/37230.0 days/days; walltime: 0.1
36871.0/37230.0 days/days; walltime: 0.4
36872.0/37230.0 days/days; walltime: 0.2
36873.0/37230.0 days/days; walltime: 0.2
36874.0/37230.0 days/days; walltime: 0.2
36875.0/37230.0 days/days; walltime: 0.1
36876.0/37230.0 days/days; walltime: 0.4
36877.0/37230.0 days/days; walltime: 0.1
36878.0/37230.0 days/days; walltime: 0.4
36879.0/37230.0 days/days; walltime: 0.1
36880.0/37230.0 days/days; walltime: 0.2
36881.0/37230.0 days/days; walltime: 0.3
36882.0/37230.0 days/days; walltime: 0.2
36883.0/37230.0 days/days; walltime: 0.1
36884.0/37230.0 days/days; walltime: 0.3
36885.0/37230.0 days/days; walltime: 0.2
36886.0/37230.0 days/days; walltime: 0.1
36887.0/37230.0 days/days; walltime: 0.2
36888.0/37230.0 days/days; walltime: 0.2
36889.0/37230.0 days/days; walltime: 0.1
36890.0/37230.0 days/days; walltime: 0.3
36891.0/37230.0 days/days; walltime: 0.2
36892.0/37230.0 days/days; walltime: 0.1
36893.0/37230.0 days/days; walltime: 0.2
36894.0/37230.0 days/days; walltime: 0.2
36895.0/37230.0 days/days; walltime: 0.2
36896.0/37230.0 days/days; walltime: 0.3
36897.0/37230.0 days/days; walltime: 0.1
36898.0/37230.0 days/days; walltime: 0.1
36899.0/37230.0 days/days; walltime: 0.1
36900.0/37230.0 days/days; walltime: 0.3
36901.0/37230.0 days/days; walltime: 0.2
36902.0/37230.0 days/days; walltime: 0.1
36903.0/37230.0 days/days; walltime: 0.3
36904.0/37230.0 days/days; walltime: 0.2
36905.0/37230.0 days/days; walltime: 0.1
36906.0/37230.0 days/days; walltime: 0.1
36907.0/37230.0 days/days; walltime: 0.3
36908.0/37230.0 days/days; walltime: 0.1
36909.0/37230.0 days/days; walltime: 0.1
36910.0/37230.0 days/days; walltime: 0.1
36911.0/37230.0 days/days; walltime: 0.3
36912.0/37230.0 days/days; walltime: 0.1
36913.0/37230.0 days/days; walltime: 0.1
36914.0/37230.0 days/days; walltime: 0.1
36915.0/37230.0 days/days; walltime: 0.3
36916.0/37230.0 days/days; walltime: 0.1
36917.0/37230.0 days/days; walltime: 0.1
36918.0/37230.0 days/days; walltime: 0.1
36919.0/37230.0 days/days; walltime: 0.3
36920.0/37230.0 days/days; walltime: 0.3
36921.0/37230.0 days/days; walltime: 0.1
36922.0/37230.0 days/days; walltime: 2.1
36923.0/37230.0 days/days; walltime: 0.1
36924.0/37230.0 days/days; walltime: 0.2
36925.0/37230.0 days/days; walltime: 0.1
36926.0/37230.0 days/days; walltime: 0.1
36927.0/37230.0 days/days; walltime: 2.1
36929.0/37230.0 days/days; walltime: 0.3
36930.0/37230.0 days/days; walltime: 0.1
36931.0/37230.0 days/days; walltime: 0.1
36932.0/37230.0 days/days; walltime: 0.1
36933.0/37230.0 days/days; walltime: 0.3
36935.0/37230.0 days/days; walltime: 0.1
36936.0/37230.0 days/days; walltime: 0.1
36937.0/37230.0 days/days; walltime: 0.1
36939.0/37230.0 days/days; walltime: 0.3
36940.0/37230.0 days/days; walltime: 0.1
36941.0/37230.0 days/days; walltime: 0.1
36943.0/37230.0 days/days; walltime: 0.1
36944.0/37230.0 days/days; walltime: 0.3
36945.0/37230.0 days/days; walltime: 0.1
36947.0/37230.0 days/days; walltime: 0.1
36948.0/37230.0 days/days; walltime: 0.1
36950.0/37230.0 days/days; walltime: 0.1
36951.0/37230.0 days/days; walltime: 0.3
36953.0/37230.0 days/days; walltime: 0.1
36954.0/37230.0 days/days; walltime: 0.1
36956.0/37230.0 days/days; walltime: 0.1
36957.0/37230.0 days/days; walltime: 0.3
36959.0/37230.0 days/days; walltime: 0.1
36961.0/37230.0 days/days; walltime: 0.1
36962.0/37230.0 days/days; walltime: 0.1
36964.0/37230.0 days/days; walltime: 2.5
36965.0/37230.0 days/days; walltime: 0.1
36966.0/37230.0 days/days; walltime: 0.3
36967.0/37230.0 days/days; walltime: 0.2
36968.0/37230.0 days/days; walltime: 0.2
36970.0/37230.0 days/days; walltime: 0.1
36971.0/37230.0 days/days; walltime: 0.4
36973.0/37230.0 days/days; walltime: 0.2
36974.0/37230.0 days/days; walltime: 0.1
36976.0/37230.0 days/days; walltime: 2.5
36977.0/37230.0 days/days; walltime: 0.1
36978.0/37230.0 days/days; walltime: 0.3
36979.0/37230.0 days/days; walltime: 0.1
36980.0/37230.0 days/days; walltime: 0.1
36981.0/37230.0 days/days; walltime: 0.1
36982.0/37230.0 days/days; walltime: 0.2
36984.0/37230.0 days/days; walltime: 0.1
36985.0/37230.0 days/days; walltime: 0.1
36987.0/37230.0 days/days; walltime: 0.1
36989.0/37230.0 days/days; walltime: 0.3
36991.0/37230.0 days/days; walltime: 0.2
36992.0/37230.0 days/days; walltime: 0.2
36994.0/37230.0 days/days; walltime: 0.2
36996.0/37230.0 days/days; walltime: 0.1
36997.0/37230.0 days/days; walltime: 0.1
36999.0/37230.0 days/days; walltime: 0.1
37001.0/37230.0 days/days; walltime: 0.1
--37002.0/37230.0 days/days; walltime: 2.4
--37003.0/37230.0 days/days; walltime: 9.9
37004.0/37230.0 days/days; walltime: 30.3
37005.0/37230.0 days/days; walltime: 76.4
37006.0/37230.0 days/days; walltime: 38.3
37007.0/37230.0 days/days; walltime: 2.5
37008.0/37230.0 days/days; walltime: 1.4
37009.0/37230.0 days/days; walltime: 0.8
37010.0/37230.0 days/days; walltime: 0.9
37011.0/37230.0 days/days; walltime: 1.1
37012.0/37230.0 days/days; walltime: 1.4
37013.0/37230.0 days/days; walltime: 1.2
37014.0/37230.0 days/days; walltime: 7.8
37015.0/37230.0 days/days; walltime: 1.0
37016.0/37230.0 days/days; walltime: 0.9
37017.0/37230.0 days/days; walltime: 0.8
37018.0/37230.0 days/days; walltime: 37.3
37019.0/37230.0 days/days; walltime: 53.4
37020.0/37230.0 days/days; walltime: 158.9
37021.0/37230.0 days/days; walltime: 151.6
37022.0/37230.0 days/days; walltime: 200.4
37023.0/37230.0 days/days; walltime: 530.0
37024.0/37230.0 days/days; walltime: 197.5
37025.0/37230.0 days/days; walltime: 433.1
37026.0/37230.0 days/days; walltime: 120.3
37027.0/37230.0 days/days; walltime: 264.5
37028.0/37230.0 days/days; walltime: 66.8
--37029.0/37230.0 days/days; walltime: 37.3
37030.0/37230.0 days/days; walltime: 44.7
37031.0/37230.0 days/days; walltime: 81.8
37032.0/37230.0 days/days; walltime: 107.5
37033.0/37230.0 days/days; walltime: 541.7
--37034.0/37230.0 days/days; walltime: 361.7
37035.0/37230.0 days/days; walltime: 260.4
37036.0/37230.0 days/days; walltime: 98.5
37037.0/37230.0 days/days; walltime: 113.3
37038.0/37230.0 days/days; walltime: 338.9
37039.0/37230.0 days/days; walltime: 193.5
37040.0/37230.0 days/days; walltime: 112.0
37041.0/37230.0 days/days; walltime: 333.9
--37042.0/37230.0 days/days; walltime: 450.8
37043.0/37230.0 days/days; walltime: 182.0
--37044.0/37230.0 days/days; walltime: 199.6
37045.0/37230.0 days/days; walltime: 218.5
37046.0/37230.0 days/days; walltime: 154.2
37047.0/37230.0 days/days; walltime: 142.3
37048.0/37230.0 days/days; walltime: 308.0
37049.0/37230.0 days/days; walltime: 275.2
37050.0/37230.0 days/days; walltime: 495.7
37051.0/37230.0 days/days; walltime: 526.7
37052.0/37230.0 days/days; walltime: 475.0
37053.0/37230.0 days/days; walltime: 180.7
37054.0/37230.0 days/days; walltime: 391.8
37055.0/37230.0 days/days; walltime: 486.6
37056.0/37230.0 days/days; walltime: 180.3
37057.0/37230.0 days/days; walltime: 194.7
37058.0/37230.0 days/days; walltime: 49.3
37059.0/37230.0 days/days; walltime: 46.0
37060.0/37230.0 days/days; walltime: 71.1
37061.0/37230.0 days/days; walltime: 66.8
37062.0/37230.0 days/days; walltime: 116.0
37063.0/37230.0 days/days; walltime: 339.9
37064.0/37230.0 days/days; walltime: 240.4
37065.0/37230.0 days/days; walltime: 282.3
37066.0/37230.0 days/days; walltime: 153.8
37067.0/37230.0 days/days; walltime: 166.5
37068.0/37230.0 days/days; walltime: 152.2
37069.0/37230.0 days/days; walltime: 217.2
37070.0/37230.0 days/days; walltime: 358.5
37071.0/37230.0 days/days; walltime: 258.3
37072.0/37230.0 days/days; walltime: 162.2
37073.0/37230.0 days/days; walltime: 316.9
37074.0/37230.0 days/days; walltime: 320.0
37075.0/37230.0 days/days; walltime: 192.6
37076.0/37230.0 days/days; walltime: 223.4
37077.0/37230.0 days/days; walltime: 143.3
37078.0/37230.0 days/days; walltime: 351.9
37079.0/37230.0 days/days; walltime: 144.8
37080.0/37230.0 days/days; walltime: 126.6
37081.0/37230.0 days/days; walltime: 79.1
37082.0/37230.0 days/days; walltime: 118.7
37083.0/37230.0 days/days; walltime: 80.6
37084.0/37230.0 days/days; walltime: 54.7
37085.0/37230.0 days/days; walltime: 359.4
37086.0/37230.0 days/days; walltime: 361.6
37087.0/37230.0 days/days; walltime: 377.7
37088.0/37230.0 days/days; walltime: 601.6
37089.0/37230.0 days/days; walltime: 277.4
37090.0/37230.0 days/days; walltime: 412.6
37091.0/37230.0 days/days; walltime: 153.5
37092.0/37230.0 days/days; walltime: 89.1
37093.0/37230.0 days/days; walltime: 790.2
37094.0/37230.0 days/days; walltime: 597.5
37095.0/37230.0 days/days; walltime: 472.8
37096.0/37230.0 days/days; walltime: 132.6
37097.0/37230.0 days/days; walltime: 153.8
37098.0/37230.0 days/days; walltime: 313.8
37099.0/37230.0 days/days; walltime: 149.8
37100.0/37230.0 days/days; walltime: 165.2
37101.0/37230.0 days/days; walltime: 209.6
37102.0/37230.0 days/days; walltime: 157.7
37103.0/37230.0 days/days; walltime: 108.1
37104.0/37230.0 days/days; walltime: 149.7
37105.0/37230.0 days/days; walltime: 171.2
37106.0/37230.0 days/days; walltime: 352.8
37107.0/37230.0 days/days; walltime: 678.2
37108.0/37230.0 days/days; walltime: 1193.8
37109.0/37230.0 days/days; walltime: 720.7
37110.0/37230.0 days/days; walltime: 347.5
37111.0/37230.0 days/days; walltime: 219.1
37112.0/37230.0 days/days; walltime: 714.4
37113.0/37230.0 days/days; walltime: 382.7
37114.0/37230.0 days/days; walltime: 884.2
37115.0/37230.0 days/days; walltime: 274.9
37116.0/37230.0 days/days; walltime: 134.6
37117.0/37230.0 days/days; walltime: 277.3
37118.0/37230.0 days/days; walltime: 74.4
37119.0/37230.0 days/days; walltime: 60.7
37120.0/37230.0 days/days; walltime: 43.6
37121.0/37230.0 days/days; walltime: 28.5
37122.0/37230.0 days/days; walltime: 19.0
37123.0/37230.0 days/days; walltime: 13.4
37124.0/37230.0 days/days; walltime: 5.1
37125.0/37230.0 days/days; walltime: 47.6
37126.0/37230.0 days/days; walltime: 137.4
37127.0/37230.0 days/days; walltime: 159.0
37128.0/37230.0 days/days; walltime: 11.3
37129.0/37230.0 days/days; walltime: 93.8
37130.0/37230.0 days/days; walltime: 98.5
37131.0/37230.0 days/days; walltime: 5.5
37132.0/37230.0 days/days; walltime: 2.2
37133.0/37230.0 days/days; walltime: 2.1
37134.0/37230.0 days/days; walltime: 2.3
37135.0/37230.0 days/days; walltime: 2.2
37136.0/37230.0 days/days; walltime: 1.9
37137.0/37230.0 days/days; walltime: 5.1
37138.0/37230.0 days/days; walltime: 1.0
37139.0/37230.0 days/days; walltime: 1.2
37140.0/37230.0 days/days; walltime: 1.0
37141.0/37230.0 days/days; walltime: 0.8
37142.0/37230.0 days/days; walltime: 0.6
37143.0/37230.0 days/days; walltime: 0.8
37144.0/37230.0 days/days; walltime: 0.9
37145.0/37230.0 days/days; walltime: 1.0
37146.0/37230.0 days/days; walltime: 1.0
37147.0/37230.0 days/days; walltime: 41.6
37148.0/37230.0 days/days; walltime: 139.6
37149.0/37230.0 days/days; walltime: 276.4
37150.0/37230.0 days/days; walltime: 596.7
37151.0/37230.0 days/days; walltime: 176.4
37152.0/37230.0 days/days; walltime: 27.8
37153.0/37230.0 days/days; walltime: 18.0
37154.0/37230.0 days/days; walltime: 11.5
37155.0/37230.0 days/days; walltime: 25.7
37156.0/37230.0 days/days; walltime: 29.1
37157.0/37230.0 days/days; walltime: 21.8
37158.0/37230.0 days/days; walltime: 9.6
37159.0/37230.0 days/days; walltime: 28.4
37160.0/37230.0 days/days; walltime: 18.4
37161.0/37230.0 days/days; walltime: 6.1
37162.0/37230.0 days/days; walltime: 24.0
37163.0/37230.0 days/days; walltime: 16.8
37164.0/37230.0 days/days; walltime: 1.9
37165.0/37230.0 days/days; walltime: 1.5
37166.0/37230.0 days/days; walltime: 4.5
37167.0/37230.0 days/days; walltime: 3.8
37168.0/37230.0 days/days; walltime: 3.8
37169.0/37230.0 days/days; walltime: 5.9
37170.0/37230.0 days/days; walltime: 0.8
37171.0/37230.0 days/days; walltime: 1.0
37172.0/37230.0 days/days; walltime: 0.9
37173.0/37230.0 days/days; walltime: 1.0
37174.0/37230.0 days/days; walltime: 0.7
37175.0/37230.0 days/days; walltime: 0.7
37176.0/37230.0 days/days; walltime: 0.7
37177.0/37230.0 days/days; walltime: 3.3
37178.0/37230.0 days/days; walltime: 5.0
37179.0/37230.0 days/days; walltime: 0.9
37180.0/37230.0 days/days; walltime: 0.8
37181.0/37230.0 days/days; walltime: 0.7
37182.0/37230.0 days/days; walltime: 0.6
37183.0/37230.0 days/days; walltime: 0.6
37184.0/37230.0 days/days; walltime: 0.6
37185.0/37230.0 days/days; walltime: 0.6
37186.0/37230.0 days/days; walltime: 0.6
37187.0/37230.0 days/days; walltime: 0.3
37188.0/37230.0 days/days; walltime: 0.6
37189.0/37230.0 days/days; walltime: 0.5
37190.0/37230.0 days/days; walltime: 0.5
37191.0/37230.0 days/days; walltime: 0.5
37192.0/37230.0 days/days; walltime: 0.3
37193.0/37230.0 days/days; walltime: 0.5
37194.0/37230.0 days/days; walltime: 0.5
37195.0/37230.0 days/days; walltime: 2.4
37196.0/37230.0 days/days; walltime: 0.2
37197.0/37230.0 days/days; walltime: 0.5
37198.0/37230.0 days/days; walltime: 0.2
37199.0/37230.0 days/days; walltime: 0.5
37200.0/37230.0 days/days; walltime: 0.2
37201.0/37230.0 days/days; walltime: 0.5
37202.0/37230.0 days/days; walltime: 0.4
37203.0/37230.0 days/days; walltime: 0.2
37204.0/37230.0 days/days; walltime: 0.4
37205.0/37230.0 days/days; walltime: 0.3
37206.0/37230.0 days/days; walltime: 0.4
37207.0/37230.0 days/days; walltime: 0.2
37208.0/37230.0 days/days; walltime: 0.4
37209.0/37230.0 days/days; walltime: 0.5
37210.0/37230.0 days/days; walltime: 0.2
37211.0/37230.0 days/days; walltime: 0.4
37212.0/37230.0 days/days; walltime: 0.2
37213.0/37230.0 days/days; walltime: 0.4
37214.0/37230.0 days/days; walltime: 0.2
37215.0/37230.0 days/days; walltime: 0.4
37216.0/37230.0 days/days; walltime: 0.2
37217.0/37230.0 days/days; walltime: 0.5
37218.0/37230.0 days/days; walltime: 0.2
37219.0/37230.0 days/days; walltime: 0.4
37220.0/37230.0 days/days; walltime: 0.1
37221.0/37230.0 days/days; walltime: 0.4
37222.0/37230.0 days/days; walltime: 0.2
37223.0/37230.0 days/days; walltime: 0.4
37224.0/37230.0 days/days; walltime: 0.2
37225.0/37230.0 days/days; walltime: 0.4
37226.0/37230.0 days/days; walltime: 0.2
37227.0/37230.0 days/days; walltime: 0.4
37228.0/37230.0 days/days; walltime: 0.1
37229.0/37230.0 days/days; walltime: 0.2
37230.0/37230.0 days/days; walltime: 0.5
Wallclock for model run: 58151.9s
 

fields = 

  struct with fields:

    nodes: [1x1 struct]
    edges: [1x1 struct]
       BC: [1x1 struct]

No cases left; exiting.
