Case 4:
Picked up JAVA_TOOL_OPTIONS: -Xmx2g
Opening log file:  /tmp/java.log.20387

                            < M A T L A B (R) >
                  Copyright 1984-2022 The MathWorks, Inc.
                  R2022a (9.12.0.1884302) 64-bit (glnxa64)
                             February 16, 2022

 
To get started, type doc.
For product information, visit www.mathworks.com.
 

config = 

  struct with fields:

                 k_s: 0.1000
                 l_c: 10
            n_moulin: 68
    creep_const_soft: 0
             mesh_nr: 4
                 k_c: 0.2000
               h_bed: 0.5000
               l_bed: 10
               alpha: 1.2500
                beta: 1.5000
               omega: 5.0000e-04
                 e_v: 1.0000e-04

Running model run (ode15s):
Run to steady
Saving model run to
./RUN/output_104_steady.nc
Fields, IC & BC initialised
Initial phi calculated in 3.6s
0.0/36500.0 days/days; walltime: 49.0
-----------------------------------------------------------------------------------------------------------------------------------------------------------------------------------------------------------------------1825.0/36500.0 days/days; walltime: 1938.8
--------------------------------------------------------------------------------------3650.0/36500.0 days/days; walltime: 25.9
--5475.0/36500.0 days/days; walltime: 0.4
7300.0/36500.0 days/days; walltime: 0.1
------------9125.0/36500.0 days/days; walltime: 10.5
10950.0/36500.0 days/days; walltime: 1276.9
12775.0/36500.0 days/days; walltime: 620.8
14600.0/36500.0 days/days; walltime: 404.7
16425.0/36500.0 days/days; walltime: 508.0
--18250.0/36500.0 days/days; walltime: 336.0
--20075.0/36500.0 days/days; walltime: 74.5
21900.0/36500.0 days/days; walltime: 90.7
23725.0/36500.0 days/days; walltime: 79.9
25550.0/36500.0 days/days; walltime: 4.0
27375.0/36500.0 days/days; walltime: 26.7
29200.0/36500.0 days/days; walltime: 0.5
31025.0/36500.0 days/days; walltime: 0.1
32850.0/36500.0 days/days; walltime: 9.7
34675.0/36500.0 days/days; walltime: 0.3
Wallclock for model run: 5461.9s
 

fields = 

  struct with fields:

    nodes: [1x1 struct]
    edges: [1x1 struct]
       BC: [1x1 struct]

Running model run (ode15s):
Run seasonal
Saving model run to
./RUN/output_104_seasonal.nc
IC initialised from struct
IC initialised from file/given & rest from parameters and given functions
36500.0/37230.0 days/days; walltime: 22.6
36501.0/37230.0 days/days; walltime: 76.2
36502.0/37230.0 days/days; walltime: 11.0
36503.0/37230.0 days/days; walltime: 8.8
36504.0/37230.0 days/days; walltime: 16.4
36505.0/37230.0 days/days; walltime: 20.0
36506.0/37230.0 days/days; walltime: 21.0
36507.0/37230.0 days/days; walltime: 6.1
36508.0/37230.0 days/days; walltime: 7.6
36509.0/37230.0 days/days; walltime: 19.3
36510.0/37230.0 days/days; walltime: 11.7
36511.0/37230.0 days/days; walltime: 3.1
36512.0/37230.0 days/days; walltime: 5.3
36513.0/37230.0 days/days; walltime: 20.4
36514.0/37230.0 days/days; walltime: 30.4
36515.0/37230.0 days/days; walltime: 2.4
36516.0/37230.0 days/days; walltime: 4.5
36517.0/37230.0 days/days; walltime: 2.2
36518.0/37230.0 days/days; walltime: 1.8
36519.0/37230.0 days/days; walltime: 1.8
36520.0/37230.0 days/days; walltime: 1.5
36521.0/37230.0 days/days; walltime: 1.5
36522.0/37230.0 days/days; walltime: 1.5
36523.0/37230.0 days/days; walltime: 1.6
36524.0/37230.0 days/days; walltime: 1.5
36525.0/37230.0 days/days; walltime: 1.3
36526.0/37230.0 days/days; walltime: 5.7
36527.0/37230.0 days/days; walltime: 0.7
36528.0/37230.0 days/days; walltime: 1.0
36529.0/37230.0 days/days; walltime: 3.2
36530.0/37230.0 days/days; walltime: 1.1
36531.0/37230.0 days/days; walltime: 0.9
36532.0/37230.0 days/days; walltime: 0.8
36533.0/37230.0 days/days; walltime: 0.7
36534.0/37230.0 days/days; walltime: 0.8
36535.0/37230.0 days/days; walltime: 0.6
36536.0/37230.0 days/days; walltime: 0.8
36537.0/37230.0 days/days; walltime: 0.7
36538.0/37230.0 days/days; walltime: 0.9
36539.0/37230.0 days/days; walltime: 0.7
36540.0/37230.0 days/days; walltime: 0.8
36541.0/37230.0 days/days; walltime: 3.8
36542.0/37230.0 days/days; walltime: 1.7
36543.0/37230.0 days/days; walltime: 0.6
36544.0/37230.0 days/days; walltime: 0.5
36545.0/37230.0 days/days; walltime: 0.7
36546.0/37230.0 days/days; walltime: 0.5
36547.0/37230.0 days/days; walltime: 0.5
36548.0/37230.0 days/days; walltime: 0.6
36549.0/37230.0 days/days; walltime: 0.5
36550.0/37230.0 days/days; walltime: 0.4
36551.0/37230.0 days/days; walltime: 0.5
36552.0/37230.0 days/days; walltime: 0.8
36553.0/37230.0 days/days; walltime: 0.7
36554.0/37230.0 days/days; walltime: 0.7
36555.0/37230.0 days/days; walltime: 0.7
36556.0/37230.0 days/days; walltime: 4.5
36557.0/37230.0 days/days; walltime: 0.7
36558.0/37230.0 days/days; walltime: 0.4
36559.0/37230.0 days/days; walltime: 0.7
36560.0/37230.0 days/days; walltime: 0.5
36561.0/37230.0 days/days; walltime: 0.4
36562.0/37230.0 days/days; walltime: 0.4
36563.0/37230.0 days/days; walltime: 0.5
36564.0/37230.0 days/days; walltime: 0.4
36565.0/37230.0 days/days; walltime: 0.2
36566.0/37230.0 days/days; walltime: 0.6
36567.0/37230.0 days/days; walltime: 0.5
36568.0/37230.0 days/days; walltime: 0.5
36569.0/37230.0 days/days; walltime: 2.5
36570.0/37230.0 days/days; walltime: 0.4
36571.0/37230.0 days/days; walltime: 0.4
36572.0/37230.0 days/days; walltime: 0.4
36573.0/37230.0 days/days; walltime: 0.2
36574.0/37230.0 days/days; walltime: 0.3
36575.0/37230.0 days/days; walltime: 0.4
36576.0/37230.0 days/days; walltime: 0.4
36577.0/37230.0 days/days; walltime: 0.4
36578.0/37230.0 days/days; walltime: 0.5
36579.0/37230.0 days/days; walltime: 0.3
36580.0/37230.0 days/days; walltime: 0.5
36581.0/37230.0 days/days; walltime: 2.5
36582.0/37230.0 days/days; walltime: 0.4
36583.0/37230.0 days/days; walltime: 0.4
36584.0/37230.0 days/days; walltime: 0.3
36585.0/37230.0 days/days; walltime: 0.6
36586.0/37230.0 days/days; walltime: 2.4
36587.0/37230.0 days/days; walltime: 2.5
36588.0/37230.0 days/days; walltime: 0.2
36589.0/37230.0 days/days; walltime: 0.4
36590.0/37230.0 days/days; walltime: 0.3
36591.0/37230.0 days/days; walltime: 0.4
36592.0/37230.0 days/days; walltime: 0.4
36593.0/37230.0 days/days; walltime: 0.3
36594.0/37230.0 days/days; walltime: 0.5
36595.0/37230.0 days/days; walltime: 0.4
36596.0/37230.0 days/days; walltime: 0.4
36597.0/37230.0 days/days; walltime: 0.7
36598.0/37230.0 days/days; walltime: 0.4
36599.0/37230.0 days/days; walltime: 0.7
36600.0/37230.0 days/days; walltime: 0.5
36601.0/37230.0 days/days; walltime: 0.5
36602.0/37230.0 days/days; walltime: 0.3
36603.0/37230.0 days/days; walltime: 0.4
36604.0/37230.0 days/days; walltime: 2.5
36605.0/37230.0 days/days; walltime: 0.1
36606.0/37230.0 days/days; walltime: 0.5
36607.0/37230.0 days/days; walltime: 0.3
36608.0/37230.0 days/days; walltime: 0.3
36609.0/37230.0 days/days; walltime: 0.3
36610.0/37230.0 days/days; walltime: 0.3
36611.0/37230.0 days/days; walltime: 0.3
36612.0/37230.0 days/days; walltime: 0.3
36613.0/37230.0 days/days; walltime: 0.3
36614.0/37230.0 days/days; walltime: 0.3
36615.0/37230.0 days/days; walltime: 0.3
36616.0/37230.0 days/days; walltime: 0.3
36617.0/37230.0 days/days; walltime: 0.5
36618.0/37230.0 days/days; walltime: 0.3
36619.0/37230.0 days/days; walltime: 0.4
36620.0/37230.0 days/days; walltime: 0.1
36621.0/37230.0 days/days; walltime: 0.3
36622.0/37230.0 days/days; walltime: 0.5
--36623.0/37230.0 days/days; walltime: 30.5
36624.0/37230.0 days/days; walltime: 48.6
36625.0/37230.0 days/days; walltime: 2.5
36626.0/37230.0 days/days; walltime: 1.3
36627.0/37230.0 days/days; walltime: 0.9
36628.0/37230.0 days/days; walltime: 0.5
36629.0/37230.0 days/days; walltime: 0.5
36630.0/37230.0 days/days; walltime: 0.3
36631.0/37230.0 days/days; walltime: 0.4
36632.0/37230.0 days/days; walltime: 0.3
36633.0/37230.0 days/days; walltime: 0.4
36634.0/37230.0 days/days; walltime: 0.1
36635.0/37230.0 days/days; walltime: 0.3
36636.0/37230.0 days/days; walltime: 0.3
36637.0/37230.0 days/days; walltime: 0.3
---36638.0/37230.0 days/days; walltime: 14.5
36639.0/37230.0 days/days; walltime: 41.3
36640.0/37230.0 days/days; walltime: 76.5
36641.0/37230.0 days/days; walltime: 38.7
36642.0/37230.0 days/days; walltime: 5.3
36643.0/37230.0 days/days; walltime: 1.4
36644.0/37230.0 days/days; walltime: 0.9
36645.0/37230.0 days/days; walltime: 1.1
36646.0/37230.0 days/days; walltime: 1.2
36647.0/37230.0 days/days; walltime: 1.0
36648.0/37230.0 days/days; walltime: 4.8
36649.0/37230.0 days/days; walltime: 1.1
36650.0/37230.0 days/days; walltime: 0.9
36651.0/37230.0 days/days; walltime: 0.8
36652.0/37230.0 days/days; walltime: 0.6
36653.0/37230.0 days/days; walltime: 38.3
36654.0/37230.0 days/days; walltime: 60.2
36655.0/37230.0 days/days; walltime: 163.2
36656.0/37230.0 days/days; walltime: 163.9
36657.0/37230.0 days/days; walltime: 301.5
36658.0/37230.0 days/days; walltime: 596.9
36659.0/37230.0 days/days; walltime: 203.9
36660.0/37230.0 days/days; walltime: 456.8
36661.0/37230.0 days/days; walltime: 84.4
36662.0/37230.0 days/days; walltime: 316.4
36663.0/37230.0 days/days; walltime: 78.9
36664.0/37230.0 days/days; walltime: 42.4
36665.0/37230.0 days/days; walltime: 49.0
36666.0/37230.0 days/days; walltime: 112.7
36667.0/37230.0 days/days; walltime: 113.1
36668.0/37230.0 days/days; walltime: 642.3
36669.0/37230.0 days/days; walltime: 282.2
36670.0/37230.0 days/days; walltime: 360.5
36671.0/37230.0 days/days; walltime: 149.2
36672.0/37230.0 days/days; walltime: 179.7
--36673.0/37230.0 days/days; walltime: 340.3
36674.0/37230.0 days/days; walltime: 255.1
36675.0/37230.0 days/days; walltime: 87.4
36676.0/37230.0 days/days; walltime: 314.1
36677.0/37230.0 days/days; walltime: 521.2
--36678.0/37230.0 days/days; walltime: 177.9
----36679.0/37230.0 days/days; walltime: 158.3
36680.0/37230.0 days/days; walltime: 174.0
36681.0/37230.0 days/days; walltime: 95.0
36682.0/37230.0 days/days; walltime: 106.7
36683.0/37230.0 days/days; walltime: 305.1
36684.0/37230.0 days/days; walltime: 306.1
36685.0/37230.0 days/days; walltime: 689.1
36686.0/37230.0 days/days; walltime: 598.2
36687.0/37230.0 days/days; walltime: 499.9
36688.0/37230.0 days/days; walltime: 172.9
36689.0/37230.0 days/days; walltime: 365.3
36690.0/37230.0 days/days; walltime: 583.6
36691.0/37230.0 days/days; walltime: 203.7
36692.0/37230.0 days/days; walltime: 174.8
36693.0/37230.0 days/days; walltime: 72.9
36694.0/37230.0 days/days; walltime: 89.6
36695.0/37230.0 days/days; walltime: 67.5
36696.0/37230.0 days/days; walltime: 65.0
36697.0/37230.0 days/days; walltime: 149.2
36698.0/37230.0 days/days; walltime: 372.8
36699.0/37230.0 days/days; walltime: 277.8
36700.0/37230.0 days/days; walltime: 290.0
36701.0/37230.0 days/days; walltime: 197.4
36702.0/37230.0 days/days; walltime: 182.2
36703.0/37230.0 days/days; walltime: 179.8
36704.0/37230.0 days/days; walltime: 193.2
36705.0/37230.0 days/days; walltime: 358.7
36706.0/37230.0 days/days; walltime: 317.5
36707.0/37230.0 days/days; walltime: 164.2
36708.0/37230.0 days/days; walltime: 345.1
36709.0/37230.0 days/days; walltime: 330.6
36710.0/37230.0 days/days; walltime: 124.0
36711.0/37230.0 days/days; walltime: 266.8
36712.0/37230.0 days/days; walltime: 141.8
36713.0/37230.0 days/days; walltime: 382.4
36714.0/37230.0 days/days; walltime: 112.0
36715.0/37230.0 days/days; walltime: 110.1
36716.0/37230.0 days/days; walltime: 96.0
36717.0/37230.0 days/days; walltime: 151.4
36718.0/37230.0 days/days; walltime: 99.4
36719.0/37230.0 days/days; walltime: 46.1
36720.0/37230.0 days/days; walltime: 437.6
36721.0/37230.0 days/days; walltime: 432.0
36722.0/37230.0 days/days; walltime: 382.5
36723.0/37230.0 days/days; walltime: 577.7
36724.0/37230.0 days/days; walltime: 285.2
36725.0/37230.0 days/days; walltime: 365.3
36726.0/37230.0 days/days; walltime: 163.8
36727.0/37230.0 days/days; walltime: 80.0
36728.0/37230.0 days/days; walltime: 598.4
36729.0/37230.0 days/days; walltime: 527.1
36730.0/37230.0 days/days; walltime: 480.7
36731.0/37230.0 days/days; walltime: 168.4
36732.0/37230.0 days/days; walltime: 209.3
36733.0/37230.0 days/days; walltime: 307.8
36734.0/37230.0 days/days; walltime: 188.1
36735.0/37230.0 days/days; walltime: 177.8
36736.0/37230.0 days/days; walltime: 210.6
36737.0/37230.0 days/days; walltime: 152.2
36738.0/37230.0 days/days; walltime: 84.8
36739.0/37230.0 days/days; walltime: 139.0
36740.0/37230.0 days/days; walltime: 190.3
36741.0/37230.0 days/days; walltime: 382.3
36742.0/37230.0 days/days; walltime: 698.3
36743.0/37230.0 days/days; walltime: 1217.1
36744.0/37230.0 days/days; walltime: 730.8
36745.0/37230.0 days/days; walltime: 322.8
36746.0/37230.0 days/days; walltime: 192.2
36747.0/37230.0 days/days; walltime: 774.7
36748.0/37230.0 days/days; walltime: 413.0
36749.0/37230.0 days/days; walltime: 961.0
36750.0/37230.0 days/days; walltime: 239.2
36751.0/37230.0 days/days; walltime: 132.5
36752.0/37230.0 days/days; walltime: 298.2
36753.0/37230.0 days/days; walltime: 98.3
36754.0/37230.0 days/days; walltime: 74.9
36755.0/37230.0 days/days; walltime: 50.9
36756.0/37230.0 days/days; walltime: 64.2
36757.0/37230.0 days/days; walltime: 30.0
36758.0/37230.0 days/days; walltime: 13.4
36759.0/37230.0 days/days; walltime: 3.3
36760.0/37230.0 days/days; walltime: 25.9
36761.0/37230.0 days/days; walltime: 162.6
36762.0/37230.0 days/days; walltime: 163.2
36763.0/37230.0 days/days; walltime: 8.8
36764.0/37230.0 days/days; walltime: 78.1
36765.0/37230.0 days/days; walltime: 91.1
36766.0/37230.0 days/days; walltime: 6.1
36767.0/37230.0 days/days; walltime: 5.2
36768.0/37230.0 days/days; walltime: 2.8
36769.0/37230.0 days/days; walltime: 2.4
36770.0/37230.0 days/days; walltime: 2.3
36771.0/37230.0 days/days; walltime: 2.0
36772.0/37230.0 days/days; walltime: 3.8
36773.0/37230.0 days/days; walltime: 1.4
36774.0/37230.0 days/days; walltime: 1.4
36775.0/37230.0 days/days; walltime: 1.0
36776.0/37230.0 days/days; walltime: 1.1
36777.0/37230.0 days/days; walltime: 1.2
36778.0/37230.0 days/days; walltime: 0.9
36779.0/37230.0 days/days; walltime: 1.1
36780.0/37230.0 days/days; walltime: 1.0
36781.0/37230.0 days/days; walltime: 0.9
-36782.0/37230.0 days/days; walltime: 41.1
36783.0/37230.0 days/days; walltime: 153.5
36784.0/37230.0 days/days; walltime: 299.3
36785.0/37230.0 days/days; walltime: 676.1
36786.0/37230.0 days/days; walltime: 240.8
36787.0/37230.0 days/days; walltime: 64.5
36788.0/37230.0 days/days; walltime: 23.6
36789.0/37230.0 days/days; walltime: 8.1
36790.0/37230.0 days/days; walltime: 16.7
36791.0/37230.0 days/days; walltime: 33.5
36792.0/37230.0 days/days; walltime: 17.8
36793.0/37230.0 days/days; walltime: 9.7
36794.0/37230.0 days/days; walltime: 34.7
36795.0/37230.0 days/days; walltime: 23.6
36796.0/37230.0 days/days; walltime: 6.4
36797.0/37230.0 days/days; walltime: 20.4
36798.0/37230.0 days/days; walltime: 18.9
36799.0/37230.0 days/days; walltime: 3.3
36800.0/37230.0 days/days; walltime: 3.3
36801.0/37230.0 days/days; walltime: 6.2
36802.0/37230.0 days/days; walltime: 2.1
36803.0/37230.0 days/days; walltime: 5.9
36804.0/37230.0 days/days; walltime: 6.8
36805.0/37230.0 days/days; walltime: 1.1
36806.0/37230.0 days/days; walltime: 0.8
36807.0/37230.0 days/days; walltime: 1.0
36808.0/37230.0 days/days; walltime: 0.7
36809.0/37230.0 days/days; walltime: 0.9
36810.0/37230.0 days/days; walltime: 0.8
36811.0/37230.0 days/days; walltime: 0.8
36812.0/37230.0 days/days; walltime: 2.5
36813.0/37230.0 days/days; walltime: 3.5
36814.0/37230.0 days/days; walltime: 3.7
36815.0/37230.0 days/days; walltime: 0.8
36816.0/37230.0 days/days; walltime: 0.8
36817.0/37230.0 days/days; walltime: 0.7
36818.0/37230.0 days/days; walltime: 0.6
36819.0/37230.0 days/days; walltime: 0.6
36820.0/37230.0 days/days; walltime: 0.6
36821.0/37230.0 days/days; walltime: 0.5
36822.0/37230.0 days/days; walltime: 0.6
36823.0/37230.0 days/days; walltime: 0.6
36824.0/37230.0 days/days; walltime: 0.5
36825.0/37230.0 days/days; walltime: 0.4
36826.0/37230.0 days/days; walltime: 0.5
36827.0/37230.0 days/days; walltime: 0.5
36828.0/37230.0 days/days; walltime: 0.5
36829.0/37230.0 days/days; walltime: 0.3
36830.0/37230.0 days/days; walltime: 0.4
36831.0/37230.0 days/days; walltime: 0.5
36832.0/37230.0 days/days; walltime: 0.3
36833.0/37230.0 days/days; walltime: 0.4
36834.0/37230.0 days/days; walltime: 2.5
36835.0/37230.0 days/days; walltime: 0.1
36836.0/37230.0 days/days; walltime: 0.4
36837.0/37230.0 days/days; walltime: 0.1
36838.0/37230.0 days/days; walltime: 0.4
36839.0/37230.0 days/days; walltime: 0.5
36840.0/37230.0 days/days; walltime: 0.2
36841.0/37230.0 days/days; walltime: 0.4
36842.0/37230.0 days/days; walltime: 0.2
36843.0/37230.0 days/days; walltime: 0.5
36844.0/37230.0 days/days; walltime: 0.2
36845.0/37230.0 days/days; walltime: 0.4
36846.0/37230.0 days/days; walltime: 0.2
36847.0/37230.0 days/days; walltime: 0.5
36848.0/37230.0 days/days; walltime: 0.4
36849.0/37230.0 days/days; walltime: 0.2
36850.0/37230.0 days/days; walltime: 0.4
36851.0/37230.0 days/days; walltime: 0.4
36852.0/37230.0 days/days; walltime: 0.4
36853.0/37230.0 days/days; walltime: 0.1
36854.0/37230.0 days/days; walltime: 0.3
36855.0/37230.0 days/days; walltime: 0.4
36856.0/37230.0 days/days; walltime: 0.2
36857.0/37230.0 days/days; walltime: 0.4
36858.0/37230.0 days/days; walltime: 0.2
36859.0/37230.0 days/days; walltime: 0.4
36860.0/37230.0 days/days; walltime: 0.2
36861.0/37230.0 days/days; walltime: 0.4
36862.0/37230.0 days/days; walltime: 0.2
36863.0/37230.0 days/days; walltime: 0.4
36864.0/37230.0 days/days; walltime: 0.2
36865.0/37230.0 days/days; walltime: 0.4
36866.0/37230.0 days/days; walltime: 0.2
36867.0/37230.0 days/days; walltime: 0.4
36868.0/37230.0 days/days; walltime: 0.2
36869.0/37230.0 days/days; walltime: 0.4
36870.0/37230.0 days/days; walltime: 0.2
36871.0/37230.0 days/days; walltime: 0.1
36872.0/37230.0 days/days; walltime: 0.4
36873.0/37230.0 days/days; walltime: 0.2
36874.0/37230.0 days/days; walltime: 0.4
36875.0/37230.0 days/days; walltime: 0.2
36876.0/37230.0 days/days; walltime: 0.2
36877.0/37230.0 days/days; walltime: 0.2
36878.0/37230.0 days/days; walltime: 0.4
36879.0/37230.0 days/days; walltime: 0.1
36880.0/37230.0 days/days; walltime: 0.2
36881.0/37230.0 days/days; walltime: 0.4
36882.0/37230.0 days/days; walltime: 0.1
36883.0/37230.0 days/days; walltime: 0.4
36884.0/37230.0 days/days; walltime: 0.1
36885.0/37230.0 days/days; walltime: 0.2
36886.0/37230.0 days/days; walltime: 0.4
36887.0/37230.0 days/days; walltime: 0.1
36888.0/37230.0 days/days; walltime: 0.4
36889.0/37230.0 days/days; walltime: 0.1
36890.0/37230.0 days/days; walltime: 0.2
36891.0/37230.0 days/days; walltime: 0.2
36892.0/37230.0 days/days; walltime: 0.2
36893.0/37230.0 days/days; walltime: 0.1
36894.0/37230.0 days/days; walltime: 0.2
36895.0/37230.0 days/days; walltime: 0.2
36896.0/37230.0 days/days; walltime: 0.1
36897.0/37230.0 days/days; walltime: 0.4
36898.0/37230.0 days/days; walltime: 0.1
36899.0/37230.0 days/days; walltime: 0.1
36900.0/37230.0 days/days; walltime: 0.4
36901.0/37230.0 days/days; walltime: 0.1
36902.0/37230.0 days/days; walltime: 0.1
36903.0/37230.0 days/days; walltime: 0.2
36904.0/37230.0 days/days; walltime: 0.2
36905.0/37230.0 days/days; walltime: 0.1
36906.0/37230.0 days/days; walltime: 0.1
36907.0/37230.0 days/days; walltime: 0.2
36908.0/37230.0 days/days; walltime: 0.2
36909.0/37230.0 days/days; walltime: 0.1
36910.0/37230.0 days/days; walltime: 0.2
36911.0/37230.0 days/days; walltime: 0.1
36912.0/37230.0 days/days; walltime: 0.1
36913.0/37230.0 days/days; walltime: 0.4
36914.0/37230.0 days/days; walltime: 0.1
36915.0/37230.0 days/days; walltime: 0.1
36916.0/37230.0 days/days; walltime: 0.1
36917.0/37230.0 days/days; walltime: 0.3
36918.0/37230.0 days/days; walltime: 2.1
36919.0/37230.0 days/days; walltime: 0.1
36920.0/37230.0 days/days; walltime: 0.1
36921.0/37230.0 days/days; walltime: 0.3
36922.0/37230.0 days/days; walltime: 0.1
36923.0/37230.0 days/days; walltime: 0.1
36924.0/37230.0 days/days; walltime: 0.1
36925.0/37230.0 days/days; walltime: 0.2
36926.0/37230.0 days/days; walltime: 0.1
36927.0/37230.0 days/days; walltime: 0.2
36928.0/37230.0 days/days; walltime: 0.1
36929.0/37230.0 days/days; walltime: 2.2
36930.0/37230.0 days/days; walltime: 0.1
36931.0/37230.0 days/days; walltime: 0.1
36932.0/37230.0 days/days; walltime: 0.1
36933.0/37230.0 days/days; walltime: 0.2
36934.0/37230.0 days/days; walltime: 0.1
36935.0/37230.0 days/days; walltime: 0.1
36936.0/37230.0 days/days; walltime: 0.1
36937.0/37230.0 days/days; walltime: 0.2
36938.0/37230.0 days/days; walltime: 0.1
36939.0/37230.0 days/days; walltime: 0.1
36941.0/37230.0 days/days; walltime: 0.1
36942.0/37230.0 days/days; walltime: 0.1
36943.0/37230.0 days/days; walltime: 0.3
36944.0/37230.0 days/days; walltime: 0.1
36945.0/37230.0 days/days; walltime: 0.1
36946.0/37230.0 days/days; walltime: 0.1
36947.0/37230.0 days/days; walltime: 0.2
36948.0/37230.0 days/days; walltime: 0.1
36949.0/37230.0 days/days; walltime: 0.1
36950.0/37230.0 days/days; walltime: 0.1
36951.0/37230.0 days/days; walltime: 0.1
36952.0/37230.0 days/days; walltime: 0.1
36954.0/37230.0 days/days; walltime: 0.1
36955.0/37230.0 days/days; walltime: 0.1
36956.0/37230.0 days/days; walltime: 0.1
36957.0/37230.0 days/days; walltime: 0.1
36958.0/37230.0 days/days; walltime: 0.2
36959.0/37230.0 days/days; walltime: 0.2
36961.0/37230.0 days/days; walltime: 0.1
36962.0/37230.0 days/days; walltime: 0.2
36963.0/37230.0 days/days; walltime: 0.1
36964.0/37230.0 days/days; walltime: 0.1
36965.0/37230.0 days/days; walltime: 0.1
36966.0/37230.0 days/days; walltime: 0.1
36967.0/37230.0 days/days; walltime: 0.1
36969.0/37230.0 days/days; walltime: 0.1
36970.0/37230.0 days/days; walltime: 0.1
36971.0/37230.0 days/days; walltime: 0.1
36972.0/37230.0 days/days; walltime: 0.1
36973.0/37230.0 days/days; walltime: 0.1
36974.0/37230.0 days/days; walltime: 0.1
36976.0/37230.0 days/days; walltime: 0.1
36977.0/37230.0 days/days; walltime: 0.1
36978.0/37230.0 days/days; walltime: 0.1
36979.0/37230.0 days/days; walltime: 0.1
36980.0/37230.0 days/days; walltime: 0.1
36981.0/37230.0 days/days; walltime: 0.1
36983.0/37230.0 days/days; walltime: 0.1
36984.0/37230.0 days/days; walltime: 0.1
36985.0/37230.0 days/days; walltime: 0.1
36986.0/37230.0 days/days; walltime: 0.1
--36987.0/37230.0 days/days; walltime: 2.4
--36988.0/37230.0 days/days; walltime: 28.5
36989.0/37230.0 days/days; walltime: 31.0
36990.0/37230.0 days/days; walltime: 2.7
36991.0/37230.0 days/days; walltime: 1.0
36992.0/37230.0 days/days; walltime: 0.8
36993.0/37230.0 days/days; walltime: 0.4
36994.0/37230.0 days/days; walltime: 0.4
36995.0/37230.0 days/days; walltime: 0.3
36996.0/37230.0 days/days; walltime: 0.4
36997.0/37230.0 days/days; walltime: 0.3
36998.0/37230.0 days/days; walltime: 0.1
36999.0/37230.0 days/days; walltime: 0.3
37000.0/37230.0 days/days; walltime: 0.1
37001.0/37230.0 days/days; walltime: 0.1
37002.0/37230.0 days/days; walltime: 0.3
--37003.0/37230.0 days/days; walltime: 9.5
37004.0/37230.0 days/days; walltime: 32.9
37005.0/37230.0 days/days; walltime: 78.5
37006.0/37230.0 days/days; walltime: 37.8
37007.0/37230.0 days/days; walltime: 6.7
37008.0/37230.0 days/days; walltime: 1.4
37009.0/37230.0 days/days; walltime: 0.6
37010.0/37230.0 days/days; walltime: 0.9
37011.0/37230.0 days/days; walltime: 1.4
37012.0/37230.0 days/days; walltime: 1.1
37013.0/37230.0 days/days; walltime: 1.2
37014.0/37230.0 days/days; walltime: 4.4
37015.0/37230.0 days/days; walltime: 1.1
37016.0/37230.0 days/days; walltime: 0.9
37017.0/37230.0 days/days; walltime: 0.8
37018.0/37230.0 days/days; walltime: 38.4
37019.0/37230.0 days/days; walltime: 58.6
37020.0/37230.0 days/days; walltime: 193.9
37021.0/37230.0 days/days; walltime: 169.1
37022.0/37230.0 days/days; walltime: 240.0
37023.0/37230.0 days/days; walltime: 587.8
37024.0/37230.0 days/days; walltime: 200.3
37025.0/37230.0 days/days; walltime: 480.9
37026.0/37230.0 days/days; walltime: 110.3
37027.0/37230.0 days/days; walltime: 331.8
37028.0/37230.0 days/days; walltime: 108.9
37029.0/37230.0 days/days; walltime: 70.4
37030.0/37230.0 days/days; walltime: 42.6
37031.0/37230.0 days/days; walltime: 96.2
37032.0/37230.0 days/days; walltime: 111.1
37033.0/37230.0 days/days; walltime: 590.8
-37034.0/37230.0 days/days; walltime: 297.4
37035.0/37230.0 days/days; walltime: 350.6
37036.0/37230.0 days/days; walltime: 145.1
37037.0/37230.0 days/days; walltime: 128.0
37038.0/37230.0 days/days; walltime: 325.3
37039.0/37230.0 days/days; walltime: 234.5
--37040.0/37230.0 days/days; walltime: 84.2
37041.0/37230.0 days/days; walltime: 314.7
37042.0/37230.0 days/days; walltime: 511.3
------37043.0/37230.0 days/days; walltime: 145.2
37044.0/37230.0 days/days; walltime: 147.2
37045.0/37230.0 days/days; walltime: 133.7
37046.0/37230.0 days/days; walltime: 96.1
37047.0/37230.0 days/days; walltime: 50.9
37048.0/37230.0 days/days; walltime: 285.1
37049.0/37230.0 days/days; walltime: 336.1
37050.0/37230.0 days/days; walltime: 608.6
37051.0/37230.0 days/days; walltime: 582.1
37052.0/37230.0 days/days; walltime: 466.4
37053.0/37230.0 days/days; walltime: 207.8
37054.0/37230.0 days/days; walltime: 415.0
37055.0/37230.0 days/days; walltime: 542.4
37056.0/37230.0 days/days; walltime: 217.4
37057.0/37230.0 days/days; walltime: 204.5
37058.0/37230.0 days/days; walltime: 57.0
37059.0/37230.0 days/days; walltime: 80.1
37060.0/37230.0 days/days; walltime: 50.0
37061.0/37230.0 days/days; walltime: 50.3
37062.0/37230.0 days/days; walltime: 131.5
37063.0/37230.0 days/days; walltime: 339.6
37064.0/37230.0 days/days; walltime: 263.6
37065.0/37230.0 days/days; walltime: 280.3
37066.0/37230.0 days/days; walltime: 237.4
37067.0/37230.0 days/days; walltime: 186.1
37068.0/37230.0 days/days; walltime: 163.3
37069.0/37230.0 days/days; walltime: 209.8
37070.0/37230.0 days/days; walltime: 398.1
37071.0/37230.0 days/days; walltime: 299.1
37072.0/37230.0 days/days; walltime: 195.7
37073.0/37230.0 days/days; walltime: 327.6
37074.0/37230.0 days/days; walltime: 240.3
37075.0/37230.0 days/days; walltime: 126.0
37076.0/37230.0 days/days; walltime: 254.2
37077.0/37230.0 days/days; walltime: 163.6
37078.0/37230.0 days/days; walltime: 346.2
37079.0/37230.0 days/days; walltime: 123.5
37080.0/37230.0 days/days; walltime: 111.9
37081.0/37230.0 days/days; walltime: 93.9
37082.0/37230.0 days/days; walltime: 118.3
37083.0/37230.0 days/days; walltime: 81.6
37084.0/37230.0 days/days; walltime: 42.7
37085.0/37230.0 days/days; walltime: 361.7
37086.0/37230.0 days/days; walltime: 448.3
37087.0/37230.0 days/days; walltime: 468.8
37088.0/37230.0 days/days; walltime: 526.5
37089.0/37230.0 days/days; walltime: 332.5
37090.0/37230.0 days/days; walltime: 411.5
37091.0/37230.0 days/days; walltime: 176.5
37092.0/37230.0 days/days; walltime: 88.3
37093.0/37230.0 days/days; walltime: 610.1
37094.0/37230.0 days/days; walltime: 556.0
37095.0/37230.0 days/days; walltime: 482.6
37096.0/37230.0 days/days; walltime: 157.1
37097.0/37230.0 days/days; walltime: 153.2
37098.0/37230.0 days/days; walltime: 365.0
37099.0/37230.0 days/days; walltime: 152.7
37100.0/37230.0 days/days; walltime: 174.0
37101.0/37230.0 days/days; walltime: 234.7
37102.0/37230.0 days/days; walltime: 98.1
37103.0/37230.0 days/days; walltime: 89.8
37104.0/37230.0 days/days; walltime: 155.5
37105.0/37230.0 days/days; walltime: 186.4
37106.0/37230.0 days/days; walltime: 340.5
37107.0/37230.0 days/days; walltime: 646.1
37108.0/37230.0 days/days; walltime: 1203.6
37109.0/37230.0 days/days; walltime: 770.8
37110.0/37230.0 days/days; walltime: 370.7
37111.0/37230.0 days/days; walltime: 196.6
37112.0/37230.0 days/days; walltime: 784.0
37113.0/37230.0 days/days; walltime: 426.7
37114.0/37230.0 days/days; walltime: 927.6
37115.0/37230.0 days/days; walltime: 277.3
37116.0/37230.0 days/days; walltime: 135.1
37117.0/37230.0 days/days; walltime: 298.3
37118.0/37230.0 days/days; walltime: 84.3
37119.0/37230.0 days/days; walltime: 70.0
37120.0/37230.0 days/days; walltime: 39.3
37121.0/37230.0 days/days; walltime: 27.7
37122.0/37230.0 days/days; walltime: 19.7
37123.0/37230.0 days/days; walltime: 6.7
37124.0/37230.0 days/days; walltime: 12.5
37125.0/37230.0 days/days; walltime: 38.5
37126.0/37230.0 days/days; walltime: 149.4
37127.0/37230.0 days/days; walltime: 154.2
37128.0/37230.0 days/days; walltime: 12.1
37129.0/37230.0 days/days; walltime: 86.5
37130.0/37230.0 days/days; walltime: 88.4
37131.0/37230.0 days/days; walltime: 3.9
37132.0/37230.0 days/days; walltime: 3.0
37133.0/37230.0 days/days; walltime: 4.8
37134.0/37230.0 days/days; walltime: 4.5
37135.0/37230.0 days/days; walltime: 2.1
37136.0/37230.0 days/days; walltime: 1.9
37137.0/37230.0 days/days; walltime: 1.7
37138.0/37230.0 days/days; walltime: 1.5
37139.0/37230.0 days/days; walltime: 1.5
37140.0/37230.0 days/days; walltime: 1.2
37141.0/37230.0 days/days; walltime: 3.6
37142.0/37230.0 days/days; walltime: 1.3
37143.0/37230.0 days/days; walltime: 1.0
37144.0/37230.0 days/days; walltime: 1.0
37145.0/37230.0 days/days; walltime: 0.9
37146.0/37230.0 days/days; walltime: 1.0
37147.0/37230.0 days/days; walltime: 54.1
37148.0/37230.0 days/days; walltime: 154.3
37149.0/37230.0 days/days; walltime: 290.4
37150.0/37230.0 days/days; walltime: 665.7
37151.0/37230.0 days/days; walltime: 185.2
37152.0/37230.0 days/days; walltime: 50.3
37153.0/37230.0 days/days; walltime: 15.3
37154.0/37230.0 days/days; walltime: 10.0
37155.0/37230.0 days/days; walltime: 13.8
37156.0/37230.0 days/days; walltime: 23.4
37157.0/37230.0 days/days; walltime: 22.1
37158.0/37230.0 days/days; walltime: 14.6
37159.0/37230.0 days/days; walltime: 20.0
37160.0/37230.0 days/days; walltime: 21.5
37161.0/37230.0 days/days; walltime: 6.5
37162.0/37230.0 days/days; walltime: 13.5
37163.0/37230.0 days/days; walltime: 18.0
37164.0/37230.0 days/days; walltime: 4.8
37165.0/37230.0 days/days; walltime: 1.5
37166.0/37230.0 days/days; walltime: 4.6
37167.0/37230.0 days/days; walltime: 1.4
37168.0/37230.0 days/days; walltime: 3.8
37169.0/37230.0 days/days; walltime: 10.8
37170.0/37230.0 days/days; walltime: 0.9
37171.0/37230.0 days/days; walltime: 1.0
37172.0/37230.0 days/days; walltime: 0.9
37173.0/37230.0 days/days; walltime: 0.9
37174.0/37230.0 days/days; walltime: 0.6
37175.0/37230.0 days/days; walltime: 0.8
37176.0/37230.0 days/days; walltime: 0.9
37177.0/37230.0 days/days; walltime: 3.3
37178.0/37230.0 days/days; walltime: 2.7
37179.0/37230.0 days/days; walltime: 5.3
37180.0/37230.0 days/days; walltime: 0.2
37181.0/37230.0 days/days; walltime: 0.7
37182.0/37230.0 days/days; walltime: 0.9
37183.0/37230.0 days/days; walltime: 0.4
37184.0/37230.0 days/days; walltime: 0.6
37185.0/37230.0 days/days; walltime: 0.6
37186.0/37230.0 days/days; walltime: 0.6
37187.0/37230.0 days/days; walltime: 0.5
37188.0/37230.0 days/days; walltime: 0.6
37189.0/37230.0 days/days; walltime: 0.4
37190.0/37230.0 days/days; walltime: 0.5
37191.0/37230.0 days/days; walltime: 0.5
37192.0/37230.0 days/days; walltime: 0.6
37193.0/37230.0 days/days; walltime: 0.2
37194.0/37230.0 days/days; walltime: 0.5
37195.0/37230.0 days/days; walltime: 0.5
37196.0/37230.0 days/days; walltime: 2.3
37197.0/37230.0 days/days; walltime: 0.4
37198.0/37230.0 days/days; walltime: 0.1
37199.0/37230.0 days/days; walltime: 0.2
37200.0/37230.0 days/days; walltime: 0.1
37201.0/37230.0 days/days; walltime: 0.4
37202.0/37230.0 days/days; walltime: 0.5
37203.0/37230.0 days/days; walltime: 0.1
37204.0/37230.0 days/days; walltime: 0.3
37205.0/37230.0 days/days; walltime: 0.2
37206.0/37230.0 days/days; walltime: 0.4
37207.0/37230.0 days/days; walltime: 0.2
37208.0/37230.0 days/days; walltime: 0.4
37209.0/37230.0 days/days; walltime: 0.5
37210.0/37230.0 days/days; walltime: 0.1
37211.0/37230.0 days/days; walltime: 0.3
37212.0/37230.0 days/days; walltime: 0.1
37213.0/37230.0 days/days; walltime: 0.4
37214.0/37230.0 days/days; walltime: 0.2
37215.0/37230.0 days/days; walltime: 0.4
37216.0/37230.0 days/days; walltime: 0.3
37217.0/37230.0 days/days; walltime: 0.4
37218.0/37230.0 days/days; walltime: 0.2
37219.0/37230.0 days/days; walltime: 0.4
37220.0/37230.0 days/days; walltime: 0.3
37221.0/37230.0 days/days; walltime: 0.4
37222.0/37230.0 days/days; walltime: 0.2
37223.0/37230.0 days/days; walltime: 0.4
37224.0/37230.0 days/days; walltime: 0.3
37225.0/37230.0 days/days; walltime: 0.4
37226.0/37230.0 days/days; walltime: 0.2
37227.0/37230.0 days/days; walltime: 0.4
37228.0/37230.0 days/days; walltime: 0.3
37229.0/37230.0 days/days; walltime: 0.4
37230.0/37230.0 days/days; walltime: 0.3
Wallclock for model run: 62097.6s
 

fields = 

  struct with fields:

    nodes: [1x1 struct]
    edges: [1x1 struct]
       BC: [1x1 struct]

No cases left; exiting.
