Case 5:
Picked up JAVA_TOOL_OPTIONS: -Xmx2g
Opening log file:  /tmp/java.log.20513

                            < M A T L A B (R) >
                  Copyright 1984-2022 The MathWorks, Inc.
                  R2022a (9.12.0.1884302) 64-bit (glnxa64)
                             February 16, 2022

 
To get started, type doc.
For product information, visit www.mathworks.com.
 

config = 

  struct with fields:

                 k_s: 0.1000
                 l_c: 10
            n_moulin: 68
    creep_const_soft: 0
             mesh_nr: 4
                 k_c: 0.2000
               h_bed: 0.5000
               l_bed: 10
               alpha: 1.5000
                beta: 1.5000
               omega: 5.0000e-04
                 e_v: 1.0000e-04

Running model run (ode15s):
Run to steady
Saving model run to
./RUN/output_105_steady.nc
Fields, IC & BC initialised
Initial phi calculated in 3.6s
0.0/36500.0 days/days; walltime: 48.7
------------------------------------------------------------------------------------------------------------------------------------------------------------------------------------------------------------------------------------------------------------------------------------------------------------------------------------------------------------------------------------------------------------1825.0/36500.0 days/days; walltime: 2258.9
----------------------------3650.0/36500.0 days/days; walltime: 21.6
---5475.0/36500.0 days/days; walltime: 0.4
7300.0/36500.0 days/days; walltime: 0.3
-------------------9125.0/36500.0 days/days; walltime: 12.7
----10950.0/36500.0 days/days; walltime: 1317.4
12775.0/36500.0 days/days; walltime: 573.0
-------------------------------14600.0/36500.0 days/days; walltime: 497.5
16425.0/36500.0 days/days; walltime: 478.7
--18250.0/36500.0 days/days; walltime: 348.8
----20075.0/36500.0 days/days; walltime: 268.1
--21900.0/36500.0 days/days; walltime: 65.2
23725.0/36500.0 days/days; walltime: 13.5
25550.0/36500.0 days/days; walltime: 5.0
27375.0/36500.0 days/days; walltime: 1.0
29200.0/36500.0 days/days; walltime: 0.6
31025.0/36500.0 days/days; walltime: 0.4
32850.0/36500.0 days/days; walltime: 0.4
34675.0/36500.0 days/days; walltime: 0.1
36500.0/36500.0 days/days; walltime: 0.4
Wallclock for model run: 5913.9s
 

fields = 

  struct with fields:

    nodes: [1x1 struct]
    edges: [1x1 struct]
       BC: [1x1 struct]

Running model run (ode15s):
Run seasonal
Saving model run to
./RUN/output_105_seasonal.nc
IC initialised from struct
IC initialised from file/given & rest from parameters and given functions
36500.0/37230.0 days/days; walltime: 22.4
36501.0/37230.0 days/days; walltime: 73.1
36502.0/37230.0 days/days; walltime: 11.8
36503.0/37230.0 days/days; walltime: 9.9
36504.0/37230.0 days/days; walltime: 13.8
36505.0/37230.0 days/days; walltime: 23.9
36506.0/37230.0 days/days; walltime: 7.8
36507.0/37230.0 days/days; walltime: 12.2
36508.0/37230.0 days/days; walltime: 6.5
36509.0/37230.0 days/days; walltime: 13.0
36510.0/37230.0 days/days; walltime: 5.7
36511.0/37230.0 days/days; walltime: 47.3
36512.0/37230.0 days/days; walltime: 5.4
36513.0/37230.0 days/days; walltime: 4.9
36514.0/37230.0 days/days; walltime: 2.1
36515.0/37230.0 days/days; walltime: 2.1
36516.0/37230.0 days/days; walltime: 4.8
36517.0/37230.0 days/days; walltime: 1.7
36518.0/37230.0 days/days; walltime: 1.4
36519.0/37230.0 days/days; walltime: 1.3
36520.0/37230.0 days/days; walltime: 1.1
36521.0/37230.0 days/days; walltime: 1.8
36522.0/37230.0 days/days; walltime: 1.6
36523.0/37230.0 days/days; walltime: 1.6
36524.0/37230.0 days/days; walltime: 1.5
36525.0/37230.0 days/days; walltime: 1.5
36526.0/37230.0 days/days; walltime: 1.3
36527.0/37230.0 days/days; walltime: 7.8
36528.0/37230.0 days/days; walltime: 1.3
36529.0/37230.0 days/days; walltime: 1.3
36530.0/37230.0 days/days; walltime: 1.1
36531.0/37230.0 days/days; walltime: 1.2
36532.0/37230.0 days/days; walltime: 1.2
36533.0/37230.0 days/days; walltime: 0.9
36534.0/37230.0 days/days; walltime: 1.2
36535.0/37230.0 days/days; walltime: 0.9
36536.0/37230.0 days/days; walltime: 3.0
36537.0/37230.0 days/days; walltime: 0.9
36538.0/37230.0 days/days; walltime: 0.8
36539.0/37230.0 days/days; walltime: 1.1
36540.0/37230.0 days/days; walltime: 0.8
36541.0/37230.0 days/days; walltime: 0.8
36542.0/37230.0 days/days; walltime: 1.0
36543.0/37230.0 days/days; walltime: 0.7
36544.0/37230.0 days/days; walltime: 0.8
36545.0/37230.0 days/days; walltime: 0.7
36546.0/37230.0 days/days; walltime: 0.8
36547.0/37230.0 days/days; walltime: 0.7
36548.0/37230.0 days/days; walltime: 0.7
36549.0/37230.0 days/days; walltime: 0.8
36550.0/37230.0 days/days; walltime: 0.7
36551.0/37230.0 days/days; walltime: 0.7
36552.0/37230.0 days/days; walltime: 0.8
36553.0/37230.0 days/days; walltime: 1.0
36554.0/37230.0 days/days; walltime: 27.3
36555.0/37230.0 days/days; walltime: 3.5
36556.0/37230.0 days/days; walltime: 0.5
36557.0/37230.0 days/days; walltime: 0.5
36558.0/37230.0 days/days; walltime: 0.4
36559.0/37230.0 days/days; walltime: 0.7
36560.0/37230.0 days/days; walltime: 0.6
36561.0/37230.0 days/days; walltime: 5.9
36562.0/37230.0 days/days; walltime: 0.4
36563.0/37230.0 days/days; walltime: 0.5
36564.0/37230.0 days/days; walltime: 0.5
36565.0/37230.0 days/days; walltime: 0.2
36566.0/37230.0 days/days; walltime: 0.4
36567.0/37230.0 days/days; walltime: 0.5
36568.0/37230.0 days/days; walltime: 0.5
36569.0/37230.0 days/days; walltime: 0.2
36570.0/37230.0 days/days; walltime: 0.4
36571.0/37230.0 days/days; walltime: 0.4
36572.0/37230.0 days/days; walltime: 0.4
36573.0/37230.0 days/days; walltime: 0.3
36574.0/37230.0 days/days; walltime: 0.5
36575.0/37230.0 days/days; walltime: 2.8
36576.0/37230.0 days/days; walltime: 0.2
36577.0/37230.0 days/days; walltime: 0.4
36578.0/37230.0 days/days; walltime: 0.4
36579.0/37230.0 days/days; walltime: 0.1
36580.0/37230.0 days/days; walltime: 0.4
36581.0/37230.0 days/days; walltime: 0.1
36582.0/37230.0 days/days; walltime: 0.4
36583.0/37230.0 days/days; walltime: 0.4
36584.0/37230.0 days/days; walltime: 0.3
36585.0/37230.0 days/days; walltime: 0.5
36586.0/37230.0 days/days; walltime: 0.3
36587.0/37230.0 days/days; walltime: 0.4
36588.0/37230.0 days/days; walltime: 0.3
36589.0/37230.0 days/days; walltime: 0.6
36590.0/37230.0 days/days; walltime: 0.4
36591.0/37230.0 days/days; walltime: 2.5
36592.0/37230.0 days/days; walltime: 0.4
36593.0/37230.0 days/days; walltime: 0.2
36594.0/37230.0 days/days; walltime: 0.1
36595.0/37230.0 days/days; walltime: 0.1
36596.0/37230.0 days/days; walltime: 0.1
36597.0/37230.0 days/days; walltime: 0.2
36598.0/37230.0 days/days; walltime: 0.1
36599.0/37230.0 days/days; walltime: 0.1
36600.0/37230.0 days/days; walltime: 2.7
36601.0/37230.0 days/days; walltime: 0.3
36602.0/37230.0 days/days; walltime: 0.4
36603.0/37230.0 days/days; walltime: 0.4
36604.0/37230.0 days/days; walltime: 0.1
36605.0/37230.0 days/days; walltime: 0.3
36606.0/37230.0 days/days; walltime: 0.1
36607.0/37230.0 days/days; walltime: 0.4
36608.0/37230.0 days/days; walltime: 0.1
36609.0/37230.0 days/days; walltime: 0.5
36610.0/37230.0 days/days; walltime: 0.3
36611.0/37230.0 days/days; walltime: 0.6
36612.0/37230.0 days/days; walltime: 0.3
36613.0/37230.0 days/days; walltime: 0.4
36614.0/37230.0 days/days; walltime: 0.3
36615.0/37230.0 days/days; walltime: 0.4
36616.0/37230.0 days/days; walltime: 0.3
36617.0/37230.0 days/days; walltime: 0.4
36618.0/37230.0 days/days; walltime: 0.4
36619.0/37230.0 days/days; walltime: 0.4
36620.0/37230.0 days/days; walltime: 0.4
36621.0/37230.0 days/days; walltime: 0.3
-36622.0/37230.0 days/days; walltime: 0.8
--36623.0/37230.0 days/days; walltime: 34.9
36624.0/37230.0 days/days; walltime: 38.8
36625.0/37230.0 days/days; walltime: 2.5
36626.0/37230.0 days/days; walltime: 1.3
36627.0/37230.0 days/days; walltime: 0.7
36628.0/37230.0 days/days; walltime: 0.8
36629.0/37230.0 days/days; walltime: 0.4
36630.0/37230.0 days/days; walltime: 0.6
36631.0/37230.0 days/days; walltime: 0.4
36632.0/37230.0 days/days; walltime: 0.3
36633.0/37230.0 days/days; walltime: 0.4
36634.0/37230.0 days/days; walltime: 0.1
36635.0/37230.0 days/days; walltime: 0.3
36636.0/37230.0 days/days; walltime: 0.4
36637.0/37230.0 days/days; walltime: 0.3
36638.0/37230.0 days/days; walltime: 10.1
36639.0/37230.0 days/days; walltime: 48.5
36640.0/37230.0 days/days; walltime: 88.7
36641.0/37230.0 days/days; walltime: 31.7
36642.0/37230.0 days/days; walltime: 10.5
36643.0/37230.0 days/days; walltime: 7.3
36644.0/37230.0 days/days; walltime: 0.6
36645.0/37230.0 days/days; walltime: 0.7
36646.0/37230.0 days/days; walltime: 1.3
36647.0/37230.0 days/days; walltime: 1.2
36648.0/37230.0 days/days; walltime: 4.6
36649.0/37230.0 days/days; walltime: 1.2
36650.0/37230.0 days/days; walltime: 1.3
36651.0/37230.0 days/days; walltime: 0.8
36652.0/37230.0 days/days; walltime: 0.8
36653.0/37230.0 days/days; walltime: 40.9
36654.0/37230.0 days/days; walltime: 64.1
36655.0/37230.0 days/days; walltime: 187.6
36656.0/37230.0 days/days; walltime: 171.7
36657.0/37230.0 days/days; walltime: 303.5
36658.0/37230.0 days/days; walltime: 595.4
36659.0/37230.0 days/days; walltime: 243.1
36660.0/37230.0 days/days; walltime: 442.3
36661.0/37230.0 days/days; walltime: 115.9
36662.0/37230.0 days/days; walltime: 331.6
36663.0/37230.0 days/days; walltime: 73.3
36664.0/37230.0 days/days; walltime: 49.0
36665.0/37230.0 days/days; walltime: 52.2
36666.0/37230.0 days/days; walltime: 130.9
36667.0/37230.0 days/days; walltime: 105.7
36668.0/37230.0 days/days; walltime: 629.5
----36669.0/37230.0 days/days; walltime: 308.9
36670.0/37230.0 days/days; walltime: 341.4
36671.0/37230.0 days/days; walltime: 242.3
36672.0/37230.0 days/days; walltime: 151.0
--36673.0/37230.0 days/days; walltime: 295.2
--36674.0/37230.0 days/days; walltime: 274.2
36675.0/37230.0 days/days; walltime: 116.9
36676.0/37230.0 days/days; walltime: 283.6
36677.0/37230.0 days/days; walltime: 560.0
----36678.0/37230.0 days/days; walltime: 184.1
36679.0/37230.0 days/days; walltime: 222.1
36680.0/37230.0 days/days; walltime: 151.4
36681.0/37230.0 days/days; walltime: 83.7
36682.0/37230.0 days/days; walltime: 86.9
36683.0/37230.0 days/days; walltime: 259.0
36684.0/37230.0 days/days; walltime: 265.3
36685.0/37230.0 days/days; walltime: 646.1
36686.0/37230.0 days/days; walltime: 616.3
36687.0/37230.0 days/days; walltime: 464.3
36688.0/37230.0 days/days; walltime: 180.7
36689.0/37230.0 days/days; walltime: 434.1
36690.0/37230.0 days/days; walltime: 591.8
36691.0/37230.0 days/days; walltime: 267.0
36692.0/37230.0 days/days; walltime: 260.4
--36693.0/37230.0 days/days; walltime: 82.9
36694.0/37230.0 days/days; walltime: 70.2
36695.0/37230.0 days/days; walltime: 72.3
36696.0/37230.0 days/days; walltime: 50.9
36697.0/37230.0 days/days; walltime: 177.4
36698.0/37230.0 days/days; walltime: 420.7
36699.0/37230.0 days/days; walltime: 288.0
36700.0/37230.0 days/days; walltime: 325.8
36701.0/37230.0 days/days; walltime: 273.3
36702.0/37230.0 days/days; walltime: 326.4
36703.0/37230.0 days/days; walltime: 183.8
36704.0/37230.0 days/days; walltime: 218.6
36705.0/37230.0 days/days; walltime: 394.4
36706.0/37230.0 days/days; walltime: 396.8
36707.0/37230.0 days/days; walltime: 230.3
36708.0/37230.0 days/days; walltime: 351.9
36709.0/37230.0 days/days; walltime: 265.1
36710.0/37230.0 days/days; walltime: 118.9
36711.0/37230.0 days/days; walltime: 246.0
36712.0/37230.0 days/days; walltime: 153.8
36713.0/37230.0 days/days; walltime: 352.3
36714.0/37230.0 days/days; walltime: 84.5
36715.0/37230.0 days/days; walltime: 122.0
36716.0/37230.0 days/days; walltime: 126.3
36717.0/37230.0 days/days; walltime: 99.3
36718.0/37230.0 days/days; walltime: 85.7
36719.0/37230.0 days/days; walltime: 29.4
36720.0/37230.0 days/days; walltime: 363.6
36721.0/37230.0 days/days; walltime: 403.7
36722.0/37230.0 days/days; walltime: 438.6
36723.0/37230.0 days/days; walltime: 620.5
36724.0/37230.0 days/days; walltime: 385.0
36725.0/37230.0 days/days; walltime: 430.0
36726.0/37230.0 days/days; walltime: 146.3
36727.0/37230.0 days/days; walltime: 70.5
36728.0/37230.0 days/days; walltime: 698.9
36729.0/37230.0 days/days; walltime: 566.2
36730.0/37230.0 days/days; walltime: 542.6
36731.0/37230.0 days/days; walltime: 193.1
36732.0/37230.0 days/days; walltime: 148.1
36733.0/37230.0 days/days; walltime: 373.6
36734.0/37230.0 days/days; walltime: 161.7
36735.0/37230.0 days/days; walltime: 160.1
36736.0/37230.0 days/days; walltime: 192.5
36737.0/37230.0 days/days; walltime: 72.5
36738.0/37230.0 days/days; walltime: 78.7
36739.0/37230.0 days/days; walltime: 106.2
36740.0/37230.0 days/days; walltime: 119.7
36741.0/37230.0 days/days; walltime: 378.6
36742.0/37230.0 days/days; walltime: 829.4
36743.0/37230.0 days/days; walltime: 1252.6
36744.0/37230.0 days/days; walltime: 796.4
36745.0/37230.0 days/days; walltime: 339.8
36746.0/37230.0 days/days; walltime: 213.8
36747.0/37230.0 days/days; walltime: 817.3
36748.0/37230.0 days/days; walltime: 423.8
36749.0/37230.0 days/days; walltime: 994.5
36750.0/37230.0 days/days; walltime: 275.5
36751.0/37230.0 days/days; walltime: 110.9
36752.0/37230.0 days/days; walltime: 318.9
36753.0/37230.0 days/days; walltime: 81.4
36754.0/37230.0 days/days; walltime: 95.2
36755.0/37230.0 days/days; walltime: 41.9
36756.0/37230.0 days/days; walltime: 22.2
36757.0/37230.0 days/days; walltime: 12.8
36758.0/37230.0 days/days; walltime: 22.3
36759.0/37230.0 days/days; walltime: 7.4
36760.0/37230.0 days/days; walltime: 20.0
36761.0/37230.0 days/days; walltime: 161.8
36762.0/37230.0 days/days; walltime: 155.7
36763.0/37230.0 days/days; walltime: 20.6
36764.0/37230.0 days/days; walltime: 79.7
36765.0/37230.0 days/days; walltime: 99.4
36766.0/37230.0 days/days; walltime: 3.9
36767.0/37230.0 days/days; walltime: 3.0
36768.0/37230.0 days/days; walltime: 9.8
36769.0/37230.0 days/days; walltime: 1.9
36770.0/37230.0 days/days; walltime: 1.4
36771.0/37230.0 days/days; walltime: 1.7
36772.0/37230.0 days/days; walltime: 1.8
36773.0/37230.0 days/days; walltime: 1.6
36774.0/37230.0 days/days; walltime: 8.3
36775.0/37230.0 days/days; walltime: 1.2
36776.0/37230.0 days/days; walltime: 1.1
36777.0/37230.0 days/days; walltime: 1.1
36778.0/37230.0 days/days; walltime: 0.9
36779.0/37230.0 days/days; walltime: 1.1
36780.0/37230.0 days/days; walltime: 1.0
36781.0/37230.0 days/days; walltime: 0.9
--36782.0/37230.0 days/days; walltime: 41.6
36783.0/37230.0 days/days; walltime: 170.8
36784.0/37230.0 days/days; walltime: 291.7
36785.0/37230.0 days/days; walltime: 689.6
36786.0/37230.0 days/days; walltime: 175.1
36787.0/37230.0 days/days; walltime: 35.7
36788.0/37230.0 days/days; walltime: 20.2
36789.0/37230.0 days/days; walltime: 14.6
36790.0/37230.0 days/days; walltime: 16.2
36791.0/37230.0 days/days; walltime: 13.5
36792.0/37230.0 days/days; walltime: 43.7
36793.0/37230.0 days/days; walltime: 28.7
36794.0/37230.0 days/days; walltime: 16.5
36795.0/37230.0 days/days; walltime: 14.1
36796.0/37230.0 days/days; walltime: 14.9
36797.0/37230.0 days/days; walltime: 25.9
36798.0/37230.0 days/days; walltime: 21.4
36799.0/37230.0 days/days; walltime: 2.3
36800.0/37230.0 days/days; walltime: 1.1
36801.0/37230.0 days/days; walltime: 1.6
36802.0/37230.0 days/days; walltime: 1.6
36803.0/37230.0 days/days; walltime: 3.6
36804.0/37230.0 days/days; walltime: 3.8
36805.0/37230.0 days/days; walltime: 3.4
36806.0/37230.0 days/days; walltime: 0.7
36807.0/37230.0 days/days; walltime: 1.0
36808.0/37230.0 days/days; walltime: 0.9
36809.0/37230.0 days/days; walltime: 0.8
36810.0/37230.0 days/days; walltime: 0.6
36811.0/37230.0 days/days; walltime: 1.0
36812.0/37230.0 days/days; walltime: 2.7
36813.0/37230.0 days/days; walltime: 3.0
36814.0/37230.0 days/days; walltime: 2.9
36815.0/37230.0 days/days; walltime: 2.8
36816.0/37230.0 days/days; walltime: 0.7
36817.0/37230.0 days/days; walltime: 0.6
36818.0/37230.0 days/days; walltime: 0.6
36819.0/37230.0 days/days; walltime: 0.6
36820.0/37230.0 days/days; walltime: 0.6
36821.0/37230.0 days/days; walltime: 0.6
36822.0/37230.0 days/days; walltime: 0.5
36823.0/37230.0 days/days; walltime: 0.5
36824.0/37230.0 days/days; walltime: 0.4
36825.0/37230.0 days/days; walltime: 0.7
36826.0/37230.0 days/days; walltime: 0.4
36827.0/37230.0 days/days; walltime: 0.5
36828.0/37230.0 days/days; walltime: 0.5
36829.0/37230.0 days/days; walltime: 0.5
36830.0/37230.0 days/days; walltime: 0.2
36831.0/37230.0 days/days; walltime: 0.5
36832.0/37230.0 days/days; walltime: 0.5
36833.0/37230.0 days/days; walltime: 0.4
36834.0/37230.0 days/days; walltime: 0.4
36835.0/37230.0 days/days; walltime: 0.5
36836.0/37230.0 days/days; walltime: 0.2
36837.0/37230.0 days/days; walltime: 0.5
36838.0/37230.0 days/days; walltime: 0.2
36839.0/37230.0 days/days; walltime: 0.4
36840.0/37230.0 days/days; walltime: 0.5
36841.0/37230.0 days/days; walltime: 0.2
36842.0/37230.0 days/days; walltime: 0.2
36843.0/37230.0 days/days; walltime: 0.4
36844.0/37230.0 days/days; walltime: 0.5
36845.0/37230.0 days/days; walltime: 0.2
36846.0/37230.0 days/days; walltime: 0.4
36847.0/37230.0 days/days; walltime: 0.2
36848.0/37230.0 days/days; walltime: 0.5
36849.0/37230.0 days/days; walltime: 0.2
36850.0/37230.0 days/days; walltime: 0.4
36851.0/37230.0 days/days; walltime: 0.2
36852.0/37230.0 days/days; walltime: 0.5
36853.0/37230.0 days/days; walltime: 0.4
36854.0/37230.0 days/days; walltime: 0.2
36855.0/37230.0 days/days; walltime: 0.4
36856.0/37230.0 days/days; walltime: 0.4
36857.0/37230.0 days/days; walltime: 0.4
36858.0/37230.0 days/days; walltime: 0.2
36859.0/37230.0 days/days; walltime: 0.4
36860.0/37230.0 days/days; walltime: 0.2
36861.0/37230.0 days/days; walltime: 0.4
36862.0/37230.0 days/days; walltime: 0.2
36863.0/37230.0 days/days; walltime: 0.4
36864.0/37230.0 days/days; walltime: 0.2
36865.0/37230.0 days/days; walltime: 0.4
36866.0/37230.0 days/days; walltime: 0.2
36867.0/37230.0 days/days; walltime: 0.4
36868.0/37230.0 days/days; walltime: 0.2
36869.0/37230.0 days/days; walltime: 0.4
36870.0/37230.0 days/days; walltime: 0.2
36871.0/37230.0 days/days; walltime: 0.4
36872.0/37230.0 days/days; walltime: 0.2
36873.0/37230.0 days/days; walltime: 0.4
36874.0/37230.0 days/days; walltime: 0.2
36875.0/37230.0 days/days; walltime: 0.3
36876.0/37230.0 days/days; walltime: 0.2
36877.0/37230.0 days/days; walltime: 0.4
36878.0/37230.0 days/days; walltime: 0.3
36879.0/37230.0 days/days; walltime: 0.1
36880.0/37230.0 days/days; walltime: 0.4
36881.0/37230.0 days/days; walltime: 0.2
36882.0/37230.0 days/days; walltime: 0.3
36883.0/37230.0 days/days; walltime: 0.2
36884.0/37230.0 days/days; walltime: 0.4
36885.0/37230.0 days/days; walltime: 0.1
36886.0/37230.0 days/days; walltime: 0.2
36887.0/37230.0 days/days; walltime: 0.3
36888.0/37230.0 days/days; walltime: 0.2
36889.0/37230.0 days/days; walltime: 0.4
36890.0/37230.0 days/days; walltime: 0.1
36891.0/37230.0 days/days; walltime: 0.1
36892.0/37230.0 days/days; walltime: 0.2
36893.0/37230.0 days/days; walltime: 0.1
36894.0/37230.0 days/days; walltime: 0.4
36895.0/37230.0 days/days; walltime: 0.1
36896.0/37230.0 days/days; walltime: 0.2
36897.0/37230.0 days/days; walltime: 0.3
36898.0/37230.0 days/days; walltime: 0.4
36899.0/37230.0 days/days; walltime: 0.2
36900.0/37230.0 days/days; walltime: 4.2
36901.0/37230.0 days/days; walltime: 0.3
36902.0/37230.0 days/days; walltime: 0.1
36903.0/37230.0 days/days; walltime: 0.3
36904.0/37230.0 days/days; walltime: 0.2
36905.0/37230.0 days/days; walltime: 0.1
36906.0/37230.0 days/days; walltime: 0.3
36907.0/37230.0 days/days; walltime: 0.2
36908.0/37230.0 days/days; walltime: 0.1
36909.0/37230.0 days/days; walltime: 0.3
36910.0/37230.0 days/days; walltime: 0.1
36911.0/37230.0 days/days; walltime: 0.1
36912.0/37230.0 days/days; walltime: 0.3
36913.0/37230.0 days/days; walltime: 0.3
36914.0/37230.0 days/days; walltime: 0.2
36915.0/37230.0 days/days; walltime: 0.1
36916.0/37230.0 days/days; walltime: 0.3
36917.0/37230.0 days/days; walltime: 0.2
36918.0/37230.0 days/days; walltime: 0.1
36919.0/37230.0 days/days; walltime: 0.3
36920.0/37230.0 days/days; walltime: 0.1
36921.0/37230.0 days/days; walltime: 0.1
36922.0/37230.0 days/days; walltime: 0.1
36923.0/37230.0 days/days; walltime: 0.3
36924.0/37230.0 days/days; walltime: 0.1
36925.0/37230.0 days/days; walltime: 0.1
36926.0/37230.0 days/days; walltime: 0.1
36927.0/37230.0 days/days; walltime: 0.3
36928.0/37230.0 days/days; walltime: 0.1
36929.0/37230.0 days/days; walltime: 0.1
36930.0/37230.0 days/days; walltime: 2.2
36931.0/37230.0 days/days; walltime: 0.3
36932.0/37230.0 days/days; walltime: 0.1
36933.0/37230.0 days/days; walltime: 0.1
36934.0/37230.0 days/days; walltime: 0.1
36935.0/37230.0 days/days; walltime: 0.3
36936.0/37230.0 days/days; walltime: 0.1
36937.0/37230.0 days/days; walltime: 0.1
36938.0/37230.0 days/days; walltime: 0.1
36940.0/37230.0 days/days; walltime: 0.3
36941.0/37230.0 days/days; walltime: 0.1
36942.0/37230.0 days/days; walltime: 0.1
36943.0/37230.0 days/days; walltime: 0.1
36944.0/37230.0 days/days; walltime: 0.1
36945.0/37230.0 days/days; walltime: 0.1
36946.0/37230.0 days/days; walltime: 0.3
36948.0/37230.0 days/days; walltime: 0.1
36949.0/37230.0 days/days; walltime: 0.1
36950.0/37230.0 days/days; walltime: 0.1
36951.0/37230.0 days/days; walltime: 0.3
36952.0/37230.0 days/days; walltime: 0.1
36953.0/37230.0 days/days; walltime: 0.2
36955.0/37230.0 days/days; walltime: 0.1
36956.0/37230.0 days/days; walltime: 0.3
36957.0/37230.0 days/days; walltime: 0.1
36958.0/37230.0 days/days; walltime: 0.1
36959.0/37230.0 days/days; walltime: 0.1
36960.0/37230.0 days/days; walltime: 0.7
36961.0/37230.0 days/days; walltime: 0.1
36962.0/37230.0 days/days; walltime: 0.1
36963.0/37230.0 days/days; walltime: 0.1
36964.0/37230.0 days/days; walltime: 0.3
36965.0/37230.0 days/days; walltime: 0.1
36966.0/37230.0 days/days; walltime: 0.1
36967.0/37230.0 days/days; walltime: 0.1
36968.0/37230.0 days/days; walltime: 0.3
36970.0/37230.0 days/days; walltime: 0.1
36971.0/37230.0 days/days; walltime: 0.1
36972.0/37230.0 days/days; walltime: 0.1
36973.0/37230.0 days/days; walltime: 0.3
36974.0/37230.0 days/days; walltime: 0.1
36975.0/37230.0 days/days; walltime: 0.1
36976.0/37230.0 days/days; walltime: 0.1
36978.0/37230.0 days/days; walltime: 0.3
36979.0/37230.0 days/days; walltime: 0.1
36980.0/37230.0 days/days; walltime: 0.1
36981.0/37230.0 days/days; walltime: 0.1
36982.0/37230.0 days/days; walltime: 0.3
36983.0/37230.0 days/days; walltime: 0.1
36985.0/37230.0 days/days; walltime: 0.1
36986.0/37230.0 days/days; walltime: 0.1
--36987.0/37230.0 days/days; walltime: 2.7
--36988.0/37230.0 days/days; walltime: 33.7
36989.0/37230.0 days/days; walltime: 35.6
36990.0/37230.0 days/days; walltime: 3.3
36991.0/37230.0 days/days; walltime: 3.7
36992.0/37230.0 days/days; walltime: 0.8
36993.0/37230.0 days/days; walltime: 0.5
36994.0/37230.0 days/days; walltime: 0.4
36995.0/37230.0 days/days; walltime: 0.4
36996.0/37230.0 days/days; walltime: 0.1
36997.0/37230.0 days/days; walltime: 0.4
36998.0/37230.0 days/days; walltime: 0.2
36999.0/37230.0 days/days; walltime: 0.4
37000.0/37230.0 days/days; walltime: 0.3
37001.0/37230.0 days/days; walltime: 0.3
37002.0/37230.0 days/days; walltime: 0.2
-37003.0/37230.0 days/days; walltime: 10.2
37004.0/37230.0 days/days; walltime: 42.0
37005.0/37230.0 days/days; walltime: 87.2
37006.0/37230.0 days/days; walltime: 36.3
37007.0/37230.0 days/days; walltime: 9.7
37008.0/37230.0 days/days; walltime: 2.0
37009.0/37230.0 days/days; walltime: 4.7
37010.0/37230.0 days/days; walltime: 1.2
37011.0/37230.0 days/days; walltime: 1.1
37012.0/37230.0 days/days; walltime: 1.1
37013.0/37230.0 days/days; walltime: 1.0
37014.0/37230.0 days/days; walltime: 3.7
37015.0/37230.0 days/days; walltime: 1.1
37016.0/37230.0 days/days; walltime: 0.9
37017.0/37230.0 days/days; walltime: 0.6
37018.0/37230.0 days/days; walltime: 41.4
37019.0/37230.0 days/days; walltime: 62.5
37020.0/37230.0 days/days; walltime: 186.2
37021.0/37230.0 days/days; walltime: 207.1
37022.0/37230.0 days/days; walltime: 251.9
37023.0/37230.0 days/days; walltime: 607.0
37024.0/37230.0 days/days; walltime: 206.6
37025.0/37230.0 days/days; walltime: 451.5
37026.0/37230.0 days/days; walltime: 161.1
37027.0/37230.0 days/days; walltime: 349.8
37028.0/37230.0 days/days; walltime: 123.5
37029.0/37230.0 days/days; walltime: 34.0
37030.0/37230.0 days/days; walltime: 69.4
37031.0/37230.0 days/days; walltime: 108.7
37032.0/37230.0 days/days; walltime: 91.5
37033.0/37230.0 days/days; walltime: 693.0
37034.0/37230.0 days/days; walltime: 303.7
--37035.0/37230.0 days/days; walltime: 289.0
37036.0/37230.0 days/days; walltime: 268.1
--37037.0/37230.0 days/days; walltime: 130.1
--37038.0/37230.0 days/days; walltime: 294.4
--37039.0/37230.0 days/days; walltime: 259.6
--37040.0/37230.0 days/days; walltime: 81.7
37041.0/37230.0 days/days; walltime: 365.6
37042.0/37230.0 days/days; walltime: 527.9
----37043.0/37230.0 days/days; walltime: 163.7
37044.0/37230.0 days/days; walltime: 128.7
37045.0/37230.0 days/days; walltime: 212.0
37046.0/37230.0 days/days; walltime: 78.8
37047.0/37230.0 days/days; walltime: 73.2
37048.0/37230.0 days/days; walltime: 240.7
37049.0/37230.0 days/days; walltime: 224.7
37050.0/37230.0 days/days; walltime: 606.7
37051.0/37230.0 days/days; walltime: 571.4
37052.0/37230.0 days/days; walltime: 440.7
37053.0/37230.0 days/days; walltime: 133.7
37054.0/37230.0 days/days; walltime: 415.3
37055.0/37230.0 days/days; walltime: 572.8
37056.0/37230.0 days/days; walltime: 246.2
37057.0/37230.0 days/days; walltime: 221.1
37058.0/37230.0 days/days; walltime: 103.6
37059.0/37230.0 days/days; walltime: 92.6
37060.0/37230.0 days/days; walltime: 74.6
37061.0/37230.0 days/days; walltime: 62.2
37062.0/37230.0 days/days; walltime: 161.3
37063.0/37230.0 days/days; walltime: 380.9
37064.0/37230.0 days/days; walltime: 265.9
37065.0/37230.0 days/days; walltime: 283.6
37066.0/37230.0 days/days; walltime: 304.8
37067.0/37230.0 days/days; walltime: 275.0
37068.0/37230.0 days/days; walltime: 148.4
37069.0/37230.0 days/days; walltime: 288.0
37070.0/37230.0 days/days; walltime: 422.8
37071.0/37230.0 days/days; walltime: 354.9
37072.0/37230.0 days/days; walltime: 228.5
37073.0/37230.0 days/days; walltime: 409.5
37074.0/37230.0 days/days; walltime: 282.8
37075.0/37230.0 days/days; walltime: 131.1
37076.0/37230.0 days/days; walltime: 276.2
37077.0/37230.0 days/days; walltime: 137.9
37078.0/37230.0 days/days; walltime: 337.6
37079.0/37230.0 days/days; walltime: 101.3
37080.0/37230.0 days/days; walltime: 134.9
37081.0/37230.0 days/days; walltime: 119.9
37082.0/37230.0 days/days; walltime: 117.3
37083.0/37230.0 days/days; walltime: 91.3
37084.0/37230.0 days/days; walltime: 32.5
37085.0/37230.0 days/days; walltime: 377.3
37086.0/37230.0 days/days; walltime: 395.9
37087.0/37230.0 days/days; walltime: 396.7
37088.0/37230.0 days/days; walltime: 555.4
37089.0/37230.0 days/days; walltime: 338.6
37090.0/37230.0 days/days; walltime: 418.9
37091.0/37230.0 days/days; walltime: 183.0
37092.0/37230.0 days/days; walltime: 98.0
37093.0/37230.0 days/days; walltime: 596.2
37094.0/37230.0 days/days; walltime: 517.7
37095.0/37230.0 days/days; walltime: 497.1
37096.0/37230.0 days/days; walltime: 259.3
37097.0/37230.0 days/days; walltime: 172.2
37098.0/37230.0 days/days; walltime: 443.5
37099.0/37230.0 days/days; walltime: 146.6
37100.0/37230.0 days/days; walltime: 194.8
37101.0/37230.0 days/days; walltime: 189.1
37102.0/37230.0 days/days; walltime: 71.2
37103.0/37230.0 days/days; walltime: 89.7
37104.0/37230.0 days/days; walltime: 122.3
37105.0/37230.0 days/days; walltime: 142.0
37106.0/37230.0 days/days; walltime: 358.3
37107.0/37230.0 days/days; walltime: 814.1
37108.0/37230.0 days/days; walltime: 1159.1
37109.0/37230.0 days/days; walltime: 762.8
37110.0/37230.0 days/days; walltime: 322.2
37111.0/37230.0 days/days; walltime: 206.5
37112.0/37230.0 days/days; walltime: 793.3
37113.0/37230.0 days/days; walltime: 452.5
37114.0/37230.0 days/days; walltime: 976.3
37115.0/37230.0 days/days; walltime: 243.0
37116.0/37230.0 days/days; walltime: 150.2
37117.0/37230.0 days/days; walltime: 292.2
37118.0/37230.0 days/days; walltime: 92.8
37119.0/37230.0 days/days; walltime: 76.7
37120.0/37230.0 days/days; walltime: 47.2
37121.0/37230.0 days/days; walltime: 30.5
37122.0/37230.0 days/days; walltime: 19.5
37123.0/37230.0 days/days; walltime: 7.1
37124.0/37230.0 days/days; walltime: 9.5
37125.0/37230.0 days/days; walltime: 25.9
37126.0/37230.0 days/days; walltime: 137.9
37127.0/37230.0 days/days; walltime: 140.8
37128.0/37230.0 days/days; walltime: 23.6
37129.0/37230.0 days/days; walltime: 82.6
37130.0/37230.0 days/days; walltime: 106.5
37131.0/37230.0 days/days; walltime: 3.9
37132.0/37230.0 days/days; walltime: 3.0
37133.0/37230.0 days/days; walltime: 6.8
37134.0/37230.0 days/days; walltime: 2.3
37135.0/37230.0 days/days; walltime: 2.1
37136.0/37230.0 days/days; walltime: 1.4
37137.0/37230.0 days/days; walltime: 1.6
37138.0/37230.0 days/days; walltime: 1.6
37139.0/37230.0 days/days; walltime: 10.8
37140.0/37230.0 days/days; walltime: 31.1
37141.0/37230.0 days/days; walltime: 15.5
37142.0/37230.0 days/days; walltime: 48.2
37143.0/37230.0 days/days; walltime: 1.2
37144.0/37230.0 days/days; walltime: 0.7
37145.0/37230.0 days/days; walltime: 0.9
37146.0/37230.0 days/days; walltime: 1.0
37147.0/37230.0 days/days; walltime: 50.8
37148.0/37230.0 days/days; walltime: 180.7
37149.0/37230.0 days/days; walltime: 292.0
37150.0/37230.0 days/days; walltime: 679.1
37151.0/37230.0 days/days; walltime: 189.8
37152.0/37230.0 days/days; walltime: 43.2
37153.0/37230.0 days/days; walltime: 22.6
37154.0/37230.0 days/days; walltime: 29.8
37155.0/37230.0 days/days; walltime: 21.8
37156.0/37230.0 days/days; walltime: 14.3
37157.0/37230.0 days/days; walltime: 33.6
37158.0/37230.0 days/days; walltime: 21.4
37159.0/37230.0 days/days; walltime: 23.6
37160.0/37230.0 days/days; walltime: 13.8
37161.0/37230.0 days/days; walltime: 9.6
37162.0/37230.0 days/days; walltime: 27.0
37163.0/37230.0 days/days; walltime: 20.0
37164.0/37230.0 days/days; walltime: 4.0
37165.0/37230.0 days/days; walltime: 1.0
37166.0/37230.0 days/days; walltime: 4.7
37167.0/37230.0 days/days; walltime: 4.1
37168.0/37230.0 days/days; walltime: 3.7
37169.0/37230.0 days/days; walltime: 10.3
37170.0/37230.0 days/days; walltime: 1.2
37171.0/37230.0 days/days; walltime: 1.0
37172.0/37230.0 days/days; walltime: 0.8
37173.0/37230.0 days/days; walltime: 1.0
37174.0/37230.0 days/days; walltime: 3.5
37175.0/37230.0 days/days; walltime: 1.0
37176.0/37230.0 days/days; walltime: 0.7
37177.0/37230.0 days/days; walltime: 3.4
37178.0/37230.0 days/days; walltime: 2.9
37179.0/37230.0 days/days; walltime: 0.8
37180.0/37230.0 days/days; walltime: 2.7
37181.0/37230.0 days/days; walltime: 0.6
37182.0/37230.0 days/days; walltime: 0.6
37183.0/37230.0 days/days; walltime: 0.6
37184.0/37230.0 days/days; walltime: 0.6
37185.0/37230.0 days/days; walltime: 0.4
37186.0/37230.0 days/days; walltime: 0.6
37187.0/37230.0 days/days; walltime: 0.6
37188.0/37230.0 days/days; walltime: 0.2
37189.0/37230.0 days/days; walltime: 0.5
37190.0/37230.0 days/days; walltime: 0.6
37191.0/37230.0 days/days; walltime: 0.5
37192.0/37230.0 days/days; walltime: 0.5
37193.0/37230.0 days/days; walltime: 0.4
37194.0/37230.0 days/days; walltime: 0.5
37195.0/37230.0 days/days; walltime: 0.4
37196.0/37230.0 days/days; walltime: 0.4
37197.0/37230.0 days/days; walltime: 0.5
37198.0/37230.0 days/days; walltime: 0.4
37199.0/37230.0 days/days; walltime: 0.4
37200.0/37230.0 days/days; walltime: 0.5
37201.0/37230.0 days/days; walltime: 0.4
37202.0/37230.0 days/days; walltime: 0.2
37203.0/37230.0 days/days; walltime: 0.5
37204.0/37230.0 days/days; walltime: 0.2
37205.0/37230.0 days/days; walltime: 0.4
37206.0/37230.0 days/days; walltime: 0.4
37207.0/37230.0 days/days; walltime: 0.4
37208.0/37230.0 days/days; walltime: 0.2
37209.0/37230.0 days/days; walltime: 0.4
37210.0/37230.0 days/days; walltime: 0.4
37211.0/37230.0 days/days; walltime: 0.4
37212.0/37230.0 days/days; walltime: 0.2
37213.0/37230.0 days/days; walltime: 0.4
37214.0/37230.0 days/days; walltime: 0.5
37215.0/37230.0 days/days; walltime: 0.2
37216.0/37230.0 days/days; walltime: 0.4
37217.0/37230.0 days/days; walltime: 0.2
37218.0/37230.0 days/days; walltime: 0.5
37219.0/37230.0 days/days; walltime: 0.2
37220.0/37230.0 days/days; walltime: 0.4
37221.0/37230.0 days/days; walltime: 0.2
37222.0/37230.0 days/days; walltime: 0.4
37223.0/37230.0 days/days; walltime: 0.2
37224.0/37230.0 days/days; walltime: 0.4
37225.0/37230.0 days/days; walltime: 0.2
37226.0/37230.0 days/days; walltime: 0.4
37227.0/37230.0 days/days; walltime: 0.2
37228.0/37230.0 days/days; walltime: 0.4
37229.0/37230.0 days/days; walltime: 0.2
37230.0/37230.0 days/days; walltime: 0.5
Wallclock for model run: 64438.9s
 

fields = 

  struct with fields:

    nodes: [1x1 struct]
    edges: [1x1 struct]
       BC: [1x1 struct]

No cases left; exiting.
