Case 3:
Picked up JAVA_TOOL_OPTIONS: -Xmx2g
Opening log file:  /tmp/java.log.10657

                            < M A T L A B (R) >
                  Copyright 1984-2022 The MathWorks, Inc.
                  R2022a (9.12.0.1884302) 64-bit (glnxa64)
                             February 16, 2022

 
To get started, type doc.
For product information, visit www.mathworks.com.
 

config = 

  struct with fields:

                 k_s: 0.0500
                 l_c: 2
            n_moulin: 68
    creep_const_soft: 0
             mesh_nr: 3
                 k_c: 0.0500
               h_bed: 0.1000
               l_bed: 2
               alpha: 3
                beta: 2
               omega: 0
                 e_v: 1.0000e-04

Running model run (ode15s):
Run to steady
Saving model run to
./RUN/output_003_steady.nc
Fields, IC & BC initialised
Initial phi calculated in 5.4s
0.0/36500.0 days/days; walltime: 16.7
--------------------------------------------------------------------------------------------------------------------------------------------------------------------------------------------------------------------------------------------------------1825.0/36500.0 days/days; walltime: 623.7
----------------------------------------------------------------------3650.0/36500.0 days/days; walltime: 6.0
-----------------------------------------------------------------------------------------5475.0/36500.0 days/days; walltime: 4.5
-----------------------------7300.0/36500.0 days/days; walltime: 1.5
------------------------------------------------------------------------------------------------------------------------------------------------------------------------------------------------------------------------------------------------------------------------------------------------------------------------------------------------------------------------------------------------------------------------------------------------------------------------------------------------------------------------------------------------------------------------------------------------------------------------------------------------------------------------------------------------------------------------------------------------------------------------------------------------------------------------------------------------------------------------------------------------------------------------------------------------------------------------------------------------------------------------------------------------------------------------------------------------------------------------------------------------------------------------------------------------------------------------------------------------------------------------------------------------------------------------------------------------------------------------------------------------------------------------------------------------------------------------------------------------------------------------------------------------------------------------------------------------------------------------------------------------------------------------------------------------------------------------------------------------------------------------------------------------------------------------------------------------------------------------------------------------------------------------------------------------------------------------------------------------------------------------------------------------------------------------------------------------------------------------------------------------------------------------------------------------------------------------------------------------------------------------------------------------------------------------------------------------------------------------------------------------------------------------------------------------------------------------------------------------------------------------------------------------------------------------------------------------------------------------------------------------------------------------------------------------------------------------------------------------------------------------------------------------------------------------------------------------------------------------------------------------------------------------------------------------------------------------------------------------------------------------------------------------------------------------------------------------------------------------------------------------------------------------------------------------------------------------------------------------------------------------------------------------------------------------------------------------------------------------------------------------------------------------------------------------------------------------------------------------------------------------------------------------------------------------------------------------------------------------------------------------------------------------------------------------------------------------------------------------------------------------------------------------------------------------------------------------------------------------------------------------------------------------------------------------------------------------------------------------------------------------------------------------------------------------------------------------------------------------------------------------------------------------------------------------------------------------------------------------------------------------------------------------------------------------------------------------------------------------------------------------------------------------------------------------------------------------------------------------------------------------------------------------------------------------------------------------------------------------------------------------------------------------------------------------------------------------------------------------------------------------------------------------------------------------------------------------------------------------------------------------------------------------------------------------------------------------------------------------------------------------------------------------------------------------------------------------------------------------------------------------------------------------------------------------------------------------------------------------------------------------------------------------------------------------------------------------------------------------------------------------------------------------------------------------------------------------------------------------------------------------------------------------------------------------------------------------------------------------------------------------------------------------9125.0/36500.0 days/days; walltime: 215.5
------------------------------------------------------------------------------------------------------------------------------------------------------------------------------------------------------------------------------------------------------------------------------------------------------------------------------------------------------------------------------------------------------------------------------------------------------------------------------------------------------------------------------------------------------------------------------------------------------------------------------------------------------------------------------------------------------------------------------------------------------------------------------------------------------------------------------------------------------------------------------------------------------------------------------------------------------------------------------------------------------------------------------------------------------------------------------------------------------------------------------------------------------------------------------------------------------------------------------------------------------------------------------------------------------------------------------------------------------------------------------------------------------------------------------------------------------------10950.0/36500.0 days/days; walltime: 185.8
--------------------------------------------------12775.0/36500.0 days/days; walltime: 40.8
----------------------------------------------------------------------------------------------------------------------------------------------------------14600.0/36500.0 days/days; walltime: 32.7
-------------------------------------------------------------------------------------------------------------------------------------------------------------------------16425.0/36500.0 days/days; walltime: 163.3
----------------------------------------------------------------------------18250.0/36500.0 days/days; walltime: 90.0
-------------------------------------------------------------------------20075.0/36500.0 days/days; walltime: 43.9
----------------------------------------------------------21900.0/36500.0 days/days; walltime: 11.3
---------------------------------------------------------------------------------------------------------------------------------------------------------------------------------------------------23725.0/36500.0 days/days; walltime: 9.4
----25550.0/36500.0 days/days; walltime: 0.3
---27375.0/36500.0 days/days; walltime: 0.2
-31025.0/36500.0 days/days; walltime: 0.1
--34675.0/36500.0 days/days; walltime: 0.2
Wallclock for model run: 1451.0s
 

fields = 

  struct with fields:

    nodes: [1x1 struct]
    edges: [1x1 struct]
       BC: [1x1 struct]

Running model run (ode15s):
Run seasonal
{Not enough input arguments.
} 
No cases left; exiting.
