Case 1:
Picked up JAVA_TOOL_OPTIONS: -Xmx2g
Opening log file:  /tmp/java.log.10223

                            < M A T L A B (R) >
                  Copyright 1984-2022 The MathWorks, Inc.
                  R2022a (9.12.0.1884302) 64-bit (glnxa64)
                             February 16, 2022

 
To get started, type doc.
For product information, visit www.mathworks.com.
 

config = 

  struct with fields:

                 k_s: 0.0092
                 l_c: 10
            n_moulin: 68
    creep_const_soft: 0
             mesh_nr: 4
                 k_c: 0.1500
               h_bed: 0.5000
               l_bed: 10
               alpha: 1.2500
                beta: 1.5000
               omega: 0

Running model run (ode15s):
Run to steady
Saving model run to
./RUN/output_001_steady.nc
Fields, IC & BC initialised
Initial phi calculated in 1.8s
0.0/36500.0 days/days; walltime: 20.5
-------------------------------------------------------------------------------------------------------------------------------------------------------------------------------------------------------------------------------------------------------------------------------------------------------------------------------------------------------------------------------------------------------------------------------------------------------------------------------------------------------------------------------------------------------------------------------------------------------------------------------------------------------------------------------------------------------------------------------------------------------------------------------------------------------------------------------------------------------------------------------------------------------------------------------------------------------------------------------------------------------------------------------------------------------------------------------------------------------------------------------------------------------------------------------------------------------------------------------------------------------------------------------------------------------------------------------------------------------------------------------------------------------------------------------------------------------------------------------------------------------------------------------------------------------------------------------------------------------------------------------------------------------------------------------------------------------------------------------------------1825.0/36500.0 days/days; walltime: 238.1
-------------------------------------------------------------------------------------------------------------------------------------------------------------------------------------------------------------------------------------------------------------------------------------------------------------------------------------------------------------------------------------------------------------------------------------------------------------------------------------------------------------------------------------------------------------------------------------------------------------------------------------------------------------------------------------------------------------------------------------------------------------------------------------------------------------------------------------------------------------------------------------------------------------------------------------------------------------------------------------------------------------------------------------------------------------------------------------------------------------------------------------------------------------------------------------------------------------------3650.0/36500.0 days/days; walltime: 79.9
------------5475.0/36500.0 days/days; walltime: 0.9
-----7300.0/36500.0 days/days; walltime: 0.4
----------------------------------------------------------------------------------------------------------------------------------------------------------------------------------------------------------------------------------------------------------------------------------------------------------------------------------------------------------------------------------------------------------------------------------------------------------------------------------------------------------------------------------------------------------------------------9125.0/36500.0 days/days; walltime: 39.4
--------------------------------------------------------------------------------------------------------------------------------------------------------------------------------------------------------------------------------------------------------------------------------------------------------------------------------------------------------------------------------------------------------------------------------------------------------------------------------------------------------------------------------------------------------------------------------------------------------------------------------------------------------------------------------------------------------------------------------------------------------------------------------------------------------------------------------------------------------------------------------------------------------------------------------------------------------------------------------------------------------------------------------------------------------------------------------------------------------------------------------------------------------------------------------------------------------------------------------------------------------------------------------------------------------------------------------------------------------------------------------------------------------------------------------------------------------------------------------------------------------------------------------------------------------------------------------------------------------------------------------------------------------------------------------------------------------------------------------------------------------------------------------------------------------------------------------------------------------------------------------------------------------------------------------------------------------------------------------------------------------------------------------------------------------------------------------------------------------------------------------------------------------------------------------------------------------------------------------------------------------------------------------------------------------------------------------------------------------------------------------------------------------------------------------------10950.0/36500.0 days/days; walltime: 150.0
--------------------------------------------------------------------------------------------------------------------------------------------------------------------------------------------------------------------------------------------------------------------------------------------------------------------------12775.0/36500.0 days/days; walltime: 233.9
-------------------------------------------------14600.0/36500.0 days/days; walltime: 176.9
----------------------------------------16425.0/36500.0 days/days; walltime: 130.0
----------------18250.0/36500.0 days/days; walltime: 99.4
20075.0/36500.0 days/days; walltime: 59.3
21900.0/36500.0 days/days; walltime: 55.8
23725.0/36500.0 days/days; walltime: 16.5
25550.0/36500.0 days/days; walltime: 5.0
27375.0/36500.0 days/days; walltime: 5.5
29200.0/36500.0 days/days; walltime: 4.7
31025.0/36500.0 days/days; walltime: 1.6
32850.0/36500.0 days/days; walltime: 1.6
34675.0/36500.0 days/days; walltime: 1.5
36500.0/36500.0 days/days; walltime: 1.5
Wallclock for model run: 1328.5s
 

fields = 

  struct with fields:

    nodes: [1x1 struct]
    edges: [1x1 struct]
       BC: [1x1 struct]

Running model run (ode15s):
Run seasonal
Saving model run to
./RUN/output_001_seasonal.nc
IC initialised from struct
IC initialised from file/given & rest from parameters and given functions
36500.0/37230.0 days/days; walltime: 15.3
36501.0/37230.0 days/days; walltime: 108.6
36502.0/37230.0 days/days; walltime: 3.8
36503.0/37230.0 days/days; walltime: 4.6
36504.0/37230.0 days/days; walltime: 3.3
36505.0/37230.0 days/days; walltime: 4.0
36506.0/37230.0 days/days; walltime: 2.4
36507.0/37230.0 days/days; walltime: 2.0
36508.0/37230.0 days/days; walltime: 3.4
36509.0/37230.0 days/days; walltime: 1.2
36510.0/37230.0 days/days; walltime: 1.2
36511.0/37230.0 days/days; walltime: 1.1
36512.0/37230.0 days/days; walltime: 1.2
36513.0/37230.0 days/days; walltime: 2.4
36514.0/37230.0 days/days; walltime: 0.7
36515.0/37230.0 days/days; walltime: 0.8
36516.0/37230.0 days/days; walltime: 0.9
36517.0/37230.0 days/days; walltime: 0.9
36518.0/37230.0 days/days; walltime: 0.8
36519.0/37230.0 days/days; walltime: 0.8
36520.0/37230.0 days/days; walltime: 0.6
36521.0/37230.0 days/days; walltime: 0.8
36522.0/37230.0 days/days; walltime: 2.1
36523.0/37230.0 days/days; walltime: 2.1
36524.0/37230.0 days/days; walltime: 0.6
36525.0/37230.0 days/days; walltime: 0.5
36526.0/37230.0 days/days; walltime: 0.7
36527.0/37230.0 days/days; walltime: 0.5
36528.0/37230.0 days/days; walltime: 0.5
36529.0/37230.0 days/days; walltime: 0.5
36530.0/37230.0 days/days; walltime: 0.5
36531.0/37230.0 days/days; walltime: 0.3
36532.0/37230.0 days/days; walltime: 0.5
36533.0/37230.0 days/days; walltime: 0.4
36534.0/37230.0 days/days; walltime: 0.5
36535.0/37230.0 days/days; walltime: 0.4
36536.0/37230.0 days/days; walltime: 1.9
36537.0/37230.0 days/days; walltime: 0.3
36538.0/37230.0 days/days; walltime: 0.4
36539.0/37230.0 days/days; walltime: 0.4
36540.0/37230.0 days/days; walltime: 0.4
36541.0/37230.0 days/days; walltime: 0.3
36542.0/37230.0 days/days; walltime: 0.3
36543.0/37230.0 days/days; walltime: 0.4
36544.0/37230.0 days/days; walltime: 0.3
36545.0/37230.0 days/days; walltime: 0.3
36546.0/37230.0 days/days; walltime: 0.4
36547.0/37230.0 days/days; walltime: 0.2
36548.0/37230.0 days/days; walltime: 0.4
36549.0/37230.0 days/days; walltime: 0.2
36550.0/37230.0 days/days; walltime: 0.4
36551.0/37230.0 days/days; walltime: 0.3
36552.0/37230.0 days/days; walltime: 0.2
36553.0/37230.0 days/days; walltime: 0.3
36554.0/37230.0 days/days; walltime: 0.2
36555.0/37230.0 days/days; walltime: 0.4
36556.0/37230.0 days/days; walltime: 0.2
36557.0/37230.0 days/days; walltime: 0.3
36558.0/37230.0 days/days; walltime: 0.2
36559.0/37230.0 days/days; walltime: 0.3
36560.0/37230.0 days/days; walltime: 0.2
36561.0/37230.0 days/days; walltime: 0.2
36562.0/37230.0 days/days; walltime: 0.2
36563.0/37230.0 days/days; walltime: 0.3
36564.0/37230.0 days/days; walltime: 1.7
36565.0/37230.0 days/days; walltime: 0.3
36566.0/37230.0 days/days; walltime: 0.1
36567.0/37230.0 days/days; walltime: 0.2
36568.0/37230.0 days/days; walltime: 0.3
36569.0/37230.0 days/days; walltime: 0.1
36570.0/37230.0 days/days; walltime: 0.3
36571.0/37230.0 days/days; walltime: 0.2
36572.0/37230.0 days/days; walltime: 0.1
36573.0/37230.0 days/days; walltime: 0.3
36574.0/37230.0 days/days; walltime: 0.2
36575.0/37230.0 days/days; walltime: 0.2
36576.0/37230.0 days/days; walltime: 0.2
36577.0/37230.0 days/days; walltime: 0.1
36578.0/37230.0 days/days; walltime: 0.3
36579.0/37230.0 days/days; walltime: 0.1
36580.0/37230.0 days/days; walltime: 0.3
36581.0/37230.0 days/days; walltime: 0.1
36582.0/37230.0 days/days; walltime: 0.2
36583.0/37230.0 days/days; walltime: 0.2
36584.0/37230.0 days/days; walltime: 0.2
36585.0/37230.0 days/days; walltime: 0.1
36586.0/37230.0 days/days; walltime: 0.2
36587.0/37230.0 days/days; walltime: 0.2
36588.0/37230.0 days/days; walltime: 0.1
-36589.0/37230.0 days/days; walltime: 0.2
36590.0/37230.0 days/days; walltime: 0.2
36591.0/37230.0 days/days; walltime: 0.1
36592.0/37230.0 days/days; walltime: 0.2
36593.0/37230.0 days/days; walltime: 0.2
36594.0/37230.0 days/days; walltime: 0.1
36595.0/37230.0 days/days; walltime: 0.2
36596.0/37230.0 days/days; walltime: 0.1
36597.0/37230.0 days/days; walltime: 0.2
36598.0/37230.0 days/days; walltime: 0.2
36599.0/37230.0 days/days; walltime: 0.1
36600.0/37230.0 days/days; walltime: 0.1
36601.0/37230.0 days/days; walltime: 0.1
36602.0/37230.0 days/days; walltime: 0.3
36603.0/37230.0 days/days; walltime: 0.1
36604.0/37230.0 days/days; walltime: 0.1
36605.0/37230.0 days/days; walltime: 0.2
36606.0/37230.0 days/days; walltime: 0.1
36607.0/37230.0 days/days; walltime: 0.1
-36608.0/37230.0 days/days; walltime: 0.1
36609.0/37230.0 days/days; walltime: 0.2
36610.0/37230.0 days/days; walltime: 0.1
36611.0/37230.0 days/days; walltime: 0.2
36612.0/37230.0 days/days; walltime: 0.2
36613.0/37230.0 days/days; walltime: 0.1
36614.0/37230.0 days/days; walltime: 0.1
36615.0/37230.0 days/days; walltime: 0.1
36616.0/37230.0 days/days; walltime: 0.2
36617.0/37230.0 days/days; walltime: 0.1
36618.0/37230.0 days/days; walltime: 0.1
36619.0/37230.0 days/days; walltime: 0.1
36620.0/37230.0 days/days; walltime: 0.2
36621.0/37230.0 days/days; walltime: 0.1
36622.0/37230.0 days/days; walltime: 0.1
36623.0/37230.0 days/days; walltime: 0.1
36624.0/37230.0 days/days; walltime: 0.2
36626.0/37230.0 days/days; walltime: 0.1
36627.0/37230.0 days/days; walltime: 77.9
36628.0/37230.0 days/days; walltime: 2.1
36629.0/37230.0 days/days; walltime: 4.9
36630.0/37230.0 days/days; walltime: 5.1
36631.0/37230.0 days/days; walltime: 4.9
36632.0/37230.0 days/days; walltime: 6.3
36633.0/37230.0 days/days; walltime: 8.9
36634.0/37230.0 days/days; walltime: 12.3
36635.0/37230.0 days/days; walltime: 20.4
36636.0/37230.0 days/days; walltime: 21.0
36637.0/37230.0 days/days; walltime: 24.2
36638.0/37230.0 days/days; walltime: 20.0
36639.0/37230.0 days/days; walltime: 35.5
36640.0/37230.0 days/days; walltime: 37.3
36641.0/37230.0 days/days; walltime: 33.0
36642.0/37230.0 days/days; walltime: 45.7
36643.0/37230.0 days/days; walltime: 30.6
36644.0/37230.0 days/days; walltime: 39.4
36645.0/37230.0 days/days; walltime: 34.3
36646.0/37230.0 days/days; walltime: 44.2
36647.0/37230.0 days/days; walltime: 40.0
36648.0/37230.0 days/days; walltime: 38.2
36649.0/37230.0 days/days; walltime: 33.8
36650.0/37230.0 days/days; walltime: 30.4
36651.0/37230.0 days/days; walltime: 29.0
36652.0/37230.0 days/days; walltime: 25.0
36653.0/37230.0 days/days; walltime: 41.2
36654.0/37230.0 days/days; walltime: 28.5
36655.0/37230.0 days/days; walltime: 28.5
36656.0/37230.0 days/days; walltime: 23.8
36657.0/37230.0 days/days; walltime: 26.3
36658.0/37230.0 days/days; walltime: 23.9
36659.0/37230.0 days/days; walltime: 21.3
36660.0/37230.0 days/days; walltime: 29.0
36661.0/37230.0 days/days; walltime: 21.5
36662.0/37230.0 days/days; walltime: 22.0
36663.0/37230.0 days/days; walltime: 19.7
36664.0/37230.0 days/days; walltime: 24.6
36665.0/37230.0 days/days; walltime: 29.3
36666.0/37230.0 days/days; walltime: 23.4
36667.0/37230.0 days/days; walltime: 29.8
36668.0/37230.0 days/days; walltime: 33.6
36669.0/37230.0 days/days; walltime: 28.1
36670.0/37230.0 days/days; walltime: 32.6
36671.0/37230.0 days/days; walltime: 82.5
-36672.0/37230.0 days/days; walltime: 12.2
36673.0/37230.0 days/days; walltime: 9.8
36674.0/37230.0 days/days; walltime: 5.7
36675.0/37230.0 days/days; walltime: 8.5
36676.0/37230.0 days/days; walltime: 9.4
36677.0/37230.0 days/days; walltime: 6.5
36678.0/37230.0 days/days; walltime: 7.2
36679.0/37230.0 days/days; walltime: 7.3
36680.0/37230.0 days/days; walltime: 2.5
36681.0/37230.0 days/days; walltime: 3.7
36682.0/37230.0 days/days; walltime: 4.0
36683.0/37230.0 days/days; walltime: 3.7
36684.0/37230.0 days/days; walltime: 3.9
36685.0/37230.0 days/days; walltime: 7.4
36686.0/37230.0 days/days; walltime: 8.5
36687.0/37230.0 days/days; walltime: 16.0
36688.0/37230.0 days/days; walltime: 31.2
36689.0/37230.0 days/days; walltime: 22.0
36690.0/37230.0 days/days; walltime: 33.8
36691.0/37230.0 days/days; walltime: 62.3
36692.0/37230.0 days/days; walltime: 30.0
36693.0/37230.0 days/days; walltime: 17.4
36694.0/37230.0 days/days; walltime: 6.8
36695.0/37230.0 days/days; walltime: 3.4
36696.0/37230.0 days/days; walltime: 1.6
36697.0/37230.0 days/days; walltime: 4.6
36698.0/37230.0 days/days; walltime: 5.5
36699.0/37230.0 days/days; walltime: 2.9
36700.0/37230.0 days/days; walltime: 5.8
36701.0/37230.0 days/days; walltime: 4.3
36702.0/37230.0 days/days; walltime: 2.7
36703.0/37230.0 days/days; walltime: 6.3
36704.0/37230.0 days/days; walltime: 14.4
36705.0/37230.0 days/days; walltime: 3.8
36706.0/37230.0 days/days; walltime: 4.5
36707.0/37230.0 days/days; walltime: 4.8
36708.0/37230.0 days/days; walltime: 7.6
36709.0/37230.0 days/days; walltime: 12.5
36710.0/37230.0 days/days; walltime: 4.4
36711.0/37230.0 days/days; walltime: 6.1
36712.0/37230.0 days/days; walltime: 4.7
36713.0/37230.0 days/days; walltime: 3.5
36714.0/37230.0 days/days; walltime: 7.6
36715.0/37230.0 days/days; walltime: 5.3
36716.0/37230.0 days/days; walltime: 4.6
36717.0/37230.0 days/days; walltime: 7.5
36718.0/37230.0 days/days; walltime: 5.8
36719.0/37230.0 days/days; walltime: 8.3
36720.0/37230.0 days/days; walltime: 6.7
36721.0/37230.0 days/days; walltime: 7.1
36722.0/37230.0 days/days; walltime: 14.1
36723.0/37230.0 days/days; walltime: 11.9
36724.0/37230.0 days/days; walltime: 9.5
36725.0/37230.0 days/days; walltime: 9.6
36726.0/37230.0 days/days; walltime: 10.9
36727.0/37230.0 days/days; walltime: 21.5
36728.0/37230.0 days/days; walltime: 12.5
36729.0/37230.0 days/days; walltime: 12.5
36730.0/37230.0 days/days; walltime: 9.1
36731.0/37230.0 days/days; walltime: 8.8
36732.0/37230.0 days/days; walltime: 11.1
36733.0/37230.0 days/days; walltime: 5.8
36734.0/37230.0 days/days; walltime: 4.8
36735.0/37230.0 days/days; walltime: 5.7
36736.0/37230.0 days/days; walltime: 3.7
36737.0/37230.0 days/days; walltime: 3.1
36738.0/37230.0 days/days; walltime: 6.0
36739.0/37230.0 days/days; walltime: 0.7
36740.0/37230.0 days/days; walltime: 1.9
36741.0/37230.0 days/days; walltime: 0.7
36742.0/37230.0 days/days; walltime: 0.4
36743.0/37230.0 days/days; walltime: 0.4
36744.0/37230.0 days/days; walltime: 0.1
36745.0/37230.0 days/days; walltime: 0.4
36746.0/37230.0 days/days; walltime: 0.3
36747.0/37230.0 days/days; walltime: 0.3
36748.0/37230.0 days/days; walltime: 0.3
36749.0/37230.0 days/days; walltime: 0.1
36750.0/37230.0 days/days; walltime: 0.3
36751.0/37230.0 days/days; walltime: 0.3
36752.0/37230.0 days/days; walltime: 0.1
36753.0/37230.0 days/days; walltime: 0.3
36754.0/37230.0 days/days; walltime: 0.1
36755.0/37230.0 days/days; walltime: 0.3
36756.0/37230.0 days/days; walltime: 0.1
36757.0/37230.0 days/days; walltime: 0.3
36758.0/37230.0 days/days; walltime: 0.1
36759.0/37230.0 days/days; walltime: 0.3
36760.0/37230.0 days/days; walltime: 0.2
36761.0/37230.0 days/days; walltime: 0.3
36762.0/37230.0 days/days; walltime: 0.2
36763.0/37230.0 days/days; walltime: 0.3
-36764.0/37230.0 days/days; walltime: 0.2
36765.0/37230.0 days/days; walltime: 0.3
36766.0/37230.0 days/days; walltime: 0.1
36767.0/37230.0 days/days; walltime: 0.3
36768.0/37230.0 days/days; walltime: 0.2
36769.0/37230.0 days/days; walltime: 0.3
36770.0/37230.0 days/days; walltime: 0.1
36771.0/37230.0 days/days; walltime: 0.2
36772.0/37230.0 days/days; walltime: 0.2
36773.0/37230.0 days/days; walltime: 0.2
36774.0/37230.0 days/days; walltime: 0.1
36775.0/37230.0 days/days; walltime: 0.3
36776.0/37230.0 days/days; walltime: 0.1
36777.0/37230.0 days/days; walltime: 0.3
36778.0/37230.0 days/days; walltime: 0.1
-36779.0/37230.0 days/days; walltime: 0.2
36780.0/37230.0 days/days; walltime: 0.2
36781.0/37230.0 days/days; walltime: 0.1
36782.0/37230.0 days/days; walltime: 0.2
36783.0/37230.0 days/days; walltime: 0.2
36784.0/37230.0 days/days; walltime: 0.1
36785.0/37230.0 days/days; walltime: 0.1
36786.0/37230.0 days/days; walltime: 0.3
36787.0/37230.0 days/days; walltime: 0.1
36788.0/37230.0 days/days; walltime: 0.1
36789.0/37230.0 days/days; walltime: 0.1
36790.0/37230.0 days/days; walltime: 0.3
36791.0/37230.0 days/days; walltime: 0.1
36792.0/37230.0 days/days; walltime: 0.1
36793.0/37230.0 days/days; walltime: 0.2
36794.0/37230.0 days/days; walltime: 0.1
36795.0/37230.0 days/days; walltime: 0.2
36796.0/37230.0 days/days; walltime: 0.2
36797.0/37230.0 days/days; walltime: 0.1
-36798.0/37230.0 days/days; walltime: 0.1
-36799.0/37230.0 days/days; walltime: 0.1
36800.0/37230.0 days/days; walltime: 0.2
-36801.0/37230.0 days/days; walltime: 0.1
-36802.0/37230.0 days/days; walltime: 0.1
--36803.0/37230.0 days/days; walltime: 0.3
--36804.0/37230.0 days/days; walltime: 0.1
--36805.0/37230.0 days/days; walltime: 0.1
--36806.0/37230.0 days/days; walltime: 0.1
--36807.0/37230.0 days/days; walltime: 0.2
--36808.0/37230.0 days/days; walltime: 0.1
--36809.0/37230.0 days/days; walltime: 0.1
--36810.0/37230.0 days/days; walltime: 0.1
--36811.0/37230.0 days/days; walltime: 0.2
-----------------------------------------36812.0/37230.0 days/days; walltime: 1.9
--36813.0/37230.0 days/days; walltime: 0.1
--36814.0/37230.0 days/days; walltime: 0.3
--36815.0/37230.0 days/days; walltime: 0.4
--36816.0/37230.0 days/days; walltime: 0.1
--36817.0/37230.0 days/days; walltime: 0.1
--36818.0/37230.0 days/days; walltime: 0.1
--36819.0/37230.0 days/days; walltime: 0.2
--36820.0/37230.0 days/days; walltime: 0.1
--36822.0/37230.0 days/days; walltime: 0.1
--36823.0/37230.0 days/days; walltime: 0.1
--36824.0/37230.0 days/days; walltime: 0.2
--36825.0/37230.0 days/days; walltime: 0.1
36826.0/37230.0 days/days; walltime: 0.1
36827.0/37230.0 days/days; walltime: 0.1
36828.0/37230.0 days/days; walltime: 0.2
36829.0/37230.0 days/days; walltime: 0.1
36831.0/37230.0 days/days; walltime: 0.1
36832.0/37230.0 days/days; walltime: 0.1
36833.0/37230.0 days/days; walltime: 0.2
36834.0/37230.0 days/days; walltime: 0.1
36836.0/37230.0 days/days; walltime: 0.1
36837.0/37230.0 days/days; walltime: 0.1
36838.0/37230.0 days/days; walltime: 0.2
36839.0/37230.0 days/days; walltime: 0.1
36841.0/37230.0 days/days; walltime: 0.1
36842.0/37230.0 days/days; walltime: 0.1
36843.0/37230.0 days/days; walltime: 0.2
36845.0/37230.0 days/days; walltime: 0.1
36846.0/37230.0 days/days; walltime: 0.1
36847.0/37230.0 days/days; walltime: 0.1
36849.0/37230.0 days/days; walltime: 0.2
36850.0/37230.0 days/days; walltime: 0.1
36852.0/37230.0 days/days; walltime: 0.1
36853.0/37230.0 days/days; walltime: 0.1
36855.0/37230.0 days/days; walltime: 0.2
36856.0/37230.0 days/days; walltime: 0.1
36858.0/37230.0 days/days; walltime: 0.1
36859.0/37230.0 days/days; walltime: 0.1
36861.0/37230.0 days/days; walltime: 0.2
36862.0/37230.0 days/days; walltime: 0.1
36864.0/37230.0 days/days; walltime: 0.1
36865.0/37230.0 days/days; walltime: 0.1
36867.0/37230.0 days/days; walltime: 0.2
36869.0/37230.0 days/days; walltime: 0.1
36870.0/37230.0 days/days; walltime: 0.1
36872.0/37230.0 days/days; walltime: 0.1
36874.0/37230.0 days/days; walltime: 37.7
36875.0/37230.0 days/days; walltime: 0.4
36876.0/37230.0 days/days; walltime: 0.3
36878.0/37230.0 days/days; walltime: 0.1
36879.0/37230.0 days/days; walltime: 0.1
36881.0/37230.0 days/days; walltime: 0.1
36882.0/37230.0 days/days; walltime: 0.2
36884.0/37230.0 days/days; walltime: 0.1
36886.0/37230.0 days/days; walltime: 0.1
36887.0/37230.0 days/days; walltime: 0.1
36889.0/37230.0 days/days; walltime: 0.2
36891.0/37230.0 days/days; walltime: 0.1
36893.0/37230.0 days/days; walltime: 0.0
36895.0/37230.0 days/days; walltime: 0.0
36897.0/37230.0 days/days; walltime: 0.2
36898.0/37230.0 days/days; walltime: 0.1
36900.0/37230.0 days/days; walltime: 0.1
36902.0/37230.0 days/days; walltime: 0.0
36904.0/37230.0 days/days; walltime: 0.2
36906.0/37230.0 days/days; walltime: 0.0
36908.0/37230.0 days/days; walltime: 0.0
36910.0/37230.0 days/days; walltime: 0.0
36912.0/37230.0 days/days; walltime: 0.2
36914.0/37230.0 days/days; walltime: 0.0
36916.0/37230.0 days/days; walltime: 0.0
36918.0/37230.0 days/days; walltime: 0.0
36920.0/37230.0 days/days; walltime: 0.2
36922.0/37230.0 days/days; walltime: 0.1
36924.0/37230.0 days/days; walltime: 0.1
36926.0/37230.0 days/days; walltime: 0.1
36928.0/37230.0 days/days; walltime: 0.2
36930.0/37230.0 days/days; walltime: 0.1
36932.0/37230.0 days/days; walltime: 0.1
36935.0/37230.0 days/days; walltime: 0.1
36937.0/37230.0 days/days; walltime: 0.2
36939.0/37230.0 days/days; walltime: 0.1
36941.0/37230.0 days/days; walltime: 0.1
36943.0/37230.0 days/days; walltime: 0.1
36946.0/37230.0 days/days; walltime: 0.2
36948.0/37230.0 days/days; walltime: 0.1
36950.0/37230.0 days/days; walltime: 0.1
36952.0/37230.0 days/days; walltime: 0.1
36955.0/37230.0 days/days; walltime: 0.2
36957.0/37230.0 days/days; walltime: 0.1
36959.0/37230.0 days/days; walltime: 0.1
36962.0/37230.0 days/days; walltime: 0.1
36964.0/37230.0 days/days; walltime: 0.2
36967.0/37230.0 days/days; walltime: 0.1
36969.0/37230.0 days/days; walltime: 0.1
36972.0/37230.0 days/days; walltime: 0.1
36974.0/37230.0 days/days; walltime: 0.2
36977.0/37230.0 days/days; walltime: 0.1
36979.0/37230.0 days/days; walltime: 0.1
36982.0/37230.0 days/days; walltime: 0.1
36984.0/37230.0 days/days; walltime: 0.2
36987.0/37230.0 days/days; walltime: 0.1
-36989.0/37230.0 days/days; walltime: 0.3
--36992.0/37230.0 days/days; walltime: 41.7
36993.0/37230.0 days/days; walltime: 3.3
36994.0/37230.0 days/days; walltime: 4.6
36995.0/37230.0 days/days; walltime: 5.0
36996.0/37230.0 days/days; walltime: 4.7
36997.0/37230.0 days/days; walltime: 8.2
36998.0/37230.0 days/days; walltime: 9.5
36999.0/37230.0 days/days; walltime: 15.1
37000.0/37230.0 days/days; walltime: 24.9
37001.0/37230.0 days/days; walltime: 25.3
37002.0/37230.0 days/days; walltime: 26.9
37003.0/37230.0 days/days; walltime: 28.6
37004.0/37230.0 days/days; walltime: 31.5
37005.0/37230.0 days/days; walltime: 30.1
37006.0/37230.0 days/days; walltime: 41.9
37007.0/37230.0 days/days; walltime: 38.5
37008.0/37230.0 days/days; walltime: 36.2
37009.0/37230.0 days/days; walltime: 42.3
37010.0/37230.0 days/days; walltime: 37.1
37011.0/37230.0 days/days; walltime: 36.9
37012.0/37230.0 days/days; walltime: 42.6
37013.0/37230.0 days/days; walltime: 40.1
37014.0/37230.0 days/days; walltime: 40.0
37015.0/37230.0 days/days; walltime: 34.0
37016.0/37230.0 days/days; walltime: 30.8
37017.0/37230.0 days/days; walltime: 31.3
37018.0/37230.0 days/days; walltime: 28.4
37019.0/37230.0 days/days; walltime: 38.7
37020.0/37230.0 days/days; walltime: 22.8
37021.0/37230.0 days/days; walltime: 24.9
37022.0/37230.0 days/days; walltime: 30.8
37023.0/37230.0 days/days; walltime: 24.3
37024.0/37230.0 days/days; walltime: 31.3
37025.0/37230.0 days/days; walltime: 26.3
37026.0/37230.0 days/days; walltime: 24.7
37027.0/37230.0 days/days; walltime: 26.4
37028.0/37230.0 days/days; walltime: 29.5
37029.0/37230.0 days/days; walltime: 28.0
37030.0/37230.0 days/days; walltime: 33.1
37031.0/37230.0 days/days; walltime: 23.9
37032.0/37230.0 days/days; walltime: 29.1
37033.0/37230.0 days/days; walltime: 27.4
37034.0/37230.0 days/days; walltime: 39.1
37035.0/37230.0 days/days; walltime: 35.4
37036.0/37230.0 days/days; walltime: 63.3
37037.0/37230.0 days/days; walltime: 41.7
37038.0/37230.0 days/days; walltime: 13.6
37039.0/37230.0 days/days; walltime: 5.0
37040.0/37230.0 days/days; walltime: 8.5
37041.0/37230.0 days/days; walltime: 6.8
37042.0/37230.0 days/days; walltime: 6.1
37043.0/37230.0 days/days; walltime: 4.1
37044.0/37230.0 days/days; walltime: 5.6
37045.0/37230.0 days/days; walltime: 3.8
37046.0/37230.0 days/days; walltime: 4.6
37047.0/37230.0 days/days; walltime: 3.1
37048.0/37230.0 days/days; walltime: 4.0
37049.0/37230.0 days/days; walltime: 5.8
37050.0/37230.0 days/days; walltime: 9.6
37051.0/37230.0 days/days; walltime: 9.0
37052.0/37230.0 days/days; walltime: 9.2
37053.0/37230.0 days/days; walltime: 16.0
37054.0/37230.0 days/days; walltime: 19.8
37055.0/37230.0 days/days; walltime: 18.8
37056.0/37230.0 days/days; walltime: 22.1
37057.0/37230.0 days/days; walltime: 24.1
37058.0/37230.0 days/days; walltime: 74.2
-37059.0/37230.0 days/days; walltime: 19.0
37060.0/37230.0 days/days; walltime: 1.9
37061.0/37230.0 days/days; walltime: 2.1
37062.0/37230.0 days/days; walltime: 4.3
37063.0/37230.0 days/days; walltime: 5.9
37064.0/37230.0 days/days; walltime: 5.4
37065.0/37230.0 days/days; walltime: 4.7
37066.0/37230.0 days/days; walltime: 2.4
37067.0/37230.0 days/days; walltime: 4.2
37068.0/37230.0 days/days; walltime: 5.9
37069.0/37230.0 days/days; walltime: 25.6
37070.0/37230.0 days/days; walltime: 3.7
37071.0/37230.0 days/days; walltime: 5.6
37072.0/37230.0 days/days; walltime: 4.9
37073.0/37230.0 days/days; walltime: 8.0
37074.0/37230.0 days/days; walltime: 11.1
37075.0/37230.0 days/days; walltime: 4.3
37076.0/37230.0 days/days; walltime: 4.1
37077.0/37230.0 days/days; walltime: 6.6
37078.0/37230.0 days/days; walltime: 5.6
37079.0/37230.0 days/days; walltime: 7.0
37080.0/37230.0 days/days; walltime: 8.2
37081.0/37230.0 days/days; walltime: 8.6
37082.0/37230.0 days/days; walltime: 7.5
37083.0/37230.0 days/days; walltime: 8.5
37084.0/37230.0 days/days; walltime: 7.4
37085.0/37230.0 days/days; walltime: 9.6
37086.0/37230.0 days/days; walltime: 10.5
37087.0/37230.0 days/days; walltime: 18.0
37088.0/37230.0 days/days; walltime: 8.4
37089.0/37230.0 days/days; walltime: 12.4
37090.0/37230.0 days/days; walltime: 10.9
37091.0/37230.0 days/days; walltime: 11.5
37092.0/37230.0 days/days; walltime: 24.6
37093.0/37230.0 days/days; walltime: 13.1
37094.0/37230.0 days/days; walltime: 65.5
37095.0/37230.0 days/days; walltime: 12.0
37096.0/37230.0 days/days; walltime: 8.3
37097.0/37230.0 days/days; walltime: 5.7
37098.0/37230.0 days/days; walltime: 5.4
37099.0/37230.0 days/days; walltime: 5.6
37100.0/37230.0 days/days; walltime: 6.4
37101.0/37230.0 days/days; walltime: 3.3
37102.0/37230.0 days/days; walltime: 4.7
37103.0/37230.0 days/days; walltime: 4.2
37104.0/37230.0 days/days; walltime: 0.5
37105.0/37230.0 days/days; walltime: 2.0
37106.0/37230.0 days/days; walltime: 0.4
37107.0/37230.0 days/days; walltime: 0.3
37108.0/37230.0 days/days; walltime: 0.3
37109.0/37230.0 days/days; walltime: 0.3
37110.0/37230.0 days/days; walltime: 0.1
37111.0/37230.0 days/days; walltime: 0.3
37112.0/37230.0 days/days; walltime: 0.3
37113.0/37230.0 days/days; walltime: 0.3
37114.0/37230.0 days/days; walltime: 0.1
37115.0/37230.0 days/days; walltime: 0.3
37116.0/37230.0 days/days; walltime: 0.3
37117.0/37230.0 days/days; walltime: 0.3
37118.0/37230.0 days/days; walltime: 0.2
37119.0/37230.0 days/days; walltime: 0.3
37120.0/37230.0 days/days; walltime: 0.2
37121.0/37230.0 days/days; walltime: 0.3
37122.0/37230.0 days/days; walltime: 0.1
37123.0/37230.0 days/days; walltime: 0.3
37124.0/37230.0 days/days; walltime: 0.2
37125.0/37230.0 days/days; walltime: 0.3
37126.0/37230.0 days/days; walltime: 0.2
37127.0/37230.0 days/days; walltime: 0.1
37128.0/37230.0 days/days; walltime: 0.3
-37129.0/37230.0 days/days; walltime: 0.1
37130.0/37230.0 days/days; walltime: 0.3
37131.0/37230.0 days/days; walltime: 0.1
37132.0/37230.0 days/days; walltime: 0.2
37133.0/37230.0 days/days; walltime: 0.2
37134.0/37230.0 days/days; walltime: 0.2
37135.0/37230.0 days/days; walltime: 0.1
37136.0/37230.0 days/days; walltime: 0.3
37137.0/37230.0 days/days; walltime: 0.1
37138.0/37230.0 days/days; walltime: 0.1
37139.0/37230.0 days/days; walltime: 0.3
37140.0/37230.0 days/days; walltime: 0.1
37141.0/37230.0 days/days; walltime: 0.1
37142.0/37230.0 days/days; walltime: 0.2
37143.0/37230.0 days/days; walltime: 0.2
-37144.0/37230.0 days/days; walltime: 0.1
37145.0/37230.0 days/days; walltime: 0.2
37146.0/37230.0 days/days; walltime: 0.1
37147.0/37230.0 days/days; walltime: 0.2
37148.0/37230.0 days/days; walltime: 0.2
37149.0/37230.0 days/days; walltime: 0.1
37150.0/37230.0 days/days; walltime: 0.1
37151.0/37230.0 days/days; walltime: 0.1
37152.0/37230.0 days/days; walltime: 0.2
37153.0/37230.0 days/days; walltime: 0.1
37154.0/37230.0 days/days; walltime: 0.1
37155.0/37230.0 days/days; walltime: 0.1
37156.0/37230.0 days/days; walltime: 0.2
37157.0/37230.0 days/days; walltime: 0.1
37158.0/37230.0 days/days; walltime: 0.1
37159.0/37230.0 days/days; walltime: 0.1
37160.0/37230.0 days/days; walltime: 0.2
37161.0/37230.0 days/days; walltime: 0.1
37162.0/37230.0 days/days; walltime: 1.6
37163.0/37230.0 days/days; walltime: 0.1
37164.0/37230.0 days/days; walltime: 0.2
37165.0/37230.0 days/days; walltime: 0.1
37166.0/37230.0 days/days; walltime: 0.1
37167.0/37230.0 days/days; walltime: 0.1
37168.0/37230.0 days/days; walltime: 0.2
37170.0/37230.0 days/days; walltime: 0.1
37171.0/37230.0 days/days; walltime: 0.1
37172.0/37230.0 days/days; walltime: 0.1
37173.0/37230.0 days/days; walltime: 0.2
37175.0/37230.0 days/days; walltime: 0.1
37176.0/37230.0 days/days; walltime: 0.1
37177.0/37230.0 days/days; walltime: 0.1
37178.0/37230.0 days/days; walltime: 0.2
37180.0/37230.0 days/days; walltime: 0.1
37181.0/37230.0 days/days; walltime: 0.1
37183.0/37230.0 days/days; walltime: 0.1
37184.0/37230.0 days/days; walltime: 0.2
37185.0/37230.0 days/days; walltime: 0.1
37187.0/37230.0 days/days; walltime: 0.1
37188.0/37230.0 days/days; walltime: 0.1
37190.0/37230.0 days/days; walltime: 0.2
37191.0/37230.0 days/days; walltime: 0.1
37193.0/37230.0 days/days; walltime: 0.1
37194.0/37230.0 days/days; walltime: 0.1
37196.0/37230.0 days/days; walltime: 0.2
37197.0/37230.0 days/days; walltime: 0.1
37199.0/37230.0 days/days; walltime: 0.1
37200.0/37230.0 days/days; walltime: 0.1
37202.0/37230.0 days/days; walltime: 0.2
37204.0/37230.0 days/days; walltime: 0.1
37205.0/37230.0 days/days; walltime: 0.1
37207.0/37230.0 days/days; walltime: 0.1
37209.0/37230.0 days/days; walltime: 0.2
37210.0/37230.0 days/days; walltime: 0.1
37212.0/37230.0 days/days; walltime: 0.1
37214.0/37230.0 days/days; walltime: 0.1
37216.0/37230.0 days/days; walltime: 0.2
37217.0/37230.0 days/days; walltime: 0.1
37219.0/37230.0 days/days; walltime: 0.1
37221.0/37230.0 days/days; walltime: 0.1
37223.0/37230.0 days/days; walltime: 0.2
37225.0/37230.0 days/days; walltime: 0.1
37227.0/37230.0 days/days; walltime: 0.1
37229.0/37230.0 days/days; walltime: 0.2
Wallclock for model run: 4235.1s
 

fields = 

  struct with fields:

    nodes: [1x1 struct]
    edges: [1x1 struct]
       BC: [1x1 struct]

No cases left; exiting.
