Case 2:
Picked up JAVA_TOOL_OPTIONS: -Xmx2g
Opening log file:  /tmp/java.log.23331

                            < M A T L A B (R) >
                  Copyright 1984-2022 The MathWorks, Inc.
                  R2022a (9.12.0.1884302) 64-bit (glnxa64)
                             February 16, 2022

 
To get started, type doc.
For product information, visit www.mathworks.com.
 

config = 

  struct with fields:

                 k_s: 0.0189
                 l_c: 10
            n_moulin: 68
    creep_const_soft: 0
             mesh_nr: 4
                 k_c: 0.2500
               h_bed: 0.5000
               l_bed: 10
               alpha: 1.5000
                beta: 1.5000
               omega: 0
                 e_v: 1.0000e-04

Running model run (ode15s):
Run to steady
Saving model run to
./RUN/output_102_steady.nc
Fields, IC & BC initialised
Initial phi calculated in 1.3s
0.0/36500.0 days/days; walltime: 19.6
------------------------------------------------------------------------1825.0/36500.0 days/days; walltime: 379.5
------------------------3650.0/36500.0 days/days; walltime: 1.8
------------5475.0/36500.0 days/days; walltime: 1.0
----------7300.0/36500.0 days/days; walltime: 0.7
--------------------------------------------------------------------------------------------------------------------------------------------------------------------------------------------------------------------------------------------------------------------------------------------------------------------------------------------------------------------------------------------------------------------------------------------------------------------------------------------------------------------------------------------------------------------------------------------------------------------------------------------------------------------------------------------------------------------------------------------------------------------------------------------------------------------------------------------------------------------------------------------------------------------------------------------------------------------------------------------------------------------------------------------------------------------------------------------------------------------------------------------------------------------------------------------------------------------------------------------------------------------------------------------------------------------------------------------------------------------------------------------------------------------------------------------------------------------------------------------------------------------------------------------------------------------------------------------------------------------------------------------------------------------------------------------------------------------------------------------------------------------------------------------------------------------------------------------------------------------------------------------------------------------------------------------------------------------9125.0/36500.0 days/days; walltime: 135.3
------------------------------------------------------------------------------------------------------------------------------------------------------------------------------------------------------------------------------------------------------------------------------------------------------------------------------------------------------------------------------------------------------------------------------------------------------------------------------------------------------------------------------------------------------------------------------------------------------------------------------------------------------------------------------------------------------------------------------------------------------------------------------------------------------------------------------------------------------------------------------------------------------------------------------------------------------------------------------------------------------------------------------------------------------------------------------------------------------------------------------------------------------------------------------------------------------------------------------------------------------------------------------------------------------------------------------------------------------------------------------------------------------------------------------------------------------------------------------------------------------------------------------------------------------------------------------------------------------------------------------------------------------------------------------------------------------------------------------------------------------------------------------------------------------------------------------------------------------------------------------------------------------------------------------------------------------------------------------------------------------------------------------------------------------------------------------------------------------------------------------------------------------------------------------------------------------------------------------------------------------------------------------------------------------------------------------10950.0/36500.0 days/days; walltime: 163.1
---------------------------------------------------------------------------------------------------------------------------------------------------------------------------------------------------------------------------------------------------------------------------------------------------------------------------------------------------------------------------------------------------------------------------------------------------------------12775.0/36500.0 days/days; walltime: 87.5
--------------------------------------------------------------------------------------------------------------------------------14600.0/36500.0 days/days; walltime: 164.6
-------------------------------------------------16425.0/36500.0 days/days; walltime: 130.1
---------------------------------18250.0/36500.0 days/days; walltime: 161.2
--20075.0/36500.0 days/days; walltime: 31.8
--21900.0/36500.0 days/days; walltime: 7.6
-23725.0/36500.0 days/days; walltime: 6.1
25550.0/36500.0 days/days; walltime: 4.0
27375.0/36500.0 days/days; walltime: 2.0
29200.0/36500.0 days/days; walltime: 1.2
31025.0/36500.0 days/days; walltime: 0.7
32850.0/36500.0 days/days; walltime: 0.5
34675.0/36500.0 days/days; walltime: 0.8
36500.0/36500.0 days/days; walltime: 0.7
Wallclock for model run: 1304.9s
 

fields = 

  struct with fields:

    nodes: [1x1 struct]
    edges: [1x1 struct]
       BC: [1x1 struct]

Running model run (ode15s):
Run seasonal
Saving model run to
./RUN/output_102_seasonal.nc
IC initialised from struct
IC initialised from file/given & rest from parameters and given functions
-36500.0/36682.0 days/days; walltime: 18.3
-36501.0/36682.0 days/days; walltime: 101.5
36502.0/36682.0 days/days; walltime: 3.1
36503.0/36682.0 days/days; walltime: 4.1
36504.0/36682.0 days/days; walltime: 2.0
36505.0/36682.0 days/days; walltime: 2.3
36506.0/36682.0 days/days; walltime: 3.7
36507.0/36682.0 days/days; walltime: 1.6
36508.0/36682.0 days/days; walltime: 1.6
36509.0/36682.0 days/days; walltime: 1.5
36510.0/36682.0 days/days; walltime: 3.3
36511.0/36682.0 days/days; walltime: 1.0
36512.0/36682.0 days/days; walltime: 0.8
36513.0/36682.0 days/days; walltime: 0.9
36514.0/36682.0 days/days; walltime: 1.0
----36515.0/36682.0 days/days; walltime: 2.8
36516.0/36682.0 days/days; walltime: 0.8
36517.0/36682.0 days/days; walltime: 0.6
36518.0/36682.0 days/days; walltime: 0.8
36519.0/36682.0 days/days; walltime: 0.7
-36520.0/36682.0 days/days; walltime: 0.8
36521.0/36682.0 days/days; walltime: 0.7
36522.0/36682.0 days/days; walltime: 0.6
36523.0/36682.0 days/days; walltime: 0.5
36524.0/36682.0 days/days; walltime: 0.5
36525.0/36682.0 days/days; walltime: 2.3
36526.0/36682.0 days/days; walltime: 0.5
36527.0/36682.0 days/days; walltime: 0.4
36528.0/36682.0 days/days; walltime: 0.5
36529.0/36682.0 days/days; walltime: 0.3
36530.0/36682.0 days/days; walltime: 0.4
36531.0/36682.0 days/days; walltime: 2.4
36532.0/36682.0 days/days; walltime: 0.4
36533.0/36682.0 days/days; walltime: 0.1
36534.0/36682.0 days/days; walltime: 0.3
36535.0/36682.0 days/days; walltime: 0.3
36536.0/36682.0 days/days; walltime: 0.1
36537.0/36682.0 days/days; walltime: 0.3
36538.0/36682.0 days/days; walltime: 0.4
36539.0/36682.0 days/days; walltime: 0.2
36540.0/36682.0 days/days; walltime: 0.3
36541.0/36682.0 days/days; walltime: 0.4
36542.0/36682.0 days/days; walltime: 0.2
36543.0/36682.0 days/days; walltime: 0.3
36544.0/36682.0 days/days; walltime: 0.2
36545.0/36682.0 days/days; walltime: 0.4
36546.0/36682.0 days/days; walltime: 0.2
36547.0/36682.0 days/days; walltime: 0.3
36548.0/36682.0 days/days; walltime: 0.2
36549.0/36682.0 days/days; walltime: 0.3
36550.0/36682.0 days/days; walltime: 0.2
36551.0/36682.0 days/days; walltime: 0.2
36552.0/36682.0 days/days; walltime: 0.2
36553.0/36682.0 days/days; walltime: 0.3
36554.0/36682.0 days/days; walltime: 0.2
36555.0/36682.0 days/days; walltime: 0.3
36556.0/36682.0 days/days; walltime: 1.9
36557.0/36682.0 days/days; walltime: 0.2
36558.0/36682.0 days/days; walltime: 0.2
36559.0/36682.0 days/days; walltime: 0.2
36560.0/36682.0 days/days; walltime: 0.3
36561.0/36682.0 days/days; walltime: 0.1
36562.0/36682.0 days/days; walltime: 0.2
36563.0/36682.0 days/days; walltime: 0.2
36564.0/36682.0 days/days; walltime: 0.2
36565.0/36682.0 days/days; walltime: 0.1
36566.0/36682.0 days/days; walltime: 0.2
36567.0/36682.0 days/days; walltime: 0.2
36568.0/36682.0 days/days; walltime: 0.1
36569.0/36682.0 days/days; walltime: 0.3
36570.0/36682.0 days/days; walltime: 0.1
36571.0/36682.0 days/days; walltime: 0.1
36572.0/36682.0 days/days; walltime: 0.3
36573.0/36682.0 days/days; walltime: 0.1
36574.0/36682.0 days/days; walltime: 0.1
36575.0/36682.0 days/days; walltime: 0.2
36576.0/36682.0 days/days; walltime: 0.2
36577.0/36682.0 days/days; walltime: 0.1
36578.0/36682.0 days/days; walltime: 0.2
36579.0/36682.0 days/days; walltime: 0.1
36580.0/36682.0 days/days; walltime: 0.1
36581.0/36682.0 days/days; walltime: 0.3
36582.0/36682.0 days/days; walltime: 0.1
36583.0/36682.0 days/days; walltime: 0.1
36584.0/36682.0 days/days; walltime: 0.1
36585.0/36682.0 days/days; walltime: 0.2
36586.0/36682.0 days/days; walltime: 0.1
36587.0/36682.0 days/days; walltime: 0.1
36588.0/36682.0 days/days; walltime: 0.1
36589.0/36682.0 days/days; walltime: 0.2
36590.0/36682.0 days/days; walltime: 0.1
36591.0/36682.0 days/days; walltime: 1.9
36592.0/36682.0 days/days; walltime: 0.1
36593.0/36682.0 days/days; walltime: 0.2
36594.0/36682.0 days/days; walltime: 0.1
36595.0/36682.0 days/days; walltime: 0.1
36596.0/36682.0 days/days; walltime: 0.1
36597.0/36682.0 days/days; walltime: 0.2
36598.0/36682.0 days/days; walltime: 0.1
36599.0/36682.0 days/days; walltime: 0.1
36600.0/36682.0 days/days; walltime: 0.1
36601.0/36682.0 days/days; walltime: 0.2
36602.0/36682.0 days/days; walltime: 0.1
36603.0/36682.0 days/days; walltime: 0.1
36604.0/36682.0 days/days; walltime: 0.1
36605.0/36682.0 days/days; walltime: 0.2
36607.0/36682.0 days/days; walltime: 0.1
36608.0/36682.0 days/days; walltime: 0.1
36609.0/36682.0 days/days; walltime: 0.1
36610.0/36682.0 days/days; walltime: 0.2
36611.0/36682.0 days/days; walltime: 0.1
36613.0/36682.0 days/days; walltime: 0.1
36614.0/36682.0 days/days; walltime: 0.1
36615.0/36682.0 days/days; walltime: 0.2
36616.0/36682.0 days/days; walltime: 0.1
36618.0/36682.0 days/days; walltime: 0.1
36619.0/36682.0 days/days; walltime: 0.1
36620.0/36682.0 days/days; walltime: 0.2
--36622.0/36682.0 days/days; walltime: 51.9
36623.0/36682.0 days/days; walltime: 85.1
36624.0/36682.0 days/days; walltime: 82.1
36625.0/36682.0 days/days; walltime: 1.0
36626.0/36682.0 days/days; walltime: 0.4
36627.0/36682.0 days/days; walltime: 0.2
36628.0/36682.0 days/days; walltime: 0.5
36629.0/36682.0 days/days; walltime: 0.2
36630.0/36682.0 days/days; walltime: 0.4
36631.0/36682.0 days/days; walltime: 0.1
36632.0/36682.0 days/days; walltime: 0.4
36633.0/36682.0 days/days; walltime: 0.1
36634.0/36682.0 days/days; walltime: 0.1
36635.0/36682.0 days/days; walltime: 0.1
36636.0/36682.0 days/days; walltime: 0.2
36637.0/36682.0 days/days; walltime: 0.4
--36638.0/36682.0 days/days; walltime: 13.2
36639.0/36682.0 days/days; walltime: 118.4
36640.0/36682.0 days/days; walltime: 138.5
36641.0/36682.0 days/days; walltime: 33.2
36642.0/36682.0 days/days; walltime: 0.9
36643.0/36682.0 days/days; walltime: 0.9
36644.0/36682.0 days/days; walltime: 0.6
36645.0/36682.0 days/days; walltime: 2.3
36646.0/36682.0 days/days; walltime: 0.4
36647.0/36682.0 days/days; walltime: 0.2
36648.0/36682.0 days/days; walltime: 0.3
36649.0/36682.0 days/days; walltime: 0.3
36650.0/36682.0 days/days; walltime: 0.1
36651.0/36682.0 days/days; walltime: 0.3
36652.0/36682.0 days/days; walltime: 2.2
36653.0/36682.0 days/days; walltime: 113.6
36654.0/36682.0 days/days; walltime: 218.0
36655.0/36682.0 days/days; walltime: 490.1
36656.0/36682.0 days/days; walltime: 465.9
36657.0/36682.0 days/days; walltime: 599.3
36658.0/36682.0 days/days; walltime: 515.5
36659.0/36682.0 days/days; walltime: 430.5
36660.0/36682.0 days/days; walltime: 616.1
36661.0/36682.0 days/days; walltime: 426.3
36662.0/36682.0 days/days; walltime: 378.7
36663.0/36682.0 days/days; walltime: 122.5
36664.0/36682.0 days/days; walltime: 69.2
36665.0/36682.0 days/days; walltime: 76.7
36666.0/36682.0 days/days; walltime: 245.2
36667.0/36682.0 days/days; walltime: 226.7
36668.0/36682.0 days/days; walltime: 733.3
36669.0/36682.0 days/days; walltime: 434.4
36670.0/36682.0 days/days; walltime: 180.7
36671.0/36682.0 days/days; walltime: 56.4
36672.0/36682.0 days/days; walltime: 96.8
36673.0/36682.0 days/days; walltime: 222.0
36674.0/36682.0 days/days; walltime: 105.5
36675.0/36682.0 days/days; walltime: 137.5
36676.0/36682.0 days/days; walltime: 290.7
36677.0/36682.0 days/days; walltime: 400.1
36678.0/36682.0 days/days; walltime: 10.5
36679.0/36682.0 days/days; walltime: 47.5
36680.0/36682.0 days/days; walltime: 81.6
36681.0/36682.0 days/days; walltime: 54.7
36682.0/36682.0 days/days; walltime: 34.8
Wallclock for model run: 8599.1s
 

fields = 

  struct with fields:

    nodes: [1x1 struct]
    edges: [1x1 struct]
       BC: [1x1 struct]


ans =

   366


mean_melt =

    0.9566

No cases left; exiting.
