Case 3:
Picked up JAVA_TOOL_OPTIONS: -Xmx2g
Opening log file:  /tmp/java.log.17430

                            < M A T L A B (R) >
                  Copyright 1984-2022 The MathWorks, Inc.
                  R2022a (9.12.0.1884302) 64-bit (glnxa64)
                             February 16, 2022

 
To get started, type doc.
For product information, visit www.mathworks.com.
 

config = 

  struct with fields:

                 k_s: 0.1000
                 l_c: 10
            n_moulin: 68
    creep_const_soft: 0
             mesh_nr: 4
                 e_v: 1.0000e-04
                 k_c: 0.2000
               h_bed: 0.5000
               l_bed: 10
               alpha: 3
                beta: 2
               omega: 0

Running model run (ode15s):
Run to steady
Saving model run to
./RUN/output_303_steady.nc
Fields, IC & BC initialised
Initial phi calculated in 1.4s
0.0/36500.0 days/days; walltime: 44.2
------------------------------------------------------------------------------------------------------------------------------------------------------------------------------------------------------1825.0/36500.0 days/days; walltime: 1880.5
--------------------------------------------------------------------------------------3650.0/36500.0 days/days; walltime: 15.8
-------5475.0/36500.0 days/days; walltime: 2.4
--------------------------------------7300.0/36500.0 days/days; walltime: 2.9
-------------------------------------------------------------------------------------9125.0/36500.0 days/days; walltime: 18.3
-------10950.0/36500.0 days/days; walltime: 1693.9
12775.0/36500.0 days/days; walltime: 751.6
14600.0/36500.0 days/days; walltime: 268.7
----16425.0/36500.0 days/days; walltime: 254.7
----18250.0/36500.0 days/days; walltime: 254.3
---20075.0/36500.0 days/days; walltime: 43.4
21900.0/36500.0 days/days; walltime: 15.4
23725.0/36500.0 days/days; walltime: 5.7
25550.0/36500.0 days/days; walltime: 2.9
27375.0/36500.0 days/days; walltime: 0.4
29200.0/36500.0 days/days; walltime: 0.3
32850.0/36500.0 days/days; walltime: 0.1
36500.0/36500.0 days/days; walltime: 0.3
Wallclock for model run: 5260.6s
 

fields = 

  struct with fields:

    nodes: [1x1 struct]
    edges: [1x1 struct]
       BC: [1x1 struct]

Running model run (ode15s):
Run seasonal
Saving model run to
./RUN/output_303_seasonal.nc
IC initialised from struct
IC initialised from file/given & rest from parameters and given functions
36500.0/37230.0 days/days; walltime: 15.8
36501.0/37230.0 days/days; walltime: 67.0
36502.0/37230.0 days/days; walltime: 25.1
36503.0/37230.0 days/days; walltime: 35.4
36504.0/37230.0 days/days; walltime: 30.8
36505.0/37230.0 days/days; walltime: 17.6
36506.0/37230.0 days/days; walltime: 10.7
36507.0/37230.0 days/days; walltime: 19.2
36508.0/37230.0 days/days; walltime: 3.4
36509.0/37230.0 days/days; walltime: 3.5
36510.0/37230.0 days/days; walltime: 3.3
36511.0/37230.0 days/days; walltime: 6.6
36512.0/37230.0 days/days; walltime: 5.2
36513.0/37230.0 days/days; walltime: 2.6
36514.0/37230.0 days/days; walltime: 33.5
36515.0/37230.0 days/days; walltime: 4.6
36516.0/37230.0 days/days; walltime: 2.1
36517.0/37230.0 days/days; walltime: 1.9
36518.0/37230.0 days/days; walltime: 1.7
36519.0/37230.0 days/days; walltime: 1.2
36520.0/37230.0 days/days; walltime: 4.1
36521.0/37230.0 days/days; walltime: 1.6
36522.0/37230.0 days/days; walltime: 1.4
36523.0/37230.0 days/days; walltime: 1.5
36524.0/37230.0 days/days; walltime: 1.3
36525.0/37230.0 days/days; walltime: 0.9
36526.0/37230.0 days/days; walltime: 0.9
36527.0/37230.0 days/days; walltime: 1.2
36528.0/37230.0 days/days; walltime: 1.3
36529.0/37230.0 days/days; walltime: 1.1
36530.0/37230.0 days/days; walltime: 1.1
36531.0/37230.0 days/days; walltime: 1.0
36532.0/37230.0 days/days; walltime: 1.0
36533.0/37230.0 days/days; walltime: 0.8
36534.0/37230.0 days/days; walltime: 1.0
36535.0/37230.0 days/days; walltime: 0.9
36536.0/37230.0 days/days; walltime: 7.9
36537.0/37230.0 days/days; walltime: 0.6
36538.0/37230.0 days/days; walltime: 0.6
36539.0/37230.0 days/days; walltime: 0.7
36540.0/37230.0 days/days; walltime: 0.9
36541.0/37230.0 days/days; walltime: 0.9
36542.0/37230.0 days/days; walltime: 0.7
36543.0/37230.0 days/days; walltime: 0.9
36544.0/37230.0 days/days; walltime: 0.8
36545.0/37230.0 days/days; walltime: 0.7
36546.0/37230.0 days/days; walltime: 0.6
36547.0/37230.0 days/days; walltime: 0.8
36548.0/37230.0 days/days; walltime: 0.6
36549.0/37230.0 days/days; walltime: 0.6
36550.0/37230.0 days/days; walltime: 0.7
36551.0/37230.0 days/days; walltime: 0.6
36552.0/37230.0 days/days; walltime: 0.6
36553.0/37230.0 days/days; walltime: 2.0
36554.0/37230.0 days/days; walltime: 0.4
36555.0/37230.0 days/days; walltime: 0.5
36556.0/37230.0 days/days; walltime: 0.4
36557.0/37230.0 days/days; walltime: 0.5
36558.0/37230.0 days/days; walltime: 0.5
36559.0/37230.0 days/days; walltime: 0.5
36560.0/37230.0 days/days; walltime: 0.6
36561.0/37230.0 days/days; walltime: 0.5
36562.0/37230.0 days/days; walltime: 0.6
36563.0/37230.0 days/days; walltime: 0.5
36564.0/37230.0 days/days; walltime: 0.5
36565.0/37230.0 days/days; walltime: 0.5
36566.0/37230.0 days/days; walltime: 0.5
36567.0/37230.0 days/days; walltime: 0.5
36568.0/37230.0 days/days; walltime: 0.5
36569.0/37230.0 days/days; walltime: 0.5
36570.0/37230.0 days/days; walltime: 2.0
36571.0/37230.0 days/days; walltime: 0.5
36572.0/37230.0 days/days; walltime: 0.4
36573.0/37230.0 days/days; walltime: 0.5
36574.0/37230.0 days/days; walltime: 0.4
36575.0/37230.0 days/days; walltime: 0.3
36576.0/37230.0 days/days; walltime: 0.4
36577.0/37230.0 days/days; walltime: 0.4
36578.0/37230.0 days/days; walltime: 0.4
36579.0/37230.0 days/days; walltime: 0.3
36580.0/37230.0 days/days; walltime: 0.4
36581.0/37230.0 days/days; walltime: 0.3
36582.0/37230.0 days/days; walltime: 0.3
36583.0/37230.0 days/days; walltime: 0.4
36584.0/37230.0 days/days; walltime: 0.4
36585.0/37230.0 days/days; walltime: 2.0
36586.0/37230.0 days/days; walltime: 0.3
36587.0/37230.0 days/days; walltime: 0.2
36588.0/37230.0 days/days; walltime: 0.3
36589.0/37230.0 days/days; walltime: 0.3
36590.0/37230.0 days/days; walltime: 0.4
36591.0/37230.0 days/days; walltime: 0.1
36592.0/37230.0 days/days; walltime: 0.3
36593.0/37230.0 days/days; walltime: 0.3
36594.0/37230.0 days/days; walltime: 0.1
36595.0/37230.0 days/days; walltime: 0.3
36596.0/37230.0 days/days; walltime: 0.3
36597.0/37230.0 days/days; walltime: 1.7
36598.0/37230.0 days/days; walltime: 0.3
36599.0/37230.0 days/days; walltime: 0.1
36600.0/37230.0 days/days; walltime: 0.3
36601.0/37230.0 days/days; walltime: 0.3
36602.0/37230.0 days/days; walltime: 0.1
36603.0/37230.0 days/days; walltime: 0.3
36604.0/37230.0 days/days; walltime: 0.1
36605.0/37230.0 days/days; walltime: 0.3
36606.0/37230.0 days/days; walltime: 0.3
36607.0/37230.0 days/days; walltime: 0.3
36608.0/37230.0 days/days; walltime: 0.2
36609.0/37230.0 days/days; walltime: 0.3
36610.0/37230.0 days/days; walltime: 0.3
36611.0/37230.0 days/days; walltime: 1.9
36612.0/37230.0 days/days; walltime: 0.1
36613.0/37230.0 days/days; walltime: 0.3
36614.0/37230.0 days/days; walltime: 0.3
36615.0/37230.0 days/days; walltime: 1.7
36616.0/37230.0 days/days; walltime: 5.7
36617.0/37230.0 days/days; walltime: 6.1
36618.0/37230.0 days/days; walltime: 12.6
36619.0/37230.0 days/days; walltime: 8.1
36620.0/37230.0 days/days; walltime: 10.2
36621.0/37230.0 days/days; walltime: 12.2
36622.0/37230.0 days/days; walltime: 10.6
36623.0/37230.0 days/days; walltime: 11.6
36624.0/37230.0 days/days; walltime: 12.1
36625.0/37230.0 days/days; walltime: 10.7
36626.0/37230.0 days/days; walltime: 9.9
36627.0/37230.0 days/days; walltime: 11.4
36628.0/37230.0 days/days; walltime: 22.1
36629.0/37230.0 days/days; walltime: 24.3
36630.0/37230.0 days/days; walltime: 11.7
36631.0/37230.0 days/days; walltime: 32.4
36632.0/37230.0 days/days; walltime: 17.2
36633.0/37230.0 days/days; walltime: 46.4
36634.0/37230.0 days/days; walltime: 31.6
36635.0/37230.0 days/days; walltime: 44.4
36636.0/37230.0 days/days; walltime: 27.5
36637.0/37230.0 days/days; walltime: 48.4
36638.0/37230.0 days/days; walltime: 41.7
36639.0/37230.0 days/days; walltime: 29.9
36640.0/37230.0 days/days; walltime: 34.4
----36641.0/37230.0 days/days; walltime: 31.7
--36642.0/37230.0 days/days; walltime: 35.3
36643.0/37230.0 days/days; walltime: 26.3
36644.0/37230.0 days/days; walltime: 23.6
36645.0/37230.0 days/days; walltime: 32.0
--36646.0/37230.0 days/days; walltime: 50.2
--36647.0/37230.0 days/days; walltime: 37.2
--36648.0/37230.0 days/days; walltime: 66.9
36649.0/37230.0 days/days; walltime: 46.8
36650.0/37230.0 days/days; walltime: 57.7
------36651.0/37230.0 days/days; walltime: 82.9
----36652.0/37230.0 days/days; walltime: 80.6
--36653.0/37230.0 days/days; walltime: 109.2
--36654.0/37230.0 days/days; walltime: 69.5
36655.0/37230.0 days/days; walltime: 104.0
------36656.0/37230.0 days/days; walltime: 67.3
---------36657.0/37230.0 days/days; walltime: 162.8
----36658.0/37230.0 days/days; walltime: 41.7
36659.0/37230.0 days/days; walltime: 55.8
36660.0/37230.0 days/days; walltime: 77.9
36661.0/37230.0 days/days; walltime: 72.2
----36662.0/37230.0 days/days; walltime: 124.7
---------36663.0/37230.0 days/days; walltime: 92.6
36664.0/37230.0 days/days; walltime: 68.5
----36665.0/37230.0 days/days; walltime: 64.7
----36666.0/37230.0 days/days; walltime: 86.6
----36667.0/37230.0 days/days; walltime: 91.7
----36668.0/37230.0 days/days; walltime: 103.1
36669.0/37230.0 days/days; walltime: 61.4
36670.0/37230.0 days/days; walltime: 87.0
--36671.0/37230.0 days/days; walltime: 74.6
36672.0/37230.0 days/days; walltime: 115.2
36673.0/37230.0 days/days; walltime: 174.5
36674.0/37230.0 days/days; walltime: 117.5
36675.0/37230.0 days/days; walltime: 102.3
36676.0/37230.0 days/days; walltime: 79.7
--36677.0/37230.0 days/days; walltime: 114.0
36678.0/37230.0 days/days; walltime: 61.0
--36679.0/37230.0 days/days; walltime: 132.3
36680.0/37230.0 days/days; walltime: 92.0
36681.0/37230.0 days/days; walltime: 64.4
--36682.0/37230.0 days/days; walltime: 69.5
36683.0/37230.0 days/days; walltime: 63.7
36684.0/37230.0 days/days; walltime: 54.8
--36685.0/37230.0 days/days; walltime: 64.0
36686.0/37230.0 days/days; walltime: 64.1
36687.0/37230.0 days/days; walltime: 61.7
36688.0/37230.0 days/days; walltime: 30.6
36689.0/37230.0 days/days; walltime: 50.3
--36690.0/37230.0 days/days; walltime: 78.3
36691.0/37230.0 days/days; walltime: 82.1
36692.0/37230.0 days/days; walltime: 46.3
36693.0/37230.0 days/days; walltime: 18.5
36694.0/37230.0 days/days; walltime: 24.0
36695.0/37230.0 days/days; walltime: 24.2
36696.0/37230.0 days/days; walltime: 17.8
36697.0/37230.0 days/days; walltime: 29.0
36698.0/37230.0 days/days; walltime: 46.5
36699.0/37230.0 days/days; walltime: 50.8
36700.0/37230.0 days/days; walltime: 28.7
36701.0/37230.0 days/days; walltime: 3.1
36702.0/37230.0 days/days; walltime: 18.9
36703.0/37230.0 days/days; walltime: 21.1
36704.0/37230.0 days/days; walltime: 7.9
36705.0/37230.0 days/days; walltime: 6.7
36706.0/37230.0 days/days; walltime: 18.4
36707.0/37230.0 days/days; walltime: 6.1
36708.0/37230.0 days/days; walltime: 12.3
36709.0/37230.0 days/days; walltime: 7.0
36710.0/37230.0 days/days; walltime: 3.6
36711.0/37230.0 days/days; walltime: 14.9
36712.0/37230.0 days/days; walltime: 10.6
36713.0/37230.0 days/days; walltime: 9.4
36714.0/37230.0 days/days; walltime: 20.4
36715.0/37230.0 days/days; walltime: 22.9
36716.0/37230.0 days/days; walltime: 4.6
36717.0/37230.0 days/days; walltime: 26.6
36718.0/37230.0 days/days; walltime: 7.0
36719.0/37230.0 days/days; walltime: 6.3
36720.0/37230.0 days/days; walltime: 7.3
36721.0/37230.0 days/days; walltime: 8.5
36722.0/37230.0 days/days; walltime: 8.3
36723.0/37230.0 days/days; walltime: 6.4
36724.0/37230.0 days/days; walltime: 23.0
36725.0/37230.0 days/days; walltime: 11.6
36726.0/37230.0 days/days; walltime: 15.8
36727.0/37230.0 days/days; walltime: 8.1
36728.0/37230.0 days/days; walltime: 11.1
36729.0/37230.0 days/days; walltime: 9.7
36730.0/37230.0 days/days; walltime: 9.3
36731.0/37230.0 days/days; walltime: 8.4
36732.0/37230.0 days/days; walltime: 10.6
36733.0/37230.0 days/days; walltime: 9.0
36734.0/37230.0 days/days; walltime: 9.6
36735.0/37230.0 days/days; walltime: 11.1
36736.0/37230.0 days/days; walltime: 9.1
36737.0/37230.0 days/days; walltime: 11.5
36738.0/37230.0 days/days; walltime: 9.5
36739.0/37230.0 days/days; walltime: 9.4
36740.0/37230.0 days/days; walltime: 10.4
36741.0/37230.0 days/days; walltime: 9.2
36742.0/37230.0 days/days; walltime: 12.8
36743.0/37230.0 days/days; walltime: 9.6
36744.0/37230.0 days/days; walltime: 10.4
36745.0/37230.0 days/days; walltime: 7.0
36746.0/37230.0 days/days; walltime: 8.5
36747.0/37230.0 days/days; walltime: 9.9
36748.0/37230.0 days/days; walltime: 10.1
36749.0/37230.0 days/days; walltime: 6.5
36750.0/37230.0 days/days; walltime: 8.4
36751.0/37230.0 days/days; walltime: 1.9
36752.0/37230.0 days/days; walltime: 1.6
36753.0/37230.0 days/days; walltime: 1.6
36754.0/37230.0 days/days; walltime: 1.3
36755.0/37230.0 days/days; walltime: 1.1
36756.0/37230.0 days/days; walltime: 1.0
36757.0/37230.0 days/days; walltime: 1.0
36758.0/37230.0 days/days; walltime: 1.2
36759.0/37230.0 days/days; walltime: 1.0
36760.0/37230.0 days/days; walltime: 4.6
36761.0/37230.0 days/days; walltime: 0.7
36762.0/37230.0 days/days; walltime: 0.5
36763.0/37230.0 days/days; walltime: 1.0
36764.0/37230.0 days/days; walltime: 0.7
36765.0/37230.0 days/days; walltime: 0.7
36766.0/37230.0 days/days; walltime: 0.7
36767.0/37230.0 days/days; walltime: 0.5
36768.0/37230.0 days/days; walltime: 0.6
36769.0/37230.0 days/days; walltime: 0.5
36770.0/37230.0 days/days; walltime: 0.7
36771.0/37230.0 days/days; walltime: 0.6
36772.0/37230.0 days/days; walltime: 0.7
36773.0/37230.0 days/days; walltime: 2.8
36774.0/37230.0 days/days; walltime: 0.4
36775.0/37230.0 days/days; walltime: 0.4
36776.0/37230.0 days/days; walltime: 0.4
36777.0/37230.0 days/days; walltime: 0.4
36778.0/37230.0 days/days; walltime: 0.6
36779.0/37230.0 days/days; walltime: 0.4
36780.0/37230.0 days/days; walltime: 0.4
36781.0/37230.0 days/days; walltime: 0.4
36782.0/37230.0 days/days; walltime: 0.4
36783.0/37230.0 days/days; walltime: 0.5
36784.0/37230.0 days/days; walltime: 0.5
36785.0/37230.0 days/days; walltime: 0.7
36786.0/37230.0 days/days; walltime: 2.0
36787.0/37230.0 days/days; walltime: 0.4
36788.0/37230.0 days/days; walltime: 0.4
36789.0/37230.0 days/days; walltime: 0.4
36790.0/37230.0 days/days; walltime: 0.4
36791.0/37230.0 days/days; walltime: 0.4
36792.0/37230.0 days/days; walltime: 0.4
36793.0/37230.0 days/days; walltime: 0.4
36794.0/37230.0 days/days; walltime: 0.4
36795.0/37230.0 days/days; walltime: 0.4
36796.0/37230.0 days/days; walltime: 0.5
36797.0/37230.0 days/days; walltime: 0.5
36798.0/37230.0 days/days; walltime: 0.3
36799.0/37230.0 days/days; walltime: 0.5
36800.0/37230.0 days/days; walltime: 2.2
36801.0/37230.0 days/days; walltime: 0.4
36802.0/37230.0 days/days; walltime: 2.3
36803.0/37230.0 days/days; walltime: 0.1
36804.0/37230.0 days/days; walltime: 0.3
36805.0/37230.0 days/days; walltime: 0.4
36806.0/37230.0 days/days; walltime: 0.1
36807.0/37230.0 days/days; walltime: 0.3
36808.0/37230.0 days/days; walltime: 0.3
36809.0/37230.0 days/days; walltime: 0.3
36810.0/37230.0 days/days; walltime: 0.1
36811.0/37230.0 days/days; walltime: 0.3
36812.0/37230.0 days/days; walltime: 0.4
36813.0/37230.0 days/days; walltime: 0.2
36814.0/37230.0 days/days; walltime: 0.4
36815.0/37230.0 days/days; walltime: 0.5
36816.0/37230.0 days/days; walltime: 2.0
36817.0/37230.0 days/days; walltime: 0.1
36818.0/37230.0 days/days; walltime: 0.3
36819.0/37230.0 days/days; walltime: 0.3
36820.0/37230.0 days/days; walltime: 0.1
36821.0/37230.0 days/days; walltime: 0.3
36822.0/37230.0 days/days; walltime: 0.1
36823.0/37230.0 days/days; walltime: 0.4
36824.0/37230.0 days/days; walltime: 0.3
36825.0/37230.0 days/days; walltime: 0.2
36826.0/37230.0 days/days; walltime: 0.4
36827.0/37230.0 days/days; walltime: 0.2
36828.0/37230.0 days/days; walltime: 0.3
36829.0/37230.0 days/days; walltime: 0.4
36830.0/37230.0 days/days; walltime: 0.2
36831.0/37230.0 days/days; walltime: 2.0
36832.0/37230.0 days/days; walltime: 0.1
36833.0/37230.0 days/days; walltime: 0.3
36834.0/37230.0 days/days; walltime: 0.3
36835.0/37230.0 days/days; walltime: 0.1
36836.0/37230.0 days/days; walltime: 0.3
36837.0/37230.0 days/days; walltime: 0.1
36838.0/37230.0 days/days; walltime: 0.3
36839.0/37230.0 days/days; walltime: 0.4
36840.0/37230.0 days/days; walltime: 0.2
36841.0/37230.0 days/days; walltime: 0.3
36842.0/37230.0 days/days; walltime: 0.2
36843.0/37230.0 days/days; walltime: 0.4
36844.0/37230.0 days/days; walltime: 0.2
36845.0/37230.0 days/days; walltime: 0.3
36846.0/37230.0 days/days; walltime: 0.2
36847.0/37230.0 days/days; walltime: 1.9
36848.0/37230.0 days/days; walltime: 0.3
36849.0/37230.0 days/days; walltime: 0.1
36850.0/37230.0 days/days; walltime: 0.3
36851.0/37230.0 days/days; walltime: 0.1
36852.0/37230.0 days/days; walltime: 0.3
36853.0/37230.0 days/days; walltime: 0.2
36854.0/37230.0 days/days; walltime: 0.3
36855.0/37230.0 days/days; walltime: 0.4
36856.0/37230.0 days/days; walltime: 0.2
36857.0/37230.0 days/days; walltime: 0.3
36858.0/37230.0 days/days; walltime: 0.2
36859.0/37230.0 days/days; walltime: 0.3
36860.0/37230.0 days/days; walltime: 0.2
36861.0/37230.0 days/days; walltime: 0.3
36862.0/37230.0 days/days; walltime: 0.2
36863.0/37230.0 days/days; walltime: 0.3
36864.0/37230.0 days/days; walltime: 0.2
36865.0/37230.0 days/days; walltime: 1.9
36866.0/37230.0 days/days; walltime: 0.1
36867.0/37230.0 days/days; walltime: 0.3
36868.0/37230.0 days/days; walltime: 0.1
36869.0/37230.0 days/days; walltime: 0.3
36870.0/37230.0 days/days; walltime: 0.2
36871.0/37230.0 days/days; walltime: 0.1
36872.0/37230.0 days/days; walltime: 0.3
36873.0/37230.0 days/days; walltime: 0.2
36874.0/37230.0 days/days; walltime: 0.3
36875.0/37230.0 days/days; walltime: 0.1
36876.0/37230.0 days/days; walltime: 0.3
36877.0/37230.0 days/days; walltime: 0.2
36878.0/37230.0 days/days; walltime: 0.3
36879.0/37230.0 days/days; walltime: 0.1
36880.0/37230.0 days/days; walltime: 0.2
36881.0/37230.0 days/days; walltime: 0.3
36882.0/37230.0 days/days; walltime: 0.1
36883.0/37230.0 days/days; walltime: 0.3
36884.0/37230.0 days/days; walltime: 0.1
36885.0/37230.0 days/days; walltime: 0.2
36886.0/37230.0 days/days; walltime: 0.3
36887.0/37230.0 days/days; walltime: 0.1
36888.0/37230.0 days/days; walltime: 0.3
36889.0/37230.0 days/days; walltime: 0.1
36890.0/37230.0 days/days; walltime: 0.2
36891.0/37230.0 days/days; walltime: 0.2
36892.0/37230.0 days/days; walltime: 0.1
36893.0/37230.0 days/days; walltime: 0.2
36894.0/37230.0 days/days; walltime: 0.2
36895.0/37230.0 days/days; walltime: 0.2
36896.0/37230.0 days/days; walltime: 0.1
36897.0/37230.0 days/days; walltime: 0.2
36898.0/37230.0 days/days; walltime: 0.2
36899.0/37230.0 days/days; walltime: 0.1
36900.0/37230.0 days/days; walltime: 0.2
36901.0/37230.0 days/days; walltime: 0.1
36902.0/37230.0 days/days; walltime: 0.1
36903.0/37230.0 days/days; walltime: 0.2
36904.0/37230.0 days/days; walltime: 0.1
36905.0/37230.0 days/days; walltime: 0.1
36906.0/37230.0 days/days; walltime: 0.2
36907.0/37230.0 days/days; walltime: 0.2
36908.0/37230.0 days/days; walltime: 0.1
36909.0/37230.0 days/days; walltime: 0.2
36910.0/37230.0 days/days; walltime: 0.2
36911.0/37230.0 days/days; walltime: 0.1
36912.0/37230.0 days/days; walltime: 0.1
36913.0/37230.0 days/days; walltime: 0.1
36914.0/37230.0 days/days; walltime: 0.3
36915.0/37230.0 days/days; walltime: 0.1
36916.0/37230.0 days/days; walltime: 0.1
36917.0/37230.0 days/days; walltime: 0.2
36918.0/37230.0 days/days; walltime: 0.1
36919.0/37230.0 days/days; walltime: 0.1
36920.0/37230.0 days/days; walltime: 0.1
36921.0/37230.0 days/days; walltime: 0.2
36922.0/37230.0 days/days; walltime: 0.1
36923.0/37230.0 days/days; walltime: 0.1
36924.0/37230.0 days/days; walltime: 0.1
36925.0/37230.0 days/days; walltime: 1.7
36926.0/37230.0 days/days; walltime: 0.0
36927.0/37230.0 days/days; walltime: 0.2
36928.0/37230.0 days/days; walltime: 0.1
36929.0/37230.0 days/days; walltime: 0.1
36930.0/37230.0 days/days; walltime: 0.1
36931.0/37230.0 days/days; walltime: 0.2
36932.0/37230.0 days/days; walltime: 0.1
36933.0/37230.0 days/days; walltime: 0.1
36934.0/37230.0 days/days; walltime: 0.1
36935.0/37230.0 days/days; walltime: 0.1
36936.0/37230.0 days/days; walltime: 0.2
36937.0/37230.0 days/days; walltime: 0.1
36938.0/37230.0 days/days; walltime: 0.1
36939.0/37230.0 days/days; walltime: 0.1
36940.0/37230.0 days/days; walltime: 0.2
36941.0/37230.0 days/days; walltime: 0.1
36943.0/37230.0 days/days; walltime: 0.1
36944.0/37230.0 days/days; walltime: 0.1
36945.0/37230.0 days/days; walltime: 0.2
36946.0/37230.0 days/days; walltime: 0.1
36947.0/37230.0 days/days; walltime: 0.1
36948.0/37230.0 days/days; walltime: 0.1
36949.0/37230.0 days/days; walltime: 0.2
36951.0/37230.0 days/days; walltime: 0.1
36952.0/37230.0 days/days; walltime: 0.1
36953.0/37230.0 days/days; walltime: 0.1
36954.0/37230.0 days/days; walltime: 0.2
36955.0/37230.0 days/days; walltime: 0.1
36956.0/37230.0 days/days; walltime: 0.1
36958.0/37230.0 days/days; walltime: 0.6
36959.0/37230.0 days/days; walltime: 0.1
36960.0/37230.0 days/days; walltime: 0.1
36961.0/37230.0 days/days; walltime: 0.2
36962.0/37230.0 days/days; walltime: 0.1
36963.0/37230.0 days/days; walltime: 0.1
36964.0/37230.0 days/days; walltime: 0.1
36966.0/37230.0 days/days; walltime: 0.2
36967.0/37230.0 days/days; walltime: 0.1
36968.0/37230.0 days/days; walltime: 0.1
36969.0/37230.0 days/days; walltime: 0.1
36970.0/37230.0 days/days; walltime: 0.2
36971.0/37230.0 days/days; walltime: 0.0
36972.0/37230.0 days/days; walltime: 0.0
36974.0/37230.0 days/days; walltime: 0.0
36975.0/37230.0 days/days; walltime: 0.2
36976.0/37230.0 days/days; walltime: 0.0
36977.0/37230.0 days/days; walltime: 0.0
36978.0/37230.0 days/days; walltime: 0.0
36979.0/37230.0 days/days; walltime: 0.6
36980.0/37230.0 days/days; walltime: 2.0
36981.0/37230.0 days/days; walltime: 4.8
36982.0/37230.0 days/days; walltime: 8.1
36983.0/37230.0 days/days; walltime: 7.6
36984.0/37230.0 days/days; walltime: 8.0
36985.0/37230.0 days/days; walltime: 9.1
36986.0/37230.0 days/days; walltime: 12.9
36987.0/37230.0 days/days; walltime: 10.1
36988.0/37230.0 days/days; walltime: 9.0
36989.0/37230.0 days/days; walltime: 11.1
36990.0/37230.0 days/days; walltime: 9.7
36991.0/37230.0 days/days; walltime: 10.0
36992.0/37230.0 days/days; walltime: 8.4
36993.0/37230.0 days/days; walltime: 11.1
36994.0/37230.0 days/days; walltime: 12.1
36995.0/37230.0 days/days; walltime: 9.0
36996.0/37230.0 days/days; walltime: 20.1
36997.0/37230.0 days/days; walltime: 26.9
36998.0/37230.0 days/days; walltime: 14.8
36999.0/37230.0 days/days; walltime: 18.2
37000.0/37230.0 days/days; walltime: 36.7
37001.0/37230.0 days/days; walltime: 16.2
37002.0/37230.0 days/days; walltime: 21.1
--37003.0/37230.0 days/days; walltime: 29.8
37004.0/37230.0 days/days; walltime: 20.8
--37005.0/37230.0 days/days; walltime: 23.2
37006.0/37230.0 days/days; walltime: 17.1
--37007.0/37230.0 days/days; walltime: 24.6
--37008.0/37230.0 days/days; walltime: 25.8
37009.0/37230.0 days/days; walltime: 29.2
----37010.0/37230.0 days/days; walltime: 32.6
37011.0/37230.0 days/days; walltime: 27.8
37012.0/37230.0 days/days; walltime: 41.0
37013.0/37230.0 days/days; walltime: 40.8
------37014.0/37230.0 days/days; walltime: 80.4
----37015.0/37230.0 days/days; walltime: 61.6
37016.0/37230.0 days/days; walltime: 88.1
--37017.0/37230.0 days/days; walltime: 48.3
---------37018.0/37230.0 days/days; walltime: 65.1
37019.0/37230.0 days/days; walltime: 96.5
---37020.0/37230.0 days/days; walltime: 102.9
-------37021.0/37230.0 days/days; walltime: 84.9
--37022.0/37230.0 days/days; walltime: 175.2
---------37023.0/37230.0 days/days; walltime: 83.0
--37024.0/37230.0 days/days; walltime: 98.9
----37025.0/37230.0 days/days; walltime: 76.0
37026.0/37230.0 days/days; walltime: 120.6
----37027.0/37230.0 days/days; walltime: 90.5
------------37028.0/37230.0 days/days; walltime: 123.1
--37029.0/37230.0 days/days; walltime: 91.7
----37030.0/37230.0 days/days; walltime: 124.9
---37031.0/37230.0 days/days; walltime: 70.7
--------37032.0/37230.0 days/days; walltime: 82.3
----37033.0/37230.0 days/days; walltime: 100.5
37034.0/37230.0 days/days; walltime: 69.8
------37035.0/37230.0 days/days; walltime: 103.0
37036.0/37230.0 days/days; walltime: 98.9
37037.0/37230.0 days/days; walltime: 1186.3
37038.0/37230.0 days/days; walltime: 174.6
37039.0/37230.0 days/days; walltime: 215.5
--37040.0/37230.0 days/days; walltime: 85.5
37041.0/37230.0 days/days; walltime: 67.8
--37042.0/37230.0 days/days; walltime: 186.5
37043.0/37230.0 days/days; walltime: 71.2
----37044.0/37230.0 days/days; walltime: 89.7
37045.0/37230.0 days/days; walltime: 130.7
37046.0/37230.0 days/days; walltime: 48.7
--37047.0/37230.0 days/days; walltime: 77.3
37048.0/37230.0 days/days; walltime: 66.5
37049.0/37230.0 days/days; walltime: 27.7
--37050.0/37230.0 days/days; walltime: 72.3
37051.0/37230.0 days/days; walltime: 71.4
37052.0/37230.0 days/days; walltime: 78.6
37053.0/37230.0 days/days; walltime: 37.5
37054.0/37230.0 days/days; walltime: 22.0
37055.0/37230.0 days/days; walltime: 73.6
37056.0/37230.0 days/days; walltime: 58.7
37057.0/37230.0 days/days; walltime: 76.4
37058.0/37230.0 days/days; walltime: 24.1
37059.0/37230.0 days/days; walltime: 35.5
37060.0/37230.0 days/days; walltime: 22.6
37061.0/37230.0 days/days; walltime: 28.0
37062.0/37230.0 days/days; walltime: 27.9
37063.0/37230.0 days/days; walltime: 36.7
37064.0/37230.0 days/days; walltime: 28.7
37065.0/37230.0 days/days; walltime: 23.6
37066.0/37230.0 days/days; walltime: 27.3
37067.0/37230.0 days/days; walltime: 16.0
37068.0/37230.0 days/days; walltime: 25.5
37069.0/37230.0 days/days; walltime: 8.5
37070.0/37230.0 days/days; walltime: 7.1
37071.0/37230.0 days/days; walltime: 14.9
37072.0/37230.0 days/days; walltime: 2.5
37073.0/37230.0 days/days; walltime: 14.1
37074.0/37230.0 days/days; walltime: 8.2
37075.0/37230.0 days/days; walltime: 2.9
37076.0/37230.0 days/days; walltime: 23.7
37077.0/37230.0 days/days; walltime: 24.3
37078.0/37230.0 days/days; walltime: 3.8
37079.0/37230.0 days/days; walltime: 28.4
37080.0/37230.0 days/days; walltime: 23.7
37081.0/37230.0 days/days; walltime: 7.3
37082.0/37230.0 days/days; walltime: 22.1
37083.0/37230.0 days/days; walltime: 6.9
37084.0/37230.0 days/days; walltime: 16.1
37085.0/37230.0 days/days; walltime: 6.8
37086.0/37230.0 days/days; walltime: 7.6
37087.0/37230.0 days/days; walltime: 8.2
37088.0/37230.0 days/days; walltime: 12.7
37089.0/37230.0 days/days; walltime: 10.1
37090.0/37230.0 days/days; walltime: 7.8
37091.0/37230.0 days/days; walltime: 10.1
37092.0/37230.0 days/days; walltime: 11.6
37093.0/37230.0 days/days; walltime: 10.1
37094.0/37230.0 days/days; walltime: 10.8
37095.0/37230.0 days/days; walltime: 7.5
37096.0/37230.0 days/days; walltime: 8.7
37097.0/37230.0 days/days; walltime: 9.4
37098.0/37230.0 days/days; walltime: 9.0
37099.0/37230.0 days/days; walltime: 9.9
37100.0/37230.0 days/days; walltime: 11.8
37101.0/37230.0 days/days; walltime: 8.7
37102.0/37230.0 days/days; walltime: 11.6
37103.0/37230.0 days/days; walltime: 11.0
37104.0/37230.0 days/days; walltime: 7.8
37105.0/37230.0 days/days; walltime: 9.8
37106.0/37230.0 days/days; walltime: 9.0
37107.0/37230.0 days/days; walltime: 10.1
37108.0/37230.0 days/days; walltime: 14.6
37109.0/37230.0 days/days; walltime: 9.2
37110.0/37230.0 days/days; walltime: 17.7
37111.0/37230.0 days/days; walltime: 8.6
37112.0/37230.0 days/days; walltime: 15.6
37113.0/37230.0 days/days; walltime: 7.9
37114.0/37230.0 days/days; walltime: 6.7
37115.0/37230.0 days/days; walltime: 19.5
37116.0/37230.0 days/days; walltime: 14.9
37117.0/37230.0 days/days; walltime: 1.7
37118.0/37230.0 days/days; walltime: 1.1
37119.0/37230.0 days/days; walltime: 0.9
37120.0/37230.0 days/days; walltime: 1.4
37121.0/37230.0 days/days; walltime: 1.3
37122.0/37230.0 days/days; walltime: 3.2
37123.0/37230.0 days/days; walltime: 0.9
37124.0/37230.0 days/days; walltime: 1.2
37125.0/37230.0 days/days; walltime: 21.6
37126.0/37230.0 days/days; walltime: 0.3
37127.0/37230.0 days/days; walltime: 0.4
37128.0/37230.0 days/days; walltime: 0.5
37129.0/37230.0 days/days; walltime: 0.7
37130.0/37230.0 days/days; walltime: 0.5
37131.0/37230.0 days/days; walltime: 0.7
37132.0/37230.0 days/days; walltime: 0.7
37133.0/37230.0 days/days; walltime: 0.8
37134.0/37230.0 days/days; walltime: 0.7
37135.0/37230.0 days/days; walltime: 0.8
37136.0/37230.0 days/days; walltime: 0.6
37137.0/37230.0 days/days; walltime: 0.7
37138.0/37230.0 days/days; walltime: 5.3
37139.0/37230.0 days/days; walltime: 4.0
37140.0/37230.0 days/days; walltime: 0.6
37141.0/37230.0 days/days; walltime: 0.6
37142.0/37230.0 days/days; walltime: 0.5
37143.0/37230.0 days/days; walltime: 0.5
37144.0/37230.0 days/days; walltime: 0.4
37145.0/37230.0 days/days; walltime: 0.2
37146.0/37230.0 days/days; walltime: 0.6
37147.0/37230.0 days/days; walltime: 0.4
37148.0/37230.0 days/days; walltime: 0.2
37149.0/37230.0 days/days; walltime: 1.8
37150.0/37230.0 days/days; walltime: 0.4
37151.0/37230.0 days/days; walltime: 0.4
37152.0/37230.0 days/days; walltime: 0.4
37153.0/37230.0 days/days; walltime: 0.4
37154.0/37230.0 days/days; walltime: 0.4
37155.0/37230.0 days/days; walltime: 0.4
37156.0/37230.0 days/days; walltime: 0.5
37157.0/37230.0 days/days; walltime: 0.4
37158.0/37230.0 days/days; walltime: 0.4
37159.0/37230.0 days/days; walltime: 0.5
37160.0/37230.0 days/days; walltime: 0.3
37161.0/37230.0 days/days; walltime: 1.2
37162.0/37230.0 days/days; walltime: 6.4
37163.0/37230.0 days/days; walltime: 0.4
37164.0/37230.0 days/days; walltime: 0.1
37165.0/37230.0 days/days; walltime: 0.3
37166.0/37230.0 days/days; walltime: 0.4
37167.0/37230.0 days/days; walltime: 0.3
37168.0/37230.0 days/days; walltime: 0.3
37169.0/37230.0 days/days; walltime: 0.1
37170.0/37230.0 days/days; walltime: 0.3
37171.0/37230.0 days/days; walltime: 0.3
37172.0/37230.0 days/days; walltime: 0.1
37173.0/37230.0 days/days; walltime: 1.8
37174.0/37230.0 days/days; walltime: 0.3
37175.0/37230.0 days/days; walltime: 0.1
37176.0/37230.0 days/days; walltime: 0.3
37177.0/37230.0 days/days; walltime: 0.3
37178.0/37230.0 days/days; walltime: 0.1
37179.0/37230.0 days/days; walltime: 0.3
37180.0/37230.0 days/days; walltime: 0.3
37181.0/37230.0 days/days; walltime: 0.1
37182.0/37230.0 days/days; walltime: 0.4
37183.0/37230.0 days/days; walltime: 0.2
37184.0/37230.0 days/days; walltime: 0.4
37185.0/37230.0 days/days; walltime: 0.3
37186.0/37230.0 days/days; walltime: 0.3
37187.0/37230.0 days/days; walltime: 1.8
37188.0/37230.0 days/days; walltime: 0.3
37189.0/37230.0 days/days; walltime: 0.1
37190.0/37230.0 days/days; walltime: 0.3
37191.0/37230.0 days/days; walltime: 0.1
37192.0/37230.0 days/days; walltime: 0.3
37193.0/37230.0 days/days; walltime: 0.1
37194.0/37230.0 days/days; walltime: 0.4
37195.0/37230.0 days/days; walltime: 0.2
37196.0/37230.0 days/days; walltime: 0.3
37197.0/37230.0 days/days; walltime: 0.2
37198.0/37230.0 days/days; walltime: 0.4
37199.0/37230.0 days/days; walltime: 0.2
37200.0/37230.0 days/days; walltime: 0.3
37201.0/37230.0 days/days; walltime: 0.2
37202.0/37230.0 days/days; walltime: 1.9
37203.0/37230.0 days/days; walltime: 0.3
37204.0/37230.0 days/days; walltime: 0.1
37205.0/37230.0 days/days; walltime: 0.1
37206.0/37230.0 days/days; walltime: 0.3
37207.0/37230.0 days/days; walltime: 0.1
37208.0/37230.0 days/days; walltime: 0.3
37209.0/37230.0 days/days; walltime: 0.2
37210.0/37230.0 days/days; walltime: 0.4
37211.0/37230.0 days/days; walltime: 0.2
37212.0/37230.0 days/days; walltime: 0.3
37213.0/37230.0 days/days; walltime: 0.2
37214.0/37230.0 days/days; walltime: 0.3
37215.0/37230.0 days/days; walltime: 0.4
37216.0/37230.0 days/days; walltime: 0.2
37217.0/37230.0 days/days; walltime: 0.3
37218.0/37230.0 days/days; walltime: 0.2
37219.0/37230.0 days/days; walltime: 1.9
37220.0/37230.0 days/days; walltime: 0.1
37221.0/37230.0 days/days; walltime: 0.3
37222.0/37230.0 days/days; walltime: 0.1
37223.0/37230.0 days/days; walltime: 0.3
37224.0/37230.0 days/days; walltime: 0.2
37225.0/37230.0 days/days; walltime: 0.3
37226.0/37230.0 days/days; walltime: 0.2
37227.0/37230.0 days/days; walltime: 0.3
37228.0/37230.0 days/days; walltime: 0.2
37229.0/37230.0 days/days; walltime: 0.1
37230.0/37230.0 days/days; walltime: 0.4
Wallclock for model run: 12269.1s
 

fields = 

  struct with fields:

    nodes: [1x1 struct]
    edges: [1x1 struct]
       BC: [1x1 struct]

No cases left; exiting.
