Case 5:
Picked up JAVA_TOOL_OPTIONS: -Xmx2g
Opening log file:  /tmp/java.log.7874

                            < M A T L A B (R) >
                  Copyright 1984-2022 The MathWorks, Inc.
                  R2022a (9.12.0.1884302) 64-bit (glnxa64)
                             February 16, 2022

 
To get started, type doc.
For product information, visit www.mathworks.com.
 

config = 

  struct with fields:

                 k_s: 0.1000
                 l_c: 10
            n_moulin: 68
    creep_const_soft: 0
             mesh_nr: 4
                 e_v: 1.0000e-04
                 k_c: 0.2000
               h_bed: 0.5000
               l_bed: 10
               alpha: 1.5000
                beta: 1.5000
               omega: 5.0000e-04

Running model run (ode15s):
Run to steady
Saving model run to
./RUN/output_305_steady.nc
Fields, IC & BC initialised
Initial phi calculated in 2.0s
0.0/36500.0 days/days; walltime: 50.0
----------------------------------------------------------------------------------------------------------------------------------------------------------------------------------------------------------------------------------------------------------------------------------------------------------------------------------1825.0/36500.0 days/days; walltime: 2314.3
---------------------------------------------------------------------------3650.0/36500.0 days/days; walltime: 23.5
--5475.0/36500.0 days/days; walltime: 0.4
7300.0/36500.0 days/days; walltime: 0.3
-----------9125.0/36500.0 days/days; walltime: 9.4
-----------10950.0/36500.0 days/days; walltime: 1862.9
12775.0/36500.0 days/days; walltime: 790.4
--------14600.0/36500.0 days/days; walltime: 313.6
--16425.0/36500.0 days/days; walltime: 252.4
--18250.0/36500.0 days/days; walltime: 198.4
-----20075.0/36500.0 days/days; walltime: 34.1
21900.0/36500.0 days/days; walltime: 5.1
23725.0/36500.0 days/days; walltime: 3.5
25550.0/36500.0 days/days; walltime: 5.7
27375.0/36500.0 days/days; walltime: 9.0
29200.0/36500.0 days/days; walltime: 10.7
31025.0/36500.0 days/days; walltime: 11.4
32850.0/36500.0 days/days; walltime: 6.1
34675.0/36500.0 days/days; walltime: 5.2
36500.0/36500.0 days/days; walltime: 1.3
Wallclock for model run: 5897.6s
 

fields = 

  struct with fields:

    nodes: [1x1 struct]
    edges: [1x1 struct]
       BC: [1x1 struct]

Running model run (ode15s):
Run seasonal
Saving model run to
./RUN/output_305_seasonal.nc
IC initialised from struct
IC initialised from file/given & rest from parameters and given functions
36500.0/37230.0 days/days; walltime: 17.3
36501.0/37230.0 days/days; walltime: 66.9
36502.0/37230.0 days/days; walltime: 32.2
36503.0/37230.0 days/days; walltime: 35.4
36504.0/37230.0 days/days; walltime: 18.9
36505.0/37230.0 days/days; walltime: 44.3
36506.0/37230.0 days/days; walltime: 10.2
36507.0/37230.0 days/days; walltime: 13.2
36508.0/37230.0 days/days; walltime: 3.8
36509.0/37230.0 days/days; walltime: 3.6
36510.0/37230.0 days/days; walltime: 3.1
36511.0/37230.0 days/days; walltime: 3.6
36512.0/37230.0 days/days; walltime: 6.2
36513.0/37230.0 days/days; walltime: 2.8
36514.0/37230.0 days/days; walltime: 2.5
36515.0/37230.0 days/days; walltime: 34.4
36516.0/37230.0 days/days; walltime: 2.2
36517.0/37230.0 days/days; walltime: 4.6
36518.0/37230.0 days/days; walltime: 1.5
36519.0/37230.0 days/days; walltime: 0.7
36520.0/37230.0 days/days; walltime: 1.2
36521.0/37230.0 days/days; walltime: 1.4
36522.0/37230.0 days/days; walltime: 1.1
36523.0/37230.0 days/days; walltime: 1.4
36524.0/37230.0 days/days; walltime: 1.4
36525.0/37230.0 days/days; walltime: 1.0
--36526.0/37230.0 days/days; walltime: 63.5
--36527.0/37230.0 days/days; walltime: 294.1
36528.0/37230.0 days/days; walltime: 55.3
36529.0/37230.0 days/days; walltime: 1.2
36530.0/37230.0 days/days; walltime: 1.2
36531.0/37230.0 days/days; walltime: 1.1
36532.0/37230.0 days/days; walltime: 1.1
36533.0/37230.0 days/days; walltime: 0.8
36534.0/37230.0 days/days; walltime: 2.8
36535.0/37230.0 days/days; walltime: 1.0
36536.0/37230.0 days/days; walltime: 0.7
36537.0/37230.0 days/days; walltime: 0.8
36538.0/37230.0 days/days; walltime: 0.7
36539.0/37230.0 days/days; walltime: 0.7
36540.0/37230.0 days/days; walltime: 2.7
36541.0/37230.0 days/days; walltime: 4.4
36542.0/37230.0 days/days; walltime: 7.6
36543.0/37230.0 days/days; walltime: 6.1
36544.0/37230.0 days/days; walltime: 7.7
36545.0/37230.0 days/days; walltime: 7.6
36546.0/37230.0 days/days; walltime: 9.5
36547.0/37230.0 days/days; walltime: 52.4
36548.0/37230.0 days/days; walltime: 130.8
36549.0/37230.0 days/days; walltime: 167.9
-36550.0/37230.0 days/days; walltime: 175.4
36551.0/37230.0 days/days; walltime: 96.3
36552.0/37230.0 days/days; walltime: 197.9
36553.0/37230.0 days/days; walltime: 106.9
36554.0/37230.0 days/days; walltime: 50.6
36555.0/37230.0 days/days; walltime: 111.1
36556.0/37230.0 days/days; walltime: 28.4
36557.0/37230.0 days/days; walltime: 0.4
36558.0/37230.0 days/days; walltime: 0.5
36559.0/37230.0 days/days; walltime: 0.4
36560.0/37230.0 days/days; walltime: 0.4
36561.0/37230.0 days/days; walltime: 0.4
36562.0/37230.0 days/days; walltime: 0.6
36563.0/37230.0 days/days; walltime: 0.5
36564.0/37230.0 days/days; walltime: 0.5
36565.0/37230.0 days/days; walltime: 0.5
36566.0/37230.0 days/days; walltime: 0.5
36567.0/37230.0 days/days; walltime: 0.5
36568.0/37230.0 days/days; walltime: 0.5
36569.0/37230.0 days/days; walltime: 0.5
36570.0/37230.0 days/days; walltime: 0.3
36571.0/37230.0 days/days; walltime: 0.5
36572.0/37230.0 days/days; walltime: 0.5
36573.0/37230.0 days/days; walltime: 2.1
36574.0/37230.0 days/days; walltime: 0.4
36575.0/37230.0 days/days; walltime: 0.5
36576.0/37230.0 days/days; walltime: 0.4
36577.0/37230.0 days/days; walltime: 0.3
36578.0/37230.0 days/days; walltime: 0.4
36579.0/37230.0 days/days; walltime: 0.4
36580.0/37230.0 days/days; walltime: 0.4
36581.0/37230.0 days/days; walltime: 0.3
36582.0/37230.0 days/days; walltime: 0.4
36583.0/37230.0 days/days; walltime: 0.4
36584.0/37230.0 days/days; walltime: 0.4
36585.0/37230.0 days/days; walltime: 0.2
36586.0/37230.0 days/days; walltime: 0.4
36587.0/37230.0 days/days; walltime: 0.3
36588.0/37230.0 days/days; walltime: 0.3
36589.0/37230.0 days/days; walltime: 2.0
36590.0/37230.0 days/days; walltime: 0.3
36591.0/37230.0 days/days; walltime: 0.2
36592.0/37230.0 days/days; walltime: 0.4
36593.0/37230.0 days/days; walltime: 0.4
36594.0/37230.0 days/days; walltime: 0.3
36595.0/37230.0 days/days; walltime: 0.2
36596.0/37230.0 days/days; walltime: 0.3
36597.0/37230.0 days/days; walltime: 0.4
36598.0/37230.0 days/days; walltime: 0.3
36599.0/37230.0 days/days; walltime: 0.3
36600.0/37230.0 days/days; walltime: 2.1
36601.0/37230.0 days/days; walltime: 0.2
36602.0/37230.0 days/days; walltime: 0.3
36603.0/37230.0 days/days; walltime: 0.2
36604.0/37230.0 days/days; walltime: 0.2
36605.0/37230.0 days/days; walltime: 0.2
36606.0/37230.0 days/days; walltime: 0.3
36607.0/37230.0 days/days; walltime: 0.2
36608.0/37230.0 days/days; walltime: 0.3
36609.0/37230.0 days/days; walltime: 0.2
36610.0/37230.0 days/days; walltime: 0.4
36611.0/37230.0 days/days; walltime: 0.3
36612.0/37230.0 days/days; walltime: 0.2
36613.0/37230.0 days/days; walltime: 0.3
36614.0/37230.0 days/days; walltime: 0.3
36615.0/37230.0 days/days; walltime: 3.4
36616.0/37230.0 days/days; walltime: 6.0
36617.0/37230.0 days/days; walltime: 8.0
36618.0/37230.0 days/days; walltime: 8.8
36619.0/37230.0 days/days; walltime: 10.4
36620.0/37230.0 days/days; walltime: 10.7
36621.0/37230.0 days/days; walltime: 12.2
36622.0/37230.0 days/days; walltime: 10.6
36623.0/37230.0 days/days; walltime: 11.9
36624.0/37230.0 days/days; walltime: 12.9
36625.0/37230.0 days/days; walltime: 11.8
36626.0/37230.0 days/days; walltime: 11.2
36627.0/37230.0 days/days; walltime: 12.6
36628.0/37230.0 days/days; walltime: 14.4
36629.0/37230.0 days/days; walltime: 34.2
36630.0/37230.0 days/days; walltime: 23.2
36631.0/37230.0 days/days; walltime: 32.9
36632.0/37230.0 days/days; walltime: 31.4
36633.0/37230.0 days/days; walltime: 38.3
36634.0/37230.0 days/days; walltime: 72.9
36635.0/37230.0 days/days; walltime: 52.7
36636.0/37230.0 days/days; walltime: 63.2
36637.0/37230.0 days/days; walltime: 63.2
36638.0/37230.0 days/days; walltime: 27.1
36639.0/37230.0 days/days; walltime: 47.6
36640.0/37230.0 days/days; walltime: 54.1
36641.0/37230.0 days/days; walltime: 22.5
--36642.0/37230.0 days/days; walltime: 50.5
36643.0/37230.0 days/days; walltime: 53.1
36644.0/37230.0 days/days; walltime: 69.5
----36645.0/37230.0 days/days; walltime: 48.1
36646.0/37230.0 days/days; walltime: 83.6
---36647.0/37230.0 days/days; walltime: 67.5
--36648.0/37230.0 days/days; walltime: 89.8
36649.0/37230.0 days/days; walltime: 98.6
--36650.0/37230.0 days/days; walltime: 60.1
36651.0/37230.0 days/days; walltime: 105.4
--36652.0/37230.0 days/days; walltime: 90.5
-36653.0/37230.0 days/days; walltime: 76.6
36654.0/37230.0 days/days; walltime: 92.7
------------36655.0/37230.0 days/days; walltime: 119.7
----36656.0/37230.0 days/days; walltime: 88.1
--36657.0/37230.0 days/days; walltime: 57.9
36658.0/37230.0 days/days; walltime: 78.4
36659.0/37230.0 days/days; walltime: 79.0
----36660.0/37230.0 days/days; walltime: 110.9
--36661.0/37230.0 days/days; walltime: 88.2
----36662.0/37230.0 days/days; walltime: 53.3
--36663.0/37230.0 days/days; walltime: 58.3
--36664.0/37230.0 days/days; walltime: 105.1
--36665.0/37230.0 days/days; walltime: 122.6
----36666.0/37230.0 days/days; walltime: 123.3
36667.0/37230.0 days/days; walltime: 100.0
--36668.0/37230.0 days/days; walltime: 93.8
36669.0/37230.0 days/days; walltime: 82.5
-----36670.0/37230.0 days/days; walltime: 150.6
36671.0/37230.0 days/days; walltime: 159.1
36672.0/37230.0 days/days; walltime: 158.5
--36673.0/37230.0 days/days; walltime: 93.2
36674.0/37230.0 days/days; walltime: 71.8
36675.0/37230.0 days/days; walltime: 110.0
--36676.0/37230.0 days/days; walltime: 80.3
----36677.0/37230.0 days/days; walltime: 114.4
-36678.0/37230.0 days/days; walltime: 98.1
36679.0/37230.0 days/days; walltime: 78.7
36680.0/37230.0 days/days; walltime: 114.8
36681.0/37230.0 days/days; walltime: 62.2
36682.0/37230.0 days/days; walltime: 76.8
36683.0/37230.0 days/days; walltime: 55.2
--36684.0/37230.0 days/days; walltime: 81.8
36685.0/37230.0 days/days; walltime: 48.0
36686.0/37230.0 days/days; walltime: 67.9
36687.0/37230.0 days/days; walltime: 64.6
36688.0/37230.0 days/days; walltime: 88.7
36689.0/37230.0 days/days; walltime: 71.4
36690.0/37230.0 days/days; walltime: 28.0
36691.0/37230.0 days/days; walltime: 42.0
36692.0/37230.0 days/days; walltime: 32.2
36693.0/37230.0 days/days; walltime: 32.7
36694.0/37230.0 days/days; walltime: 30.4
36695.0/37230.0 days/days; walltime: 33.1
36696.0/37230.0 days/days; walltime: 38.4
36697.0/37230.0 days/days; walltime: 36.8
36698.0/37230.0 days/days; walltime: 13.4
36699.0/37230.0 days/days; walltime: 4.9
--36700.0/37230.0 days/days; walltime: 32.3
36701.0/37230.0 days/days; walltime: 6.1
36702.0/37230.0 days/days; walltime: 13.4
36703.0/37230.0 days/days; walltime: 9.6
36704.0/37230.0 days/days; walltime: 17.4
36705.0/37230.0 days/days; walltime: 15.1
36706.0/37230.0 days/days; walltime: 10.1
36707.0/37230.0 days/days; walltime: 38.1
--36708.0/37230.0 days/days; walltime: 20.4
36709.0/37230.0 days/days; walltime: 5.9
36710.0/37230.0 days/days; walltime: 3.0
36711.0/37230.0 days/days; walltime: 27.8
36712.0/37230.0 days/days; walltime: 13.5
36713.0/37230.0 days/days; walltime: 18.1
36714.0/37230.0 days/days; walltime: 17.6
36715.0/37230.0 days/days; walltime: 11.4
36716.0/37230.0 days/days; walltime: 8.5
36717.0/37230.0 days/days; walltime: 16.7
36718.0/37230.0 days/days; walltime: 10.0
36719.0/37230.0 days/days; walltime: 7.5
36720.0/37230.0 days/days; walltime: 8.9
36721.0/37230.0 days/days; walltime: 12.7
36722.0/37230.0 days/days; walltime: 15.7
36723.0/37230.0 days/days; walltime: 8.2
36724.0/37230.0 days/days; walltime: 11.0
36725.0/37230.0 days/days; walltime: 8.6
36726.0/37230.0 days/days; walltime: 10.7
36727.0/37230.0 days/days; walltime: 9.7
36728.0/37230.0 days/days; walltime: 11.3
36729.0/37230.0 days/days; walltime: 10.4
36730.0/37230.0 days/days; walltime: 10.1
36731.0/37230.0 days/days; walltime: 8.2
36732.0/37230.0 days/days; walltime: 9.3
36733.0/37230.0 days/days; walltime: 11.5
36734.0/37230.0 days/days; walltime: 10.4
36735.0/37230.0 days/days; walltime: 11.9
36736.0/37230.0 days/days; walltime: 9.4
36737.0/37230.0 days/days; walltime: 12.5
36738.0/37230.0 days/days; walltime: 9.6
36739.0/37230.0 days/days; walltime: 9.9
36740.0/37230.0 days/days; walltime: 9.7
36741.0/37230.0 days/days; walltime: 10.6
36742.0/37230.0 days/days; walltime: 11.4
36743.0/37230.0 days/days; walltime: 22.4
36744.0/37230.0 days/days; walltime: 13.5
36745.0/37230.0 days/days; walltime: 31.0
36746.0/37230.0 days/days; walltime: 9.2
36747.0/37230.0 days/days; walltime: 10.6
36748.0/37230.0 days/days; walltime: 8.2
36749.0/37230.0 days/days; walltime: 7.2
36750.0/37230.0 days/days; walltime: 7.3
36751.0/37230.0 days/days; walltime: 3.8
36752.0/37230.0 days/days; walltime: 1.7
36753.0/37230.0 days/days; walltime: 1.6
36754.0/37230.0 days/days; walltime: 1.6
36755.0/37230.0 days/days; walltime: 1.4
36756.0/37230.0 days/days; walltime: 1.2
36757.0/37230.0 days/days; walltime: 1.4
36758.0/37230.0 days/days; walltime: 1.1
36759.0/37230.0 days/days; walltime: 1.1
36760.0/37230.0 days/days; walltime: 3.4
36761.0/37230.0 days/days; walltime: 305.8
36762.0/37230.0 days/days; walltime: 18.5
36763.0/37230.0 days/days; walltime: 0.7
36764.0/37230.0 days/days; walltime: 0.8
36765.0/37230.0 days/days; walltime: 0.7
36766.0/37230.0 days/days; walltime: 0.5
36767.0/37230.0 days/days; walltime: 0.6
36768.0/37230.0 days/days; walltime: 0.7
36769.0/37230.0 days/days; walltime: 0.5
36770.0/37230.0 days/days; walltime: 0.6
36771.0/37230.0 days/days; walltime: 0.7
36772.0/37230.0 days/days; walltime: 0.6
36773.0/37230.0 days/days; walltime: 0.5
36774.0/37230.0 days/days; walltime: 0.7
36775.0/37230.0 days/days; walltime: 0.5
36776.0/37230.0 days/days; walltime: 0.6
36777.0/37230.0 days/days; walltime: 5.8
36778.0/37230.0 days/days; walltime: 0.5
36779.0/37230.0 days/days; walltime: 0.5
36780.0/37230.0 days/days; walltime: 0.4
36781.0/37230.0 days/days; walltime: 0.4
36782.0/37230.0 days/days; walltime: 0.4
36783.0/37230.0 days/days; walltime: 0.4
36784.0/37230.0 days/days; walltime: 0.4
36785.0/37230.0 days/days; walltime: 0.4
36786.0/37230.0 days/days; walltime: 0.4
36787.0/37230.0 days/days; walltime: 0.4
36788.0/37230.0 days/days; walltime: 0.4
36789.0/37230.0 days/days; walltime: 0.6
36790.0/37230.0 days/days; walltime: 0.5
36791.0/37230.0 days/days; walltime: 0.5
36792.0/37230.0 days/days; walltime: 2.1
36793.0/37230.0 days/days; walltime: 0.4
36794.0/37230.0 days/days; walltime: 0.4
36795.0/37230.0 days/days; walltime: 0.3
36796.0/37230.0 days/days; walltime: 0.4
36797.0/37230.0 days/days; walltime: 0.4
36798.0/37230.0 days/days; walltime: 0.3
36799.0/37230.0 days/days; walltime: 0.2
36800.0/37230.0 days/days; walltime: 0.4
36801.0/37230.0 days/days; walltime: 0.3
36802.0/37230.0 days/days; walltime: 0.3
36803.0/37230.0 days/days; walltime: 0.3
36804.0/37230.0 days/days; walltime: 0.3
36805.0/37230.0 days/days; walltime: 0.4
36806.0/37230.0 days/days; walltime: 0.4
36807.0/37230.0 days/days; walltime: 0.4
36808.0/37230.0 days/days; walltime: 1.9
36809.0/37230.0 days/days; walltime: 0.3
36810.0/37230.0 days/days; walltime: 0.3
36811.0/37230.0 days/days; walltime: 0.1
36812.0/37230.0 days/days; walltime: 0.3
36813.0/37230.0 days/days; walltime: 0.7
36814.0/37230.0 days/days; walltime: 0.2
36815.0/37230.0 days/days; walltime: 0.3
36816.0/37230.0 days/days; walltime: 0.3
36817.0/37230.0 days/days; walltime: 0.1
36818.0/37230.0 days/days; walltime: 0.3
36819.0/37230.0 days/days; walltime: 0.1
36820.0/37230.0 days/days; walltime: 0.3
36821.0/37230.0 days/days; walltime: 0.4
36822.0/37230.0 days/days; walltime: 1.9
36823.0/37230.0 days/days; walltime: 0.1
36824.0/37230.0 days/days; walltime: 0.2
36825.0/37230.0 days/days; walltime: 0.1
36826.0/37230.0 days/days; walltime: 0.2
36827.0/37230.0 days/days; walltime: 0.1
36828.0/37230.0 days/days; walltime: 0.3
36829.0/37230.0 days/days; walltime: 0.2
36830.0/37230.0 days/days; walltime: 0.1
36831.0/37230.0 days/days; walltime: 0.2
36832.0/37230.0 days/days; walltime: 1.8
36833.0/37230.0 days/days; walltime: 0.1
36834.0/37230.0 days/days; walltime: 0.2
36835.0/37230.0 days/days; walltime: 0.1
36836.0/37230.0 days/days; walltime: 0.2
36837.0/37230.0 days/days; walltime: 0.1
36838.0/37230.0 days/days; walltime: 0.1
36839.0/37230.0 days/days; walltime: 0.2
36840.0/37230.0 days/days; walltime: 0.1
36841.0/37230.0 days/days; walltime: 1.8
36842.0/37230.0 days/days; walltime: 0.2
36843.0/37230.0 days/days; walltime: 0.2
36844.0/37230.0 days/days; walltime: 0.3
36845.0/37230.0 days/days; walltime: 0.3
36846.0/37230.0 days/days; walltime: 0.1
36847.0/37230.0 days/days; walltime: 0.3
36848.0/37230.0 days/days; walltime: 0.3
36849.0/37230.0 days/days; walltime: 0.1
36850.0/37230.0 days/days; walltime: 0.3
36851.0/37230.0 days/days; walltime: 0.1
36852.0/37230.0 days/days; walltime: 0.1
36853.0/37230.0 days/days; walltime: 0.3
36854.0/37230.0 days/days; walltime: 0.4
36855.0/37230.0 days/days; walltime: 0.2
36856.0/37230.0 days/days; walltime: 0.3
36857.0/37230.0 days/days; walltime: 0.2
36858.0/37230.0 days/days; walltime: 0.3
36859.0/37230.0 days/days; walltime: 1.9
36860.0/37230.0 days/days; walltime: 0.3
36861.0/37230.0 days/days; walltime: 0.1
36862.0/37230.0 days/days; walltime: 0.3
36863.0/37230.0 days/days; walltime: 0.1
36864.0/37230.0 days/days; walltime: 0.3
36865.0/37230.0 days/days; walltime: 0.2
36866.0/37230.0 days/days; walltime: 0.3
36867.0/37230.0 days/days; walltime: 0.2
36868.0/37230.0 days/days; walltime: 0.3
36869.0/37230.0 days/days; walltime: 0.1
36870.0/37230.0 days/days; walltime: 0.3
36871.0/37230.0 days/days; walltime: 0.2
36872.0/37230.0 days/days; walltime: 0.3
36873.0/37230.0 days/days; walltime: 0.2
36874.0/37230.0 days/days; walltime: 0.3
36875.0/37230.0 days/days; walltime: 0.1
36876.0/37230.0 days/days; walltime: 0.2
36877.0/37230.0 days/days; walltime: 0.3
36878.0/37230.0 days/days; walltime: 0.2
36879.0/37230.0 days/days; walltime: 0.2
36880.0/37230.0 days/days; walltime: 0.2
36881.0/37230.0 days/days; walltime: 0.3
36882.0/37230.0 days/days; walltime: 0.1
36883.0/37230.0 days/days; walltime: 0.2
36884.0/37230.0 days/days; walltime: 1.9
36885.0/37230.0 days/days; walltime: 0.1
36886.0/37230.0 days/days; walltime: 0.3
36887.0/37230.0 days/days; walltime: 0.1
36888.0/37230.0 days/days; walltime: 0.2
36889.0/37230.0 days/days; walltime: 0.2
36890.0/37230.0 days/days; walltime: 0.2
36891.0/37230.0 days/days; walltime: 0.1
36892.0/37230.0 days/days; walltime: 0.3
36893.0/37230.0 days/days; walltime: 0.1
36894.0/37230.0 days/days; walltime: 0.1
36895.0/37230.0 days/days; walltime: 0.3
36896.0/37230.0 days/days; walltime: 0.1
36897.0/37230.0 days/days; walltime: 0.3
36898.0/37230.0 days/days; walltime: 0.1
36899.0/37230.0 days/days; walltime: 0.1
36900.0/37230.0 days/days; walltime: 0.3
36901.0/37230.0 days/days; walltime: 0.1
36902.0/37230.0 days/days; walltime: 0.1
36903.0/37230.0 days/days; walltime: 0.3
36904.0/37230.0 days/days; walltime: 0.1
36905.0/37230.0 days/days; walltime: 0.1
36906.0/37230.0 days/days; walltime: 0.1
36907.0/37230.0 days/days; walltime: 0.3
36908.0/37230.0 days/days; walltime: 0.1
36909.0/37230.0 days/days; walltime: 0.1
36910.0/37230.0 days/days; walltime: 0.2
36911.0/37230.0 days/days; walltime: 0.2
36912.0/37230.0 days/days; walltime: 0.1
36913.0/37230.0 days/days; walltime: 0.1
36914.0/37230.0 days/days; walltime: 0.1
36915.0/37230.0 days/days; walltime: 0.1
36916.0/37230.0 days/days; walltime: 0.2
36917.0/37230.0 days/days; walltime: 0.1
36918.0/37230.0 days/days; walltime: 0.1
36919.0/37230.0 days/days; walltime: 0.1
36920.0/37230.0 days/days; walltime: 0.1
36921.0/37230.0 days/days; walltime: 0.1
36922.0/37230.0 days/days; walltime: 0.3
36923.0/37230.0 days/days; walltime: 0.1
36924.0/37230.0 days/days; walltime: 0.1
36925.0/37230.0 days/days; walltime: 0.2
36926.0/37230.0 days/days; walltime: 1.8
36927.0/37230.0 days/days; walltime: 0.1
36928.0/37230.0 days/days; walltime: 0.1
36929.0/37230.0 days/days; walltime: 0.2
36930.0/37230.0 days/days; walltime: 0.1
36931.0/37230.0 days/days; walltime: 0.1
36932.0/37230.0 days/days; walltime: 0.1
36933.0/37230.0 days/days; walltime: 0.2
36934.0/37230.0 days/days; walltime: 0.1
36935.0/37230.0 days/days; walltime: 0.1
36936.0/37230.0 days/days; walltime: 0.1
36937.0/37230.0 days/days; walltime: 0.2
36938.0/37230.0 days/days; walltime: 0.1
36939.0/37230.0 days/days; walltime: 0.1
36940.0/37230.0 days/days; walltime: 0.1
36941.0/37230.0 days/days; walltime: 0.2
36942.0/37230.0 days/days; walltime: 0.1
36943.0/37230.0 days/days; walltime: 0.1
36944.0/37230.0 days/days; walltime: 0.1
36945.0/37230.0 days/days; walltime: 0.2
36946.0/37230.0 days/days; walltime: 0.1
36947.0/37230.0 days/days; walltime: 0.1
36948.0/37230.0 days/days; walltime: 0.1
36949.0/37230.0 days/days; walltime: 0.2
36950.0/37230.0 days/days; walltime: 0.1
36951.0/37230.0 days/days; walltime: 0.1
36953.0/37230.0 days/days; walltime: 0.1
36954.0/37230.0 days/days; walltime: 0.2
36955.0/37230.0 days/days; walltime: 0.1
36956.0/37230.0 days/days; walltime: 0.1
36957.0/37230.0 days/days; walltime: 0.1
36958.0/37230.0 days/days; walltime: 0.3
36960.0/37230.0 days/days; walltime: 0.2
36961.0/37230.0 days/days; walltime: 0.1
36962.0/37230.0 days/days; walltime: 0.3
36963.0/37230.0 days/days; walltime: 0.1
36964.0/37230.0 days/days; walltime: 0.2
36965.0/37230.0 days/days; walltime: 0.1
36966.0/37230.0 days/days; walltime: 0.1
36968.0/37230.0 days/days; walltime: 0.1
36969.0/37230.0 days/days; walltime: 0.2
36970.0/37230.0 days/days; walltime: 0.1
36971.0/37230.0 days/days; walltime: 0.1
36972.0/37230.0 days/days; walltime: 0.1
36973.0/37230.0 days/days; walltime: 0.3
36975.0/37230.0 days/days; walltime: 0.2
36976.0/37230.0 days/days; walltime: 0.1
36977.0/37230.0 days/days; walltime: 0.1
36978.0/37230.0 days/days; walltime: 0.2
36979.0/37230.0 days/days; walltime: 0.1
--36980.0/37230.0 days/days; walltime: 3.5
36981.0/37230.0 days/days; walltime: 5.8
36982.0/37230.0 days/days; walltime: 7.4
36983.0/37230.0 days/days; walltime: 10.1
36984.0/37230.0 days/days; walltime: 8.2
36985.0/37230.0 days/days; walltime: 19.6
36986.0/37230.0 days/days; walltime: 10.1
36987.0/37230.0 days/days; walltime: 10.0
36988.0/37230.0 days/days; walltime: 11.0
36989.0/37230.0 days/days; walltime: 12.5
36990.0/37230.0 days/days; walltime: 10.0
36991.0/37230.0 days/days; walltime: 11.5
36992.0/37230.0 days/days; walltime: 9.7
36993.0/37230.0 days/days; walltime: 13.4
36994.0/37230.0 days/days; walltime: 10.7
36995.0/37230.0 days/days; walltime: 17.9
36996.0/37230.0 days/days; walltime: 31.0
36997.0/37230.0 days/days; walltime: 33.2
36998.0/37230.0 days/days; walltime: 22.3
36999.0/37230.0 days/days; walltime: 18.4
37000.0/37230.0 days/days; walltime: 37.9
37001.0/37230.0 days/days; walltime: 35.7
37002.0/37230.0 days/days; walltime: 22.2
37003.0/37230.0 days/days; walltime: 63.3
37004.0/37230.0 days/days; walltime: 48.8
37005.0/37230.0 days/days; walltime: 23.7
37006.0/37230.0 days/days; walltime: 40.3
--37007.0/37230.0 days/days; walltime: 38.0
37008.0/37230.0 days/days; walltime: 43.3
----37009.0/37230.0 days/days; walltime: 40.7
37010.0/37230.0 days/days; walltime: 51.0
37011.0/37230.0 days/days; walltime: 55.8
------37012.0/37230.0 days/days; walltime: 77.8
--37013.0/37230.0 days/days; walltime: 99.7
--37014.0/37230.0 days/days; walltime: 123.4
----37015.0/37230.0 days/days; walltime: 104.7
--37016.0/37230.0 days/days; walltime: 84.3
-------37017.0/37230.0 days/days; walltime: 92.0
----37018.0/37230.0 days/days; walltime: 111.7
--37019.0/37230.0 days/days; walltime: 118.7
-----37020.0/37230.0 days/days; walltime: 113.0
----37021.0/37230.0 days/days; walltime: 73.3
----37022.0/37230.0 days/days; walltime: 81.8
--37023.0/37230.0 days/days; walltime: 72.2
--37024.0/37230.0 days/days; walltime: 93.3
----37025.0/37230.0 days/days; walltime: 124.6
------37026.0/37230.0 days/days; walltime: 69.8
--37027.0/37230.0 days/days; walltime: 111.0
--37028.0/37230.0 days/days; walltime: 68.3
----37029.0/37230.0 days/days; walltime: 97.8
------37030.0/37230.0 days/days; walltime: 86.7
--37031.0/37230.0 days/days; walltime: 96.3
--37032.0/37230.0 days/days; walltime: 161.7
37033.0/37230.0 days/days; walltime: 80.7
37034.0/37230.0 days/days; walltime: 75.7
--37035.0/37230.0 days/days; walltime: 256.1
--37036.0/37230.0 days/days; walltime: 173.0
--37037.0/37230.0 days/days; walltime: 133.6
37038.0/37230.0 days/days; walltime: 126.2
37039.0/37230.0 days/days; walltime: 81.0
37040.0/37230.0 days/days; walltime: 81.4
37041.0/37230.0 days/days; walltime: 96.0
37042.0/37230.0 days/days; walltime: 114.2
37043.0/37230.0 days/days; walltime: 131.8
37044.0/37230.0 days/days; walltime: 61.7
37045.0/37230.0 days/days; walltime: 106.0
37046.0/37230.0 days/days; walltime: 99.1
--37047.0/37230.0 days/days; walltime: 72.2
37048.0/37230.0 days/days; walltime: 57.7
37049.0/37230.0 days/days; walltime: 83.5
37050.0/37230.0 days/days; walltime: 61.7
37051.0/37230.0 days/days; walltime: 53.5
--37052.0/37230.0 days/days; walltime: 46.3
37053.0/37230.0 days/days; walltime: 56.2
37054.0/37230.0 days/days; walltime: 119.1
37055.0/37230.0 days/days; walltime: 20.7
37056.0/37230.0 days/days; walltime: 31.4
37057.0/37230.0 days/days; walltime: 45.3
37058.0/37230.0 days/days; walltime: 35.3
37059.0/37230.0 days/days; walltime: 37.5
37060.0/37230.0 days/days; walltime: 75.1
--37061.0/37230.0 days/days; walltime: 54.0
37062.0/37230.0 days/days; walltime: 23.9
37063.0/37230.0 days/days; walltime: 24.1
37064.0/37230.0 days/days; walltime: 9.7
37065.0/37230.0 days/days; walltime: 30.3
37066.0/37230.0 days/days; walltime: 10.9
37067.0/37230.0 days/days; walltime: 31.5
37068.0/37230.0 days/days; walltime: 12.6
37069.0/37230.0 days/days; walltime: 11.0
37070.0/37230.0 days/days; walltime: 8.9
37071.0/37230.0 days/days; walltime: 7.5
37072.0/37230.0 days/days; walltime: 17.6
37073.0/37230.0 days/days; walltime: 8.6
37074.0/37230.0 days/days; walltime: 7.3
37075.0/37230.0 days/days; walltime: 3.2
37076.0/37230.0 days/days; walltime: 14.3
37077.0/37230.0 days/days; walltime: 9.1
--37078.0/37230.0 days/days; walltime: 22.8
37079.0/37230.0 days/days; walltime: 5.6
37080.0/37230.0 days/days; walltime: 8.1
37081.0/37230.0 days/days; walltime: 7.9
37082.0/37230.0 days/days; walltime: 13.4
37083.0/37230.0 days/days; walltime: 11.1
37084.0/37230.0 days/days; walltime: 7.1
37085.0/37230.0 days/days; walltime: 7.2
37086.0/37230.0 days/days; walltime: 13.1
37087.0/37230.0 days/days; walltime: 12.3
37088.0/37230.0 days/days; walltime: 8.8
37089.0/37230.0 days/days; walltime: 12.0
37090.0/37230.0 days/days; walltime: 9.7
37091.0/37230.0 days/days; walltime: 15.7
37092.0/37230.0 days/days; walltime: 8.2
37093.0/37230.0 days/days; walltime: 13.2
37094.0/37230.0 days/days; walltime: 16.9
37095.0/37230.0 days/days; walltime: 13.0
37096.0/37230.0 days/days; walltime: 10.4
37097.0/37230.0 days/days; walltime: 13.5
37098.0/37230.0 days/days; walltime: 12.8
37099.0/37230.0 days/days; walltime: 10.5
37100.0/37230.0 days/days; walltime: 10.8
37101.0/37230.0 days/days; walltime: 9.6
37102.0/37230.0 days/days; walltime: 12.5
37103.0/37230.0 days/days; walltime: 9.6
37104.0/37230.0 days/days; walltime: 11.8
37105.0/37230.0 days/days; walltime: 10.2
37106.0/37230.0 days/days; walltime: 9.2
37107.0/37230.0 days/days; walltime: 11.9
37108.0/37230.0 days/days; walltime: 22.6
37109.0/37230.0 days/days; walltime: 12.3
37110.0/37230.0 days/days; walltime: 9.4
37111.0/37230.0 days/days; walltime: 14.3
37112.0/37230.0 days/days; walltime: 29.1
37113.0/37230.0 days/days; walltime: 16.4
37114.0/37230.0 days/days; walltime: 23.1
37115.0/37230.0 days/days; walltime: 10.7
37116.0/37230.0 days/days; walltime: 1.9
37117.0/37230.0 days/days; walltime: 1.8
37118.0/37230.0 days/days; walltime: 1.2
37119.0/37230.0 days/days; walltime: 1.3
37120.0/37230.0 days/days; walltime: 1.5
37121.0/37230.0 days/days; walltime: 4.6
37122.0/37230.0 days/days; walltime: 0.9
37123.0/37230.0 days/days; walltime: 1.1
37124.0/37230.0 days/days; walltime: 1.3
37125.0/37230.0 days/days; walltime: 0.7
37126.0/37230.0 days/days; walltime: 1.0
37127.0/37230.0 days/days; walltime: 0.7
37128.0/37230.0 days/days; walltime: 0.7
37129.0/37230.0 days/days; walltime: 0.7
37130.0/37230.0 days/days; walltime: 0.7
37131.0/37230.0 days/days; walltime: 0.9
37132.0/37230.0 days/days; walltime: 0.9
37133.0/37230.0 days/days; walltime: 0.7
37134.0/37230.0 days/days; walltime: 4.6
37135.0/37230.0 days/days; walltime: 0.5
37136.0/37230.0 days/days; walltime: 0.4
37137.0/37230.0 days/days; walltime: 0.6
37138.0/37230.0 days/days; walltime: 0.4
37139.0/37230.0 days/days; walltime: 0.5
37140.0/37230.0 days/days; walltime: 0.5
37141.0/37230.0 days/days; walltime: 0.5
37142.0/37230.0 days/days; walltime: 0.6
37143.0/37230.0 days/days; walltime: 0.6
37144.0/37230.0 days/days; walltime: 0.5
37145.0/37230.0 days/days; walltime: 0.6
37146.0/37230.0 days/days; walltime: 0.5
37147.0/37230.0 days/days; walltime: 0.6
37148.0/37230.0 days/days; walltime: 0.4
37149.0/37230.0 days/days; walltime: 2.1
37150.0/37230.0 days/days; walltime: 0.4
37151.0/37230.0 days/days; walltime: 0.4
37152.0/37230.0 days/days; walltime: 0.4
37153.0/37230.0 days/days; walltime: 0.4
37154.0/37230.0 days/days; walltime: 0.4
37155.0/37230.0 days/days; walltime: 0.4
37156.0/37230.0 days/days; walltime: 0.4
37157.0/37230.0 days/days; walltime: 0.4
37158.0/37230.0 days/days; walltime: 0.3
37159.0/37230.0 days/days; walltime: 0.5
37160.0/37230.0 days/days; walltime: 0.5
37161.0/37230.0 days/days; walltime: 0.4
37162.0/37230.0 days/days; walltime: 0.4
37163.0/37230.0 days/days; walltime: 0.4
37164.0/37230.0 days/days; walltime: 2.1
37165.0/37230.0 days/days; walltime: 0.2
37166.0/37230.0 days/days; walltime: 0.3
37167.0/37230.0 days/days; walltime: 0.3
37168.0/37230.0 days/days; walltime: 0.3
37169.0/37230.0 days/days; walltime: 0.2
37170.0/37230.0 days/days; walltime: 0.3
37171.0/37230.0 days/days; walltime: 0.3
37172.0/37230.0 days/days; walltime: 0.3
37173.0/37230.0 days/days; walltime: 0.1
37174.0/37230.0 days/days; walltime: 0.3
37175.0/37230.0 days/days; walltime: 0.3
37176.0/37230.0 days/days; walltime: 0.2
37177.0/37230.0 days/days; walltime: 0.4
37178.0/37230.0 days/days; walltime: 0.2
37179.0/37230.0 days/days; walltime: 2.1
37180.0/37230.0 days/days; walltime: 0.3
37181.0/37230.0 days/days; walltime: 0.1
37182.0/37230.0 days/days; walltime: 0.3
37183.0/37230.0 days/days; walltime: 0.1
37184.0/37230.0 days/days; walltime: 0.3
37185.0/37230.0 days/days; walltime: 0.3
37186.0/37230.0 days/days; walltime: 0.2
37187.0/37230.0 days/days; walltime: 0.3
37188.0/37230.0 days/days; walltime: 0.2
37189.0/37230.0 days/days; walltime: 0.2
37190.0/37230.0 days/days; walltime: 0.3
37191.0/37230.0 days/days; walltime: 1.9
37192.0/37230.0 days/days; walltime: 0.3
37193.0/37230.0 days/days; walltime: 0.1
37194.0/37230.0 days/days; walltime: 0.1
37195.0/37230.0 days/days; walltime: 0.2
37196.0/37230.0 days/days; walltime: 0.1
37197.0/37230.0 days/days; walltime: 0.2
37198.0/37230.0 days/days; walltime: 0.1
37199.0/37230.0 days/days; walltime: 0.1
37200.0/37230.0 days/days; walltime: 0.2
37201.0/37230.0 days/days; walltime: 0.1
37202.0/37230.0 days/days; walltime: 2.0
37203.0/37230.0 days/days; walltime: 0.3
37204.0/37230.0 days/days; walltime: 0.1
37205.0/37230.0 days/days; walltime: 0.1
37206.0/37230.0 days/days; walltime: 0.2
37207.0/37230.0 days/days; walltime: 0.3
37208.0/37230.0 days/days; walltime: 0.2
37209.0/37230.0 days/days; walltime: 0.3
37210.0/37230.0 days/days; walltime: 0.1
37211.0/37230.0 days/days; walltime: 0.3
37212.0/37230.0 days/days; walltime: 0.3
37213.0/37230.0 days/days; walltime: 0.1
37214.0/37230.0 days/days; walltime: 0.1
37215.0/37230.0 days/days; walltime: 0.4
37216.0/37230.0 days/days; walltime: 0.2
37217.0/37230.0 days/days; walltime: 0.3
37218.0/37230.0 days/days; walltime: 1.8
37219.0/37230.0 days/days; walltime: 0.3
37220.0/37230.0 days/days; walltime: 0.3
37221.0/37230.0 days/days; walltime: 0.1
37222.0/37230.0 days/days; walltime: 0.3
37223.0/37230.0 days/days; walltime: 0.1
37224.0/37230.0 days/days; walltime: 0.3
37225.0/37230.0 days/days; walltime: 0.1
37226.0/37230.0 days/days; walltime: 0.3
37227.0/37230.0 days/days; walltime: 0.2
37228.0/37230.0 days/days; walltime: 0.3
37229.0/37230.0 days/days; walltime: 0.2
37230.0/37230.0 days/days; walltime: 0.3
Wallclock for model run: 14236.9s
 

fields = 

  struct with fields:

    nodes: [1x1 struct]
    edges: [1x1 struct]
       BC: [1x1 struct]

No cases left; exiting.
