Case 3:
Picked up JAVA_TOOL_OPTIONS: -Xmx2g
Opening log file:  /tmp/java.log.22511

                            < M A T L A B (R) >
                  Copyright 1984-2022 The MathWorks, Inc.
                  R2022a (9.12.0.1884302) 64-bit (glnxa64)
                             February 16, 2022

 
To get started, type doc.
For product information, visit www.mathworks.com.
 

config = 

  struct with fields:

                 k_s: 0.2500
                 l_c: 10
            n_moulin: 68
    creep_const_soft: 0
             mesh_nr: 4
                 k_c: 0.1500
               h_bed: 0.5000
               l_bed: 10
               alpha: 3
                beta: 2
               omega: 0

Running model run (ode15s):
Run to steady
Creating output dir: ./RUN/
Saving model run to
./RUN/output_003_steady.nc
Fields, IC & BC initialised
Initial phi calculated in 0.8s
0.0/36500.0 days/days; walltime: 71.5
----------------------------------------------------------------------------------------------------------------------------1825.0/36500.0 days/days; walltime: 6191.6
3650.0/36500.0 days/days; walltime: 30.9
5475.0/36500.0 days/days; walltime: 10.0
-7300.0/36500.0 days/days; walltime: 7.5
---9125.0/36500.0 days/days; walltime: 16.0
----------------------------------------------------------------------------------------------10950.0/36500.0 days/days; walltime: 2666.4
----------------------12775.0/36500.0 days/days; walltime: 917.3
-------------------------14600.0/36500.0 days/days; walltime: 617.4
16425.0/36500.0 days/days; walltime: 401.9
18250.0/36500.0 days/days; walltime: 381.9
20075.0/36500.0 days/days; walltime: 58.6
21900.0/36500.0 days/days; walltime: 1.8
23725.0/36500.0 days/days; walltime: 0.5
25550.0/36500.0 days/days; walltime: 0.3
27375.0/36500.0 days/days; walltime: 0.1
29200.0/36500.0 days/days; walltime: 0.1
31025.0/36500.0 days/days; walltime: 0.2
34675.0/36500.0 days/days; walltime: 0.2
Wallclock for model run: 11374.3s
 

fields = 

  struct with fields:

    nodes: [1x1 struct]
    edges: [1x1 struct]
       BC: [1x1 struct]

Running model run (ode15s):
Run seasonal
Saving model run to
./RUN/output_003_seasonal.nc
IC initialised from struct
IC initialised from file/given & rest from parameters and given functions
36500.0/37230.0 days/days; walltime: 13.3
36501.0/37230.0 days/days; walltime: 76.5
36502.0/37230.0 days/days; walltime: 23.1
36503.0/37230.0 days/days; walltime: 37.0
36504.0/37230.0 days/days; walltime: 18.2
36505.0/37230.0 days/days; walltime: 31.0
36506.0/37230.0 days/days; walltime: 12.8
36507.0/37230.0 days/days; walltime: 7.2
36508.0/37230.0 days/days; walltime: 25.0
36509.0/37230.0 days/days; walltime: 39.5
36510.0/37230.0 days/days; walltime: 3.3
36511.0/37230.0 days/days; walltime: 2.4
36512.0/37230.0 days/days; walltime: 8.5
36513.0/37230.0 days/days; walltime: 18.2
36514.0/37230.0 days/days; walltime: 1.8
36515.0/37230.0 days/days; walltime: 1.8
36516.0/37230.0 days/days; walltime: 1.9
36517.0/37230.0 days/days; walltime: 14.1
36518.0/37230.0 days/days; walltime: 1.2
36519.0/37230.0 days/days; walltime: 8.7
36520.0/37230.0 days/days; walltime: 1.3
36521.0/37230.0 days/days; walltime: 1.2
36522.0/37230.0 days/days; walltime: 1.5
36523.0/37230.0 days/days; walltime: 1.0
36524.0/37230.0 days/days; walltime: 1.4
36525.0/37230.0 days/days; walltime: 1.1
36526.0/37230.0 days/days; walltime: 1.2
36527.0/37230.0 days/days; walltime: 2.4
36528.0/37230.0 days/days; walltime: 2.5
36529.0/37230.0 days/days; walltime: 1.5
36530.0/37230.0 days/days; walltime: 2.1
36531.0/37230.0 days/days; walltime: 0.9
36532.0/37230.0 days/days; walltime: 0.6
36533.0/37230.0 days/days; walltime: 3.8
36534.0/37230.0 days/days; walltime: 0.6
36535.0/37230.0 days/days; walltime: 4.0
36536.0/37230.0 days/days; walltime: 4.6
36537.0/37230.0 days/days; walltime: 1.9
36538.0/37230.0 days/days; walltime: 0.8
36539.0/37230.0 days/days; walltime: 3.8
36540.0/37230.0 days/days; walltime: 0.6
36541.0/37230.0 days/days; walltime: 0.6
36542.0/37230.0 days/days; walltime: 0.4
36543.0/37230.0 days/days; walltime: 0.6
36544.0/37230.0 days/days; walltime: 2.0
36545.0/37230.0 days/days; walltime: 0.4
36546.0/37230.0 days/days; walltime: 0.5
36547.0/37230.0 days/days; walltime: 2.0
36548.0/37230.0 days/days; walltime: 0.5
36549.0/37230.0 days/days; walltime: 0.4
36550.0/37230.0 days/days; walltime: 3.7
36551.0/37230.0 days/days; walltime: 2.0
36552.0/37230.0 days/days; walltime: 0.7
36553.0/37230.0 days/days; walltime: 0.5
36554.0/37230.0 days/days; walltime: 0.4
36555.0/37230.0 days/days; walltime: 1.7
36556.0/37230.0 days/days; walltime: 0.5
36557.0/37230.0 days/days; walltime: 0.4
36558.0/37230.0 days/days; walltime: 0.3
36559.0/37230.0 days/days; walltime: 0.4
36560.0/37230.0 days/days; walltime: 0.3
36561.0/37230.0 days/days; walltime: 0.4
36562.0/37230.0 days/days; walltime: 0.3
36563.0/37230.0 days/days; walltime: 0.3
36564.0/37230.0 days/days; walltime: 0.3
36565.0/37230.0 days/days; walltime: 0.3
36566.0/37230.0 days/days; walltime: 0.3
36567.0/37230.0 days/days; walltime: 0.4
36568.0/37230.0 days/days; walltime: 0.2
36569.0/37230.0 days/days; walltime: 0.3
36570.0/37230.0 days/days; walltime: 0.5
36571.0/37230.0 days/days; walltime: 0.3
36572.0/37230.0 days/days; walltime: 0.3
36573.0/37230.0 days/days; walltime: 0.4
36574.0/37230.0 days/days; walltime: 0.4
36575.0/37230.0 days/days; walltime: 0.4
36576.0/37230.0 days/days; walltime: 0.4
36577.0/37230.0 days/days; walltime: 1.7
36578.0/37230.0 days/days; walltime: 0.3
36579.0/37230.0 days/days; walltime: 0.3
36580.0/37230.0 days/days; walltime: 0.3
36581.0/37230.0 days/days; walltime: 0.1
36582.0/37230.0 days/days; walltime: 0.3
36583.0/37230.0 days/days; walltime: 0.3
36584.0/37230.0 days/days; walltime: 0.1
36585.0/37230.0 days/days; walltime: 0.3
36586.0/37230.0 days/days; walltime: 0.3
36587.0/37230.0 days/days; walltime: 0.3
36588.0/37230.0 days/days; walltime: 0.1
36589.0/37230.0 days/days; walltime: 0.3
36590.0/37230.0 days/days; walltime: 0.3
36591.0/37230.0 days/days; walltime: 0.3
36592.0/37230.0 days/days; walltime: 0.1
36593.0/37230.0 days/days; walltime: 0.3
36594.0/37230.0 days/days; walltime: 0.2
36595.0/37230.0 days/days; walltime: 0.2
36596.0/37230.0 days/days; walltime: 0.4
36597.0/37230.0 days/days; walltime: 0.3
36598.0/37230.0 days/days; walltime: 0.2
36599.0/37230.0 days/days; walltime: 0.3
36600.0/37230.0 days/days; walltime: 0.4
36601.0/37230.0 days/days; walltime: 0.2
36602.0/37230.0 days/days; walltime: 0.4
36603.0/37230.0 days/days; walltime: 0.2
36604.0/37230.0 days/days; walltime: 0.3
36605.0/37230.0 days/days; walltime: 0.2
36606.0/37230.0 days/days; walltime: 0.4
36607.0/37230.0 days/days; walltime: 0.3
36608.0/37230.0 days/days; walltime: 0.2
36609.0/37230.0 days/days; walltime: 0.3
36610.0/37230.0 days/days; walltime: 0.2
36611.0/37230.0 days/days; walltime: 0.2
36612.0/37230.0 days/days; walltime: 0.1
36613.0/37230.0 days/days; walltime: 0.1
36614.0/37230.0 days/days; walltime: 0.1
36615.0/37230.0 days/days; walltime: 0.2
36616.0/37230.0 days/days; walltime: 0.1
36617.0/37230.0 days/days; walltime: 0.2
36618.0/37230.0 days/days; walltime: 0.1
36619.0/37230.0 days/days; walltime: 0.2
36620.0/37230.0 days/days; walltime: 0.1
36621.0/37230.0 days/days; walltime: 0.2
36622.0/37230.0 days/days; walltime: 0.1
36623.0/37230.0 days/days; walltime: 0.3
36624.0/37230.0 days/days; walltime: 0.2
36625.0/37230.0 days/days; walltime: 0.2
36626.0/37230.0 days/days; walltime: 0.2
36627.0/37230.0 days/days; walltime: 0.8
36628.0/37230.0 days/days; walltime: 8.1
36629.0/37230.0 days/days; walltime: 6.1
36630.0/37230.0 days/days; walltime: 10.1
36631.0/37230.0 days/days; walltime: 12.1
36632.0/37230.0 days/days; walltime: 16.2
36633.0/37230.0 days/days; walltime: 18.0
36634.0/37230.0 days/days; walltime: 15.4
36635.0/37230.0 days/days; walltime: 15.3
36636.0/37230.0 days/days; walltime: 15.4
36637.0/37230.0 days/days; walltime: 18.8
36638.0/37230.0 days/days; walltime: 15.0
36639.0/37230.0 days/days; walltime: 13.8
36640.0/37230.0 days/days; walltime: 17.9
36641.0/37230.0 days/days; walltime: 21.4
36642.0/37230.0 days/days; walltime: 28.6
36643.0/37230.0 days/days; walltime: 26.5
36644.0/37230.0 days/days; walltime: 17.2
--36645.0/37230.0 days/days; walltime: 19.3
36646.0/37230.0 days/days; walltime: 20.0
36647.0/37230.0 days/days; walltime: 20.9
36648.0/37230.0 days/days; walltime: 15.3
36649.0/37230.0 days/days; walltime: 24.5
36650.0/37230.0 days/days; walltime: 18.7
----36651.0/37230.0 days/days; walltime: 44.2
--36652.0/37230.0 days/days; walltime: 33.7
----36653.0/37230.0 days/days; walltime: 33.2
------36654.0/37230.0 days/days; walltime: 40.4
----36655.0/37230.0 days/days; walltime: 48.3
--36656.0/37230.0 days/days; walltime: 37.0
--36657.0/37230.0 days/days; walltime: 42.2
--36658.0/37230.0 days/days; walltime: 27.6
----36659.0/37230.0 days/days; walltime: 48.2
------36660.0/37230.0 days/days; walltime: 55.6
---------36661.0/37230.0 days/days; walltime: 45.5
----36662.0/37230.0 days/days; walltime: 44.6
-----36663.0/37230.0 days/days; walltime: 64.1
-------36664.0/37230.0 days/days; walltime: 58.1
--36665.0/37230.0 days/days; walltime: 25.8
-----36666.0/37230.0 days/days; walltime: 69.5
----------36667.0/37230.0 days/days; walltime: 72.4
36668.0/37230.0 days/days; walltime: 47.4
---------------36669.0/37230.0 days/days; walltime: 73.4
------------36670.0/37230.0 days/days; walltime: 91.9
------------36671.0/37230.0 days/days; walltime: 50.5
----36672.0/37230.0 days/days; walltime: 63.9
----36673.0/37230.0 days/days; walltime: 50.1
------36674.0/37230.0 days/days; walltime: 98.1
-------36675.0/37230.0 days/days; walltime: 43.0
----------------36676.0/37230.0 days/days; walltime: 65.4
36677.0/37230.0 days/days; walltime: 29.5
--------36678.0/37230.0 days/days; walltime: 57.1
--36679.0/37230.0 days/days; walltime: 33.3
36680.0/37230.0 days/days; walltime: 23.6
------36681.0/37230.0 days/days; walltime: 61.1
---------36682.0/37230.0 days/days; walltime: 31.2
----36683.0/37230.0 days/days; walltime: 58.3
--36684.0/37230.0 days/days; walltime: 25.6
36685.0/37230.0 days/days; walltime: 52.5
---36686.0/37230.0 days/days; walltime: 31.7
----36687.0/37230.0 days/days; walltime: 59.0
---36688.0/37230.0 days/days; walltime: 64.7
----36689.0/37230.0 days/days; walltime: 28.8
--36690.0/37230.0 days/days; walltime: 52.4
---36691.0/37230.0 days/days; walltime: 18.4
----36692.0/37230.0 days/days; walltime: 22.5
36693.0/37230.0 days/days; walltime: 16.5
--36694.0/37230.0 days/days; walltime: 13.4
36695.0/37230.0 days/days; walltime: 8.7
36696.0/37230.0 days/days; walltime: 11.6
-36697.0/37230.0 days/days; walltime: 13.5
36698.0/37230.0 days/days; walltime: 14.5
36699.0/37230.0 days/days; walltime: 10.6
--36700.0/37230.0 days/days; walltime: 19.2
36701.0/37230.0 days/days; walltime: 5.1
36702.0/37230.0 days/days; walltime: 8.0
36703.0/37230.0 days/days; walltime: 11.3
--------36704.0/37230.0 days/days; walltime: 23.2
36705.0/37230.0 days/days; walltime: 8.5
36706.0/37230.0 days/days; walltime: 32.3
36707.0/37230.0 days/days; walltime: 5.2
36708.0/37230.0 days/days; walltime: 9.9
36709.0/37230.0 days/days; walltime: 10.9
36710.0/37230.0 days/days; walltime: 7.3
36711.0/37230.0 days/days; walltime: 16.7
36712.0/37230.0 days/days; walltime: 5.6
36713.0/37230.0 days/days; walltime: 7.0
36714.0/37230.0 days/days; walltime: 12.8
36715.0/37230.0 days/days; walltime: 10.4
36716.0/37230.0 days/days; walltime: 12.3
36717.0/37230.0 days/days; walltime: 11.3
36718.0/37230.0 days/days; walltime: 13.4
36719.0/37230.0 days/days; walltime: 16.6
36720.0/37230.0 days/days; walltime: 13.0
36721.0/37230.0 days/days; walltime: 15.5
36722.0/37230.0 days/days; walltime: 16.2
36723.0/37230.0 days/days; walltime: 15.0
36724.0/37230.0 days/days; walltime: 14.3
36725.0/37230.0 days/days; walltime: 14.0
36726.0/37230.0 days/days; walltime: 14.1
36727.0/37230.0 days/days; walltime: 12.1
36728.0/37230.0 days/days; walltime: 14.1
36729.0/37230.0 days/days; walltime: 21.9
36730.0/37230.0 days/days; walltime: 14.8
36731.0/37230.0 days/days; walltime: 19.3
36732.0/37230.0 days/days; walltime: 19.2
36733.0/37230.0 days/days; walltime: 30.2
36734.0/37230.0 days/days; walltime: 51.7
36735.0/37230.0 days/days; walltime: 13.7
36736.0/37230.0 days/days; walltime: 8.0
36737.0/37230.0 days/days; walltime: 5.6
36738.0/37230.0 days/days; walltime: 11.8
36739.0/37230.0 days/days; walltime: 9.4
36740.0/37230.0 days/days; walltime: 3.4
36741.0/37230.0 days/days; walltime: 1.5
36742.0/37230.0 days/days; walltime: 1.9
36743.0/37230.0 days/days; walltime: 1.5
36744.0/37230.0 days/days; walltime: 4.7
36745.0/37230.0 days/days; walltime: 1.3
36746.0/37230.0 days/days; walltime: 3.1
36747.0/37230.0 days/days; walltime: 1.0
36748.0/37230.0 days/days; walltime: 1.1
36749.0/37230.0 days/days; walltime: 3.0
36750.0/37230.0 days/days; walltime: 0.7
36751.0/37230.0 days/days; walltime: 0.9
36752.0/37230.0 days/days; walltime: 0.8
36753.0/37230.0 days/days; walltime: 0.8
36754.0/37230.0 days/days; walltime: 0.7
36755.0/37230.0 days/days; walltime: 0.9
36756.0/37230.0 days/days; walltime: 0.7
36757.0/37230.0 days/days; walltime: 0.7
36758.0/37230.0 days/days; walltime: 1.9
36759.0/37230.0 days/days; walltime: 0.6
36760.0/37230.0 days/days; walltime: 0.4
36761.0/37230.0 days/days; walltime: 0.5
36762.0/37230.0 days/days; walltime: 0.4
36763.0/37230.0 days/days; walltime: 0.5
36764.0/37230.0 days/days; walltime: 3.8
36765.0/37230.0 days/days; walltime: 0.4
36766.0/37230.0 days/days; walltime: 0.5
36767.0/37230.0 days/days; walltime: 0.4
36768.0/37230.0 days/days; walltime: 0.4
36769.0/37230.0 days/days; walltime: 0.6
36770.0/37230.0 days/days; walltime: 0.4
36771.0/37230.0 days/days; walltime: 0.4
36772.0/37230.0 days/days; walltime: 0.3
36773.0/37230.0 days/days; walltime: 0.4
36774.0/37230.0 days/days; walltime: 0.5
36775.0/37230.0 days/days; walltime: 0.3
36776.0/37230.0 days/days; walltime: 0.3
36777.0/37230.0 days/days; walltime: 0.4
36778.0/37230.0 days/days; walltime: 0.3
36779.0/37230.0 days/days; walltime: 1.7
36780.0/37230.0 days/days; walltime: 0.4
36781.0/37230.0 days/days; walltime: 0.4
36782.0/37230.0 days/days; walltime: 0.3
36783.0/37230.0 days/days; walltime: 0.3
36784.0/37230.0 days/days; walltime: 0.1
36785.0/37230.0 days/days; walltime: 0.3
36786.0/37230.0 days/days; walltime: 0.3
36787.0/37230.0 days/days; walltime: 0.3
36788.0/37230.0 days/days; walltime: 0.3
36789.0/37230.0 days/days; walltime: 0.1
36790.0/37230.0 days/days; walltime: 0.3
36791.0/37230.0 days/days; walltime: 1.7
36792.0/37230.0 days/days; walltime: 0.3
36793.0/37230.0 days/days; walltime: 0.2
36794.0/37230.0 days/days; walltime: 0.3
36795.0/37230.0 days/days; walltime: 0.2
36796.0/37230.0 days/days; walltime: 0.1
36797.0/37230.0 days/days; walltime: 0.2
36798.0/37230.0 days/days; walltime: 0.3
36799.0/37230.0 days/days; walltime: 0.1
36800.0/37230.0 days/days; walltime: 0.2
36801.0/37230.0 days/days; walltime: 0.1
36802.0/37230.0 days/days; walltime: 0.2
36803.0/37230.0 days/days; walltime: 0.1
36804.0/37230.0 days/days; walltime: 0.2
36805.0/37230.0 days/days; walltime: 0.1
36806.0/37230.0 days/days; walltime: 0.2
36807.0/37230.0 days/days; walltime: 0.1
36808.0/37230.0 days/days; walltime: 0.2
36809.0/37230.0 days/days; walltime: 0.1
36810.0/37230.0 days/days; walltime: 0.2
36811.0/37230.0 days/days; walltime: 0.1
36812.0/37230.0 days/days; walltime: 0.2
36813.0/37230.0 days/days; walltime: 0.1
36814.0/37230.0 days/days; walltime: 0.2
36815.0/37230.0 days/days; walltime: 0.2
36816.0/37230.0 days/days; walltime: 0.4
36817.0/37230.0 days/days; walltime: 0.1
36818.0/37230.0 days/days; walltime: 0.1
36819.0/37230.0 days/days; walltime: 0.1
36820.0/37230.0 days/days; walltime: 0.1
36821.0/37230.0 days/days; walltime: 0.1
36822.0/37230.0 days/days; walltime: 0.1
36823.0/37230.0 days/days; walltime: 0.1
36824.0/37230.0 days/days; walltime: 0.1
36825.0/37230.0 days/days; walltime: 0.1
36826.0/37230.0 days/days; walltime: 0.1
36827.0/37230.0 days/days; walltime: 0.1
36828.0/37230.0 days/days; walltime: 0.1
36829.0/37230.0 days/days; walltime: 0.1
36830.0/37230.0 days/days; walltime: 0.1
36831.0/37230.0 days/days; walltime: 0.2
36832.0/37230.0 days/days; walltime: 0.1
36833.0/37230.0 days/days; walltime: 0.2
36834.0/37230.0 days/days; walltime: 0.1
36835.0/37230.0 days/days; walltime: 0.2
36836.0/37230.0 days/days; walltime: 0.1
36837.0/37230.0 days/days; walltime: 0.2
36838.0/37230.0 days/days; walltime: 0.0
36839.0/37230.0 days/days; walltime: 0.1
36840.0/37230.0 days/days; walltime: 0.2
36841.0/37230.0 days/days; walltime: 0.1
36842.0/37230.0 days/days; walltime: 0.2
36843.0/37230.0 days/days; walltime: 0.1
36844.0/37230.0 days/days; walltime: 0.2
36845.0/37230.0 days/days; walltime: 0.0
36846.0/37230.0 days/days; walltime: 0.2
36847.0/37230.0 days/days; walltime: 0.1
36848.0/37230.0 days/days; walltime: 0.2
36849.0/37230.0 days/days; walltime: 0.0
36850.0/37230.0 days/days; walltime: 0.1
36851.0/37230.0 days/days; walltime: 0.2
36852.0/37230.0 days/days; walltime: 0.1
36853.0/37230.0 days/days; walltime: 0.2
36854.0/37230.0 days/days; walltime: 0.1
36855.0/37230.0 days/days; walltime: 0.2
36856.0/37230.0 days/days; walltime: 0.0
36857.0/37230.0 days/days; walltime: 0.1
36858.0/37230.0 days/days; walltime: 0.2
36859.0/37230.0 days/days; walltime: 0.0
36860.0/37230.0 days/days; walltime: 0.2
36861.0/37230.0 days/days; walltime: 0.0
36862.0/37230.0 days/days; walltime: 0.1
36863.0/37230.0 days/days; walltime: 0.2
36864.0/37230.0 days/days; walltime: 0.1
36865.0/37230.0 days/days; walltime: 0.2
36866.0/37230.0 days/days; walltime: 0.0
36867.0/37230.0 days/days; walltime: 0.1
36868.0/37230.0 days/days; walltime: 0.2
36869.0/37230.0 days/days; walltime: 0.1
36870.0/37230.0 days/days; walltime: 0.0
36871.0/37230.0 days/days; walltime: 0.2
36872.0/37230.0 days/days; walltime: 0.1
36873.0/37230.0 days/days; walltime: 0.0
36874.0/37230.0 days/days; walltime: 0.2
36875.0/37230.0 days/days; walltime: 0.0
36876.0/37230.0 days/days; walltime: 0.0
36877.0/37230.0 days/days; walltime: 0.3
36878.0/37230.0 days/days; walltime: 0.1
36879.0/37230.0 days/days; walltime: 0.2
36880.0/37230.0 days/days; walltime: 0.1
36881.0/37230.0 days/days; walltime: 0.1
36882.0/37230.0 days/days; walltime: 0.2
36883.0/37230.0 days/days; walltime: 0.1
36884.0/37230.0 days/days; walltime: 0.4
36885.0/37230.0 days/days; walltime: 0.1
36886.0/37230.0 days/days; walltime: 0.2
36887.0/37230.0 days/days; walltime: 0.2
36888.0/37230.0 days/days; walltime: 0.1
36889.0/37230.0 days/days; walltime: 0.4
36890.0/37230.0 days/days; walltime: 0.2
36891.0/37230.0 days/days; walltime: 0.2
36892.0/37230.0 days/days; walltime: 0.2
36893.0/37230.0 days/days; walltime: 0.2
36894.0/37230.0 days/days; walltime: 0.4
36895.0/37230.0 days/days; walltime: 0.2
36896.0/37230.0 days/days; walltime: 0.2
36897.0/37230.0 days/days; walltime: 0.2
36898.0/37230.0 days/days; walltime: 0.2
36899.0/37230.0 days/days; walltime: 0.4
36900.0/37230.0 days/days; walltime: 0.2
36901.0/37230.0 days/days; walltime: 0.2
36902.0/37230.0 days/days; walltime: 0.2
36903.0/37230.0 days/days; walltime: 0.2
36904.0/37230.0 days/days; walltime: 0.4
36905.0/37230.0 days/days; walltime: 0.3
36906.0/37230.0 days/days; walltime: 0.2
36907.0/37230.0 days/days; walltime: 0.3
36908.0/37230.0 days/days; walltime: 0.2
36909.0/37230.0 days/days; walltime: 0.5
36910.0/37230.0 days/days; walltime: 0.3
36911.0/37230.0 days/days; walltime: 0.3
36912.0/37230.0 days/days; walltime: 0.3
36913.0/37230.0 days/days; walltime: 0.4
36914.0/37230.0 days/days; walltime: 0.3
36915.0/37230.0 days/days; walltime: 0.8
36916.0/37230.0 days/days; walltime: 0.4
36917.0/37230.0 days/days; walltime: 0.4
36918.0/37230.0 days/days; walltime: 0.4
36919.0/37230.0 days/days; walltime: 1.8
36920.0/37230.0 days/days; walltime: 0.1
36921.0/37230.0 days/days; walltime: 0.7
36922.0/37230.0 days/days; walltime: 0.4
36923.0/37230.0 days/days; walltime: 0.2
36924.0/37230.0 days/days; walltime: 0.2
36925.0/37230.0 days/days; walltime: 0.2
36926.0/37230.0 days/days; walltime: 0.2
36927.0/37230.0 days/days; walltime: 0.4
36928.0/37230.0 days/days; walltime: 0.6
36929.0/37230.0 days/days; walltime: 0.5
36930.0/37230.0 days/days; walltime: 0.7
36931.0/37230.0 days/days; walltime: 1.9
36932.0/37230.0 days/days; walltime: 0.3
36933.0/37230.0 days/days; walltime: 0.4
36934.0/37230.0 days/days; walltime: 0.3
36935.0/37230.0 days/days; walltime: 0.3
36936.0/37230.0 days/days; walltime: 0.3
36937.0/37230.0 days/days; walltime: 0.2
36938.0/37230.0 days/days; walltime: 0.1
36939.0/37230.0 days/days; walltime: 0.2
36940.0/37230.0 days/days; walltime: 0.4
36941.0/37230.0 days/days; walltime: 0.4
36942.0/37230.0 days/days; walltime: 0.2
36943.0/37230.0 days/days; walltime: 0.2
36944.0/37230.0 days/days; walltime: 0.2
36945.0/37230.0 days/days; walltime: 0.2
36946.0/37230.0 days/days; walltime: 0.2
36947.0/37230.0 days/days; walltime: 0.2
36948.0/37230.0 days/days; walltime: 0.2
36949.0/37230.0 days/days; walltime: 0.2
36950.0/37230.0 days/days; walltime: 0.2
36951.0/37230.0 days/days; walltime: 0.2
36952.0/37230.0 days/days; walltime: 0.2
36953.0/37230.0 days/days; walltime: 0.2
36954.0/37230.0 days/days; walltime: 0.2
36955.0/37230.0 days/days; walltime: 0.3
36956.0/37230.0 days/days; walltime: 0.4
36957.0/37230.0 days/days; walltime: 0.2
36958.0/37230.0 days/days; walltime: 0.3
36959.0/37230.0 days/days; walltime: 0.2
36960.0/37230.0 days/days; walltime: 0.3
36961.0/37230.0 days/days; walltime: 0.2
36962.0/37230.0 days/days; walltime: 0.3
36963.0/37230.0 days/days; walltime: 0.2
36964.0/37230.0 days/days; walltime: 0.3
36965.0/37230.0 days/days; walltime: 0.1
36966.0/37230.0 days/days; walltime: 0.3
36967.0/37230.0 days/days; walltime: 0.2
36968.0/37230.0 days/days; walltime: 0.3
36969.0/37230.0 days/days; walltime: 0.1
36970.0/37230.0 days/days; walltime: 0.2
36971.0/37230.0 days/days; walltime: 0.2
36972.0/37230.0 days/days; walltime: 0.2
36973.0/37230.0 days/days; walltime: 0.1
36974.0/37230.0 days/days; walltime: 0.3
36975.0/37230.0 days/days; walltime: 0.1
36976.0/37230.0 days/days; walltime: 0.1
36977.0/37230.0 days/days; walltime: 0.3
36978.0/37230.0 days/days; walltime: 0.1
36979.0/37230.0 days/days; walltime: 0.1
36980.0/37230.0 days/days; walltime: 0.2
36981.0/37230.0 days/days; walltime: 0.1
36982.0/37230.0 days/days; walltime: 0.1
36983.0/37230.0 days/days; walltime: 0.1
36984.0/37230.0 days/days; walltime: 0.2
36985.0/37230.0 days/days; walltime: 0.1
36986.0/37230.0 days/days; walltime: 0.1
36987.0/37230.0 days/days; walltime: 0.1
36988.0/37230.0 days/days; walltime: 0.2
36989.0/37230.0 days/days; walltime: 0.1
36990.0/37230.0 days/days; walltime: 1.4
36991.0/37230.0 days/days; walltime: 0.0
-36992.0/37230.0 days/days; walltime: 0.7
36993.0/37230.0 days/days; walltime: 6.4
36994.0/37230.0 days/days; walltime: 6.9
36995.0/37230.0 days/days; walltime: 8.6
36996.0/37230.0 days/days; walltime: 11.3
36997.0/37230.0 days/days; walltime: 15.1
36998.0/37230.0 days/days; walltime: 17.2
36999.0/37230.0 days/days; walltime: 16.4
37000.0/37230.0 days/days; walltime: 15.1
37001.0/37230.0 days/days; walltime: 15.4
37002.0/37230.0 days/days; walltime: 17.4
37003.0/37230.0 days/days; walltime: 17.2
37004.0/37230.0 days/days; walltime: 16.1
37005.0/37230.0 days/days; walltime: 20.9
37006.0/37230.0 days/days; walltime: 21.1
37007.0/37230.0 days/days; walltime: 33.5
37008.0/37230.0 days/days; walltime: 25.7
37009.0/37230.0 days/days; walltime: 18.2
37010.0/37230.0 days/days; walltime: 18.0
37011.0/37230.0 days/days; walltime: 19.1
---37012.0/37230.0 days/days; walltime: 25.7
37013.0/37230.0 days/days; walltime: 16.7
37014.0/37230.0 days/days; walltime: 19.3
37015.0/37230.0 days/days; walltime: 22.5
----37016.0/37230.0 days/days; walltime: 46.6
--37017.0/37230.0 days/days; walltime: 37.7
37018.0/37230.0 days/days; walltime: 72.4
----37019.0/37230.0 days/days; walltime: 49.8
------37020.0/37230.0 days/days; walltime: 44.6
--37021.0/37230.0 days/days; walltime: 43.5
37022.0/37230.0 days/days; walltime: 44.0
-37023.0/37230.0 days/days; walltime: 42.0
--37024.0/37230.0 days/days; walltime: 48.1
-----37025.0/37230.0 days/days; walltime: 52.7
---------------37026.0/37230.0 days/days; walltime: 46.1
--37027.0/37230.0 days/days; walltime: 38.0
----------37028.0/37230.0 days/days; walltime: 69.1
---37029.0/37230.0 days/days; walltime: 46.1
37030.0/37230.0 days/days; walltime: 25.2
-----37031.0/37230.0 days/days; walltime: 65.9
----37032.0/37230.0 days/days; walltime: 81.4
37033.0/37230.0 days/days; walltime: 61.1
-----------37034.0/37230.0 days/days; walltime: 82.8
--37035.0/37230.0 days/days; walltime: 83.2
------------------37036.0/37230.0 days/days; walltime: 66.1
------------37037.0/37230.0 days/days; walltime: 90.8
------37038.0/37230.0 days/days; walltime: 40.9
------------37039.0/37230.0 days/days; walltime: 74.9
-------37040.0/37230.0 days/days; walltime: 46.3
-------------37041.0/37230.0 days/days; walltime: 72.3
--37042.0/37230.0 days/days; walltime: 39.2
-----------37043.0/37230.0 days/days; walltime: 57.6
--37044.0/37230.0 days/days; walltime: 23.4
37045.0/37230.0 days/days; walltime: 30.4
--37046.0/37230.0 days/days; walltime: 57.2
37047.0/37230.0 days/days; walltime: 15.1
--37048.0/37230.0 days/days; walltime: 43.0
----37049.0/37230.0 days/days; walltime: 57.2
----37050.0/37230.0 days/days; walltime: 45.3
--37051.0/37230.0 days/days; walltime: 57.4
----37052.0/37230.0 days/days; walltime: 34.6
----37053.0/37230.0 days/days; walltime: 55.8
-----37054.0/37230.0 days/days; walltime: 48.0
37055.0/37230.0 days/days; walltime: 36.2
--37056.0/37230.0 days/days; walltime: 29.5
----37057.0/37230.0 days/days; walltime: 20.0
----37058.0/37230.0 days/days; walltime: 30.0
37059.0/37230.0 days/days; walltime: 6.8
37060.0/37230.0 days/days; walltime: 11.9
------37061.0/37230.0 days/days; walltime: 18.6
37062.0/37230.0 days/days; walltime: 15.6
37063.0/37230.0 days/days; walltime: 6.2
37064.0/37230.0 days/days; walltime: 8.1
-----37065.0/37230.0 days/days; walltime: 17.3
37066.0/37230.0 days/days; walltime: 5.9
37067.0/37230.0 days/days; walltime: 11.8
37068.0/37230.0 days/days; walltime: 6.2
------37069.0/37230.0 days/days; walltime: 21.0
37070.0/37230.0 days/days; walltime: 7.9
37071.0/37230.0 days/days; walltime: 9.8
37072.0/37230.0 days/days; walltime: 5.3
37073.0/37230.0 days/days; walltime: 8.8
37074.0/37230.0 days/days; walltime: 10.2
37075.0/37230.0 days/days; walltime: 6.4
37076.0/37230.0 days/days; walltime: 6.9
37077.0/37230.0 days/days; walltime: 9.4
37078.0/37230.0 days/days; walltime: 6.4
37079.0/37230.0 days/days; walltime: 10.1
37080.0/37230.0 days/days; walltime: 11.2
37081.0/37230.0 days/days; walltime: 11.9
37082.0/37230.0 days/days; walltime: 13.1
37083.0/37230.0 days/days; walltime: 13.5
37084.0/37230.0 days/days; walltime: 16.1
37085.0/37230.0 days/days; walltime: 15.2
37086.0/37230.0 days/days; walltime: 13.8
37087.0/37230.0 days/days; walltime: 16.1
37088.0/37230.0 days/days; walltime: 15.7
37089.0/37230.0 days/days; walltime: 14.4
37090.0/37230.0 days/days; walltime: 16.4
37091.0/37230.0 days/days; walltime: 12.6
37092.0/37230.0 days/days; walltime: 14.8
37093.0/37230.0 days/days; walltime: 12.7
37094.0/37230.0 days/days; walltime: 17.8
37095.0/37230.0 days/days; walltime: 24.8
37096.0/37230.0 days/days; walltime: 19.0
37097.0/37230.0 days/days; walltime: 19.0
37098.0/37230.0 days/days; walltime: 33.7
37099.0/37230.0 days/days; walltime: 36.6
37100.0/37230.0 days/days; walltime: 19.2
37101.0/37230.0 days/days; walltime: 8.0
37102.0/37230.0 days/days; walltime: 4.6
37103.0/37230.0 days/days; walltime: 10.0
37104.0/37230.0 days/days; walltime: 2.2
37105.0/37230.0 days/days; walltime: 3.5
37106.0/37230.0 days/days; walltime: 3.9
37107.0/37230.0 days/days; walltime: 1.8
37108.0/37230.0 days/days; walltime: 1.6
37109.0/37230.0 days/days; walltime: 6.0
37110.0/37230.0 days/days; walltime: 3.6
37111.0/37230.0 days/days; walltime: 4.5
37112.0/37230.0 days/days; walltime: 1.1
37113.0/37230.0 days/days; walltime: 4.0
37114.0/37230.0 days/days; walltime: 1.0
37115.0/37230.0 days/days; walltime: 0.7
37116.0/37230.0 days/days; walltime: 0.9
37117.0/37230.0 days/days; walltime: 0.9
37118.0/37230.0 days/days; walltime: 2.5
37119.0/37230.0 days/days; walltime: 2.4
37120.0/37230.0 days/days; walltime: 0.6
37121.0/37230.0 days/days; walltime: 0.6
37122.0/37230.0 days/days; walltime: 0.6
37123.0/37230.0 days/days; walltime: 0.6
37124.0/37230.0 days/days; walltime: 0.4
37125.0/37230.0 days/days; walltime: 0.5
37126.0/37230.0 days/days; walltime: 0.4
37127.0/37230.0 days/days; walltime: 0.5
37128.0/37230.0 days/days; walltime: 0.4
37129.0/37230.0 days/days; walltime: 5.6
37130.0/37230.0 days/days; walltime: 0.2
37131.0/37230.0 days/days; walltime: 0.4
37132.0/37230.0 days/days; walltime: 0.6
37133.0/37230.0 days/days; walltime: 0.4
37134.0/37230.0 days/days; walltime: 0.4
37135.0/37230.0 days/days; walltime: 0.5
37136.0/37230.0 days/days; walltime: 0.3
37137.0/37230.0 days/days; walltime: 0.4
37138.0/37230.0 days/days; walltime: 0.4
37139.0/37230.0 days/days; walltime: 0.3
37140.0/37230.0 days/days; walltime: 0.3
37141.0/37230.0 days/days; walltime: 0.3
37142.0/37230.0 days/days; walltime: 0.3
37143.0/37230.0 days/days; walltime: 1.8
37144.0/37230.0 days/days; walltime: 0.4
37145.0/37230.0 days/days; walltime: 0.3
37146.0/37230.0 days/days; walltime: 0.3
37147.0/37230.0 days/days; walltime: 0.3
37148.0/37230.0 days/days; walltime: 0.3
37149.0/37230.0 days/days; walltime: 0.3
37150.0/37230.0 days/days; walltime: 0.1
37151.0/37230.0 days/days; walltime: 0.3
37152.0/37230.0 days/days; walltime: 0.3
37153.0/37230.0 days/days; walltime: 0.3
37154.0/37230.0 days/days; walltime: 0.3
37155.0/37230.0 days/days; walltime: 0.1
37156.0/37230.0 days/days; walltime: 0.2
37157.0/37230.0 days/days; walltime: 0.3
37158.0/37230.0 days/days; walltime: 0.1
37159.0/37230.0 days/days; walltime: 0.2
37160.0/37230.0 days/days; walltime: 0.3
37161.0/37230.0 days/days; walltime: 0.1
37162.0/37230.0 days/days; walltime: 0.3
37163.0/37230.0 days/days; walltime: 0.1
37164.0/37230.0 days/days; walltime: 0.2
37165.0/37230.0 days/days; walltime: 0.3
37166.0/37230.0 days/days; walltime: 3.4
37167.0/37230.0 days/days; walltime: 0.2
37168.0/37230.0 days/days; walltime: 0.2
37169.0/37230.0 days/days; walltime: 0.2
37170.0/37230.0 days/days; walltime: 0.2
37171.0/37230.0 days/days; walltime: 0.2
37172.0/37230.0 days/days; walltime: 0.3
37173.0/37230.0 days/days; walltime: 0.1
37174.0/37230.0 days/days; walltime: 0.2
37175.0/37230.0 days/days; walltime: 0.1
37176.0/37230.0 days/days; walltime: 0.2
37177.0/37230.0 days/days; walltime: 0.1
37178.0/37230.0 days/days; walltime: 0.2
37179.0/37230.0 days/days; walltime: 0.1
37180.0/37230.0 days/days; walltime: 0.1
37181.0/37230.0 days/days; walltime: 0.0
37182.0/37230.0 days/days; walltime: 0.1
37183.0/37230.0 days/days; walltime: 0.1
37184.0/37230.0 days/days; walltime: 0.1
37185.0/37230.0 days/days; walltime: 0.1
37186.0/37230.0 days/days; walltime: 0.1
37187.0/37230.0 days/days; walltime: 0.1
37188.0/37230.0 days/days; walltime: 0.1
37189.0/37230.0 days/days; walltime: 0.1
37190.0/37230.0 days/days; walltime: 0.1
37191.0/37230.0 days/days; walltime: 0.1
37192.0/37230.0 days/days; walltime: 0.1
37193.0/37230.0 days/days; walltime: 0.1
37194.0/37230.0 days/days; walltime: 0.1
37195.0/37230.0 days/days; walltime: 0.2
37196.0/37230.0 days/days; walltime: 0.1
37197.0/37230.0 days/days; walltime: 0.2
37198.0/37230.0 days/days; walltime: 0.1
37199.0/37230.0 days/days; walltime: 0.2
37200.0/37230.0 days/days; walltime: 0.1
37201.0/37230.0 days/days; walltime: 0.2
37202.0/37230.0 days/days; walltime: 0.1
37203.0/37230.0 days/days; walltime: 0.2
37204.0/37230.0 days/days; walltime: 0.1
37205.0/37230.0 days/days; walltime: 0.0
37206.0/37230.0 days/days; walltime: 0.2
37207.0/37230.0 days/days; walltime: 0.1
37208.0/37230.0 days/days; walltime: 0.2
37209.0/37230.0 days/days; walltime: 0.1
37210.0/37230.0 days/days; walltime: 0.2
37211.0/37230.0 days/days; walltime: 0.1
37212.0/37230.0 days/days; walltime: 0.2
37213.0/37230.0 days/days; walltime: 0.1
37214.0/37230.0 days/days; walltime: 0.0
37215.0/37230.0 days/days; walltime: 0.2
37216.0/37230.0 days/days; walltime: 0.1
37217.0/37230.0 days/days; walltime: 0.2
37218.0/37230.0 days/days; walltime: 0.1
37219.0/37230.0 days/days; walltime: 0.2
37220.0/37230.0 days/days; walltime: 0.0
37221.0/37230.0 days/days; walltime: 0.1
37222.0/37230.0 days/days; walltime: 0.2
37223.0/37230.0 days/days; walltime: 0.0
37224.0/37230.0 days/days; walltime: 0.2
37225.0/37230.0 days/days; walltime: 0.1
37226.0/37230.0 days/days; walltime: 0.0
37227.0/37230.0 days/days; walltime: 0.2
37228.0/37230.0 days/days; walltime: 0.0
37229.0/37230.0 days/days; walltime: 0.2
37230.0/37230.0 days/days; walltime: 0.2
Wallclock for model run: 6836.2s
 

fields = 

  struct with fields:

    nodes: [1x1 struct]
    edges: [1x1 struct]
       BC: [1x1 struct]

No cases left; exiting.
