Case 5:
Picked up JAVA_TOOL_OPTIONS: -Xmx2g
Opening log file:  /tmp/java.log.23334

                            < M A T L A B (R) >
                  Copyright 1984-2022 The MathWorks, Inc.
                  R2022a (9.12.0.1884302) 64-bit (glnxa64)
                             February 16, 2022

 
To get started, type doc.
For product information, visit www.mathworks.com.
 

config = 

  struct with fields:

                 k_s: 0.2500
                 l_c: 10
            n_moulin: 68
    creep_const_soft: 0
             mesh_nr: 4
                 k_c: 0.1500
               h_bed: 0.5000
               l_bed: 10
               alpha: 1.5000
                beta: 1.5000
               omega: 5.0000e-04

Running model run (ode15s):
Run to steady
Saving model run to
./RUN/output_105_steady.nc
Fields, IC & BC initialised
Initial phi calculated in 1.2s
0.0/36500.0 days/days; walltime: 89.4
-----------------------------------------------------------------------------------------------------------------------------------------------------------------------------------------------------------------------------------------------------------------------------------------------------------------------------------------------------------------------------------------------------------------------------------------------------------------------------------------------------------------------------------------------------------------------------------------------------------------------------------------------------------------------------------------------------------------------------------------------------------------------------------------------------------------------------------------------------------------------------------------------------------------------------------------------------------------------------------------------------------------------------------------------------------------------------------------------------------------------------------------------------------------------------------------------------------------------------------------------------------------------------------------------------------------------------------------------------------------------------------------------------------------------------------------------------------------------------------------------------------------------------------------------------------------------------------------------------------------------------------------------------------------------------------------------------------------------------------------------------------------------------------------------------------------------------------------------------------------------------------------------------------------------------------------------------------------------------------------------------------------------------------------------------------------------------------------------------1825.0/36500.0 days/days; walltime: 2619.3
--------------------------------------------------------------------------------------------------------------------------------------------------------------------------------------------------------------------3650.0/36500.0 days/days; walltime: 13.2
--------------------------------------------5475.0/36500.0 days/days; walltime: 2.8
-------------------------------------7300.0/36500.0 days/days; walltime: 2.4
-----------------------------------------------------------------------------------------------------------------------------------------------------------------------------------------------------------------------9125.0/36500.0 days/days; walltime: 13.5
--------------------------------------------------------------------------------------------------------------------------------------------------------------------------------------------------------------------------------------------------------------------------------------------------------------------------------------------------------------------------------------------------------------------------------------------------------------------------------------------------------------------------------------------------------------------------------------------------------------------------------------------------------------------------------------------------------------------------------------------------------------------------------------------------------------------------------------------------------------------------------------------------------------------------------------------------------------------------------------------------------------------------------------------------------------------------------------------------------------------------------------------------------------------------------------------------------------------------------------------------------------------------------------------------------------------------------------------------------------------------------------------------------------------------------------------------------------------------------------------------------------------------------------------------------------------------------------------------------------------------------------------------------------------------------------------------------------------------------------------------------------------------------------------------------------------------------------------------------------------------------------------------------------------------------------------------------------------------------------------------------------------------------------------------------------------------------------------------------------------------------------------------------------------------------------------------------------------------------------------------------------------------------------------------------------------------------------------------------------------------------------------------------------------------------------------------------------------------------------------------------------------------------------------------------------------------------------------------------------------------------------------------------------------------------------------------------------------------------------------------------------------------------------------------------------------------------------------------------------------------------------------------------------------------------------------------------------------------------------------------------------------------------------------------------------------------------------------------------------------------------------------------------------------------------------------------------------------------------10950.0/36500.0 days/days; walltime: 2846.9
-----------------------------12775.0/36500.0 days/days; walltime: 1055.1
-------------14600.0/36500.0 days/days; walltime: 984.5
----16425.0/36500.0 days/days; walltime: 478.1
-------18250.0/36500.0 days/days; walltime: 404.6
----20075.0/36500.0 days/days; walltime: 114.9
----21900.0/36500.0 days/days; walltime: 39.4
23725.0/36500.0 days/days; walltime: 7.4
25550.0/36500.0 days/days; walltime: 3.4
27375.0/36500.0 days/days; walltime: 1.3
29200.0/36500.0 days/days; walltime: 2.4
31025.0/36500.0 days/days; walltime: 0.1
32850.0/36500.0 days/days; walltime: 0.2
36500.0/36500.0 days/days; walltime: 0.2
Wallclock for model run: 8669.0s
 

fields = 

  struct with fields:

    nodes: [1x1 struct]
    edges: [1x1 struct]
       BC: [1x1 struct]

Running model run (ode15s):
Run seasonal
Saving model run to
./RUN/output_105_seasonal.nc
IC initialised from struct
IC initialised from file/given & rest from parameters and given functions
36500.0/37230.0 days/days; walltime: 12.5
36501.0/37230.0 days/days; walltime: 57.1
36502.0/37230.0 days/days; walltime: 14.2
36503.0/37230.0 days/days; walltime: 29.1
36504.0/37230.0 days/days; walltime: 34.2
36505.0/37230.0 days/days; walltime: 11.7
36506.0/37230.0 days/days; walltime: 11.3
36507.0/37230.0 days/days; walltime: 7.0
36508.0/37230.0 days/days; walltime: 4.3
36509.0/37230.0 days/days; walltime: 6.2
36510.0/37230.0 days/days; walltime: 6.2
36511.0/37230.0 days/days; walltime: 2.6
36512.0/37230.0 days/days; walltime: 2.4
36513.0/37230.0 days/days; walltime: 5.5
36514.0/37230.0 days/days; walltime: 1.0
36515.0/37230.0 days/days; walltime: 1.6
36516.0/37230.0 days/days; walltime: 1.6
36517.0/37230.0 days/days; walltime: 1.8
36518.0/37230.0 days/days; walltime: 4.3
36519.0/37230.0 days/days; walltime: 0.9
36520.0/37230.0 days/days; walltime: 1.1
36521.0/37230.0 days/days; walltime: 1.1
36522.0/37230.0 days/days; walltime: 1.0
36523.0/37230.0 days/days; walltime: 1.3
36524.0/37230.0 days/days; walltime: 1.1
36525.0/37230.0 days/days; walltime: 1.0
36526.0/37230.0 days/days; walltime: 5.7
36527.0/37230.0 days/days; walltime: 2.1
36528.0/37230.0 days/days; walltime: 0.8
36529.0/37230.0 days/days; walltime: 0.9
36530.0/37230.0 days/days; walltime: 0.7
36531.0/37230.0 days/days; walltime: 2.4
36532.0/37230.0 days/days; walltime: 2.2
36533.0/37230.0 days/days; walltime: 0.5
36534.0/37230.0 days/days; walltime: 0.7
36535.0/37230.0 days/days; walltime: 2.9
36536.0/37230.0 days/days; walltime: 0.9
36537.0/37230.0 days/days; walltime: 3.7
36538.0/37230.0 days/days; walltime: 0.6
36539.0/37230.0 days/days; walltime: 0.6
36540.0/37230.0 days/days; walltime: 0.4
36541.0/37230.0 days/days; walltime: 0.3
36542.0/37230.0 days/days; walltime: 0.5
36543.0/37230.0 days/days; walltime: 2.0
36544.0/37230.0 days/days; walltime: 0.6
36545.0/37230.0 days/days; walltime: 0.6
36546.0/37230.0 days/days; walltime: 0.6
36547.0/37230.0 days/days; walltime: 0.6
36548.0/37230.0 days/days; walltime: 0.7
36549.0/37230.0 days/days; walltime: 0.7
36550.0/37230.0 days/days; walltime: 0.6
36551.0/37230.0 days/days; walltime: 3.1
36552.0/37230.0 days/days; walltime: 0.4
36553.0/37230.0 days/days; walltime: 0.6
36554.0/37230.0 days/days; walltime: 0.6
36555.0/37230.0 days/days; walltime: 0.5
36556.0/37230.0 days/days; walltime: 0.4
36557.0/37230.0 days/days; walltime: 0.6
36558.0/37230.0 days/days; walltime: 0.5
36559.0/37230.0 days/days; walltime: 0.7
36560.0/37230.0 days/days; walltime: 0.4
36561.0/37230.0 days/days; walltime: 0.6
36562.0/37230.0 days/days; walltime: 3.3
36563.0/37230.0 days/days; walltime: 0.2
36564.0/37230.0 days/days; walltime: 0.5
36565.0/37230.0 days/days; walltime: 0.5
36566.0/37230.0 days/days; walltime: 0.5
36567.0/37230.0 days/days; walltime: 0.3
36568.0/37230.0 days/days; walltime: 0.6
36569.0/37230.0 days/days; walltime: 0.4
36570.0/37230.0 days/days; walltime: 0.5
36571.0/37230.0 days/days; walltime: 0.3
36572.0/37230.0 days/days; walltime: 0.3
36573.0/37230.0 days/days; walltime: 0.4
36574.0/37230.0 days/days; walltime: 0.3
36575.0/37230.0 days/days; walltime: 0.4
36576.0/37230.0 days/days; walltime: 1.9
36577.0/37230.0 days/days; walltime: 1.9
36578.0/37230.0 days/days; walltime: 0.9
36579.0/37230.0 days/days; walltime: 0.4
36580.0/37230.0 days/days; walltime: 1.6
36581.0/37230.0 days/days; walltime: 0.3
36582.0/37230.0 days/days; walltime: 0.3
36583.0/37230.0 days/days; walltime: 0.3
36584.0/37230.0 days/days; walltime: 0.3
36585.0/37230.0 days/days; walltime: 0.4
36586.0/37230.0 days/days; walltime: 0.2
36587.0/37230.0 days/days; walltime: 0.3
36588.0/37230.0 days/days; walltime: 0.3
36589.0/37230.0 days/days; walltime: 0.3
36590.0/37230.0 days/days; walltime: 0.4
36591.0/37230.0 days/days; walltime: 1.5
36592.0/37230.0 days/days; walltime: 0.1
36593.0/37230.0 days/days; walltime: 0.3
36594.0/37230.0 days/days; walltime: 0.3
36595.0/37230.0 days/days; walltime: 0.3
36596.0/37230.0 days/days; walltime: 0.1
36597.0/37230.0 days/days; walltime: 0.3
36598.0/37230.0 days/days; walltime: 0.3
36599.0/37230.0 days/days; walltime: 2.2
36600.0/37230.0 days/days; walltime: 0.3
36601.0/37230.0 days/days; walltime: 0.3
36602.0/37230.0 days/days; walltime: 0.1
36603.0/37230.0 days/days; walltime: 0.3
36604.0/37230.0 days/days; walltime: 0.3
36605.0/37230.0 days/days; walltime: 0.3
36606.0/37230.0 days/days; walltime: 0.1
36607.0/37230.0 days/days; walltime: 0.3
36608.0/37230.0 days/days; walltime: 0.3
36609.0/37230.0 days/days; walltime: 0.1
36610.0/37230.0 days/days; walltime: 0.3
36611.0/37230.0 days/days; walltime: 0.3
36612.0/37230.0 days/days; walltime: 0.2
36613.0/37230.0 days/days; walltime: 0.3
36614.0/37230.0 days/days; walltime: 0.2
-36615.0/37230.0 days/days; walltime: 1.5
36616.0/37230.0 days/days; walltime: 6.0
36617.0/37230.0 days/days; walltime: 8.1
36618.0/37230.0 days/days; walltime: 11.8
36619.0/37230.0 days/days; walltime: 15.9
36620.0/37230.0 days/days; walltime: 16.0
36621.0/37230.0 days/days; walltime: 15.1
36622.0/37230.0 days/days; walltime: 15.8
36623.0/37230.0 days/days; walltime: 17.4
36624.0/37230.0 days/days; walltime: 18.3
36625.0/37230.0 days/days; walltime: 16.4
36626.0/37230.0 days/days; walltime: 17.2
36627.0/37230.0 days/days; walltime: 17.3
36628.0/37230.0 days/days; walltime: 17.2
36629.0/37230.0 days/days; walltime: 19.2
36630.0/37230.0 days/days; walltime: 20.8
36631.0/37230.0 days/days; walltime: 22.1
36632.0/37230.0 days/days; walltime: 37.0
36633.0/37230.0 days/days; walltime: 18.0
36634.0/37230.0 days/days; walltime: 24.7
36635.0/37230.0 days/days; walltime: 23.2
36636.0/37230.0 days/days; walltime: 23.0
------36637.0/37230.0 days/days; walltime: 29.5
36638.0/37230.0 days/days; walltime: 42.1
------36639.0/37230.0 days/days; walltime: 40.0
36640.0/37230.0 days/days; walltime: 17.4
36641.0/37230.0 days/days; walltime: 41.9
----36642.0/37230.0 days/days; walltime: 36.7
----36643.0/37230.0 days/days; walltime: 41.6
----36644.0/37230.0 days/days; walltime: 45.7
----------36645.0/37230.0 days/days; walltime: 85.2
--36646.0/37230.0 days/days; walltime: 66.4
--------36647.0/37230.0 days/days; walltime: 56.9
------36648.0/37230.0 days/days; walltime: 44.2
--------36649.0/37230.0 days/days; walltime: 54.1
-----------------------36650.0/37230.0 days/days; walltime: 99.3
-------------------36651.0/37230.0 days/days; walltime: 54.8
-----36652.0/37230.0 days/days; walltime: 44.1
---------36653.0/37230.0 days/days; walltime: 64.4
----------------36654.0/37230.0 days/days; walltime: 124.1
-------------------------36655.0/37230.0 days/days; walltime: 131.1
----36656.0/37230.0 days/days; walltime: 112.5
---------36657.0/37230.0 days/days; walltime: 62.0
-----------36658.0/37230.0 days/days; walltime: 63.5
-----------36659.0/37230.0 days/days; walltime: 63.8
--------36660.0/37230.0 days/days; walltime: 64.8
---------------------36661.0/37230.0 days/days; walltime: 83.9
------------------36662.0/37230.0 days/days; walltime: 138.3
-------------------------------------36663.0/37230.0 days/days; walltime: 99.5
---------------------36664.0/37230.0 days/days; walltime: 75.6
---------------36665.0/37230.0 days/days; walltime: 85.9
-----36666.0/37230.0 days/days; walltime: 57.4
-----------------36667.0/37230.0 days/days; walltime: 92.3
----------36668.0/37230.0 days/days; walltime: 152.0
-------------36669.0/37230.0 days/days; walltime: 131.7
--------------------------36670.0/37230.0 days/days; walltime: 116.3
----------