Case 1:
Picked up JAVA_TOOL_OPTIONS: -Xmx2g
Opening log file:  /tmp/java.log.17405

                            < M A T L A B (R) >
                  Copyright 1984-2022 The MathWorks, Inc.
                  R2022a (9.12.0.1884302) 64-bit (glnxa64)
                             February 16, 2022

 
To get started, type doc.
For product information, visit www.mathworks.com.
 

config = 

  struct with fields:

                 k_s: 0.0094
                 l_c: 10
            n_moulin: 68
    creep_const_soft: 0
             mesh_nr: 4
                 e_v: 1.0000e-04
                 k_c: 0.2000
               h_bed: 0.5000
               l_bed: 10
               alpha: 1.2500
                beta: 1.5000
               omega: 0

Running model run (ode15s):
Run to steady
Saving model run to
./RUN/output_301_steady.nc
Fields, IC & BC initialised
Initial phi calculated in 2.0s
0.0/36500.0 days/days; walltime: 23.5
----------------------------------------------------------------------------------------------------------------------------------------------------------------------------------------------------------------------------------------------------------------------------------------------------------------------------------------------------------------------------------------------------------------------------------------------------------------------------------------------------------------------------------------------------------------------------------------------------------------------------------------------------------------------------------------------------------------------------------------------------------------------------------------------------------------------------------------------------------------------------------------------------------1825.0/36500.0 days/days; walltime: 231.6
-------------------------------------------------------------------------------3650.0/36500.0 days/days; walltime: 6.4
---------------5475.0/36500.0 days/days; walltime: 1.4
---------7300.0/36500.0 days/days; walltime: 0.9
--------------------------------------------------------------------------------------------9125.0/36500.0 days/days; walltime: 7.5
------------------------------------------------------------------------------------------------------------------------------------------------------------------------------------------------------------------------------------------------------------------------------------------------------------------------------------------------------------------------------------------------------------------------------------------------------------------------------------------------------------------------------------------------------------------------------------------------------------------------------------------------------------------------------------------------------------------------------------------------------------------------------------------------------------------------------------------------------------------------------------------------------------------------------------------------------------------------------------------------------------------------------------------------------------------------------------------------------------------------------------------------------------------------------------------------------------------------------------------------------------------------------------------------------------------------------------------------------------------------------------------------------------------------------------------------------------------------------------------------------------------------------------------------------------------------------------------------------------------------------------------------------------------------------------------------------------------------------------------------------------------------------------------------------------------------------------------------------------------------------------------------------------------------------------------------------------------------------------------------------------------------------------------------------------------------------------------------------------------------------------------------------------------------------------------------------------------------------------------------------------------------------------------------------------------------------------------------------------------------------------------------------------------------------------------------------------------------------------------------------------------------------------------------------------------------------------------------------------------------------------------------------------------------------------------------------------------------------------------------------------------------------------------------------------------------------------------------------------------------------------------------------------------------------------------------------------------------------------------------------------------------------------------------------------------------------------------------------------------------------------------------------------------------------------------------------------------------------------------------------------------------------------------------------------------------------------------------------------------------------------------------------------------------------------------------------------------------------------------------------------------------------------------------------------------------------------------------------------------------------------------------------------------------------------------------------------------------------------------------------------------------------------------------------------------------------------------------------------------------------------------------------------------------------------------------------------------------------------------------------------------------------------------------------------------------------------------------------------------------------------------------------------------------------------------------------------------------------------------------------------------------------------------------------------------------------------------------------------------------------------------------------------------------------------------------------------------------------------------------------------------------------------------------------------------------------------------------------------------------------------------------------------------------------------------------------------------------------------------------------------------------------------------------------------------------------------------------------------------------------------------------------------------------------------------------------------------------------------------------------------------------------------------------------------------------------------------------------------------------------------------------------------------------------------------------------------------------------------------------------------------------------------------------------------------------------------------------------------------------------------------------------------------------------------------------------------------------------------------------------------------------------------------------------------------------------------------------------------------------------------------------------------------------------------------------------------------------------------------------------------------------------------------------------------------------------------------------------------------------------------------------------------------------------------------------------------------------------------------------------------------------------------------------------------------------------------------------------------------------------------------------------------------------------------------------------------------------------------------------------------------------------------------------------------------------------------------------------------------------------------------------------------------------------------------------------------------------------------------------------------------------------------------------------------------------------------------------------------------------------------------------------------------------------------------------------------------------------------------------------------------------------------------------------------------------------------------------------------------------------------------------------------------------------------------------------------------------------------------------------------------------------------------------------------------------------------------------------------------------------------------------------------------------------------------------------------------------------------------------------------------------------------------------------------------------------------------------------------10950.0/36500.0 days/days; walltime: 651.4
------------------------------------------------------------------------------------------------------------------------------------------------------------------------------------------------------------------------------------------------------------------------------------------------------------------------------------------------------------------------------------------------------------------------------------------------------------------------------------------------------------------------------------------------------------------------------------------------------------------------------------------------------------------------------------------------12775.0/36500.0 days/days; walltime: 783.6
--------------------------------------------------------------------------------14600.0/36500.0 days/days; walltime: 278.4
------------------------------------------------------------------------------------------------------------------------------------------------------------------------------------------------------------------------------------------------------------------------------------------------------------------------------------------------------------------------------------------------------------------------------------------------------16425.0/36500.0 days/days; walltime: 255.7
---------------------------------------------18250.0/36500.0 days/days; walltime: 262.0
---20075.0/36500.0 days/days; walltime: 96.5
21900.0/36500.0 days/days; walltime: 5.7
23725.0/36500.0 days/days; walltime: 8.6
25550.0/36500.0 days/days; walltime: 4.4
27375.0/36500.0 days/days; walltime: 6.0
29200.0/36500.0 days/days; walltime: 5.8
31025.0/36500.0 days/days; walltime: 5.8
32850.0/36500.0 days/days; walltime: 3.5
34675.0/36500.0 days/days; walltime: 2.0
36500.0/36500.0 days/days; walltime: 1.0
Wallclock for model run: 2647.9s
 

fields = 

  struct with fields:

    nodes: [1x1 struct]
    edges: [1x1 struct]
       BC: [1x1 struct]

Running model run (ode15s):
Run seasonal
Saving model run to
./RUN/output_301_seasonal.nc
IC initialised from struct
IC initialised from file/given & rest from parameters and given functions
-36500.0/37230.0 days/days; walltime: 17.2
--36501.0/37230.0 days/days; walltime: 96.4
36502.0/37230.0 days/days; walltime: 13.5
36503.0/37230.0 days/days; walltime: 5.0
36504.0/37230.0 days/days; walltime: 3.9
36505.0/37230.0 days/days; walltime: 4.9
36506.0/37230.0 days/days; walltime: 4.2
36507.0/37230.0 days/days; walltime: 2.0
36508.0/37230.0 days/days; walltime: 2.2
36509.0/37230.0 days/days; walltime: 3.6
36510.0/37230.0 days/days; walltime: 1.4
36511.0/37230.0 days/days; walltime: 1.7
36512.0/37230.0 days/days; walltime: 1.5
36513.0/37230.0 days/days; walltime: 1.5
36514.0/37230.0 days/days; walltime: 2.8
36515.0/37230.0 days/days; walltime: 1.1
36516.0/37230.0 days/days; walltime: 0.9
36517.0/37230.0 days/days; walltime: 1.0
36518.0/37230.0 days/days; walltime: 1.0
----36519.0/37230.0 days/days; walltime: 0.7
--36520.0/37230.0 days/days; walltime: 0.9
36521.0/37230.0 days/days; walltime: 0.7
36522.0/37230.0 days/days; walltime: 0.9
36523.0/37230.0 days/days; walltime: 0.6
36524.0/37230.0 days/days; walltime: 0.6
36525.0/37230.0 days/days; walltime: 0.6
36526.0/37230.0 days/days; walltime: 0.8
36527.0/37230.0 days/days; walltime: 0.5
36528.0/37230.0 days/days; walltime: 0.6
36529.0/37230.0 days/days; walltime: 2.3
36530.0/37230.0 days/days; walltime: 0.5
36531.0/37230.0 days/days; walltime: 0.5
36532.0/37230.0 days/days; walltime: 0.5
36533.0/37230.0 days/days; walltime: 0.5
36534.0/37230.0 days/days; walltime: 0.4
36535.0/37230.0 days/days; walltime: 0.5
36536.0/37230.0 days/days; walltime: 0.3
36537.0/37230.0 days/days; walltime: 0.4
36538.0/37230.0 days/days; walltime: 0.5
36539.0/37230.0 days/days; walltime: 0.4
36540.0/37230.0 days/days; walltime: 0.4
36541.0/37230.0 days/days; walltime: 0.3
36542.0/37230.0 days/days; walltime: 0.3
36543.0/37230.0 days/days; walltime: 0.4
36544.0/37230.0 days/days; walltime: 0.3
36545.0/37230.0 days/days; walltime: 0.4
36546.0/37230.0 days/days; walltime: 0.3
36547.0/37230.0 days/days; walltime: 0.3
36548.0/37230.0 days/days; walltime: 0.3
36549.0/37230.0 days/days; walltime: 0.5
36550.0/37230.0 days/days; walltime: 0.2
36551.0/37230.0 days/days; walltime: 0.3
36552.0/37230.0 days/days; walltime: 2.2
36553.0/37230.0 days/days; walltime: 2.7
36554.0/37230.0 days/days; walltime: 0.3
36555.0/37230.0 days/days; walltime: 0.3
36556.0/37230.0 days/days; walltime: 0.1
36557.0/37230.0 days/days; walltime: 0.3
36558.0/37230.0 days/days; walltime: 0.1
36559.0/37230.0 days/days; walltime: 0.3
36560.0/37230.0 days/days; walltime: 0.1
36561.0/37230.0 days/days; walltime: 0.3
36562.0/37230.0 days/days; walltime: 0.1
36563.0/37230.0 days/days; walltime: 0.3
36564.0/37230.0 days/days; walltime: 0.1
36565.0/37230.0 days/days; walltime: 0.3
36566.0/37230.0 days/days; walltime: 0.1
36567.0/37230.0 days/days; walltime: 0.3
36568.0/37230.0 days/days; walltime: 0.1
36569.0/37230.0 days/days; walltime: 0.1
36570.0/37230.0 days/days; walltime: 0.3
36571.0/37230.0 days/days; walltime: 0.1
36572.0/37230.0 days/days; walltime: 0.3
36573.0/37230.0 days/days; walltime: 0.1
36574.0/37230.0 days/days; walltime: 0.1
36575.0/37230.0 days/days; walltime: 0.3
36576.0/37230.0 days/days; walltime: 0.1
36577.0/37230.0 days/days; walltime: 0.3
36578.0/37230.0 days/days; walltime: 0.1
36579.0/37230.0 days/days; walltime: 0.1
36580.0/37230.0 days/days; walltime: 0.2
36581.0/37230.0 days/days; walltime: 0.1
36582.0/37230.0 days/days; walltime: 0.1
36583.0/37230.0 days/days; walltime: 0.2
36584.0/37230.0 days/days; walltime: 0.1
36585.0/37230.0 days/days; walltime: 0.1
36586.0/37230.0 days/days; walltime: 0.2
-36587.0/37230.0 days/days; walltime: 0.1
36588.0/37230.0 days/days; walltime: 0.1
36589.0/37230.0 days/days; walltime: 0.2
36590.0/37230.0 days/days; walltime: 0.1
36591.0/37230.0 days/days; walltime: 0.1
36592.0/37230.0 days/days; walltime: 0.2
36593.0/37230.0 days/days; walltime: 0.1
36594.0/37230.0 days/days; walltime: 0.1
36595.0/37230.0 days/days; walltime: 0.3
36596.0/37230.0 days/days; walltime: 0.1
36597.0/37230.0 days/days; walltime: 0.1
36598.0/37230.0 days/days; walltime: 0.1
36599.0/37230.0 days/days; walltime: 2.0
36600.0/37230.0 days/days; walltime: 0.1
36601.0/37230.0 days/days; walltime: 0.1
36602.0/37230.0 days/days; walltime: 0.1
36603.0/37230.0 days/days; walltime: 0.2
36604.0/37230.0 days/days; walltime: 0.1
36605.0/37230.0 days/days; walltime: 0.1
36606.0/37230.0 days/days; walltime: 0.1
36607.0/37230.0 days/days; walltime: 0.2
36608.0/37230.0 days/days; walltime: 0.1
36609.0/37230.0 days/days; walltime: 0.1
36610.0/37230.0 days/days; walltime: 0.1
36611.0/37230.0 days/days; walltime: 0.2
36612.0/37230.0 days/days; walltime: 0.1
36613.0/37230.0 days/days; walltime: 0.1
36614.0/37230.0 days/days; walltime: 0.1
36615.0/37230.0 days/days; walltime: 1.1
36616.0/37230.0 days/days; walltime: 2.8
36617.0/37230.0 days/days; walltime: 5.2
36618.0/37230.0 days/days; walltime: 6.8
36619.0/37230.0 days/days; walltime: 8.3
36620.0/37230.0 days/days; walltime: 10.2
36621.0/37230.0 days/days; walltime: 11.1
36622.0/37230.0 days/days; walltime: 10.9
36623.0/37230.0 days/days; walltime: 15.0
36624.0/37230.0 days/days; walltime: 18.2
36625.0/37230.0 days/days; walltime: 27.6
36626.0/37230.0 days/days; walltime: 25.9
36627.0/37230.0 days/days; walltime: 25.1
36628.0/37230.0 days/days; walltime: 27.2
36629.0/37230.0 days/days; walltime: 24.7
36630.0/37230.0 days/days; walltime: 39.5
36631.0/37230.0 days/days; walltime: 37.4
36632.0/37230.0 days/days; walltime: 62.7
36633.0/37230.0 days/days; walltime: 45.8
36634.0/37230.0 days/days; walltime: 42.4
36635.0/37230.0 days/days; walltime: 37.8
36636.0/37230.0 days/days; walltime: 48.8
36637.0/37230.0 days/days; walltime: 36.1
36638.0/37230.0 days/days; walltime: 36.2
36639.0/37230.0 days/days; walltime: 47.3
36640.0/37230.0 days/days; walltime: 45.6
36641.0/37230.0 days/days; walltime: 45.9
36642.0/37230.0 days/days; walltime: 57.5
36643.0/37230.0 days/days; walltime: 25.9
36644.0/37230.0 days/days; walltime: 47.5
36645.0/37230.0 days/days; walltime: 46.9
36646.0/37230.0 days/days; walltime: 35.1
36647.0/37230.0 days/days; walltime: 39.7
36648.0/37230.0 days/days; walltime: 59.6
36649.0/37230.0 days/days; walltime: 34.3
36650.0/37230.0 days/days; walltime: 36.9
36651.0/37230.0 days/days; walltime: 42.0
36652.0/37230.0 days/days; walltime: 40.1
36653.0/37230.0 days/days; walltime: 28.5
36654.0/37230.0 days/days; walltime: 34.1
36655.0/37230.0 days/days; walltime: 27.8
36656.0/37230.0 days/days; walltime: 23.6
36657.0/37230.0 days/days; walltime: 37.9
36658.0/37230.0 days/days; walltime: 36.4
36659.0/37230.0 days/days; walltime: 30.2
36660.0/37230.0 days/days; walltime: 21.8
36661.0/37230.0 days/days; walltime: 42.5
36662.0/37230.0 days/days; walltime: 63.9
36663.0/37230.0 days/days; walltime: 42.2
36664.0/37230.0 days/days; walltime: 32.2
36665.0/37230.0 days/days; walltime: 49.9
36666.0/37230.0 days/days; walltime: 44.4
36667.0/37230.0 days/days; walltime: 21.1
36668.0/37230.0 days/days; walltime: 16.0
36669.0/37230.0 days/days; walltime: 60.7
36670.0/37230.0 days/days; walltime: 52.6
36671.0/37230.0 days/days; walltime: 41.1
36672.0/37230.0 days/days; walltime: 35.1
36673.0/37230.0 days/days; walltime: 61.2
36674.0/37230.0 days/days; walltime: 34.4
36675.0/37230.0 days/days; walltime: 49.8
36676.0/37230.0 days/days; walltime: 46.3
36677.0/37230.0 days/days; walltime: 29.9
--36678.0/37230.0 days/days; walltime: 21.6
--36679.0/37230.0 days/days; walltime: 56.1
--36680.0/37230.0 days/days; walltime: 43.8
36681.0/37230.0 days/days; walltime: 27.1
36682.0/37230.0 days/days; walltime: 40.4
36683.0/37230.0 days/days; walltime: 30.0
36684.0/37230.0 days/days; walltime: 19.4
36685.0/37230.0 days/days; walltime: 14.2
36686.0/37230.0 days/days; walltime: 31.9
36687.0/37230.0 days/days; walltime: 25.8
36688.0/37230.0 days/days; walltime: 29.2
36689.0/37230.0 days/days; walltime: 23.5
36690.0/37230.0 days/days; walltime: 9.9
36691.0/37230.0 days/days; walltime: 7.6
36692.0/37230.0 days/days; walltime: 27.8
36693.0/37230.0 days/days; walltime: 30.7
36694.0/37230.0 days/days; walltime: 32.6
36695.0/37230.0 days/days; walltime: 18.1
36696.0/37230.0 days/days; walltime: 28.8
36697.0/37230.0 days/days; walltime: 22.6
36698.0/37230.0 days/days; walltime: 28.3
36699.0/37230.0 days/days; walltime: 13.6
36700.0/37230.0 days/days; walltime: 60.7
36701.0/37230.0 days/days; walltime: 17.1
36702.0/37230.0 days/days; walltime: 19.4
36703.0/37230.0 days/days; walltime: 14.2
36704.0/37230.0 days/days; walltime: 7.8
36705.0/37230.0 days/days; walltime: 24.6
36706.0/37230.0 days/days; walltime: 17.4
36707.0/37230.0 days/days; walltime: 26.4
36708.0/37230.0 days/days; walltime: 12.6
36709.0/37230.0 days/days; walltime: 34.0
36710.0/37230.0 days/days; walltime: 12.7
36711.0/37230.0 days/days; walltime: 29.2
36712.0/37230.0 days/days; walltime: 30.3
36713.0/37230.0 days/days; walltime: 14.7
36714.0/37230.0 days/days; walltime: 33.8
36715.0/37230.0 days/days; walltime: 8.8
36716.0/37230.0 days/days; walltime: 3.0
36717.0/37230.0 days/days; walltime: 9.0
36718.0/37230.0 days/days; walltime: 6.1
36719.0/37230.0 days/days; walltime: 5.0
36720.0/37230.0 days/days; walltime: 10.6
36721.0/37230.0 days/days; walltime: 7.2
36722.0/37230.0 days/days; walltime: 11.8
36723.0/37230.0 days/days; walltime: 18.6
36724.0/37230.0 days/days; walltime: 7.7
36725.0/37230.0 days/days; walltime: 9.3
36726.0/37230.0 days/days; walltime: 4.5
36727.0/37230.0 days/days; walltime: 10.2
36728.0/37230.0 days/days; walltime: 5.7
36729.0/37230.0 days/days; walltime: 4.5
36730.0/37230.0 days/days; walltime: 19.8
36731.0/37230.0 days/days; walltime: 5.8
36732.0/37230.0 days/days; walltime: 5.7
36733.0/37230.0 days/days; walltime: 10.1
36734.0/37230.0 days/days; walltime: 5.4
36735.0/37230.0 days/days; walltime: 9.6
36736.0/37230.0 days/days; walltime: 8.4
36737.0/37230.0 days/days; walltime: 6.8
36738.0/37230.0 days/days; walltime: 8.0
36739.0/37230.0 days/days; walltime: 5.6
36740.0/37230.0 days/days; walltime: 6.3
36741.0/37230.0 days/days; walltime: 9.3
36742.0/37230.0 days/days; walltime: 6.5
36743.0/37230.0 days/days; walltime: 9.6
36744.0/37230.0 days/days; walltime: 6.6
36745.0/37230.0 days/days; walltime: 4.4
36746.0/37230.0 days/days; walltime: 7.0
36747.0/37230.0 days/days; walltime: 6.7
36748.0/37230.0 days/days; walltime: 5.1
36749.0/37230.0 days/days; walltime: 4.5
36750.0/37230.0 days/days; walltime: 2.8
36751.0/37230.0 days/days; walltime: 0.6
36752.0/37230.0 days/days; walltime: 0.6
36753.0/37230.0 days/days; walltime: 0.4
36754.0/37230.0 days/days; walltime: 0.4
36755.0/37230.0 days/days; walltime: 0.4
36756.0/37230.0 days/days; walltime: 0.4
36757.0/37230.0 days/days; walltime: 0.4
36758.0/37230.0 days/days; walltime: 0.2
36759.0/37230.0 days/days; walltime: 0.3
36760.0/37230.0 days/days; walltime: 0.3
36761.0/37230.0 days/days; walltime: 0.3
36762.0/37230.0 days/days; walltime: 0.2
36763.0/37230.0 days/days; walltime: 0.3
36764.0/37230.0 days/days; walltime: 0.3
36765.0/37230.0 days/days; walltime: 0.2
36766.0/37230.0 days/days; walltime: 0.3
36767.0/37230.0 days/days; walltime: 0.1
36768.0/37230.0 days/days; walltime: 0.3
36769.0/37230.0 days/days; walltime: 0.3
36770.0/37230.0 days/days; walltime: 0.1
36771.0/37230.0 days/days; walltime: 0.3
36772.0/37230.0 days/days; walltime: 0.1
36773.0/37230.0 days/days; walltime: 0.3
36774.0/37230.0 days/days; walltime: 0.1
36775.0/37230.0 days/days; walltime: 0.3
36776.0/37230.0 days/days; walltime: 0.1
36777.0/37230.0 days/days; walltime: 0.3
36778.0/37230.0 days/days; walltime: 0.1
36779.0/37230.0 days/days; walltime: 0.3
36780.0/37230.0 days/days; walltime: 0.1
36781.0/37230.0 days/days; walltime: 0.3
36782.0/37230.0 days/days; walltime: 0.1
36783.0/37230.0 days/days; walltime: 0.3
36784.0/37230.0 days/days; walltime: 0.1
36785.0/37230.0 days/days; walltime: 0.3
36786.0/37230.0 days/days; walltime: 0.1
36787.0/37230.0 days/days; walltime: 0.1
36788.0/37230.0 days/days; walltime: 2.1
36789.0/37230.0 days/days; walltime: 0.2
36790.0/37230.0 days/days; walltime: 0.3
36791.0/37230.0 days/days; walltime: 0.1
36792.0/37230.0 days/days; walltime: 0.3
36793.0/37230.0 days/days; walltime: 0.1
36794.0/37230.0 days/days; walltime: 0.1
36795.0/37230.0 days/days; walltime: 0.3
36796.0/37230.0 days/days; walltime: 0.1
36797.0/37230.0 days/days; walltime: 0.2
36798.0/37230.0 days/days; walltime: 0.1
36799.0/37230.0 days/days; walltime: 0.1
36800.0/37230.0 days/days; walltime: 0.3
36801.0/37230.0 days/days; walltime: 0.1
36802.0/37230.0 days/days; walltime: 0.3
36803.0/37230.0 days/days; walltime: 0.1
36804.0/37230.0 days/days; walltime: 0.1
36805.0/37230.0 days/days; walltime: 0.2
36806.0/37230.0 days/days; walltime: 0.1
36807.0/37230.0 days/days; walltime: 0.1
36808.0/37230.0 days/days; walltime: 0.2
36809.0/37230.0 days/days; walltime: 0.1
36810.0/37230.0 days/days; walltime: 0.1
36811.0/37230.0 days/days; walltime: 0.3
36812.0/37230.0 days/days; walltime: 0.1
36813.0/37230.0 days/days; walltime: 0.2
36814.0/37230.0 days/days; walltime: 0.6
36815.0/37230.0 days/days; walltime: 0.1
36816.0/37230.0 days/days; walltime: 0.1
36817.0/37230.0 days/days; walltime: 0.2
36818.0/37230.0 days/days; walltime: 0.1
36819.0/37230.0 days/days; walltime: 0.1
36820.0/37230.0 days/days; walltime: 0.2
36821.0/37230.0 days/days; walltime: 0.1
36822.0/37230.0 days/days; walltime: 0.1
36823.0/37230.0 days/days; walltime: 0.3
36824.0/37230.0 days/days; walltime: 0.1
36825.0/37230.0 days/days; walltime: 0.1
36826.0/37230.0 days/days; walltime: 0.1
36827.0/37230.0 days/days; walltime: 0.2
36828.0/37230.0 days/days; walltime: 0.1
36829.0/37230.0 days/days; walltime: 0.1
36830.0/37230.0 days/days; walltime: 0.2
36831.0/37230.0 days/days; walltime: 0.1
36832.0/37230.0 days/days; walltime: 0.1
36833.0/37230.0 days/days; walltime: 0.1
36834.0/37230.0 days/days; walltime: 0.2
36835.0/37230.0 days/days; walltime: 0.1
36836.0/37230.0 days/days; walltime: 0.1
36837.0/37230.0 days/days; walltime: 0.1
36838.0/37230.0 days/days; walltime: 0.2
36839.0/37230.0 days/days; walltime: 0.1
36840.0/37230.0 days/days; walltime: 0.1
36841.0/37230.0 days/days; walltime: 0.1
36842.0/37230.0 days/days; walltime: 0.2
36843.0/37230.0 days/days; walltime: 0.1
36844.0/37230.0 days/days; walltime: 0.1
36845.0/37230.0 days/days; walltime: 0.1
36846.0/37230.0 days/days; walltime: 0.2
36847.0/37230.0 days/days; walltime: 0.1
36848.0/37230.0 days/days; walltime: 0.1
36850.0/37230.0 days/days; walltime: 0.1
36851.0/37230.0 days/days; walltime: 0.2
36852.0/37230.0 days/days; walltime: 0.1
36853.0/37230.0 days/days; walltime: 0.1
36854.0/37230.0 days/days; walltime: 0.1
36855.0/37230.0 days/days; walltime: 0.1
36856.0/37230.0 days/days; walltime: 0.1
36858.0/37230.0 days/days; walltime: 0.2
36859.0/37230.0 days/days; walltime: 0.1
36860.0/37230.0 days/days; walltime: 0.1
36861.0/37230.0 days/days; walltime: 0.1
36862.0/37230.0 days/days; walltime: 0.2
36863.0/37230.0 days/days; walltime: 0.1
36865.0/37230.0 days/days; walltime: 0.1
36866.0/37230.0 days/days; walltime: 0.1
36867.0/37230.0 days/days; walltime: 0.2
36868.0/37230.0 days/days; walltime: 0.1
36869.0/37230.0 days/days; walltime: 0.1
36870.0/37230.0 days/days; walltime: 0.1
36872.0/37230.0 days/days; walltime: 0.2
36873.0/37230.0 days/days; walltime: 0.1
36874.0/37230.0 days/days; walltime: 0.1
36875.0/37230.0 days/days; walltime: 0.1
36876.0/37230.0 days/days; walltime: 2.0
36878.0/37230.0 days/days; walltime: 0.1
36879.0/37230.0 days/days; walltime: 0.1
36880.0/37230.0 days/days; walltime: 0.1
36881.0/37230.0 days/days; walltime: 0.2
36882.0/37230.0 days/days; walltime: 0.1
36884.0/37230.0 days/days; walltime: 0.1
36885.0/37230.0 days/days; walltime: 0.1
36886.0/37230.0 days/days; walltime: 0.2
36887.0/37230.0 days/days; walltime: 0.1
36889.0/37230.0 days/days; walltime: 0.1
36890.0/37230.0 days/days; walltime: 0.1
36891.0/37230.0 days/days; walltime: 0.2
36892.0/37230.0 days/days; walltime: 0.1
36894.0/37230.0 days/days; walltime: 0.1
36895.0/37230.0 days/days; walltime: 0.1
36896.0/37230.0 days/days; walltime: 0.2
36898.0/37230.0 days/days; walltime: 0.1
36899.0/37230.0 days/days; walltime: 0.1
36900.0/37230.0 days/days; walltime: 0.1
36902.0/37230.0 days/days; walltime: 0.2
36903.0/37230.0 days/days; walltime: 0.1
36904.0/37230.0 days/days; walltime: 0.1
36906.0/37230.0 days/days; walltime: 0.1
36907.0/37230.0 days/days; walltime: 0.2
36908.0/37230.0 days/days; walltime: 0.1
36910.0/37230.0 days/days; walltime: 0.1
36911.0/37230.0 days/days; walltime: 0.1
36913.0/37230.0 days/days; walltime: 0.2
36914.0/37230.0 days/days; walltime: 0.1
36915.0/37230.0 days/days; walltime: 0.1
36917.0/37230.0 days/days; walltime: 0.1
36918.0/37230.0 days/days; walltime: 0.2
36920.0/37230.0 days/days; walltime: 0.1
36921.0/37230.0 days/days; walltime: 0.1
36923.0/37230.0 days/days; walltime: 0.1
36924.0/37230.0 days/days; walltime: 0.2
36926.0/37230.0 days/days; walltime: 0.1
36927.0/37230.0 days/days; walltime: 0.1
36929.0/37230.0 days/days; walltime: 0.1
36930.0/37230.0 days/days; walltime: 0.2
36932.0/37230.0 days/days; walltime: 0.1
36933.0/37230.0 days/days; walltime: 0.1
36935.0/37230.0 days/days; walltime: 0.1
36936.0/37230.0 days/days; walltime: 0.2
36938.0/37230.0 days/days; walltime: 0.1
36939.0/37230.0 days/days; walltime: 0.1
-36941.0/37230.0 days/days; walltime: 0.1
36942.0/37230.0 days/days; walltime: 0.2
36944.0/37230.0 days/days; walltime: 0.1
36946.0/37230.0 days/days; walltime: 0.1
36947.0/37230.0 days/days; walltime: 0.1
36949.0/37230.0 days/days; walltime: 0.2
36951.0/37230.0 days/days; walltime: 0.1
36952.0/37230.0 days/days; walltime: 0.1
36954.0/37230.0 days/days; walltime: 0.1
36956.0/37230.0 days/days; walltime: 0.2
36957.0/37230.0 days/days; walltime: 0.1
36959.0/37230.0 days/days; walltime: 0.1
36961.0/37230.0 days/days; walltime: 0.1
36962.0/37230.0 days/days; walltime: 0.2
36964.0/37230.0 days/days; walltime: 0.1
36966.0/37230.0 days/days; walltime: 0.1
36968.0/37230.0 days/days; walltime: 0.1
36969.0/37230.0 days/days; walltime: 0.2
36971.0/37230.0 days/days; walltime: 0.1
36973.0/37230.0 days/days; walltime: 0.1
36975.0/37230.0 days/days; walltime: 0.1
36977.0/37230.0 days/days; walltime: 0.2
36979.0/37230.0 days/days; walltime: 0.1
--36980.0/37230.0 days/days; walltime: 2.5
36981.0/37230.0 days/days; walltime: 2.9
36982.0/37230.0 days/days; walltime: 8.0
36983.0/37230.0 days/days; walltime: 8.7
36984.0/37230.0 days/days; walltime: 9.6
36985.0/37230.0 days/days; walltime: 10.5
36986.0/37230.0 days/days; walltime: 14.2
36987.0/37230.0 days/days; walltime: 22.1
36988.0/37230.0 days/days; walltime: 22.8
36989.0/37230.0 days/days; walltime: 32.0
36990.0/37230.0 days/days; walltime: 34.1
36991.0/37230.0 days/days; walltime: 26.6
36992.0/37230.0 days/days; walltime: 38.6
36993.0/37230.0 days/days; walltime: 27.1
36994.0/37230.0 days/days; walltime: 34.5
36995.0/37230.0 days/days; walltime: 45.3
36996.0/37230.0 days/days; walltime: 41.5
36997.0/37230.0 days/days; walltime: 43.6
36998.0/37230.0 days/days; walltime: 44.9
36999.0/37230.0 days/days; walltime: 27.7
37000.0/37230.0 days/days; walltime: 33.1
37001.0/37230.0 days/days; walltime: 31.0
37002.0/37230.0 days/days; walltime: 23.7
37003.0/37230.0 days/days; walltime: 22.0
37004.0/37230.0 days/days; walltime: 39.1
37005.0/37230.0 days/days; walltime: 44.6
37006.0/37230.0 days/days; walltime: 41.0
37007.0/37230.0 days/days; walltime: 34.3
37008.0/37230.0 days/days; walltime: 45.0
37009.0/37230.0 days/days; walltime: 29.4
37010.0/37230.0 days/days; walltime: 52.1
37011.0/37230.0 days/days; walltime: 32.1
37012.0/37230.0 days/days; walltime: 18.8
37013.0/37230.0 days/days; walltime: 40.7
37014.0/37230.0 days/days; walltime: 31.1
37015.0/37230.0 days/days; walltime: 33.0
37016.0/37230.0 days/days; walltime: 37.9
37017.0/37230.0 days/days; walltime: 28.9
37018.0/37230.0 days/days; walltime: 34.9
37019.0/37230.0 days/days; walltime: 26.4
37020.0/37230.0 days/days; walltime: 26.9
37021.0/37230.0 days/days; walltime: 27.0
37022.0/37230.0 days/days; walltime: 38.5
37023.0/37230.0 days/days; walltime: 21.2
37024.0/37230.0 days/days; walltime: 27.0
37025.0/37230.0 days/days; walltime: 23.0
37026.0/37230.0 days/days; walltime: 35.1
37027.0/37230.0 days/days; walltime: 64.2
37028.0/37230.0 days/days; walltime: 36.9
37029.0/37230.0 days/days; walltime: 47.0
37030.0/37230.0 days/days; walltime: 33.5
37031.0/37230.0 days/days; walltime: 46.5
37032.0/37230.0 days/days; walltime: 19.9
37033.0/37230.0 days/days; walltime: 22.6
37034.0/37230.0 days/days; walltime: 62.0
37035.0/37230.0 days/days; walltime: 45.1
37036.0/37230.0 days/days; walltime: 42.6
37037.0/37230.0 days/days; walltime: 41.3
37038.0/37230.0 days/days; walltime: 33.1
37039.0/37230.0 days/days; walltime: 50.1
37040.0/37230.0 days/days; walltime: 28.0
37041.0/37230.0 days/days; walltime: 35.9
37042.0/37230.0 days/days; walltime: 45.9
37043.0/37230.0 days/days; walltime: 19.8
37044.0/37230.0 days/days; walltime: 30.1
37045.0/37230.0 days/days; walltime: 26.0
37046.0/37230.0 days/days; walltime: 35.1
37047.0/37230.0 days/days; walltime: 7.4
37048.0/37230.0 days/days; walltime: 35.1
37049.0/37230.0 days/days; walltime: 31.7
37050.0/37230.0 days/days; walltime: 25.1
37051.0/37230.0 days/days; walltime: 20.6
37052.0/37230.0 days/days; walltime: 29.3
37053.0/37230.0 days/days; walltime: 33.0
37054.0/37230.0 days/days; walltime: 24.3
37055.0/37230.0 days/days; walltime: 19.4
37056.0/37230.0 days/days; walltime: 34.5
37057.0/37230.0 days/days; walltime: 19.2
37058.0/37230.0 days/days; walltime: 6.7
37059.0/37230.0 days/days; walltime: 32.0
37060.0/37230.0 days/days; walltime: 40.7
37061.0/37230.0 days/days; walltime: 12.0
--37062.0/37230.0 days/days; walltime: 16.5
37063.0/37230.0 days/days; walltime: 25.5
37064.0/37230.0 days/days; walltime: 5.4
37065.0/37230.0 days/days; walltime: 7.6
37066.0/37230.0 days/days; walltime: 34.9
37067.0/37230.0 days/days; walltime: 13.6
37068.0/37230.0 days/days; walltime: 25.1
37069.0/37230.0 days/days; walltime: 13.3
37070.0/37230.0 days/days; walltime: 9.6
37071.0/37230.0 days/days; walltime: 8.5
37072.0/37230.0 days/days; walltime: 9.6
37073.0/37230.0 days/days; walltime: 13.5
37074.0/37230.0 days/days; walltime: 17.2
37075.0/37230.0 days/days; walltime: 22.4
37076.0/37230.0 days/days; walltime: 19.3
37077.0/37230.0 days/days; walltime: 28.7
37078.0/37230.0 days/days; walltime: 39.0
37079.0/37230.0 days/days; walltime: 30.4
37080.0/37230.0 days/days; walltime: 21.5
37081.0/37230.0 days/days; walltime: 13.1
37082.0/37230.0 days/days; walltime: 6.5
37083.0/37230.0 days/days; walltime: 21.8
37084.0/37230.0 days/days; walltime: 15.5
37085.0/37230.0 days/days; walltime: 12.6
37086.0/37230.0 days/days; walltime: 7.0
37087.0/37230.0 days/days; walltime: 19.9
37088.0/37230.0 days/days; walltime: 25.7
37089.0/37230.0 days/days; walltime: 5.2
37090.0/37230.0 days/days; walltime: 8.7
37091.0/37230.0 days/days; walltime: 13.5
37092.0/37230.0 days/days; walltime: 8.5
37093.0/37230.0 days/days; walltime: 5.8
37094.0/37230.0 days/days; walltime: 5.1
37095.0/37230.0 days/days; walltime: 11.3
37096.0/37230.0 days/days; walltime: 5.2
37097.0/37230.0 days/days; walltime: 8.2
37098.0/37230.0 days/days; walltime: 8.5
37099.0/37230.0 days/days; walltime: 7.6
37100.0/37230.0 days/days; walltime: 7.2
37101.0/37230.0 days/days; walltime: 7.4
37102.0/37230.0 days/days; walltime: 8.3
37103.0/37230.0 days/days; walltime: 7.5
37104.0/37230.0 days/days; walltime: 5.7
37105.0/37230.0 days/days; walltime: 6.4
37106.0/37230.0 days/days; walltime: 9.4
37107.0/37230.0 days/days; walltime: 6.9
37108.0/37230.0 days/days; walltime: 16.5
37109.0/37230.0 days/days; walltime: 8.5
37110.0/37230.0 days/days; walltime: 5.3
37111.0/37230.0 days/days; walltime: 5.2
37112.0/37230.0 days/days; walltime: 9.6
37113.0/37230.0 days/days; walltime: 5.3
37114.0/37230.0 days/days; walltime: 4.6
37115.0/37230.0 days/days; walltime: 1.0
37116.0/37230.0 days/days; walltime: 0.7
37117.0/37230.0 days/days; walltime: 0.6
37118.0/37230.0 days/days; walltime: 0.6
37119.0/37230.0 days/days; walltime: 0.4
37120.0/37230.0 days/days; walltime: 0.2
37121.0/37230.0 days/days; walltime: 0.4
37122.0/37230.0 days/days; walltime: 0.3
37123.0/37230.0 days/days; walltime: 0.4
37124.0/37230.0 days/days; walltime: 0.3
37125.0/37230.0 days/days; walltime: 0.2
37126.0/37230.0 days/days; walltime: 0.3
37127.0/37230.0 days/days; walltime: 0.3
37128.0/37230.0 days/days; walltime: 0.3
37129.0/37230.0 days/days; walltime: 0.1
37130.0/37230.0 days/days; walltime: 0.3
37131.0/37230.0 days/days; walltime: 0.2
37132.0/37230.0 days/days; walltime: 0.3
37133.0/37230.0 days/days; walltime: 0.1
37134.0/37230.0 days/days; walltime: 0.3
37135.0/37230.0 days/days; walltime: 0.4
37136.0/37230.0 days/days; walltime: 0.1
37137.0/37230.0 days/days; walltime: 0.3
37138.0/37230.0 days/days; walltime: 0.3
37139.0/37230.0 days/days; walltime: 0.3
37140.0/37230.0 days/days; walltime: 0.3
37141.0/37230.0 days/days; walltime: 0.3
37142.0/37230.0 days/days; walltime: 2.2
37143.0/37230.0 days/days; walltime: 0.3
37144.0/37230.0 days/days; walltime: 0.1
37145.0/37230.0 days/days; walltime: 0.1
37146.0/37230.0 days/days; walltime: 0.1
37147.0/37230.0 days/days; walltime: 0.3
37148.0/37230.0 days/days; walltime: 0.1
37149.0/37230.0 days/days; walltime: 0.3
37150.0/37230.0 days/days; walltime: 0.1
37151.0/37230.0 days/days; walltime: 0.2
37152.0/37230.0 days/days; walltime: 0.1
37153.0/37230.0 days/days; walltime: 0.3
37154.0/37230.0 days/days; walltime: 0.1
37155.0/37230.0 days/days; walltime: 0.1
37156.0/37230.0 days/days; walltime: 0.3
37157.0/37230.0 days/days; walltime: 0.1
37158.0/37230.0 days/days; walltime: 0.3
37159.0/37230.0 days/days; walltime: 0.1
37160.0/37230.0 days/days; walltime: 0.1
37161.0/37230.0 days/days; walltime: 0.2
37162.0/37230.0 days/days; walltime: 0.1
37163.0/37230.0 days/days; walltime: 0.1
37164.0/37230.0 days/days; walltime: 0.3
-37165.0/37230.0 days/days; walltime: 0.1
37166.0/37230.0 days/days; walltime: 0.3
37167.0/37230.0 days/days; walltime: 0.1
37168.0/37230.0 days/days; walltime: 0.1
37169.0/37230.0 days/days; walltime: 0.2
37170.0/37230.0 days/days; walltime: 0.1
37171.0/37230.0 days/days; walltime: 0.1
37172.0/37230.0 days/days; walltime: 0.2
37173.0/37230.0 days/days; walltime: 0.1
37174.0/37230.0 days/days; walltime: 0.1
37175.0/37230.0 days/days; walltime: 0.2
37176.0/37230.0 days/days; walltime: 0.1
37177.0/37230.0 days/days; walltime: 0.1
37178.0/37230.0 days/days; walltime: 0.2
37179.0/37230.0 days/days; walltime: 0.1
37180.0/37230.0 days/days; walltime: 0.1
37181.0/37230.0 days/days; walltime: 0.2
37182.0/37230.0 days/days; walltime: 0.1
37183.0/37230.0 days/days; walltime: 0.1
37184.0/37230.0 days/days; walltime: 0.3
37185.0/37230.0 days/days; walltime: 0.1
37186.0/37230.0 days/days; walltime: 0.1
37187.0/37230.0 days/days; walltime: 0.1
37188.0/37230.0 days/days; walltime: 0.2
37189.0/37230.0 days/days; walltime: 0.1
37190.0/37230.0 days/days; walltime: 0.1
37191.0/37230.0 days/days; walltime: 0.3
-37192.0/37230.0 days/days; walltime: 0.1
37193.0/37230.0 days/days; walltime: 0.1
37194.0/37230.0 days/days; walltime: 0.1
37195.0/37230.0 days/days; walltime: 0.2
37196.0/37230.0 days/days; walltime: 0.1
37197.0/37230.0 days/days; walltime: 0.1
37198.0/37230.0 days/days; walltime: 0.1
37199.0/37230.0 days/days; walltime: 0.2
37200.0/37230.0 days/days; walltime: 0.1
37201.0/37230.0 days/days; walltime: 0.1
37202.0/37230.0 days/days; walltime: 0.1
37203.0/37230.0 days/days; walltime: 0.2
37204.0/37230.0 days/days; walltime: 0.1
37205.0/37230.0 days/days; walltime: 0.1
37206.0/37230.0 days/days; walltime: 0.1
37207.0/37230.0 days/days; walltime: 0.2
37208.0/37230.0 days/days; walltime: 0.1
37209.0/37230.0 days/days; walltime: 0.1
37211.0/37230.0 days/days; walltime: 0.1
37212.0/37230.0 days/days; walltime: 0.2
37213.0/37230.0 days/days; walltime: 0.1
37214.0/37230.0 days/days; walltime: 0.1
37215.0/37230.0 days/days; walltime: 0.1
37216.0/37230.0 days/days; walltime: 0.2
37217.0/37230.0 days/days; walltime: 0.1
37218.0/37230.0 days/days; walltime: 0.1
37220.0/37230.0 days/days; walltime: 0.1
37221.0/37230.0 days/days; walltime: 0.2
37222.0/37230.0 days/days; walltime: 0.1
37223.0/37230.0 days/days; walltime: 0.1
37224.0/37230.0 days/days; walltime: 0.1
37225.0/37230.0 days/days; walltime: 0.2
37227.0/37230.0 days/days; walltime: 0.1
37228.0/37230.0 days/days; walltime: 0.1
37229.0/37230.0 days/days; walltime: 0.1
37230.0/37230.0 days/days; walltime: 1.9
Wallclock for model run: 6844.7s
 

fields = 

  struct with fields:

    nodes: [1x1 struct]
    edges: [1x1 struct]
       BC: [1x1 struct]

No cases left; exiting.
