Case 3:
Picked up JAVA_TOOL_OPTIONS: -Xmx2g
Opening log file:  /tmp/java.log.23217

                            < M A T L A B (R) >
                  Copyright 1984-2022 The MathWorks, Inc.
                  R2022a (9.12.0.1884302) 64-bit (glnxa64)
                             February 16, 2022

 
To get started, type doc.
For product information, visit www.mathworks.com.
 

config = 

  struct with fields:

                 k_s: 0.2500
                 l_c: 10
            n_moulin: 68
    creep_const_soft: 0
             mesh_nr: 4
                 k_c: 0.1500
               h_bed: 0.5000
               l_bed: 10
               alpha: 3
                beta: 2
               omega: 0

Running model run (ode15s):
Run to steady
Saving model run to
./RUN/output_103_steady.nc
Fields, IC & BC initialised
Initial phi calculated in 0.7s
0.0/36500.0 days/days; walltime: 71.0
----------------------------------------------------------------------------------------------------------------------------------------------------------------------------------------------------------------------------------------------------------------------------------------------------------------------------------------------------------------------------------------------------------------------------------------------------------------------------------------------------------------------------------------------------------------------------------------------------------------------------------------------------------------------------------------------------------------------------------------------------------1825.0/36500.0 days/days; walltime: 2578.1
------------3650.0/36500.0 days/days; walltime: 1.1
-----------------------------------------5475.0/36500.0 days/days; walltime: 2.5
-----------------------------------------7300.0/36500.0 days/days; walltime: 2.4
-----------------------------------------------------------------------------------------------------------------------------------------------9125.0/36500.0 days/days; walltime: 9.5
---------------------------------------------------------------------------------------------------------------------------------------------------------------------------------------------------------------------------------------------------------------------------------------------------------------------------------------------------------------------------------------------------------------------------------------------------------------------------------------------------------------------------------------------------------------------------------------------------------------------------------------------------------------------------------------------------------------------------------------------------------------------------------------------------------------------------------------------------------------------------------------------------------------------------------------------------------------------------------------------------------------------------------------------------------------------------------------------------------------------------------------------------------------------------------------------------------------------------------------------------------------------------------------------------------------------------------------------------------------------------------------------------------------------------------------------------------------------------------------------------------------------------------------------------------------------------------------------------------------------------------------------------------------------------------------------------------------------------------------------------------------------------------------------------------------------------------------------------------------------------------------------------------------------------------------------------------------------------------------------------------------------------------------------------------------------------------------------------------------------------------------------------------------------------------------------------------------------------------------------------------------------------------------------------------------------------------------------------------------------------------------------------------------------------------------------------------------------------------------------------------------------------------------------------------------------------------------------------------------------------------------------------------------------------------------------------------------------------------------------------------------------------------------------------------------------------------------------------------------------------------------------------------------------------------------------------------------------------------------------------------------------------------------------------------------------------------------------------------------------------------------------------------------------------------------------------------------------------------------------------------------------------------------------------------------------------------------------------------------------------------------------------------------------------------------------------------------------------------------------------------------------------------------------------------------------------------------------------------------------------------------------------------------------------------------------------------------------------------------------------------------------------------------------------------------------------------------------------------------------------------------------------------------------------------------------------------------------------------------------------------------------------------------------------------------------------------------------------------------------------------------------------------------------------------------------------------------------------------------------------------------------------------------------------------------------------------------------------------------------------------------------------------------------------------------------------------------------------------------------------------------------------------------------------------------------------------------------------------------------------------------------------------------------------------------------------------------------------------------------------------------------------------------------------10950.0/36500.0 days/days; walltime: 2590.8
------------------------12775.0/36500.0 days/days; walltime: 1207.9
-----------------14600.0/36500.0 days/days; walltime: 923.1
16425.0/36500.0 days/days; walltime: 433.3
18250.0/36500.0 days/days; walltime: 414.0
20075.0/36500.0 days/days; walltime: 190.5
21900.0/36500.0 days/days; walltime: 1.7
23725.0/36500.0 days/days; walltime: 0.3
25550.0/36500.0 days/days; walltime: 0.0
27375.0/36500.0 days/days; walltime: 0.2
31025.0/36500.0 days/days; walltime: 0.1
34675.0/36500.0 days/days; walltime: 0.2
Wallclock for model run: 8421.8s
 

fields = 

  struct with fields:

    nodes: [1x1 struct]
    edges: [1x1 struct]
       BC: [1x1 struct]

Running model run (ode15s):
Run seasonal
Saving model run to
./RUN/output_103_seasonal.nc
IC initialised from struct
IC initialised from file/given & rest from parameters and given functions
36500.0/37230.0 days/days; walltime: 12.3
36501.0/37230.0 days/days; walltime: 56.8
36502.0/37230.0 days/days; walltime: 11.7
36503.0/37230.0 days/days; walltime: 48.2
36504.0/37230.0 days/days; walltime: 17.9
36505.0/37230.0 days/days; walltime: 11.7
36506.0/37230.0 days/days; walltime: 12.5
36507.0/37230.0 days/days; walltime: 14.5
36508.0/37230.0 days/days; walltime: 6.1
36509.0/37230.0 days/days; walltime: 2.8
36510.0/37230.0 days/days; walltime: 4.1
36511.0/37230.0 days/days; walltime: 2.5
36512.0/37230.0 days/days; walltime: 2.1
36513.0/37230.0 days/days; walltime: 2.0
36514.0/37230.0 days/days; walltime: 4.8
36515.0/37230.0 days/days; walltime: 1.6
36516.0/37230.0 days/days; walltime: 1.4
36517.0/37230.0 days/days; walltime: 1.2
36518.0/37230.0 days/days; walltime: 1.0
36519.0/37230.0 days/days; walltime: 2.1
36520.0/37230.0 days/days; walltime: 1.0
36521.0/37230.0 days/days; walltime: 1.1
36522.0/37230.0 days/days; walltime: 1.0
36523.0/37230.0 days/days; walltime: 1.0
36524.0/37230.0 days/days; walltime: 1.0
36525.0/37230.0 days/days; walltime: 1.3
36526.0/37230.0 days/days; walltime: 2.2
36527.0/37230.0 days/days; walltime: 1.0
36528.0/37230.0 days/days; walltime: 0.8
36529.0/37230.0 days/days; walltime: 2.1
36530.0/37230.0 days/days; walltime: 3.9
36531.0/37230.0 days/days; walltime: 0.4
36532.0/37230.0 days/days; walltime: 0.4
36533.0/37230.0 days/days; walltime: 0.8
36534.0/37230.0 days/days; walltime: 2.1
36535.0/37230.0 days/days; walltime: 3.6
36536.0/37230.0 days/days; walltime: 0.6
36537.0/37230.0 days/days; walltime: 0.6
36538.0/37230.0 days/days; walltime: 0.6
36539.0/37230.0 days/days; walltime: 0.6
36540.0/37230.0 days/days; walltime: 0.3
36541.0/37230.0 days/days; walltime: 1.8
36542.0/37230.0 days/days; walltime: 0.6
36543.0/37230.0 days/days; walltime: 0.5
36544.0/37230.0 days/days; walltime: 0.7
36545.0/37230.0 days/days; walltime: 0.5
36546.0/37230.0 days/days; walltime: 0.5
36547.0/37230.0 days/days; walltime: 0.4
36548.0/37230.0 days/days; walltime: 0.5
36549.0/37230.0 days/days; walltime: 0.4
36550.0/37230.0 days/days; walltime: 0.6
36551.0/37230.0 days/days; walltime: 1.7
36552.0/37230.0 days/days; walltime: 0.5
36553.0/37230.0 days/days; walltime: 0.2
36554.0/37230.0 days/days; walltime: 0.2
36555.0/37230.0 days/days; walltime: 0.6
36556.0/37230.0 days/days; walltime: 0.5
36557.0/37230.0 days/days; walltime: 0.5
36558.0/37230.0 days/days; walltime: 0.6
36559.0/37230.0 days/days; walltime: 0.4
36560.0/37230.0 days/days; walltime: 0.4
36561.0/37230.0 days/days; walltime: 0.5
36562.0/37230.0 days/days; walltime: 3.4
36563.0/37230.0 days/days; walltime: 0.6
36564.0/37230.0 days/days; walltime: 0.5
36565.0/37230.0 days/days; walltime: 0.4
36566.0/37230.0 days/days; walltime: 0.4
36567.0/37230.0 days/days; walltime: 0.4
36568.0/37230.0 days/days; walltime: 0.4
36569.0/37230.0 days/days; walltime: 0.4
36570.0/37230.0 days/days; walltime: 0.5
36571.0/37230.0 days/days; walltime: 0.4
36572.0/37230.0 days/days; walltime: 0.4
36573.0/37230.0 days/days; walltime: 1.6
36574.0/37230.0 days/days; walltime: 0.4
36575.0/37230.0 days/days; walltime: 0.3
36576.0/37230.0 days/days; walltime: 1.5
36577.0/37230.0 days/days; walltime: 0.4
36578.0/37230.0 days/days; walltime: 0.6
36579.0/37230.0 days/days; walltime: 0.5
36580.0/37230.0 days/days; walltime: 0.3
36581.0/37230.0 days/days; walltime: 0.3
36582.0/37230.0 days/days; walltime: 0.3
36583.0/37230.0 days/days; walltime: 0.3
36584.0/37230.0 days/days; walltime: 0.4
36585.0/37230.0 days/days; walltime: 0.3
36586.0/37230.0 days/days; walltime: 0.3
36587.0/37230.0 days/days; walltime: 0.3
36588.0/37230.0 days/days; walltime: 0.2
36589.0/37230.0 days/days; walltime: 1.7
36590.0/37230.0 days/days; walltime: 0.3
36591.0/37230.0 days/days; walltime: 0.3
36592.0/37230.0 days/days; walltime: 0.3
36593.0/37230.0 days/days; walltime: 0.2
36594.0/37230.0 days/days; walltime: 0.3
36595.0/37230.0 days/days; walltime: 0.3
36596.0/37230.0 days/days; walltime: 0.8
36597.0/37230.0 days/days; walltime: 0.4
36598.0/37230.0 days/days; walltime: 0.4
36599.0/37230.0 days/days; walltime: 0.5
36600.0/37230.0 days/days; walltime: 0.6
36601.0/37230.0 days/days; walltime: 0.2
36602.0/37230.0 days/days; walltime: 0.3
36603.0/37230.0 days/days; walltime: 0.2
36604.0/37230.0 days/days; walltime: 0.2
36605.0/37230.0 days/days; walltime: 0.1
36606.0/37230.0 days/days; walltime: 0.2
36607.0/37230.0 days/days; walltime: 0.3
36608.0/37230.0 days/days; walltime: 0.3
36609.0/37230.0 days/days; walltime: 0.2
36610.0/37230.0 days/days; walltime: 0.3
36611.0/37230.0 days/days; walltime: 0.2
36612.0/37230.0 days/days; walltime: 0.2
36613.0/37230.0 days/days; walltime: 0.3
36614.0/37230.0 days/days; walltime: 0.2
-36615.0/37230.0 days/days; walltime: 1.1
36616.0/37230.0 days/days; walltime: 5.0
36617.0/37230.0 days/days; walltime: 7.6
36618.0/37230.0 days/days; walltime: 14.8
36619.0/37230.0 days/days; walltime: 14.1
36620.0/37230.0 days/days; walltime: 18.8
36621.0/37230.0 days/days; walltime: 13.7
36622.0/37230.0 days/days; walltime: 14.1
36623.0/37230.0 days/days; walltime: 17.1
36624.0/37230.0 days/days; walltime: 16.6
36625.0/37230.0 days/days; walltime: 15.8
36626.0/37230.0 days/days; walltime: 16.5
36627.0/37230.0 days/days; walltime: 18.6
36628.0/37230.0 days/days; walltime: 19.7
36629.0/37230.0 days/days; walltime: 19.1
36630.0/37230.0 days/days; walltime: 21.7
36631.0/37230.0 days/days; walltime: 19.4
36632.0/37230.0 days/days; walltime: 22.2
36633.0/37230.0 days/days; walltime: 21.2
--36634.0/37230.0 days/days; walltime: 17.7
36635.0/37230.0 days/days; walltime: 18.8
--36636.0/37230.0 days/days; walltime: 19.2
36637.0/37230.0 days/days; walltime: 29.3
--36638.0/37230.0 days/days; walltime: 23.0
----36639.0/37230.0 days/days; walltime: 23.2
--36640.0/37230.0 days/days; walltime: 25.8
-36641.0/37230.0 days/days; walltime: 26.9
--36642.0/37230.0 days/days; walltime: 27.1
------36643.0/37230.0 days/days; walltime: 31.6
--36644.0/37230.0 days/days; walltime: 38.1
--------36645.0/37230.0 days/days; walltime: 49.2
--------36646.0/37230.0 days/days; walltime: 59.5
36647.0/37230.0 days/days; walltime: 40.7
------36648.0/37230.0 days/days; walltime: 41.3
-----36649.0/37230.0 days/days; walltime: 53.9
-------36650.0/37230.0 days/days; walltime: 67.3
----------------------36651.0/37230.0 days/days; walltime: 65.1
--------------36652.0/37230.0 days/days; walltime: 69.0
--------------------36653.0/37230.0 days/days; walltime: 63.1
-----------------36654.0/37230.0 days/days; walltime: 58.9
-----------------36655.0/37230.0 days/days; walltime: 49.5
--------36656.0/37230.0 days/days; walltime: 84.8
----------36657.0/37230.0 days/days; walltime: 100.5
-----------36658.0/37230.0 days/days; walltime: 112.1
--------36659.0/37230.0 days/days; walltime: 111.2
----------36660.0/37230.0 days/days; walltime: 75.0
-------------36661.0/37230.0 days/days; walltime: 90.4
-----------------36662.0/37230.0 days/days; walltime: 64.1
----------------------36663.0/37230.0 days/days; walltime: 100.9
-------------36664.0/37230.0 days/days; walltime: 71.4
---------------36665.0/37230.0 days/days; walltime: 75.1
----------36666.0/37230.0 days/days; walltime: 97.4
--------36667.0/37230.0 days/days; walltime: 96.2
------------36668.0/37230.0 days/days; walltime: 64.7
--------------36669.0/37230.0 days/days; walltime: 77.3
------------------36670.0/37230.0 days/days; walltime: 181.4
-------------------36671.0/37230.0 days/days; walltime: 142.0
----------------36672.0/37230.0 days/days; walltime: 78.7
--------36673.0/37230.0 days/days; walltime: 66.5
-------------------------------36674.0/37230.0 days/days; walltime: 113.7
------36675.0/37230.0 days/days; walltime: 73.8
-----------36676.0/37230.0 days/days; walltime: 62.2
----------36677.0/37230.0 days/days; walltime: 87.5
