Case 1:
Picked up JAVA_TOOL_OPTIONS: -Xmx2g
Opening log file:  /tmp/java.log.20619

                            < M A T L A B (R) >
                  Copyright 1984-2022 The MathWorks, Inc.
                  R2022a (9.12.0.1884302) 64-bit (glnxa64)
                             February 16, 2022

 
To get started, type doc.
For product information, visit www.mathworks.com.
 

config = 

  struct with fields:

                 k_s: 0.0138
                 l_c: 10
            n_moulin: 68
    creep_const_soft: 0
             mesh_nr: 4
                 k_c: 0.1500
               h_bed: 0.5000
               l_bed: 10
               alpha: 1.2500
                beta: 1.5000
               omega: 0

Running model run (ode15s):
Run to steady
Saving model run to
./RUN/output_101_steady.nc
Fields, IC & BC initialised
Initial phi calculated in 4.9s
0.0/36500.0 days/days; walltime: 23.8
-----------------------------------------------------------------------------------------------------------------------------------------------------------------------------------------------------------------------------------------------------------------------------------------------------------------------------------------------------------------------------------------------------------------------------------------------------------------------------------------------------------------------------------------------------------------------------------------------------------------------------------------------------------------------------------------------------------------------------------------------------------------------------------------------------------------------------------------------------------------------------------------------------------------------------------------------------------------------------------------------------------------------------------------------------------------------------------------------------------------------------------------------------------------------------------------------------------------------------------------------------------------------------------------------------------------------------------------------------------------------------------------------------------------------------------------------------------------------------------------------------------------------------------------------------------------------------------------------------------------------------------------------------------------------------------------------------------------------------------------------------------------------------------------------------------------------------------------------------------------------------------------------------------------------------------------------------------------------------------------------------------------------------------------------------------------------------------------------------------------------------------------------------------------------------------------------------------------------------------------------------------------------------------------------------------------------------------------------------------------------------------------------------------------------------------------------------------------------------------------------------------------------------------------------------------------------------------------------------------------------------------------------------------------------------------------------------------------------------------------------------------------------------------------------------------------------------------------------------------------------------------------------------------------------------------------------------------------------------------------------------------------------------------------------------------------------------------------------------------------------------------------------------------------------------------------------------------------------------------------------------------------------------------------------------------------------------------------------------------------------------------------------------------------------------------------------------------------------------------------------------------------------------------------------------------------------------------------------------------------------------------------------------------------------------------------------------------------------------------------------1825.0/36500.0 days/days; walltime: 319.0
--------------------3650.0/36500.0 days/days; walltime: 1.7
---5475.0/36500.0 days/days; walltime: 0.2
-----------------------------------------------------------------------7300.0/36500.0 days/days; walltime: 5.0
----------------------------------------------------------------------------------------------------------------------------------------------------------------------------------------------------------9125.0/36500.0 days/days; walltime: 15.4
------------------------------------------------------------------------------------------------------------------------------------------------------------------------------------------------------------------------------------------------------------------------------------------------------------------------------------------------------------------------------------------------------------------------------------------------------------------------------------------------------------------------------------------------------------------------------------------------------------------------------------------------------------------------------------------------------------------------------------------------------------------------------------------------------------------------------------------------------------------------------------------------------------------------------------------------------------------------------------------------------------------------------------------------------------------------------------------------------------------------------------------------------------------------------------------------------------------------------------------------------------------------------------------------------------------------------------------------------------------------------------------------------------------------------------------------------------------------------------------------------------------------------------------------------------------------------------------------------------------------------------------------------------------------------------------------------------------------------------------------------------------------------------------------------------------------------------------------------------------------------------------------------------------------------------------------------------------------------------------------------------------------------------------------------------------------------------------------------------------------------------------------------------------------------------------------------------------------------------------------------------------------------------------------------------------------------------------------------------------------------------------------------------------------------------------------------------------------------------------------------------------------------------------------------------------------------------------------------------------------------------------------------------------------------------------------------------------------------------------------------------------------------------------------------------------------------------------------------------------------------------------------------------------------------------------------------------------------------------------------------------------------------------------------------------------------------------------------------------------------------------------------------------------------------------------------------------------------------------------------------------------------------------------------------------------------------------------------------------------------------------------------------------------------------------------------------------------------------------------------------------------------------------------------------------------------------------------------------------------------------------------------------------------------------------------------------------------------------------------------------------------------------------------------------------------------------------------------------------------------------------------------------------------------------------------------------------------------------------------------------------------------------------------------------------------------------------------------------------------------------------------------------------------------------------------------------------------------------------------------------------------------------------------------------------------------------------------------------------------------------------------------------------------------------------------------------------------------------------------------------------------------------------------------------------------------------------------------------------------------------------------------------------------------------------------------------------------------------------------------------------------------------------------------------------------------------------------------------------------------------------------------------------------------------------------------------------------------------------------------------------------------------------------------------------------------------------------------------------------------------------------------------------------------------------------------------------------------------------------------------------------------------------------------------------------------------------------------------------------------------------------------------------------------------------------------------------------------------------------------------------------------------------------------------------------------------------------------------------------------------------------------------------------------------------------------------------------------------------------------------------------------------------------------------------------------------------------------------------------------------------------------------------------------------------------------------------------------------------------------------------------------------------------------------------------------------------------------------------------------------------------------------------------------------------------------------------------------------------------------------------------------------------------------------------------------------------------------------------------------------------------------------------------------------------------------------------------------------------------------------------------------------------------------------------------------------------------------------------------------------------------------------------------------------------------------------------------------------------------------------------------------------------------------------------------------------------------------------------------------------------------------------------------------------------------------------------------------------------------------------------------------------------------------------------------------------------------------------------------------------------------------------------------------------------------------------------------------------------------------------------------------------------------------------------------------------------------------------------------------------------------------------------------------------------------------------------------------------------------------------------------------------------------------------------------------------------------------------------------------------------------------------------------------------------------------------------------------------------------------------------------------------------------------------------------------------------------------------------------------------------------------------------------------------------------------------------------------------------------------------------------------------------------------------------------------------------------------------------------------------------------------------------------------------------------------------------------------------------------------------------------------------------------------------------------------------------------------------------------------------------------------------------------------------------------------------------------------------------------------------------------------------------------------------------------------------------------------------------------------------------------------------------------------------------------------------------------------------------------------------------------------------------------------------------------------------------------------------------------------------------------------------------------------------------------------------10950.0/36500.0 days/days; walltime: 616.0
-----------------------------------------------------------------------------------------------------------------------------------------------------------------------------------------------------------------------------------------------------------------------------------------------------------------------------------------------------------------------------------------------------------------------------------------------------------------------------------------------------------------------------------------------------------------------------------------------------------------------------------------------------------------------------------------------------------------------------------------------------------------------------------------------------------------------------------------------------------------------------------------------------------------------------------------------------------------------------------------------------------------------------------------------------------------------------------------------------------------------------------------------------------------------------------------------------------------------------------------------------------------------------------------------------------------------------------------------------------------------------------------------------------------------------------------------------------------------------------------------------------------------------------------------------------------------------------------------------------------------------------------------------------------------------------------------------------------------------------------------------------------------------------------------------------------------------------------------------------------------------------------------------------------------------------------------------------------------------------------------------------------------------------------------------------------------------------------------------------------------------------------------------------------------------------------------------------------------------------------------------------------------------------------------------------------------------------------------------------------------------------------------------------------------------------------------------------------------------------------------------------------------------------------------------------------------------------------------------------------------------------------------------------------------------------------------------------------------------------------------------------------------------------------------------------------------------------------------------------------------------------------------------------------------------------------------------------------------------------------------------------------------------------------------------------------------------------------------------------------------------------------------------------------------------------------------------------------------------------------------------------------------------------------------------------------------------------------------------------------------------------------------------------------------------------------------------------------------------------------------------------------------------------------------------------------------------------------------------------------------------------------------------------------------------------------------------------------------------------------------------------------------------------------------------------------------------------------------------------------------------------------------------------------------------------------------------------------------------------------------------------------------------------------------------------------------------------------------------------------------------------------------------------------------------------------------------------------------------------------------------------------------------------------------------------------------------------------------------------------------------------------------------------------------------------------------------------------------------------------------------------------------------------------------------------------------------------------------------------------------------------------------------------------------------------------------------------------------------------------------------------------------------------------------------------------------------------------------------------------------------------------------------------------------------------------------------------------------------------------------------------------------------------------------------------------------------------------------------------------------------------------------------------------------------------------------------------------------------------------------------------------------------------------------------------------------------------------------------------------------------------------------------------------------------------------------------------------------------------------------------------------------------------------------------------------------------------------------------------------------------------------------------------------------------------------------------------------------------------------------------------------------------------------------------------------------------------------------------------------------------------------------------------------------------------------------------------------------------------------------------------------------------------------------------------------------------------------------------------------------------------------------------------------------------------------------------------------------------------------------------------------------------------------------------------------------------------------------------------------------------------------------------------------------------------------------------------------------------------------------------------------------------------------------------------------------------------------------------------------------------------------------------------------------------------------------------------------------------------------------------------------------------------------------------------------------------------------------------------------------------------------------------------------------------------------------------------------------------------------------------------------------------------------------------------------------------------------------------------------------------------------------------------------------------------------------------------------------------------------------------------------------------------------------------------------------------------------------------------------------------------------------------------------------------------------------------------------------------------------------------------------------------------------------------------------------------------------------------------------------------------------------------------------------------------------------------------------------------------------------------------------------------------------------------------------------------------------------------------------------------------------------------------------------------------------------------------------------------------------------------------------------------------------------------------------------------------------------------------------------------------------------------------------------------------------------------------------------------------------------------------------------------------------------------------------------------------------------------------------------------------------------------------------------------------------------------------------------------------------------------------------------------------------------------------------------------------------------------------------------------------------------------------------------------------------------------------------------------------------------------------------------------------------------------------------------------------------------------------------------------------------------------------------------------------------------------------------------------------------------------------------------------------------------------------------------------------------------------------------------------------------------------------------------------------------------------------------------------------------------------------------------------------------------------------------------------------------------------------------------------------------------------------------------------------------------------------------------------------------------------------------------------------------------------------------------------------------------------------------------------------------------------------------------------------------------------------------------------------------------------------------------------------------------------------------------------------------------------------------------------------------------------------------------------------------------------------------------------------------------------------------------------------------------------------------------------------------------------------------------------------------------------------------------------------------------------------------------------------------------------------------------------------------------------------------------------------------------------------------------------------------------------------------------------------------------------------------------------------------------------------------------------------------------------------------------------------------------------------------------------------------------------------------------------------------------------------------------------------------------------------------------------------------------------------------------------------------------------------------------------------------------------------------------------------------------------------------------------------------------------------------------------------------------------------------------------------------------------------------------------------------------------------------------------------------------------------------------------------------------------------------------------------------------------------------------------------------------------------------------------------------------------------------------------------------------------------------------------------------------------------------------------------------------------------------------------------------------------------------------------------------------------------------------------------------------------------------------------------------------------------------------------------------------------------------------------------------------------------------------------------------------------------------------------------------------------------------------------------------------------------------------------------------------------------------------------------------------------------------------------------------------------------------------------------------------------------------------------------------------------------------------------------------------------------------------------------------------------------------------------------------------------------------------------------------------------------------------------------------------------------------------------------------------------------------------------------------------------------------------------------------------------------------------------------------------------------------------------------------------------------------------------------------------------------------------------------------------------------------------------------------------------------------------------------------------------------------------------------------------------------------------------------------------------------------------------------------------------------------------------------------------------------------------------------------------------------------------------------------------------------------------------------------------------------------------------------------------------------------------------------------------------------------------------------------------------------------------------------------------------------------------------------------------------------------------------------------------------------------------------------------------------------------------------------------------------------------------------------------------------------------------------------------------------------------------------------------------------------------------------------------------------------------------------------------------------------------------------------------------------------------------------------------------------------------------------------------------------------------------------------------------------------------------------------------------------------------------------------------------------------------------------------------------------------------------------------------------------------------------------------------------------------------------------------------------------------------------------------------------12775.0/36500.0 days/days; walltime: 1023.3
------------------------------------------------------------------------------------------------------------------------------------------------------------------------------------------------------------------------------------------------------------------------------------------------------------------------------------------------------------------------------------------------------------------------------------------------------------------------------------------------------------------------------------------------------------------------------------------------------------------------------------------------------------------------------------------------------------------------------------------------------------------------------------------------------------------------------------14600.0/36500.0 days/days; walltime: 711.2
-------------------------------------------------------------------------------------------------------------------------------------------------------------------------------------------------------------------------------------------------------------------------16425.0/36500.0 days/days; walltime: 516.3
--------------------------------------------------------------------18250.0/36500.0 days/days; walltime: 326.2
---------------------------------------------------------------------------------------------------------------------------------------------------------------------------------------------------------------------------------------------------------------------------------------------------------------------------------------------------------------------------------------------------------------------------------------------------------------------------------20075.0/36500.0 days/days; walltime: 105.6
21900.0/36500.0 days/days; walltime: 6.5
23725.0/36500.0 days/days; walltime: 2.4
25550.0/36500.0 days/days; walltime: 1.1
27375.0/36500.0 days/days; walltime: 0.7
29200.0/36500.0 days/days; walltime: 0.5
31025.0/36500.0 days/days; walltime: 0.2
32850.0/36500.0 days/days; walltime: 0.3
Wallclock for model run: 3680.9s
 

fields = 

  struct with fields:

    nodes: [1x1 struct]
    edges: [1x1 struct]
       BC: [1x1 struct]

Running model run (ode15s):
Run seasonal
Saving model run to
./RUN/output_101_seasonal.nc
IC initialised from struct
IC initialised from file/given & rest from parameters and given functions
36500.0/37230.0 days/days; walltime: 16.5
36501.0/37230.0 days/days; walltime: 125.0
36502.0/37230.0 days/days; walltime: 5.5
36503.0/37230.0 days/days; walltime: 6.0
36504.0/37230.0 days/days; walltime: 13.6
36505.0/37230.0 days/days; walltime: 7.6
36506.0/37230.0 days/days; walltime: 14.7
36507.0/37230.0 days/days; walltime: 13.3
36508.0/37230.0 days/days; walltime: 2.0
36509.0/37230.0 days/days; walltime: 1.9
36510.0/37230.0 days/days; walltime: 3.6
36511.0/37230.0 days/days; walltime: 1.5
36512.0/37230.0 days/days; walltime: 1.6
36513.0/37230.0 days/days; walltime: 1.7
36514.0/37230.0 days/days; walltime: 1.6
36515.0/37230.0 days/days; walltime: 7.1
36516.0/37230.0 days/days; walltime: 0.6
36517.0/37230.0 days/days; walltime: 0.8
36518.0/37230.0 days/days; walltime: 1.0
36519.0/37230.0 days/days; walltime: 0.8
-36520.0/37230.0 days/days; walltime: 0.6
36521.0/37230.0 days/days; walltime: 1.0
36522.0/37230.0 days/days; walltime: 0.9
36523.0/37230.0 days/days; walltime: 0.7
------------------------------------------------36524.0/37230.0 days/days; walltime: 4.6
--------36525.0/37230.0 days/days; walltime: 0.5
---------36526.0/37230.0 days/days; walltime: 0.6
----------36527.0/37230.0 days/days; walltime: 0.7
-------36528.0/37230.0 days/days; walltime: 0.5
--------36529.0/37230.0 days/days; walltime: 0.5
-------36530.0/37230.0 days/days; walltime: 0.5
------36531.0/37230.0 days/days; walltime: 0.4
-------36532.0/37230.0 days/days; walltime: 0.5
--------36533.0/37230.0 days/days; walltime: 0.5
--------36534.0/37230.0 days/days; walltime: 0.5
------36535.0/37230.0 days/days; walltime: 0.4
-----36536.0/37230.0 days/days; walltime: 0.4
--------36537.0/37230.0 days/days; walltime: 0.5
------36538.0/37230.0 days/days; walltime: 0.4
--------36539.0/37230.0 days/days; walltime: 0.5
----------------------------------------36540.0/37230.0 days/days; walltime: 2.0
------------------------------------------36541.0/37230.0 days/days; walltime: 2.2
-----36542.0/37230.0 days/days; walltime: 0.4
----36543.0/37230.0 days/days; walltime: 0.3
---36544.0/37230.0 days/days; walltime: 0.1
----36545.0/37230.0 days/days; walltime: 0.3
---36546.0/37230.0 days/days; walltime: 0.3
---36547.0/37230.0 days/days; walltime: 0.1
----36548.0/37230.0 days/days; walltime: 0.3
---36549.0/37230.0 days/days; walltime: 0.3
---36550.0/37230.0 days/days; walltime: 0.2
---36551.0/37230.0 days/days; walltime: 0.3
----36552.0/37230.0 days/days; walltime: 0.3
--36553.0/37230.0 days/days; walltime: 0.1
---36554.0/37230.0 days/days; walltime: 0.3
---36555.0/37230.0 days/days; walltime: 0.2
---36556.0/37230.0 days/days; walltime: 0.3
--36557.0/37230.0 days/days; walltime: 0.1
---36558.0/37230.0 days/days; walltime: 0.3
----36559.0/37230.0 days/days; walltime: 0.3
--36560.0/37230.0 days/days; walltime: 0.1
---36561.0/37230.0 days/days; walltime: 0.3
--36562.0/37230.0 days/days; walltime: 0.1
---36563.0/37230.0 days/days; walltime: 0.3
--36564.0/37230.0 days/days; walltime: 0.1
---36565.0/37230.0 days/days; walltime: 0.3
----36566.0/37230.0 days/days; walltime: 0.2
----36567.0/37230.0 days/days; walltime: 0.3
--36568.0/37230.0 days/days; walltime: 0.1
----36569.0/37230.0 days/days; walltime: 0.2
----36570.0/37230.0 days/days; walltime: 0.3
----36571.0/37230.0 days/days; walltime: 0.2
---------------------------------------36572.0/37230.0 days/days; walltime: 2.1
--36573.0/37230.0 days/days; walltime: 0.1
----36574.0/37230.0 days/days; walltime: 0.3
----36575.0/37230.0 days/days; walltime: 0.2
--36576.0/37230.0 days/days; walltime: 0.1
---36577.0/37230.0 days/days; walltime: 0.3
--36578.0/37230.0 days/days; walltime: 0.1
--36579.0/37230.0 days/days; walltime: 0.2
--36580.0/37230.0 days/days; walltime: 0.1
-36581.0/37230.0 days/days; walltime: 0.1
---36582.0/37230.0 days/days; walltime: 0.3
-36583.0/37230.0 days/days; walltime: 0.1
-36584.0/37230.0 days/days; walltime: 0.1
---36585.0/37230.0 days/days; walltime: 0.3
-36586.0/37230.0 days/days; walltime: 0.1
---36587.0/37230.0 days/days; walltime: 0.3
-36588.0/37230.0 days/days; walltime: 0.1
-36589.0/37230.0 days/days; walltime: 0.1
-36590.0/37230.0 days/days; walltime: 0.1
---36591.0/37230.0 days/days; walltime: 0.3
-36592.0/37230.0 days/days; walltime: 0.1
-36593.0/37230.0 days/days; walltime: 0.1
--36594.0/37230.0 days/days; walltime: 0.2
--36595.0/37230.0 days/days; walltime: 0.1
-36596.0/37230.0 days/days; walltime: 0.1
--36597.0/37230.0 days/days; walltime: 0.2
-36598.0/37230.0 days/days; walltime: 0.1
-36599.0/37230.0 days/days; walltime: 0.1
-36600.0/37230.0 days/days; walltime: 0.1
---36601.0/37230.0 days/days; walltime: 0.3
-36602.0/37230.0 days/days; walltime: 0.1
-36603.0/37230.0 days/days; walltime: 0.1
--36604.0/37230.0 days/days; walltime: 0.2
-36605.0/37230.0 days/days; walltime: 0.1
-36606.0/37230.0 days/days; walltime: 0.1
-36607.0/37230.0 days/days; walltime: 0.1
--36608.0/37230.0 days/days; walltime: 0.2
-36609.0/37230.0 days/days; walltime: 0.1
-36610.0/37230.0 days/days; walltime: 0.1
-36611.0/37230.0 days/days; walltime: 0.1
--36612.0/37230.0 days/days; walltime: 0.2
-36613.0/37230.0 days/days; walltime: 0.1
-36614.0/37230.0 days/days; walltime: 0.1
-36615.0/37230.0 days/days; walltime: 0.1
-----------------------------------------------------------------------------------------36616.0/37230.0 days/days; walltime: 4.7
-----------------------------------------------------------36617.0/37230.0 days/days; walltime: 3.2
--------------------------------------------------------------------36618.0/37230.0 days/days; walltime: 3.9
-------------------------------------------------------------------------------------------------------------36619.0/37230.0 days/days; walltime: 6.2
-----------------------------------------------------------------------------------------------------------------------------------------------------------------------------------------------36620.0/37230.0 days/days; walltime: 11.3
------------------------------------------------------------------------------------------------------------------------------------------------------------------------------------------------------------------------------------------------------------------------------------------------36621.0/37230.0 days/days; walltime: 16.6
--------------------------------------------------------------------------------------------------------------------------------------------------------------------------------------------------------------------------------------------------------------------------------------------------------------36622.0/37230.0 days/days; walltime: 17.7
-------------------------------------------------------------------------------------------------------------------------------------------------------------------------------------------------------------------------------------------------------------------------------------------------------------------------------------------------------------------------------------------------------------------------------------------------------------------------------36623.0/37230.0 days/days; walltime: 27.0
---------------------------------------------------------------------------------------------------------------------------------------------------------------------------------------------------------------------------------------------------------------------------------------------------------------------------------------------------------------------------------------------------------------------------------------------------------------------------36624.0/37230.0 days/days; walltime: 27.6
----------------------------------------------------------------------------------------------------------------------------------------------------------------------------------------------------------------------------------------------------------------------------------------------------------------------------------------------------------------------------------------------------------------------------------------------------------------------------36625.0/37230.0 days/days; walltime: 27.5
-----------------------------------------------------------------------------------------------------------------------------------------------------------------------------------------------------------------------------------------------------------------------------------------------------------------------------------------------------------------------------------------------------------------------------------------------------------------------------------------------------------------------------------------------------------------------------------------------------------------------------------------------------------------------------------------------------------------------------------------------36626.0/37230.0 days/days; walltime: 41.2
-------------------------------------------------------------------------------------------------------------------------------------------------------------------------------------------------------------------------------------------------------------------------------------------------------------------------------------------------------------------------------------------------------------------------------------------------------------------------------------------------------------------------------------------------36627.0/37230.0 days/days; walltime: 30.7
-----------------------------------------------------------------------------------------------------------------------------------------------------------------------------------------------------------------------------------------------------------------------------------------------------------------------------------------------------------------------------------------------------------------------------------------------------------------------------------------------------------------------------------------------------------------------------------------------------------------------------36628.0/37230.0 days/days; walltime: 34.2
----------------------------------------------------------------------------------------------------------------------------------------------------------------------------------------------------------------------------------------------------------------------------------------------------------------------------------------------------------------------------------------------------------------------------------------------------------------------------------------------------------------------------------------------------------------------------------------------------------------------------------------------------------------------------------------------------------------------------------------------------------------------------------------------------------------------------------------------------------------------------------------------------------------36629.0/37230.0 days/days; walltime: 49.3
-----------------------------------------------------------------------------------------------------------------------------------------------------------------------------------------------------------------------------------------------------------------------------------------------------------------------------------------------------------------------------------------------------------------------------------------------------------------------------------------------------------------------------------------------------------------------------------------------------------------------------------------------------------------------------------------------------------------------------------------------------------------------------------------------------------------------------------------------------------------36630.0/37230.0 days/days; walltime: 47.0
---------------------------------------------------36631.0/37230.0 days/days; walltime: 47.6
36632.0/37230.0 days/days; walltime: 45.4
36633.0/37230.0 days/days; walltime: 43.7
36634.0/37230.0 days/days; walltime: 39.7
36635.0/37230.0 days/days; walltime: 40.4
36636.0/37230.0 days/days; walltime: 42.2
36637.0/37230.0 days/days; walltime: 44.5
36638.0/37230.0 days/days; walltime: 44.4
36639.0/37230.0 days/days; walltime: 39.3
36640.0/37230.0 days/days; walltime: 39.9
36641.0/37230.0 days/days; walltime: 37.2
36642.0/37230.0 days/days; walltime: 43.0
36643.0/37230.0 days/days; walltime: 37.8
36644.0/37230.0 days/days; walltime: 35.5
36645.0/37230.0 days/days; walltime: 46.3
36646.0/37230.0 days/days; walltime: 38.5
36647.0/37230.0 days/days; walltime: 38.0
36648.0/37230.0 days/days; walltime: 35.0
36649.0/37230.0 days/days; walltime: 51.6
--36650.0/37230.0 days/days; walltime: 59.2
-36651.0/37230.0 days/days; walltime: 35.7
36652.0/37230.0 days/days; walltime: 12.8
36653.0/37230.0 days/days; walltime: 19.6
36654.0/37230.0 days/days; walltime: 17.3
36655.0/37230.0 days/days; walltime: 19.4
36656.0/37230.0 days/days; walltime: 19.1
36657.0/37230.0 days/days; walltime: 20.2
36658.0/37230.0 days/days; walltime: 17.9
36659.0/37230.0 days/days; walltime: 14.4
36660.0/37230.0 days/days; walltime: 87.2
36661.0/37230.0 days/days; walltime: 24.9
36662.0/37230.0 days/days; walltime: 18.4
--36663.0/37230.0 days/days; walltime: 42.1
36664.0/37230.0 days/days; walltime: 31.2
36665.0/37230.0 days/days; walltime: 54.3
36666.0/37230.0 days/days; walltime: 23.3
36667.0/37230.0 days/days; walltime: 20.1
36668.0/37230.0 days/days; walltime: 22.8
36669.0/37230.0 days/days; walltime: 34.4
--36670.0/37230.0 days/days; walltime: 37.4
--36671.0/37230.0 days/days; walltime: 41.0
--36672.0/37230.0 days/days; walltime: 21.0
36673.0/37230.0 days/days; walltime: 13.7
----36674.0/37230.0 days/days; walltime: 18.5
36675.0/37230.0 days/days; walltime: 19.8
---36676.0/37230.0 days/days; walltime: 23.3
--36677.0/37230.0 days/days; walltime: 28.7
-----36678.0/37230.0 days/days; walltime: 74.6
----36679.0/37230.0 days/days; walltime: 20.5
36680.0/37230.0 days/days; walltime: 32.9
36681.0/37230.0 days/days; walltime: 12.9
--36682.0/37230.0 days/days; walltime: 76.0
--36683.0/37230.0 days/days; walltime: 26.1
--36684.0/37230.0 days/days; walltime: 18.0
------36685.0/37230.0 days/days; walltime: 26.5
--36686.0/37230.0 days/days; walltime: 31.4
36687.0/37230.0 days/days; walltime: 17.8
36688.0/37230.0 days/days; walltime: 26.0
36689.0/37230.0 days/days; walltime: 28.7
36690.0/37230.0 days/days; walltime: 25.1
--36691.0/37230.0 days/days; walltime: 19.1
--36692.0/37230.0 days/days; walltime: 21.2
36693.0/37230.0 days/days; walltime: 40.4
36694.0/37230.0 days/days; walltime: 40.1
--36695.0/37230.0 days/days; walltime: 35.9
--36696.0/37230.0 days/days; walltime: 62.5
36697.0/37230.0 days/days; walltime: 46.8
--36698.0/37230.0 days/days; walltime: 35.4
--36699.0/37230.0 days/days; walltime: 68.3
36700.0/37230.0 days/days; walltime: 120.4
--36701.0/37230.0 days/days; walltime: 61.5
36702.0/37230.0 days/days; walltime: 43.6
36703.0/37230.0 days/days; walltime: 56.0
--36704.0/37230.0 days/days; walltime: 26.8
36705.0/37230.0 days/days; walltime: 12.5
36706.0/37230.0 days/days; walltime: 38.2
36707.0/37230.0 days/days; walltime: 17.1
--36708.0/37230.0 days/days; walltime: 31.3
36709.0/37230.0 days/days; walltime: 98.6
--36710.0/37230.0 days/days; walltime: 43.7
36711.0/37230.0 days/days; walltime: 15.9
36712.0/37230.0 days/days; walltime: 14.8
36713.0/37230.0 days/days; walltime: 45.4
36714.0/37230.0 days/days; walltime: 79.4
36715.0/37230.0 days/days; walltime: 45.0
36716.0/37230.0 days/days; walltime: 28.8
36717.0/37230.0 days/days; walltime: 9.2
36718.0/37230.0 days/days; walltime: 8.7
36719.0/37230.0 days/days; walltime: 8.3
36720.0/37230.0 days/days; walltime: 14.0
36721.0/37230.0 days/days; walltime: 11.2
36722.0/37230.0 days/days; walltime: 16.1
36723.0/37230.0 days/days; walltime: 13.4
36724.0/37230.0 days/days; walltime: 13.7
36725.0/37230.0 days/days; walltime: 11.5
36726.0/37230.0 days/days; walltime: 7.2
36727.0/37230.0 days/days; walltime: 22.1
36728.0/37230.0 days/days; walltime: 13.7
36729.0/37230.0 days/days; walltime: 27.8
36730.0/37230.0 days/days; walltime: 26.4
36731.0/37230.0 days/days; walltime: 10.0
36732.0/37230.0 days/days; walltime: 11.8
36733.0/37230.0 days/days; walltime: 23.6
-36734.0/37230.0 days/days; walltime: 13.8
36735.0/37230.0 days/days; walltime: 29.4
36736.0/37230.0 days/days; walltime: 12.2
36737.0/37230.0 days/days; walltime: 23.5
36738.0/37230.0 days/days; walltime: 37.3
36739.0/37230.0 days/days; walltime: 12.5
36740.0/37230.0 days/days; walltime: 10.6
36741.0/37230.0 days/days; walltime: 15.4
36742.0/37230.0 days/days; walltime: 10.1
36743.0/37230.0 days/days; walltime: 8.6
36744.0/37230.0 days/days; walltime: 10.1
36745.0/37230.0 days/days; walltime: 6.7
36746.0/37230.0 days/days; walltime: 6.3
36747.0/37230.0 days/days; walltime: 7.3
36748.0/37230.0 days/days; walltime: 3.7
36749.0/37230.0 days/days; walltime: 10.2
36750.0/37230.0 days/days; walltime: 2.6
36751.0/37230.0 days/days; walltime: 0.6
36752.0/37230.0 days/days; walltime: 0.7
36753.0/37230.0 days/days; walltime: 0.4
36754.0/37230.0 days/days; walltime: 0.4
36755.0/37230.0 days/days; walltime: 0.4
36756.0/37230.0 days/days; walltime: 0.4
36757.0/37230.0 days/days; walltime: 0.4
36758.0/37230.0 days/days; walltime: 0.3
36759.0/37230.0 days/days; walltime: 0.4
36760.0/37230.0 days/days; walltime: 0.2
36761.0/37230.0 days/days; walltime: 0.3
36762.0/37230.0 days/days; walltime: 0.3
36763.0/37230.0 days/days; walltime: 0.3
36764.0/37230.0 days/days; walltime: 0.2
36765.0/37230.0 days/days; walltime: 0.3
36766.0/37230.0 days/days; walltime: 0.4
36767.0/37230.0 days/days; walltime: 0.2
36768.0/37230.0 days/days; walltime: 0.4
-36769.0/37230.0 days/days; walltime: 2.0
36770.0/37230.0 days/days; walltime: 0.3
36771.0/37230.0 days/days; walltime: 0.2
36772.0/37230.0 days/days; walltime: 0.4
36773.0/37230.0 days/days; walltime: 0.3
36774.0/37230.0 days/days; walltime: 0.1
36775.0/37230.0 days/days; walltime: 0.3
36776.0/37230.0 days/days; walltime: 0.1
36777.0/37230.0 days/days; walltime: 0.3
36778.0/37230.0 days/days; walltime: 0.1
36779.0/37230.0 days/days; walltime: 0.3
36780.0/37230.0 days/days; walltime: 0.1
36781.0/37230.0 days/days; walltime: 0.3
-36782.0/37230.0 days/days; walltime: 0.1
36783.0/37230.0 days/days; walltime: 0.3
36784.0/37230.0 days/days; walltime: 0.1
36785.0/37230.0 days/days; walltime: 0.3
36786.0/37230.0 days/days; walltime: 0.1
36787.0/37230.0 days/days; walltime: 0.3
36788.0/37230.0 days/days; walltime: 0.1
36789.0/37230.0 days/days; walltime: 0.1
36790.0/37230.0 days/days; walltime: 0.3
36791.0/37230.0 days/days; walltime: 0.1
36792.0/37230.0 days/days; walltime: 0.3
36793.0/37230.0 days/days; walltime: 0.1
36794.0/37230.0 days/days; walltime: 0.3
36795.0/37230.0 days/days; walltime: 0.1
36796.0/37230.0 days/days; walltime: 0.1
36797.0/37230.0 days/days; walltime: 0.3
36798.0/37230.0 days/days; walltime: 0.1
36799.0/37230.0 days/days; walltime: 0.2
36800.0/37230.0 days/days; walltime: 0.1
36801.0/37230.0 days/days; walltime: 0.3
36802.0/37230.0 days/days; walltime: 0.1
36803.0/37230.0 days/days; walltime: 0.1
36804.0/37230.0 days/days; walltime: 0.2
36805.0/37230.0 days/days; walltime: 0.1
36806.0/37230.0 days/days; walltime: 0.1
36807.0/37230.0 days/days; walltime: 0.3
36808.0/37230.0 days/days; walltime: 0.1
36809.0/37230.0 days/days; walltime: 0.3
36810.0/37230.0 days/days; walltime: 0.1
36811.0/37230.0 days/days; walltime: 0.1
36812.0/37230.0 days/days; walltime: 0.3
36813.0/37230.0 days/days; walltime: 0.1
36814.0/37230.0 days/days; walltime: 0.1
36815.0/37230.0 days/days; walltime: 0.7
36816.0/37230.0 days/days; walltime: 0.1
36817.0/37230.0 days/days; walltime: 0.1
36818.0/37230.0 days/days; walltime: 0.2
36819.0/37230.0 days/days; walltime: 0.1
36820.0/37230.0 days/days; walltime: 0.1
36821.0/37230.0 days/days; walltime: 0.2
36822.0/37230.0 days/days; walltime: 0.1
36823.0/37230.0 days/days; walltime: 0.1
36824.0/37230.0 days/days; walltime: 0.3
36825.0/37230.0 days/days; walltime: 0.1
36826.0/37230.0 days/days; walltime: 0.1
36827.0/37230.0 days/days; walltime: 0.1
36828.0/37230.0 days/days; walltime: 0.2
36829.0/37230.0 days/days; walltime: 0.1
36830.0/37230.0 days/days; walltime: 0.1
-36831.0/37230.0 days/days; walltime: 0.3
36832.0/37230.0 days/days; walltime: 0.1
36833.0/37230.0 days/days; walltime: 0.1
36834.0/37230.0 days/days; walltime: 0.1
36835.0/37230.0 days/days; walltime: 0.2
36836.0/37230.0 days/days; walltime: 0.1
36837.0/37230.0 days/days; walltime: 0.1
36838.0/37230.0 days/days; walltime: 0.1
36839.0/37230.0 days/days; walltime: 0.3
-36840.0/37230.0 days/days; walltime: 0.1
--36841.0/37230.0 days/days; walltime: 0.1
--36842.0/37230.0 days/days; walltime: 0.2
--36843.0/37230.0 days/days; walltime: 0.1
--36844.0/37230.0 days/days; walltime: 0.1
-36845.0/37230.0 days/days; walltime: 0.1
-36846.0/37230.0 days/days; walltime: 0.2
--36847.0/37230.0 days/days; walltime: 0.1
--36848.0/37230.0 days/days; walltime: 0.1
--36850.0/37230.0 days/days; walltime: 0.1
--36851.0/37230.0 days/days; walltime: 0.2
-36852.0/37230.0 days/days; walltime: 0.1
-36853.0/37230.0 days/days; walltime: 0.1
--36854.0/37230.0 days/days; walltime: 0.1
--36855.0/37230.0 days/days; walltime: 0.2
--36856.0/37230.0 days/days; walltime: 0.1
--36857.0/37230.0 days/days; walltime: 0.1
-36858.0/37230.0 days/days; walltime: 0.1
--------------------------------------36859.0/37230.0 days/days; walltime: 2.4
----------------------------------------36860.0/37230.0 days/days; walltime: 2.1
------------------------------------------36861.0/37230.0 days/days; walltime: 2.8
--36862.0/37230.0 days/days; walltime: 0.1
--36863.0/37230.0 days/days; walltime: 0.1
--36864.0/37230.0 days/days; walltime: 0.1
--36865.0/37230.0 days/days; walltime: 0.2
-36867.0/37230.0 days/days; walltime: 0.1
-36868.0/37230.0 days/days; walltime: 0.1
-36869.0/37230.0 days/days; walltime: 0.1
-36870.0/37230.0 days/days; walltime: 0.1
-36871.0/37230.0 days/days; walltime: 0.1
-36872.0/37230.0 days/days; walltime: 0.1
-36873.0/37230.0 days/days; walltime: 0.1
-36875.0/37230.0 days/days; walltime: 0.1
-36876.0/37230.0 days/days; walltime: 0.1
--36877.0/37230.0 days/days; walltime: 0.2
-36878.0/37230.0 days/days; walltime: 0.1
-36879.0/37230.0 days/days; walltime: 0.1
-36880.0/37230.0 days/days; walltime: 0.1
--36882.0/37230.0 days/days; walltime: 0.2
-36883.0/37230.0 days/days; walltime: 0.1
-36884.0/37230.0 days/days; walltime: 0.1
-36885.0/37230.0 days/days; walltime: 0.1
--36886.0/37230.0 days/days; walltime: 0.2
-36888.0/37230.0 days/days; walltime: 0.1
-36889.0/37230.0 days/days; walltime: 0.1
-36890.0/37230.0 days/days; walltime: 0.1
--36891.0/37230.0 days/days; walltime: 0.2
-36892.0/37230.0 days/days; walltime: 0.1
-36894.0/37230.0 days/days; walltime: 0.1
-36895.0/37230.0 days/days; walltime: 0.1
--36896.0/37230.0 days/days; walltime: 0.2
-36897.0/37230.0 days/days; walltime: 0.1
-36899.0/37230.0 days/days; walltime: 0.1
-36900.0/37230.0 days/days; walltime: 0.1
--36901.0/37230.0 days/days; walltime: 0.2
-36903.0/37230.0 days/days; walltime: 0.1
-36904.0/37230.0 days/days; walltime: 0.1
-36905.0/37230.0 days/days; walltime: 0.1
--36906.0/37230.0 days/days; walltime: 0.2
-36908.0/37230.0 days/days; walltime: 0.1
-36909.0/37230.0 days/days; walltime: 0.1
-36910.0/37230.0 days/days; walltime: 0.1
--36912.0/37230.0 days/days; walltime: 0.2
-36913.0/37230.0 days/days; walltime: 0.1
-36914.0/37230.0 days/days; walltime: 0.1
-36916.0/37230.0 days/days; walltime: 0.1
--36917.0/37230.0 days/days; walltime: 0.2
-36918.0/37230.0 days/days; walltime: 0.1
-36920.0/37230.0 days/days; walltime: 0.1
-36921.0/37230.0 days/days; walltime: 0.1
--36923.0/37230.0 days/days; walltime: 0.2
-36924.0/37230.0 days/days; walltime: 0.1
-36925.0/37230.0 days/days; walltime: 0.1
-36927.0/37230.0 days/days; walltime: 0.1
--36928.0/37230.0 days/days; walltime: 0.2
-36930.0/37230.0 days/days; walltime: 0.1
-36931.0/37230.0 days/days; walltime: 0.1
-36933.0/37230.0 days/days; walltime: 0.1
--36934.0/37230.0 days/days; walltime: 0.2
-36936.0/37230.0 days/days; walltime: 0.1
-36937.0/37230.0 days/days; walltime: 0.1
-36939.0/37230.0 days/days; walltime: 0.1
--36940.0/37230.0 days/days; walltime: 0.2
-36942.0/37230.0 days/days; walltime: 0.1
-36943.0/37230.0 days/days; walltime: 0.1
-36945.0/37230.0 days/days; walltime: 0.1
--36946.0/37230.0 days/days; walltime: 0.2
-36948.0/37230.0 days/days; walltime: 0.1
-36949.0/37230.0 days/days; walltime: 0.1
-36951.0/37230.0 days/days; walltime: 0.1
--36952.0/37230.0 days/days; walltime: 0.2
-36954.0/37230.0 days/days; walltime: 0.1
-36956.0/37230.0 days/days; walltime: 0.1
-36957.0/37230.0 days/days; walltime: 0.1
--36959.0/37230.0 days/days; walltime: 0.2
-36961.0/37230.0 days/days; walltime: 0.1
-36962.0/37230.0 days/days; walltime: 0.1
-36964.0/37230.0 days/days; walltime: 0.1
--36965.0/37230.0 days/days; walltime: 0.2
-36967.0/37230.0 days/days; walltime: 0.1
-36969.0/37230.0 days/days; walltime: 0.1
-36971.0/37230.0 days/days; walltime: 0.1
--36972.0/37230.0 days/days; walltime: 0.2
-36974.0/37230.0 days/days; walltime: 0.1
-36976.0/37230.0 days/days; walltime: 0.1
-36978.0/37230.0 days/days; walltime: 0.1
------36979.0/37230.0 days/days; walltime: 0.6
-------------------------------------36980.0/37230.0 days/days; walltime: 2.1
------------------------------------------------36981.0/37230.0 days/days; walltime: 2.6
----------------------------------------------------36982.0/37230.0 days/days; walltime: 3.0
--------------------------------------------------------------36983.0/37230.0 days/days; walltime: 3.5
-------------------------------------------------------------------------------------------------------------------------------------------------------36984.0/37230.0 days/days; walltime: 8.8
--------------------------------------------------------------------------------------------------------------------------------------------------------------------------------------------------------36985.0/37230.0 days/days; walltime: 12.4
--------------------------------------------------------------------------------------------------------------------------------------------------------------------------------------------------------------------------------------------------36986.0/37230.0 days/days; walltime: 15.2
-----------------------------------------------------------------------------------------------------------------------------------------------------36987.0/37230.0 days/days; walltime: 19.8
36988.0/37230.0 days/days; walltime: 31.1
36989.0/37230.0 days/days; walltime: 27.2
36990.0/37230.0 days/days; walltime: 39.7
36991.0/37230.0 days/days; walltime: 41.8
36992.0/37230.0 days/days; walltime: 32.6
36993.0/37230.0 days/days; walltime: 54.6
36994.0/37230.0 days/days; walltime: 65.8
36995.0/37230.0 days/days; walltime: 91.7
36996.0/37230.0 days/days; walltime: 99.0
36997.0/37230.0 days/days; walltime: 87.6
36998.0/37230.0 days/days; walltime: 84.0
36999.0/37230.0 days/days; walltime: 71.2
37000.0/37230.0 days/days; walltime: 71.7
37001.0/37230.0 days/days; walltime: 78.5
37002.0/37230.0 days/days; walltime: 71.4
37003.0/37230.0 days/days; walltime: 69.8
37004.0/37230.0 days/days; walltime: 63.9
37005.0/37230.0 days/days; walltime: 83.5
37006.0/37230.0 days/days; walltime: 62.7
37007.0/37230.0 days/days; walltime: 72.8
37008.0/37230.0 days/days; walltime: 78.9
37009.0/37230.0 days/days; walltime: 59.7
37010.0/37230.0 days/days; walltime: 63.2
37011.0/37230.0 days/days; walltime: 39.3
37012.0/37230.0 days/days; walltime: 33.6
37013.0/37230.0 days/days; walltime: 30.1
37014.0/37230.0 days/days; walltime: 42.9
37015.0/37230.0 days/days; walltime: 48.4
-37016.0/37230.0 days/days; walltime: 74.3
37017.0/37230.0 days/days; walltime: 16.1
37018.0/37230.0 days/days; walltime: 17.9
37019.0/37230.0 days/days; walltime: 20.4
37020.0/37230.0 days/days; walltime: 19.2
37021.0/37230.0 days/days; walltime: 16.1
37022.0/37230.0 days/days; walltime: 19.0
37023.0/37230.0 days/days; walltime: 22.7
37024.0/37230.0 days/days; walltime: 13.3
37025.0/37230.0 days/days; walltime: 27.6
37026.0/37230.0 days/days; walltime: 13.4
37027.0/37230.0 days/days; walltime: 14.5
37028.0/37230.0 days/days; walltime: 28.7
37029.0/37230.0 days/days; walltime: 17.5
----37030.0/37230.0 days/days; walltime: 74.4
---37031.0/37230.0 days/days; walltime: 24.3
37032.0/37230.0 days/days; walltime: 17.5
37033.0/37230.0 days/days; walltime: 24.5
37034.0/37230.0 days/days; walltime: 43.4
37035.0/37230.0 days/days; walltime: 34.9
37036.0/37230.0 days/days; walltime: 42.0
37037.0/37230.0 days/days; walltime: 22.4
37038.0/37230.0 days/days; walltime: 10.1
----37039.0/37230.0 days/days; walltime: 14.1
--37040.0/37230.0 days/days; walltime: 35.0
-----------37041.0/37230.0 days/days; walltime: 24.3
-----37042.0/37230.0 days/days; walltime: 25.0
----37043.0/37230.0 days/days; walltime: 53.6
------37044.0/37230.0 days/days; walltime: 24.0
37045.0/37230.0 days/days; walltime: 28.1
37046.0/37230.0 days/days; walltime: 16.9
37047.0/37230.0 days/days; walltime: 36.5
37048.0/37230.0 days/days; walltime: 61.2
--37049.0/37230.0 days/days; walltime: 30.6
----37050.0/37230.0 days/days; walltime: 29.1
37051.0/37230.0 days/days; walltime: 123.5
----37052.0/37230.0 days/days; walltime: 24.2
37053.0/37230.0 days/days; walltime: 19.0
37054.0/37230.0 days/days; walltime: 86.2
37055.0/37230.0 days/days; walltime: 37.0
--37056.0/37230.0 days/days; walltime: 16.9
--37057.0/37230.0 days/days; walltime: 19.6
37058.0/37230.0 days/days; walltime: 16.5
37059.0/37230.0 days/days; walltime: 33.8
37060.0/37230.0 days/days; walltime: 18.0
--37061.0/37230.0 days/days; walltime: 32.0
37062.0/37230.0 days/days; walltime: 21.5
