Case 3:
Picked up JAVA_TOOL_OPTIONS: -Xmx2g
Opening log file:  /tmp/java.log.19132

                            < M A T L A B (R) >
                  Copyright 1984-2022 The MathWorks, Inc.
                  R2022a (9.12.0.1884302) 64-bit (glnxa64)
                             February 16, 2022

 
To get started, type doc.
For product information, visit www.mathworks.com.
 

config = 

  struct with fields:

                 k_s: 0.2500
                 l_c: 10
            n_moulin: 68
    creep_const_soft: 0
             mesh_nr: 4
                 k_c: 0.1500
               h_bed: 0.5000
               l_bed: 10
               alpha: 3
                beta: 2
               omega: 0

Running model run (ode15s):
Run to steady
Saving model run to
./RUN/output_203_steady.nc
Fields, IC & BC initialised
Initial phi calculated in 2.5s
0.0/36500.0 days/days; walltime: 99.8
------------------------------------------------------------------------------------------------------------------------------------------------------------------------------------------------------------------------------------------------------------------------------------------------------------------------------------------------------------------------------------------------------------------------------------------------------------------------------------------------------------------------1825.0/36500.0 days/days; walltime: 3411.6
------------------------------------------------------------------3650.0/36500.0 days/days; walltime: 19.5
---5475.0/36500.0 days/days; walltime: 0.6
--7300.0/36500.0 days/days; walltime: 0.2
--------------------------------------------------------------------------------------------------------------------------------------------------------------------------------------------------------------------------------------------------------------------------------------9125.0/36500.0 days/days; walltime: 35.0
--------------------------------------------------------------------------------------------------------------------------------------------------------------------------------------------------------------------------------------------------------------------------------------------------------------------------------------------------------------------------------------------------------------10950.0/36500.0 days/days; walltime: 3858.9
-------------12775.0/36500.0 days/days; walltime: 1642.5
----------------14600.0/36500.0 days/days; walltime: 1345.4
16425.0/36500.0 days/days; walltime: 1127.1
-----18250.0/36500.0 days/days; walltime: 1012.4
20075.0/36500.0 days/days; walltime: 201.1
21900.0/36500.0 days/days; walltime: 8.8
23725.0/36500.0 days/days; walltime: 1.0
25550.0/36500.0 days/days; walltime: 0.4
27375.0/36500.0 days/days; walltime: 0.1
29200.0/36500.0 days/days; walltime: 0.1
32850.0/36500.0 days/days; walltime: 0.5
36500.0/36500.0 days/days; walltime: 0.4
Wallclock for model run: 12772.4s
 

fields = 

  struct with fields:

    nodes: [1x1 struct]
    edges: [1x1 struct]
       BC: [1x1 struct]

Running model run (ode15s):
Run seasonal
Saving model run to
./RUN/output_203_seasonal.nc
IC initialised from struct
IC initialised from file/given & rest from parameters and given functions
-36500.0/37230.0 days/days; walltime: 26.8
36501.0/37230.0 days/days; walltime: 117.2
36502.0/37230.0 days/days; walltime: 27.1
36503.0/37230.0 days/days; walltime: 52.9
36504.0/37230.0 days/days; walltime: 42.0
36505.0/37230.0 days/days; walltime: 38.4
36506.0/37230.0 days/days; walltime: 41.6
36507.0/37230.0 days/days; walltime: 25.9
36508.0/37230.0 days/days; walltime: 24.0
36509.0/37230.0 days/days; walltime: 14.5
36510.0/37230.0 days/days; walltime: 5.5
36511.0/37230.0 days/days; walltime: 8.7
36512.0/37230.0 days/days; walltime: 4.2
36513.0/37230.0 days/days; walltime: 3.8
36514.0/37230.0 days/days; walltime: 4.6
36515.0/37230.0 days/days; walltime: 11.9
36516.0/37230.0 days/days; walltime: 3.1
36517.0/37230.0 days/days; walltime: 1.5
36518.0/37230.0 days/days; walltime: 1.5
36519.0/37230.0 days/days; walltime: 3.0
36520.0/37230.0 days/days; walltime: 3.5
36521.0/37230.0 days/days; walltime: 10.4
36522.0/37230.0 days/days; walltime: 2.0
36523.0/37230.0 days/days; walltime: 1.1
36524.0/37230.0 days/days; walltime: 1.1
36525.0/37230.0 days/days; walltime: 1.9
36526.0/37230.0 days/days; walltime: 2.6
36527.0/37230.0 days/days; walltime: 2.3
36528.0/37230.0 days/days; walltime: 10.4
36529.0/37230.0 days/days; walltime: 1.4
36530.0/37230.0 days/days; walltime: 0.9
36531.0/37230.0 days/days; walltime: 0.9
36532.0/37230.0 days/days; walltime: 1.3
36533.0/37230.0 days/days; walltime: 1.9
36534.0/37230.0 days/days; walltime: 1.3
36535.0/37230.0 days/days; walltime: 1.7
36536.0/37230.0 days/days; walltime: 1.7
36537.0/37230.0 days/days; walltime: 1.7
36538.0/37230.0 days/days; walltime: 1.5
36539.0/37230.0 days/days; walltime: 2.0
36540.0/37230.0 days/days; walltime: 7.8
36541.0/37230.0 days/days; walltime: 1.3
36542.0/37230.0 days/days; walltime: 0.8
36543.0/37230.0 days/days; walltime: 1.3
36544.0/37230.0 days/days; walltime: 1.2
36545.0/37230.0 days/days; walltime: 1.2
36546.0/37230.0 days/days; walltime: 24.7
36547.0/37230.0 days/days; walltime: 0.9
36548.0/37230.0 days/days; walltime: 1.0
36549.0/37230.0 days/days; walltime: 1.0
36550.0/37230.0 days/days; walltime: 1.0
36551.0/37230.0 days/days; walltime: 4.5
36552.0/37230.0 days/days; walltime: 0.8
36553.0/37230.0 days/days; walltime: 0.7
36554.0/37230.0 days/days; walltime: 1.2
36555.0/37230.0 days/days; walltime: 1.2
36556.0/37230.0 days/days; walltime: 1.2
36557.0/37230.0 days/days; walltime: 1.0
36558.0/37230.0 days/days; walltime: 1.0
36559.0/37230.0 days/days; walltime: 1.0
36560.0/37230.0 days/days; walltime: 1.2
36561.0/37230.0 days/days; walltime: 1.0
36562.0/37230.0 days/days; walltime: 0.9
36563.0/37230.0 days/days; walltime: 0.9
36564.0/37230.0 days/days; walltime: 1.2
36565.0/37230.0 days/days; walltime: 1.0
36566.0/37230.0 days/days; walltime: 1.0
36567.0/37230.0 days/days; walltime: 1.0
36568.0/37230.0 days/days; walltime: 1.2
36569.0/37230.0 days/days; walltime: 0.8
36570.0/37230.0 days/days; walltime: 0.9
36571.0/37230.0 days/days; walltime: 0.7
36572.0/37230.0 days/days; walltime: 0.8
36573.0/37230.0 days/days; walltime: 1.0
36574.0/37230.0 days/days; walltime: 3.6
36575.0/37230.0 days/days; walltime: 0.6
36576.0/37230.0 days/days; walltime: 0.6
36577.0/37230.0 days/days; walltime: 0.5
36578.0/37230.0 days/days; walltime: 0.3
36579.0/37230.0 days/days; walltime: 0.6
36580.0/37230.0 days/days; walltime: 0.7
36581.0/37230.0 days/days; walltime: 0.9
36582.0/37230.0 days/days; walltime: 0.7
36583.0/37230.0 days/days; walltime: 0.6
36584.0/37230.0 days/days; walltime: 0.3
36585.0/37230.0 days/days; walltime: 0.6
36586.0/37230.0 days/days; walltime: 0.5
36587.0/37230.0 days/days; walltime: 0.6
36588.0/37230.0 days/days; walltime: 0.5
36589.0/37230.0 days/days; walltime: 0.5
36590.0/37230.0 days/days; walltime: 0.9
36591.0/37230.0 days/days; walltime: 0.5
36592.0/37230.0 days/days; walltime: 0.6
36593.0/37230.0 days/days; walltime: 0.5
36594.0/37230.0 days/days; walltime: 0.5
36595.0/37230.0 days/days; walltime: 0.6
36596.0/37230.0 days/days; walltime: 0.5
36597.0/37230.0 days/days; walltime: 0.6
36598.0/37230.0 days/days; walltime: 0.5
36599.0/37230.0 days/days; walltime: 0.5
36600.0/37230.0 days/days; walltime: 0.5
36601.0/37230.0 days/days; walltime: 0.6
36602.0/37230.0 days/days; walltime: 0.5
36603.0/37230.0 days/days; walltime: 0.2
36604.0/37230.0 days/days; walltime: 0.7
36605.0/37230.0 days/days; walltime: 0.7
36606.0/37230.0 days/days; walltime: 0.8
36607.0/37230.0 days/days; walltime: 0.2
36608.0/37230.0 days/days; walltime: 0.6
36609.0/37230.0 days/days; walltime: 0.5
36610.0/37230.0 days/days; walltime: 0.2
36611.0/37230.0 days/days; walltime: 0.7
36612.0/37230.0 days/days; walltime: 0.6
36613.0/37230.0 days/days; walltime: 0.2
36614.0/37230.0 days/days; walltime: 0.7
36615.0/37230.0 days/days; walltime: 3.8
36616.0/37230.0 days/days; walltime: 16.0
36617.0/37230.0 days/days; walltime: 23.1
36618.0/37230.0 days/days; walltime: 21.7
36619.0/37230.0 days/days; walltime: 29.7
36620.0/37230.0 days/days; walltime: 31.4
36621.0/37230.0 days/days; walltime: 37.6
36622.0/37230.0 days/days; walltime: 34.5
36623.0/37230.0 days/days; walltime: 34.8
36624.0/37230.0 days/days; walltime: 34.3
36625.0/37230.0 days/days; walltime: 33.7
36626.0/37230.0 days/days; walltime: 37.7
36627.0/37230.0 days/days; walltime: 41.1
36628.0/37230.0 days/days; walltime: 36.6
36629.0/37230.0 days/days; walltime: 40.0
36630.0/37230.0 days/days; walltime: 40.1
36631.0/37230.0 days/days; walltime: 44.9
36632.0/37230.0 days/days; walltime: 39.2
36633.0/37230.0 days/days; walltime: 42.2
36634.0/37230.0 days/days; walltime: 36.7
36635.0/37230.0 days/days; walltime: 40.7
36636.0/37230.0 days/days; walltime: 34.8
36637.0/37230.0 days/days; walltime: 37.1
36638.0/37230.0 days/days; walltime: 37.4
36639.0/37230.0 days/days; walltime: 33.4
--36640.0/37230.0 days/days; walltime: 72.0
--36641.0/37230.0 days/days; walltime: 54.4
36642.0/37230.0 days/days; walltime: 43.4
----36643.0/37230.0 days/days; walltime: 48.7
--36644.0/37230.0 days/days; walltime: 46.0
36645.0/37230.0 days/days; walltime: 38.7
--36646.0/37230.0 days/days; walltime: 37.0
36647.0/37230.0 days/days; walltime: 38.8
36648.0/37230.0 days/days; walltime: 46.1
36649.0/37230.0 days/days; walltime: 76.1
-----36650.0/37230.0 days/days; walltime: 76.6
--------36651.0/37230.0 days/days; walltime: 93.5
36652.0/37230.0 days/days; walltime: 66.0
36653.0/37230.0 days/days; walltime: 92.6
-----36654.0/37230.0 days/days; walltime: 102.4
--------------36655.0/37230.0 days/days; walltime: 152.7
-------36656.0/37230.0 days/days; walltime: 89.7
------------36657.0/37230.0 days/days; walltime: 52.5
-------36658.0/37230.0 days/days; walltime: 149.8
--------36659.0/37230.0 days/days; walltime: 172.9
------------------36660.0/37230.0 days/days; walltime: 143.1
--------36661.0/37230.0 days/days; walltime: 214.9
---------------36662.0/37230.0 days/days; walltime: 175.2
-----36663.0/37230.0 days/days; walltime: 144.5
---------36664.0/37230.0 days/days; walltime: 164.2
------36665.0/37230.0 days/days; walltime: 163.5
------36666.0/37230.0 days/days; walltime: 135.9
------------36667.0/37230.0 days/days; walltime: 152.3
----36668.0/37230.0 days/days; walltime: 78.0
36669.0/37230.0 days/days; walltime: 99.8
------------------------------36670.0/37230.0 days/days; walltime: 187.9
-----36671.0/37230.0 days/days; walltime: 148.6
-----------36672.0/37230.0 days/days; walltime: 154.3
--------36673.0/37230.0 days/days; walltime: 174.0
----------------36674.0/37230.0 days/days; walltime: 134.0
-----36675.0/37230.0 days/days; walltime: 102.4
-------36676.0/37230.0 days/days; walltime: 127.4
----36677.0/37230.0 days/days; walltime: 149.0
---36678.0/37230.0 days/days; walltime: 253.8
36679.0/37230.0 days/days; walltime: 200.4
36680.0/37230.0 days/days; walltime: 210.6
--------36681.0/37230.0 days/days; walltime: 103.8
------36682.0/37230.0 days/days; walltime: 130.5
----36683.0/37230.0 days/days; walltime: 203.4
--36684.0/37230.0 days/days; walltime: 252.8
36685.0/37230.0 days/days; walltime: 233.3
--36686.0/37230.0 days/days; walltime: 153.2
--36687.0/37230.0 days/days; walltime: 171.3
36688.0/37230.0 days/days; walltime: 91.5
--36689.0/37230.0 days/days; walltime: 131.9
----36690.0/37230.0 days/days; walltime: 170.0
36691.0/37230.0 days/days; walltime: 161.8
36692.0/37230.0 days/days; walltime: 105.3
36693.0/37230.0 days/days; walltime: 148.3
--36694.0/37230.0 days/days; walltime: 86.3
----36695.0/37230.0 days/days; walltime: 174.8
36696.0/37230.0 days/days; walltime: 41.3
36697.0/37230.0 days/days; walltime: 85.3
36698.0/37230.0 days/days; walltime: 35.9
36699.0/37230.0 days/days; walltime: 79.3
---36700.0/37230.0 days/days; walltime: 72.9
36701.0/37230.0 days/days; walltime: 27.0
36702.0/37230.0 days/days; walltime: 37.2
36703.0/37230.0 days/days; walltime: 24.0
36704.0/37230.0 days/days; walltime: 58.3
36705.0/37230.0 days/days; walltime: 21.0
36706.0/37230.0 days/days; walltime: 12.1
36707.0/37230.0 days/days; walltime: 33.6
36708.0/37230.0 days/days; walltime: 11.0
36709.0/37230.0 days/days; walltime: 29.9
36710.0/37230.0 days/days; walltime: 19.3
36711.0/37230.0 days/days; walltime: 31.5
36712.0/37230.0 days/days; walltime: 18.2
36713.0/37230.0 days/days; walltime: 49.3
--36714.0/37230.0 days/days; walltime: 39.8
36715.0/37230.0 days/days; walltime: 10.5
36716.0/37230.0 days/days; walltime: 16.2
36717.0/37230.0 days/days; walltime: 40.8
36718.0/37230.0 days/days; walltime: 19.5
36719.0/37230.0 days/days; walltime: 22.0
36720.0/37230.0 days/days; walltime: 23.9
36721.0/37230.0 days/days; walltime: 24.1
36722.0/37230.0 days/days; walltime: 18.7
36723.0/37230.0 days/days; walltime: 20.1
36724.0/37230.0 days/days; walltime: 35.9
36725.0/37230.0 days/days; walltime: 26.2
36726.0/37230.0 days/days; walltime: 23.5
36727.0/37230.0 days/days; walltime: 32.5
36728.0/37230.0 days/days; walltime: 32.9
36729.0/37230.0 days/days; walltime: 33.3
36730.0/37230.0 days/days; walltime: 29.2
36731.0/37230.0 days/days; walltime: 29.9
36732.0/37230.0 days/days; walltime: 53.9
36733.0/37230.0 days/days; walltime: 34.9
36734.0/37230.0 days/days; walltime: 43.1
36735.0/37230.0 days/days; walltime: 32.7
36736.0/37230.0 days/days; walltime: 33.4
36737.0/37230.0 days/days; walltime: 34.3
36738.0/37230.0 days/days; walltime: 34.0
36739.0/37230.0 days/days; walltime: 33.4
36740.0/37230.0 days/days; walltime: 46.0
36741.0/37230.0 days/days; walltime: 33.1
36742.0/37230.0 days/days; walltime: 34.1
36743.0/37230.0 days/days; walltime: 31.1
36744.0/37230.0 days/days; walltime: 29.2
36745.0/37230.0 days/days; walltime: 24.3
36746.0/37230.0 days/days; walltime: 32.3
36747.0/37230.0 days/days; walltime: 32.9
36748.0/37230.0 days/days; walltime: 24.8
36749.0/37230.0 days/days; walltime: 10.0
36750.0/37230.0 days/days; walltime: 12.0
36751.0/37230.0 days/days; walltime: 10.1
36752.0/37230.0 days/days; walltime: 3.9
36753.0/37230.0 days/days; walltime: 2.6
36754.0/37230.0 days/days; walltime: 2.5
36755.0/37230.0 days/days; walltime: 3.3
36756.0/37230.0 days/days; walltime: 6.9
36757.0/37230.0 days/days; walltime: 1.9
36758.0/37230.0 days/days; walltime: 1.6
36759.0/37230.0 days/days; walltime: 1.9
36760.0/37230.0 days/days; walltime: 1.8
36761.0/37230.0 days/days; walltime: 1.7
36762.0/37230.0 days/days; walltime: 1.4
36763.0/37230.0 days/days; walltime: 1.5
36764.0/37230.0 days/days; walltime: 2.1
36765.0/37230.0 days/days; walltime: 1.7
36766.0/37230.0 days/days; walltime: 4.0
36767.0/37230.0 days/days; walltime: 0.9
36768.0/37230.0 days/days; walltime: 0.6
36769.0/37230.0 days/days; walltime: 0.6
36770.0/37230.0 days/days; walltime: 0.6
36771.0/37230.0 days/days; walltime: 1.2
36772.0/37230.0 days/days; walltime: 1.2
36773.0/37230.0 days/days; walltime: 1.2
36774.0/37230.0 days/days; walltime: 4.0
36775.0/37230.0 days/days; walltime: 0.8
36776.0/37230.0 days/days; walltime: 1.2
36777.0/37230.0 days/days; walltime: 0.8
36778.0/37230.0 days/days; walltime: 1.1
36779.0/37230.0 days/days; walltime: 0.8
36780.0/37230.0 days/days; walltime: 1.1
36781.0/37230.0 days/days; walltime: 0.8
36782.0/37230.0 days/days; walltime: 1.0
36783.0/37230.0 days/days; walltime: 1.0
36784.0/37230.0 days/days; walltime: 1.0
36785.0/37230.0 days/days; walltime: 0.6
36786.0/37230.0 days/days; walltime: 0.7
36787.0/37230.0 days/days; walltime: 0.6
36788.0/37230.0 days/days; walltime: 0.7
36789.0/37230.0 days/days; walltime: 0.6
36790.0/37230.0 days/days; walltime: 0.8
36791.0/37230.0 days/days; walltime: 1.0
36792.0/37230.0 days/days; walltime: 0.8
36793.0/37230.0 days/days; walltime: 0.3
36794.0/37230.0 days/days; walltime: 0.9
36795.0/37230.0 days/days; walltime: 0.9
36796.0/37230.0 days/days; walltime: 0.7
36797.0/37230.0 days/days; walltime: 0.4
36798.0/37230.0 days/days; walltime: 0.8
36799.0/37230.0 days/days; walltime: 0.9
36800.0/37230.0 days/days; walltime: 0.7
36801.0/37230.0 days/days; walltime: 0.8
36802.0/37230.0 days/days; walltime: 0.9
36803.0/37230.0 days/days; walltime: 0.9
36804.0/37230.0 days/days; walltime: 6.6
36805.0/37230.0 days/days; walltime: 0.9
36806.0/37230.0 days/days; walltime: 0.7
36807.0/37230.0 days/days; walltime: 0.9
36808.0/37230.0 days/days; walltime: 0.7
36809.0/37230.0 days/days; walltime: 0.9
36810.0/37230.0 days/days; walltime: 0.4
36811.0/37230.0 days/days; walltime: 0.6
36812.0/37230.0 days/days; walltime: 0.5
36813.0/37230.0 days/days; walltime: 0.6
36814.0/37230.0 days/days; walltime: 0.7
36815.0/37230.0 days/days; walltime: 1.3
36816.0/37230.0 days/days; walltime: 0.7
36817.0/37230.0 days/days; walltime: 0.6
36818.0/37230.0 days/days; walltime: 0.5
36819.0/37230.0 days/days; walltime: 0.2
36820.0/37230.0 days/days; walltime: 0.5
36821.0/37230.0 days/days; walltime: 0.6
36822.0/37230.0 days/days; walltime: 0.7
36823.0/37230.0 days/days; walltime: 0.5
36824.0/37230.0 days/days; walltime: 0.5
36825.0/37230.0 days/days; walltime: 0.7
36826.0/37230.0 days/days; walltime: 0.5
36827.0/37230.0 days/days; walltime: 0.5
36828.0/37230.0 days/days; walltime: 0.7
36829.0/37230.0 days/days; walltime: 0.5
36830.0/37230.0 days/days; walltime: 0.5
36831.0/37230.0 days/days; walltime: 0.7
36832.0/37230.0 days/days; walltime: 0.3
36833.0/37230.0 days/days; walltime: 3.4
36834.0/37230.0 days/days; walltime: 0.2
36835.0/37230.0 days/days; walltime: 0.5
36836.0/37230.0 days/days; walltime: 0.5
36837.0/37230.0 days/days; walltime: 0.2
36838.0/37230.0 days/days; walltime: 0.5
36839.0/37230.0 days/days; walltime: 0.2
36840.0/37230.0 days/days; walltime: 0.5
36841.0/37230.0 days/days; walltime: 0.5
36842.0/37230.0 days/days; walltime: 0.2
36843.0/37230.0 days/days; walltime: 0.5
36844.0/37230.0 days/days; walltime: 0.2
36845.0/37230.0 days/days; walltime: 0.6
36846.0/37230.0 days/days; walltime: 0.3
36847.0/37230.0 days/days; walltime: 0.5
36848.0/37230.0 days/days; walltime: 0.3
36849.0/37230.0 days/days; walltime: 0.7
36850.0/37230.0 days/days; walltime: 0.5
36851.0/37230.0 days/days; walltime: 0.2
36852.0/37230.0 days/days; walltime: 0.2
36853.0/37230.0 days/days; walltime: 0.5
36854.0/37230.0 days/days; walltime: 0.7
36855.0/37230.0 days/days; walltime: 0.3
36856.0/37230.0 days/days; walltime: 0.5
36857.0/37230.0 days/days; walltime: 0.3
36858.0/37230.0 days/days; walltime: 0.7
36859.0/37230.0 days/days; walltime: 0.3
36860.0/37230.0 days/days; walltime: 0.5
36861.0/37230.0 days/days; walltime: 0.2
36862.0/37230.0 days/days; walltime: 0.5
36863.0/37230.0 days/days; walltime: 0.5
36864.0/37230.0 days/days; walltime: 0.2
36865.0/37230.0 days/days; walltime: 0.5
36866.0/37230.0 days/days; walltime: 0.2
36867.0/37230.0 days/days; walltime: 0.5
36868.0/37230.0 days/days; walltime: 0.2
36869.0/37230.0 days/days; walltime: 0.5
36870.0/37230.0 days/days; walltime: 0.4
36871.0/37230.0 days/days; walltime: 0.7
36872.0/37230.0 days/days; walltime: 0.5
36873.0/37230.0 days/days; walltime: 0.3
36874.0/37230.0 days/days; walltime: 0.5
36875.0/37230.0 days/days; walltime: 0.3
36876.0/37230.0 days/days; walltime: 0.5
36877.0/37230.0 days/days; walltime: 0.3
36878.0/37230.0 days/days; walltime: 0.5
36879.0/37230.0 days/days; walltime: 0.3
36880.0/37230.0 days/days; walltime: 0.5
36881.0/37230.0 days/days; walltime: 0.3
36882.0/37230.0 days/days; walltime: 0.2
36883.0/37230.0 days/days; walltime: 0.5
36884.0/37230.0 days/days; walltime: 0.3
36885.0/37230.0 days/days; walltime: 0.5
36886.0/37230.0 days/days; walltime: 0.2
36887.0/37230.0 days/days; walltime: 0.5
36888.0/37230.0 days/days; walltime: 0.2
36889.0/37230.0 days/days; walltime: 0.5
36890.0/37230.0 days/days; walltime: 0.3
36891.0/37230.0 days/days; walltime: 0.6
36892.0/37230.0 days/days; walltime: 0.1
36893.0/37230.0 days/days; walltime: 0.2
36894.0/37230.0 days/days; walltime: 0.5
36895.0/37230.0 days/days; walltime: 0.1
36896.0/37230.0 days/days; walltime: 0.5
36897.0/37230.0 days/days; walltime: 0.2
36898.0/37230.0 days/days; walltime: 0.3
36899.0/37230.0 days/days; walltime: 0.4
36900.0/37230.0 days/days; walltime: 0.3
36901.0/37230.0 days/days; walltime: 0.5
36902.0/37230.0 days/days; walltime: 0.1
36903.0/37230.0 days/days; walltime: 0.2
36904.0/37230.0 days/days; walltime: 0.4
36905.0/37230.0 days/days; walltime: 0.2
36906.0/37230.0 days/days; walltime: 0.3
36907.0/37230.0 days/days; walltime: 0.4
36908.0/37230.0 days/days; walltime: 0.3
36909.0/37230.0 days/days; walltime: 0.2
36910.0/37230.0 days/days; walltime: 0.5
36911.0/37230.0 days/days; walltime: 0.1
36912.0/37230.0 days/days; walltime: 0.1
36913.0/37230.0 days/days; walltime: 0.5
36914.0/37230.0 days/days; walltime: 0.1
36915.0/37230.0 days/days; walltime: 0.1
36916.0/37230.0 days/days; walltime: 0.4
36917.0/37230.0 days/days; walltime: 0.2
36918.0/37230.0 days/days; walltime: 0.1
36919.0/37230.0 days/days; walltime: 0.4
36920.0/37230.0 days/days; walltime: 0.3
36921.0/37230.0 days/days; walltime: 0.2
36922.0/37230.0 days/days; walltime: 3.5
36923.0/37230.0 days/days; walltime: 0.6
36924.0/37230.0 days/days; walltime: 0.4
36925.0/37230.0 days/days; walltime: 0.2
36926.0/37230.0 days/days; walltime: 0.6
36927.0/37230.0 days/days; walltime: 0.2
36928.0/37230.0 days/days; walltime: 0.2
36929.0/37230.0 days/days; walltime: 0.4
36930.0/37230.0 days/days; walltime: 0.2
36931.0/37230.0 days/days; walltime: 0.2
36932.0/37230.0 days/days; walltime: 3.5
36933.0/37230.0 days/days; walltime: 0.5
36934.0/37230.0 days/days; walltime: 0.2
36935.0/37230.0 days/days; walltime: 0.5
36936.0/37230.0 days/days; walltime: 0.2
36937.0/37230.0 days/days; walltime: 0.2
36938.0/37230.0 days/days; walltime: 0.2
36939.0/37230.0 days/days; walltime: 0.4
36940.0/37230.0 days/days; walltime: 0.2
36941.0/37230.0 days/days; walltime: 0.2
36942.0/37230.0 days/days; walltime: 0.2
36943.0/37230.0 days/days; walltime: 0.4
36944.0/37230.0 days/days; walltime: 0.2
36945.0/37230.0 days/days; walltime: 0.8
36946.0/37230.0 days/days; walltime: 0.2
36947.0/37230.0 days/days; walltime: 0.2
36948.0/37230.0 days/days; walltime: 0.2
36949.0/37230.0 days/days; walltime: 0.4
36950.0/37230.0 days/days; walltime: 3.5
36951.0/37230.0 days/days; walltime: 0.8
36952.0/37230.0 days/days; walltime: 0.3
36953.0/37230.0 days/days; walltime: 0.5
36954.0/37230.0 days/days; walltime: 0.2
36955.0/37230.0 days/days; walltime: 0.2
36956.0/37230.0 days/days; walltime: 0.2
36957.0/37230.0 days/days; walltime: 0.4
36958.0/37230.0 days/days; walltime: 0.2
36959.0/37230.0 days/days; walltime: 0.2
36960.0/37230.0 days/days; walltime: 0.2
36961.0/37230.0 days/days; walltime: 0.4
36962.0/37230.0 days/days; walltime: 0.2
36963.0/37230.0 days/days; walltime: 0.2
36964.0/37230.0 days/days; walltime: 0.2
36965.0/37230.0 days/days; walltime: 0.4
36966.0/37230.0 days/days; walltime: 0.2
36967.0/37230.0 days/days; walltime: 0.2
36969.0/37230.0 days/days; walltime: 0.2
36970.0/37230.0 days/days; walltime: 0.4
36971.0/37230.0 days/days; walltime: 0.2
36972.0/37230.0 days/days; walltime: 0.2
36973.0/37230.0 days/days; walltime: 0.2
36974.0/37230.0 days/days; walltime: 0.4
36976.0/37230.0 days/days; walltime: 0.2
36977.0/37230.0 days/days; walltime: 0.2
36978.0/37230.0 days/days; walltime: 0.2
36979.0/37230.0 days/days; walltime: 0.4
---36980.0/37230.0 days/days; walltime: 5.6
36981.0/37230.0 days/days; walltime: 19.2
36982.0/37230.0 days/days; walltime: 13.0
36983.0/37230.0 days/days; walltime: 22.9
36984.0/37230.0 days/days; walltime: 28.2
36985.0/37230.0 days/days; walltime: 37.9
36986.0/37230.0 days/days; walltime: 34.8
36987.0/37230.0 days/days; walltime: 35.1
36988.0/37230.0 days/days; walltime: 38.1
36989.0/37230.0 days/days; walltime: 39.9
36990.0/37230.0 days/days; walltime: 36.2
36991.0/37230.0 days/days; walltime: 36.2
36992.0/37230.0 days/days; walltime: 43.1
36993.0/37230.0 days/days; walltime: 39.5
36994.0/37230.0 days/days; walltime: 39.0
36995.0/37230.0 days/days; walltime: 40.6
36996.0/37230.0 days/days; walltime: 44.6
36997.0/37230.0 days/days; walltime: 40.0
36998.0/37230.0 days/days; walltime: 47.0
36999.0/37230.0 days/days; walltime: 35.0
37000.0/37230.0 days/days; walltime: 40.8
37001.0/37230.0 days/days; walltime: 42.8
37002.0/37230.0 days/days; walltime: 34.2
37003.0/37230.0 days/days; walltime: 38.6
37004.0/37230.0 days/days; walltime: 44.3
37005.0/37230.0 days/days; walltime: 77.4
37006.0/37230.0 days/days; walltime: 55.6
---37007.0/37230.0 days/days; walltime: 51.4
37008.0/37230.0 days/days; walltime: 46.5
37009.0/37230.0 days/days; walltime: 48.4
37010.0/37230.0 days/days; walltime: 40.5
--37011.0/37230.0 days/days; walltime: 40.0
37012.0/37230.0 days/days; walltime: 36.9
37013.0/37230.0 days/days; walltime: 49.9
--37014.0/37230.0 days/days; walltime: 59.8
------37015.0/37230.0 days/days; walltime: 71.7
------37016.0/37230.0 days/days; walltime: 68.1
37017.0/37230.0 days/days; walltime: 80.8
--37018.0/37230.0 days/days; walltime: 69.9
----37019.0/37230.0 days/days; walltime: 64.9
------------------37020.0/37230.0 days/days; walltime: 165.2
---------37021.0/37230.0 days/days; walltime: 91.6
-----------37022.0/37230.0 days/days; walltime: 58.5
--37023.0/37230.0 days/days; walltime: 126.3
---------37024.0/37230.0 days/days; walltime: 133.8
------------------37025.0/37230.0 days/days; walltime: 139.8
---------37026.0/37230.0 days/days; walltime: 117.2
------------------37027.0/37230.0 days/days; walltime: 213.8
----------37028.0/37230.0 days/days; walltime: 143.7
---------37029.0/37230.0 days/days; walltime: 119.5
---------37030.0/37230.0 days/days; walltime: 179.1
----------37031.0/37230.0 days/days; walltime: 99.2
----------37032.0/37230.0 days/days; walltime: 209.9
------37033.0/37230.0 days/days; walltime: 95.2
37034.0/37230.0 days/days; walltime: 140.1
-----------------------37035.0/37230.0 days/days; walltime: 224.3
------37036.0/37230.0 days/days; walltime: 133.8
-----------37037.0/37230.0 days/days; walltime: 157.5
-------------------37038.0/37230.0 days/days; walltime: 206.5
----------37039.0/37230.0 days/days; walltime: 141.9
--------37040.0/37230.0 days/days; walltime: 101.0
--------37041.0/37230.0 days/days; walltime: 118.7
----37042.0/37230.0 days/days; walltime: 174.5
--37043.0/37230.0 days/days; walltime: 160.2
--37044.0/37230.0 days/days; walltime: 197.8
------37045.0/37230.0 days/days; walltime: 152.6
----37046.0/37230.0 days/days; walltime: 106.1
--37047.0/37230.0 days/days; walltime: 133.9
-------37048.0/37230.0 days/days; walltime: 172.5
----37049.0/37230.0 days/days; walltime: 166.4
--37050.0/37230.0 days/days; walltime: 185.7
----37051.0/37230.0 days/days; walltime: 168.8
37052.0/37230.0 days/days; walltime: 167.6
--37053.0/37230.0 days/days; walltime: 128.2
--37054.0/37230.0 days/days; walltime: 125.8
----37055.0/37230.0 days/days; walltime: 156.2
37056.0/37230.0 days/days; walltime: 153.9
37057.0/37230.0 days/days; walltime: 111.8
37058.0/37230.0 days/days; walltime: 140.8
37059.0/37230.0 days/days; walltime: 95.1
--37060.0/37230.0 days/days; walltime: 131.5
37061.0/37230.0 days/days; walltime: 102.0
37062.0/37230.0 days/days; walltime: 94.4
37063.0/37230.0 days/days; walltime: 60.2
37064.0/37230.0 days/days; walltime: 88.7
----37065.0/37230.0 days/days; walltime: 77.1
37066.0/37230.0 days/days; walltime: 24.1
--37067.0/37230.0 days/days; walltime: 57.3
37068.0/37230.0 days/days; walltime: 18.4
37069.0/37230.0 days/days; walltime: 49.3
37070.0/37230.0 days/days; walltime: 21.4
37071.0/37230.0 days/days; walltime: 10.5
37072.0/37230.0 days/days; walltime: 23.0
37073.0/37230.0 days/days; walltime: 53.6
37074.0/37230.0 days/days; walltime: 38.4
37075.0/37230.0 days/days; walltime: 39.9
37076.0/37230.0 days/days; walltime: 26.3
37077.0/37230.0 days/days; walltime: 22.2
37078.0/37230.0 days/days; walltime: 33.3
--37079.0/37230.0 days/days; walltime: 39.2
37080.0/37230.0 days/days; walltime: 14.6
37081.0/37230.0 days/days; walltime: 10.3
37082.0/37230.0 days/days; walltime: 34.9
37083.0/37230.0 days/days; walltime: 19.9
37084.0/37230.0 days/days; walltime: 32.7
37085.0/37230.0 days/days; walltime: 21.8
37086.0/37230.0 days/days; walltime: 26.6
37087.0/37230.0 days/days; walltime: 23.1
37088.0/37230.0 days/days; walltime: 16.7
37089.0/37230.0 days/days; walltime: 23.5
37090.0/37230.0 days/days; walltime: 32.7
37091.0/37230.0 days/days; walltime: 23.7
37092.0/37230.0 days/days; walltime: 33.6
37093.0/37230.0 days/days; walltime: 33.6
37094.0/37230.0 days/days; walltime: 35.7
37095.0/37230.0 days/days; walltime: 30.0
37096.0/37230.0 days/days; walltime: 32.7
37097.0/37230.0 days/days; walltime: 35.1
37098.0/37230.0 days/days; walltime: 32.7
37099.0/37230.0 days/days; walltime: 44.2
37100.0/37230.0 days/days; walltime: 33.1
37101.0/37230.0 days/days; walltime: 31.1
37102.0/37230.0 days/days; walltime: 36.7
37103.0/37230.0 days/days; walltime: 32.7
37104.0/37230.0 days/days; walltime: 36.4
37105.0/37230.0 days/days; walltime: 39.2
37106.0/37230.0 days/days; walltime: 31.4
37107.0/37230.0 days/days; walltime: 38.6
37108.0/37230.0 days/days; walltime: 36.4
37109.0/37230.0 days/days; walltime: 25.8
37110.0/37230.0 days/days; walltime: 23.4
37111.0/37230.0 days/days; walltime: 29.7
37112.0/37230.0 days/days; walltime: 32.5
37113.0/37230.0 days/days; walltime: 26.8
37114.0/37230.0 days/days; walltime: 10.0
37115.0/37230.0 days/days; walltime: 14.5
37116.0/37230.0 days/days; walltime: 12.4
37117.0/37230.0 days/days; walltime: 3.2
37118.0/37230.0 days/days; walltime: 2.8
37119.0/37230.0 days/days; walltime: 3.1
37120.0/37230.0 days/days; walltime: 9.6
37121.0/37230.0 days/days; walltime: 1.9
37122.0/37230.0 days/days; walltime: 1.9
37123.0/37230.0 days/days; walltime: 1.8
37124.0/37230.0 days/days; walltime: 1.9
37125.0/37230.0 days/days; walltime: 1.8
37126.0/37230.0 days/days; walltime: 1.4
37127.0/37230.0 days/days; walltime: 2.2
37128.0/37230.0 days/days; walltime: 4.0
37129.0/37230.0 days/days; walltime: 1.2
37130.0/37230.0 days/days; walltime: 1.3
37131.0/37230.0 days/days; walltime: 1.3
37132.0/37230.0 days/days; walltime: 1.2
37133.0/37230.0 days/days; walltime: 0.6
37134.0/37230.0 days/days; walltime: 0.6
37135.0/37230.0 days/days; walltime: 4.0
37136.0/37230.0 days/days; walltime: 1.2
37137.0/37230.0 days/days; walltime: 1.2
37138.0/37230.0 days/days; walltime: 1.2
37139.0/37230.0 days/days; walltime: 0.9
37140.0/37230.0 days/days; walltime: 1.2
37141.0/37230.0 days/days; walltime: 1.1
37142.0/37230.0 days/days; walltime: 0.8
37143.0/37230.0 days/days; walltime: 1.2
37144.0/37230.0 days/days; walltime: 0.8
37145.0/37230.0 days/days; walltime: 0.7
37146.0/37230.0 days/days; walltime: 1.0
37147.0/37230.0 days/days; walltime: 1.0
37148.0/37230.0 days/days; walltime: 1.0
37149.0/37230.0 days/days; walltime: 0.8
37150.0/37230.0 days/days; walltime: 1.0
37151.0/37230.0 days/days; walltime: 0.8
37152.0/37230.0 days/days; walltime: 0.8
37153.0/37230.0 days/days; walltime: 0.7
37154.0/37230.0 days/days; walltime: 1.0
37155.0/37230.0 days/days; walltime: 0.9
37156.0/37230.0 days/days; walltime: 0.6
37157.0/37230.0 days/days; walltime: 0.7
37158.0/37230.0 days/days; walltime: 0.3
37159.0/37230.0 days/days; walltime: 3.0
37160.0/37230.0 days/days; walltime: 0.3
37161.0/37230.0 days/days; walltime: 0.4
37162.0/37230.0 days/days; walltime: 0.3
37163.0/37230.0 days/days; walltime: 0.3
37164.0/37230.0 days/days; walltime: 0.4
37165.0/37230.0 days/days; walltime: 0.6
37166.0/37230.0 days/days; walltime: 0.6
37167.0/37230.0 days/days; walltime: 0.6
37168.0/37230.0 days/days; walltime: 0.7
37169.0/37230.0 days/days; walltime: 0.8
37170.0/37230.0 days/days; walltime: 0.7
37171.0/37230.0 days/days; walltime: 0.8
37172.0/37230.0 days/days; walltime: 0.7
37173.0/37230.0 days/days; walltime: 0.9
37174.0/37230.0 days/days; walltime: 0.7
37175.0/37230.0 days/days; walltime: 0.8
37176.0/37230.0 days/days; walltime: 0.2
37177.0/37230.0 days/days; walltime: 0.6
37178.0/37230.0 days/days; walltime: 0.7
37179.0/37230.0 days/days; walltime: 0.7
37180.0/37230.0 days/days; walltime: 0.7
37181.0/37230.0 days/days; walltime: 0.5
37182.0/37230.0 days/days; walltime: 0.5
37183.0/37230.0 days/days; walltime: 0.5
37184.0/37230.0 days/days; walltime: 0.5
37185.0/37230.0 days/days; walltime: 0.2
37186.0/37230.0 days/days; walltime: 0.5
37187.0/37230.0 days/days; walltime: 0.6
37188.0/37230.0 days/days; walltime: 0.7
37189.0/37230.0 days/days; walltime: 0.3
37190.0/37230.0 days/days; walltime: 0.7
37191.0/37230.0 days/days; walltime: 0.7
37192.0/37230.0 days/days; walltime: 0.3
37193.0/37230.0 days/days; walltime: 0.7
37194.0/37230.0 days/days; walltime: 0.3
37195.0/37230.0 days/days; walltime: 0.7
37196.0/37230.0 days/days; walltime: 0.7
37197.0/37230.0 days/days; walltime: 0.3
37198.0/37230.0 days/days; walltime: 3.4
37199.0/37230.0 days/days; walltime: 0.2
37200.0/37230.0 days/days; walltime: 0.5
37201.0/37230.0 days/days; walltime: 0.5
37202.0/37230.0 days/days; walltime: 0.2
37203.0/37230.0 days/days; walltime: 0.5
37204.0/37230.0 days/days; walltime: 0.2
37205.0/37230.0 days/days; walltime: 0.5
37206.0/37230.0 days/days; walltime: 0.2
37207.0/37230.0 days/days; walltime: 0.5
37208.0/37230.0 days/days; walltime: 0.5
37209.0/37230.0 days/days; walltime: 0.3
37210.0/37230.0 days/days; walltime: 0.5
37211.0/37230.0 days/days; walltime: 0.5
37212.0/37230.0 days/days; walltime: 0.5
37213.0/37230.0 days/days; walltime: 0.3
37214.0/37230.0 days/days; walltime: 0.5
37215.0/37230.0 days/days; walltime: 0.5
37216.0/37230.0 days/days; walltime: 0.2
37217.0/37230.0 days/days; walltime: 0.4
37218.0/37230.0 days/days; walltime: 0.5
37219.0/37230.0 days/days; walltime: 0.7
37220.0/37230.0 days/days; walltime: 0.3
37221.0/37230.0 days/days; walltime: 0.5
37222.0/37230.0 days/days; walltime: 0.2
37223.0/37230.0 days/days; walltime: 0.6
37224.0/37230.0 days/days; walltime: 0.3
37225.0/37230.0 days/days; walltime: 0.6
37226.0/37230.0 days/days; walltime: 0.3
37227.0/37230.0 days/days; walltime: 0.5
37228.0/37230.0 days/days; walltime: 0.5
37229.0/37230.0 days/days; walltime: 0.2
37230.0/37230.0 days/days; walltime: 0.5
Wallclock for model run: 20298.3s
 

fields = 

  struct with fields:

    nodes: [1x1 struct]
    edges: [1x1 struct]
       BC: [1x1 struct]

No cases left; exiting.
