Case 4:
Picked up JAVA_TOOL_OPTIONS: -Xmx2g
Opening log file:  /tmp/java.log.22536

                            < M A T L A B (R) >
                  Copyright 1984-2022 The MathWorks, Inc.
                  R2022a (9.12.0.1884302) 64-bit (glnxa64)
                             February 16, 2022

 
To get started, type doc.
For product information, visit www.mathworks.com.
 

config = 

  struct with fields:

                 k_s: 0.2500
                 l_c: 10
            n_moulin: 68
    creep_const_soft: 0
             mesh_nr: 4
                 k_c: 0.1500
               h_bed: 0.5000
               l_bed: 10
               alpha: 1.2500
                beta: 1.5000
               omega: 5.0000e-04

Running model run (ode15s):
Run to steady
Saving model run to
./RUN/output_004_steady.nc
Fields, IC & BC initialised
Initial phi calculated in 1.5s
0.0/36500.0 days/days; walltime: 88.3
-----------------------------------------------------------------------------------------------------1825.0/36500.0 days/days; walltime: 6692.6
3650.0/36500.0 days/days; walltime: 27.4
5475.0/36500.0 days/days; walltime: 15.8
7300.0/36500.0 days/days; walltime: 10.0
----9125.0/36500.0 days/days; walltime: 18.0
---------------------------------------------------------------------------------------10950.0/36500.0 days/days; walltime: 2678.7
--------------------------------12775.0/36500.0 days/days; walltime: 815.3
----------14600.0/36500.0 days/days; walltime: 645.2
-16425.0/36500.0 days/days; walltime: 379.9
18250.0/36500.0 days/days; walltime: 350.9
20075.0/36500.0 days/days; walltime: 82.8
21900.0/36500.0 days/days; walltime: 5.0
23725.0/36500.0 days/days; walltime: 2.9
25550.0/36500.0 days/days; walltime: 4.3
27375.0/36500.0 days/days; walltime: 5.0
29200.0/36500.0 days/days; walltime: 5.0
31025.0/36500.0 days/days; walltime: 3.1
32850.0/36500.0 days/days; walltime: 2.2
34675.0/36500.0 days/days; walltime: 1.4
36500.0/36500.0 days/days; walltime: 1.0
Wallclock for model run: 11836.0s
 

fields = 

  struct with fields:

    nodes: [1x1 struct]
    edges: [1x1 struct]
       BC: [1x1 struct]

Running model run (ode15s):
Run seasonal
Saving model run to
./RUN/output_004_seasonal.nc
IC initialised from struct
IC initialised from file/given & rest from parameters and given functions
36500.0/37230.0 days/days; walltime: 14.0
36501.0/37230.0 days/days; walltime: 96.8
36502.0/37230.0 days/days; walltime: 37.3
36503.0/37230.0 days/days; walltime: 41.6
36504.0/37230.0 days/days; walltime: 16.3
36505.0/37230.0 days/days; walltime: 12.7
36506.0/37230.0 days/days; walltime: 12.1
36507.0/37230.0 days/days; walltime: 4.8
36508.0/37230.0 days/days; walltime: 4.6
36509.0/37230.0 days/days; walltime: 6.5
36510.0/37230.0 days/days; walltime: 23.7
36511.0/37230.0 days/days; walltime: 2.4
36512.0/37230.0 days/days; walltime: 14.9
36513.0/37230.0 days/days; walltime: 5.9
36514.0/37230.0 days/days; walltime: 5.3
36515.0/37230.0 days/days; walltime: 1.9
36516.0/37230.0 days/days; walltime: 1.9
36517.0/37230.0 days/days; walltime: 7.2
36518.0/37230.0 days/days; walltime: 1.6
36519.0/37230.0 days/days; walltime: 1.5
36520.0/37230.0 days/days; walltime: 1.3
36521.0/37230.0 days/days; walltime: 1.3
36522.0/37230.0 days/days; walltime: 1.5
36523.0/37230.0 days/days; walltime: 1.3
36524.0/37230.0 days/days; walltime: 7.9
36525.0/37230.0 days/days; walltime: 2.7
36526.0/37230.0 days/days; walltime: 0.9
36527.0/37230.0 days/days; walltime: 1.0
36528.0/37230.0 days/days; walltime: 1.0
36529.0/37230.0 days/days; walltime: 5.3
36530.0/37230.0 days/days; walltime: 1.0
36531.0/37230.0 days/days; walltime: 2.2
36532.0/37230.0 days/days; walltime: 0.7
36533.0/37230.0 days/days; walltime: 4.1
36534.0/37230.0 days/days; walltime: 0.7
36535.0/37230.0 days/days; walltime: 4.3
36536.0/37230.0 days/days; walltime: 12.3
36537.0/37230.0 days/days; walltime: 3.7
36538.0/37230.0 days/days; walltime: 0.3
36539.0/37230.0 days/days; walltime: 3.7
36540.0/37230.0 days/days; walltime: 0.6
36541.0/37230.0 days/days; walltime: 0.6
36542.0/37230.0 days/days; walltime: 0.6
36543.0/37230.0 days/days; walltime: 0.4
36544.0/37230.0 days/days; walltime: 2.0
36545.0/37230.0 days/days; walltime: 0.5
36546.0/37230.0 days/days; walltime: 0.7
36547.0/37230.0 days/days; walltime: 1.8
36548.0/37230.0 days/days; walltime: 0.5
36549.0/37230.0 days/days; walltime: 3.8
36550.0/37230.0 days/days; walltime: 0.4
36551.0/37230.0 days/days; walltime: 0.2
36552.0/37230.0 days/days; walltime: 2.3
36553.0/37230.0 days/days; walltime: 1.9
36554.0/37230.0 days/days; walltime: 0.6
36555.0/37230.0 days/days; walltime: 1.8
36556.0/37230.0 days/days; walltime: 0.3
36557.0/37230.0 days/days; walltime: 0.5
36558.0/37230.0 days/days; walltime: 0.4
36559.0/37230.0 days/days; walltime: 0.3
36560.0/37230.0 days/days; walltime: 0.4
36561.0/37230.0 days/days; walltime: 0.3
36562.0/37230.0 days/days; walltime: 0.3
36563.0/37230.0 days/days; walltime: 0.3
36564.0/37230.0 days/days; walltime: 0.3
36565.0/37230.0 days/days; walltime: 0.3
36566.0/37230.0 days/days; walltime: 0.3
36567.0/37230.0 days/days; walltime: 0.3
36568.0/37230.0 days/days; walltime: 0.2
36569.0/37230.0 days/days; walltime: 0.3
36570.0/37230.0 days/days; walltime: 0.4
36571.0/37230.0 days/days; walltime: 0.4
36572.0/37230.0 days/days; walltime: 0.3
36573.0/37230.0 days/days; walltime: 0.3
36574.0/37230.0 days/days; walltime: 0.5
36575.0/37230.0 days/days; walltime: 0.4
36576.0/37230.0 days/days; walltime: 0.5
36577.0/37230.0 days/days; walltime: 0.4
36578.0/37230.0 days/days; walltime: 0.4
36579.0/37230.0 days/days; walltime: 1.6
36580.0/37230.0 days/days; walltime: 0.3
36581.0/37230.0 days/days; walltime: 0.3
36582.0/37230.0 days/days; walltime: 0.3
36583.0/37230.0 days/days; walltime: 1.6
36584.0/37230.0 days/days; walltime: 0.3
36585.0/37230.0 days/days; walltime: 0.3
36586.0/37230.0 days/days; walltime: 0.1
36587.0/37230.0 days/days; walltime: 0.3
36588.0/37230.0 days/days; walltime: 0.3
36589.0/37230.0 days/days; walltime: 0.3
36590.0/37230.0 days/days; walltime: 0.1
36591.0/37230.0 days/days; walltime: 0.3
36592.0/37230.0 days/days; walltime: 0.3
36593.0/37230.0 days/days; walltime: 0.3
36594.0/37230.0 days/days; walltime: 0.1
36595.0/37230.0 days/days; walltime: 0.3
36596.0/37230.0 days/days; walltime: 0.2
36597.0/37230.0 days/days; walltime: 0.1
36598.0/37230.0 days/days; walltime: 0.2
36599.0/37230.0 days/days; walltime: 0.3
36600.0/37230.0 days/days; walltime: 0.1
36601.0/37230.0 days/days; walltime: 0.2
36602.0/37230.0 days/days; walltime: 0.1
36603.0/37230.0 days/days; walltime: 0.3
36604.0/37230.0 days/days; walltime: 0.2
36605.0/37230.0 days/days; walltime: 0.1
36606.0/37230.0 days/days; walltime: 0.3
36607.0/37230.0 days/days; walltime: 0.1
36608.0/37230.0 days/days; walltime: 0.2
36609.0/37230.0 days/days; walltime: 0.1
36610.0/37230.0 days/days; walltime: 0.2
36611.0/37230.0 days/days; walltime: 0.1
36612.0/37230.0 days/days; walltime: 0.2
36613.0/37230.0 days/days; walltime: 0.1
36614.0/37230.0 days/days; walltime: 0.2
36615.0/37230.0 days/days; walltime: 0.1
36616.0/37230.0 days/days; walltime: 0.2
36617.0/37230.0 days/days; walltime: 0.1
36618.0/37230.0 days/days; walltime: 0.2
36619.0/37230.0 days/days; walltime: 0.1
36620.0/37230.0 days/days; walltime: 0.2
36621.0/37230.0 days/days; walltime: 0.1
36622.0/37230.0 days/days; walltime: 0.2
36623.0/37230.0 days/days; walltime: 0.0
36624.0/37230.0 days/days; walltime: 0.2
36625.0/37230.0 days/days; walltime: 0.2
36626.0/37230.0 days/days; walltime: 0.3
-36627.0/37230.0 days/days; walltime: 0.4
36628.0/37230.0 days/days; walltime: 6.8
36629.0/37230.0 days/days; walltime: 6.7
36630.0/37230.0 days/days; walltime: 10.5
36631.0/37230.0 days/days; walltime: 11.6
36632.0/37230.0 days/days; walltime: 14.7
36633.0/37230.0 days/days; walltime: 19.0
36634.0/37230.0 days/days; walltime: 16.5
36635.0/37230.0 days/days; walltime: 16.3
36636.0/37230.0 days/days; walltime: 16.1
36637.0/37230.0 days/days; walltime: 27.7
36638.0/37230.0 days/days; walltime: 15.7
36639.0/37230.0 days/days; walltime: 15.2
36640.0/37230.0 days/days; walltime: 15.4
36641.0/37230.0 days/days; walltime: 33.8
36642.0/37230.0 days/days; walltime: 18.1
36643.0/37230.0 days/days; walltime: 30.7
36644.0/37230.0 days/days; walltime: 16.9
36645.0/37230.0 days/days; walltime: 16.7
36646.0/37230.0 days/days; walltime: 23.3
36647.0/37230.0 days/days; walltime: 25.2
36648.0/37230.0 days/days; walltime: 14.5
36649.0/37230.0 days/days; walltime: 26.6
36650.0/37230.0 days/days; walltime: 47.3
----36651.0/37230.0 days/days; walltime: 21.7
----36652.0/37230.0 days/days; walltime: 42.2
------36653.0/37230.0 days/days; walltime: 46.9
----36654.0/37230.0 days/days; walltime: 42.6
36655.0/37230.0 days/days; walltime: 38.5
-----36656.0/37230.0 days/days; walltime: 50.0
36657.0/37230.0 days/days; walltime: 51.0
----36658.0/37230.0 days/days; walltime: 55.6
--36659.0/37230.0 days/days; walltime: 44.8
-------36660.0/37230.0 days/days; walltime: 32.5
------36661.0/37230.0 days/days; walltime: 72.9
-36662.0/37230.0 days/days; walltime: 56.7
---36663.0/37230.0 days/days; walltime: 42.7
-------36664.0/37230.0 days/days; walltime: 86.5
--------36665.0/37230.0 days/days; walltime: 51.9
----36666.0/37230.0 days/days; walltime: 81.6
----------36667.0/37230.0 days/days; walltime: 81.6
------36668.0/37230.0 days/days; walltime: 117.4
---------36669.0/37230.0 days/days; walltime: 97.9
------36670.0/37230.0 days/days; walltime: 74.3
------------36671.0/37230.0 days/days; walltime: 75.3
---------36672.0/37230.0 days/days; walltime: 55.6
36673.0/37230.0 days/days; walltime: 45.7
------------36674.0/37230.0 days/days; walltime: 83.4
------------36675.0/37230.0 days/days; walltime: 86.8
----------36676.0/37230.0 days/days; walltime: 79.1
-------36677.0/37230.0 days/days; walltime: 48.8
---36678.0/37230.0 days/days; walltime: 21.0
----------36679.0/37230.0 days/days; walltime: 77.6
36680.0/37230.0 days/days; walltime: 51.1
------36681.0/37230.0 days/days; walltime: 66.8
36682.0/37230.0 days/days; walltime: 50.2
----36683.0/37230.0 days/days; walltime: 41.8
36684.0/37230.0 days/days; walltime: 26.3
------36685.0/37230.0 days/days; walltime: 33.3
--36686.0/37230.0 days/days; walltime: 63.0
-----36687.0/37230.0 days/days; walltime: 24.0
-------36688.0/37230.0 days/days; walltime: 36.7
--36689.0/37230.0 days/days; walltime: 38.2
----------36690.0/37230.0 days/days; walltime: 37.8
36691.0/37230.0 days/days; walltime: 30.7
36692.0/37230.0 days/days; walltime: 20.1
----36693.0/37230.0 days/days; walltime: 15.8
------36694.0/37230.0 days/days; walltime: 30.3
36695.0/37230.0 days/days; walltime: 14.4
--36696.0/37230.0 days/days; walltime: 13.6
36697.0/37230.0 days/days; walltime: 10.3
---------36698.0/37230.0 days/days; walltime: 17.3
36699.0/37230.0 days/days; walltime: 5.7
36700.0/37230.0 days/days; walltime: 20.7
--36701.0/37230.0 days/days; walltime: 16.7
36702.0/37230.0 days/days; walltime: 6.7
36703.0/37230.0 days/days; walltime: 8.5
--36704.0/37230.0 days/days; walltime: 11.4
---36705.0/37230.0 days/days; walltime: 16.7
36706.0/37230.0 days/days; walltime: 8.1
36707.0/37230.0 days/days; walltime: 6.9
36708.0/37230.0 days/days; walltime: 8.6
36709.0/37230.0 days/days; walltime: 11.0
36710.0/37230.0 days/days; walltime: 7.6
36711.0/37230.0 days/days; walltime: 9.8
36712.0/37230.0 days/days; walltime: 11.3
36713.0/37230.0 days/days; walltime: 7.0
36714.0/37230.0 days/days; walltime: 11.5
36715.0/37230.0 days/days; walltime: 11.5
36716.0/37230.0 days/days; walltime: 13.3
36717.0/37230.0 days/days; walltime: 16.6
36718.0/37230.0 days/days; walltime: 16.0
36719.0/37230.0 days/days; walltime: 19.7
36720.0/37230.0 days/days; walltime: 19.8
36721.0/37230.0 days/days; walltime: 13.7
36722.0/37230.0 days/days; walltime: 15.8
36723.0/37230.0 days/days; walltime: 16.9
36724.0/37230.0 days/days; walltime: 13.7
36725.0/37230.0 days/days; walltime: 15.7
36726.0/37230.0 days/days; walltime: 13.0
36727.0/37230.0 days/days; walltime: 15.8
36728.0/37230.0 days/days; walltime: 16.1
36729.0/37230.0 days/days; walltime: 18.9
36730.0/37230.0 days/days; walltime: 14.8
36731.0/37230.0 days/days; walltime: 20.6
36732.0/37230.0 days/days; walltime: 26.6
36733.0/37230.0 days/days; walltime: 25.0
36734.0/37230.0 days/days; walltime: 21.4
36735.0/37230.0 days/days; walltime: 10.0
36736.0/37230.0 days/days; walltime: 8.6
36737.0/37230.0 days/days; walltime: 9.2
36738.0/37230.0 days/days; walltime: 18.1
36739.0/37230.0 days/days; walltime: 4.6
36740.0/37230.0 days/days; walltime: 1.7
36741.0/37230.0 days/days; walltime: 1.5
36742.0/37230.0 days/days; walltime: 1.4
36743.0/37230.0 days/days; walltime: 1.4
36744.0/37230.0 days/days; walltime: 1.7
36745.0/37230.0 days/days; walltime: 1.6
36746.0/37230.0 days/days; walltime: 2.6
36747.0/37230.0 days/days; walltime: 1.1
36748.0/37230.0 days/days; walltime: 2.4
36749.0/37230.0 days/days; walltime: 1.0
36750.0/37230.0 days/days; walltime: 0.7
36751.0/37230.0 days/days; walltime: 1.2
36752.0/37230.0 days/days; walltime: 0.8
36753.0/37230.0 days/days; walltime: 0.8
36754.0/37230.0 days/days; walltime: 0.9
36755.0/37230.0 days/days; walltime: 0.9
36756.0/37230.0 days/days; walltime: 0.9
36757.0/37230.0 days/days; walltime: 3.8
36758.0/37230.0 days/days; walltime: 0.6
36759.0/37230.0 days/days; walltime: 0.6
36760.0/37230.0 days/days; walltime: 0.4
36761.0/37230.0 days/days; walltime: 0.6
36762.0/37230.0 days/days; walltime: 0.6
36763.0/37230.0 days/days; walltime: 2.4
36764.0/37230.0 days/days; walltime: 0.6
36765.0/37230.0 days/days; walltime: 0.4
36766.0/37230.0 days/days; walltime: 0.6
36767.0/37230.0 days/days; walltime: 0.4
36768.0/37230.0 days/days; walltime: 0.4
36769.0/37230.0 days/days; walltime: 0.5
36770.0/37230.0 days/days; walltime: 0.4
36771.0/37230.0 days/days; walltime: 0.4
36772.0/37230.0 days/days; walltime: 0.5
36773.0/37230.0 days/days; walltime: 0.4
36774.0/37230.0 days/days; walltime: 0.4
36775.0/37230.0 days/days; walltime: 0.4
36776.0/37230.0 days/days; walltime: 0.5
36777.0/37230.0 days/days; walltime: 0.4
36778.0/37230.0 days/days; walltime: 0.3
36779.0/37230.0 days/days; walltime: 0.4
36780.0/37230.0 days/days; walltime: 0.3
36781.0/37230.0 days/days; walltime: 0.3
36782.0/37230.0 days/days; walltime: 0.3
36783.0/37230.0 days/days; walltime: 0.3
36784.0/37230.0 days/days; walltime: 0.3
36785.0/37230.0 days/days; walltime: 0.3
36786.0/37230.0 days/days; walltime: 0.6
36787.0/37230.0 days/days; walltime: 0.4
36788.0/37230.0 days/days; walltime: 0.3
36789.0/37230.0 days/days; walltime: 0.3
36790.0/37230.0 days/days; walltime: 0.1
36791.0/37230.0 days/days; walltime: 0.3
36792.0/37230.0 days/days; walltime: 0.3
36793.0/37230.0 days/days; walltime: 0.3
36794.0/37230.0 days/days; walltime: 0.1
36795.0/37230.0 days/days; walltime: 0.3
36796.0/37230.0 days/days; walltime: 0.3
36797.0/37230.0 days/days; walltime: 0.3
36798.0/37230.0 days/days; walltime: 0.1
36799.0/37230.0 days/days; walltime: 0.2
36800.0/37230.0 days/days; walltime: 0.3
36801.0/37230.0 days/days; walltime: 0.1
36802.0/37230.0 days/days; walltime: 0.3
36803.0/37230.0 days/days; walltime: 0.1
36804.0/37230.0 days/days; walltime: 0.3
36805.0/37230.0 days/days; walltime: 0.2
36806.0/37230.0 days/days; walltime: 0.1
36807.0/37230.0 days/days; walltime: 0.3
36808.0/37230.0 days/days; walltime: 0.1
36809.0/37230.0 days/days; walltime: 0.3
36810.0/37230.0 days/days; walltime: 0.2
36811.0/37230.0 days/days; walltime: 0.1
36812.0/37230.0 days/days; walltime: 0.3
36813.0/37230.0 days/days; walltime: 0.2
36814.0/37230.0 days/days; walltime: 0.5
36815.0/37230.0 days/days; walltime: 0.3
36816.0/37230.0 days/days; walltime: 0.1
36817.0/37230.0 days/days; walltime: 0.2
36818.0/37230.0 days/days; walltime: 0.1
36819.0/37230.0 days/days; walltime: 0.2
36820.0/37230.0 days/days; walltime: 0.1
36821.0/37230.0 days/days; walltime: 0.2
36822.0/37230.0 days/days; walltime: 0.3
36823.0/37230.0 days/days; walltime: 0.1
36824.0/37230.0 days/days; walltime: 0.2
36825.0/37230.0 days/days; walltime: 0.1
36826.0/37230.0 days/days; walltime: 0.2
36827.0/37230.0 days/days; walltime: 0.1
36828.0/37230.0 days/days; walltime: 0.2
36829.0/37230.0 days/days; walltime: 0.1
36830.0/37230.0 days/days; walltime: 0.2
36831.0/37230.0 days/days; walltime: 0.1
36832.0/37230.0 days/days; walltime: 0.2
36833.0/37230.0 days/days; walltime: 0.1
36834.0/37230.0 days/days; walltime: 0.2
36835.0/37230.0 days/days; walltime: 0.1
36836.0/37230.0 days/days; walltime: 0.2
36837.0/37230.0 days/days; walltime: 0.1
36838.0/37230.0 days/days; walltime: 0.2
36839.0/37230.0 days/days; walltime: 0.1
36840.0/37230.0 days/days; walltime: 0.2
36841.0/37230.0 days/days; walltime: 0.1
36842.0/37230.0 days/days; walltime: 0.2
36843.0/37230.0 days/days; walltime: 0.1
36844.0/37230.0 days/days; walltime: 0.0
36845.0/37230.0 days/days; walltime: 0.2
36846.0/37230.0 days/days; walltime: 0.1
36847.0/37230.0 days/days; walltime: 0.2
36848.0/37230.0 days/days; walltime: 0.0
36849.0/37230.0 days/days; walltime: 0.2
36850.0/37230.0 days/days; walltime: 0.1
36851.0/37230.0 days/days; walltime: 0.0
36852.0/37230.0 days/days; walltime: 0.2
36853.0/37230.0 days/days; walltime: 0.1
36854.0/37230.0 days/days; walltime: 0.2
36855.0/37230.0 days/days; walltime: 0.1
36856.0/37230.0 days/days; walltime: 0.2
36857.0/37230.0 days/days; walltime: 0.0
36858.0/37230.0 days/days; walltime: 0.1
36859.0/37230.0 days/days; walltime: 0.2
36860.0/37230.0 days/days; walltime: 0.1
36861.0/37230.0 days/days; walltime: 0.0
36862.0/37230.0 days/days; walltime: 0.3
36863.0/37230.0 days/days; walltime: 0.1
36864.0/37230.0 days/days; walltime: 1.7
36865.0/37230.0 days/days; walltime: 0.1
36866.0/37230.0 days/days; walltime: 0.1
36867.0/37230.0 days/days; walltime: 0.3
36868.0/37230.0 days/days; walltime: 0.0
36869.0/37230.0 days/days; walltime: 0.1
36870.0/37230.0 days/days; walltime: 0.2
36871.0/37230.0 days/days; walltime: 0.0
36872.0/37230.0 days/days; walltime: 0.1
36873.0/37230.0 days/days; walltime: 0.2
36874.0/37230.0 days/days; walltime: 0.0
36875.0/37230.0 days/days; walltime: 0.0
36876.0/37230.0 days/days; walltime: 0.2
36877.0/37230.0 days/days; walltime: 0.0
36878.0/37230.0 days/days; walltime: 0.0
36879.0/37230.0 days/days; walltime: 0.0
36880.0/37230.0 days/days; walltime: 0.2
36881.0/37230.0 days/days; walltime: 0.0
36882.0/37230.0 days/days; walltime: 0.0
36883.0/37230.0 days/days; walltime: 0.2
36884.0/37230.0 days/days; walltime: 0.0
36885.0/37230.0 days/days; walltime: 0.0
36886.0/37230.0 days/days; walltime: 0.2
36887.0/37230.0 days/days; walltime: 0.0
36888.0/37230.0 days/days; walltime: 0.0
36889.0/37230.0 days/days; walltime: 0.0
36890.0/37230.0 days/days; walltime: 0.2
36891.0/37230.0 days/days; walltime: 0.0
36892.0/37230.0 days/days; walltime: 0.0
36893.0/37230.0 days/days; walltime: 0.0
36894.0/37230.0 days/days; walltime: 0.2
36895.0/37230.0 days/days; walltime: 0.1
36896.0/37230.0 days/days; walltime: 0.1
36897.0/37230.0 days/days; walltime: 0.0
36898.0/37230.0 days/days; walltime: 0.2
36899.0/37230.0 days/days; walltime: 0.0
36900.0/37230.0 days/days; walltime: 0.0
36901.0/37230.0 days/days; walltime: 0.0
36902.0/37230.0 days/days; walltime: 0.2
36903.0/37230.0 days/days; walltime: 0.1
36905.0/37230.0 days/days; walltime: 0.1
36906.0/37230.0 days/days; walltime: 0.1
36907.0/37230.0 days/days; walltime: 0.2
36908.0/37230.0 days/days; walltime: 0.1
36909.0/37230.0 days/days; walltime: 0.1
36910.0/37230.0 days/days; walltime: 0.1
36912.0/37230.0 days/days; walltime: 0.2
36913.0/37230.0 days/days; walltime: 0.1
36914.0/37230.0 days/days; walltime: 0.1
36915.0/37230.0 days/days; walltime: 0.1
36917.0/37230.0 days/days; walltime: 0.2
36918.0/37230.0 days/days; walltime: 0.1
36920.0/37230.0 days/days; walltime: 0.1
36921.0/37230.0 days/days; walltime: 0.1
36922.0/37230.0 days/days; walltime: 0.2
36924.0/37230.0 days/days; walltime: 0.1
36925.0/37230.0 days/days; walltime: 0.1
36927.0/37230.0 days/days; walltime: 0.1
36928.0/37230.0 days/days; walltime: 0.2
36930.0/37230.0 days/days; walltime: 0.1
36932.0/37230.0 days/days; walltime: 0.1
36933.0/37230.0 days/days; walltime: 0.1
36935.0/37230.0 days/days; walltime: 0.2
36937.0/37230.0 days/days; walltime: 0.1
36938.0/37230.0 days/days; walltime: 0.1
36940.0/37230.0 days/days; walltime: 0.1
36942.0/37230.0 days/days; walltime: 0.1
36944.0/37230.0 days/days; walltime: 0.1
36945.0/37230.0 days/days; walltime: 0.2
36947.0/37230.0 days/days; walltime: 0.1
36949.0/37230.0 days/days; walltime: 0.1
36951.0/37230.0 days/days; walltime: 0.1
36952.0/37230.0 days/days; walltime: 0.2
36954.0/37230.0 days/days; walltime: 0.1
36956.0/37230.0 days/days; walltime: 0.1
36958.0/37230.0 days/days; walltime: 0.1
36959.0/37230.0 days/days; walltime: 0.2
36961.0/37230.0 days/days; walltime: 0.1
36963.0/37230.0 days/days; walltime: 0.1
36965.0/37230.0 days/days; walltime: 0.1
36967.0/37230.0 days/days; walltime: 0.2
36968.0/37230.0 days/days; walltime: 0.1
36970.0/37230.0 days/days; walltime: 0.1
36972.0/37230.0 days/days; walltime: 0.1
36974.0/37230.0 days/days; walltime: 0.2
36976.0/37230.0 days/days; walltime: 0.1
36977.0/37230.0 days/days; walltime: 0.1
36979.0/37230.0 days/days; walltime: 0.1
36981.0/37230.0 days/days; walltime: 0.2
36983.0/37230.0 days/days; walltime: 0.1
36985.0/37230.0 days/days; walltime: 0.1
36987.0/37230.0 days/days; walltime: 0.1
36989.0/37230.0 days/days; walltime: 0.2
36991.0/37230.0 days/days; walltime: 0.1
--36993.0/37230.0 days/days; walltime: 8.0
36994.0/37230.0 days/days; walltime: 5.4
36995.0/37230.0 days/days; walltime: 9.2
36996.0/37230.0 days/days; walltime: 11.0
36997.0/37230.0 days/days; walltime: 17.6
36998.0/37230.0 days/days; walltime: 18.9
36999.0/37230.0 days/days; walltime: 17.4
37000.0/37230.0 days/days; walltime: 15.5
37001.0/37230.0 days/days; walltime: 18.1
37002.0/37230.0 days/days; walltime: 16.5
37003.0/37230.0 days/days; walltime: 16.1
37004.0/37230.0 days/days; walltime: 17.7
37005.0/37230.0 days/days; walltime: 17.2
37006.0/37230.0 days/days; walltime: 38.6
37007.0/37230.0 days/days; walltime: 17.0
37008.0/37230.0 days/days; walltime: 21.8
37009.0/37230.0 days/days; walltime: 17.7
37010.0/37230.0 days/days; walltime: 20.5
37011.0/37230.0 days/days; walltime: 21.4
37012.0/37230.0 days/days; walltime: 22.3
--37013.0/37230.0 days/days; walltime: 19.3
37014.0/37230.0 days/days; walltime: 26.8
--37015.0/37230.0 days/days; walltime: 38.9
---37016.0/37230.0 days/days; walltime: 27.3
--37017.0/37230.0 days/days; walltime: 47.5
------37018.0/37230.0 days/days; walltime: 33.9
----37019.0/37230.0 days/days; walltime: 33.1
--37020.0/37230.0 days/days; walltime: 60.3
--37021.0/37230.0 days/days; walltime: 55.0
----37022.0/37230.0 days/days; walltime: 48.7
----37023.0/37230.0 days/days; walltime: 38.7
37024.0/37230.0 days/days; walltime: 41.7
-----------37025.0/37230.0 days/days; walltime: 36.7
--------37026.0/37230.0 days/days; walltime: 81.2
----37027.0/37230.0 days/days; walltime: 58.0
---37028.0/37230.0 days/days; walltime: 62.6
--------37029.0/37230.0 days/days; walltime: 73.0
----37030.0/37230.0 days/days; walltime: 58.4
--37031.0/37230.0 days/days; walltime: 100.7
-------37032.0/37230.0 days/days; walltime: 76.5
-------37033.0/37230.0 days/days; walltime: 48.3
-----------37034.0/37230.0 days/days; walltime: 91.7
--------37035.0/37230.0 days/days; walltime: 75.1
---------37036.0/37230.0 days/days; walltime: 72.5
-----------37037.0/37230.0 days/days; walltime: 70.7
-----37038.0/37230.0 days/days; walltime: 94.1
------37039.0/37230.0 days/days; walltime: 68.8
----------37040.0/37230.0 days/days; walltime: 68.0
-----37041.0/37230.0 days/days; walltime: 56.1
------------------37042.0/37230.0 days/days; walltime: 51.4
-------37043.0/37230.0 days/days; walltime: 29.5
------37044.0/37230.0 days/days; walltime: 52.5
37045.0/37230.0 days/days; walltime: 39.7
37046.0/37230.0 days/days; walltime: 65.3
--37047.0/37230.0 days/days; walltime: 51.2
-37048.0/37230.0 days/days; walltime: 42.2
----37049.0/37230.0 days/days; walltime: 52.7
----37050.0/37230.0 days/days; walltime: 70.5
----37051.0/37230.0 days/days; walltime: 26.7
------37052.0/37230.0 days/days; walltime: 45.0
-----37053.0/37230.0 days/days; walltime: 41.6
---------------37054.0/37230.0 days/days; walltime: 45.6
--37055.0/37230.0 days/days; walltime: 33.4
37056.0/37230.0 days/days; walltime: 21.5
37057.0/37230.0 days/days; walltime: 5.5
------37058.0/37230.0 days/days; walltime: 19.6
----37059.0/37230.0 days/days; walltime: 18.2
37060.0/37230.0 days/days; walltime: 22.6
------37061.0/37230.0 days/days; walltime: 22.1
37062.0/37230.0 days/days; walltime: 8.3
----37063.0/37230.0 days/days; walltime: 16.3
37064.0/37230.0 days/days; walltime: 31.3
----37065.0/37230.0 days/days; walltime: 12.3
--37066.0/37230.0 days/days; walltime: 11.7
37067.0/37230.0 days/days; walltime: 7.6
37068.0/37230.0 days/days; walltime: 8.6
--37069.0/37230.0 days/days; walltime: 9.4
--37070.0/37230.0 days/days; walltime: 13.9
37071.0/37230.0 days/days; walltime: 8.5
37072.0/37230.0 days/days; walltime: 11.9
37073.0/37230.0 days/days; walltime: 6.4
37074.0/37230.0 days/days; walltime: 8.8
37075.0/37230.0 days/days; walltime: 9.0
37076.0/37230.0 days/days; walltime: 7.2
37077.0/37230.0 days/days; walltime: 10.8
37078.0/37230.0 days/days; walltime: 6.9
37079.0/37230.0 days/days; walltime: 10.9
37080.0/37230.0 days/days; walltime: 10.6
37081.0/37230.0 days/days; walltime: 13.7
37082.0/37230.0 days/days; walltime: 16.9
37083.0/37230.0 days/days; walltime: 23.3
37084.0/37230.0 days/days; walltime: 20.4
37085.0/37230.0 days/days; walltime: 26.9
37086.0/37230.0 days/days; walltime: 13.6
37087.0/37230.0 days/days; walltime: 15.2
37088.0/37230.0 days/days; walltime: 17.5
37089.0/37230.0 days/days; walltime: 17.4
37090.0/37230.0 days/days; walltime: 15.7
37091.0/37230.0 days/days; walltime: 15.6
37092.0/37230.0 days/days; walltime: 11.6
37093.0/37230.0 days/days; walltime: 18.9
37094.0/37230.0 days/days; walltime: 21.1
37095.0/37230.0 days/days; walltime: 12.3
37096.0/37230.0 days/days; walltime: 21.2
37097.0/37230.0 days/days; walltime: 30.0
37098.0/37230.0 days/days; walltime: 29.4
37099.0/37230.0 days/days; walltime: 21.0
37100.0/37230.0 days/days; walltime: 11.9
37101.0/37230.0 days/days; walltime: 7.2
37102.0/37230.0 days/days; walltime: 11.7
37103.0/37230.0 days/days; walltime: 55.2
37104.0/37230.0 days/days; walltime: 8.4
37105.0/37230.0 days/days; walltime: 1.8
37106.0/37230.0 days/days; walltime: 1.4
37107.0/37230.0 days/days; walltime: 1.6
37108.0/37230.0 days/days; walltime: 1.4
37109.0/37230.0 days/days; walltime: 1.5
37110.0/37230.0 days/days; walltime: 1.5
37111.0/37230.0 days/days; walltime: 2.7
37112.0/37230.0 days/days; walltime: 1.0
37113.0/37230.0 days/days; walltime: 2.4
37114.0/37230.0 days/days; walltime: 0.9
37115.0/37230.0 days/days; walltime: 0.7
37116.0/37230.0 days/days; walltime: 4.5
37117.0/37230.0 days/days; walltime: 0.8
37118.0/37230.0 days/days; walltime: 0.7
37119.0/37230.0 days/days; walltime: 0.6
37120.0/37230.0 days/days; walltime: 0.6
37121.0/37230.0 days/days; walltime: 0.6
37122.0/37230.0 days/days; walltime: 0.6
37123.0/37230.0 days/days; walltime: 0.6
37124.0/37230.0 days/days; walltime: 0.6
37125.0/37230.0 days/days; walltime: 0.4
37126.0/37230.0 days/days; walltime: 0.6
37127.0/37230.0 days/days; walltime: 0.6
37128.0/37230.0 days/days; walltime: 4.1
37129.0/37230.0 days/days; walltime: 0.4
37130.0/37230.0 days/days; walltime: 0.4
37131.0/37230.0 days/days; walltime: 0.6
37132.0/37230.0 days/days; walltime: 0.4
37133.0/37230.0 days/days; walltime: 0.4
37134.0/37230.0 days/days; walltime: 0.6
37135.0/37230.0 days/days; walltime: 0.4
37136.0/37230.0 days/days; walltime: 0.4
37137.0/37230.0 days/days; walltime: 0.6
37138.0/37230.0 days/days; walltime: 0.4
37139.0/37230.0 days/days; walltime: 0.4
37140.0/37230.0 days/days; walltime: 0.5
37141.0/37230.0 days/days; walltime: 0.3
37142.0/37230.0 days/days; walltime: 0.4
37143.0/37230.0 days/days; walltime: 0.4
37144.0/37230.0 days/days; walltime: 0.3
37145.0/37230.0 days/days; walltime: 0.3
37146.0/37230.0 days/days; walltime: 0.3
37147.0/37230.0 days/days; walltime: 0.4
37148.0/37230.0 days/days; walltime: 0.3
37149.0/37230.0 days/days; walltime: 0.3
37150.0/37230.0 days/days; walltime: 1.7
37151.0/37230.0 days/days; walltime: 0.4
37152.0/37230.0 days/days; walltime: 0.3
37153.0/37230.0 days/days; walltime: 0.3
37154.0/37230.0 days/days; walltime: 0.3
37155.0/37230.0 days/days; walltime: 0.1
37156.0/37230.0 days/days; walltime: 0.3
37157.0/37230.0 days/days; walltime: 0.3
37158.0/37230.0 days/days; walltime: 0.3
37159.0/37230.0 days/days; walltime: 0.3
37160.0/37230.0 days/days; walltime: 0.1
37161.0/37230.0 days/days; walltime: 0.2
37162.0/37230.0 days/days; walltime: 0.3
37163.0/37230.0 days/days; walltime: 0.1
37164.0/37230.0 days/days; walltime: 0.3
37165.0/37230.0 days/days; walltime: 0.2
37166.0/37230.0 days/days; walltime: 0.1
37167.0/37230.0 days/days; walltime: 0.2
37168.0/37230.0 days/days; walltime: 0.1
37169.0/37230.0 days/days; walltime: 0.3
37170.0/37230.0 days/days; walltime: 0.2
37171.0/37230.0 days/days; walltime: 0.1
37172.0/37230.0 days/days; walltime: 0.2
37173.0/37230.0 days/days; walltime: 0.1
37174.0/37230.0 days/days; walltime: 0.3
37175.0/37230.0 days/days; walltime: 0.2
37176.0/37230.0 days/days; walltime: 0.1
37177.0/37230.0 days/days; walltime: 0.3
37178.0/37230.0 days/days; walltime: 0.1
37179.0/37230.0 days/days; walltime: 0.2
37180.0/37230.0 days/days; walltime: 0.3
37181.0/37230.0 days/days; walltime: 0.1
37182.0/37230.0 days/days; walltime: 0.2
37183.0/37230.0 days/days; walltime: 0.1
37184.0/37230.0 days/days; walltime: 0.2
37185.0/37230.0 days/days; walltime: 0.1
37186.0/37230.0 days/days; walltime: 0.2
37187.0/37230.0 days/days; walltime: 0.3
37188.0/37230.0 days/days; walltime: 0.1
37189.0/37230.0 days/days; walltime: 0.2
37190.0/37230.0 days/days; walltime: 0.1
37191.0/37230.0 days/days; walltime: 0.2
37192.0/37230.0 days/days; walltime: 0.1
37193.0/37230.0 days/days; walltime: 0.3
37194.0/37230.0 days/days; walltime: 0.1
37195.0/37230.0 days/days; walltime: 0.2
37196.0/37230.0 days/days; walltime: 0.1
37197.0/37230.0 days/days; walltime: 0.2
37198.0/37230.0 days/days; walltime: 0.1
37199.0/37230.0 days/days; walltime: 0.2
37200.0/37230.0 days/days; walltime: 0.0
37201.0/37230.0 days/days; walltime: 0.2
37202.0/37230.0 days/days; walltime: 0.1
37203.0/37230.0 days/days; walltime: 0.2
37204.0/37230.0 days/days; walltime: 0.1
37205.0/37230.0 days/days; walltime: 0.2
37206.0/37230.0 days/days; walltime: 0.1
37207.0/37230.0 days/days; walltime: 0.2
37208.0/37230.0 days/days; walltime: 0.0
37209.0/37230.0 days/days; walltime: 0.1
37210.0/37230.0 days/days; walltime: 0.2
37211.0/37230.0 days/days; walltime: 0.1
37212.0/37230.0 days/days; walltime: 0.2
37213.0/37230.0 days/days; walltime: 0.1
37214.0/37230.0 days/days; walltime: 0.2
37215.0/37230.0 days/days; walltime: 0.0
37216.0/37230.0 days/days; walltime: 0.1
37217.0/37230.0 days/days; walltime: 1.7
37218.0/37230.0 days/days; walltime: 0.0
37219.0/37230.0 days/days; walltime: 0.2
37220.0/37230.0 days/days; walltime: 0.1
37221.0/37230.0 days/days; walltime: 0.2
37222.0/37230.0 days/days; walltime: 0.2
37223.0/37230.0 days/days; walltime: 0.0
37224.0/37230.0 days/days; walltime: 0.2
37225.0/37230.0 days/days; walltime: 0.0
37226.0/37230.0 days/days; walltime: 0.1
37227.0/37230.0 days/days; walltime: 0.2
37228.0/37230.0 days/days; walltime: 0.1
37229.0/37230.0 days/days; walltime: 0.0
37230.0/37230.0 days/days; walltime: 0.2
Wallclock for model run: 7366.5s
 

fields = 

  struct with fields:

    nodes: [1x1 struct]
    edges: [1x1 struct]
       BC: [1x1 struct]

No cases left; exiting.
