Case 5:
Picked up JAVA_TOOL_OPTIONS: -Xmx2g
Opening log file:  /tmp/java.log.22613

                            < M A T L A B (R) >
                  Copyright 1984-2022 The MathWorks, Inc.
                  R2022a (9.12.0.1884302) 64-bit (glnxa64)
                             February 16, 2022

 
To get started, type doc.
For product information, visit www.mathworks.com.
 

config = 

  struct with fields:

                 k_s: 0.2500
                 l_c: 10
            n_moulin: 68
    creep_const_soft: 0
             mesh_nr: 4
                 k_c: 0.1500
               h_bed: 0.5000
               l_bed: 10
               alpha: 1.5000
                beta: 1.5000
               omega: 5.0000e-04

Running model run (ode15s):
Run to steady
Saving model run to
./RUN/output_005_steady.nc
Fields, IC & BC initialised
Initial phi calculated in 1.4s
0.0/36500.0 days/days; walltime: 87.4
------------------------------------------------------------------------------------------------------------------------------------------------------------------------------------1825.0/36500.0 days/days; walltime: 6919.1
3650.0/36500.0 days/days; walltime: 19.0
5475.0/36500.0 days/days; walltime: 10.1
7300.0/36500.0 days/days; walltime: 4.7
-----9125.0/36500.0 days/days; walltime: 6.7
------------------------------------------------------------------------------------------------------------------------------------10950.0/36500.0 days/days; walltime: 2689.4
--------------------------------------------------------------------------------------------------------------------------------------12775.0/36500.0 days/days; walltime: 883.0
----14600.0/36500.0 days/days; walltime: 631.2
---16425.0/36500.0 days/days; walltime: 371.3
-18250.0/36500.0 days/days; walltime: 262.6
20075.0/36500.0 days/days; walltime: 212.2
21900.0/36500.0 days/days; walltime: 11.9
23725.0/36500.0 days/days; walltime: 6.6
25550.0/36500.0 days/days; walltime: 4.8
27375.0/36500.0 days/days; walltime: 2.7
29200.0/36500.0 days/days; walltime: 1.5
31025.0/36500.0 days/days; walltime: 0.9
32850.0/36500.0 days/days; walltime: 0.3
34675.0/36500.0 days/days; walltime: 0.3
36500.0/36500.0 days/days; walltime: 0.3
Wallclock for model run: 12127.1s
 

fields = 

  struct with fields:

    nodes: [1x1 struct]
    edges: [1x1 struct]
       BC: [1x1 struct]

Running model run (ode15s):
Run seasonal
Saving model run to
./RUN/output_005_seasonal.nc
IC initialised from struct
IC initialised from file/given & rest from parameters and given functions
36500.0/37230.0 days/days; walltime: 13.8
36501.0/37230.0 days/days; walltime: 76.7
36502.0/37230.0 days/days; walltime: 38.5
36503.0/37230.0 days/days; walltime: 18.8
36504.0/37230.0 days/days; walltime: 14.7
36505.0/37230.0 days/days; walltime: 22.7
36506.0/37230.0 days/days; walltime: 20.5
36507.0/37230.0 days/days; walltime: 5.5
36508.0/37230.0 days/days; walltime: 4.7
36509.0/37230.0 days/days; walltime: 14.6
36510.0/37230.0 days/days; walltime: 5.0
36511.0/37230.0 days/days; walltime: 2.5
36512.0/37230.0 days/days; walltime: 2.2
36513.0/37230.0 days/days; walltime: 2.4
36514.0/37230.0 days/days; walltime: 5.1
36515.0/37230.0 days/days; walltime: 5.1
36516.0/37230.0 days/days; walltime: 2.0
36517.0/37230.0 days/days; walltime: 7.3
36518.0/37230.0 days/days; walltime: 1.6
36519.0/37230.0 days/days; walltime: 1.4
36520.0/37230.0 days/days; walltime: 2.0
36521.0/37230.0 days/days; walltime: 1.7
36522.0/37230.0 days/days; walltime: 1.5
36523.0/37230.0 days/days; walltime: 5.2
36524.0/37230.0 days/days; walltime: 2.2
36525.0/37230.0 days/days; walltime: 1.1
36526.0/37230.0 days/days; walltime: 0.8
36527.0/37230.0 days/days; walltime: 1.1
36528.0/37230.0 days/days; walltime: 4.0
36529.0/37230.0 days/days; walltime: 2.5
36530.0/37230.0 days/days; walltime: 4.3
36531.0/37230.0 days/days; walltime: 1.0
36532.0/37230.0 days/days; walltime: 2.1
36533.0/37230.0 days/days; walltime: 5.2
36534.0/37230.0 days/days; walltime: 3.8
36535.0/37230.0 days/days; walltime: 0.3
36536.0/37230.0 days/days; walltime: 3.6
36537.0/37230.0 days/days; walltime: 0.8
36538.0/37230.0 days/days; walltime: 3.8
36539.0/37230.0 days/days; walltime: 0.3
36540.0/37230.0 days/days; walltime: 0.6
36541.0/37230.0 days/days; walltime: 0.6
36542.0/37230.0 days/days; walltime: 0.6
36543.0/37230.0 days/days; walltime: 0.4
36544.0/37230.0 days/days; walltime: 0.6
36545.0/37230.0 days/days; walltime: 0.6
36546.0/37230.0 days/days; walltime: 0.7
36547.0/37230.0 days/days; walltime: 0.5
36548.0/37230.0 days/days; walltime: 0.6
36549.0/37230.0 days/days; walltime: 4.0
36550.0/37230.0 days/days; walltime: 0.4
36551.0/37230.0 days/days; walltime: 0.2
36552.0/37230.0 days/days; walltime: 0.2
36553.0/37230.0 days/days; walltime: 2.1
36554.0/37230.0 days/days; walltime: 2.2
36555.0/37230.0 days/days; walltime: 0.6
36556.0/37230.0 days/days; walltime: 1.9
36557.0/37230.0 days/days; walltime: 0.4
36558.0/37230.0 days/days; walltime: 0.4
36559.0/37230.0 days/days; walltime: 0.4
36560.0/37230.0 days/days; walltime: 0.4
36561.0/37230.0 days/days; walltime: 0.5
36562.0/37230.0 days/days; walltime: 0.4
36563.0/37230.0 days/days; walltime: 0.3
36564.0/37230.0 days/days; walltime: 0.4
36565.0/37230.0 days/days; walltime: 0.3
36566.0/37230.0 days/days; walltime: 0.4
36567.0/37230.0 days/days; walltime: 0.3
36568.0/37230.0 days/days; walltime: 0.3
36569.0/37230.0 days/days; walltime: 1.9
36570.0/37230.0 days/days; walltime: 0.4
36571.0/37230.0 days/days; walltime: 0.3
36572.0/37230.0 days/days; walltime: 0.4
36573.0/37230.0 days/days; walltime: 0.5
36574.0/37230.0 days/days; walltime: 0.3
36575.0/37230.0 days/days; walltime: 0.4
36576.0/37230.0 days/days; walltime: 0.3
36577.0/37230.0 days/days; walltime: 0.2
36578.0/37230.0 days/days; walltime: 0.4
36579.0/37230.0 days/days; walltime: 1.8
36580.0/37230.0 days/days; walltime: 0.3
36581.0/37230.0 days/days; walltime: 0.4
36582.0/37230.0 days/days; walltime: 0.3
36583.0/37230.0 days/days; walltime: 0.3
36584.0/37230.0 days/days; walltime: 0.3
36585.0/37230.0 days/days; walltime: 0.1
36586.0/37230.0 days/days; walltime: 0.3
36587.0/37230.0 days/days; walltime: 0.3
36588.0/37230.0 days/days; walltime: 0.3
36589.0/37230.0 days/days; walltime: 1.6
36590.0/37230.0 days/days; walltime: 0.1
36591.0/37230.0 days/days; walltime: 0.3
36592.0/37230.0 days/days; walltime: 0.3
36593.0/37230.0 days/days; walltime: 0.3
36594.0/37230.0 days/days; walltime: 0.1
36595.0/37230.0 days/days; walltime: 0.3
36596.0/37230.0 days/days; walltime: 0.3
36597.0/37230.0 days/days; walltime: 0.3
36598.0/37230.0 days/days; walltime: 0.1
36599.0/37230.0 days/days; walltime: 0.3
36600.0/37230.0 days/days; walltime: 0.3
36601.0/37230.0 days/days; walltime: 0.1
36602.0/37230.0 days/days; walltime: 0.3
36603.0/37230.0 days/days; walltime: 0.1
36604.0/37230.0 days/days; walltime: 0.3
36605.0/37230.0 days/days; walltime: 0.2
36606.0/37230.0 days/days; walltime: 0.1
36607.0/37230.0 days/days; walltime: 0.3
36608.0/37230.0 days/days; walltime: 0.1
36609.0/37230.0 days/days; walltime: 0.2
36610.0/37230.0 days/days; walltime: 0.1
36611.0/37230.0 days/days; walltime: 0.3
36612.0/37230.0 days/days; walltime: 0.2
36613.0/37230.0 days/days; walltime: 0.1
36614.0/37230.0 days/days; walltime: 0.2
36615.0/37230.0 days/days; walltime: 0.1
36616.0/37230.0 days/days; walltime: 0.2
36617.0/37230.0 days/days; walltime: 0.1
36618.0/37230.0 days/days; walltime: 0.2
36619.0/37230.0 days/days; walltime: 0.1
36620.0/37230.0 days/days; walltime: 0.0
36621.0/37230.0 days/days; walltime: 0.2
36622.0/37230.0 days/days; walltime: 0.1
36623.0/37230.0 days/days; walltime: 0.2
36624.0/37230.0 days/days; walltime: 0.1
36625.0/37230.0 days/days; walltime: 0.2
36626.0/37230.0 days/days; walltime: 0.1
36627.0/37230.0 days/days; walltime: 0.4
36628.0/37230.0 days/days; walltime: 8.1
36629.0/37230.0 days/days; walltime: 7.6
36630.0/37230.0 days/days; walltime: 10.4
36631.0/37230.0 days/days; walltime: 10.8
36632.0/37230.0 days/days; walltime: 14.4
36633.0/37230.0 days/days; walltime: 17.5
36634.0/37230.0 days/days; walltime: 16.2
36635.0/37230.0 days/days; walltime: 15.8
36636.0/37230.0 days/days; walltime: 16.9
36637.0/37230.0 days/days; walltime: 17.3
36638.0/37230.0 days/days; walltime: 26.1
36639.0/37230.0 days/days; walltime: 15.4
36640.0/37230.0 days/days; walltime: 35.0
36641.0/37230.0 days/days; walltime: 19.0
36642.0/37230.0 days/days; walltime: 16.6
36643.0/37230.0 days/days; walltime: 21.8
36644.0/37230.0 days/days; walltime: 25.6
36645.0/37230.0 days/days; walltime: 17.1
36646.0/37230.0 days/days; walltime: 19.1
36647.0/37230.0 days/days; walltime: 19.6
36648.0/37230.0 days/days; walltime: 35.4
36649.0/37230.0 days/days; walltime: 44.9
--36650.0/37230.0 days/days; walltime: 39.2
36651.0/37230.0 days/days; walltime: 26.8
----36652.0/37230.0 days/days; walltime: 43.5
--36653.0/37230.0 days/days; walltime: 56.6
36654.0/37230.0 days/days; walltime: 20.8
--36655.0/37230.0 days/days; walltime: 55.3
------36656.0/37230.0 days/days; walltime: 57.7
36657.0/37230.0 days/days; walltime: 25.5
-------36658.0/37230.0 days/days; walltime: 39.8
------36659.0/37230.0 days/days; walltime: 56.8
--36660.0/37230.0 days/days; walltime: 55.4
--36661.0/37230.0 days/days; walltime: 108.5
--36662.0/37230.0 days/days; walltime: 57.7
------36663.0/37230.0 days/days; walltime: 72.7
---36664.0/37230.0 days/days; walltime: 44.3
-------36665.0/37230.0 days/days; walltime: 89.2
----------------36666.0/37230.0 days/days; walltime: 91.6
-----36667.0/37230.0 days/days; walltime: 46.6
------36668.0/37230.0 days/days; walltime: 75.9
----36669.0/37230.0 days/days; walltime: 56.5
--------36670.0/37230.0 days/days; walltime: 71.4
-----36671.0/37230.0 days/days; walltime: 200.5
------36672.0/37230.0 days/days; walltime: 67.8
------------36673.0/37230.0 days/days; walltime: 75.0
-----36674.0/37230.0 days/days; walltime: 61.9
-------36675.0/37230.0 days/days; walltime: 114.7
--------36676.0/37230.0 days/days; walltime: 51.1
------------36677.0/37230.0 days/days; walltime: 64.7
------36678.0/37230.0 days/days; walltime: 62.7
36679.0/37230.0 days/days; walltime: 56.7
------36680.0/37230.0 days/days; walltime: 50.7
---36681.0/37230.0 days/days; walltime: 41.8
------36682.0/37230.0 days/days; walltime: 62.3
--36683.0/37230.0 days/days; walltime: 30.9
----36684.0/37230.0 days/days; walltime: 54.5
--36685.0/37230.0 days/days; walltime: 47.1
------36686.0/37230.0 days/days; walltime: 63.5
------36687.0/37230.0 days/days; walltime: 17.6
36688.0/37230.0 days/days; walltime: 27.7
------36689.0/37230.0 days/days; walltime: 27.1
--36690.0/37230.0 days/days; walltime: 27.5
--36691.0/37230.0 days/days; walltime: 29.5
---36692.0/37230.0 days/days; walltime: 13.9
--36693.0/37230.0 days/days; walltime: 20.4
36694.0/37230.0 days/days; walltime: 27.6
36695.0/37230.0 days/days; walltime: 50.1
------36696.0/37230.0 days/days; walltime: 24.6
-36697.0/37230.0 days/days; walltime: 11.8
--36698.0/37230.0 days/days; walltime: 14.0
--36699.0/37230.0 days/days; walltime: 18.1
36700.0/37230.0 days/days; walltime: 6.9
36701.0/37230.0 days/days; walltime: 4.6
36702.0/37230.0 days/days; walltime: 8.4
36703.0/37230.0 days/days; walltime: 9.1
36704.0/37230.0 days/days; walltime: 13.9
--36705.0/37230.0 days/days; walltime: 12.6
36706.0/37230.0 days/days; walltime: 6.8
36707.0/37230.0 days/days; walltime: 12.1
36708.0/37230.0 days/days; walltime: 11.6
36709.0/37230.0 days/days; walltime: 9.8
36710.0/37230.0 days/days; walltime: 7.5
36711.0/37230.0 days/days; walltime: 9.5
36712.0/37230.0 days/days; walltime: 11.2
36713.0/37230.0 days/days; walltime: 7.6
36714.0/37230.0 days/days; walltime: 12.6
36715.0/37230.0 days/days; walltime: 11.9
36716.0/37230.0 days/days; walltime: 16.0
36717.0/37230.0 days/days; walltime: 22.8
36718.0/37230.0 days/days; walltime: 11.8
36719.0/37230.0 days/days; walltime: 17.1
36720.0/37230.0 days/days; walltime: 15.6
36721.0/37230.0 days/days; walltime: 12.5
36722.0/37230.0 days/days; walltime: 15.9
36723.0/37230.0 days/days; walltime: 15.8
36724.0/37230.0 days/days; walltime: 13.9
36725.0/37230.0 days/days; walltime: 14.6
36726.0/37230.0 days/days; walltime: 13.7
36727.0/37230.0 days/days; walltime: 15.8
36728.0/37230.0 days/days; walltime: 14.0
36729.0/37230.0 days/days; walltime: 16.4
36730.0/37230.0 days/days; walltime: 16.4
36731.0/37230.0 days/days; walltime: 15.5
36732.0/37230.0 days/days; walltime: 18.8
36733.0/37230.0 days/days; walltime: 18.1
36734.0/37230.0 days/days; walltime: 14.9
36735.0/37230.0 days/days; walltime: 11.6
36736.0/37230.0 days/days; walltime: 7.5
36737.0/37230.0 days/days; walltime: 8.2
36738.0/37230.0 days/days; walltime: 8.8
36739.0/37230.0 days/days; walltime: 4.1
36740.0/37230.0 days/days; walltime: 1.6
36741.0/37230.0 days/days; walltime: 1.5
36742.0/37230.0 days/days; walltime: 1.5
36743.0/37230.0 days/days; walltime: 1.4
36744.0/37230.0 days/days; walltime: 1.5
36745.0/37230.0 days/days; walltime: 1.4
36746.0/37230.0 days/days; walltime: 2.6
36747.0/37230.0 days/days; walltime: 1.2
36748.0/37230.0 days/days; walltime: 2.3
36749.0/37230.0 days/days; walltime: 1.0
36750.0/37230.0 days/days; walltime: 0.8
36751.0/37230.0 days/days; walltime: 0.8
36752.0/37230.0 days/days; walltime: 1.0
36753.0/37230.0 days/days; walltime: 0.9
36754.0/37230.0 days/days; walltime: 4.2
36755.0/37230.0 days/days; walltime: 0.5
36756.0/37230.0 days/days; walltime: 0.3
36757.0/37230.0 days/days; walltime: 0.3
36758.0/37230.0 days/days; walltime: 0.3
36759.0/37230.0 days/days; walltime: 0.4
36760.0/37230.0 days/days; walltime: 0.6
36761.0/37230.0 days/days; walltime: 0.4
36762.0/37230.0 days/days; walltime: 0.6
36763.0/37230.0 days/days; walltime: 3.7
36764.0/37230.0 days/days; walltime: 0.6
36765.0/37230.0 days/days; walltime: 0.4
36766.0/37230.0 days/days; walltime: 0.6
36767.0/37230.0 days/days; walltime: 0.4
36768.0/37230.0 days/days; walltime: 0.4
36769.0/37230.0 days/days; walltime: 0.6
36770.0/37230.0 days/days; walltime: 0.4
36771.0/37230.0 days/days; walltime: 0.6
36772.0/37230.0 days/days; walltime: 0.4
36773.0/37230.0 days/days; walltime: 0.4
36774.0/37230.0 days/days; walltime: 0.4
36775.0/37230.0 days/days; walltime: 0.5
36776.0/37230.0 days/days; walltime: 0.4
36777.0/37230.0 days/days; walltime: 0.4
36778.0/37230.0 days/days; walltime: 0.3
36779.0/37230.0 days/days; walltime: 0.4
36780.0/37230.0 days/days; walltime: 0.3
36781.0/37230.0 days/days; walltime: 0.3
36782.0/37230.0 days/days; walltime: 0.5
36783.0/37230.0 days/days; walltime: 0.3
36784.0/37230.0 days/days; walltime: 0.1
36785.0/37230.0 days/days; walltime: 0.3
36786.0/37230.0 days/days; walltime: 0.3
36787.0/37230.0 days/days; walltime: 0.3
36788.0/37230.0 days/days; walltime: 0.3
36789.0/37230.0 days/days; walltime: 0.3
36790.0/37230.0 days/days; walltime: 0.3
36791.0/37230.0 days/days; walltime: 0.3
36792.0/37230.0 days/days; walltime: 0.1
36793.0/37230.0 days/days; walltime: 0.3
36794.0/37230.0 days/days; walltime: 0.3
36795.0/37230.0 days/days; walltime: 0.3
36796.0/37230.0 days/days; walltime: 0.1
36797.0/37230.0 days/days; walltime: 0.3
36798.0/37230.0 days/days; walltime: 0.3
36799.0/37230.0 days/days; walltime: 0.1
36800.0/37230.0 days/days; walltime: 0.1
36801.0/37230.0 days/days; walltime: 0.3
36802.0/37230.0 days/days; walltime: 0.2
36803.0/37230.0 days/days; walltime: 0.4
36804.0/37230.0 days/days; walltime: 0.2
36805.0/37230.0 days/days; walltime: 0.2
36806.0/37230.0 days/days; walltime: 0.1
36807.0/37230.0 days/days; walltime: 0.1
36808.0/37230.0 days/days; walltime: 0.1
36809.0/37230.0 days/days; walltime: 0.1
36810.0/37230.0 days/days; walltime: 0.2
36811.0/37230.0 days/days; walltime: 0.1
36812.0/37230.0 days/days; walltime: 0.2
36813.0/37230.0 days/days; walltime: 0.7
36814.0/37230.0 days/days; walltime: 0.1
36815.0/37230.0 days/days; walltime: 0.3
36816.0/37230.0 days/days; walltime: 0.1
36817.0/37230.0 days/days; walltime: 0.3
36818.0/37230.0 days/days; walltime: 0.2
36819.0/37230.0 days/days; walltime: 0.1
36820.0/37230.0 days/days; walltime: 0.2
36821.0/37230.0 days/days; walltime: 0.1
36822.0/37230.0 days/days; walltime: 0.2
36823.0/37230.0 days/days; walltime: 0.1
36824.0/37230.0 days/days; walltime: 0.2
36825.0/37230.0 days/days; walltime: 0.1
36826.0/37230.0 days/days; walltime: 0.2
36827.0/37230.0 days/days; walltime: 0.1
36828.0/37230.0 days/days; walltime: 0.2
36829.0/37230.0 days/days; walltime: 0.1
36830.0/37230.0 days/days; walltime: 0.2
36831.0/37230.0 days/days; walltime: 0.1
36832.0/37230.0 days/days; walltime: 0.2
36833.0/37230.0 days/days; walltime: 0.1
36834.0/37230.0 days/days; walltime: 0.2
36835.0/37230.0 days/days; walltime: 0.1
36836.0/37230.0 days/days; walltime: 0.2
36837.0/37230.0 days/days; walltime: 0.1
36838.0/37230.0 days/days; walltime: 0.2
36839.0/37230.0 days/days; walltime: 0.1
36840.0/37230.0 days/days; walltime: 0.2
36841.0/37230.0 days/days; walltime: 0.1
36842.0/37230.0 days/days; walltime: 0.2
36843.0/37230.0 days/days; walltime: 0.1
36844.0/37230.0 days/days; walltime: 0.0
36845.0/37230.0 days/days; walltime: 0.2
36846.0/37230.0 days/days; walltime: 0.1
36847.0/37230.0 days/days; walltime: 0.2
36848.0/37230.0 days/days; walltime: 0.1
36849.0/37230.0 days/days; walltime: 0.2
36850.0/37230.0 days/days; walltime: 0.0
36851.0/37230.0 days/days; walltime: 0.1
36852.0/37230.0 days/days; walltime: 0.2
36853.0/37230.0 days/days; walltime: 0.1
36854.0/37230.0 days/days; walltime: 0.0
36855.0/37230.0 days/days; walltime: 0.2
36856.0/37230.0 days/days; walltime: 0.1
36857.0/37230.0 days/days; walltime: 0.2
36858.0/37230.0 days/days; walltime: 0.1
36859.0/37230.0 days/days; walltime: 0.2
36860.0/37230.0 days/days; walltime: 0.2
36861.0/37230.0 days/days; walltime: 0.1
36862.0/37230.0 days/days; walltime: 0.0
36863.0/37230.0 days/days; walltime: 0.2
36864.0/37230.0 days/days; walltime: 0.1
36865.0/37230.0 days/days; walltime: 0.0
36866.0/37230.0 days/days; walltime: 0.2
36867.0/37230.0 days/days; walltime: 0.1
36868.0/37230.0 days/days; walltime: 0.0
36869.0/37230.0 days/days; walltime: 0.2
36870.0/37230.0 days/days; walltime: 0.1
36871.0/37230.0 days/days; walltime: 0.0
36872.0/37230.0 days/days; walltime: 0.2
36873.0/37230.0 days/days; walltime: 0.0
36874.0/37230.0 days/days; walltime: 0.1
36875.0/37230.0 days/days; walltime: 0.2
36876.0/37230.0 days/days; walltime: 0.0
36877.0/37230.0 days/days; walltime: 0.0
36878.0/37230.0 days/days; walltime: 0.0
36879.0/37230.0 days/days; walltime: 0.2
36880.0/37230.0 days/days; walltime: 0.0
36881.0/37230.0 days/days; walltime: 0.1
36882.0/37230.0 days/days; walltime: 0.2
36883.0/37230.0 days/days; walltime: 0.0
36884.0/37230.0 days/days; walltime: 0.0
36885.0/37230.0 days/days; walltime: 0.0
36886.0/37230.0 days/days; walltime: 0.2
36887.0/37230.0 days/days; walltime: 0.0
36888.0/37230.0 days/days; walltime: 0.0
36889.0/37230.0 days/days; walltime: 0.0
36890.0/37230.0 days/days; walltime: 0.2
36891.0/37230.0 days/days; walltime: 0.0
36892.0/37230.0 days/days; walltime: 0.0
36893.0/37230.0 days/days; walltime: 0.0
36894.0/37230.0 days/days; walltime: 0.2
36896.0/37230.0 days/days; walltime: 0.1
36897.0/37230.0 days/days; walltime: 0.1
36898.0/37230.0 days/days; walltime: 0.1
36899.0/37230.0 days/days; walltime: 0.2
36900.0/37230.0 days/days; walltime: 0.1
36901.0/37230.0 days/days; walltime: 0.1
36903.0/37230.0 days/days; walltime: 0.1
36904.0/37230.0 days/days; walltime: 0.2
36905.0/37230.0 days/days; walltime: 0.1
36906.0/37230.0 days/days; walltime: 0.1
36908.0/37230.0 days/days; walltime: 0.1
36909.0/37230.0 days/days; walltime: 0.2
36910.0/37230.0 days/days; walltime: 0.1
36912.0/37230.0 days/days; walltime: 0.1
36913.0/37230.0 days/days; walltime: 0.1
36914.0/37230.0 days/days; walltime: 0.2
36916.0/37230.0 days/days; walltime: 0.1
36917.0/37230.0 days/days; walltime: 0.1
36919.0/37230.0 days/days; walltime: 0.1
36921.0/37230.0 days/days; walltime: 0.2
36922.0/37230.0 days/days; walltime: 1.5
36924.0/37230.0 days/days; walltime: 0.0
36926.0/37230.0 days/days; walltime: 0.0
36927.0/37230.0 days/days; walltime: 0.2
36929.0/37230.0 days/days; walltime: 0.0
36931.0/37230.0 days/days; walltime: 0.0
36932.0/37230.0 days/days; walltime: 0.0
36934.0/37230.0 days/days; walltime: 0.0
36936.0/37230.0 days/days; walltime: 0.2
36938.0/37230.0 days/days; walltime: 0.0
36939.0/37230.0 days/days; walltime: 0.0
36941.0/37230.0 days/days; walltime: 0.0
36943.0/37230.0 days/days; walltime: 0.2
36945.0/37230.0 days/days; walltime: 0.0
36946.0/37230.0 days/days; walltime: 0.0
36948.0/37230.0 days/days; walltime: 0.0
36950.0/37230.0 days/days; walltime: 0.0
36952.0/37230.0 days/days; walltime: 0.0
36954.0/37230.0 days/days; walltime: 0.0
36955.0/37230.0 days/days; walltime: 0.0
36957.0/37230.0 days/days; walltime: 0.0
36959.0/37230.0 days/days; walltime: 0.0
36961.0/37230.0 days/days; walltime: 0.0
36962.0/37230.0 days/days; walltime: 0.0
36964.0/37230.0 days/days; walltime: 0.0
36966.0/37230.0 days/days; walltime: 0.0
36968.0/37230.0 days/days; walltime: 0.0
36969.0/37230.0 days/days; walltime: 0.0
36971.0/37230.0 days/days; walltime: 0.0
36973.0/37230.0 days/days; walltime: 0.0
36975.0/37230.0 days/days; walltime: 0.0
36976.0/37230.0 days/days; walltime: 0.0
36978.0/37230.0 days/days; walltime: 0.0
36980.0/37230.0 days/days; walltime: 0.0
36982.0/37230.0 days/days; walltime: 0.0
36983.0/37230.0 days/days; walltime: 0.0
36985.0/37230.0 days/days; walltime: 0.0
36987.0/37230.0 days/days; walltime: 0.0
36989.0/37230.0 days/days; walltime: 0.0
36990.0/37230.0 days/days; walltime: 0.0
--36992.0/37230.0 days/days; walltime: 2.2
36993.0/37230.0 days/days; walltime: 8.7
36994.0/37230.0 days/days; walltime: 7.0
36995.0/37230.0 days/days; walltime: 8.5
36996.0/37230.0 days/days; walltime: 11.8
36997.0/37230.0 days/days; walltime: 17.4
36998.0/37230.0 days/days; walltime: 17.2
36999.0/37230.0 days/days; walltime: 16.6
37000.0/37230.0 days/days; walltime: 16.8
37001.0/37230.0 days/days; walltime: 15.9
37002.0/37230.0 days/days; walltime: 15.0
37003.0/37230.0 days/days; walltime: 17.6
37004.0/37230.0 days/days; walltime: 16.5
37005.0/37230.0 days/days; walltime: 29.2
37006.0/37230.0 days/days; walltime: 17.3
37007.0/37230.0 days/days; walltime: 16.4
37008.0/37230.0 days/days; walltime: 18.7
37009.0/37230.0 days/days; walltime: 27.0
37010.0/37230.0 days/days; walltime: 18.5
37011.0/37230.0 days/days; walltime: 19.7
37012.0/37230.0 days/days; walltime: 21.0
37013.0/37230.0 days/days; walltime: 29.0
37014.0/37230.0 days/days; walltime: 37.5
--37015.0/37230.0 days/days; walltime: 27.8
37016.0/37230.0 days/days; walltime: 33.7
----37017.0/37230.0 days/days; walltime: 46.5
----37018.0/37230.0 days/days; walltime: 86.8
37019.0/37230.0 days/days; walltime: 21.9
--37020.0/37230.0 days/days; walltime: 52.3
----37021.0/37230.0 days/days; walltime: 59.9
--37022.0/37230.0 days/days; walltime: 33.1
--37023.0/37230.0 days/days; walltime: 29.3
-------37024.0/37230.0 days/days; walltime: 63.8
--37025.0/37230.0 days/days; walltime: 49.0
--------37026.0/37230.0 days/days; walltime: 73.4
--------37027.0/37230.0 days/days; walltime: 70.5
--37028.0/37230.0 days/days; walltime: 74.3
-----37029.0/37230.0 days/days; walltime: 33.3
-----37030.0/37230.0 days/days; walltime: 88.6
----------37031.0/37230.0 days/days; walltime: 64.4
---------37032.0/37230.0 days/days; walltime: 50.5
----------37033.0/37230.0 days/days; walltime: 93.5
-------37034.0/37230.0 days/days; walltime: 61.5
-----------37035.0/37230.0 days/days; walltime: 72.2
--37036.0/37230.0 days/days; walltime: 64.6
----------37037.0/37230.0 days/days; walltime: 60.1
-----------37038.0/37230.0 days/days; walltime: 75.4
------37039.0/37230.0 days/days; walltime: 70.0
-------37040.0/37230.0 days/days; walltime: 46.3
--------37041.0/37230.0 days/days; walltime: 54.0
--------------37042.0/37230.0 days/days; walltime: 53.4
--------37043.0/37230.0 days/days; walltime: 59.2
37044.0/37230.0 days/days; walltime: 38.6
--37045.0/37230.0 days/days; walltime: 47.8
----37046.0/37230.0 days/days; walltime: 38.2
------37047.0/37230.0 days/days; walltime: 64.5
37048.0/37230.0 days/days; walltime: 49.4
------37049.0/37230.0 days/days; walltime: 64.8
--------37050.0/37230.0 days/days; walltime: 54.1
----37051.0/37230.0 days/days; walltime: 111.6
37052.0/37230.0 days/days; walltime: 24.9
-----37053.0/37230.0 days/days; walltime: 28.9
--37054.0/37230.0 days/days; walltime: 19.3
--37055.0/37230.0 days/days; walltime: 26.8
37056.0/37230.0 days/days; walltime: 29.6
---37057.0/37230.0 days/days; walltime: 27.1
-----37058.0/37230.0 days/days; walltime: 25.1
37059.0/37230.0 days/days; walltime: 23.9
37060.0/37230.0 days/days; walltime: 27.9
------37061.0/37230.0 days/days; walltime: 40.6
37062.0/37230.0 days/days; walltime: 16.1
37063.0/37230.0 days/days; walltime: 15.0
37064.0/37230.0 days/days; walltime: 10.7
37065.0/37230.0 days/days; walltime: 10.6
37066.0/37230.0 days/days; walltime: 10.6
37067.0/37230.0 days/days; walltime: 7.8
37068.0/37230.0 days/days; walltime: 15.4
37069.0/37230.0 days/days; walltime: 10.6
-37070.0/37230.0 days/days; walltime: 12.4
37071.0/37230.0 days/days; walltime: 6.5
37072.0/37230.0 days/days; walltime: 13.8
37073.0/37230.0 days/days; walltime: 9.0
37074.0/37230.0 days/days; walltime: 9.7
37075.0/37230.0 days/days; walltime: 6.5
37076.0/37230.0 days/days; walltime: 7.4
37077.0/37230.0 days/days; walltime: 10.7
37078.0/37230.0 days/days; walltime: 7.7
37079.0/37230.0 days/days; walltime: 18.2
37080.0/37230.0 days/days; walltime: 17.5
37081.0/37230.0 days/days; walltime: 13.0
37082.0/37230.0 days/days; walltime: 18.5
37083.0/37230.0 days/days; walltime: 14.5
37084.0/37230.0 days/days; walltime: 15.3
37085.0/37230.0 days/days; walltime: 17.7
37086.0/37230.0 days/days; walltime: 12.5
37087.0/37230.0 days/days; walltime: 17.4
37088.0/37230.0 days/days; walltime: 16.5
37089.0/37230.0 days/days; walltime: 14.7
37090.0/37230.0 days/days; walltime: 15.4
37091.0/37230.0 days/days; walltime: 13.9
37092.0/37230.0 days/days; walltime: 16.5
37093.0/37230.0 days/days; walltime: 16.9
37094.0/37230.0 days/days; walltime: 14.2
37095.0/37230.0 days/days; walltime: 18.4
37096.0/37230.0 days/days; walltime: 13.9
37097.0/37230.0 days/days; walltime: 30.2
37098.0/37230.0 days/days; walltime: 20.2
37099.0/37230.0 days/days; walltime: 14.7
37100.0/37230.0 days/days; walltime: 9.6
37101.0/37230.0 days/days; walltime: 7.5
37102.0/37230.0 days/days; walltime: 9.7
37103.0/37230.0 days/days; walltime: 46.1
37104.0/37230.0 days/days; walltime: 10.5
37105.0/37230.0 days/days; walltime: 1.8
37106.0/37230.0 days/days; walltime: 1.9
37107.0/37230.0 days/days; walltime: 3.8
37108.0/37230.0 days/days; walltime: 1.3
37109.0/37230.0 days/days; walltime: 1.3
37110.0/37230.0 days/days; walltime: 0.9
37111.0/37230.0 days/days; walltime: 1.0
37112.0/37230.0 days/days; walltime: 2.4
37113.0/37230.0 days/days; walltime: 2.2
37114.0/37230.0 days/days; walltime: 1.0
37115.0/37230.0 days/days; walltime: 1.2
37116.0/37230.0 days/days; walltime: 6.1
37117.0/37230.0 days/days; walltime: 0.8
37118.0/37230.0 days/days; walltime: 0.6
37119.0/37230.0 days/days; walltime: 0.6
37120.0/37230.0 days/days; walltime: 0.7
37121.0/37230.0 days/days; walltime: 0.6
37122.0/37230.0 days/days; walltime: 0.6
37123.0/37230.0 days/days; walltime: 0.6
37124.0/37230.0 days/days; walltime: 0.6
37125.0/37230.0 days/days; walltime: 0.4
37126.0/37230.0 days/days; walltime: 0.6
37127.0/37230.0 days/days; walltime: 0.5
37128.0/37230.0 days/days; walltime: 3.7
37129.0/37230.0 days/days; walltime: 0.4
37130.0/37230.0 days/days; walltime: 0.5
37131.0/37230.0 days/days; walltime: 0.3
37132.0/37230.0 days/days; walltime: 0.5
37133.0/37230.0 days/days; walltime: 0.3
37134.0/37230.0 days/days; walltime: 0.3
37135.0/37230.0 days/days; walltime: 0.5
37136.0/37230.0 days/days; walltime: 0.3
37137.0/37230.0 days/days; walltime: 0.4
37138.0/37230.0 days/days; walltime: 0.5
37139.0/37230.0 days/days; walltime: 0.3
37140.0/37230.0 days/days; walltime: 0.3
37141.0/37230.0 days/days; walltime: 0.3
37142.0/37230.0 days/days; walltime: 0.3
37143.0/37230.0 days/days; walltime: 0.5
37144.0/37230.0 days/days; walltime: 0.3
37145.0/37230.0 days/days; walltime: 0.3
37146.0/37230.0 days/days; walltime: 0.3
37147.0/37230.0 days/days; walltime: 0.3
37148.0/37230.0 days/days; walltime: 0.3
37149.0/37230.0 days/days; walltime: 0.3
37150.0/37230.0 days/days; walltime: 0.3
37151.0/37230.0 days/days; walltime: 0.3
37152.0/37230.0 days/days; walltime: 0.3
37153.0/37230.0 days/days; walltime: 0.3
37154.0/37230.0 days/days; walltime: 0.1
37155.0/37230.0 days/days; walltime: 0.3
37156.0/37230.0 days/days; walltime: 0.3
37157.0/37230.0 days/days; walltime: 0.3
37158.0/37230.0 days/days; walltime: 0.3
37159.0/37230.0 days/days; walltime: 0.1
37160.0/37230.0 days/days; walltime: 0.3
37161.0/37230.0 days/days; walltime: 0.3
37162.0/37230.0 days/days; walltime: 0.1
37163.0/37230.0 days/days; walltime: 0.3
37164.0/37230.0 days/days; walltime: 0.1
37165.0/37230.0 days/days; walltime: 0.3
37166.0/37230.0 days/days; walltime: 0.2
37167.0/37230.0 days/days; walltime: 0.2
37168.0/37230.0 days/days; walltime: 0.2
37169.0/37230.0 days/days; walltime: 0.2
37170.0/37230.0 days/days; walltime: 0.2
37171.0/37230.0 days/days; walltime: 0.2
37172.0/37230.0 days/days; walltime: 0.2
37173.0/37230.0 days/days; walltime: 0.2
37174.0/37230.0 days/days; walltime: 0.2
37175.0/37230.0 days/days; walltime: 0.1
37176.0/37230.0 days/days; walltime: 0.1
37177.0/37230.0 days/days; walltime: 0.3
37178.0/37230.0 days/days; walltime: 0.1
37179.0/37230.0 days/days; walltime: 0.3
37180.0/37230.0 days/days; walltime: 0.2
37181.0/37230.0 days/days; walltime: 0.1
37182.0/37230.0 days/days; walltime: 0.2
37183.0/37230.0 days/days; walltime: 0.1
37184.0/37230.0 days/days; walltime: 0.2
37185.0/37230.0 days/days; walltime: 0.3
37186.0/37230.0 days/days; walltime: 0.1
37187.0/37230.0 days/days; walltime: 0.2
37188.0/37230.0 days/days; walltime: 0.1
37189.0/37230.0 days/days; walltime: 0.2
37190.0/37230.0 days/days; walltime: 0.1
37191.0/37230.0 days/days; walltime: 0.2
37192.0/37230.0 days/days; walltime: 0.1
37193.0/37230.0 days/days; walltime: 0.2
37194.0/37230.0 days/days; walltime: 0.1
37195.0/37230.0 days/days; walltime: 0.2
37196.0/37230.0 days/days; walltime: 0.1
37197.0/37230.0 days/days; walltime: 0.2
37198.0/37230.0 days/days; walltime: 0.1
37199.0/37230.0 days/days; walltime: 0.2
37200.0/37230.0 days/days; walltime: 0.1
37201.0/37230.0 days/days; walltime: 0.2
37202.0/37230.0 days/days; walltime: 0.1
37203.0/37230.0 days/days; walltime: 0.2
37204.0/37230.0 days/days; walltime: 0.1
37205.0/37230.0 days/days; walltime: 0.2
37206.0/37230.0 days/days; walltime: 0.0
37207.0/37230.0 days/days; walltime: 0.1
37208.0/37230.0 days/days; walltime: 0.2
37209.0/37230.0 days/days; walltime: 0.1
37210.0/37230.0 days/days; walltime: 0.2
37211.0/37230.0 days/days; walltime: 0.1
37212.0/37230.0 days/days; walltime: 0.2
37213.0/37230.0 days/days; walltime: 0.0
37214.0/37230.0 days/days; walltime: 0.1
37215.0/37230.0 days/days; walltime: 0.2
37216.0/37230.0 days/days; walltime: 0.0
37217.0/37230.0 days/days; walltime: 0.2
37218.0/37230.0 days/days; walltime: 0.0
37219.0/37230.0 days/days; walltime: 0.1
37220.0/37230.0 days/days; walltime: 0.2
37221.0/37230.0 days/days; walltime: 0.1
37222.0/37230.0 days/days; walltime: 0.0
37223.0/37230.0 days/days; walltime: 0.3
37224.0/37230.0 days/days; walltime: 0.1
37225.0/37230.0 days/days; walltime: 0.3
37226.0/37230.0 days/days; walltime: 0.0
37227.0/37230.0 days/days; walltime: 0.0
37228.0/37230.0 days/days; walltime: 0.2
37229.0/37230.0 days/days; walltime: 0.0
37230.0/37230.0 days/days; walltime: 0.2
Wallclock for model run: 7440.7s
 

fields = 

  struct with fields:

    nodes: [1x1 struct]
    edges: [1x1 struct]
       BC: [1x1 struct]

No cases left; exiting.
