Case 4:
Picked up JAVA_TOOL_OPTIONS: -Xmx2g
Opening log file:  /tmp/java.log.17659

                            < M A T L A B (R) >
                  Copyright 1984-2022 The MathWorks, Inc.
                  R2022a (9.12.0.1884302) 64-bit (glnxa64)
                             February 16, 2022

 
To get started, type doc.
For product information, visit www.mathworks.com.
 

config = 

  struct with fields:

                 k_s: 0.1000
                 l_c: 10
            n_moulin: 68
    creep_const_soft: 0
             mesh_nr: 4
                 e_v: 1.0000e-04
                 k_c: 0.2000
               h_bed: 0.5000
               l_bed: 10
               alpha: 1.2500
                beta: 1.5000
               omega: 5.0000e-04

Running model run (ode15s):
Run to steady
Saving model run to
./RUN/output_304_steady.nc
Fields, IC & BC initialised
Initial phi calculated in 2.0s
0.0/36500.0 days/days; walltime: 49.2
-----------------------------------------------------------------------------------------------------------------------------------------------------------------------------------------------------------------------1825.0/36500.0 days/days; walltime: 1934.4
--------------------------------------------------------------------------------------3650.0/36500.0 days/days; walltime: 26.3
--5475.0/36500.0 days/days; walltime: 0.4
7300.0/36500.0 days/days; walltime: 0.1
-------------9125.0/36500.0 days/days; walltime: 10.5
-------10950.0/36500.0 days/days; walltime: 1799.8
12775.0/36500.0 days/days; walltime: 758.4
----14600.0/36500.0 days/days; walltime: 311.7
-----16425.0/36500.0 days/days; walltime: 299.0
--18250.0/36500.0 days/days; walltime: 221.8
--20075.0/36500.0 days/days; walltime: 75.1
21900.0/36500.0 days/days; walltime: 8.5
23725.0/36500.0 days/days; walltime: 2.8
25550.0/36500.0 days/days; walltime: 4.2
27375.0/36500.0 days/days; walltime: 8.0
29200.0/36500.0 days/days; walltime: 10.5
31025.0/36500.0 days/days; walltime: 12.5
32850.0/36500.0 days/days; walltime: 7.3
34675.0/36500.0 days/days; walltime: 5.7
36500.0/36500.0 days/days; walltime: 1.3
Wallclock for model run: 5553.0s
 

fields = 

  struct with fields:

    nodes: [1x1 struct]
    edges: [1x1 struct]
       BC: [1x1 struct]

Running model run (ode15s):
Run seasonal
Saving model run to
./RUN/output_304_seasonal.nc
IC initialised from struct
IC initialised from file/given & rest from parameters and given functions
36500.0/37230.0 days/days; walltime: 16.2
36501.0/37230.0 days/days; walltime: 71.4
36502.0/37230.0 days/days; walltime: 26.4
36503.0/37230.0 days/days; walltime: 30.5
36504.0/37230.0 days/days; walltime: 40.7
36505.0/37230.0 days/days; walltime: 18.9
36506.0/37230.0 days/days; walltime: 21.8
36507.0/37230.0 days/days; walltime: 6.8
36508.0/37230.0 days/days; walltime: 3.9
36509.0/37230.0 days/days; walltime: 3.9
36510.0/37230.0 days/days; walltime: 3.4
36511.0/37230.0 days/days; walltime: 3.3
36512.0/37230.0 days/days; walltime: 36.2
36513.0/37230.0 days/days; walltime: 2.7
36514.0/37230.0 days/days; walltime: 4.2
36515.0/37230.0 days/days; walltime: 6.3
36516.0/37230.0 days/days; walltime: 4.4
36517.0/37230.0 days/days; walltime: 1.7
36518.0/37230.0 days/days; walltime: 1.7
36519.0/37230.0 days/days; walltime: 1.5
36520.0/37230.0 days/days; walltime: 1.9
36521.0/37230.0 days/days; walltime: 1.5
36522.0/37230.0 days/days; walltime: 1.5
36523.0/37230.0 days/days; walltime: 1.3
36524.0/37230.0 days/days; walltime: 1.4
36525.0/37230.0 days/days; walltime: 1.1
36526.0/37230.0 days/days; walltime: 1.1
36527.0/37230.0 days/days; walltime: 1.2
36528.0/37230.0 days/days; walltime: 5.4
36529.0/37230.0 days/days; walltime: 1.4
36530.0/37230.0 days/days; walltime: 1.3
36531.0/37230.0 days/days; walltime: 1.0
36532.0/37230.0 days/days; walltime: 1.0
36533.0/37230.0 days/days; walltime: 0.8
36534.0/37230.0 days/days; walltime: 1.0
36535.0/37230.0 days/days; walltime: 0.9
36536.0/37230.0 days/days; walltime: 0.7
36537.0/37230.0 days/days; walltime: 0.7
36538.0/37230.0 days/days; walltime: 0.8
36539.0/37230.0 days/days; walltime: 0.7
36540.0/37230.0 days/days; walltime: 0.9
36541.0/37230.0 days/days; walltime: 0.9
36542.0/37230.0 days/days; walltime: 0.7
36543.0/37230.0 days/days; walltime: 0.9
36544.0/37230.0 days/days; walltime: 0.8
36545.0/37230.0 days/days; walltime: 0.7
36546.0/37230.0 days/days; walltime: 2.4
36547.0/37230.0 days/days; walltime: 0.8
36548.0/37230.0 days/days; walltime: 0.6
36549.0/37230.0 days/days; walltime: 0.6
36550.0/37230.0 days/days; walltime: 0.7
36551.0/37230.0 days/days; walltime: 0.6
36552.0/37230.0 days/days; walltime: 0.6
36553.0/37230.0 days/days; walltime: 0.6
36554.0/37230.0 days/days; walltime: 0.4
36555.0/37230.0 days/days; walltime: 0.5
36556.0/37230.0 days/days; walltime: 0.4
36557.0/37230.0 days/days; walltime: 0.5
36558.0/37230.0 days/days; walltime: 0.5
36559.0/37230.0 days/days; walltime: 0.5
36560.0/37230.0 days/days; walltime: 0.6
36561.0/37230.0 days/days; walltime: 0.5
36562.0/37230.0 days/days; walltime: 0.6
36563.0/37230.0 days/days; walltime: 0.5
36564.0/37230.0 days/days; walltime: 2.1
36565.0/37230.0 days/days; walltime: 0.5
36566.0/37230.0 days/days; walltime: 0.5
36567.0/37230.0 days/days; walltime: 0.5
36568.0/37230.0 days/days; walltime: 0.5
36569.0/37230.0 days/days; walltime: 0.5
36570.0/37230.0 days/days; walltime: 0.4
36571.0/37230.0 days/days; walltime: 0.5
36572.0/37230.0 days/days; walltime: 0.4
36573.0/37230.0 days/days; walltime: 0.5
36574.0/37230.0 days/days; walltime: 0.4
36575.0/37230.0 days/days; walltime: 0.3
36576.0/37230.0 days/days; walltime: 0.4
36577.0/37230.0 days/days; walltime: 0.4
36578.0/37230.0 days/days; walltime: 0.4
36579.0/37230.0 days/days; walltime: 0.3
36580.0/37230.0 days/days; walltime: 0.4
36581.0/37230.0 days/days; walltime: 1.9
36582.0/37230.0 days/days; walltime: 0.4
36583.0/37230.0 days/days; walltime: 0.4
36584.0/37230.0 days/days; walltime: 0.4
36585.0/37230.0 days/days; walltime: 0.3
36586.0/37230.0 days/days; walltime: 0.4
36587.0/37230.0 days/days; walltime: 0.4
36588.0/37230.0 days/days; walltime: 0.2
36589.0/37230.0 days/days; walltime: 0.4
36590.0/37230.0 days/days; walltime: 0.4
36591.0/37230.0 days/days; walltime: 0.4
36592.0/37230.0 days/days; walltime: 0.2
36593.0/37230.0 days/days; walltime: 0.3
36594.0/37230.0 days/days; walltime: 0.3
36595.0/37230.0 days/days; walltime: 0.3
36596.0/37230.0 days/days; walltime: 1.9
36597.0/37230.0 days/days; walltime: 0.3
36598.0/37230.0 days/days; walltime: 0.3
36599.0/37230.0 days/days; walltime: 0.4
36600.0/37230.0 days/days; walltime: 0.3
36601.0/37230.0 days/days; walltime: 0.3
36602.0/37230.0 days/days; walltime: 0.3
36603.0/37230.0 days/days; walltime: 0.2
36604.0/37230.0 days/days; walltime: 0.4
36605.0/37230.0 days/days; walltime: 0.2
36606.0/37230.0 days/days; walltime: 0.3
36607.0/37230.0 days/days; walltime: 0.4
36608.0/37230.0 days/days; walltime: 0.2
36609.0/37230.0 days/days; walltime: 0.2
36610.0/37230.0 days/days; walltime: 0.2
36611.0/37230.0 days/days; walltime: 1.9
36612.0/37230.0 days/days; walltime: 0.2
36613.0/37230.0 days/days; walltime: 0.2
36614.0/37230.0 days/days; walltime: 0.2
36615.0/37230.0 days/days; walltime: 2.0
36616.0/37230.0 days/days; walltime: 5.7
36617.0/37230.0 days/days; walltime: 8.4
36618.0/37230.0 days/days; walltime: 6.8
36619.0/37230.0 days/days; walltime: 8.4
-36620.0/37230.0 days/days; walltime: 22.0
36621.0/37230.0 days/days; walltime: 10.6
36622.0/37230.0 days/days; walltime: 10.7
36623.0/37230.0 days/days; walltime: 12.9
36624.0/37230.0 days/days; walltime: 10.8
36625.0/37230.0 days/days; walltime: 11.7
36626.0/37230.0 days/days; walltime: 9.5
36627.0/37230.0 days/days; walltime: 12.3
36628.0/37230.0 days/days; walltime: 24.8
36629.0/37230.0 days/days; walltime: 27.5
36630.0/37230.0 days/days; walltime: 22.4
36631.0/37230.0 days/days; walltime: 34.8
36632.0/37230.0 days/days; walltime: 24.8
36633.0/37230.0 days/days; walltime: 34.3
36634.0/37230.0 days/days; walltime: 56.7
36635.0/37230.0 days/days; walltime: 37.7
36636.0/37230.0 days/days; walltime: 36.3
36637.0/37230.0 days/days; walltime: 43.4
36638.0/37230.0 days/days; walltime: 64.4
36639.0/37230.0 days/days; walltime: 38.4
36640.0/37230.0 days/days; walltime: 42.7
--36641.0/37230.0 days/days; walltime: 26.2
36642.0/37230.0 days/days; walltime: 33.6
36643.0/37230.0 days/days; walltime: 11.7
--36644.0/37230.0 days/days; walltime: 44.2
36645.0/37230.0 days/days; walltime: 45.8
----36646.0/37230.0 days/days; walltime: 66.0
36647.0/37230.0 days/days; walltime: 31.8
---36648.0/37230.0 days/days; walltime: 88.2
--36649.0/37230.0 days/days; walltime: 57.9
--36650.0/37230.0 days/days; walltime: 100.7
----36651.0/37230.0 days/days; walltime: 81.7
36652.0/37230.0 days/days; walltime: 81.2
--------36653.0/37230.0 days/days; walltime: 75.3
36654.0/37230.0 days/days; walltime: 94.6
36655.0/37230.0 days/days; walltime: 97.8
-----------36656.0/37230.0 days/days; walltime: 109.2
--36657.0/37230.0 days/days; walltime: 53.7
--36658.0/37230.0 days/days; walltime: 114.3
--36659.0/37230.0 days/days; walltime: 83.8
36660.0/37230.0 days/days; walltime: 100.7
--36661.0/37230.0 days/days; walltime: 74.9
----36662.0/37230.0 days/days; walltime: 115.9
-----36663.0/37230.0 days/days; walltime: 49.5
36664.0/37230.0 days/days; walltime: 62.7
----36665.0/37230.0 days/days; walltime: 91.4
--36666.0/37230.0 days/days; walltime: 53.6
----36667.0/37230.0 days/days; walltime: 134.6
--36668.0/37230.0 days/days; walltime: 116.1
36669.0/37230.0 days/days; walltime: 102.8
---36670.0/37230.0 days/days; walltime: 114.6
36671.0/37230.0 days/days; walltime: 110.1
36672.0/37230.0 days/days; walltime: 116.7
--36673.0/37230.0 days/days; walltime: 94.1
36674.0/37230.0 days/days; walltime: 111.1
36675.0/37230.0 days/days; walltime: 75.0
--36676.0/37230.0 days/days; walltime: 75.5
--36677.0/37230.0 days/days; walltime: 108.4
36678.0/37230.0 days/days; walltime: 97.0
36679.0/37230.0 days/days; walltime: 97.8
36680.0/37230.0 days/days; walltime: 59.8
--36681.0/37230.0 days/days; walltime: 118.2
36682.0/37230.0 days/days; walltime: 56.0
36683.0/37230.0 days/days; walltime: 82.8
36684.0/37230.0 days/days; walltime: 70.8
--36685.0/37230.0 days/days; walltime: 54.6
36686.0/37230.0 days/days; walltime: 67.1
36687.0/37230.0 days/days; walltime: 61.7
36688.0/37230.0 days/days; walltime: 43.2
--36689.0/37230.0 days/days; walltime: 48.5
36690.0/37230.0 days/days; walltime: 64.6
36691.0/37230.0 days/days; walltime: 40.8
36692.0/37230.0 days/days; walltime: 41.5
36693.0/37230.0 days/days; walltime: 32.6
36694.0/37230.0 days/days; walltime: 26.5
36695.0/37230.0 days/days; walltime: 24.2
36696.0/37230.0 days/days; walltime: 45.9
36697.0/37230.0 days/days; walltime: 31.7
36698.0/37230.0 days/days; walltime: 33.2
36699.0/37230.0 days/days; walltime: 32.5
36700.0/37230.0 days/days; walltime: 20.4
36701.0/37230.0 days/days; walltime: 10.7
36702.0/37230.0 days/days; walltime: 5.4
36703.0/37230.0 days/days; walltime: 21.0
36704.0/37230.0 days/days; walltime: 9.4
--36705.0/37230.0 days/days; walltime: 9.2
36706.0/37230.0 days/days; walltime: 19.0
36707.0/37230.0 days/days; walltime: 4.8
36708.0/37230.0 days/days; walltime: 18.5
36709.0/37230.0 days/days; walltime: 7.2
36710.0/37230.0 days/days; walltime: 7.8
36711.0/37230.0 days/days; walltime: 13.3
36712.0/37230.0 days/days; walltime: 12.0
36713.0/37230.0 days/days; walltime: 25.8
36714.0/37230.0 days/days; walltime: 9.5
36715.0/37230.0 days/days; walltime: 11.7
36716.0/37230.0 days/days; walltime: 8.0
36717.0/37230.0 days/days; walltime: 15.1
36718.0/37230.0 days/days; walltime: 7.3
--36719.0/37230.0 days/days; walltime: 20.7
36720.0/37230.0 days/days; walltime: 11.3
36721.0/37230.0 days/days; walltime: 7.6
36722.0/37230.0 days/days; walltime: 9.7
36723.0/37230.0 days/days; walltime: 7.1
36724.0/37230.0 days/days; walltime: 10.1
36725.0/37230.0 days/days; walltime: 7.1
36726.0/37230.0 days/days; walltime: 8.5
36727.0/37230.0 days/days; walltime: 9.6
36728.0/37230.0 days/days; walltime: 11.9
36729.0/37230.0 days/days; walltime: 18.3
36730.0/37230.0 days/days; walltime: 8.6
36731.0/37230.0 days/days; walltime: 11.0
36732.0/37230.0 days/days; walltime: 9.1
36733.0/37230.0 days/days; walltime: 11.2
36734.0/37230.0 days/days; walltime: 10.4
36735.0/37230.0 days/days; walltime: 12.3
36736.0/37230.0 days/days; walltime: 8.3
36737.0/37230.0 days/days; walltime: 11.8
36738.0/37230.0 days/days; walltime: 9.4
36739.0/37230.0 days/days; walltime: 9.4
36740.0/37230.0 days/days; walltime: 9.9
36741.0/37230.0 days/days; walltime: 11.1
36742.0/37230.0 days/days; walltime: 36.2
36743.0/37230.0 days/days; walltime: 11.6
36744.0/37230.0 days/days; walltime: 9.8
36745.0/37230.0 days/days; walltime: 9.4
36746.0/37230.0 days/days; walltime: 35.8
36747.0/37230.0 days/days; walltime: 57.4
36748.0/37230.0 days/days; walltime: 8.3
36749.0/37230.0 days/days; walltime: 22.9
36750.0/37230.0 days/days; walltime: 7.1
36751.0/37230.0 days/days; walltime: 13.8
36752.0/37230.0 days/days; walltime: 1.2
36753.0/37230.0 days/days; walltime: 1.5
36754.0/37230.0 days/days; walltime: 1.2
36755.0/37230.0 days/days; walltime: 1.2
36756.0/37230.0 days/days; walltime: 1.1
36757.0/37230.0 days/days; walltime: 1.1
36758.0/37230.0 days/days; walltime: 1.3
36759.0/37230.0 days/days; walltime: 1.0
36760.0/37230.0 days/days; walltime: 5.4
36761.0/37230.0 days/days; walltime: 0.4
36762.0/37230.0 days/days; walltime: 0.5
36763.0/37230.0 days/days; walltime: 0.9
36764.0/37230.0 days/days; walltime: 0.8
36765.0/37230.0 days/days; walltime: 0.8
36766.0/37230.0 days/days; walltime: 0.6
36767.0/37230.0 days/days; walltime: 0.8
36768.0/37230.0 days/days; walltime: 0.7
36769.0/37230.0 days/days; walltime: 0.6
36770.0/37230.0 days/days; walltime: 0.8
36771.0/37230.0 days/days; walltime: 0.6
36772.0/37230.0 days/days; walltime: 0.6
36773.0/37230.0 days/days; walltime: 0.6
36774.0/37230.0 days/days; walltime: 0.7
36775.0/37230.0 days/days; walltime: 7.1
36776.0/37230.0 days/days; walltime: 0.5
36777.0/37230.0 days/days; walltime: 0.4
36778.0/37230.0 days/days; walltime: 0.4
36779.0/37230.0 days/days; walltime: 0.4
36780.0/37230.0 days/days; walltime: 0.4
36781.0/37230.0 days/days; walltime: 0.6
36782.0/37230.0 days/days; walltime: 0.4
36783.0/37230.0 days/days; walltime: 0.4
36784.0/37230.0 days/days; walltime: 0.4
36785.0/37230.0 days/days; walltime: 0.4
36786.0/37230.0 days/days; walltime: 0.5
36787.0/37230.0 days/days; walltime: 0.5
36788.0/37230.0 days/days; walltime: 0.5
36789.0/37230.0 days/days; walltime: 2.1
36790.0/37230.0 days/days; walltime: 0.4
36791.0/37230.0 days/days; walltime: 0.4
36792.0/37230.0 days/days; walltime: 0.4
36793.0/37230.0 days/days; walltime: 0.4
36794.0/37230.0 days/days; walltime: 0.3
36795.0/37230.0 days/days; walltime: 0.4
36796.0/37230.0 days/days; walltime: 0.4
36797.0/37230.0 days/days; walltime: 0.3
36798.0/37230.0 days/days; walltime: 0.4
36799.0/37230.0 days/days; walltime: 0.3
36800.0/37230.0 days/days; walltime: 0.5
36801.0/37230.0 days/days; walltime: 0.3
36802.0/37230.0 days/days; walltime: 0.4
36803.0/37230.0 days/days; walltime: 2.0
36804.0/37230.0 days/days; walltime: 0.3
36805.0/37230.0 days/days; walltime: 0.1
36806.0/37230.0 days/days; walltime: 0.3
36807.0/37230.0 days/days; walltime: 0.3
36808.0/37230.0 days/days; walltime: 0.3
36809.0/37230.0 days/days; walltime: 0.1
36810.0/37230.0 days/days; walltime: 0.3
36811.0/37230.0 days/days; walltime: 0.3
36812.0/37230.0 days/days; walltime: 0.1
36813.0/37230.0 days/days; walltime: 0.8
36814.0/37230.0 days/days; walltime: 0.4
36815.0/37230.0 days/days; walltime: 0.2
36816.0/37230.0 days/days; walltime: 0.4
36817.0/37230.0 days/days; walltime: 1.8
36818.0/37230.0 days/days; walltime: 0.3
36819.0/37230.0 days/days; walltime: 0.3
36820.0/37230.0 days/days; walltime: 0.1
36821.0/37230.0 days/days; walltime: 0.3
36822.0/37230.0 days/days; walltime: 0.1
36823.0/37230.0 days/days; walltime: 0.3
36824.0/37230.0 days/days; walltime: 0.3
36825.0/37230.0 days/days; walltime: 0.1
36826.0/37230.0 days/days; walltime: 0.4
36827.0/37230.0 days/days; walltime: 0.2
36828.0/37230.0 days/days; walltime: 0.3
36829.0/37230.0 days/days; walltime: 0.4
36830.0/37230.0 days/days; walltime: 0.2
36831.0/37230.0 days/days; walltime: 0.4
36832.0/37230.0 days/days; walltime: 1.9
36833.0/37230.0 days/days; walltime: 0.3
36834.0/37230.0 days/days; walltime: 0.3
36835.0/37230.0 days/days; walltime: 0.1
36836.0/37230.0 days/days; walltime: 0.3
36837.0/37230.0 days/days; walltime: 0.1
36838.0/37230.0 days/days; walltime: 0.3
36839.0/37230.0 days/days; walltime: 0.3
36840.0/37230.0 days/days; walltime: 0.1
36841.0/37230.0 days/days; walltime: 0.4
36842.0/37230.0 days/days; walltime: 0.2
36843.0/37230.0 days/days; walltime: 0.3
36844.0/37230.0 days/days; walltime: 0.4
36845.0/37230.0 days/days; walltime: 0.2
36846.0/37230.0 days/days; walltime: 0.3
36847.0/37230.0 days/days; walltime: 0.3
36848.0/37230.0 days/days; walltime: 0.3
36849.0/37230.0 days/days; walltime: 1.8
36850.0/37230.0 days/days; walltime: 0.3
36851.0/37230.0 days/days; walltime: 0.1
36852.0/37230.0 days/days; walltime: 0.3
36853.0/37230.0 days/days; walltime: 0.1
36854.0/37230.0 days/days; walltime: 0.3
36855.0/37230.0 days/days; walltime: 0.3
36856.0/37230.0 days/days; walltime: 0.2
36857.0/37230.0 days/days; walltime: 0.3
36858.0/37230.0 days/days; walltime: 0.2
36859.0/37230.0 days/days; walltime: 0.3
36860.0/37230.0 days/days; walltime: 0.2
36861.0/37230.0 days/days; walltime: 0.3
36862.0/37230.0 days/days; walltime: 0.2
36863.0/37230.0 days/days; walltime: 0.3
36864.0/37230.0 days/days; walltime: 0.2
36865.0/37230.0 days/days; walltime: 0.3
36866.0/37230.0 days/days; walltime: 0.2
36867.0/37230.0 days/days; walltime: 0.3
36868.0/37230.0 days/days; walltime: 1.8
36869.0/37230.0 days/days; walltime: 0.3
36870.0/37230.0 days/days; walltime: 0.1
36871.0/37230.0 days/days; walltime: 0.3
36872.0/37230.0 days/days; walltime: 0.1
36873.0/37230.0 days/days; walltime: 0.0
36874.0/37230.0 days/days; walltime: 0.3
36875.0/37230.0 days/days; walltime: 0.2
36876.0/37230.0 days/days; walltime: 0.3
36877.0/37230.0 days/days; walltime: 0.1
36878.0/37230.0 days/days; walltime: 0.3
36879.0/37230.0 days/days; walltime: 0.2
36880.0/37230.0 days/days; walltime: 0.1
36881.0/37230.0 days/days; walltime: 0.3
36882.0/37230.0 days/days; walltime: 0.2
36883.0/37230.0 days/days; walltime: 0.2
36884.0/37230.0 days/days; walltime: 0.2
36885.0/37230.0 days/days; walltime: 0.3
36886.0/37230.0 days/days; walltime: 0.1
36887.0/37230.0 days/days; walltime: 0.2
36888.0/37230.0 days/days; walltime: 0.2
36889.0/37230.0 days/days; walltime: 0.2
36890.0/37230.0 days/days; walltime: 0.1
36891.0/37230.0 days/days; walltime: 0.3
36892.0/37230.0 days/days; walltime: 0.1
36893.0/37230.0 days/days; walltime: 0.3
36894.0/37230.0 days/days; walltime: 0.1
36895.0/37230.0 days/days; walltime: 0.1
36896.0/37230.0 days/days; walltime: 0.3
36897.0/37230.0 days/days; walltime: 0.1
36898.0/37230.0 days/days; walltime: 0.2
36899.0/37230.0 days/days; walltime: 0.2
36900.0/37230.0 days/days; walltime: 0.1
36901.0/37230.0 days/days; walltime: 0.2
36902.0/37230.0 days/days; walltime: 0.2
36903.0/37230.0 days/days; walltime: 0.1
36904.0/37230.0 days/days; walltime: 0.0
36905.0/37230.0 days/days; walltime: 0.3
36906.0/37230.0 days/days; walltime: 0.1
36907.0/37230.0 days/days; walltime: 0.1
36908.0/37230.0 days/days; walltime: 0.2
36909.0/37230.0 days/days; walltime: 0.1
36910.0/37230.0 days/days; walltime: 0.1
36911.0/37230.0 days/days; walltime: 0.1
36912.0/37230.0 days/days; walltime: 0.2
36913.0/37230.0 days/days; walltime: 0.1
36914.0/37230.0 days/days; walltime: 0.2
36915.0/37230.0 days/days; walltime: 0.1
36916.0/37230.0 days/days; walltime: 0.2
36917.0/37230.0 days/days; walltime: 0.2
36918.0/37230.0 days/days; walltime: 0.1
36919.0/37230.0 days/days; walltime: 0.1
36920.0/37230.0 days/days; walltime: 0.1
36921.0/37230.0 days/days; walltime: 0.2
36922.0/37230.0 days/days; walltime: 0.1
36923.0/37230.0 days/days; walltime: 1.8
36924.0/37230.0 days/days; walltime: 0.1
36925.0/37230.0 days/days; walltime: 0.2
36926.0/37230.0 days/days; walltime: 0.1
36927.0/37230.0 days/days; walltime: 0.1
36928.0/37230.0 days/days; walltime: 0.3
36929.0/37230.0 days/days; walltime: 0.1
36930.0/37230.0 days/days; walltime: 0.1
36931.0/37230.0 days/days; walltime: 0.1
36932.0/37230.0 days/days; walltime: 0.2
36933.0/37230.0 days/days; walltime: 0.1
36934.0/37230.0 days/days; walltime: 0.1
36936.0/37230.0 days/days; walltime: 0.1
36937.0/37230.0 days/days; walltime: 0.2
36938.0/37230.0 days/days; walltime: 0.1
36939.0/37230.0 days/days; walltime: 0.1
36940.0/37230.0 days/days; walltime: 0.1
36941.0/37230.0 days/days; walltime: 0.2
36942.0/37230.0 days/days; walltime: 0.1
36943.0/37230.0 days/days; walltime: 0.1
36944.0/37230.0 days/days; walltime: 0.1
36945.0/37230.0 days/days; walltime: 0.2
36946.0/37230.0 days/days; walltime: 0.1
36947.0/37230.0 days/days; walltime: 0.1
36948.0/37230.0 days/days; walltime: 0.1
36950.0/37230.0 days/days; walltime: 0.2
36951.0/37230.0 days/days; walltime: 0.1
36952.0/37230.0 days/days; walltime: 0.1
36953.0/37230.0 days/days; walltime: 0.1
36954.0/37230.0 days/days; walltime: 0.1
36955.0/37230.0 days/days; walltime: 0.2
36957.0/37230.0 days/days; walltime: 0.1
36958.0/37230.0 days/days; walltime: 0.1
36959.0/37230.0 days/days; walltime: 0.1
36960.0/37230.0 days/days; walltime: 0.1
36961.0/37230.0 days/days; walltime: 0.3
36962.0/37230.0 days/days; walltime: 0.1
36963.0/37230.0 days/days; walltime: 0.1
36965.0/37230.0 days/days; walltime: 0.1
36966.0/37230.0 days/days; walltime: 0.2
36967.0/37230.0 days/days; walltime: 0.1
36968.0/37230.0 days/days; walltime: 0.1
36969.0/37230.0 days/days; walltime: 0.1
36970.0/37230.0 days/days; walltime: 0.2
36972.0/37230.0 days/days; walltime: 0.1
36973.0/37230.0 days/days; walltime: 0.0
36974.0/37230.0 days/days; walltime: 0.0
36975.0/37230.0 days/days; walltime: 0.2
36976.0/37230.0 days/days; walltime: 0.1
36977.0/37230.0 days/days; walltime: 0.1
36978.0/37230.0 days/days; walltime: 0.1
-36980.0/37230.0 days/days; walltime: 2.4
36981.0/37230.0 days/days; walltime: 6.2
36982.0/37230.0 days/days; walltime: 11.9
36983.0/37230.0 days/days; walltime: 7.5
36984.0/37230.0 days/days; walltime: 8.2
36985.0/37230.0 days/days; walltime: 10.2
36986.0/37230.0 days/days; walltime: 17.9
36987.0/37230.0 days/days; walltime: 10.9
36988.0/37230.0 days/days; walltime: 10.8
36989.0/37230.0 days/days; walltime: 11.4
36990.0/37230.0 days/days; walltime: 11.3
36991.0/37230.0 days/days; walltime: 11.6
36992.0/37230.0 days/days; walltime: 8.9
36993.0/37230.0 days/days; walltime: 11.6
36994.0/37230.0 days/days; walltime: 12.3
36995.0/37230.0 days/days; walltime: 11.4
36996.0/37230.0 days/days; walltime: 19.5
36997.0/37230.0 days/days; walltime: 28.2
36998.0/37230.0 days/days; walltime: 19.6
36999.0/37230.0 days/days; walltime: 39.6
37000.0/37230.0 days/days; walltime: 20.1
37001.0/37230.0 days/days; walltime: 22.1
37002.0/37230.0 days/days; walltime: 13.0
37003.0/37230.0 days/days; walltime: 46.7
37004.0/37230.0 days/days; walltime: 21.8
37005.0/37230.0 days/days; walltime: 29.4
37006.0/37230.0 days/days; walltime: 23.7
37007.0/37230.0 days/days; walltime: 30.3
37008.0/37230.0 days/days; walltime: 17.4
37009.0/37230.0 days/days; walltime: 16.0
37010.0/37230.0 days/days; walltime: 47.6
----37011.0/37230.0 days/days; walltime: 44.9
--37012.0/37230.0 days/days; walltime: 58.8
---37013.0/37230.0 days/days; walltime: 54.1
--37014.0/37230.0 days/days; walltime: 68.9
37015.0/37230.0 days/days; walltime: 87.0
--37016.0/37230.0 days/days; walltime: 65.1
----37017.0/37230.0 days/days; walltime: 68.1
-------37018.0/37230.0 days/days; walltime: 94.6
37019.0/37230.0 days/days; walltime: 96.2
37020.0/37230.0 days/days; walltime: 111.3
----37021.0/37230.0 days/days; walltime: 116.3
------37022.0/37230.0 days/days; walltime: 88.4
--37023.0/37230.0 days/days; walltime: 70.6
-------37024.0/37230.0 days/days; walltime: 93.4
37025.0/37230.0 days/days; walltime: 53.5
----37026.0/37230.0 days/days; walltime: 61.8
-----37027.0/37230.0 days/days; walltime: 108.6
37028.0/37230.0 days/days; walltime: 75.1
--------37029.0/37230.0 days/days; walltime: 89.3
37030.0/37230.0 days/days; walltime: 92.7
----37031.0/37230.0 days/days; walltime: 93.1
----37032.0/37230.0 days/days; walltime: 81.8
37033.0/37230.0 days/days; walltime: 99.1
--37034.0/37230.0 days/days; walltime: 103.8
----37035.0/37230.0 days/days; walltime: 106.4
--37036.0/37230.0 days/days; walltime: 144.8
37037.0/37230.0 days/days; walltime: 124.3
37038.0/37230.0 days/days; walltime: 129.2
37039.0/37230.0 days/days; walltime: 104.1
37040.0/37230.0 days/days; walltime: 79.9
37041.0/37230.0 days/days; walltime: 68.1
---37042.0/37230.0 days/days; walltime: 91.4
--37043.0/37230.0 days/days; walltime: 93.7
37044.0/37230.0 days/days; walltime: 155.5
37045.0/37230.0 days/days; walltime: 70.3
--37046.0/37230.0 days/days; walltime: 101.9
37047.0/37230.0 days/days; walltime: 88.5
--37048.0/37230.0 days/days; walltime: 67.8
37049.0/37230.0 days/days; walltime: 74.4
37050.0/37230.0 days/days; walltime: 40.2
37051.0/37230.0 days/days; walltime: 50.4
37052.0/37230.0 days/days; walltime: 42.9
37053.0/37230.0 days/days; walltime: 32.8
37054.0/37230.0 days/days; walltime: 47.9
37055.0/37230.0 days/days; walltime: 79.4
37056.0/37230.0 days/days; walltime: 57.1
37057.0/37230.0 days/days; walltime: 61.3
37058.0/37230.0 days/days; walltime: 21.4
37059.0/37230.0 days/days; walltime: 34.8
37060.0/37230.0 days/days; walltime: 33.0
37061.0/37230.0 days/days; walltime: 24.2
37062.0/37230.0 days/days; walltime: 31.2
37063.0/37230.0 days/days; walltime: 39.5
37064.0/37230.0 days/days; walltime: 34.7
37065.0/37230.0 days/days; walltime: 17.7
37066.0/37230.0 days/days; walltime: 7.7
37067.0/37230.0 days/days; walltime: 28.3
----37068.0/37230.0 days/days; walltime: 31.0
37069.0/37230.0 days/days; walltime: 11.3
37070.0/37230.0 days/days; walltime: 6.2
37071.0/37230.0 days/days; walltime: 13.9
37072.0/37230.0 days/days; walltime: 10.1
37073.0/37230.0 days/days; walltime: 25.2
37074.0/37230.0 days/days; walltime: 3.1
37075.0/37230.0 days/days; walltime: 7.8
37076.0/37230.0 days/days; walltime: 21.2
37077.0/37230.0 days/days; walltime: 6.3
37078.0/37230.0 days/days; walltime: 20.4
37079.0/37230.0 days/days; walltime: 10.2
--37080.0/37230.0 days/days; walltime: 18.9
37081.0/37230.0 days/days; walltime: 5.1
37082.0/37230.0 days/days; walltime: 17.6
37083.0/37230.0 days/days; walltime: 9.6
37084.0/37230.0 days/days; walltime: 7.9
37085.0/37230.0 days/days; walltime: 7.8
37086.0/37230.0 days/days; walltime: 7.5
37087.0/37230.0 days/days; walltime: 8.9
37088.0/37230.0 days/days; walltime: 7.5
37089.0/37230.0 days/days; walltime: 7.9
37090.0/37230.0 days/days; walltime: 9.9
37091.0/37230.0 days/days; walltime: 9.1
37092.0/37230.0 days/days; walltime: 10.5
37093.0/37230.0 days/days; walltime: 23.6
37094.0/37230.0 days/days; walltime: 17.4
37095.0/37230.0 days/days; walltime: 7.9
37096.0/37230.0 days/days; walltime: 8.8
37097.0/37230.0 days/days; walltime: 10.0
37098.0/37230.0 days/days; walltime: 10.1
37099.0/37230.0 days/days; walltime: 12.1
37100.0/37230.0 days/days; walltime: 9.9
37101.0/37230.0 days/days; walltime: 9.5
37102.0/37230.0 days/days; walltime: 11.6
37103.0/37230.0 days/days; walltime: 10.9
37104.0/37230.0 days/days; walltime: 9.6
37105.0/37230.0 days/days; walltime: 10.0
37106.0/37230.0 days/days; walltime: 9.2
37107.0/37230.0 days/days; walltime: 13.7
37108.0/37230.0 days/days; walltime: 14.4
37109.0/37230.0 days/days; walltime: 15.5
37110.0/37230.0 days/days; walltime: 10.4
37111.0/37230.0 days/days; walltime: 8.9
37112.0/37230.0 days/days; walltime: 25.4
37113.0/37230.0 days/days; walltime: 8.0
37114.0/37230.0 days/days; walltime: 6.9
37115.0/37230.0 days/days; walltime: 24.7
37116.0/37230.0 days/days; walltime: 3.6
37117.0/37230.0 days/days; walltime: 1.7
37118.0/37230.0 days/days; walltime: 1.6
37119.0/37230.0 days/days; walltime: 1.4
37120.0/37230.0 days/days; walltime: 1.1
37121.0/37230.0 days/days; walltime: 1.3
37122.0/37230.0 days/days; walltime: 1.2
37123.0/37230.0 days/days; walltime: 4.5
37124.0/37230.0 days/days; walltime: 1.2
37125.0/37230.0 days/days; walltime: 0.8
37126.0/37230.0 days/days; walltime: 1.0
37127.0/37230.0 days/days; walltime: 1.0
37128.0/37230.0 days/days; walltime: 0.9
37129.0/37230.0 days/days; walltime: 0.9
37130.0/37230.0 days/days; walltime: 0.9
37131.0/37230.0 days/days; walltime: 0.8
37132.0/37230.0 days/days; walltime: 0.8
37133.0/37230.0 days/days; walltime: 0.7
37134.0/37230.0 days/days; walltime: 0.8
37135.0/37230.0 days/days; walltime: 0.7
37136.0/37230.0 days/days; walltime: 0.7
37137.0/37230.0 days/days; walltime: 0.6
37138.0/37230.0 days/days; walltime: 0.6
37139.0/37230.0 days/days; walltime: 2.2
37140.0/37230.0 days/days; walltime: 0.7
37141.0/37230.0 days/days; walltime: 0.6
37142.0/37230.0 days/days; walltime: 0.6
37143.0/37230.0 days/days; walltime: 0.4
37144.0/37230.0 days/days; walltime: 0.5
37145.0/37230.0 days/days; walltime: 0.7
37146.0/37230.0 days/days; walltime: 0.5
37147.0/37230.0 days/days; walltime: 0.6
37148.0/37230.0 days/days; walltime: 0.5
37149.0/37230.0 days/days; walltime: 0.6
37150.0/37230.0 days/days; walltime: 0.5
37151.0/37230.0 days/days; walltime: 0.5
37152.0/37230.0 days/days; walltime: 0.5
37153.0/37230.0 days/days; walltime: 2.1
37154.0/37230.0 days/days; walltime: 0.4
37155.0/37230.0 days/days; walltime: 0.4
37156.0/37230.0 days/days; walltime: 0.4
37157.0/37230.0 days/days; walltime: 0.4
37158.0/37230.0 days/days; walltime: 0.4
37159.0/37230.0 days/days; walltime: 0.3
37160.0/37230.0 days/days; walltime: 0.4
37161.0/37230.0 days/days; walltime: 0.4
37162.0/37230.0 days/days; walltime: 0.3
37163.0/37230.0 days/days; walltime: 0.4
37164.0/37230.0 days/days; walltime: 0.4
37165.0/37230.0 days/days; walltime: 0.3
37166.0/37230.0 days/days; walltime: 0.5
37167.0/37230.0 days/days; walltime: 0.4
37168.0/37230.0 days/days; walltime: 2.0
37169.0/37230.0 days/days; walltime: 0.3
37170.0/37230.0 days/days; walltime: 0.1
37171.0/37230.0 days/days; walltime: 0.3
37172.0/37230.0 days/days; walltime: 0.3
37173.0/37230.0 days/days; walltime: 0.1
37174.0/37230.0 days/days; walltime: 0.3
37175.0/37230.0 days/days; walltime: 0.3
37176.0/37230.0 days/days; walltime: 0.1
37177.0/37230.0 days/days; walltime: 0.3
37178.0/37230.0 days/days; walltime: 0.3
37179.0/37230.0 days/days; walltime: 0.3
37180.0/37230.0 days/days; walltime: 0.3
37181.0/37230.0 days/days; walltime: 0.3
37182.0/37230.0 days/days; walltime: 0.3
37183.0/37230.0 days/days; walltime: 1.7
37184.0/37230.0 days/days; walltime: 0.3
37185.0/37230.0 days/days; walltime: 0.1
37186.0/37230.0 days/days; walltime: 0.1
37187.0/37230.0 days/days; walltime: 0.1
37188.0/37230.0 days/days; walltime: 0.1
37189.0/37230.0 days/days; walltime: 0.1
37190.0/37230.0 days/days; walltime: 0.1
37191.0/37230.0 days/days; walltime: 0.1
37192.0/37230.0 days/days; walltime: 2.0
37193.0/37230.0 days/days; walltime: 0.4
37194.0/37230.0 days/days; walltime: 0.1
37195.0/37230.0 days/days; walltime: 0.1
37196.0/37230.0 days/days; walltime: 0.1
37197.0/37230.0 days/days; walltime: 0.1
37198.0/37230.0 days/days; walltime: 0.1
37199.0/37230.0 days/days; walltime: 0.1
37200.0/37230.0 days/days; walltime: 0.1
37201.0/37230.0 days/days; walltime: 0.1
37202.0/37230.0 days/days; walltime: 1.9
37203.0/37230.0 days/days; walltime: 0.3
37204.0/37230.0 days/days; walltime: 0.1
37205.0/37230.0 days/days; walltime: 0.1
37206.0/37230.0 days/days; walltime: 0.3
37207.0/37230.0 days/days; walltime: 0.1
37208.0/37230.0 days/days; walltime: 0.3
37209.0/37230.0 days/days; walltime: 0.3
37210.0/37230.0 days/days; walltime: 0.1
37211.0/37230.0 days/days; walltime: 0.4
37212.0/37230.0 days/days; walltime: 0.2
37213.0/37230.0 days/days; walltime: 0.3
37214.0/37230.0 days/days; walltime: 0.2
37215.0/37230.0 days/days; walltime: 0.4
37216.0/37230.0 days/days; walltime: 0.2
37217.0/37230.0 days/days; walltime: 0.3
37218.0/37230.0 days/days; walltime: 0.2
37219.0/37230.0 days/days; walltime: 1.9
37220.0/37230.0 days/days; walltime: 0.3
37221.0/37230.0 days/days; walltime: 0.1
37222.0/37230.0 days/days; walltime: 0.3
37223.0/37230.0 days/days; walltime: 0.2
37224.0/37230.0 days/days; walltime: 0.3
37225.0/37230.0 days/days; walltime: 0.2
37226.0/37230.0 days/days; walltime: 0.3
37227.0/37230.0 days/days; walltime: 0.2
37228.0/37230.0 days/days; walltime: 0.3
37229.0/37230.0 days/days; walltime: 0.2
37230.0/37230.0 days/days; walltime: 0.3
Wallclock for model run: 11389.4s
 

fields = 

  struct with fields:

    nodes: [1x1 struct]
    edges: [1x1 struct]
       BC: [1x1 struct]

No cases left; exiting.
