Case 4:
Picked up JAVA_TOOL_OPTIONS: -Xmx2g
Opening log file:  /tmp/java.log.26314

                            < M A T L A B (R) >
                  Copyright 1984-2022 The MathWorks, Inc.
                  R2022a (9.12.0.1884302) 64-bit (glnxa64)
                             February 16, 2022

 
To get started, type doc.
For product information, visit www.mathworks.com.
 

config = 

  struct with fields:

                 k_s: 0.2500
                 l_c: 10
            n_moulin: 68
    creep_const_soft: 0
             mesh_nr: 4
                 k_c: 0.1500
               h_bed: 0.5000
               l_bed: 10
               alpha: 1.2500
                beta: 1.5000
               omega: 5.0000e-04

Running model run (ode15s):
Run to steady
Saving model run to
./RUN/output_104_steady.nc
Fields, IC & BC initialised
Initial phi calculated in 3.4s
0.0/36500.0 days/days; walltime: 92.1
------------------------------------------------------------------------------------------------------------------------------------------------------------------------------------------------------------------------------------------------------------------------------------------------------------------------------------------------------------------------------------------------------------------------------------------------------------------------------------------------------------------------------------------------------------------------------------------------------------------------------------------------------------------------------------------------------------------------------------------------------------------------------------------------------------------------------------------------------------------------------------------------------------------------------------------------------------------------------------------------------------------------------------------------------------------------------------------------------------------------------------------------------------------------------------------------------------------------------------------------------------------------------------------------------------------------------------------------------------------------------------------------------------------------------------------------------------------------------------------------------------------------------------------------------------------------------------------------------------------------------------------------------------------------------------------------------------------------------------------------------------------------------------------------------------------------------------------------------------------------------------------------------------------------------------------------------------------------------------------------------------------------------------------------------------------------------------------------------------------------------------------------------------------------------------------------------------------------------1825.0/36500.0 days/days; walltime: 2292.0
--------------------------------------------------------------------------------------------------------------------------------------------------------------------------------------------------------------------------------------------------------------------------------------------------3650.0/36500.0 days/days; walltime: 19.1
-------------------------------------------------------------------------5475.0/36500.0 days/days; walltime: 4.8
--7300.0/36500.0 days/days; walltime: 0.1
--------------------------------------------------------------------9125.0/36500.0 days/days; walltime: 4.9
---------------------------------------------------------------------------------------------------------------------------------------------------------------------------------------------------------------------------------------------------------------------------------------------------------------------------------------------------------------------------------------------------------------------------------------------------------------------------------------------------------------------------------------------------------------------------------------------------------------------------------------------------------------------------------------------------------------------------------------------------------------10950.0/36500.0 days/days; walltime: 2518.6
---------------------------------------------------------------------------12775.0/36500.0 days/days; walltime: 1291.5
---------14600.0/36500.0 days/days; walltime: 880.1
------------------------------------------------16425.0/36500.0 days/days; walltime: 476.3
--18250.0/36500.0 days/days; walltime: 466.0
20075.0/36500.0 days/days; walltime: 134.1
21900.0/36500.0 days/days; walltime: 9.6
23725.0/36500.0 days/days; walltime: 5.8
25550.0/36500.0 days/days; walltime: 1.2
27375.0/36500.0 days/days; walltime: 2.0
29200.0/36500.0 days/days; walltime: 2.0
31025.0/36500.0 days/days; walltime: 6.6
32850.0/36500.0 days/days; walltime: 2.1
34675.0/36500.0 days/days; walltime: 2.5
36500.0/36500.0 days/days; walltime: 2.0
Wallclock for model run: 8209.2s
 

fields = 

  struct with fields:

    nodes: [1x1 struct]
    edges: [1x1 struct]
       BC: [1x1 struct]

Running model run (ode15s):
Run seasonal
Saving model run to
./RUN/output_104_seasonal.nc
IC initialised from struct
IC initialised from file/given & rest from parameters and given functions
36500.0/37230.0 days/days; walltime: 13.6
36501.0/37230.0 days/days; walltime: 62.0
36502.0/37230.0 days/days; walltime: 12.9
36503.0/37230.0 days/days; walltime: 25.1
36504.0/37230.0 days/days; walltime: 39.5
36505.0/37230.0 days/days; walltime: 23.9
36506.0/37230.0 days/days; walltime: 6.7
36507.0/37230.0 days/days; walltime: 14.5
36508.0/37230.0 days/days; walltime: 6.8
36509.0/37230.0 days/days; walltime: 3.0
36510.0/37230.0 days/days; walltime: 4.2
36511.0/37230.0 days/days; walltime: 2.6
36512.0/37230.0 days/days; walltime: 2.2
36513.0/37230.0 days/days; walltime: 2.3
36514.0/37230.0 days/days; walltime: 2.1
36515.0/37230.0 days/days; walltime: 6.0
36516.0/37230.0 days/days; walltime: 1.9
36517.0/37230.0 days/days; walltime: 1.6
36518.0/37230.0 days/days; walltime: 1.6
36519.0/37230.0 days/days; walltime: 1.7
36520.0/37230.0 days/days; walltime: 4.4
36521.0/37230.0 days/days; walltime: 1.7
36522.0/37230.0 days/days; walltime: 1.4
36523.0/37230.0 days/days; walltime: 1.2
36524.0/37230.0 days/days; walltime: 2.6
36525.0/37230.0 days/days; walltime: 0.7
36526.0/37230.0 days/days; walltime: 0.9
36527.0/37230.0 days/days; walltime: 1.0
36528.0/37230.0 days/days; walltime: 1.0
36529.0/37230.0 days/days; walltime: 3.8
36530.0/37230.0 days/days; walltime: 0.7
36531.0/37230.0 days/days; walltime: 0.4
36532.0/37230.0 days/days; walltime: 2.5
36533.0/37230.0 days/days; walltime: 2.3
36534.0/37230.0 days/days; walltime: 0.7
36535.0/37230.0 days/days; walltime: 0.9
36536.0/37230.0 days/days; walltime: 0.8
36537.0/37230.0 days/days; walltime: 0.6
36538.0/37230.0 days/days; walltime: 0.7
36539.0/37230.0 days/days; walltime: 0.5
36540.0/37230.0 days/days; walltime: 2.1
36541.0/37230.0 days/days; walltime: 3.5
36542.0/37230.0 days/days; walltime: 0.8
36543.0/37230.0 days/days; walltime: 0.4
36544.0/37230.0 days/days; walltime: 0.6
36545.0/37230.0 days/days; walltime: 0.7
36546.0/37230.0 days/days; walltime: 0.7
36547.0/37230.0 days/days; walltime: 0.7
36548.0/37230.0 days/days; walltime: 0.7
36549.0/37230.0 days/days; walltime: 2.2
36550.0/37230.0 days/days; walltime: 0.5
36551.0/37230.0 days/days; walltime: 0.5
36552.0/37230.0 days/days; walltime: 0.7
36553.0/37230.0 days/days; walltime: 2.0
36554.0/37230.0 days/days; walltime: 0.4
36555.0/37230.0 days/days; walltime: 0.4
36556.0/37230.0 days/days; walltime: 0.5
36557.0/37230.0 days/days; walltime: 0.6
36558.0/37230.0 days/days; walltime: 0.5
36559.0/37230.0 days/days; walltime: 0.5
36560.0/37230.0 days/days; walltime: 0.5
36561.0/37230.0 days/days; walltime: 0.4
36562.0/37230.0 days/days; walltime: 2.5
36563.0/37230.0 days/days; walltime: 0.6
36564.0/37230.0 days/days; walltime: 0.6
36565.0/37230.0 days/days; walltime: 0.4
36566.0/37230.0 days/days; walltime: 0.3
36567.0/37230.0 days/days; walltime: 0.9
36568.0/37230.0 days/days; walltime: 0.4
36569.0/37230.0 days/days; walltime: 0.6
36570.0/37230.0 days/days; walltime: 0.5
36571.0/37230.0 days/days; walltime: 0.6
36572.0/37230.0 days/days; walltime: 0.4
36573.0/37230.0 days/days; walltime: 0.5
36574.0/37230.0 days/days; walltime: 0.4
36575.0/37230.0 days/days; walltime: 0.4
36576.0/37230.0 days/days; walltime: 0.5
36577.0/37230.0 days/days; walltime: 3.5
36578.0/37230.0 days/days; walltime: 0.3
36579.0/37230.0 days/days; walltime: 0.3
36580.0/37230.0 days/days; walltime: 0.3
36581.0/37230.0 days/days; walltime: 0.5
36582.0/37230.0 days/days; walltime: 0.6
36583.0/37230.0 days/days; walltime: 0.4
36584.0/37230.0 days/days; walltime: 0.4
36585.0/37230.0 days/days; walltime: 0.4
36586.0/37230.0 days/days; walltime: 0.3
36587.0/37230.0 days/days; walltime: 0.4
36588.0/37230.0 days/days; walltime: 0.4
36589.0/37230.0 days/days; walltime: 1.6
36590.0/37230.0 days/days; walltime: 0.3
36591.0/37230.0 days/days; walltime: 0.3
36592.0/37230.0 days/days; walltime: 0.3
36593.0/37230.0 days/days; walltime: 0.3
36594.0/37230.0 days/days; walltime: 0.1
36595.0/37230.0 days/days; walltime: 0.3
36596.0/37230.0 days/days; walltime: 0.3
36597.0/37230.0 days/days; walltime: 0.1
36598.0/37230.0 days/days; walltime: 0.3
36599.0/37230.0 days/days; walltime: 0.7
36600.0/37230.0 days/days; walltime: 0.4
36601.0/37230.0 days/days; walltime: 0.1
36602.0/37230.0 days/days; walltime: 0.1
36603.0/37230.0 days/days; walltime: 0.3
36604.0/37230.0 days/days; walltime: 0.4
36605.0/37230.0 days/days; walltime: 0.2
36606.0/37230.0 days/days; walltime: 0.3
36607.0/37230.0 days/days; walltime: 0.3
36608.0/37230.0 days/days; walltime: 0.2
36609.0/37230.0 days/days; walltime: 0.3
36610.0/37230.0 days/days; walltime: 0.3
36611.0/37230.0 days/days; walltime: 0.1
36612.0/37230.0 days/days; walltime: 0.3
36613.0/37230.0 days/days; walltime: 0.3
36614.0/37230.0 days/days; walltime: 0.2
-36615.0/37230.0 days/days; walltime: 1.5
36616.0/37230.0 days/days; walltime: 5.3
36617.0/37230.0 days/days; walltime: 8.2
36618.0/37230.0 days/days; walltime: 14.7
36619.0/37230.0 days/days; walltime: 16.7
36620.0/37230.0 days/days; walltime: 20.7
36621.0/37230.0 days/days; walltime: 15.0
36622.0/37230.0 days/days; walltime: 18.3
36623.0/37230.0 days/days; walltime: 18.7
36624.0/37230.0 days/days; walltime: 18.5
36625.0/37230.0 days/days; walltime: 18.6
36626.0/37230.0 days/days; walltime: 17.8
36627.0/37230.0 days/days; walltime: 18.5
36628.0/37230.0 days/days; walltime: 20.4
36629.0/37230.0 days/days; walltime: 21.3
36630.0/37230.0 days/days; walltime: 20.4
36631.0/37230.0 days/days; walltime: 23.0
36632.0/37230.0 days/days; walltime: 26.7
36633.0/37230.0 days/days; walltime: 25.1
36634.0/37230.0 days/days; walltime: 22.0
36635.0/37230.0 days/days; walltime: 22.3
36636.0/37230.0 days/days; walltime: 26.6
--36637.0/37230.0 days/days; walltime: 31.6
36638.0/37230.0 days/days; walltime: 24.9
-----36639.0/37230.0 days/days; walltime: 31.4
----36640.0/37230.0 days/days; walltime: 26.9
---36641.0/37230.0 days/days; walltime: 36.9
----36642.0/37230.0 days/days; walltime: 28.7
36643.0/37230.0 days/days; walltime: 29.8
-----36644.0/37230.0 days/days; walltime: 55.3
----36645.0/37230.0 days/days; walltime: 52.1
-------36646.0/37230.0 days/days; walltime: 56.6
-----------36647.0/37230.0 days/days; walltime: 69.8
36648.0/37230.0 days/days; walltime: 44.0
------36649.0/37230.0 days/days; walltime: 94.6
----------36650.0/37230.0 days/days; walltime: 74.3
------------------36651.0/37230.0 days/days; walltime: 80.1
------------36652.0/37230.0 days/days; walltime: 70.0
---------------36653.0/37230.0 days/days; walltime: 50.1
----------36654.0/37230.0 days/days; walltime: 53.7
----------------------36655.0/37230.0 days/days; walltime: 116.5
------------36656.0/37230.0 days/days; walltime: 78.3
------36657.0/37230.0 days/days; walltime: 98.5
--------36658.0/37230.0 days/days; walltime: 155.7
------36659.0/37230.0 days/days; walltime: 68.7
--36660.0/37230.0 days/days; walltime: 57.8
-----------------------36661.0/37230.0 days/days; walltime: 103.5
-----------36662.0/37230.0 days/days; walltime: 66.1
---------------------------------36663.0/37230.0 days/days; walltime: 260.8
--------------------36664.0/37230.0 days/days; walltime: 103.1
-------------36665.0/37230.0 days/days; walltime: 186.0
---------