Case 2:
Picked up JAVA_TOOL_OPTIONS: -Xmx2g
Opening log file:  /tmp/java.log.17403

                            < M A T L A B (R) >
                  Copyright 1984-2022 The MathWorks, Inc.
                  R2022a (9.12.0.1884302) 64-bit (glnxa64)
                             February 16, 2022

 
To get started, type doc.
For product information, visit www.mathworks.com.
 

config = 

  struct with fields:

                 k_s: 0.0189
                 l_c: 10
            n_moulin: 68
    creep_const_soft: 0
             mesh_nr: 4
                 e_v: 1.0000e-04
                 k_c: 0.2000
               h_bed: 0.5000
               l_bed: 10
               alpha: 1.5000
                beta: 1.5000
               omega: 0

Running model run (ode15s):
Run to steady
Saving model run to
./RUN/output_302_steady.nc
Fields, IC & BC initialised
Initial phi calculated in 2.2s
0.0/36500.0 days/days; walltime: 23.4
---------------------------------------------------------------------------------------------------------------------------------------------------------------------------------------------------------------------------------------------------------------------1825.0/36500.0 days/days; walltime: 252.3
-------------------------------3650.0/36500.0 days/days; walltime: 3.0
---------5475.0/36500.0 days/days; walltime: 1.0
---7300.0/36500.0 days/days; walltime: 0.2
---------------------------------------------------------------------------------------------------------------------------------------------------------------------9125.0/36500.0 days/days; walltime: 12.7
-------------------------------------------------------------------------------------------------------------------------------------------------------------------------------------------------------------------------------------------------------------------------------------------------------------------------------------------------------------------------------------------------------------------------------------------------------------------------------------------------------------------------------------------------------------------------------------------------------------------------------------------------------------------------------------------------------------------------------------------------------------------------------------------------------------------------------------------------------------------------------------------------------------------------------------------------------------------------------------------------------------------------------------------------------------------------------------------------------------------------------------------------------------------------------------------------------------------------------------------------------------------------------------------------------------------------------------------------------------------------------------------------------------------------------------------------------------------------------------------------------------------------------------------------------------------------------------------------------------------------------------------------------------------------------------------------------------------------------------------------------------------------------------------------------------------------------------------------------------------------------------------------------------------------------------------------------------------------------------------------------------------------------------------------------------------------------------------------------------------------------------------------------------------------------------------------------------------------------------------------------------------------------------------------------------------------------------------------------------------------------------------------------------------------------------------------------------------------------------------------------------------------------------------------------------------------------------------------------------------------------------------------------------------------------------------------------------------------------------------------------------------------------------------------------------------------------------------------------------------------------------------------------------------------------------------------------------------------------------------------------------------------------------------------------------------------------------------------------------------------------------------------------------------------------------------------------------------------------------------------------------------------------------------------------------------------------------------------------------------------------------------------------------------------------------------------------------------------------------------------------------------------------------------------------------------------------------------10950.0/36500.0 days/days; walltime: 468.2
---------------------------------------------------------------------------------------------------------------------------------------------------------------------------------------------------------12775.0/36500.0 days/days; walltime: 850.1
------------------------------------------------------------------------------------------------------------------------------------------------------------------------------------------14600.0/36500.0 days/days; walltime: 447.5
-----------------------------------------------------------------------------------------------16425.0/36500.0 days/days; walltime: 218.9
-----------------------------------------------------18250.0/36500.0 days/days; walltime: 261.9
-------------20075.0/36500.0 days/days; walltime: 146.9
-21900.0/36500.0 days/days; walltime: 53.5
23725.0/36500.0 days/days; walltime: 3.5
25550.0/36500.0 days/days; walltime: 3.7
27375.0/36500.0 days/days; walltime: 3.3
29200.0/36500.0 days/days; walltime: 3.7
31025.0/36500.0 days/days; walltime: 4.0
32850.0/36500.0 days/days; walltime: 4.8
34675.0/36500.0 days/days; walltime: 4.3
36500.0/36500.0 days/days; walltime: 3.5
Wallclock for model run: 2776.2s
 

fields = 

  struct with fields:

    nodes: [1x1 struct]
    edges: [1x1 struct]
       BC: [1x1 struct]

Running model run (ode15s):
Run seasonal
Saving model run to
./RUN/output_302_seasonal.nc
IC initialised from struct
IC initialised from file/given & rest from parameters and given functions
36500.0/37230.0 days/days; walltime: 17.9
36501.0/37230.0 days/days; walltime: 86.3
36502.0/37230.0 days/days; walltime: 21.1
36503.0/37230.0 days/days; walltime: 6.5
36504.0/37230.0 days/days; walltime: 4.6
36505.0/37230.0 days/days; walltime: 5.0
36506.0/37230.0 days/days; walltime: 3.3
36507.0/37230.0 days/days; walltime: 4.3
36508.0/37230.0 days/days; walltime: 2.3
36509.0/37230.0 days/days; walltime: 2.5
36510.0/37230.0 days/days; walltime: 3.8
36511.0/37230.0 days/days; walltime: 1.7
36512.0/37230.0 days/days; walltime: 1.9
36513.0/37230.0 days/days; walltime: 1.6
36514.0/37230.0 days/days; walltime: 1.6
36515.0/37230.0 days/days; walltime: 1.4
36516.0/37230.0 days/days; walltime: 3.0
36517.0/37230.0 days/days; walltime: 0.8
36518.0/37230.0 days/days; walltime: 0.8
36519.0/37230.0 days/days; walltime: 1.0
36520.0/37230.0 days/days; walltime: 1.0
36521.0/37230.0 days/days; walltime: 0.9
36522.0/37230.0 days/days; walltime: 1.0
36523.0/37230.0 days/days; walltime: 1.0
36524.0/37230.0 days/days; walltime: 0.8
36525.0/37230.0 days/days; walltime: 0.9
36526.0/37230.0 days/days; walltime: 0.8
36527.0/37230.0 days/days; walltime: 0.8
36528.0/37230.0 days/days; walltime: 0.6
------------------------------------36529.0/37230.0 days/days; walltime: 2.5
----36530.0/37230.0 days/days; walltime: 0.8
36531.0/37230.0 days/days; walltime: 0.4
36532.0/37230.0 days/days; walltime: 0.5
36533.0/37230.0 days/days; walltime: 0.5
36534.0/37230.0 days/days; walltime: 0.4
36535.0/37230.0 days/days; walltime: 0.4
36536.0/37230.0 days/days; walltime: 0.6
36537.0/37230.0 days/days; walltime: 0.4
36538.0/37230.0 days/days; walltime: 0.2
36539.0/37230.0 days/days; walltime: 0.4
36540.0/37230.0 days/days; walltime: 0.4
36541.0/37230.0 days/days; walltime: 0.3
36542.0/37230.0 days/days; walltime: 0.4
---36543.0/37230.0 days/days; walltime: 0.4
---36544.0/37230.0 days/days; walltime: 2.3
36545.0/37230.0 days/days; walltime: 0.3
36546.0/37230.0 days/days; walltime: 0.2
36547.0/37230.0 days/days; walltime: 0.3
36548.0/37230.0 days/days; walltime: 0.3
36549.0/37230.0 days/days; walltime: 0.3
36550.0/37230.0 days/days; walltime: 0.2
36551.0/37230.0 days/days; walltime: 0.3
36552.0/37230.0 days/days; walltime: 0.3
36553.0/37230.0 days/days; walltime: 0.3
36554.0/37230.0 days/days; walltime: 0.1
36555.0/37230.0 days/days; walltime: 0.3
36556.0/37230.0 days/days; walltime: 0.1
36557.0/37230.0 days/days; walltime: 0.3
36558.0/37230.0 days/days; walltime: 0.3
36559.0/37230.0 days/days; walltime: 0.2
36560.0/37230.0 days/days; walltime: 0.3
36561.0/37230.0 days/days; walltime: 0.1
36562.0/37230.0 days/days; walltime: 0.3
36563.0/37230.0 days/days; walltime: 0.3
36564.0/37230.0 days/days; walltime: 0.1
36565.0/37230.0 days/days; walltime: 0.3
36566.0/37230.0 days/days; walltime: 0.2
36567.0/37230.0 days/days; walltime: 0.3
36568.0/37230.0 days/days; walltime: 0.1
36569.0/37230.0 days/days; walltime: 0.3
36570.0/37230.0 days/days; walltime: 0.2
36571.0/37230.0 days/days; walltime: 0.3
36572.0/37230.0 days/days; walltime: 0.2
36573.0/37230.0 days/days; walltime: 0.3
36574.0/37230.0 days/days; walltime: 0.2
36575.0/37230.0 days/days; walltime: 0.3
36576.0/37230.0 days/days; walltime: 0.2
36577.0/37230.0 days/days; walltime: 0.2
36578.0/37230.0 days/days; walltime: 0.2
36579.0/37230.0 days/days; walltime: 0.3
36580.0/37230.0 days/days; walltime: 0.2
36581.0/37230.0 days/days; walltime: 0.3
36582.0/37230.0 days/days; walltime: 0.1
36583.0/37230.0 days/days; walltime: 0.2
36584.0/37230.0 days/days; walltime: 0.3
36585.0/37230.0 days/days; walltime: 0.1
36586.0/37230.0 days/days; walltime: 0.3
36587.0/37230.0 days/days; walltime: 0.2
36588.0/37230.0 days/days; walltime: 0.1
-36589.0/37230.0 days/days; walltime: 0.3
36590.0/37230.0 days/days; walltime: 0.1
36591.0/37230.0 days/days; walltime: 0.3
36592.0/37230.0 days/days; walltime: 0.1
36593.0/37230.0 days/days; walltime: 2.0
36594.0/37230.0 days/days; walltime: 0.2
36595.0/37230.0 days/days; walltime: 0.2
36596.0/37230.0 days/days; walltime: 0.1
36597.0/37230.0 days/days; walltime: 0.2
36598.0/37230.0 days/days; walltime: 0.2
36599.0/37230.0 days/days; walltime: 0.1
36600.0/37230.0 days/days; walltime: 0.3
36601.0/37230.0 days/days; walltime: 0.1
36602.0/37230.0 days/days; walltime: 0.1
36603.0/37230.0 days/days; walltime: 0.2
36604.0/37230.0 days/days; walltime: 0.2
36605.0/37230.0 days/days; walltime: 0.1
36606.0/37230.0 days/days; walltime: 0.2
36607.0/37230.0 days/days; walltime: 0.1
36608.0/37230.0 days/days; walltime: 0.2
36609.0/37230.0 days/days; walltime: 0.2
36610.0/37230.0 days/days; walltime: 0.1
36611.0/37230.0 days/days; walltime: 0.1
36612.0/37230.0 days/days; walltime: 0.1
36613.0/37230.0 days/days; walltime: 0.2
36614.0/37230.0 days/days; walltime: 0.2
-36615.0/37230.0 days/days; walltime: 2.7
36616.0/37230.0 days/days; walltime: 3.4
36617.0/37230.0 days/days; walltime: 7.7
36618.0/37230.0 days/days; walltime: 13.5
36619.0/37230.0 days/days; walltime: 11.1
36620.0/37230.0 days/days; walltime: 12.1
36621.0/37230.0 days/days; walltime: 13.2
36622.0/37230.0 days/days; walltime: 12.3
36623.0/37230.0 days/days; walltime: 27.6
36624.0/37230.0 days/days; walltime: 18.3
36625.0/37230.0 days/days; walltime: 19.4
36626.0/37230.0 days/days; walltime: 38.8
36627.0/37230.0 days/days; walltime: 34.2
36628.0/37230.0 days/days; walltime: 22.9
36629.0/37230.0 days/days; walltime: 37.6
36630.0/37230.0 days/days; walltime: 29.8
36631.0/37230.0 days/days; walltime: 35.3
36632.0/37230.0 days/days; walltime: 43.4
36633.0/37230.0 days/days; walltime: 47.9
36634.0/37230.0 days/days; walltime: 34.6
36635.0/37230.0 days/days; walltime: 38.8
36636.0/37230.0 days/days; walltime: 30.9
36637.0/37230.0 days/days; walltime: 28.2
36638.0/37230.0 days/days; walltime: 26.3
36639.0/37230.0 days/days; walltime: 47.2
36640.0/37230.0 days/days; walltime: 43.5
36641.0/37230.0 days/days; walltime: 38.3
36642.0/37230.0 days/days; walltime: 35.1
36643.0/37230.0 days/days; walltime: 38.8
36644.0/37230.0 days/days; walltime: 35.2
36645.0/37230.0 days/days; walltime: 41.1
36646.0/37230.0 days/days; walltime: 43.3
36647.0/37230.0 days/days; walltime: 36.7
36648.0/37230.0 days/days; walltime: 35.0
36649.0/37230.0 days/days; walltime: 41.2
36650.0/37230.0 days/days; walltime: 46.9
36651.0/37230.0 days/days; walltime: 25.6
36652.0/37230.0 days/days; walltime: 36.5
36653.0/37230.0 days/days; walltime: 30.3
36654.0/37230.0 days/days; walltime: 31.7
36655.0/37230.0 days/days; walltime: 22.8
36656.0/37230.0 days/days; walltime: 27.5
36657.0/37230.0 days/days; walltime: 26.4
36658.0/37230.0 days/days; walltime: 13.5
36659.0/37230.0 days/days; walltime: 17.6
36660.0/37230.0 days/days; walltime: 30.3
36661.0/37230.0 days/days; walltime: 36.1
36662.0/37230.0 days/days; walltime: 14.9
36663.0/37230.0 days/days; walltime: 30.5
36664.0/37230.0 days/days; walltime: 25.0
36665.0/37230.0 days/days; walltime: 30.7
36666.0/37230.0 days/days; walltime: 18.3
36667.0/37230.0 days/days; walltime: 45.1
36668.0/37230.0 days/days; walltime: 41.5
36669.0/37230.0 days/days; walltime: 31.7
36670.0/37230.0 days/days; walltime: 29.0
36671.0/37230.0 days/days; walltime: 26.8
36672.0/37230.0 days/days; walltime: 11.1
36673.0/37230.0 days/days; walltime: 60.1
36674.0/37230.0 days/days; walltime: 34.4
36675.0/37230.0 days/days; walltime: 17.5
36676.0/37230.0 days/days; walltime: 20.1
36677.0/37230.0 days/days; walltime: 32.2
--36678.0/37230.0 days/days; walltime: 37.2
36679.0/37230.0 days/days; walltime: 43.7
36680.0/37230.0 days/days; walltime: 34.1
36681.0/37230.0 days/days; walltime: 68.5
36682.0/37230.0 days/days; walltime: 37.3
36683.0/37230.0 days/days; walltime: 61.5
36684.0/37230.0 days/days; walltime: 29.1
36685.0/37230.0 days/days; walltime: 19.1
--36686.0/37230.0 days/days; walltime: 39.8
36687.0/37230.0 days/days; walltime: 21.0
--36688.0/37230.0 days/days; walltime: 40.5
36689.0/37230.0 days/days; walltime: 11.5
36690.0/37230.0 days/days; walltime: 15.7
--36691.0/37230.0 days/days; walltime: 17.1
36692.0/37230.0 days/days; walltime: 25.4
36693.0/37230.0 days/days; walltime: 9.1
--36694.0/37230.0 days/days; walltime: 31.5
36695.0/37230.0 days/days; walltime: 19.5
36696.0/37230.0 days/days; walltime: 7.6
36697.0/37230.0 days/days; walltime: 20.7
36698.0/37230.0 days/days; walltime: 12.6
--36699.0/37230.0 days/days; walltime: 21.8
36700.0/37230.0 days/days; walltime: 4.6
36701.0/37230.0 days/days; walltime: 12.1
36702.0/37230.0 days/days; walltime: 29.8
36703.0/37230.0 days/days; walltime: 21.2
--36704.0/37230.0 days/days; walltime: 14.3
36705.0/37230.0 days/days; walltime: 47.3
36706.0/37230.0 days/days; walltime: 11.2
36707.0/37230.0 days/days; walltime: 15.5
36708.0/37230.0 days/days; walltime: 36.1
36709.0/37230.0 days/days; walltime: 17.6
36710.0/37230.0 days/days; walltime: 26.5
36711.0/37230.0 days/days; walltime: 41.4
36712.0/37230.0 days/days; walltime: 7.7
36713.0/37230.0 days/days; walltime: 7.9
36714.0/37230.0 days/days; walltime: 25.2
36715.0/37230.0 days/days; walltime: 9.5
36716.0/37230.0 days/days; walltime: 9.4
36717.0/37230.0 days/days; walltime: 25.7
--36718.0/37230.0 days/days; walltime: 23.5
36719.0/37230.0 days/days; walltime: 14.3
36720.0/37230.0 days/days; walltime: 7.2
36721.0/37230.0 days/days; walltime: 9.9
36722.0/37230.0 days/days; walltime: 6.0
36723.0/37230.0 days/days; walltime: 12.3
36724.0/37230.0 days/days; walltime: 8.0
36725.0/37230.0 days/days; walltime: 15.1
36726.0/37230.0 days/days; walltime: 7.8
36727.0/37230.0 days/days; walltime: 4.5
36728.0/37230.0 days/days; walltime: 6.8
36729.0/37230.0 days/days; walltime: 6.0
36730.0/37230.0 days/days; walltime: 5.4
36731.0/37230.0 days/days; walltime: 11.5
36732.0/37230.0 days/days; walltime: 8.2
36733.0/37230.0 days/days; walltime: 8.3
36734.0/37230.0 days/days; walltime: 9.5
36735.0/37230.0 days/days; walltime: 7.5
36736.0/37230.0 days/days; walltime: 9.6
36737.0/37230.0 days/days; walltime: 7.3
36738.0/37230.0 days/days; walltime: 8.5
36739.0/37230.0 days/days; walltime: 6.5
36740.0/37230.0 days/days; walltime: 9.5
36741.0/37230.0 days/days; walltime: 7.9
36742.0/37230.0 days/days; walltime: 7.3
36743.0/37230.0 days/days; walltime: 17.5
36744.0/37230.0 days/days; walltime: 7.3
36745.0/37230.0 days/days; walltime: 6.0
36746.0/37230.0 days/days; walltime: 5.9
36747.0/37230.0 days/days; walltime: 6.5
36748.0/37230.0 days/days; walltime: 6.3
36749.0/37230.0 days/days; walltime: 5.9
36750.0/37230.0 days/days; walltime: 2.9
36751.0/37230.0 days/days; walltime: 1.0
36752.0/37230.0 days/days; walltime: 0.5
36753.0/37230.0 days/days; walltime: 0.7
36754.0/37230.0 days/days; walltime: 0.4
36755.0/37230.0 days/days; walltime: 0.4
36756.0/37230.0 days/days; walltime: 0.4
36757.0/37230.0 days/days; walltime: 0.5
36758.0/37230.0 days/days; walltime: 0.4
36759.0/37230.0 days/days; walltime: 0.3
36760.0/37230.0 days/days; walltime: 0.4
36761.0/37230.0 days/days; walltime: 0.4
36762.0/37230.0 days/days; walltime: 0.3
36763.0/37230.0 days/days; walltime: 0.3
36764.0/37230.0 days/days; walltime: 0.5
36765.0/37230.0 days/days; walltime: 0.3
36766.0/37230.0 days/days; walltime: 0.3
36767.0/37230.0 days/days; walltime: 0.4
--36768.0/37230.0 days/days; walltime: 0.3
--36769.0/37230.0 days/days; walltime: 0.5
-36770.0/37230.0 days/days; walltime: 0.5
----36771.0/37230.0 days/days; walltime: 0.2
-----------------------------------36772.0/37230.0 days/days; walltime: 2.3
36773.0/37230.0 days/days; walltime: 0.3
36774.0/37230.0 days/days; walltime: 0.3
36775.0/37230.0 days/days; walltime: 0.3
36776.0/37230.0 days/days; walltime: 0.3
36777.0/37230.0 days/days; walltime: 0.1
36778.0/37230.0 days/days; walltime: 0.3
36779.0/37230.0 days/days; walltime: 0.1
36780.0/37230.0 days/days; walltime: 0.3
36781.0/37230.0 days/days; walltime: 0.1
36782.0/37230.0 days/days; walltime: 0.3
36783.0/37230.0 days/days; walltime: 0.1
36784.0/37230.0 days/days; walltime: 0.3
36785.0/37230.0 days/days; walltime: 0.3
36786.0/37230.0 days/days; walltime: 0.1
36787.0/37230.0 days/days; walltime: 0.3
36788.0/37230.0 days/days; walltime: 0.2
36789.0/37230.0 days/days; walltime: 0.3
36790.0/37230.0 days/days; walltime: 0.1
36791.0/37230.0 days/days; walltime: 0.3
36792.0/37230.0 days/days; walltime: 0.1
36793.0/37230.0 days/days; walltime: 0.3
36794.0/37230.0 days/days; walltime: 0.1
36795.0/37230.0 days/days; walltime: 0.3
36796.0/37230.0 days/days; walltime: 0.1
36797.0/37230.0 days/days; walltime: 0.3
36798.0/37230.0 days/days; walltime: 0.1
36799.0/37230.0 days/days; walltime: 0.1
36800.0/37230.0 days/days; walltime: 0.3
36801.0/37230.0 days/days; walltime: 0.1
36802.0/37230.0 days/days; walltime: 0.3
36803.0/37230.0 days/days; walltime: 0.1
36804.0/37230.0 days/days; walltime: 0.3
36805.0/37230.0 days/days; walltime: 0.1
36806.0/37230.0 days/days; walltime: 0.3
36807.0/37230.0 days/days; walltime: 0.1
-36808.0/37230.0 days/days; walltime: 0.1
36809.0/37230.0 days/days; walltime: 0.3
36810.0/37230.0 days/days; walltime: 0.1
36811.0/37230.0 days/days; walltime: 0.3
36812.0/37230.0 days/days; walltime: 0.1
36813.0/37230.0 days/days; walltime: 0.3
36814.0/37230.0 days/days; walltime: 0.5
36815.0/37230.0 days/days; walltime: 0.1
36816.0/37230.0 days/days; walltime: 0.3
36817.0/37230.0 days/days; walltime: 0.1
36818.0/37230.0 days/days; walltime: 0.1
36819.0/37230.0 days/days; walltime: 0.2
36820.0/37230.0 days/days; walltime: 0.1
36821.0/37230.0 days/days; walltime: 0.1
36822.0/37230.0 days/days; walltime: 0.2
36823.0/37230.0 days/days; walltime: 0.1
36824.0/37230.0 days/days; walltime: 0.1
36825.0/37230.0 days/days; walltime: 0.3
36826.0/37230.0 days/days; walltime: 0.1
36827.0/37230.0 days/days; walltime: 0.1
36828.0/37230.0 days/days; walltime: 0.3
36829.0/37230.0 days/days; walltime: 0.1
36830.0/37230.0 days/days; walltime: 0.1
36831.0/37230.0 days/days; walltime: 2.1
36832.0/37230.0 days/days; walltime: 0.1
36833.0/37230.0 days/days; walltime: 0.1
36834.0/37230.0 days/days; walltime: 0.2
36835.0/37230.0 days/days; walltime: 0.1
36836.0/37230.0 days/days; walltime: 0.1
36837.0/37230.0 days/days; walltime: 0.2
36838.0/37230.0 days/days; walltime: 0.1
36839.0/37230.0 days/days; walltime: 0.1
36840.0/37230.0 days/days; walltime: 0.3
36841.0/37230.0 days/days; walltime: 0.1
36842.0/37230.0 days/days; walltime: 0.1
36843.0/37230.0 days/days; walltime: 0.1
36844.0/37230.0 days/days; walltime: 0.2
36845.0/37230.0 days/days; walltime: 0.1
36846.0/37230.0 days/days; walltime: 0.1
36847.0/37230.0 days/days; walltime: 0.1
36848.0/37230.0 days/days; walltime: 0.2
36849.0/37230.0 days/days; walltime: 0.1
36850.0/37230.0 days/days; walltime: 0.1
--36851.0/37230.0 days/days; walltime: 0.2
-36852.0/37230.0 days/days; walltime: 0.1
36853.0/37230.0 days/days; walltime: 0.1
36854.0/37230.0 days/days; walltime: 0.1
36855.0/37230.0 days/days; walltime: 0.2
-36856.0/37230.0 days/days; walltime: 0.1
36857.0/37230.0 days/days; walltime: 0.1
36858.0/37230.0 days/days; walltime: 0.1
36859.0/37230.0 days/days; walltime: 0.2
36861.0/37230.0 days/days; walltime: 0.1
36862.0/37230.0 days/days; walltime: 0.1
36863.0/37230.0 days/days; walltime: 0.1
36864.0/37230.0 days/days; walltime: 0.2
36865.0/37230.0 days/days; walltime: 0.1
36866.0/37230.0 days/days; walltime: 0.1
36867.0/37230.0 days/days; walltime: 0.1
36868.0/37230.0 days/days; walltime: 0.2
36870.0/37230.0 days/days; walltime: 0.1
36871.0/37230.0 days/days; walltime: 0.1
36872.0/37230.0 days/days; walltime: 0.1
36873.0/37230.0 days/days; walltime: 0.2
36874.0/37230.0 days/days; walltime: 0.1
36875.0/37230.0 days/days; walltime: 0.1
36876.0/37230.0 days/days; walltime: 0.1
36878.0/37230.0 days/days; walltime: 0.2
36879.0/37230.0 days/days; walltime: 0.1
36880.0/37230.0 days/days; walltime: 0.1
36881.0/37230.0 days/days; walltime: 0.1
36882.0/37230.0 days/days; walltime: 0.1
36883.0/37230.0 days/days; walltime: 0.1
36885.0/37230.0 days/days; walltime: 0.1
36886.0/37230.0 days/days; walltime: 0.1
36887.0/37230.0 days/days; walltime: 0.1
36888.0/37230.0 days/days; walltime: 0.1
36889.0/37230.0 days/days; walltime: 0.1
36890.0/37230.0 days/days; walltime: 0.1
36891.0/37230.0 days/days; walltime: 0.1
36893.0/37230.0 days/days; walltime: 0.1
36894.0/37230.0 days/days; walltime: 0.1
36895.0/37230.0 days/days; walltime: 0.2
36896.0/37230.0 days/days; walltime: 0.1
36897.0/37230.0 days/days; walltime: 0.1
36898.0/37230.0 days/days; walltime: 0.1
36900.0/37230.0 days/days; walltime: 0.1
36901.0/37230.0 days/days; walltime: 0.2
36902.0/37230.0 days/days; walltime: 0.1
36903.0/37230.0 days/days; walltime: 0.1
36904.0/37230.0 days/days; walltime: 0.1
36905.0/37230.0 days/days; walltime: 0.2
36906.0/37230.0 days/days; walltime: 0.1
36908.0/37230.0 days/days; walltime: 0.1
36909.0/37230.0 days/days; walltime: 0.1
36910.0/37230.0 days/days; walltime: 0.2
36911.0/37230.0 days/days; walltime: 0.1
36912.0/37230.0 days/days; walltime: 0.1
36914.0/37230.0 days/days; walltime: 0.1
36915.0/37230.0 days/days; walltime: 0.2
36916.0/37230.0 days/days; walltime: 0.1
36917.0/37230.0 days/days; walltime: 0.1
36919.0/37230.0 days/days; walltime: 0.1
36920.0/37230.0 days/days; walltime: 0.2
36921.0/37230.0 days/days; walltime: 0.1
36922.0/37230.0 days/days; walltime: 0.1
36924.0/37230.0 days/days; walltime: 0.1
36925.0/37230.0 days/days; walltime: 0.2
36926.0/37230.0 days/days; walltime: 0.1
36927.0/37230.0 days/days; walltime: 0.1
36929.0/37230.0 days/days; walltime: 0.1
36930.0/37230.0 days/days; walltime: 0.2
36931.0/37230.0 days/days; walltime: 0.1
36933.0/37230.0 days/days; walltime: 0.1
36934.0/37230.0 days/days; walltime: 0.1
36935.0/37230.0 days/days; walltime: 0.2
36937.0/37230.0 days/days; walltime: 0.1
36938.0/37230.0 days/days; walltime: 0.1
36939.0/37230.0 days/days; walltime: 0.1
36941.0/37230.0 days/days; walltime: 0.2
36942.0/37230.0 days/days; walltime: 0.1
36943.0/37230.0 days/days; walltime: 0.1
36945.0/37230.0 days/days; walltime: 0.1
36946.0/37230.0 days/days; walltime: 0.2
36948.0/37230.0 days/days; walltime: 0.1
36949.0/37230.0 days/days; walltime: 0.1
36950.0/37230.0 days/days; walltime: 0.1
36952.0/37230.0 days/days; walltime: 0.2
36953.0/37230.0 days/days; walltime: 0.1
36955.0/37230.0 days/days; walltime: 0.1
36956.0/37230.0 days/days; walltime: 0.1
36958.0/37230.0 days/days; walltime: 0.2
36959.0/37230.0 days/days; walltime: 0.1
36961.0/37230.0 days/days; walltime: 0.1
36962.0/37230.0 days/days; walltime: 0.1
36964.0/37230.0 days/days; walltime: 0.2
36965.0/37230.0 days/days; walltime: 0.1
36967.0/37230.0 days/days; walltime: 0.1
36968.0/37230.0 days/days; walltime: 0.1
36970.0/37230.0 days/days; walltime: 2.0
36971.0/37230.0 days/days; walltime: 0.1
36973.0/37230.0 days/days; walltime: 0.1
36974.0/37230.0 days/days; walltime: 0.1
36976.0/37230.0 days/days; walltime: 0.2
36977.0/37230.0 days/days; walltime: 0.1
36979.0/37230.0 days/days; walltime: 0.4
--36980.0/37230.0 days/days; walltime: 2.1
36981.0/37230.0 days/days; walltime: 4.0
36982.0/37230.0 days/days; walltime: 6.7
36983.0/37230.0 days/days; walltime: 10.7
36984.0/37230.0 days/days; walltime: 13.6
36985.0/37230.0 days/days; walltime: 13.8
36986.0/37230.0 days/days; walltime: 23.1
36987.0/37230.0 days/days; walltime: 23.4
36988.0/37230.0 days/days; walltime: 13.6
36989.0/37230.0 days/days; walltime: 28.3
36990.0/37230.0 days/days; walltime: 23.9
36991.0/37230.0 days/days; walltime: 28.6
36992.0/37230.0 days/days; walltime: 39.1
36993.0/37230.0 days/days; walltime: 33.0
36994.0/37230.0 days/days; walltime: 22.4
36995.0/37230.0 days/days; walltime: 26.8
36996.0/37230.0 days/days; walltime: 47.4
36997.0/37230.0 days/days; walltime: 35.8
36998.0/37230.0 days/days; walltime: 44.5
36999.0/37230.0 days/days; walltime: 29.5
37000.0/37230.0 days/days; walltime: 47.4
37001.0/37230.0 days/days; walltime: 24.1
37002.0/37230.0 days/days; walltime: 32.9
37003.0/37230.0 days/days; walltime: 26.0
37004.0/37230.0 days/days; walltime: 39.3
37005.0/37230.0 days/days; walltime: 53.9
37006.0/37230.0 days/days; walltime: 48.0
37007.0/37230.0 days/days; walltime: 31.6
37008.0/37230.0 days/days; walltime: 38.1
37009.0/37230.0 days/days; walltime: 24.6
37010.0/37230.0 days/days; walltime: 37.8
37011.0/37230.0 days/days; walltime: 52.2
37012.0/37230.0 days/days; walltime: 30.5
37013.0/37230.0 days/days; walltime: 33.3
37014.0/37230.0 days/days; walltime: 50.1
37015.0/37230.0 days/days; walltime: 46.8
37016.0/37230.0 days/days; walltime: 23.9
37017.0/37230.0 days/days; walltime: 20.9
37018.0/37230.0 days/days; walltime: 36.5
37019.0/37230.0 days/days; walltime: 23.0
37020.0/37230.0 days/days; walltime: 23.3
37021.0/37230.0 days/days; walltime: 33.9
37022.0/37230.0 days/days; walltime: 17.0
37023.0/37230.0 days/days; walltime: 16.3
37024.0/37230.0 days/days; walltime: 19.0
37025.0/37230.0 days/days; walltime: 31.4
37026.0/37230.0 days/days; walltime: 10.0
37027.0/37230.0 days/days; walltime: 18.9
37028.0/37230.0 days/days; walltime: 25.6
37029.0/37230.0 days/days; walltime: 24.7
37030.0/37230.0 days/days; walltime: 35.6
37031.0/37230.0 days/days; walltime: 21.4
37032.0/37230.0 days/days; walltime: 27.7
37033.0/37230.0 days/days; walltime: 42.9
37034.0/37230.0 days/days; walltime: 26.2
37035.0/37230.0 days/days; walltime: 29.1
37036.0/37230.0 days/days; walltime: 20.4
37037.0/37230.0 days/days; walltime: 20.5
37038.0/37230.0 days/days; walltime: 50.0
37039.0/37230.0 days/days; walltime: 43.4
37040.0/37230.0 days/days; walltime: 35.9
37041.0/37230.0 days/days; walltime: 32.7
37042.0/37230.0 days/days; walltime: 45.7
37043.0/37230.0 days/days; walltime: 23.5
37044.0/37230.0 days/days; walltime: 36.5
37045.0/37230.0 days/days; walltime: 53.0
--37046.0/37230.0 days/days; walltime: 24.5
--37047.0/37230.0 days/days; walltime: 51.8
37048.0/37230.0 days/days; walltime: 26.1
--37049.0/37230.0 days/days; walltime: 51.9
--37050.0/37230.0 days/days; walltime: 41.2
37051.0/37230.0 days/days; walltime: 26.9
----37052.0/37230.0 days/days; walltime: 53.5
37053.0/37230.0 days/days; walltime: 18.8
37054.0/37230.0 days/days; walltime: 35.3
--37055.0/37230.0 days/days; walltime: 29.5
37056.0/37230.0 days/days; walltime: 35.7
37057.0/37230.0 days/days; walltime: 19.7
37058.0/37230.0 days/days; walltime: 24.6
37059.0/37230.0 days/days; walltime: 38.2
37060.0/37230.0 days/days; walltime: 10.6
37061.0/37230.0 days/days; walltime: 12.9
37062.0/37230.0 days/days; walltime: 32.3
37063.0/37230.0 days/days; walltime: 16.2
37064.0/37230.0 days/days; walltime: 16.7
37065.0/37230.0 days/days; walltime: 35.2
37066.0/37230.0 days/days; walltime: 36.1
37067.0/37230.0 days/days; walltime: 40.3
37068.0/37230.0 days/days; walltime: 56.5
37069.0/37230.0 days/days; walltime: 35.9
37070.0/37230.0 days/days; walltime: 28.7
37071.0/37230.0 days/days; walltime: 28.0
37072.0/37230.0 days/days; walltime: 16.1
--37073.0/37230.0 days/days; walltime: 11.6
37074.0/37230.0 days/days; walltime: 30.6
37075.0/37230.0 days/days; walltime: 17.8
37076.0/37230.0 days/days; walltime: 40.1
37077.0/37230.0 days/days; walltime: 6.2
37078.0/37230.0 days/days; walltime: 11.9
37079.0/37230.0 days/days; walltime: 31.2
37080.0/37230.0 days/days; walltime: 9.7
37081.0/37230.0 days/days; walltime: 4.1
37082.0/37230.0 days/days; walltime: 10.9
37083.0/37230.0 days/days; walltime: 9.9
37084.0/37230.0 days/days; walltime: 20.0
37085.0/37230.0 days/days; walltime: 21.2
37086.0/37230.0 days/days; walltime: 7.7
37087.0/37230.0 days/days; walltime: 7.4
37088.0/37230.0 days/days; walltime: 5.1
37089.0/37230.0 days/days; walltime: 15.2
37090.0/37230.0 days/days; walltime: 16.4
37091.0/37230.0 days/days; walltime: 12.0
37092.0/37230.0 days/days; walltime: 6.1
37093.0/37230.0 days/days; walltime: 5.7
37094.0/37230.0 days/days; walltime: 6.3
37095.0/37230.0 days/days; walltime: 6.3
37096.0/37230.0 days/days; walltime: 7.0
37097.0/37230.0 days/days; walltime: 20.0
37098.0/37230.0 days/days; walltime: 9.0
37099.0/37230.0 days/days; walltime: 11.3
37100.0/37230.0 days/days; walltime: 6.8
37101.0/37230.0 days/days; walltime: 7.3
37102.0/37230.0 days/days; walltime: 8.8
37103.0/37230.0 days/days; walltime: 5.8
37104.0/37230.0 days/days; walltime: 9.3
37105.0/37230.0 days/days; walltime: 10.6
37106.0/37230.0 days/days; walltime: 10.2
37107.0/37230.0 days/days; walltime: 7.5
37108.0/37230.0 days/days; walltime: 10.4
37109.0/37230.0 days/days; walltime: 7.6
37110.0/37230.0 days/days; walltime: 5.8
37111.0/37230.0 days/days; walltime: 5.4
37112.0/37230.0 days/days; walltime: 7.3
37113.0/37230.0 days/days; walltime: 5.5
37114.0/37230.0 days/days; walltime: 5.7
37115.0/37230.0 days/days; walltime: 3.1
37116.0/37230.0 days/days; walltime: 0.9
37117.0/37230.0 days/days; walltime: 0.7
37118.0/37230.0 days/days; walltime: 0.5
37119.0/37230.0 days/days; walltime: 0.5
37120.0/37230.0 days/days; walltime: 0.6
37121.0/37230.0 days/days; walltime: 0.4
37122.0/37230.0 days/days; walltime: 0.4
37123.0/37230.0 days/days; walltime: 0.4
37124.0/37230.0 days/days; walltime: 0.2
37125.0/37230.0 days/days; walltime: 0.4
37126.0/37230.0 days/days; walltime: 0.3
37127.0/37230.0 days/days; walltime: 0.4
-37128.0/37230.0 days/days; walltime: 0.3
-37129.0/37230.0 days/days; walltime: 0.3
---37130.0/37230.0 days/days; walltime: 0.5
---37131.0/37230.0 days/days; walltime: 0.3
------37132.0/37230.0 days/days; walltime: 0.3
----37133.0/37230.0 days/days; walltime: 0.3
---------------------------------------37134.0/37230.0 days/days; walltime: 2.3
-37135.0/37230.0 days/days; walltime: 0.1
--37136.0/37230.0 days/days; walltime: 0.3
-37137.0/37230.0 days/days; walltime: 0.1
37138.0/37230.0 days/days; walltime: 0.3
-37139.0/37230.0 days/days; walltime: 0.1
-37140.0/37230.0 days/days; walltime: 0.3
-37141.0/37230.0 days/days; walltime: 0.3
-37142.0/37230.0 days/days; walltime: 0.1
-37143.0/37230.0 days/days; walltime: 0.3
--37144.0/37230.0 days/days; walltime: 0.1
--37145.0/37230.0 days/days; walltime: 0.3
--37146.0/37230.0 days/days; walltime: 0.2
-37147.0/37230.0 days/days; walltime: 0.3
-37148.0/37230.0 days/days; walltime: 0.2
37149.0/37230.0 days/days; walltime: 0.3
--37150.0/37230.0 days/days; walltime: 0.2
---37151.0/37230.0 days/days; walltime: 0.3
---37152.0/37230.0 days/days; walltime: 0.2
---37153.0/37230.0 days/days; walltime: 0.4
----37154.0/37230.0 days/days; walltime: 0.2
----37155.0/37230.0 days/days; walltime: 0.3
----37156.0/37230.0 days/days; walltime: 0.2
-37157.0/37230.0 days/days; walltime: 0.1
----37158.0/37230.0 days/days; walltime: 0.4
-------------------------------------37159.0/37230.0 days/days; walltime: 2.0
---37160.0/37230.0 days/days; walltime: 0.3
-37161.0/37230.0 days/days; walltime: 0.1
---37162.0/37230.0 days/days; walltime: 0.3
--37163.0/37230.0 days/days; walltime: 0.1
37164.0/37230.0 days/days; walltime: 0.3
37165.0/37230.0 days/days; walltime: 0.1
37166.0/37230.0 days/days; walltime: 0.1
37167.0/37230.0 days/days; walltime: 0.2
37168.0/37230.0 days/days; walltime: 0.1
37169.0/37230.0 days/days; walltime: 0.3
37170.0/37230.0 days/days; walltime: 0.1
37171.0/37230.0 days/days; walltime: 0.1
37172.0/37230.0 days/days; walltime: 0.2
37173.0/37230.0 days/days; walltime: 0.1
37174.0/37230.0 days/days; walltime: 0.1
37175.0/37230.0 days/days; walltime: 0.3
37176.0/37230.0 days/days; walltime: 0.1
37177.0/37230.0 days/days; walltime: 0.3
37178.0/37230.0 days/days; walltime: 0.1
37179.0/37230.0 days/days; walltime: 0.1
37180.0/37230.0 days/days; walltime: 0.2
37181.0/37230.0 days/days; walltime: 0.1
37182.0/37230.0 days/days; walltime: 0.1
37183.0/37230.0 days/days; walltime: 0.2
37184.0/37230.0 days/days; walltime: 0.1
--37185.0/37230.0 days/days; walltime: 0.1
37186.0/37230.0 days/days; walltime: 0.2
37187.0/37230.0 days/days; walltime: 0.1
37188.0/37230.0 days/days; walltime: 0.1
37189.0/37230.0 days/days; walltime: 0.2
37190.0/37230.0 days/days; walltime: 0.1
-37191.0/37230.0 days/days; walltime: 0.1
--37192.0/37230.0 days/days; walltime: 0.3
37193.0/37230.0 days/days; walltime: 0.1
-37194.0/37230.0 days/days; walltime: 0.1
-37195.0/37230.0 days/days; walltime: 0.1
-37196.0/37230.0 days/days; walltime: 0.2
-37197.0/37230.0 days/days; walltime: 0.1
37198.0/37230.0 days/days; walltime: 0.1
-37199.0/37230.0 days/days; walltime: 0.2
37200.0/37230.0 days/days; walltime: 0.1
-37201.0/37230.0 days/days; walltime: 0.1
-37202.0/37230.0 days/days; walltime: 0.1
-37203.0/37230.0 days/days; walltime: 0.2
37204.0/37230.0 days/days; walltime: 0.1
-37205.0/37230.0 days/days; walltime: 0.1
--37206.0/37230.0 days/days; walltime: 0.2
37207.0/37230.0 days/days; walltime: 0.1
-37208.0/37230.0 days/days; walltime: 0.1
-37209.0/37230.0 days/days; walltime: 0.1
-37210.0/37230.0 days/days; walltime: 0.2
37211.0/37230.0 days/days; walltime: 0.1
-37212.0/37230.0 days/days; walltime: 0.1
-37213.0/37230.0 days/days; walltime: 0.1
37214.0/37230.0 days/days; walltime: 0.2
37215.0/37230.0 days/days; walltime: 0.1
-37216.0/37230.0 days/days; walltime: 0.1
-37218.0/37230.0 days/days; walltime: 0.1
--37219.0/37230.0 days/days; walltime: 0.2
37220.0/37230.0 days/days; walltime: 0.1
-37221.0/37230.0 days/days; walltime: 0.1
-37222.0/37230.0 days/days; walltime: 0.1
-37223.0/37230.0 days/days; walltime: 0.2
37224.0/37230.0 days/days; walltime: 0.1
-37225.0/37230.0 days/days; walltime: 0.1
37226.0/37230.0 days/days; walltime: 0.1
--37227.0/37230.0 days/days; walltime: 0.2
37229.0/37230.0 days/days; walltime: 0.1
--37230.0/37230.0 days/days; walltime: 0.2
Wallclock for model run: 6669.2s
 

fields = 

  struct with fields:

    nodes: [1x1 struct]
    edges: [1x1 struct]
       BC: [1x1 struct]

No cases left; exiting.
