Case 1:
Picked up JAVA_TOOL_OPTIONS: -Xmx2g
Opening log file:  /tmp/java.log.23230

                            < M A T L A B (R) >
                  Copyright 1984-2022 The MathWorks, Inc.
                  R2022a (9.12.0.1884302) 64-bit (glnxa64)
                             February 16, 2022

 
To get started, type doc.
For product information, visit www.mathworks.com.
 

config = 

  struct with fields:

                 k_s: 0.0094
                 l_c: 10
            n_moulin: 68
    creep_const_soft: 0
             mesh_nr: 4
                 k_c: 0.2500
               h_bed: 0.5000
               l_bed: 10
               alpha: 1.2500
                beta: 1.5000
               omega: 0
                 e_v: 1.0000e-04

Running model run (ode15s):
Run to steady
Saving model run to
./RUN/output_101_steady.nc
Fields, IC & BC initialised
Initial phi calculated in 1.3s
0.0/36500.0 days/days; walltime: 19.3
-----------------------------------------------------------------------------------------------------------------------------------------------------1825.0/36500.0 days/days; walltime: 257.1
--------------3650.0/36500.0 days/days; walltime: 1.4
-----------5475.0/36500.0 days/days; walltime: 0.9
--------7300.0/36500.0 days/days; walltime: 0.6
------------------------------------------------------------------------------------------------------------------------------------------------------------------------------------------9125.0/36500.0 days/days; walltime: 12.9
------------------------------------------------------------------------------------------------------------------------------------------------------------------------------------------------------------------------------------------------------------------------------------------------------------------------------------------------------------------------------------------------------------------------------------------------------------------------------------------------------------------------------------------------------------------------------------------------------------------------------------------------------------------------------------------------------------------------------------------------------------------------------------------------------------------------------------------------------------------------------------------------------------------------------------------------------------------------------------------------------------------------------------------------------------------------------------------------------------------------------------------------------------------------------------------------------------------------------------------------------------------------------------------------------------------------------------------------------------------------------------------------------------------------------------------------------------------------------------------------------------------------------------------------------------------------------------------------------------------------------------------------------------------------------------------------------------------------------------------------------------------------------------------------------------------------------------------------------------------------------------------------------------------------------------------------------------------------------------------------------10950.0/36500.0 days/days; walltime: 126.1
--------------------------------------------------------------------------------------------------------------------------------------------------------------------------------------------------------------------------------------------------------------------------------------------------------------------------------------------------------------------------------------------------------------------------------------------------------------------------------------------------------------------------------------------------------------------------------------------------------------------------------------------------------------------------------------------------------------------------------------------------------------------------------------------------------------------------------------------------------------------------------------------------------------------------------------------------------------------------------------------------------------------------------------------------------12775.0/36500.0 days/days; walltime: 83.1
----------------------------------------------------------------------------------------------------------------------------14600.0/36500.0 days/days; walltime: 151.8
---------------------------------------------------------------------------16425.0/36500.0 days/days; walltime: 113.4
-----------------------------------------------------------------------------18250.0/36500.0 days/days; walltime: 85.5
20075.0/36500.0 days/days; walltime: 29.1
21900.0/36500.0 days/days; walltime: 9.1
23725.0/36500.0 days/days; walltime: 6.1
25550.0/36500.0 days/days; walltime: 5.3
27375.0/36500.0 days/days; walltime: 2.0
29200.0/36500.0 days/days; walltime: 1.9
-31025.0/36500.0 days/days; walltime: 1.7
32850.0/36500.0 days/days; walltime: 1.5
34675.0/36500.0 days/days; walltime: 3.2
36500.0/36500.0 days/days; walltime: 0.8
Wallclock for model run: 918.1s
 

fields = 

  struct with fields:

    nodes: [1x1 struct]
    edges: [1x1 struct]
       BC: [1x1 struct]

Running model run (ode15s):
Run seasonal
Saving model run to
./RUN/output_101_seasonal.nc
IC initialised from struct
IC initialised from file/given & rest from parameters and given functions
36500.0/36682.0 days/days; walltime: 18.8
36501.0/36682.0 days/days; walltime: 104.8
36502.0/36682.0 days/days; walltime: 2.7
36503.0/36682.0 days/days; walltime: 3.4
36504.0/36682.0 days/days; walltime: 2.3
------------------------------------36505.0/36682.0 days/days; walltime: 3.7
-36506.0/36682.0 days/days; walltime: 1.6
-----36507.0/36682.0 days/days; walltime: 1.6
------36508.0/36682.0 days/days; walltime: 3.3
36509.0/36682.0 days/days; walltime: 1.0
36510.0/36682.0 days/days; walltime: 0.9
36511.0/36682.0 days/days; walltime: 1.1
36512.0/36682.0 days/days; walltime: 1.0
36513.0/36682.0 days/days; walltime: 1.0
36514.0/36682.0 days/days; walltime: 2.4
36515.0/36682.0 days/days; walltime: 0.6
36516.0/36682.0 days/days; walltime: 0.8
36517.0/36682.0 days/days; walltime: 0.7
36518.0/36682.0 days/days; walltime: 0.7
36519.0/36682.0 days/days; walltime: 0.6
36520.0/36682.0 days/days; walltime: 0.6
36521.0/36682.0 days/days; walltime: 2.3
36522.0/36682.0 days/days; walltime: 0.5
36523.0/36682.0 days/days; walltime: 0.5
36524.0/36682.0 days/days; walltime: 0.4
36525.0/36682.0 days/days; walltime: 0.6
36526.0/36682.0 days/days; walltime: 0.5
36527.0/36682.0 days/days; walltime: 0.3
36528.0/36682.0 days/days; walltime: 11.0
36529.0/36682.0 days/days; walltime: 0.6
36530.0/36682.0 days/days; walltime: 0.1
36531.0/36682.0 days/days; walltime: 0.2
36532.0/36682.0 days/days; walltime: 0.1
36533.0/36682.0 days/days; walltime: 0.4
36534.0/36682.0 days/days; walltime: 0.2
36535.0/36682.0 days/days; walltime: 0.4
36536.0/36682.0 days/days; walltime: 0.3
36537.0/36682.0 days/days; walltime: 0.2
36538.0/36682.0 days/days; walltime: 0.3
36539.0/36682.0 days/days; walltime: 0.2
36540.0/36682.0 days/days; walltime: 0.3
36541.0/36682.0 days/days; walltime: 0.2
36542.0/36682.0 days/days; walltime: 0.3
36543.0/36682.0 days/days; walltime: 0.2
36544.0/36682.0 days/days; walltime: 0.3
36545.0/36682.0 days/days; walltime: 0.2
36546.0/36682.0 days/days; walltime: 0.3
36547.0/36682.0 days/days; walltime: 0.1
36548.0/36682.0 days/days; walltime: 0.2
36549.0/36682.0 days/days; walltime: 0.3
36550.0/36682.0 days/days; walltime: 0.2
36551.0/36682.0 days/days; walltime: 0.2
36552.0/36682.0 days/days; walltime: 0.2
36553.0/36682.0 days/days; walltime: 0.1
36554.0/36682.0 days/days; walltime: 2.1
36555.0/36682.0 days/days; walltime: 0.2
36556.0/36682.0 days/days; walltime: 0.2
36557.0/36682.0 days/days; walltime: 0.1
36558.0/36682.0 days/days; walltime: 0.2
36559.0/36682.0 days/days; walltime: 0.2
36560.0/36682.0 days/days; walltime: 0.2
36561.0/36682.0 days/days; walltime: 0.1
36562.0/36682.0 days/days; walltime: 0.2
36563.0/36682.0 days/days; walltime: 0.2
36564.0/36682.0 days/days; walltime: 0.1
36565.0/36682.0 days/days; walltime: 0.2
36566.0/36682.0 days/days; walltime: 0.1
36567.0/36682.0 days/days; walltime: 0.2
36568.0/36682.0 days/days; walltime: 0.2
36569.0/36682.0 days/days; walltime: 0.1
36570.0/36682.0 days/days; walltime: 0.1
36571.0/36682.0 days/days; walltime: 0.1
36572.0/36682.0 days/days; walltime: 0.3
36573.0/36682.0 days/days; walltime: 0.1
36574.0/36682.0 days/days; walltime: 0.1
36575.0/36682.0 days/days; walltime: 0.2
36576.0/36682.0 days/days; walltime: 0.1
36577.0/36682.0 days/days; walltime: 0.1
36578.0/36682.0 days/days; walltime: 0.1
-36579.0/36682.0 days/days; walltime: 0.2
36580.0/36682.0 days/days; walltime: 0.1
36581.0/36682.0 days/days; walltime: 2.0
36582.0/36682.0 days/days; walltime: 0.1
36583.0/36682.0 days/days; walltime: 0.2
36584.0/36682.0 days/days; walltime: 0.1
36585.0/36682.0 days/days; walltime: 0.1
36586.0/36682.0 days/days; walltime: 0.1
36587.0/36682.0 days/days; walltime: 0.2
36588.0/36682.0 days/days; walltime: 0.1
36589.0/36682.0 days/days; walltime: 0.1
36590.0/36682.0 days/days; walltime: 0.1
36591.0/36682.0 days/days; walltime: 0.2
36592.0/36682.0 days/days; walltime: 0.1
36593.0/36682.0 days/days; walltime: 0.1
36594.0/36682.0 days/days; walltime: 0.1
36595.0/36682.0 days/days; walltime: 0.2
-36596.0/36682.0 days/days; walltime: 0.1
36598.0/36682.0 days/days; walltime: 0.1
36599.0/36682.0 days/days; walltime: 0.1
36600.0/36682.0 days/days; walltime: 0.2
36601.0/36682.0 days/days; walltime: 0.1
36602.0/36682.0 days/days; walltime: 0.1
36604.0/36682.0 days/days; walltime: 0.1
36605.0/36682.0 days/days; walltime: 0.2
36606.0/36682.0 days/days; walltime: 0.1
36607.0/36682.0 days/days; walltime: 0.1
36609.0/36682.0 days/days; walltime: 0.1
36610.0/36682.0 days/days; walltime: 0.2
36611.0/36682.0 days/days; walltime: 0.1
36613.0/36682.0 days/days; walltime: 0.1
36614.0/36682.0 days/days; walltime: 0.1
36615.0/36682.0 days/days; walltime: 0.2
36617.0/36682.0 days/days; walltime: 0.1
36618.0/36682.0 days/days; walltime: 0.1
36620.0/36682.0 days/days; walltime: 0.1
36621.0/36682.0 days/days; walltime: 0.2
36623.0/36682.0 days/days; walltime: 0.1
36624.0/36682.0 days/days; walltime: 0.1
36626.0/36682.0 days/days; walltime: 0.1
36627.0/36682.0 days/days; walltime: 0.2
36629.0/36682.0 days/days; walltime: 0.1
36631.0/36682.0 days/days; walltime: 0.1
36632.0/36682.0 days/days; walltime: 0.1
--36634.0/36682.0 days/days; walltime: 26.5
36635.0/36682.0 days/days; walltime: 29.1
36636.0/36682.0 days/days; walltime: 15.5
36637.0/36682.0 days/days; walltime: 0.2
--36638.0/36682.0 days/days; walltime: 12.2
36639.0/36682.0 days/days; walltime: 125.0
36640.0/36682.0 days/days; walltime: 125.6
36641.0/36682.0 days/days; walltime: 32.0
36642.0/36682.0 days/days; walltime: 1.3
36643.0/36682.0 days/days; walltime: 0.7
36644.0/36682.0 days/days; walltime: 0.7
36645.0/36682.0 days/days; walltime: 0.6
36646.0/36682.0 days/days; walltime: 0.4
36647.0/36682.0 days/days; walltime: 0.4
36648.0/36682.0 days/days; walltime: 0.2
36649.0/36682.0 days/days; walltime: 2.2
36650.0/36682.0 days/days; walltime: 0.1
36651.0/36682.0 days/days; walltime: 0.3
36652.0/36682.0 days/days; walltime: 0.1
--36653.0/36682.0 days/days; walltime: 106.3
36654.0/36682.0 days/days; walltime: 243.5
36655.0/36682.0 days/days; walltime: 376.8
36656.0/36682.0 days/days; walltime: 299.5
36657.0/36682.0 days/days; walltime: 475.1
36658.0/36682.0 days/days; walltime: 657.4
36659.0/36682.0 days/days; walltime: 152.9
36660.0/36682.0 days/days; walltime: 478.9
36661.0/36682.0 days/days; walltime: 454.6
36662.0/36682.0 days/days; walltime: 304.2
36663.0/36682.0 days/days; walltime: 158.9
36664.0/36682.0 days/days; walltime: 70.2
36665.0/36682.0 days/days; walltime: 89.5
36666.0/36682.0 days/days; walltime: 189.3
36667.0/36682.0 days/days; walltime: 177.9
36668.0/36682.0 days/days; walltime: 610.6
36669.0/36682.0 days/days; walltime: 315.8
36670.0/36682.0 days/days; walltime: 78.0
36671.0/36682.0 days/days; walltime: 53.2
36672.0/36682.0 days/days; walltime: 85.5
36673.0/36682.0 days/days; walltime: 193.2
36674.0/36682.0 days/days; walltime: 90.4
36675.0/36682.0 days/days; walltime: 129.1
36676.0/36682.0 days/days; walltime: 239.6
36677.0/36682.0 days/days; walltime: 413.4
36678.0/36682.0 days/days; walltime: 16.3
36679.0/36682.0 days/days; walltime: 58.9
36680.0/36682.0 days/days; walltime: 52.7
36681.0/36682.0 days/days; walltime: 52.5
36682.0/36682.0 days/days; walltime: 43.6
Wallclock for model run: 7232.7s
 

fields = 

  struct with fields:

    nodes: [1x1 struct]
    edges: [1x1 struct]
       BC: [1x1 struct]


ans =

   366


mean_melt =

    0.9566

No cases left; exiting.
