Case 4:
Picked up JAVA_TOOL_OPTIONS: -Xmx2g
Opening log file:  /tmp/java.log.15845

                            < M A T L A B (R) >
                  Copyright 1984-2022 The MathWorks, Inc.
                  R2022a (9.12.0.1884302) 64-bit (glnxa64)
                             February 16, 2022

 
To get started, type doc.
For product information, visit www.mathworks.com.
 

config = 

  struct with fields:

                 k_s: 0.2500
                 l_c: 10
            n_moulin: 68
    creep_const_soft: 0
             mesh_nr: 4
                 k_c: 0.1500
               h_bed: 0.5000
               l_bed: 10
               alpha: 1.2500
                beta: 1.5000
               omega: 5.0000e-04

Running model run (ode15s):
Run seasonal
Saving model run to
./RUN/output_004_seasonal.nc
IC initialised from struct
IC initialised from file/given & rest from parameters and given functions
36500.0/37230.0 days/days; walltime: 14.4
36501.0/37230.0 days/days; walltime: 65.9
36502.0/37230.0 days/days; walltime: 9.8
36503.0/37230.0 days/days; walltime: 20.9
36504.0/37230.0 days/days; walltime: 20.8
36505.0/37230.0 days/days; walltime: 7.3
36506.0/37230.0 days/days; walltime: 11.9
36507.0/37230.0 days/days; walltime: 6.1
36508.0/37230.0 days/days; walltime: 10.3
36509.0/37230.0 days/days; walltime: 7.3
36510.0/37230.0 days/days; walltime: 2.5
36511.0/37230.0 days/days; walltime: 2.7
36512.0/37230.0 days/days; walltime: 3.0
36513.0/37230.0 days/days; walltime: 3.2
36514.0/37230.0 days/days; walltime: 5.5
36515.0/37230.0 days/days; walltime: 2.5
36516.0/37230.0 days/days; walltime: 2.2
36517.0/37230.0 days/days; walltime: 2.0
36518.0/37230.0 days/days; walltime: 2.1
36519.0/37230.0 days/days; walltime: 1.8
36520.0/37230.0 days/days; walltime: 1.7
36521.0/37230.0 days/days; walltime: 3.0
36522.0/37230.0 days/days; walltime: 1.5
36523.0/37230.0 days/days; walltime: 1.2
36524.0/37230.0 days/days; walltime: 1.5
36525.0/37230.0 days/days; walltime: 1.2
36526.0/37230.0 days/days; walltime: 149.4
36527.0/37230.0 days/days; walltime: 1.3
36528.0/37230.0 days/days; walltime: 1.0
36529.0/37230.0 days/days; walltime: 1.2
36530.0/37230.0 days/days; walltime: 0.8
36531.0/37230.0 days/days; walltime: 0.9
36532.0/37230.0 days/days; walltime: 0.8
36533.0/37230.0 days/days; walltime: 1.1
36534.0/37230.0 days/days; walltime: 1.0
36535.0/37230.0 days/days; walltime: 1.1
36536.0/37230.0 days/days; walltime: 2.2
36537.0/37230.0 days/days; walltime: 0.9
36538.0/37230.0 days/days; walltime: 0.9
36539.0/37230.0 days/days; walltime: 0.9
36540.0/37230.0 days/days; walltime: 0.8
36541.0/37230.0 days/days; walltime: 0.9
36542.0/37230.0 days/days; walltime: 0.6
36543.0/37230.0 days/days; walltime: 0.6
36544.0/37230.0 days/days; walltime: 0.6
36545.0/37230.0 days/days; walltime: 0.7
36546.0/37230.0 days/days; walltime: 0.6
36547.0/37230.0 days/days; walltime: 0.6
36548.0/37230.0 days/days; walltime: 0.6
36549.0/37230.0 days/days; walltime: 0.6
36550.0/37230.0 days/days; walltime: 0.7
36551.0/37230.0 days/days; walltime: 0.6
36552.0/37230.0 days/days; walltime: 0.8
36553.0/37230.0 days/days; walltime: 0.6
36554.0/37230.0 days/days; walltime: 0.7
36555.0/37230.0 days/days; walltime: 0.6
36556.0/37230.0 days/days; walltime: 0.5
36557.0/37230.0 days/days; walltime: 0.7
36558.0/37230.0 days/days; walltime: 0.5
36559.0/37230.0 days/days; walltime: 6.6
36560.0/37230.0 days/days; walltime: 0.5
36561.0/37230.0 days/days; walltime: 0.5
36562.0/37230.0 days/days; walltime: 0.4
36563.0/37230.0 days/days; walltime: 0.4
36564.0/37230.0 days/days; walltime: 0.4
36565.0/37230.0 days/days; walltime: 0.4
36566.0/37230.0 days/days; walltime: 0.4
36567.0/37230.0 days/days; walltime: 0.4
36568.0/37230.0 days/days; walltime: 0.3
36569.0/37230.0 days/days; walltime: 0.3
36570.0/37230.0 days/days; walltime: 0.3
36571.0/37230.0 days/days; walltime: 0.2
36572.0/37230.0 days/days; walltime: 0.3
36573.0/37230.0 days/days; walltime: 0.3
36574.0/37230.0 days/days; walltime: 0.3
36575.0/37230.0 days/days; walltime: 0.4
36576.0/37230.0 days/days; walltime: 0.3
36577.0/37230.0 days/days; walltime: 0.3
36578.0/37230.0 days/days; walltime: 0.4
36579.0/37230.0 days/days; walltime: 0.3
36580.0/37230.0 days/days; walltime: 0.3
36581.0/37230.0 days/days; walltime: 0.3
36582.0/37230.0 days/days; walltime: 0.3
36583.0/37230.0 days/days; walltime: 0.3
36584.0/37230.0 days/days; walltime: 0.3
36585.0/37230.0 days/days; walltime: 0.3
36586.0/37230.0 days/days; walltime: 0.3
36587.0/37230.0 days/days; walltime: 0.3
36588.0/37230.0 days/days; walltime: 0.4
36589.0/37230.0 days/days; walltime: 0.4
36590.0/37230.0 days/days; walltime: 0.2
36591.0/37230.0 days/days; walltime: 0.4
36592.0/37230.0 days/days; walltime: 0.4
36593.0/37230.0 days/days; walltime: 0.4
36594.0/37230.0 days/days; walltime: 0.4
36595.0/37230.0 days/days; walltime: 0.4
36596.0/37230.0 days/days; walltime: 0.4
36597.0/37230.0 days/days; walltime: 0.4
36598.0/37230.0 days/days; walltime: 6.4
36599.0/37230.0 days/days; walltime: 0.4
36600.0/37230.0 days/days; walltime: 0.4
36601.0/37230.0 days/days; walltime: 0.4
36602.0/37230.0 days/days; walltime: 0.2
36603.0/37230.0 days/days; walltime: 0.4
36604.0/37230.0 days/days; walltime: 0.4
36605.0/37230.0 days/days; walltime: 0.2
36606.0/37230.0 days/days; walltime: 45.7
36607.0/37230.0 days/days; walltime: 0.4
36608.0/37230.0 days/days; walltime: 0.2
36609.0/37230.0 days/days; walltime: 0.3
36610.0/37230.0 days/days; walltime: 0.1
36611.0/37230.0 days/days; walltime: 0.2
36612.0/37230.0 days/days; walltime: 0.3
36613.0/37230.0 days/days; walltime: 0.1
36614.0/37230.0 days/days; walltime: 0.3
36615.0/37230.0 days/days; walltime: 0.6
36616.0/37230.0 days/days; walltime: 1.6
36617.0/37230.0 days/days; walltime: 3.1
36618.0/37230.0 days/days; walltime: 9.3
36619.0/37230.0 days/days; walltime: 11.9
36620.0/37230.0 days/days; walltime: 26.0
36621.0/37230.0 days/days; walltime: 15.2
36622.0/37230.0 days/days; walltime: 16.4
36623.0/37230.0 days/days; walltime: 39.3
36624.0/37230.0 days/days; walltime: 18.5
36625.0/37230.0 days/days; walltime: 18.3
36626.0/37230.0 days/days; walltime: 15.7
36627.0/37230.0 days/days; walltime: 18.7
36628.0/37230.0 days/days; walltime: 19.8
36629.0/37230.0 days/days; walltime: 18.5
36630.0/37230.0 days/days; walltime: 18.2
36631.0/37230.0 days/days; walltime: 18.1
36632.0/37230.0 days/days; walltime: 18.4
36633.0/37230.0 days/days; walltime: 19.7
36634.0/37230.0 days/days; walltime: 17.4
36635.0/37230.0 days/days; walltime: 18.4
36636.0/37230.0 days/days; walltime: 18.2
36637.0/37230.0 days/days; walltime: 16.0
36638.0/37230.0 days/days; walltime: 18.7
36639.0/37230.0 days/days; walltime: 16.8
36640.0/37230.0 days/days; walltime: 17.9
36641.0/37230.0 days/days; walltime: 17.1
36642.0/37230.0 days/days; walltime: 26.6
36643.0/37230.0 days/days; walltime: 16.6
36644.0/37230.0 days/days; walltime: 17.3
36645.0/37230.0 days/days; walltime: 17.7
36646.0/37230.0 days/days; walltime: 14.7
36647.0/37230.0 days/days; walltime: 16.0
36648.0/37230.0 days/days; walltime: 14.5
36649.0/37230.0 days/days; walltime: 15.4
36650.0/37230.0 days/days; walltime: 17.0
36651.0/37230.0 days/days; walltime: 15.0
36652.0/37230.0 days/days; walltime: 15.1
36653.0/37230.0 days/days; walltime: 16.6
36654.0/37230.0 days/days; walltime: 14.2
36655.0/37230.0 days/days; walltime: 17.2
36656.0/37230.0 days/days; walltime: 13.8
36657.0/37230.0 days/days; walltime: 10.1
36658.0/37230.0 days/days; walltime: 11.3
36659.0/37230.0 days/days; walltime: 7.1
36660.0/37230.0 days/days; walltime: 7.9
36661.0/37230.0 days/days; walltime: 10.0
36662.0/37230.0 days/days; walltime: 3.7
36663.0/37230.0 days/days; walltime: 21.5
36664.0/37230.0 days/days; walltime: 12.4
36665.0/37230.0 days/days; walltime: 8.0
36666.0/37230.0 days/days; walltime: 16.3
36667.0/37230.0 days/days; walltime: 17.8
36668.0/37230.0 days/days; walltime: 9.2
36669.0/37230.0 days/days; walltime: 19.7
36670.0/37230.0 days/days; walltime: 26.7
36671.0/37230.0 days/days; walltime: 21.7
36672.0/37230.0 days/days; walltime: 20.3
36673.0/37230.0 days/days; walltime: 6.1
36674.0/37230.0 days/days; walltime: 6.9
36675.0/37230.0 days/days; walltime: 10.4
36676.0/37230.0 days/days; walltime: 37.4
36677.0/37230.0 days/days; walltime: 14.9
36678.0/37230.0 days/days; walltime: 23.6
36679.0/37230.0 days/days; walltime: 13.2
36680.0/37230.0 days/days; walltime: 3.2
36681.0/37230.0 days/days; walltime: 39.3
36682.0/37230.0 days/days; walltime: 18.2
36683.0/37230.0 days/days; walltime: 25.9
36684.0/37230.0 days/days; walltime: 47.2
36685.0/37230.0 days/days; walltime: 26.1
36686.0/37230.0 days/days; walltime: 7.6
36687.0/37230.0 days/days; walltime: 5.8
36688.0/37230.0 days/days; walltime: 4.8
36689.0/37230.0 days/days; walltime: 6.5
36690.0/37230.0 days/days; walltime: 20.3
36691.0/37230.0 days/days; walltime: 5.4
36692.0/37230.0 days/days; walltime: 3.9
36693.0/37230.0 days/days; walltime: 25.4
36694.0/37230.0 days/days; walltime: 24.0
36695.0/37230.0 days/days; walltime: 3.0
36696.0/37230.0 days/days; walltime: 20.1
36697.0/37230.0 days/days; walltime: 5.3
36698.0/37230.0 days/days; walltime: 15.4
36699.0/37230.0 days/days; walltime: 4.0
36700.0/37230.0 days/days; walltime: 3.1
36701.0/37230.0 days/days; walltime: 6.0
36702.0/37230.0 days/days; walltime: 17.1
36703.0/37230.0 days/days; walltime: 18.0
36704.0/37230.0 days/days; walltime: 4.4
36705.0/37230.0 days/days; walltime: 2.6
36706.0/37230.0 days/days; walltime: 2.4
36707.0/37230.0 days/days; walltime: 2.1
36708.0/37230.0 days/days; walltime: 4.7
36709.0/37230.0 days/days; walltime: 17.6
36710.0/37230.0 days/days; walltime: 16.5
36711.0/37230.0 days/days; walltime: 8.6
36712.0/37230.0 days/days; walltime: 8.6
36713.0/37230.0 days/days; walltime: 6.4
36714.0/37230.0 days/days; walltime: 5.5
36715.0/37230.0 days/days; walltime: 5.5
36716.0/37230.0 days/days; walltime: 5.8
36717.0/37230.0 days/days; walltime: 6.2
36718.0/37230.0 days/days; walltime: 4.2
36719.0/37230.0 days/days; walltime: 5.9
36720.0/37230.0 days/days; walltime: 7.6
36721.0/37230.0 days/days; walltime: 6.6
36722.0/37230.0 days/days; walltime: 18.9
36723.0/37230.0 days/days; walltime: 12.6
36724.0/37230.0 days/days; walltime: 10.1
36725.0/37230.0 days/days; walltime: 10.1
36726.0/37230.0 days/days; walltime: 11.2
36727.0/37230.0 days/days; walltime: 18.2
36728.0/37230.0 days/days; walltime: 12.6
36729.0/37230.0 days/days; walltime: 12.6
36730.0/37230.0 days/days; walltime: 15.6
36731.0/37230.0 days/days; walltime: 13.8
36732.0/37230.0 days/days; walltime: 14.4
36733.0/37230.0 days/days; walltime: 17.8
36734.0/37230.0 days/days; walltime: 14.7
36735.0/37230.0 days/days; walltime: 17.1
36736.0/37230.0 days/days; walltime: 14.5
36737.0/37230.0 days/days; walltime: 18.8
36738.0/37230.0 days/days; walltime: 17.0
36739.0/37230.0 days/days; walltime: 18.0
36740.0/37230.0 days/days; walltime: 16.2
36741.0/37230.0 days/days; walltime: 16.1
36742.0/37230.0 days/days; walltime: 17.9
36743.0/37230.0 days/days; walltime: 15.3
36744.0/37230.0 days/days; walltime: 15.9
36745.0/37230.0 days/days; walltime: 9.7
36746.0/37230.0 days/days; walltime: 22.2
36747.0/37230.0 days/days; walltime: 7.3
36748.0/37230.0 days/days; walltime: 6.2
36749.0/37230.0 days/days; walltime: 4.1
36750.0/37230.0 days/days; walltime: 34.6
36751.0/37230.0 days/days; walltime: 1.7
36752.0/37230.0 days/days; walltime: 1.7
36753.0/37230.0 days/days; walltime: 1.7
36754.0/37230.0 days/days; walltime: 1.4
36755.0/37230.0 days/days; walltime: 1.2
36756.0/37230.0 days/days; walltime: 1.2
36757.0/37230.0 days/days; walltime: 1.3
36758.0/37230.0 days/days; walltime: 1.1
36759.0/37230.0 days/days; walltime: 6.2
36760.0/37230.0 days/days; walltime: 0.7
36761.0/37230.0 days/days; walltime: 0.6
36762.0/37230.0 days/days; walltime: 0.9
36763.0/37230.0 days/days; walltime: 0.7
36764.0/37230.0 days/days; walltime: 0.7
36765.0/37230.0 days/days; walltime: 0.9
36766.0/37230.0 days/days; walltime: 0.8
36767.0/37230.0 days/days; walltime: 0.8
36768.0/37230.0 days/days; walltime: 0.8
36769.0/37230.0 days/days; walltime: 3.1
36770.0/37230.0 days/days; walltime: 0.4
36771.0/37230.0 days/days; walltime: 0.3
36772.0/37230.0 days/days; walltime: 0.4
36773.0/37230.0 days/days; walltime: 0.6
36774.0/37230.0 days/days; walltime: 0.4
36775.0/37230.0 days/days; walltime: 0.5
36776.0/37230.0 days/days; walltime: 0.6
36777.0/37230.0 days/days; walltime: 0.4
36778.0/37230.0 days/days; walltime: 0.6
36779.0/37230.0 days/days; walltime: 0.6
36780.0/37230.0 days/days; walltime: 0.4
36781.0/37230.0 days/days; walltime: 0.4
36782.0/37230.0 days/days; walltime: 0.7
36783.0/37230.0 days/days; walltime: 0.6
36784.0/37230.0 days/days; walltime: 0.6
36785.0/37230.0 days/days; walltime: 0.5
36786.0/37230.0 days/days; walltime: 0.5
36787.0/37230.0 days/days; walltime: 3.4
36788.0/37230.0 days/days; walltime: 0.6
36789.0/37230.0 days/days; walltime: 0.5
36790.0/37230.0 days/days; walltime: 36.8
36791.0/37230.0 days/days; walltime: 0.4
36792.0/37230.0 days/days; walltime: 0.5
36793.0/37230.0 days/days; walltime: 0.3
36794.0/37230.0 days/days; walltime: 0.3
36795.0/37230.0 days/days; walltime: 0.2
36796.0/37230.0 days/days; walltime: 0.3
36797.0/37230.0 days/days; walltime: 0.3
36798.0/37230.0 days/days; walltime: 0.3
36799.0/37230.0 days/days; walltime: 0.2
36800.0/37230.0 days/days; walltime: 0.2
36801.0/37230.0 days/days; walltime: 0.2
36802.0/37230.0 days/days; walltime: 0.2
36803.0/37230.0 days/days; walltime: 0.2
36804.0/37230.0 days/days; walltime: 0.2
36805.0/37230.0 days/days; walltime: 0.2
36806.0/37230.0 days/days; walltime: 0.2
36807.0/37230.0 days/days; walltime: 0.2
36808.0/37230.0 days/days; walltime: 0.2
36809.0/37230.0 days/days; walltime: 0.3
36810.0/37230.0 days/days; walltime: 0.3
36811.0/37230.0 days/days; walltime: 0.3
36812.0/37230.0 days/days; walltime: 0.4
36813.0/37230.0 days/days; walltime: 0.3
36814.0/37230.0 days/days; walltime: 0.3
36815.0/37230.0 days/days; walltime: 0.2
36816.0/37230.0 days/days; walltime: 0.3
36817.0/37230.0 days/days; walltime: 0.4
36818.0/37230.0 days/days; walltime: 0.4
36819.0/37230.0 days/days; walltime: 0.3
36820.0/37230.0 days/days; walltime: 0.3
36821.0/37230.0 days/days; walltime: 0.3
36822.0/37230.0 days/days; walltime: 0.2
36823.0/37230.0 days/days; walltime: 0.3
36824.0/37230.0 days/days; walltime: 0.4
36825.0/37230.0 days/days; walltime: 0.4
36826.0/37230.0 days/days; walltime: 0.4
36827.0/37230.0 days/days; walltime: 0.2
36828.0/37230.0 days/days; walltime: 0.3
36829.0/37230.0 days/days; walltime: 0.4
36830.0/37230.0 days/days; walltime: 0.2
36831.0/37230.0 days/days; walltime: 0.4
36832.0/37230.0 days/days; walltime: 0.3
36833.0/37230.0 days/days; walltime: 0.2
36834.0/37230.0 days/days; walltime: 0.4
36835.0/37230.0 days/days; walltime: 0.7
36836.0/37230.0 days/days; walltime: 0.2
36837.0/37230.0 days/days; walltime: 7.6
36838.0/37230.0 days/days; walltime: 0.4
36839.0/37230.0 days/days; walltime: 0.4
36840.0/37230.0 days/days; walltime: 0.2
36841.0/37230.0 days/days; walltime: 0.3
36842.0/37230.0 days/days; walltime: 0.1
36843.0/37230.0 days/days; walltime: 0.2
36844.0/37230.0 days/days; walltime: 0.1
36845.0/37230.0 days/days; walltime: 0.3
36846.0/37230.0 days/days; walltime: 0.1
36847.0/37230.0 days/days; walltime: 0.2
36848.0/37230.0 days/days; walltime: 0.1
36849.0/37230.0 days/days; walltime: 0.3
36850.0/37230.0 days/days; walltime: 0.1
36851.0/37230.0 days/days; walltime: 0.2
36852.0/37230.0 days/days; walltime: 0.1
36853.0/37230.0 days/days; walltime: 0.3
36854.0/37230.0 days/days; walltime: 0.1
36855.0/37230.0 days/days; walltime: 0.2
36856.0/37230.0 days/days; walltime: 0.1
36857.0/37230.0 days/days; walltime: 0.3
36858.0/37230.0 days/days; walltime: 0.1
36859.0/37230.0 days/days; walltime: 0.1
36860.0/37230.0 days/days; walltime: 0.1
36861.0/37230.0 days/days; walltime: 0.1
36862.0/37230.0 days/days; walltime: 0.1
36863.0/37230.0 days/days; walltime: 0.2
36864.0/37230.0 days/days; walltime: 0.1
36865.0/37230.0 days/days; walltime: 0.2
36866.0/37230.0 days/days; walltime: 0.1
36867.0/37230.0 days/days; walltime: 0.2
36868.0/37230.0 days/days; walltime: 0.1
36869.0/37230.0 days/days; walltime: 0.2
36870.0/37230.0 days/days; walltime: 0.1
36871.0/37230.0 days/days; walltime: 0.1
36872.0/37230.0 days/days; walltime: 0.2
36873.0/37230.0 days/days; walltime: 0.1
36874.0/37230.0 days/days; walltime: 0.1
36875.0/37230.0 days/days; walltime: 0.2
36876.0/37230.0 days/days; walltime: 0.1
36877.0/37230.0 days/days; walltime: 0.1
36878.0/37230.0 days/days; walltime: 0.3
36879.0/37230.0 days/days; walltime: 0.2
36880.0/37230.0 days/days; walltime: 0.2
36881.0/37230.0 days/days; walltime: 0.2
36882.0/37230.0 days/days; walltime: 0.2
36883.0/37230.0 days/days; walltime: 0.2
36884.0/37230.0 days/days; walltime: 0.2
36885.0/37230.0 days/days; walltime: 0.2
36886.0/37230.0 days/days; walltime: 0.3
36887.0/37230.0 days/days; walltime: 0.2
36888.0/37230.0 days/days; walltime: 0.4
36889.0/37230.0 days/days; walltime: 0.2
36890.0/37230.0 days/days; walltime: 0.3
36891.0/37230.0 days/days; walltime: 0.2
36892.0/37230.0 days/days; walltime: 0.3
36893.0/37230.0 days/days; walltime: 0.2
36894.0/37230.0 days/days; walltime: 0.3
36895.0/37230.0 days/days; walltime: 0.2
36896.0/37230.0 days/days; walltime: 0.3
36897.0/37230.0 days/days; walltime: 0.2
36898.0/37230.0 days/days; walltime: 0.3
36899.0/37230.0 days/days; walltime: 0.2
36900.0/37230.0 days/days; walltime: 0.2
36901.0/37230.0 days/days; walltime: 17.9
36902.0/37230.0 days/days; walltime: 0.3
36903.0/37230.0 days/days; walltime: 0.3
36904.0/37230.0 days/days; walltime: 0.2
36905.0/37230.0 days/days; walltime: 0.2
36906.0/37230.0 days/days; walltime: 0.1
36907.0/37230.0 days/days; walltime: 0.3
36908.0/37230.0 days/days; walltime: 0.2
36909.0/37230.0 days/days; walltime: 0.3
36910.0/37230.0 days/days; walltime: 0.1
36911.0/37230.0 days/days; walltime: 0.2
36912.0/37230.0 days/days; walltime: 0.2
36913.0/37230.0 days/days; walltime: 0.3
36914.0/37230.0 days/days; walltime: 0.2
36915.0/37230.0 days/days; walltime: 0.1
36916.0/37230.0 days/days; walltime: 0.2
36917.0/37230.0 days/days; walltime: 0.1
36918.0/37230.0 days/days; walltime: 0.3
36919.0/37230.0 days/days; walltime: 0.2
36920.0/37230.0 days/days; walltime: 0.3
36921.0/37230.0 days/days; walltime: 0.2
36922.0/37230.0 days/days; walltime: 0.2
36923.0/37230.0 days/days; walltime: 0.1
36924.0/37230.0 days/days; walltime: 0.2
36925.0/37230.0 days/days; walltime: 0.2
36926.0/37230.0 days/days; walltime: 0.1
36927.0/37230.0 days/days; walltime: 0.3
36928.0/37230.0 days/days; walltime: 0.2
36929.0/37230.0 days/days; walltime: 0.2
36930.0/37230.0 days/days; walltime: 0.1
36931.0/37230.0 days/days; walltime: 0.2
36932.0/37230.0 days/days; walltime: 0.0
36933.0/37230.0 days/days; walltime: 0.1
36934.0/37230.0 days/days; walltime: 0.2
36935.0/37230.0 days/days; walltime: 0.1
36936.0/37230.0 days/days; walltime: 0.2
36937.0/37230.0 days/days; walltime: 0.0
36938.0/37230.0 days/days; walltime: 0.1
36939.0/37230.0 days/days; walltime: 0.2
36940.0/37230.0 days/days; walltime: 0.1
36941.0/37230.0 days/days; walltime: 0.0
36942.0/37230.0 days/days; walltime: 0.2
36943.0/37230.0 days/days; walltime: 0.0
36944.0/37230.0 days/days; walltime: 0.2
36945.0/37230.0 days/days; walltime: 0.0
36946.0/37230.0 days/days; walltime: 0.0
36947.0/37230.0 days/days; walltime: 0.2
36948.0/37230.0 days/days; walltime: 0.0
36949.0/37230.0 days/days; walltime: 0.1
36950.0/37230.0 days/days; walltime: 0.2
36951.0/37230.0 days/days; walltime: 0.0
36952.0/37230.0 days/days; walltime: 0.1
36953.0/37230.0 days/days; walltime: 0.2
36954.0/37230.0 days/days; walltime: 0.0
36955.0/37230.0 days/days; walltime: 0.1
36956.0/37230.0 days/days; walltime: 0.2
36957.0/37230.0 days/days; walltime: 0.0
36958.0/37230.0 days/days; walltime: 0.1
36959.0/37230.0 days/days; walltime: 0.2
36960.0/37230.0 days/days; walltime: 0.0
36961.0/37230.0 days/days; walltime: 0.0
36962.0/37230.0 days/days; walltime: 0.2
36963.0/37230.0 days/days; walltime: 0.1
36964.0/37230.0 days/days; walltime: 0.0
36965.0/37230.0 days/days; walltime: 0.0
36966.0/37230.0 days/days; walltime: 0.2
36967.0/37230.0 days/days; walltime: 0.1
36968.0/37230.0 days/days; walltime: 0.0
36969.0/37230.0 days/days; walltime: 0.2
36970.0/37230.0 days/days; walltime: 0.0
36971.0/37230.0 days/days; walltime: 0.0
36972.0/37230.0 days/days; walltime: 0.0
36973.0/37230.0 days/days; walltime: 0.2
36974.0/37230.0 days/days; walltime: 0.1
36975.0/37230.0 days/days; walltime: 0.0
36976.0/37230.0 days/days; walltime: 0.2
36977.0/37230.0 days/days; walltime: 0.1
36978.0/37230.0 days/days; walltime: 0.0
36979.0/37230.0 days/days; walltime: 0.0
-36980.0/37230.0 days/days; walltime: 0.9
36981.0/37230.0 days/days; walltime: 1.2
36982.0/37230.0 days/days; walltime: 2.7
36983.0/37230.0 days/days; walltime: 11.9
36984.0/37230.0 days/days; walltime: 14.0
36985.0/37230.0 days/days; walltime: 15.1
36986.0/37230.0 days/days; walltime: 17.4
36987.0/37230.0 days/days; walltime: 18.0
36988.0/37230.0 days/days; walltime: 16.9
36989.0/37230.0 days/days; walltime: 20.5
36990.0/37230.0 days/days; walltime: 19.0
36991.0/37230.0 days/days; walltime: 19.1
36992.0/37230.0 days/days; walltime: 21.5
36993.0/37230.0 days/days; walltime: 21.1
36994.0/37230.0 days/days; walltime: 21.2
36995.0/37230.0 days/days; walltime: 18.5
36996.0/37230.0 days/days; walltime: 21.1
36997.0/37230.0 days/days; walltime: 20.6
36998.0/37230.0 days/days; walltime: 19.4
36999.0/37230.0 days/days; walltime: 18.5
37000.0/37230.0 days/days; walltime: 18.9
37001.0/37230.0 days/days; walltime: 19.4
37002.0/37230.0 days/days; walltime: 16.6
37003.0/37230.0 days/days; walltime: 20.5
37004.0/37230.0 days/days; walltime: 17.8
37005.0/37230.0 days/days; walltime: 18.5
37006.0/37230.0 days/days; walltime: 18.9
37007.0/37230.0 days/days; walltime: 21.2
37008.0/37230.0 days/days; walltime: 16.9
37009.0/37230.0 days/days; walltime: 17.3
37010.0/37230.0 days/days; walltime: 21.5
37011.0/37230.0 days/days; walltime: 14.9
37012.0/37230.0 days/days; walltime: 16.0
37013.0/37230.0 days/days; walltime: 15.8
37014.0/37230.0 days/days; walltime: 17.3
37015.0/37230.0 days/days; walltime: 14.0
37016.0/37230.0 days/days; walltime: 15.3
37017.0/37230.0 days/days; walltime: 23.6
37018.0/37230.0 days/days; walltime: 16.8
37019.0/37230.0 days/days; walltime: 14.4
37020.0/37230.0 days/days; walltime: 15.4
37021.0/37230.0 days/days; walltime: 12.2
37022.0/37230.0 days/days; walltime: 11.9
37023.0/37230.0 days/days; walltime: 8.3
37024.0/37230.0 days/days; walltime: 25.3
37025.0/37230.0 days/days; walltime: 7.3
37026.0/37230.0 days/days; walltime: 18.4
37027.0/37230.0 days/days; walltime: 3.7
37028.0/37230.0 days/days; walltime: 7.7
37029.0/37230.0 days/days; walltime: 4.4
37030.0/37230.0 days/days; walltime: 15.9
37031.0/37230.0 days/days; walltime: 14.2
37032.0/37230.0 days/days; walltime: 11.0
37033.0/37230.0 days/days; walltime: 10.7
37034.0/37230.0 days/days; walltime: 20.4
37035.0/37230.0 days/days; walltime: 24.2
37036.0/37230.0 days/days; walltime: 8.5
37037.0/37230.0 days/days; walltime: 23.5
37038.0/37230.0 days/days; walltime: 6.7
37039.0/37230.0 days/days; walltime: 18.2
37040.0/37230.0 days/days; walltime: 7.8
37041.0/37230.0 days/days; walltime: 11.5
37042.0/37230.0 days/days; walltime: 16.6
37043.0/37230.0 days/days; walltime: 14.0
37044.0/37230.0 days/days; walltime: 17.0
37045.0/37230.0 days/days; walltime: 2.8
37046.0/37230.0 days/days; walltime: 27.3
37047.0/37230.0 days/days; walltime: 25.7
37048.0/37230.0 days/days; walltime: 23.4
37049.0/37230.0 days/days; walltime: 15.4
37050.0/37230.0 days/days; walltime: 24.6
37051.0/37230.0 days/days; walltime: 12.9
37052.0/37230.0 days/days; walltime: 7.4
37053.0/37230.0 days/days; walltime: 7.2
37054.0/37230.0 days/days; walltime: 15.2
37055.0/37230.0 days/days; walltime: 15.9
37056.0/37230.0 days/days; walltime: 6.2
37057.0/37230.0 days/days; walltime: 5.2
37058.0/37230.0 days/days; walltime: 20.9
37059.0/37230.0 days/days; walltime: 17.5
37060.0/37230.0 days/days; walltime: 2.9
37061.0/37230.0 days/days; walltime: 20.8
37062.0/37230.0 days/days; walltime: 5.6
37063.0/37230.0 days/days; walltime: 3.4
37064.0/37230.0 days/days; walltime: 12.1
37065.0/37230.0 days/days; walltime: 11.1
37066.0/37230.0 days/days; walltime: 3.3
37067.0/37230.0 days/days; walltime: 7.1
37068.0/37230.0 days/days; walltime: 14.9
37069.0/37230.0 days/days; walltime: 14.7
37070.0/37230.0 days/days; walltime: 10.3
37071.0/37230.0 days/days; walltime: 10.4
37072.0/37230.0 days/days; walltime: 2.0
37073.0/37230.0 days/days; walltime: 15.4
37074.0/37230.0 days/days; walltime: 14.2
37075.0/37230.0 days/days; walltime: 12.6
37076.0/37230.0 days/days; walltime: 11.7
37077.0/37230.0 days/days; walltime: 5.0
37078.0/37230.0 days/days; walltime: 6.2
37079.0/37230.0 days/days; walltime: 4.0
37080.0/37230.0 days/days; walltime: 6.6
37081.0/37230.0 days/days; walltime: 4.6
37082.0/37230.0 days/days; walltime: 12.8
37083.0/37230.0 days/days; walltime: 4.2
37084.0/37230.0 days/days; walltime: 5.7
37085.0/37230.0 days/days; walltime: 5.5
37086.0/37230.0 days/days; walltime: 8.5
37087.0/37230.0 days/days; walltime: 19.3
37088.0/37230.0 days/days; walltime: 12.0
37089.0/37230.0 days/days; walltime: 10.2
37090.0/37230.0 days/days; walltime: 11.6
37091.0/37230.0 days/days; walltime: 10.9
37092.0/37230.0 days/days; walltime: 19.0
37093.0/37230.0 days/days; walltime: 11.8
37094.0/37230.0 days/days; walltime: 16.2
37095.0/37230.0 days/days; walltime: 16.2
37096.0/37230.0 days/days; walltime: 14.6
37097.0/37230.0 days/days; walltime: 14.3
37098.0/37230.0 days/days; walltime: 18.7
37099.0/37230.0 days/days; walltime: 16.0
37100.0/37230.0 days/days; walltime: 19.5
37101.0/37230.0 days/days; walltime: 19.2
37102.0/37230.0 days/days; walltime: 16.9
37103.0/37230.0 days/days; walltime: 17.0
37104.0/37230.0 days/days; walltime: 18.9
37105.0/37230.0 days/days; walltime: 16.9
37106.0/37230.0 days/days; walltime: 20.9
37107.0/37230.0 days/days; walltime: 18.5
37108.0/37230.0 days/days; walltime: 14.3
37109.0/37230.0 days/days; walltime: 15.8
37110.0/37230.0 days/days; walltime: 11.1
37111.0/37230.0 days/days; walltime: 9.7
37112.0/37230.0 days/days; walltime: 11.3
37113.0/37230.0 days/days; walltime: 8.1
37114.0/37230.0 days/days; walltime: 4.2
37115.0/37230.0 days/days; walltime: 5.8
37116.0/37230.0 days/days; walltime: 1.7
37117.0/37230.0 days/days; walltime: 1.6
37118.0/37230.0 days/days; walltime: 1.5
37119.0/37230.0 days/days; walltime: 1.3
37120.0/37230.0 days/days; walltime: 1.4
37121.0/37230.0 days/days; walltime: 1.4
37122.0/37230.0 days/days; walltime: 5.3
37123.0/37230.0 days/days; walltime: 0.9
37124.0/37230.0 days/days; walltime: 0.9
37125.0/37230.0 days/days; walltime: 0.6
37126.0/37230.0 days/days; walltime: 0.6
37127.0/37230.0 days/days; walltime: 0.9
37128.0/37230.0 days/days; walltime: 0.7
37129.0/37230.0 days/days; walltime: 0.7
37130.0/37230.0 days/days; walltime: 1.1
37131.0/37230.0 days/days; walltime: 2.1
37132.0/37230.0 days/days; walltime: 0.6
37133.0/37230.0 days/days; walltime: 0.4
37134.0/37230.0 days/days; walltime: 0.6
37135.0/37230.0 days/days; walltime: 0.6
37136.0/37230.0 days/days; walltime: 0.6
37137.0/37230.0 days/days; walltime: 0.3
37138.0/37230.0 days/days; walltime: 0.3
37139.0/37230.0 days/days; walltime: 0.2
37140.0/37230.0 days/days; walltime: 0.9
37141.0/37230.0 days/days; walltime: 0.6
37142.0/37230.0 days/days; walltime: 0.7
37143.0/37230.0 days/days; walltime: 0.7
37144.0/37230.0 days/days; walltime: 0.6
37145.0/37230.0 days/days; walltime: 0.7
37146.0/37230.0 days/days; walltime: 0.5
37147.0/37230.0 days/days; walltime: 2.8
37148.0/37230.0 days/days; walltime: 0.6
37149.0/37230.0 days/days; walltime: 0.4
37150.0/37230.0 days/days; walltime: 0.4
37151.0/37230.0 days/days; walltime: 0.5
37152.0/37230.0 days/days; walltime: 0.3
37153.0/37230.0 days/days; walltime: 0.4
37154.0/37230.0 days/days; walltime: 0.3
37155.0/37230.0 days/days; walltime: 0.3
37156.0/37230.0 days/days; walltime: 0.4
37157.0/37230.0 days/days; walltime: 0.3
37158.0/37230.0 days/days; walltime: 0.3
37159.0/37230.0 days/days; walltime: 0.3
37160.0/37230.0 days/days; walltime: 0.3
37161.0/37230.0 days/days; walltime: 0.3
37162.0/37230.0 days/days; walltime: 0.3
37163.0/37230.0 days/days; walltime: 0.3
37164.0/37230.0 days/days; walltime: 0.3
37165.0/37230.0 days/days; walltime: 0.3
37166.0/37230.0 days/days; walltime: 0.3
37167.0/37230.0 days/days; walltime: 0.3
37168.0/37230.0 days/days; walltime: 0.3
37169.0/37230.0 days/days; walltime: 0.3
37170.0/37230.0 days/days; walltime: 0.3
37171.0/37230.0 days/days; walltime: 0.3
37172.0/37230.0 days/days; walltime: 0.3
37173.0/37230.0 days/days; walltime: 0.3
37174.0/37230.0 days/days; walltime: 0.3
37175.0/37230.0 days/days; walltime: 0.3
37176.0/37230.0 days/days; walltime: 0.3
37177.0/37230.0 days/days; walltime: 0.3
37178.0/37230.0 days/days; walltime: 0.3
37179.0/37230.0 days/days; walltime: 0.3
37180.0/37230.0 days/days; walltime: 0.3
37181.0/37230.0 days/days; walltime: 0.3
37182.0/37230.0 days/days; walltime: 0.3
37183.0/37230.0 days/days; walltime: 0.4
37184.0/37230.0 days/days; walltime: 0.4
37185.0/37230.0 days/days; walltime: 0.4
37186.0/37230.0 days/days; walltime: 0.4
37187.0/37230.0 days/days; walltime: 0.2
37188.0/37230.0 days/days; walltime: 0.4
37189.0/37230.0 days/days; walltime: 0.4
37190.0/37230.0 days/days; walltime: 0.4
37191.0/37230.0 days/days; walltime: 2.2
37192.0/37230.0 days/days; walltime: 0.4
37193.0/37230.0 days/days; walltime: 0.1
37194.0/37230.0 days/days; walltime: 0.3
37195.0/37230.0 days/days; walltime: 0.3
37196.0/37230.0 days/days; walltime: 0.1
37197.0/37230.0 days/days; walltime: 0.3
37198.0/37230.0 days/days; walltime: 0.1
37199.0/37230.0 days/days; walltime: 0.3
37200.0/37230.0 days/days; walltime: 0.2
37201.0/37230.0 days/days; walltime: 0.1
37202.0/37230.0 days/days; walltime: 0.3
37203.0/37230.0 days/days; walltime: 0.1
37204.0/37230.0 days/days; walltime: 0.2
37205.0/37230.0 days/days; walltime: 0.1
37206.0/37230.0 days/days; walltime: 0.3
37207.0/37230.0 days/days; walltime: 0.2
37208.0/37230.0 days/days; walltime: 0.1
37209.0/37230.0 days/days; walltime: 0.3
37210.0/37230.0 days/days; walltime: 0.1
37211.0/37230.0 days/days; walltime: 0.2
37212.0/37230.0 days/days; walltime: 0.3
37213.0/37230.0 days/days; walltime: 0.1
37214.0/37230.0 days/days; walltime: 0.2
37215.0/37230.0 days/days; walltime: 0.1
37216.0/37230.0 days/days; walltime: 0.3
37217.0/37230.0 days/days; walltime: 0.1
37218.0/37230.0 days/days; walltime: 0.2
37219.0/37230.0 days/days; walltime: 0.1
37220.0/37230.0 days/days; walltime: 0.3
37221.0/37230.0 days/days; walltime: 0.2
37222.0/37230.0 days/days; walltime: 0.1
37223.0/37230.0 days/days; walltime: 0.2
37224.0/37230.0 days/days; walltime: 0.1
37225.0/37230.0 days/days; walltime: 0.2
37226.0/37230.0 days/days; walltime: 0.1
37227.0/37230.0 days/days; walltime: 0.2
37228.0/37230.0 days/days; walltime: 0.3
37229.0/37230.0 days/days; walltime: 0.1
37230.0/37230.0 days/days; walltime: 0.2
Wallclock for model run: 4497.9s
 

fields = 

  struct with fields:

    nodes: [1x1 struct]
    edges: [1x1 struct]
       BC: [1x1 struct]

No cases left; exiting.
