Case 5:
Picked up JAVA_TOOL_OPTIONS: -Xmx2g
Opening log file:  /tmp/java.log.27699

                            < M A T L A B (R) >
                  Copyright 1984-2022 The MathWorks, Inc.
                  R2022a (9.12.0.1884302) 64-bit (glnxa64)
                             February 16, 2022

 
To get started, type doc.
For product information, visit www.mathworks.com.
 

config = 

  struct with fields:

                 k_s: 0.0200
                 l_c: 50
            n_moulin: 68
    creep_const_soft: 0
             mesh_nr: 4
                 k_c: 0.5000
               h_bed: 0.5000
               l_bed: 10
               alpha: 1.5000
                beta: 1.5000
               omega: 5.0000e-04
                 e_v: 1.0000e-04

Running model run (ode15s):
Run to steady
Saving model run to
./RUN/output_105_steady.nc
Fields, IC & BC initialised
Initial phi calculated in 1.5s
0.0/36500.0 days/days; walltime: 23.5
-----------------------------------------------------------------------------------------------------------------------------------------1825.0/36500.0 days/days; walltime: 966.4
--------3650.0/36500.0 days/days; walltime: 12.2
5475.0/36500.0 days/days; walltime: 2.0
7300.0/36500.0 days/days; walltime: 0.9
---------9125.0/36500.0 days/days; walltime: 11.1
-----10950.0/36500.0 days/days; walltime: 356.7
---------------------------------------12775.0/36500.0 days/days; walltime: 63.2
-----------------------------14600.0/36500.0 days/days; walltime: 60.5
16425.0/36500.0 days/days; walltime: 16.4
--18250.0/36500.0 days/days; walltime: 15.9
------------------------------------------------------------------------------------------20075.0/36500.0 days/days; walltime: 15.2
----------------21900.0/36500.0 days/days; walltime: 4.4
23725.0/36500.0 days/days; walltime: 2.9
25550.0/36500.0 days/days; walltime: 1.9
27375.0/36500.0 days/days; walltime: 1.3
29200.0/36500.0 days/days; walltime: 0.7
31025.0/36500.0 days/days; walltime: 0.7
32850.0/36500.0 days/days; walltime: 0.3
34675.0/36500.0 days/days; walltime: 0.3
36500.0/36500.0 days/days; walltime: 0.4
Wallclock for model run: 1562.9s
 

fields = 

  struct with fields:

    nodes: [1x1 struct]
    edges: [1x1 struct]
       BC: [1x1 struct]

Running model run (ode15s):
Run seasonal
Saving model run to
./RUN/output_105_seasonal.nc
IC initialised from struct
IC initialised from file/given & rest from parameters and given functions
36500.0/37230.0 days/days; walltime: 17.9
36501.0/37230.0 days/days; walltime: 133.0
36502.0/37230.0 days/days; walltime: 71.3
36503.0/37230.0 days/days; walltime: 53.9
36504.0/37230.0 days/days; walltime: 15.7
36505.0/37230.0 days/days; walltime: 5.4
36506.0/37230.0 days/days; walltime: 11.5
36507.0/37230.0 days/days; walltime: 5.8
36508.0/37230.0 days/days; walltime: 1.9
36509.0/37230.0 days/days; walltime: 1.3
36510.0/37230.0 days/days; walltime: 3.6
36511.0/37230.0 days/days; walltime: 24.4
36512.0/37230.0 days/days; walltime: 0.9
36513.0/37230.0 days/days; walltime: 1.0
36514.0/37230.0 days/days; walltime: 36.4
36515.0/37230.0 days/days; walltime: 0.9
36516.0/37230.0 days/days; walltime: 0.8
36517.0/37230.0 days/days; walltime: 0.8
36518.0/37230.0 days/days; walltime: 0.7
36519.0/37230.0 days/days; walltime: 0.7
36520.0/37230.0 days/days; walltime: 0.7
36521.0/37230.0 days/days; walltime: 0.6
36522.0/37230.0 days/days; walltime: 0.6
36523.0/37230.0 days/days; walltime: 0.6
36524.0/37230.0 days/days; walltime: 0.6
36525.0/37230.0 days/days; walltime: 0.6
36526.0/37230.0 days/days; walltime: 0.6
36527.0/37230.0 days/days; walltime: 0.4
36528.0/37230.0 days/days; walltime: 0.4
36529.0/37230.0 days/days; walltime: 5.2
36530.0/37230.0 days/days; walltime: 0.8
36531.0/37230.0 days/days; walltime: 0.6
36532.0/37230.0 days/days; walltime: 0.4
36533.0/37230.0 days/days; walltime: 0.4
36534.0/37230.0 days/days; walltime: 0.6
36535.0/37230.0 days/days; walltime: 0.3
36536.0/37230.0 days/days; walltime: 0.9
36537.0/37230.0 days/days; walltime: 79.8
36538.0/37230.0 days/days; walltime: 0.7
36539.0/37230.0 days/days; walltime: 0.4
36540.0/37230.0 days/days; walltime: 0.1
36541.0/37230.0 days/days; walltime: 0.3
36542.0/37230.0 days/days; walltime: 0.3
36543.0/37230.0 days/days; walltime: 0.2
36544.0/37230.0 days/days; walltime: 0.3
36545.0/37230.0 days/days; walltime: 0.3
36546.0/37230.0 days/days; walltime: 0.3
36547.0/37230.0 days/days; walltime: 0.1
36548.0/37230.0 days/days; walltime: 0.3
36549.0/37230.0 days/days; walltime: 0.2
36550.0/37230.0 days/days; walltime: 0.3
36551.0/37230.0 days/days; walltime: 0.2
36552.0/37230.0 days/days; walltime: 0.2
36553.0/37230.0 days/days; walltime: 0.2
36554.0/37230.0 days/days; walltime: 0.3
36555.0/37230.0 days/days; walltime: 0.2
36556.0/37230.0 days/days; walltime: 0.3
36557.0/37230.0 days/days; walltime: 0.1
36558.0/37230.0 days/days; walltime: 0.2
36559.0/37230.0 days/days; walltime: 0.3
36560.0/37230.0 days/days; walltime: 0.1
36561.0/37230.0 days/days; walltime: 0.3
36562.0/37230.0 days/days; walltime: 0.2
36563.0/37230.0 days/days; walltime: 0.1
36564.0/37230.0 days/days; walltime: 0.3
36565.0/37230.0 days/days; walltime: 3.3
36566.0/37230.0 days/days; walltime: 0.4
36567.0/37230.0 days/days; walltime: 0.1
36568.0/37230.0 days/days; walltime: 0.1
36569.0/37230.0 days/days; walltime: 0.2
36570.0/37230.0 days/days; walltime: 0.1
36571.0/37230.0 days/days; walltime: 0.1
36572.0/37230.0 days/days; walltime: 0.2
36573.0/37230.0 days/days; walltime: 0.1
36574.0/37230.0 days/days; walltime: 0.1
36575.0/37230.0 days/days; walltime: 0.2
36576.0/37230.0 days/days; walltime: 0.1
36577.0/37230.0 days/days; walltime: 0.1
36578.0/37230.0 days/days; walltime: 0.2
36579.0/37230.0 days/days; walltime: 0.1
36580.0/37230.0 days/days; walltime: 0.1
36581.0/37230.0 days/days; walltime: 0.2
36582.0/37230.0 days/days; walltime: 0.1
36583.0/37230.0 days/days; walltime: 0.1
36584.0/37230.0 days/days; walltime: 0.2
36585.0/37230.0 days/days; walltime: 0.1
36586.0/37230.0 days/days; walltime: 0.1
36587.0/37230.0 days/days; walltime: 0.1
36588.0/37230.0 days/days; walltime: 0.3
36589.0/37230.0 days/days; walltime: 0.1
36590.0/37230.0 days/days; walltime: 0.1
36591.0/37230.0 days/days; walltime: 0.2
36592.0/37230.0 days/days; walltime: 0.1
36593.0/37230.0 days/days; walltime: 0.1
36594.0/37230.0 days/days; walltime: 0.1
36595.0/37230.0 days/days; walltime: 0.2
36596.0/37230.0 days/days; walltime: 0.1
36597.0/37230.0 days/days; walltime: 0.1
36598.0/37230.0 days/days; walltime: 2.0
36599.0/37230.0 days/days; walltime: 0.1
36600.0/37230.0 days/days; walltime: 0.1
36601.0/37230.0 days/days; walltime: 0.1
36602.0/37230.0 days/days; walltime: 0.2
36603.0/37230.0 days/days; walltime: 0.1
36604.0/37230.0 days/days; walltime: 0.1
36605.0/37230.0 days/days; walltime: 0.1
36606.0/37230.0 days/days; walltime: 0.2
36607.0/37230.0 days/days; walltime: 0.1
36608.0/37230.0 days/days; walltime: 0.1
36610.0/37230.0 days/days; walltime: 0.1
36611.0/37230.0 days/days; walltime: 0.2
36612.0/37230.0 days/days; walltime: 0.1
36613.0/37230.0 days/days; walltime: 0.1
36614.0/37230.0 days/days; walltime: 0.1
36615.0/37230.0 days/days; walltime: 0.2
36616.0/37230.0 days/days; walltime: 0.1
36617.0/37230.0 days/days; walltime: 0.3
36618.0/37230.0 days/days; walltime: 1.5
36619.0/37230.0 days/days; walltime: 8.0
36620.0/37230.0 days/days; walltime: 6.9
36621.0/37230.0 days/days; walltime: 7.4
36622.0/37230.0 days/days; walltime: 19.9
36623.0/37230.0 days/days; walltime: 7.5
36624.0/37230.0 days/days; walltime: 10.6
36625.0/37230.0 days/days; walltime: 9.8
36626.0/37230.0 days/days; walltime: 16.3
36627.0/37230.0 days/days; walltime: 11.2
36628.0/37230.0 days/days; walltime: 14.9
36629.0/37230.0 days/days; walltime: 14.6
36630.0/37230.0 days/days; walltime: 21.6
36631.0/37230.0 days/days; walltime: 17.6
36632.0/37230.0 days/days; walltime: 55.4
36633.0/37230.0 days/days; walltime: 66.8
36634.0/37230.0 days/days; walltime: 80.2
36635.0/37230.0 days/days; walltime: 79.5
36636.0/37230.0 days/days; walltime: 89.9
36637.0/37230.0 days/days; walltime: 105.7
36638.0/37230.0 days/days; walltime: 118.7
36639.0/37230.0 days/days; walltime: 173.9
36640.0/37230.0 days/days; walltime: 161.5
36641.0/37230.0 days/days; walltime: 141.0
36642.0/37230.0 days/days; walltime: 168.9
36643.0/37230.0 days/days; walltime: 175.2
36644.0/37230.0 days/days; walltime: 248.6
36645.0/37230.0 days/days; walltime: 176.9
36646.0/37230.0 days/days; walltime: 143.4
36647.0/37230.0 days/days; walltime: 208.6
36648.0/37230.0 days/days; walltime: 150.5
36649.0/37230.0 days/days; walltime: 122.3
36650.0/37230.0 days/days; walltime: 140.2
36651.0/37230.0 days/days; walltime: 126.3
36652.0/37230.0 days/days; walltime: 123.3
36653.0/37230.0 days/days; walltime: 128.7
36654.0/37230.0 days/days; walltime: 164.7
36655.0/37230.0 days/days; walltime: 159.5
36656.0/37230.0 days/days; walltime: 118.0
36657.0/37230.0 days/days; walltime: 124.8
36658.0/37230.0 days/days; walltime: 115.6
36659.0/37230.0 days/days; walltime: 89.4
36660.0/37230.0 days/days; walltime: 72.4
36661.0/37230.0 days/days; walltime: 80.6
36662.0/37230.0 days/days; walltime: 71.2
36663.0/37230.0 days/days; walltime: 76.1
36664.0/37230.0 days/days; walltime: 64.2
36665.0/37230.0 days/days; walltime: 66.2
36666.0/37230.0 days/days; walltime: 61.9
36667.0/37230.0 days/days; walltime: 65.3
36668.0/37230.0 days/days; walltime: 57.1
36669.0/37230.0 days/days; walltime: 37.4
36670.0/37230.0 days/days; walltime: 48.8
36671.0/37230.0 days/days; walltime: 73.5
36672.0/37230.0 days/days; walltime: 43.8
36673.0/37230.0 days/days; walltime: 54.4
36674.0/37230.0 days/days; walltime: 38.1
36675.0/37230.0 days/days; walltime: 15.6
36676.0/37230.0 days/days; walltime: 29.5
36677.0/37230.0 days/days; walltime: 21.4
36678.0/37230.0 days/days; walltime: 32.6
36679.0/37230.0 days/days; walltime: 51.7
36680.0/37230.0 days/days; walltime: 50.7
36681.0/37230.0 days/days; walltime: 33.7
36682.0/37230.0 days/days; walltime: 28.9
36683.0/37230.0 days/days; walltime: 42.7
36684.0/37230.0 days/days; walltime: 16.0
36685.0/37230.0 days/days; walltime: 19.5
36686.0/37230.0 days/days; walltime: 16.8
36687.0/37230.0 days/days; walltime: 18.8
36688.0/37230.0 days/days; walltime: 21.8
36689.0/37230.0 days/days; walltime: 6.9
36690.0/37230.0 days/days; walltime: 2.0
36691.0/37230.0 days/days; walltime: 14.5
36692.0/37230.0 days/days; walltime: 3.5
36693.0/37230.0 days/days; walltime: 11.5
36694.0/37230.0 days/days; walltime: 10.4
36695.0/37230.0 days/days; walltime: 5.5
36696.0/37230.0 days/days; walltime: 4.9
36697.0/37230.0 days/days; walltime: 3.2
36698.0/37230.0 days/days; walltime: 19.1
36699.0/37230.0 days/days; walltime: 4.5
36700.0/37230.0 days/days; walltime: 7.0
36701.0/37230.0 days/days; walltime: 3.5
36702.0/37230.0 days/days; walltime: 4.1
36703.0/37230.0 days/days; walltime: 3.3
36704.0/37230.0 days/days; walltime: 5.5
36705.0/37230.0 days/days; walltime: 6.4
36706.0/37230.0 days/days; walltime: 4.7
36707.0/37230.0 days/days; walltime: 8.9
36708.0/37230.0 days/days; walltime: 15.1
36709.0/37230.0 days/days; walltime: 5.2
36710.0/37230.0 days/days; walltime: 5.6
36711.0/37230.0 days/days; walltime: 5.5
36712.0/37230.0 days/days; walltime: 7.4
36713.0/37230.0 days/days; walltime: 5.9
36714.0/37230.0 days/days; walltime: 5.5
36715.0/37230.0 days/days; walltime: 7.6
36716.0/37230.0 days/days; walltime: 6.6
36717.0/37230.0 days/days; walltime: 6.6
36718.0/37230.0 days/days; walltime: 8.5
36719.0/37230.0 days/days; walltime: 7.6
36720.0/37230.0 days/days; walltime: 7.0
36721.0/37230.0 days/days; walltime: 8.5
36722.0/37230.0 days/days; walltime: 6.6
36723.0/37230.0 days/days; walltime: 9.3
36724.0/37230.0 days/days; walltime: 7.6
36725.0/37230.0 days/days; walltime: 8.3
36726.0/37230.0 days/days; walltime: 10.9
36727.0/37230.0 days/days; walltime: 7.5
36728.0/37230.0 days/days; walltime: 8.0
36729.0/37230.0 days/days; walltime: 9.2
36730.0/37230.0 days/days; walltime: 8.3
36731.0/37230.0 days/days; walltime: 7.9
36732.0/37230.0 days/days; walltime: 10.3
36733.0/37230.0 days/days; walltime: 8.7
36734.0/37230.0 days/days; walltime: 8.7
36735.0/37230.0 days/days; walltime: 7.9
36736.0/37230.0 days/days; walltime: 7.1
36737.0/37230.0 days/days; walltime: 10.9
36738.0/37230.0 days/days; walltime: 7.2
36739.0/37230.0 days/days; walltime: 10.9
36740.0/37230.0 days/days; walltime: 7.0
36741.0/37230.0 days/days; walltime: 8.0
36742.0/37230.0 days/days; walltime: 5.1
36743.0/37230.0 days/days; walltime: 6.0
36744.0/37230.0 days/days; walltime: 12.4
36745.0/37230.0 days/days; walltime: 13.3
36746.0/37230.0 days/days; walltime: 5.2
36747.0/37230.0 days/days; walltime: 9.5
36748.0/37230.0 days/days; walltime: 0.7
36749.0/37230.0 days/days; walltime: 0.6
36750.0/37230.0 days/days; walltime: 0.5
36751.0/37230.0 days/days; walltime: 0.8
36752.0/37230.0 days/days; walltime: 0.5
36753.0/37230.0 days/days; walltime: 0.5
36754.0/37230.0 days/days; walltime: 0.3
36755.0/37230.0 days/days; walltime: 0.5
36756.0/37230.0 days/days; walltime: 0.5
36757.0/37230.0 days/days; walltime: 4.0
36758.0/37230.0 days/days; walltime: 0.4
36759.0/37230.0 days/days; walltime: 0.4
36760.0/37230.0 days/days; walltime: 0.5
36761.0/37230.0 days/days; walltime: 0.4
36762.0/37230.0 days/days; walltime: 0.4
36763.0/37230.0 days/days; walltime: 0.3
36764.0/37230.0 days/days; walltime: 0.3
36765.0/37230.0 days/days; walltime: 0.4
36766.0/37230.0 days/days; walltime: 0.3
36767.0/37230.0 days/days; walltime: 0.3
36768.0/37230.0 days/days; walltime: 0.4
36769.0/37230.0 days/days; walltime: 0.2
36770.0/37230.0 days/days; walltime: 0.4
36771.0/37230.0 days/days; walltime: 0.2
36772.0/37230.0 days/days; walltime: 0.3
36773.0/37230.0 days/days; walltime: 0.3
36774.0/37230.0 days/days; walltime: 0.2
36775.0/37230.0 days/days; walltime: 0.3
36776.0/37230.0 days/days; walltime: 0.2
36777.0/37230.0 days/days; walltime: 0.3
36778.0/37230.0 days/days; walltime: 0.2
36779.0/37230.0 days/days; walltime: 0.4
36780.0/37230.0 days/days; walltime: 0.2
36781.0/37230.0 days/days; walltime: 0.3
36782.0/37230.0 days/days; walltime: 0.2
36783.0/37230.0 days/days; walltime: 0.2
36784.0/37230.0 days/days; walltime: 0.2
36785.0/37230.0 days/days; walltime: 0.3
36786.0/37230.0 days/days; walltime: 0.2
36787.0/37230.0 days/days; walltime: 0.3
36788.0/37230.0 days/days; walltime: 0.2
36789.0/37230.0 days/days; walltime: 0.3
36790.0/37230.0 days/days; walltime: 0.1
36791.0/37230.0 days/days; walltime: 4.6
36792.0/37230.0 days/days; walltime: 0.4
36793.0/37230.0 days/days; walltime: 0.3
36794.0/37230.0 days/days; walltime: 0.1
36795.0/37230.0 days/days; walltime: 0.3
36796.0/37230.0 days/days; walltime: 0.1
36797.0/37230.0 days/days; walltime: 0.1
36798.0/37230.0 days/days; walltime: 0.3
36799.0/37230.0 days/days; walltime: 0.1
36800.0/37230.0 days/days; walltime: 0.2
36801.0/37230.0 days/days; walltime: 0.1
36802.0/37230.0 days/days; walltime: 0.1
36803.0/37230.0 days/days; walltime: 0.3
36804.0/37230.0 days/days; walltime: 0.1
36805.0/37230.0 days/days; walltime: 0.3
36806.0/37230.0 days/days; walltime: 0.1
36807.0/37230.0 days/days; walltime: 0.1
36808.0/37230.0 days/days; walltime: 0.2
36809.0/37230.0 days/days; walltime: 0.1
36810.0/37230.0 days/days; walltime: 0.1
36811.0/37230.0 days/days; walltime: 0.2
36812.0/37230.0 days/days; walltime: 0.2
36813.0/37230.0 days/days; walltime: 0.1
36814.0/37230.0 days/days; walltime: 0.6
36815.0/37230.0 days/days; walltime: 0.1
36816.0/37230.0 days/days; walltime: 0.1
36817.0/37230.0 days/days; walltime: 0.2
36818.0/37230.0 days/days; walltime: 0.1
36819.0/37230.0 days/days; walltime: 0.2
36820.0/37230.0 days/days; walltime: 0.2
36821.0/37230.0 days/days; walltime: 0.1
36822.0/37230.0 days/days; walltime: 0.1
36823.0/37230.0 days/days; walltime: 0.3
36824.0/37230.0 days/days; walltime: 0.1
36825.0/37230.0 days/days; walltime: 0.1
36826.0/37230.0 days/days; walltime: 0.1
36827.0/37230.0 days/days; walltime: 0.3
36828.0/37230.0 days/days; walltime: 0.1
36829.0/37230.0 days/days; walltime: 2.4
36830.0/37230.0 days/days; walltime: 0.3
36831.0/37230.0 days/days; walltime: 0.1
36832.0/37230.0 days/days; walltime: 0.1
36833.0/37230.0 days/days; walltime: 0.2
36834.0/37230.0 days/days; walltime: 0.1
36835.0/37230.0 days/days; walltime: 0.1
36836.0/37230.0 days/days; walltime: 0.1
36837.0/37230.0 days/days; walltime: 0.2
36838.0/37230.0 days/days; walltime: 0.1
36839.0/37230.0 days/days; walltime: 0.1
36840.0/37230.0 days/days; walltime: 0.2
36841.0/37230.0 days/days; walltime: 0.1
36842.0/37230.0 days/days; walltime: 0.1
36843.0/37230.0 days/days; walltime: 0.1
36844.0/37230.0 days/days; walltime: 0.2
36845.0/37230.0 days/days; walltime: 0.1
36846.0/37230.0 days/days; walltime: 0.1
36847.0/37230.0 days/days; walltime: 0.1
36848.0/37230.0 days/days; walltime: 0.2
36849.0/37230.0 days/days; walltime: 0.1
36850.0/37230.0 days/days; walltime: 0.1
36851.0/37230.0 days/days; walltime: 0.1
36852.0/37230.0 days/days; walltime: 0.2
36853.0/37230.0 days/days; walltime: 0.1
36854.0/37230.0 days/days; walltime: 0.1
36855.0/37230.0 days/days; walltime: 0.1
36856.0/37230.0 days/days; walltime: 0.2
36857.0/37230.0 days/days; walltime: 0.1
36858.0/37230.0 days/days; walltime: 0.1
36859.0/37230.0 days/days; walltime: 0.1
36860.0/37230.0 days/days; walltime: 0.2
36861.0/37230.0 days/days; walltime: 0.1
36862.0/37230.0 days/days; walltime: 0.1
36863.0/37230.0 days/days; walltime: 0.1
36864.0/37230.0 days/days; walltime: 0.2
36865.0/37230.0 days/days; walltime: 0.1
36866.0/37230.0 days/days; walltime: 0.1
36868.0/37230.0 days/days; walltime: 0.1
-36869.0/37230.0 days/days; walltime: 0.2
--36870.0/37230.0 days/days; walltime: 0.1
--36871.0/37230.0 days/days; walltime: 0.1
--36872.0/37230.0 days/days; walltime: 0.1
--36873.0/37230.0 days/days; walltime: 0.2
--------------------------------36874.0/37230.0 days/days; walltime: 1.9
36875.0/37230.0 days/days; walltime: 0.1
36876.0/37230.0 days/days; walltime: 0.1
36877.0/37230.0 days/days; walltime: 0.2
36879.0/37230.0 days/days; walltime: 0.1
36880.0/37230.0 days/days; walltime: 0.1
36881.0/37230.0 days/days; walltime: 0.1
36882.0/37230.0 days/days; walltime: 0.2
36883.0/37230.0 days/days; walltime: 0.1
36884.0/37230.0 days/days; walltime: 0.1
36886.0/37230.0 days/days; walltime: 0.1
36887.0/37230.0 days/days; walltime: 0.2
36888.0/37230.0 days/days; walltime: 0.1
36889.0/37230.0 days/days; walltime: 0.1
36890.0/37230.0 days/days; walltime: 0.1
36892.0/37230.0 days/days; walltime: 0.2
36893.0/37230.0 days/days; walltime: 0.1
36894.0/37230.0 days/days; walltime: 0.1
36895.0/37230.0 days/days; walltime: 0.1
36896.0/37230.0 days/days; walltime: 0.2
36898.0/37230.0 days/days; walltime: 0.1
36899.0/37230.0 days/days; walltime: 0.1
36900.0/37230.0 days/days; walltime: 0.1
36901.0/37230.0 days/days; walltime: 0.2
36903.0/37230.0 days/days; walltime: 0.1
36904.0/37230.0 days/days; walltime: 0.1
36905.0/37230.0 days/days; walltime: 0.1
36907.0/37230.0 days/days; walltime: 0.2
36908.0/37230.0 days/days; walltime: 0.1
36909.0/37230.0 days/days; walltime: 0.1
36911.0/37230.0 days/days; walltime: 0.1
36912.0/37230.0 days/days; walltime: 0.2
36913.0/37230.0 days/days; walltime: 0.1
36915.0/37230.0 days/days; walltime: 0.1
36916.0/37230.0 days/days; walltime: 1.9
36917.0/37230.0 days/days; walltime: 0.2
36919.0/37230.0 days/days; walltime: 0.1
36920.0/37230.0 days/days; walltime: 0.1
36922.0/37230.0 days/days; walltime: 0.1
36923.0/37230.0 days/days; walltime: 0.2
36924.0/37230.0 days/days; walltime: 0.1
36926.0/37230.0 days/days; walltime: 0.1
36927.0/37230.0 days/days; walltime: 0.1
36929.0/37230.0 days/days; walltime: 0.2
36930.0/37230.0 days/days; walltime: 0.1
36932.0/37230.0 days/days; walltime: 0.1
36933.0/37230.0 days/days; walltime: 0.1
36935.0/37230.0 days/days; walltime: 0.2
36936.0/37230.0 days/days; walltime: 0.1
36938.0/37230.0 days/days; walltime: 0.1
36939.0/37230.0 days/days; walltime: 0.1
36941.0/37230.0 days/days; walltime: 0.2
36942.0/37230.0 days/days; walltime: 0.1
36944.0/37230.0 days/days; walltime: 0.1
36945.0/37230.0 days/days; walltime: 0.1
36947.0/37230.0 days/days; walltime: 0.2
36949.0/37230.0 days/days; walltime: 0.1
36950.0/37230.0 days/days; walltime: 0.1
36952.0/37230.0 days/days; walltime: 0.1
36953.0/37230.0 days/days; walltime: 0.1
-----36955.0/37230.0 days/days; walltime: 1.9
-36957.0/37230.0 days/days; walltime: 0.1
36958.0/37230.0 days/days; walltime: 0.1
36960.0/37230.0 days/days; walltime: 0.1
36962.0/37230.0 days/days; walltime: 0.1
36963.0/37230.0 days/days; walltime: 0.1
36965.0/37230.0 days/days; walltime: 0.1
36966.0/37230.0 days/days; walltime: 0.1
36968.0/37230.0 days/days; walltime: 0.1
36970.0/37230.0 days/days; walltime: 0.1
36971.0/37230.0 days/days; walltime: 0.1
36973.0/37230.0 days/days; walltime: 0.1
36975.0/37230.0 days/days; walltime: 1.8
36976.0/37230.0 days/days; walltime: 0.1
36978.0/37230.0 days/days; walltime: 0.1
36979.0/37230.0 days/days; walltime: 0.1
36981.0/37230.0 days/days; walltime: 0.1
-36983.0/37230.0 days/days; walltime: 1.9
36984.0/37230.0 days/days; walltime: 5.5
36985.0/37230.0 days/days; walltime: 6.5
36986.0/37230.0 days/days; walltime: 9.0
36987.0/37230.0 days/days; walltime: 6.0
36988.0/37230.0 days/days; walltime: 7.5
36989.0/37230.0 days/days; walltime: 9.8
36990.0/37230.0 days/days; walltime: 9.7
36991.0/37230.0 days/days; walltime: 13.4
36992.0/37230.0 days/days; walltime: 10.1
36993.0/37230.0 days/days; walltime: 10.7
36994.0/37230.0 days/days; walltime: 14.8
36995.0/37230.0 days/days; walltime: 21.6
36996.0/37230.0 days/days; walltime: 17.8
36997.0/37230.0 days/days; walltime: 58.8
36998.0/37230.0 days/days; walltime: 80.2
36999.0/37230.0 days/days; walltime: 94.0
37000.0/37230.0 days/days; walltime: 74.9
37001.0/37230.0 days/days; walltime: 104.7
37002.0/37230.0 days/days; walltime: 64.1
37003.0/37230.0 days/days; walltime: 117.6
37004.0/37230.0 days/days; walltime: 163.7
37005.0/37230.0 days/days; walltime: 154.9
37006.0/37230.0 days/days; walltime: 159.3
37007.0/37230.0 days/days; walltime: 129.6
37008.0/37230.0 days/days; walltime: 154.5
37009.0/37230.0 days/days; walltime: 200.7
37010.0/37230.0 days/days; walltime: 160.4
37011.0/37230.0 days/days; walltime: 139.4
37012.0/37230.0 days/days; walltime: 159.8
37013.0/37230.0 days/days; walltime: 106.0
37014.0/37230.0 days/days; walltime: 96.3
37015.0/37230.0 days/days; walltime: 70.6
37016.0/37230.0 days/days; walltime: 54.4
37017.0/37230.0 days/days; walltime: 96.4
37018.0/37230.0 days/days; walltime: 99.3
37019.0/37230.0 days/days; walltime: 118.2
37020.0/37230.0 days/days; walltime: 106.6
37021.0/37230.0 days/days; walltime: 115.5
37022.0/37230.0 days/days; walltime: 71.1
37023.0/37230.0 days/days; walltime: 69.2
37024.0/37230.0 days/days; walltime: 84.0
37025.0/37230.0 days/days; walltime: 57.7
37026.0/37230.0 days/days; walltime: 92.0
37027.0/37230.0 days/days; walltime: 72.2
37028.0/37230.0 days/days; walltime: 72.3
37029.0/37230.0 days/days; walltime: 40.2
37030.0/37230.0 days/days; walltime: 49.6
37031.0/37230.0 days/days; walltime: 71.1
37032.0/37230.0 days/days; walltime: 49.1
37033.0/37230.0 days/days; walltime: 68.7
37034.0/37230.0 days/days; walltime: 37.5
37035.0/37230.0 days/days; walltime: 37.5
37036.0/37230.0 days/days; walltime: 51.7
37037.0/37230.0 days/days; walltime: 54.6
37038.0/37230.0 days/days; walltime: 79.2
37039.0/37230.0 days/days; walltime: 48.8
37040.0/37230.0 days/days; walltime: 36.9
37041.0/37230.0 days/days; walltime: 22.7
37042.0/37230.0 days/days; walltime: 42.2
37043.0/37230.0 days/days; walltime: 62.1
37044.0/37230.0 days/days; walltime: 60.1
37045.0/37230.0 days/days; walltime: 60.4
37046.0/37230.0 days/days; walltime: 42.3
37047.0/37230.0 days/days; walltime: 42.4
37048.0/37230.0 days/days; walltime: 53.8
37049.0/37230.0 days/days; walltime: 14.0
37050.0/37230.0 days/days; walltime: 13.3
37051.0/37230.0 days/days; walltime: 19.0
37052.0/37230.0 days/days; walltime: 15.7
37053.0/37230.0 days/days; walltime: 15.9
37054.0/37230.0 days/days; walltime: 14.0
37055.0/37230.0 days/days; walltime: 10.7
37056.0/37230.0 days/days; walltime: 12.0
37057.0/37230.0 days/days; walltime: 5.3
37058.0/37230.0 days/days; walltime: 18.4
37059.0/37230.0 days/days; walltime: 14.8
37060.0/37230.0 days/days; walltime: 6.5
37061.0/37230.0 days/days; walltime: 19.5
37062.0/37230.0 days/days; walltime: 3.6
37063.0/37230.0 days/days; walltime: 13.0
37064.0/37230.0 days/days; walltime: 5.6
37065.0/37230.0 days/days; walltime: 3.8
37066.0/37230.0 days/days; walltime: 3.3
37067.0/37230.0 days/days; walltime: 5.9
37068.0/37230.0 days/days; walltime: 3.0
37069.0/37230.0 days/days; walltime: 4.5
37070.0/37230.0 days/days; walltime: 17.8
37071.0/37230.0 days/days; walltime: 7.3
37072.0/37230.0 days/days; walltime: 5.0
37073.0/37230.0 days/days; walltime: 6.3
37074.0/37230.0 days/days; walltime: 7.7
37075.0/37230.0 days/days; walltime: 6.8
37076.0/37230.0 days/days; walltime: 6.3
37077.0/37230.0 days/days; walltime: 6.1
37078.0/37230.0 days/days; walltime: 8.6
37079.0/37230.0 days/days; walltime: 6.0
37080.0/37230.0 days/days; walltime: 6.5
37081.0/37230.0 days/days; walltime: 7.8
37082.0/37230.0 days/days; walltime: 8.9
37083.0/37230.0 days/days; walltime: 6.4
37084.0/37230.0 days/days; walltime: 7.6
37085.0/37230.0 days/days; walltime: 9.9
37086.0/37230.0 days/days; walltime: 6.6
37087.0/37230.0 days/days; walltime: 7.6
37088.0/37230.0 days/days; walltime: 8.5
37089.0/37230.0 days/days; walltime: 7.6
37090.0/37230.0 days/days; walltime: 8.3
37091.0/37230.0 days/days; walltime: 9.0
37092.0/37230.0 days/days; walltime: 8.0
37093.0/37230.0 days/days; walltime: 10.9
37094.0/37230.0 days/days; walltime: 7.1
37095.0/37230.0 days/days; walltime: 8.7
37096.0/37230.0 days/days; walltime: 9.4
37097.0/37230.0 days/days; walltime: 9.2
37098.0/37230.0 days/days; walltime: 8.6
37099.0/37230.0 days/days; walltime: 9.0
37100.0/37230.0 days/days; walltime: 7.8
37101.0/37230.0 days/days; walltime: 9.1
37102.0/37230.0 days/days; walltime: 9.2
37103.0/37230.0 days/days; walltime: 6.5
37104.0/37230.0 days/days; walltime: 21.5
37105.0/37230.0 days/days; walltime: 11.1
37106.0/37230.0 days/days; walltime: 13.0
37107.0/37230.0 days/days; walltime: 13.8
37108.0/37230.0 days/days; walltime: 13.9
37109.0/37230.0 days/days; walltime: 8.5
37110.0/37230.0 days/days; walltime: 5.3
37111.0/37230.0 days/days; walltime: 7.7
37112.0/37230.0 days/days; walltime: 10.5
37113.0/37230.0 days/days; walltime: 0.7
37114.0/37230.0 days/days; walltime: 0.6
37115.0/37230.0 days/days; walltime: 3.2
37116.0/37230.0 days/days; walltime: 1.2
37117.0/37230.0 days/days; walltime: 0.5
37118.0/37230.0 days/days; walltime: 0.5
37119.0/37230.0 days/days; walltime: 0.4
37120.0/37230.0 days/days; walltime: 0.4
37121.0/37230.0 days/days; walltime: 0.5
37122.0/37230.0 days/days; walltime: 0.3
37123.0/37230.0 days/days; walltime: 0.4
37124.0/37230.0 days/days; walltime: 0.4
37125.0/37230.0 days/days; walltime: 0.4
37126.0/37230.0 days/days; walltime: 0.3
37127.0/37230.0 days/days; walltime: 0.3
37128.0/37230.0 days/days; walltime: 0.4
37129.0/37230.0 days/days; walltime: 0.2
37130.0/37230.0 days/days; walltime: 0.4
37131.0/37230.0 days/days; walltime: 0.2
37132.0/37230.0 days/days; walltime: 0.4
37133.0/37230.0 days/days; walltime: 0.3
37134.0/37230.0 days/days; walltime: 5.0
37135.0/37230.0 days/days; walltime: 0.7
37136.0/37230.0 days/days; walltime: 0.1
37137.0/37230.0 days/days; walltime: 0.3
37138.0/37230.0 days/days; walltime: 0.1
37139.0/37230.0 days/days; walltime: 0.3
37140.0/37230.0 days/days; walltime: 0.1
37141.0/37230.0 days/days; walltime: 0.3
37142.0/37230.0 days/days; walltime: 0.1
37143.0/37230.0 days/days; walltime: 0.3
37144.0/37230.0 days/days; walltime: 0.1
37145.0/37230.0 days/days; walltime: 0.3
37146.0/37230.0 days/days; walltime: 0.1
37147.0/37230.0 days/days; walltime: 0.3
37148.0/37230.0 days/days; walltime: 0.2
37149.0/37230.0 days/days; walltime: 0.3
37150.0/37230.0 days/days; walltime: 0.1
37151.0/37230.0 days/days; walltime: 0.3
37152.0/37230.0 days/days; walltime: 0.1
37153.0/37230.0 days/days; walltime: 0.2
37154.0/37230.0 days/days; walltime: 0.3
37155.0/37230.0 days/days; walltime: 0.1
37156.0/37230.0 days/days; walltime: 0.3
37157.0/37230.0 days/days; walltime: 0.2
37158.0/37230.0 days/days; walltime: 0.1
37159.0/37230.0 days/days; walltime: 0.3
37160.0/37230.0 days/days; walltime: 0.1
37161.0/37230.0 days/days; walltime: 0.3
37162.0/37230.0 days/days; walltime: 0.1
37163.0/37230.0 days/days; walltime: 0.2
37164.0/37230.0 days/days; walltime: 0.2
37165.0/37230.0 days/days; walltime: 3.3
37166.0/37230.0 days/days; walltime: 0.3
37167.0/37230.0 days/days; walltime: 0.1
37168.0/37230.0 days/days; walltime: 0.1
37169.0/37230.0 days/days; walltime: 0.3
37170.0/37230.0 days/days; walltime: 0.1
37171.0/37230.0 days/days; walltime: 0.3
37172.0/37230.0 days/days; walltime: 0.1
37173.0/37230.0 days/days; walltime: 0.1
37174.0/37230.0 days/days; walltime: 0.3
37175.0/37230.0 days/days; walltime: 0.1
37176.0/37230.0 days/days; walltime: 0.1
37177.0/37230.0 days/days; walltime: 0.3
37178.0/37230.0 days/days; walltime: 0.1
37179.0/37230.0 days/days; walltime: 0.1
37180.0/37230.0 days/days; walltime: 0.3
37181.0/37230.0 days/days; walltime: 0.1
37182.0/37230.0 days/days; walltime: 0.1
37183.0/37230.0 days/days; walltime: 0.3
37184.0/37230.0 days/days; walltime: 0.1
37185.0/37230.0 days/days; walltime: 0.1
37186.0/37230.0 days/days; walltime: 0.1
37187.0/37230.0 days/days; walltime: 0.3
37188.0/37230.0 days/days; walltime: 0.1
37189.0/37230.0 days/days; walltime: 0.1
37190.0/37230.0 days/days; walltime: 0.2
37191.0/37230.0 days/days; walltime: 0.1
37192.0/37230.0 days/days; walltime: 0.2
37193.0/37230.0 days/days; walltime: 0.2
37194.0/37230.0 days/days; walltime: 0.1
37195.0/37230.0 days/days; walltime: 0.1
37196.0/37230.0 days/days; walltime: 0.1
37197.0/37230.0 days/days; walltime: 0.2
37198.0/37230.0 days/days; walltime: 0.2
37199.0/37230.0 days/days; walltime: 0.1
37200.0/37230.0 days/days; walltime: 0.2
37201.0/37230.0 days/days; walltime: 0.1
37202.0/37230.0 days/days; walltime: 0.1
37203.0/37230.0 days/days; walltime: 0.1
37204.0/37230.0 days/days; walltime: 0.2
37205.0/37230.0 days/days; walltime: 0.1
37206.0/37230.0 days/days; walltime: 4.0
37207.0/37230.0 days/days; walltime: 0.2
37208.0/37230.0 days/days; walltime: 0.2
37209.0/37230.0 days/days; walltime: 0.3
37210.0/37230.0 days/days; walltime: 0.1
37211.0/37230.0 days/days; walltime: 0.1
37212.0/37230.0 days/days; walltime: 0.1
37213.0/37230.0 days/days; walltime: 0.1
37214.0/37230.0 days/days; walltime: 0.1
37215.0/37230.0 days/days; walltime: 0.1
37217.0/37230.0 days/days; walltime: 0.1
37218.0/37230.0 days/days; walltime: 0.1
37219.0/37230.0 days/days; walltime: 0.1
37220.0/37230.0 days/days; walltime: 0.2
37221.0/37230.0 days/days; walltime: 0.1
37222.0/37230.0 days/days; walltime: 0.1
37223.0/37230.0 days/days; walltime: 0.1
37224.0/37230.0 days/days; walltime: 0.2
37225.0/37230.0 days/days; walltime: 0.1
37226.0/37230.0 days/days; walltime: 0.1
37227.0/37230.0 days/days; walltime: 0.1
37229.0/37230.0 days/days; walltime: 0.2
37230.0/37230.0 days/days; walltime: 0.2
Wallclock for model run: 11447.1s
 

fields = 

  struct with fields:

    nodes: [1x1 struct]
    edges: [1x1 struct]
       BC: [1x1 struct]

No cases left; exiting.
