Case 4:
Picked up JAVA_TOOL_OPTIONS: -Xmx2g
Opening log file:  /tmp/java.log.7380

                            < M A T L A B (R) >
                  Copyright 1984-2022 The MathWorks, Inc.
                  R2022a (9.12.0.1884302) 64-bit (glnxa64)
                             February 16, 2022

 
To get started, type doc.
For product information, visit www.mathworks.com.
 

config = 

  struct with fields:

                 k_s: 0.0200
                 l_c: 50
            n_moulin: 68
    creep_const_soft: 0
             mesh_nr: 4
                 k_c: 0.5000
               h_bed: 0.5000
               l_bed: 10
               alpha: 1.2500
                beta: 1.5000
               omega: 5.0000e-04
                 e_v: 1.0000e-04

Running model run (ode15s):
Run to steady
Saving model run to
./RUN/output_104_steady.nc
Fields, IC & BC initialised
Initial phi calculated in 1.7s
0.0/36500.0 days/days; walltime: 20.4
-------------------------------------------------------------1825.0/36500.0 days/days; walltime: 856.8
----------------------------------------3650.0/36500.0 days/days; walltime: 7.9
5475.0/36500.0 days/days; walltime: 1.6
7300.0/36500.0 days/days; walltime: 0.8
-------9125.0/36500.0 days/days; walltime: 8.9
------------10950.0/36500.0 days/days; walltime: 308.6
------------------------------------------------------------------------------------------------------12775.0/36500.0 days/days; walltime: 53.6
----------------------------------14600.0/36500.0 days/days; walltime: 52.8
------16425.0/36500.0 days/days; walltime: 13.8
-18250.0/36500.0 days/days; walltime: 14.3
20075.0/36500.0 days/days; walltime: 14.8
21900.0/36500.0 days/days; walltime: 4.9
---23725.0/36500.0 days/days; walltime: 2.6
25550.0/36500.0 days/days; walltime: 1.7
27375.0/36500.0 days/days; walltime: 1.3
29200.0/36500.0 days/days; walltime: 1.1
31025.0/36500.0 days/days; walltime: 0.7
32850.0/36500.0 days/days; walltime: 0.6
34675.0/36500.0 days/days; walltime: 0.5
36500.0/36500.0 days/days; walltime: 0.6
Wallclock for model run: 1371.6s
 

fields = 

  struct with fields:

    nodes: [1x1 struct]
    edges: [1x1 struct]
       BC: [1x1 struct]

Running model run (ode15s):
Run seasonal
Saving model run to
./RUN/output_104_seasonal.nc
IC initialised from struct
IC initialised from file/given & rest from parameters and given functions
36500.0/37230.0 days/days; walltime: 15.2
36501.0/37230.0 days/days; walltime: 92.8
36502.0/37230.0 days/days; walltime: 54.3
36503.0/37230.0 days/days; walltime: 42.6
36504.0/37230.0 days/days; walltime: 12.8
36505.0/37230.0 days/days; walltime: 7.9
36506.0/37230.0 days/days; walltime: 9.1
36507.0/37230.0 days/days; walltime: 5.1
36508.0/37230.0 days/days; walltime: 1.8
36509.0/37230.0 days/days; walltime: 1.1
36510.0/37230.0 days/days; walltime: 46.0
36511.0/37230.0 days/days; walltime: 1.2
36512.0/37230.0 days/days; walltime: 0.8
36513.0/37230.0 days/days; walltime: 0.9
36514.0/37230.0 days/days; walltime: 0.8
36515.0/37230.0 days/days; walltime: 1.2
36516.0/37230.0 days/days; walltime: 48.9
36517.0/37230.0 days/days; walltime: 21.5
36518.0/37230.0 days/days; walltime: 0.6
36519.0/37230.0 days/days; walltime: 0.6
36520.0/37230.0 days/days; walltime: 0.5
36521.0/37230.0 days/days; walltime: 0.7
36522.0/37230.0 days/days; walltime: 0.5
36523.0/37230.0 days/days; walltime: 0.5
36524.0/37230.0 days/days; walltime: 0.5
36525.0/37230.0 days/days; walltime: 0.5
36526.0/37230.0 days/days; walltime: 0.3
36527.0/37230.0 days/days; walltime: 0.5
36528.0/37230.0 days/days; walltime: 0.4
36529.0/37230.0 days/days; walltime: 0.4
36530.0/37230.0 days/days; walltime: 0.5
36531.0/37230.0 days/days; walltime: 0.4
36532.0/37230.0 days/days; walltime: 0.2
36533.0/37230.0 days/days; walltime: 0.4
36534.0/37230.0 days/days; walltime: 0.4
36535.0/37230.0 days/days; walltime: 0.3
36536.0/37230.0 days/days; walltime: 0.4
36537.0/37230.0 days/days; walltime: 0.3
36538.0/37230.0 days/days; walltime: 0.3
36539.0/37230.0 days/days; walltime: 5.0
36540.0/37230.0 days/days; walltime: 0.8
36541.0/37230.0 days/days; walltime: 0.3
36542.0/37230.0 days/days; walltime: 0.2
36543.0/37230.0 days/days; walltime: 0.1
36544.0/37230.0 days/days; walltime: 0.3
36545.0/37230.0 days/days; walltime: 0.2
36546.0/37230.0 days/days; walltime: 0.3
36547.0/37230.0 days/days; walltime: 0.2
36548.0/37230.0 days/days; walltime: 0.3
36549.0/37230.0 days/days; walltime: 0.2
36550.0/37230.0 days/days; walltime: 0.3
36551.0/37230.0 days/days; walltime: 0.4
36552.0/37230.0 days/days; walltime: 0.4
36553.0/37230.0 days/days; walltime: 0.2
36554.0/37230.0 days/days; walltime: 0.4
36555.0/37230.0 days/days; walltime: 0.2
36556.0/37230.0 days/days; walltime: 0.9
36557.0/37230.0 days/days; walltime: 42.6
36558.0/37230.0 days/days; walltime: 0.5
36559.0/37230.0 days/days; walltime: 0.3
36560.0/37230.0 days/days; walltime: 0.2
36561.0/37230.0 days/days; walltime: 0.1
36562.0/37230.0 days/days; walltime: 0.3
36563.0/37230.0 days/days; walltime: 0.0
36564.0/37230.0 days/days; walltime: 0.1
36565.0/37230.0 days/days; walltime: 0.2
36566.0/37230.0 days/days; walltime: 0.2
36567.0/37230.0 days/days; walltime: 0.1
36568.0/37230.0 days/days; walltime: 0.3
36569.0/37230.0 days/days; walltime: 0.1
36570.0/37230.0 days/days; walltime: 0.3
36571.0/37230.0 days/days; walltime: 0.1
36572.0/37230.0 days/days; walltime: 0.1
36573.0/37230.0 days/days; walltime: 0.3
36574.0/37230.0 days/days; walltime: 0.1
36575.0/37230.0 days/days; walltime: 0.1
36576.0/37230.0 days/days; walltime: 0.3
36577.0/37230.0 days/days; walltime: 0.1
36578.0/37230.0 days/days; walltime: 0.1
36579.0/37230.0 days/days; walltime: 0.3
36580.0/37230.0 days/days; walltime: 0.1
36581.0/37230.0 days/days; walltime: 0.1
36582.0/37230.0 days/days; walltime: 0.1
36583.0/37230.0 days/days; walltime: 0.3
36584.0/37230.0 days/days; walltime: 0.1
36585.0/37230.0 days/days; walltime: 0.1
36586.0/37230.0 days/days; walltime: 0.2
36587.0/37230.0 days/days; walltime: 0.1
36588.0/37230.0 days/days; walltime: 0.2
36589.0/37230.0 days/days; walltime: 0.2
36590.0/37230.0 days/days; walltime: 0.1
36591.0/37230.0 days/days; walltime: 0.1
36592.0/37230.0 days/days; walltime: 0.1
36593.0/37230.0 days/days; walltime: 0.2
36594.0/37230.0 days/days; walltime: 0.1
36595.0/37230.0 days/days; walltime: 0.1
36596.0/37230.0 days/days; walltime: 0.1
36597.0/37230.0 days/days; walltime: 0.2
36598.0/37230.0 days/days; walltime: 0.2
36599.0/37230.0 days/days; walltime: 0.1
36600.0/37230.0 days/days; walltime: 0.2
36601.0/37230.0 days/days; walltime: 23.8
36602.0/37230.0 days/days; walltime: 0.7
36603.0/37230.0 days/days; walltime: 0.3
36604.0/37230.0 days/days; walltime: 0.1
36605.0/37230.0 days/days; walltime: 0.1
36606.0/37230.0 days/days; walltime: 0.1
36608.0/37230.0 days/days; walltime: 0.2
36609.0/37230.0 days/days; walltime: 0.1
36610.0/37230.0 days/days; walltime: 0.1
36611.0/37230.0 days/days; walltime: 0.1
36612.0/37230.0 days/days; walltime: 0.2
36613.0/37230.0 days/days; walltime: 0.1
36614.0/37230.0 days/days; walltime: 0.1
36615.0/37230.0 days/days; walltime: 0.1
36616.0/37230.0 days/days; walltime: 0.2
36617.0/37230.0 days/days; walltime: 0.3
36618.0/37230.0 days/days; walltime: 1.5
36619.0/37230.0 days/days; walltime: 6.4
36620.0/37230.0 days/days; walltime: 40.0
36621.0/37230.0 days/days; walltime: 4.6
36622.0/37230.0 days/days; walltime: 10.7
36623.0/37230.0 days/days; walltime: 7.1
36624.0/37230.0 days/days; walltime: 8.7
36625.0/37230.0 days/days; walltime: 8.9
36626.0/37230.0 days/days; walltime: 12.6
36627.0/37230.0 days/days; walltime: 10.0
36628.0/37230.0 days/days; walltime: 10.3
36629.0/37230.0 days/days; walltime: 15.1
36630.0/37230.0 days/days; walltime: 16.6
36631.0/37230.0 days/days; walltime: 15.1
36632.0/37230.0 days/days; walltime: 42.7
36633.0/37230.0 days/days; walltime: 69.1
36634.0/37230.0 days/days; walltime: 71.4
36635.0/37230.0 days/days; walltime: 67.4
36636.0/37230.0 days/days; walltime: 69.9
36637.0/37230.0 days/days; walltime: 91.0
36638.0/37230.0 days/days; walltime: 124.1
36639.0/37230.0 days/days; walltime: 128.0
36640.0/37230.0 days/days; walltime: 140.0
36641.0/37230.0 days/days; walltime: 124.2
36642.0/37230.0 days/days; walltime: 157.7
36643.0/37230.0 days/days; walltime: 165.7
36644.0/37230.0 days/days; walltime: 200.6
36645.0/37230.0 days/days; walltime: 193.2
36646.0/37230.0 days/days; walltime: 118.0
36647.0/37230.0 days/days; walltime: 183.9
36648.0/37230.0 days/days; walltime: 123.3
36649.0/37230.0 days/days; walltime: 115.8
36650.0/37230.0 days/days; walltime: 134.6
36651.0/37230.0 days/days; walltime: 104.0
36652.0/37230.0 days/days; walltime: 105.1
36653.0/37230.0 days/days; walltime: 110.8
36654.0/37230.0 days/days; walltime: 148.6
36655.0/37230.0 days/days; walltime: 151.2
36656.0/37230.0 days/days; walltime: 112.2
36657.0/37230.0 days/days; walltime: 115.9
36658.0/37230.0 days/days; walltime: 104.7
36659.0/37230.0 days/days; walltime: 71.7
36660.0/37230.0 days/days; walltime: 70.7
36661.0/37230.0 days/days; walltime: 75.3
36662.0/37230.0 days/days; walltime: 57.7
36663.0/37230.0 days/days; walltime: 68.7
36664.0/37230.0 days/days; walltime: 46.4
36665.0/37230.0 days/days; walltime: 63.4
36666.0/37230.0 days/days; walltime: 64.4
36667.0/37230.0 days/days; walltime: 51.5
36668.0/37230.0 days/days; walltime: 35.8
36669.0/37230.0 days/days; walltime: 54.7
36670.0/37230.0 days/days; walltime: 28.8
36671.0/37230.0 days/days; walltime: 72.3
36672.0/37230.0 days/days; walltime: 32.3
36673.0/37230.0 days/days; walltime: 64.9
36674.0/37230.0 days/days; walltime: 31.5
36675.0/37230.0 days/days; walltime: 12.3
36676.0/37230.0 days/days; walltime: 30.0
36677.0/37230.0 days/days; walltime: 16.7
36678.0/37230.0 days/days; walltime: 43.4
36679.0/37230.0 days/days; walltime: 42.1
36680.0/37230.0 days/days; walltime: 49.2
36681.0/37230.0 days/days; walltime: 28.6
36682.0/37230.0 days/days; walltime: 24.1
36683.0/37230.0 days/days; walltime: 37.9
36684.0/37230.0 days/days; walltime: 9.0
36685.0/37230.0 days/days; walltime: 17.0
36686.0/37230.0 days/days; walltime: 16.1
36687.0/37230.0 days/days; walltime: 7.7
36688.0/37230.0 days/days; walltime: 8.5
36689.0/37230.0 days/days; walltime: 7.6
36690.0/37230.0 days/days; walltime: 6.7
36691.0/37230.0 days/days; walltime: 13.5
36692.0/37230.0 days/days; walltime: 1.5
36693.0/37230.0 days/days; walltime: 11.0
36694.0/37230.0 days/days; walltime: 14.2
36695.0/37230.0 days/days; walltime: 5.6
36696.0/37230.0 days/days; walltime: 3.8
36697.0/37230.0 days/days; walltime: 3.0
36698.0/37230.0 days/days; walltime: 6.4
36699.0/37230.0 days/days; walltime: 3.4
36700.0/37230.0 days/days; walltime: 3.4
36701.0/37230.0 days/days; walltime: 2.7
36702.0/37230.0 days/days; walltime: 3.1
36703.0/37230.0 days/days; walltime: 3.3
36704.0/37230.0 days/days; walltime: 5.1
36705.0/37230.0 days/days; walltime: 4.3
36706.0/37230.0 days/days; walltime: 4.4
36707.0/37230.0 days/days; walltime: 7.0
36708.0/37230.0 days/days; walltime: 4.2
36709.0/37230.0 days/days; walltime: 4.2
36710.0/37230.0 days/days; walltime: 4.5
36711.0/37230.0 days/days; walltime: 5.0
36712.0/37230.0 days/days; walltime: 6.6
36713.0/37230.0 days/days; walltime: 6.7
36714.0/37230.0 days/days; walltime: 4.3
36715.0/37230.0 days/days; walltime: 5.6
36716.0/37230.0 days/days; walltime: 6.8
36717.0/37230.0 days/days; walltime: 5.1
36718.0/37230.0 days/days; walltime: 6.7
36719.0/37230.0 days/days; walltime: 6.6
36720.0/37230.0 days/days; walltime: 5.7
36721.0/37230.0 days/days; walltime: 6.8
36722.0/37230.0 days/days; walltime: 6.0
36723.0/37230.0 days/days; walltime: 6.0
36724.0/37230.0 days/days; walltime: 8.4
36725.0/37230.0 days/days; walltime: 6.5
36726.0/37230.0 days/days; walltime: 8.6
36727.0/37230.0 days/days; walltime: 6.6
36728.0/37230.0 days/days; walltime: 7.2
36729.0/37230.0 days/days; walltime: 7.9
36730.0/37230.0 days/days; walltime: 6.4
36731.0/37230.0 days/days; walltime: 6.5
36732.0/37230.0 days/days; walltime: 8.6
36733.0/37230.0 days/days; walltime: 6.7
36734.0/37230.0 days/days; walltime: 7.5
36735.0/37230.0 days/days; walltime: 6.6
36736.0/37230.0 days/days; walltime: 6.3
36737.0/37230.0 days/days; walltime: 7.8
36738.0/37230.0 days/days; walltime: 5.8
36739.0/37230.0 days/days; walltime: 6.9
36740.0/37230.0 days/days; walltime: 6.1
36741.0/37230.0 days/days; walltime: 7.9
36742.0/37230.0 days/days; walltime: 4.5
36743.0/37230.0 days/days; walltime: 5.0
36744.0/37230.0 days/days; walltime: 8.0
36745.0/37230.0 days/days; walltime: 9.7
36746.0/37230.0 days/days; walltime: 9.3
36747.0/37230.0 days/days; walltime: 8.4
36748.0/37230.0 days/days; walltime: 0.5
36749.0/37230.0 days/days; walltime: 0.5
36750.0/37230.0 days/days; walltime: 0.7
36751.0/37230.0 days/days; walltime: 0.5
36752.0/37230.0 days/days; walltime: 0.5
36753.0/37230.0 days/days; walltime: 0.5
36754.0/37230.0 days/days; walltime: 0.5
36755.0/37230.0 days/days; walltime: 0.5
36756.0/37230.0 days/days; walltime: 0.3
36757.0/37230.0 days/days; walltime: 3.4
36758.0/37230.0 days/days; walltime: 0.4
36759.0/37230.0 days/days; walltime: 0.5
36760.0/37230.0 days/days; walltime: 0.4
36761.0/37230.0 days/days; walltime: 0.4
36762.0/37230.0 days/days; walltime: 0.4
36763.0/37230.0 days/days; walltime: 0.3
36764.0/37230.0 days/days; walltime: 0.3
36765.0/37230.0 days/days; walltime: 0.4
36766.0/37230.0 days/days; walltime: 0.3
36767.0/37230.0 days/days; walltime: 0.3
36768.0/37230.0 days/days; walltime: 0.4
36769.0/37230.0 days/days; walltime: 0.2
36770.0/37230.0 days/days; walltime: 0.4
36771.0/37230.0 days/days; walltime: 0.2
36772.0/37230.0 days/days; walltime: 0.4
36773.0/37230.0 days/days; walltime: 0.3
36774.0/37230.0 days/days; walltime: 0.2
36775.0/37230.0 days/days; walltime: 0.3
36776.0/37230.0 days/days; walltime: 0.2
36777.0/37230.0 days/days; walltime: 0.3
36778.0/37230.0 days/days; walltime: 0.3
36779.0/37230.0 days/days; walltime: 0.3
36780.0/37230.0 days/days; walltime: 0.2
36781.0/37230.0 days/days; walltime: 46.4
36782.0/37230.0 days/days; walltime: 1.4
36783.0/37230.0 days/days; walltime: 0.4
36784.0/37230.0 days/days; walltime: 0.2
36785.0/37230.0 days/days; walltime: 0.3
36786.0/37230.0 days/days; walltime: 0.2
36787.0/37230.0 days/days; walltime: 0.3
36788.0/37230.0 days/days; walltime: 0.1
36789.0/37230.0 days/days; walltime: 0.2
36790.0/37230.0 days/days; walltime: 0.3
36791.0/37230.0 days/days; walltime: 0.2
36792.0/37230.0 days/days; walltime: 0.2
36793.0/37230.0 days/days; walltime: 0.2
36794.0/37230.0 days/days; walltime: 0.3
36795.0/37230.0 days/days; walltime: 0.2
36796.0/37230.0 days/days; walltime: 0.1
36797.0/37230.0 days/days; walltime: 0.3
36798.0/37230.0 days/days; walltime: 0.1
36799.0/37230.0 days/days; walltime: 0.3
36800.0/37230.0 days/days; walltime: 0.2
36801.0/37230.0 days/days; walltime: 0.1
36802.0/37230.0 days/days; walltime: 0.3
36803.0/37230.0 days/days; walltime: 0.1
36804.0/37230.0 days/days; walltime: 0.3
36805.0/37230.0 days/days; walltime: 0.1
36806.0/37230.0 days/days; walltime: 0.2
36807.0/37230.0 days/days; walltime: 0.2
36808.0/37230.0 days/days; walltime: 0.1
36809.0/37230.0 days/days; walltime: 0.1
36810.0/37230.0 days/days; walltime: 0.2
36811.0/37230.0 days/days; walltime: 0.1
36812.0/37230.0 days/days; walltime: 0.0
36813.0/37230.0 days/days; walltime: 0.2
36814.0/37230.0 days/days; walltime: 0.5
36815.0/37230.0 days/days; walltime: 0.1
36816.0/37230.0 days/days; walltime: 0.2
36817.0/37230.0 days/days; walltime: 0.1
36818.0/37230.0 days/days; walltime: 0.2
36819.0/37230.0 days/days; walltime: 0.2
36820.0/37230.0 days/days; walltime: 0.1
36821.0/37230.0 days/days; walltime: 0.1
36822.0/37230.0 days/days; walltime: 0.3
36823.0/37230.0 days/days; walltime: 1.6
36824.0/37230.0 days/days; walltime: 0.0
36825.0/37230.0 days/days; walltime: 0.0
36826.0/37230.0 days/days; walltime: 0.2
36827.0/37230.0 days/days; walltime: 0.1
36828.0/37230.0 days/days; walltime: 0.0
36829.0/37230.0 days/days; walltime: 0.2
36830.0/37230.0 days/days; walltime: 0.0
36831.0/37230.0 days/days; walltime: 0.0
36832.0/37230.0 days/days; walltime: 0.0
36833.0/37230.0 days/days; walltime: 0.2
36834.0/37230.0 days/days; walltime: 0.1
36835.0/37230.0 days/days; walltime: 0.0
36836.0/37230.0 days/days; walltime: 0.2
36837.0/37230.0 days/days; walltime: 0.0
36838.0/37230.0 days/days; walltime: 0.0
36839.0/37230.0 days/days; walltime: 0.0
36840.0/37230.0 days/days; walltime: 0.2
36841.0/37230.0 days/days; walltime: 0.0
36842.0/37230.0 days/days; walltime: 0.0
36843.0/37230.0 days/days; walltime: 0.0
36844.0/37230.0 days/days; walltime: 0.2
36845.0/37230.0 days/days; walltime: 0.1
36846.0/37230.0 days/days; walltime: 0.1
36847.0/37230.0 days/days; walltime: 0.1
36848.0/37230.0 days/days; walltime: 0.2
36849.0/37230.0 days/days; walltime: 0.0
36850.0/37230.0 days/days; walltime: 0.0
36851.0/37230.0 days/days; walltime: 0.0
36852.0/37230.0 days/days; walltime: 0.2
36853.0/37230.0 days/days; walltime: 0.1
36854.0/37230.0 days/days; walltime: 0.1
36855.0/37230.0 days/days; walltime: 0.1
36856.0/37230.0 days/days; walltime: 0.2
36857.0/37230.0 days/days; walltime: 0.1
36858.0/37230.0 days/days; walltime: 0.1
36859.0/37230.0 days/days; walltime: 0.1
36860.0/37230.0 days/days; walltime: 0.2
36861.0/37230.0 days/days; walltime: 0.1
36862.0/37230.0 days/days; walltime: 0.1
36863.0/37230.0 days/days; walltime: 0.1
36864.0/37230.0 days/days; walltime: 0.2
36865.0/37230.0 days/days; walltime: 0.1
36866.0/37230.0 days/days; walltime: 0.1
---36867.0/37230.0 days/days; walltime: 1.6
36868.0/37230.0 days/days; walltime: 0.2
36870.0/37230.0 days/days; walltime: 0.1
36871.0/37230.0 days/days; walltime: 0.1
36872.0/37230.0 days/days; walltime: 0.1
36873.0/37230.0 days/days; walltime: 0.2
36874.0/37230.0 days/days; walltime: 0.1
36875.0/37230.0 days/days; walltime: 0.1
36876.0/37230.0 days/days; walltime: 0.1
36877.0/37230.0 days/days; walltime: 0.2
36878.0/37230.0 days/days; walltime: 0.1
36880.0/37230.0 days/days; walltime: 0.1
36881.0/37230.0 days/days; walltime: 0.1
36882.0/37230.0 days/days; walltime: 0.2
36883.0/37230.0 days/days; walltime: 0.1
36884.0/37230.0 days/days; walltime: 0.1
36885.0/37230.0 days/days; walltime: 0.1
36887.0/37230.0 days/days; walltime: 0.2
36888.0/37230.0 days/days; walltime: 0.1
36889.0/37230.0 days/days; walltime: 0.1
36890.0/37230.0 days/days; walltime: 0.1
36891.0/37230.0 days/days; walltime: 0.2
36893.0/37230.0 days/days; walltime: 0.1
36894.0/37230.0 days/days; walltime: 0.1
36895.0/37230.0 days/days; walltime: 0.1
36896.0/37230.0 days/days; walltime: 0.2
36898.0/37230.0 days/days; walltime: 0.1
36899.0/37230.0 days/days; walltime: 0.1
36900.0/37230.0 days/days; walltime: 0.1
36901.0/37230.0 days/days; walltime: 0.2
36903.0/37230.0 days/days; walltime: 0.1
36904.0/37230.0 days/days; walltime: 0.1
36905.0/37230.0 days/days; walltime: 0.1
36907.0/37230.0 days/days; walltime: 0.2
36908.0/37230.0 days/days; walltime: 0.1
36909.0/37230.0 days/days; walltime: 1.5
36910.0/37230.0 days/days; walltime: 0.1
36912.0/37230.0 days/days; walltime: 0.2
36913.0/37230.0 days/days; walltime: 0.1
36915.0/37230.0 days/days; walltime: 0.1
36916.0/37230.0 days/days; walltime: 0.1
36917.0/37230.0 days/days; walltime: 0.2
36919.0/37230.0 days/days; walltime: 0.1
36920.0/37230.0 days/days; walltime: 0.1
36921.0/37230.0 days/days; walltime: 0.1
36923.0/37230.0 days/days; walltime: 0.2
36924.0/37230.0 days/days; walltime: 0.1
36926.0/37230.0 days/days; walltime: 0.1
36927.0/37230.0 days/days; walltime: 0.1
36929.0/37230.0 days/days; walltime: 0.2
36930.0/37230.0 days/days; walltime: 0.1
36932.0/37230.0 days/days; walltime: 0.1
36933.0/37230.0 days/days; walltime: 0.1
36935.0/37230.0 days/days; walltime: 0.2
36936.0/37230.0 days/days; walltime: 0.1
36938.0/37230.0 days/days; walltime: 0.1
36939.0/37230.0 days/days; walltime: 0.1
36941.0/37230.0 days/days; walltime: 0.2
36942.0/37230.0 days/days; walltime: 0.1
36944.0/37230.0 days/days; walltime: 0.1
36945.0/37230.0 days/days; walltime: 0.1
36947.0/37230.0 days/days; walltime: 0.2
36949.0/37230.0 days/days; walltime: 1.6
36950.0/37230.0 days/days; walltime: 0.1
36952.0/37230.0 days/days; walltime: 0.1
36954.0/37230.0 days/days; walltime: 0.1
36955.0/37230.0 days/days; walltime: 0.1
36957.0/37230.0 days/days; walltime: 0.1
36958.0/37230.0 days/days; walltime: 0.1
36960.0/37230.0 days/days; walltime: 0.1
36962.0/37230.0 days/days; walltime: 0.1
36963.0/37230.0 days/days; walltime: 0.1
36965.0/37230.0 days/days; walltime: 0.1
36967.0/37230.0 days/days; walltime: 0.1
36968.0/37230.0 days/days; walltime: 0.1
36970.0/37230.0 days/days; walltime: 0.1
36972.0/37230.0 days/days; walltime: 0.1
36973.0/37230.0 days/days; walltime: 0.1
36975.0/37230.0 days/days; walltime: 0.1
36976.0/37230.0 days/days; walltime: 0.1
36978.0/37230.0 days/days; walltime: 0.1
36980.0/37230.0 days/days; walltime: 0.1
36981.0/37230.0 days/days; walltime: 0.1
-36983.0/37230.0 days/days; walltime: 54.2
36984.0/37230.0 days/days; walltime: 4.8
36985.0/37230.0 days/days; walltime: 5.0
36986.0/37230.0 days/days; walltime: 6.7
36987.0/37230.0 days/days; walltime: 5.4
36988.0/37230.0 days/days; walltime: 5.8
36989.0/37230.0 days/days; walltime: 8.9
36990.0/37230.0 days/days; walltime: 7.6
36991.0/37230.0 days/days; walltime: 12.8
36992.0/37230.0 days/days; walltime: 8.9
36993.0/37230.0 days/days; walltime: 9.5
36994.0/37230.0 days/days; walltime: 11.0
36995.0/37230.0 days/days; walltime: 14.5
36996.0/37230.0 days/days; walltime: 12.3
36997.0/37230.0 days/days; walltime: 52.1
36998.0/37230.0 days/days; walltime: 58.7
36999.0/37230.0 days/days; walltime: 59.9
37000.0/37230.0 days/days; walltime: 64.6
37001.0/37230.0 days/days; walltime: 77.8
37002.0/37230.0 days/days; walltime: 87.4
37003.0/37230.0 days/days; walltime: 112.7
37004.0/37230.0 days/days; walltime: 139.1
37005.0/37230.0 days/days; walltime: 115.3
37006.0/37230.0 days/days; walltime: 109.3
37007.0/37230.0 days/days; walltime: 124.6
37008.0/37230.0 days/days; walltime: 123.3
37009.0/37230.0 days/days; walltime: 170.1
37010.0/37230.0 days/days; walltime: 125.7
37011.0/37230.0 days/days; walltime: 98.9
37012.0/37230.0 days/days; walltime: 141.5
37013.0/37230.0 days/days; walltime: 90.2
37014.0/37230.0 days/days; walltime: 74.1
37015.0/37230.0 days/days; walltime: 68.5
37016.0/37230.0 days/days; walltime: 46.9
37017.0/37230.0 days/days; walltime: 61.5
37018.0/37230.0 days/days; walltime: 96.6
37019.0/37230.0 days/days; walltime: 109.1
37020.0/37230.0 days/days; walltime: 105.2
37021.0/37230.0 days/days; walltime: 94.5
37022.0/37230.0 days/days; walltime: 58.7
37023.0/37230.0 days/days; walltime: 63.6
37024.0/37230.0 days/days; walltime: 72.9
37025.0/37230.0 days/days; walltime: 57.8
37026.0/37230.0 days/days; walltime: 67.1
37027.0/37230.0 days/days; walltime: 58.6
37028.0/37230.0 days/days; walltime: 54.7
37029.0/37230.0 days/days; walltime: 53.6
37030.0/37230.0 days/days; walltime: 46.7
37031.0/37230.0 days/days; walltime: 65.7
37032.0/37230.0 days/days; walltime: 44.5
37033.0/37230.0 days/days; walltime: 65.4
37034.0/37230.0 days/days; walltime: 39.5
37035.0/37230.0 days/days; walltime: 24.1
37036.0/37230.0 days/days; walltime: 62.4
37037.0/37230.0 days/days; walltime: 49.0
37038.0/37230.0 days/days; walltime: 61.1
37039.0/37230.0 days/days; walltime: 45.3
37040.0/37230.0 days/days; walltime: 23.8
37041.0/37230.0 days/days; walltime: 27.0
37042.0/37230.0 days/days; walltime: 28.4
37043.0/37230.0 days/days; walltime: 46.7
37044.0/37230.0 days/days; walltime: 35.3
37045.0/37230.0 days/days; walltime: 55.0
37046.0/37230.0 days/days; walltime: 33.5
37047.0/37230.0 days/days; walltime: 24.9
37048.0/37230.0 days/days; walltime: 37.0
37049.0/37230.0 days/days; walltime: 7.3
37050.0/37230.0 days/days; walltime: 12.4
37051.0/37230.0 days/days; walltime: 14.0
37052.0/37230.0 days/days; walltime: 16.0
37053.0/37230.0 days/days; walltime: 9.2
37054.0/37230.0 days/days; walltime: 20.4
37055.0/37230.0 days/days; walltime: 9.1
37056.0/37230.0 days/days; walltime: 18.9
37057.0/37230.0 days/days; walltime: 2.9
37058.0/37230.0 days/days; walltime: 8.2
37059.0/37230.0 days/days; walltime: 10.9
37060.0/37230.0 days/days; walltime: 5.7
37061.0/37230.0 days/days; walltime: 4.6
37062.0/37230.0 days/days; walltime: 2.7
37063.0/37230.0 days/days; walltime: 5.9
37064.0/37230.0 days/days; walltime: 4.7
37065.0/37230.0 days/days; walltime: 3.1
37066.0/37230.0 days/days; walltime: 2.7
37067.0/37230.0 days/days; walltime: 5.1
37068.0/37230.0 days/days; walltime: 3.2
37069.0/37230.0 days/days; walltime: 3.9
37070.0/37230.0 days/days; walltime: 3.9
37071.0/37230.0 days/days; walltime: 5.6
37072.0/37230.0 days/days; walltime: 4.4
37073.0/37230.0 days/days; walltime: 5.2
37074.0/37230.0 days/days; walltime: 5.6
37075.0/37230.0 days/days; walltime: 4.5
37076.0/37230.0 days/days; walltime: 7.8
37077.0/37230.0 days/days; walltime: 5.1
37078.0/37230.0 days/days; walltime: 5.3
37079.0/37230.0 days/days; walltime: 5.3
37080.0/37230.0 days/days; walltime: 6.6
37081.0/37230.0 days/days; walltime: 5.9
37082.0/37230.0 days/days; walltime: 7.4
37083.0/37230.0 days/days; walltime: 5.4
37084.0/37230.0 days/days; walltime: 6.3
37085.0/37230.0 days/days; walltime: 6.5
37086.0/37230.0 days/days; walltime: 6.9
37087.0/37230.0 days/days; walltime: 6.2
37088.0/37230.0 days/days; walltime: 7.4
37089.0/37230.0 days/days; walltime: 6.9
37090.0/37230.0 days/days; walltime: 8.1
37091.0/37230.0 days/days; walltime: 6.6
37092.0/37230.0 days/days; walltime: 7.6
37093.0/37230.0 days/days; walltime: 8.8
37094.0/37230.0 days/days; walltime: 7.4
37095.0/37230.0 days/days; walltime: 6.6
37096.0/37230.0 days/days; walltime: 6.2
37097.0/37230.0 days/days; walltime: 9.1
37098.0/37230.0 days/days; walltime: 7.0
37099.0/37230.0 days/days; walltime: 8.2
37100.0/37230.0 days/days; walltime: 6.7
37101.0/37230.0 days/days; walltime: 8.1
37102.0/37230.0 days/days; walltime: 7.7
37103.0/37230.0 days/days; walltime: 5.8
37104.0/37230.0 days/days; walltime: 11.8
37105.0/37230.0 days/days; walltime: 8.7
37106.0/37230.0 days/days; walltime: 10.0
37107.0/37230.0 days/days; walltime: 6.0
37108.0/37230.0 days/days; walltime: 5.3
37109.0/37230.0 days/days; walltime: 15.2
37110.0/37230.0 days/days; walltime: 4.8
37111.0/37230.0 days/days; walltime: 4.8
37112.0/37230.0 days/days; walltime: 7.9
37113.0/37230.0 days/days; walltime: 2.0
37114.0/37230.0 days/days; walltime: 0.5
37115.0/37230.0 days/days; walltime: 0.5
37116.0/37230.0 days/days; walltime: 0.5
37117.0/37230.0 days/days; walltime: 0.5
37118.0/37230.0 days/days; walltime: 0.5
37119.0/37230.0 days/days; walltime: 0.4
37120.0/37230.0 days/days; walltime: 0.5
37121.0/37230.0 days/days; walltime: 0.4
37122.0/37230.0 days/days; walltime: 0.4
37123.0/37230.0 days/days; walltime: 0.3
37124.0/37230.0 days/days; walltime: 0.4
37125.0/37230.0 days/days; walltime: 0.4
37126.0/37230.0 days/days; walltime: 0.4
37127.0/37230.0 days/days; walltime: 0.2
37128.0/37230.0 days/days; walltime: 0.4
37129.0/37230.0 days/days; walltime: 0.4
37130.0/37230.0 days/days; walltime: 4.0
37131.0/37230.0 days/days; walltime: 0.3
37132.0/37230.0 days/days; walltime: 0.3
37133.0/37230.0 days/days; walltime: 0.1
37134.0/37230.0 days/days; walltime: 0.3
37135.0/37230.0 days/days; walltime: 0.2
37136.0/37230.0 days/days; walltime: 0.1
37137.0/37230.0 days/days; walltime: 0.2
37138.0/37230.0 days/days; walltime: 0.2
37139.0/37230.0 days/days; walltime: 0.2
37140.0/37230.0 days/days; walltime: 0.1
37141.0/37230.0 days/days; walltime: 0.2
37142.0/37230.0 days/days; walltime: 0.1
37143.0/37230.0 days/days; walltime: 0.3
37144.0/37230.0 days/days; walltime: 0.1
37145.0/37230.0 days/days; walltime: 0.3
37146.0/37230.0 days/days; walltime: 0.2
37147.0/37230.0 days/days; walltime: 0.3
37148.0/37230.0 days/days; walltime: 0.1
37149.0/37230.0 days/days; walltime: 0.3
37150.0/37230.0 days/days; walltime: 0.2
37151.0/37230.0 days/days; walltime: 0.2
37152.0/37230.0 days/days; walltime: 0.2
37153.0/37230.0 days/days; walltime: 0.2
37154.0/37230.0 days/days; walltime: 0.2
37155.0/37230.0 days/days; walltime: 0.3
37156.0/37230.0 days/days; walltime: 0.4
37157.0/37230.0 days/days; walltime: 0.2
37158.0/37230.0 days/days; walltime: 0.2
37159.0/37230.0 days/days; walltime: 0.9
37160.0/37230.0 days/days; walltime: 34.4
37161.0/37230.0 days/days; walltime: 0.4
37162.0/37230.0 days/days; walltime: 0.2
37163.0/37230.0 days/days; walltime: 0.3
37164.0/37230.0 days/days; walltime: 0.1
37165.0/37230.0 days/days; walltime: 0.3
37166.0/37230.0 days/days; walltime: 0.1
37167.0/37230.0 days/days; walltime: 0.2
37168.0/37230.0 days/days; walltime: 0.2
37169.0/37230.0 days/days; walltime: 0.2
37170.0/37230.0 days/days; walltime: 0.1
37171.0/37230.0 days/days; walltime: 0.3
37172.0/37230.0 days/days; walltime: 0.1
37173.0/37230.0 days/days; walltime: 0.1
37174.0/37230.0 days/days; walltime: 0.3
37175.0/37230.0 days/days; walltime: 0.1
37176.0/37230.0 days/days; walltime: 0.1
37177.0/37230.0 days/days; walltime: 0.3
37178.0/37230.0 days/days; walltime: 0.1
37179.0/37230.0 days/days; walltime: 0.1
37180.0/37230.0 days/days; walltime: 0.3
37181.0/37230.0 days/days; walltime: 0.1
37182.0/37230.0 days/days; walltime: 0.1
37183.0/37230.0 days/days; walltime: 0.2
37184.0/37230.0 days/days; walltime: 0.2
37185.0/37230.0 days/days; walltime: 0.1
37186.0/37230.0 days/days; walltime: 0.2
37187.0/37230.0 days/days; walltime: 0.1
37188.0/37230.0 days/days; walltime: 0.2
37189.0/37230.0 days/days; walltime: 0.2
37190.0/37230.0 days/days; walltime: 0.1
37191.0/37230.0 days/days; walltime: 0.1
37192.0/37230.0 days/days; walltime: 0.1
37193.0/37230.0 days/days; walltime: 0.3
37194.0/37230.0 days/days; walltime: 0.1
37195.0/37230.0 days/days; walltime: 0.1
37196.0/37230.0 days/days; walltime: 0.2
37197.0/37230.0 days/days; walltime: 0.1
37198.0/37230.0 days/days; walltime: 0.1
37199.0/37230.0 days/days; walltime: 0.1
37200.0/37230.0 days/days; walltime: 0.3
37201.0/37230.0 days/days; walltime: 0.1
37202.0/37230.0 days/days; walltime: 1.6
37203.0/37230.0 days/days; walltime: 0.5
37204.0/37230.0 days/days; walltime: 0.3
37205.0/37230.0 days/days; walltime: 0.0
37206.0/37230.0 days/days; walltime: 0.0
37207.0/37230.0 days/days; walltime: 0.0
37208.0/37230.0 days/days; walltime: 0.2
37209.0/37230.0 days/days; walltime: 0.0
37210.0/37230.0 days/days; walltime: 0.0
37211.0/37230.0 days/days; walltime: 0.0
37212.0/37230.0 days/days; walltime: 0.2
37213.0/37230.0 days/days; walltime: 0.0
37214.0/37230.0 days/days; walltime: 0.0
37215.0/37230.0 days/days; walltime: 0.0
37216.0/37230.0 days/days; walltime: 0.2
37218.0/37230.0 days/days; walltime: 0.0
37219.0/37230.0 days/days; walltime: 0.0
37220.0/37230.0 days/days; walltime: 0.0
37221.0/37230.0 days/days; walltime: 0.2
37222.0/37230.0 days/days; walltime: 0.1
37223.0/37230.0 days/days; walltime: 0.1
37224.0/37230.0 days/days; walltime: 0.1
37225.0/37230.0 days/days; walltime: 0.2
37226.0/37230.0 days/days; walltime: 0.1
37227.0/37230.0 days/days; walltime: 0.1
37228.0/37230.0 days/days; walltime: 0.1
37230.0/37230.0 days/days; walltime: 0.2
Wallclock for model run: 10007.3s
 

fields = 

  struct with fields:

    nodes: [1x1 struct]
    edges: [1x1 struct]
       BC: [1x1 struct]

No cases left; exiting.
