Case 3:
Picked up JAVA_TOOL_OPTIONS: -Xmx2g
Opening log file:  /tmp/java.log.28563

                            < M A T L A B (R) >
                  Copyright 1984-2022 The MathWorks, Inc.
                  R2022a (9.12.0.1884302) 64-bit (glnxa64)
                             February 16, 2022

 
To get started, type doc.
For product information, visit www.mathworks.com.
 

config = 

  struct with fields:

                 k_s: 0.0200
                 l_c: 50
            n_moulin: 68
    creep_const_soft: 0
             mesh_nr: 4
                 k_c: 0.5000
               h_bed: 0.5000
               l_bed: 10
               alpha: 3
                beta: 2
               omega: 0
                 e_v: 1.0000e-04

Running model run (ode15s):
Run to steady
Saving model run to
./RUN/output_103_steady.nc
Fields, IC & BC initialised
Initial phi calculated in 2.8s
0.0/36500.0 days/days; walltime: 38.8
--------------------------------------------------1825.0/36500.0 days/days; walltime: 1693.9
-----------------------------------------------------------------------------------3650.0/36500.0 days/days; walltime: 20.3
----------------5475.0/36500.0 days/days; walltime: 2.5
---------7300.0/36500.0 days/days; walltime: 1.5
--------------------------------------------------------------------------------------------------9125.0/36500.0 days/days; walltime: 13.4
----------------------------------------------------------------------------------------------------------------------------------------------------------------------------------------------------------------------------------------------------------------------10950.0/36500.0 days/days; walltime: 591.7
--------------------------------------------------------------------------------------------------------------12775.0/36500.0 days/days; walltime: 104.3
-------------------------------14600.0/36500.0 days/days; walltime: 98.0
16425.0/36500.0 days/days; walltime: 30.5
-----18250.0/36500.0 days/days; walltime: 30.6
20075.0/36500.0 days/days; walltime: 24.9
21900.0/36500.0 days/days; walltime: 8.0
23725.0/36500.0 days/days; walltime: 5.8
25550.0/36500.0 days/days; walltime: 3.8
27375.0/36500.0 days/days; walltime: 2.5
29200.0/36500.0 days/days; walltime: 1.1
31025.0/36500.0 days/days; walltime: 1.4
32850.0/36500.0 days/days; walltime: 0.9
34675.0/36500.0 days/days; walltime: 0.9
36500.0/36500.0 days/days; walltime: 0.9
Wallclock for model run: 2684.9s
 

fields = 

  struct with fields:

    nodes: [1x1 struct]
    edges: [1x1 struct]
       BC: [1x1 struct]

Running model run (ode15s):
Run seasonal
Saving model run to
./RUN/output_103_seasonal.nc
IC initialised from struct
IC initialised from file/given & rest from parameters and given functions
36500.0/37230.0 days/days; walltime: 29.2
36501.0/37230.0 days/days; walltime: 181.8
36502.0/37230.0 days/days; walltime: 164.6
36503.0/37230.0 days/days; walltime: 85.4
36504.0/37230.0 days/days; walltime: 24.6
36505.0/37230.0 days/days; walltime: 12.5
36506.0/37230.0 days/days; walltime: 14.3
36507.0/37230.0 days/days; walltime: 5.6
36508.0/37230.0 days/days; walltime: 2.9
36509.0/37230.0 days/days; walltime: 2.1
36510.0/37230.0 days/days; walltime: 5.6
36511.0/37230.0 days/days; walltime: 1.8
36512.0/37230.0 days/days; walltime: 1.8
36513.0/37230.0 days/days; walltime: 1.6
36514.0/37230.0 days/days; walltime: 1.2
36515.0/37230.0 days/days; walltime: 1.5
36516.0/37230.0 days/days; walltime: 1.2
36517.0/37230.0 days/days; walltime: 1.3
36518.0/37230.0 days/days; walltime: 1.1
36519.0/37230.0 days/days; walltime: 1.1
36520.0/37230.0 days/days; walltime: 1.1
36521.0/37230.0 days/days; walltime: 0.9
36522.0/37230.0 days/days; walltime: 75.2
36523.0/37230.0 days/days; walltime: 1.9
36524.0/37230.0 days/days; walltime: 0.9
36525.0/37230.0 days/days; walltime: 0.9
36526.0/37230.0 days/days; walltime: 0.7
36527.0/37230.0 days/days; walltime: 0.9
36528.0/37230.0 days/days; walltime: 0.5
36529.0/37230.0 days/days; walltime: 0.9
36530.0/37230.0 days/days; walltime: 0.7
36531.0/37230.0 days/days; walltime: 0.7
36532.0/37230.0 days/days; walltime: 0.7
36533.0/37230.0 days/days; walltime: 0.5
36534.0/37230.0 days/days; walltime: 0.6
36535.0/37230.0 days/days; walltime: 0.7
36536.0/37230.0 days/days; walltime: 0.5
36537.0/37230.0 days/days; walltime: 0.6
36538.0/37230.0 days/days; walltime: 0.7
36539.0/37230.0 days/days; walltime: 0.3
36540.0/37230.0 days/days; walltime: 0.7
36541.0/37230.0 days/days; walltime: 0.3
36542.0/37230.0 days/days; walltime: 0.6
36543.0/37230.0 days/days; walltime: 0.7
36544.0/37230.0 days/days; walltime: 0.3
36545.0/37230.0 days/days; walltime: 0.6
36546.0/37230.0 days/days; walltime: 0.3
36547.0/37230.0 days/days; walltime: 13.1
36548.0/37230.0 days/days; walltime: 4.5
36549.0/37230.0 days/days; walltime: 0.5
36550.0/37230.0 days/days; walltime: 0.5
36551.0/37230.0 days/days; walltime: 0.2
36552.0/37230.0 days/days; walltime: 0.5
36553.0/37230.0 days/days; walltime: 0.2
36554.0/37230.0 days/days; walltime: 0.4
36555.0/37230.0 days/days; walltime: 0.2
36556.0/37230.0 days/days; walltime: 0.5
36557.0/37230.0 days/days; walltime: 0.2
36558.0/37230.0 days/days; walltime: 0.1
36559.0/37230.0 days/days; walltime: 0.5
36560.0/37230.0 days/days; walltime: 0.2
36561.0/37230.0 days/days; walltime: 0.4
36562.0/37230.0 days/days; walltime: 0.2
36563.0/37230.0 days/days; walltime: 0.5
36564.0/37230.0 days/days; walltime: 0.2
36565.0/37230.0 days/days; walltime: 0.2
36566.0/37230.0 days/days; walltime: 0.4
36567.0/37230.0 days/days; walltime: 0.3
36568.0/37230.0 days/days; walltime: 0.2
36569.0/37230.0 days/days; walltime: 0.6
36570.0/37230.0 days/days; walltime: 0.2
36571.0/37230.0 days/days; walltime: 0.2
36572.0/37230.0 days/days; walltime: 0.6
36573.0/37230.0 days/days; walltime: 0.2
36574.0/37230.0 days/days; walltime: 0.2
36575.0/37230.0 days/days; walltime: 0.6
36576.0/37230.0 days/days; walltime: 0.2
36577.0/37230.0 days/days; walltime: 0.2
36578.0/37230.0 days/days; walltime: 0.6
36579.0/37230.0 days/days; walltime: 0.2
36580.0/37230.0 days/days; walltime: 0.2
36581.0/37230.0 days/days; walltime: 0.4
36582.0/37230.0 days/days; walltime: 0.3
36583.0/37230.0 days/days; walltime: 0.2
36584.0/37230.0 days/days; walltime: 0.4
36585.0/37230.0 days/days; walltime: 5.0
36586.0/37230.0 days/days; walltime: 0.6
36587.0/37230.0 days/days; walltime: 0.4
36588.0/37230.0 days/days; walltime: 0.2
36589.0/37230.0 days/days; walltime: 0.1
36590.0/37230.0 days/days; walltime: 0.4
36591.0/37230.0 days/days; walltime: 0.1
36592.0/37230.0 days/days; walltime: 0.1
36593.0/37230.0 days/days; walltime: 0.1
36594.0/37230.0 days/days; walltime: 0.4
36595.0/37230.0 days/days; walltime: 0.1
36596.0/37230.0 days/days; walltime: 0.1
36597.0/37230.0 days/days; walltime: 0.5
36598.0/37230.0 days/days; walltime: 0.1
36599.0/37230.0 days/days; walltime: 0.1
36600.0/37230.0 days/days; walltime: 0.1
36601.0/37230.0 days/days; walltime: 0.4
36602.0/37230.0 days/days; walltime: 0.1
36603.0/37230.0 days/days; walltime: 0.1
36604.0/37230.0 days/days; walltime: 0.1
36605.0/37230.0 days/days; walltime: 0.4
36606.0/37230.0 days/days; walltime: 0.2
36607.0/37230.0 days/days; walltime: 0.2
36608.0/37230.0 days/days; walltime: 0.2
36610.0/37230.0 days/days; walltime: 0.4
36611.0/37230.0 days/days; walltime: 0.2
36612.0/37230.0 days/days; walltime: 0.2
36613.0/37230.0 days/days; walltime: 0.2
36614.0/37230.0 days/days; walltime: 0.4
36615.0/37230.0 days/days; walltime: 0.2
36616.0/37230.0 days/days; walltime: 0.2
-36617.0/37230.0 days/days; walltime: 0.6
36618.0/37230.0 days/days; walltime: 3.1
36619.0/37230.0 days/days; walltime: 17.0
36620.0/37230.0 days/days; walltime: 9.0
36621.0/37230.0 days/days; walltime: 10.0
36622.0/37230.0 days/days; walltime: 16.5
36623.0/37230.0 days/days; walltime: 11.9
36624.0/37230.0 days/days; walltime: 23.4
36625.0/37230.0 days/days; walltime: 17.6
36626.0/37230.0 days/days; walltime: 23.1
36627.0/37230.0 days/days; walltime: 17.7
36628.0/37230.0 days/days; walltime: 20.3
36629.0/37230.0 days/days; walltime: 24.4
36630.0/37230.0 days/days; walltime: 33.2
36631.0/37230.0 days/days; walltime: 28.3
36632.0/37230.0 days/days; walltime: 79.1
36633.0/37230.0 days/days; walltime: 121.4
36634.0/37230.0 days/days; walltime: 141.7
36635.0/37230.0 days/days; walltime: 114.2
36636.0/37230.0 days/days; walltime: 141.2
36637.0/37230.0 days/days; walltime: 191.6
36638.0/37230.0 days/days; walltime: 228.8
36639.0/37230.0 days/days; walltime: 226.3
36640.0/37230.0 days/days; walltime: 230.9
36641.0/37230.0 days/days; walltime: 212.9
36642.0/37230.0 days/days; walltime: 287.3
36643.0/37230.0 days/days; walltime: 325.8
36644.0/37230.0 days/days; walltime: 421.4
36645.0/37230.0 days/days; walltime: 297.8
36646.0/37230.0 days/days; walltime: 246.7
36647.0/37230.0 days/days; walltime: 366.0
36648.0/37230.0 days/days; walltime: 216.5
36649.0/37230.0 days/days; walltime: 195.6
36650.0/37230.0 days/days; walltime: 246.6
36651.0/37230.0 days/days; walltime: 188.1
36652.0/37230.0 days/days; walltime: 198.5
36653.0/37230.0 days/days; walltime: 214.0
36654.0/37230.0 days/days; walltime: 270.0
36655.0/37230.0 days/days; walltime: 269.5
36656.0/37230.0 days/days; walltime: 202.5
36657.0/37230.0 days/days; walltime: 219.9
36658.0/37230.0 days/days; walltime: 158.5
36659.0/37230.0 days/days; walltime: 143.9
36660.0/37230.0 days/days; walltime: 131.5
36661.0/37230.0 days/days; walltime: 154.5
36662.0/37230.0 days/days; walltime: 92.9
36663.0/37230.0 days/days; walltime: 140.2
36664.0/37230.0 days/days; walltime: 100.7
36665.0/37230.0 days/days; walltime: 105.1
36666.0/37230.0 days/days; walltime: 114.5
36667.0/37230.0 days/days; walltime: 103.8
36668.0/37230.0 days/days; walltime: 65.2
36669.0/37230.0 days/days; walltime: 97.6
36670.0/37230.0 days/days; walltime: 62.0
36671.0/37230.0 days/days; walltime: 131.4
36672.0/37230.0 days/days; walltime: 48.0
36673.0/37230.0 days/days; walltime: 116.8
36674.0/37230.0 days/days; walltime: 78.1
36675.0/37230.0 days/days; walltime: 28.1
36676.0/37230.0 days/days; walltime: 43.0
36677.0/37230.0 days/days; walltime: 48.3
36678.0/37230.0 days/days; walltime: 74.3
36679.0/37230.0 days/days; walltime: 63.2
36680.0/37230.0 days/days; walltime: 84.6
36681.0/37230.0 days/days; walltime: 70.4
36682.0/37230.0 days/days; walltime: 56.9
36683.0/37230.0 days/days; walltime: 79.3
36684.0/37230.0 days/days; walltime: 35.6
36685.0/37230.0 days/days; walltime: 24.0
36686.0/37230.0 days/days; walltime: 30.3
36687.0/37230.0 days/days; walltime: 30.1
36688.0/37230.0 days/days; walltime: 23.8
36689.0/37230.0 days/days; walltime: 21.6
36690.0/37230.0 days/days; walltime: 16.3
36691.0/37230.0 days/days; walltime: 15.4
36692.0/37230.0 days/days; walltime: 6.5
36693.0/37230.0 days/days; walltime: 19.0
36694.0/37230.0 days/days; walltime: 19.5
36695.0/37230.0 days/days; walltime: 16.5
36696.0/37230.0 days/days; walltime: 24.9
36697.0/37230.0 days/days; walltime: 5.1
36698.0/37230.0 days/days; walltime: 9.0
36699.0/37230.0 days/days; walltime: 13.7
36700.0/37230.0 days/days; walltime: 8.5
36701.0/37230.0 days/days; walltime: 5.4
36702.0/37230.0 days/days; walltime: 6.0
36703.0/37230.0 days/days; walltime: 5.4
36704.0/37230.0 days/days; walltime: 7.3
36705.0/37230.0 days/days; walltime: 9.4
36706.0/37230.0 days/days; walltime: 6.9
36707.0/37230.0 days/days; walltime: 7.8
36708.0/37230.0 days/days; walltime: 13.5
36709.0/37230.0 days/days; walltime: 9.0
36710.0/37230.0 days/days; walltime: 8.4
36711.0/37230.0 days/days; walltime: 9.4
36712.0/37230.0 days/days; walltime: 12.8
36713.0/37230.0 days/days; walltime: 10.9
36714.0/37230.0 days/days; walltime: 10.5
36715.0/37230.0 days/days; walltime: 13.0
36716.0/37230.0 days/days; walltime: 12.2
36717.0/37230.0 days/days; walltime: 11.4
36718.0/37230.0 days/days; walltime: 14.9
36719.0/37230.0 days/days; walltime: 13.0
36720.0/37230.0 days/days; walltime: 12.4
36721.0/37230.0 days/days; walltime: 15.0
36722.0/37230.0 days/days; walltime: 11.0
36723.0/37230.0 days/days; walltime: 11.8
36724.0/37230.0 days/days; walltime: 16.1
36725.0/37230.0 days/days; walltime: 13.2
36726.0/37230.0 days/days; walltime: 16.8
36727.0/37230.0 days/days; walltime: 13.1
36728.0/37230.0 days/days; walltime: 13.8
36729.0/37230.0 days/days; walltime: 14.3
36730.0/37230.0 days/days; walltime: 12.0
36731.0/37230.0 days/days; walltime: 16.0
36732.0/37230.0 days/days; walltime: 13.8
36733.0/37230.0 days/days; walltime: 17.1
36734.0/37230.0 days/days; walltime: 13.4
36735.0/37230.0 days/days; walltime: 13.4
36736.0/37230.0 days/days; walltime: 15.9
36737.0/37230.0 days/days; walltime: 12.8
36738.0/37230.0 days/days; walltime: 20.4
36739.0/37230.0 days/days; walltime: 15.0
36740.0/37230.0 days/days; walltime: 15.2
36741.0/37230.0 days/days; walltime: 16.8
36742.0/37230.0 days/days; walltime: 15.6
36743.0/37230.0 days/days; walltime: 11.2
36744.0/37230.0 days/days; walltime: 16.9
36745.0/37230.0 days/days; walltime: 10.6
36746.0/37230.0 days/days; walltime: 9.8
36747.0/37230.0 days/days; walltime: 15.7
36748.0/37230.0 days/days; walltime: 1.1
36749.0/37230.0 days/days; walltime: 1.1
36750.0/37230.0 days/days; walltime: 1.3
36751.0/37230.0 days/days; walltime: 0.9
36752.0/37230.0 days/days; walltime: 0.9
36753.0/37230.0 days/days; walltime: 0.9
36754.0/37230.0 days/days; walltime: 0.5
36755.0/37230.0 days/days; walltime: 0.9
36756.0/37230.0 days/days; walltime: 0.9
36757.0/37230.0 days/days; walltime: 7.1
36758.0/37230.0 days/days; walltime: 0.9
36759.0/37230.0 days/days; walltime: 0.9
36760.0/37230.0 days/days; walltime: 0.5
36761.0/37230.0 days/days; walltime: 0.7
36762.0/37230.0 days/days; walltime: 0.7
36763.0/37230.0 days/days; walltime: 0.7
36764.0/37230.0 days/days; walltime: 0.3
36765.0/37230.0 days/days; walltime: 0.7
36766.0/37230.0 days/days; walltime: 0.7
36767.0/37230.0 days/days; walltime: 0.3
36768.0/37230.0 days/days; walltime: 0.7
36769.0/37230.0 days/days; walltime: 0.3
36770.0/37230.0 days/days; walltime: 0.7
36771.0/37230.0 days/days; walltime: 0.6
36772.0/37230.0 days/days; walltime: 0.3
36773.0/37230.0 days/days; walltime: 0.7
36774.0/37230.0 days/days; walltime: 0.3
36775.0/37230.0 days/days; walltime: 0.6
36776.0/37230.0 days/days; walltime: 0.3
36777.0/37230.0 days/days; walltime: 0.3
36778.0/37230.0 days/days; walltime: 0.3
36779.0/37230.0 days/days; walltime: 55.1
36780.0/37230.0 days/days; walltime: 0.7
36781.0/37230.0 days/days; walltime: 0.6
36782.0/37230.0 days/days; walltime: 0.3
36783.0/37230.0 days/days; walltime: 0.6
36784.0/37230.0 days/days; walltime: 0.2
36785.0/37230.0 days/days; walltime: 0.5
36786.0/37230.0 days/days; walltime: 0.2
36787.0/37230.0 days/days; walltime: 0.5
36788.0/37230.0 days/days; walltime: 0.2
36789.0/37230.0 days/days; walltime: 0.1
36790.0/37230.0 days/days; walltime: 0.6
36791.0/37230.0 days/days; walltime: 0.2
36792.0/37230.0 days/days; walltime: 0.6
36793.0/37230.0 days/days; walltime: 0.1
36794.0/37230.0 days/days; walltime: 0.5
36795.0/37230.0 days/days; walltime: 0.2
36796.0/37230.0 days/days; walltime: 0.1
36797.0/37230.0 days/days; walltime: 0.6
36798.0/37230.0 days/days; walltime: 0.3
36799.0/37230.0 days/days; walltime: 0.4
36800.0/37230.0 days/days; walltime: 0.3
36801.0/37230.0 days/days; walltime: 0.2
36802.0/37230.0 days/days; walltime: 0.6
36803.0/37230.0 days/days; walltime: 0.2
36804.0/37230.0 days/days; walltime: 0.6
36805.0/37230.0 days/days; walltime: 0.2
36806.0/37230.0 days/days; walltime: 0.3
36807.0/37230.0 days/days; walltime: 0.4
36808.0/37230.0 days/days; walltime: 0.3
36809.0/37230.0 days/days; walltime: 0.2
36810.0/37230.0 days/days; walltime: 0.4
36811.0/37230.0 days/days; walltime: 0.3
36812.0/37230.0 days/days; walltime: 0.2
36813.0/37230.0 days/days; walltime: 0.4
36814.0/37230.0 days/days; walltime: 1.0
36815.0/37230.0 days/days; walltime: 0.3
36816.0/37230.0 days/days; walltime: 45.1
36817.0/37230.0 days/days; walltime: 38.8
36818.0/37230.0 days/days; walltime: 54.7
36819.0/37230.0 days/days; walltime: 2.1
36820.0/37230.0 days/days; walltime: 0.6
36821.0/37230.0 days/days; walltime: 0.2
36822.0/37230.0 days/days; walltime: 0.2
36823.0/37230.0 days/days; walltime: 0.2
36824.0/37230.0 days/days; walltime: 0.4
36825.0/37230.0 days/days; walltime: 0.1
36826.0/37230.0 days/days; walltime: 0.2
36827.0/37230.0 days/days; walltime: 0.4
36828.0/37230.0 days/days; walltime: 0.1
36829.0/37230.0 days/days; walltime: 0.1
36830.0/37230.0 days/days; walltime: 0.1
36831.0/37230.0 days/days; walltime: 0.4
36832.0/37230.0 days/days; walltime: 0.1
36833.0/37230.0 days/days; walltime: 0.1
36834.0/37230.0 days/days; walltime: 0.1
36835.0/37230.0 days/days; walltime: 0.4
36836.0/37230.0 days/days; walltime: 0.1
36837.0/37230.0 days/days; walltime: 0.2
36838.0/37230.0 days/days; walltime: 0.4
36839.0/37230.0 days/days; walltime: 0.2
36840.0/37230.0 days/days; walltime: 0.2
36841.0/37230.0 days/days; walltime: 0.2
36842.0/37230.0 days/days; walltime: 0.4
36843.0/37230.0 days/days; walltime: 0.1
36844.0/37230.0 days/days; walltime: 0.1
36845.0/37230.0 days/days; walltime: 0.1
36846.0/37230.0 days/days; walltime: 0.4
36847.0/37230.0 days/days; walltime: 0.2
36848.0/37230.0 days/days; walltime: 0.2
36849.0/37230.0 days/days; walltime: 0.2
36850.0/37230.0 days/days; walltime: 0.4
36851.0/37230.0 days/days; walltime: 0.2
36852.0/37230.0 days/days; walltime: 0.2
36853.0/37230.0 days/days; walltime: 0.2
36854.0/37230.0 days/days; walltime: 0.4
36855.0/37230.0 days/days; walltime: 0.2
36856.0/37230.0 days/days; walltime: 0.2
36858.0/37230.0 days/days; walltime: 0.2
36859.0/37230.0 days/days; walltime: 0.4
36860.0/37230.0 days/days; walltime: 0.2
36861.0/37230.0 days/days; walltime: 0.2
36862.0/37230.0 days/days; walltime: 3.1
36863.0/37230.0 days/days; walltime: 0.4
36864.0/37230.0 days/days; walltime: 0.2
36865.0/37230.0 days/days; walltime: 0.2
36866.0/37230.0 days/days; walltime: 0.2
36867.0/37230.0 days/days; walltime: 0.4
36868.0/37230.0 days/days; walltime: 0.1
36869.0/37230.0 days/days; walltime: 0.1
36870.0/37230.0 days/days; walltime: 0.1
36872.0/37230.0 days/days; walltime: 0.4
36873.0/37230.0 days/days; walltime: 0.1
36874.0/37230.0 days/days; walltime: 0.1
36875.0/37230.0 days/days; walltime: 0.1
36876.0/37230.0 days/days; walltime: 0.4
36877.0/37230.0 days/days; walltime: 0.2
36878.0/37230.0 days/days; walltime: 0.2
36880.0/37230.0 days/days; walltime: 0.1
36881.0/37230.0 days/days; walltime: 0.4
36882.0/37230.0 days/days; walltime: 0.2
36883.0/37230.0 days/days; walltime: 0.2
36884.0/37230.0 days/days; walltime: 0.2
36885.0/37230.0 days/days; walltime: 0.4
36887.0/37230.0 days/days; walltime: 0.2
36888.0/37230.0 days/days; walltime: 0.2
36889.0/37230.0 days/days; walltime: 0.2
36890.0/37230.0 days/days; walltime: 0.4
36891.0/37230.0 days/days; walltime: 0.2
36893.0/37230.0 days/days; walltime: 0.2
36894.0/37230.0 days/days; walltime: 0.2
36895.0/37230.0 days/days; walltime: 0.4
36896.0/37230.0 days/days; walltime: 0.2
36898.0/37230.0 days/days; walltime: 0.2
36899.0/37230.0 days/days; walltime: 0.2
36900.0/37230.0 days/days; walltime: 0.4
36902.0/37230.0 days/days; walltime: 0.2
36903.0/37230.0 days/days; walltime: 0.2
36904.0/37230.0 days/days; walltime: 3.0
36906.0/37230.0 days/days; walltime: 0.4
36907.0/37230.0 days/days; walltime: 0.2
36908.0/37230.0 days/days; walltime: 0.1
36910.0/37230.0 days/days; walltime: 0.1
36911.0/37230.0 days/days; walltime: 0.4
36912.0/37230.0 days/days; walltime: 0.1
36914.0/37230.0 days/days; walltime: 0.1
36915.0/37230.0 days/days; walltime: 0.1
36916.0/37230.0 days/days; walltime: 0.4
36918.0/37230.0 days/days; walltime: 0.2
36919.0/37230.0 days/days; walltime: 0.2
36921.0/37230.0 days/days; walltime: 0.2
36922.0/37230.0 days/days; walltime: 0.4
36924.0/37230.0 days/days; walltime: 0.2
36925.0/37230.0 days/days; walltime: 0.2
36926.0/37230.0 days/days; walltime: 0.2
36928.0/37230.0 days/days; walltime: 0.4
36929.0/37230.0 days/days; walltime: 0.2
36931.0/37230.0 days/days; walltime: 0.2
36932.0/37230.0 days/days; walltime: 0.2
36934.0/37230.0 days/days; walltime: 0.4
36935.0/37230.0 days/days; walltime: 0.2
36937.0/37230.0 days/days; walltime: 0.2
36939.0/37230.0 days/days; walltime: 0.2
36940.0/37230.0 days/days; walltime: 0.4
36942.0/37230.0 days/days; walltime: 0.2
36943.0/37230.0 days/days; walltime: 3.0
36945.0/37230.0 days/days; walltime: 0.1
36947.0/37230.0 days/days; walltime: 0.4
36948.0/37230.0 days/days; walltime: 0.2
36950.0/37230.0 days/days; walltime: 0.2
36951.0/37230.0 days/days; walltime: 0.2
36953.0/37230.0 days/days; walltime: 0.2
36955.0/37230.0 days/days; walltime: 0.2
36956.0/37230.0 days/days; walltime: 0.2
36958.0/37230.0 days/days; walltime: 0.2
36959.0/37230.0 days/days; walltime: 0.2
36961.0/37230.0 days/days; walltime: 0.2
36963.0/37230.0 days/days; walltime: 0.2
36964.0/37230.0 days/days; walltime: 0.2
36966.0/37230.0 days/days; walltime: 0.2
36967.0/37230.0 days/days; walltime: 0.2
36969.0/37230.0 days/days; walltime: 0.2
36971.0/37230.0 days/days; walltime: 0.2
36972.0/37230.0 days/days; walltime: 0.2
36974.0/37230.0 days/days; walltime: 0.2
36975.0/37230.0 days/days; walltime: 0.2
36977.0/37230.0 days/days; walltime: 0.2
36979.0/37230.0 days/days; walltime: 0.2
36980.0/37230.0 days/days; walltime: 3.0
-36982.0/37230.0 days/days; walltime: 0.7
-36983.0/37230.0 days/days; walltime: 2.4
36984.0/37230.0 days/days; walltime: 8.1
36985.0/37230.0 days/days; walltime: 9.1
36986.0/37230.0 days/days; walltime: 12.9
36987.0/37230.0 days/days; walltime: 11.6
36988.0/37230.0 days/days; walltime: 12.0
36989.0/37230.0 days/days; walltime: 17.5
36990.0/37230.0 days/days; walltime: 15.7
36991.0/37230.0 days/days; walltime: 22.2
36992.0/37230.0 days/days; walltime: 17.2
36993.0/37230.0 days/days; walltime: 18.0
36994.0/37230.0 days/days; walltime: 20.0
36995.0/37230.0 days/days; walltime: 34.2
36996.0/37230.0 days/days; walltime: 28.3
36997.0/37230.0 days/days; walltime: 102.3
36998.0/37230.0 days/days; walltime: 126.8
36999.0/37230.0 days/days; walltime: 114.8
37000.0/37230.0 days/days; walltime: 119.6
37001.0/37230.0 days/days; walltime: 145.1
37002.0/37230.0 days/days; walltime: 165.9
37003.0/37230.0 days/days; walltime: 180.8
37004.0/37230.0 days/days; walltime: 340.6
37005.0/37230.0 days/days; walltime: 191.2
37006.0/37230.0 days/days; walltime: 228.6
37007.0/37230.0 days/days; walltime: 208.0
37008.0/37230.0 days/days; walltime: 221.0
37009.0/37230.0 days/days; walltime: 277.7
37010.0/37230.0 days/days; walltime: 218.9
37011.0/37230.0 days/days; walltime: 189.0
37012.0/37230.0 days/days; walltime: 243.9
37013.0/37230.0 days/days; walltime: 174.1
37014.0/37230.0 days/days; walltime: 145.5
37015.0/37230.0 days/days; walltime: 113.9
37016.0/37230.0 days/days; walltime: 100.8
37017.0/37230.0 days/days; walltime: 113.7
37018.0/37230.0 days/days; walltime: 185.5
37019.0/37230.0 days/days; walltime: 184.5
37020.0/37230.0 days/days; walltime: 151.4
37021.0/37230.0 days/days; walltime: 228.2
37022.0/37230.0 days/days; walltime: 117.5
37023.0/37230.0 days/days; walltime: 113.1
37024.0/37230.0 days/days; walltime: 142.5
37025.0/37230.0 days/days; walltime: 113.3
37026.0/37230.0 days/days; walltime: 155.9
37027.0/37230.0 days/days; walltime: 148.0
37028.0/37230.0 days/days; walltime: 112.9
37029.0/37230.0 days/days; walltime: 68.9
37030.0/37230.0 days/days; walltime: 85.4
37031.0/37230.0 days/days; walltime: 135.8
37032.0/37230.0 days/days; walltime: 93.0
37033.0/37230.0 days/days; walltime: 75.8
37034.0/37230.0 days/days; walltime: 79.1
37035.0/37230.0 days/days; walltime: 41.0
37036.0/37230.0 days/days; walltime: 110.4
37037.0/37230.0 days/days; walltime: 93.6
37038.0/37230.0 days/days; walltime: 116.4
37039.0/37230.0 days/days; walltime: 92.1
37040.0/37230.0 days/days; walltime: 28.3
37041.0/37230.0 days/days; walltime: 48.9
37042.0/37230.0 days/days; walltime: 60.3
37043.0/37230.0 days/days; walltime: 103.0
37044.0/37230.0 days/days; walltime: 80.9
37045.0/37230.0 days/days; walltime: 108.1
37046.0/37230.0 days/days; walltime: 66.3
37047.0/37230.0 days/days; walltime: 59.3
37048.0/37230.0 days/days; walltime: 86.8
37049.0/37230.0 days/days; walltime: 16.2
37050.0/37230.0 days/days; walltime: 20.1
37051.0/37230.0 days/days; walltime: 29.1
37052.0/37230.0 days/days; walltime: 31.0
37053.0/37230.0 days/days; walltime: 16.4
37054.0/37230.0 days/days; walltime: 29.7
37055.0/37230.0 days/days; walltime: 16.9
37056.0/37230.0 days/days; walltime: 17.7
37057.0/37230.0 days/days; walltime: 11.1
37058.0/37230.0 days/days; walltime: 25.7
37059.0/37230.0 days/days; walltime: 16.7
37060.0/37230.0 days/days; walltime: 8.6
37061.0/37230.0 days/days; walltime: 8.9
37062.0/37230.0 days/days; walltime: 5.7
37063.0/37230.0 days/days; walltime: 9.5
37064.0/37230.0 days/days; walltime: 7.4
37065.0/37230.0 days/days; walltime: 12.5
37066.0/37230.0 days/days; walltime: 5.6
37067.0/37230.0 days/days; walltime: 13.4
37068.0/37230.0 days/days; walltime: 5.1
37069.0/37230.0 days/days; walltime: 6.9
37070.0/37230.0 days/days; walltime: 7.0
37071.0/37230.0 days/days; walltime: 9.9
37072.0/37230.0 days/days; walltime: 8.7
37073.0/37230.0 days/days; walltime: 9.0
37074.0/37230.0 days/days; walltime: 11.7
37075.0/37230.0 days/days; walltime: 10.9
37076.0/37230.0 days/days; walltime: 11.7
37077.0/37230.0 days/days; walltime: 8.5
37078.0/37230.0 days/days; walltime: 15.7
37079.0/37230.0 days/days; walltime: 10.9
37080.0/37230.0 days/days; walltime: 11.5
37081.0/37230.0 days/days; walltime: 14.6
37082.0/37230.0 days/days; walltime: 12.4
37083.0/37230.0 days/days; walltime: 13.7
37084.0/37230.0 days/days; walltime: 12.1
37085.0/37230.0 days/days; walltime: 11.1
37086.0/37230.0 days/days; walltime: 14.8
37087.0/37230.0 days/days; walltime: 12.5
37088.0/37230.0 days/days; walltime: 10.5
37089.0/37230.0 days/days; walltime: 15.7
37090.0/37230.0 days/days; walltime: 19.4
37091.0/37230.0 days/days; walltime: 16.8
37092.0/37230.0 days/days; walltime: 13.2
37093.0/37230.0 days/days; walltime: 17.2
37094.0/37230.0 days/days; walltime: 14.0
37095.0/37230.0 days/days; walltime: 14.4
37096.0/37230.0 days/days; walltime: 13.9
37097.0/37230.0 days/days; walltime: 14.4
37098.0/37230.0 days/days; walltime: 16.1
37099.0/37230.0 days/days; walltime: 14.3
37100.0/37230.0 days/days; walltime: 13.5
37101.0/37230.0 days/days; walltime: 15.2
37102.0/37230.0 days/days; walltime: 11.5
37103.0/37230.0 days/days; walltime: 15.6
37104.0/37230.0 days/days; walltime: 17.2
37105.0/37230.0 days/days; walltime: 12.0
37106.0/37230.0 days/days; walltime: 30.0
37107.0/37230.0 days/days; walltime: 13.7
37108.0/37230.0 days/days; walltime: 21.3
37109.0/37230.0 days/days; walltime: 26.4
37110.0/37230.0 days/days; walltime: 8.2
37111.0/37230.0 days/days; walltime: 13.4
37112.0/37230.0 days/days; walltime: 15.6
37113.0/37230.0 days/days; walltime: 0.9
37114.0/37230.0 days/days; walltime: 1.3
37115.0/37230.0 days/days; walltime: 0.9
37116.0/37230.0 days/days; walltime: 0.9
37117.0/37230.0 days/days; walltime: 0.5
37118.0/37230.0 days/days; walltime: 0.9
37119.0/37230.0 days/days; walltime: 0.7
37120.0/37230.0 days/days; walltime: 0.9
37121.0/37230.0 days/days; walltime: 0.7
37122.0/37230.0 days/days; walltime: 0.7
37123.0/37230.0 days/days; walltime: 0.5
37124.0/37230.0 days/days; walltime: 0.7
37125.0/37230.0 days/days; walltime: 0.7
37126.0/37230.0 days/days; walltime: 0.7
37127.0/37230.0 days/days; walltime: 0.5
37128.0/37230.0 days/days; walltime: 0.6
37129.0/37230.0 days/days; walltime: 0.7
37130.0/37230.0 days/days; walltime: 8.6
37131.0/37230.0 days/days; walltime: 1.3
37132.0/37230.0 days/days; walltime: 0.5
37133.0/37230.0 days/days; walltime: 0.6
37134.0/37230.0 days/days; walltime: 0.3
37135.0/37230.0 days/days; walltime: 0.7
37136.0/37230.0 days/days; walltime: 0.6
37137.0/37230.0 days/days; walltime: 0.3
37138.0/37230.0 days/days; walltime: 0.6
37139.0/37230.0 days/days; walltime: 0.3
37140.0/37230.0 days/days; walltime: 1.5
37141.0/37230.0 days/days; walltime: 208.8
37142.0/37230.0 days/days; walltime: 71.7
37143.0/37230.0 days/days; walltime: 0.3
37144.0/37230.0 days/days; walltime: 0.6
37145.0/37230.0 days/days; walltime: 0.3
37146.0/37230.0 days/days; walltime: 0.6
37147.0/37230.0 days/days; walltime: 0.3
37148.0/37230.0 days/days; walltime: 0.6
37149.0/37230.0 days/days; walltime: 0.1
37150.0/37230.0 days/days; walltime: 0.2
37151.0/37230.0 days/days; walltime: 0.6
37152.0/37230.0 days/days; walltime: 0.3
37153.0/37230.0 days/days; walltime: 0.4
37154.0/37230.0 days/days; walltime: 0.2
37155.0/37230.0 days/days; walltime: 0.5
37156.0/37230.0 days/days; walltime: 0.2
37157.0/37230.0 days/days; walltime: 0.2
37158.0/37230.0 days/days; walltime: 0.4
37159.0/37230.0 days/days; walltime: 0.3
37160.0/37230.0 days/days; walltime: 0.6
37161.0/37230.0 days/days; walltime: 0.2
37162.0/37230.0 days/days; walltime: 0.2
37163.0/37230.0 days/days; walltime: 0.6
37164.0/37230.0 days/days; walltime: 0.2
37165.0/37230.0 days/days; walltime: 0.3
37166.0/37230.0 days/days; walltime: 0.4
37167.0/37230.0 days/days; walltime: 0.2
37168.0/37230.0 days/days; walltime: 0.3
37169.0/37230.0 days/days; walltime: 0.4
37170.0/37230.0 days/days; walltime: 0.2
37171.0/37230.0 days/days; walltime: 0.3
37172.0/37230.0 days/days; walltime: 0.4
37173.0/37230.0 days/days; walltime: 0.2
37174.0/37230.0 days/days; walltime: 0.3
37175.0/37230.0 days/days; walltime: 0.4
37176.0/37230.0 days/days; walltime: 49.2
37177.0/37230.0 days/days; walltime: 0.5
37178.0/37230.0 days/days; walltime: 0.4
37179.0/37230.0 days/days; walltime: 0.3
37180.0/37230.0 days/days; walltime: 0.2
37181.0/37230.0 days/days; walltime: 0.4
37182.0/37230.0 days/days; walltime: 0.2
37183.0/37230.0 days/days; walltime: 0.2
37184.0/37230.0 days/days; walltime: 0.6
37185.0/37230.0 days/days; walltime: 0.2
37186.0/37230.0 days/days; walltime: 0.1
37187.0/37230.0 days/days; walltime: 0.1
37188.0/37230.0 days/days; walltime: 0.4
37189.0/37230.0 days/days; walltime: 0.2
37190.0/37230.0 days/days; walltime: 0.1
37191.0/37230.0 days/days; walltime: 0.4
37192.0/37230.0 days/days; walltime: 0.1
37193.0/37230.0 days/days; walltime: 0.1
37194.0/37230.0 days/days; walltime: 0.1
37195.0/37230.0 days/days; walltime: 0.4
37196.0/37230.0 days/days; walltime: 0.1
37197.0/37230.0 days/days; walltime: 0.1
37198.0/37230.0 days/days; walltime: 0.1
37199.0/37230.0 days/days; walltime: 0.6
37200.0/37230.0 days/days; walltime: 0.2
37201.0/37230.0 days/days; walltime: 0.2
37202.0/37230.0 days/days; walltime: 0.4
37203.0/37230.0 days/days; walltime: 0.2
37204.0/37230.0 days/days; walltime: 0.2
37205.0/37230.0 days/days; walltime: 0.2
37206.0/37230.0 days/days; walltime: 0.4
37207.0/37230.0 days/days; walltime: 0.2
37208.0/37230.0 days/days; walltime: 0.2
37209.0/37230.0 days/days; walltime: 0.2
37210.0/37230.0 days/days; walltime: 0.4
37211.0/37230.0 days/days; walltime: 0.2
37212.0/37230.0 days/days; walltime: 0.2
37213.0/37230.0 days/days; walltime: 0.2
37214.0/37230.0 days/days; walltime: 0.4
37216.0/37230.0 days/days; walltime: 0.2
37217.0/37230.0 days/days; walltime: 0.2
37218.0/37230.0 days/days; walltime: 3.1
37219.0/37230.0 days/days; walltime: 0.4
37220.0/37230.0 days/days; walltime: 0.1
37221.0/37230.0 days/days; walltime: 0.1
37222.0/37230.0 days/days; walltime: 0.1
37223.0/37230.0 days/days; walltime: 0.4
37224.0/37230.0 days/days; walltime: 0.1
37226.0/37230.0 days/days; walltime: 0.1
37227.0/37230.0 days/days; walltime: 0.1
37228.0/37230.0 days/days; walltime: 0.4
37229.0/37230.0 days/days; walltime: 0.1
37230.0/37230.0 days/days; walltime: 0.4
Wallclock for model run: 18902.7s
 

fields = 

  struct with fields:

    nodes: [1x1 struct]
    edges: [1x1 struct]
       BC: [1x1 struct]

No cases left; exiting.
