Case 1:
Picked up JAVA_TOOL_OPTIONS: -Xmx2g
Opening log file:  /tmp/java.log.29852

                            < M A T L A B (R) >
                  Copyright 1984-2022 The MathWorks, Inc.
                  R2022a (9.12.0.1884302) 64-bit (glnxa64)
                             February 16, 2022

 
To get started, type doc.
For product information, visit www.mathworks.com.
 

config = 

  struct with fields:

                 k_s: 0.0138
                 l_c: 10
            n_moulin: 68
    creep_const_soft: 0
             mesh_nr: 4
                 k_c: 0.1500
               h_bed: 0.5000
               l_bed: 10
               alpha: 1.2500
                beta: 1.5000
               omega: 0

Running model run (ode15s):
Run to steady
Saving model run to
./RUN/output_001_steady.nc
Fields, IC & BC initialised
Initial phi calculated in 1.7s
0.0/36500.0 days/days; walltime: 19.2
---------------------------------------------------------------------------------------------------------------------------------------------------------------------------------------------------------------------------------------------------------------------------------------------------------------------------------------------------------------------------------------------------------------------------------------------------------------------------------------------------------------------------------------------------------------------------------------------------------------------------------------------------------------------------------------------------------------------------------------------------------------------------------------------------------------------------------------------------------------------------------------------------------------------------------------------------------------------------------------------------------------------------------------------------------------------------------------------------------------------------------------------------------------------------------------------------------------------------------------------------------------------------------------------------------------------------------------------------------------------------------------------------------------------------------------------------------------------------------------------------------------------------------------------------------------------------------------------------------------------------------------------------------------------------------------1825.0/36500.0 days/days; walltime: 235.3
--------------3650.0/36500.0 days/days; walltime: 1.1
---------5475.0/36500.0 days/days; walltime: 0.7
------7300.0/36500.0 days/days; walltime: 0.5
--------------------------------------------------------------------------------------------------------------------------------------------------------------------------------------------------------------------9125.0/36500.0 days/days; walltime: 14.1
-----------------------------------------------------------------------------------------------------------------------------------------------------------------------------------------------------------------------------------------------------------------------------------------------------------------------------------------------------------------------------------------------------------------------------------------------------------------------------------------------------------------------------------------------------------------------------------------------------------------------------------------------------------------------------------------------------------------------------------------------------------------------------------------------------------------------------------------------------------------------------------------------------------------------------------------------------------------------------------------------------------------------------------------------------------------------------------------------------------------------------------------------------------------------------------------------------------------------------------------------------------------------------------------------------------------------------------------------------------------------------------------------------------------------------------------------------------------------------------------------------------------------------------------------------------------------------------------------------------------------------------------------------------------------------------------------------------------------------------------------------------------------------------------------------------------------------------------------------------------------------------------------------------------------------------------------------------------------------------------------------------------------------------------------------------------------------------------------------------------------------------------------------------------------------------------------------------------------------------------------------------------------------------------------------------------------------------------------------------------------------------------------------------------------------------------------------------------------------------------------------------------------------------------------------------------------------------------------------------------------------------------------------------------------------------------------------------------------------------------------------------------------------------------------------------------------------------------------------------------------------------------------------------------------------------------------------------------------------------------------------------------------------------------------------------------------------------------------------------------------------------------------------------------------------------------------------------------------------------------------------------------------------------------------------------------------------------------------------------------------------------------------------------------------------------------------------------------------------------------------------------------------------------------------------------------------------------------------------------------------------------10950.0/36500.0 days/days; walltime: 215.0
----------------------------------------------------------------------------------------------------------------------------------------------------------------------------------------------------------------------------------------------------------------------------------------------------------------------------------------------------------------------------------------------------------------------------------------------------------------------------------------------------------------------------------------------------------------------------------------------------------------------------------------------------------------------------------------------------------------------------------------------------------------------------------------------------------------------------------------------------------------------------------------------------------------------------------------------------------------------------------------------------------------------------------------------------------------------------------------------------------------------------------------------------------------------------------------------------------------------------------------------------------------------------------------------------------------------------------------------------------------------------------------------------------------------------------------------------------------------------------------------------------------------------------------------------------------------------------------------------------------------------------------------------------------------------------------------------------------------------12775.0/36500.0 days/days; walltime: 129.9
----------------------------------------------------14600.0/36500.0 days/days; walltime: 218.1
-------------------------------16425.0/36500.0 days/days; walltime: 145.2
----------------------------18250.0/36500.0 days/days; walltime: 115.3
20075.0/36500.0 days/days; walltime: 38.6
21900.0/36500.0 days/days; walltime: 5.2
--23725.0/36500.0 days/days; walltime: 3.4
25550.0/36500.0 days/days; walltime: 3.5
27375.0/36500.0 days/days; walltime: 1.4
29200.0/36500.0 days/days; walltime: 1.0
---31025.0/36500.0 days/days; walltime: 1.1
32850.0/36500.0 days/days; walltime: 0.6
34675.0/36500.0 days/days; walltime: 2.6
36500.0/36500.0 days/days; walltime: 1.0
Wallclock for model run: 1158.3s
 

fields = 

  struct with fields:

    nodes: [1x1 struct]
    edges: [1x1 struct]
       BC: [1x1 struct]

Running model run (ode15s):
Run seasonal
Saving model run to
./RUN/output_001_seasonal.nc
IC initialised from struct
IC initialised from file/given & rest from parameters and given functions
36500.0/37230.0 days/days; walltime: 14.5
36501.0/37230.0 days/days; walltime: 103.3
36502.0/37230.0 days/days; walltime: 6.0
-------------------------------------------------------36503.0/37230.0 days/days; walltime: 6.1
----------------------------------------36504.0/37230.0 days/days; walltime: 3.3
36505.0/37230.0 days/days; walltime: 3.0
------36506.0/37230.0 days/days; walltime: 4.0
36507.0/37230.0 days/days; walltime: 1.7
36508.0/37230.0 days/days; walltime: 1.6
36509.0/37230.0 days/days; walltime: 1.8
-36510.0/37230.0 days/days; walltime: 2.9
36511.0/37230.0 days/days; walltime: 5.2
36512.0/37230.0 days/days; walltime: 1.1
36513.0/37230.0 days/days; walltime: 1.1
36514.0/37230.0 days/days; walltime: 1.4
36515.0/37230.0 days/days; walltime: 1.4
-----36516.0/37230.0 days/days; walltime: 2.5
-----------------36517.0/37230.0 days/days; walltime: 1.0
----------------36518.0/37230.0 days/days; walltime: 0.9
----------------36519.0/37230.0 days/days; walltime: 0.9
------------------------------------------------36520.0/37230.0 days/days; walltime: 2.5
-----------------------------------------------------------------------------------------------------------------------------------------------------------------------------------------------------------------------------------------------------------------------------------------------------------------------------------------------------36521.0/37230.0 days/days; walltime: 17.2
-----------------------------------------------------------------------------------------------36522.0/37230.0 days/days; walltime: 5.2
---------36523.0/37230.0 days/days; walltime: 0.5
----------36524.0/37230.0 days/days; walltime: 0.7
------36525.0/37230.0 days/days; walltime: 0.4
------36526.0/37230.0 days/days; walltime: 0.4
------36527.0/37230.0 days/days; walltime: 0.4
----------36528.0/37230.0 days/days; walltime: 0.7
----------------------------------------36529.0/37230.0 days/days; walltime: 2.1
--------------------------------------------------------------------------------36530.0/37230.0 days/days; walltime: 4.0
--------36531.0/37230.0 days/days; walltime: 0.5
------36532.0/37230.0 days/days; walltime: 0.4
-----36533.0/37230.0 days/days; walltime: 0.3
-----36534.0/37230.0 days/days; walltime: 0.3
-----36535.0/37230.0 days/days; walltime: 0.3
----36536.0/37230.0 days/days; walltime: 0.3
-----36537.0/37230.0 days/days; walltime: 0.3
----36538.0/37230.0 days/days; walltime: 0.3
-----36539.0/37230.0 days/days; walltime: 0.3
---36540.0/37230.0 days/days; walltime: 0.1
-----36541.0/37230.0 days/days; walltime: 0.3
----36542.0/37230.0 days/days; walltime: 0.3
----36543.0/37230.0 days/days; walltime: 0.3
----36544.0/37230.0 days/days; walltime: 0.3
---36545.0/37230.0 days/days; walltime: 0.1
----36546.0/37230.0 days/days; walltime: 0.3
-----36547.0/37230.0 days/days; walltime: 0.3
------36548.0/37230.0 days/days; walltime: 0.4
---36549.0/37230.0 days/days; walltime: 0.1
------------------------------------36550.0/37230.0 days/days; walltime: 1.8
---36551.0/37230.0 days/days; walltime: 0.2
---36552.0/37230.0 days/days; walltime: 0.1
---36553.0/37230.0 days/days; walltime: 0.2
----36554.0/37230.0 days/days; walltime: 0.3
--36555.0/37230.0 days/days; walltime: 0.1
----36556.0/37230.0 days/days; walltime: 0.3
--36557.0/37230.0 days/days; walltime: 0.1
---36558.0/37230.0 days/days; walltime: 0.2
----36559.0/37230.0 days/days; walltime: 0.3
--36560.0/37230.0 days/days; walltime: 0.1
---36561.0/37230.0 days/days; walltime: 0.2
--36562.0/37230.0 days/days; walltime: 0.1
---36563.0/37230.0 days/days; walltime: 0.2
---36564.0/37230.0 days/days; walltime: 0.1
---36565.0/37230.0 days/days; walltime: 0.2
--36566.0/37230.0 days/days; walltime: 0.1
---36567.0/37230.0 days/days; walltime: 0.2
--36568.0/37230.0 days/days; walltime: 0.1
---36569.0/37230.0 days/days; walltime: 0.2
--36570.0/37230.0 days/days; walltime: 0.1
---36571.0/37230.0 days/days; walltime: 0.2
--36572.0/37230.0 days/days; walltime: 0.1
--36573.0/37230.0 days/days; walltime: 0.2
--36574.0/37230.0 days/days; walltime: 0.1
---36575.0/37230.0 days/days; walltime: 0.3
--36576.0/37230.0 days/days; walltime: 0.1
---36577.0/37230.0 days/days; walltime: 0.2
-36578.0/37230.0 days/days; walltime: 0.0
--36579.0/37230.0 days/days; walltime: 0.1
---36580.0/37230.0 days/days; walltime: 0.2
--36581.0/37230.0 days/days; walltime: 0.1
--36582.0/37230.0 days/days; walltime: 0.2
--36583.0/37230.0 days/days; walltime: 0.1
---36584.0/37230.0 days/days; walltime: 0.2
-36585.0/37230.0 days/days; walltime: 0.0
--36586.0/37230.0 days/days; walltime: 0.1
--36587.0/37230.0 days/days; walltime: 0.2
--36588.0/37230.0 days/days; walltime: 0.1
-36589.0/37230.0 days/days; walltime: 0.0
---36590.0/37230.0 days/days; walltime: 0.2
-36591.0/37230.0 days/days; walltime: 0.0
---36592.0/37230.0 days/days; walltime: 0.2
-36593.0/37230.0 days/days; walltime: 0.0
--36594.0/37230.0 days/days; walltime: 0.1
--36595.0/37230.0 days/days; walltime: 0.2
--36596.0/37230.0 days/days; walltime: 0.1
-36597.0/37230.0 days/days; walltime: 0.0
---36598.0/37230.0 days/days; walltime: 0.2
-36599.0/37230.0 days/days; walltime: 0.0
-36600.0/37230.0 days/days; walltime: 0.0
---36601.0/37230.0 days/days; walltime: 0.2
-36602.0/37230.0 days/days; walltime: 0.0
-36603.0/37230.0 days/days; walltime: 0.0
----36604.0/37230.0 days/days; walltime: 0.3
--36605.0/37230.0 days/days; walltime: 0.1
--36606.0/37230.0 days/days; walltime: 0.1
----36607.0/37230.0 days/days; walltime: 0.3
--36608.0/37230.0 days/days; walltime: 0.1
--36609.0/37230.0 days/days; walltime: 0.1
----36610.0/37230.0 days/days; walltime: 0.3
--36611.0/37230.0 days/days; walltime: 0.1
--36612.0/37230.0 days/days; walltime: 0.1
--36613.0/37230.0 days/days; walltime: 0.2
--36614.0/37230.0 days/days; walltime: 0.1
-------------------------------------36615.0/37230.0 days/days; walltime: 1.8
----------------------------------------------------------------------------36616.0/37230.0 days/days; walltime: 3.7
---------------------------------------------------------------------------------------36617.0/37230.0 days/days; walltime: 4.5
-------------------------------------------------------------------------------------------------------------------------------------36618.0/37230.0 days/days; walltime: 6.7
--------------------------------------------------------------------------------------------------------36619.0/37230.0 days/days; walltime: 5.1
--------------------------------------------------------------------------------------------------------------------------------------------------------------------------36620.0/37230.0 days/days; walltime: 9.1
-----------------------------------------------------------------------------------------------------------------------------------------------------------------------------------------------------------------------------------------------------------------------36621.0/37230.0 days/days; walltime: 14.0
--------------------------------------------------------------------------------------------------------------------------------------------------------------------------------------------------------------------------------------------------------------------------------------------36622.0/37230.0 days/days; walltime: 15.0
----------------------------------------------------------------------------------------------------------------------------------------------------------------------------------------------------------------------------------------------------------------------------------------------------------------------------------------------------------------------------------------------------------------------------------------------------------------------------------------------------------------------------------36623.0/37230.0 days/days; walltime: 26.6
--------------------------------------------------------------------------------------------------------------------------------------------------------------------------------------------------------------------------------------------------------------------------------------------------------------------------------------------------------------------------------------------------------------------------------------------------------------------------------------------36624.0/37230.0 days/days; walltime: 25.8
------------------------------------------------------------------------------------------------------------------------------------------------------------------------------------------------------------------------------------------------------------------------------------------------------------------------------------------------------------------------------------------------------------------------------------------36625.0/37230.0 days/days; walltime: 22.2
----------------------------------------------------------------------------------------------------------------------------------------------------------------------------------------------------------------------------------------------------------------------------------------------------------------------------------------------------------------------------------------------------------------------------------------------------------------------------------------------------------------------------------------------------------------------------------------------------------------------------------------------------------------------------------------------------------------------------------36626.0/37230.0 days/days; walltime: 37.0
--------------------------------------------------------------------------------------------------------------------------------------------------------------------------------------------------------------------------------------------------------------------------------------------------------------------------------------------------------------------------------------------------------------------------------------------------------------------------------------------------------------------------------------------------------------------------------36627.0/37230.0 days/days; walltime: 30.0
----------------------------------------------------------------------------------------------------------------------------------------------------------------------------------------------------------------------------------------------------------------------------------------------------------------------------------------------------------------------------------------------------------------------------------------------------------------------------------------------------------------------------------------------------------------------------------------------------------------------------------------------------------------------------------------------------------------36628.0/37230.0 days/days; walltime: 37.4
-----------------------------------------------------------------------------------------------------------------------------------------------------------------------------------------------------------------------------------------------------------------------------------------------------------------------------------------------------------------------------------------------------------------------------------------------------------------------------------------------------------------------------------------------------------------------------------------------------------------------------------------------------------------------------------------------------------------------------------------------------------------------------------------------------------------------------------------------------------------36629.0/37230.0 days/days; walltime: 43.4
------------------------------------------------------------------------------------------------------------------------------------------------------------------------------------------------------------------------------------------------------------------------------------------------------------------------------------------------------------------------------------------------------------------------------------------------------------------------------------------------------------------------------------------------------------------------------------------------------------------------------------------------------------------------------------------------------------------------------------------------------------------------------------------------------------------------36630.0/37230.0 days/days; walltime: 41.1
------------------------------------------------------------------------------------------------------------------------------------------------------------------------------------------------------------------------------------------------------------------------------------------------------------------------------------------------------------------------------------------------------------------------------------------------------------------------------------------------------------------------------------------------------------------------------------------------------------------------------------------------------------------------------------------------------------------------------------------------------------------------------------------------------------------------------------36631.0/37230.0 days/days; walltime: 40.6
-----------------------------------------------------------------------------------------------------------------------------------------------------------------------------------------------------------------------------------------------------------------------------------------------------------------------------------------------------------------------------------------------------------------------------------------------------------------------------------------------------------------------------------------------------------------------------------------------------------------------------------------------------------------------------------------------------------------------------------------------------------------------------------------------------------------------36632.0/37230.0 days/days; walltime: 40.6
-------------------------------------------------------------------------------------------------------------------------------------------------------------------------------------------------------------------------------------------------------------------------------------------------------------------------------------------------------------------------------------------------------------------------------------------------------------------------------------------------------------------------------------------------------------------------------------------------------------------------------------------------------------------------------------------------------36633.0/37230.0 days/days; walltime: 35.2
--------------------------------------------------------------------------------------------------------------------------------------------------------------------------------------------------------------------------------------------------------------------------------------------------------------------------------------------------------------------------------------------------------------------------------------------------------------------------------------------------------------------------------------------------------------------------------------------------------------------------------------------------------------------------------------------------------------------------------------------------------------36634.0/37230.0 days/days; walltime: 37.1
-----------------------------------------------------------------------------------------------------------------------------------------------------------------------------------------------------------------------------------------------------------------------------------------------------------------------------------------------------------------------------------------------------------------------------------------------------------------------------------------------------------------------------------------------------------------------------------------------------------------------------------------------------------------------------------------------------------------------------------------------------------------36635.0/37230.0 days/days; walltime: 37.4
--------------------------------------------------------------------------------------------------------------------------------------------------------------------------------------------------------------------------------------------------------------------------------------------------------------------------------------------------------------------------------------------------------------------------------------------------------------------------------------------------------------------------------------------------------------------------------------------------------------------------------------------------------------------------------------------------------------------------------------------------------------------------------------------------------------------------36636.0/37230.0 days/days; walltime: 40.2
------------------------------------------------------------------------------------------------------------------------------------------------------------------------------------------------------------------------------------------------------------------------------------------------------------------------------------------------------------------------------------------------------------------------------------------------------------------------------------------------------------------------------------------------------------------------------------------------------------------------------------------------------------------------------------------------------------------------------------------------------------------------------------------------------------------------------------------36637.0/37230.0 days/days; walltime: 40.8
---------------------------------------------------------------------------------------------------------------------------------------------------------------------------------------------------------------------------------------------------------------------------------------------------------------------------------------------------------------------------------------------------------------------------------------------------------------------------------------------------------------------------------------------------------------------------------------------------------------------------------------------------------------------------------------------------------------------------------------------------------------------------------------------------------------------------------------------------------------------------------------------------------------------------------------------------------------------------36638.0/37230.0 days/days; walltime: 47.4
----------------------------------------------------------------------------------------------------------------------------------------------------------------------------------------------------------------------------------------------------------------------------------------------------------------------------------------------------------------------------------------------------------------------------------------------------------------------------------------------------------------------------------------------------------------------------------------------------------------------------------------------------------36639.0/37230.0 days/days; walltime: 32.0
----------------------------------------------------------------------------------------------------------------------------------------------------------------------------------------------------------------------------------------------------------------------------------------------------------------------------------------------------------------------------------------------------------------------------------------------------------------------------------------------------------------------------------------------------------------------------------------------------------------------------------------------------------------------------------------------------------------------------------------------------------------------------------------------------------------------------------------------------------------------------------------------------------------36640.0/37230.0 days/days; walltime: 44.0
-----------------------------------------------------------------------------------------------------------------------------------------------------------------------------------------------------------------------------------------------------------------------------------------------------------------------------------------------------------------------------------------------------------------------------------------------------------------------------------------------------------------------------------------------------------------------------------------------------------------------------------------------------------------------------------------------------------36641.0/37230.0 days/days; walltime: 33.3
---------------------------------------------------------------------------------------------------------------------------------------------------------------------------------------------------------------------------------------------------------------------------------------------------------------------------------------------------------------------------------------------------------------------------------------------------------------------------------------------------------------------------------------------------------------------------------------------------------------------------------------------------------------------------------------------------------------------------------------------------------------36642.0/37230.0 days/days; walltime: 35.8
------------------------------------------------------------------------------------------------------------------------------------------------------------------------------------------------------------------------------------------------------------------------------------------------------------------------------------------------------------------------------------------------------------------------------------------------------------------------------------------------------------------------------------------------------------------------------------------------------------------------------------------------------------------------------------------------------------------36643.0/37230.0 days/days; walltime: 33.5
-----------------------------------------------------------------------------------------------------------------------------------------------------------------------------------------------------------------------------------------------------------------------------------------------------------------------------------------------------------------------------------------------------------------------------------------------------------------------------------------------------------------------------------------------------------------------------------------------------------------------------------36644.0/37230.0 days/days; walltime: 29.6
-----------------------------------------------------------------------------------------------------------------------------------------------------------------------------------------------------------------------------------------------------------------------------------------------------------------------------------------------------------------------------------------------------------------------------------------------------------------------------------------------------------------------------------------------------------------------------------------------------------------------------------------------------------------------------------------------------------------------------------------------------------------------------------------------------------------------------------------------------------------------------------------------------------------------36645.0/37230.0 days/days; walltime: 42.7
-------------------------------------------------------------------------------------------------------------------------------------------------------------------------------------------------------------------------------------------------------------------------------------------------------------------------------------------------------------------------------------------------------------------------------------------------------------------------------------------------------------------------------------------------------------------------------------------------------------------------------------------------------------------------------------------36646.0/37230.0 days/days; walltime: 31.7
-----------------------------------------------------------------------------------------------------------------------------------------------------------------------------------------------------------------------------------------------------------------------------------------------------------------------------------------------------------------------------------------------------------------------------------------------------------------------------------------------------------------------------------------------------------------------------------------------------------------------------------------36647.0/37230.0 days/days; walltime: 29.3
------------------------------------------------------------------------------------------------------------------------------------------------------------------------------------------------------------------------------------------------------------------------------------------------------------------------------------------------------------------------------------------------------------------------------------------------------------------------------------------------------------------------------------------------------------------------------------------------------------------------------------------------------------------36648.0/37230.0 days/days; walltime: 30.9
----------------------------------------------------------------------------------------------------------------------------------------------------------------------------------------------------------------------------------------------------------------------------------------------------------------------------------------------------------------------------------------------------------------------------------------------------------------------------------------------------------------------------------------------------------------------------------------------------------------------------------------------------------------------------------------------------------------------------------------------------------------------------------------------------------------------------------------------------------------------------------------------------------------------------------------------------------------------------------------------------------------------------36649.0/37230.0 days/days; walltime: 48.9
------------------------------------------------------------------------------------------------------------------------------------------------------------------------------------------------------------------------------------------------------------------------------------------------------------------------------------------------------------------------------------------------------------------------------------------------------------------------------------------------------------------------------------------------------------------------------------------------------------------------------------------------------------------------------------------------------------------------------