Case 3:
Picked up JAVA_TOOL_OPTIONS: -Xmx2g
Opening log file:  /tmp/java.log.15771

                            < M A T L A B (R) >
                  Copyright 1984-2022 The MathWorks, Inc.
                  R2022a (9.12.0.1884302) 64-bit (glnxa64)
                             February 16, 2022

 
To get started, type doc.
For product information, visit www.mathworks.com.
 

config = 

  struct with fields:

                 k_s: 0.2500
                 l_c: 10
            n_moulin: 68
    creep_const_soft: 0
             mesh_nr: 4
                 k_c: 0.1500
               h_bed: 0.5000
               l_bed: 10
               alpha: 3
                beta: 2
               omega: 0

Running model run (ode15s):
Run seasonal
Saving model run to
./RUN/output_003_seasonal.nc
IC initialised from struct
IC initialised from file/given & rest from parameters and given functions
36500.0/37230.0 days/days; walltime: 13.9
36501.0/37230.0 days/days; walltime: 64.4
36502.0/37230.0 days/days; walltime: 10.3
36503.0/37230.0 days/days; walltime: 18.3
36504.0/37230.0 days/days; walltime: 8.7
36505.0/37230.0 days/days; walltime: 7.6
36506.0/37230.0 days/days; walltime: 14.5
36507.0/37230.0 days/days; walltime: 6.1
36508.0/37230.0 days/days; walltime: 9.2
36509.0/37230.0 days/days; walltime: 6.3
36510.0/37230.0 days/days; walltime: 4.3
36511.0/37230.0 days/days; walltime: 2.2
36512.0/37230.0 days/days; walltime: 2.3
36513.0/37230.0 days/days; walltime: 2.4
36514.0/37230.0 days/days; walltime: 2.5
36515.0/37230.0 days/days; walltime: 5.5
36516.0/37230.0 days/days; walltime: 1.8
36517.0/37230.0 days/days; walltime: 1.5
36518.0/37230.0 days/days; walltime: 1.5
36519.0/37230.0 days/days; walltime: 1.4
36520.0/37230.0 days/days; walltime: 1.5
36521.0/37230.0 days/days; walltime: 4.4
36522.0/37230.0 days/days; walltime: 0.6
36523.0/37230.0 days/days; walltime: 0.5
36524.0/37230.0 days/days; walltime: 0.6
36525.0/37230.0 days/days; walltime: 1.0
36526.0/37230.0 days/days; walltime: 1.2
36527.0/37230.0 days/days; walltime: 2.6
36528.0/37230.0 days/days; walltime: 0.9
36529.0/37230.0 days/days; walltime: 0.8
36530.0/37230.0 days/days; walltime: 0.4
36531.0/37230.0 days/days; walltime: 0.4
36532.0/37230.0 days/days; walltime: 2.1
36533.0/37230.0 days/days; walltime: 0.7
36534.0/37230.0 days/days; walltime: 0.7
36535.0/37230.0 days/days; walltime: 0.9
36536.0/37230.0 days/days; walltime: 0.7
36537.0/37230.0 days/days; walltime: 0.6
36538.0/37230.0 days/days; walltime: 0.6
36539.0/37230.0 days/days; walltime: 0.5
36540.0/37230.0 days/days; walltime: 0.3
36541.0/37230.0 days/days; walltime: 1.1
36542.0/37230.0 days/days; walltime: 0.5
36543.0/37230.0 days/days; walltime: 0.6
36544.0/37230.0 days/days; walltime: 0.6
36545.0/37230.0 days/days; walltime: 0.8
36546.0/37230.0 days/days; walltime: 0.9
36547.0/37230.0 days/days; walltime: 0.8
36548.0/37230.0 days/days; walltime: 3.4
36549.0/37230.0 days/days; walltime: 0.4
36550.0/37230.0 days/days; walltime: 0.6
36551.0/37230.0 days/days; walltime: 0.4
36552.0/37230.0 days/days; walltime: 0.5
36553.0/37230.0 days/days; walltime: 0.4
36554.0/37230.0 days/days; walltime: 0.5
36555.0/37230.0 days/days; walltime: 0.4
36556.0/37230.0 days/days; walltime: 0.5
36557.0/37230.0 days/days; walltime: 0.4
36558.0/37230.0 days/days; walltime: 0.4
36559.0/37230.0 days/days; walltime: 0.4
36560.0/37230.0 days/days; walltime: 0.5
36561.0/37230.0 days/days; walltime: 0.3
36562.0/37230.0 days/days; walltime: 0.4
36563.0/37230.0 days/days; walltime: 0.3
36564.0/37230.0 days/days; walltime: 0.4
36565.0/37230.0 days/days; walltime: 0.4
36566.0/37230.0 days/days; walltime: 0.3
36567.0/37230.0 days/days; walltime: 0.5
36568.0/37230.0 days/days; walltime: 0.3
36569.0/37230.0 days/days; walltime: 0.4
36570.0/37230.0 days/days; walltime: 0.4
36571.0/37230.0 days/days; walltime: 0.3
36572.0/37230.0 days/days; walltime: 0.4
36573.0/37230.0 days/days; walltime: 0.4
36574.0/37230.0 days/days; walltime: 0.2
36575.0/37230.0 days/days; walltime: 0.5
36576.0/37230.0 days/days; walltime: 0.4
36577.0/37230.0 days/days; walltime: 0.5
36578.0/37230.0 days/days; walltime: 0.4
36579.0/37230.0 days/days; walltime: 2.8
36580.0/37230.0 days/days; walltime: 0.7
36581.0/37230.0 days/days; walltime: 0.3
36582.0/37230.0 days/days; walltime: 0.3
36583.0/37230.0 days/days; walltime: 0.3
36584.0/37230.0 days/days; walltime: 0.3
36585.0/37230.0 days/days; walltime: 0.3
36586.0/37230.0 days/days; walltime: 0.3
36587.0/37230.0 days/days; walltime: 0.3
36588.0/37230.0 days/days; walltime: 0.3
36589.0/37230.0 days/days; walltime: 0.3
36590.0/37230.0 days/days; walltime: 0.3
36591.0/37230.0 days/days; walltime: 0.3
36592.0/37230.0 days/days; walltime: 0.3
36593.0/37230.0 days/days; walltime: 0.1
36594.0/37230.0 days/days; walltime: 0.3
36595.0/37230.0 days/days; walltime: 0.3
36596.0/37230.0 days/days; walltime: 0.3
36597.0/37230.0 days/days; walltime: 0.3
36598.0/37230.0 days/days; walltime: 0.1
36599.0/37230.0 days/days; walltime: 0.3
36600.0/37230.0 days/days; walltime: 0.2
36601.0/37230.0 days/days; walltime: 0.1
36602.0/37230.0 days/days; walltime: 0.3
36603.0/37230.0 days/days; walltime: 0.3
36604.0/37230.0 days/days; walltime: 0.1
36605.0/37230.0 days/days; walltime: 0.3
36606.0/37230.0 days/days; walltime: 0.3
36607.0/37230.0 days/days; walltime: 0.1
36608.0/37230.0 days/days; walltime: 0.3
36609.0/37230.0 days/days; walltime: 0.2
36610.0/37230.0 days/days; walltime: 0.1
36611.0/37230.0 days/days; walltime: 0.3
36612.0/37230.0 days/days; walltime: 0.1
36613.0/37230.0 days/days; walltime: 0.3
36614.0/37230.0 days/days; walltime: 0.2
36615.0/37230.0 days/days; walltime: 0.5
36616.0/37230.0 days/days; walltime: 1.3
36617.0/37230.0 days/days; walltime: 2.5
36618.0/37230.0 days/days; walltime: 11.0
36619.0/37230.0 days/days; walltime: 14.6
36620.0/37230.0 days/days; walltime: 13.9
36621.0/37230.0 days/days; walltime: 16.1
36622.0/37230.0 days/days; walltime: 17.1
36623.0/37230.0 days/days; walltime: 16.2
36624.0/37230.0 days/days; walltime: 17.7
36625.0/37230.0 days/days; walltime: 18.1
36626.0/37230.0 days/days; walltime: 18.5
36627.0/37230.0 days/days; walltime: 18.2
36628.0/37230.0 days/days; walltime: 21.0
36629.0/37230.0 days/days; walltime: 18.6
36630.0/37230.0 days/days; walltime: 17.7
36631.0/37230.0 days/days; walltime: 17.7
36632.0/37230.0 days/days; walltime: 19.6
36633.0/37230.0 days/days; walltime: 18.9
36634.0/37230.0 days/days; walltime: 17.9
36635.0/37230.0 days/days; walltime: 18.8
36636.0/37230.0 days/days; walltime: 17.9
36637.0/37230.0 days/days; walltime: 16.4
36638.0/37230.0 days/days; walltime: 17.7
36639.0/37230.0 days/days; walltime: 15.8
36640.0/37230.0 days/days; walltime: 17.7
36641.0/37230.0 days/days; walltime: 18.5
36642.0/37230.0 days/days; walltime: 17.8
36643.0/37230.0 days/days; walltime: 18.5
36644.0/37230.0 days/days; walltime: 16.9
36645.0/37230.0 days/days; walltime: 18.1
36646.0/37230.0 days/days; walltime: 15.5
36647.0/37230.0 days/days; walltime: 16.1
36648.0/37230.0 days/days; walltime: 14.3
36649.0/37230.0 days/days; walltime: 16.5
36650.0/37230.0 days/days; walltime: 15.0
36651.0/37230.0 days/days; walltime: 15.1
36652.0/37230.0 days/days; walltime: 15.4
36653.0/37230.0 days/days; walltime: 14.5
36654.0/37230.0 days/days; walltime: 14.1
36655.0/37230.0 days/days; walltime: 19.7
36656.0/37230.0 days/days; walltime: 13.0
36657.0/37230.0 days/days; walltime: 11.8
36658.0/37230.0 days/days; walltime: 9.7
36659.0/37230.0 days/days; walltime: 6.3
36660.0/37230.0 days/days; walltime: 25.0
36661.0/37230.0 days/days; walltime: 7.9
36662.0/37230.0 days/days; walltime: 5.3
36663.0/37230.0 days/days; walltime: 10.2
36664.0/37230.0 days/days; walltime: 22.3
36665.0/37230.0 days/days; walltime: 16.1
36666.0/37230.0 days/days; walltime: 8.1
36667.0/37230.0 days/days; walltime: 19.5
36668.0/37230.0 days/days; walltime: 11.1
36669.0/37230.0 days/days; walltime: 14.2
36670.0/37230.0 days/days; walltime: 15.2
36671.0/37230.0 days/days; walltime: 17.3
36672.0/37230.0 days/days; walltime: 7.4
36673.0/37230.0 days/days; walltime: 6.7
36674.0/37230.0 days/days; walltime: 17.7
36675.0/37230.0 days/days; walltime: 11.0
36676.0/37230.0 days/days; walltime: 14.3
36677.0/37230.0 days/days; walltime: 18.1
36678.0/37230.0 days/days; walltime: 23.9
36679.0/37230.0 days/days; walltime: 22.9
36680.0/37230.0 days/days; walltime: 13.1
36681.0/37230.0 days/days; walltime: 19.5
36682.0/37230.0 days/days; walltime: 6.1
36683.0/37230.0 days/days; walltime: 13.7
36684.0/37230.0 days/days; walltime: 24.9
36685.0/37230.0 days/days; walltime: 52.1
36686.0/37230.0 days/days; walltime: 20.1
36687.0/37230.0 days/days; walltime: 10.5
36688.0/37230.0 days/days; walltime: 26.9
36689.0/37230.0 days/days; walltime: 5.3
36690.0/37230.0 days/days; walltime: 10.0
36691.0/37230.0 days/days; walltime: 17.0
36692.0/37230.0 days/days; walltime: 4.5
36693.0/37230.0 days/days; walltime: 3.2
36694.0/37230.0 days/days; walltime: 16.6
36695.0/37230.0 days/days; walltime: 4.2
36696.0/37230.0 days/days; walltime: 10.8
36697.0/37230.0 days/days; walltime: 4.0
36698.0/37230.0 days/days; walltime: 18.7
36699.0/37230.0 days/days; walltime: 8.9
36700.0/37230.0 days/days; walltime: 4.2
36701.0/37230.0 days/days; walltime: 23.5
36702.0/37230.0 days/days; walltime: 25.7
36703.0/37230.0 days/days; walltime: 2.1
36704.0/37230.0 days/days; walltime: 28.8
36705.0/37230.0 days/days; walltime: 9.2
36706.0/37230.0 days/days; walltime: 4.2
36707.0/37230.0 days/days; walltime: 12.4
36708.0/37230.0 days/days; walltime: 2.7
36709.0/37230.0 days/days; walltime: 28.1
36710.0/37230.0 days/days; walltime: 6.7
36711.0/37230.0 days/days; walltime: 4.6
36712.0/37230.0 days/days; walltime: 8.0
36713.0/37230.0 days/days; walltime: 4.8
36714.0/37230.0 days/days; walltime: 3.6
36715.0/37230.0 days/days; walltime: 16.1
36716.0/37230.0 days/days; walltime: 6.6
36717.0/37230.0 days/days; walltime: 6.0
36718.0/37230.0 days/days; walltime: 4.7
36719.0/37230.0 days/days; walltime: 6.0
36720.0/37230.0 days/days; walltime: 3.9
36721.0/37230.0 days/days; walltime: 6.6
36722.0/37230.0 days/days; walltime: 7.9
36723.0/37230.0 days/days; walltime: 6.0
36724.0/37230.0 days/days; walltime: 9.9
36725.0/37230.0 days/days; walltime: 10.8
36726.0/37230.0 days/days; walltime: 9.5
36727.0/37230.0 days/days; walltime: 31.9
36728.0/37230.0 days/days; walltime: 18.3
36729.0/37230.0 days/days; walltime: 9.8
36730.0/37230.0 days/days; walltime: 13.5
36731.0/37230.0 days/days; walltime: 18.7
36732.0/37230.0 days/days; walltime: 13.3
36733.0/37230.0 days/days; walltime: 18.8
36734.0/37230.0 days/days; walltime: 14.2
36735.0/37230.0 days/days; walltime: 23.8
36736.0/37230.0 days/days; walltime: 14.8
36737.0/37230.0 days/days; walltime: 20.1
36738.0/37230.0 days/days; walltime: 17.4
36739.0/37230.0 days/days; walltime: 17.2
36740.0/37230.0 days/days; walltime: 17.1
36741.0/37230.0 days/days; walltime: 15.3
36742.0/37230.0 days/days; walltime: 16.9
36743.0/37230.0 days/days; walltime: 14.8
36744.0/37230.0 days/days; walltime: 14.7
36745.0/37230.0 days/days; walltime: 13.0
36746.0/37230.0 days/days; walltime: 9.2
36747.0/37230.0 days/days; walltime: 14.8
36748.0/37230.0 days/days; walltime: 31.5
36749.0/37230.0 days/days; walltime: 5.3
36750.0/37230.0 days/days; walltime: 5.7
36751.0/37230.0 days/days; walltime: 3.1
36752.0/37230.0 days/days; walltime: 1.6
36753.0/37230.0 days/days; walltime: 1.5
36754.0/37230.0 days/days; walltime: 1.3
36755.0/37230.0 days/days; walltime: 1.2
36756.0/37230.0 days/days; walltime: 1.3
36757.0/37230.0 days/days; walltime: 5.5
36758.0/37230.0 days/days; walltime: 0.9
36759.0/37230.0 days/days; walltime: 0.7
36760.0/37230.0 days/days; walltime: 0.7
36761.0/37230.0 days/days; walltime: 0.7
36762.0/37230.0 days/days; walltime: 0.7
36763.0/37230.0 days/days; walltime: 0.8
36764.0/37230.0 days/days; walltime: 0.7
36765.0/37230.0 days/days; walltime: 0.8
36766.0/37230.0 days/days; walltime: 2.1
36767.0/37230.0 days/days; walltime: 0.6
36768.0/37230.0 days/days; walltime: 0.6
36769.0/37230.0 days/days; walltime: 0.4
36770.0/37230.0 days/days; walltime: 0.4
36771.0/37230.0 days/days; walltime: 0.3
36772.0/37230.0 days/days; walltime: 0.2
36773.0/37230.0 days/days; walltime: 0.3
36774.0/37230.0 days/days; walltime: 0.3
36775.0/37230.0 days/days; walltime: 0.6
36776.0/37230.0 days/days; walltime: 0.7
36777.0/37230.0 days/days; walltime: 0.6
36778.0/37230.0 days/days; walltime: 0.4
36779.0/37230.0 days/days; walltime: 0.5
36780.0/37230.0 days/days; walltime: 0.4
36781.0/37230.0 days/days; walltime: 0.4
36782.0/37230.0 days/days; walltime: 0.6
36783.0/37230.0 days/days; walltime: 0.5
36784.0/37230.0 days/days; walltime: 0.5
36785.0/37230.0 days/days; walltime: 0.6
36786.0/37230.0 days/days; walltime: 0.5
36787.0/37230.0 days/days; walltime: 0.4
36788.0/37230.0 days/days; walltime: 0.5
36789.0/37230.0 days/days; walltime: 4.6
36790.0/37230.0 days/days; walltime: 1.1
36791.0/37230.0 days/days; walltime: 0.4
36792.0/37230.0 days/days; walltime: 0.3
36793.0/37230.0 days/days; walltime: 0.3
36794.0/37230.0 days/days; walltime: 0.3
36795.0/37230.0 days/days; walltime: 0.3
36796.0/37230.0 days/days; walltime: 0.3
36797.0/37230.0 days/days; walltime: 0.3
36798.0/37230.0 days/days; walltime: 0.3
36799.0/37230.0 days/days; walltime: 0.3
36800.0/37230.0 days/days; walltime: 0.3
36801.0/37230.0 days/days; walltime: 0.3
36802.0/37230.0 days/days; walltime: 0.3
36803.0/37230.0 days/days; walltime: 0.3
36804.0/37230.0 days/days; walltime: 0.3
36805.0/37230.0 days/days; walltime: 0.3
36806.0/37230.0 days/days; walltime: 0.3
36807.0/37230.0 days/days; walltime: 0.3
36808.0/37230.0 days/days; walltime: 0.3
36809.0/37230.0 days/days; walltime: 0.3
36810.0/37230.0 days/days; walltime: 0.3
36811.0/37230.0 days/days; walltime: 0.3
36812.0/37230.0 days/days; walltime: 0.3
36813.0/37230.0 days/days; walltime: 0.3
36814.0/37230.0 days/days; walltime: 0.3
36815.0/37230.0 days/days; walltime: 0.3
36816.0/37230.0 days/days; walltime: 0.3
36817.0/37230.0 days/days; walltime: 0.1
36818.0/37230.0 days/days; walltime: 0.3
36819.0/37230.0 days/days; walltime: 0.3
36820.0/37230.0 days/days; walltime: 0.3
36821.0/37230.0 days/days; walltime: 0.3
36822.0/37230.0 days/days; walltime: 0.1
36823.0/37230.0 days/days; walltime: 0.3
36824.0/37230.0 days/days; walltime: 0.3
36825.0/37230.0 days/days; walltime: 0.3
36826.0/37230.0 days/days; walltime: 0.1
36827.0/37230.0 days/days; walltime: 0.3
36828.0/37230.0 days/days; walltime: 0.3
36829.0/37230.0 days/days; walltime: 0.1
36830.0/37230.0 days/days; walltime: 0.3
36831.0/37230.0 days/days; walltime: 0.3
36832.0/37230.0 days/days; walltime: 0.2
36833.0/37230.0 days/days; walltime: 0.3
36834.0/37230.0 days/days; walltime: 0.2
36835.0/37230.0 days/days; walltime: 0.7
36836.0/37230.0 days/days; walltime: 0.2
36837.0/37230.0 days/days; walltime: 0.3
36838.0/37230.0 days/days; walltime: 0.2
36839.0/37230.0 days/days; walltime: 0.2
36840.0/37230.0 days/days; walltime: 0.4
36841.0/37230.0 days/days; walltime: 0.2
36842.0/37230.0 days/days; walltime: 0.2
36843.0/37230.0 days/days; walltime: 3.7
36844.0/37230.0 days/days; walltime: 0.5
36845.0/37230.0 days/days; walltime: 0.1
36846.0/37230.0 days/days; walltime: 0.1
36847.0/37230.0 days/days; walltime: 0.1
36848.0/37230.0 days/days; walltime: 0.1
36849.0/37230.0 days/days; walltime: 0.1
36850.0/37230.0 days/days; walltime: 0.1
36851.0/37230.0 days/days; walltime: 0.1
36852.0/37230.0 days/days; walltime: 0.1
36853.0/37230.0 days/days; walltime: 0.1
36854.0/37230.0 days/days; walltime: 0.1
36855.0/37230.0 days/days; walltime: 0.2
36856.0/37230.0 days/days; walltime: 0.1
36857.0/37230.0 days/days; walltime: 0.3
36858.0/37230.0 days/days; walltime: 0.1
36859.0/37230.0 days/days; walltime: 0.1
36860.0/37230.0 days/days; walltime: 0.3
36861.0/37230.0 days/days; walltime: 0.2
36862.0/37230.0 days/days; walltime: 0.1
36863.0/37230.0 days/days; walltime: 0.2
36864.0/37230.0 days/days; walltime: 0.1
36865.0/37230.0 days/days; walltime: 0.3
36866.0/37230.0 days/days; walltime: 0.1
36867.0/37230.0 days/days; walltime: 0.2
36868.0/37230.0 days/days; walltime: 0.1
36869.0/37230.0 days/days; walltime: 0.2
36870.0/37230.0 days/days; walltime: 0.1
36871.0/37230.0 days/days; walltime: 0.2
36872.0/37230.0 days/days; walltime: 0.1
36873.0/37230.0 days/days; walltime: 0.2
36874.0/37230.0 days/days; walltime: 0.1
36875.0/37230.0 days/days; walltime: 0.2
36876.0/37230.0 days/days; walltime: 0.1
36877.0/37230.0 days/days; walltime: 0.2
36878.0/37230.0 days/days; walltime: 0.1
36879.0/37230.0 days/days; walltime: 0.2
36880.0/37230.0 days/days; walltime: 0.1
36881.0/37230.0 days/days; walltime: 0.2
36882.0/37230.0 days/days; walltime: 0.1
36883.0/37230.0 days/days; walltime: 0.2
36884.0/37230.0 days/days; walltime: 0.0
36885.0/37230.0 days/days; walltime: 0.1
36886.0/37230.0 days/days; walltime: 0.2
36887.0/37230.0 days/days; walltime: 0.0
36888.0/37230.0 days/days; walltime: 0.2
36889.0/37230.0 days/days; walltime: 0.1
36890.0/37230.0 days/days; walltime: 0.0
36891.0/37230.0 days/days; walltime: 0.2
36892.0/37230.0 days/days; walltime: 0.1
36893.0/37230.0 days/days; walltime: 0.2
36894.0/37230.0 days/days; walltime: 0.1
36895.0/37230.0 days/days; walltime: 0.0
36896.0/37230.0 days/days; walltime: 0.2
36897.0/37230.0 days/days; walltime: 0.0
36898.0/37230.0 days/days; walltime: 0.2
36899.0/37230.0 days/days; walltime: 0.0
36900.0/37230.0 days/days; walltime: 0.1
36901.0/37230.0 days/days; walltime: 0.2
36902.0/37230.0 days/days; walltime: 0.1
36903.0/37230.0 days/days; walltime: 0.0
36904.0/37230.0 days/days; walltime: 0.2
36905.0/37230.0 days/days; walltime: 0.1
36906.0/37230.0 days/days; walltime: 0.0
36907.0/37230.0 days/days; walltime: 0.2
36908.0/37230.0 days/days; walltime: 0.0
36909.0/37230.0 days/days; walltime: 0.0
36910.0/37230.0 days/days; walltime: 0.2
36911.0/37230.0 days/days; walltime: 0.0
36912.0/37230.0 days/days; walltime: 0.0
36913.0/37230.0 days/days; walltime: 0.2
36914.0/37230.0 days/days; walltime: 0.1
36915.0/37230.0 days/days; walltime: 0.0
36916.0/37230.0 days/days; walltime: 0.2
36917.0/37230.0 days/days; walltime: 0.1
36918.0/37230.0 days/days; walltime: 0.0
36919.0/37230.0 days/days; walltime: 0.2
36920.0/37230.0 days/days; walltime: 0.0
36921.0/37230.0 days/days; walltime: 0.1
36922.0/37230.0 days/days; walltime: 0.2
36923.0/37230.0 days/days; walltime: 0.0
36924.0/37230.0 days/days; walltime: 0.0
36925.0/37230.0 days/days; walltime: 0.2
36926.0/37230.0 days/days; walltime: 0.0
36927.0/37230.0 days/days; walltime: 0.0
36928.0/37230.0 days/days; walltime: 0.0
36929.0/37230.0 days/days; walltime: 0.2
36930.0/37230.0 days/days; walltime: 0.0
36931.0/37230.0 days/days; walltime: 0.0
36932.0/37230.0 days/days; walltime: 0.2
36933.0/37230.0 days/days; walltime: 0.1
36934.0/37230.0 days/days; walltime: 0.0
36935.0/37230.0 days/days; walltime: 0.2
36936.0/37230.0 days/days; walltime: 0.0
36937.0/37230.0 days/days; walltime: 0.0
36938.0/37230.0 days/days; walltime: 0.2
36939.0/37230.0 days/days; walltime: 0.0
36940.0/37230.0 days/days; walltime: 0.0
36941.0/37230.0 days/days; walltime: 0.0
36942.0/37230.0 days/days; walltime: 0.2
36943.0/37230.0 days/days; walltime: 0.0
36944.0/37230.0 days/days; walltime: 0.1
36945.0/37230.0 days/days; walltime: 0.2
36946.0/37230.0 days/days; walltime: 0.0
36947.0/37230.0 days/days; walltime: 0.0
36948.0/37230.0 days/days; walltime: 0.0
36949.0/37230.0 days/days; walltime: 0.2
36950.0/37230.0 days/days; walltime: 0.0
36951.0/37230.0 days/days; walltime: 0.0
36952.0/37230.0 days/days; walltime: 0.0
36953.0/37230.0 days/days; walltime: 0.2
36954.0/37230.0 days/days; walltime: 0.0
36955.0/37230.0 days/days; walltime: 0.0
36956.0/37230.0 days/days; walltime: 0.2
36957.0/37230.0 days/days; walltime: 0.0
36958.0/37230.0 days/days; walltime: 0.0
36959.0/37230.0 days/days; walltime: 0.0
36960.0/37230.0 days/days; walltime: 0.2
36961.0/37230.0 days/days; walltime: 0.0
36962.0/37230.0 days/days; walltime: 0.0
36963.0/37230.0 days/days; walltime: 0.0
36964.0/37230.0 days/days; walltime: 0.2
36965.0/37230.0 days/days; walltime: 0.0
36966.0/37230.0 days/days; walltime: 0.0
36967.0/37230.0 days/days; walltime: 0.0
36968.0/37230.0 days/days; walltime: 0.2
36969.0/37230.0 days/days; walltime: 0.0
36970.0/37230.0 days/days; walltime: 0.0
36971.0/37230.0 days/days; walltime: 0.0
36972.0/37230.0 days/days; walltime: 0.2
36973.0/37230.0 days/days; walltime: 0.0
36974.0/37230.0 days/days; walltime: 0.0
36975.0/37230.0 days/days; walltime: 0.0
36976.0/37230.0 days/days; walltime: 0.2
36977.0/37230.0 days/days; walltime: 0.0
36979.0/37230.0 days/days; walltime: 0.0
36980.0/37230.0 days/days; walltime: 1.0
36981.0/37230.0 days/days; walltime: 1.0
36982.0/37230.0 days/days; walltime: 2.4
36983.0/37230.0 days/days; walltime: 11.6
36984.0/37230.0 days/days; walltime: 12.7
36985.0/37230.0 days/days; walltime: 14.6
36986.0/37230.0 days/days; walltime: 18.4
36987.0/37230.0 days/days; walltime: 17.1
36988.0/37230.0 days/days; walltime: 19.1
36989.0/37230.0 days/days; walltime: 18.6
36990.0/37230.0 days/days; walltime: 18.5
36991.0/37230.0 days/days; walltime: 18.3
36992.0/37230.0 days/days; walltime: 21.5
36993.0/37230.0 days/days; walltime: 19.5
36994.0/37230.0 days/days; walltime: 19.7
36995.0/37230.0 days/days; walltime: 19.3
36996.0/37230.0 days/days; walltime: 20.5
36997.0/37230.0 days/days; walltime: 20.2
36998.0/37230.0 days/days; walltime: 20.2
36999.0/37230.0 days/days; walltime: 19.1
37000.0/37230.0 days/days; walltime: 19.4
37001.0/37230.0 days/days; walltime: 18.1
37002.0/37230.0 days/days; walltime: 18.6
37003.0/37230.0 days/days; walltime: 17.4
37004.0/37230.0 days/days; walltime: 17.3
37005.0/37230.0 days/days; walltime: 18.6
37006.0/37230.0 days/days; walltime: 17.6
37007.0/37230.0 days/days; walltime: 17.5
37008.0/37230.0 days/days; walltime: 17.5
37009.0/37230.0 days/days; walltime: 16.3
37010.0/37230.0 days/days; walltime: 20.6
37011.0/37230.0 days/days; walltime: 14.9
37012.0/37230.0 days/days; walltime: 16.1
37013.0/37230.0 days/days; walltime: 15.7
37014.0/37230.0 days/days; walltime: 15.6
37015.0/37230.0 days/days; walltime: 14.2
37016.0/37230.0 days/days; walltime: 16.9
37017.0/37230.0 days/days; walltime: 14.6
37018.0/37230.0 days/days; walltime: 17.3
37019.0/37230.0 days/days; walltime: 13.7
37020.0/37230.0 days/days; walltime: 15.3
37021.0/37230.0 days/days; walltime: 13.7
37022.0/37230.0 days/days; walltime: 10.5
37023.0/37230.0 days/days; walltime: 11.9
37024.0/37230.0 days/days; walltime: 6.1
37025.0/37230.0 days/days; walltime: 13.2
37026.0/37230.0 days/days; walltime: 6.6
37027.0/37230.0 days/days; walltime: 5.4
37028.0/37230.0 days/days; walltime: 8.9
37029.0/37230.0 days/days; walltime: 18.8
37030.0/37230.0 days/days; walltime: 20.5
37031.0/37230.0 days/days; walltime: 7.0
37032.0/37230.0 days/days; walltime: 18.5
37033.0/37230.0 days/days; walltime: 9.6
37034.0/37230.0 days/days; walltime: 11.8
37035.0/37230.0 days/days; walltime: 12.0
37036.0/37230.0 days/days; walltime: 19.7
37037.0/37230.0 days/days; walltime: 7.0
37038.0/37230.0 days/days; walltime: 6.4
37039.0/37230.0 days/days; walltime: 21.0
37040.0/37230.0 days/days; walltime: 10.2
37041.0/37230.0 days/days; walltime: 6.6
37042.0/37230.0 days/days; walltime: 19.1
37043.0/37230.0 days/days; walltime: 33.7
37044.0/37230.0 days/days; walltime: 18.6
37045.0/37230.0 days/days; walltime: 20.1
37046.0/37230.0 days/days; walltime: 12.1
37047.0/37230.0 days/days; walltime: 15.2
37048.0/37230.0 days/days; walltime: 21.6
37049.0/37230.0 days/days; walltime: 26.4
37050.0/37230.0 days/days; walltime: 25.9
37051.0/37230.0 days/days; walltime: 18.5
37052.0/37230.0 days/days; walltime: 10.3
37053.0/37230.0 days/days; walltime: 25.5
37054.0/37230.0 days/days; walltime: 6.7
37055.0/37230.0 days/days; walltime: 15.9
37056.0/37230.0 days/days; walltime: 4.6
37057.0/37230.0 days/days; walltime: 3.6
37058.0/37230.0 days/days; walltime: 3.2
37059.0/37230.0 days/days; walltime: 7.7
37060.0/37230.0 days/days; walltime: 5.2
37061.0/37230.0 days/days; walltime: 4.9
37062.0/37230.0 days/days; walltime: 10.7
37063.0/37230.0 days/days; walltime: 9.9
37064.0/37230.0 days/days; walltime: 9.0
37065.0/37230.0 days/days; walltime: 5.7
37066.0/37230.0 days/days; walltime: 19.9
37067.0/37230.0 days/days; walltime: 21.0
37068.0/37230.0 days/days; walltime: 9.9
37069.0/37230.0 days/days; walltime: 9.9
37070.0/37230.0 days/days; walltime: 18.1
37071.0/37230.0 days/days; walltime: 1.1
37072.0/37230.0 days/days; walltime: 5.4
37073.0/37230.0 days/days; walltime: 4.4
37074.0/37230.0 days/days; walltime: 18.4
37075.0/37230.0 days/days; walltime: 4.3
37076.0/37230.0 days/days; walltime: 6.0
37077.0/37230.0 days/days; walltime: 3.4
37078.0/37230.0 days/days; walltime: 7.4
37079.0/37230.0 days/days; walltime: 17.7
37080.0/37230.0 days/days; walltime: 13.2
37081.0/37230.0 days/days; walltime: 7.3
37082.0/37230.0 days/days; walltime: 4.9
37083.0/37230.0 days/days; walltime: 4.4
37084.0/37230.0 days/days; walltime: 6.1
37085.0/37230.0 days/days; walltime: 5.5
37086.0/37230.0 days/days; walltime: 6.0
37087.0/37230.0 days/days; walltime: 7.2
37088.0/37230.0 days/days; walltime: 6.9
37089.0/37230.0 days/days; walltime: 9.7
37090.0/37230.0 days/days; walltime: 10.9
37091.0/37230.0 days/days; walltime: 12.7
37092.0/37230.0 days/days; walltime: 29.0
37093.0/37230.0 days/days; walltime: 20.7
37094.0/37230.0 days/days; walltime: 10.8
37095.0/37230.0 days/days; walltime: 12.5
37096.0/37230.0 days/days; walltime: 22.1
37097.0/37230.0 days/days; walltime: 13.9
37098.0/37230.0 days/days; walltime: 17.6
37099.0/37230.0 days/days; walltime: 14.2
37100.0/37230.0 days/days; walltime: 19.7
37101.0/37230.0 days/days; walltime: 15.4
37102.0/37230.0 days/days; walltime: 19.1
37103.0/37230.0 days/days; walltime: 16.1
37104.0/37230.0 days/days; walltime: 19.6
37105.0/37230.0 days/days; walltime: 16.0
37106.0/37230.0 days/days; walltime: 16.1
37107.0/37230.0 days/days; walltime: 16.3
37108.0/37230.0 days/days; walltime: 14.9
37109.0/37230.0 days/days; walltime: 14.9
37110.0/37230.0 days/days; walltime: 11.5
37111.0/37230.0 days/days; walltime: 10.4
37112.0/37230.0 days/days; walltime: 11.2
37113.0/37230.0 days/days; walltime: 8.5
37114.0/37230.0 days/days; walltime: 8.5
37115.0/37230.0 days/days; walltime: 18.8
37116.0/37230.0 days/days; walltime: 3.1
37117.0/37230.0 days/days; walltime: 1.4
37118.0/37230.0 days/days; walltime: 1.3
37119.0/37230.0 days/days; walltime: 1.3
37120.0/37230.0 days/days; walltime: 1.4
37121.0/37230.0 days/days; walltime: 1.4
37122.0/37230.0 days/days; walltime: 16.8
37123.0/37230.0 days/days; walltime: 0.9
37124.0/37230.0 days/days; walltime: 0.9
37125.0/37230.0 days/days; walltime: 0.6
37126.0/37230.0 days/days; walltime: 0.9
37127.0/37230.0 days/days; walltime: 0.7
37128.0/37230.0 days/days; walltime: 0.7
37129.0/37230.0 days/days; walltime: 0.8
37130.0/37230.0 days/days; walltime: 0.9
37131.0/37230.0 days/days; walltime: 2.1
37132.0/37230.0 days/days; walltime: 0.6
37133.0/37230.0 days/days; walltime: 0.4
37134.0/37230.0 days/days; walltime: 0.4
37135.0/37230.0 days/days; walltime: 0.6
37136.0/37230.0 days/days; walltime: 0.6
37137.0/37230.0 days/days; walltime: 0.2
37138.0/37230.0 days/days; walltime: 0.3
37139.0/37230.0 days/days; walltime: 0.3
37140.0/37230.0 days/days; walltime: 0.7
37141.0/37230.0 days/days; walltime: 0.4
37142.0/37230.0 days/days; walltime: 0.5
37143.0/37230.0 days/days; walltime: 0.4
37144.0/37230.0 days/days; walltime: 0.5
37145.0/37230.0 days/days; walltime: 0.4
37146.0/37230.0 days/days; walltime: 0.5
37147.0/37230.0 days/days; walltime: 0.4
37148.0/37230.0 days/days; walltime: 0.4
37149.0/37230.0 days/days; walltime: 0.5
37150.0/37230.0 days/days; walltime: 0.6
37151.0/37230.0 days/days; walltime: 3.2
37152.0/37230.0 days/days; walltime: 0.4
37153.0/37230.0 days/days; walltime: 0.5
37154.0/37230.0 days/days; walltime: 0.3
37155.0/37230.0 days/days; walltime: 0.3
37156.0/37230.0 days/days; walltime: 0.3
37157.0/37230.0 days/days; walltime: 0.3
37158.0/37230.0 days/days; walltime: 0.3
37159.0/37230.0 days/days; walltime: 0.3
37160.0/37230.0 days/days; walltime: 0.3
37161.0/37230.0 days/days; walltime: 0.3
37162.0/37230.0 days/days; walltime: 0.3
37163.0/37230.0 days/days; walltime: 0.3
37164.0/37230.0 days/days; walltime: 0.3
37165.0/37230.0 days/days; walltime: 0.3
37166.0/37230.0 days/days; walltime: 0.3
37167.0/37230.0 days/days; walltime: 0.3
37168.0/37230.0 days/days; walltime: 0.3
37169.0/37230.0 days/days; walltime: 0.3
37170.0/37230.0 days/days; walltime: 0.3
37171.0/37230.0 days/days; walltime: 0.3
37172.0/37230.0 days/days; walltime: 0.3
37173.0/37230.0 days/days; walltime: 0.3
37174.0/37230.0 days/days; walltime: 0.3
37175.0/37230.0 days/days; walltime: 0.3
37176.0/37230.0 days/days; walltime: 0.3
37177.0/37230.0 days/days; walltime: 0.1
37178.0/37230.0 days/days; walltime: 0.3
37179.0/37230.0 days/days; walltime: 0.3
37180.0/37230.0 days/days; walltime: 0.3
37181.0/37230.0 days/days; walltime: 0.3
37182.0/37230.0 days/days; walltime: 0.3
37183.0/37230.0 days/days; walltime: 0.1
37184.0/37230.0 days/days; walltime: 0.3
37185.0/37230.0 days/days; walltime: 0.3
37186.0/37230.0 days/days; walltime: 0.3
37187.0/37230.0 days/days; walltime: 0.1
37188.0/37230.0 days/days; walltime: 0.3
37189.0/37230.0 days/days; walltime: 0.2
37190.0/37230.0 days/days; walltime: 0.1
37191.0/37230.0 days/days; walltime: 0.3
37192.0/37230.0 days/days; walltime: 0.2
37193.0/37230.0 days/days; walltime: 0.1
37194.0/37230.0 days/days; walltime: 0.2
37195.0/37230.0 days/days; walltime: 0.3
37196.0/37230.0 days/days; walltime: 0.1
37197.0/37230.0 days/days; walltime: 0.3
37198.0/37230.0 days/days; walltime: 0.1
37199.0/37230.0 days/days; walltime: 0.3
37200.0/37230.0 days/days; walltime: 0.2
37201.0/37230.0 days/days; walltime: 0.1
37202.0/37230.0 days/days; walltime: 0.1
37203.0/37230.0 days/days; walltime: 0.2
37204.0/37230.0 days/days; walltime: 0.3
37205.0/37230.0 days/days; walltime: 0.2
37206.0/37230.0 days/days; walltime: 0.3
37207.0/37230.0 days/days; walltime: 0.2
37208.0/37230.0 days/days; walltime: 0.3
37209.0/37230.0 days/days; walltime: 0.3
37210.0/37230.0 days/days; walltime: 0.2
37211.0/37230.0 days/days; walltime: 0.3
37212.0/37230.0 days/days; walltime: 0.2
37213.0/37230.0 days/days; walltime: 2.1
37214.0/37230.0 days/days; walltime: 0.4
37215.0/37230.0 days/days; walltime: 0.1
37216.0/37230.0 days/days; walltime: 0.1
37217.0/37230.0 days/days; walltime: 0.1
37218.0/37230.0 days/days; walltime: 0.1
37219.0/37230.0 days/days; walltime: 0.1
37220.0/37230.0 days/days; walltime: 0.1
37221.0/37230.0 days/days; walltime: 0.1
37222.0/37230.0 days/days; walltime: 0.1
37223.0/37230.0 days/days; walltime: 0.1
37224.0/37230.0 days/days; walltime: 0.1
37225.0/37230.0 days/days; walltime: 0.1
37226.0/37230.0 days/days; walltime: 0.1
37227.0/37230.0 days/days; walltime: 0.1
37228.0/37230.0 days/days; walltime: 0.1
37229.0/37230.0 days/days; walltime: 0.1
37230.0/37230.0 days/days; walltime: 0.4
Wallclock for model run: 4176.1s
 

fields = 

  struct with fields:

    nodes: [1x1 struct]
    edges: [1x1 struct]
       BC: [1x1 struct]

No cases left; exiting.
