Case 2:
Picked up JAVA_TOOL_OPTIONS: -Xmx2g
Opening log file:  /tmp/java.log.15607

                            < M A T L A B (R) >
                  Copyright 1984-2022 The MathWorks, Inc.
                  R2022a (9.12.0.1884302) 64-bit (glnxa64)
                             February 16, 2022

 
To get started, type doc.
For product information, visit www.mathworks.com.
 

config = 

  struct with fields:

                 k_s: 0.0299
                 l_c: 10
            n_moulin: 68
    creep_const_soft: 0
             mesh_nr: 4
                 k_c: 0.1500
               h_bed: 0.5000
               l_bed: 10
               alpha: 1.5000
                beta: 1.5000
               omega: 0

Running model run (ode15s):
Run seasonal
Saving model run to
./RUN/output_002_seasonal.nc
IC initialised from struct
IC initialised from file/given & rest from parameters and given functions
36500.0/37230.0 days/days; walltime: 15.5
36501.0/37230.0 days/days; walltime: 105.4
36502.0/37230.0 days/days; walltime: 3.3
36503.0/37230.0 days/days; walltime: 3.2
36504.0/37230.0 days/days; walltime: 3.2
36505.0/37230.0 days/days; walltime: 4.4
36506.0/37230.0 days/days; walltime: 2.4
36507.0/37230.0 days/days; walltime: 3.9
36508.0/37230.0 days/days; walltime: 1.9
36509.0/37230.0 days/days; walltime: 1.5
36510.0/37230.0 days/days; walltime: 3.0
36511.0/37230.0 days/days; walltime: 1.5
36512.0/37230.0 days/days; walltime: 1.2
36513.0/37230.0 days/days; walltime: 2.7
36514.0/37230.0 days/days; walltime: 1.0
36515.0/37230.0 days/days; walltime: 0.8
36516.0/37230.0 days/days; walltime: 1.0
36517.0/37230.0 days/days; walltime: 1.0
36518.0/37230.0 days/days; walltime: 1.0
36519.0/37230.0 days/days; walltime: 1.0
36520.0/37230.0 days/days; walltime: 2.4
36521.0/37230.0 days/days; walltime: 0.9
36522.0/37230.0 days/days; walltime: 0.8
36523.0/37230.0 days/days; walltime: 0.7
36524.0/37230.0 days/days; walltime: 0.8
36525.0/37230.0 days/days; walltime: 0.8
36526.0/37230.0 days/days; walltime: 0.6
36527.0/37230.0 days/days; walltime: 0.8
36528.0/37230.0 days/days; walltime: 0.6
36529.0/37230.0 days/days; walltime: 2.1
36530.0/37230.0 days/days; walltime: 0.8
36531.0/37230.0 days/days; walltime: 0.6
36532.0/37230.0 days/days; walltime: 0.6
36533.0/37230.0 days/days; walltime: 0.7
36534.0/37230.0 days/days; walltime: 0.5
36535.0/37230.0 days/days; walltime: 0.6
36536.0/37230.0 days/days; walltime: 0.5
36537.0/37230.0 days/days; walltime: 0.6
36538.0/37230.0 days/days; walltime: 24.9
36539.0/37230.0 days/days; walltime: 0.4
36540.0/37230.0 days/days; walltime: 0.3
36541.0/37230.0 days/days; walltime: 0.4
36542.0/37230.0 days/days; walltime: 0.4
36543.0/37230.0 days/days; walltime: 0.4
36544.0/37230.0 days/days; walltime: 0.4
36545.0/37230.0 days/days; walltime: 0.3
36546.0/37230.0 days/days; walltime: 0.3
36547.0/37230.0 days/days; walltime: 0.3
36548.0/37230.0 days/days; walltime: 0.4
36549.0/37230.0 days/days; walltime: 0.4
36550.0/37230.0 days/days; walltime: 0.4
36551.0/37230.0 days/days; walltime: 0.4
36552.0/37230.0 days/days; walltime: 0.1
36553.0/37230.0 days/days; walltime: 0.4
36554.0/37230.0 days/days; walltime: 0.4
36555.0/37230.0 days/days; walltime: 0.4
36556.0/37230.0 days/days; walltime: 0.2
36557.0/37230.0 days/days; walltime: 0.4
36558.0/37230.0 days/days; walltime: 0.3
36559.0/37230.0 days/days; walltime: 0.3
36560.0/37230.0 days/days; walltime: 0.4
36561.0/37230.0 days/days; walltime: 0.3
36562.0/37230.0 days/days; walltime: 0.3
36563.0/37230.0 days/days; walltime: 0.3
36564.0/37230.0 days/days; walltime: 0.4
36565.0/37230.0 days/days; walltime: 0.2
36566.0/37230.0 days/days; walltime: 0.4
36567.0/37230.0 days/days; walltime: 0.2
36568.0/37230.0 days/days; walltime: 0.3
36569.0/37230.0 days/days; walltime: 1.7
36570.0/37230.0 days/days; walltime: 0.4
36571.0/37230.0 days/days; walltime: 0.3
36572.0/37230.0 days/days; walltime: 0.1
36573.0/37230.0 days/days; walltime: 0.3
36574.0/37230.0 days/days; walltime: 0.2
36575.0/37230.0 days/days; walltime: 0.3
36576.0/37230.0 days/days; walltime: 0.1
36577.0/37230.0 days/days; walltime: 0.2
36578.0/37230.0 days/days; walltime: 0.1
36579.0/37230.0 days/days; walltime: 0.3
36580.0/37230.0 days/days; walltime: 0.1
36581.0/37230.0 days/days; walltime: 0.3
36582.0/37230.0 days/days; walltime: 0.2
36583.0/37230.0 days/days; walltime: 0.3
36584.0/37230.0 days/days; walltime: 0.0
36585.0/37230.0 days/days; walltime: 0.3
36586.0/37230.0 days/days; walltime: 0.2
36587.0/37230.0 days/days; walltime: 0.3
36588.0/37230.0 days/days; walltime: 0.1
36589.0/37230.0 days/days; walltime: 0.3
36590.0/37230.0 days/days; walltime: 0.2
36591.0/37230.0 days/days; walltime: 0.1
36592.0/37230.0 days/days; walltime: 0.3
36593.0/37230.0 days/days; walltime: 0.1
36594.0/37230.0 days/days; walltime: 0.3
36595.0/37230.0 days/days; walltime: 0.1
36596.0/37230.0 days/days; walltime: 0.3
36597.0/37230.0 days/days; walltime: 0.2
36598.0/37230.0 days/days; walltime: 0.1
36599.0/37230.0 days/days; walltime: 0.3
36600.0/37230.0 days/days; walltime: 0.0
36601.0/37230.0 days/days; walltime: 0.3
36602.0/37230.0 days/days; walltime: 0.2
36603.0/37230.0 days/days; walltime: 0.1
36604.0/37230.0 days/days; walltime: 0.3
36605.0/37230.0 days/days; walltime: 0.1
36606.0/37230.0 days/days; walltime: 0.3
36607.0/37230.0 days/days; walltime: 0.1
36608.0/37230.0 days/days; walltime: 0.1
36609.0/37230.0 days/days; walltime: 0.2
36610.0/37230.0 days/days; walltime: 0.2
36611.0/37230.0 days/days; walltime: 0.1
36612.0/37230.0 days/days; walltime: 0.2
36613.0/37230.0 days/days; walltime: 0.0
36614.0/37230.0 days/days; walltime: 0.0
36615.0/37230.0 days/days; walltime: 0.3
36616.0/37230.0 days/days; walltime: 1.8
36617.0/37230.0 days/days; walltime: 3.8
36618.0/37230.0 days/days; walltime: 2.5
36619.0/37230.0 days/days; walltime: 5.6
36620.0/37230.0 days/days; walltime: 6.2
36621.0/37230.0 days/days; walltime: 8.6
36622.0/37230.0 days/days; walltime: 11.6
36623.0/37230.0 days/days; walltime: 18.7
36624.0/37230.0 days/days; walltime: 25.1
36625.0/37230.0 days/days; walltime: 33.7
36626.0/37230.0 days/days; walltime: 29.9
36627.0/37230.0 days/days; walltime: 52.2
36628.0/37230.0 days/days; walltime: 43.2
36629.0/37230.0 days/days; walltime: 44.5
36630.0/37230.0 days/days; walltime: 46.9
36631.0/37230.0 days/days; walltime: 46.9
36632.0/37230.0 days/days; walltime: 62.4
36633.0/37230.0 days/days; walltime: 48.3
36634.0/37230.0 days/days; walltime: 52.1
36635.0/37230.0 days/days; walltime: 48.3
36636.0/37230.0 days/days; walltime: 39.3
36637.0/37230.0 days/days; walltime: 54.4
36638.0/37230.0 days/days; walltime: 44.1
36639.0/37230.0 days/days; walltime: 35.5
36640.0/37230.0 days/days; walltime: 37.8
36641.0/37230.0 days/days; walltime: 41.4
36642.0/37230.0 days/days; walltime: 40.2
36643.0/37230.0 days/days; walltime: 38.0
36644.0/37230.0 days/days; walltime: 32.3
36645.0/37230.0 days/days; walltime: 41.9
36646.0/37230.0 days/days; walltime: 40.0
36647.0/37230.0 days/days; walltime: 40.8
36648.0/37230.0 days/days; walltime: 53.6
36649.0/37230.0 days/days; walltime: 47.2
36650.0/37230.0 days/days; walltime: 40.4
36651.0/37230.0 days/days; walltime: 39.6
36652.0/37230.0 days/days; walltime: 41.6
36653.0/37230.0 days/days; walltime: 42.0
36654.0/37230.0 days/days; walltime: 35.9
36655.0/37230.0 days/days; walltime: 37.7
36656.0/37230.0 days/days; walltime: 41.4
36657.0/37230.0 days/days; walltime: 39.6
36658.0/37230.0 days/days; walltime: 53.5
36659.0/37230.0 days/days; walltime: 19.6
36660.0/37230.0 days/days; walltime: 14.0
36661.0/37230.0 days/days; walltime: 9.2
36662.0/37230.0 days/days; walltime: 6.8
36663.0/37230.0 days/days; walltime: 14.6
36664.0/37230.0 days/days; walltime: 4.4
36665.0/37230.0 days/days; walltime: 6.4
36666.0/37230.0 days/days; walltime: 7.2
36667.0/37230.0 days/days; walltime: 15.8
36668.0/37230.0 days/days; walltime: 12.4
36669.0/37230.0 days/days; walltime: 10.0
36670.0/37230.0 days/days; walltime: 12.5
36671.0/37230.0 days/days; walltime: 10.2
36672.0/37230.0 days/days; walltime: 7.0
36673.0/37230.0 days/days; walltime: 9.3
36674.0/37230.0 days/days; walltime: 9.6
36675.0/37230.0 days/days; walltime: 5.7
36676.0/37230.0 days/days; walltime: 7.0
36677.0/37230.0 days/days; walltime: 8.7
36678.0/37230.0 days/days; walltime: 15.2
36679.0/37230.0 days/days; walltime: 18.1
36680.0/37230.0 days/days; walltime: 1.3
36681.0/37230.0 days/days; walltime: 3.7
36682.0/37230.0 days/days; walltime: 1.1
36683.0/37230.0 days/days; walltime: 0.8
36684.0/37230.0 days/days; walltime: 2.5
36685.0/37230.0 days/days; walltime: 0.7
36686.0/37230.0 days/days; walltime: 0.8
36687.0/37230.0 days/days; walltime: 1.2
36688.0/37230.0 days/days; walltime: 1.1
36689.0/37230.0 days/days; walltime: 1.3
36690.0/37230.0 days/days; walltime: 1.4
36691.0/37230.0 days/days; walltime: 2.9
36692.0/37230.0 days/days; walltime: 3.1
36693.0/37230.0 days/days; walltime: 5.0
36694.0/37230.0 days/days; walltime: 8.2
36695.0/37230.0 days/days; walltime: 9.0
36696.0/37230.0 days/days; walltime: 7.0
36697.0/37230.0 days/days; walltime: 6.2
36698.0/37230.0 days/days; walltime: 8.1
36699.0/37230.0 days/days; walltime: 5.4
36700.0/37230.0 days/days; walltime: 4.3
36701.0/37230.0 days/days; walltime: 1.9
36702.0/37230.0 days/days; walltime: 1.6
36703.0/37230.0 days/days; walltime: 2.6
36704.0/37230.0 days/days; walltime: 3.8
36705.0/37230.0 days/days; walltime: 13.1
36706.0/37230.0 days/days; walltime: 5.5
36707.0/37230.0 days/days; walltime: 7.6
36708.0/37230.0 days/days; walltime: 5.2
36709.0/37230.0 days/days; walltime: 9.2
36710.0/37230.0 days/days; walltime: 5.4
36711.0/37230.0 days/days; walltime: 8.5
36712.0/37230.0 days/days; walltime: 6.2
36713.0/37230.0 days/days; walltime: 5.3
36714.0/37230.0 days/days; walltime: 8.4
36715.0/37230.0 days/days; walltime: 6.9
36716.0/37230.0 days/days; walltime: 4.2
36717.0/37230.0 days/days; walltime: 8.3
36718.0/37230.0 days/days; walltime: 9.1
36719.0/37230.0 days/days; walltime: 6.0
36720.0/37230.0 days/days; walltime: 5.0
36721.0/37230.0 days/days; walltime: 8.5
36722.0/37230.0 days/days; walltime: 16.7
36723.0/37230.0 days/days; walltime: 5.5
36724.0/37230.0 days/days; walltime: 7.9
36725.0/37230.0 days/days; walltime: 12.7
36726.0/37230.0 days/days; walltime: 6.7
36727.0/37230.0 days/days; walltime: 8.8
36728.0/37230.0 days/days; walltime: 9.9
36729.0/37230.0 days/days; walltime: 6.7
36730.0/37230.0 days/days; walltime: 8.2
36731.0/37230.0 days/days; walltime: 8.1
36732.0/37230.0 days/days; walltime: 8.9
36733.0/37230.0 days/days; walltime: 12.7
36734.0/37230.0 days/days; walltime: 8.0
36735.0/37230.0 days/days; walltime: 17.0
36736.0/37230.0 days/days; walltime: 7.4
36737.0/37230.0 days/days; walltime: 10.5
36738.0/37230.0 days/days; walltime: 10.2
36739.0/37230.0 days/days; walltime: 24.0
36740.0/37230.0 days/days; walltime: 11.4
36741.0/37230.0 days/days; walltime: 9.6
36742.0/37230.0 days/days; walltime: 10.5
36743.0/37230.0 days/days; walltime: 8.5
36744.0/37230.0 days/days; walltime: 10.7
36745.0/37230.0 days/days; walltime: 5.8
36746.0/37230.0 days/days; walltime: 7.1
36747.0/37230.0 days/days; walltime: 4.1
36748.0/37230.0 days/days; walltime: 3.3
36749.0/37230.0 days/days; walltime: 4.0
36750.0/37230.0 days/days; walltime: 0.9
36751.0/37230.0 days/days; walltime: 2.4
36752.0/37230.0 days/days; walltime: 0.6
36753.0/37230.0 days/days; walltime: 0.6
36754.0/37230.0 days/days; walltime: 0.4
36755.0/37230.0 days/days; walltime: 0.6
36756.0/37230.0 days/days; walltime: 0.4
36757.0/37230.0 days/days; walltime: 0.4
36758.0/37230.0 days/days; walltime: 0.3
36759.0/37230.0 days/days; walltime: 0.4
36760.0/37230.0 days/days; walltime: 0.4
36761.0/37230.0 days/days; walltime: 0.3
36762.0/37230.0 days/days; walltime: 0.3
36763.0/37230.0 days/days; walltime: 0.3
36764.0/37230.0 days/days; walltime: 0.3
36765.0/37230.0 days/days; walltime: 0.3
36766.0/37230.0 days/days; walltime: 0.3
36767.0/37230.0 days/days; walltime: 0.3
36768.0/37230.0 days/days; walltime: 0.3
36769.0/37230.0 days/days; walltime: 0.3
36770.0/37230.0 days/days; walltime: 0.5
36771.0/37230.0 days/days; walltime: 0.1
36772.0/37230.0 days/days; walltime: 0.4
36773.0/37230.0 days/days; walltime: 0.3
36774.0/37230.0 days/days; walltime: 0.3
36775.0/37230.0 days/days; walltime: 0.3
36776.0/37230.0 days/days; walltime: 0.3
36777.0/37230.0 days/days; walltime: 0.3
36778.0/37230.0 days/days; walltime: 0.2
36779.0/37230.0 days/days; walltime: 0.4
36780.0/37230.0 days/days; walltime: 0.4
36781.0/37230.0 days/days; walltime: 0.2
36782.0/37230.0 days/days; walltime: 0.4
36783.0/37230.0 days/days; walltime: 0.3
36784.0/37230.0 days/days; walltime: 0.3
36785.0/37230.0 days/days; walltime: 0.3
36786.0/37230.0 days/days; walltime: 0.4
36787.0/37230.0 days/days; walltime: 0.2
36788.0/37230.0 days/days; walltime: 0.3
36789.0/37230.0 days/days; walltime: 0.2
36790.0/37230.0 days/days; walltime: 0.4
36791.0/37230.0 days/days; walltime: 0.2
36792.0/37230.0 days/days; walltime: 0.3
-36793.0/37230.0 days/days; walltime: 0.2
-36794.0/37230.0 days/days; walltime: 0.3
36795.0/37230.0 days/days; walltime: 0.2
--36796.0/37230.0 days/days; walltime: 0.3
36797.0/37230.0 days/days; walltime: 0.2
36798.0/37230.0 days/days; walltime: 0.3
-36799.0/37230.0 days/days; walltime: 0.2
-36800.0/37230.0 days/days; walltime: 0.3
36801.0/37230.0 days/days; walltime: 0.2
-36802.0/37230.0 days/days; walltime: 0.3
---36803.0/37230.0 days/days; walltime: 1.7
36804.0/37230.0 days/days; walltime: 0.2
36805.0/37230.0 days/days; walltime: 0.2
36806.0/37230.0 days/days; walltime: 0.3
36807.0/37230.0 days/days; walltime: 0.1
36808.0/37230.0 days/days; walltime: 0.2
36809.0/37230.0 days/days; walltime: 0.2
36810.0/37230.0 days/days; walltime: 0.3
36811.0/37230.0 days/days; walltime: 0.1
36812.0/37230.0 days/days; walltime: 0.2
36813.0/37230.0 days/days; walltime: 0.2
36814.0/37230.0 days/days; walltime: 0.1
36815.0/37230.0 days/days; walltime: 0.2
36816.0/37230.0 days/days; walltime: 0.2
36817.0/37230.0 days/days; walltime: 0.3
36818.0/37230.0 days/days; walltime: 0.1
36819.0/37230.0 days/days; walltime: 0.2
36820.0/37230.0 days/days; walltime: 0.3
36821.0/37230.0 days/days; walltime: 0.1
36822.0/37230.0 days/days; walltime: 0.3
36823.0/37230.0 days/days; walltime: 0.2
36824.0/37230.0 days/days; walltime: 0.1
36825.0/37230.0 days/days; walltime: 0.3
36826.0/37230.0 days/days; walltime: 0.1
36827.0/37230.0 days/days; walltime: 0.3
36828.0/37230.0 days/days; walltime: 0.1
36829.0/37230.0 days/days; walltime: 0.2
36830.0/37230.0 days/days; walltime: 0.2
36831.0/37230.0 days/days; walltime: 0.2
36832.0/37230.0 days/days; walltime: 0.1
36833.0/37230.0 days/days; walltime: 0.3
36834.0/37230.0 days/days; walltime: 0.1
36835.0/37230.0 days/days; walltime: 0.7
36836.0/37230.0 days/days; walltime: 0.1
36837.0/37230.0 days/days; walltime: 0.2
36838.0/37230.0 days/days; walltime: 0.2
36839.0/37230.0 days/days; walltime: 0.1
36840.0/37230.0 days/days; walltime: 0.2
36841.0/37230.0 days/days; walltime: 0.2
36842.0/37230.0 days/days; walltime: 0.1
36843.0/37230.0 days/days; walltime: 0.2
36844.0/37230.0 days/days; walltime: 0.2
36845.0/37230.0 days/days; walltime: 0.1
36846.0/37230.0 days/days; walltime: 0.2
36847.0/37230.0 days/days; walltime: 44.5
36848.0/37230.0 days/days; walltime: 2.0
36849.0/37230.0 days/days; walltime: 0.4
36850.0/37230.0 days/days; walltime: 0.3
36851.0/37230.0 days/days; walltime: 0.1
36852.0/37230.0 days/days; walltime: 0.2
36853.0/37230.0 days/days; walltime: 0.2
36854.0/37230.0 days/days; walltime: 0.0
36855.0/37230.0 days/days; walltime: 0.0
36856.0/37230.0 days/days; walltime: 0.0
36857.0/37230.0 days/days; walltime: 0.3
36858.0/37230.0 days/days; walltime: 0.0
36859.0/37230.0 days/days; walltime: 0.0
36860.0/37230.0 days/days; walltime: 0.2
36861.0/37230.0 days/days; walltime: 0.0
36862.0/37230.0 days/days; walltime: 0.0
36863.0/37230.0 days/days; walltime: 0.0
36864.0/37230.0 days/days; walltime: 0.2
36865.0/37230.0 days/days; walltime: 0.1
36866.0/37230.0 days/days; walltime: 0.0
36867.0/37230.0 days/days; walltime: 0.2
36868.0/37230.0 days/days; walltime: 0.0
36869.0/37230.0 days/days; walltime: 0.0
36870.0/37230.0 days/days; walltime: 0.0
36871.0/37230.0 days/days; walltime: 0.2
36872.0/37230.0 days/days; walltime: 0.0
36873.0/37230.0 days/days; walltime: 0.0
36874.0/37230.0 days/days; walltime: 0.0
36875.0/37230.0 days/days; walltime: 0.2
36876.0/37230.0 days/days; walltime: 0.0
36877.0/37230.0 days/days; walltime: 0.0
36878.0/37230.0 days/days; walltime: 0.0
36879.0/37230.0 days/days; walltime: 0.2
36880.0/37230.0 days/days; walltime: 0.0
36881.0/37230.0 days/days; walltime: 0.0
36882.0/37230.0 days/days; walltime: 0.0
36883.0/37230.0 days/days; walltime: 0.2
36884.0/37230.0 days/days; walltime: 0.0
36885.0/37230.0 days/days; walltime: 0.1
36886.0/37230.0 days/days; walltime: 0.1
36888.0/37230.0 days/days; walltime: 0.2
36889.0/37230.0 days/days; walltime: 0.0
36890.0/37230.0 days/days; walltime: 0.0
36891.0/37230.0 days/days; walltime: 0.0
36892.0/37230.0 days/days; walltime: 0.2
36893.0/37230.0 days/days; walltime: 0.0
36894.0/37230.0 days/days; walltime: 0.0
36895.0/37230.0 days/days; walltime: 0.0
36896.0/37230.0 days/days; walltime: 0.2
36897.0/37230.0 days/days; walltime: 0.0
36899.0/37230.0 days/days; walltime: 0.0
36900.0/37230.0 days/days; walltime: 0.0
36901.0/37230.0 days/days; walltime: 0.2
36902.0/37230.0 days/days; walltime: 0.0
36903.0/37230.0 days/days; walltime: 0.0
36904.0/37230.0 days/days; walltime: 0.0
36905.0/37230.0 days/days; walltime: 0.2
36907.0/37230.0 days/days; walltime: 0.0
36908.0/37230.0 days/days; walltime: 0.0
36909.0/37230.0 days/days; walltime: 0.0
36910.0/37230.0 days/days; walltime: 0.2
36911.0/37230.0 days/days; walltime: 0.0
36913.0/37230.0 days/days; walltime: 0.0
36914.0/37230.0 days/days; walltime: 0.0
36915.0/37230.0 days/days; walltime: 0.2
36916.0/37230.0 days/days; walltime: 0.0
36918.0/37230.0 days/days; walltime: 0.0
36919.0/37230.0 days/days; walltime: 0.0
36920.0/37230.0 days/days; walltime: 0.2
36921.0/37230.0 days/days; walltime: 0.0
36923.0/37230.0 days/days; walltime: 0.0
36924.0/37230.0 days/days; walltime: 0.0
36925.0/37230.0 days/days; walltime: 0.0
36927.0/37230.0 days/days; walltime: 0.2
36928.0/37230.0 days/days; walltime: 0.0
36929.0/37230.0 days/days; walltime: 0.0
36931.0/37230.0 days/days; walltime: 0.0
36932.0/37230.0 days/days; walltime: 0.2
36933.0/37230.0 days/days; walltime: 0.0
36934.0/37230.0 days/days; walltime: 0.0
36936.0/37230.0 days/days; walltime: 0.0
36937.0/37230.0 days/days; walltime: 0.2
36938.0/37230.0 days/days; walltime: 0.0
36940.0/37230.0 days/days; walltime: 0.0
36941.0/37230.0 days/days; walltime: 0.0
36942.0/37230.0 days/days; walltime: 0.2
36944.0/37230.0 days/days; walltime: 0.0
36945.0/37230.0 days/days; walltime: 0.0
36946.0/37230.0 days/days; walltime: 0.0
36948.0/37230.0 days/days; walltime: 0.2
36949.0/37230.0 days/days; walltime: 0.0
36950.0/37230.0 days/days; walltime: 0.0
36952.0/37230.0 days/days; walltime: 0.0
36953.0/37230.0 days/days; walltime: 0.2
36954.0/37230.0 days/days; walltime: 0.0
36956.0/37230.0 days/days; walltime: 0.0
36957.0/37230.0 days/days; walltime: 0.0
36959.0/37230.0 days/days; walltime: 0.2
36960.0/37230.0 days/days; walltime: 0.0
36961.0/37230.0 days/days; walltime: 0.0
36963.0/37230.0 days/days; walltime: 0.0
36964.0/37230.0 days/days; walltime: 0.2
36966.0/37230.0 days/days; walltime: 0.0
36967.0/37230.0 days/days; walltime: 0.0
36969.0/37230.0 days/days; walltime: 0.0
36970.0/37230.0 days/days; walltime: 0.2
36971.0/37230.0 days/days; walltime: 0.0
36973.0/37230.0 days/days; walltime: 0.0
36974.0/37230.0 days/days; walltime: 0.0
36976.0/37230.0 days/days; walltime: 0.2
36977.0/37230.0 days/days; walltime: 0.0
36979.0/37230.0 days/days; walltime: 0.0
--36980.0/37230.0 days/days; walltime: 1.8
36981.0/37230.0 days/days; walltime: 3.4
36982.0/37230.0 days/days; walltime: 2.1
36983.0/37230.0 days/days; walltime: 4.3
36984.0/37230.0 days/days; walltime: 4.6
36985.0/37230.0 days/days; walltime: 5.9
36986.0/37230.0 days/days; walltime: 10.0
36987.0/37230.0 days/days; walltime: 11.0
36988.0/37230.0 days/days; walltime: 17.9
36989.0/37230.0 days/days; walltime: 28.0
36990.0/37230.0 days/days; walltime: 32.1
36991.0/37230.0 days/days; walltime: 48.1
36992.0/37230.0 days/days; walltime: 61.0
36993.0/37230.0 days/days; walltime: 40.0
36994.0/37230.0 days/days; walltime: 55.4
36995.0/37230.0 days/days; walltime: 56.8
36996.0/37230.0 days/days; walltime: 51.7
36997.0/37230.0 days/days; walltime: 50.5
36998.0/37230.0 days/days; walltime: 59.6
36999.0/37230.0 days/days; walltime: 57.7
37000.0/37230.0 days/days; walltime: 48.3
37001.0/37230.0 days/days; walltime: 43.3
37002.0/37230.0 days/days; walltime: 57.3
37003.0/37230.0 days/days; walltime: 45.1
37004.0/37230.0 days/days; walltime: 39.6
37005.0/37230.0 days/days; walltime: 41.3
37006.0/37230.0 days/days; walltime: 37.5
37007.0/37230.0 days/days; walltime: 40.5
37008.0/37230.0 days/days; walltime: 36.5
37009.0/37230.0 days/days; walltime: 38.3
37010.0/37230.0 days/days; walltime: 43.3
37011.0/37230.0 days/days; walltime: 41.4
37012.0/37230.0 days/days; walltime: 41.1
37013.0/37230.0 days/days; walltime: 52.8
37014.0/37230.0 days/days; walltime: 44.3
37015.0/37230.0 days/days; walltime: 38.1
37016.0/37230.0 days/days; walltime: 41.7
37017.0/37230.0 days/days; walltime: 41.2
37018.0/37230.0 days/days; walltime: 37.8
37019.0/37230.0 days/days; walltime: 34.5
37020.0/37230.0 days/days; walltime: 37.3
37021.0/37230.0 days/days; walltime: 36.3
37022.0/37230.0 days/days; walltime: 37.4
37023.0/37230.0 days/days; walltime: 61.1
37024.0/37230.0 days/days; walltime: 15.2
37025.0/37230.0 days/days; walltime: 11.7
37026.0/37230.0 days/days; walltime: 9.1
37027.0/37230.0 days/days; walltime: 7.3
37028.0/37230.0 days/days; walltime: 8.1
37029.0/37230.0 days/days; walltime: 7.5
37030.0/37230.0 days/days; walltime: 5.9
37031.0/37230.0 days/days; walltime: 8.1
37032.0/37230.0 days/days; walltime: 15.3
37033.0/37230.0 days/days; walltime: 10.8
37034.0/37230.0 days/days; walltime: 9.6
37035.0/37230.0 days/days; walltime: 10.1
37036.0/37230.0 days/days; walltime: 9.6
37037.0/37230.0 days/days; walltime: 7.2
37038.0/37230.0 days/days; walltime: 10.6
37039.0/37230.0 days/days; walltime: 8.5
37040.0/37230.0 days/days; walltime: 7.0
37041.0/37230.0 days/days; walltime: 6.6
37042.0/37230.0 days/days; walltime: 5.0
37043.0/37230.0 days/days; walltime: 8.8
37044.0/37230.0 days/days; walltime: 21.5
37045.0/37230.0 days/days; walltime: 5.9
37046.0/37230.0 days/days; walltime: 2.4
37047.0/37230.0 days/days; walltime: 0.8
37048.0/37230.0 days/days; walltime: 0.4
37049.0/37230.0 days/days; walltime: 2.5
37050.0/37230.0 days/days; walltime: 0.6
37051.0/37230.0 days/days; walltime: 2.5
37052.0/37230.0 days/days; walltime: 0.6
37053.0/37230.0 days/days; walltime: 0.9
37054.0/37230.0 days/days; walltime: 1.1
37055.0/37230.0 days/days; walltime: 1.4
37056.0/37230.0 days/days; walltime: 1.7
37057.0/37230.0 days/days; walltime: 3.8
37058.0/37230.0 days/days; walltime: 3.6
37059.0/37230.0 days/days; walltime: 5.2
37060.0/37230.0 days/days; walltime: 10.2
37061.0/37230.0 days/days; walltime: 6.5
37062.0/37230.0 days/days; walltime: 6.8
37063.0/37230.0 days/days; walltime: 6.1
37064.0/37230.0 days/days; walltime: 6.1
37065.0/37230.0 days/days; walltime: 4.7
37066.0/37230.0 days/days; walltime: 4.2
37067.0/37230.0 days/days; walltime: 1.8
37068.0/37230.0 days/days; walltime: 2.6
37069.0/37230.0 days/days; walltime: 4.1
37070.0/37230.0 days/days; walltime: 2.9
37071.0/37230.0 days/days; walltime: 5.0
37072.0/37230.0 days/days; walltime: 6.9
37073.0/37230.0 days/days; walltime: 6.4
37074.0/37230.0 days/days; walltime: 6.5
37075.0/37230.0 days/days; walltime: 6.0
37076.0/37230.0 days/days; walltime: 8.3
37077.0/37230.0 days/days; walltime: 6.2
37078.0/37230.0 days/days; walltime: 5.2
37079.0/37230.0 days/days; walltime: 8.5
37080.0/37230.0 days/days; walltime: 6.5
37081.0/37230.0 days/days; walltime: 5.9
37082.0/37230.0 days/days; walltime: 7.5
37083.0/37230.0 days/days; walltime: 7.8
37084.0/37230.0 days/days; walltime: 6.2
37085.0/37230.0 days/days; walltime: 5.6
37086.0/37230.0 days/days; walltime: 7.2
37087.0/37230.0 days/days; walltime: 11.5
37088.0/37230.0 days/days; walltime: 5.6
37089.0/37230.0 days/days; walltime: 6.9
37090.0/37230.0 days/days; walltime: 12.4
37091.0/37230.0 days/days; walltime: 5.7
37092.0/37230.0 days/days; walltime: 5.8
37093.0/37230.0 days/days; walltime: 10.9
37094.0/37230.0 days/days; walltime: 7.1
37095.0/37230.0 days/days; walltime: 7.7
37096.0/37230.0 days/days; walltime: 10.9
37097.0/37230.0 days/days; walltime: 6.9
37098.0/37230.0 days/days; walltime: 9.4
37099.0/37230.0 days/days; walltime: 8.0
37100.0/37230.0 days/days; walltime: 19.7
37101.0/37230.0 days/days; walltime: 9.1
37102.0/37230.0 days/days; walltime: 10.4
37103.0/37230.0 days/days; walltime: 10.2
37104.0/37230.0 days/days; walltime: 22.3
37105.0/37230.0 days/days; walltime: 8.5
37106.0/37230.0 days/days; walltime: 11.5
37107.0/37230.0 days/days; walltime: 10.8
37108.0/37230.0 days/days; walltime: 10.2
37109.0/37230.0 days/days; walltime: 9.0
37110.0/37230.0 days/days; walltime: 6.4
37111.0/37230.0 days/days; walltime: 7.7
37112.0/37230.0 days/days; walltime: 3.8
37113.0/37230.0 days/days; walltime: 3.6
37114.0/37230.0 days/days; walltime: 3.8
37115.0/37230.0 days/days; walltime: 2.3
37116.0/37230.0 days/days; walltime: 0.8
37117.0/37230.0 days/days; walltime: 0.7
37118.0/37230.0 days/days; walltime: 0.7
37119.0/37230.0 days/days; walltime: 0.7
37120.0/37230.0 days/days; walltime: 0.5
37121.0/37230.0 days/days; walltime: 0.7
37122.0/37230.0 days/days; walltime: 0.5
37123.0/37230.0 days/days; walltime: 0.4
37124.0/37230.0 days/days; walltime: 0.5
37125.0/37230.0 days/days; walltime: 0.4
37126.0/37230.0 days/days; walltime: 0.3
37127.0/37230.0 days/days; walltime: 0.5
37128.0/37230.0 days/days; walltime: 0.3
37129.0/37230.0 days/days; walltime: 0.5
37130.0/37230.0 days/days; walltime: 0.4
37131.0/37230.0 days/days; walltime: 0.4
37132.0/37230.0 days/days; walltime: 0.4
37133.0/37230.0 days/days; walltime: 0.3
37134.0/37230.0 days/days; walltime: 0.4
37135.0/37230.0 days/days; walltime: 0.4
37136.0/37230.0 days/days; walltime: 0.4
37137.0/37230.0 days/days; walltime: 0.2
37138.0/37230.0 days/days; walltime: 0.4
37139.0/37230.0 days/days; walltime: 0.4
37140.0/37230.0 days/days; walltime: 0.2
37141.0/37230.0 days/days; walltime: 0.3
37142.0/37230.0 days/days; walltime: 0.3
37143.0/37230.0 days/days; walltime: 0.3
37144.0/37230.0 days/days; walltime: 0.2
37145.0/37230.0 days/days; walltime: 0.4
37146.0/37230.0 days/days; walltime: 0.3
37147.0/37230.0 days/days; walltime: 0.2
37148.0/37230.0 days/days; walltime: 0.3
37149.0/37230.0 days/days; walltime: 0.2
37150.0/37230.0 days/days; walltime: 0.3
37151.0/37230.0 days/days; walltime: 0.2
37152.0/37230.0 days/days; walltime: 0.3
37153.0/37230.0 days/days; walltime: 0.2
37154.0/37230.0 days/days; walltime: 0.3
37155.0/37230.0 days/days; walltime: 0.2
37156.0/37230.0 days/days; walltime: 0.3
-37157.0/37230.0 days/days; walltime: 0.1
-37158.0/37230.0 days/days; walltime: 0.2
----37159.0/37230.0 days/days; walltime: 0.3
-37160.0/37230.0 days/days; walltime: 0.2
-37161.0/37230.0 days/days; walltime: 0.2
----37162.0/37230.0 days/days; walltime: 0.2
----37163.0/37230.0 days/days; walltime: 0.3
-37164.0/37230.0 days/days; walltime: 0.1
-37165.0/37230.0 days/days; walltime: 1.6
37166.0/37230.0 days/days; walltime: 0.2
37167.0/37230.0 days/days; walltime: 0.2
37168.0/37230.0 days/days; walltime: 0.3
37169.0/37230.0 days/days; walltime: 0.1
37170.0/37230.0 days/days; walltime: 0.2
37171.0/37230.0 days/days; walltime: 0.2
37172.0/37230.0 days/days; walltime: 0.2
37173.0/37230.0 days/days; walltime: 0.1
37174.0/37230.0 days/days; walltime: 0.2
37175.0/37230.0 days/days; walltime: 0.2
37176.0/37230.0 days/days; walltime: 0.1
37177.0/37230.0 days/days; walltime: 0.3
37178.0/37230.0 days/days; walltime: 0.1
37179.0/37230.0 days/days; walltime: 0.3
37180.0/37230.0 days/days; walltime: 0.1
37181.0/37230.0 days/days; walltime: 0.1
37182.0/37230.0 days/days; walltime: 0.3
37183.0/37230.0 days/days; walltime: 0.1
37184.0/37230.0 days/days; walltime: 0.1
37185.0/37230.0 days/days; walltime: 0.3
37186.0/37230.0 days/days; walltime: 0.1
37187.0/37230.0 days/days; walltime: 0.1
37188.0/37230.0 days/days; walltime: 0.1
37189.0/37230.0 days/days; walltime: 0.3
37190.0/37230.0 days/days; walltime: 0.1
37191.0/37230.0 days/days; walltime: 0.1
37192.0/37230.0 days/days; walltime: 0.2
37193.0/37230.0 days/days; walltime: 0.1
37194.0/37230.0 days/days; walltime: 0.2
37195.0/37230.0 days/days; walltime: 0.2
37196.0/37230.0 days/days; walltime: 0.1
37197.0/37230.0 days/days; walltime: 0.1
37198.0/37230.0 days/days; walltime: 0.1
37199.0/37230.0 days/days; walltime: 0.2
37200.0/37230.0 days/days; walltime: 0.1
37201.0/37230.0 days/days; walltime: 0.1
37202.0/37230.0 days/days; walltime: 0.3
37203.0/37230.0 days/days; walltime: 0.1
37204.0/37230.0 days/days; walltime: 0.1
37205.0/37230.0 days/days; walltime: 0.1
37206.0/37230.0 days/days; walltime: 0.2
37207.0/37230.0 days/days; walltime: 0.1
37208.0/37230.0 days/days; walltime: 0.1
37209.0/37230.0 days/days; walltime: 0.1
37210.0/37230.0 days/days; walltime: 0.2
37211.0/37230.0 days/days; walltime: 0.1
37212.0/37230.0 days/days; walltime: 37.3
37213.0/37230.0 days/days; walltime: 0.4
37214.0/37230.0 days/days; walltime: 0.2
37215.0/37230.0 days/days; walltime: 0.1
37216.0/37230.0 days/days; walltime: 0.1
37217.0/37230.0 days/days; walltime: 0.1
37219.0/37230.0 days/days; walltime: 0.2
37220.0/37230.0 days/days; walltime: 0.0
37221.0/37230.0 days/days; walltime: 0.0
37222.0/37230.0 days/days; walltime: 0.0
37223.0/37230.0 days/days; walltime: 0.2
37224.0/37230.0 days/days; walltime: 0.0
37225.0/37230.0 days/days; walltime: 0.0
37227.0/37230.0 days/days; walltime: 0.0
37228.0/37230.0 days/days; walltime: 0.2
37229.0/37230.0 days/days; walltime: 0.0
37230.0/37230.0 days/days; walltime: 0.2
Wallclock for model run: 4894.0s
 

fields = 

  struct with fields:

    nodes: [1x1 struct]
    edges: [1x1 struct]
       BC: [1x1 struct]

No cases left; exiting.
