Case 1:
Picked up JAVA_TOOL_OPTIONS: -Xmx2g
Opening log file:  /tmp/java.log.18945

                            < M A T L A B (R) >
                  Copyright 1984-2022 The MathWorks, Inc.
                  R2022a (9.12.0.1884302) 64-bit (glnxa64)
                             February 16, 2022

 
To get started, type doc.
For product information, visit www.mathworks.com.
 

config = 

  struct with fields:

                 k_s: 0.0138
                 l_c: 10
            n_moulin: 68
    creep_const_soft: 0
             mesh_nr: 4
                 k_c: 0.1500
               h_bed: 0.5000
               l_bed: 10
               alpha: 1.2500
                beta: 1.5000
               omega: 0

Running model run (ode15s):
Run seasonal
Saving model run to
./RUN/output_001_seasonal.nc
IC initialised from struct
IC initialised from file/given & rest from parameters and given functions
36500.0/37230.0 days/days; walltime: 15.7
36501.0/37230.0 days/days; walltime: 118.3
36502.0/37230.0 days/days; walltime: 4.2
36503.0/37230.0 days/days; walltime: 4.9
36504.0/37230.0 days/days; walltime: 5.0
36505.0/37230.0 days/days; walltime: 2.2
36506.0/37230.0 days/days; walltime: 2.5
36507.0/37230.0 days/days; walltime: 3.7
36508.0/37230.0 days/days; walltime: 1.5
36509.0/37230.0 days/days; walltime: 1.5
36510.0/37230.0 days/days; walltime: 3.1
36511.0/37230.0 days/days; walltime: 1.1
36512.0/37230.0 days/days; walltime: 1.1
36513.0/37230.0 days/days; walltime: 1.3
36514.0/37230.0 days/days; walltime: 2.8
36515.0/37230.0 days/days; walltime: 1.1
36516.0/37230.0 days/days; walltime: 1.0
36517.0/37230.0 days/days; walltime: 1.0
36518.0/37230.0 days/days; walltime: 0.9
36519.0/37230.0 days/days; walltime: 0.8
36520.0/37230.0 days/days; walltime: 2.5
36521.0/37230.0 days/days; walltime: 0.8
36522.0/37230.0 days/days; walltime: 0.7
36523.0/37230.0 days/days; walltime: 0.8
36524.0/37230.0 days/days; walltime: 0.6
36525.0/37230.0 days/days; walltime: 0.6
36526.0/37230.0 days/days; walltime: 0.6
36527.0/37230.0 days/days; walltime: 0.7
36528.0/37230.0 days/days; walltime: 0.6
36529.0/37230.0 days/days; walltime: 2.2
36530.0/37230.0 days/days; walltime: 0.5
36531.0/37230.0 days/days; walltime: 0.5
36532.0/37230.0 days/days; walltime: 0.5
36533.0/37230.0 days/days; walltime: 0.5
36534.0/37230.0 days/days; walltime: 0.5
36535.0/37230.0 days/days; walltime: 0.5
36536.0/37230.0 days/days; walltime: 0.4
36537.0/37230.0 days/days; walltime: 0.5
36538.0/37230.0 days/days; walltime: 0.4
36539.0/37230.0 days/days; walltime: 0.5
36540.0/37230.0 days/days; walltime: 0.3
36541.0/37230.0 days/days; walltime: 0.4
36542.0/37230.0 days/days; walltime: 0.4
36543.0/37230.0 days/days; walltime: 0.4
36544.0/37230.0 days/days; walltime: 0.3
36545.0/37230.0 days/days; walltime: 0.4
36546.0/37230.0 days/days; walltime: 0.4
36547.0/37230.0 days/days; walltime: 0.4
36548.0/37230.0 days/days; walltime: 0.3
36549.0/37230.0 days/days; walltime: 0.3
36550.0/37230.0 days/days; walltime: 0.4
36551.0/37230.0 days/days; walltime: 0.3
36552.0/37230.0 days/days; walltime: 0.3
36553.0/37230.0 days/days; walltime: 0.4
36554.0/37230.0 days/days; walltime: 0.2
36555.0/37230.0 days/days; walltime: 0.4
36556.0/37230.0 days/days; walltime: 0.2
36557.0/37230.0 days/days; walltime: 0.3
36558.0/37230.0 days/days; walltime: 1.9
36559.0/37230.0 days/days; walltime: 0.2
36560.0/37230.0 days/days; walltime: 0.3
36561.0/37230.0 days/days; walltime: 0.2
36562.0/37230.0 days/days; walltime: 0.3
36563.0/37230.0 days/days; walltime: 0.2
36564.0/37230.0 days/days; walltime: 0.3
36565.0/37230.0 days/days; walltime: 0.2
36566.0/37230.0 days/days; walltime: 0.3
36567.0/37230.0 days/days; walltime: 0.2
36568.0/37230.0 days/days; walltime: 0.3
36569.0/37230.0 days/days; walltime: 0.2
36570.0/37230.0 days/days; walltime: 0.3
36571.0/37230.0 days/days; walltime: 0.2
36572.0/37230.0 days/days; walltime: 0.3
36573.0/37230.0 days/days; walltime: 0.1
36574.0/37230.0 days/days; walltime: 0.2
36575.0/37230.0 days/days; walltime: 0.3
36576.0/37230.0 days/days; walltime: 0.2
36577.0/37230.0 days/days; walltime: 0.2
36578.0/37230.0 days/days; walltime: 0.2
36579.0/37230.0 days/days; walltime: 0.3
36580.0/37230.0 days/days; walltime: 0.2
36581.0/37230.0 days/days; walltime: 0.1
36582.0/37230.0 days/days; walltime: 0.3
36583.0/37230.0 days/days; walltime: 0.2
36584.0/37230.0 days/days; walltime: 0.2
36585.0/37230.0 days/days; walltime: 0.2
36586.0/37230.0 days/days; walltime: 0.1
36587.0/37230.0 days/days; walltime: 0.3
36588.0/37230.0 days/days; walltime: 0.1
36589.0/37230.0 days/days; walltime: 0.3
36590.0/37230.0 days/days; walltime: 0.1
36591.0/37230.0 days/days; walltime: 0.2
36592.0/37230.0 days/days; walltime: 0.2
36593.0/37230.0 days/days; walltime: 0.2
36594.0/37230.0 days/days; walltime: 0.1
36595.0/37230.0 days/days; walltime: 0.3
36596.0/37230.0 days/days; walltime: 0.1
36597.0/37230.0 days/days; walltime: 0.1
36598.0/37230.0 days/days; walltime: 0.3
36599.0/37230.0 days/days; walltime: 0.1
-36600.0/37230.0 days/days; walltime: 0.3
36601.0/37230.0 days/days; walltime: 0.1
36602.0/37230.0 days/days; walltime: 0.1
36603.0/37230.0 days/days; walltime: 0.3
36604.0/37230.0 days/days; walltime: 0.1
36605.0/37230.0 days/days; walltime: 0.1
36606.0/37230.0 days/days; walltime: 0.1
36607.0/37230.0 days/days; walltime: 0.3
36608.0/37230.0 days/days; walltime: 0.1
36609.0/37230.0 days/days; walltime: 0.1
36610.0/37230.0 days/days; walltime: 0.2
36611.0/37230.0 days/days; walltime: 0.1
36612.0/37230.0 days/days; walltime: 0.2
36613.0/37230.0 days/days; walltime: 0.2
36614.0/37230.0 days/days; walltime: 0.1
36615.0/37230.0 days/days; walltime: 0.1
36616.0/37230.0 days/days; walltime: 3.5
36617.0/37230.0 days/days; walltime: 2.0
36618.0/37230.0 days/days; walltime: 5.8
36619.0/37230.0 days/days; walltime: 3.1
36620.0/37230.0 days/days; walltime: 4.7
36621.0/37230.0 days/days; walltime: 7.9
36622.0/37230.0 days/days; walltime: 9.8
36623.0/37230.0 days/days; walltime: 14.1
36624.0/37230.0 days/days; walltime: 27.1
36625.0/37230.0 days/days; walltime: 29.5
36626.0/37230.0 days/days; walltime: 25.8
36627.0/37230.0 days/days; walltime: 35.2
36628.0/37230.0 days/days; walltime: 39.0
36629.0/37230.0 days/days; walltime: 34.7
36630.0/37230.0 days/days; walltime: 44.1
36631.0/37230.0 days/days; walltime: 39.3
36632.0/37230.0 days/days; walltime: 43.7
36633.0/37230.0 days/days; walltime: 47.7
36634.0/37230.0 days/days; walltime: 40.0
36635.0/37230.0 days/days; walltime: 38.1
36636.0/37230.0 days/days; walltime: 39.2
36637.0/37230.0 days/days; walltime: 38.6
36638.0/37230.0 days/days; walltime: 34.0
36639.0/37230.0 days/days; walltime: 32.7
36640.0/37230.0 days/days; walltime: 32.3
36641.0/37230.0 days/days; walltime: 33.1
36642.0/37230.0 days/days; walltime: 36.1
36643.0/37230.0 days/days; walltime: 32.8
36644.0/37230.0 days/days; walltime: 30.1
36645.0/37230.0 days/days; walltime: 42.0
36646.0/37230.0 days/days; walltime: 39.2
36647.0/37230.0 days/days; walltime: 31.1
36648.0/37230.0 days/days; walltime: 33.4
36649.0/37230.0 days/days; walltime: 46.3
36650.0/37230.0 days/days; walltime: 63.9
36651.0/37230.0 days/days; walltime: 13.2
36652.0/37230.0 days/days; walltime: 9.4
36653.0/37230.0 days/days; walltime: 16.1
36654.0/37230.0 days/days; walltime: 10.5
36655.0/37230.0 days/days; walltime: 11.6
36656.0/37230.0 days/days; walltime: 12.8
36657.0/37230.0 days/days; walltime: 9.0
36658.0/37230.0 days/days; walltime: 9.2
36659.0/37230.0 days/days; walltime: 9.2
36660.0/37230.0 days/days; walltime: 14.2
36661.0/37230.0 days/days; walltime: 6.8
36662.0/37230.0 days/days; walltime: 6.9
36663.0/37230.0 days/days; walltime: 6.1
36664.0/37230.0 days/days; walltime: 7.3
36665.0/37230.0 days/days; walltime: 6.5
36666.0/37230.0 days/days; walltime: 6.5
36667.0/37230.0 days/days; walltime: 7.3
36668.0/37230.0 days/days; walltime: 14.6
36669.0/37230.0 days/days; walltime: 8.8
36670.0/37230.0 days/days; walltime: 26.4
36671.0/37230.0 days/days; walltime: 21.9
36672.0/37230.0 days/days; walltime: 6.5
36673.0/37230.0 days/days; walltime: 5.9
36674.0/37230.0 days/days; walltime: 6.1
36675.0/37230.0 days/days; walltime: 14.5
36676.0/37230.0 days/days; walltime: 2.3
36677.0/37230.0 days/days; walltime: 4.2
36678.0/37230.0 days/days; walltime: 1.6
36679.0/37230.0 days/days; walltime: 3.1
36680.0/37230.0 days/days; walltime: 3.3
36681.0/37230.0 days/days; walltime: 3.1
36682.0/37230.0 days/days; walltime: 2.1
36683.0/37230.0 days/days; walltime: 5.5
36684.0/37230.0 days/days; walltime: 2.2
36685.0/37230.0 days/days; walltime: 12.6
36686.0/37230.0 days/days; walltime: 0.9
36687.0/37230.0 days/days; walltime: 1.0
36688.0/37230.0 days/days; walltime: 1.5
36689.0/37230.0 days/days; walltime: 1.2
36690.0/37230.0 days/days; walltime: 2.7
36691.0/37230.0 days/days; walltime: 2.5
36692.0/37230.0 days/days; walltime: 2.7
36693.0/37230.0 days/days; walltime: 3.6
36694.0/37230.0 days/days; walltime: 4.3
36695.0/37230.0 days/days; walltime: 6.0
36696.0/37230.0 days/days; walltime: 11.7
36697.0/37230.0 days/days; walltime: 8.9
36698.0/37230.0 days/days; walltime: 7.2
36699.0/37230.0 days/days; walltime: 9.8
36700.0/37230.0 days/days; walltime: 2.7
36701.0/37230.0 days/days; walltime: 3.2
36702.0/37230.0 days/days; walltime: 4.4
36703.0/37230.0 days/days; walltime: 1.5
36704.0/37230.0 days/days; walltime: 2.0
36705.0/37230.0 days/days; walltime: 2.2
36706.0/37230.0 days/days; walltime: 4.3
36707.0/37230.0 days/days; walltime: 8.9
36708.0/37230.0 days/days; walltime: 5.6
36709.0/37230.0 days/days; walltime: 8.1
36710.0/37230.0 days/days; walltime: 3.2
36711.0/37230.0 days/days; walltime: 10.9
36712.0/37230.0 days/days; walltime: 3.6
36713.0/37230.0 days/days; walltime: 5.8
36714.0/37230.0 days/days; walltime: 10.4
36715.0/37230.0 days/days; walltime: 6.1
36716.0/37230.0 days/days; walltime: 5.8
36717.0/37230.0 days/days; walltime: 7.5
36718.0/37230.0 days/days; walltime: 9.7
36719.0/37230.0 days/days; walltime: 7.5
36720.0/37230.0 days/days; walltime: 4.3
36721.0/37230.0 days/days; walltime: 11.9
36722.0/37230.0 days/days; walltime: 16.3
36723.0/37230.0 days/days; walltime: 7.5
36724.0/37230.0 days/days; walltime: 6.1
36725.0/37230.0 days/days; walltime: 11.8
36726.0/37230.0 days/days; walltime: 10.6
36727.0/37230.0 days/days; walltime: 9.8
36728.0/37230.0 days/days; walltime: 7.5
36729.0/37230.0 days/days; walltime: 7.4
36730.0/37230.0 days/days; walltime: 6.0
36731.0/37230.0 days/days; walltime: 7.1
36732.0/37230.0 days/days; walltime: 24.5
36733.0/37230.0 days/days; walltime: 8.0
36734.0/37230.0 days/days; walltime: 11.5
36735.0/37230.0 days/days; walltime: 19.7
36736.0/37230.0 days/days; walltime: 12.0
36737.0/37230.0 days/days; walltime: 8.0
36738.0/37230.0 days/days; walltime: 15.0
36739.0/37230.0 days/days; walltime: 22.8
36740.0/37230.0 days/days; walltime: 11.7
36741.0/37230.0 days/days; walltime: 9.4
36742.0/37230.0 days/days; walltime: 16.4
36743.0/37230.0 days/days; walltime: 6.8
36744.0/37230.0 days/days; walltime: 5.8
36745.0/37230.0 days/days; walltime: 5.3
36746.0/37230.0 days/days; walltime: 7.1
36747.0/37230.0 days/days; walltime: 3.1
36748.0/37230.0 days/days; walltime: 2.9
36749.0/37230.0 days/days; walltime: 3.9
36750.0/37230.0 days/days; walltime: 2.2
36751.0/37230.0 days/days; walltime: 0.8
36752.0/37230.0 days/days; walltime: 0.5
36753.0/37230.0 days/days; walltime: 0.8
36754.0/37230.0 days/days; walltime: 0.4
36755.0/37230.0 days/days; walltime: 0.6
36756.0/37230.0 days/days; walltime: 0.4
36757.0/37230.0 days/days; walltime: 0.3
36758.0/37230.0 days/days; walltime: 0.3
36759.0/37230.0 days/days; walltime: 0.3
36760.0/37230.0 days/days; walltime: 0.3
36761.0/37230.0 days/days; walltime: 0.3
36762.0/37230.0 days/days; walltime: 0.3
36763.0/37230.0 days/days; walltime: 0.3
36764.0/37230.0 days/days; walltime: 0.4
36765.0/37230.0 days/days; walltime: 0.3
36766.0/37230.0 days/days; walltime: 0.3
36767.0/37230.0 days/days; walltime: 0.3
36768.0/37230.0 days/days; walltime: 0.4
36769.0/37230.0 days/days; walltime: 0.3
36770.0/37230.0 days/days; walltime: 0.3
36771.0/37230.0 days/days; walltime: 0.4
36772.0/37230.0 days/days; walltime: 0.4
36773.0/37230.0 days/days; walltime: 0.2
36774.0/37230.0 days/days; walltime: 0.4
36775.0/37230.0 days/days; walltime: 0.3
36776.0/37230.0 days/days; walltime: 0.3
36777.0/37230.0 days/days; walltime: 0.3
36778.0/37230.0 days/days; walltime: 0.4
36779.0/37230.0 days/days; walltime: 0.2
36780.0/37230.0 days/days; walltime: 0.3
36781.0/37230.0 days/days; walltime: 0.3
36782.0/37230.0 days/days; walltime: 0.3
36783.0/37230.0 days/days; walltime: 0.2
36784.0/37230.0 days/days; walltime: 0.3
36785.0/37230.0 days/days; walltime: 0.2
36786.0/37230.0 days/days; walltime: 0.3
36787.0/37230.0 days/days; walltime: 0.2
36788.0/37230.0 days/days; walltime: 0.3
36789.0/37230.0 days/days; walltime: 0.2
36790.0/37230.0 days/days; walltime: 0.3
36791.0/37230.0 days/days; walltime: 0.2
36792.0/37230.0 days/days; walltime: 0.2
36793.0/37230.0 days/days; walltime: 0.3
36794.0/37230.0 days/days; walltime: 0.2
36795.0/37230.0 days/days; walltime: 0.3
36796.0/37230.0 days/days; walltime: 0.2
36797.0/37230.0 days/days; walltime: 0.2
36798.0/37230.0 days/days; walltime: 1.7
36799.0/37230.0 days/days; walltime: 0.3
36800.0/37230.0 days/days; walltime: 0.2
36801.0/37230.0 days/days; walltime: 0.1
36802.0/37230.0 days/days; walltime: 0.3
36803.0/37230.0 days/days; walltime: 0.1
36804.0/37230.0 days/days; walltime: 0.3
36805.0/37230.0 days/days; walltime: 0.1
36806.0/37230.0 days/days; walltime: 0.3
36807.0/37230.0 days/days; walltime: 0.2
36808.0/37230.0 days/days; walltime: 0.1
-36809.0/37230.0 days/days; walltime: 0.3
36810.0/37230.0 days/days; walltime: 0.1
36811.0/37230.0 days/days; walltime: 0.2
36812.0/37230.0 days/days; walltime: 0.2
36813.0/37230.0 days/days; walltime: 0.1
36814.0/37230.0 days/days; walltime: 0.3
36815.0/37230.0 days/days; walltime: 0.1
36816.0/37230.0 days/days; walltime: 0.3
36817.0/37230.0 days/days; walltime: 0.2
36818.0/37230.0 days/days; walltime: 0.1
36819.0/37230.0 days/days; walltime: 0.3
36820.0/37230.0 days/days; walltime: 0.1
36821.0/37230.0 days/days; walltime: 0.1
36822.0/37230.0 days/days; walltime: 0.3
36823.0/37230.0 days/days; walltime: 0.1
36824.0/37230.0 days/days; walltime: 0.3
36825.0/37230.0 days/days; walltime: 0.1
36826.0/37230.0 days/days; walltime: 0.2
36827.0/37230.0 days/days; walltime: 0.2
36828.0/37230.0 days/days; walltime: 0.1
-36829.0/37230.0 days/days; walltime: 0.2
36830.0/37230.0 days/days; walltime: 0.2
36831.0/37230.0 days/days; walltime: 0.1
36832.0/37230.0 days/days; walltime: 39.8
36833.0/37230.0 days/days; walltime: 0.3
36834.0/37230.0 days/days; walltime: 0.2
36835.0/37230.0 days/days; walltime: 0.6
36836.0/37230.0 days/days; walltime: 0.0
36837.0/37230.0 days/days; walltime: 0.0
36838.0/37230.0 days/days; walltime: 0.2
36839.0/37230.0 days/days; walltime: 0.1
36840.0/37230.0 days/days; walltime: 0.0
36841.0/37230.0 days/days; walltime: 0.2
36842.0/37230.0 days/days; walltime: 0.0
36843.0/37230.0 days/days; walltime: 0.1
36844.0/37230.0 days/days; walltime: 0.2
36845.0/37230.0 days/days; walltime: 0.0
36846.0/37230.0 days/days; walltime: 0.0
36847.0/37230.0 days/days; walltime: 0.0
36848.0/37230.0 days/days; walltime: 0.2
36849.0/37230.0 days/days; walltime: 0.1
36850.0/37230.0 days/days; walltime: 0.2
36851.0/37230.0 days/days; walltime: 0.2
36852.0/37230.0 days/days; walltime: 0.1
36853.0/37230.0 days/days; walltime: 0.1
36854.0/37230.0 days/days; walltime: 0.1
36855.0/37230.0 days/days; walltime: 0.2
36856.0/37230.0 days/days; walltime: 0.1
36857.0/37230.0 days/days; walltime: 0.1
36858.0/37230.0 days/days; walltime: 0.1
36859.0/37230.0 days/days; walltime: 0.2
36860.0/37230.0 days/days; walltime: 0.1
36861.0/37230.0 days/days; walltime: 0.1
36862.0/37230.0 days/days; walltime: 0.1
36863.0/37230.0 days/days; walltime: 0.2
36864.0/37230.0 days/days; walltime: 0.1
36865.0/37230.0 days/days; walltime: 0.1
36866.0/37230.0 days/days; walltime: 0.1
36867.0/37230.0 days/days; walltime: 0.2
36868.0/37230.0 days/days; walltime: 0.1
36869.0/37230.0 days/days; walltime: 0.1
36870.0/37230.0 days/days; walltime: 0.1
36871.0/37230.0 days/days; walltime: 0.2
36872.0/37230.0 days/days; walltime: 0.1
36873.0/37230.0 days/days; walltime: 0.1
36874.0/37230.0 days/days; walltime: 0.1
36875.0/37230.0 days/days; walltime: 0.2
36876.0/37230.0 days/days; walltime: 0.1
36877.0/37230.0 days/days; walltime: 0.1
36878.0/37230.0 days/days; walltime: 0.1
36879.0/37230.0 days/days; walltime: 0.2
36881.0/37230.0 days/days; walltime: 0.1
36882.0/37230.0 days/days; walltime: 0.1
36883.0/37230.0 days/days; walltime: 23.1
36884.0/37230.0 days/days; walltime: 1.7
36885.0/37230.0 days/days; walltime: 0.3
36886.0/37230.0 days/days; walltime: 0.1
36887.0/37230.0 days/days; walltime: 0.1
36888.0/37230.0 days/days; walltime: 0.1
36889.0/37230.0 days/days; walltime: 0.2
36890.0/37230.0 days/days; walltime: 0.0
36892.0/37230.0 days/days; walltime: 0.0
36893.0/37230.0 days/days; walltime: 0.0
36894.0/37230.0 days/days; walltime: 0.2
36895.0/37230.0 days/days; walltime: 0.1
36896.0/37230.0 days/days; walltime: 0.1
36898.0/37230.0 days/days; walltime: 0.1
36899.0/37230.0 days/days; walltime: 0.2
36900.0/37230.0 days/days; walltime: 0.0
36901.0/37230.0 days/days; walltime: 0.0
36902.0/37230.0 days/days; walltime: 0.0
36904.0/37230.0 days/days; walltime: 0.2
36905.0/37230.0 days/days; walltime: 0.1
36906.0/37230.0 days/days; walltime: 0.1
36907.0/37230.0 days/days; walltime: 0.1
36909.0/37230.0 days/days; walltime: 0.2
36910.0/37230.0 days/days; walltime: 0.1
36911.0/37230.0 days/days; walltime: 0.1
36913.0/37230.0 days/days; walltime: 0.1
36914.0/37230.0 days/days; walltime: 0.1
36915.0/37230.0 days/days; walltime: 0.1
36916.0/37230.0 days/days; walltime: 0.2
36918.0/37230.0 days/days; walltime: 0.1
36919.0/37230.0 days/days; walltime: 0.1
36920.0/37230.0 days/days; walltime: 0.1
36922.0/37230.0 days/days; walltime: 0.2
36923.0/37230.0 days/days; walltime: 0.0
36924.0/37230.0 days/days; walltime: 0.0
36925.0/37230.0 days/days; walltime: 0.0
36927.0/37230.0 days/days; walltime: 0.2
36928.0/37230.0 days/days; walltime: 0.1
36929.0/37230.0 days/days; walltime: 0.1
36931.0/37230.0 days/days; walltime: 0.1
36932.0/37230.0 days/days; walltime: 0.2
36934.0/37230.0 days/days; walltime: 0.1
36935.0/37230.0 days/days; walltime: 0.1
36936.0/37230.0 days/days; walltime: 0.1
36938.0/37230.0 days/days; walltime: 0.2
36939.0/37230.0 days/days; walltime: 0.0
36940.0/37230.0 days/days; walltime: 0.0
36942.0/37230.0 days/days; walltime: 0.0
36943.0/37230.0 days/days; walltime: 0.2
36945.0/37230.0 days/days; walltime: 0.1
36946.0/37230.0 days/days; walltime: 0.1
36947.0/37230.0 days/days; walltime: 0.1
36949.0/37230.0 days/days; walltime: 0.2
36950.0/37230.0 days/days; walltime: 0.0
36952.0/37230.0 days/days; walltime: 0.0
36953.0/37230.0 days/days; walltime: 0.0
36955.0/37230.0 days/days; walltime: 0.2
36956.0/37230.0 days/days; walltime: 0.1
--36958.0/37230.0 days/days; walltime: 0.1
-36959.0/37230.0 days/days; walltime: 0.1
36961.0/37230.0 days/days; walltime: 0.2
36962.0/37230.0 days/days; walltime: 0.1
36964.0/37230.0 days/days; walltime: 0.1
36965.0/37230.0 days/days; walltime: 0.1
36967.0/37230.0 days/days; walltime: 0.2
36968.0/37230.0 days/days; walltime: 0.1
36970.0/37230.0 days/days; walltime: 0.1
36971.0/37230.0 days/days; walltime: 0.1
36973.0/37230.0 days/days; walltime: 0.2
36975.0/37230.0 days/days; walltime: 0.0
36976.0/37230.0 days/days; walltime: 0.0
36978.0/37230.0 days/days; walltime: 0.0
36979.0/37230.0 days/days; walltime: 0.2
--36981.0/37230.0 days/days; walltime: 1.9
36982.0/37230.0 days/days; walltime: 3.2
36983.0/37230.0 days/days; walltime: 4.0
36984.0/37230.0 days/days; walltime: 4.2
36985.0/37230.0 days/days; walltime: 2.5
36986.0/37230.0 days/days; walltime: 8.7
36987.0/37230.0 days/days; walltime: 8.4
36988.0/37230.0 days/days; walltime: 12.5
36989.0/37230.0 days/days; walltime: 20.1
36990.0/37230.0 days/days; walltime: 20.1
36991.0/37230.0 days/days; walltime: 28.5
36992.0/37230.0 days/days; walltime: 28.8
36993.0/37230.0 days/days; walltime: 46.3
36994.0/37230.0 days/days; walltime: 36.6
