Case 2:
Picked up JAVA_TOOL_OPTIONS: -Xmx2g
Opening log file:  /tmp/java.log.29991

                            < M A T L A B (R) >
                  Copyright 1984-2022 The MathWorks, Inc.
                  R2022a (9.12.0.1884302) 64-bit (glnxa64)
                             February 16, 2022

 
To get started, type doc.
For product information, visit www.mathworks.com.
 

config = 

  struct with fields:

                 k_s: 0.0299
                 l_c: 10
            n_moulin: 68
    creep_const_soft: 0
             mesh_nr: 4
                 k_c: 0.1500
               h_bed: 0.5000
               l_bed: 10
               alpha: 1.5000
                beta: 1.5000
               omega: 0

Running model run (ode15s):
Run to steady
Saving model run to
./RUN/output_002_steady.nc
Fields, IC & BC initialised
Initial phi calculated in 1.7s
0.0/36500.0 days/days; walltime: 19.2
-----------------------------------------------------------------------------------------------------------------------------------------------------------------------------------------------------------------------------------------------------------------------------------------------------------------------------------------------------------------------------------------------------------------------------------------------------------------------------------------------------------------------------------------------------------------------------------------------------------------------------------------------------------------------------------------------------------------------------------------------------------------------------------------------------------------------------------------------------------------------------------------------------------------------------------------------------------------------------------------------------------------------------------------------------------------------------------------------------------------------------------------------------------------------------------------------------------------------------------------------------------------------------------------------------------------------------------------------------------------------------------------------------------------------------------------------------------------------------------------------------------------------------------------------------------------------------------------------------------------------------------------------------------------------------------------------------------------------------------------------------------------------------------------------------------------------------------------------------------------------------------------------------------------------------------------------------------------------------------------------------------------------------------------------------------------------------------------------------------------------------------------------------------------------------------------------------------------------------------------------------------------------------------------------------------------------------------------------------------------------------------------------------------1825.0/36500.0 days/days; walltime: 296.3
------------------------------------------------------------------------------------------------------3650.0/36500.0 days/days; walltime: 109.5
----------------5475.0/36500.0 days/days; walltime: 1.1
------------7300.0/36500.0 days/days; walltime: 0.9
----------------------------------------------------------------------------------------------------------------------------------------------------------------------------------------------------------------------------------------------9125.0/36500.0 days/days; walltime: 15.5
--------------------------------------------------------------------------------------------------------------------------------------------------------------------------------------------------------------------------------------------------------------------------------------------------------------------------------------------------------------------------------------------------------------------------------------------------------------------------------------------------------------------------------------------------------------------------------------------------------------------------------------------------------------------------------------------------------------------------------------------------------------------------------------------------------------------------------------------------------------------------------------------------------------------------------------------------------------------------------------------------------------------------------------------------------------------------------------------------------------------------------------------------------------------------------------------------------------------------------------------------------------------------------------------------------------------------------------------------------------------------------------------------------------------------------------------------------------------------------------------------------------------------------------------------------------------------------------------------------------------------------------------------------------------------------------------------------------------------------------------------------------------------------------------------------------------------------------------------------------------------------------------------------------------------------------------------------------------------------------------------------------------------------------------------------------------------------------------------------------------------------------------------------------------------------------------------------------------------------------------------------------------------------------------------------------------------------------------------------------------------------------------------------------------------------------------------------------------------------------------------------------------------------------------------------------------------------------------------------------------------------------------------------------------------------------------------------------------------------------------------------------------------------------------------------------------------------------------------------------------------------------------------------------------------------------------------------------------------------------------------------------------------------------------------------------------------------------------------------------------------------------------------------------------------------------------------------------------------------------------------------------------------------------------------------------------------10950.0/36500.0 days/days; walltime: 196.8
------------------------------------------------------------------------------------------------------------------------------------------------------------------------------------------------------------------------------------------------------------------------------------------------------------------------------------------------------------------------------12775.0/36500.0 days/days; walltime: 111.6
-----------------------------14600.0/36500.0 days/days; walltime: 315.9
-------------------------16425.0/36500.0 days/days; walltime: 177.1
------------------------18250.0/36500.0 days/days; walltime: 150.3
20075.0/36500.0 days/days; walltime: 48.4
21900.0/36500.0 days/days; walltime: 21.6
23725.0/36500.0 days/days; walltime: 13.4
25550.0/36500.0 days/days; walltime: 10.0
27375.0/36500.0 days/days; walltime: 5.8
29200.0/36500.0 days/days; walltime: 2.3
31025.0/36500.0 days/days; walltime: 2.4
32850.0/36500.0 days/days; walltime: 1.9
34675.0/36500.0 days/days; walltime: 1.8
36500.0/36500.0 days/days; walltime: 3.5
Wallclock for model run: 1510.7s
 

fields = 

  struct with fields:

    nodes: [1x1 struct]
    edges: [1x1 struct]
       BC: [1x1 struct]

Running model run (ode15s):
Run seasonal
Saving model run to
./RUN/output_002_seasonal.nc
IC initialised from struct
IC initialised from file/given & rest from parameters and given functions
36500.0/37230.0 days/days; walltime: 15.0
36501.0/37230.0 days/days; walltime: 98.6
36502.0/37230.0 days/days; walltime: 5.3
36503.0/37230.0 days/days; walltime: 6.6
36504.0/37230.0 days/days; walltime: 4.4
36505.0/37230.0 days/days; walltime: 6.7
36506.0/37230.0 days/days; walltime: 4.3
36507.0/37230.0 days/days; walltime: 2.8
36508.0/37230.0 days/days; walltime: 2.3
36509.0/37230.0 days/days; walltime: 2.2
36510.0/37230.0 days/days; walltime: 3.3
36511.0/37230.0 days/days; walltime: 1.3
36512.0/37230.0 days/days; walltime: 1.3
36513.0/37230.0 days/days; walltime: 0.9
36514.0/37230.0 days/days; walltime: 1.5
36515.0/37230.0 days/days; walltime: 1.5
36516.0/37230.0 days/days; walltime: 7.6
36517.0/37230.0 days/days; walltime: 0.9
36518.0/37230.0 days/days; walltime: 1.1
36519.0/37230.0 days/days; walltime: 0.8
36520.0/37230.0 days/days; walltime: 0.8
36521.0/37230.0 days/days; walltime: 0.7
36522.0/37230.0 days/days; walltime: 0.9
36523.0/37230.0 days/days; walltime: 0.6
36524.0/37230.0 days/days; walltime: 2.2
36525.0/37230.0 days/days; walltime: 0.8
36526.0/37230.0 days/days; walltime: 0.6
36527.0/37230.0 days/days; walltime: 0.6
36528.0/37230.0 days/days; walltime: 0.6
36529.0/37230.0 days/days; walltime: 0.4
36530.0/37230.0 days/days; walltime: 0.6
36531.0/37230.0 days/days; walltime: 0.4
36532.0/37230.0 days/days; walltime: 0.5
36533.0/37230.0 days/days; walltime: 0.5
36534.0/37230.0 days/days; walltime: 0.3
36535.0/37230.0 days/days; walltime: 0.5
36536.0/37230.0 days/days; walltime: 1.9
36537.0/37230.0 days/days; walltime: 0.3
36538.0/37230.0 days/days; walltime: 0.3
36539.0/37230.0 days/days; walltime: 0.3
36540.0/37230.0 days/days; walltime: 0.3
36541.0/37230.0 days/days; walltime: 0.3
36542.0/37230.0 days/days; walltime: 0.3
36543.0/37230.0 days/days; walltime: 0.3
36544.0/37230.0 days/days; walltime: 0.3
36545.0/37230.0 days/days; walltime: 0.3
-36546.0/37230.0 days/days; walltime: 0.3
36547.0/37230.0 days/days; walltime: 0.3
-36548.0/37230.0 days/days; walltime: 0.3
-36549.0/37230.0 days/days; walltime: 0.1
-36550.0/37230.0 days/days; walltime: 0.3
36551.0/37230.0 days/days; walltime: 0.3
36552.0/37230.0 days/days; walltime: 0.3
36553.0/37230.0 days/days; walltime: 0.4
36554.0/37230.0 days/days; walltime: 0.2
36555.0/37230.0 days/days; walltime: 0.3
36556.0/37230.0 days/days; walltime: 0.3
36557.0/37230.0 days/days; walltime: 0.1
36558.0/37230.0 days/days; walltime: 0.4
36559.0/37230.0 days/days; walltime: 0.3
36560.0/37230.0 days/days; walltime: 0.1
36561.0/37230.0 days/days; walltime: 1.8
36562.0/37230.0 days/days; walltime: 0.2
36563.0/37230.0 days/days; walltime: 0.1
36564.0/37230.0 days/days; walltime: 0.2
36565.0/37230.0 days/days; walltime: 0.3
36566.0/37230.0 days/days; walltime: 0.1
36567.0/37230.0 days/days; walltime: 0.3
36568.0/37230.0 days/days; walltime: 0.1
36569.0/37230.0 days/days; walltime: 0.2
36570.0/37230.0 days/days; walltime: 0.1
36571.0/37230.0 days/days; walltime: 0.3
36572.0/37230.0 days/days; walltime: 0.2
36573.0/37230.0 days/days; walltime: 0.1
36574.0/37230.0 days/days; walltime: 0.2
36575.0/37230.0 days/days; walltime: 0.1
36576.0/37230.0 days/days; walltime: 0.2
36577.0/37230.0 days/days; walltime: 0.1
36578.0/37230.0 days/days; walltime: 0.3
-36579.0/37230.0 days/days; walltime: 0.0
36580.0/37230.0 days/days; walltime: 0.2
-36581.0/37230.0 days/days; walltime: 0.1
-36582.0/37230.0 days/days; walltime: 0.2
-36583.0/37230.0 days/days; walltime: 0.1
---36584.0/37230.0 days/days; walltime: 0.2
-36585.0/37230.0 days/days; walltime: 0.1
---36586.0/37230.0 days/days; walltime: 0.2
-36587.0/37230.0 days/days; walltime: 0.1
-36588.0/37230.0 days/days; walltime: 0.0
--36589.0/37230.0 days/days; walltime: 0.2
-36590.0/37230.0 days/days; walltime: 0.1
--36591.0/37230.0 days/days; walltime: 0.2
-36592.0/37230.0 days/days; walltime: 0.0
---36593.0/37230.0 days/days; walltime: 0.2
-36594.0/37230.0 days/days; walltime: 0.1
-36595.0/37230.0 days/days; walltime: 0.0
---36596.0/37230.0 days/days; walltime: 0.2
36597.0/37230.0 days/days; walltime: 0.0
---36598.0/37230.0 days/days; walltime: 0.2
--36599.0/37230.0 days/days; walltime: 0.1
-36600.0/37230.0 days/days; walltime: 0.0
---36601.0/37230.0 days/days; walltime: 0.2
-36602.0/37230.0 days/days; walltime: 0.0
---36603.0/37230.0 days/days; walltime: 0.2
-36604.0/37230.0 days/days; walltime: 0.0
--36605.0/37230.0 days/days; walltime: 0.1
--36606.0/37230.0 days/days; walltime: 0.2
--36607.0/37230.0 days/days; walltime: 0.1
-36608.0/37230.0 days/days; walltime: 0.0
--36609.0/37230.0 days/days; walltime: 0.2
--36610.0/37230.0 days/days; walltime: 0.1
-36611.0/37230.0 days/days; walltime: 0.0
---36612.0/37230.0 days/days; walltime: 0.2
-36613.0/37230.0 days/days; walltime: 0.0
-36614.0/37230.0 days/days; walltime: 0.0
-----36615.0/37230.0 days/days; walltime: 0.4
--------------------------------------------------------------------------------------------36616.0/37230.0 days/days; walltime: 4.6
---------------------------------------------------------------------------------------36617.0/37230.0 days/days; walltime: 4.2
----------------------------------------------------------------------------------------------36618.0/37230.0 days/days; walltime: 5.1
-------------------------------------------------------------------------------------------36619.0/37230.0 days/days; walltime: 4.7
------------------------------------------------------------------------------------------------------------------------------------------------------------------------------------------------36620.0/37230.0 days/days; walltime: 10.9
------------------------------------------------------------------------------------------------------------------------------------------------------------------------------------------------------------------------------------------------------36621.0/37230.0 days/days; walltime: 13.3
----------------------------------------------------------------------------------------------------------------------------------------------------------------------------------------------------------------------------------------------------------------------------------------------------------------------------------------------------------------------------------------------------------------------------36622.0/37230.0 days/days; walltime: 22.3
----------------------------------------------------------------------------------------------------------------------------------------------------------------------------------------------------------------------------------------------------------------------------------------------------------------------------------------------------------------------------------------------------------------------------------------------------------------36623.0/37230.0 days/days; walltime: 24.2
---------------------------------------------------------------------------------------------------------------------------------------------------------------------------------------------------------------------------------------------------------------------------------------------------------------------------------------------------------------------------------------------------------------------------------------------------------------------------------------------------------------------------------------------------------------------------------------------------------------------------------------------------------------------------------------------------36624.0/37230.0 days/days; walltime: 36.1
-----------------------------------------------------------------------------------------------------------------------------------------------------------------------------------------------------------------------------------------------------------------------------------------------------------------------------------------------------------------------------------------------------------------------------------------------------------------------------------------------------------------------------------36625.0/37230.0 days/days; walltime: 28.6
----------------------------------------------------------------------------------------------------------------------------------------------------------------------------------------------------------------------------------------------------------------------------------------------------------------------------------------------------------------------------------------------------------------------------------------------------------------------------------------------------------------------------------------------------36626.0/37230.0 days/days; walltime: 28.7
-------------------------------------------------------------------------------------------------------------------------------------------------------------------------------------------------------------------------------------------------------------------------------------------------------------------------------------------------------------------------------------------------------------------------------------------------------------------------------------------------------------------------------------------------------------------------------------------------------------------------------------------------------------------------------------------------------------------------------------------------------------------------------------------36627.0/37230.0 days/days; walltime: 39.8
-------------------------------------------------------------------------------------------------------------------------------------------------------------------------------------------------------------------------------------------------------------------------------------------------------------------------------------------------------------------------------------------------------------------------------------------------------------------------------------------------------------------------------------------------------------------------------------------------------------------------------------------------------------------------------------------------------------------------------------------------------------------------------------------------------------------------------------------------------------------------------------------------------------------------------------------------------------------------------------------------------------36628.0/37230.0 days/days; walltime: 51.8
-----------------------------------------------------------------------------------------------------------------------------------------------------------------------------------------------------------------------------------------------------------------------------------------------------------------------------------------------------------------------------------------------------------------------------------------------------------------------------------------------------------------------------------------------------------------------------------------------------------------------------------------------------------------------------------------------------------------------------------------------------------------------------------------------------------------------------------------------------------------------------------------------------------------------36629.0/37230.0 days/days; walltime: 45.0
----------------------------------------------------------------------------------------------------------------------------------------------------------------------------------------------------------------------------------------------------------------------------------------------------------------------------------------------------------------------------------------------------------------------------------------------------------------------------------------------------------------------------------------------------------------------------------------------------------------------------------------------------------------------------------------------------------------------------------------------------------------------------------------------------------------------------------------------------------------------------------------------------------------------------------------------------------------------------------------------------------36630.0/37230.0 days/days; walltime: 49.9
--------------------------------------------------------------------------------------------------------------------------------------------------------------------------------------------------------------------------------------------------------------------------------------------------------------------------------------------------------------------------------------------------------------------------------------------------------------------------------------------------------------------------------------------------------------------------------------------------------------------------------------------------------------------------------------------------------------------------------------------------------------------------------------------------------------------------------------------------------------------------------------------------------------------------36631.0/37230.0 days/days; walltime: 44.6
---------------------------------------------------------------------------------------------------------------------------------------------------------------------------------------------------------------------------------------------------------------------------------------------------------------------------------------------------------------------------------------------------------------------------------------------------------------------------------------------------------------------------------------------------------------------------------------------------------------------------------------------------------------------------------------------------------------------------------36632.0/37230.0 days/days; walltime: 36.0
-----------------------------------------------------------------------------------------------------------------------------------------------------------------------------------------------------------------------------------------------------------------------------------------------------------------------------------------------------------------------------------------------------------------------------------------------------------------------------------------------------------------------------------------------------------------------------------------------------------------------------------------------------------------------------------------------------------------------------------------------------------------------------------------------------------------------------------------------------------------------------------------------------------------------------------------36633.0/37230.0 days/days; walltime: 45.3
----------------------------------------------------------------------------------------------------------------------------------------------------------------------------------------------------------------------------------------------------------------------------------------------------------------------------------------------------------------------------------------------------------------------------------------------------------------------------------------------------------------------------------------------------------------------------------------------------------------------------------------------------------------------------------------------------------------------------------------------------------------------------------------------------------------------------------------------------------------------36634.0/37230.0 days/days; walltime: 41.2
-----------------------------------------------------------------------------------------------------------------------------------------------------------------------------------------------------------------------------------------------------------------------------------------------------------------------------------------------------------------------------------------------------------------------------------------------------------------------------------------------------------------------------------------------------------------------------------------------------------------------------------------------------------------------------------------------------------------------------------------------------------------------------------------------------------------------------------------------36635.0/37230.0 days/days; walltime: 41.9
------------------------------------------------------------------------------------------------------------------------------------------------------------------------------------------------------------------------------------------------------------------------------------------------------------------------------------------------------------------------------------------------------------------------------------------------------------------------------------------------------------------------------------------------------------------------------------------------------------------------------------------------------------------------------------------------------------------------------------------------------------------------------------------------------------------------------------------------------------------------------------------------36636.0/37230.0 days/days; walltime: 42.5
--------------------------------------------------------------------------------------------------------------------------------------------------------------------------------------------------------------------------------------------------------------------------------------------------------------------------------------------------------------------------------------------------------------------------------------------------------------------------------------------------------------------------------------------------------------------------------------------------------------------------------------------------------------------------------------------------------------------------------------------------------------------------------------------------------------------------------------------------------------------------------------------------------------------------------------------------36637.0/37230.0 days/days; walltime: 47.7
------------------------------------------------------------------------------------------------------------------------------------------------------------------------------------------------------------------------------------------------------------------------------------------------------------------------------------------------------------------------------------------------------------------------------------------------------------------------------------------------------------------------------------------------------------------------------------------------------------------------------------------------------------------------------------------------------------------------------------------------------------------------------------------------------------------------------------36638.0/37230.0 days/days; walltime: 40.0
--------